<?xml version="1.0" encoding="utf-8"?>
<TestRun xmlns="http://microsoft.com/schemas/VisualStudio/TeamTest/2010">
  <Times creation="2024-01-04T16:52:05.2948549-05:00" queuing="2024-01-04T16:52:05.2948554-05:00" start="2024-01-04T16:52:03.1704039-05:00" finish="2024-01-25T17:13:03.4072651-05:00" />
  <Results >
    <UnitTestResult executionId="0acce66f-758d-450e-b1bf-a5a669602a24" testId="6e40d08d-5283-ed81-5042-cf4b25b8a9b0" testName="AddResultTest_Object_WithFileNameAndChangeExtension" computerName="DESKTOP-3FN5V33" duration="00:00:00.0070112" startTime="2024-01-25T17:12:45.6722122-05:00" endTime="2024-01-25T17:12:45.6798265-05:00" testType="13cdc9d9-ddb5-4fa4-a97d-d965ccfc6d4b" outcome="Passed" testListId="8c84fa94-04c1-424b-9868-57a2d4851a1d" relativeResultsDirectory="0acce66f-758d-450e-b1bf-a5a669602a24" xmlns="http://microsoft.com/schemas/VisualStudio/TeamTest/2010">
      <Output>
        <StdOut>TestContext Messages:
TestFileName-TextContextExtensionsTests_AddResultTest_Object_WithFileNameAndChangeExtension(130)-638417995656730746.html: Attached</StdOut>
      </Output>
      <ResultFiles>
        <ResultFile path="DESKTOP-3FN5V33\TestFileName-TextContextExtensionsTests_AddResultTest_Object_WithFileNameAndChangeExtension(130)-638417995656730746.html" />
      </ResultFiles>
    </UnitTestResult>
    <UnitTestResult executionId="4493d6bb-9031-4f7e-bfd3-b75e1ac6eaff" testId="94603f64-5739-e688-dcfd-6687308b4a9a" testName="AddResultTest_Object_WithFileNameRemoveExtension" computerName="DESKTOP-3FN5V33" duration="00:00:00.0040234" startTime="2024-01-25T17:12:45.6825316-05:00" endTime="2024-01-25T17:12:45.6871661-05:00" testType="13cdc9d9-ddb5-4fa4-a97d-d965ccfc6d4b" outcome="Passed" testListId="8c84fa94-04c1-424b-9868-57a2d4851a1d" relativeResultsDirectory="4493d6bb-9031-4f7e-bfd3-b75e1ac6eaff" xmlns="http://microsoft.com/schemas/VisualStudio/TeamTest/2010">
      <Output>
        <StdOut>TestContext Messages:
TestFileName-TextContextExtensionsTests_AddResultTest_Object_WithFileNameRemoveExtension(150)-638417995656832929: Attached</StdOut>
      </Output>
      <ResultFiles>
        <ResultFile path="DESKTOP-3FN5V33\TestFileName-TextContextExtensionsTests_AddResultTest_Object_WithFileNameRemoveExtension(150)-638417995656832929" />
      </ResultFiles>
    </UnitTestResult>
    <UnitTestResult executionId="e7787669-8be0-41b2-8f60-1d4e09db1ac5" testId="5bb4fd62-5d31-f92e-3aec-4b3c222ba16c" testName="GetTestDataAsyncTest_String" computerName="DESKTOP-3FN5V33" duration="00:00:00.0059567" startTime="2024-01-25T17:12:46.4242850-05:00" endTime="2024-01-25T17:12:46.4305731-05:00" testType="13cdc9d9-ddb5-4fa4-a97d-d965ccfc6d4b" outcome="Passed" testListId="8c84fa94-04c1-424b-9868-57a2d4851a1d" relativeResultsDirectory="e7787669-8be0-41b2-8f60-1d4e09db1ac5" xmlns="http://microsoft.com/schemas/VisualStudio/TeamTest/2010" />
    <UnitTestResult executionId="3e2ddb6b-ca65-49fb-9474-1202b8ac2776" testId="4756cbfe-51aa-abcc-147f-e97a51057db5" testName="AddResultTest_Object_WithFileNameNoExtension" computerName="DESKTOP-3FN5V33" duration="00:00:00.0112544" startTime="2024-01-25T17:12:45.6343407-05:00" endTime="2024-01-25T17:12:45.6463173-05:00" testType="13cdc9d9-ddb5-4fa4-a97d-d965ccfc6d4b" outcome="Passed" testListId="8c84fa94-04c1-424b-9868-57a2d4851a1d" relativeResultsDirectory="3e2ddb6b-ca65-49fb-9474-1202b8ac2776" xmlns="http://microsoft.com/schemas/VisualStudio/TeamTest/2010">
      <Output>
        <StdOut>TestContext Messages:
TestFileName-TextContextExtensionsTests_AddResultTest_Object_WithFileNameNoExtension(90)-638417995656352606.json: Attached</StdOut>
      </Output>
      <ResultFiles>
        <ResultFile path="DESKTOP-3FN5V33\TestFileName-TextContextExtensionsTests_AddResultTest_Object_WithFileNameNoExtension(90)-638417995656352606.json" />
      </ResultFiles>
    </UnitTestResult>
    <UnitTestResult executionId="13c35fe1-1c3b-400d-9abe-8d55f473d6c9" testId="b14f6909-8be4-5d0a-1d4e-766cb1e4abd6" testName="GetTestDataAsyncTest" computerName="DESKTOP-3FN5V33" duration="00:00:00.5911603" startTime="2024-01-25T17:12:45.8214036-05:00" endTime="2024-01-25T17:12:46.4129448-05:00" testType="13cdc9d9-ddb5-4fa4-a97d-d965ccfc6d4b" outcome="Passed" testListId="8c84fa94-04c1-424b-9868-57a2d4851a1d" relativeResultsDirectory="13c35fe1-1c3b-400d-9abe-8d55f473d6c9" xmlns="http://microsoft.com/schemas/VisualStudio/TeamTest/2010" />
    <UnitTestResult executionId="7b271cca-9263-4c7c-836c-c1dbd82fa85f" testId="419ef0dc-c4eb-bdc4-db64-68fe0fa43397" testName="AddResultTest_Object" computerName="DESKTOP-3FN5V33" duration="00:00:00.6216845" startTime="2024-01-25T17:12:44.6976345-05:00" endTime="2024-01-25T17:12:45.5656585-05:00" testType="13cdc9d9-ddb5-4fa4-a97d-d965ccfc6d4b" outcome="Passed" testListId="8c84fa94-04c1-424b-9868-57a2d4851a1d" relativeResultsDirectory="7b271cca-9263-4c7c-836c-c1dbd82fa85f" xmlns="http://microsoft.com/schemas/VisualStudio/TeamTest/2010">
      <Output>
        <StdOut>TestContext Messages:
TestData-TextContextExtensionsTests_AddResultTest_Object(30)-638417995654875828.json: Attached</StdOut>
      </Output>
      <ResultFiles>
        <ResultFile path="DESKTOP-3FN5V33\TestData-TextContextExtensionsTests_AddResultTest_Object(30)-638417995654875828.json" />
      </ResultFiles>
    </UnitTestResult>
    <UnitTestResult executionId="c131e94a-45de-459c-8107-6de39be9d243" testId="8aec3498-0c1a-9091-2458-51d1c67933bf" testName="AddResultTest_Json" computerName="DESKTOP-3FN5V33" duration="00:00:00.0261726" startTime="2024-01-25T17:12:45.7308429-05:00" endTime="2024-01-25T17:12:45.7575091-05:00" testType="13cdc9d9-ddb5-4fa4-a97d-d965ccfc6d4b" outcome="Passed" testListId="8c84fa94-04c1-424b-9868-57a2d4851a1d" relativeResultsDirectory="c131e94a-45de-459c-8107-6de39be9d243" xmlns="http://microsoft.com/schemas/VisualStudio/TeamTest/2010">
      <Output>
        <StdOut>TestContext Messages:
JObject-TextContextExtensionsTests_AddResultTest_Json(190)-638417995657319812.json: Attached</StdOut>
      </Output>
      <ResultFiles>
        <ResultFile path="DESKTOP-3FN5V33\JObject-TextContextExtensionsTests_AddResultTest_Json(190)-638417995657319812.json" />
      </ResultFiles>
    </UnitTestResult>
    <UnitTestResult executionId="f7ffb77d-cf97-41ef-ab1a-c41f400cf4bb" testId="09f85366-159b-5dce-cdaa-bbbd3e98347c" testName="GetTestDataAsyncTest_Stream" computerName="DESKTOP-3FN5V33" duration="00:00:00.0122677" startTime="2024-01-25T17:12:46.4316453-05:00" endTime="2024-01-25T17:12:46.4459183-05:00" testType="13cdc9d9-ddb5-4fa4-a97d-d965ccfc6d4b" outcome="Passed" testListId="8c84fa94-04c1-424b-9868-57a2d4851a1d" relativeResultsDirectory="f7ffb77d-cf97-41ef-ab1a-c41f400cf4bb" xmlns="http://microsoft.com/schemas/VisualStudio/TeamTest/2010" />
    <UnitTestResult executionId="dbec80d6-0b1d-4eaa-b782-2e4b7efad0b8" testId="bb6d8621-db33-2366-8e82-a87beebdef19" testName="AddResultTest_Stream" computerName="DESKTOP-3FN5V33" duration="00:00:00.0167938" startTime="2024-01-25T17:12:45.7111228-05:00" endTime="2024-01-25T17:12:45.7284390-05:00" testType="13cdc9d9-ddb5-4fa4-a97d-d965ccfc6d4b" outcome="Passed" testListId="8c84fa94-04c1-424b-9868-57a2d4851a1d" relativeResultsDirectory="dbec80d6-0b1d-4eaa-b782-2e4b7efad0b8" xmlns="http://microsoft.com/schemas/VisualStudio/TeamTest/2010">
      <Output>
        <StdOut>TestContext Messages:
MemoryStream-TextContextExtensionsTests_AddResultTest_Stream(170)-638417995657118881.bin: Attached</StdOut>
      </Output>
      <ResultFiles>
        <ResultFile path="DESKTOP-3FN5V33\MemoryStream-TextContextExtensionsTests_AddResultTest_Stream(170)-638417995657118881.bin" />
      </ResultFiles>
    </UnitTestResult>
    <UnitTestResult executionId="febe99de-d96a-45b3-901c-742c349d3dbb" testId="ed2eb3a8-9a8f-8428-0d0a-7e6a2f6200e2" testName="AddResultTest_Lines" computerName="DESKTOP-3FN5V33" duration="00:00:00.0049512" startTime="2024-01-25T17:12:45.6261406-05:00" endTime="2024-01-25T17:12:45.6316459-05:00" testType="13cdc9d9-ddb5-4fa4-a97d-d965ccfc6d4b" outcome="Passed" testListId="8c84fa94-04c1-424b-9868-57a2d4851a1d" relativeResultsDirectory="febe99de-d96a-45b3-901c-742c349d3dbb" xmlns="http://microsoft.com/schemas/VisualStudio/TeamTest/2010">
      <Output>
        <StdOut>TestContext Messages:
String[]-TextContextExtensionsTests_AddResultTest_Lines(70)-638417995656268344.txt: Attached</StdOut>
      </Output>
      <ResultFiles>
        <ResultFile path="DESKTOP-3FN5V33\String[]-TextContextExtensionsTests_AddResultTest_Lines(70)-638417995656268344.txt" />
      </ResultFiles>
    </UnitTestResult>
    <UnitTestResult executionId="acbff6c5-a55b-42a6-8678-0e74b9d2590c" testId="bfc7f80f-e281-5816-dc57-387e099d2a10" testName="AddResultTest_Object_WithFileNameAndExtension" computerName="DESKTOP-3FN5V33" duration="00:00:00.0156625" startTime="2024-01-25T17:12:45.6533080-05:00" endTime="2024-01-25T17:12:45.6697788-05:00" testType="13cdc9d9-ddb5-4fa4-a97d-d965ccfc6d4b" outcome="Passed" testListId="8c84fa94-04c1-424b-9868-57a2d4851a1d" relativeResultsDirectory="acbff6c5-a55b-42a6-8678-0e74b9d2590c" xmlns="http://microsoft.com/schemas/VisualStudio/TeamTest/2010">
      <Output>
        <StdOut>TestContext Messages:
TestFileName-TextContextExtensionsTests_AddResultTest_Object_WithFileNameAndExtension(110)-638417995656542270.txt: Attached</StdOut>
      </Output>
      <ResultFiles>
        <ResultFile path="DESKTOP-3FN5V33\TestFileName-TextContextExtensionsTests_AddResultTest_Object_WithFileNameAndExtension(110)-638417995656542270.txt" />
      </ResultFiles>
    </UnitTestResult>
    <UnitTestResult executionId="da85f658-0a99-476a-9cc5-15d4adebbddb" testId="726abc2c-502d-4a5c-e2c7-073f21d793da" testName="AddResultFileTest_FileContentOutFile" computerName="DESKTOP-3FN5V33" duration="00:00:00.0024981" startTime="2024-01-25T17:12:45.8167855-05:00" endTime="2024-01-25T17:12:45.8196555-05:00" testType="13cdc9d9-ddb5-4fa4-a97d-d965ccfc6d4b" outcome="Passed" testListId="8c84fa94-04c1-424b-9868-57a2d4851a1d" relativeResultsDirectory="da85f658-0a99-476a-9cc5-15d4adebbddb" xmlns="http://microsoft.com/schemas/VisualStudio/TeamTest/2010">
      <Output>
        <StdOut>TestContext Messages:
c:\Repos\Nucleus\Net.Libs\TestResults\Deploy_MWhited 20240125T171244[1]\In\DESKTOP-3FN5V33\test-file.txt</StdOut>
      </Output>
      <ResultFiles>
        <ResultFile path="DESKTOP-3FN5V33\test-file.txt" />
      </ResultFiles>
    </UnitTestResult>
    <UnitTestResult executionId="41d61e73-2828-41fe-a5fd-64bcdef9d1b9" testId="35da343a-5826-ac4c-688a-c2bbf7572a30" testName="AddResultTest_ValueOutFile" computerName="DESKTOP-3FN5V33" duration="00:00:00.0038617" startTime="2024-01-25T17:12:45.8003482-05:00" endTime="2024-01-25T17:12:45.8058918-05:00" testType="13cdc9d9-ddb5-4fa4-a97d-d965ccfc6d4b" outcome="Passed" testListId="8c84fa94-04c1-424b-9868-57a2d4851a1d" relativeResultsDirectory="41d61e73-2828-41fe-a5fd-64bcdef9d1b9" xmlns="http://microsoft.com/schemas/VisualStudio/TeamTest/2010">
      <Output>
        <StdOut>TestContext Messages:
TestData-TextContextExtensionsTests_AddResultTest_ValueOutFile(210)-638417995658022172.json: Attached
c:\Repos\Nucleus\Net.Libs\TestResults\Deploy_MWhited 20240125T171244[1]\In\DESKTOP-3FN5V33\TestData-TextContextExtensionsTests_AddResultTest_ValueOutFile(210)-638417995658022172.json</StdOut>
      </Output>
      <ResultFiles>
        <ResultFile path="DESKTOP-3FN5V33\TestData-TextContextExtensionsTests_AddResultTest_ValueOutFile(210)-638417995658022172.json" />
      </ResultFiles>
    </UnitTestResult>
    <UnitTestResult executionId="edf66979-b191-46f8-ad5b-c9af59acfbf4" testId="de980556-11bb-d6e9-c03a-e5592a3218d5" testName="AddResultTest_String" computerName="DESKTOP-3FN5V33" duration="00:00:00.0282714" startTime="2024-01-25T17:12:45.5935023-05:00" endTime="2024-01-25T17:12:45.6224420-05:00" testType="13cdc9d9-ddb5-4fa4-a97d-d965ccfc6d4b" outcome="Passed" testListId="8c84fa94-04c1-424b-9868-57a2d4851a1d" relativeResultsDirectory="edf66979-b191-46f8-ad5b-c9af59acfbf4" xmlns="http://microsoft.com/schemas/VisualStudio/TeamTest/2010">
      <Output>
        <StdOut>TestContext Messages:
String-TextContextExtensionsTests_AddResultTest_String(50)-638417995655942720.txt: Attached</StdOut>
      </Output>
      <ResultFiles>
        <ResultFile path="DESKTOP-3FN5V33\String-TextContextExtensionsTests_AddResultTest_String(50)-638417995655942720.txt" />
      </ResultFiles>
    </UnitTestResult>
    <UnitTestResult executionId="61c0a58e-73fc-47ee-8be7-13ce03946440" testId="4173abf6-6eee-31f5-7205-ad46c7104d49" testName="AddResultFileTest_FileContent" computerName="DESKTOP-3FN5V33" duration="00:00:00.0058133" startTime="2024-01-25T17:12:45.8087445-05:00" endTime="2024-01-25T17:12:45.8151758-05:00" testType="13cdc9d9-ddb5-4fa4-a97d-d965ccfc6d4b" outcome="Passed" testListId="8c84fa94-04c1-424b-9868-57a2d4851a1d" relativeResultsDirectory="61c0a58e-73fc-47ee-8be7-13ce03946440" xmlns="http://microsoft.com/schemas/VisualStudio/TeamTest/2010">
      <ResultFiles>
        <ResultFile path="DESKTOP-3FN5V33\test-file.txt" />
      </ResultFiles>
    </UnitTestResult>
    <UnitTestResult executionId="51c2187f-d395-413c-aef0-ce00d213c730" testId="01e51d56-c992-5e2d-f6ea-cf3f1977a589" testName="GetTestDataAsyncTest_Targeted" computerName="DESKTOP-3FN5V33" duration="00:00:00.0078489" startTime="2024-01-25T17:12:46.4148744-05:00" endTime="2024-01-25T17:12:46.4231589-05:00" testType="13cdc9d9-ddb5-4fa4-a97d-d965ccfc6d4b" outcome="Passed" testListId="8c84fa94-04c1-424b-9868-57a2d4851a1d" relativeResultsDirectory="51c2187f-d395-413c-aef0-ce00d213c730" xmlns="http://microsoft.com/schemas/VisualStudio/TeamTest/2010" />
    <UnitTestResult executionId="5af1b04b-35fe-47c9-9938-43d2648055a7" testId="cafd6058-6aab-9d1f-69ad-4c9f56040de6" testName="ToEnumTest (Val2,Val1,Val1, Val2)" computerName="DESKTOP-3FN5V33" duration="00:00:00.0000540" startTime="2024-01-25T17:12:47.7586439-05:00" endTime="2024-01-25T17:12:47.7623094-05:00" testType="13cdc9d9-ddb5-4fa4-a97d-d965ccfc6d4b" outcome="Passed" testListId="8c84fa94-04c1-424b-9868-57a2d4851a1d" relativeResultsDirectory="5af1b04b-35fe-47c9-9938-43d2648055a7" xmlns="http://microsoft.com/schemas/VisualStudio/TeamTest/2010" />
    <UnitTestResult executionId="a8a50ed7-efd8-443c-9e29-24d2caac2081" testId="2e0c9851-0485-aa3c-d24f-7fccd80074f4" testName="ToEnumTest (Val2,Val2)" computerName="DESKTOP-3FN5V33" duration="00:00:00.0000405" startTime="2024-01-25T17:12:47.7552674-05:00" endTime="2024-01-25T17:12:47.7558031-05:00" testType="13cdc9d9-ddb5-4fa4-a97d-d965ccfc6d4b" outcome="Passed" testListId="8c84fa94-04c1-424b-9868-57a2d4851a1d" relativeResultsDirectory="a8a50ed7-efd8-443c-9e29-24d2caac2081" xmlns="http://microsoft.com/schemas/VisualStudio/TeamTest/2010" />
    <UnitTestResult executionId="6386ab09-339a-4976-ba26-255ff3b5835c" testId="67b6a854-1fe4-5528-77d6-501bd90b9a20" testName="GetShortTypeNameTests (Eliassen.System.Tests.Reflection.ReflectionExtensionsTests,Eliassen.System.Tests.Reflection.ReflectionExtensionsTests, Eliassen.System.Tests)" computerName="DESKTOP-3FN5V33" duration="00:00:00.0003351" startTime="2024-01-25T17:12:48.0426688-05:00" endTime="2024-01-25T17:12:48.0439550-05:00" testType="13cdc9d9-ddb5-4fa4-a97d-d965ccfc6d4b" outcome="Passed" testListId="8c84fa94-04c1-424b-9868-57a2d4851a1d" relativeResultsDirectory="6386ab09-339a-4976-ba26-255ff3b5835c" xmlns="http://microsoft.com/schemas/VisualStudio/TeamTest/2010" />
    <UnitTestResult executionId="1205c8d9-b0c3-4d67-966e-4aa7ca1f3e90" testId="b6498f29-1231-5fcf-4954-1746daa0500d" testName="ExecuteByTest_Filter (Eliassen.System.Tests.Linq.TestTargets.TestTargetExtendedModel,DateTimeNullable,LessThan,2020-03-01T01:01:01.4356493+02:00,2,0,1)" computerName="DESKTOP-3FN5V33" duration="00:00:00.2921229" startTime="2024-01-25T17:12:48.1116413-05:00" endTime="2024-01-25T17:12:54.3206202-05:00" testType="13cdc9d9-ddb5-4fa4-a97d-d965ccfc6d4b" outcome="Passed" testListId="8c84fa94-04c1-424b-9868-57a2d4851a1d" relativeResultsDirectory="1205c8d9-b0c3-4d67-966e-4aa7ca1f3e90" xmlns="http://microsoft.com/schemas/VisualStudio/TeamTest/2010">
      <Output>
        <StdOut>Eliassen.System.Linq.ConsoleLogger`1[Eliassen.System.Linq.Search.QueryBuilder]:Information:&gt;
	Build query for CurrentPage: 0
PageSize: 0
ExcludePageCount: False
SearchTerm: (null)
	F:DateTimeNullable: LessThan: 2020-03-01T01:01:01.4356493+02:00

Eliassen.System.Linq.ConsoleLogger`1[Eliassen.System.Linq.Search.SortBuilder`1[Eliassen.System.Tests.Linq.TestTargets.TestTargetExtendedModel]]:Information:&gt;
	Applying default sort for Eliassen.System.Tests.Linq.TestTargets.TestTargetExtendedModel: (Index, Ascending)
Eliassen.System.Linq.ConsoleLogger`1[Eliassen.System.Linq.Search.QueryBuilder]:Information:&gt;
	Execute (paged): System.Linq.Enumerable+SelectRangeIterator`1[Eliassen.System.Tests.Linq.TestTargets.TestTargetExtendedModel].Where(n =&gt; (n.DateTimeNullable &lt; Convert(2/29/2020 6:01:01 PM, Nullable`1))).OrderBy(n =&gt; Convert(n.Index, Object)).Skip(0).Take(10)



TestContext Messages:
SearchQuery-QueryableExtensionsTests_ExecuteByTestFilter(142)-638417995711804325.json: Attached
EnumerableQuery_1-QueryableExtensionsTests_ExecuteByTestFilter(144)-638417995711873965.json: Attached
PagedQueryResult_1-QueryableExtensionsTests_ExecuteByTestFilter(146)-638417995714619824.json: Attached
resultKeys: 0,1</StdOut>
        <StdErr>Eliassen.System.Linq.ConsoleLogger`1[Eliassen.System.Linq.Expressions.ExpressionTreeBuilder`1[Eliassen.System.Tests.Linq.TestTargets.TestTargetExtendedModel]]:Warning:&gt;
	2020-03-01T01:01:01.4356493+02:00 parsed to 02/29/2020 18:01:01 (System.DateTime)</StdErr>
      </Output>
      <ResultFiles>
        <ResultFile path="DESKTOP-3FN5V33\EnumerableQuery_1-QueryableExtensionsTests_ExecuteByTestFilter(144)-638417995711873965.json" />
        <ResultFile path="DESKTOP-3FN5V33\PagedQueryResult_1-QueryableExtensionsTests_ExecuteByTestFilter(146)-638417995714619824.json" />
        <ResultFile path="DESKTOP-3FN5V33\SearchQuery-QueryableExtensionsTests_ExecuteByTestFilter(142)-638417995711804325.json" />
      </ResultFiles>
    </UnitTestResult>
    <UnitTestResult executionId="f44ef825-89ea-40fe-98cc-bb4155732189" testId="e350703c-47df-56f0-b995-a52c38b53eca" testName="MakeSafeTest (System.Nullable`1[System.AttributeTargets],Enum,Enum)" computerName="DESKTOP-3FN5V33" duration="00:00:00.0000038" startTime="2024-01-25T17:12:47.8288433-05:00" endTime="2024-01-25T17:12:48.0197243-05:00" testType="13cdc9d9-ddb5-4fa4-a97d-d965ccfc6d4b" outcome="Passed" testListId="8c84fa94-04c1-424b-9868-57a2d4851a1d" relativeResultsDirectory="f44ef825-89ea-40fe-98cc-bb4155732189" xmlns="http://microsoft.com/schemas/VisualStudio/TeamTest/2010" />
    <UnitTestResult executionId="287d2aa0-5656-4896-9784-20b5e978a9b2" testId="4bf38066-0bb2-757e-8a8e-3db6781b25d2" testName="ExecuteByTest_Sort (Name,Ascending,0,1,10,100,101,102,103,104,105,106)" computerName="DESKTOP-3FN5V33" duration="00:00:00.0181157" startTime="2024-01-25T17:12:56.6167674-05:00" endTime="2024-01-25T17:12:56.6356016-05:00" testType="13cdc9d9-ddb5-4fa4-a97d-d965ccfc6d4b" outcome="Passed" testListId="8c84fa94-04c1-424b-9868-57a2d4851a1d" relativeResultsDirectory="287d2aa0-5656-4896-9784-20b5e978a9b2" xmlns="http://microsoft.com/schemas/VisualStudio/TeamTest/2010">
      <Output>
        <StdOut>Eliassen.System.Linq.ConsoleLogger`1[Eliassen.System.Linq.Search.QueryBuilder]:Information:&gt;
	Build query for CurrentPage: 0
PageSize: 0
ExcludePageCount: False
SearchTerm: (null)
	S:Name: Ascending

Eliassen.System.Linq.ConsoleLogger`1[Eliassen.System.Linq.Search.QueryBuilder]:Information:&gt;
	Execute (paged): System.Linq.Enumerable+SelectRangeIterator`1[Eliassen.System.Tests.Linq.TestTargets.TestTargetModel].OrderBy(n =&gt; n.Name).Skip(0).Take(10)



TestContext Messages:
SearchQuery-QueryableExtensionsTests_ExecuteByTest_Sort(340)-638417995766173111.json: Attached
PagedQueryResult_1-QueryableExtensionsTests_ExecuteByTest_Sort(342)-638417995766306612.json: Attached</StdOut>
        <StdErr>Eliassen.System.Linq.ConsoleLogger`1[Eliassen.System.Linq.Search.QueryBuilder]:Warning:&gt;
	No filtering detected: System.Linq.Enumerable+SelectRangeIterator`1[Eliassen.System.Tests.Linq.TestTargets.TestTargetModel]: CurrentPage: 0
PageSize: 0
ExcludePageCount: False
SearchTerm: (null)
	S:Name: Ascending</StdErr>
      </Output>
      <ResultFiles>
        <ResultFile path="DESKTOP-3FN5V33\PagedQueryResult_1-QueryableExtensionsTests_ExecuteByTest_Sort(342)-638417995766306612.json" />
        <ResultFile path="DESKTOP-3FN5V33\SearchQuery-QueryableExtensionsTests_ExecuteByTest_Sort(340)-638417995766173111.json" />
      </ResultFiles>
    </UnitTestResult>
    <UnitTestResult executionId="3fefcdcb-7f67-42a8-8dae-9f0b0986694b" testId="0f7e3e16-777a-5558-36e8-70ed511d8dc2" testName="ToEnumTest (name2,WithMemberName)" computerName="DESKTOP-3FN5V33" duration="00:00:00.0004550" startTime="2024-01-25T17:12:47.8042280-05:00" endTime="2024-01-25T17:12:47.8051625-05:00" testType="13cdc9d9-ddb5-4fa4-a97d-d965ccfc6d4b" outcome="Passed" testListId="8c84fa94-04c1-424b-9868-57a2d4851a1d" relativeResultsDirectory="3fefcdcb-7f67-42a8-8dae-9f0b0986694b" xmlns="http://microsoft.com/schemas/VisualStudio/TeamTest/2010" />
    <UnitTestResult executionId="a2d98fbf-992d-44f6-9150-821ac3bd3bee" testId="e350703c-47df-56f0-b995-a52c38b53eca" testName="MakeSafeTest (System.Byte[],QUJD,System.Byte[])" computerName="DESKTOP-3FN5V33" duration="00:00:00.0027346" startTime="2024-01-25T17:12:47.8288433-05:00" endTime="2024-01-25T17:12:48.0197243-05:00" testType="13cdc9d9-ddb5-4fa4-a97d-d965ccfc6d4b" outcome="Passed" testListId="8c84fa94-04c1-424b-9868-57a2d4851a1d" relativeResultsDirectory="a2d98fbf-992d-44f6-9150-821ac3bd3bee" xmlns="http://microsoft.com/schemas/VisualStudio/TeamTest/2010" />
    <UnitTestResult executionId="8ec99568-7191-477c-b6e8-8cb5776a1b08" testId="f3383018-7bb0-86e7-cb57-311d72bf2f87" testName="GetFilterablePropertyNamesTest_TestTargetModel" computerName="DESKTOP-3FN5V33" duration="00:00:00.0044028" startTime="2024-01-25T17:12:56.6437440-05:00" endTime="2024-01-25T17:12:56.6509306-05:00" testType="13cdc9d9-ddb5-4fa4-a97d-d965ccfc6d4b" outcome="Passed" testListId="8c84fa94-04c1-424b-9868-57a2d4851a1d" relativeResultsDirectory="8ec99568-7191-477c-b6e8-8cb5776a1b08" xmlns="http://microsoft.com/schemas/VisualStudio/TeamTest/2010" />
    <UnitTestResult executionId="7fecb8ef-eee2-4a6e-a492-77ad5c74012d" testId="e350703c-47df-56f0-b995-a52c38b53eca" testName="MakeSafeTest (System.Decimal,1,1)" computerName="DESKTOP-3FN5V33" duration="00:00:00.0000144" startTime="2024-01-25T17:12:47.8288433-05:00" endTime="2024-01-25T17:12:48.0197243-05:00" testType="13cdc9d9-ddb5-4fa4-a97d-d965ccfc6d4b" outcome="Passed" testListId="8c84fa94-04c1-424b-9868-57a2d4851a1d" relativeResultsDirectory="7fecb8ef-eee2-4a6e-a492-77ad5c74012d" xmlns="http://microsoft.com/schemas/VisualStudio/TeamTest/2010" />
    <UnitTestResult executionId="2ff51e66-075d-4c06-ba9a-c3a71b177b7f" testId="2b082eef-4fa9-3b0c-8d19-b1f036cc7147" testName="ToEnumTest (3,Val1, Val2)" computerName="DESKTOP-3FN5V33" duration="00:00:00.0000151" startTime="2024-01-25T17:12:47.7843661-05:00" endTime="2024-01-25T17:12:47.7845742-05:00" testType="13cdc9d9-ddb5-4fa4-a97d-d965ccfc6d4b" outcome="Passed" testListId="8c84fa94-04c1-424b-9868-57a2d4851a1d" relativeResultsDirectory="2ff51e66-075d-4c06-ba9a-c3a71b177b7f" xmlns="http://microsoft.com/schemas/VisualStudio/TeamTest/2010" />
    <UnitTestResult executionId="4c0a4ffe-4e42-4e77-add2-2dd5e821b3e7" testId="67b6a854-1fe4-5528-77d6-501bd90b9a20" testName="GetShortTypeNameTests (System.String,System.String, System.Private.CoreLib)" computerName="DESKTOP-3FN5V33" duration="00:00:00.0003785" startTime="2024-01-25T17:12:48.0426688-05:00" endTime="2024-01-25T17:12:48.0439550-05:00" testType="13cdc9d9-ddb5-4fa4-a97d-d965ccfc6d4b" outcome="Passed" testListId="8c84fa94-04c1-424b-9868-57a2d4851a1d" relativeResultsDirectory="4c0a4ffe-4e42-4e77-add2-2dd5e821b3e7" xmlns="http://microsoft.com/schemas/VisualStudio/TeamTest/2010" />
    <UnitTestResult executionId="ebc548de-dccb-49fb-83cc-604d51a270c6" testId="63fad722-7037-7050-fa28-b32ff1a4ec2f" testName="GetResourceStreamTest_ByType" computerName="DESKTOP-3FN5V33" duration="00:00:00.0001662" startTime="2024-01-25T17:12:48.0520075-05:00" endTime="2024-01-25T17:12:48.0523938-05:00" testType="13cdc9d9-ddb5-4fa4-a97d-d965ccfc6d4b" outcome="Passed" testListId="8c84fa94-04c1-424b-9868-57a2d4851a1d" relativeResultsDirectory="ebc548de-dccb-49fb-83cc-604d51a270c6" xmlns="http://microsoft.com/schemas/VisualStudio/TeamTest/2010" />
    <UnitTestResult executionId="d2fe3096-1fd9-4535-b926-56aab8c563a1" testId="1c0197db-d7ab-18ba-d57c-a34403249bdb" testName="VisitTest_Equals (Hello,Hello,True)" computerName="DESKTOP-3FN5V33" duration="00:00:00.0032568" startTime="2024-01-25T17:12:56.6810301-05:00" endTime="2024-01-25T17:12:56.6852645-05:00" testType="13cdc9d9-ddb5-4fa4-a97d-d965ccfc6d4b" outcome="Passed" testListId="8c84fa94-04c1-424b-9868-57a2d4851a1d" relativeResultsDirectory="d2fe3096-1fd9-4535-b926-56aab8c563a1" xmlns="http://microsoft.com/schemas/VisualStudio/TeamTest/2010">
      <Output>
        <StdOut>TestContext Messages:
expression: e =&gt; e.Equals(value(Eliassen.System.Tests.Linq.Expressions.SkipInstanceMethodOnNullExpressionVisitorTests+&lt;&gt;c__DisplayClass4_0).matched)
visited: e =&gt; ((e != null) AndAlso e.Equals(value(Eliassen.System.Tests.Linq.Expressions.SkipInstanceMethodOnNullExpressionVisitorTests+&lt;&gt;c__DisplayClass4_0).matched))
result: True</StdOut>
      </Output>
    </UnitTestResult>
    <UnitTestResult executionId="d3051922-3c96-477d-95a5-135a8d22e74b" testId="a4cc6556-4b38-556d-d138-b0c8009279f3" testName="VisitTest_EndsWith (Hello,lO,True)" computerName="DESKTOP-3FN5V33" duration="00:00:00.0076462" startTime="2024-01-25T17:12:56.7578297-05:00" endTime="2024-01-25T17:12:56.7659182-05:00" testType="13cdc9d9-ddb5-4fa4-a97d-d965ccfc6d4b" outcome="Passed" testListId="8c84fa94-04c1-424b-9868-57a2d4851a1d" relativeResultsDirectory="d3051922-3c96-477d-95a5-135a8d22e74b" xmlns="http://microsoft.com/schemas/VisualStudio/TeamTest/2010">
      <Output>
        <StdOut>Eliassen.System.Linq.ConsoleLogger`1[Eliassen.System.Linq.Expressions.StringComparisonReplacementExpressionVisitor]:Debug:&gt;
	Replace: e.EndsWith(value(Eliassen.System.Tests.Linq.Expressions.StringComparisonReplacementExpressionVisitorTests+&lt;&gt;c__DisplayClass8_0).matched) with e.EndsWith(value(Eliassen.System.Tests.Linq.Expressions.StringComparisonReplacementExpressionVisitorTests+&lt;&gt;c__DisplayClass8_0).matched, CurrentCultureIgnoreCase)



TestContext Messages:
expression: e =&gt; e.EndsWith(value(Eliassen.System.Tests.Linq.Expressions.StringComparisonReplacementExpressionVisitorTests+&lt;&gt;c__DisplayClass8_0).matched)
visited: e =&gt; e.EndsWith(value(Eliassen.System.Tests.Linq.Expressions.StringComparisonReplacementExpressionVisitorTests+&lt;&gt;c__DisplayClass8_0).matched, CurrentCultureIgnoreCase)</StdOut>
      </Output>
    </UnitTestResult>
    <UnitTestResult executionId="648d670a-358e-4778-98dd-39417ed22f2b" testId="38e9a0c7-b39d-0746-cc04-b6b9aa4e3b7c" testName="ToEnumTest (Val2 , Val1,Val1, Val2)" computerName="DESKTOP-3FN5V33" duration="00:00:00.0000667" startTime="2024-01-25T17:12:47.7654632-05:00" endTime="2024-01-25T17:12:47.7661013-05:00" testType="13cdc9d9-ddb5-4fa4-a97d-d965ccfc6d4b" outcome="Passed" testListId="8c84fa94-04c1-424b-9868-57a2d4851a1d" relativeResultsDirectory="648d670a-358e-4778-98dd-39417ed22f2b" xmlns="http://microsoft.com/schemas/VisualStudio/TeamTest/2010" />
    <UnitTestResult executionId="76f5d5fb-744f-43d8-a3b9-7ef379e06775" testId="b6498f29-1231-5fcf-4954-1746daa0500d" testName="ExecuteByTest_Filter (Eliassen.System.Tests.Linq.TestTargets.TestTargetModel,Index,GreaterThanOrEqualTo,995,5,995,996,997,998,999)" computerName="DESKTOP-3FN5V33" duration="00:00:00.0348450" startTime="2024-01-25T17:12:48.1116413-05:00" endTime="2024-01-25T17:12:54.3206202-05:00" testType="13cdc9d9-ddb5-4fa4-a97d-d965ccfc6d4b" outcome="Passed" testListId="8c84fa94-04c1-424b-9868-57a2d4851a1d" relativeResultsDirectory="76f5d5fb-744f-43d8-a3b9-7ef379e06775" xmlns="http://microsoft.com/schemas/VisualStudio/TeamTest/2010">
      <Output>
        <StdOut>Eliassen.System.Linq.ConsoleLogger`1[Eliassen.System.Linq.Search.QueryBuilder]:Information:&gt;
	Build query for CurrentPage: 0
PageSize: 0
ExcludePageCount: False
SearchTerm: (null)
	F:Index: GreaterThanOrEqualTo: 995

Eliassen.System.Linq.ConsoleLogger`1[Eliassen.System.Linq.Search.QueryBuilder]:Information:&gt;
	Execute (paged): System.Linq.Enumerable+SelectRangeIterator`1[Eliassen.System.Tests.Linq.TestTargets.TestTargetModel].Where(n =&gt; (n.Index &gt;= 995)).OrderBy(_ =&gt; 0).Skip(0).Take(10)



TestContext Messages:
SearchQuery-QueryableExtensionsTests_ExecuteByTestFilter(142)-638417995687747888.json: Attached
EnumerableQuery_1-QueryableExtensionsTests_ExecuteByTestFilter(144)-638417995687787482.json: Attached
PagedQueryResult_1-QueryableExtensionsTests_ExecuteByTestFilter(146)-638417995687961423.json: Attached
resultKeys: 995,996,997,998,999</StdOut>
        <StdErr>Eliassen.System.Linq.ConsoleLogger`1[Eliassen.System.Linq.Expressions.ExpressionTreeBuilder`1[Eliassen.System.Tests.Linq.TestTargets.TestTargetModel]]:Warning:&gt;
	995 parsed to 995 (System.Int32)
Eliassen.System.Linq.ConsoleLogger`1[Eliassen.System.Linq.Search.SortBuilder`1[Eliassen.System.Tests.Linq.TestTargets.TestTargetModel]]:Warning:&gt;
	Force sort by 0 applied for Eliassen.System.Tests.Linq.TestTargets.TestTargetModel</StdErr>
      </Output>
      <ResultFiles>
        <ResultFile path="DESKTOP-3FN5V33\EnumerableQuery_1-QueryableExtensionsTests_ExecuteByTestFilter(144)-638417995687787482.json" />
        <ResultFile path="DESKTOP-3FN5V33\PagedQueryResult_1-QueryableExtensionsTests_ExecuteByTestFilter(146)-638417995687961423.json" />
        <ResultFile path="DESKTOP-3FN5V33\SearchQuery-QueryableExtensionsTests_ExecuteByTestFilter(142)-638417995687747888.json" />
      </ResultFiles>
    </UnitTestResult>
    <UnitTestResult executionId="6941822a-f093-4a6d-aa2b-ed5b744e853e" testId="e350703c-47df-56f0-b995-a52c38b53eca" testName="MakeSafeTest (System.String,Hello World,Hello World)" computerName="DESKTOP-3FN5V33" duration="00:00:00.1709721" startTime="2024-01-25T17:12:47.8288433-05:00" endTime="2024-01-25T17:12:48.0197243-05:00" testType="13cdc9d9-ddb5-4fa4-a97d-d965ccfc6d4b" outcome="Passed" testListId="8c84fa94-04c1-424b-9868-57a2d4851a1d" relativeResultsDirectory="6941822a-f093-4a6d-aa2b-ed5b744e853e" xmlns="http://microsoft.com/schemas/VisualStudio/TeamTest/2010" />
    <UnitTestResult executionId="5c96730c-c918-48a4-8ab4-9a24b333e2b7" testId="5adbf889-f6cc-6aad-7fc3-6b99d44bef4c" testName="VisitTest_StartsWith (Hello,He,True)" computerName="DESKTOP-3FN5V33" duration="00:00:00.0012417" startTime="2024-01-25T17:12:56.7463240-05:00" endTime="2024-01-25T17:12:56.7478736-05:00" testType="13cdc9d9-ddb5-4fa4-a97d-d965ccfc6d4b" outcome="Passed" testListId="8c84fa94-04c1-424b-9868-57a2d4851a1d" relativeResultsDirectory="5c96730c-c918-48a4-8ab4-9a24b333e2b7" xmlns="http://microsoft.com/schemas/VisualStudio/TeamTest/2010">
      <Output>
        <StdOut>Eliassen.System.Linq.ConsoleLogger`1[Eliassen.System.Linq.Expressions.StringComparisonReplacementExpressionVisitor]:Debug:&gt;
	Replace: e.StartsWith(value(Eliassen.System.Tests.Linq.Expressions.StringComparisonReplacementExpressionVisitorTests+&lt;&gt;c__DisplayClass7_0).matched) with e.StartsWith(value(Eliassen.System.Tests.Linq.Expressions.StringComparisonReplacementExpressionVisitorTests+&lt;&gt;c__DisplayClass7_0).matched, CurrentCultureIgnoreCase)



TestContext Messages:
expression: e =&gt; e.StartsWith(value(Eliassen.System.Tests.Linq.Expressions.StringComparisonReplacementExpressionVisitorTests+&lt;&gt;c__DisplayClass7_0).matched)
visited: e =&gt; e.StartsWith(value(Eliassen.System.Tests.Linq.Expressions.StringComparisonReplacementExpressionVisitorTests+&lt;&gt;c__DisplayClass7_0).matched, CurrentCultureIgnoreCase)</StdOut>
      </Output>
    </UnitTestResult>
    <UnitTestResult executionId="a01beac9-3dab-4ce0-9cde-e71e5be3b3ac" testId="b6498f29-1231-5fcf-4954-1746daa0500d" testName="ExecuteByTest_Filter (Eliassen.System.Tests.Linq.TestTargets.TestTargetModel,Name,EqualTo,*,10,0,1,2,3,4,5,6,7,8,9)" computerName="DESKTOP-3FN5V33" duration="00:00:00.0279498" startTime="2024-01-25T17:12:48.1116413-05:00" endTime="2024-01-25T17:12:54.3206202-05:00" testType="13cdc9d9-ddb5-4fa4-a97d-d965ccfc6d4b" outcome="Passed" testListId="8c84fa94-04c1-424b-9868-57a2d4851a1d" relativeResultsDirectory="a01beac9-3dab-4ce0-9cde-e71e5be3b3ac" xmlns="http://microsoft.com/schemas/VisualStudio/TeamTest/2010">
      <Output>
        <StdOut>Eliassen.System.Linq.ConsoleLogger`1[Eliassen.System.Linq.Search.QueryBuilder]:Information:&gt;
	Build query for CurrentPage: 0
PageSize: 0
ExcludePageCount: False
SearchTerm: (null)
	F:Name: EqualTo: *

Eliassen.System.Linq.ConsoleLogger`1[Eliassen.System.Linq.Search.QueryBuilder]:Information:&gt;
	Execute (paged): System.Linq.Enumerable+SelectRangeIterator`1[Eliassen.System.Tests.Linq.TestTargets.TestTargetModel].OrderBy(_ =&gt; 0).Skip(0).Take(10)



TestContext Messages:
SearchQuery-QueryableExtensionsTests_ExecuteByTestFilter(142)-638417995726822112.json: Attached
EnumerableQuery_1-QueryableExtensionsTests_ExecuteByTestFilter(144)-638417995726857728.json: Attached
PagedQueryResult_1-QueryableExtensionsTests_ExecuteByTestFilter(146)-638417995727016995.json: Attached
resultKeys: 0,1,2,3,4,5,6,7,8,9</StdOut>
        <StdErr>Eliassen.System.Linq.ConsoleLogger`1[Eliassen.System.Linq.Search.QueryBuilder]:Warning:&gt;
	No filter mapped for property: Name =&gt; EqualTo: *
Eliassen.System.Linq.ConsoleLogger`1[Eliassen.System.Linq.Search.QueryBuilder]:Warning:&gt;
	No filtering detected: System.Linq.Enumerable+SelectRangeIterator`1[Eliassen.System.Tests.Linq.TestTargets.TestTargetModel]: CurrentPage: 0
PageSize: 0
ExcludePageCount: False
SearchTerm: (null)
	F:Name: EqualTo: *

Eliassen.System.Linq.ConsoleLogger`1[Eliassen.System.Linq.Search.SortBuilder`1[Eliassen.System.Tests.Linq.TestTargets.TestTargetModel]]:Warning:&gt;
	Force sort by 0 applied for Eliassen.System.Tests.Linq.TestTargets.TestTargetModel</StdErr>
      </Output>
      <ResultFiles>
        <ResultFile path="DESKTOP-3FN5V33\EnumerableQuery_1-QueryableExtensionsTests_ExecuteByTestFilter(144)-638417995726857728.json" />
        <ResultFile path="DESKTOP-3FN5V33\PagedQueryResult_1-QueryableExtensionsTests_ExecuteByTestFilter(146)-638417995727016995.json" />
        <ResultFile path="DESKTOP-3FN5V33\SearchQuery-QueryableExtensionsTests_ExecuteByTestFilter(142)-638417995726822112.json" />
      </ResultFiles>
    </UnitTestResult>
    <UnitTestResult executionId="fa86a7ca-8233-4ae9-af29-b4548815056a" testId="b6498f29-1231-5fcf-4954-1746daa0500d" testName="ExecuteByTest_Filter (Eliassen.System.Tests.Linq.TestTargets.TestTargetModel,Name,NotEqualTo,*3,10,0,1,2,4,5,6,7,8,9,10)" computerName="DESKTOP-3FN5V33" duration="00:00:00.0294136" startTime="2024-01-25T17:12:48.1116413-05:00" endTime="2024-01-25T17:12:54.3206202-05:00" testType="13cdc9d9-ddb5-4fa4-a97d-d965ccfc6d4b" outcome="Passed" testListId="8c84fa94-04c1-424b-9868-57a2d4851a1d" relativeResultsDirectory="fa86a7ca-8233-4ae9-af29-b4548815056a" xmlns="http://microsoft.com/schemas/VisualStudio/TeamTest/2010">
      <Output>
        <StdOut>Eliassen.System.Linq.ConsoleLogger`1[Eliassen.System.Linq.Search.QueryBuilder]:Information:&gt;
	Build query for CurrentPage: 0
PageSize: 0
ExcludePageCount: False
SearchTerm: (null)
	F:Name: NotEqualTo: *3

Eliassen.System.Linq.ConsoleLogger`1[Eliassen.System.Linq.Search.QueryBuilder]:Information:&gt;
	Execute (paged): System.Linq.Enumerable+SelectRangeIterator`1[Eliassen.System.Tests.Linq.TestTargets.TestTargetModel].Where(n =&gt; Not(n.Name.EndsWith("3"))).OrderBy(_ =&gt; 0).Skip(0).Take(10)



TestContext Messages:
SearchQuery-QueryableExtensionsTests_ExecuteByTestFilter(142)-638417995690070830.json: Attached
EnumerableQuery_1-QueryableExtensionsTests_ExecuteByTestFilter(144)-638417995690110465.json: Attached
PagedQueryResult_1-QueryableExtensionsTests_ExecuteByTestFilter(146)-638417995690281340.json: Attached
resultKeys: 0,1,2,4,5,6,7,8,9,10</StdOut>
        <StdErr>Eliassen.System.Linq.ConsoleLogger`1[Eliassen.System.Linq.Search.SortBuilder`1[Eliassen.System.Tests.Linq.TestTargets.TestTargetModel]]:Warning:&gt;
	Force sort by 0 applied for Eliassen.System.Tests.Linq.TestTargets.TestTargetModel</StdErr>
      </Output>
      <ResultFiles>
        <ResultFile path="DESKTOP-3FN5V33\EnumerableQuery_1-QueryableExtensionsTests_ExecuteByTestFilter(144)-638417995690110465.json" />
        <ResultFile path="DESKTOP-3FN5V33\PagedQueryResult_1-QueryableExtensionsTests_ExecuteByTestFilter(146)-638417995690281340.json" />
        <ResultFile path="DESKTOP-3FN5V33\SearchQuery-QueryableExtensionsTests_ExecuteByTestFilter(142)-638417995690070830.json" />
      </ResultFiles>
    </UnitTestResult>
    <UnitTestResult executionId="4a59e6c9-f402-46bd-b724-6944832289f7" testId="f78a8ff3-c0d0-976a-acb4-40a970430b93" testName="ToEnumTest (test description,WithDescription)" computerName="DESKTOP-3FN5V33" duration="00:00:00.0005744" startTime="2024-01-25T17:12:47.8132451-05:00" endTime="2024-01-25T17:12:47.8150352-05:00" testType="13cdc9d9-ddb5-4fa4-a97d-d965ccfc6d4b" outcome="Passed" testListId="8c84fa94-04c1-424b-9868-57a2d4851a1d" relativeResultsDirectory="4a59e6c9-f402-46bd-b724-6944832289f7" xmlns="http://microsoft.com/schemas/VisualStudio/TeamTest/2010" />
    <UnitTestResult executionId="e880511b-3e09-46b9-9582-b41357667d9f" testId="453dc636-d45b-01e0-2e5e-4e973ba64495" testName="GetHash (Hello World!,7Qdih1MuhjZehB6Sv8UNjA==)" computerName="DESKTOP-3FN5V33" duration="00:00:00.0059450" startTime="2024-01-25T17:12:47.6388008-05:00" endTime="2024-01-25T17:12:47.6455045-05:00" testType="13cdc9d9-ddb5-4fa4-a97d-d965ccfc6d4b" outcome="Passed" testListId="8c84fa94-04c1-424b-9868-57a2d4851a1d" relativeResultsDirectory="e880511b-3e09-46b9-9582-b41357667d9f" xmlns="http://microsoft.com/schemas/VisualStudio/TeamTest/2010">
      <Output>
        <StdOut>TestContext Messages:
"Hello World!" =&gt; "7Qdih1MuhjZehB6Sv8UNjA=="</StdOut>
      </Output>
    </UnitTestResult>
    <UnitTestResult executionId="cd1b231e-56bd-4db1-8931-32d5cc11b6bc" testId="7fd160bc-3b5b-e6e2-40ae-1974536260f2" testName="TryParseTest (System.Guid,18AACB9C-2989-4322-A490-C7167BEA0DB4,True,18aacb9c-2989-4322-a490-c7167bea0db4)" computerName="DESKTOP-3FN5V33" duration="00:00:00.0008596" startTime="2024-01-25T17:12:48.0326093-05:00" endTime="2024-01-25T17:12:48.0357883-05:00" testType="13cdc9d9-ddb5-4fa4-a97d-d965ccfc6d4b" outcome="Passed" testListId="8c84fa94-04c1-424b-9868-57a2d4851a1d" relativeResultsDirectory="cd1b231e-56bd-4db1-8931-32d5cc11b6bc" xmlns="http://microsoft.com/schemas/VisualStudio/TeamTest/2010" />
    <UnitTestResult executionId="8a87272f-3b15-440e-957d-6150dafd0511" testId="e350703c-47df-56f0-b995-a52c38b53eca" testName="MakeSafeTest (System.Nullable`1[System.Double],nope,)" computerName="DESKTOP-3FN5V33" duration="00:00:00.0001117" startTime="2024-01-25T17:12:47.8288433-05:00" endTime="2024-01-25T17:12:48.0197243-05:00" testType="13cdc9d9-ddb5-4fa4-a97d-d965ccfc6d4b" outcome="Passed" testListId="8c84fa94-04c1-424b-9868-57a2d4851a1d" relativeResultsDirectory="8a87272f-3b15-440e-957d-6150dafd0511" xmlns="http://microsoft.com/schemas/VisualStudio/TeamTest/2010" />
    <UnitTestResult executionId="61d12989-822b-4d73-be78-422486850299" testId="a68de2ae-2056-64c2-a1d0-a4ade981516a" testName="ToEnumTest (Val2, Val1,Val1, Val2)" computerName="DESKTOP-3FN5V33" duration="00:00:00.0000284" startTime="2024-01-25T17:12:47.7570471-05:00" endTime="2024-01-25T17:12:47.7574228-05:00" testType="13cdc9d9-ddb5-4fa4-a97d-d965ccfc6d4b" outcome="Passed" testListId="8c84fa94-04c1-424b-9868-57a2d4851a1d" relativeResultsDirectory="61d12989-822b-4d73-be78-422486850299" xmlns="http://microsoft.com/schemas/VisualStudio/TeamTest/2010" />
    <UnitTestResult executionId="c56be45c-2725-4a26-b0b1-1049ae3bbe4c" testId="e350703c-47df-56f0-b995-a52c38b53eca" testName="MakeSafeTest (System.Int32,1,1)" computerName="DESKTOP-3FN5V33" duration="00:00:00.0000877" startTime="2024-01-25T17:12:47.8288433-05:00" endTime="2024-01-25T17:12:48.0197243-05:00" testType="13cdc9d9-ddb5-4fa4-a97d-d965ccfc6d4b" outcome="Passed" testListId="8c84fa94-04c1-424b-9868-57a2d4851a1d" relativeResultsDirectory="c56be45c-2725-4a26-b0b1-1049ae3bbe4c" xmlns="http://microsoft.com/schemas/VisualStudio/TeamTest/2010" />
    <UnitTestResult executionId="6a88e266-2a69-4258-9884-f49acfb2a8e7" testId="1410527d-0c96-dadb-f7e7-8873031591f5" testName="DeserializeTest_Value ({&quot;Nullable&quot;:null,&quot;Value&quot;:{&quot;$date&quot;:&quot;2023-07-05T14:17:05.2315812-04:00&quot;}},2023-07-05T14:17:05.2315812-04:00)" computerName="DESKTOP-3FN5V33" duration="00:00:00.0082619" startTime="2024-01-25T17:12:47.4062013-05:00" endTime="2024-01-25T17:12:47.4152579-05:00" testType="13cdc9d9-ddb5-4fa4-a97d-d965ccfc6d4b" outcome="Passed" testListId="8c84fa94-04c1-424b-9868-57a2d4851a1d" relativeResultsDirectory="6a88e266-2a69-4258-9884-f49acfb2a8e7" xmlns="http://microsoft.com/schemas/VisualStudio/TeamTest/2010">
      <Output>
        <StdOut>TestContext Messages:
input-BsonDateConverterTests_DeserializeTest_Value(78)-638417995674069232.json: Attached
result-BsonDateConverterTests_DeserializeTest_Value(80)-638417995674094967.json: Attached</StdOut>
      </Output>
      <ResultFiles>
        <ResultFile path="DESKTOP-3FN5V33\input-BsonDateConverterTests_DeserializeTest_Value(78)-638417995674069232.json" />
        <ResultFile path="DESKTOP-3FN5V33\result-BsonDateConverterTests_DeserializeTest_Value(80)-638417995674094967.json" />
      </ResultFiles>
    </UnitTestResult>
    <UnitTestResult executionId="355bca3b-c984-41fa-b68e-95eb58ab658f" testId="e7f0575b-0e45-f2ce-4918-0b10042b2324" testName="VisitTest_Equals (Hello,hello,True)" computerName="DESKTOP-3FN5V33" duration="00:00:00.0057313" startTime="2024-01-25T17:12:56.7178192-05:00" endTime="2024-01-25T17:12:56.7239811-05:00" testType="13cdc9d9-ddb5-4fa4-a97d-d965ccfc6d4b" outcome="Passed" testListId="8c84fa94-04c1-424b-9868-57a2d4851a1d" relativeResultsDirectory="355bca3b-c984-41fa-b68e-95eb58ab658f" xmlns="http://microsoft.com/schemas/VisualStudio/TeamTest/2010">
      <Output>
        <StdOut>Eliassen.System.Linq.ConsoleLogger`1[Eliassen.System.Linq.Expressions.StringComparisonReplacementExpressionVisitor]:Debug:&gt;
	Replace: e.Equals(value(Eliassen.System.Tests.Linq.Expressions.StringComparisonReplacementExpressionVisitorTests+&lt;&gt;c__DisplayClass5_0).matched) with e.Equals(value(Eliassen.System.Tests.Linq.Expressions.StringComparisonReplacementExpressionVisitorTests+&lt;&gt;c__DisplayClass5_0).matched, CurrentCultureIgnoreCase)



TestContext Messages:
expression: e =&gt; e.Equals(value(Eliassen.System.Tests.Linq.Expressions.StringComparisonReplacementExpressionVisitorTests+&lt;&gt;c__DisplayClass5_0).matched)
visited: e =&gt; e.Equals(value(Eliassen.System.Tests.Linq.Expressions.StringComparisonReplacementExpressionVisitorTests+&lt;&gt;c__DisplayClass5_0).matched, CurrentCultureIgnoreCase)</StdOut>
      </Output>
    </UnitTestResult>
    <UnitTestResult executionId="081921ae-b3ee-4d51-aadb-4a57a96141eb" testId="b6498f29-1231-5fcf-4954-1746daa0500d" testName="ExecuteByTest_Filter (Eliassen.System.Tests.Linq.TestTargets.TestTargetExtendedModel,Date,LessThan,2020-03-01T01:01:01.4356493+02:00,3,-1,0,1)" computerName="DESKTOP-3FN5V33" duration="00:00:00.3179558" startTime="2024-01-25T17:12:48.1116413-05:00" endTime="2024-01-25T17:12:54.3206202-05:00" testType="13cdc9d9-ddb5-4fa4-a97d-d965ccfc6d4b" outcome="Passed" testListId="8c84fa94-04c1-424b-9868-57a2d4851a1d" relativeResultsDirectory="081921ae-b3ee-4d51-aadb-4a57a96141eb" xmlns="http://microsoft.com/schemas/VisualStudio/TeamTest/2010">
      <Output>
        <StdOut>Eliassen.System.Linq.ConsoleLogger`1[Eliassen.System.Linq.Search.QueryBuilder]:Information:&gt;
	Build query for CurrentPage: 0
PageSize: 0
ExcludePageCount: False
SearchTerm: (null)
	F:Date: LessThan: 2020-03-01T01:01:01.4356493+02:00

Eliassen.System.Linq.ConsoleLogger`1[Eliassen.System.Linq.Search.SortBuilder`1[Eliassen.System.Tests.Linq.TestTargets.TestTargetExtendedModel]]:Information:&gt;
	Applying default sort for Eliassen.System.Tests.Linq.TestTargets.TestTargetExtendedModel: (Index, Ascending)
Eliassen.System.Linq.ConsoleLogger`1[Eliassen.System.Linq.Search.QueryBuilder]:Information:&gt;
	Execute (paged): System.Linq.Enumerable+SelectRangeIterator`1[Eliassen.System.Tests.Linq.TestTargets.TestTargetExtendedModel].Where(n =&gt; (n.Date &lt; 2/29/2020 6:01:01 PM)).OrderBy(n =&gt; Convert(n.Index, Object)).Skip(0).Take(10)



TestContext Messages:
SearchQuery-QueryableExtensionsTests_ExecuteByTestFilter(142)-638417995708646789.json: Attached
EnumerableQuery_1-QueryableExtensionsTests_ExecuteByTestFilter(144)-638417995708694161.json: Attached
PagedQueryResult_1-QueryableExtensionsTests_ExecuteByTestFilter(146)-638417995711685035.json: Attached
resultKeys: -1,0,1</StdOut>
        <StdErr>Eliassen.System.Linq.ConsoleLogger`1[Eliassen.System.Linq.Expressions.ExpressionTreeBuilder`1[Eliassen.System.Tests.Linq.TestTargets.TestTargetExtendedModel]]:Warning:&gt;
	2020-03-01T01:01:01.4356493+02:00 parsed to 02/29/2020 18:01:01 (System.DateTime)</StdErr>
      </Output>
      <ResultFiles>
        <ResultFile path="DESKTOP-3FN5V33\EnumerableQuery_1-QueryableExtensionsTests_ExecuteByTestFilter(144)-638417995708694161.json" />
        <ResultFile path="DESKTOP-3FN5V33\PagedQueryResult_1-QueryableExtensionsTests_ExecuteByTestFilter(146)-638417995711685035.json" />
        <ResultFile path="DESKTOP-3FN5V33\SearchQuery-QueryableExtensionsTests_ExecuteByTestFilter(142)-638417995708646789.json" />
      </ResultFiles>
    </UnitTestResult>
    <UnitTestResult executionId="1e0da135-c635-4de4-9e43-9f6a04000b2c" testId="9d534b02-84b2-367f-c306-46ab610b3ce8" testName="SerializeTest_Anonymous" computerName="DESKTOP-3FN5V33" duration="00:00:00.0146142" startTime="2024-01-25T17:12:47.5316432-05:00" endTime="2024-01-25T17:12:47.5469844-05:00" testType="13cdc9d9-ddb5-4fa4-a97d-d965ccfc6d4b" outcome="Passed" testListId="8c84fa94-04c1-424b-9868-57a2d4851a1d" relativeResultsDirectory="1e0da135-c635-4de4-9e43-9f6a04000b2c" xmlns="http://microsoft.com/schemas/VisualStudio/TeamTest/2010">
      <Output>
        <StdOut>TestContext Messages:
String-DefaultJsonSerializerTests_SerializeTest_Anonymous(23)-638417995675369926.txt: Attached
__f__AnonymousType0_1-DefaultJsonSerializerTests_SerializeTest_Anonymous(24)-638417995675406836.json: Attached</StdOut>
      </Output>
      <ResultFiles>
        <ResultFile path="DESKTOP-3FN5V33\String-DefaultJsonSerializerTests_SerializeTest_Anonymous(23)-638417995675369926.txt" />
        <ResultFile path="DESKTOP-3FN5V33\__f__AnonymousType0_1-DefaultJsonSerializerTests_SerializeTest_Anonymous(24)-638417995675406836.json" />
      </ResultFiles>
    </UnitTestResult>
    <UnitTestResult executionId="397733ef-803e-4d6c-bb3c-e18428b890a3" testId="838644d9-6365-e4a6-691a-5f9e9cba540d" testName="GetResourceFromJsonTest_NotFound" computerName="DESKTOP-3FN5V33" duration="00:00:00.0001692" startTime="2024-01-25T17:12:48.1016941-05:00" endTime="2024-01-25T17:12:48.1020484-05:00" testType="13cdc9d9-ddb5-4fa4-a97d-d965ccfc6d4b" outcome="Passed" testListId="8c84fa94-04c1-424b-9868-57a2d4851a1d" relativeResultsDirectory="397733ef-803e-4d6c-bb3c-e18428b890a3" xmlns="http://microsoft.com/schemas/VisualStudio/TeamTest/2010" />
    <UnitTestResult executionId="9652e884-f565-4c0f-a925-e311afb3575a" testId="c2c5d20e-1a87-0e89-b840-4da7e6550d8e" testName="ExecuteByTest_Page (1,-1,,,,1000,)" computerName="DESKTOP-3FN5V33" duration="00:00:00.0323395" startTime="2024-01-25T17:12:56.5136039-05:00" endTime="2024-01-25T17:12:56.5465811-05:00" testType="13cdc9d9-ddb5-4fa4-a97d-d965ccfc6d4b" outcome="Passed" testListId="8c84fa94-04c1-424b-9868-57a2d4851a1d" relativeResultsDirectory="9652e884-f565-4c0f-a925-e311afb3575a" xmlns="http://microsoft.com/schemas/VisualStudio/TeamTest/2010">
      <Output>
        <StdOut>Eliassen.System.Linq.ConsoleLogger`1[Eliassen.System.Linq.Search.QueryBuilder]:Information:&gt;
	Build query for CurrentPage: 1
PageSize: -1
ExcludePageCount: False
SearchTerm: (null)

Eliassen.System.Linq.ConsoleLogger`1[Eliassen.System.Linq.Search.QueryBuilder]:Information:&gt;
	Execute : System.Linq.Enumerable+SelectRangeIterator`1[Eliassen.System.Tests.Linq.TestTargets.TestTargetModel].OrderBy(_ =&gt; 0)



TestContext Messages:
SearchQuery-QueryableExtensionsTests_ExecuteByTest_Page(296)-638417995765141135.json: Attached
EnumerableQuery_1-QueryableExtensionsTests_ExecuteByTest_Page(298)-638417995765179894.json: Attached
QueryResult_1-QueryableExtensionsTests_ExecuteByTest_Page(300)-638417995765348228.json: Attached</StdOut>
        <StdErr>Eliassen.System.Linq.ConsoleLogger`1[Eliassen.System.Linq.Search.QueryBuilder]:Warning:&gt;
	No filtering detected: System.Linq.Enumerable+SelectRangeIterator`1[Eliassen.System.Tests.Linq.TestTargets.TestTargetModel]: CurrentPage: 1
PageSize: -1
ExcludePageCount: False
SearchTerm: (null)

Eliassen.System.Linq.ConsoleLogger`1[Eliassen.System.Linq.Search.SortBuilder`1[Eliassen.System.Tests.Linq.TestTargets.TestTargetModel]]:Warning:&gt;
	Force sort by 0 applied for Eliassen.System.Tests.Linq.TestTargets.TestTargetModel</StdErr>
      </Output>
      <ResultFiles>
        <ResultFile path="DESKTOP-3FN5V33\EnumerableQuery_1-QueryableExtensionsTests_ExecuteByTest_Page(298)-638417995765179894.json" />
        <ResultFile path="DESKTOP-3FN5V33\QueryResult_1-QueryableExtensionsTests_ExecuteByTest_Page(300)-638417995765348228.json" />
        <ResultFile path="DESKTOP-3FN5V33\SearchQuery-QueryableExtensionsTests_ExecuteByTest_Page(296)-638417995765141135.json" />
      </ResultFiles>
    </UnitTestResult>
    <UnitTestResult executionId="14d56534-3082-418f-8bf3-44cc6ca692e6" testId="b6498f29-1231-5fcf-4954-1746daa0500d" testName="ExecuteByTest_Filter (Eliassen.System.Tests.Linq.TestTargets.TestTargetExtendedModel,Date,GreaterThanOrEqualTo,3/1/2020,10,2,3,4,5,6,7,8,9,10,11)" computerName="DESKTOP-3FN5V33" duration="00:00:00.3881607" startTime="2024-01-25T17:12:48.1116413-05:00" endTime="2024-01-25T17:12:54.3206202-05:00" testType="13cdc9d9-ddb5-4fa4-a97d-d965ccfc6d4b" outcome="Passed" testListId="8c84fa94-04c1-424b-9868-57a2d4851a1d" relativeResultsDirectory="14d56534-3082-418f-8bf3-44cc6ca692e6" xmlns="http://microsoft.com/schemas/VisualStudio/TeamTest/2010">
      <Output>
        <StdOut>Eliassen.System.Linq.ConsoleLogger`1[Eliassen.System.Linq.Search.QueryBuilder]:Information:&gt;
	Build query for CurrentPage: 0
PageSize: 0
ExcludePageCount: False
SearchTerm: (null)
	F:Date: GreaterThanOrEqualTo: 3/1/2020

Eliassen.System.Linq.ConsoleLogger`1[Eliassen.System.Linq.Search.SortBuilder`1[Eliassen.System.Tests.Linq.TestTargets.TestTargetExtendedModel]]:Information:&gt;
	Applying default sort for Eliassen.System.Tests.Linq.TestTargets.TestTargetExtendedModel: (Index, Ascending)
Eliassen.System.Linq.ConsoleLogger`1[Eliassen.System.Linq.Search.QueryBuilder]:Information:&gt;
	Execute (paged): System.Linq.Enumerable+SelectRangeIterator`1[Eliassen.System.Tests.Linq.TestTargets.TestTargetExtendedModel].Where(n =&gt; (n.Date &gt;= 3/1/2020 12:00:00 AM)).OrderBy(n =&gt; Convert(n.Index, Object)).Skip(0).Take(10)



TestContext Messages:
SearchQuery-QueryableExtensionsTests_ExecuteByTestFilter(142)-638417995695862488.json: Attached
EnumerableQuery_1-QueryableExtensionsTests_ExecuteByTestFilter(144)-638417995695905936.json: Attached
PagedQueryResult_1-QueryableExtensionsTests_ExecuteByTestFilter(146)-638417995699603085.json: Attached
resultKeys: 2,3,4,5,6,7,8,9,10,11</StdOut>
        <StdErr>Eliassen.System.Linq.ConsoleLogger`1[Eliassen.System.Linq.Expressions.ExpressionTreeBuilder`1[Eliassen.System.Tests.Linq.TestTargets.TestTargetExtendedModel]]:Warning:&gt;
	3/1/2020 parsed to 03/01/2020 00:00:00 (System.DateTime)</StdErr>
      </Output>
      <ResultFiles>
        <ResultFile path="DESKTOP-3FN5V33\EnumerableQuery_1-QueryableExtensionsTests_ExecuteByTestFilter(144)-638417995695905936.json" />
        <ResultFile path="DESKTOP-3FN5V33\PagedQueryResult_1-QueryableExtensionsTests_ExecuteByTestFilter(146)-638417995699603085.json" />
        <ResultFile path="DESKTOP-3FN5V33\SearchQuery-QueryableExtensionsTests_ExecuteByTestFilter(142)-638417995695862488.json" />
      </ResultFiles>
    </UnitTestResult>
    <UnitTestResult executionId="be1e116e-8292-44ae-8a40-4025650dffd8" testId="256bd52f-eccc-f32c-0e34-b0f4b03b83cc" testName="DeserializeTest_Value ({&quot;Nullable&quot;:{&quot;$date&quot;:&quot;2023-07-05T14:16:32.2015217-04:00&quot;},&quot;Value&quot;:{&quot;$date&quot;:&quot;0001-01-01T00:00:00+00:00&quot;}},0001-01-01T00:00:00+00:00)" computerName="DESKTOP-3FN5V33" duration="00:00:00.0243674" startTime="2024-01-25T17:12:47.3796222-05:00" endTime="2024-01-25T17:12:47.4044703-05:00" testType="13cdc9d9-ddb5-4fa4-a97d-d965ccfc6d4b" outcome="Passed" testListId="8c84fa94-04c1-424b-9868-57a2d4851a1d" relativeResultsDirectory="be1e116e-8292-44ae-8a40-4025650dffd8" xmlns="http://microsoft.com/schemas/VisualStudio/TeamTest/2010">
      <Output>
        <StdOut>TestContext Messages:
input-BsonDateConverterTests_DeserializeTest_Value(78)-638417995673803944.json: Attached
result-BsonDateConverterTests_DeserializeTest_Value(80)-638417995673876596.json: Attached</StdOut>
      </Output>
      <ResultFiles>
        <ResultFile path="DESKTOP-3FN5V33\input-BsonDateConverterTests_DeserializeTest_Value(78)-638417995673803944.json" />
        <ResultFile path="DESKTOP-3FN5V33\result-BsonDateConverterTests_DeserializeTest_Value(80)-638417995673876596.json" />
      </ResultFiles>
    </UnitTestResult>
    <UnitTestResult executionId="2ff8d5b1-c441-4037-b8ed-111eca582f86" testId="b6498f29-1231-5fcf-4954-1746daa0500d" testName="ExecuteByTest_Filter (Eliassen.System.Tests.Linq.TestTargets.TestTargetModel,INDEX,EqualTo,!1,10,0,2,3,4,5,6,7,8,9,10)" computerName="DESKTOP-3FN5V33" duration="00:00:00.0361432" startTime="2024-01-25T17:12:48.1116413-05:00" endTime="2024-01-25T17:12:54.3206202-05:00" testType="13cdc9d9-ddb5-4fa4-a97d-d965ccfc6d4b" outcome="Passed" testListId="8c84fa94-04c1-424b-9868-57a2d4851a1d" relativeResultsDirectory="2ff8d5b1-c441-4037-b8ed-111eca582f86" xmlns="http://microsoft.com/schemas/VisualStudio/TeamTest/2010">
      <Output>
        <StdOut>Eliassen.System.Linq.ConsoleLogger`1[Eliassen.System.Linq.Search.QueryBuilder]:Information:&gt;
	Build query for CurrentPage: 0
PageSize: 0
ExcludePageCount: False
SearchTerm: (null)
	F:INDEX: EqualTo: !1

Eliassen.System.Linq.ConsoleLogger`1[Eliassen.System.Linq.Search.QueryBuilder]:Information:&gt;
	Execute (paged): System.Linq.Enumerable+SelectRangeIterator`1[Eliassen.System.Tests.Linq.TestTargets.TestTargetModel].Where(n =&gt; (n.Index != 1)).OrderBy(_ =&gt; 0).Skip(0).Take(10)



TestContext Messages:
SearchQuery-QueryableExtensionsTests_ExecuteByTestFilter(142)-638417995683886169.json: Attached
EnumerableQuery_1-QueryableExtensionsTests_ExecuteByTestFilter(144)-638417995683925559.json: Attached
PagedQueryResult_1-QueryableExtensionsTests_ExecuteByTestFilter(146)-638417995684116627.json: Attached
resultKeys: 0,2,3,4,5,6,7,8,9,10</StdOut>
        <StdErr>Eliassen.System.Linq.ConsoleLogger`1[Eliassen.System.Linq.Expressions.ExpressionTreeBuilder`1[Eliassen.System.Tests.Linq.TestTargets.TestTargetModel]]:Warning:&gt;
	1 parsed to 1 (System.Int32)
Eliassen.System.Linq.ConsoleLogger`1[Eliassen.System.Linq.Search.SortBuilder`1[Eliassen.System.Tests.Linq.TestTargets.TestTargetModel]]:Warning:&gt;
	Force sort by 0 applied for Eliassen.System.Tests.Linq.TestTargets.TestTargetModel</StdErr>
      </Output>
      <ResultFiles>
        <ResultFile path="DESKTOP-3FN5V33\EnumerableQuery_1-QueryableExtensionsTests_ExecuteByTestFilter(144)-638417995683925559.json" />
        <ResultFile path="DESKTOP-3FN5V33\PagedQueryResult_1-QueryableExtensionsTests_ExecuteByTestFilter(146)-638417995684116627.json" />
        <ResultFile path="DESKTOP-3FN5V33\SearchQuery-QueryableExtensionsTests_ExecuteByTestFilter(142)-638417995683886169.json" />
      </ResultFiles>
    </UnitTestResult>
    <UnitTestResult executionId="e9f8bb44-a802-4273-90be-68f60cc17dff" testId="84a71d2d-ba2d-93f8-5034-8f6c197225a9" testName="ToEnumTest (name,WithEnumValue)" computerName="DESKTOP-3FN5V33" duration="00:00:00.0022546" startTime="2024-01-25T17:12:47.7968401-05:00" endTime="2024-01-25T17:12:47.7996636-05:00" testType="13cdc9d9-ddb5-4fa4-a97d-d965ccfc6d4b" outcome="Passed" testListId="8c84fa94-04c1-424b-9868-57a2d4851a1d" relativeResultsDirectory="e9f8bb44-a802-4273-90be-68f60cc17dff" xmlns="http://microsoft.com/schemas/VisualStudio/TeamTest/2010" />
    <UnitTestResult executionId="5288ea6c-b2c9-461c-b72e-fb7857e14819" testId="0ce23f0f-8bc9-01fa-938b-d8a470ad42da" testName="DeserializeTest_Nullable ({&quot;Nullable&quot;:null,&quot;Value&quot;:{&quot;$date&quot;:&quot;2023-07-05T14:17:05.2315812-04:00&quot;}},)" computerName="DESKTOP-3FN5V33" duration="00:00:00.0304138" startTime="2024-01-25T17:12:47.3466999-05:00" endTime="2024-01-25T17:12:47.3776688-05:00" testType="13cdc9d9-ddb5-4fa4-a97d-d965ccfc6d4b" outcome="Passed" testListId="8c84fa94-04c1-424b-9868-57a2d4851a1d" relativeResultsDirectory="5288ea6c-b2c9-461c-b72e-fb7857e14819" xmlns="http://microsoft.com/schemas/VisualStudio/TeamTest/2010">
      <Output>
        <StdOut>TestContext Messages:
input-BsonDateConverterTests_DeserializeTest_Nullable(64)-638417995673473697.json: Attached
result-BsonDateConverterTests_DeserializeTest_Nullable(66)-638417995673606905.json: Attached</StdOut>
      </Output>
      <ResultFiles>
        <ResultFile path="DESKTOP-3FN5V33\input-BsonDateConverterTests_DeserializeTest_Nullable(64)-638417995673473697.json" />
        <ResultFile path="DESKTOP-3FN5V33\result-BsonDateConverterTests_DeserializeTest_Nullable(66)-638417995673606905.json" />
      </ResultFiles>
    </UnitTestResult>
    <UnitTestResult executionId="d7f309f4-cc56-43d7-84cd-98a138e49532" testId="e350703c-47df-56f0-b995-a52c38b53eca" testName="MakeSafeTest (System.Nullable`1[System.Guid],18AACB9C-2989-4322-A490-C7167BEA0DB4,18aacb9c-2989-4322-a490-c7167bea0db4)" computerName="DESKTOP-3FN5V33" duration="00:00:00.0002535" startTime="2024-01-25T17:12:47.8288433-05:00" endTime="2024-01-25T17:12:48.0197243-05:00" testType="13cdc9d9-ddb5-4fa4-a97d-d965ccfc6d4b" outcome="Passed" testListId="8c84fa94-04c1-424b-9868-57a2d4851a1d" relativeResultsDirectory="d7f309f4-cc56-43d7-84cd-98a138e49532" xmlns="http://microsoft.com/schemas/VisualStudio/TeamTest/2010" />
    <UnitTestResult executionId="6665c721-fcf7-4f79-8334-caa18908d378" testId="b6498f29-1231-5fcf-4954-1746daa0500d" testName="ExecuteByTest_Filter (Eliassen.System.Tests.Linq.TestTargets.TestTargetModel,Name,InSet,System.String[],3,1,2,3)" computerName="DESKTOP-3FN5V33" duration="00:00:00.0364793" startTime="2024-01-25T17:12:48.1116413-05:00" endTime="2024-01-25T17:12:54.3206202-05:00" testType="13cdc9d9-ddb5-4fa4-a97d-d965ccfc6d4b" outcome="Passed" testListId="8c84fa94-04c1-424b-9868-57a2d4851a1d" relativeResultsDirectory="6665c721-fcf7-4f79-8334-caa18908d378" xmlns="http://microsoft.com/schemas/VisualStudio/TeamTest/2010">
      <Output>
        <StdOut>Eliassen.System.Linq.ConsoleLogger`1[Eliassen.System.Linq.Search.QueryBuilder]:Information:&gt;
	Build query for CurrentPage: 0
PageSize: 0
ExcludePageCount: False
SearchTerm: (null)
	F:Name: InSet: Name1; Name2; Name3

Eliassen.System.Linq.ConsoleLogger`1[Eliassen.System.Linq.Search.QueryBuilder]:Information:&gt;
	Execute (paged): System.Linq.Enumerable+SelectRangeIterator`1[Eliassen.System.Tests.Linq.TestTargets.TestTargetModel].Where(n =&gt; value(System.String[]).Contains(n.Name)).OrderBy(_ =&gt; 0).Skip(0).Take(10)



TestContext Messages:
SearchQuery-QueryableExtensionsTests_ExecuteByTestFilter(142)-638417995685341566.json: Attached
EnumerableQuery_1-QueryableExtensionsTests_ExecuteByTestFilter(144)-638417995685391340.json: Attached
PagedQueryResult_1-QueryableExtensionsTests_ExecuteByTestFilter(146)-638417995685603230.json: Attached
resultKeys: 1,2,3</StdOut>
        <StdErr>Eliassen.System.Linq.ConsoleLogger`1[Eliassen.System.Linq.Search.SortBuilder`1[Eliassen.System.Tests.Linq.TestTargets.TestTargetModel]]:Warning:&gt;
	Force sort by 0 applied for Eliassen.System.Tests.Linq.TestTargets.TestTargetModel</StdErr>
      </Output>
      <ResultFiles>
        <ResultFile path="DESKTOP-3FN5V33\EnumerableQuery_1-QueryableExtensionsTests_ExecuteByTestFilter(144)-638417995685391340.json" />
        <ResultFile path="DESKTOP-3FN5V33\PagedQueryResult_1-QueryableExtensionsTests_ExecuteByTestFilter(146)-638417995685603230.json" />
        <ResultFile path="DESKTOP-3FN5V33\SearchQuery-QueryableExtensionsTests_ExecuteByTestFilter(142)-638417995685341566.json" />
      </ResultFiles>
    </UnitTestResult>
    <UnitTestResult executionId="bd8fba6a-21e5-4c7c-9549-0c85a9c43f93" testId="870b9428-08e8-f91f-14b9-7fcf33dc2d0f" testName="AsModelsTest2" computerName="DESKTOP-3FN5V33" duration="00:00:00.0078685" startTime="2024-01-25T17:12:47.6987685-05:00" endTime="2024-01-25T17:12:47.7071209-05:00" testType="13cdc9d9-ddb5-4fa4-a97d-d965ccfc6d4b" outcome="Passed" testListId="8c84fa94-04c1-424b-9868-57a2d4851a1d" relativeResultsDirectory="bd8fba6a-21e5-4c7c-9549-0c85a9c43f93" xmlns="http://microsoft.com/schemas/VisualStudio/TeamTest/2010">
      <Output>
        <StdOut>TestContext Messages:
EnumModel { Id = 0, Name = Val0, Code = VAL0, Description = , Order = 0, Value = Val0, IsEndState = False, IsExcludeFromUnique = False, PossibleNames = System.String[], Value = Val0 }
EnumModel { Id = 1, Name = Val1, Code = VAL1, Description = , Order = 0, Value = Val1, IsEndState = False, IsExcludeFromUnique = False, PossibleNames = System.String[], Value = Val1 }
EnumModel { Id = 2, Name = Val2, Code = VAL2, Description = , Order = 0, Value = Val2, IsEndState = False, IsExcludeFromUnique = False, PossibleNames = System.String[], Value = Val2 }
EnumModel { Id = 4, Name = WithEnumValue, Code = name, Description = , Order = 0, Value = WithEnumValue, IsEndState = False, IsExcludeFromUnique = False, PossibleNames = System.String[], Value = WithEnumValue }
EnumModel { Id = 8, Name = WithMemberName, Code = name2, Description = , Order = 0, Value = WithMemberName, IsEndState = False, IsExcludeFromUnique = False, PossibleNames = System.String[], Value = WithMemberName }
EnumModel { Id = 16, Name = WithDescription, Code = WITHDESCRIPTION, Description = test description, Order = 0, Value = WithDescription, IsEndState = False, IsExcludeFromUnique = False, PossibleNames = System.String[], Value = WithDescription }
EnumModel { Id = 32, Name = test name, Code = test short, Description = test display, Order = 0, Value = WithDisplay, IsEndState = False, IsExcludeFromUnique = False, PossibleNames = System.String[], Value = WithDisplay }</StdOut>
      </Output>
    </UnitTestResult>
    <UnitTestResult executionId="803aae46-c639-4eae-9660-5080d08fc69a" testId="207e4065-88b5-ba27-1f76-4d0f0a098cde" testName="ToEnumTest (2,Val2)" computerName="DESKTOP-3FN5V33" duration="00:00:00.0000179" startTime="2024-01-25T17:12:47.7830400-05:00" endTime="2024-01-25T17:12:47.7833230-05:00" testType="13cdc9d9-ddb5-4fa4-a97d-d965ccfc6d4b" outcome="Passed" testListId="8c84fa94-04c1-424b-9868-57a2d4851a1d" relativeResultsDirectory="803aae46-c639-4eae-9660-5080d08fc69a" xmlns="http://microsoft.com/schemas/VisualStudio/TeamTest/2010" />
    <UnitTestResult executionId="96ad9532-f80d-4940-89f7-ae4df20af570" testId="97a142d5-b0a9-d9bf-03a6-736e4df75106" testName="ExecuteByTest_Sort (NAME,Descending,999,998,997,996,995,994,993,992,991,990)" computerName="DESKTOP-3FN5V33" duration="00:00:00.0176636" startTime="2024-01-25T17:12:56.5967694-05:00" endTime="2024-01-25T17:12:56.6150353-05:00" testType="13cdc9d9-ddb5-4fa4-a97d-d965ccfc6d4b" outcome="Passed" testListId="8c84fa94-04c1-424b-9868-57a2d4851a1d" relativeResultsDirectory="96ad9532-f80d-4940-89f7-ae4df20af570" xmlns="http://microsoft.com/schemas/VisualStudio/TeamTest/2010">
      <Output>
        <StdOut>Eliassen.System.Linq.ConsoleLogger`1[Eliassen.System.Linq.Search.QueryBuilder]:Information:&gt;
	Build query for CurrentPage: 0
PageSize: 0
ExcludePageCount: False
SearchTerm: (null)
	S:NAME: Descending

Eliassen.System.Linq.ConsoleLogger`1[Eliassen.System.Linq.Search.QueryBuilder]:Information:&gt;
	Execute (paged): System.Linq.Enumerable+SelectRangeIterator`1[Eliassen.System.Tests.Linq.TestTargets.TestTargetModel].OrderByDescending(n =&gt; n.Name).Skip(0).Take(10)



TestContext Messages:
SearchQuery-QueryableExtensionsTests_ExecuteByTest_Sort(340)-638417995765972713.json: Attached
PagedQueryResult_1-QueryableExtensionsTests_ExecuteByTest_Sort(342)-638417995766092480.json: Attached</StdOut>
        <StdErr>Eliassen.System.Linq.ConsoleLogger`1[Eliassen.System.Linq.Search.QueryBuilder]:Warning:&gt;
	No filtering detected: System.Linq.Enumerable+SelectRangeIterator`1[Eliassen.System.Tests.Linq.TestTargets.TestTargetModel]: CurrentPage: 0
PageSize: 0
ExcludePageCount: False
SearchTerm: (null)
	S:NAME: Descending</StdErr>
      </Output>
      <ResultFiles>
        <ResultFile path="DESKTOP-3FN5V33\PagedQueryResult_1-QueryableExtensionsTests_ExecuteByTest_Sort(342)-638417995766092480.json" />
        <ResultFile path="DESKTOP-3FN5V33\SearchQuery-QueryableExtensionsTests_ExecuteByTest_Sort(340)-638417995765972713.json" />
      </ResultFiles>
    </UnitTestResult>
    <UnitTestResult executionId="831e47e5-cef5-46df-8f9b-1f4e9dff59f9" testId="7cdd2ae3-f105-0db6-4f1d-4db0ed6728a3" testName="DefaultPageSizeTest" computerName="DESKTOP-3FN5V33" duration="00:00:00.0006185" startTime="2024-01-25T17:12:48.1096284-05:00" endTime="2024-01-25T17:12:48.1106800-05:00" testType="13cdc9d9-ddb5-4fa4-a97d-d965ccfc6d4b" outcome="Passed" testListId="8c84fa94-04c1-424b-9868-57a2d4851a1d" relativeResultsDirectory="831e47e5-cef5-46df-8f9b-1f4e9dff59f9" xmlns="http://microsoft.com/schemas/VisualStudio/TeamTest/2010" />
    <UnitTestResult executionId="5c706bae-051f-4a0a-987e-58dc831a3350" testId="53c31e49-be7f-689b-3cd7-03a9033ae78d" testName="GetSortablePropertyNamesTest_TestTarget3Model" computerName="DESKTOP-3FN5V33" duration="00:00:00.0002927" startTime="2024-01-25T17:12:56.6753085-05:00" endTime="2024-01-25T17:12:56.6758700-05:00" testType="13cdc9d9-ddb5-4fa4-a97d-d965ccfc6d4b" outcome="Passed" testListId="8c84fa94-04c1-424b-9868-57a2d4851a1d" relativeResultsDirectory="5c706bae-051f-4a0a-987e-58dc831a3350" xmlns="http://microsoft.com/schemas/VisualStudio/TeamTest/2010" />
    <UnitTestResult executionId="60141f1d-57e0-4013-9da7-fcfee5c543bf" testId="2f56b32e-ea97-c552-8dea-074dcb4e0dc0" testName="MakeSafeArrayTest (System.Decimal,System.Object[],System.Decimal[])" computerName="DESKTOP-3FN5V33" duration="00:00:00.0001579" startTime="2024-01-25T17:12:48.0292101-05:00" endTime="2024-01-25T17:12:48.0312414-05:00" testType="13cdc9d9-ddb5-4fa4-a97d-d965ccfc6d4b" outcome="Passed" testListId="8c84fa94-04c1-424b-9868-57a2d4851a1d" relativeResultsDirectory="60141f1d-57e0-4013-9da7-fcfee5c543bf" xmlns="http://microsoft.com/schemas/VisualStudio/TeamTest/2010" />
    <UnitTestResult executionId="4bbacbaa-c871-470e-a9cf-751cd62c3a24" testId="61f88788-2c55-84c0-718f-430b9d9da684" testName="VisitTest_EqualOperator (Hello,hello,True)" computerName="DESKTOP-3FN5V33" duration="00:00:00.0027069" startTime="2024-01-25T17:12:56.7012036-05:00" endTime="2024-01-25T17:12:56.7054294-05:00" testType="13cdc9d9-ddb5-4fa4-a97d-d965ccfc6d4b" outcome="Passed" testListId="8c84fa94-04c1-424b-9868-57a2d4851a1d" relativeResultsDirectory="4bbacbaa-c871-470e-a9cf-751cd62c3a24" xmlns="http://microsoft.com/schemas/VisualStudio/TeamTest/2010">
      <Output>
        <StdOut>TestContext Messages:
expression: e =&gt; (e == value(Eliassen.System.Tests.Linq.Expressions.StringComparisonReplacementExpressionVisitorTests+&lt;&gt;c__DisplayClass4_0).matched)
visited: e =&gt; e.Equals(value(Eliassen.System.Tests.Linq.Expressions.StringComparisonReplacementExpressionVisitorTests+&lt;&gt;c__DisplayClass4_0).matched, CurrentCultureIgnoreCase)</StdOut>
      </Output>
    </UnitTestResult>
    <UnitTestResult executionId="11dc870a-a7be-4bcf-8534-7bb674b65bc8" testId="3dc461cc-f900-b7f4-a669-e9cf3ad5e21f" testName="GetResourceFromXmlAsyncTest" computerName="DESKTOP-3FN5V33" duration="00:00:00.0316815" startTime="2024-01-25T17:12:48.0646889-05:00" endTime="2024-01-25T17:12:48.0966809-05:00" testType="13cdc9d9-ddb5-4fa4-a97d-d965ccfc6d4b" outcome="Passed" testListId="8c84fa94-04c1-424b-9868-57a2d4851a1d" relativeResultsDirectory="11dc870a-a7be-4bcf-8534-7bb674b65bc8" xmlns="http://microsoft.com/schemas/VisualStudio/TeamTest/2010" />
    <UnitTestResult executionId="9f91e215-ba3c-4a40-b702-fa7477f081f4" testId="7fd160bc-3b5b-e6e2-40ae-1974536260f2" testName="TryParseTest (System.Decimal,nope,False,)" computerName="DESKTOP-3FN5V33" duration="00:00:00.0000851" startTime="2024-01-25T17:12:48.0326093-05:00" endTime="2024-01-25T17:12:48.0357883-05:00" testType="13cdc9d9-ddb5-4fa4-a97d-d965ccfc6d4b" outcome="Passed" testListId="8c84fa94-04c1-424b-9868-57a2d4851a1d" relativeResultsDirectory="9f91e215-ba3c-4a40-b702-fa7477f081f4" xmlns="http://microsoft.com/schemas/VisualStudio/TeamTest/2010" />
    <UnitTestResult executionId="a5ea1c03-29bc-4fb4-b567-2850f13fe776" testId="b6498f29-1231-5fcf-4954-1746daa0500d" testName="ExecuteByTest_Filter (Eliassen.System.Tests.Linq.TestTargets.TestTargetModel,Name,NotEqualTo,,10,0,1,2,3,4,5,6,7,8,9)" computerName="DESKTOP-3FN5V33" duration="00:00:00.0321018" startTime="2024-01-25T17:12:48.1116413-05:00" endTime="2024-01-25T17:12:54.3206202-05:00" testType="13cdc9d9-ddb5-4fa4-a97d-d965ccfc6d4b" outcome="Passed" testListId="8c84fa94-04c1-424b-9868-57a2d4851a1d" relativeResultsDirectory="a5ea1c03-29bc-4fb4-b567-2850f13fe776" xmlns="http://microsoft.com/schemas/VisualStudio/TeamTest/2010">
      <Output>
        <StdOut>Eliassen.System.Linq.ConsoleLogger`1[Eliassen.System.Linq.Search.QueryBuilder]:Information:&gt;
	Build query for CurrentPage: 0
PageSize: 0
ExcludePageCount: False
SearchTerm: (null)
	F:Name: NotEqualTo:

Eliassen.System.Linq.ConsoleLogger`1[Eliassen.System.Linq.Search.QueryBuilder]:Information:&gt;
	Execute (paged): System.Linq.Enumerable+SelectRangeIterator`1[Eliassen.System.Tests.Linq.TestTargets.TestTargetModel].Where(n =&gt; (n.Name != "")).OrderBy(_ =&gt; 0).Skip(0).Take(10)



TestContext Messages:
SearchQuery-QueryableExtensionsTests_ExecuteByTestFilter(142)-638417995726494099.json: Attached
EnumerableQuery_1-QueryableExtensionsTests_ExecuteByTestFilter(144)-638417995726545843.json: Attached
PagedQueryResult_1-QueryableExtensionsTests_ExecuteByTestFilter(146)-638417995726724527.json: Attached
resultKeys: 0,1,2,3,4,5,6,7,8,9</StdOut>
        <StdErr>Eliassen.System.Linq.ConsoleLogger`1[Eliassen.System.Linq.Search.SortBuilder`1[Eliassen.System.Tests.Linq.TestTargets.TestTargetModel]]:Warning:&gt;
	Force sort by 0 applied for Eliassen.System.Tests.Linq.TestTargets.TestTargetModel</StdErr>
      </Output>
      <ResultFiles>
        <ResultFile path="DESKTOP-3FN5V33\EnumerableQuery_1-QueryableExtensionsTests_ExecuteByTestFilter(144)-638417995726545843.json" />
        <ResultFile path="DESKTOP-3FN5V33\PagedQueryResult_1-QueryableExtensionsTests_ExecuteByTestFilter(146)-638417995726724527.json" />
        <ResultFile path="DESKTOP-3FN5V33\SearchQuery-QueryableExtensionsTests_ExecuteByTestFilter(142)-638417995726494099.json" />
      </ResultFiles>
    </UnitTestResult>
    <UnitTestResult executionId="7dd1c96e-005f-4b36-aab7-e3c9145436e8" testId="b6498f29-1231-5fcf-4954-1746daa0500d" testName="ExecuteByTest_Filter (Eliassen.System.Tests.Linq.TestTargets.TestTargetModel,Name,EqualTo,,0,)" computerName="DESKTOP-3FN5V33" duration="00:00:00.0318837" startTime="2024-01-25T17:12:48.1116413-05:00" endTime="2024-01-25T17:12:54.3206202-05:00" testType="13cdc9d9-ddb5-4fa4-a97d-d965ccfc6d4b" outcome="Passed" testListId="8c84fa94-04c1-424b-9868-57a2d4851a1d" relativeResultsDirectory="7dd1c96e-005f-4b36-aab7-e3c9145436e8" xmlns="http://microsoft.com/schemas/VisualStudio/TeamTest/2010">
      <Output>
        <StdOut>Eliassen.System.Linq.ConsoleLogger`1[Eliassen.System.Linq.Search.QueryBuilder]:Information:&gt;
	Build query for CurrentPage: 0
PageSize: 0
ExcludePageCount: False
SearchTerm: (null)
	F:Name: EqualTo:

Eliassen.System.Linq.ConsoleLogger`1[Eliassen.System.Linq.Search.QueryBuilder]:Information:&gt;
	Execute (paged): System.Linq.Enumerable+SelectRangeIterator`1[Eliassen.System.Tests.Linq.TestTargets.TestTargetModel].Where(n =&gt; (n.Name == "")).OrderBy(_ =&gt; 0).Skip(0).Take(10)



TestContext Messages:
SearchQuery-QueryableExtensionsTests_ExecuteByTestFilter(142)-638417995726175497.json: Attached
EnumerableQuery_1-QueryableExtensionsTests_ExecuteByTestFilter(144)-638417995726213480.json: Attached
PagedQueryResult_1-QueryableExtensionsTests_ExecuteByTestFilter(146)-638417995726387870.json: Attached
resultKeys:</StdOut>
        <StdErr>Eliassen.System.Linq.ConsoleLogger`1[Eliassen.System.Linq.Search.SortBuilder`1[Eliassen.System.Tests.Linq.TestTargets.TestTargetModel]]:Warning:&gt;
	Force sort by 0 applied for Eliassen.System.Tests.Linq.TestTargets.TestTargetModel</StdErr>
      </Output>
      <ResultFiles>
        <ResultFile path="DESKTOP-3FN5V33\EnumerableQuery_1-QueryableExtensionsTests_ExecuteByTestFilter(144)-638417995726213480.json" />
        <ResultFile path="DESKTOP-3FN5V33\PagedQueryResult_1-QueryableExtensionsTests_ExecuteByTestFilter(146)-638417995726387870.json" />
        <ResultFile path="DESKTOP-3FN5V33\SearchQuery-QueryableExtensionsTests_ExecuteByTestFilter(142)-638417995726175497.json" />
      </ResultFiles>
    </UnitTestResult>
    <UnitTestResult executionId="473c5449-bb46-4ccc-912f-88a742ac901a" testId="cde968fd-b220-e483-e127-75958f75b2b3" testName="VisitTest_Equals (Hello,HELLO,True)" computerName="DESKTOP-3FN5V33" duration="00:00:00.0014343" startTime="2024-01-25T17:12:56.7297775-05:00" endTime="2024-01-25T17:12:56.7317497-05:00" testType="13cdc9d9-ddb5-4fa4-a97d-d965ccfc6d4b" outcome="Passed" testListId="8c84fa94-04c1-424b-9868-57a2d4851a1d" relativeResultsDirectory="473c5449-bb46-4ccc-912f-88a742ac901a" xmlns="http://microsoft.com/schemas/VisualStudio/TeamTest/2010">
      <Output>
        <StdOut>Eliassen.System.Linq.ConsoleLogger`1[Eliassen.System.Linq.Expressions.StringComparisonReplacementExpressionVisitor]:Debug:&gt;
	Replace: e.Equals(value(Eliassen.System.Tests.Linq.Expressions.StringComparisonReplacementExpressionVisitorTests+&lt;&gt;c__DisplayClass5_0).matched) with e.Equals(value(Eliassen.System.Tests.Linq.Expressions.StringComparisonReplacementExpressionVisitorTests+&lt;&gt;c__DisplayClass5_0).matched, CurrentCultureIgnoreCase)



TestContext Messages:
expression: e =&gt; e.Equals(value(Eliassen.System.Tests.Linq.Expressions.StringComparisonReplacementExpressionVisitorTests+&lt;&gt;c__DisplayClass5_0).matched)
visited: e =&gt; e.Equals(value(Eliassen.System.Tests.Linq.Expressions.StringComparisonReplacementExpressionVisitorTests+&lt;&gt;c__DisplayClass5_0).matched, CurrentCultureIgnoreCase)</StdOut>
      </Output>
    </UnitTestResult>
    <UnitTestResult executionId="d61c6be8-851c-4182-9503-57ea5cc83572" testId="5b534773-a7de-3872-277f-efb65d408d74" testName="VisitTest_EndsWith (Hello,LO,True)" computerName="DESKTOP-3FN5V33" duration="00:00:00.0007686" startTime="2024-01-25T17:12:56.7827328-05:00" endTime="2024-01-25T17:12:56.7839355-05:00" testType="13cdc9d9-ddb5-4fa4-a97d-d965ccfc6d4b" outcome="Passed" testListId="8c84fa94-04c1-424b-9868-57a2d4851a1d" relativeResultsDirectory="d61c6be8-851c-4182-9503-57ea5cc83572" xmlns="http://microsoft.com/schemas/VisualStudio/TeamTest/2010">
      <Output>
        <StdOut>Eliassen.System.Linq.ConsoleLogger`1[Eliassen.System.Linq.Expressions.StringComparisonReplacementExpressionVisitor]:Debug:&gt;
	Replace: e.EndsWith(value(Eliassen.System.Tests.Linq.Expressions.StringComparisonReplacementExpressionVisitorTests+&lt;&gt;c__DisplayClass8_0).matched) with e.EndsWith(value(Eliassen.System.Tests.Linq.Expressions.StringComparisonReplacementExpressionVisitorTests+&lt;&gt;c__DisplayClass8_0).matched, CurrentCultureIgnoreCase)



TestContext Messages:
expression: e =&gt; e.EndsWith(value(Eliassen.System.Tests.Linq.Expressions.StringComparisonReplacementExpressionVisitorTests+&lt;&gt;c__DisplayClass8_0).matched)
visited: e =&gt; e.EndsWith(value(Eliassen.System.Tests.Linq.Expressions.StringComparisonReplacementExpressionVisitorTests+&lt;&gt;c__DisplayClass8_0).matched, CurrentCultureIgnoreCase)</StdOut>
      </Output>
    </UnitTestResult>
    <UnitTestResult executionId="26f1107c-d29a-4c87-87a8-0fcd2f77a3d5" testId="e350703c-47df-56f0-b995-a52c38b53eca" testName="MakeSafeTest (System.Nullable`1[System.Int32],nope,)" computerName="DESKTOP-3FN5V33" duration="00:00:00.0001312" startTime="2024-01-25T17:12:47.8288433-05:00" endTime="2024-01-25T17:12:48.0197243-05:00" testType="13cdc9d9-ddb5-4fa4-a97d-d965ccfc6d4b" outcome="Passed" testListId="8c84fa94-04c1-424b-9868-57a2d4851a1d" relativeResultsDirectory="26f1107c-d29a-4c87-87a8-0fcd2f77a3d5" xmlns="http://microsoft.com/schemas/VisualStudio/TeamTest/2010" />
    <UnitTestResult executionId="ad832437-f8be-427e-89d5-6b307cc71570" testId="7fd160bc-3b5b-e6e2-40ae-1974536260f2" testName="TryParseTest (System.Nullable`1[System.Guid],nope,False,)" computerName="DESKTOP-3FN5V33" duration="00:00:00.0000977" startTime="2024-01-25T17:12:48.0326093-05:00" endTime="2024-01-25T17:12:48.0357883-05:00" testType="13cdc9d9-ddb5-4fa4-a97d-d965ccfc6d4b" outcome="Passed" testListId="8c84fa94-04c1-424b-9868-57a2d4851a1d" relativeResultsDirectory="ad832437-f8be-427e-89d5-6b307cc71570" xmlns="http://microsoft.com/schemas/VisualStudio/TeamTest/2010" />
    <UnitTestResult executionId="1c3d2585-5fbe-4dd9-9d47-1fd27d5867ec" testId="b6498f29-1231-5fcf-4954-1746daa0500d" testName="ExecuteByTest_Filter (Eliassen.System.Tests.Linq.TestTargets.TestTargetExtendedModel,DateTimeOffsetNullable,LessThan,2020-03-01T01:01:01.4356493+02:00,2,0,1)" computerName="DESKTOP-3FN5V33" duration="00:00:00.3129466" startTime="2024-01-25T17:12:48.1116413-05:00" endTime="2024-01-25T17:12:54.3206202-05:00" testType="13cdc9d9-ddb5-4fa4-a97d-d965ccfc6d4b" outcome="Passed" testListId="8c84fa94-04c1-424b-9868-57a2d4851a1d" relativeResultsDirectory="1c3d2585-5fbe-4dd9-9d47-1fd27d5867ec" xmlns="http://microsoft.com/schemas/VisualStudio/TeamTest/2010">
      <Output>
        <StdOut>Eliassen.System.Linq.ConsoleLogger`1[Eliassen.System.Linq.Search.QueryBuilder]:Information:&gt;
	Build query for CurrentPage: 0
PageSize: 0
ExcludePageCount: False
SearchTerm: (null)
	F:DateTimeOffsetNullable: LessThan: 2020-03-01T01:01:01.4356493+02:00

Eliassen.System.Linq.ConsoleLogger`1[Eliassen.System.Linq.Search.SortBuilder`1[Eliassen.System.Tests.Linq.TestTargets.TestTargetExtendedModel]]:Information:&gt;
	Applying default sort for Eliassen.System.Tests.Linq.TestTargets.TestTargetExtendedModel: (Index, Ascending)
Eliassen.System.Linq.ConsoleLogger`1[Eliassen.System.Linq.Search.QueryBuilder]:Information:&gt;
	Execute (paged): System.Linq.Enumerable+SelectRangeIterator`1[Eliassen.System.Tests.Linq.TestTargets.TestTargetExtendedModel].Where(n =&gt; (n.DateTimeOffsetNullable &lt; Convert(3/1/2020 1:01:01 AM +02:00, Nullable`1))).OrderBy(n =&gt; Convert(n.Index, Object)).Skip(0).Take(10)



TestContext Messages:
SearchQuery-QueryableExtensionsTests_ExecuteByTestFilter(142)-638417995714737953.json: Attached
EnumerableQuery_1-QueryableExtensionsTests_ExecuteByTestFilter(144)-638417995714778500.json: Attached
PagedQueryResult_1-QueryableExtensionsTests_ExecuteByTestFilter(146)-638417995717741142.json: Attached
resultKeys: 0,1</StdOut>
        <StdErr>Eliassen.System.Linq.ConsoleLogger`1[Eliassen.System.Linq.Expressions.ExpressionTreeBuilder`1[Eliassen.System.Tests.Linq.TestTargets.TestTargetExtendedModel]]:Warning:&gt;
	2020-03-01T01:01:01.4356493+02:00 parsed to 03/01/2020 01:01:01 +02:00 (System.DateTimeOffset)</StdErr>
      </Output>
      <ResultFiles>
        <ResultFile path="DESKTOP-3FN5V33\EnumerableQuery_1-QueryableExtensionsTests_ExecuteByTestFilter(144)-638417995714778500.json" />
        <ResultFile path="DESKTOP-3FN5V33\PagedQueryResult_1-QueryableExtensionsTests_ExecuteByTestFilter(146)-638417995717741142.json" />
        <ResultFile path="DESKTOP-3FN5V33\SearchQuery-QueryableExtensionsTests_ExecuteByTestFilter(142)-638417995714737953.json" />
      </ResultFiles>
    </UnitTestResult>
    <UnitTestResult executionId="040876f6-b808-4116-ae67-780c728d4e51" testId="7fd160bc-3b5b-e6e2-40ae-1974536260f2" testName="TryParseTest (System.Nullable`1[System.Guid],18AACB9C-2989-4322-A490-C7167BEA0DB4,True,18aacb9c-2989-4322-a490-c7167bea0db4)" computerName="DESKTOP-3FN5V33" duration="00:00:00.0005143" startTime="2024-01-25T17:12:48.0326093-05:00" endTime="2024-01-25T17:12:48.0357883-05:00" testType="13cdc9d9-ddb5-4fa4-a97d-d965ccfc6d4b" outcome="Passed" testListId="8c84fa94-04c1-424b-9868-57a2d4851a1d" relativeResultsDirectory="040876f6-b808-4116-ae67-780c728d4e51" xmlns="http://microsoft.com/schemas/VisualStudio/TeamTest/2010" />
    <UnitTestResult executionId="568aca92-6547-4b58-97dc-bf70c7684826" testId="e350703c-47df-56f0-b995-a52c38b53eca" testName="MakeSafeTest (System.DateTime,3/16/2022 12:00:00 AM,3/16/2022 12:00:00 AM)" computerName="DESKTOP-3FN5V33" duration="00:00:00.0001365" startTime="2024-01-25T17:12:47.8288433-05:00" endTime="2024-01-25T17:12:48.0197243-05:00" testType="13cdc9d9-ddb5-4fa4-a97d-d965ccfc6d4b" outcome="Passed" testListId="8c84fa94-04c1-424b-9868-57a2d4851a1d" relativeResultsDirectory="568aca92-6547-4b58-97dc-bf70c7684826" xmlns="http://microsoft.com/schemas/VisualStudio/TeamTest/2010" />
    <UnitTestResult executionId="5abeb1df-0d1b-44a1-810e-6271a5d12d80" testId="b6498f29-1231-5fcf-4954-1746daa0500d" testName="ExecuteByTest_Filter (Eliassen.System.Tests.Linq.TestTargets.TestTargetExtendedModel,Date,LessThanOrEqualTo,3/1/2020,4,-1,0,1,2)" computerName="DESKTOP-3FN5V33" duration="00:00:00.3456774" startTime="2024-01-25T17:12:48.1116413-05:00" endTime="2024-01-25T17:12:54.3206202-05:00" testType="13cdc9d9-ddb5-4fa4-a97d-d965ccfc6d4b" outcome="Passed" testListId="8c84fa94-04c1-424b-9868-57a2d4851a1d" relativeResultsDirectory="5abeb1df-0d1b-44a1-810e-6271a5d12d80" xmlns="http://microsoft.com/schemas/VisualStudio/TeamTest/2010">
      <Output>
        <StdOut>Eliassen.System.Linq.ConsoleLogger`1[Eliassen.System.Linq.Search.QueryBuilder]:Information:&gt;
	Build query for CurrentPage: 0
PageSize: 0
ExcludePageCount: False
SearchTerm: (null)
	F:Date: LessThanOrEqualTo: 3/1/2020

Eliassen.System.Linq.ConsoleLogger`1[Eliassen.System.Linq.Search.SortBuilder`1[Eliassen.System.Tests.Linq.TestTargets.TestTargetExtendedModel]]:Information:&gt;
	Applying default sort for Eliassen.System.Tests.Linq.TestTargets.TestTargetExtendedModel: (Index, Ascending)
Eliassen.System.Linq.ConsoleLogger`1[Eliassen.System.Linq.Search.QueryBuilder]:Information:&gt;
	Execute (paged): System.Linq.Enumerable+SelectRangeIterator`1[Eliassen.System.Tests.Linq.TestTargets.TestTargetExtendedModel].Where(n =&gt; (n.Date &lt;= 3/1/2020 12:00:00 AM)).OrderBy(n =&gt; Convert(n.Index, Object)).Skip(0).Take(10)



TestContext Messages:
SearchQuery-QueryableExtensionsTests_ExecuteByTestFilter(142)-638417995717877994.json: Attached
EnumerableQuery_1-QueryableExtensionsTests_ExecuteByTestFilter(144)-638417995717929166.json: Attached
PagedQueryResult_1-QueryableExtensionsTests_ExecuteByTestFilter(146)-638417995721187345.json: Attached
resultKeys: -1,0,1,2</StdOut>
        <StdErr>Eliassen.System.Linq.ConsoleLogger`1[Eliassen.System.Linq.Expressions.ExpressionTreeBuilder`1[Eliassen.System.Tests.Linq.TestTargets.TestTargetExtendedModel]]:Warning:&gt;
	3/1/2020 parsed to 03/01/2020 00:00:00 (System.DateTime)</StdErr>
      </Output>
      <ResultFiles>
        <ResultFile path="DESKTOP-3FN5V33\EnumerableQuery_1-QueryableExtensionsTests_ExecuteByTestFilter(144)-638417995717929166.json" />
        <ResultFile path="DESKTOP-3FN5V33\PagedQueryResult_1-QueryableExtensionsTests_ExecuteByTestFilter(146)-638417995721187345.json" />
        <ResultFile path="DESKTOP-3FN5V33\SearchQuery-QueryableExtensionsTests_ExecuteByTestFilter(142)-638417995717877994.json" />
      </ResultFiles>
    </UnitTestResult>
    <UnitTestResult executionId="42c664c6-f94a-4210-bb7c-9fc7124ad9eb" testId="9576cb6d-ffa5-4a23-9c7a-c5c6b213d46b" testName="GetResourceStreamTest_NotFound" computerName="DESKTOP-3FN5V33" duration="00:00:00.0003271" startTime="2024-01-25T17:12:48.0534612-05:00" endTime="2024-01-25T17:12:48.0540036-05:00" testType="13cdc9d9-ddb5-4fa4-a97d-d965ccfc6d4b" outcome="Passed" testListId="8c84fa94-04c1-424b-9868-57a2d4851a1d" relativeResultsDirectory="42c664c6-f94a-4210-bb7c-9fc7124ad9eb" xmlns="http://microsoft.com/schemas/VisualStudio/TeamTest/2010" />
    <UnitTestResult executionId="9c6e5cc2-e2df-494c-83bc-e7336d47ce77" testId="e350703c-47df-56f0-b995-a52c38b53eca" testName="MakeSafeTest (System.Double,1,1)" computerName="DESKTOP-3FN5V33" duration="00:00:00.0021269" startTime="2024-01-25T17:12:47.8288433-05:00" endTime="2024-01-25T17:12:48.0197243-05:00" testType="13cdc9d9-ddb5-4fa4-a97d-d965ccfc6d4b" outcome="Passed" testListId="8c84fa94-04c1-424b-9868-57a2d4851a1d" relativeResultsDirectory="9c6e5cc2-e2df-494c-83bc-e7336d47ce77" xmlns="http://microsoft.com/schemas/VisualStudio/TeamTest/2010" />
    <UnitTestResult executionId="5b525360-f3a4-4b2a-95db-d6a8c15fc9ab" testId="b6498f29-1231-5fcf-4954-1746daa0500d" testName="ExecuteByTest_Filter (Eliassen.System.Tests.Linq.TestTargets.TestTargetModel,Index,EqualTo,0,1,0)" computerName="DESKTOP-3FN5V33" duration="00:00:00.0335060" startTime="2024-01-25T17:12:48.1116413-05:00" endTime="2024-01-25T17:12:54.3206202-05:00" testType="13cdc9d9-ddb5-4fa4-a97d-d965ccfc6d4b" outcome="Passed" testListId="8c84fa94-04c1-424b-9868-57a2d4851a1d" relativeResultsDirectory="5b525360-f3a4-4b2a-95db-d6a8c15fc9ab" xmlns="http://microsoft.com/schemas/VisualStudio/TeamTest/2010">
      <Output>
        <StdOut>Eliassen.System.Linq.ConsoleLogger`1[Eliassen.System.Linq.Search.QueryBuilder]:Information:&gt;
	Build query for CurrentPage: 0
PageSize: 0
ExcludePageCount: False
SearchTerm: (null)
	F:Index: EqualTo: 0

Eliassen.System.Linq.ConsoleLogger`1[Eliassen.System.Linq.Search.QueryBuilder]:Information:&gt;
	Execute (paged): System.Linq.Enumerable+SelectRangeIterator`1[Eliassen.System.Tests.Linq.TestTargets.TestTargetModel].Where(n =&gt; (n.Index == 0)).OrderBy(_ =&gt; 0).Skip(0).Take(10)



TestContext Messages:
SearchQuery-QueryableExtensionsTests_ExecuteByTestFilter(142)-638417995688071136.json: Attached
EnumerableQuery_1-QueryableExtensionsTests_ExecuteByTestFilter(144)-638417995688116365.json: Attached
PagedQueryResult_1-QueryableExtensionsTests_ExecuteByTestFilter(146)-638417995688300889.json: Attached
resultKeys: 0</StdOut>
        <StdErr>Eliassen.System.Linq.ConsoleLogger`1[Eliassen.System.Linq.Expressions.ExpressionTreeBuilder`1[Eliassen.System.Tests.Linq.TestTargets.TestTargetModel]]:Warning:&gt;
	0 parsed to 0 (System.Int32)
Eliassen.System.Linq.ConsoleLogger`1[Eliassen.System.Linq.Search.SortBuilder`1[Eliassen.System.Tests.Linq.TestTargets.TestTargetModel]]:Warning:&gt;
	Force sort by 0 applied for Eliassen.System.Tests.Linq.TestTargets.TestTargetModel</StdErr>
      </Output>
      <ResultFiles>
        <ResultFile path="DESKTOP-3FN5V33\EnumerableQuery_1-QueryableExtensionsTests_ExecuteByTestFilter(144)-638417995688116365.json" />
        <ResultFile path="DESKTOP-3FN5V33\PagedQueryResult_1-QueryableExtensionsTests_ExecuteByTestFilter(146)-638417995688300889.json" />
        <ResultFile path="DESKTOP-3FN5V33\SearchQuery-QueryableExtensionsTests_ExecuteByTestFilter(142)-638417995688071136.json" />
      </ResultFiles>
    </UnitTestResult>
    <UnitTestResult executionId="2d18ddb0-2055-49e7-a055-599ae1e65304" testId="7fd160bc-3b5b-e6e2-40ae-1974536260f2" testName="TryParseTest (System.Int32,nope,False,)" computerName="DESKTOP-3FN5V33" duration="00:00:00.0000853" startTime="2024-01-25T17:12:48.0326093-05:00" endTime="2024-01-25T17:12:48.0357883-05:00" testType="13cdc9d9-ddb5-4fa4-a97d-d965ccfc6d4b" outcome="Passed" testListId="8c84fa94-04c1-424b-9868-57a2d4851a1d" relativeResultsDirectory="2d18ddb0-2055-49e7-a055-599ae1e65304" xmlns="http://microsoft.com/schemas/VisualStudio/TeamTest/2010" />
    <UnitTestResult executionId="71c1a87a-1271-4791-8e85-c02435f01d18" testId="94eba969-c82f-9e81-1248-494bdd4f32c8" testName="GetSearchablePropertyNames_TestTarget3Model" computerName="DESKTOP-3FN5V33" duration="00:00:00.0013111" startTime="2024-01-25T17:12:56.6655864-05:00" endTime="2024-01-25T17:12:56.6671292-05:00" testType="13cdc9d9-ddb5-4fa4-a97d-d965ccfc6d4b" outcome="Passed" testListId="8c84fa94-04c1-424b-9868-57a2d4851a1d" relativeResultsDirectory="71c1a87a-1271-4791-8e85-c02435f01d18" xmlns="http://microsoft.com/schemas/VisualStudio/TeamTest/2010" />
    <UnitTestResult executionId="a55b303f-c226-489a-9b85-079870232950" testId="e350703c-47df-56f0-b995-a52c38b53eca" testName="MakeSafeTest (System.Int32,1.1,1)" computerName="DESKTOP-3FN5V33" duration="00:00:00.0000321" startTime="2024-01-25T17:12:47.8288433-05:00" endTime="2024-01-25T17:12:48.0197243-05:00" testType="13cdc9d9-ddb5-4fa4-a97d-d965ccfc6d4b" outcome="Passed" testListId="8c84fa94-04c1-424b-9868-57a2d4851a1d" relativeResultsDirectory="a55b303f-c226-489a-9b85-079870232950" xmlns="http://microsoft.com/schemas/VisualStudio/TeamTest/2010" />
    <UnitTestResult executionId="e2365c27-1bae-4c21-9fd7-69aa586dbac3" testId="b6498f29-1231-5fcf-4954-1746daa0500d" testName="ExecuteByTest_Filter (Eliassen.System.Tests.Linq.TestTargets.TestTargetModel,Index,LessThan,5,5,0,1,2,3,4)" computerName="DESKTOP-3FN5V33" duration="00:00:00.0349831" startTime="2024-01-25T17:12:48.1116413-05:00" endTime="2024-01-25T17:12:54.3206202-05:00" testType="13cdc9d9-ddb5-4fa4-a97d-d965ccfc6d4b" outcome="Passed" testListId="8c84fa94-04c1-424b-9868-57a2d4851a1d" relativeResultsDirectory="e2365c27-1bae-4c21-9fd7-69aa586dbac3" xmlns="http://microsoft.com/schemas/VisualStudio/TeamTest/2010">
      <Output>
        <StdOut>Eliassen.System.Linq.ConsoleLogger`1[Eliassen.System.Linq.Search.QueryBuilder]:Information:&gt;
	Build query for CurrentPage: 0
PageSize: 0
ExcludePageCount: False
SearchTerm: (null)
	F:Index: LessThan: 5

Eliassen.System.Linq.ConsoleLogger`1[Eliassen.System.Linq.Search.QueryBuilder]:Information:&gt;
	Execute (paged): System.Linq.Enumerable+SelectRangeIterator`1[Eliassen.System.Tests.Linq.TestTargets.TestTargetModel].Where(n =&gt; (n.Index &lt; 5)).OrderBy(_ =&gt; 0).Skip(0).Take(10)



TestContext Messages:
SearchQuery-QueryableExtensionsTests_ExecuteByTestFilter(142)-638417995686075779.json: Attached
EnumerableQuery_1-QueryableExtensionsTests_ExecuteByTestFilter(144)-638417995686130032.json: Attached
PagedQueryResult_1-QueryableExtensionsTests_ExecuteByTestFilter(146)-638417995686309518.json: Attached
resultKeys: 0,1,2,3,4</StdOut>
        <StdErr>Eliassen.System.Linq.ConsoleLogger`1[Eliassen.System.Linq.Expressions.ExpressionTreeBuilder`1[Eliassen.System.Tests.Linq.TestTargets.TestTargetModel]]:Warning:&gt;
	5 parsed to 5 (System.Int32)
Eliassen.System.Linq.ConsoleLogger`1[Eliassen.System.Linq.Search.SortBuilder`1[Eliassen.System.Tests.Linq.TestTargets.TestTargetModel]]:Warning:&gt;
	Force sort by 0 applied for Eliassen.System.Tests.Linq.TestTargets.TestTargetModel</StdErr>
      </Output>
      <ResultFiles>
        <ResultFile path="DESKTOP-3FN5V33\EnumerableQuery_1-QueryableExtensionsTests_ExecuteByTestFilter(144)-638417995686130032.json" />
        <ResultFile path="DESKTOP-3FN5V33\PagedQueryResult_1-QueryableExtensionsTests_ExecuteByTestFilter(146)-638417995686309518.json" />
        <ResultFile path="DESKTOP-3FN5V33\SearchQuery-QueryableExtensionsTests_ExecuteByTestFilter(142)-638417995686075779.json" />
      </ResultFiles>
    </UnitTestResult>
    <UnitTestResult executionId="e81fb222-7322-441e-b379-ec8c0514b002" testId="b6498f29-1231-5fcf-4954-1746daa0500d" testName="ExecuteByTest_Filter (Eliassen.System.Tests.Linq.TestTargets.TestTargetExtendedModel,May,NotEqualTo,,10,-1,1,2,4,5,7,8,10,11,13)" computerName="DESKTOP-3FN5V33" duration="00:00:00.5049742" startTime="2024-01-25T17:12:48.1116413-05:00" endTime="2024-01-25T17:12:54.3206202-05:00" testType="13cdc9d9-ddb5-4fa4-a97d-d965ccfc6d4b" outcome="Passed" testListId="8c84fa94-04c1-424b-9868-57a2d4851a1d" relativeResultsDirectory="e81fb222-7322-441e-b379-ec8c0514b002" xmlns="http://microsoft.com/schemas/VisualStudio/TeamTest/2010">
      <Output>
        <StdOut>Eliassen.System.Linq.ConsoleLogger`1[Eliassen.System.Linq.Search.QueryBuilder]:Information:&gt;
	Build query for CurrentPage: 0
PageSize: 0
ExcludePageCount: False
SearchTerm: (null)
	F:May: NotEqualTo:

Eliassen.System.Linq.ConsoleLogger`1[Eliassen.System.Linq.Search.SortBuilder`1[Eliassen.System.Tests.Linq.TestTargets.TestTargetExtendedModel]]:Information:&gt;
	Applying default sort for Eliassen.System.Tests.Linq.TestTargets.TestTargetExtendedModel: (Index, Ascending)
Eliassen.System.Linq.ConsoleLogger`1[Eliassen.System.Linq.Search.QueryBuilder]:Information:&gt;
	Execute (paged): System.Linq.Enumerable+SelectRangeIterator`1[Eliassen.System.Tests.Linq.TestTargets.TestTargetExtendedModel].Where(n =&gt; (n.May != "")).OrderBy(n =&gt; Convert(n.Index, Object)).Skip(0).Take(10)



TestContext Messages:
SearchQuery-QueryableExtensionsTests_ExecuteByTestFilter(142)-638417995730365078.json: Attached
EnumerableQuery_1-QueryableExtensionsTests_ExecuteByTestFilter(144)-638417995730404447.json: Attached
PagedQueryResult_1-QueryableExtensionsTests_ExecuteByTestFilter(146)-638417995735276298.json: Attached
resultKeys: -1,1,2,4,5,7,8,10,11,13</StdOut>
      </Output>
      <ResultFiles>
        <ResultFile path="DESKTOP-3FN5V33\EnumerableQuery_1-QueryableExtensionsTests_ExecuteByTestFilter(144)-638417995730404447.json" />
        <ResultFile path="DESKTOP-3FN5V33\PagedQueryResult_1-QueryableExtensionsTests_ExecuteByTestFilter(146)-638417995735276298.json" />
        <ResultFile path="DESKTOP-3FN5V33\SearchQuery-QueryableExtensionsTests_ExecuteByTestFilter(142)-638417995730365078.json" />
      </ResultFiles>
    </UnitTestResult>
    <UnitTestResult executionId="0cbb6b66-a01a-4a27-808f-9a5cf2a0092c" testId="7fd160bc-3b5b-e6e2-40ae-1974536260f2" testName="TryParseTest (System.Nullable`1[System.Double],nope,False,)" computerName="DESKTOP-3FN5V33" duration="00:00:00.0000702" startTime="2024-01-25T17:12:48.0326093-05:00" endTime="2024-01-25T17:12:48.0357883-05:00" testType="13cdc9d9-ddb5-4fa4-a97d-d965ccfc6d4b" outcome="Passed" testListId="8c84fa94-04c1-424b-9868-57a2d4851a1d" relativeResultsDirectory="0cbb6b66-a01a-4a27-808f-9a5cf2a0092c" xmlns="http://microsoft.com/schemas/VisualStudio/TeamTest/2010" />
    <UnitTestResult executionId="f2c19e6a-d9a2-428e-8de1-a79d0190d33b" testId="7fd160bc-3b5b-e6e2-40ae-1974536260f2" testName="TryParseTest (System.Nullable`1[System.Decimal],1,True,1)" computerName="DESKTOP-3FN5V33" duration="00:00:00.0000093" startTime="2024-01-25T17:12:48.0326093-05:00" endTime="2024-01-25T17:12:48.0357883-05:00" testType="13cdc9d9-ddb5-4fa4-a97d-d965ccfc6d4b" outcome="Passed" testListId="8c84fa94-04c1-424b-9868-57a2d4851a1d" relativeResultsDirectory="f2c19e6a-d9a2-428e-8de1-a79d0190d33b" xmlns="http://microsoft.com/schemas/VisualStudio/TeamTest/2010" />
    <UnitTestResult executionId="7a7f46a3-b7f7-4617-a541-55c8216bc2fd" testId="b6498f29-1231-5fcf-4954-1746daa0500d" testName="ExecuteByTest_Filter (Eliassen.System.Tests.Linq.TestTargets.TestTargetModel,Name,NotEqualTo,Name1*,10,0,2,3,4,5,6,7,8,9,20)" computerName="DESKTOP-3FN5V33" duration="00:00:00.0289846" startTime="2024-01-25T17:12:48.1116413-05:00" endTime="2024-01-25T17:12:54.3206202-05:00" testType="13cdc9d9-ddb5-4fa4-a97d-d965ccfc6d4b" outcome="Passed" testListId="8c84fa94-04c1-424b-9868-57a2d4851a1d" relativeResultsDirectory="7a7f46a3-b7f7-4617-a541-55c8216bc2fd" xmlns="http://microsoft.com/schemas/VisualStudio/TeamTest/2010">
      <Output>
        <StdOut>Eliassen.System.Linq.ConsoleLogger`1[Eliassen.System.Linq.Search.QueryBuilder]:Information:&gt;
	Build query for CurrentPage: 0
PageSize: 0
ExcludePageCount: False
SearchTerm: (null)
	F:Name: NotEqualTo: Name1*

Eliassen.System.Linq.ConsoleLogger`1[Eliassen.System.Linq.Search.QueryBuilder]:Information:&gt;
	Execute (paged): System.Linq.Enumerable+SelectRangeIterator`1[Eliassen.System.Tests.Linq.TestTargets.TestTargetModel].Where(n =&gt; Not(n.Name.StartsWith("Name1"))).OrderBy(_ =&gt; 0).Skip(0).Take(10)



TestContext Messages:
SearchQuery-QueryableExtensionsTests_ExecuteByTestFilter(142)-638417995690640283.json: Attached
EnumerableQuery_1-QueryableExtensionsTests_ExecuteByTestFilter(144)-638417995690679844.json: Attached
PagedQueryResult_1-QueryableExtensionsTests_ExecuteByTestFilter(146)-638417995690849272.json: Attached
resultKeys: 0,2,3,4,5,6,7,8,9,20</StdOut>
        <StdErr>Eliassen.System.Linq.ConsoleLogger`1[Eliassen.System.Linq.Search.SortBuilder`1[Eliassen.System.Tests.Linq.TestTargets.TestTargetModel]]:Warning:&gt;
	Force sort by 0 applied for Eliassen.System.Tests.Linq.TestTargets.TestTargetModel</StdErr>
      </Output>
      <ResultFiles>
        <ResultFile path="DESKTOP-3FN5V33\EnumerableQuery_1-QueryableExtensionsTests_ExecuteByTestFilter(144)-638417995690679844.json" />
        <ResultFile path="DESKTOP-3FN5V33\PagedQueryResult_1-QueryableExtensionsTests_ExecuteByTestFilter(146)-638417995690849272.json" />
        <ResultFile path="DESKTOP-3FN5V33\SearchQuery-QueryableExtensionsTests_ExecuteByTestFilter(142)-638417995690640283.json" />
      </ResultFiles>
    </UnitTestResult>
    <UnitTestResult executionId="b8980724-1267-4852-ad35-36b43bf00c03" testId="f664882a-a952-a76f-bc8f-fcf0578ff20f" testName="GetResourceFromJsonAsyncTest" computerName="DESKTOP-3FN5V33" duration="00:00:00.0058263" startTime="2024-01-25T17:12:48.0550334-05:00" endTime="2024-01-25T17:12:48.0611236-05:00" testType="13cdc9d9-ddb5-4fa4-a97d-d965ccfc6d4b" outcome="Passed" testListId="8c84fa94-04c1-424b-9868-57a2d4851a1d" relativeResultsDirectory="b8980724-1267-4852-ad35-36b43bf00c03" xmlns="http://microsoft.com/schemas/VisualStudio/TeamTest/2010" />
    <UnitTestResult executionId="e8215bd7-aa06-45f7-b7a0-38d2ab809de7" testId="b6498f29-1231-5fcf-4954-1746daa0500d" testName="ExecuteByTest_Filter (Eliassen.System.Tests.Linq.TestTargets.TestTargetModel,Name,EqualTo,*e2*,10,2,20,21,22,23,24,25,26,27,28)" computerName="DESKTOP-3FN5V33" duration="00:00:00.0296909" startTime="2024-01-25T17:12:48.1116413-05:00" endTime="2024-01-25T17:12:54.3206202-05:00" testType="13cdc9d9-ddb5-4fa4-a97d-d965ccfc6d4b" outcome="Passed" testListId="8c84fa94-04c1-424b-9868-57a2d4851a1d" relativeResultsDirectory="e8215bd7-aa06-45f7-b7a0-38d2ab809de7" xmlns="http://microsoft.com/schemas/VisualStudio/TeamTest/2010">
      <Output>
        <StdOut>Eliassen.System.Linq.ConsoleLogger`1[Eliassen.System.Linq.Search.QueryBuilder]:Information:&gt;
	Build query for CurrentPage: 0
PageSize: 0
ExcludePageCount: False
SearchTerm: (null)
	F:Name: EqualTo: *e2*

Eliassen.System.Linq.ConsoleLogger`1[Eliassen.System.Linq.Search.QueryBuilder]:Information:&gt;
	Execute (paged): System.Linq.Enumerable+SelectRangeIterator`1[Eliassen.System.Tests.Linq.TestTargets.TestTargetModel].Where(n =&gt; n.Name.Contains("e2")).OrderBy(_ =&gt; 0).Skip(0).Take(10)



TestContext Messages:
SearchQuery-QueryableExtensionsTests_ExecuteByTestFilter(142)-638417995689458119.json: Attached
EnumerableQuery_1-QueryableExtensionsTests_ExecuteByTestFilter(144)-638417995689498688.json: Attached
PagedQueryResult_1-QueryableExtensionsTests_ExecuteByTestFilter(146)-638417995689672308.json: Attached
resultKeys: 2,20,21,22,23,24,25,26,27,28</StdOut>
        <StdErr>Eliassen.System.Linq.ConsoleLogger`1[Eliassen.System.Linq.Search.SortBuilder`1[Eliassen.System.Tests.Linq.TestTargets.TestTargetModel]]:Warning:&gt;
	Force sort by 0 applied for Eliassen.System.Tests.Linq.TestTargets.TestTargetModel</StdErr>
      </Output>
      <ResultFiles>
        <ResultFile path="DESKTOP-3FN5V33\EnumerableQuery_1-QueryableExtensionsTests_ExecuteByTestFilter(144)-638417995689498688.json" />
        <ResultFile path="DESKTOP-3FN5V33\PagedQueryResult_1-QueryableExtensionsTests_ExecuteByTestFilter(146)-638417995689672308.json" />
        <ResultFile path="DESKTOP-3FN5V33\SearchQuery-QueryableExtensionsTests_ExecuteByTestFilter(142)-638417995689458119.json" />
      </ResultFiles>
    </UnitTestResult>
    <UnitTestResult executionId="207ff156-d816-4f44-b8e1-d23419445f1d" testId="e350703c-47df-56f0-b995-a52c38b53eca" testName="MakeSafeTest (System.Nullable`1[System.Guid],nope,)" computerName="DESKTOP-3FN5V33" duration="00:00:00.0001849" startTime="2024-01-25T17:12:47.8288433-05:00" endTime="2024-01-25T17:12:48.0197243-05:00" testType="13cdc9d9-ddb5-4fa4-a97d-d965ccfc6d4b" outcome="Passed" testListId="8c84fa94-04c1-424b-9868-57a2d4851a1d" relativeResultsDirectory="207ff156-d816-4f44-b8e1-d23419445f1d" xmlns="http://microsoft.com/schemas/VisualStudio/TeamTest/2010" />
    <UnitTestResult executionId="1b450623-8c69-4534-908d-c9a3c05ec406" testId="5745a05f-6078-14a6-d124-e23b5e51504a" testName="GetResourceStreamTest" computerName="DESKTOP-3FN5V33" duration="00:00:00.0005281" startTime="2024-01-25T17:12:48.0500987-05:00" endTime="2024-01-25T17:12:48.0508933-05:00" testType="13cdc9d9-ddb5-4fa4-a97d-d965ccfc6d4b" outcome="Passed" testListId="8c84fa94-04c1-424b-9868-57a2d4851a1d" relativeResultsDirectory="1b450623-8c69-4534-908d-c9a3c05ec406" xmlns="http://microsoft.com/schemas/VisualStudio/TeamTest/2010" />
    <UnitTestResult executionId="384a72ce-af0e-4d80-87d2-9efa1bdb48a0" testId="e350703c-47df-56f0-b995-a52c38b53eca" testName="MakeSafeTest (System.Nullable`1[System.Double],1,1)" computerName="DESKTOP-3FN5V33" duration="00:00:00.0003965" startTime="2024-01-25T17:12:47.8288433-05:00" endTime="2024-01-25T17:12:48.0197243-05:00" testType="13cdc9d9-ddb5-4fa4-a97d-d965ccfc6d4b" outcome="Passed" testListId="8c84fa94-04c1-424b-9868-57a2d4851a1d" relativeResultsDirectory="384a72ce-af0e-4d80-87d2-9efa1bdb48a0" xmlns="http://microsoft.com/schemas/VisualStudio/TeamTest/2010" />
    <UnitTestResult executionId="7b8bee0e-0b89-4ca8-a52b-cdd837ceb138" testId="b6498f29-1231-5fcf-4954-1746daa0500d" testName="ExecuteByTest_Filter (Eliassen.System.Tests.Linq.TestTargets.TestTargetWithInnerArrayModel,Children,EqualTo,*001,10,2,3,4,5,6,7,8,9,12,13)" computerName="DESKTOP-3FN5V33" duration="00:00:00.0680996" startTime="2024-01-25T17:12:48.1116413-05:00" endTime="2024-01-25T17:12:54.3206202-05:00" testType="13cdc9d9-ddb5-4fa4-a97d-d965ccfc6d4b" outcome="Passed" testListId="8c84fa94-04c1-424b-9868-57a2d4851a1d" relativeResultsDirectory="7b8bee0e-0b89-4ca8-a52b-cdd837ceb138" xmlns="http://microsoft.com/schemas/VisualStudio/TeamTest/2010">
      <Output>
        <StdOut>Eliassen.System.Linq.ConsoleLogger`1[Eliassen.System.Linq.Search.QueryBuilder]:Information:&gt;
	Build query for CurrentPage: 0
PageSize: 0
ExcludePageCount: False
SearchTerm: (null)
	F:Children: EqualTo: *001

Eliassen.System.Linq.ConsoleLogger`1[Eliassen.System.Linq.Search.QueryBuilder]:Information:&gt;
	Execute (paged): System.Linq.Enumerable+SelectRangeIterator`1[Eliassen.System.Tests.Linq.TestTargets.TestTargetWithInnerArrayModel].Where(n =&gt; n.Children.Any(child =&gt; child.EndsWith("001"))).OrderBy(_ =&gt; 0).Skip(0).Take(10)



TestContext Messages:
SearchQuery-QueryableExtensionsTests_ExecuteByTestFilter(142)-638417995724807092.json: Attached
EnumerableQuery_1-QueryableExtensionsTests_ExecuteByTestFilter(144)-638417995724860170.json: Attached
PagedQueryResult_1-QueryableExtensionsTests_ExecuteByTestFilter(146)-638417995725297383.json: Attached
resultKeys: 2,3,4,5,6,7,8,9,12,13</StdOut>
        <StdErr>Eliassen.System.Linq.ConsoleLogger`1[Eliassen.System.Linq.Search.SortBuilder`1[Eliassen.System.Tests.Linq.TestTargets.TestTargetWithInnerArrayModel]]:Warning:&gt;
	Force sort by 0 applied for Eliassen.System.Tests.Linq.TestTargets.TestTargetWithInnerArrayModel</StdErr>
      </Output>
      <ResultFiles>
        <ResultFile path="DESKTOP-3FN5V33\EnumerableQuery_1-QueryableExtensionsTests_ExecuteByTestFilter(144)-638417995724860170.json" />
        <ResultFile path="DESKTOP-3FN5V33\PagedQueryResult_1-QueryableExtensionsTests_ExecuteByTestFilter(146)-638417995725297383.json" />
        <ResultFile path="DESKTOP-3FN5V33\SearchQuery-QueryableExtensionsTests_ExecuteByTestFilter(142)-638417995724807092.json" />
      </ResultFiles>
    </UnitTestResult>
    <UnitTestResult executionId="2a3ddc65-2436-4583-b60b-380d1489f85e" testId="f90f5d2f-9a6e-b4bc-022c-ce37e3e49a29" testName="GetSortablePropertyNamesTest_TestTargetModel" computerName="DESKTOP-3FN5V33" duration="00:00:00.0024455" startTime="2024-01-25T17:12:56.6681344-05:00" endTime="2024-01-25T17:12:56.6710300-05:00" testType="13cdc9d9-ddb5-4fa4-a97d-d965ccfc6d4b" outcome="Passed" testListId="8c84fa94-04c1-424b-9868-57a2d4851a1d" relativeResultsDirectory="2a3ddc65-2436-4583-b60b-380d1489f85e" xmlns="http://microsoft.com/schemas/VisualStudio/TeamTest/2010" />
    <UnitTestResult executionId="14324165-02b1-475a-98ba-96af6e18dfb8" testId="e350703c-47df-56f0-b995-a52c38b53eca" testName="MakeSafeTest (System.Nullable`1[System.Decimal],1,1)" computerName="DESKTOP-3FN5V33" duration="00:00:00.0004418" startTime="2024-01-25T17:12:47.8288433-05:00" endTime="2024-01-25T17:12:48.0197243-05:00" testType="13cdc9d9-ddb5-4fa4-a97d-d965ccfc6d4b" outcome="Passed" testListId="8c84fa94-04c1-424b-9868-57a2d4851a1d" relativeResultsDirectory="14324165-02b1-475a-98ba-96af6e18dfb8" xmlns="http://microsoft.com/schemas/VisualStudio/TeamTest/2010" />
    <UnitTestResult executionId="52ebfb2f-3f26-4ad9-9d10-05c4d1f6a57a" testId="a29d2822-126a-1900-33c2-f20f68d10c99" testName="ToEnumTest (,)" computerName="DESKTOP-3FN5V33" duration="00:00:00.0073983" startTime="2024-01-25T17:12:47.7242743-05:00" endTime="2024-01-25T17:12:47.7323839-05:00" testType="13cdc9d9-ddb5-4fa4-a97d-d965ccfc6d4b" outcome="Passed" testListId="8c84fa94-04c1-424b-9868-57a2d4851a1d" relativeResultsDirectory="52ebfb2f-3f26-4ad9-9d10-05c4d1f6a57a" xmlns="http://microsoft.com/schemas/VisualStudio/TeamTest/2010" />
    <UnitTestResult executionId="5ec6ddce-afa3-4f17-84bd-9088c26d66bd" testId="f3dca1bb-5884-67f2-50ab-603f9fbc49dc" testName="GetSortablePropertyNamesTest_TestTarget2Model" computerName="DESKTOP-3FN5V33" duration="00:00:00.0009298" startTime="2024-01-25T17:12:56.6726488-05:00" endTime="2024-01-25T17:12:56.6738723-05:00" testType="13cdc9d9-ddb5-4fa4-a97d-d965ccfc6d4b" outcome="Passed" testListId="8c84fa94-04c1-424b-9868-57a2d4851a1d" relativeResultsDirectory="5ec6ddce-afa3-4f17-84bd-9088c26d66bd" xmlns="http://microsoft.com/schemas/VisualStudio/TeamTest/2010" />
    <UnitTestResult executionId="1dc7910b-5c6c-4dca-b8ff-a6e531b7b6a4" testId="250659bd-c780-75f8-425e-56948f547d27" testName="ExecuteByTest_Sort (name,Descending,999,998,997,996,995,994,993,992,991,990)" computerName="DESKTOP-3FN5V33" duration="00:00:00.0183608" startTime="2024-01-25T17:12:56.5758213-05:00" endTime="2024-01-25T17:12:56.5951719-05:00" testType="13cdc9d9-ddb5-4fa4-a97d-d965ccfc6d4b" outcome="Passed" testListId="8c84fa94-04c1-424b-9868-57a2d4851a1d" relativeResultsDirectory="1dc7910b-5c6c-4dca-b8ff-a6e531b7b6a4" xmlns="http://microsoft.com/schemas/VisualStudio/TeamTest/2010">
      <Output>
        <StdOut>Eliassen.System.Linq.ConsoleLogger`1[Eliassen.System.Linq.Search.QueryBuilder]:Information:&gt;
	Build query for CurrentPage: 0
PageSize: 0
ExcludePageCount: False
SearchTerm: (null)
	S:name: Descending

Eliassen.System.Linq.ConsoleLogger`1[Eliassen.System.Linq.Search.QueryBuilder]:Information:&gt;
	Execute (paged): System.Linq.Enumerable+SelectRangeIterator`1[Eliassen.System.Tests.Linq.TestTargets.TestTargetModel].OrderByDescending(n =&gt; n.Name).Skip(0).Take(10)



TestContext Messages:
SearchQuery-QueryableExtensionsTests_ExecuteByTest_Sort(340)-638417995765772418.json: Attached
PagedQueryResult_1-QueryableExtensionsTests_ExecuteByTest_Sort(342)-638417995765895586.json: Attached</StdOut>
        <StdErr>Eliassen.System.Linq.ConsoleLogger`1[Eliassen.System.Linq.Search.QueryBuilder]:Warning:&gt;
	No filtering detected: System.Linq.Enumerable+SelectRangeIterator`1[Eliassen.System.Tests.Linq.TestTargets.TestTargetModel]: CurrentPage: 0
PageSize: 0
ExcludePageCount: False
SearchTerm: (null)
	S:name: Descending</StdErr>
      </Output>
      <ResultFiles>
        <ResultFile path="DESKTOP-3FN5V33\PagedQueryResult_1-QueryableExtensionsTests_ExecuteByTest_Sort(342)-638417995765895586.json" />
        <ResultFile path="DESKTOP-3FN5V33\SearchQuery-QueryableExtensionsTests_ExecuteByTest_Sort(340)-638417995765772418.json" />
      </ResultFiles>
    </UnitTestResult>
    <UnitTestResult executionId="0efe4dcf-cf7d-4832-8745-34dc430a238c" testId="7fd160bc-3b5b-e6e2-40ae-1974536260f2" testName="TryParseTest (System.Decimal,1,True,1)" computerName="DESKTOP-3FN5V33" duration="00:00:00.0000143" startTime="2024-01-25T17:12:48.0326093-05:00" endTime="2024-01-25T17:12:48.0357883-05:00" testType="13cdc9d9-ddb5-4fa4-a97d-d965ccfc6d4b" outcome="Passed" testListId="8c84fa94-04c1-424b-9868-57a2d4851a1d" relativeResultsDirectory="0efe4dcf-cf7d-4832-8745-34dc430a238c" xmlns="http://microsoft.com/schemas/VisualStudio/TeamTest/2010" />
    <UnitTestResult executionId="1067d410-3cf4-4767-8381-e332b6b77252" testId="4ba16b26-1543-65b7-5999-fbd5f1c9af2e" testName="VisitTest_Equals (Hello,HeLlO,True)" computerName="DESKTOP-3FN5V33" duration="00:00:00.0007058" startTime="2024-01-25T17:12:56.7332056-05:00" endTime="2024-01-25T17:12:56.7344009-05:00" testType="13cdc9d9-ddb5-4fa4-a97d-d965ccfc6d4b" outcome="Passed" testListId="8c84fa94-04c1-424b-9868-57a2d4851a1d" relativeResultsDirectory="1067d410-3cf4-4767-8381-e332b6b77252" xmlns="http://microsoft.com/schemas/VisualStudio/TeamTest/2010">
      <Output>
        <StdOut>Eliassen.System.Linq.ConsoleLogger`1[Eliassen.System.Linq.Expressions.StringComparisonReplacementExpressionVisitor]:Debug:&gt;
	Replace: e.Equals(value(Eliassen.System.Tests.Linq.Expressions.StringComparisonReplacementExpressionVisitorTests+&lt;&gt;c__DisplayClass5_0).matched) with e.Equals(value(Eliassen.System.Tests.Linq.Expressions.StringComparisonReplacementExpressionVisitorTests+&lt;&gt;c__DisplayClass5_0).matched, CurrentCultureIgnoreCase)



TestContext Messages:
expression: e =&gt; e.Equals(value(Eliassen.System.Tests.Linq.Expressions.StringComparisonReplacementExpressionVisitorTests+&lt;&gt;c__DisplayClass5_0).matched)
visited: e =&gt; e.Equals(value(Eliassen.System.Tests.Linq.Expressions.StringComparisonReplacementExpressionVisitorTests+&lt;&gt;c__DisplayClass5_0).matched, CurrentCultureIgnoreCase)</StdOut>
      </Output>
    </UnitTestResult>
    <UnitTestResult executionId="e02bc677-0778-4a2e-af7a-fc6602f2454d" testId="46607e5b-fea6-a0a2-2caf-2abdd0971d6b" testName="SerializeTest_AnonymousWithStringObjectDictionary" computerName="DESKTOP-3FN5V33" duration="00:00:00.0457735" startTime="2024-01-25T17:12:47.5484287-05:00" endTime="2024-01-25T17:12:47.5945832-05:00" testType="13cdc9d9-ddb5-4fa4-a97d-d965ccfc6d4b" outcome="Passed" testListId="8c84fa94-04c1-424b-9868-57a2d4851a1d" relativeResultsDirectory="e02bc677-0778-4a2e-af7a-fc6602f2454d" xmlns="http://microsoft.com/schemas/VisualStudio/TeamTest/2010">
      <Output>
        <StdOut>TestContext Messages:
String-DefaultJsonSerializerTests_SerializeTest_AnonymousWithStringObjectDictionary(48)-638417995675723701.txt: Attached
__f__AnonymousType1_2-DefaultJsonSerializerTests_SerializeTest_AnonymousWithStringObjectDictionary(49)-638417995675794350.json: Attached</StdOut>
      </Output>
      <ResultFiles>
        <ResultFile path="DESKTOP-3FN5V33\String-DefaultJsonSerializerTests_SerializeTest_AnonymousWithStringObjectDictionary(48)-638417995675723701.txt" />
        <ResultFile path="DESKTOP-3FN5V33\__f__AnonymousType1_2-DefaultJsonSerializerTests_SerializeTest_AnonymousWithStringObjectDictionary(49)-638417995675794350.json" />
      </ResultFiles>
    </UnitTestResult>
    <UnitTestResult executionId="17bfaf0c-b9cb-4b43-b257-a16bb2cb3aee" testId="e72dc3eb-3aa5-dc4a-4345-13e88f385e6f" testName="GetHash (hello world,uU0nuZNNPgilLlLX2n2r+sSE7+N6U4DukIj3rOLvzek=)" computerName="DESKTOP-3FN5V33" duration="00:00:00.0013098" startTime="2024-01-25T17:12:47.6540528-05:00" endTime="2024-01-25T17:12:47.6558512-05:00" testType="13cdc9d9-ddb5-4fa4-a97d-d965ccfc6d4b" outcome="Passed" testListId="8c84fa94-04c1-424b-9868-57a2d4851a1d" relativeResultsDirectory="17bfaf0c-b9cb-4b43-b257-a16bb2cb3aee" xmlns="http://microsoft.com/schemas/VisualStudio/TeamTest/2010">
      <Output>
        <StdOut>TestContext Messages:
"hello world" =&gt; "uU0nuZNNPgilLlLX2n2r+sSE7+N6U4DukIj3rOLvzek="</StdOut>
      </Output>
    </UnitTestResult>
    <UnitTestResult executionId="98232be8-7c73-4ac1-9a02-e3fcf6580e15" testId="7fd160bc-3b5b-e6e2-40ae-1974536260f2" testName="TryParseTest (System.Nullable`1[System.Int32],nope,False,)" computerName="DESKTOP-3FN5V33" duration="00:00:00.0000765" startTime="2024-01-25T17:12:48.0326093-05:00" endTime="2024-01-25T17:12:48.0357883-05:00" testType="13cdc9d9-ddb5-4fa4-a97d-d965ccfc6d4b" outcome="Passed" testListId="8c84fa94-04c1-424b-9868-57a2d4851a1d" relativeResultsDirectory="98232be8-7c73-4ac1-9a02-e3fcf6580e15" xmlns="http://microsoft.com/schemas/VisualStudio/TeamTest/2010" />
    <UnitTestResult executionId="51b02517-0529-4c40-ac51-70a624b22d3c" testId="e350703c-47df-56f0-b995-a52c38b53eca" testName="MakeSafeTest (System.String,1,1)" computerName="DESKTOP-3FN5V33" duration="00:00:00.0004188" startTime="2024-01-25T17:12:47.8288433-05:00" endTime="2024-01-25T17:12:48.0197243-05:00" testType="13cdc9d9-ddb5-4fa4-a97d-d965ccfc6d4b" outcome="Passed" testListId="8c84fa94-04c1-424b-9868-57a2d4851a1d" relativeResultsDirectory="51b02517-0529-4c40-ac51-70a624b22d3c" xmlns="http://microsoft.com/schemas/VisualStudio/TeamTest/2010" />
    <UnitTestResult executionId="5896f1d8-2338-4768-9953-e2f685e8ac70" testId="079289e4-29ee-2b27-89d5-bd661b7267f1" testName="DeserializeTest ({&quot;_id&quot;:&quot;Hello World&quot;},Hello World)" computerName="DESKTOP-3FN5V33" duration="00:00:00.0066882" startTime="2024-01-25T17:12:47.4839763-05:00" endTime="2024-01-25T17:12:47.4911839-05:00" testType="13cdc9d9-ddb5-4fa4-a97d-d965ccfc6d4b" outcome="Passed" testListId="8c84fa94-04c1-424b-9868-57a2d4851a1d" relativeResultsDirectory="5896f1d8-2338-4768-9953-e2f685e8ac70" xmlns="http://microsoft.com/schemas/VisualStudio/TeamTest/2010">
      <Output>
        <StdOut>TestContext Messages:
input-BsonIdConverterTests_DeserializeTest(39)-638417995674847813.json: Attached
result-BsonIdConverterTests_DeserializeTest(41)-638417995674876459.json: Attached</StdOut>
      </Output>
      <ResultFiles>
        <ResultFile path="DESKTOP-3FN5V33\input-BsonIdConverterTests_DeserializeTest(39)-638417995674847813.json" />
        <ResultFile path="DESKTOP-3FN5V33\result-BsonIdConverterTests_DeserializeTest(41)-638417995674876459.json" />
      </ResultFiles>
    </UnitTestResult>
    <UnitTestResult executionId="7d6da86b-5c0c-47bc-896d-372585a857c2" testId="f5306a38-7e9d-ad71-73c6-1c694342dc21" testName="ExecuteByTest_SearchTerm (Eliassen.System.Tests.Linq.TestTargets.TestTargetExtendedModel,FName0999 LName0001,1,1,1,1)" computerName="DESKTOP-3FN5V33" duration="00:00:00.6752941" startTime="2024-01-25T17:12:55.7287861-05:00" endTime="2024-01-25T17:12:56.4054917-05:00" testType="13cdc9d9-ddb5-4fa4-a97d-d965ccfc6d4b" outcome="Passed" testListId="8c84fa94-04c1-424b-9868-57a2d4851a1d" relativeResultsDirectory="7d6da86b-5c0c-47bc-896d-372585a857c2" xmlns="http://microsoft.com/schemas/VisualStudio/TeamTest/2010">
      <Output>
        <StdOut>Eliassen.System.Linq.ConsoleLogger`1[Eliassen.System.Linq.Search.QueryBuilder]:Information:&gt;
	Build query for SearchQuery { CurrentPage = 0, PageSize = 0, ExcludePageCount = False, SearchTerm = FName0999 LName0001, Filter = System.Collections.Generic.Dictionary`2[System.String,Eliassen.System.Linq.Search.FilterParameter], OrderBy = System.Collections.Generic.Dictionary`2[System.String,Eliassen.System.Linq.Search.OrderDirections] }
Eliassen.System.Linq.ConsoleLogger`1[Eliassen.System.Linq.Search.SortBuilder`1[Eliassen.System.Tests.Linq.TestTargets.TestTargetExtendedModel]]:Information:&gt;
	Applying default sort for Eliassen.System.Tests.Linq.TestTargets.TestTargetExtendedModel: (Index, Ascending)
Eliassen.System.Linq.ConsoleLogger`1[Eliassen.System.Linq.Search.QueryBuilder]:Debug:&gt;
	Visited by: Eliassen.System.Linq.Expressions.SkipInstanceMethodOnNullExpressionVisitor
Eliassen.System.Linq.ConsoleLogger`1[Eliassen.System.Linq.Search.QueryBuilder]:Information:&gt;
	Execute (paged): System.Linq.Enumerable+SelectRangeIterator`1[Eliassen.System.Tests.Linq.TestTargets.TestTargetExtendedModel].Where(n =&gt; ((((((((((n.FName + " ") + n.LName) != null) AndAlso ((n.FName + " ") + n.LName).Equals("FName0999 LName0001")) OrElse ((((n.LName + " ") + n.FName) != null) AndAlso ((n.LName + " ") + n.FName).Equals("FName0999 LName0001"))) OrElse ((n.FName != null) AndAlso n.FName.Equals("FName0999 LName0001"))) OrElse ((n.LName != null) AndAlso n.LName.Equals("FName0999 LName0001"))) OrElse ((n.Email != null) AndAlso n.Email.Equals("FName0999 LName0001"))) OrElse ((n.May != null) AndAlso n.May.Equals("FName0999 LName0001"))) OrElse n.Modules.Any(child =&gt; ((child != null) AndAlso child.Equals("FName0999 LName0001"))))).OrderBy(n =&gt; Convert(n.Index, Object)).Skip(0).Take(10)



TestContext Messages:
SearchQuery_1-QueryableExtensionsTests_ExecuteByTestSearchTerm(266)-638417995757356899.json: Attached
EnumerableQuery_1-QueryableExtensionsTests_ExecuteByTestSearchTerm(268)-638417995757422982.json: Attached
PagedQueryResult_1-QueryableExtensionsTests_ExecuteByTestSearchTerm(270)-638417995763965582.json: Attached
resultKeys: 1</StdOut>
      </Output>
      <ResultFiles>
        <ResultFile path="DESKTOP-3FN5V33\EnumerableQuery_1-QueryableExtensionsTests_ExecuteByTestSearchTerm(268)-638417995757422982.json" />
        <ResultFile path="DESKTOP-3FN5V33\PagedQueryResult_1-QueryableExtensionsTests_ExecuteByTestSearchTerm(270)-638417995763965582.json" />
        <ResultFile path="DESKTOP-3FN5V33\SearchQuery_1-QueryableExtensionsTests_ExecuteByTestSearchTerm(266)-638417995757356899.json" />
      </ResultFiles>
    </UnitTestResult>
    <UnitTestResult executionId="933992f1-ce09-4c4c-8123-bf2d9c638117" testId="0b8f627b-a1c8-6277-6090-2fc13b4051a9" testName="ToEnumTest (Val2|Val1,Val1, Val2)" computerName="DESKTOP-3FN5V33" duration="00:00:00.0000358" startTime="2024-01-25T17:12:47.7763260-05:00" endTime="2024-01-25T17:12:47.7767751-05:00" testType="13cdc9d9-ddb5-4fa4-a97d-d965ccfc6d4b" outcome="Passed" testListId="8c84fa94-04c1-424b-9868-57a2d4851a1d" relativeResultsDirectory="933992f1-ce09-4c4c-8123-bf2d9c638117" xmlns="http://microsoft.com/schemas/VisualStudio/TeamTest/2010" />
    <UnitTestResult executionId="fbd7e5eb-07b6-455f-b2c5-a498d0db7da1" testId="39cb097d-2ac2-473c-1a2c-0b1503361457" testName="ExecuteByTest_Page (0,1,1000,1000,0,1,0)" computerName="DESKTOP-3FN5V33" duration="00:00:00.0323743" startTime="2024-01-25T17:12:56.4466738-05:00" endTime="2024-01-25T17:12:56.4798191-05:00" testType="13cdc9d9-ddb5-4fa4-a97d-d965ccfc6d4b" outcome="Passed" testListId="8c84fa94-04c1-424b-9868-57a2d4851a1d" relativeResultsDirectory="fbd7e5eb-07b6-455f-b2c5-a498d0db7da1" xmlns="http://microsoft.com/schemas/VisualStudio/TeamTest/2010">
      <Output>
        <StdOut>Eliassen.System.Linq.ConsoleLogger`1[Eliassen.System.Linq.Search.QueryBuilder]:Information:&gt;
	Build query for CurrentPage: 0
PageSize: 1
ExcludePageCount: False
SearchTerm: (null)

Eliassen.System.Linq.ConsoleLogger`1[Eliassen.System.Linq.Search.QueryBuilder]:Information:&gt;
	Execute (paged): System.Linq.Enumerable+SelectRangeIterator`1[Eliassen.System.Tests.Linq.TestTargets.TestTargetModel].OrderBy(_ =&gt; 0).Skip(0).Take(1)



TestContext Messages:
SearchQuery-QueryableExtensionsTests_ExecuteByTest_Page(296)-638417995764480130.json: Attached
EnumerableQuery_1-QueryableExtensionsTests_ExecuteByTest_Page(298)-638417995764542374.json: Attached
PagedQueryResult_1-QueryableExtensionsTests_ExecuteByTest_Page(300)-638417995764743317.json: Attached
resultKeys: 0</StdOut>
        <StdErr>Eliassen.System.Linq.ConsoleLogger`1[Eliassen.System.Linq.Search.QueryBuilder]:Warning:&gt;
	No filtering detected: System.Linq.Enumerable+SelectRangeIterator`1[Eliassen.System.Tests.Linq.TestTargets.TestTargetModel]: CurrentPage: 0
PageSize: 1
ExcludePageCount: False
SearchTerm: (null)

Eliassen.System.Linq.ConsoleLogger`1[Eliassen.System.Linq.Search.SortBuilder`1[Eliassen.System.Tests.Linq.TestTargets.TestTargetModel]]:Warning:&gt;
	Force sort by 0 applied for Eliassen.System.Tests.Linq.TestTargets.TestTargetModel</StdErr>
      </Output>
      <ResultFiles>
        <ResultFile path="DESKTOP-3FN5V33\EnumerableQuery_1-QueryableExtensionsTests_ExecuteByTest_Page(298)-638417995764542374.json" />
        <ResultFile path="DESKTOP-3FN5V33\PagedQueryResult_1-QueryableExtensionsTests_ExecuteByTest_Page(300)-638417995764743317.json" />
        <ResultFile path="DESKTOP-3FN5V33\SearchQuery-QueryableExtensionsTests_ExecuteByTest_Page(296)-638417995764480130.json" />
      </ResultFiles>
    </UnitTestResult>
    <UnitTestResult executionId="9b7d69c5-7891-42d7-a031-f82e37fca1c0" testId="2ae6c352-791a-5a0c-8cef-9e8ca7a29354" testName="ToEnumTest (0,Val0)" computerName="DESKTOP-3FN5V33" duration="00:00:00.0000319" startTime="2024-01-25T17:12:47.7799505-05:00" endTime="2024-01-25T17:12:47.7802418-05:00" testType="13cdc9d9-ddb5-4fa4-a97d-d965ccfc6d4b" outcome="Passed" testListId="8c84fa94-04c1-424b-9868-57a2d4851a1d" relativeResultsDirectory="9b7d69c5-7891-42d7-a031-f82e37fca1c0" xmlns="http://microsoft.com/schemas/VisualStudio/TeamTest/2010" />
    <UnitTestResult executionId="4a867966-5e3a-4980-a46c-5e36802547ad" testId="8e643e26-fbd5-ae99-4a9a-d26e4648cd65" testName="ToEnumTest (Val1,Val1)" computerName="DESKTOP-3FN5V33" duration="00:00:00.0146079" startTime="2024-01-25T17:12:47.7347606-05:00" endTime="2024-01-25T17:12:47.7537883-05:00" testType="13cdc9d9-ddb5-4fa4-a97d-d965ccfc6d4b" outcome="Passed" testListId="8c84fa94-04c1-424b-9868-57a2d4851a1d" relativeResultsDirectory="4a867966-5e3a-4980-a46c-5e36802547ad" xmlns="http://microsoft.com/schemas/VisualStudio/TeamTest/2010" />
    <UnitTestResult executionId="50001541-87e5-4b7a-8a11-c8085e316beb" testId="78dc4ca6-14d8-0c1a-ad29-6d2f53293760" testName="VisitTest_Equals (Hello,hello,False)" computerName="DESKTOP-3FN5V33" duration="00:00:00.0019454" startTime="2024-01-25T17:12:56.6867111-05:00" endTime="2024-01-25T17:12:56.6891973-05:00" testType="13cdc9d9-ddb5-4fa4-a97d-d965ccfc6d4b" outcome="Passed" testListId="8c84fa94-04c1-424b-9868-57a2d4851a1d" relativeResultsDirectory="50001541-87e5-4b7a-8a11-c8085e316beb" xmlns="http://microsoft.com/schemas/VisualStudio/TeamTest/2010">
      <Output>
        <StdOut>TestContext Messages:
expression: e =&gt; e.Equals(value(Eliassen.System.Tests.Linq.Expressions.SkipInstanceMethodOnNullExpressionVisitorTests+&lt;&gt;c__DisplayClass4_0).matched)
visited: e =&gt; ((e != null) AndAlso e.Equals(value(Eliassen.System.Tests.Linq.Expressions.SkipInstanceMethodOnNullExpressionVisitorTests+&lt;&gt;c__DisplayClass4_0).matched))
result: False</StdOut>
      </Output>
    </UnitTestResult>
    <UnitTestResult executionId="ee3de938-3b1c-47da-a47f-ef7225a5f104" testId="b6498f29-1231-5fcf-4954-1746daa0500d" testName="ExecuteByTest_Filter (Eliassen.System.Tests.Linq.TestTargets.TestTargetModel,Name,EqualTo,*03,9,103,203,303,403,503,603,703,803,903)" computerName="DESKTOP-3FN5V33" duration="00:00:00.0291339" startTime="2024-01-25T17:12:48.1116413-05:00" endTime="2024-01-25T17:12:54.3206202-05:00" testType="13cdc9d9-ddb5-4fa4-a97d-d965ccfc6d4b" outcome="Passed" testListId="8c84fa94-04c1-424b-9868-57a2d4851a1d" relativeResultsDirectory="ee3de938-3b1c-47da-a47f-ef7225a5f104" xmlns="http://microsoft.com/schemas/VisualStudio/TeamTest/2010">
      <Output>
        <StdOut>Eliassen.System.Linq.ConsoleLogger`1[Eliassen.System.Linq.Search.QueryBuilder]:Information:&gt;
	Build query for CurrentPage: 0
PageSize: 0
ExcludePageCount: False
SearchTerm: (null)
	F:Name: EqualTo: *03

Eliassen.System.Linq.ConsoleLogger`1[Eliassen.System.Linq.Search.QueryBuilder]:Information:&gt;
	Execute (paged): System.Linq.Enumerable+SelectRangeIterator`1[Eliassen.System.Tests.Linq.TestTargets.TestTargetModel].Where(n =&gt; n.Name.EndsWith("03")).OrderBy(_ =&gt; 0).Skip(0).Take(10)



TestContext Messages:
SearchQuery-QueryableExtensionsTests_ExecuteByTestFilter(142)-638417995689153680.json: Attached
EnumerableQuery_1-QueryableExtensionsTests_ExecuteByTestFilter(144)-638417995689190633.json: Attached
PagedQueryResult_1-QueryableExtensionsTests_ExecuteByTestFilter(146)-638417995689369409.json: Attached
resultKeys: 103,203,303,403,503,603,703,803,903</StdOut>
        <StdErr>Eliassen.System.Linq.ConsoleLogger`1[Eliassen.System.Linq.Search.SortBuilder`1[Eliassen.System.Tests.Linq.TestTargets.TestTargetModel]]:Warning:&gt;
	Force sort by 0 applied for Eliassen.System.Tests.Linq.TestTargets.TestTargetModel</StdErr>
      </Output>
      <ResultFiles>
        <ResultFile path="DESKTOP-3FN5V33\EnumerableQuery_1-QueryableExtensionsTests_ExecuteByTestFilter(144)-638417995689190633.json" />
        <ResultFile path="DESKTOP-3FN5V33\PagedQueryResult_1-QueryableExtensionsTests_ExecuteByTestFilter(146)-638417995689369409.json" />
        <ResultFile path="DESKTOP-3FN5V33\SearchQuery-QueryableExtensionsTests_ExecuteByTestFilter(142)-638417995689153680.json" />
      </ResultFiles>
    </UnitTestResult>
    <UnitTestResult executionId="91cccb47-38f7-42dd-8259-59cb332322ec" testId="e350703c-47df-56f0-b995-a52c38b53eca" testName="MakeSafeTest (System.DateTimeOffset,3/16/2022 12:00:00 AM +05:00,3/16/2022 12:00:00 AM +05:00)" computerName="DESKTOP-3FN5V33" duration="00:00:00.0000701" startTime="2024-01-25T17:12:47.8288433-05:00" endTime="2024-01-25T17:12:48.0197243-05:00" testType="13cdc9d9-ddb5-4fa4-a97d-d965ccfc6d4b" outcome="Passed" testListId="8c84fa94-04c1-424b-9868-57a2d4851a1d" relativeResultsDirectory="91cccb47-38f7-42dd-8259-59cb332322ec" xmlns="http://microsoft.com/schemas/VisualStudio/TeamTest/2010" />
    <UnitTestResult executionId="50de0c69-5352-4d68-84f2-c276bb88afbd" testId="4bae6e3b-0e6b-3eea-a810-61843449ebf1" testName="GetHash (Hello World!,f4OxZX/x/FO5LcGBSKHWXfwtSx+j1ncoSt3SABJtkGk=)" computerName="DESKTOP-3FN5V33" duration="00:00:00.0015732" startTime="2024-01-25T17:12:47.6499388-05:00" endTime="2024-01-25T17:12:47.6523484-05:00" testType="13cdc9d9-ddb5-4fa4-a97d-d965ccfc6d4b" outcome="Passed" testListId="8c84fa94-04c1-424b-9868-57a2d4851a1d" relativeResultsDirectory="50de0c69-5352-4d68-84f2-c276bb88afbd" xmlns="http://microsoft.com/schemas/VisualStudio/TeamTest/2010">
      <Output>
        <StdOut>TestContext Messages:
"Hello World!" =&gt; "f4OxZX/x/FO5LcGBSKHWXfwtSx+j1ncoSt3SABJtkGk="</StdOut>
      </Output>
    </UnitTestResult>
    <UnitTestResult executionId="29c1a60c-72b5-422e-8c20-350befb04bcb" testId="b8ce6298-5288-a9c6-3afb-62b35d380a81" testName="ExecuteByTest_Filter_Range_Bounds" computerName="DESKTOP-3FN5V33" duration="00:00:00.3673487" startTime="2024-01-25T17:12:55.3197160-05:00" endTime="2024-01-25T17:12:55.7252823-05:00" testType="13cdc9d9-ddb5-4fa4-a97d-d965ccfc6d4b" outcome="Passed" testListId="8c84fa94-04c1-424b-9868-57a2d4851a1d" relativeResultsDirectory="29c1a60c-72b5-422e-8c20-350befb04bcb" xmlns="http://microsoft.com/schemas/VisualStudio/TeamTest/2010">
      <Output>
        <StdOut>Eliassen.System.Linq.ConsoleLogger`1[Eliassen.System.Linq.Search.QueryBuilder]:Information:&gt;
	Build query for CurrentPage: 0
PageSize: 0
ExcludePageCount: False
SearchTerm: (null)
	F:Date: GreaterThanOrEqualTo: 3/1/2020 12:00:00 AM 
LessThanOrEqualTo: 7/1/2020 12:00:00 AM

Eliassen.System.Linq.ConsoleLogger`1[Eliassen.System.Linq.Search.SortBuilder`1[Eliassen.System.Tests.Linq.TestTargets.TestTargetExtendedModel]]:Information:&gt;
	Applying default sort for Eliassen.System.Tests.Linq.TestTargets.TestTargetExtendedModel: (Index, Ascending)
Eliassen.System.Linq.ConsoleLogger`1[Eliassen.System.Linq.Search.QueryBuilder]:Information:&gt;
	Execute (paged): System.Linq.Enumerable+SelectRangeIterator`1[Eliassen.System.Tests.Linq.TestTargets.TestTargetExtendedModel].Where(n =&gt; ((n.Date &lt;= 7/1/2020 12:00:00 AM) AndAlso (n.Date &gt;= 3/1/2020 12:00:00 AM))).OrderBy(n =&gt; Convert(n.Index, Object)).Skip(0).Take(10)



TestContext Messages:
SearchQuery-QueryableExtensionsTests_ExecuteByTest_Filter_Range_Bounds(174)-638417995753583842.json: Attached
PagedQueryResult_1-QueryableExtensionsTests_ExecuteByTest_Filter_Range_Bounds(176)-638417995756764117.json: Attached</StdOut>
        <StdErr>Eliassen.System.Linq.ConsoleLogger`1[Eliassen.System.Linq.Expressions.ExpressionTreeBuilder`1[Eliassen.System.Tests.Linq.TestTargets.TestTargetExtendedModel]]:Warning:&gt;
	7/1/2020 12:00:00 AM parsed to 07/01/2020 00:00:00 (System.DateTime)
Eliassen.System.Linq.ConsoleLogger`1[Eliassen.System.Linq.Expressions.ExpressionTreeBuilder`1[Eliassen.System.Tests.Linq.TestTargets.TestTargetExtendedModel]]:Warning:&gt;
	3/1/2020 12:00:00 AM parsed to 03/01/2020 00:00:00 (System.DateTime)</StdErr>
      </Output>
      <ResultFiles>
        <ResultFile path="DESKTOP-3FN5V33\PagedQueryResult_1-QueryableExtensionsTests_ExecuteByTest_Filter_Range_Bounds(176)-638417995756764117.json" />
        <ResultFile path="DESKTOP-3FN5V33\SearchQuery-QueryableExtensionsTests_ExecuteByTest_Filter_Range_Bounds(174)-638417995753583842.json" />
      </ResultFiles>
    </UnitTestResult>
    <UnitTestResult executionId="70f069af-bdf1-48aa-95de-8ecce9d3325c" testId="e350703c-47df-56f0-b995-a52c38b53eca" testName="MakeSafeTest (System.Int32,nope,)" computerName="DESKTOP-3FN5V33" duration="00:00:00.0011454" startTime="2024-01-25T17:12:47.8288433-05:00" endTime="2024-01-25T17:12:48.0197243-05:00" testType="13cdc9d9-ddb5-4fa4-a97d-d965ccfc6d4b" outcome="Passed" testListId="8c84fa94-04c1-424b-9868-57a2d4851a1d" relativeResultsDirectory="70f069af-bdf1-48aa-95de-8ecce9d3325c" xmlns="http://microsoft.com/schemas/VisualStudio/TeamTest/2010" />
    <UnitTestResult executionId="b8f41861-5f9c-486b-9950-2739bac90da8" testId="ce6510cf-36c8-726a-19a1-61fee8813205" testName="ToEnumTest (test name,WithDisplay)" computerName="DESKTOP-3FN5V33" duration="00:00:00.0028317" startTime="2024-01-25T17:12:47.8205318-05:00" endTime="2024-01-25T17:12:47.8238690-05:00" testType="13cdc9d9-ddb5-4fa4-a97d-d965ccfc6d4b" outcome="Passed" testListId="8c84fa94-04c1-424b-9868-57a2d4851a1d" relativeResultsDirectory="b8f41861-5f9c-486b-9950-2739bac90da8" xmlns="http://microsoft.com/schemas/VisualStudio/TeamTest/2010" />
    <UnitTestResult executionId="9f50b977-42ee-4b9d-89f5-e0ed455b811c" testId="b6498f29-1231-5fcf-4954-1746daa0500d" testName="ExecuteByTest_Filter (Eliassen.System.Tests.Linq.TestTargets.TestTargetModel,Index,EqualTo,1,1,1)" computerName="DESKTOP-3FN5V33" duration="00:00:00.0345747" startTime="2024-01-25T17:12:48.1116413-05:00" endTime="2024-01-25T17:12:54.3206202-05:00" testType="13cdc9d9-ddb5-4fa4-a97d-d965ccfc6d4b" outcome="Passed" testListId="8c84fa94-04c1-424b-9868-57a2d4851a1d" relativeResultsDirectory="9f50b977-42ee-4b9d-89f5-e0ed455b811c" xmlns="http://microsoft.com/schemas/VisualStudio/TeamTest/2010">
      <Output>
        <StdOut>Eliassen.System.Linq.ConsoleLogger`1[Eliassen.System.Linq.Search.QueryBuilder]:Information:&gt;
	Build query for CurrentPage: 0
PageSize: 0
ExcludePageCount: False
SearchTerm: (null)
	F:Index: EqualTo: 1

Eliassen.System.Linq.ConsoleLogger`1[Eliassen.System.Linq.Search.QueryBuilder]:Information:&gt;
	Execute (paged): System.Linq.Enumerable+SelectRangeIterator`1[Eliassen.System.Tests.Linq.TestTargets.TestTargetModel].Where(n =&gt; (n.Index == 1)).OrderBy(_ =&gt; 0).Skip(0).Take(10)



TestContext Messages:
SearchQuery-QueryableExtensionsTests_ExecuteByTestFilter(142)-638417995684669502.json: Attached
EnumerableQuery_1-QueryableExtensionsTests_ExecuteByTestFilter(144)-638417995684722853.json: Attached
PagedQueryResult_1-QueryableExtensionsTests_ExecuteByTestFilter(146)-638417995684900231.json: Attached
resultKeys: 1</StdOut>
        <StdErr>Eliassen.System.Linq.ConsoleLogger`1[Eliassen.System.Linq.Expressions.ExpressionTreeBuilder`1[Eliassen.System.Tests.Linq.TestTargets.TestTargetModel]]:Warning:&gt;
	1 parsed to 1 (System.Int32)
Eliassen.System.Linq.ConsoleLogger`1[Eliassen.System.Linq.Search.SortBuilder`1[Eliassen.System.Tests.Linq.TestTargets.TestTargetModel]]:Warning:&gt;
	Force sort by 0 applied for Eliassen.System.Tests.Linq.TestTargets.TestTargetModel</StdErr>
      </Output>
      <ResultFiles>
        <ResultFile path="DESKTOP-3FN5V33\EnumerableQuery_1-QueryableExtensionsTests_ExecuteByTestFilter(144)-638417995684722853.json" />
        <ResultFile path="DESKTOP-3FN5V33\PagedQueryResult_1-QueryableExtensionsTests_ExecuteByTestFilter(146)-638417995684900231.json" />
        <ResultFile path="DESKTOP-3FN5V33\SearchQuery-QueryableExtensionsTests_ExecuteByTestFilter(142)-638417995684669502.json" />
      </ResultFiles>
    </UnitTestResult>
    <UnitTestResult executionId="1c1825b3-9ee3-44ae-aef6-a09419fa51dc" testId="b6498f29-1231-5fcf-4954-1746daa0500d" testName="ExecuteByTest_Filter (Eliassen.System.Tests.Linq.TestTargets.TestTargetWithInnerListModel,Children,EqualTo,*001,10,2,3,4,5,6,7,8,9,12,13)" computerName="DESKTOP-3FN5V33" duration="00:00:00.0716082" startTime="2024-01-25T17:12:48.1116413-05:00" endTime="2024-01-25T17:12:54.3206202-05:00" testType="13cdc9d9-ddb5-4fa4-a97d-d965ccfc6d4b" outcome="Passed" testListId="8c84fa94-04c1-424b-9868-57a2d4851a1d" relativeResultsDirectory="1c1825b3-9ee3-44ae-aef6-a09419fa51dc" xmlns="http://microsoft.com/schemas/VisualStudio/TeamTest/2010">
      <Output>
        <StdOut>Eliassen.System.Linq.ConsoleLogger`1[Eliassen.System.Linq.Search.QueryBuilder]:Information:&gt;
	Build query for CurrentPage: 0
PageSize: 0
ExcludePageCount: False
SearchTerm: (null)
	F:Children: EqualTo: *001

Eliassen.System.Linq.ConsoleLogger`1[Eliassen.System.Linq.Search.QueryBuilder]:Information:&gt;
	Execute (paged): System.Linq.Enumerable+SelectRangeIterator`1[Eliassen.System.Tests.Linq.TestTargets.TestTargetWithInnerListModel].Where(n =&gt; n.Children.Any(child =&gt; child.EndsWith("001"))).OrderBy(_ =&gt; 0).Skip(0).Take(10)



TestContext Messages:
SearchQuery-QueryableExtensionsTests_ExecuteByTestFilter(142)-638417995725448811.json: Attached
EnumerableQuery_1-QueryableExtensionsTests_ExecuteByTestFilter(144)-638417995725492677.json: Attached
PagedQueryResult_1-QueryableExtensionsTests_ExecuteByTestFilter(146)-638417995726013890.json: Attached
resultKeys: 2,3,4,5,6,7,8,9,12,13</StdOut>
        <StdErr>Eliassen.System.Linq.ConsoleLogger`1[Eliassen.System.Linq.Search.SortBuilder`1[Eliassen.System.Tests.Linq.TestTargets.TestTargetWithInnerListModel]]:Warning:&gt;
	Force sort by 0 applied for Eliassen.System.Tests.Linq.TestTargets.TestTargetWithInnerListModel</StdErr>
      </Output>
      <ResultFiles>
        <ResultFile path="DESKTOP-3FN5V33\EnumerableQuery_1-QueryableExtensionsTests_ExecuteByTestFilter(144)-638417995725492677.json" />
        <ResultFile path="DESKTOP-3FN5V33\PagedQueryResult_1-QueryableExtensionsTests_ExecuteByTestFilter(146)-638417995726013890.json" />
        <ResultFile path="DESKTOP-3FN5V33\SearchQuery-QueryableExtensionsTests_ExecuteByTestFilter(142)-638417995725448811.json" />
      </ResultFiles>
    </UnitTestResult>
    <UnitTestResult executionId="cd34d7ea-4fe0-4ccd-9842-602715f73fd4" testId="e350703c-47df-56f0-b995-a52c38b53eca" testName="MakeSafeTest (System.Decimal,nope,)" computerName="DESKTOP-3FN5V33" duration="00:00:00.0002225" startTime="2024-01-25T17:12:47.8288433-05:00" endTime="2024-01-25T17:12:48.0197243-05:00" testType="13cdc9d9-ddb5-4fa4-a97d-d965ccfc6d4b" outcome="Passed" testListId="8c84fa94-04c1-424b-9868-57a2d4851a1d" relativeResultsDirectory="cd34d7ea-4fe0-4ccd-9842-602715f73fd4" xmlns="http://microsoft.com/schemas/VisualStudio/TeamTest/2010" />
    <UnitTestResult executionId="e4010d2f-365e-4d4d-a332-f3a61adf4171" testId="2f56b32e-ea97-c552-8dea-074dcb4e0dc0" testName="MakeSafeArrayTest (System.String,System.Object[],System.String[])" computerName="DESKTOP-3FN5V33" duration="00:00:00.0007463" startTime="2024-01-25T17:12:48.0292101-05:00" endTime="2024-01-25T17:12:48.0312414-05:00" testType="13cdc9d9-ddb5-4fa4-a97d-d965ccfc6d4b" outcome="Passed" testListId="8c84fa94-04c1-424b-9868-57a2d4851a1d" relativeResultsDirectory="e4010d2f-365e-4d4d-a332-f3a61adf4171" xmlns="http://microsoft.com/schemas/VisualStudio/TeamTest/2010" />
    <UnitTestResult executionId="187b3fb9-61cb-4a68-8768-c6e770a8beb5" testId="b6498f29-1231-5fcf-4954-1746daa0500d" testName="ExecuteByTest_Filter (Eliassen.System.Tests.Linq.TestTargets.TestTargetExtendedModel,Date,LessThan,3/1/2020,3,-1,0,1)" computerName="DESKTOP-3FN5V33" duration="00:00:00.2836326" startTime="2024-01-25T17:12:48.1116413-05:00" endTime="2024-01-25T17:12:54.3206202-05:00" testType="13cdc9d9-ddb5-4fa4-a97d-d965ccfc6d4b" outcome="Passed" testListId="8c84fa94-04c1-424b-9868-57a2d4851a1d" relativeResultsDirectory="187b3fb9-61cb-4a68-8768-c6e770a8beb5" xmlns="http://microsoft.com/schemas/VisualStudio/TeamTest/2010">
      <Output>
        <StdOut>Eliassen.System.Linq.ConsoleLogger`1[Eliassen.System.Linq.Search.QueryBuilder]:Information:&gt;
	Build query for CurrentPage: 0
PageSize: 0
ExcludePageCount: False
SearchTerm: (null)
	F:Date: LessThan: 3/1/2020

Eliassen.System.Linq.ConsoleLogger`1[Eliassen.System.Linq.Search.SortBuilder`1[Eliassen.System.Tests.Linq.TestTargets.TestTargetExtendedModel]]:Information:&gt;
	Applying default sort for Eliassen.System.Tests.Linq.TestTargets.TestTargetExtendedModel: (Index, Ascending)
Eliassen.System.Linq.ConsoleLogger`1[Eliassen.System.Linq.Search.QueryBuilder]:Information:&gt;
	Execute (paged): System.Linq.Enumerable+SelectRangeIterator`1[Eliassen.System.Tests.Linq.TestTargets.TestTargetExtendedModel].Where(n =&gt; (n.Date &lt; 3/1/2020 12:00:00 AM)).OrderBy(n =&gt; Convert(n.Index, Object)).Skip(0).Take(10)



TestContext Messages:
SearchQuery-QueryableExtensionsTests_ExecuteByTestFilter(142)-638417995699745400.json: Attached
EnumerableQuery_1-QueryableExtensionsTests_ExecuteByTestFilter(144)-638417995699787192.json: Attached
PagedQueryResult_1-QueryableExtensionsTests_ExecuteByTestFilter(146)-638417995702463007.json: Attached
resultKeys: -1,0,1</StdOut>
        <StdErr>Eliassen.System.Linq.ConsoleLogger`1[Eliassen.System.Linq.Expressions.ExpressionTreeBuilder`1[Eliassen.System.Tests.Linq.TestTargets.TestTargetExtendedModel]]:Warning:&gt;
	3/1/2020 parsed to 03/01/2020 00:00:00 (System.DateTime)</StdErr>
      </Output>
      <ResultFiles>
        <ResultFile path="DESKTOP-3FN5V33\EnumerableQuery_1-QueryableExtensionsTests_ExecuteByTestFilter(144)-638417995699787192.json" />
        <ResultFile path="DESKTOP-3FN5V33\PagedQueryResult_1-QueryableExtensionsTests_ExecuteByTestFilter(146)-638417995702463007.json" />
        <ResultFile path="DESKTOP-3FN5V33\SearchQuery-QueryableExtensionsTests_ExecuteByTestFilter(142)-638417995699745400.json" />
      </ResultFiles>
    </UnitTestResult>
    <UnitTestResult executionId="a60224d4-cfd2-4c92-b865-9c2e859c73c7" testId="e350703c-47df-56f0-b995-a52c38b53eca" testName="MakeSafeTest (System.TimeSpan,16:00,16:00:00)" computerName="DESKTOP-3FN5V33" duration="00:00:00.0008631" startTime="2024-01-25T17:12:47.8288433-05:00" endTime="2024-01-25T17:12:48.0197243-05:00" testType="13cdc9d9-ddb5-4fa4-a97d-d965ccfc6d4b" outcome="Passed" testListId="8c84fa94-04c1-424b-9868-57a2d4851a1d" relativeResultsDirectory="a60224d4-cfd2-4c92-b865-9c2e859c73c7" xmlns="http://microsoft.com/schemas/VisualStudio/TeamTest/2010" />
    <UnitTestResult executionId="6b8411f8-ef5c-43cd-aa59-d100854c60a7" testId="e350703c-47df-56f0-b995-a52c38b53eca" testName="MakeSafeTest (System.Nullable`1[System.Int32],1,1)" computerName="DESKTOP-3FN5V33" duration="00:00:00.0002151" startTime="2024-01-25T17:12:47.8288433-05:00" endTime="2024-01-25T17:12:48.0197243-05:00" testType="13cdc9d9-ddb5-4fa4-a97d-d965ccfc6d4b" outcome="Passed" testListId="8c84fa94-04c1-424b-9868-57a2d4851a1d" relativeResultsDirectory="6b8411f8-ef5c-43cd-aa59-d100854c60a7" xmlns="http://microsoft.com/schemas/VisualStudio/TeamTest/2010" />
    <UnitTestResult executionId="22ce8182-626b-4f87-b1f5-87f796895296" testId="ddf9cd7e-758c-d704-01a7-8f705631b98b" testName="ExecuteByTest_Sort (Name,Descending,999,998,997,996,995,994,993,992,991,990)" computerName="DESKTOP-3FN5V33" duration="00:00:00.0248981" startTime="2024-01-25T17:12:56.5486647-05:00" endTime="2024-01-25T17:12:56.5742133-05:00" testType="13cdc9d9-ddb5-4fa4-a97d-d965ccfc6d4b" outcome="Passed" testListId="8c84fa94-04c1-424b-9868-57a2d4851a1d" relativeResultsDirectory="22ce8182-626b-4f87-b1f5-87f796895296" xmlns="http://microsoft.com/schemas/VisualStudio/TeamTest/2010">
      <Output>
        <StdOut>Eliassen.System.Linq.ConsoleLogger`1[Eliassen.System.Linq.Search.QueryBuilder]:Information:&gt;
	Build query for CurrentPage: 0
PageSize: 0
ExcludePageCount: False
SearchTerm: (null)
	S:Name: Descending

Eliassen.System.Linq.ConsoleLogger`1[Eliassen.System.Linq.Search.QueryBuilder]:Information:&gt;
	Execute (paged): System.Linq.Enumerable+SelectRangeIterator`1[Eliassen.System.Tests.Linq.TestTargets.TestTargetModel].OrderByDescending(n =&gt; n.Name).Skip(0).Take(10)



TestContext Messages:
SearchQuery-QueryableExtensionsTests_ExecuteByTest_Sort(340)-638417995765501857.json: Attached
PagedQueryResult_1-QueryableExtensionsTests_ExecuteByTest_Sort(342)-638417995765656990.json: Attached</StdOut>
        <StdErr>Eliassen.System.Linq.ConsoleLogger`1[Eliassen.System.Linq.Search.QueryBuilder]:Warning:&gt;
	No filtering detected: System.Linq.Enumerable+SelectRangeIterator`1[Eliassen.System.Tests.Linq.TestTargets.TestTargetModel]: CurrentPage: 0
PageSize: 0
ExcludePageCount: False
SearchTerm: (null)
	S:Name: Descending</StdErr>
      </Output>
      <ResultFiles>
        <ResultFile path="DESKTOP-3FN5V33\PagedQueryResult_1-QueryableExtensionsTests_ExecuteByTest_Sort(342)-638417995765656990.json" />
        <ResultFile path="DESKTOP-3FN5V33\SearchQuery-QueryableExtensionsTests_ExecuteByTest_Sort(340)-638417995765501857.json" />
      </ResultFiles>
    </UnitTestResult>
    <UnitTestResult executionId="243d75c1-9f6d-4851-9d60-1ccba40e638c" testId="b6498f29-1231-5fcf-4954-1746daa0500d" testName="ExecuteByTest_Filter (Eliassen.System.Tests.Linq.TestTargets.TestTargetExtendedModel,May,EqualTo,,10,0,3,6,9,12,15,18,21,24,27)" computerName="DESKTOP-3FN5V33" duration="00:00:00.3248560" startTime="2024-01-25T17:12:48.1116413-05:00" endTime="2024-01-25T17:12:54.3206202-05:00" testType="13cdc9d9-ddb5-4fa4-a97d-d965ccfc6d4b" outcome="Passed" testListId="8c84fa94-04c1-424b-9868-57a2d4851a1d" relativeResultsDirectory="243d75c1-9f6d-4851-9d60-1ccba40e638c" xmlns="http://microsoft.com/schemas/VisualStudio/TeamTest/2010">
      <Output>
        <StdOut>Eliassen.System.Linq.ConsoleLogger`1[Eliassen.System.Linq.Search.QueryBuilder]:Information:&gt;
	Build query for CurrentPage: 0
PageSize: 0
ExcludePageCount: False
SearchTerm: (null)
	F:May: EqualTo:

Eliassen.System.Linq.ConsoleLogger`1[Eliassen.System.Linq.Search.SortBuilder`1[Eliassen.System.Tests.Linq.TestTargets.TestTargetExtendedModel]]:Information:&gt;
	Applying default sort for Eliassen.System.Tests.Linq.TestTargets.TestTargetExtendedModel: (Index, Ascending)
Eliassen.System.Linq.ConsoleLogger`1[Eliassen.System.Linq.Search.QueryBuilder]:Information:&gt;
	Execute (paged): System.Linq.Enumerable+SelectRangeIterator`1[Eliassen.System.Tests.Linq.TestTargets.TestTargetExtendedModel].Where(n =&gt; (n.May == "")).OrderBy(n =&gt; Convert(n.Index, Object)).Skip(0).Take(10)



TestContext Messages:
SearchQuery-QueryableExtensionsTests_ExecuteByTestFilter(142)-638417995727095967.json: Attached
EnumerableQuery_1-QueryableExtensionsTests_ExecuteByTestFilter(144)-638417995727134534.json: Attached
PagedQueryResult_1-QueryableExtensionsTests_ExecuteByTestFilter(146)-638417995730223084.json: Attached
resultKeys: 0,3,6,9,12,15,18,21,24,27</StdOut>
      </Output>
      <ResultFiles>
        <ResultFile path="DESKTOP-3FN5V33\EnumerableQuery_1-QueryableExtensionsTests_ExecuteByTestFilter(144)-638417995727134534.json" />
        <ResultFile path="DESKTOP-3FN5V33\PagedQueryResult_1-QueryableExtensionsTests_ExecuteByTestFilter(146)-638417995730223084.json" />
        <ResultFile path="DESKTOP-3FN5V33\SearchQuery-QueryableExtensionsTests_ExecuteByTestFilter(142)-638417995727095967.json" />
      </ResultFiles>
    </UnitTestResult>
    <UnitTestResult executionId="5602ea70-adac-4e47-9a02-9404861e8abc" testId="d30c3925-6041-dd0b-2a02-37144f03e811" testName="ToEnumTest (Val2 ,Val1,Val1, Val2)" computerName="DESKTOP-3FN5V33" duration="00:00:00.0000234" startTime="2024-01-25T17:12:47.7690555-05:00" endTime="2024-01-25T17:12:47.7697210-05:00" testType="13cdc9d9-ddb5-4fa4-a97d-d965ccfc6d4b" outcome="Passed" testListId="8c84fa94-04c1-424b-9868-57a2d4851a1d" relativeResultsDirectory="5602ea70-adac-4e47-9a02-9404861e8abc" xmlns="http://microsoft.com/schemas/VisualStudio/TeamTest/2010" />
    <UnitTestResult executionId="80ffefa1-36cb-4dc8-b31f-3af6165b1a26" testId="7a9a1822-3db2-a438-faf7-05813fd14fc1" testName="GetSearchablePropertyNames_TestTarget2Model" computerName="DESKTOP-3FN5V33" duration="00:00:00.0003652" startTime="2024-01-25T17:12:56.6636164-05:00" endTime="2024-01-25T17:12:56.6642828-05:00" testType="13cdc9d9-ddb5-4fa4-a97d-d965ccfc6d4b" outcome="Passed" testListId="8c84fa94-04c1-424b-9868-57a2d4851a1d" relativeResultsDirectory="80ffefa1-36cb-4dc8-b31f-3af6165b1a26" xmlns="http://microsoft.com/schemas/VisualStudio/TeamTest/2010" />
    <UnitTestResult executionId="5c9090ca-a5c3-495d-b953-4c60977a8263" testId="565e6ddc-fd0f-5db8-1ac5-68872b2812d2" testName="ToEnumTest (no data,)" computerName="DESKTOP-3FN5V33" duration="00:00:00.0051126" startTime="2024-01-25T17:12:47.7889059-05:00" endTime="2024-01-25T17:12:47.7945720-05:00" testType="13cdc9d9-ddb5-4fa4-a97d-d965ccfc6d4b" outcome="Passed" testListId="8c84fa94-04c1-424b-9868-57a2d4851a1d" relativeResultsDirectory="5c9090ca-a5c3-495d-b953-4c60977a8263" xmlns="http://microsoft.com/schemas/VisualStudio/TeamTest/2010" />
    <UnitTestResult executionId="8e0f8c17-07fc-43f7-ba7e-4dfdf9423031" testId="e350703c-47df-56f0-b995-a52c38b53eca" testName="MakeSafeTest (System.AttributeTargets,Enum,Enum)" computerName="DESKTOP-3FN5V33" duration="00:00:00.0000183" startTime="2024-01-25T17:12:47.8288433-05:00" endTime="2024-01-25T17:12:48.0197243-05:00" testType="13cdc9d9-ddb5-4fa4-a97d-d965ccfc6d4b" outcome="Passed" testListId="8c84fa94-04c1-424b-9868-57a2d4851a1d" relativeResultsDirectory="8e0f8c17-07fc-43f7-ba7e-4dfdf9423031" xmlns="http://microsoft.com/schemas/VisualStudio/TeamTest/2010" />
    <UnitTestResult executionId="d2c6df8d-e59d-47b8-af18-165ff712a15b" testId="e350703c-47df-56f0-b995-a52c38b53eca" testName="MakeSafeTest (System.Nullable`1[System.AttributeTargets],nope,)" computerName="DESKTOP-3FN5V33" duration="00:00:00.0001298" startTime="2024-01-25T17:12:47.8288433-05:00" endTime="2024-01-25T17:12:48.0197243-05:00" testType="13cdc9d9-ddb5-4fa4-a97d-d965ccfc6d4b" outcome="Passed" testListId="8c84fa94-04c1-424b-9868-57a2d4851a1d" relativeResultsDirectory="d2c6df8d-e59d-47b8-af18-165ff712a15b" xmlns="http://microsoft.com/schemas/VisualStudio/TeamTest/2010" />
    <UnitTestResult executionId="a16d258c-9569-4730-9488-e14c2bc39e06" testId="ab0f8867-b8d1-22b7-3b78-2eab4da93098" testName="VisitTest_Contains (Hello,eL,True)" computerName="DESKTOP-3FN5V33" duration="00:00:00.0007174" startTime="2024-01-25T17:12:56.7439507-05:00" endTime="2024-01-25T17:12:56.7451463-05:00" testType="13cdc9d9-ddb5-4fa4-a97d-d965ccfc6d4b" outcome="Passed" testListId="8c84fa94-04c1-424b-9868-57a2d4851a1d" relativeResultsDirectory="a16d258c-9569-4730-9488-e14c2bc39e06" xmlns="http://microsoft.com/schemas/VisualStudio/TeamTest/2010">
      <Output>
        <StdOut>Eliassen.System.Linq.ConsoleLogger`1[Eliassen.System.Linq.Expressions.StringComparisonReplacementExpressionVisitor]:Debug:&gt;
	Replace: e.Contains(value(Eliassen.System.Tests.Linq.Expressions.StringComparisonReplacementExpressionVisitorTests+&lt;&gt;c__DisplayClass6_0).matched) with e.Contains(value(Eliassen.System.Tests.Linq.Expressions.StringComparisonReplacementExpressionVisitorTests+&lt;&gt;c__DisplayClass6_0).matched, CurrentCultureIgnoreCase)



TestContext Messages:
expression: e =&gt; e.Contains(value(Eliassen.System.Tests.Linq.Expressions.StringComparisonReplacementExpressionVisitorTests+&lt;&gt;c__DisplayClass6_0).matched)
visited: e =&gt; e.Contains(value(Eliassen.System.Tests.Linq.Expressions.StringComparisonReplacementExpressionVisitorTests+&lt;&gt;c__DisplayClass6_0).matched, CurrentCultureIgnoreCase)</StdOut>
      </Output>
    </UnitTestResult>
    <UnitTestResult executionId="60ea6c0f-4707-4dec-be4f-b92264e21ced" testId="7fd160bc-3b5b-e6e2-40ae-1974536260f2" testName="TryParseTest (System.Nullable`1[System.Int32],1,True,1)" computerName="DESKTOP-3FN5V33" duration="00:00:00.0000096" startTime="2024-01-25T17:12:48.0326093-05:00" endTime="2024-01-25T17:12:48.0357883-05:00" testType="13cdc9d9-ddb5-4fa4-a97d-d965ccfc6d4b" outcome="Passed" testListId="8c84fa94-04c1-424b-9868-57a2d4851a1d" relativeResultsDirectory="60ea6c0f-4707-4dec-be4f-b92264e21ced" xmlns="http://microsoft.com/schemas/VisualStudio/TeamTest/2010" />
    <UnitTestResult executionId="fe55684f-0c64-4fd6-9325-e9421011febe" testId="b6498f29-1231-5fcf-4954-1746daa0500d" testName="ExecuteByTest_Filter (Eliassen.System.Tests.Linq.TestTargets.TestTargetModel,index,EqualTo,!1,10,0,2,3,4,5,6,7,8,9,10)" computerName="DESKTOP-3FN5V33" duration="00:00:00.0426459" startTime="2024-01-25T17:12:48.1116413-05:00" endTime="2024-01-25T17:12:54.3206202-05:00" testType="13cdc9d9-ddb5-4fa4-a97d-d965ccfc6d4b" outcome="Passed" testListId="8c84fa94-04c1-424b-9868-57a2d4851a1d" relativeResultsDirectory="fe55684f-0c64-4fd6-9325-e9421011febe" xmlns="http://microsoft.com/schemas/VisualStudio/TeamTest/2010">
      <Output>
        <StdOut>Eliassen.System.Linq.ConsoleLogger`1[Eliassen.System.Linq.Search.QueryBuilder]:Information:&gt;
	Build query for CurrentPage: 0
PageSize: 0
ExcludePageCount: False
SearchTerm: (null)
	F:index: EqualTo: !1

Eliassen.System.Linq.ConsoleLogger`1[Eliassen.System.Linq.Search.QueryBuilder]:Information:&gt;
	Execute (paged): System.Linq.Enumerable+SelectRangeIterator`1[Eliassen.System.Tests.Linq.TestTargets.TestTargetModel].Where(n =&gt; (n.Index != 1)).OrderBy(_ =&gt; 0).Skip(0).Take(10)



TestContext Messages:
SearchQuery-QueryableExtensionsTests_ExecuteByTestFilter(142)-638417995683460511.json: Attached
EnumerableQuery_1-QueryableExtensionsTests_ExecuteByTestFilter(144)-638417995683567134.json: Attached
PagedQueryResult_1-QueryableExtensionsTests_ExecuteByTestFilter(146)-638417995683776139.json: Attached
resultKeys: 0,2,3,4,5,6,7,8,9,10</StdOut>
        <StdErr>Eliassen.System.Linq.ConsoleLogger`1[Eliassen.System.Linq.Expressions.ExpressionTreeBuilder`1[Eliassen.System.Tests.Linq.TestTargets.TestTargetModel]]:Warning:&gt;
	1 parsed to 1 (System.Int32)
Eliassen.System.Linq.ConsoleLogger`1[Eliassen.System.Linq.Search.SortBuilder`1[Eliassen.System.Tests.Linq.TestTargets.TestTargetModel]]:Warning:&gt;
	Force sort by 0 applied for Eliassen.System.Tests.Linq.TestTargets.TestTargetModel</StdErr>
      </Output>
      <ResultFiles>
        <ResultFile path="DESKTOP-3FN5V33\EnumerableQuery_1-QueryableExtensionsTests_ExecuteByTestFilter(144)-638417995683567134.json" />
        <ResultFile path="DESKTOP-3FN5V33\PagedQueryResult_1-QueryableExtensionsTests_ExecuteByTestFilter(146)-638417995683776139.json" />
        <ResultFile path="DESKTOP-3FN5V33\SearchQuery-QueryableExtensionsTests_ExecuteByTestFilter(142)-638417995683460511.json" />
      </ResultFiles>
    </UnitTestResult>
    <UnitTestResult executionId="e77f83e4-37b4-4c14-97c5-6b99ca5b2d27" testId="312eaabc-9879-8ba5-fb15-63928cd6660e" testName="DeserializeTest ({&quot;_id&quot;:{&quot;$oid&quot;:&quot;Hello World&quot;}},Hello World)" computerName="DESKTOP-3FN5V33" duration="00:00:00.0134340" startTime="2024-01-25T17:12:47.4674161-05:00" endTime="2024-01-25T17:12:47.4814024-05:00" testType="13cdc9d9-ddb5-4fa4-a97d-d965ccfc6d4b" outcome="Passed" testListId="8c84fa94-04c1-424b-9868-57a2d4851a1d" relativeResultsDirectory="e77f83e4-37b4-4c14-97c5-6b99ca5b2d27" xmlns="http://microsoft.com/schemas/VisualStudio/TeamTest/2010">
      <Output>
        <StdOut>TestContext Messages:
input-BsonIdConverterTests_DeserializeTest(39)-638417995674682926.json: Attached
result-BsonIdConverterTests_DeserializeTest(41)-638417995674760861.json: Attached</StdOut>
      </Output>
      <ResultFiles>
        <ResultFile path="DESKTOP-3FN5V33\input-BsonIdConverterTests_DeserializeTest(39)-638417995674682926.json" />
        <ResultFile path="DESKTOP-3FN5V33\result-BsonIdConverterTests_DeserializeTest(41)-638417995674760861.json" />
      </ResultFiles>
    </UnitTestResult>
    <UnitTestResult executionId="a078444b-9b7f-4b5b-97f7-2a3ad989c875" testId="b6498f29-1231-5fcf-4954-1746daa0500d" testName="ExecuteByTest_Filter (Eliassen.System.Tests.Linq.TestTargets.TestTargetExtendedModel,FC,EqualTo,ame1,2,-1,0)" computerName="DESKTOP-3FN5V33" duration="00:00:00.3465184" startTime="2024-01-25T17:12:48.1116413-05:00" endTime="2024-01-25T17:12:54.3206202-05:00" testType="13cdc9d9-ddb5-4fa4-a97d-d965ccfc6d4b" outcome="Passed" testListId="8c84fa94-04c1-424b-9868-57a2d4851a1d" relativeResultsDirectory="a078444b-9b7f-4b5b-97f7-2a3ad989c875" xmlns="http://microsoft.com/schemas/VisualStudio/TeamTest/2010">
      <Output>
        <StdOut>Eliassen.System.Linq.ConsoleLogger`1[Eliassen.System.Linq.Search.QueryBuilder]:Information:&gt;
	Build query for CurrentPage: 0
PageSize: 0
ExcludePageCount: False
SearchTerm: (null)
	F:FC: EqualTo: ame1

Eliassen.System.Linq.ConsoleLogger`1[Eliassen.System.Linq.Search.SortBuilder`1[Eliassen.System.Tests.Linq.TestTargets.TestTargetExtendedModel]]:Information:&gt;
	Applying default sort for Eliassen.System.Tests.Linq.TestTargets.TestTargetExtendedModel: (Index, Ascending)
Eliassen.System.Linq.ConsoleLogger`1[Eliassen.System.Linq.Search.QueryBuilder]:Information:&gt;
	Execute (paged): System.Linq.Enumerable+SelectRangeIterator`1[Eliassen.System.Tests.Linq.TestTargets.TestTargetExtendedModel].Where(e =&gt; e.FName.Contains(value(Eliassen.System.Tests.Linq.TestTargets.TestTargetExtendedModel+&lt;&gt;c__DisplayClass43_0).value.ToString())).OrderBy(n =&gt; Convert(n.Index, Object)).Skip(0).Take(10)



TestContext Messages:
SearchQuery-QueryableExtensionsTests_ExecuteByTestFilter(142)-638417995721337380.json: Attached
EnumerableQuery_1-QueryableExtensionsTests_ExecuteByTestFilter(144)-638417995721401492.json: Attached
PagedQueryResult_1-QueryableExtensionsTests_ExecuteByTestFilter(146)-638417995724661875.json: Attached
resultKeys: -1,0</StdOut>
      </Output>
      <ResultFiles>
        <ResultFile path="DESKTOP-3FN5V33\EnumerableQuery_1-QueryableExtensionsTests_ExecuteByTestFilter(144)-638417995721401492.json" />
        <ResultFile path="DESKTOP-3FN5V33\PagedQueryResult_1-QueryableExtensionsTests_ExecuteByTestFilter(146)-638417995724661875.json" />
        <ResultFile path="DESKTOP-3FN5V33\SearchQuery-QueryableExtensionsTests_ExecuteByTestFilter(142)-638417995721337380.json" />
      </ResultFiles>
    </UnitTestResult>
    <UnitTestResult executionId="3d25ff16-9e58-426b-a998-18c7c602f551" testId="b6498f29-1231-5fcf-4954-1746daa0500d" testName="ExecuteByTest_Filter (Eliassen.System.Tests.Linq.TestTargets.TestTargetExtendedModel,Date,LessThan,2020-03-01,3,-1,0,1)" computerName="DESKTOP-3FN5V33" duration="00:00:00.2791552" startTime="2024-01-25T17:12:48.1116413-05:00" endTime="2024-01-25T17:12:54.3206202-05:00" testType="13cdc9d9-ddb5-4fa4-a97d-d965ccfc6d4b" outcome="Passed" testListId="8c84fa94-04c1-424b-9868-57a2d4851a1d" relativeResultsDirectory="3d25ff16-9e58-426b-a998-18c7c602f551" xmlns="http://microsoft.com/schemas/VisualStudio/TeamTest/2010">
      <Output>
        <StdOut>Eliassen.System.Linq.ConsoleLogger`1[Eliassen.System.Linq.Search.QueryBuilder]:Information:&gt;
	Build query for CurrentPage: 0
PageSize: 0
ExcludePageCount: False
SearchTerm: (null)
	F:Date: LessThan: 2020-03-01

Eliassen.System.Linq.ConsoleLogger`1[Eliassen.System.Linq.Search.SortBuilder`1[Eliassen.System.Tests.Linq.TestTargets.TestTargetExtendedModel]]:Information:&gt;
	Applying default sort for Eliassen.System.Tests.Linq.TestTargets.TestTargetExtendedModel: (Index, Ascending)
Eliassen.System.Linq.ConsoleLogger`1[Eliassen.System.Linq.Search.QueryBuilder]:Information:&gt;
	Execute (paged): System.Linq.Enumerable+SelectRangeIterator`1[Eliassen.System.Tests.Linq.TestTargets.TestTargetExtendedModel].Where(n =&gt; (n.Date &lt; 3/1/2020 12:00:00 AM)).OrderBy(n =&gt; Convert(n.Index, Object)).Skip(0).Take(10)



TestContext Messages:
SearchQuery-QueryableExtensionsTests_ExecuteByTestFilter(142)-638417995702564499.json: Attached
EnumerableQuery_1-QueryableExtensionsTests_ExecuteByTestFilter(144)-638417995702620964.json: Attached
PagedQueryResult_1-QueryableExtensionsTests_ExecuteByTestFilter(146)-638417995705259494.json: Attached
resultKeys: -1,0,1</StdOut>
        <StdErr>Eliassen.System.Linq.ConsoleLogger`1[Eliassen.System.Linq.Expressions.ExpressionTreeBuilder`1[Eliassen.System.Tests.Linq.TestTargets.TestTargetExtendedModel]]:Warning:&gt;
	2020-03-01 parsed to 03/01/2020 00:00:00 (System.DateTime)</StdErr>
      </Output>
      <ResultFiles>
        <ResultFile path="DESKTOP-3FN5V33\EnumerableQuery_1-QueryableExtensionsTests_ExecuteByTestFilter(144)-638417995702620964.json" />
        <ResultFile path="DESKTOP-3FN5V33\PagedQueryResult_1-QueryableExtensionsTests_ExecuteByTestFilter(146)-638417995705259494.json" />
        <ResultFile path="DESKTOP-3FN5V33\SearchQuery-QueryableExtensionsTests_ExecuteByTestFilter(142)-638417995702564499.json" />
      </ResultFiles>
    </UnitTestResult>
    <UnitTestResult executionId="13bc0757-e442-409b-b135-3c7718235c01" testId="d5c2d09d-d5bb-c30c-e877-f0810b3cd681" testName="ToEnumTest (1,Val1)" computerName="DESKTOP-3FN5V33" duration="00:00:00.0000232" startTime="2024-01-25T17:12:47.7815526-05:00" endTime="2024-01-25T17:12:47.7818272-05:00" testType="13cdc9d9-ddb5-4fa4-a97d-d965ccfc6d4b" outcome="Passed" testListId="8c84fa94-04c1-424b-9868-57a2d4851a1d" relativeResultsDirectory="13bc0757-e442-409b-b135-3c7718235c01" xmlns="http://microsoft.com/schemas/VisualStudio/TeamTest/2010" />
    <UnitTestResult executionId="d88e6368-fb41-4077-b3ce-04b10138fdd2" testId="e350703c-47df-56f0-b995-a52c38b53eca" testName="MakeSafeTest (System.DateTime,3/16/2022,3/16/2022 12:00:00 AM)" computerName="DESKTOP-3FN5V33" duration="00:00:00.0002588" startTime="2024-01-25T17:12:47.8288433-05:00" endTime="2024-01-25T17:12:48.0197243-05:00" testType="13cdc9d9-ddb5-4fa4-a97d-d965ccfc6d4b" outcome="Passed" testListId="8c84fa94-04c1-424b-9868-57a2d4851a1d" relativeResultsDirectory="d88e6368-fb41-4077-b3ce-04b10138fdd2" xmlns="http://microsoft.com/schemas/VisualStudio/TeamTest/2010" />
    <UnitTestResult executionId="b24ae460-7646-48e2-95e6-7b6b459d438a" testId="732c5a4d-db4b-042b-cb1a-6907849de0ac" testName="VisitTest_Equals (,,False)" computerName="DESKTOP-3FN5V33" duration="00:00:00.0011267" startTime="2024-01-25T17:12:56.6981332-05:00" endTime="2024-01-25T17:12:56.6997368-05:00" testType="13cdc9d9-ddb5-4fa4-a97d-d965ccfc6d4b" outcome="Passed" testListId="8c84fa94-04c1-424b-9868-57a2d4851a1d" relativeResultsDirectory="b24ae460-7646-48e2-95e6-7b6b459d438a" xmlns="http://microsoft.com/schemas/VisualStudio/TeamTest/2010">
      <Output>
        <StdOut>TestContext Messages:
expression: e =&gt; e.Equals(value(Eliassen.System.Tests.Linq.Expressions.SkipInstanceMethodOnNullExpressionVisitorTests+&lt;&gt;c__DisplayClass4_0).matched)
visited: e =&gt; ((e != null) AndAlso e.Equals(value(Eliassen.System.Tests.Linq.Expressions.SkipInstanceMethodOnNullExpressionVisitorTests+&lt;&gt;c__DisplayClass4_0).matched))
result: False</StdOut>
      </Output>
    </UnitTestResult>
    <UnitTestResult executionId="3d0fc469-59a6-4c33-91fd-4227d7609892" testId="8ef63a3f-2208-ac88-5a22-493d4beeaeda" testName="GetResourceFromXmlTest" computerName="DESKTOP-3FN5V33" duration="00:00:00.0054580" startTime="2024-01-25T17:12:48.1028882-05:00" endTime="2024-01-25T17:12:48.1085715-05:00" testType="13cdc9d9-ddb5-4fa4-a97d-d965ccfc6d4b" outcome="Passed" testListId="8c84fa94-04c1-424b-9868-57a2d4851a1d" relativeResultsDirectory="3d0fc469-59a6-4c33-91fd-4227d7609892" xmlns="http://microsoft.com/schemas/VisualStudio/TeamTest/2010" />
    <UnitTestResult executionId="94328f1a-665a-4c6d-a648-dbf5f7ebfdbe" testId="926b3157-bee3-3ace-b6de-f2a9df622c6d" testName="DeserializeTest_Nullable ({&quot;Nullable&quot;:{&quot;$date&quot;:&quot;2023-07-05T14:16:32.2015217-04:00&quot;},&quot;Value&quot;:{&quot;$date&quot;:&quot;0001-01-01T00:00:00+00:00&quot;}},2023-07-05T14:16:32.2015217-04:00)" computerName="DESKTOP-3FN5V33" duration="00:00:00.0240571" startTime="2024-01-25T17:12:47.3162647-05:00" endTime="2024-01-25T17:12:47.3448860-05:00" testType="13cdc9d9-ddb5-4fa4-a97d-d965ccfc6d4b" outcome="Passed" testListId="8c84fa94-04c1-424b-9868-57a2d4851a1d" relativeResultsDirectory="94328f1a-665a-4c6d-a648-dbf5f7ebfdbe" xmlns="http://microsoft.com/schemas/VisualStudio/TeamTest/2010">
      <Output>
        <StdOut>TestContext Messages:
input-BsonDateConverterTests_DeserializeTest_Nullable(64)-638417995673211004.json: Attached
result-BsonDateConverterTests_DeserializeTest_Nullable(66)-638417995673323823.json: Attached</StdOut>
      </Output>
      <ResultFiles>
        <ResultFile path="DESKTOP-3FN5V33\input-BsonDateConverterTests_DeserializeTest_Nullable(64)-638417995673211004.json" />
        <ResultFile path="DESKTOP-3FN5V33\result-BsonDateConverterTests_DeserializeTest_Nullable(66)-638417995673323823.json" />
      </ResultFiles>
    </UnitTestResult>
    <UnitTestResult executionId="223b169c-ab44-4763-9346-2bb1b2c5d29a" testId="b6498f29-1231-5fcf-4954-1746daa0500d" testName="ExecuteByTest_Filter (Eliassen.System.Tests.Linq.TestTargets.TestTargetModel,InDeX,EqualTo,!1,10,0,2,3,4,5,6,7,8,9,10)" computerName="DESKTOP-3FN5V33" duration="00:00:00.0403550" startTime="2024-01-25T17:12:48.1116413-05:00" endTime="2024-01-25T17:12:54.3206202-05:00" testType="13cdc9d9-ddb5-4fa4-a97d-d965ccfc6d4b" outcome="Passed" testListId="8c84fa94-04c1-424b-9868-57a2d4851a1d" relativeResultsDirectory="223b169c-ab44-4763-9346-2bb1b2c5d29a" xmlns="http://microsoft.com/schemas/VisualStudio/TeamTest/2010">
      <Output>
        <StdOut>Eliassen.System.Linq.ConsoleLogger`1[Eliassen.System.Linq.Search.QueryBuilder]:Information:&gt;
	Build query for CurrentPage: 0
PageSize: 0
ExcludePageCount: False
SearchTerm: (null)
	F:InDeX: EqualTo: !1

Eliassen.System.Linq.ConsoleLogger`1[Eliassen.System.Linq.Search.QueryBuilder]:Information:&gt;
	Execute (paged): System.Linq.Enumerable+SelectRangeIterator`1[Eliassen.System.Tests.Linq.TestTargets.TestTargetModel].Where(n =&gt; (n.Index != 1)).OrderBy(_ =&gt; 0).Skip(0).Take(10)



TestContext Messages:
SearchQuery-QueryableExtensionsTests_ExecuteByTestFilter(142)-638417995684249119.json: Attached
EnumerableQuery_1-QueryableExtensionsTests_ExecuteByTestFilter(144)-638417995684309550.json: Attached
PagedQueryResult_1-QueryableExtensionsTests_ExecuteByTestFilter(146)-638417995684558895.json: Attached
resultKeys: 0,2,3,4,5,6,7,8,9,10</StdOut>
        <StdErr>Eliassen.System.Linq.ConsoleLogger`1[Eliassen.System.Linq.Expressions.ExpressionTreeBuilder`1[Eliassen.System.Tests.Linq.TestTargets.TestTargetModel]]:Warning:&gt;
	1 parsed to 1 (System.Int32)
Eliassen.System.Linq.ConsoleLogger`1[Eliassen.System.Linq.Search.SortBuilder`1[Eliassen.System.Tests.Linq.TestTargets.TestTargetModel]]:Warning:&gt;
	Force sort by 0 applied for Eliassen.System.Tests.Linq.TestTargets.TestTargetModel</StdErr>
      </Output>
      <ResultFiles>
        <ResultFile path="DESKTOP-3FN5V33\EnumerableQuery_1-QueryableExtensionsTests_ExecuteByTestFilter(144)-638417995684309550.json" />
        <ResultFile path="DESKTOP-3FN5V33\PagedQueryResult_1-QueryableExtensionsTests_ExecuteByTestFilter(146)-638417995684558895.json" />
        <ResultFile path="DESKTOP-3FN5V33\SearchQuery-QueryableExtensionsTests_ExecuteByTestFilter(142)-638417995684249119.json" />
      </ResultFiles>
    </UnitTestResult>
    <UnitTestResult executionId="d0f04b3b-7ec7-49b0-b752-7431a0f3dc95" testId="d8d8a1a1-adc8-f6f3-d3ba-c826da19378d" testName="VisitTest_EndsWith (Hello,Lo,True)" computerName="DESKTOP-3FN5V33" duration="00:00:00.0018437" startTime="2024-01-25T17:12:56.7780837-05:00" endTime="2024-01-25T17:12:56.7811461-05:00" testType="13cdc9d9-ddb5-4fa4-a97d-d965ccfc6d4b" outcome="Passed" testListId="8c84fa94-04c1-424b-9868-57a2d4851a1d" relativeResultsDirectory="d0f04b3b-7ec7-49b0-b752-7431a0f3dc95" xmlns="http://microsoft.com/schemas/VisualStudio/TeamTest/2010">
      <Output>
        <StdOut>Eliassen.System.Linq.ConsoleLogger`1[Eliassen.System.Linq.Expressions.StringComparisonReplacementExpressionVisitor]:Debug:&gt;
	Replace: e.EndsWith(value(Eliassen.System.Tests.Linq.Expressions.StringComparisonReplacementExpressionVisitorTests+&lt;&gt;c__DisplayClass8_0).matched) with e.EndsWith(value(Eliassen.System.Tests.Linq.Expressions.StringComparisonReplacementExpressionVisitorTests+&lt;&gt;c__DisplayClass8_0).matched, CurrentCultureIgnoreCase)



TestContext Messages:
expression: e =&gt; e.EndsWith(value(Eliassen.System.Tests.Linq.Expressions.StringComparisonReplacementExpressionVisitorTests+&lt;&gt;c__DisplayClass8_0).matched)
visited: e =&gt; e.EndsWith(value(Eliassen.System.Tests.Linq.Expressions.StringComparisonReplacementExpressionVisitorTests+&lt;&gt;c__DisplayClass8_0).matched, CurrentCultureIgnoreCase)</StdOut>
      </Output>
    </UnitTestResult>
    <UnitTestResult executionId="75842805-350d-4cfe-8754-4f3084c2b32a" testId="65b4a990-8424-f23f-9b61-155855edf172" testName="GetResourceFromJsonTest" computerName="DESKTOP-3FN5V33" duration="00:00:00.0004983" startTime="2024-01-25T17:12:48.0998603-05:00" endTime="2024-01-25T17:12:48.1006918-05:00" testType="13cdc9d9-ddb5-4fa4-a97d-d965ccfc6d4b" outcome="Passed" testListId="8c84fa94-04c1-424b-9868-57a2d4851a1d" relativeResultsDirectory="75842805-350d-4cfe-8754-4f3084c2b32a" xmlns="http://microsoft.com/schemas/VisualStudio/TeamTest/2010" />
    <UnitTestResult executionId="aef9b91c-807f-450e-9c11-3c05d0d19890" testId="7fd160bc-3b5b-e6e2-40ae-1974536260f2" testName="TryParseTest (System.Double,1,True,1)" computerName="DESKTOP-3FN5V33" duration="00:00:00.0000173" startTime="2024-01-25T17:12:48.0326093-05:00" endTime="2024-01-25T17:12:48.0357883-05:00" testType="13cdc9d9-ddb5-4fa4-a97d-d965ccfc6d4b" outcome="Passed" testListId="8c84fa94-04c1-424b-9868-57a2d4851a1d" relativeResultsDirectory="aef9b91c-807f-450e-9c11-3c05d0d19890" xmlns="http://microsoft.com/schemas/VisualStudio/TeamTest/2010" />
    <UnitTestResult executionId="d7336fbc-27c3-4b22-b64e-647bb60db9e4" testId="e9eca43c-a0f8-d234-3538-2b7d4b198f04" testName="VisitTest_Contains (Hello,el,True)" computerName="DESKTOP-3FN5V33" duration="00:00:00.0022101" startTime="2024-01-25T17:12:56.7357968-05:00" endTime="2024-01-25T17:12:56.7386975-05:00" testType="13cdc9d9-ddb5-4fa4-a97d-d965ccfc6d4b" outcome="Passed" testListId="8c84fa94-04c1-424b-9868-57a2d4851a1d" relativeResultsDirectory="d7336fbc-27c3-4b22-b64e-647bb60db9e4" xmlns="http://microsoft.com/schemas/VisualStudio/TeamTest/2010">
      <Output>
        <StdOut>Eliassen.System.Linq.ConsoleLogger`1[Eliassen.System.Linq.Expressions.StringComparisonReplacementExpressionVisitor]:Debug:&gt;
	Replace: e.Contains(value(Eliassen.System.Tests.Linq.Expressions.StringComparisonReplacementExpressionVisitorTests+&lt;&gt;c__DisplayClass6_0).matched) with e.Contains(value(Eliassen.System.Tests.Linq.Expressions.StringComparisonReplacementExpressionVisitorTests+&lt;&gt;c__DisplayClass6_0).matched, CurrentCultureIgnoreCase)



TestContext Messages:
expression: e =&gt; e.Contains(value(Eliassen.System.Tests.Linq.Expressions.StringComparisonReplacementExpressionVisitorTests+&lt;&gt;c__DisplayClass6_0).matched)
visited: e =&gt; e.Contains(value(Eliassen.System.Tests.Linq.Expressions.StringComparisonReplacementExpressionVisitorTests+&lt;&gt;c__DisplayClass6_0).matched, CurrentCultureIgnoreCase)</StdOut>
      </Output>
    </UnitTestResult>
    <UnitTestResult executionId="933c5290-9349-48b6-89fa-87bae18e2bc6" testId="b6498f29-1231-5fcf-4954-1746daa0500d" testName="ExecuteByTest_Filter (Eliassen.System.Tests.Linq.TestTargets.TestTargetExtendedModel,May,EqualTo,!,10,-1,1,2,4,5,7,8,10,11,13)" computerName="DESKTOP-3FN5V33" duration="00:00:00.4116033" startTime="2024-01-25T17:12:48.1116413-05:00" endTime="2024-01-25T17:12:54.3206202-05:00" testType="13cdc9d9-ddb5-4fa4-a97d-d965ccfc6d4b" outcome="Passed" testListId="8c84fa94-04c1-424b-9868-57a2d4851a1d" relativeResultsDirectory="933c5290-9349-48b6-89fa-87bae18e2bc6" xmlns="http://microsoft.com/schemas/VisualStudio/TeamTest/2010">
      <Output>
        <StdOut>Eliassen.System.Linq.ConsoleLogger`1[Eliassen.System.Linq.Search.QueryBuilder]:Information:&gt;
	Build query for CurrentPage: 0
PageSize: 0
ExcludePageCount: False
SearchTerm: (null)
	F:May: EqualTo: !

Eliassen.System.Linq.ConsoleLogger`1[Eliassen.System.Linq.Search.SortBuilder`1[Eliassen.System.Tests.Linq.TestTargets.TestTargetExtendedModel]]:Information:&gt;
	Applying default sort for Eliassen.System.Tests.Linq.TestTargets.TestTargetExtendedModel: (Index, Ascending)
Eliassen.System.Linq.ConsoleLogger`1[Eliassen.System.Linq.Search.QueryBuilder]:Information:&gt;
	Execute (paged): System.Linq.Enumerable+SelectRangeIterator`1[Eliassen.System.Tests.Linq.TestTargets.TestTargetExtendedModel].Where(n =&gt; (n.May != "")).OrderBy(n =&gt; Convert(n.Index, Object)).Skip(0).Take(10)



TestContext Messages:
SearchQuery-QueryableExtensionsTests_ExecuteByTestFilter(142)-638417995735422436.json: Attached
EnumerableQuery_1-QueryableExtensionsTests_ExecuteByTestFilter(144)-638417995735470308.json: Attached
PagedQueryResult_1-QueryableExtensionsTests_ExecuteByTestFilter(146)-638417995739421548.json: Attached
resultKeys: -1,1,2,4,5,7,8,10,11,13</StdOut>
      </Output>
      <ResultFiles>
        <ResultFile path="DESKTOP-3FN5V33\EnumerableQuery_1-QueryableExtensionsTests_ExecuteByTestFilter(144)-638417995735470308.json" />
        <ResultFile path="DESKTOP-3FN5V33\PagedQueryResult_1-QueryableExtensionsTests_ExecuteByTestFilter(146)-638417995739421548.json" />
        <ResultFile path="DESKTOP-3FN5V33\SearchQuery-QueryableExtensionsTests_ExecuteByTestFilter(142)-638417995735422436.json" />
      </ResultFiles>
    </UnitTestResult>
    <UnitTestResult executionId="ce85a614-8c7d-4068-a91c-005dd9084834" testId="47e6ed14-b917-99ad-5b18-0068efac17a3" testName="VisitTest_Equals (Hello,,False)" computerName="DESKTOP-3FN5V33" duration="00:00:00.0010943" startTime="2024-01-25T17:12:56.6941364-05:00" endTime="2024-01-25T17:12:56.6957125-05:00" testType="13cdc9d9-ddb5-4fa4-a97d-d965ccfc6d4b" outcome="Passed" testListId="8c84fa94-04c1-424b-9868-57a2d4851a1d" relativeResultsDirectory="ce85a614-8c7d-4068-a91c-005dd9084834" xmlns="http://microsoft.com/schemas/VisualStudio/TeamTest/2010">
      <Output>
        <StdOut>TestContext Messages:
expression: e =&gt; e.Equals(value(Eliassen.System.Tests.Linq.Expressions.SkipInstanceMethodOnNullExpressionVisitorTests+&lt;&gt;c__DisplayClass4_0).matched)
visited: e =&gt; ((e != null) AndAlso e.Equals(value(Eliassen.System.Tests.Linq.Expressions.SkipInstanceMethodOnNullExpressionVisitorTests+&lt;&gt;c__DisplayClass4_0).matched))
result: False</StdOut>
      </Output>
    </UnitTestResult>
    <UnitTestResult executionId="7bf0cfdf-ab8d-48fd-8d38-74c690c474d4" testId="e350703c-47df-56f0-b995-a52c38b53eca" testName="MakeSafeTest (System.AttributeTargets,nope,)" computerName="DESKTOP-3FN5V33" duration="00:00:00.0018397" startTime="2024-01-25T17:12:47.8288433-05:00" endTime="2024-01-25T17:12:48.0197243-05:00" testType="13cdc9d9-ddb5-4fa4-a97d-d965ccfc6d4b" outcome="Passed" testListId="8c84fa94-04c1-424b-9868-57a2d4851a1d" relativeResultsDirectory="7bf0cfdf-ab8d-48fd-8d38-74c690c474d4" xmlns="http://microsoft.com/schemas/VisualStudio/TeamTest/2010" />
    <UnitTestResult executionId="2afa3f1f-d71e-41b7-8dec-addfdad6f082" testId="c07bd30b-1999-489c-e66f-17f7d59077a7" testName="SerializeTest_Nullable" computerName="DESKTOP-3FN5V33" duration="00:00:00.3222239" startTime="2024-01-25T17:12:46.8979706-05:00" endTime="2024-01-25T17:12:47.2703330-05:00" testType="13cdc9d9-ddb5-4fa4-a97d-d965ccfc6d4b" outcome="Passed" testListId="8c84fa94-04c1-424b-9868-57a2d4851a1d" relativeResultsDirectory="2afa3f1f-d71e-41b7-8dec-addfdad6f082" xmlns="http://microsoft.com/schemas/VisualStudio/TeamTest/2010">
      <Output>
        <StdOut>TestContext Messages:
result-BsonDateConverterTests_SerializeTest_Nullable(25)-638417995672348676.json: Attached
2024-01-25T17:12:47.166154-05:00</StdOut>
      </Output>
      <ResultFiles>
        <ResultFile path="DESKTOP-3FN5V33\result-BsonDateConverterTests_SerializeTest_Nullable(25)-638417995672348676.json" />
      </ResultFiles>
    </UnitTestResult>
    <UnitTestResult executionId="2a6a05e5-df46-4c94-b99f-64494394296d" testId="83cb0395-740b-4b48-1b9a-9d0379b2c4b0" testName="SerializeTest" computerName="DESKTOP-3FN5V33" duration="00:00:00.0486884" startTime="2024-01-25T17:12:47.4166723-05:00" endTime="2024-01-25T17:12:47.4659204-05:00" testType="13cdc9d9-ddb5-4fa4-a97d-d965ccfc6d4b" outcome="Passed" testListId="8c84fa94-04c1-424b-9868-57a2d4851a1d" relativeResultsDirectory="2a6a05e5-df46-4c94-b99f-64494394296d" xmlns="http://microsoft.com/schemas/VisualStudio/TeamTest/2010">
      <Output>
        <StdOut>TestContext Messages:
result-BsonIdConverterTests_SerializeTest(24)-638417995674304738.json: Attached
Hello World</StdOut>
      </Output>
      <ResultFiles>
        <ResultFile path="DESKTOP-3FN5V33\result-BsonIdConverterTests_SerializeTest(24)-638417995674304738.json" />
      </ResultFiles>
    </UnitTestResult>
    <UnitTestResult executionId="ad59a171-928f-4423-8ac4-7a6dc695e6d3" testId="8667c664-2408-3d94-53dd-862b8bb2405a" testName="ToEnumTest (test short,WithDisplay)" computerName="DESKTOP-3FN5V33" duration="00:00:00.0002563" startTime="2024-01-25T17:12:47.8252487-05:00" endTime="2024-01-25T17:12:47.8258937-05:00" testType="13cdc9d9-ddb5-4fa4-a97d-d965ccfc6d4b" outcome="Passed" testListId="8c84fa94-04c1-424b-9868-57a2d4851a1d" relativeResultsDirectory="ad59a171-928f-4423-8ac4-7a6dc695e6d3" xmlns="http://microsoft.com/schemas/VisualStudio/TeamTest/2010" />
    <UnitTestResult executionId="1b22c3e8-aa12-4b10-ba9a-33d585b0455c" testId="fb3ba795-c081-9f7b-3da5-2154832c187c" testName="ToEnumTest (4,WithEnumValue)" computerName="DESKTOP-3FN5V33" duration="00:00:00.0000139" startTime="2024-01-25T17:12:47.7856770-05:00" endTime="2024-01-25T17:12:47.7862049-05:00" testType="13cdc9d9-ddb5-4fa4-a97d-d965ccfc6d4b" outcome="Passed" testListId="8c84fa94-04c1-424b-9868-57a2d4851a1d" relativeResultsDirectory="1b22c3e8-aa12-4b10-ba9a-33d585b0455c" xmlns="http://microsoft.com/schemas/VisualStudio/TeamTest/2010" />
    <UnitTestResult executionId="10aa8878-d207-404b-86a5-9f40c1c29b85" testId="a324304b-8c70-70d6-1085-fa9cbf413d33" testName="VisitTest_StartsWith (Hello,he,True)" computerName="DESKTOP-3FN5V33" duration="00:00:00.0009375" startTime="2024-01-25T17:12:56.7529840-05:00" endTime="2024-01-25T17:12:56.7558731-05:00" testType="13cdc9d9-ddb5-4fa4-a97d-d965ccfc6d4b" outcome="Passed" testListId="8c84fa94-04c1-424b-9868-57a2d4851a1d" relativeResultsDirectory="10aa8878-d207-404b-86a5-9f40c1c29b85" xmlns="http://microsoft.com/schemas/VisualStudio/TeamTest/2010">
      <Output>
        <StdOut>Eliassen.System.Linq.ConsoleLogger`1[Eliassen.System.Linq.Expressions.StringComparisonReplacementExpressionVisitor]:Debug:&gt;
	Replace: e.StartsWith(value(Eliassen.System.Tests.Linq.Expressions.StringComparisonReplacementExpressionVisitorTests+&lt;&gt;c__DisplayClass7_0).matched) with e.StartsWith(value(Eliassen.System.Tests.Linq.Expressions.StringComparisonReplacementExpressionVisitorTests+&lt;&gt;c__DisplayClass7_0).matched, CurrentCultureIgnoreCase)



TestContext Messages:
expression: e =&gt; e.StartsWith(value(Eliassen.System.Tests.Linq.Expressions.StringComparisonReplacementExpressionVisitorTests+&lt;&gt;c__DisplayClass7_0).matched)
visited: e =&gt; e.StartsWith(value(Eliassen.System.Tests.Linq.Expressions.StringComparisonReplacementExpressionVisitorTests+&lt;&gt;c__DisplayClass7_0).matched, CurrentCultureIgnoreCase)</StdOut>
      </Output>
    </UnitTestResult>
    <UnitTestResult executionId="d6397bcc-fcc2-4f80-9025-8f179731ab99" testId="c32d9ec7-cf3f-0b90-7da7-80e3553b5fe6" testName="GetResourceAsStringAsyncTest" computerName="DESKTOP-3FN5V33" duration="00:00:00.0033508" startTime="2024-01-25T17:12:48.0450864-05:00" endTime="2024-01-25T17:12:48.0489259-05:00" testType="13cdc9d9-ddb5-4fa4-a97d-d965ccfc6d4b" outcome="Passed" testListId="8c84fa94-04c1-424b-9868-57a2d4851a1d" relativeResultsDirectory="d6397bcc-fcc2-4f80-9025-8f179731ab99" xmlns="http://microsoft.com/schemas/VisualStudio/TeamTest/2010" />
    <UnitTestResult executionId="c781df3e-5db9-433e-a718-f77076bddca0" testId="d4b770b3-94e8-d07a-03aa-f3335b9b4c71" testName="VisitTest_EqualOperator (Hello,HELLO,True)" computerName="DESKTOP-3FN5V33" duration="00:00:00.0010204" startTime="2024-01-25T17:12:56.7107458-05:00" endTime="2024-01-25T17:12:56.7122412-05:00" testType="13cdc9d9-ddb5-4fa4-a97d-d965ccfc6d4b" outcome="Passed" testListId="8c84fa94-04c1-424b-9868-57a2d4851a1d" relativeResultsDirectory="c781df3e-5db9-433e-a718-f77076bddca0" xmlns="http://microsoft.com/schemas/VisualStudio/TeamTest/2010">
      <Output>
        <StdOut>TestContext Messages:
expression: e =&gt; (e == value(Eliassen.System.Tests.Linq.Expressions.StringComparisonReplacementExpressionVisitorTests+&lt;&gt;c__DisplayClass4_0).matched)
visited: e =&gt; e.Equals(value(Eliassen.System.Tests.Linq.Expressions.StringComparisonReplacementExpressionVisitorTests+&lt;&gt;c__DisplayClass4_0).matched, CurrentCultureIgnoreCase)</StdOut>
      </Output>
    </UnitTestResult>
    <UnitTestResult executionId="838f433d-11da-4100-b9c2-43db46b756a9" testId="b6498f29-1231-5fcf-4954-1746daa0500d" testName="ExecuteByTest_Filter (Eliassen.System.Tests.Linq.TestTargets.TestTargetModel,Index,InSet,System.Int32[],3,1,2,3)" computerName="DESKTOP-3FN5V33" duration="00:00:00.0356983" startTime="2024-01-25T17:12:48.1116413-05:00" endTime="2024-01-25T17:12:54.3206202-05:00" testType="13cdc9d9-ddb5-4fa4-a97d-d965ccfc6d4b" outcome="Passed" testListId="8c84fa94-04c1-424b-9868-57a2d4851a1d" relativeResultsDirectory="838f433d-11da-4100-b9c2-43db46b756a9" xmlns="http://microsoft.com/schemas/VisualStudio/TeamTest/2010">
      <Output>
        <StdOut>Eliassen.System.Linq.ConsoleLogger`1[Eliassen.System.Linq.Search.QueryBuilder]:Information:&gt;
	Build query for CurrentPage: 0
PageSize: 0
ExcludePageCount: False
SearchTerm: (null)
	F:Index: InSet: 1; 2; 3

Eliassen.System.Linq.ConsoleLogger`1[Eliassen.System.Linq.Search.QueryBuilder]:Information:&gt;
	Execute (paged): System.Linq.Enumerable+SelectRangeIterator`1[Eliassen.System.Tests.Linq.TestTargets.TestTargetModel].Where(n =&gt; value(System.Int32[]).Contains(n.Index)).OrderBy(_ =&gt; 0).Skip(0).Take(10)



TestContext Messages:
SearchQuery-QueryableExtensionsTests_ExecuteByTestFilter(142)-638417995685721476.json: Attached
EnumerableQuery_1-QueryableExtensionsTests_ExecuteByTestFilter(144)-638417995685762868.json: Attached
PagedQueryResult_1-QueryableExtensionsTests_ExecuteByTestFilter(146)-638417995685966492.json: Attached
resultKeys: 1,2,3</StdOut>
        <StdErr>Eliassen.System.Linq.ConsoleLogger`1[Eliassen.System.Linq.Search.SortBuilder`1[Eliassen.System.Tests.Linq.TestTargets.TestTargetModel]]:Warning:&gt;
	Force sort by 0 applied for Eliassen.System.Tests.Linq.TestTargets.TestTargetModel</StdErr>
      </Output>
      <ResultFiles>
        <ResultFile path="DESKTOP-3FN5V33\EnumerableQuery_1-QueryableExtensionsTests_ExecuteByTestFilter(144)-638417995685762868.json" />
        <ResultFile path="DESKTOP-3FN5V33\PagedQueryResult_1-QueryableExtensionsTests_ExecuteByTestFilter(146)-638417995685966492.json" />
        <ResultFile path="DESKTOP-3FN5V33\SearchQuery-QueryableExtensionsTests_ExecuteByTestFilter(142)-638417995685721476.json" />
      </ResultFiles>
    </UnitTestResult>
    <UnitTestResult executionId="2ec28d5e-daf9-45aa-8a10-d09b35b3a8da" testId="b6498f29-1231-5fcf-4954-1746daa0500d" testName="ExecuteByTest_Filter (Eliassen.System.Tests.Linq.TestTargets.TestTargetModel,Index,NotEqualTo,1,10,0,2,3,4,5,6,7,8,9,10)" computerName="DESKTOP-3FN5V33" duration="00:00:00.0286370" startTime="2024-01-25T17:12:48.1116413-05:00" endTime="2024-01-25T17:12:54.3206202-05:00" testType="13cdc9d9-ddb5-4fa4-a97d-d965ccfc6d4b" outcome="Passed" testListId="8c84fa94-04c1-424b-9868-57a2d4851a1d" relativeResultsDirectory="2ec28d5e-daf9-45aa-8a10-d09b35b3a8da" xmlns="http://microsoft.com/schemas/VisualStudio/TeamTest/2010">
      <Output>
        <StdOut>Eliassen.System.Linq.ConsoleLogger`1[Eliassen.System.Linq.Search.QueryBuilder]:Information:&gt;
	Build query for CurrentPage: 0
PageSize: 0
ExcludePageCount: False
SearchTerm: (null)
	F:Index: NotEqualTo: 1

Eliassen.System.Linq.ConsoleLogger`1[Eliassen.System.Linq.Search.QueryBuilder]:Information:&gt;
	Execute (paged): System.Linq.Enumerable+SelectRangeIterator`1[Eliassen.System.Tests.Linq.TestTargets.TestTargetModel].Where(n =&gt; (n.Index != 1)).OrderBy(_ =&gt; 0).Skip(0).Take(10)



TestContext Messages:
SearchQuery-QueryableExtensionsTests_ExecuteByTestFilter(142)-638417995690935372.json: Attached
EnumerableQuery_1-QueryableExtensionsTests_ExecuteByTestFilter(144)-638417995690966340.json: Attached
PagedQueryResult_1-QueryableExtensionsTests_ExecuteByTestFilter(146)-638417995691117020.json: Attached
resultKeys: 0,2,3,4,5,6,7,8,9,10</StdOut>
        <StdErr>Eliassen.System.Linq.ConsoleLogger`1[Eliassen.System.Linq.Expressions.ExpressionTreeBuilder`1[Eliassen.System.Tests.Linq.TestTargets.TestTargetModel]]:Warning:&gt;
	1 parsed to 1 (System.Int32)
Eliassen.System.Linq.ConsoleLogger`1[Eliassen.System.Linq.Search.SortBuilder`1[Eliassen.System.Tests.Linq.TestTargets.TestTargetModel]]:Warning:&gt;
	Force sort by 0 applied for Eliassen.System.Tests.Linq.TestTargets.TestTargetModel</StdErr>
      </Output>
      <ResultFiles>
        <ResultFile path="DESKTOP-3FN5V33\EnumerableQuery_1-QueryableExtensionsTests_ExecuteByTestFilter(144)-638417995690966340.json" />
        <ResultFile path="DESKTOP-3FN5V33\PagedQueryResult_1-QueryableExtensionsTests_ExecuteByTestFilter(146)-638417995691117020.json" />
        <ResultFile path="DESKTOP-3FN5V33\SearchQuery-QueryableExtensionsTests_ExecuteByTestFilter(142)-638417995690935372.json" />
      </ResultFiles>
    </UnitTestResult>
    <UnitTestResult executionId="4e528e14-2d19-4510-9cf8-fdeee285fd5e" testId="bfec42cd-394b-907b-c2e0-0b6b8b9584fe" testName="ExecuteByTest_Page (1,1,1000,1000,1,1,1)" computerName="DESKTOP-3FN5V33" duration="00:00:00.0293784" startTime="2024-01-25T17:12:56.4816207-05:00" endTime="2024-01-25T17:12:56.5118786-05:00" testType="13cdc9d9-ddb5-4fa4-a97d-d965ccfc6d4b" outcome="Passed" testListId="8c84fa94-04c1-424b-9868-57a2d4851a1d" relativeResultsDirectory="4e528e14-2d19-4510-9cf8-fdeee285fd5e" xmlns="http://microsoft.com/schemas/VisualStudio/TeamTest/2010">
      <Output>
        <StdOut>Eliassen.System.Linq.ConsoleLogger`1[Eliassen.System.Linq.Search.QueryBuilder]:Information:&gt;
	Build query for CurrentPage: 1
PageSize: 1
ExcludePageCount: False
SearchTerm: (null)

Eliassen.System.Linq.ConsoleLogger`1[Eliassen.System.Linq.Search.QueryBuilder]:Information:&gt;
	Execute (paged): System.Linq.Enumerable+SelectRangeIterator`1[Eliassen.System.Tests.Linq.TestTargets.TestTargetModel].OrderBy(_ =&gt; 0).Skip(1).Take(1)



TestContext Messages:
SearchQuery-QueryableExtensionsTests_ExecuteByTest_Page(296)-638417995764823807.json: Attached
EnumerableQuery_1-QueryableExtensionsTests_ExecuteByTest_Page(298)-638417995764869397.json: Attached
PagedQueryResult_1-QueryableExtensionsTests_ExecuteByTest_Page(300)-638417995765050508.json: Attached
resultKeys: 1</StdOut>
        <StdErr>Eliassen.System.Linq.ConsoleLogger`1[Eliassen.System.Linq.Search.QueryBuilder]:Warning:&gt;
	No filtering detected: System.Linq.Enumerable+SelectRangeIterator`1[Eliassen.System.Tests.Linq.TestTargets.TestTargetModel]: CurrentPage: 1
PageSize: 1
ExcludePageCount: False
SearchTerm: (null)

Eliassen.System.Linq.ConsoleLogger`1[Eliassen.System.Linq.Search.SortBuilder`1[Eliassen.System.Tests.Linq.TestTargets.TestTargetModel]]:Warning:&gt;
	Force sort by 0 applied for Eliassen.System.Tests.Linq.TestTargets.TestTargetModel</StdErr>
      </Output>
      <ResultFiles>
        <ResultFile path="DESKTOP-3FN5V33\EnumerableQuery_1-QueryableExtensionsTests_ExecuteByTest_Page(298)-638417995764869397.json" />
        <ResultFile path="DESKTOP-3FN5V33\PagedQueryResult_1-QueryableExtensionsTests_ExecuteByTest_Page(300)-638417995765050508.json" />
        <ResultFile path="DESKTOP-3FN5V33\SearchQuery-QueryableExtensionsTests_ExecuteByTest_Page(296)-638417995764823807.json" />
      </ResultFiles>
    </UnitTestResult>
    <UnitTestResult executionId="9c674e84-7a98-4361-98c8-45562dece272" testId="e350703c-47df-56f0-b995-a52c38b53eca" testName="MakeSafeTest (System.Guid,nope,)" computerName="DESKTOP-3FN5V33" duration="00:00:00.0003497" startTime="2024-01-25T17:12:47.8288433-05:00" endTime="2024-01-25T17:12:48.0197243-05:00" testType="13cdc9d9-ddb5-4fa4-a97d-d965ccfc6d4b" outcome="Passed" testListId="8c84fa94-04c1-424b-9868-57a2d4851a1d" relativeResultsDirectory="9c674e84-7a98-4361-98c8-45562dece272" xmlns="http://microsoft.com/schemas/VisualStudio/TeamTest/2010" />
    <UnitTestResult executionId="0bcae772-c498-49ef-b8ed-3b65d8e33163" testId="b6498f29-1231-5fcf-4954-1746daa0500d" testName="ExecuteByTest_Filter (Eliassen.System.Tests.Linq.TestTargets.TestTargetModel,Index,GreaterThan,995,4,996,997,998,999)" computerName="DESKTOP-3FN5V33" duration="00:00:00.0477309" startTime="2024-01-25T17:12:48.1116413-05:00" endTime="2024-01-25T17:12:54.3206202-05:00" testType="13cdc9d9-ddb5-4fa4-a97d-d965ccfc6d4b" outcome="Passed" testListId="8c84fa94-04c1-424b-9868-57a2d4851a1d" relativeResultsDirectory="0bcae772-c498-49ef-b8ed-3b65d8e33163" xmlns="http://microsoft.com/schemas/VisualStudio/TeamTest/2010">
      <Output>
        <StdOut>Eliassen.System.Linq.ConsoleLogger`1[Eliassen.System.Linq.Search.QueryBuilder]:Information:&gt;
	Build query for CurrentPage: 0
PageSize: 0
ExcludePageCount: False
SearchTerm: (null)
	F:Index: GreaterThan: 995

Eliassen.System.Linq.ConsoleLogger`1[Eliassen.System.Linq.Search.QueryBuilder]:Information:&gt;
	Execute (paged): System.Linq.Enumerable+SelectRangeIterator`1[Eliassen.System.Tests.Linq.TestTargets.TestTargetModel].Where(n =&gt; (n.Index &gt; 995)).OrderBy(_ =&gt; 0).Skip(0).Take(10)



TestContext Messages:
SearchQuery-QueryableExtensionsTests_ExecuteByTestFilter(142)-638417995687258568.json: Attached
EnumerableQuery_1-QueryableExtensionsTests_ExecuteByTestFilter(144)-638417995687300282.json: Attached
PagedQueryResult_1-QueryableExtensionsTests_ExecuteByTestFilter(146)-638417995687595776.json: Attached
resultKeys: 996,997,998,999</StdOut>
        <StdErr>Eliassen.System.Linq.ConsoleLogger`1[Eliassen.System.Linq.Expressions.ExpressionTreeBuilder`1[Eliassen.System.Tests.Linq.TestTargets.TestTargetModel]]:Warning:&gt;
	995 parsed to 995 (System.Int32)
Eliassen.System.Linq.ConsoleLogger`1[Eliassen.System.Linq.Search.SortBuilder`1[Eliassen.System.Tests.Linq.TestTargets.TestTargetModel]]:Warning:&gt;
	Force sort by 0 applied for Eliassen.System.Tests.Linq.TestTargets.TestTargetModel</StdErr>
      </Output>
      <ResultFiles>
        <ResultFile path="DESKTOP-3FN5V33\EnumerableQuery_1-QueryableExtensionsTests_ExecuteByTestFilter(144)-638417995687300282.json" />
        <ResultFile path="DESKTOP-3FN5V33\PagedQueryResult_1-QueryableExtensionsTests_ExecuteByTestFilter(146)-638417995687595776.json" />
        <ResultFile path="DESKTOP-3FN5V33\SearchQuery-QueryableExtensionsTests_ExecuteByTestFilter(142)-638417995687258568.json" />
      </ResultFiles>
    </UnitTestResult>
    <UnitTestResult executionId="244b1e46-2dbb-48a9-8abd-f51ebd5896ed" testId="f70a4315-fac4-e7d3-3678-874f4359a2e2" testName="GetHash (hello world,MJ7MSJwS1utMxA9QyQLytNDtd+5RGnx6m808qG1M2G+YndNbxf9JlnDaNCVbRbDP2DDoH2Bdz33FVC6TrpzXbw==)" computerName="DESKTOP-3FN5V33" duration="00:00:00.0018156" startTime="2024-01-25T17:12:47.6634934-05:00" endTime="2024-01-25T17:12:47.6657852-05:00" testType="13cdc9d9-ddb5-4fa4-a97d-d965ccfc6d4b" outcome="Passed" testListId="8c84fa94-04c1-424b-9868-57a2d4851a1d" relativeResultsDirectory="244b1e46-2dbb-48a9-8abd-f51ebd5896ed" xmlns="http://microsoft.com/schemas/VisualStudio/TeamTest/2010">
      <Output>
        <StdOut>TestContext Messages:
"hello world" =&gt; "MJ7MSJwS1utMxA9QyQLytNDtd+5RGnx6m808qG1M2G+YndNbxf9JlnDaNCVbRbDP2DDoH2Bdz33FVC6TrpzXbw=="</StdOut>
      </Output>
    </UnitTestResult>
    <UnitTestResult executionId="57de08bc-a1e4-414b-a2da-5773cbf77c25" testId="b5b73f46-926e-b166-c509-00a2b6834bdd" testName="GetFilterablePropertyNamesTest_TestTarget2Model" computerName="DESKTOP-3FN5V33" duration="00:00:00.0019305" startTime="2024-01-25T17:12:56.6524088-05:00" endTime="2024-01-25T17:12:56.6547266-05:00" testType="13cdc9d9-ddb5-4fa4-a97d-d965ccfc6d4b" outcome="Passed" testListId="8c84fa94-04c1-424b-9868-57a2d4851a1d" relativeResultsDirectory="57de08bc-a1e4-414b-a2da-5773cbf77c25" xmlns="http://microsoft.com/schemas/VisualStudio/TeamTest/2010" />
    <UnitTestResult executionId="77d245be-9722-4750-8fb8-3707335c4118" testId="b6498f29-1231-5fcf-4954-1746daa0500d" testName="ExecuteByTest_Filter (Eliassen.System.Tests.Linq.TestTargets.TestTargetExtendedModel,Date,LessThan,2020-03-01T01:01:01,4,-1,0,1,2)" computerName="DESKTOP-3FN5V33" duration="00:00:00.3250148" startTime="2024-01-25T17:12:48.1116413-05:00" endTime="2024-01-25T17:12:54.3206202-05:00" testType="13cdc9d9-ddb5-4fa4-a97d-d965ccfc6d4b" outcome="Passed" testListId="8c84fa94-04c1-424b-9868-57a2d4851a1d" relativeResultsDirectory="77d245be-9722-4750-8fb8-3707335c4118" xmlns="http://microsoft.com/schemas/VisualStudio/TeamTest/2010">
      <Output>
        <StdOut>Eliassen.System.Linq.ConsoleLogger`1[Eliassen.System.Linq.Search.QueryBuilder]:Information:&gt;
	Build query for CurrentPage: 0
PageSize: 0
ExcludePageCount: False
SearchTerm: (null)
	F:Date: LessThan: 2020-03-01T01:01:01

Eliassen.System.Linq.ConsoleLogger`1[Eliassen.System.Linq.Search.SortBuilder`1[Eliassen.System.Tests.Linq.TestTargets.TestTargetExtendedModel]]:Information:&gt;
	Applying default sort for Eliassen.System.Tests.Linq.TestTargets.TestTargetExtendedModel: (Index, Ascending)
Eliassen.System.Linq.ConsoleLogger`1[Eliassen.System.Linq.Search.QueryBuilder]:Information:&gt;
	Execute (paged): System.Linq.Enumerable+SelectRangeIterator`1[Eliassen.System.Tests.Linq.TestTargets.TestTargetExtendedModel].Where(n =&gt; (n.Date &lt; 3/1/2020 1:01:01 AM)).OrderBy(n =&gt; Convert(n.Index, Object)).Skip(0).Take(10)



TestContext Messages:
SearchQuery-QueryableExtensionsTests_ExecuteByTestFilter(142)-638417995705357024.json: Attached
EnumerableQuery_1-QueryableExtensionsTests_ExecuteByTestFilter(144)-638417995705394223.json: Attached
PagedQueryResult_1-QueryableExtensionsTests_ExecuteByTestFilter(146)-638417995708485709.json: Attached
resultKeys: -1,0,1,2</StdOut>
        <StdErr>Eliassen.System.Linq.ConsoleLogger`1[Eliassen.System.Linq.Expressions.ExpressionTreeBuilder`1[Eliassen.System.Tests.Linq.TestTargets.TestTargetExtendedModel]]:Warning:&gt;
	2020-03-01T01:01:01 parsed to 03/01/2020 01:01:01 (System.DateTime)</StdErr>
      </Output>
      <ResultFiles>
        <ResultFile path="DESKTOP-3FN5V33\EnumerableQuery_1-QueryableExtensionsTests_ExecuteByTestFilter(144)-638417995705394223.json" />
        <ResultFile path="DESKTOP-3FN5V33\PagedQueryResult_1-QueryableExtensionsTests_ExecuteByTestFilter(146)-638417995708485709.json" />
        <ResultFile path="DESKTOP-3FN5V33\SearchQuery-QueryableExtensionsTests_ExecuteByTestFilter(142)-638417995705357024.json" />
      </ResultFiles>
    </UnitTestResult>
    <UnitTestResult executionId="be328390-079a-4d75-9321-7a9ccfc0439b" testId="a7d78227-c63c-3e96-292c-bbd5ac9217f2" testName="GetHash (Hello World!,hhhE1nBOhXP+w02WfiC8/vPUJM9IvgTm3AjyvVjHKXQzcQFerYkcw88cnTS0kmS1EHUbH/nlN5N7xGtdb/TsyA==)" computerName="DESKTOP-3FN5V33" duration="00:00:00.0019353" startTime="2024-01-25T17:12:47.6580731-05:00" endTime="2024-01-25T17:12:47.6608186-05:00" testType="13cdc9d9-ddb5-4fa4-a97d-d965ccfc6d4b" outcome="Passed" testListId="8c84fa94-04c1-424b-9868-57a2d4851a1d" relativeResultsDirectory="be328390-079a-4d75-9321-7a9ccfc0439b" xmlns="http://microsoft.com/schemas/VisualStudio/TeamTest/2010">
      <Output>
        <StdOut>TestContext Messages:
"Hello World!" =&gt; "hhhE1nBOhXP+w02WfiC8/vPUJM9IvgTm3AjyvVjHKXQzcQFerYkcw88cnTS0kmS1EHUbH/nlN5N7xGtdb/TsyA=="</StdOut>
      </Output>
    </UnitTestResult>
    <UnitTestResult executionId="feffbb8e-4bef-4364-8e0a-bece71a049b1" testId="d1d4b925-a073-2286-7de7-05497c979951" testName="GetResourceFromJsonAsyncTest_NotFound" computerName="DESKTOP-3FN5V33" duration="00:00:00.0008391" startTime="2024-01-25T17:12:48.0623762-05:00" endTime="2024-01-25T17:12:48.0635139-05:00" testType="13cdc9d9-ddb5-4fa4-a97d-d965ccfc6d4b" outcome="Passed" testListId="8c84fa94-04c1-424b-9868-57a2d4851a1d" relativeResultsDirectory="feffbb8e-4bef-4364-8e0a-bece71a049b1" xmlns="http://microsoft.com/schemas/VisualStudio/TeamTest/2010" />
    <UnitTestResult executionId="82d465af-27da-407c-b202-852d1e46792a" testId="b6498f29-1231-5fcf-4954-1746daa0500d" testName="ExecuteByTest_Filter (Eliassen.System.Tests.Linq.TestTargets.TestTargetModel,Name,EqualTo,Name1*,10,1,10,11,12,13,14,15,16,17,18)" computerName="DESKTOP-3FN5V33" duration="00:00:00.0309319" startTime="2024-01-25T17:12:48.1116413-05:00" endTime="2024-01-25T17:12:54.3206202-05:00" testType="13cdc9d9-ddb5-4fa4-a97d-d965ccfc6d4b" outcome="Passed" testListId="8c84fa94-04c1-424b-9868-57a2d4851a1d" relativeResultsDirectory="82d465af-27da-407c-b202-852d1e46792a" xmlns="http://microsoft.com/schemas/VisualStudio/TeamTest/2010">
      <Output>
        <StdOut>Eliassen.System.Linq.ConsoleLogger`1[Eliassen.System.Linq.Search.QueryBuilder]:Information:&gt;
	Build query for CurrentPage: 0
PageSize: 0
ExcludePageCount: False
SearchTerm: (null)
	F:Name: EqualTo: Name1*

Eliassen.System.Linq.ConsoleLogger`1[Eliassen.System.Linq.Search.QueryBuilder]:Information:&gt;
	Execute (paged): System.Linq.Enumerable+SelectRangeIterator`1[Eliassen.System.Tests.Linq.TestTargets.TestTargetModel].Where(n =&gt; n.Name.StartsWith("Name1")).OrderBy(_ =&gt; 0).Skip(0).Take(10)



TestContext Messages:
SearchQuery-QueryableExtensionsTests_ExecuteByTestFilter(142)-638417995689745188.json: Attached
EnumerableQuery_1-QueryableExtensionsTests_ExecuteByTestFilter(144)-638417995689817057.json: Attached
PagedQueryResult_1-QueryableExtensionsTests_ExecuteByTestFilter(146)-638417995689974215.json: Attached
resultKeys: 1,10,11,12,13,14,15,16,17,18</StdOut>
        <StdErr>Eliassen.System.Linq.ConsoleLogger`1[Eliassen.System.Linq.Search.SortBuilder`1[Eliassen.System.Tests.Linq.TestTargets.TestTargetModel]]:Warning:&gt;
	Force sort by 0 applied for Eliassen.System.Tests.Linq.TestTargets.TestTargetModel</StdErr>
      </Output>
      <ResultFiles>
        <ResultFile path="DESKTOP-3FN5V33\EnumerableQuery_1-QueryableExtensionsTests_ExecuteByTestFilter(144)-638417995689817057.json" />
        <ResultFile path="DESKTOP-3FN5V33\PagedQueryResult_1-QueryableExtensionsTests_ExecuteByTestFilter(146)-638417995689974215.json" />
        <ResultFile path="DESKTOP-3FN5V33\SearchQuery-QueryableExtensionsTests_ExecuteByTestFilter(142)-638417995689745188.json" />
      </ResultFiles>
    </UnitTestResult>
    <UnitTestResult executionId="289a47fd-90e7-442b-83b0-f9dd912a07c9" testId="07b77574-2211-0cfd-4e91-7ca72fa17247" testName="VisitTest_Equals (,hello,False)" computerName="DESKTOP-3FN5V33" duration="00:00:00.0013076" startTime="2024-01-25T17:12:56.6907515-05:00" endTime="2024-01-25T17:12:56.6924464-05:00" testType="13cdc9d9-ddb5-4fa4-a97d-d965ccfc6d4b" outcome="Passed" testListId="8c84fa94-04c1-424b-9868-57a2d4851a1d" relativeResultsDirectory="289a47fd-90e7-442b-83b0-f9dd912a07c9" xmlns="http://microsoft.com/schemas/VisualStudio/TeamTest/2010">
      <Output>
        <StdOut>TestContext Messages:
expression: e =&gt; e.Equals(value(Eliassen.System.Tests.Linq.Expressions.SkipInstanceMethodOnNullExpressionVisitorTests+&lt;&gt;c__DisplayClass4_0).matched)
visited: e =&gt; ((e != null) AndAlso e.Equals(value(Eliassen.System.Tests.Linq.Expressions.SkipInstanceMethodOnNullExpressionVisitorTests+&lt;&gt;c__DisplayClass4_0).matched))
result: False</StdOut>
      </Output>
    </UnitTestResult>
    <UnitTestResult executionId="f98b8b4c-0e78-4b61-a48c-ca305dd6f176" testId="e350703c-47df-56f0-b995-a52c38b53eca" testName="MakeSafeTest (System.Nullable`1[System.Decimal],nope,)" computerName="DESKTOP-3FN5V33" duration="00:00:00.0001648" startTime="2024-01-25T17:12:47.8288433-05:00" endTime="2024-01-25T17:12:48.0197243-05:00" testType="13cdc9d9-ddb5-4fa4-a97d-d965ccfc6d4b" outcome="Passed" testListId="8c84fa94-04c1-424b-9868-57a2d4851a1d" relativeResultsDirectory="f98b8b4c-0e78-4b61-a48c-ca305dd6f176" xmlns="http://microsoft.com/schemas/VisualStudio/TeamTest/2010" />
    <UnitTestResult executionId="a41459bf-b418-4561-b556-6283abfa8f86" testId="8da0fbaf-acd6-9154-0805-f306ce39ad46" testName="SerializeTest_Value" computerName="DESKTOP-3FN5V33" duration="00:00:00.0051779" startTime="2024-01-25T17:12:47.3068371-05:00" endTime="2024-01-25T17:12:47.3125085-05:00" testType="13cdc9d9-ddb5-4fa4-a97d-d965ccfc6d4b" outcome="Passed" testListId="8c84fa94-04c1-424b-9868-57a2d4851a1d" relativeResultsDirectory="a41459bf-b418-4561-b556-6283abfa8f86" xmlns="http://microsoft.com/schemas/VisualStudio/TeamTest/2010">
      <Output>
        <StdOut>TestContext Messages:
result-BsonDateConverterTests_SerializeTest_Value(47)-638417995673081737.json: Attached
2024-01-25T17:12:47.307917-05:00</StdOut>
      </Output>
      <ResultFiles>
        <ResultFile path="DESKTOP-3FN5V33\result-BsonDateConverterTests_SerializeTest_Value(47)-638417995673081737.json" />
      </ResultFiles>
    </UnitTestResult>
    <UnitTestResult executionId="c492bf7d-e5df-4f7d-a3d6-af5871fdae54" testId="e350703c-47df-56f0-b995-a52c38b53eca" testName="MakeSafeTest (System.AttributeTargets,16,Enum)" computerName="DESKTOP-3FN5V33" duration="00:00:00.0000317" startTime="2024-01-25T17:12:47.8288433-05:00" endTime="2024-01-25T17:12:48.0197243-05:00" testType="13cdc9d9-ddb5-4fa4-a97d-d965ccfc6d4b" outcome="Passed" testListId="8c84fa94-04c1-424b-9868-57a2d4851a1d" relativeResultsDirectory="c492bf7d-e5df-4f7d-a3d6-af5871fdae54" xmlns="http://microsoft.com/schemas/VisualStudio/TeamTest/2010" />
    <UnitTestResult executionId="01caefb9-ad54-4918-a412-7db96f5a69fe" testId="c3599795-8bf1-da30-66da-ee7de44c4074" testName="VisitTest_EndsWith (Hello,lo,True)" computerName="DESKTOP-3FN5V33" duration="00:00:00.0006064" startTime="2024-01-25T17:12:56.7852444-05:00" endTime="2024-01-25T17:12:56.7879993-05:00" testType="13cdc9d9-ddb5-4fa4-a97d-d965ccfc6d4b" outcome="Passed" testListId="8c84fa94-04c1-424b-9868-57a2d4851a1d" relativeResultsDirectory="01caefb9-ad54-4918-a412-7db96f5a69fe" xmlns="http://microsoft.com/schemas/VisualStudio/TeamTest/2010">
      <Output>
        <StdOut>Eliassen.System.Linq.ConsoleLogger`1[Eliassen.System.Linq.Expressions.StringComparisonReplacementExpressionVisitor]:Debug:&gt;
	Replace: e.EndsWith(value(Eliassen.System.Tests.Linq.Expressions.StringComparisonReplacementExpressionVisitorTests+&lt;&gt;c__DisplayClass8_0).matched) with e.EndsWith(value(Eliassen.System.Tests.Linq.Expressions.StringComparisonReplacementExpressionVisitorTests+&lt;&gt;c__DisplayClass8_0).matched, CurrentCultureIgnoreCase)



TestContext Messages:
expression: e =&gt; e.EndsWith(value(Eliassen.System.Tests.Linq.Expressions.StringComparisonReplacementExpressionVisitorTests+&lt;&gt;c__DisplayClass8_0).matched)
visited: e =&gt; e.EndsWith(value(Eliassen.System.Tests.Linq.Expressions.StringComparisonReplacementExpressionVisitorTests+&lt;&gt;c__DisplayClass8_0).matched, CurrentCultureIgnoreCase)</StdOut>
      </Output>
    </UnitTestResult>
    <UnitTestResult executionId="0ddae97d-a57e-4f15-90a1-b99ddbd37c2e" testId="2bfed98c-f04b-a9c6-9b30-1a4a12b04bd4" testName="VisitTest_EqualOperator (Hello,HeLlO,True)" computerName="DESKTOP-3FN5V33" duration="00:00:00.0012368" startTime="2024-01-25T17:12:56.7148280-05:00" endTime="2024-01-25T17:12:56.7165573-05:00" testType="13cdc9d9-ddb5-4fa4-a97d-d965ccfc6d4b" outcome="Passed" testListId="8c84fa94-04c1-424b-9868-57a2d4851a1d" relativeResultsDirectory="0ddae97d-a57e-4f15-90a1-b99ddbd37c2e" xmlns="http://microsoft.com/schemas/VisualStudio/TeamTest/2010">
      <Output>
        <StdOut>TestContext Messages:
expression: e =&gt; (e == value(Eliassen.System.Tests.Linq.Expressions.StringComparisonReplacementExpressionVisitorTests+&lt;&gt;c__DisplayClass4_0).matched)
visited: e =&gt; e.Equals(value(Eliassen.System.Tests.Linq.Expressions.StringComparisonReplacementExpressionVisitorTests+&lt;&gt;c__DisplayClass4_0).matched, CurrentCultureIgnoreCase)</StdOut>
      </Output>
    </UnitTestResult>
    <UnitTestResult executionId="02ae5037-ebc6-44b6-884c-57c9f591d91f" testId="b6498f29-1231-5fcf-4954-1746daa0500d" testName="ExecuteByTest_Filter (Eliassen.System.Tests.Linq.TestTargets.TestTargetExtendedModel,Date,GreaterThan,3/1/2020,10,3,4,5,6,7,8,9,10,11,12)" computerName="DESKTOP-3FN5V33" duration="00:00:00.4620559" startTime="2024-01-25T17:12:48.1116413-05:00" endTime="2024-01-25T17:12:54.3206202-05:00" testType="13cdc9d9-ddb5-4fa4-a97d-d965ccfc6d4b" outcome="Passed" testListId="8c84fa94-04c1-424b-9868-57a2d4851a1d" relativeResultsDirectory="02ae5037-ebc6-44b6-884c-57c9f591d91f" xmlns="http://microsoft.com/schemas/VisualStudio/TeamTest/2010">
      <Output>
        <StdOut>Eliassen.System.Linq.ConsoleLogger`1[Eliassen.System.Linq.Search.QueryBuilder]:Information:&gt;
	Build query for CurrentPage: 0
PageSize: 0
ExcludePageCount: False
SearchTerm: (null)
	F:Date: GreaterThan: 3/1/2020

Eliassen.System.Linq.ConsoleLogger`1[Eliassen.System.Linq.Search.SortBuilder`1[Eliassen.System.Tests.Linq.TestTargets.TestTargetExtendedModel]]:Information:&gt;
	Applying default sort for Eliassen.System.Tests.Linq.TestTargets.TestTargetExtendedModel: (Index, Ascending)
Eliassen.System.Linq.ConsoleLogger`1[Eliassen.System.Linq.Search.QueryBuilder]:Information:&gt;
	Execute (paged): System.Linq.Enumerable+SelectRangeIterator`1[Eliassen.System.Tests.Linq.TestTargets.TestTargetExtendedModel].Where(n =&gt; (n.Date &gt; 3/1/2020 12:00:00 AM)).OrderBy(n =&gt; Convert(n.Index, Object)).Skip(0).Take(10)



TestContext Messages:
SearchQuery-QueryableExtensionsTests_ExecuteByTestFilter(142)-638417995691224889.json: Attached
EnumerableQuery_1-QueryableExtensionsTests_ExecuteByTestFilter(144)-638417995691265888.json: Attached
PagedQueryResult_1-QueryableExtensionsTests_ExecuteByTestFilter(146)-638417995695686345.json: Attached
resultKeys: 3,4,5,6,7,8,9,10,11,12</StdOut>
        <StdErr>Eliassen.System.Linq.ConsoleLogger`1[Eliassen.System.Linq.Expressions.ExpressionTreeBuilder`1[Eliassen.System.Tests.Linq.TestTargets.TestTargetExtendedModel]]:Warning:&gt;
	3/1/2020 parsed to 03/01/2020 00:00:00 (System.DateTime)</StdErr>
      </Output>
      <ResultFiles>
        <ResultFile path="DESKTOP-3FN5V33\EnumerableQuery_1-QueryableExtensionsTests_ExecuteByTestFilter(144)-638417995691265888.json" />
        <ResultFile path="DESKTOP-3FN5V33\PagedQueryResult_1-QueryableExtensionsTests_ExecuteByTestFilter(146)-638417995695686345.json" />
        <ResultFile path="DESKTOP-3FN5V33\SearchQuery-QueryableExtensionsTests_ExecuteByTestFilter(142)-638417995691224889.json" />
      </ResultFiles>
    </UnitTestResult>
    <UnitTestResult executionId="74613b7b-1ec2-4dd2-94ce-d46917753820" testId="6ecbf29a-b1dc-ecb1-c997-c95f3b46593a" testName="ExecuteByTest_Filter_JsonElement" computerName="DESKTOP-3FN5V33" duration="00:00:00.0590091" startTime="2024-01-25T17:12:54.3456481-05:00" endTime="2024-01-25T17:12:54.4054559-05:00" testType="13cdc9d9-ddb5-4fa4-a97d-d965ccfc6d4b" outcome="Passed" testListId="8c84fa94-04c1-424b-9868-57a2d4851a1d" relativeResultsDirectory="74613b7b-1ec2-4dd2-94ce-d46917753820" xmlns="http://microsoft.com/schemas/VisualStudio/TeamTest/2010">
      <Output>
        <StdOut>Eliassen.System.Linq.ConsoleLogger`1[Eliassen.System.Linq.Search.QueryBuilder]:Information:&gt;
	Build query for CurrentPage: 0
PageSize: 0
ExcludePageCount: False
SearchTerm: (null)
	F:Name: EqualTo: Name3

Eliassen.System.Linq.ConsoleLogger`1[Eliassen.System.Linq.Search.QueryBuilder]:Information:&gt;
	Execute (paged): System.Linq.Enumerable+SelectRangeIterator`1[Eliassen.System.Tests.Linq.TestTargets.TestTargetModel].Where(n =&gt; n.Name.Equals("Name3")).OrderBy(_ =&gt; 0).Skip(0).Take(10)



TestContext Messages:
SearchQuery-QueryableExtensionsTests_ExecuteByTestFilter(142)-638417995743519278.json: Attached
EnumerableQuery_1-QueryableExtensionsTests_ExecuteByTestFilter(144)-638417995743576147.json: Attached
PagedQueryResult_1-QueryableExtensionsTests_ExecuteByTestFilter(146)-638417995743931008.json: Attached
resultKeys: 3</StdOut>
        <StdErr>Eliassen.System.Linq.ConsoleLogger`1[Eliassen.System.Linq.Search.SortBuilder`1[Eliassen.System.Tests.Linq.TestTargets.TestTargetModel]]:Warning:&gt;
	Force sort by 0 applied for Eliassen.System.Tests.Linq.TestTargets.TestTargetModel</StdErr>
      </Output>
      <ResultFiles>
        <ResultFile path="DESKTOP-3FN5V33\EnumerableQuery_1-QueryableExtensionsTests_ExecuteByTestFilter(144)-638417995743576147.json" />
        <ResultFile path="DESKTOP-3FN5V33\PagedQueryResult_1-QueryableExtensionsTests_ExecuteByTestFilter(146)-638417995743931008.json" />
        <ResultFile path="DESKTOP-3FN5V33\SearchQuery-QueryableExtensionsTests_ExecuteByTestFilter(142)-638417995743519278.json" />
      </ResultFiles>
    </UnitTestResult>
    <UnitTestResult executionId="d0e36c84-b82f-4811-a929-ef78a9508677" testId="7fd160bc-3b5b-e6e2-40ae-1974536260f2" testName="TryParseTest (System.AttributeTargets,Enum,True,Enum)" computerName="DESKTOP-3FN5V33" duration="00:00:00.0000113" startTime="2024-01-25T17:12:48.0326093-05:00" endTime="2024-01-25T17:12:48.0357883-05:00" testType="13cdc9d9-ddb5-4fa4-a97d-d965ccfc6d4b" outcome="Passed" testListId="8c84fa94-04c1-424b-9868-57a2d4851a1d" relativeResultsDirectory="d0e36c84-b82f-4811-a929-ef78a9508677" xmlns="http://microsoft.com/schemas/VisualStudio/TeamTest/2010" />
    <UnitTestResult executionId="e10f6aec-84ed-423f-a9e0-c380f447bb6e" testId="b6498f29-1231-5fcf-4954-1746daa0500d" testName="ExecuteByTest_Filter (Eliassen.System.Tests.Linq.TestTargets.TestTargetExtendedModel,May,NotEqualTo,!,10,-1,1,2,4,5,7,8,10,11,13)" computerName="DESKTOP-3FN5V33" duration="00:00:00.3708506" startTime="2024-01-25T17:12:48.1116413-05:00" endTime="2024-01-25T17:12:54.3206202-05:00" testType="13cdc9d9-ddb5-4fa4-a97d-d965ccfc6d4b" outcome="Passed" testListId="8c84fa94-04c1-424b-9868-57a2d4851a1d" relativeResultsDirectory="e10f6aec-84ed-423f-a9e0-c380f447bb6e" xmlns="http://microsoft.com/schemas/VisualStudio/TeamTest/2010">
      <Output>
        <StdOut>Eliassen.System.Linq.ConsoleLogger`1[Eliassen.System.Linq.Search.QueryBuilder]:Information:&gt;
	Build query for CurrentPage: 0
PageSize: 0
ExcludePageCount: False
SearchTerm: (null)
	F:May: NotEqualTo: !

Eliassen.System.Linq.ConsoleLogger`1[Eliassen.System.Linq.Search.SortBuilder`1[Eliassen.System.Tests.Linq.TestTargets.TestTargetExtendedModel]]:Information:&gt;
	Applying default sort for Eliassen.System.Tests.Linq.TestTargets.TestTargetExtendedModel: (Index, Ascending)
Eliassen.System.Linq.ConsoleLogger`1[Eliassen.System.Linq.Search.QueryBuilder]:Information:&gt;
	Execute (paged): System.Linq.Enumerable+SelectRangeIterator`1[Eliassen.System.Tests.Linq.TestTargets.TestTargetExtendedModel].Where(n =&gt; (n.May != "")).OrderBy(n =&gt; Convert(n.Index, Object)).Skip(0).Take(10)



TestContext Messages:
SearchQuery-QueryableExtensionsTests_ExecuteByTestFilter(142)-638417995739539178.json: Attached
EnumerableQuery_1-QueryableExtensionsTests_ExecuteByTestFilter(144)-638417995739580035.json: Attached
PagedQueryResult_1-QueryableExtensionsTests_ExecuteByTestFilter(146)-638417995743127586.json: Attached
resultKeys: -1,1,2,4,5,7,8,10,11,13</StdOut>
      </Output>
      <ResultFiles>
        <ResultFile path="DESKTOP-3FN5V33\EnumerableQuery_1-QueryableExtensionsTests_ExecuteByTestFilter(144)-638417995739580035.json" />
        <ResultFile path="DESKTOP-3FN5V33\PagedQueryResult_1-QueryableExtensionsTests_ExecuteByTestFilter(146)-638417995743127586.json" />
        <ResultFile path="DESKTOP-3FN5V33\SearchQuery-QueryableExtensionsTests_ExecuteByTestFilter(142)-638417995739539178.json" />
      </ResultFiles>
    </UnitTestResult>
    <UnitTestResult executionId="999e17a1-8461-49f8-b7c7-b5db1295e3ee" testId="9c016915-9649-a737-5d1d-30f1b46f0f52" testName="GetSearchablePropertyNames_TestTargetModel" computerName="DESKTOP-3FN5V33" duration="00:00:00.0005448" startTime="2024-01-25T17:12:56.6602325-05:00" endTime="2024-01-25T17:12:56.6611377-05:00" testType="13cdc9d9-ddb5-4fa4-a97d-d965ccfc6d4b" outcome="Passed" testListId="8c84fa94-04c1-424b-9868-57a2d4851a1d" relativeResultsDirectory="999e17a1-8461-49f8-b7c7-b5db1295e3ee" xmlns="http://microsoft.com/schemas/VisualStudio/TeamTest/2010" />
    <UnitTestResult executionId="82e7cc50-a2f6-4e8f-a2ea-ff26693594a8" testId="7fd160bc-3b5b-e6e2-40ae-1974536260f2" testName="TryParseTest (System.Int32,1,True,1)" computerName="DESKTOP-3FN5V33" duration="00:00:00.0000171" startTime="2024-01-25T17:12:48.0326093-05:00" endTime="2024-01-25T17:12:48.0357883-05:00" testType="13cdc9d9-ddb5-4fa4-a97d-d965ccfc6d4b" outcome="Passed" testListId="8c84fa94-04c1-424b-9868-57a2d4851a1d" relativeResultsDirectory="82e7cc50-a2f6-4e8f-a2ea-ff26693594a8" xmlns="http://microsoft.com/schemas/VisualStudio/TeamTest/2010" />
    <UnitTestResult executionId="d944b4d3-f08d-47aa-a312-1a7ab525215e" testId="5dada6fb-9282-72bc-c9b2-bcfb539a1619" testName="VisitTest_StartsWith (Hello,HE,True)" computerName="DESKTOP-3FN5V33" duration="00:00:00.0013029" startTime="2024-01-25T17:12:56.7492766-05:00" endTime="2024-01-25T17:12:56.7509459-05:00" testType="13cdc9d9-ddb5-4fa4-a97d-d965ccfc6d4b" outcome="Passed" testListId="8c84fa94-04c1-424b-9868-57a2d4851a1d" relativeResultsDirectory="d944b4d3-f08d-47aa-a312-1a7ab525215e" xmlns="http://microsoft.com/schemas/VisualStudio/TeamTest/2010">
      <Output>
        <StdOut>Eliassen.System.Linq.ConsoleLogger`1[Eliassen.System.Linq.Expressions.StringComparisonReplacementExpressionVisitor]:Debug:&gt;
	Replace: e.StartsWith(value(Eliassen.System.Tests.Linq.Expressions.StringComparisonReplacementExpressionVisitorTests+&lt;&gt;c__DisplayClass7_0).matched) with e.StartsWith(value(Eliassen.System.Tests.Linq.Expressions.StringComparisonReplacementExpressionVisitorTests+&lt;&gt;c__DisplayClass7_0).matched, CurrentCultureIgnoreCase)



TestContext Messages:
expression: e =&gt; e.StartsWith(value(Eliassen.System.Tests.Linq.Expressions.StringComparisonReplacementExpressionVisitorTests+&lt;&gt;c__DisplayClass7_0).matched)
visited: e =&gt; e.StartsWith(value(Eliassen.System.Tests.Linq.Expressions.StringComparisonReplacementExpressionVisitorTests+&lt;&gt;c__DisplayClass7_0).matched, CurrentCultureIgnoreCase)</StdOut>
      </Output>
    </UnitTestResult>
    <UnitTestResult executionId="5d3e7765-96f4-4a08-883b-420b3ae25043" testId="03bc167f-0b26-903d-31a8-efafdb2faab7" testName="ExecuteByTest_Filter_JsonElement_Nested" computerName="DESKTOP-3FN5V33" duration="00:00:00.9051041" startTime="2024-01-25T17:12:54.4091351-05:00" endTime="2024-01-25T17:12:55.3147374-05:00" testType="13cdc9d9-ddb5-4fa4-a97d-d965ccfc6d4b" outcome="Passed" testListId="8c84fa94-04c1-424b-9868-57a2d4851a1d" relativeResultsDirectory="5d3e7765-96f4-4a08-883b-420b3ae25043" xmlns="http://microsoft.com/schemas/VisualStudio/TeamTest/2010">
      <Output>
        <StdOut>Eliassen.System.Linq.ConsoleLogger`1[Eliassen.System.Linq.Search.QueryBuilder]:Information:&gt;
	Build query for CurrentPage: 0
PageSize: 0
ExcludePageCount: False
SearchTerm: (null)
	F:Module: EqualTo: Module-2

Eliassen.System.Linq.ConsoleLogger`1[Eliassen.System.Linq.Search.SortBuilder`1[Eliassen.System.Tests.Linq.TestTargets.TestTargetExtendedModel]]:Information:&gt;
	Applying default sort for Eliassen.System.Tests.Linq.TestTargets.TestTargetExtendedModel: (Index, Ascending)
Eliassen.System.Linq.ConsoleLogger`1[Eliassen.System.Linq.Search.QueryBuilder]:Information:&gt;
	Execute (paged): System.Linq.Enumerable+SelectRangeIterator`1[Eliassen.System.Tests.Linq.TestTargets.TestTargetExtendedModel].Where(e =&gt; ((e.Modules != null) AndAlso e.Modules.Any(um =&gt; um.Equals(value(Eliassen.System.Tests.Linq.TestTargets.TestTargetExtendedModel+&lt;&gt;c__DisplayClass43_0).value)))).OrderBy(n =&gt; Convert(n.Index, Object)).Skip(0).Take(10)



TestContext Messages:
SearchQuery-QueryableExtensionsTests_ExecuteByTestFilter(142)-638417995744121828.json: Attached
EnumerableQuery_1-QueryableExtensionsTests_ExecuteByTestFilter(144)-638417995744181584.json: Attached
PagedQueryResult_1-QueryableExtensionsTests_ExecuteByTestFilter(146)-638417995752843286.json: Attached
resultKeys: 3,4,5,6,7,8,9,10,11,12</StdOut>
      </Output>
      <ResultFiles>
        <ResultFile path="DESKTOP-3FN5V33\EnumerableQuery_1-QueryableExtensionsTests_ExecuteByTestFilter(144)-638417995744181584.json" />
        <ResultFile path="DESKTOP-3FN5V33\PagedQueryResult_1-QueryableExtensionsTests_ExecuteByTestFilter(146)-638417995752843286.json" />
        <ResultFile path="DESKTOP-3FN5V33\SearchQuery-QueryableExtensionsTests_ExecuteByTestFilter(142)-638417995744121828.json" />
      </ResultFiles>
    </UnitTestResult>
    <UnitTestResult executionId="c08cae9b-d6a7-43a1-ab0a-7d03767123ce" testId="b3e2a372-55ce-d9ad-4987-01272bc32a33" testName="SerializeTest_IConfigurationSection" computerName="DESKTOP-3FN5V33" duration="00:00:00.0403742" startTime="2024-01-25T17:12:47.5959714-05:00" endTime="2024-01-25T17:12:47.6371080-05:00" testType="13cdc9d9-ddb5-4fa4-a97d-d965ccfc6d4b" outcome="Passed" testListId="8c84fa94-04c1-424b-9868-57a2d4851a1d" relativeResultsDirectory="c08cae9b-d6a7-43a1-ab0a-7d03767123ce" xmlns="http://microsoft.com/schemas/VisualStudio/TeamTest/2010">
      <Output>
        <StdOut>TestContext Messages:
String-DefaultJsonSerializerTests_SerializeTest_IConfigurationSection(72)-638417995676213666.txt: Attached
Configuration-DefaultJsonSerializerTests_SerializeTest_IConfigurationSection(73)-638417995676266123.txt: Attached</StdOut>
      </Output>
      <ResultFiles>
        <ResultFile path="DESKTOP-3FN5V33\Configuration-DefaultJsonSerializerTests_SerializeTest_IConfigurationSection(73)-638417995676266123.txt" />
        <ResultFile path="DESKTOP-3FN5V33\String-DefaultJsonSerializerTests_SerializeTest_IConfigurationSection(72)-638417995676213666.txt" />
      </ResultFiles>
    </UnitTestResult>
    <UnitTestResult executionId="cbaf584d-4878-4188-bee0-67a2b3f1ff49" testId="e350703c-47df-56f0-b995-a52c38b53eca" testName="MakeSafeTest (System.Guid,18AACB9C-2989-4322-A490-C7167BEA0DB4,18aacb9c-2989-4322-a490-c7167bea0db4)" computerName="DESKTOP-3FN5V33" duration="00:00:00.0001085" startTime="2024-01-25T17:12:47.8288433-05:00" endTime="2024-01-25T17:12:48.0197243-05:00" testType="13cdc9d9-ddb5-4fa4-a97d-d965ccfc6d4b" outcome="Passed" testListId="8c84fa94-04c1-424b-9868-57a2d4851a1d" relativeResultsDirectory="cbaf584d-4878-4188-bee0-67a2b3f1ff49" xmlns="http://microsoft.com/schemas/VisualStudio/TeamTest/2010" />
    <UnitTestResult executionId="f4ca8313-0b20-4ed1-b2c8-15849242f63c" testId="b6498f29-1231-5fcf-4954-1746daa0500d" testName="ExecuteByTest_Filter (Eliassen.System.Tests.Linq.TestTargets.TestTargetModel,Index,EqualTo,!1,10,0,2,3,4,5,6,7,8,9,10)" computerName="DESKTOP-3FN5V33" duration="00:00:00.2304253" startTime="2024-01-25T17:12:48.1116413-05:00" endTime="2024-01-25T17:12:54.3206202-05:00" testType="13cdc9d9-ddb5-4fa4-a97d-d965ccfc6d4b" outcome="Passed" testListId="8c84fa94-04c1-424b-9868-57a2d4851a1d" relativeResultsDirectory="f4ca8313-0b20-4ed1-b2c8-15849242f63c" xmlns="http://microsoft.com/schemas/VisualStudio/TeamTest/2010">
      <Output>
        <StdOut>Eliassen.System.Linq.ConsoleLogger`1[Eliassen.System.Linq.Search.QueryBuilder]:Information:&gt;
	Build query for CurrentPage: 0
PageSize: 0
ExcludePageCount: False
SearchTerm: (null)
	F:Index: EqualTo: !1

Eliassen.System.Linq.ConsoleLogger`1[Eliassen.System.Linq.Search.QueryBuilder]:Information:&gt;
	Execute (paged): System.Linq.Enumerable+SelectRangeIterator`1[Eliassen.System.Tests.Linq.TestTargets.TestTargetModel].Where(n =&gt; (n.Index != 1)).OrderBy(_ =&gt; 0).Skip(0).Take(10)



TestContext Messages:
SearchQuery-QueryableExtensionsTests_ExecuteByTestFilter(142)-638417995681487244.json: Attached
EnumerableQuery_1-QueryableExtensionsTests_ExecuteByTestFilter(144)-638417995681616568.json: Attached
PagedQueryResult_1-QueryableExtensionsTests_ExecuteByTestFilter(146)-638417995682838808.json: Attached
resultKeys: 0,2,3,4,5,6,7,8,9,10</StdOut>
        <StdErr>Eliassen.System.Linq.ConsoleLogger`1[Eliassen.System.Linq.Expressions.ExpressionTreeBuilder`1[Eliassen.System.Tests.Linq.TestTargets.TestTargetModel]]:Warning:&gt;
	1 parsed to 1 (System.Int32)
Eliassen.System.Linq.ConsoleLogger`1[Eliassen.System.Linq.Search.SortBuilder`1[Eliassen.System.Tests.Linq.TestTargets.TestTargetModel]]:Warning:&gt;
	Force sort by 0 applied for Eliassen.System.Tests.Linq.TestTargets.TestTargetModel</StdErr>
      </Output>
      <ResultFiles>
        <ResultFile path="DESKTOP-3FN5V33\EnumerableQuery_1-QueryableExtensionsTests_ExecuteByTestFilter(144)-638417995681616568.json" />
        <ResultFile path="DESKTOP-3FN5V33\PagedQueryResult_1-QueryableExtensionsTests_ExecuteByTestFilter(146)-638417995682838808.json" />
        <ResultFile path="DESKTOP-3FN5V33\SearchQuery-QueryableExtensionsTests_ExecuteByTestFilter(142)-638417995681487244.json" />
      </ResultFiles>
    </UnitTestResult>
    <UnitTestResult executionId="b3c995c4-020a-46d3-898b-e111d737b761" testId="08742191-32e9-b72f-e313-52355290b27f" testName="AsModelsTest" computerName="DESKTOP-3FN5V33" duration="00:00:00.0211935" startTime="2024-01-25T17:12:47.6718423-05:00" endTime="2024-01-25T17:12:47.6938605-05:00" testType="13cdc9d9-ddb5-4fa4-a97d-d965ccfc6d4b" outcome="Passed" testListId="8c84fa94-04c1-424b-9868-57a2d4851a1d" relativeResultsDirectory="b3c995c4-020a-46d3-898b-e111d737b761" xmlns="http://microsoft.com/schemas/VisualStudio/TeamTest/2010">
      <Output>
        <StdOut>TestContext Messages:
EnumModel { Id = 1, Name = Assembly, Code = ASSEMBLY, Description = , Order = 0, Value = Assembly, IsEndState = False, IsExcludeFromUnique = False, PossibleNames = System.String[], Value = Assembly }
EnumModel { Id = 2, Name = Module, Code = MODULE, Description = , Order = 0, Value = Module, IsEndState = False, IsExcludeFromUnique = False, PossibleNames = System.String[], Value = Module }
EnumModel { Id = 4, Name = Class, Code = CLASS, Description = , Order = 0, Value = Class, IsEndState = False, IsExcludeFromUnique = False, PossibleNames = System.String[], Value = Class }
EnumModel { Id = 8, Name = Struct, Code = STRUCT, Description = , Order = 0, Value = Struct, IsEndState = False, IsExcludeFromUnique = False, PossibleNames = System.String[], Value = Struct }
EnumModel { Id = 16, Name = Enum, Code = ENUM, Description = , Order = 0, Value = Enum, IsEndState = False, IsExcludeFromUnique = False, PossibleNames = System.String[], Value = Enum }
EnumModel { Id = 32, Name = Constructor, Code = CONSTRUCTOR, Description = , Order = 0, Value = Constructor, IsEndState = False, IsExcludeFromUnique = False, PossibleNames = System.String[], Value = Constructor }
EnumModel { Id = 64, Name = Method, Code = METHOD, Description = , Order = 0, Value = Method, IsEndState = False, IsExcludeFromUnique = False, PossibleNames = System.String[], Value = Method }
EnumModel { Id = 128, Name = Property, Code = PROPERTY, Description = , Order = 0, Value = Property, IsEndState = False, IsExcludeFromUnique = False, PossibleNames = System.String[], Value = Property }
EnumModel { Id = 256, Name = Field, Code = FIELD, Description = , Order = 0, Value = Field, IsEndState = False, IsExcludeFromUnique = False, PossibleNames = System.String[], Value = Field }
EnumModel { Id = 512, Name = Event, Code = EVENT, Description = , Order = 0, Value = Event, IsEndState = False, IsExcludeFromUnique = False, PossibleNames = System.String[], Value = Event }
EnumModel { Id = 1024, Name = Interface, Code = INTERFACE, Description = , Order = 0, Value = Interface, IsEndState = False, IsExcludeFromUnique = False, PossibleNames = System.String[], Value = Interface }
EnumModel { Id = 2048, Name = Parameter, Code = PARAMETER, Description = , Order = 0, Value = Parameter, IsEndState = False, IsExcludeFromUnique = False, PossibleNames = System.String[], Value = Parameter }
EnumModel { Id = 4096, Name = Delegate, Code = DELEGATE, Description = , Order = 0, Value = Delegate, IsEndState = False, IsExcludeFromUnique = False, PossibleNames = System.String[], Value = Delegate }
EnumModel { Id = 8192, Name = ReturnValue, Code = RETURNVALUE, Description = , Order = 0, Value = ReturnValue, IsEndState = False, IsExcludeFromUnique = False, PossibleNames = System.String[], Value = ReturnValue }
EnumModel { Id = 16384, Name = GenericParameter, Code = GENERICPARAMETER, Description = , Order = 0, Value = GenericParameter, IsEndState = False, IsExcludeFromUnique = False, PossibleNames = System.String[], Value = GenericParameter }
EnumModel { Id = 32767, Name = All, Code = ALL, Description = , Order = 0, Value = All, IsEndState = False, IsExcludeFromUnique = False, PossibleNames = System.String[], Value = All }</StdOut>
      </Output>
    </UnitTestResult>
    <UnitTestResult executionId="8a71eba1-9d76-4f9e-8d6d-60a36cbbfe40" testId="e350703c-47df-56f0-b995-a52c38b53eca" testName="MakeSafeTest (System.Double,nope,)" computerName="DESKTOP-3FN5V33" duration="00:00:00.0008851" startTime="2024-01-25T17:12:47.8288433-05:00" endTime="2024-01-25T17:12:48.0197243-05:00" testType="13cdc9d9-ddb5-4fa4-a97d-d965ccfc6d4b" outcome="Passed" testListId="8c84fa94-04c1-424b-9868-57a2d4851a1d" relativeResultsDirectory="8a71eba1-9d76-4f9e-8d6d-60a36cbbfe40" xmlns="http://microsoft.com/schemas/VisualStudio/TeamTest/2010" />
    <UnitTestResult executionId="b2a2efc2-3d7d-4d80-b819-9b3c31ced3dc" testId="7fd160bc-3b5b-e6e2-40ae-1974536260f2" testName="TryParseTest (System.Guid,nope,False,)" computerName="DESKTOP-3FN5V33" duration="00:00:00.0001626" startTime="2024-01-25T17:12:48.0326093-05:00" endTime="2024-01-25T17:12:48.0357883-05:00" testType="13cdc9d9-ddb5-4fa4-a97d-d965ccfc6d4b" outcome="Passed" testListId="8c84fa94-04c1-424b-9868-57a2d4851a1d" relativeResultsDirectory="b2a2efc2-3d7d-4d80-b819-9b3c31ced3dc" xmlns="http://microsoft.com/schemas/VisualStudio/TeamTest/2010" />
    <UnitTestResult executionId="9881cd3a-31cc-4e6e-ba22-94cf2e397fa2" testId="4c8eceef-7f0a-45c8-d030-0b823248b815" testName="VisitTest_Contains (Hello,EL,True)" computerName="DESKTOP-3FN5V33" duration="00:00:00.0013744" startTime="2024-01-25T17:12:56.7404519-05:00" endTime="2024-01-25T17:12:56.7423436-05:00" testType="13cdc9d9-ddb5-4fa4-a97d-d965ccfc6d4b" outcome="Passed" testListId="8c84fa94-04c1-424b-9868-57a2d4851a1d" relativeResultsDirectory="9881cd3a-31cc-4e6e-ba22-94cf2e397fa2" xmlns="http://microsoft.com/schemas/VisualStudio/TeamTest/2010">
      <Output>
        <StdOut>Eliassen.System.Linq.ConsoleLogger`1[Eliassen.System.Linq.Expressions.StringComparisonReplacementExpressionVisitor]:Debug:&gt;
	Replace: e.Contains(value(Eliassen.System.Tests.Linq.Expressions.StringComparisonReplacementExpressionVisitorTests+&lt;&gt;c__DisplayClass6_0).matched) with e.Contains(value(Eliassen.System.Tests.Linq.Expressions.StringComparisonReplacementExpressionVisitorTests+&lt;&gt;c__DisplayClass6_0).matched, CurrentCultureIgnoreCase)



TestContext Messages:
expression: e =&gt; e.Contains(value(Eliassen.System.Tests.Linq.Expressions.StringComparisonReplacementExpressionVisitorTests+&lt;&gt;c__DisplayClass6_0).matched)
visited: e =&gt; e.Contains(value(Eliassen.System.Tests.Linq.Expressions.StringComparisonReplacementExpressionVisitorTests+&lt;&gt;c__DisplayClass6_0).matched, CurrentCultureIgnoreCase)</StdOut>
      </Output>
    </UnitTestResult>
    <UnitTestResult executionId="889bb9ee-f730-46dc-b7d0-a43c6d85fc0c" testId="70a7d239-30af-99d8-26bc-eb06ced4f854" testName="ExecuteByTest_Page (0,0,100,1000,0,10,0,1,2,3,4,5,6,7,8,9)" computerName="DESKTOP-3FN5V33" duration="00:00:00.0355811" startTime="2024-01-25T17:12:56.4073396-05:00" endTime="2024-01-25T17:12:56.4440098-05:00" testType="13cdc9d9-ddb5-4fa4-a97d-d965ccfc6d4b" outcome="Passed" testListId="8c84fa94-04c1-424b-9868-57a2d4851a1d" relativeResultsDirectory="889bb9ee-f730-46dc-b7d0-a43c6d85fc0c" xmlns="http://microsoft.com/schemas/VisualStudio/TeamTest/2010">
      <Output>
        <StdOut>Eliassen.System.Linq.ConsoleLogger`1[Eliassen.System.Linq.Search.QueryBuilder]:Information:&gt;
	Build query for CurrentPage: 0
PageSize: 0
ExcludePageCount: False
SearchTerm: (null)

Eliassen.System.Linq.ConsoleLogger`1[Eliassen.System.Linq.Search.QueryBuilder]:Information:&gt;
	Execute (paged): System.Linq.Enumerable+SelectRangeIterator`1[Eliassen.System.Tests.Linq.TestTargets.TestTargetModel].OrderBy(_ =&gt; 0).Skip(0).Take(10)



TestContext Messages:
SearchQuery-QueryableExtensionsTests_ExecuteByTest_Page(296)-638417995764096076.json: Attached
EnumerableQuery_1-QueryableExtensionsTests_ExecuteByTest_Page(298)-638417995764145734.json: Attached
PagedQueryResult_1-QueryableExtensionsTests_ExecuteByTest_Page(300)-638417995764341447.json: Attached
resultKeys: 0,1,2,3,4,5,6,7,8,9</StdOut>
        <StdErr>Eliassen.System.Linq.ConsoleLogger`1[Eliassen.System.Linq.Search.QueryBuilder]:Warning:&gt;
	No filtering detected: System.Linq.Enumerable+SelectRangeIterator`1[Eliassen.System.Tests.Linq.TestTargets.TestTargetModel]: CurrentPage: 0
PageSize: 0
ExcludePageCount: False
SearchTerm: (null)

Eliassen.System.Linq.ConsoleLogger`1[Eliassen.System.Linq.Search.SortBuilder`1[Eliassen.System.Tests.Linq.TestTargets.TestTargetModel]]:Warning:&gt;
	Force sort by 0 applied for Eliassen.System.Tests.Linq.TestTargets.TestTargetModel</StdErr>
      </Output>
      <ResultFiles>
        <ResultFile path="DESKTOP-3FN5V33\EnumerableQuery_1-QueryableExtensionsTests_ExecuteByTest_Page(298)-638417995764145734.json" />
        <ResultFile path="DESKTOP-3FN5V33\PagedQueryResult_1-QueryableExtensionsTests_ExecuteByTest_Page(300)-638417995764341447.json" />
        <ResultFile path="DESKTOP-3FN5V33\SearchQuery-QueryableExtensionsTests_ExecuteByTest_Page(296)-638417995764096076.json" />
      </ResultFiles>
    </UnitTestResult>
    <UnitTestResult executionId="c6312b2b-e314-4cbf-bde2-76b7d8b173c9" testId="52185704-5d0e-e5db-ccdd-e6d884289597" testName="ToEnumTest (test display,WithDisplay)" computerName="DESKTOP-3FN5V33" duration="00:00:00.0002621" startTime="2024-01-25T17:12:47.8165733-05:00" endTime="2024-01-25T17:12:47.8172613-05:00" testType="13cdc9d9-ddb5-4fa4-a97d-d965ccfc6d4b" outcome="Passed" testListId="8c84fa94-04c1-424b-9868-57a2d4851a1d" relativeResultsDirectory="c6312b2b-e314-4cbf-bde2-76b7d8b173c9" xmlns="http://microsoft.com/schemas/VisualStudio/TeamTest/2010" />
    <UnitTestResult executionId="1ffbbe2b-7417-4ec0-9af1-d6bf943b8585" testId="7fd160bc-3b5b-e6e2-40ae-1974536260f2" testName="TryParseTest (System.Nullable`1[System.Double],1,True,1)" computerName="DESKTOP-3FN5V33" duration="00:00:00.0000104" startTime="2024-01-25T17:12:48.0326093-05:00" endTime="2024-01-25T17:12:48.0357883-05:00" testType="13cdc9d9-ddb5-4fa4-a97d-d965ccfc6d4b" outcome="Passed" testListId="8c84fa94-04c1-424b-9868-57a2d4851a1d" relativeResultsDirectory="1ffbbe2b-7417-4ec0-9af1-d6bf943b8585" xmlns="http://microsoft.com/schemas/VisualStudio/TeamTest/2010" />
    <UnitTestResult executionId="a6783c51-14a4-4e20-b84f-cbe283b3575d" testId="b6498f29-1231-5fcf-4954-1746daa0500d" testName="ExecuteByTest_Filter (Eliassen.System.Tests.Linq.TestTargets.TestTargetModel,Index,LessThanOrEqualTo,5,6,0,1,2,3,4,5)" computerName="DESKTOP-3FN5V33" duration="00:00:00.0470192" startTime="2024-01-25T17:12:48.1116413-05:00" endTime="2024-01-25T17:12:54.3206202-05:00" testType="13cdc9d9-ddb5-4fa4-a97d-d965ccfc6d4b" outcome="Passed" testListId="8c84fa94-04c1-424b-9868-57a2d4851a1d" relativeResultsDirectory="a6783c51-14a4-4e20-b84f-cbe283b3575d" xmlns="http://microsoft.com/schemas/VisualStudio/TeamTest/2010">
      <Output>
        <StdOut>Eliassen.System.Linq.ConsoleLogger`1[Eliassen.System.Linq.Search.QueryBuilder]:Information:&gt;
	Build query for CurrentPage: 0
PageSize: 0
ExcludePageCount: False
SearchTerm: (null)
	F:Index: LessThanOrEqualTo: 5

Eliassen.System.Linq.ConsoleLogger`1[Eliassen.System.Linq.Search.QueryBuilder]:Information:&gt;
	Execute (paged): System.Linq.Enumerable+SelectRangeIterator`1[Eliassen.System.Tests.Linq.TestTargets.TestTargetModel].Where(n =&gt; (n.Index &lt;= 5)).OrderBy(_ =&gt; 0).Skip(0).Take(10)



TestContext Messages:
SearchQuery-QueryableExtensionsTests_ExecuteByTestFilter(142)-638417995686773128.json: Attached
EnumerableQuery_1-QueryableExtensionsTests_ExecuteByTestFilter(144)-638417995686908326.json: Attached
PagedQueryResult_1-QueryableExtensionsTests_ExecuteByTestFilter(146)-638417995687141814.json: Attached
resultKeys: 0,1,2,3,4,5</StdOut>
        <StdErr>Eliassen.System.Linq.ConsoleLogger`1[Eliassen.System.Linq.Expressions.ExpressionTreeBuilder`1[Eliassen.System.Tests.Linq.TestTargets.TestTargetModel]]:Warning:&gt;
	5 parsed to 5 (System.Int32)
Eliassen.System.Linq.ConsoleLogger`1[Eliassen.System.Linq.Search.SortBuilder`1[Eliassen.System.Tests.Linq.TestTargets.TestTargetModel]]:Warning:&gt;
	Force sort by 0 applied for Eliassen.System.Tests.Linq.TestTargets.TestTargetModel</StdErr>
      </Output>
      <ResultFiles>
        <ResultFile path="DESKTOP-3FN5V33\EnumerableQuery_1-QueryableExtensionsTests_ExecuteByTestFilter(144)-638417995686908326.json" />
        <ResultFile path="DESKTOP-3FN5V33\PagedQueryResult_1-QueryableExtensionsTests_ExecuteByTestFilter(146)-638417995687141814.json" />
        <ResultFile path="DESKTOP-3FN5V33\SearchQuery-QueryableExtensionsTests_ExecuteByTestFilter(142)-638417995686773128.json" />
      </ResultFiles>
    </UnitTestResult>
    <UnitTestResult executionId="8bf27327-7b60-40e4-a7b7-4d8010e6088b" testId="53f92a56-f656-cd19-3414-6dec87fc1460" testName="ToEnumTest (name,name2|test name,WithEnumValue, WithMemberName, WithDisplay)" computerName="DESKTOP-3FN5V33" duration="00:00:00.0002633" startTime="2024-01-25T17:12:47.8271492-05:00" endTime="2024-01-25T17:12:47.8277060-05:00" testType="13cdc9d9-ddb5-4fa4-a97d-d965ccfc6d4b" outcome="Passed" testListId="8c84fa94-04c1-424b-9868-57a2d4851a1d" relativeResultsDirectory="8bf27327-7b60-40e4-a7b7-4d8010e6088b" xmlns="http://microsoft.com/schemas/VisualStudio/TeamTest/2010" />
    <UnitTestResult executionId="93db6725-75dc-4b9e-94a6-e590c5b0092a" testId="52063650-6233-2d8a-fadf-ea1a53f7d6ed" testName="GetHash (hello world,XrY7u+Ae7tCTyyK7j1rNww==)" computerName="DESKTOP-3FN5V33" duration="00:00:00.0009759" startTime="2024-01-25T17:12:47.6470718-05:00" endTime="2024-01-25T17:12:47.6484540-05:00" testType="13cdc9d9-ddb5-4fa4-a97d-d965ccfc6d4b" outcome="Passed" testListId="8c84fa94-04c1-424b-9868-57a2d4851a1d" relativeResultsDirectory="93db6725-75dc-4b9e-94a6-e590c5b0092a" xmlns="http://microsoft.com/schemas/VisualStudio/TeamTest/2010">
      <Output>
        <StdOut>TestContext Messages:
"hello world" =&gt; "XrY7u+Ae7tCTyyK7j1rNww=="</StdOut>
      </Output>
    </UnitTestResult>
    <UnitTestResult executionId="2ce38243-8c89-44eb-a508-334f5a276f2d" testId="fffaa604-a2bf-cb56-46c0-a54e3c2e5b71" testName="ToEnumTest (-1,-1)" computerName="DESKTOP-3FN5V33" duration="00:00:00.0000278" startTime="2024-01-25T17:12:47.7781804-05:00" endTime="2024-01-25T17:12:47.7785659-05:00" testType="13cdc9d9-ddb5-4fa4-a97d-d965ccfc6d4b" outcome="Passed" testListId="8c84fa94-04c1-424b-9868-57a2d4851a1d" relativeResultsDirectory="2ce38243-8c89-44eb-a508-334f5a276f2d" xmlns="http://microsoft.com/schemas/VisualStudio/TeamTest/2010" />
    <UnitTestResult executionId="7eb9aa85-be47-4c56-9e01-6bc2bebc4c12" testId="7fd160bc-3b5b-e6e2-40ae-1974536260f2" testName="TryParseTest (System.Double,nope,False,)" computerName="DESKTOP-3FN5V33" duration="00:00:00.0000730" startTime="2024-01-25T17:12:48.0326093-05:00" endTime="2024-01-25T17:12:48.0357883-05:00" testType="13cdc9d9-ddb5-4fa4-a97d-d965ccfc6d4b" outcome="Passed" testListId="8c84fa94-04c1-424b-9868-57a2d4851a1d" relativeResultsDirectory="7eb9aa85-be47-4c56-9e01-6bc2bebc4c12" xmlns="http://microsoft.com/schemas/VisualStudio/TeamTest/2010" />
    <UnitTestResult executionId="61251eb1-a2bc-4fa2-8d56-46543c15b8e0" testId="b6498f29-1231-5fcf-4954-1746daa0500d" testName="ExecuteByTest_Filter (Eliassen.System.Tests.Linq.TestTargets.TestTargetModel,Name,EqualTo,Name3,1,3)" computerName="DESKTOP-3FN5V33" duration="00:00:00.0327672" startTime="2024-01-25T17:12:48.1116413-05:00" endTime="2024-01-25T17:12:54.3206202-05:00" testType="13cdc9d9-ddb5-4fa4-a97d-d965ccfc6d4b" outcome="Passed" testListId="8c84fa94-04c1-424b-9868-57a2d4851a1d" relativeResultsDirectory="61251eb1-a2bc-4fa2-8d56-46543c15b8e0" xmlns="http://microsoft.com/schemas/VisualStudio/TeamTest/2010">
      <Output>
        <StdOut>Eliassen.System.Linq.ConsoleLogger`1[Eliassen.System.Linq.Search.QueryBuilder]:Information:&gt;
	Build query for CurrentPage: 0
PageSize: 0
ExcludePageCount: False
SearchTerm: (null)
	F:Name: EqualTo: Name3

Eliassen.System.Linq.ConsoleLogger`1[Eliassen.System.Linq.Search.QueryBuilder]:Information:&gt;
	Execute (paged): System.Linq.Enumerable+SelectRangeIterator`1[Eliassen.System.Tests.Linq.TestTargets.TestTargetModel].Where(n =&gt; n.Name.Equals("Name3")).OrderBy(_ =&gt; 0).Skip(0).Take(10)



TestContext Messages:
SearchQuery-QueryableExtensionsTests_ExecuteByTestFilter(142)-638417995685012950.json: Attached
EnumerableQuery_1-QueryableExtensionsTests_ExecuteByTestFilter(144)-638417995685059773.json: Attached
PagedQueryResult_1-QueryableExtensionsTests_ExecuteByTestFilter(146)-638417995685235863.json: Attached
resultKeys: 3</StdOut>
        <StdErr>Eliassen.System.Linq.ConsoleLogger`1[Eliassen.System.Linq.Search.SortBuilder`1[Eliassen.System.Tests.Linq.TestTargets.TestTargetModel]]:Warning:&gt;
	Force sort by 0 applied for Eliassen.System.Tests.Linq.TestTargets.TestTargetModel</StdErr>
      </Output>
      <ResultFiles>
        <ResultFile path="DESKTOP-3FN5V33\EnumerableQuery_1-QueryableExtensionsTests_ExecuteByTestFilter(144)-638417995685059773.json" />
        <ResultFile path="DESKTOP-3FN5V33\PagedQueryResult_1-QueryableExtensionsTests_ExecuteByTestFilter(146)-638417995685235863.json" />
        <ResultFile path="DESKTOP-3FN5V33\SearchQuery-QueryableExtensionsTests_ExecuteByTestFilter(142)-638417995685012950.json" />
      </ResultFiles>
    </UnitTestResult>
    <UnitTestResult executionId="b1b452ab-58e1-429c-be15-e1a1c8af6ab4" testId="b6498f29-1231-5fcf-4954-1746daa0500d" testName="ExecuteByTest_Filter (Eliassen.System.Tests.Linq.TestTargets.TestTargetModel,Name,NotEqualTo,*e2*,10,0,1,3,4,5,6,7,8,9,10)" computerName="DESKTOP-3FN5V33" duration="00:00:00.0278905" startTime="2024-01-25T17:12:48.1116413-05:00" endTime="2024-01-25T17:12:54.3206202-05:00" testType="13cdc9d9-ddb5-4fa4-a97d-d965ccfc6d4b" outcome="Passed" testListId="8c84fa94-04c1-424b-9868-57a2d4851a1d" relativeResultsDirectory="b1b452ab-58e1-429c-be15-e1a1c8af6ab4" xmlns="http://microsoft.com/schemas/VisualStudio/TeamTest/2010">
      <Output>
        <StdOut>Eliassen.System.Linq.ConsoleLogger`1[Eliassen.System.Linq.Search.QueryBuilder]:Information:&gt;
	Build query for CurrentPage: 0
PageSize: 0
ExcludePageCount: False
SearchTerm: (null)
	F:Name: NotEqualTo: *e2*

Eliassen.System.Linq.ConsoleLogger`1[Eliassen.System.Linq.Search.QueryBuilder]:Information:&gt;
	Execute (paged): System.Linq.Enumerable+SelectRangeIterator`1[Eliassen.System.Tests.Linq.TestTargets.TestTargetModel].Where(n =&gt; Not(n.Name.Contains("e2"))).OrderBy(_ =&gt; 0).Skip(0).Take(10)



TestContext Messages:
SearchQuery-QueryableExtensionsTests_ExecuteByTestFilter(142)-638417995690358059.json: Attached
EnumerableQuery_1-QueryableExtensionsTests_ExecuteByTestFilter(144)-638417995690400961.json: Attached
PagedQueryResult_1-QueryableExtensionsTests_ExecuteByTestFilter(146)-638417995690559221.json: Attached
resultKeys: 0,1,3,4,5,6,7,8,9,10</StdOut>
        <StdErr>Eliassen.System.Linq.ConsoleLogger`1[Eliassen.System.Linq.Search.SortBuilder`1[Eliassen.System.Tests.Linq.TestTargets.TestTargetModel]]:Warning:&gt;
	Force sort by 0 applied for Eliassen.System.Tests.Linq.TestTargets.TestTargetModel</StdErr>
      </Output>
      <ResultFiles>
        <ResultFile path="DESKTOP-3FN5V33\EnumerableQuery_1-QueryableExtensionsTests_ExecuteByTestFilter(144)-638417995690400961.json" />
        <ResultFile path="DESKTOP-3FN5V33\PagedQueryResult_1-QueryableExtensionsTests_ExecuteByTestFilter(146)-638417995690559221.json" />
        <ResultFile path="DESKTOP-3FN5V33\SearchQuery-QueryableExtensionsTests_ExecuteByTestFilter(142)-638417995690358059.json" />
      </ResultFiles>
    </UnitTestResult>
    <UnitTestResult executionId="a6253169-3c4f-47ed-bceb-0d546bba5a02" testId="dcab6442-3647-193e-5b50-9725bbfda52b" testName="GetFilterablePropertyNamesTest_TestTarget3Model" computerName="DESKTOP-3FN5V33" duration="00:00:00.0005651" startTime="2024-01-25T17:12:56.6577137-05:00" endTime="2024-01-25T17:12:56.6587115-05:00" testType="13cdc9d9-ddb5-4fa4-a97d-d965ccfc6d4b" outcome="Passed" testListId="8c84fa94-04c1-424b-9868-57a2d4851a1d" relativeResultsDirectory="a6253169-3c4f-47ed-bceb-0d546bba5a02" xmlns="http://microsoft.com/schemas/VisualStudio/TeamTest/2010" />
    <UnitTestResult executionId="f8407cbc-1f28-4d83-b61f-0b6d69519050" testId="7fd160bc-3b5b-e6e2-40ae-1974536260f2" testName="TryParseTest (System.Nullable`1[System.Decimal],nope,False,)" computerName="DESKTOP-3FN5V33" duration="00:00:00.0000752" startTime="2024-01-25T17:12:48.0326093-05:00" endTime="2024-01-25T17:12:48.0357883-05:00" testType="13cdc9d9-ddb5-4fa4-a97d-d965ccfc6d4b" outcome="Passed" testListId="8c84fa94-04c1-424b-9868-57a2d4851a1d" relativeResultsDirectory="f8407cbc-1f28-4d83-b61f-0b6d69519050" xmlns="http://microsoft.com/schemas/VisualStudio/TeamTest/2010" />
    <UnitTestResult executionId="755609dd-a4c3-4126-975b-461bffa6f5bb" testId="b64dc215-d1b4-1f14-fa25-4d622e2e9f2e" testName="SendAsyncTest_ByFullType" computerName="DESKTOP-3FN5V33" duration="00:00:00.8716245" startTime="2024-01-25T17:12:51.7077707-05:00" endTime="2024-01-25T17:12:52.6180018-05:00" testType="13cdc9d9-ddb5-4fa4-a97d-d965ccfc6d4b" outcome="Passed" testListId="8c84fa94-04c1-424b-9868-57a2d4851a1d" relativeResultsDirectory="755609dd-a4c3-4126-975b-461bffa6f5bb" xmlns="http://microsoft.com/schemas/VisualStudio/TeamTest/2010">
      <Output>
        <StdOut>info: Eliassen.MessageQueueing.Tests.MessageSenderTests[0]
      Sending: "{ hello = world }" [(null) -&gt; 66780f4e-25a2-47ef-bb00-fa047a4fcc18] to "Eliassen.MessageQueueing.Tests.MessageSenderTests" from "System.Runtime.CompilerServices.AsyncMethodBuilderCore::Void Start[TStateMachine](TStateMachine ByRef)"
info: Eliassen.MessageQueueing.Tests.TestItems.TestMessageSenderProvider[0]
      SendAsync({ hello = world }, Eliassen.MessageQueueing.Services.MessageContext)



TestContext Messages:
Configuration-MessageSenderTests_GetServiceProvider(107)-638417995722509040.txt: Attached
message-TestMessageSenderProvider_SendAsync(22)-638417995725296239.json: Attached
context-TestMessageSenderProvider_SendAsync(23)-638417995725697099.json: Attached
correlationId: 66780f4e-25a2-47ef-bb00-fa047a4fcc18</StdOut>
      </Output>
      <ResultFiles>
        <ResultFile path="DESKTOP-3FN5V33\Configuration-MessageSenderTests_GetServiceProvider(107)-638417995722509040.txt" />
        <ResultFile path="DESKTOP-3FN5V33\context-TestMessageSenderProvider_SendAsync(23)-638417995725697099.json" />
        <ResultFile path="DESKTOP-3FN5V33\message-TestMessageSenderProvider_SendAsync(22)-638417995725296239.json" />
      </ResultFiles>
    </UnitTestResult>
    <UnitTestResult executionId="72eca758-8dde-47d2-ac08-12bb0db5fac3" testId="e5454c02-b359-b78c-7c37-b5f0f590b608" testName="SendAsyncTest_Error" computerName="DESKTOP-3FN5V33" duration="00:00:00.0202749" startTime="2024-01-25T17:12:52.6370199-05:00" endTime="2024-01-25T17:12:52.6579120-05:00" testType="13cdc9d9-ddb5-4fa4-a97d-d965ccfc6d4b" outcome="Passed" testListId="8c84fa94-04c1-424b-9868-57a2d4851a1d" relativeResultsDirectory="72eca758-8dde-47d2-ac08-12bb0db5fac3" xmlns="http://microsoft.com/schemas/VisualStudio/TeamTest/2010">
      <Output>
        <StdOut>info: Eliassen.MessageQueueing.Tests.MessageSenderTests[0]
      Sent: [(null) -&gt; 66780f4e-25a2-47ef-bb00-fa047a4fcc18] =&gt; ((null))
info: Eliassen.MessageQueueing.Tests.MessageSenderTests[0]
      Sending: "{ hello = world }" [(null) -&gt; c3009bd8-e966-44b9-bce9-407394b42f58] to "Eliassen.MessageQueueing.Tests.MessageSenderTests" from "System.Runtime.CompilerServices.AsyncMethodBuilderCore::Void Start[TStateMachine](TStateMachine ByRef)"
fail: Eliassen.MessageQueueing.Tests.MessageSenderTests[0]
      Error: "Error in the application." [(null) -&gt; c3009bd8-e966-44b9-bce9-407394b42f58]
dbug: Eliassen.MessageQueueing.Tests.MessageSenderTests[0]
      Exception: System.ApplicationException: Error in the application.
         at Eliassen.MessageQueueing.MessageSender`1.SendAsync(Object message, String correlationId) in c:\Repos\Nucleus\Net.Libs\Framework\Eliassen.MessageQueueing\MessageSender.cs:line 79
       [(null) -&gt; c3009bd8-e966-44b9-bce9-407394b42f58]



TestContext Messages:
Configuration-MessageSenderTests_GetServiceProvider(107)-638417995726389402.txt: Attached</StdOut>
      </Output>
      <ResultFiles>
        <ResultFile path="DESKTOP-3FN5V33\Configuration-MessageSenderTests_GetServiceProvider(107)-638417995726389402.txt" />
      </ResultFiles>
    </UnitTestResult>
    <UnitTestResult executionId="2dc8e351-6626-41da-bddd-1684717353ba" testId="dbc55b57-382b-82eb-3acf-abef72ee15cc" testName="SendAsyncTest_ByKeyed" computerName="DESKTOP-3FN5V33" duration="00:00:00.0227228" startTime="2024-01-25T17:12:52.6615752-05:00" endTime="2024-01-25T17:12:52.6865744-05:00" testType="13cdc9d9-ddb5-4fa4-a97d-d965ccfc6d4b" outcome="Passed" testListId="8c84fa94-04c1-424b-9868-57a2d4851a1d" relativeResultsDirectory="2dc8e351-6626-41da-bddd-1684717353ba" xmlns="http://microsoft.com/schemas/VisualStudio/TeamTest/2010">
      <Output>
        <StdOut>info: Eliassen.MessageQueueing.Tests.MessageSenderTests[0]
      Sending: "{ hello = world }" [(null) -&gt; 8ff329e4-cd67-4e15-b295-f8e130ed7962] to "Eliassen.MessageQueueing.Tests.MessageSenderTests" from "System.Runtime.CompilerServices.AsyncMethodBuilderCore::Void Start[TStateMachine](TStateMachine ByRef)"
info: Eliassen.MessageQueueing.Tests.TestItems.TestMessageSenderProvider[0]
      SendAsync({ hello = world }, Eliassen.MessageQueueing.Services.MessageContext)
info: Eliassen.MessageQueueing.Tests.MessageSenderTests[0]
      Sent: [(null) -&gt; 8ff329e4-cd67-4e15-b295-f8e130ed7962] =&gt; ((null))



TestContext Messages:
Configuration-MessageSenderTests_GetServiceProvider(107)-638417995726630639.txt: Attached
message-TestMessageSenderProvider_SendAsync(22)-638417995726713410.json: Attached
context-TestMessageSenderProvider_SendAsync(23)-638417995726743896.json: Attached
correlationId: 8ff329e4-cd67-4e15-b295-f8e130ed7962</StdOut>
      </Output>
      <ResultFiles>
        <ResultFile path="DESKTOP-3FN5V33\Configuration-MessageSenderTests_GetServiceProvider(107)-638417995726630639.txt" />
        <ResultFile path="DESKTOP-3FN5V33\context-TestMessageSenderProvider_SendAsync(23)-638417995726743896.json" />
        <ResultFile path="DESKTOP-3FN5V33\message-TestMessageSenderProvider_SendAsync(22)-638417995726713410.json" />
      </ResultFiles>
    </UnitTestResult>
    <UnitTestResult executionId="083fdc16-0434-4d01-90ca-17241ee3da53" testId="29e073f8-c889-a619-68be-0fbabe313523" testName="GetHash (hello world,XrY7u+Ae7tCTyyK7j1rNww==)" computerName="DESKTOP-3FN5V33" duration="00:00:00.0005568" startTime="2024-01-25T16:05:11.2789757-05:00" endTime="2024-01-25T16:05:11.2798821-05:00" testType="13cdc9d9-ddb5-4fa4-a97d-d965ccfc6d4b" outcome="Passed" testListId="8c84fa94-04c1-424b-9868-57a2d4851a1d" relativeResultsDirectory="083fdc16-0434-4d01-90ca-17241ee3da53" xmlns="http://microsoft.com/schemas/VisualStudio/TeamTest/2010">
      <Output>
        <StdOut>TestContext Messages:
"hello world" =&gt; "XrY7u+Ae7tCTyyK7j1rNww=="</StdOut>
      </Output>
    </UnitTestResult>
    <UnitTestResult executionId="3d979543-bfd5-46ef-b437-e0a6b836abf5" testId="0f3b8649-3271-0a42-8cb6-7536e5c6b6c7" testName="GetHash (Hello World!,7Qdih1MuhjZehB6Sv8UNjA==)" computerName="DESKTOP-3FN5V33" duration="00:00:00.0056288" startTime="2024-01-25T16:05:11.2712997-05:00" endTime="2024-01-25T16:05:11.2775265-05:00" testType="13cdc9d9-ddb5-4fa4-a97d-d965ccfc6d4b" outcome="Passed" testListId="8c84fa94-04c1-424b-9868-57a2d4851a1d" relativeResultsDirectory="3d979543-bfd5-46ef-b437-e0a6b836abf5" xmlns="http://microsoft.com/schemas/VisualStudio/TeamTest/2010">
      <Output>
        <StdOut>TestContext Messages:
"Hello World!" =&gt; "7Qdih1MuhjZehB6Sv8UNjA=="</StdOut>
      </Output>
    </UnitTestResult>
    <UnitTestResult executionId="b1aa69e9-bfb4-4167-a7be-51ba1ca43114" testId="0783fcf2-6259-18a6-4548-3ee3e685104b" testName="ToEnumTest (Val2,Val2)" computerName="DESKTOP-3FN5V33" duration="00:00:00.0000401" startTime="2024-01-06T16:06:25.1653531-05:00" endTime="2024-01-06T16:06:25.1658942-05:00" testType="13cdc9d9-ddb5-4fa4-a97d-d965ccfc6d4b" outcome="Passed" testListId="8c84fa94-04c1-424b-9868-57a2d4851a1d" relativeResultsDirectory="b1aa69e9-bfb4-4167-a7be-51ba1ca43114" xmlns="http://microsoft.com/schemas/VisualStudio/TeamTest/2010" />
    <UnitTestResult executionId="6b2a109b-8c7f-4bfe-bbfc-878ffe0ba5f7" testId="f4cf2bc5-5581-a176-969e-675ebb01aeb7" testName="ToEnumTest (test description,WithDescription)" computerName="DESKTOP-3FN5V33" duration="00:00:00.0001932" startTime="2024-01-06T16:06:25.1964422-05:00" endTime="2024-01-06T16:06:25.1969345-05:00" testType="13cdc9d9-ddb5-4fa4-a97d-d965ccfc6d4b" outcome="Passed" testListId="8c84fa94-04c1-424b-9868-57a2d4851a1d" relativeResultsDirectory="6b2a109b-8c7f-4bfe-bbfc-878ffe0ba5f7" xmlns="http://microsoft.com/schemas/VisualStudio/TeamTest/2010" />
    <UnitTestResult executionId="f4211e6a-6d7a-443b-a5b7-88e787623a2a" testId="2987ca95-4d23-bd98-8619-20a1f1f849ce" testName="ToEnumTest (Val2|Val1,Val1, Val2)" computerName="DESKTOP-3FN5V33" duration="00:00:00.0000205" startTime="2024-01-06T16:06:25.1725149-05:00" endTime="2024-01-06T16:06:25.1727367-05:00" testType="13cdc9d9-ddb5-4fa4-a97d-d965ccfc6d4b" outcome="Passed" testListId="8c84fa94-04c1-424b-9868-57a2d4851a1d" relativeResultsDirectory="f4211e6a-6d7a-443b-a5b7-88e787623a2a" xmlns="http://microsoft.com/schemas/VisualStudio/TeamTest/2010" />
    <UnitTestResult executionId="16988848-6550-4ff4-89c5-b914326a9bcd" testId="7634c0a5-d5d8-ae19-0f45-9f0c0c3f4e32" testName="ExecuteByTest_Sort (NAME,Descending,999,998,997,996,995,994,993,992,991,990)" computerName="DESKTOP-3FN5V33" duration="00:00:00.0094683" startTime="2024-01-06T16:06:31.2514622-05:00" endTime="2024-01-06T16:06:31.2612872-05:00" testType="13cdc9d9-ddb5-4fa4-a97d-d965ccfc6d4b" outcome="Passed" testListId="8c84fa94-04c1-424b-9868-57a2d4851a1d" relativeResultsDirectory="16988848-6550-4ff4-89c5-b914326a9bcd" xmlns="http://microsoft.com/schemas/VisualStudio/TeamTest/2010">
      <Output>
        <StdOut>Eliassen.System.Internal.ConsoleLogger`1[Eliassen.System.Linq.Search.QueryBuilder]:Information:&gt;
	Build query for CurrentPage: 0
PageSize: 0
ExcludePageCount: False
SearchTerm: (null)
	S:NAME: Descending

Eliassen.System.Internal.ConsoleLogger`1[Eliassen.System.Linq.Search.QueryBuilder]:Information:&gt;
	Execute (paged): System.Linq.Enumerable+SelectRangeIterator`1[Eliassen.System.Tests.Linq.TestTargets.TestTargetModel].OrderByDescending(n =&gt; n.Name).Skip(0).Take(10)



TestContext Messages:
SearchQuery-QueryableExtensionsTests_ExecuteByTest_Sort(297)-638401539912517310.json: Attached
PagedQueryResult_1-QueryableExtensionsTests_ExecuteByTest_Sort(299)-638401539912579812.json: Attached</StdOut>
        <StdErr>Eliassen.System.Internal.ConsoleLogger`1[Eliassen.System.Linq.Search.QueryBuilder]:Warning:&gt;
	No filtering detected: System.Linq.Enumerable+SelectRangeIterator`1[Eliassen.System.Tests.Linq.TestTargets.TestTargetModel]: CurrentPage: 0
PageSize: 0
ExcludePageCount: False
SearchTerm: (null)
	S:NAME: Descending</StdErr>
      </Output>
      <ResultFiles>
        <ResultFile path="DESKTOP-3FN5V33\PagedQueryResult_1-QueryableExtensionsTests_ExecuteByTest_Sort(299)-638401539912579812.json" />
        <ResultFile path="DESKTOP-3FN5V33\SearchQuery-QueryableExtensionsTests_ExecuteByTest_Sort(297)-638401539912517310.json" />
      </ResultFiles>
    </UnitTestResult>
    <UnitTestResult executionId="28cf8514-fb44-407c-8b26-5c436412a5e0" testId="6acd0700-45fd-3a58-a98b-e73e695d3cb6" testName="ToEnumTest (test name,WithDisplay)" computerName="DESKTOP-3FN5V33" duration="00:00:00.0002143" startTime="2024-01-06T16:06:25.2004453-05:00" endTime="2024-01-06T16:06:25.2009358-05:00" testType="13cdc9d9-ddb5-4fa4-a97d-d965ccfc6d4b" outcome="Passed" testListId="8c84fa94-04c1-424b-9868-57a2d4851a1d" relativeResultsDirectory="28cf8514-fb44-407c-8b26-5c436412a5e0" xmlns="http://microsoft.com/schemas/VisualStudio/TeamTest/2010" />
    <UnitTestResult executionId="c6774a62-9739-4067-b7bf-8ca0018cc10d" testId="a0c29914-2fac-1ccd-4f27-21bcc9ae1a84" testName="ToEnumTest (Val2,Val1,Val1, Val2)" computerName="DESKTOP-3FN5V33" duration="00:00:00.0000166" startTime="2024-01-06T16:06:25.1685418-05:00" endTime="2024-01-06T16:06:25.1687481-05:00" testType="13cdc9d9-ddb5-4fa4-a97d-d965ccfc6d4b" outcome="Passed" testListId="8c84fa94-04c1-424b-9868-57a2d4851a1d" relativeResultsDirectory="c6774a62-9739-4067-b7bf-8ca0018cc10d" xmlns="http://microsoft.com/schemas/VisualStudio/TeamTest/2010" />
    <UnitTestResult executionId="daf26b87-767e-4a45-9354-9f39fd515157" testId="8338d02b-d210-c931-4723-375c66eef863" testName="ExecuteByTest_Sort (name,Descending,999,998,997,996,995,994,993,992,991,990)" computerName="DESKTOP-3FN5V33" duration="00:00:00.0117974" startTime="2024-01-06T16:06:31.2380620-05:00" endTime="2024-01-06T16:06:31.2503665-05:00" testType="13cdc9d9-ddb5-4fa4-a97d-d965ccfc6d4b" outcome="Passed" testListId="8c84fa94-04c1-424b-9868-57a2d4851a1d" relativeResultsDirectory="daf26b87-767e-4a45-9354-9f39fd515157" xmlns="http://microsoft.com/schemas/VisualStudio/TeamTest/2010">
      <Output>
        <StdOut>Eliassen.System.Internal.ConsoleLogger`1[Eliassen.System.Linq.Search.QueryBuilder]:Information:&gt;
	Build query for CurrentPage: 0
PageSize: 0
ExcludePageCount: False
SearchTerm: (null)
	S:name: Descending

Eliassen.System.Internal.ConsoleLogger`1[Eliassen.System.Linq.Search.QueryBuilder]:Information:&gt;
	Execute (paged): System.Linq.Enumerable+SelectRangeIterator`1[Eliassen.System.Tests.Linq.TestTargets.TestTargetModel].OrderByDescending(n =&gt; n.Name).Skip(0).Take(10)



TestContext Messages:
SearchQuery-QueryableExtensionsTests_ExecuteByTest_Sort(297)-638401539912389463.json: Attached
PagedQueryResult_1-QueryableExtensionsTests_ExecuteByTest_Sort(299)-638401539912457686.json: Attached</StdOut>
        <StdErr>Eliassen.System.Internal.ConsoleLogger`1[Eliassen.System.Linq.Search.QueryBuilder]:Warning:&gt;
	No filtering detected: System.Linq.Enumerable+SelectRangeIterator`1[Eliassen.System.Tests.Linq.TestTargets.TestTargetModel]: CurrentPage: 0
PageSize: 0
ExcludePageCount: False
SearchTerm: (null)
	S:name: Descending</StdErr>
      </Output>
      <ResultFiles>
        <ResultFile path="DESKTOP-3FN5V33\PagedQueryResult_1-QueryableExtensionsTests_ExecuteByTest_Sort(299)-638401539912457686.json" />
        <ResultFile path="DESKTOP-3FN5V33\SearchQuery-QueryableExtensionsTests_ExecuteByTest_Sort(297)-638401539912389463.json" />
      </ResultFiles>
    </UnitTestResult>
    <UnitTestResult executionId="e56eb737-d591-42fb-b370-5f6b22ac0614" testId="1d97f529-259a-f217-942c-8e2e6578735c" testName="ToEnumTest (4,WithEnumValue)" computerName="DESKTOP-3FN5V33" duration="00:00:00.0000227" startTime="2024-01-06T16:06:25.1843765-05:00" endTime="2024-01-06T16:06:25.1846826-05:00" testType="13cdc9d9-ddb5-4fa4-a97d-d965ccfc6d4b" outcome="Passed" testListId="8c84fa94-04c1-424b-9868-57a2d4851a1d" relativeResultsDirectory="e56eb737-d591-42fb-b370-5f6b22ac0614" xmlns="http://microsoft.com/schemas/VisualStudio/TeamTest/2010" />
    <UnitTestResult executionId="84674fc9-47e7-493f-a787-f68e97139cd0" testId="c3266cf0-adcb-0581-8c52-a350b87b4664" testName="ToEnumTest (test display,WithDisplay)" computerName="DESKTOP-3FN5V33" duration="00:00:00.0002215" startTime="2024-01-06T16:06:25.1985022-05:00" endTime="2024-01-06T16:06:25.1990329-05:00" testType="13cdc9d9-ddb5-4fa4-a97d-d965ccfc6d4b" outcome="Passed" testListId="8c84fa94-04c1-424b-9868-57a2d4851a1d" relativeResultsDirectory="84674fc9-47e7-493f-a787-f68e97139cd0" xmlns="http://microsoft.com/schemas/VisualStudio/TeamTest/2010" />
    <UnitTestResult executionId="5d3a8fc4-58b0-4108-87f5-7c37758d0a46" testId="219547ac-d953-99f8-2edf-0911d57e52dd" testName="ToEnumTest (Val1,Val1)" computerName="DESKTOP-3FN5V33" duration="00:00:00.0086442" startTime="2024-01-06T16:06:25.1457139-05:00" endTime="2024-01-06T16:06:25.1597718-05:00" testType="13cdc9d9-ddb5-4fa4-a97d-d965ccfc6d4b" outcome="Passed" testListId="8c84fa94-04c1-424b-9868-57a2d4851a1d" relativeResultsDirectory="5d3a8fc4-58b0-4108-87f5-7c37758d0a46" xmlns="http://microsoft.com/schemas/VisualStudio/TeamTest/2010" />
    <UnitTestResult executionId="1030d549-3294-4baf-b9a0-2bc03d6f420a" testId="6acc9c74-0373-caf8-35ed-9e340028f0c1" testName="ToEnumTest (Val2, Val1,Val1, Val2)" computerName="DESKTOP-3FN5V33" duration="00:00:00.0000208" startTime="2024-01-06T16:06:25.1673404-05:00" endTime="2024-01-06T16:06:25.1676131-05:00" testType="13cdc9d9-ddb5-4fa4-a97d-d965ccfc6d4b" outcome="Passed" testListId="8c84fa94-04c1-424b-9868-57a2d4851a1d" relativeResultsDirectory="1030d549-3294-4baf-b9a0-2bc03d6f420a" xmlns="http://microsoft.com/schemas/VisualStudio/TeamTest/2010" />
    <UnitTestResult executionId="10922ca9-7202-4f16-aba2-d47b8645791c" testId="f6e30306-bb3b-d2e5-9a55-741402e2594f" testName="ToEnumTest (name2,WithMemberName)" computerName="DESKTOP-3FN5V33" duration="00:00:00.0002942" startTime="2024-01-06T16:06:25.1942443-05:00" endTime="2024-01-06T16:06:25.1950721-05:00" testType="13cdc9d9-ddb5-4fa4-a97d-d965ccfc6d4b" outcome="Passed" testListId="8c84fa94-04c1-424b-9868-57a2d4851a1d" relativeResultsDirectory="10922ca9-7202-4f16-aba2-d47b8645791c" xmlns="http://microsoft.com/schemas/VisualStudio/TeamTest/2010" />
    <UnitTestResult executionId="b46c7a51-cbc5-414b-a1cf-46b7b81c144a" testId="6945fc8e-bced-3763-56d7-dd9774cf09e7" testName="ToEnumTest (2,Val2)" computerName="DESKTOP-3FN5V33" duration="00:00:00.0000226" startTime="2024-01-06T16:06:25.1801725-05:00" endTime="2024-01-06T16:06:25.1805419-05:00" testType="13cdc9d9-ddb5-4fa4-a97d-d965ccfc6d4b" outcome="Passed" testListId="8c84fa94-04c1-424b-9868-57a2d4851a1d" relativeResultsDirectory="b46c7a51-cbc5-414b-a1cf-46b7b81c144a" xmlns="http://microsoft.com/schemas/VisualStudio/TeamTest/2010" />
    <UnitTestResult executionId="7bafe149-4ba8-4713-88c2-565ccbdf4b56" testId="e97eaf8e-0ecf-65f5-04ab-76ca8870b372" testName="ToEnumTest (test short,WithDisplay)" computerName="DESKTOP-3FN5V33" duration="00:00:00.0002421" startTime="2024-01-06T16:06:25.2047707-05:00" endTime="2024-01-06T16:06:25.2053726-05:00" testType="13cdc9d9-ddb5-4fa4-a97d-d965ccfc6d4b" outcome="Passed" testListId="8c84fa94-04c1-424b-9868-57a2d4851a1d" relativeResultsDirectory="7bafe149-4ba8-4713-88c2-565ccbdf4b56" xmlns="http://microsoft.com/schemas/VisualStudio/TeamTest/2010" />
    <UnitTestResult executionId="04ddff7e-4e04-435f-9c74-7d3eadea9387" testId="f6892432-d506-05dd-c1d8-5f655afbf0ef" testName="ExecuteByTest_Sort (Name,Ascending,0,1,10,100,101,102,103,104,105,106)" computerName="DESKTOP-3FN5V33" duration="00:00:00.0096665" startTime="2024-01-06T16:06:31.2626543-05:00" endTime="2024-01-06T16:06:31.2727505-05:00" testType="13cdc9d9-ddb5-4fa4-a97d-d965ccfc6d4b" outcome="Passed" testListId="8c84fa94-04c1-424b-9868-57a2d4851a1d" relativeResultsDirectory="04ddff7e-4e04-435f-9c74-7d3eadea9387" xmlns="http://microsoft.com/schemas/VisualStudio/TeamTest/2010">
      <Output>
        <StdOut>Eliassen.System.Internal.ConsoleLogger`1[Eliassen.System.Linq.Search.QueryBuilder]:Information:&gt;
	Build query for CurrentPage: 0
PageSize: 0
ExcludePageCount: False
SearchTerm: (null)
	S:Name: Ascending

Eliassen.System.Internal.ConsoleLogger`1[Eliassen.System.Linq.Search.QueryBuilder]:Information:&gt;
	Execute (paged): System.Linq.Enumerable+SelectRangeIterator`1[Eliassen.System.Tests.Linq.TestTargets.TestTargetModel].OrderBy(n =&gt; n.Name).Skip(0).Take(10)



TestContext Messages:
SearchQuery-QueryableExtensionsTests_ExecuteByTest_Sort(297)-638401539912630220.json: Attached
PagedQueryResult_1-QueryableExtensionsTests_ExecuteByTest_Sort(299)-638401539912700711.json: Attached</StdOut>
        <StdErr>Eliassen.System.Internal.ConsoleLogger`1[Eliassen.System.Linq.Search.QueryBuilder]:Warning:&gt;
	No filtering detected: System.Linq.Enumerable+SelectRangeIterator`1[Eliassen.System.Tests.Linq.TestTargets.TestTargetModel]: CurrentPage: 0
PageSize: 0
ExcludePageCount: False
SearchTerm: (null)
	S:Name: Ascending</StdErr>
      </Output>
      <ResultFiles>
        <ResultFile path="DESKTOP-3FN5V33\PagedQueryResult_1-QueryableExtensionsTests_ExecuteByTest_Sort(299)-638401539912700711.json" />
        <ResultFile path="DESKTOP-3FN5V33\SearchQuery-QueryableExtensionsTests_ExecuteByTest_Sort(297)-638401539912630220.json" />
      </ResultFiles>
    </UnitTestResult>
    <UnitTestResult executionId="af9a82c4-38ac-41dc-a778-ad919eb088aa" testId="6a696e3c-fdaf-a272-447e-e0c2a6c77673" testName="ToEnumTest (name,name2|test name,WithEnumValue, WithMemberName, WithDisplay)" computerName="DESKTOP-3FN5V33" duration="00:00:00.0002442" startTime="2024-01-06T16:06:25.2078104-05:00" endTime="2024-01-06T16:06:25.2083967-05:00" testType="13cdc9d9-ddb5-4fa4-a97d-d965ccfc6d4b" outcome="Passed" testListId="8c84fa94-04c1-424b-9868-57a2d4851a1d" relativeResultsDirectory="af9a82c4-38ac-41dc-a778-ad919eb088aa" xmlns="http://microsoft.com/schemas/VisualStudio/TeamTest/2010" />
    <UnitTestResult executionId="d1099f81-9056-433a-8b61-c8cb9691fef6" testId="55a3c803-06e9-6a98-6826-97a1597a8680" testName="ToEnumTest (0,Val0)" computerName="DESKTOP-3FN5V33" duration="00:00:00.0000121" startTime="2024-01-06T16:06:25.1752890-05:00" endTime="2024-01-06T16:06:25.1754971-05:00" testType="13cdc9d9-ddb5-4fa4-a97d-d965ccfc6d4b" outcome="Passed" testListId="8c84fa94-04c1-424b-9868-57a2d4851a1d" relativeResultsDirectory="d1099f81-9056-433a-8b61-c8cb9691fef6" xmlns="http://microsoft.com/schemas/VisualStudio/TeamTest/2010" />
    <UnitTestResult executionId="80aad71d-1f29-4d81-8bfb-b9b02f9e13c0" testId="6f5bf48c-e4c0-b967-62c8-a640629e7719" testName="ToEnumTest (1,Val1)" computerName="DESKTOP-3FN5V33" duration="00:00:00.0000137" startTime="2024-01-06T16:06:25.1768126-05:00" endTime="2024-01-06T16:06:25.1770396-05:00" testType="13cdc9d9-ddb5-4fa4-a97d-d965ccfc6d4b" outcome="Passed" testListId="8c84fa94-04c1-424b-9868-57a2d4851a1d" relativeResultsDirectory="80aad71d-1f29-4d81-8bfb-b9b02f9e13c0" xmlns="http://microsoft.com/schemas/VisualStudio/TeamTest/2010" />
    <UnitTestResult executionId="42810d77-4cb2-4d0a-84fc-3627a49242eb" testId="a465e3e2-5f33-9280-96a5-dad2cdb56d48" testName="ToEnumTest (Val2 , Val1,Val1, Val2)" computerName="DESKTOP-3FN5V33" duration="00:00:00.0000169" startTime="2024-01-06T16:06:25.1696963-05:00" endTime="2024-01-06T16:06:25.1699649-05:00" testType="13cdc9d9-ddb5-4fa4-a97d-d965ccfc6d4b" outcome="Passed" testListId="8c84fa94-04c1-424b-9868-57a2d4851a1d" relativeResultsDirectory="42810d77-4cb2-4d0a-84fc-3627a49242eb" xmlns="http://microsoft.com/schemas/VisualStudio/TeamTest/2010" />
    <UnitTestResult executionId="6968c3fc-62c3-4d6e-89ee-42f0d19c6349" testId="d9a582db-720f-849c-5c6c-3e72305e7969" testName="ToEnumTest (-1,-1)" computerName="DESKTOP-3FN5V33" duration="00:00:00.0000226" startTime="2024-01-06T16:06:25.1739125-05:00" endTime="2024-01-06T16:06:25.1741562-05:00" testType="13cdc9d9-ddb5-4fa4-a97d-d965ccfc6d4b" outcome="Passed" testListId="8c84fa94-04c1-424b-9868-57a2d4851a1d" relativeResultsDirectory="6968c3fc-62c3-4d6e-89ee-42f0d19c6349" xmlns="http://microsoft.com/schemas/VisualStudio/TeamTest/2010" />
    <UnitTestResult executionId="3eafb1a8-c001-4932-9731-024d2568eca7" testId="2be0bb23-bdd4-39e3-5c52-58d829d1a4f6" testName="ExecuteByTest_Sort (Name,Descending,999,998,997,996,995,994,993,992,991,990)" computerName="DESKTOP-3FN5V33" duration="00:00:00.0140897" startTime="2024-01-06T16:06:31.2224047-05:00" endTime="2024-01-06T16:06:31.2368351-05:00" testType="13cdc9d9-ddb5-4fa4-a97d-d965ccfc6d4b" outcome="Passed" testListId="8c84fa94-04c1-424b-9868-57a2d4851a1d" relativeResultsDirectory="3eafb1a8-c001-4932-9731-024d2568eca7" xmlns="http://microsoft.com/schemas/VisualStudio/TeamTest/2010">
      <Output>
        <StdOut>Eliassen.System.Internal.ConsoleLogger`1[Eliassen.System.Linq.Search.QueryBuilder]:Information:&gt;
	Build query for CurrentPage: 0
PageSize: 0
ExcludePageCount: False
SearchTerm: (null)
	S:Name: Descending

Eliassen.System.Internal.ConsoleLogger`1[Eliassen.System.Linq.Search.QueryBuilder]:Information:&gt;
	Execute (paged): System.Linq.Enumerable+SelectRangeIterator`1[Eliassen.System.Tests.Linq.TestTargets.TestTargetModel].OrderByDescending(n =&gt; n.Name).Skip(0).Take(10)



TestContext Messages:
SearchQuery-QueryableExtensionsTests_ExecuteByTest_Sort(297)-638401539912230644.json: Attached
PagedQueryResult_1-QueryableExtensionsTests_ExecuteByTest_Sort(299)-638401539912312831.json: Attached</StdOut>
        <StdErr>Eliassen.System.Internal.ConsoleLogger`1[Eliassen.System.Linq.Search.QueryBuilder]:Warning:&gt;
	No filtering detected: System.Linq.Enumerable+SelectRangeIterator`1[Eliassen.System.Tests.Linq.TestTargets.TestTargetModel]: CurrentPage: 0
PageSize: 0
ExcludePageCount: False
SearchTerm: (null)
	S:Name: Descending</StdErr>
      </Output>
      <ResultFiles>
        <ResultFile path="DESKTOP-3FN5V33\PagedQueryResult_1-QueryableExtensionsTests_ExecuteByTest_Sort(299)-638401539912312831.json" />
        <ResultFile path="DESKTOP-3FN5V33\SearchQuery-QueryableExtensionsTests_ExecuteByTest_Sort(297)-638401539912230644.json" />
      </ResultFiles>
    </UnitTestResult>
    <UnitTestResult executionId="d17b5f28-f3a8-4b72-a707-06d6510ac725" testId="da8e2bdd-b046-b065-da35-f4d8fa39c126" testName="ToEnumTest (3,Val1, Val2)" computerName="DESKTOP-3FN5V33" duration="00:00:00.0000300" startTime="2024-01-06T16:06:25.1820926-05:00" endTime="2024-01-06T16:06:25.1824604-05:00" testType="13cdc9d9-ddb5-4fa4-a97d-d965ccfc6d4b" outcome="Passed" testListId="8c84fa94-04c1-424b-9868-57a2d4851a1d" relativeResultsDirectory="d17b5f28-f3a8-4b72-a707-06d6510ac725" xmlns="http://microsoft.com/schemas/VisualStudio/TeamTest/2010" />
    <UnitTestResult executionId="51c36e12-1178-4f39-a91c-d3b10e505799" testId="18ab39eb-c269-8e5e-27c8-0e0099e940b7" testName="ToEnumTest (Val2 ,Val1,Val1, Val2)" computerName="DESKTOP-3FN5V33" duration="00:00:00.0000146" startTime="2024-01-06T16:06:25.1711425-05:00" endTime="2024-01-06T16:06:25.1713677-05:00" testType="13cdc9d9-ddb5-4fa4-a97d-d965ccfc6d4b" outcome="Passed" testListId="8c84fa94-04c1-424b-9868-57a2d4851a1d" relativeResultsDirectory="51c36e12-1178-4f39-a91c-d3b10e505799" xmlns="http://microsoft.com/schemas/VisualStudio/TeamTest/2010" />
    <UnitTestResult executionId="18c6fc2f-e879-4567-8952-00334e0a1a5b" testId="fc5fae9f-91d6-fa24-579e-a13cc255eec6" testName="ToEnumTest (name,WithEnumValue)" computerName="DESKTOP-3FN5V33" duration="00:00:00.0022812" startTime="2024-01-06T16:06:25.1899726-05:00" endTime="2024-01-06T16:06:25.1927020-05:00" testType="13cdc9d9-ddb5-4fa4-a97d-d965ccfc6d4b" outcome="Passed" testListId="8c84fa94-04c1-424b-9868-57a2d4851a1d" relativeResultsDirectory="18c6fc2f-e879-4567-8952-00334e0a1a5b" xmlns="http://microsoft.com/schemas/VisualStudio/TeamTest/2010" />
    <UnitTestResult executionId="a0e44ede-500c-4f9e-963d-32744d33b60e" testId="921f768d-c026-5c72-695c-6195f075a1c1" testName="ToEnumTest (test description,WithDescription)" computerName="DESKTOP-3FN5V33" duration="00:00:00.0002230" startTime="2024-01-05T13:40:30.5233348-05:00" endTime="2024-01-05T13:40:30.5238959-05:00" testType="13cdc9d9-ddb5-4fa4-a97d-d965ccfc6d4b" outcome="Passed" testListId="8c84fa94-04c1-424b-9868-57a2d4851a1d" relativeResultsDirectory="a0e44ede-500c-4f9e-963d-32744d33b60e" xmlns="http://microsoft.com/schemas/VisualStudio/TeamTest/2010" />
    <UnitTestResult executionId="385f1677-3ea5-4a05-8f46-c52bd4edea4c" testId="abffb153-2bc5-2e5d-37d3-34241627ba4f" testName="ToEnumTest (name,WithEnumValue)" computerName="DESKTOP-3FN5V33" duration="00:00:00.0016152" startTime="2024-01-05T13:40:30.5177106-05:00" endTime="2024-01-05T13:40:30.5197850-05:00" testType="13cdc9d9-ddb5-4fa4-a97d-d965ccfc6d4b" outcome="Passed" testListId="8c84fa94-04c1-424b-9868-57a2d4851a1d" relativeResultsDirectory="385f1677-3ea5-4a05-8f46-c52bd4edea4c" xmlns="http://microsoft.com/schemas/VisualStudio/TeamTest/2010" />
    <UnitTestResult executionId="3d870979-e79c-40ae-93aa-2d9845f63af5" testId="32feb49a-a169-6254-5ae6-6f93b144c382" testName="ToEnumTest (Val2|Val1,Val1, Val2)" computerName="DESKTOP-3FN5V33" duration="00:00:00.0000351" startTime="2024-01-05T13:40:30.4914840-05:00" endTime="2024-01-05T13:40:30.4918647-05:00" testType="13cdc9d9-ddb5-4fa4-a97d-d965ccfc6d4b" outcome="Passed" testListId="8c84fa94-04c1-424b-9868-57a2d4851a1d" relativeResultsDirectory="3d870979-e79c-40ae-93aa-2d9845f63af5" xmlns="http://microsoft.com/schemas/VisualStudio/TeamTest/2010" />
    <UnitTestResult executionId="3ce272cf-cde6-4137-951e-a6d5a1960745" testId="b7ad954c-d7f8-9b7f-da20-994bdddaa358" testName="ToEnumTest (Val2 , Val1,Val1, Val2)" computerName="DESKTOP-3FN5V33" duration="00:00:00.0000379" startTime="2024-01-05T13:40:30.4869179-05:00" endTime="2024-01-05T13:40:30.4879969-05:00" testType="13cdc9d9-ddb5-4fa4-a97d-d965ccfc6d4b" outcome="Passed" testListId="8c84fa94-04c1-424b-9868-57a2d4851a1d" relativeResultsDirectory="3ce272cf-cde6-4137-951e-a6d5a1960745" xmlns="http://microsoft.com/schemas/VisualStudio/TeamTest/2010" />
    <UnitTestResult executionId="e4a52e1c-7bcb-4820-8f24-e57fa7b55ee9" testId="a7424620-7d66-2bab-87dd-6bf41b62173f" testName="ToEnumTest (name2,WithMemberName)" computerName="DESKTOP-3FN5V33" duration="00:00:00.0002965" startTime="2024-01-05T13:40:30.5212759-05:00" endTime="2024-01-05T13:40:30.5219666-05:00" testType="13cdc9d9-ddb5-4fa4-a97d-d965ccfc6d4b" outcome="Passed" testListId="8c84fa94-04c1-424b-9868-57a2d4851a1d" relativeResultsDirectory="e4a52e1c-7bcb-4820-8f24-e57fa7b55ee9" xmlns="http://microsoft.com/schemas/VisualStudio/TeamTest/2010" />
    <UnitTestResult executionId="b1141e79-50de-4334-ba74-3ab5e46691e9" testId="cb67196b-6ac5-2ad3-c511-f22d8dd105d9" testName="ToEnumTest (3,Val1, Val2)" computerName="DESKTOP-3FN5V33" duration="00:00:00.0000265" startTime="2024-01-05T13:40:30.5048776-05:00" endTime="2024-01-05T13:40:30.5052774-05:00" testType="13cdc9d9-ddb5-4fa4-a97d-d965ccfc6d4b" outcome="Passed" testListId="8c84fa94-04c1-424b-9868-57a2d4851a1d" relativeResultsDirectory="b1141e79-50de-4334-ba74-3ab5e46691e9" xmlns="http://microsoft.com/schemas/VisualStudio/TeamTest/2010" />
    <UnitTestResult executionId="3b350acf-5020-4137-8449-f79219986837" testId="9995fe48-045c-fb86-728c-6afde736c742" testName="ToEnumTest (test display,WithDisplay)" computerName="DESKTOP-3FN5V33" duration="00:00:00.0002096" startTime="2024-01-05T13:40:30.5252707-05:00" endTime="2024-01-05T13:40:30.5257779-05:00" testType="13cdc9d9-ddb5-4fa4-a97d-d965ccfc6d4b" outcome="Passed" testListId="8c84fa94-04c1-424b-9868-57a2d4851a1d" relativeResultsDirectory="3b350acf-5020-4137-8449-f79219986837" xmlns="http://microsoft.com/schemas/VisualStudio/TeamTest/2010" />
    <UnitTestResult executionId="b01a20d6-240a-4206-b3ff-4c960ba603dd" testId="a8ca89f0-79ce-83ca-018f-472a49db6f46" testName="ToEnumTest (test name,WithDisplay)" computerName="DESKTOP-3FN5V33" duration="00:00:00.0005655" startTime="2024-01-05T13:40:30.5271555-05:00" endTime="2024-01-05T13:40:30.5280619-05:00" testType="13cdc9d9-ddb5-4fa4-a97d-d965ccfc6d4b" outcome="Passed" testListId="8c84fa94-04c1-424b-9868-57a2d4851a1d" relativeResultsDirectory="b01a20d6-240a-4206-b3ff-4c960ba603dd" xmlns="http://microsoft.com/schemas/VisualStudio/TeamTest/2010" />
    <UnitTestResult executionId="8c427b4c-7c5a-4d19-af57-3b22b1296e16" testId="e05e78b9-1fc5-d5e7-7e42-f53788d2e4a8" testName="ExecuteByTest_Sort (Name,Descending,999,998,997,996,995,994,993,992,991,990)" computerName="DESKTOP-3FN5V33" duration="00:00:00.0223237" startTime="2024-01-05T13:40:38.5773046-05:00" endTime="2024-01-05T13:40:38.6000710-05:00" testType="13cdc9d9-ddb5-4fa4-a97d-d965ccfc6d4b" outcome="Passed" testListId="8c84fa94-04c1-424b-9868-57a2d4851a1d" relativeResultsDirectory="8c427b4c-7c5a-4d19-af57-3b22b1296e16" xmlns="http://microsoft.com/schemas/VisualStudio/TeamTest/2010">
      <Output>
        <StdOut>Eliassen.System.Internal.ConsoleLogger`1[Eliassen.System.Linq.Search.QueryBuilder]:Information:&gt;
	Build query for CurrentPage: 0
PageSize: 0
ExcludePageCount: False
SearchTerm: (null)
	S:Name: Descending

Eliassen.System.Internal.ConsoleLogger`1[Eliassen.System.Linq.Search.QueryBuilder]:Information:&gt;
	Execute (paged): System.Linq.Enumerable+SelectRangeIterator`1[Eliassen.System.Tests.Linq.TestTargets.TestTargetModel].OrderByDescending(n =&gt; n.Name).Skip(0).Take(10)



TestContext Messages:
SearchQuery-QueryableExtensionsTests_ExecuteByTest_Sort(296)-638400588385781692.json: Attached
PagedQueryResult_1-QueryableExtensionsTests_ExecuteByTest_Sort(298)-638400588385912365.json: Attached</StdOut>
        <StdErr>Eliassen.System.Internal.ConsoleLogger`1[Eliassen.System.Linq.Search.QueryBuilder]:Warning:&gt;
	No filtering detected: System.Linq.Enumerable+SelectRangeIterator`1[Eliassen.System.Tests.Linq.TestTargets.TestTargetModel]: CurrentPage: 0
PageSize: 0
ExcludePageCount: False
SearchTerm: (null)
	S:Name: Descending</StdErr>
      </Output>
      <ResultFiles>
        <ResultFile path="DESKTOP-3FN5V33\PagedQueryResult_1-QueryableExtensionsTests_ExecuteByTest_Sort(298)-638400588385912365.json" />
        <ResultFile path="DESKTOP-3FN5V33\SearchQuery-QueryableExtensionsTests_ExecuteByTest_Sort(296)-638400588385781692.json" />
      </ResultFiles>
    </UnitTestResult>
    <UnitTestResult executionId="f7a40961-0855-4a05-ae44-9d6abc60fc88" testId="3e3a289b-1c74-15e1-39bf-f6ee0cea86e7" testName="ToEnumTest (2,Val2)" computerName="DESKTOP-3FN5V33" duration="00:00:00.0000291" startTime="2024-01-05T13:40:30.5029398-05:00" endTime="2024-01-05T13:40:30.5033780-05:00" testType="13cdc9d9-ddb5-4fa4-a97d-d965ccfc6d4b" outcome="Passed" testListId="8c84fa94-04c1-424b-9868-57a2d4851a1d" relativeResultsDirectory="f7a40961-0855-4a05-ae44-9d6abc60fc88" xmlns="http://microsoft.com/schemas/VisualStudio/TeamTest/2010" />
    <UnitTestResult executionId="afd8566c-a256-4bcc-9a52-b512f95abff0" testId="a1968147-0351-75a4-0e13-531c67b43bf8" testName="ExecuteByTest_Sort (Name,Ascending,0,1,10,100,101,102,103,104,105,106)" computerName="DESKTOP-3FN5V33" duration="00:00:00.0171664" startTime="2024-01-05T13:40:38.6292722-05:00" endTime="2024-01-05T13:40:38.6469345-05:00" testType="13cdc9d9-ddb5-4fa4-a97d-d965ccfc6d4b" outcome="Passed" testListId="8c84fa94-04c1-424b-9868-57a2d4851a1d" relativeResultsDirectory="afd8566c-a256-4bcc-9a52-b512f95abff0" xmlns="http://microsoft.com/schemas/VisualStudio/TeamTest/2010">
      <Output>
        <StdOut>Eliassen.System.Internal.ConsoleLogger`1[Eliassen.System.Linq.Search.QueryBuilder]:Information:&gt;
	Build query for CurrentPage: 0
PageSize: 0
ExcludePageCount: False
SearchTerm: (null)
	S:Name: Ascending

Eliassen.System.Internal.ConsoleLogger`1[Eliassen.System.Linq.Search.QueryBuilder]:Information:&gt;
	Execute (paged): System.Linq.Enumerable+SelectRangeIterator`1[Eliassen.System.Tests.Linq.TestTargets.TestTargetModel].OrderBy(n =&gt; n.Name).Skip(0).Take(10)



TestContext Messages:
SearchQuery-QueryableExtensionsTests_ExecuteByTest_Sort(296)-638400588386296550.json: Attached
PagedQueryResult_1-QueryableExtensionsTests_ExecuteByTest_Sort(298)-638400588386377885.json: Attached</StdOut>
        <StdErr>Eliassen.System.Internal.ConsoleLogger`1[Eliassen.System.Linq.Search.QueryBuilder]:Warning:&gt;
	No filtering detected: System.Linq.Enumerable+SelectRangeIterator`1[Eliassen.System.Tests.Linq.TestTargets.TestTargetModel]: CurrentPage: 0
PageSize: 0
ExcludePageCount: False
SearchTerm: (null)
	S:Name: Ascending</StdErr>
      </Output>
      <ResultFiles>
        <ResultFile path="DESKTOP-3FN5V33\PagedQueryResult_1-QueryableExtensionsTests_ExecuteByTest_Sort(298)-638400588386377885.json" />
        <ResultFile path="DESKTOP-3FN5V33\SearchQuery-QueryableExtensionsTests_ExecuteByTest_Sort(296)-638400588386296550.json" />
      </ResultFiles>
    </UnitTestResult>
    <UnitTestResult executionId="eb60c41b-e188-4059-9485-c47780f6846a" testId="747a08c9-a3e7-c6d3-d3e5-4ea9ef67df60" testName="ExecuteByTest_Sort (NAME,Descending,999,998,997,996,995,994,993,992,991,990)" computerName="DESKTOP-3FN5V33" duration="00:00:00.0123093" startTime="2024-01-05T13:40:38.6150169-05:00" endTime="2024-01-05T13:40:38.6277688-05:00" testType="13cdc9d9-ddb5-4fa4-a97d-d965ccfc6d4b" outcome="Passed" testListId="8c84fa94-04c1-424b-9868-57a2d4851a1d" relativeResultsDirectory="eb60c41b-e188-4059-9485-c47780f6846a" xmlns="http://microsoft.com/schemas/VisualStudio/TeamTest/2010">
      <Output>
        <StdOut>Eliassen.System.Internal.ConsoleLogger`1[Eliassen.System.Linq.Search.QueryBuilder]:Information:&gt;
	Build query for CurrentPage: 0
PageSize: 0
ExcludePageCount: False
SearchTerm: (null)
	S:NAME: Descending

Eliassen.System.Internal.ConsoleLogger`1[Eliassen.System.Linq.Search.QueryBuilder]:Information:&gt;
	Execute (paged): System.Linq.Enumerable+SelectRangeIterator`1[Eliassen.System.Tests.Linq.TestTargets.TestTargetModel].OrderByDescending(n =&gt; n.Name).Skip(0).Take(10)



TestContext Messages:
SearchQuery-QueryableExtensionsTests_ExecuteByTest_Sort(296)-638400588386153941.json: Attached
PagedQueryResult_1-QueryableExtensionsTests_ExecuteByTest_Sort(298)-638400588386234127.json: Attached</StdOut>
        <StdErr>Eliassen.System.Internal.ConsoleLogger`1[Eliassen.System.Linq.Search.QueryBuilder]:Warning:&gt;
	No filtering detected: System.Linq.Enumerable+SelectRangeIterator`1[Eliassen.System.Tests.Linq.TestTargets.TestTargetModel]: CurrentPage: 0
PageSize: 0
ExcludePageCount: False
SearchTerm: (null)
	S:NAME: Descending</StdErr>
      </Output>
      <ResultFiles>
        <ResultFile path="DESKTOP-3FN5V33\PagedQueryResult_1-QueryableExtensionsTests_ExecuteByTest_Sort(298)-638400588386234127.json" />
        <ResultFile path="DESKTOP-3FN5V33\SearchQuery-QueryableExtensionsTests_ExecuteByTest_Sort(296)-638400588386153941.json" />
      </ResultFiles>
    </UnitTestResult>
    <UnitTestResult executionId="65590435-436a-40f2-966f-2661c59b274f" testId="1d8ac424-d8c8-cc40-95df-91f5d4ddca6b" testName="ToEnumTest (name,name2|test name,WithEnumValue, WithMemberName, WithDisplay)" computerName="DESKTOP-3FN5V33" duration="00:00:00.0002431" startTime="2024-01-05T13:40:30.5316161-05:00" endTime="2024-01-05T13:40:30.5321626-05:00" testType="13cdc9d9-ddb5-4fa4-a97d-d965ccfc6d4b" outcome="Passed" testListId="8c84fa94-04c1-424b-9868-57a2d4851a1d" relativeResultsDirectory="65590435-436a-40f2-966f-2661c59b274f" xmlns="http://microsoft.com/schemas/VisualStudio/TeamTest/2010" />
    <UnitTestResult executionId="c97a17fe-f1c6-442c-93fc-1a4f021527fe" testId="09a12892-a09d-2217-56ca-535c29014ee4" testName="ToEnumTest (Val2 ,Val1,Val1, Val2)" computerName="DESKTOP-3FN5V33" duration="00:00:00.0000309" startTime="2024-01-05T13:40:30.4895593-05:00" endTime="2024-01-05T13:40:30.4899686-05:00" testType="13cdc9d9-ddb5-4fa4-a97d-d965ccfc6d4b" outcome="Passed" testListId="8c84fa94-04c1-424b-9868-57a2d4851a1d" relativeResultsDirectory="c97a17fe-f1c6-442c-93fc-1a4f021527fe" xmlns="http://microsoft.com/schemas/VisualStudio/TeamTest/2010" />
    <UnitTestResult executionId="3bbdd0c4-cd00-4dee-8025-f06d69e3aeb9" testId="23e6d9bc-f3c3-f29d-3344-d86cf83d0f1d" testName="ToEnumTest (-1,-1)" computerName="DESKTOP-3FN5V33" duration="00:00:00.0000438" startTime="2024-01-05T13:40:30.4933349-05:00" endTime="2024-01-05T13:40:30.4937483-05:00" testType="13cdc9d9-ddb5-4fa4-a97d-d965ccfc6d4b" outcome="Passed" testListId="8c84fa94-04c1-424b-9868-57a2d4851a1d" relativeResultsDirectory="3bbdd0c4-cd00-4dee-8025-f06d69e3aeb9" xmlns="http://microsoft.com/schemas/VisualStudio/TeamTest/2010" />
    <UnitTestResult executionId="1d79fc07-10ab-4052-a444-863a227c68b5" testId="92340e72-277a-04a0-4ab5-bc7177798536" testName="ToEnumTest (Val2,Val2)" computerName="DESKTOP-3FN5V33" duration="00:00:00.0000379" startTime="2024-01-05T13:40:30.4597533-05:00" endTime="2024-01-05T13:40:30.4602607-05:00" testType="13cdc9d9-ddb5-4fa4-a97d-d965ccfc6d4b" outcome="Passed" testListId="8c84fa94-04c1-424b-9868-57a2d4851a1d" relativeResultsDirectory="1d79fc07-10ab-4052-a444-863a227c68b5" xmlns="http://microsoft.com/schemas/VisualStudio/TeamTest/2010" />
    <UnitTestResult executionId="16c2a3e3-09ef-4531-82c3-96158eaeed51" testId="40b5ef99-b7df-93ac-7917-4647f5a51753" testName="ToEnumTest (0,Val0)" computerName="DESKTOP-3FN5V33" duration="00:00:00.0000417" startTime="2024-01-05T13:40:30.4960078-05:00" endTime="2024-01-05T13:40:30.4985716-05:00" testType="13cdc9d9-ddb5-4fa4-a97d-d965ccfc6d4b" outcome="Passed" testListId="8c84fa94-04c1-424b-9868-57a2d4851a1d" relativeResultsDirectory="16c2a3e3-09ef-4531-82c3-96158eaeed51" xmlns="http://microsoft.com/schemas/VisualStudio/TeamTest/2010" />
    <UnitTestResult executionId="9815c874-51eb-477e-93de-1719ce6a983b" testId="01759c6c-9c6f-76ea-83d1-8f4c8b379bd1" testName="ToEnumTest (4,WithEnumValue)" computerName="DESKTOP-3FN5V33" duration="00:00:00.0000371" startTime="2024-01-05T13:40:30.5100405-05:00" endTime="2024-01-05T13:40:30.5105510-05:00" testType="13cdc9d9-ddb5-4fa4-a97d-d965ccfc6d4b" outcome="Passed" testListId="8c84fa94-04c1-424b-9868-57a2d4851a1d" relativeResultsDirectory="9815c874-51eb-477e-93de-1719ce6a983b" xmlns="http://microsoft.com/schemas/VisualStudio/TeamTest/2010" />
    <UnitTestResult executionId="bb0c1b76-1c71-4c4d-a428-ca092e49680d" testId="b13fa943-22bd-9e1f-c5db-ef62652cfa07" testName="ToEnumTest (Val1,Val1)" computerName="DESKTOP-3FN5V33" duration="00:00:00.0093418" startTime="2024-01-05T13:40:30.4446843-05:00" endTime="2024-01-05T13:40:30.4580401-05:00" testType="13cdc9d9-ddb5-4fa4-a97d-d965ccfc6d4b" outcome="Passed" testListId="8c84fa94-04c1-424b-9868-57a2d4851a1d" relativeResultsDirectory="bb0c1b76-1c71-4c4d-a428-ca092e49680d" xmlns="http://microsoft.com/schemas/VisualStudio/TeamTest/2010" />
    <UnitTestResult executionId="fe6eb761-c776-4af4-a11a-df8b282381a7" testId="58462863-ff6d-f063-2a0a-2d8d701b12ea" testName="ToEnumTest (test short,WithDisplay)" computerName="DESKTOP-3FN5V33" duration="00:00:00.0002258" startTime="2024-01-05T13:40:30.5296184-05:00" endTime="2024-01-05T13:40:30.5301739-05:00" testType="13cdc9d9-ddb5-4fa4-a97d-d965ccfc6d4b" outcome="Passed" testListId="8c84fa94-04c1-424b-9868-57a2d4851a1d" relativeResultsDirectory="fe6eb761-c776-4af4-a11a-df8b282381a7" xmlns="http://microsoft.com/schemas/VisualStudio/TeamTest/2010" />
    <UnitTestResult executionId="e38a042e-bcc8-4766-8bef-d0ded6a27e1f" testId="cb4cfb9e-73c3-8e26-9b3a-14e0a5fbae7b" testName="ToEnumTest (Val2,Val1,Val1, Val2)" computerName="DESKTOP-3FN5V33" duration="00:00:00.0000430" startTime="2024-01-05T13:40:30.4844122-05:00" endTime="2024-01-05T13:40:30.4850314-05:00" testType="13cdc9d9-ddb5-4fa4-a97d-d965ccfc6d4b" outcome="Passed" testListId="8c84fa94-04c1-424b-9868-57a2d4851a1d" relativeResultsDirectory="e38a042e-bcc8-4766-8bef-d0ded6a27e1f" xmlns="http://microsoft.com/schemas/VisualStudio/TeamTest/2010" />
    <UnitTestResult executionId="25c4e596-9670-4f88-916d-7a87e18314b4" testId="1d309172-e008-0657-5b5e-95e52af2c894" testName="ToEnumTest (Val2, Val1,Val1, Val2)" computerName="DESKTOP-3FN5V33" duration="00:00:00.0000395" startTime="2024-01-05T13:40:30.4747913-05:00" endTime="2024-01-05T13:40:30.4753543-05:00" testType="13cdc9d9-ddb5-4fa4-a97d-d965ccfc6d4b" outcome="Passed" testListId="8c84fa94-04c1-424b-9868-57a2d4851a1d" relativeResultsDirectory="25c4e596-9670-4f88-916d-7a87e18314b4" xmlns="http://microsoft.com/schemas/VisualStudio/TeamTest/2010" />
    <UnitTestResult executionId="65a7403a-c0bf-4c2b-842d-ac76b0fd888c" testId="2be8e5bd-2821-3300-9bb9-16d0bbda7431" testName="ToEnumTest (1,Val1)" computerName="DESKTOP-3FN5V33" duration="00:00:00.0000392" startTime="2024-01-05T13:40:30.5002148-05:00" endTime="2024-01-05T13:40:30.5010959-05:00" testType="13cdc9d9-ddb5-4fa4-a97d-d965ccfc6d4b" outcome="Passed" testListId="8c84fa94-04c1-424b-9868-57a2d4851a1d" relativeResultsDirectory="65a7403a-c0bf-4c2b-842d-ac76b0fd888c" xmlns="http://microsoft.com/schemas/VisualStudio/TeamTest/2010" />
    <UnitTestResult executionId="13a1afd3-a78c-4e08-954a-cb01dba67abb" testId="ec5b60ed-7fe8-4ace-f494-55fd9fc20bb2" testName="ExecuteByTest_Sort (name,Descending,999,998,997,996,995,994,993,992,991,990)" computerName="DESKTOP-3FN5V33" duration="00:00:00.0115283" startTime="2024-01-05T13:40:38.6015409-05:00" endTime="2024-01-05T13:40:38.6135617-05:00" testType="13cdc9d9-ddb5-4fa4-a97d-d965ccfc6d4b" outcome="Passed" testListId="8c84fa94-04c1-424b-9868-57a2d4851a1d" relativeResultsDirectory="13a1afd3-a78c-4e08-954a-cb01dba67abb" xmlns="http://microsoft.com/schemas/VisualStudio/TeamTest/2010">
      <Output>
        <StdOut>Eliassen.System.Internal.ConsoleLogger`1[Eliassen.System.Linq.Search.QueryBuilder]:Information:&gt;
	Build query for CurrentPage: 0
PageSize: 0
ExcludePageCount: False
SearchTerm: (null)
	S:name: Descending

Eliassen.System.Internal.ConsoleLogger`1[Eliassen.System.Linq.Search.QueryBuilder]:Information:&gt;
	Execute (paged): System.Linq.Enumerable+SelectRangeIterator`1[Eliassen.System.Tests.Linq.TestTargets.TestTargetModel].OrderByDescending(n =&gt; n.Name).Skip(0).Take(10)



TestContext Messages:
SearchQuery-QueryableExtensionsTests_ExecuteByTest_Sort(296)-638400588386022532.json: Attached
PagedQueryResult_1-QueryableExtensionsTests_ExecuteByTest_Sort(298)-638400588386100969.json: Attached</StdOut>
        <StdErr>Eliassen.System.Internal.ConsoleLogger`1[Eliassen.System.Linq.Search.QueryBuilder]:Warning:&gt;
	No filtering detected: System.Linq.Enumerable+SelectRangeIterator`1[Eliassen.System.Tests.Linq.TestTargets.TestTargetModel]: CurrentPage: 0
PageSize: 0
ExcludePageCount: False
SearchTerm: (null)
	S:name: Descending</StdErr>
      </Output>
      <ResultFiles>
        <ResultFile path="DESKTOP-3FN5V33\PagedQueryResult_1-QueryableExtensionsTests_ExecuteByTest_Sort(298)-638400588386100969.json" />
        <ResultFile path="DESKTOP-3FN5V33\SearchQuery-QueryableExtensionsTests_ExecuteByTest_Sort(296)-638400588386022532.json" />
      </ResultFiles>
    </UnitTestResult>
    <UnitTestResult executionId="c70c49bc-f96d-4093-bcf2-cb696c0ab49d" testId="101e9e04-cff8-8fa9-c661-9d47b6be78ef" testName="ToEnumTest (2,Val2)" computerName="DESKTOP-3FN5V33" duration="00:00:00.0000148" startTime="2024-01-05T11:18:31.1075515-05:00" endTime="2024-01-05T11:18:31.1077766-05:00" testType="13cdc9d9-ddb5-4fa4-a97d-d965ccfc6d4b" outcome="Passed" testListId="8c84fa94-04c1-424b-9868-57a2d4851a1d" relativeResultsDirectory="c70c49bc-f96d-4093-bcf2-cb696c0ab49d" xmlns="http://microsoft.com/schemas/VisualStudio/TeamTest/2010" />
    <UnitTestResult executionId="351485cb-8268-4d2f-9c02-11ed92cea827" testId="e084b9bb-3fb5-a391-9844-c9e65646417a" testName="ToEnumTest (test name,WithDisplay)" computerName="DESKTOP-3FN5V33" duration="00:00:00.0002912" startTime="2024-01-05T11:18:31.1222357-05:00" endTime="2024-01-05T11:18:31.1229287-05:00" testType="13cdc9d9-ddb5-4fa4-a97d-d965ccfc6d4b" outcome="Passed" testListId="8c84fa94-04c1-424b-9868-57a2d4851a1d" relativeResultsDirectory="351485cb-8268-4d2f-9c02-11ed92cea827" xmlns="http://microsoft.com/schemas/VisualStudio/TeamTest/2010" />
    <UnitTestResult executionId="a48826de-d781-444b-ac92-1769fb02ef29" testId="d543c38b-7074-0e95-e523-50409de6c955" testName="ToEnumTest (0,Val0)" computerName="DESKTOP-3FN5V33" duration="00:00:00.0000105" startTime="2024-01-05T11:18:31.1037938-05:00" endTime="2024-01-05T11:18:31.1039961-05:00" testType="13cdc9d9-ddb5-4fa4-a97d-d965ccfc6d4b" outcome="Passed" testListId="8c84fa94-04c1-424b-9868-57a2d4851a1d" relativeResultsDirectory="a48826de-d781-444b-ac92-1769fb02ef29" xmlns="http://microsoft.com/schemas/VisualStudio/TeamTest/2010" />
    <UnitTestResult executionId="e6c93435-ef8e-49ad-aaf2-2216d1eb9617" testId="78601fce-42b7-1d43-f4d2-c9e13ea5ac39" testName="ToEnumTest (Val2 ,Val1,Val1, Val2)" computerName="DESKTOP-3FN5V33" duration="00:00:00.0000128" startTime="2024-01-05T11:18:31.1009149-05:00" endTime="2024-01-05T11:18:31.1012050-05:00" testType="13cdc9d9-ddb5-4fa4-a97d-d965ccfc6d4b" outcome="Passed" testListId="8c84fa94-04c1-424b-9868-57a2d4851a1d" relativeResultsDirectory="e6c93435-ef8e-49ad-aaf2-2216d1eb9617" xmlns="http://microsoft.com/schemas/VisualStudio/TeamTest/2010" />
    <UnitTestResult executionId="3197f7d8-073e-43e1-b6a7-458209a1d84d" testId="447a7ec8-4d58-9251-c78c-779d4ba60530" testName="ToEnumTest (test description,WithDescription)" computerName="DESKTOP-3FN5V33" duration="00:00:00.0002541" startTime="2024-01-05T11:18:31.1196387-05:00" endTime="2024-01-05T11:18:31.1201313-05:00" testType="13cdc9d9-ddb5-4fa4-a97d-d965ccfc6d4b" outcome="Passed" testListId="8c84fa94-04c1-424b-9868-57a2d4851a1d" relativeResultsDirectory="3197f7d8-073e-43e1-b6a7-458209a1d84d" xmlns="http://microsoft.com/schemas/VisualStudio/TeamTest/2010" />
    <UnitTestResult executionId="8181ef2f-c47d-4a59-8cbd-3260c0b5cf37" testId="fe55777e-1d6a-5099-e51b-5211c764827b" testName="ToEnumTest (1,Val1)" computerName="DESKTOP-3FN5V33" duration="00:00:00.0000079" startTime="2024-01-05T11:18:31.1049348-05:00" endTime="2024-01-05T11:18:31.1050880-05:00" testType="13cdc9d9-ddb5-4fa4-a97d-d965ccfc6d4b" outcome="Passed" testListId="8c84fa94-04c1-424b-9868-57a2d4851a1d" relativeResultsDirectory="8181ef2f-c47d-4a59-8cbd-3260c0b5cf37" xmlns="http://microsoft.com/schemas/VisualStudio/TeamTest/2010" />
    <UnitTestResult executionId="ecc2ff08-d281-41aa-aa1c-810d2503ad98" testId="c3657274-5684-84b0-53f6-50ffb36049ed" testName="ToEnumTest (Val2|Val1,Val1, Val2)" computerName="DESKTOP-3FN5V33" duration="00:00:00.0000162" startTime="2024-01-05T11:18:31.1019992-05:00" endTime="2024-01-05T11:18:31.1021645-05:00" testType="13cdc9d9-ddb5-4fa4-a97d-d965ccfc6d4b" outcome="Passed" testListId="8c84fa94-04c1-424b-9868-57a2d4851a1d" relativeResultsDirectory="ecc2ff08-d281-41aa-aa1c-810d2503ad98" xmlns="http://microsoft.com/schemas/VisualStudio/TeamTest/2010" />
    <UnitTestResult executionId="dfce5ddb-c232-4281-b0c5-c1b7ce1ee552" testId="15f0f0c3-de9f-da14-426b-78765c04900a" testName="ToEnumTest (Val1,Val1)" computerName="DESKTOP-3FN5V33" duration="00:00:00.0059202" startTime="2024-01-05T11:18:31.0807598-05:00" endTime="2024-01-05T11:18:31.0918897-05:00" testType="13cdc9d9-ddb5-4fa4-a97d-d965ccfc6d4b" outcome="Passed" testListId="8c84fa94-04c1-424b-9868-57a2d4851a1d" relativeResultsDirectory="dfce5ddb-c232-4281-b0c5-c1b7ce1ee552" xmlns="http://microsoft.com/schemas/VisualStudio/TeamTest/2010" />
    <UnitTestResult executionId="18756d29-7d08-40fd-b654-99160b51da58" testId="7d752d6c-ea35-c2bf-5a54-d2a77f5d8d11" testName="ToEnumTest (4,WithEnumValue)" computerName="DESKTOP-3FN5V33" duration="00:00:00.0000110" startTime="2024-01-05T11:18:31.1095385-05:00" endTime="2024-01-05T11:18:31.1097189-05:00" testType="13cdc9d9-ddb5-4fa4-a97d-d965ccfc6d4b" outcome="Passed" testListId="8c84fa94-04c1-424b-9868-57a2d4851a1d" relativeResultsDirectory="18756d29-7d08-40fd-b654-99160b51da58" xmlns="http://microsoft.com/schemas/VisualStudio/TeamTest/2010" />
    <UnitTestResult executionId="04128a44-80cf-48cb-b422-a5a08d87432a" testId="4e84d721-e721-48df-0fef-58399d42c3e4" testName="ToEnumTest (Val2,Val2)" computerName="DESKTOP-3FN5V33" duration="00:00:00.0000334" startTime="2024-01-05T11:18:31.0963290-05:00" endTime="2024-01-05T11:18:31.0967919-05:00" testType="13cdc9d9-ddb5-4fa4-a97d-d965ccfc6d4b" outcome="Passed" testListId="8c84fa94-04c1-424b-9868-57a2d4851a1d" relativeResultsDirectory="04128a44-80cf-48cb-b422-a5a08d87432a" xmlns="http://microsoft.com/schemas/VisualStudio/TeamTest/2010" />
    <UnitTestResult executionId="79852190-e388-45cd-be04-bc0497e16c2d" testId="acbf883b-a248-9198-bfe3-0944bb2a2172" testName="ExecuteByTest_Sort (name,Descending,999,998,997,996,995,994,993,992,991,990)" computerName="DESKTOP-3FN5V33" duration="00:00:00.0094331" startTime="2024-01-05T11:18:35.2131872-05:00" endTime="2024-01-05T11:18:35.2230753-05:00" testType="13cdc9d9-ddb5-4fa4-a97d-d965ccfc6d4b" outcome="Passed" testListId="8c84fa94-04c1-424b-9868-57a2d4851a1d" relativeResultsDirectory="79852190-e388-45cd-be04-bc0497e16c2d" xmlns="http://microsoft.com/schemas/VisualStudio/TeamTest/2010">
      <Output>
        <StdOut>Eliassen.System.Internal.ConsoleLogger`1[Eliassen.System.Linq.Search.QueryBuilder]:Information:&gt;
	Build query for CurrentPage: 0
PageSize: 0
ExcludePageCount: False
SearchTerm: (null)
	S:name: Descending

Eliassen.System.Internal.ConsoleLogger`1[Eliassen.System.Linq.Search.QueryBuilder]:Information:&gt;
	Execute (paged): System.Linq.Enumerable+SelectRangeIterator`1[Eliassen.System.Tests.Linq.TestTargets.TestTargetModel].OrderByDescending(n =&gt; n.Name).Skip(0).Take(10)



TestContext Messages:
SearchQuery-QueryableExtensionsTests_ExecuteByTest_Sort(296)-638400503152138342.json: Attached
PagedQueryResult_1-QueryableExtensionsTests_ExecuteByTest_Sort(298)-638400503152196729.json: Attached</StdOut>
        <StdErr>Eliassen.System.Internal.ConsoleLogger`1[Eliassen.System.Linq.Search.QueryBuilder]:Warning:&gt;
	No filtering detected: System.Linq.Enumerable+SelectRangeIterator`1[Eliassen.System.Tests.Linq.TestTargets.TestTargetModel]: CurrentPage: 0
PageSize: 0
ExcludePageCount: False
SearchTerm: (null)
	S:name: Descending</StdErr>
      </Output>
      <ResultFiles>
        <ResultFile path="DESKTOP-3FN5V33\PagedQueryResult_1-QueryableExtensionsTests_ExecuteByTest_Sort(298)-638400503152196729.json" />
        <ResultFile path="DESKTOP-3FN5V33\SearchQuery-QueryableExtensionsTests_ExecuteByTest_Sort(296)-638400503152138342.json" />
      </ResultFiles>
    </UnitTestResult>
    <UnitTestResult executionId="77bc299b-da34-46c5-aacd-1208db4daad0" testId="1521fdf8-ee8e-3f24-da8a-3dd3b9aaa633" testName="ToEnumTest (3,Val1, Val2)" computerName="DESKTOP-3FN5V33" duration="00:00:00.0000123" startTime="2024-01-05T11:18:31.1085274-05:00" endTime="2024-01-05T11:18:31.1087189-05:00" testType="13cdc9d9-ddb5-4fa4-a97d-d965ccfc6d4b" outcome="Passed" testListId="8c84fa94-04c1-424b-9868-57a2d4851a1d" relativeResultsDirectory="77bc299b-da34-46c5-aacd-1208db4daad0" xmlns="http://microsoft.com/schemas/VisualStudio/TeamTest/2010" />
    <UnitTestResult executionId="a2eeaec0-4c42-4a19-bf9f-9de81436c286" testId="00a18adb-717a-ef94-6424-5f5fb443e4cf" testName="ToEnumTest (name,WithEnumValue)" computerName="DESKTOP-3FN5V33" duration="00:00:00.0014734" startTime="2024-01-05T11:18:31.1152581-05:00" endTime="2024-01-05T11:18:31.1170644-05:00" testType="13cdc9d9-ddb5-4fa4-a97d-d965ccfc6d4b" outcome="Passed" testListId="8c84fa94-04c1-424b-9868-57a2d4851a1d" relativeResultsDirectory="a2eeaec0-4c42-4a19-bf9f-9de81436c286" xmlns="http://microsoft.com/schemas/VisualStudio/TeamTest/2010" />
    <UnitTestResult executionId="e434b4f8-a853-444b-b0b9-54e6cbe4a78c" testId="e25795eb-c389-3b43-4e5f-ee4489209b2a" testName="ToEnumTest (name,name2|test name,WithEnumValue, WithMemberName, WithDisplay)" computerName="DESKTOP-3FN5V33" duration="00:00:00.0001829" startTime="2024-01-05T11:18:31.1272256-05:00" endTime="2024-01-05T11:18:31.1277065-05:00" testType="13cdc9d9-ddb5-4fa4-a97d-d965ccfc6d4b" outcome="Passed" testListId="8c84fa94-04c1-424b-9868-57a2d4851a1d" relativeResultsDirectory="e434b4f8-a853-444b-b0b9-54e6cbe4a78c" xmlns="http://microsoft.com/schemas/VisualStudio/TeamTest/2010" />
    <UnitTestResult executionId="e0254913-8141-40a8-95c8-9dd308a14d36" testId="162a9975-fa90-6541-ed71-2ec4dcc7aa4e" testName="ToEnumTest (-1,-1)" computerName="DESKTOP-3FN5V33" duration="00:00:00.0000150" startTime="2024-01-05T11:18:31.1029502-05:00" endTime="2024-01-05T11:18:31.1031083-05:00" testType="13cdc9d9-ddb5-4fa4-a97d-d965ccfc6d4b" outcome="Passed" testListId="8c84fa94-04c1-424b-9868-57a2d4851a1d" relativeResultsDirectory="e0254913-8141-40a8-95c8-9dd308a14d36" xmlns="http://microsoft.com/schemas/VisualStudio/TeamTest/2010" />
    <UnitTestResult executionId="6a431397-008a-4db9-b5b4-8a1a7ccb9190" testId="d27fa711-0e9a-e814-3ef2-aa33f0dcce39" testName="ToEnumTest (Val2 , Val1,Val1, Val2)" computerName="DESKTOP-3FN5V33" duration="00:00:00.0000136" startTime="2024-01-05T11:18:31.0999028-05:00" endTime="2024-01-05T11:18:31.1001570-05:00" testType="13cdc9d9-ddb5-4fa4-a97d-d965ccfc6d4b" outcome="Passed" testListId="8c84fa94-04c1-424b-9868-57a2d4851a1d" relativeResultsDirectory="6a431397-008a-4db9-b5b4-8a1a7ccb9190" xmlns="http://microsoft.com/schemas/VisualStudio/TeamTest/2010" />
    <UnitTestResult executionId="896b5866-8d4e-488f-b119-3fb294b5f1b6" testId="8a35045d-3fa3-99c5-00ae-6cb0cc7f41bf" testName="ExecuteByTest_Sort (NAME,Descending,999,998,997,996,995,994,993,992,991,990)" computerName="DESKTOP-3FN5V33" duration="00:00:00.0098997" startTime="2024-01-05T11:18:35.2240883-05:00" endTime="2024-01-05T11:18:35.2343568-05:00" testType="13cdc9d9-ddb5-4fa4-a97d-d965ccfc6d4b" outcome="Passed" testListId="8c84fa94-04c1-424b-9868-57a2d4851a1d" relativeResultsDirectory="896b5866-8d4e-488f-b119-3fb294b5f1b6" xmlns="http://microsoft.com/schemas/VisualStudio/TeamTest/2010">
      <Output>
        <StdOut>Eliassen.System.Internal.ConsoleLogger`1[Eliassen.System.Linq.Search.QueryBuilder]:Information:&gt;
	Build query for CurrentPage: 0
PageSize: 0
ExcludePageCount: False
SearchTerm: (null)
	S:NAME: Descending

Eliassen.System.Internal.ConsoleLogger`1[Eliassen.System.Linq.Search.QueryBuilder]:Information:&gt;
	Execute (paged): System.Linq.Enumerable+SelectRangeIterator`1[Eliassen.System.Tests.Linq.TestTargets.TestTargetModel].OrderByDescending(n =&gt; n.Name).Skip(0).Take(10)



TestContext Messages:
SearchQuery-QueryableExtensionsTests_ExecuteByTest_Sort(296)-638400503152243785.json: Attached
PagedQueryResult_1-QueryableExtensionsTests_ExecuteByTest_Sort(298)-638400503152309083.json: Attached</StdOut>
        <StdErr>Eliassen.System.Internal.ConsoleLogger`1[Eliassen.System.Linq.Search.QueryBuilder]:Warning:&gt;
	No filtering detected: System.Linq.Enumerable+SelectRangeIterator`1[Eliassen.System.Tests.Linq.TestTargets.TestTargetModel]: CurrentPage: 0
PageSize: 0
ExcludePageCount: False
SearchTerm: (null)
	S:NAME: Descending</StdErr>
      </Output>
      <ResultFiles>
        <ResultFile path="DESKTOP-3FN5V33\PagedQueryResult_1-QueryableExtensionsTests_ExecuteByTest_Sort(298)-638400503152309083.json" />
        <ResultFile path="DESKTOP-3FN5V33\SearchQuery-QueryableExtensionsTests_ExecuteByTest_Sort(296)-638400503152243785.json" />
      </ResultFiles>
    </UnitTestResult>
    <UnitTestResult executionId="1f2e013d-1505-4ee6-984a-680392ab239e" testId="05a8bf42-5434-8515-7c2c-2cfaa500d506" testName="ExecuteByTest_Sort (Name,Ascending,0,1,10,100,101,102,103,104,105,106)" computerName="DESKTOP-3FN5V33" duration="00:00:00.0100670" startTime="2024-01-05T11:18:35.2358608-05:00" endTime="2024-01-05T11:18:35.2465024-05:00" testType="13cdc9d9-ddb5-4fa4-a97d-d965ccfc6d4b" outcome="Passed" testListId="8c84fa94-04c1-424b-9868-57a2d4851a1d" relativeResultsDirectory="1f2e013d-1505-4ee6-984a-680392ab239e" xmlns="http://microsoft.com/schemas/VisualStudio/TeamTest/2010">
      <Output>
        <StdOut>Eliassen.System.Internal.ConsoleLogger`1[Eliassen.System.Linq.Search.QueryBuilder]:Information:&gt;
	Build query for CurrentPage: 0
PageSize: 0
ExcludePageCount: False
SearchTerm: (null)
	S:Name: Ascending

Eliassen.System.Internal.ConsoleLogger`1[Eliassen.System.Linq.Search.QueryBuilder]:Information:&gt;
	Execute (paged): System.Linq.Enumerable+SelectRangeIterator`1[Eliassen.System.Tests.Linq.TestTargets.TestTargetModel].OrderBy(n =&gt; n.Name).Skip(0).Take(10)



TestContext Messages:
SearchQuery-QueryableExtensionsTests_ExecuteByTest_Sort(296)-638400503152363294.json: Attached
PagedQueryResult_1-QueryableExtensionsTests_ExecuteByTest_Sort(298)-638400503152433067.json: Attached</StdOut>
        <StdErr>Eliassen.System.Internal.ConsoleLogger`1[Eliassen.System.Linq.Search.QueryBuilder]:Warning:&gt;
	No filtering detected: System.Linq.Enumerable+SelectRangeIterator`1[Eliassen.System.Tests.Linq.TestTargets.TestTargetModel]: CurrentPage: 0
PageSize: 0
ExcludePageCount: False
SearchTerm: (null)
	S:Name: Ascending</StdErr>
      </Output>
      <ResultFiles>
        <ResultFile path="DESKTOP-3FN5V33\PagedQueryResult_1-QueryableExtensionsTests_ExecuteByTest_Sort(298)-638400503152433067.json" />
        <ResultFile path="DESKTOP-3FN5V33\SearchQuery-QueryableExtensionsTests_ExecuteByTest_Sort(296)-638400503152363294.json" />
      </ResultFiles>
    </UnitTestResult>
    <UnitTestResult executionId="e57533bb-ba57-4eb9-95fd-e6e0635d1d6c" testId="51b3917d-24ec-e1ae-8b96-e40add1a9fbb" testName="ToEnumTest (Val2,Val1,Val1, Val2)" computerName="DESKTOP-3FN5V33" duration="00:00:00.0000123" startTime="2024-01-05T11:18:31.0987814-05:00" endTime="2024-01-05T11:18:31.0989533-05:00" testType="13cdc9d9-ddb5-4fa4-a97d-d965ccfc6d4b" outcome="Passed" testListId="8c84fa94-04c1-424b-9868-57a2d4851a1d" relativeResultsDirectory="e57533bb-ba57-4eb9-95fd-e6e0635d1d6c" xmlns="http://microsoft.com/schemas/VisualStudio/TeamTest/2010" />
    <UnitTestResult executionId="3f2bae64-395b-436c-8e1a-3b2e9cab7249" testId="74c0350c-cd7d-cb05-e9ec-3dbfcdb5e334" testName="ToEnumTest (name2,WithMemberName)" computerName="DESKTOP-3FN5V33" duration="00:00:00.0002472" startTime="2024-01-05T11:18:31.1180452-05:00" endTime="2024-01-05T11:18:31.1187446-05:00" testType="13cdc9d9-ddb5-4fa4-a97d-d965ccfc6d4b" outcome="Passed" testListId="8c84fa94-04c1-424b-9868-57a2d4851a1d" relativeResultsDirectory="3f2bae64-395b-436c-8e1a-3b2e9cab7249" xmlns="http://microsoft.com/schemas/VisualStudio/TeamTest/2010" />
    <UnitTestResult executionId="f8a92779-5ab8-4cb9-a168-2121fa852f2a" testId="bfa565c7-fa2e-8baa-d496-303afe5abd4e" testName="ToEnumTest (Val2, Val1,Val1, Val2)" computerName="DESKTOP-3FN5V33" duration="00:00:00.0000205" startTime="2024-01-05T11:18:31.0977686-05:00" endTime="2024-01-05T11:18:31.0979959-05:00" testType="13cdc9d9-ddb5-4fa4-a97d-d965ccfc6d4b" outcome="Passed" testListId="8c84fa94-04c1-424b-9868-57a2d4851a1d" relativeResultsDirectory="f8a92779-5ab8-4cb9-a168-2121fa852f2a" xmlns="http://microsoft.com/schemas/VisualStudio/TeamTest/2010" />
    <UnitTestResult executionId="e29829e2-e09b-4b7f-8c5a-0b3c93a58858" testId="e3aee510-497a-29c4-a957-cf3658ce44bf" testName="ExecuteByTest_Sort (Name,Descending,999,998,997,996,995,994,993,992,991,990)" computerName="DESKTOP-3FN5V33" duration="00:00:00.0175771" startTime="2024-01-05T11:18:35.1942608-05:00" endTime="2024-01-05T11:18:35.2122298-05:00" testType="13cdc9d9-ddb5-4fa4-a97d-d965ccfc6d4b" outcome="Passed" testListId="8c84fa94-04c1-424b-9868-57a2d4851a1d" relativeResultsDirectory="e29829e2-e09b-4b7f-8c5a-0b3c93a58858" xmlns="http://microsoft.com/schemas/VisualStudio/TeamTest/2010">
      <Output>
        <StdOut>Eliassen.System.Internal.ConsoleLogger`1[Eliassen.System.Linq.Search.QueryBuilder]:Information:&gt;
	Build query for CurrentPage: 0
PageSize: 0
ExcludePageCount: False
SearchTerm: (null)
	S:Name: Descending

Eliassen.System.Internal.ConsoleLogger`1[Eliassen.System.Linq.Search.QueryBuilder]:Information:&gt;
	Execute (paged): System.Linq.Enumerable+SelectRangeIterator`1[Eliassen.System.Tests.Linq.TestTargets.TestTargetModel].OrderByDescending(n =&gt; n.Name).Skip(0).Take(10)



TestContext Messages:
SearchQuery-QueryableExtensionsTests_ExecuteByTest_Sort(296)-638400503151952705.json: Attached
PagedQueryResult_1-QueryableExtensionsTests_ExecuteByTest_Sort(298)-638400503152062460.json: Attached</StdOut>
        <StdErr>Eliassen.System.Internal.ConsoleLogger`1[Eliassen.System.Linq.Search.QueryBuilder]:Warning:&gt;
	No filtering detected: System.Linq.Enumerable+SelectRangeIterator`1[Eliassen.System.Tests.Linq.TestTargets.TestTargetModel]: CurrentPage: 0
PageSize: 0
ExcludePageCount: False
SearchTerm: (null)
	S:Name: Descending</StdErr>
      </Output>
      <ResultFiles>
        <ResultFile path="DESKTOP-3FN5V33\PagedQueryResult_1-QueryableExtensionsTests_ExecuteByTest_Sort(298)-638400503152062460.json" />
        <ResultFile path="DESKTOP-3FN5V33\SearchQuery-QueryableExtensionsTests_ExecuteByTest_Sort(296)-638400503151952705.json" />
      </ResultFiles>
    </UnitTestResult>
    <UnitTestResult executionId="37a32046-ac8a-46b1-add6-81681f6821ec" testId="38847c53-ed57-2707-a54c-021211b43dbe" testName="ToEnumTest (test display,WithDisplay)" computerName="DESKTOP-3FN5V33" duration="00:00:00.0001318" startTime="2024-01-05T11:18:31.1209842-05:00" endTime="2024-01-05T11:18:31.1213080-05:00" testType="13cdc9d9-ddb5-4fa4-a97d-d965ccfc6d4b" outcome="Passed" testListId="8c84fa94-04c1-424b-9868-57a2d4851a1d" relativeResultsDirectory="37a32046-ac8a-46b1-add6-81681f6821ec" xmlns="http://microsoft.com/schemas/VisualStudio/TeamTest/2010" />
    <UnitTestResult executionId="186e7de0-eec0-4ad4-b4a3-ce2107158feb" testId="6a819246-7db0-b20a-947c-c26438c9bd63" testName="ToEnumTest (test short,WithDisplay)" computerName="DESKTOP-3FN5V33" duration="00:00:00.0001799" startTime="2024-01-05T11:18:31.1254620-05:00" endTime="2024-01-05T11:18:31.1259187-05:00" testType="13cdc9d9-ddb5-4fa4-a97d-d965ccfc6d4b" outcome="Passed" testListId="8c84fa94-04c1-424b-9868-57a2d4851a1d" relativeResultsDirectory="186e7de0-eec0-4ad4-b4a3-ce2107158feb" xmlns="http://microsoft.com/schemas/VisualStudio/TeamTest/2010" />
    <UnitTestResult executionId="ef073c36-8900-4a29-941a-93c273a1482e" testId="f0a8452b-a880-3678-5fa2-b0b5343292bb" testName="ToEnumTest (3,Val1, Val2)" computerName="DESKTOP-3FN5V33" duration="00:00:00.0000257" startTime="2024-01-05T10:36:16.2065424-05:00" endTime="2024-01-05T10:36:16.2068981-05:00" testType="13cdc9d9-ddb5-4fa4-a97d-d965ccfc6d4b" outcome="Passed" testListId="8c84fa94-04c1-424b-9868-57a2d4851a1d" relativeResultsDirectory="ef073c36-8900-4a29-941a-93c273a1482e" xmlns="http://microsoft.com/schemas/VisualStudio/TeamTest/2010" />
    <UnitTestResult executionId="a6387c49-36ed-46fb-95dc-d2adefee172f" testId="85c1e566-d68d-d955-a41f-828e82e07cee" testName="ToEnumTest (Val2|Val1,Val1, Val2)" computerName="DESKTOP-3FN5V33" duration="00:00:00.0000177" startTime="2024-01-05T10:36:16.1936393-05:00" endTime="2024-01-05T10:36:16.1938458-05:00" testType="13cdc9d9-ddb5-4fa4-a97d-d965ccfc6d4b" outcome="Passed" testListId="8c84fa94-04c1-424b-9868-57a2d4851a1d" relativeResultsDirectory="a6387c49-36ed-46fb-95dc-d2adefee172f" xmlns="http://microsoft.com/schemas/VisualStudio/TeamTest/2010" />
    <UnitTestResult executionId="d2af7365-7d24-480d-a400-0e05744713dd" testId="27d7c2e1-6a3b-6d4f-0096-57d930cb5166" testName="ToEnumTest (4,WithEnumValue)" computerName="DESKTOP-3FN5V33" duration="00:00:00.0000244" startTime="2024-01-05T10:36:16.2078976-05:00" endTime="2024-01-05T10:36:16.2082450-05:00" testType="13cdc9d9-ddb5-4fa4-a97d-d965ccfc6d4b" outcome="Passed" testListId="8c84fa94-04c1-424b-9868-57a2d4851a1d" relativeResultsDirectory="d2af7365-7d24-480d-a400-0e05744713dd" xmlns="http://microsoft.com/schemas/VisualStudio/TeamTest/2010" />
    <UnitTestResult executionId="4b47c1d1-47e6-4110-8726-330ee0e8b396" testId="d4c79ddc-bac1-9c46-ff17-af527979978d" testName="ToEnumTest (Val2 ,Val1,Val1, Val2)" computerName="DESKTOP-3FN5V33" duration="00:00:00.0000118" startTime="2024-01-05T10:36:16.1926118-05:00" endTime="2024-01-05T10:36:16.1927988-05:00" testType="13cdc9d9-ddb5-4fa4-a97d-d965ccfc6d4b" outcome="Passed" testListId="8c84fa94-04c1-424b-9868-57a2d4851a1d" relativeResultsDirectory="4b47c1d1-47e6-4110-8726-330ee0e8b396" xmlns="http://microsoft.com/schemas/VisualStudio/TeamTest/2010" />
    <UnitTestResult executionId="5a99d377-0a53-48ab-a8d1-84f83429ba1b" testId="02f35529-4ead-47e9-3f31-cb3572ed4bd3" testName="ExecuteByTest_Sort (name,Descending,999,998,997,996,995,994,993,992,991,990)" computerName="DESKTOP-3FN5V33" duration="00:00:00.0141084" startTime="2024-01-05T10:36:21.1935225-05:00" endTime="2024-01-05T10:36:21.2082368-05:00" testType="13cdc9d9-ddb5-4fa4-a97d-d965ccfc6d4b" outcome="Passed" testListId="8c84fa94-04c1-424b-9868-57a2d4851a1d" relativeResultsDirectory="5a99d377-0a53-48ab-a8d1-84f83429ba1b" xmlns="http://microsoft.com/schemas/VisualStudio/TeamTest/2010">
      <Output>
        <StdOut>Eliassen.System.Internal.ConsoleLogger`1[Eliassen.System.Linq.Search.QueryBuilder]:Information:&gt;
	Build query for CurrentPage: 0
PageSize: 0
ExcludePageCount: False
SearchTerm: (null)
	S:name: Descending

Eliassen.System.Internal.ConsoleLogger`1[Eliassen.System.Linq.Search.QueryBuilder]:Information:&gt;
	Execute (paged): System.Linq.Enumerable+SelectRangeIterator`1[Eliassen.System.Tests.Linq.TestTargets.TestTargetModel].OrderByDescending(n =&gt; n.Name).Skip(0).Take(10)



TestContext Messages:
SearchQuery-QueryableExtensionsTests_ExecuteByTest_Sort(296)-638400477811944844.json: Attached
PagedQueryResult_1-QueryableExtensionsTests_ExecuteByTest_Sort(298)-638400477812041733.json: Attached</StdOut>
        <StdErr>Eliassen.System.Internal.ConsoleLogger`1[Eliassen.System.Linq.Search.QueryBuilder]:Warning:&gt;
	No filtering detected: System.Linq.Enumerable+SelectRangeIterator`1[Eliassen.System.Tests.Linq.TestTargets.TestTargetModel]: CurrentPage: 0
PageSize: 0
ExcludePageCount: False
SearchTerm: (null)
	S:name: Descending</StdErr>
      </Output>
      <ResultFiles>
        <ResultFile path="DESKTOP-3FN5V33\PagedQueryResult_1-QueryableExtensionsTests_ExecuteByTest_Sort(298)-638400477812041733.json" />
        <ResultFile path="DESKTOP-3FN5V33\SearchQuery-QueryableExtensionsTests_ExecuteByTest_Sort(296)-638400477811944844.json" />
      </ResultFiles>
    </UnitTestResult>
    <UnitTestResult executionId="6186f790-fb76-4a2b-8908-a2e7696d1f9a" testId="904d5d76-7886-9282-84ca-d6d2d719e578" testName="ToEnumTest (test name,WithDisplay)" computerName="DESKTOP-3FN5V33" duration="00:00:00.0001427" startTime="2024-01-05T10:36:16.2258752-05:00" endTime="2024-01-05T10:36:16.2262131-05:00" testType="13cdc9d9-ddb5-4fa4-a97d-d965ccfc6d4b" outcome="Passed" testListId="8c84fa94-04c1-424b-9868-57a2d4851a1d" relativeResultsDirectory="6186f790-fb76-4a2b-8908-a2e7696d1f9a" xmlns="http://microsoft.com/schemas/VisualStudio/TeamTest/2010" />
    <UnitTestResult executionId="75bf6047-ea0e-41b5-830d-d9d9d4912604" testId="dd99c6d8-5061-c33e-9fb5-f6db9b5c95f7" testName="ToEnumTest (test short,WithDisplay)" computerName="DESKTOP-3FN5V33" duration="00:00:00.0002376" startTime="2024-01-05T10:36:16.2318064-05:00" endTime="2024-01-05T10:36:16.2323987-05:00" testType="13cdc9d9-ddb5-4fa4-a97d-d965ccfc6d4b" outcome="Passed" testListId="8c84fa94-04c1-424b-9868-57a2d4851a1d" relativeResultsDirectory="75bf6047-ea0e-41b5-830d-d9d9d4912604" xmlns="http://microsoft.com/schemas/VisualStudio/TeamTest/2010" />
    <UnitTestResult executionId="0e0d6807-c148-41cd-8bfe-7e90adfef3ce" testId="7409cd42-f673-2565-2261-30abc9b0641d" testName="ToEnumTest (test description,WithDescription)" computerName="DESKTOP-3FN5V33" duration="00:00:00.0002121" startTime="2024-01-05T10:36:16.2232815-05:00" endTime="2024-01-05T10:36:16.2237417-05:00" testType="13cdc9d9-ddb5-4fa4-a97d-d965ccfc6d4b" outcome="Passed" testListId="8c84fa94-04c1-424b-9868-57a2d4851a1d" relativeResultsDirectory="0e0d6807-c148-41cd-8bfe-7e90adfef3ce" xmlns="http://microsoft.com/schemas/VisualStudio/TeamTest/2010" />
    <UnitTestResult executionId="4636552b-eee8-45c8-8b89-ee19180edd16" testId="c737a9ae-6e38-8556-c3b4-7587ecb9acbb" testName="ToEnumTest (name,WithEnumValue)" computerName="DESKTOP-3FN5V33" duration="00:00:00.0027730" startTime="2024-01-05T10:36:16.2167440-05:00" endTime="2024-01-05T10:36:16.2200585-05:00" testType="13cdc9d9-ddb5-4fa4-a97d-d965ccfc6d4b" outcome="Passed" testListId="8c84fa94-04c1-424b-9868-57a2d4851a1d" relativeResultsDirectory="4636552b-eee8-45c8-8b89-ee19180edd16" xmlns="http://microsoft.com/schemas/VisualStudio/TeamTest/2010" />
    <UnitTestResult executionId="35ab43cd-1869-4f9b-8507-ada9b40c2034" testId="86518760-fa00-295e-47cc-e5d6dba47527" testName="ToEnumTest (test display,WithDisplay)" computerName="DESKTOP-3FN5V33" duration="00:00:00.0001390" startTime="2024-01-05T10:36:16.2247050-05:00" endTime="2024-01-05T10:36:16.2250585-05:00" testType="13cdc9d9-ddb5-4fa4-a97d-d965ccfc6d4b" outcome="Passed" testListId="8c84fa94-04c1-424b-9868-57a2d4851a1d" relativeResultsDirectory="35ab43cd-1869-4f9b-8507-ada9b40c2034" xmlns="http://microsoft.com/schemas/VisualStudio/TeamTest/2010" />
    <UnitTestResult executionId="0f2fc219-d5ec-4f5e-b13a-048ae18e0020" testId="08cb4208-4fe7-b76b-4972-5be8287f6cc2" testName="ToEnumTest (Val2,Val1,Val1, Val2)" computerName="DESKTOP-3FN5V33" duration="00:00:00.0000150" startTime="2024-01-05T10:36:16.1904963-05:00" endTime="2024-01-05T10:36:16.1907152-05:00" testType="13cdc9d9-ddb5-4fa4-a97d-d965ccfc6d4b" outcome="Passed" testListId="8c84fa94-04c1-424b-9868-57a2d4851a1d" relativeResultsDirectory="0f2fc219-d5ec-4f5e-b13a-048ae18e0020" xmlns="http://microsoft.com/schemas/VisualStudio/TeamTest/2010" />
    <UnitTestResult executionId="6840b25e-443c-4ec5-b295-6719b922103e" testId="ef7812d1-d662-c64d-e88c-8e391f4a0f87" testName="ToEnumTest (Val2,Val2)" computerName="DESKTOP-3FN5V33" duration="00:00:00.0000481" startTime="2024-01-05T10:36:16.1881812-05:00" endTime="2024-01-05T10:36:16.1885807-05:00" testType="13cdc9d9-ddb5-4fa4-a97d-d965ccfc6d4b" outcome="Passed" testListId="8c84fa94-04c1-424b-9868-57a2d4851a1d" relativeResultsDirectory="6840b25e-443c-4ec5-b295-6719b922103e" xmlns="http://microsoft.com/schemas/VisualStudio/TeamTest/2010" />
    <UnitTestResult executionId="3469966c-9f3e-4d99-8fc2-a96242f813e1" testId="73b345a6-01ee-1f99-e257-2bd3980b2a55" testName="ToEnumTest (1,Val1)" computerName="DESKTOP-3FN5V33" duration="00:00:00.0000118" startTime="2024-01-05T10:36:16.1967734-05:00" endTime="2024-01-05T10:36:16.1969774-05:00" testType="13cdc9d9-ddb5-4fa4-a97d-d965ccfc6d4b" outcome="Passed" testListId="8c84fa94-04c1-424b-9868-57a2d4851a1d" relativeResultsDirectory="3469966c-9f3e-4d99-8fc2-a96242f813e1" xmlns="http://microsoft.com/schemas/VisualStudio/TeamTest/2010" />
    <UnitTestResult executionId="8418ecf4-9d6f-4e22-91aa-5451d0a7c120" testId="5fe0a77c-457c-1ad4-ea90-21c6f2197cf3" testName="ToEnumTest (-1,-1)" computerName="DESKTOP-3FN5V33" duration="00:00:00.0000230" startTime="2024-01-05T10:36:16.1947212-05:00" endTime="2024-01-05T10:36:16.1949274-05:00" testType="13cdc9d9-ddb5-4fa4-a97d-d965ccfc6d4b" outcome="Passed" testListId="8c84fa94-04c1-424b-9868-57a2d4851a1d" relativeResultsDirectory="8418ecf4-9d6f-4e22-91aa-5451d0a7c120" xmlns="http://microsoft.com/schemas/VisualStudio/TeamTest/2010" />
    <UnitTestResult executionId="cc08876b-355e-476b-a399-8d0236e7c4bb" testId="8f963ded-5435-4dfe-3694-5269d26ce987" testName="ToEnumTest (Val2, Val1,Val1, Val2)" computerName="DESKTOP-3FN5V33" duration="00:00:00.0000160" startTime="2024-01-05T10:36:16.1894507-05:00" endTime="2024-01-05T10:36:16.1896733-05:00" testType="13cdc9d9-ddb5-4fa4-a97d-d965ccfc6d4b" outcome="Passed" testListId="8c84fa94-04c1-424b-9868-57a2d4851a1d" relativeResultsDirectory="cc08876b-355e-476b-a399-8d0236e7c4bb" xmlns="http://microsoft.com/schemas/VisualStudio/TeamTest/2010" />
    <UnitTestResult executionId="ebf56426-efb9-452a-8628-f5699921638c" testId="00605a31-5bf4-6a10-d5d8-68605ca0fe9e" testName="ToEnumTest (Val2 , Val1,Val1, Val2)" computerName="DESKTOP-3FN5V33" duration="00:00:00.0000114" startTime="2024-01-05T10:36:16.1915585-05:00" endTime="2024-01-05T10:36:16.1917519-05:00" testType="13cdc9d9-ddb5-4fa4-a97d-d965ccfc6d4b" outcome="Passed" testListId="8c84fa94-04c1-424b-9868-57a2d4851a1d" relativeResultsDirectory="ebf56426-efb9-452a-8628-f5699921638c" xmlns="http://microsoft.com/schemas/VisualStudio/TeamTest/2010" />
    <UnitTestResult executionId="8fffc09a-fa07-40bd-9562-4033a141c6e6" testId="66aadc34-05ee-03ee-7c60-4bddd836a077" testName="ExecuteByTest_Sort (Name,Ascending,0,1,10,100,101,102,103,104,105,106)" computerName="DESKTOP-3FN5V33" duration="00:00:00.0125642" startTime="2024-01-05T10:36:21.2265270-05:00" endTime="2024-01-05T10:36:21.2396215-05:00" testType="13cdc9d9-ddb5-4fa4-a97d-d965ccfc6d4b" outcome="Passed" testListId="8c84fa94-04c1-424b-9868-57a2d4851a1d" relativeResultsDirectory="8fffc09a-fa07-40bd-9562-4033a141c6e6" xmlns="http://microsoft.com/schemas/VisualStudio/TeamTest/2010">
      <Output>
        <StdOut>Eliassen.System.Internal.ConsoleLogger`1[Eliassen.System.Linq.Search.QueryBuilder]:Information:&gt;
	Build query for CurrentPage: 0
PageSize: 0
ExcludePageCount: False
SearchTerm: (null)
	S:Name: Ascending

Eliassen.System.Internal.ConsoleLogger`1[Eliassen.System.Linq.Search.QueryBuilder]:Information:&gt;
	Execute (paged): System.Linq.Enumerable+SelectRangeIterator`1[Eliassen.System.Tests.Linq.TestTargets.TestTargetModel].OrderBy(n =&gt; n.Name).Skip(0).Take(10)



TestContext Messages:
SearchQuery-QueryableExtensionsTests_ExecuteByTest_Sort(296)-638400477812269299.json: Attached
PagedQueryResult_1-QueryableExtensionsTests_ExecuteByTest_Sort(298)-638400477812352975.json: Attached</StdOut>
        <StdErr>Eliassen.System.Internal.ConsoleLogger`1[Eliassen.System.Linq.Search.QueryBuilder]:Warning:&gt;
	No filtering detected: System.Linq.Enumerable+SelectRangeIterator`1[Eliassen.System.Tests.Linq.TestTargets.TestTargetModel]: CurrentPage: 0
PageSize: 0
ExcludePageCount: False
SearchTerm: (null)
	S:Name: Ascending</StdErr>
      </Output>
      <ResultFiles>
        <ResultFile path="DESKTOP-3FN5V33\PagedQueryResult_1-QueryableExtensionsTests_ExecuteByTest_Sort(298)-638400477812352975.json" />
        <ResultFile path="DESKTOP-3FN5V33\SearchQuery-QueryableExtensionsTests_ExecuteByTest_Sort(296)-638400477812269299.json" />
      </ResultFiles>
    </UnitTestResult>
    <UnitTestResult executionId="3d011932-da18-4e77-8839-159b1e267a83" testId="cc1b359f-b5fb-d9ba-7555-848df199bc6d" testName="ExecuteByTest_Sort (Name,Descending,999,998,997,996,995,994,993,992,991,990)" computerName="DESKTOP-3FN5V33" duration="00:00:00.0202144" startTime="2024-01-05T10:36:21.1694257-05:00" endTime="2024-01-05T10:36:21.1902420-05:00" testType="13cdc9d9-ddb5-4fa4-a97d-d965ccfc6d4b" outcome="Passed" testListId="8c84fa94-04c1-424b-9868-57a2d4851a1d" relativeResultsDirectory="3d011932-da18-4e77-8839-159b1e267a83" xmlns="http://microsoft.com/schemas/VisualStudio/TeamTest/2010">
      <Output>
        <StdOut>Eliassen.System.Internal.ConsoleLogger`1[Eliassen.System.Linq.Search.QueryBuilder]:Information:&gt;
	Build query for CurrentPage: 0
PageSize: 0
ExcludePageCount: False
SearchTerm: (null)
	S:Name: Descending

Eliassen.System.Internal.ConsoleLogger`1[Eliassen.System.Linq.Search.QueryBuilder]:Information:&gt;
	Execute (paged): System.Linq.Enumerable+SelectRangeIterator`1[Eliassen.System.Tests.Linq.TestTargets.TestTargetModel].OrderByDescending(n =&gt; n.Name).Skip(0).Take(10)



TestContext Messages:
SearchQuery-QueryableExtensionsTests_ExecuteByTest_Sort(296)-638400477811705586.json: Attached
PagedQueryResult_1-QueryableExtensionsTests_ExecuteByTest_Sort(298)-638400477811832013.json: Attached</StdOut>
        <StdErr>Eliassen.System.Internal.ConsoleLogger`1[Eliassen.System.Linq.Search.QueryBuilder]:Warning:&gt;
	No filtering detected: System.Linq.Enumerable+SelectRangeIterator`1[Eliassen.System.Tests.Linq.TestTargets.TestTargetModel]: CurrentPage: 0
PageSize: 0
ExcludePageCount: False
SearchTerm: (null)
	S:Name: Descending</StdErr>
      </Output>
      <ResultFiles>
        <ResultFile path="DESKTOP-3FN5V33\PagedQueryResult_1-QueryableExtensionsTests_ExecuteByTest_Sort(298)-638400477811832013.json" />
        <ResultFile path="DESKTOP-3FN5V33\SearchQuery-QueryableExtensionsTests_ExecuteByTest_Sort(296)-638400477811705586.json" />
      </ResultFiles>
    </UnitTestResult>
    <UnitTestResult executionId="6e36dab4-5868-4ee2-b6a8-af2277b8154c" testId="a60b6d3e-da8f-8208-5340-a670e426e0ab" testName="ExecuteByTest_Sort (NAME,Descending,999,998,997,996,995,994,993,992,991,990)" computerName="DESKTOP-3FN5V33" duration="00:00:00.0145746" startTime="2024-01-05T10:36:21.2096395-05:00" endTime="2024-01-05T10:36:21.2246972-05:00" testType="13cdc9d9-ddb5-4fa4-a97d-d965ccfc6d4b" outcome="Passed" testListId="8c84fa94-04c1-424b-9868-57a2d4851a1d" relativeResultsDirectory="6e36dab4-5868-4ee2-b6a8-af2277b8154c" xmlns="http://microsoft.com/schemas/VisualStudio/TeamTest/2010">
      <Output>
        <StdOut>Eliassen.System.Internal.ConsoleLogger`1[Eliassen.System.Linq.Search.QueryBuilder]:Information:&gt;
	Build query for CurrentPage: 0
PageSize: 0
ExcludePageCount: False
SearchTerm: (null)
	S:NAME: Descending

Eliassen.System.Internal.ConsoleLogger`1[Eliassen.System.Linq.Search.QueryBuilder]:Information:&gt;
	Execute (paged): System.Linq.Enumerable+SelectRangeIterator`1[Eliassen.System.Tests.Linq.TestTargets.TestTargetModel].OrderByDescending(n =&gt; n.Name).Skip(0).Take(10)



TestContext Messages:
SearchQuery-QueryableExtensionsTests_ExecuteByTest_Sort(296)-638400477812100361.json: Attached
PagedQueryResult_1-QueryableExtensionsTests_ExecuteByTest_Sort(298)-638400477812206036.json: Attached</StdOut>
        <StdErr>Eliassen.System.Internal.ConsoleLogger`1[Eliassen.System.Linq.Search.QueryBuilder]:Warning:&gt;
	No filtering detected: System.Linq.Enumerable+SelectRangeIterator`1[Eliassen.System.Tests.Linq.TestTargets.TestTargetModel]: CurrentPage: 0
PageSize: 0
ExcludePageCount: False
SearchTerm: (null)
	S:NAME: Descending</StdErr>
      </Output>
      <ResultFiles>
        <ResultFile path="DESKTOP-3FN5V33\PagedQueryResult_1-QueryableExtensionsTests_ExecuteByTest_Sort(298)-638400477812206036.json" />
        <ResultFile path="DESKTOP-3FN5V33\SearchQuery-QueryableExtensionsTests_ExecuteByTest_Sort(296)-638400477812100361.json" />
      </ResultFiles>
    </UnitTestResult>
    <UnitTestResult executionId="440b325e-4bb4-4744-9954-67b181635bc2" testId="2d610960-5163-7dee-2e11-4657bfeeb260" testName="ToEnumTest (0,Val0)" computerName="DESKTOP-3FN5V33" duration="00:00:00.0000099" startTime="2024-01-05T10:36:16.1957734-05:00" endTime="2024-01-05T10:36:16.1959443-05:00" testType="13cdc9d9-ddb5-4fa4-a97d-d965ccfc6d4b" outcome="Passed" testListId="8c84fa94-04c1-424b-9868-57a2d4851a1d" relativeResultsDirectory="440b325e-4bb4-4744-9954-67b181635bc2" xmlns="http://microsoft.com/schemas/VisualStudio/TeamTest/2010" />
    <UnitTestResult executionId="6be602ab-7126-46c6-a9d1-75c6cbbceaf0" testId="5a587cdd-33a2-0450-b436-28e3c32ca2bc" testName="ToEnumTest (name,name2|test name,WithEnumValue, WithMemberName, WithDisplay)" computerName="DESKTOP-3FN5V33" duration="00:00:00.0001738" startTime="2024-01-05T10:36:16.2333426-05:00" endTime="2024-01-05T10:36:16.2337315-05:00" testType="13cdc9d9-ddb5-4fa4-a97d-d965ccfc6d4b" outcome="Passed" testListId="8c84fa94-04c1-424b-9868-57a2d4851a1d" relativeResultsDirectory="6be602ab-7126-46c6-a9d1-75c6cbbceaf0" xmlns="http://microsoft.com/schemas/VisualStudio/TeamTest/2010" />
    <UnitTestResult executionId="cd953fb9-5bee-4fd9-a2de-b4fd01eff5fd" testId="4dd54268-ca5c-f2ac-0f75-c1f879346a6a" testName="ToEnumTest (2,Val2)" computerName="DESKTOP-3FN5V33" duration="00:00:00.0000188" startTime="2024-01-05T10:36:16.2002484-05:00" endTime="2024-01-05T10:36:16.2005462-05:00" testType="13cdc9d9-ddb5-4fa4-a97d-d965ccfc6d4b" outcome="Passed" testListId="8c84fa94-04c1-424b-9868-57a2d4851a1d" relativeResultsDirectory="cd953fb9-5bee-4fd9-a2de-b4fd01eff5fd" xmlns="http://microsoft.com/schemas/VisualStudio/TeamTest/2010" />
    <UnitTestResult executionId="47c649b6-b029-430b-a7bc-62b99ee7a453" testId="fead0924-ca29-6130-f519-2482f200a666" testName="ToEnumTest (Val1,Val1)" computerName="DESKTOP-3FN5V33" duration="00:00:00.0144441" startTime="2024-01-05T10:36:16.1629323-05:00" endTime="2024-01-05T10:36:16.1837219-05:00" testType="13cdc9d9-ddb5-4fa4-a97d-d965ccfc6d4b" outcome="Passed" testListId="8c84fa94-04c1-424b-9868-57a2d4851a1d" relativeResultsDirectory="47c649b6-b029-430b-a7bc-62b99ee7a453" xmlns="http://microsoft.com/schemas/VisualStudio/TeamTest/2010" />
    <UnitTestResult executionId="cb53f06d-b81b-4578-aa16-3394a1ed38b9" testId="c0747f59-826b-81b4-d050-0ed251150a5f" testName="ToEnumTest (name2,WithMemberName)" computerName="DESKTOP-3FN5V33" duration="00:00:00.0002899" startTime="2024-01-05T10:36:16.2213871-05:00" endTime="2024-01-05T10:36:16.2223175-05:00" testType="13cdc9d9-ddb5-4fa4-a97d-d965ccfc6d4b" outcome="Passed" testListId="8c84fa94-04c1-424b-9868-57a2d4851a1d" relativeResultsDirectory="cb53f06d-b81b-4578-aa16-3394a1ed38b9" xmlns="http://microsoft.com/schemas/VisualStudio/TeamTest/2010" />
  </Results>
  <TestDefinitions >
    <UnitTest name="AddResultTest_Object_WithFileNameAndChangeExtension" storage="c:\repos\nucleus\net.libs\framework\eliassen.testutilities.tests\bin\release\net8.0\eliassen.testutilities.tests.dll" id="6e40d08d-5283-ed81-5042-cf4b25b8a9b0" xmlns="http://microsoft.com/schemas/VisualStudio/TeamTest/2010">
      <TestCategory>
        <TestCategoryItem TestCategory="Unit" />
      </TestCategory>
      <Execution id="0acce66f-758d-450e-b1bf-a5a669602a24" />
      <TestMethod codeBase="c:\Repos\Nucleus\Net.Libs\Framework\Eliassen.TestUtilities.Tests\bin\Release\net8.0\Eliassen.TestUtilities.Tests.dll" adapterTypeName="executor://mstestadapter/v2" className="Eliassen.TestUtilities.Tests.TextContextExtensionsTests" name="AddResultTest_Object_WithFileNameAndChangeExtension" />
    </UnitTest>
    <UnitTest name="AddResultTest_Object_WithFileNameRemoveExtension" storage="c:\repos\nucleus\net.libs\framework\eliassen.testutilities.tests\bin\release\net8.0\eliassen.testutilities.tests.dll" id="94603f64-5739-e688-dcfd-6687308b4a9a" xmlns="http://microsoft.com/schemas/VisualStudio/TeamTest/2010">
      <TestCategory>
        <TestCategoryItem TestCategory="Unit" />
      </TestCategory>
      <Execution id="4493d6bb-9031-4f7e-bfd3-b75e1ac6eaff" />
      <TestMethod codeBase="c:\Repos\Nucleus\Net.Libs\Framework\Eliassen.TestUtilities.Tests\bin\Release\net8.0\Eliassen.TestUtilities.Tests.dll" adapterTypeName="executor://mstestadapter/v2" className="Eliassen.TestUtilities.Tests.TextContextExtensionsTests" name="AddResultTest_Object_WithFileNameRemoveExtension" />
    </UnitTest>
    <UnitTest name="GetTestDataAsyncTest_String" storage="c:\repos\nucleus\net.libs\framework\eliassen.testutilities.tests\bin\release\net8.0\eliassen.testutilities.tests.dll" id="5bb4fd62-5d31-f92e-3aec-4b3c222ba16c" xmlns="http://microsoft.com/schemas/VisualStudio/TeamTest/2010">
      <TestCategory>
        <TestCategoryItem TestCategory="Unit" />
      </TestCategory>
      <Execution id="e7787669-8be0-41b2-8f60-1d4e09db1ac5" />
      <TestMethod codeBase="c:\Repos\Nucleus\Net.Libs\Framework\Eliassen.TestUtilities.Tests\bin\Release\net8.0\Eliassen.TestUtilities.Tests.dll" adapterTypeName="executor://mstestadapter/v2" className="Eliassen.TestUtilities.Tests.TextContextExtensionsTests" name="GetTestDataAsyncTest_String" />
    </UnitTest>
    <UnitTest name="AddResultTest_Object_WithFileNameNoExtension" storage="c:\repos\nucleus\net.libs\framework\eliassen.testutilities.tests\bin\release\net8.0\eliassen.testutilities.tests.dll" id="4756cbfe-51aa-abcc-147f-e97a51057db5" xmlns="http://microsoft.com/schemas/VisualStudio/TeamTest/2010">
      <TestCategory>
        <TestCategoryItem TestCategory="Unit" />
      </TestCategory>
      <Execution id="3e2ddb6b-ca65-49fb-9474-1202b8ac2776" />
      <TestMethod codeBase="c:\Repos\Nucleus\Net.Libs\Framework\Eliassen.TestUtilities.Tests\bin\Release\net8.0\Eliassen.TestUtilities.Tests.dll" adapterTypeName="executor://mstestadapter/v2" className="Eliassen.TestUtilities.Tests.TextContextExtensionsTests" name="AddResultTest_Object_WithFileNameNoExtension" />
    </UnitTest>
    <UnitTest name="GetTestDataAsyncTest" storage="c:\repos\nucleus\net.libs\framework\eliassen.testutilities.tests\bin\release\net8.0\eliassen.testutilities.tests.dll" id="b14f6909-8be4-5d0a-1d4e-766cb1e4abd6" xmlns="http://microsoft.com/schemas/VisualStudio/TeamTest/2010">
      <TestCategory>
        <TestCategoryItem TestCategory="Unit" />
      </TestCategory>
      <Execution id="13c35fe1-1c3b-400d-9abe-8d55f473d6c9" />
      <TestMethod codeBase="c:\Repos\Nucleus\Net.Libs\Framework\Eliassen.TestUtilities.Tests\bin\Release\net8.0\Eliassen.TestUtilities.Tests.dll" adapterTypeName="executor://mstestadapter/v2" className="Eliassen.TestUtilities.Tests.TextContextExtensionsTests" name="GetTestDataAsyncTest" />
    </UnitTest>
    <UnitTest name="AddResultTest_Object" storage="c:\repos\nucleus\net.libs\framework\eliassen.testutilities.tests\bin\release\net8.0\eliassen.testutilities.tests.dll" id="419ef0dc-c4eb-bdc4-db64-68fe0fa43397" xmlns="http://microsoft.com/schemas/VisualStudio/TeamTest/2010">
      <TestCategory>
        <TestCategoryItem TestCategory="Unit" />
      </TestCategory>
      <Execution id="7b271cca-9263-4c7c-836c-c1dbd82fa85f" />
      <TestMethod codeBase="c:\Repos\Nucleus\Net.Libs\Framework\Eliassen.TestUtilities.Tests\bin\Release\net8.0\Eliassen.TestUtilities.Tests.dll" adapterTypeName="executor://mstestadapter/v2" className="Eliassen.TestUtilities.Tests.TextContextExtensionsTests" name="AddResultTest_Object" />
    </UnitTest>
    <UnitTest name="AddResultTest_Json" storage="c:\repos\nucleus\net.libs\framework\eliassen.testutilities.tests\bin\release\net8.0\eliassen.testutilities.tests.dll" id="8aec3498-0c1a-9091-2458-51d1c67933bf" xmlns="http://microsoft.com/schemas/VisualStudio/TeamTest/2010">
      <TestCategory>
        <TestCategoryItem TestCategory="Unit" />
      </TestCategory>
      <Execution id="c131e94a-45de-459c-8107-6de39be9d243" />
      <TestMethod codeBase="c:\Repos\Nucleus\Net.Libs\Framework\Eliassen.TestUtilities.Tests\bin\Release\net8.0\Eliassen.TestUtilities.Tests.dll" adapterTypeName="executor://mstestadapter/v2" className="Eliassen.TestUtilities.Tests.TextContextExtensionsTests" name="AddResultTest_Json" />
    </UnitTest>
    <UnitTest name="GetTestDataAsyncTest_Stream" storage="c:\repos\nucleus\net.libs\framework\eliassen.testutilities.tests\bin\release\net8.0\eliassen.testutilities.tests.dll" id="09f85366-159b-5dce-cdaa-bbbd3e98347c" xmlns="http://microsoft.com/schemas/VisualStudio/TeamTest/2010">
      <TestCategory>
        <TestCategoryItem TestCategory="Unit" />
      </TestCategory>
      <Execution id="f7ffb77d-cf97-41ef-ab1a-c41f400cf4bb" />
      <TestMethod codeBase="c:\Repos\Nucleus\Net.Libs\Framework\Eliassen.TestUtilities.Tests\bin\Release\net8.0\Eliassen.TestUtilities.Tests.dll" adapterTypeName="executor://mstestadapter/v2" className="Eliassen.TestUtilities.Tests.TextContextExtensionsTests" name="GetTestDataAsyncTest_Stream" />
    </UnitTest>
    <UnitTest name="AddResultTest_Stream" storage="c:\repos\nucleus\net.libs\framework\eliassen.testutilities.tests\bin\release\net8.0\eliassen.testutilities.tests.dll" id="bb6d8621-db33-2366-8e82-a87beebdef19" xmlns="http://microsoft.com/schemas/VisualStudio/TeamTest/2010">
      <TestCategory>
        <TestCategoryItem TestCategory="Unit" />
      </TestCategory>
      <Execution id="dbec80d6-0b1d-4eaa-b782-2e4b7efad0b8" />
      <TestMethod codeBase="c:\Repos\Nucleus\Net.Libs\Framework\Eliassen.TestUtilities.Tests\bin\Release\net8.0\Eliassen.TestUtilities.Tests.dll" adapterTypeName="executor://mstestadapter/v2" className="Eliassen.TestUtilities.Tests.TextContextExtensionsTests" name="AddResultTest_Stream" />
    </UnitTest>
    <UnitTest name="AddResultTest_Lines" storage="c:\repos\nucleus\net.libs\framework\eliassen.testutilities.tests\bin\release\net8.0\eliassen.testutilities.tests.dll" id="ed2eb3a8-9a8f-8428-0d0a-7e6a2f6200e2" xmlns="http://microsoft.com/schemas/VisualStudio/TeamTest/2010">
      <TestCategory>
        <TestCategoryItem TestCategory="Unit" />
      </TestCategory>
      <Execution id="febe99de-d96a-45b3-901c-742c349d3dbb" />
      <TestMethod codeBase="c:\Repos\Nucleus\Net.Libs\Framework\Eliassen.TestUtilities.Tests\bin\Release\net8.0\Eliassen.TestUtilities.Tests.dll" adapterTypeName="executor://mstestadapter/v2" className="Eliassen.TestUtilities.Tests.TextContextExtensionsTests" name="AddResultTest_Lines" />
    </UnitTest>
    <UnitTest name="AddResultTest_Object_WithFileNameAndExtension" storage="c:\repos\nucleus\net.libs\framework\eliassen.testutilities.tests\bin\release\net8.0\eliassen.testutilities.tests.dll" id="bfc7f80f-e281-5816-dc57-387e099d2a10" xmlns="http://microsoft.com/schemas/VisualStudio/TeamTest/2010">
      <TestCategory>
        <TestCategoryItem TestCategory="Unit" />
      </TestCategory>
      <Execution id="acbff6c5-a55b-42a6-8678-0e74b9d2590c" />
      <TestMethod codeBase="c:\Repos\Nucleus\Net.Libs\Framework\Eliassen.TestUtilities.Tests\bin\Release\net8.0\Eliassen.TestUtilities.Tests.dll" adapterTypeName="executor://mstestadapter/v2" className="Eliassen.TestUtilities.Tests.TextContextExtensionsTests" name="AddResultTest_Object_WithFileNameAndExtension" />
    </UnitTest>
    <UnitTest name="AddResultFileTest_FileContentOutFile" storage="c:\repos\nucleus\net.libs\framework\eliassen.testutilities.tests\bin\release\net8.0\eliassen.testutilities.tests.dll" id="726abc2c-502d-4a5c-e2c7-073f21d793da" xmlns="http://microsoft.com/schemas/VisualStudio/TeamTest/2010">
      <TestCategory>
        <TestCategoryItem TestCategory="Unit" />
      </TestCategory>
      <Execution id="da85f658-0a99-476a-9cc5-15d4adebbddb" />
      <TestMethod codeBase="c:\Repos\Nucleus\Net.Libs\Framework\Eliassen.TestUtilities.Tests\bin\Release\net8.0\Eliassen.TestUtilities.Tests.dll" adapterTypeName="executor://mstestadapter/v2" className="Eliassen.TestUtilities.Tests.TextContextExtensionsTests" name="AddResultFileTest_FileContentOutFile" />
    </UnitTest>
    <UnitTest name="AddResultTest_ValueOutFile" storage="c:\repos\nucleus\net.libs\framework\eliassen.testutilities.tests\bin\release\net8.0\eliassen.testutilities.tests.dll" id="35da343a-5826-ac4c-688a-c2bbf7572a30" xmlns="http://microsoft.com/schemas/VisualStudio/TeamTest/2010">
      <TestCategory>
        <TestCategoryItem TestCategory="Unit" />
      </TestCategory>
      <Execution id="41d61e73-2828-41fe-a5fd-64bcdef9d1b9" />
      <TestMethod codeBase="c:\Repos\Nucleus\Net.Libs\Framework\Eliassen.TestUtilities.Tests\bin\Release\net8.0\Eliassen.TestUtilities.Tests.dll" adapterTypeName="executor://mstestadapter/v2" className="Eliassen.TestUtilities.Tests.TextContextExtensionsTests" name="AddResultTest_ValueOutFile" />
    </UnitTest>
    <UnitTest name="AddResultTest_String" storage="c:\repos\nucleus\net.libs\framework\eliassen.testutilities.tests\bin\release\net8.0\eliassen.testutilities.tests.dll" id="de980556-11bb-d6e9-c03a-e5592a3218d5" xmlns="http://microsoft.com/schemas/VisualStudio/TeamTest/2010">
      <TestCategory>
        <TestCategoryItem TestCategory="Unit" />
      </TestCategory>
      <Execution id="edf66979-b191-46f8-ad5b-c9af59acfbf4" />
      <TestMethod codeBase="c:\Repos\Nucleus\Net.Libs\Framework\Eliassen.TestUtilities.Tests\bin\Release\net8.0\Eliassen.TestUtilities.Tests.dll" adapterTypeName="executor://mstestadapter/v2" className="Eliassen.TestUtilities.Tests.TextContextExtensionsTests" name="AddResultTest_String" />
    </UnitTest>
    <UnitTest name="AddResultFileTest_FileContent" storage="c:\repos\nucleus\net.libs\framework\eliassen.testutilities.tests\bin\release\net8.0\eliassen.testutilities.tests.dll" id="4173abf6-6eee-31f5-7205-ad46c7104d49" xmlns="http://microsoft.com/schemas/VisualStudio/TeamTest/2010">
      <TestCategory>
        <TestCategoryItem TestCategory="Unit" />
      </TestCategory>
      <Execution id="61c0a58e-73fc-47ee-8be7-13ce03946440" />
      <TestMethod codeBase="c:\Repos\Nucleus\Net.Libs\Framework\Eliassen.TestUtilities.Tests\bin\Release\net8.0\Eliassen.TestUtilities.Tests.dll" adapterTypeName="executor://mstestadapter/v2" className="Eliassen.TestUtilities.Tests.TextContextExtensionsTests" name="AddResultFileTest_FileContent" />
    </UnitTest>
    <UnitTest name="GetTestDataAsyncTest_Targeted" storage="c:\repos\nucleus\net.libs\framework\eliassen.testutilities.tests\bin\release\net8.0\eliassen.testutilities.tests.dll" id="01e51d56-c992-5e2d-f6ea-cf3f1977a589" xmlns="http://microsoft.com/schemas/VisualStudio/TeamTest/2010">
      <TestCategory>
        <TestCategoryItem TestCategory="Unit" />
      </TestCategory>
      <Execution id="51c2187f-d395-413c-aef0-ce00d213c730" />
      <TestMethod codeBase="c:\Repos\Nucleus\Net.Libs\Framework\Eliassen.TestUtilities.Tests\bin\Release\net8.0\Eliassen.TestUtilities.Tests.dll" adapterTypeName="executor://mstestadapter/v2" className="Eliassen.TestUtilities.Tests.TextContextExtensionsTests" name="GetTestDataAsyncTest_Targeted" />
    </UnitTest>
    <UnitTest name="ToEnumTest (Val2,Val1,Val1, Val2)" storage="c:\repos\nucleus\net.libs\framework\eliassen.system.tests\bin\release\net8.0\eliassen.system.tests.dll" id="cafd6058-6aab-9d1f-69ad-4c9f56040de6" xmlns="http://microsoft.com/schemas/VisualStudio/TeamTest/2010">
      <TestCategory>
        <TestCategoryItem TestCategory="Unit" />
      </TestCategory>
      <Execution id="5af1b04b-35fe-47c9-9938-43d2648055a7" />
      <TestMethod codeBase="c:\Repos\Nucleus\Net.Libs\Framework\Eliassen.System.Tests\bin\Release\net8.0\Eliassen.System.Tests.dll" adapterTypeName="executor://mstestadapter/v2" className="Eliassen.System.Tests.Reflection.EnumExtensionsTests" name="ToEnumTest" />
    </UnitTest>
    <UnitTest name="ToEnumTest (Val2,Val2)" storage="c:\repos\nucleus\net.libs\framework\eliassen.system.tests\bin\release\net8.0\eliassen.system.tests.dll" id="2e0c9851-0485-aa3c-d24f-7fccd80074f4" xmlns="http://microsoft.com/schemas/VisualStudio/TeamTest/2010">
      <TestCategory>
        <TestCategoryItem TestCategory="Unit" />
      </TestCategory>
      <Execution id="a8a50ed7-efd8-443c-9e29-24d2caac2081" />
      <TestMethod codeBase="c:\Repos\Nucleus\Net.Libs\Framework\Eliassen.System.Tests\bin\Release\net8.0\Eliassen.System.Tests.dll" adapterTypeName="executor://mstestadapter/v2" className="Eliassen.System.Tests.Reflection.EnumExtensionsTests" name="ToEnumTest" />
    </UnitTest>
    <UnitTest name="GetShortTypeNameTests" storage="c:\repos\nucleus\net.libs\framework\eliassen.system.tests\bin\release\net8.0\eliassen.system.tests.dll" id="67b6a854-1fe4-5528-77d6-501bd90b9a20" xmlns="http://microsoft.com/schemas/VisualStudio/TeamTest/2010">
      <TestCategory>
        <TestCategoryItem TestCategory="Unit" />
      </TestCategory>
      <Execution id="4c0a4ffe-4e42-4e77-add2-2dd5e821b3e7" />
      <TestMethod codeBase="c:\Repos\Nucleus\Net.Libs\Framework\Eliassen.System.Tests\bin\Release\net8.0\Eliassen.System.Tests.dll" adapterTypeName="executor://mstestadapter/v2" className="Eliassen.System.Tests.Reflection.ReflectionExtensionsTests" name="GetShortTypeNameTests" />
    </UnitTest>
    <UnitTest name="ExecuteByTest_Filter" storage="c:\repos\nucleus\net.libs\framework\eliassen.system.tests\bin\release\net8.0\eliassen.system.tests.dll" id="b6498f29-1231-5fcf-4954-1746daa0500d" xmlns="http://microsoft.com/schemas/VisualStudio/TeamTest/2010">
      <TestCategory>
        <TestCategoryItem TestCategory="Unit" />
      </TestCategory>
      <Execution id="f4ca8313-0b20-4ed1-b2c8-15849242f63c" />
      <TestMethod codeBase="c:\Repos\Nucleus\Net.Libs\Framework\Eliassen.System.Tests\bin\Release\net8.0\Eliassen.System.Tests.dll" adapterTypeName="executor://mstestadapter/v2" className="Eliassen.System.Tests.Linq.QueryableExtensionsTests" name="ExecuteByTest_Filter" />
    </UnitTest>
    <UnitTest name="MakeSafeTest" storage="c:\repos\nucleus\net.libs\framework\eliassen.system.tests\bin\release\net8.0\eliassen.system.tests.dll" id="e350703c-47df-56f0-b995-a52c38b53eca" xmlns="http://microsoft.com/schemas/VisualStudio/TeamTest/2010">
      <TestCategory>
        <TestCategoryItem TestCategory="Unit" />
      </TestCategory>
      <Execution id="6941822a-f093-4a6d-aa2b-ed5b744e853e" />
      <TestMethod codeBase="c:\Repos\Nucleus\Net.Libs\Framework\Eliassen.System.Tests\bin\Release\net8.0\Eliassen.System.Tests.dll" adapterTypeName="executor://mstestadapter/v2" className="Eliassen.System.Tests.Reflection.ReflectionExtensionsTests" name="MakeSafeTest" />
    </UnitTest>
    <UnitTest name="ExecuteByTest_Sort (Name,Ascending,0,1,10,100,101,102,103,104,105,106)" storage="c:\repos\nucleus\net.libs\framework\eliassen.system.tests\bin\release\net8.0\eliassen.system.tests.dll" id="4bf38066-0bb2-757e-8a8e-3db6781b25d2" xmlns="http://microsoft.com/schemas/VisualStudio/TeamTest/2010">
      <TestCategory>
        <TestCategoryItem TestCategory="Unit" />
      </TestCategory>
      <Execution id="287d2aa0-5656-4896-9784-20b5e978a9b2" />
      <TestMethod codeBase="c:\Repos\Nucleus\Net.Libs\Framework\Eliassen.System.Tests\bin\Release\net8.0\Eliassen.System.Tests.dll" adapterTypeName="executor://mstestadapter/v2" className="Eliassen.System.Tests.Linq.QueryableExtensionsTests" name="ExecuteByTest_Sort" />
    </UnitTest>
    <UnitTest name="ToEnumTest (name2,WithMemberName)" storage="c:\repos\nucleus\net.libs\framework\eliassen.system.tests\bin\release\net8.0\eliassen.system.tests.dll" id="0f7e3e16-777a-5558-36e8-70ed511d8dc2" xmlns="http://microsoft.com/schemas/VisualStudio/TeamTest/2010">
      <TestCategory>
        <TestCategoryItem TestCategory="Unit" />
      </TestCategory>
      <Execution id="3fefcdcb-7f67-42a8-8dae-9f0b0986694b" />
      <TestMethod codeBase="c:\Repos\Nucleus\Net.Libs\Framework\Eliassen.System.Tests\bin\Release\net8.0\Eliassen.System.Tests.dll" adapterTypeName="executor://mstestadapter/v2" className="Eliassen.System.Tests.Reflection.EnumExtensionsTests" name="ToEnumTest" />
    </UnitTest>
    <UnitTest name="GetFilterablePropertyNamesTest_TestTargetModel" storage="c:\repos\nucleus\net.libs\framework\eliassen.system.tests\bin\release\net8.0\eliassen.system.tests.dll" id="f3383018-7bb0-86e7-cb57-311d72bf2f87" xmlns="http://microsoft.com/schemas/VisualStudio/TeamTest/2010">
      <TestCategory>
        <TestCategoryItem TestCategory="Unit" />
      </TestCategory>
      <Execution id="8ec99568-7191-477c-b6e8-8cb5776a1b08" />
      <TestMethod codeBase="c:\Repos\Nucleus\Net.Libs\Framework\Eliassen.System.Tests\bin\Release\net8.0\Eliassen.System.Tests.dll" adapterTypeName="executor://mstestadapter/v2" className="Eliassen.System.Tests.Linq.Expressions.ExpressionTreeBuilderTests" name="GetFilterablePropertyNamesTest_TestTargetModel" />
    </UnitTest>
    <UnitTest name="ToEnumTest (3,Val1, Val2)" storage="c:\repos\nucleus\net.libs\framework\eliassen.system.tests\bin\release\net8.0\eliassen.system.tests.dll" id="2b082eef-4fa9-3b0c-8d19-b1f036cc7147" xmlns="http://microsoft.com/schemas/VisualStudio/TeamTest/2010">
      <TestCategory>
        <TestCategoryItem TestCategory="Unit" />
      </TestCategory>
      <Execution id="2ff51e66-075d-4c06-ba9a-c3a71b177b7f" />
      <TestMethod codeBase="c:\Repos\Nucleus\Net.Libs\Framework\Eliassen.System.Tests\bin\Release\net8.0\Eliassen.System.Tests.dll" adapterTypeName="executor://mstestadapter/v2" className="Eliassen.System.Tests.Reflection.EnumExtensionsTests" name="ToEnumTest" />
    </UnitTest>
    <UnitTest name="GetResourceStreamTest_ByType" storage="c:\repos\nucleus\net.libs\framework\eliassen.system.tests\bin\release\net8.0\eliassen.system.tests.dll" id="63fad722-7037-7050-fa28-b32ff1a4ec2f" xmlns="http://microsoft.com/schemas/VisualStudio/TeamTest/2010">
      <TestCategory>
        <TestCategoryItem TestCategory="Unit" />
      </TestCategory>
      <Execution id="ebc548de-dccb-49fb-83cc-604d51a270c6" />
      <TestMethod codeBase="c:\Repos\Nucleus\Net.Libs\Framework\Eliassen.System.Tests\bin\Release\net8.0\Eliassen.System.Tests.dll" adapterTypeName="executor://mstestadapter/v2" className="Eliassen.System.Tests.Reflection.ResourceExtensionsTests" name="GetResourceStreamTest_ByType" />
    </UnitTest>
    <UnitTest name="VisitTest_Equals (Hello,Hello,True)" storage="c:\repos\nucleus\net.libs\framework\eliassen.system.tests\bin\release\net8.0\eliassen.system.tests.dll" id="1c0197db-d7ab-18ba-d57c-a34403249bdb" xmlns="http://microsoft.com/schemas/VisualStudio/TeamTest/2010">
      <TestCategory>
        <TestCategoryItem TestCategory="Unit" />
      </TestCategory>
      <Execution id="d2fe3096-1fd9-4535-b926-56aab8c563a1" />
      <TestMethod codeBase="c:\Repos\Nucleus\Net.Libs\Framework\Eliassen.System.Tests\bin\Release\net8.0\Eliassen.System.Tests.dll" adapterTypeName="executor://mstestadapter/v2" className="Eliassen.System.Tests.Linq.Expressions.SkipInstanceMethodOnNullExpressionVisitorTests" name="VisitTest_Equals" />
    </UnitTest>
    <UnitTest name="VisitTest_EndsWith (Hello,lO,True)" storage="c:\repos\nucleus\net.libs\framework\eliassen.system.tests\bin\release\net8.0\eliassen.system.tests.dll" id="a4cc6556-4b38-556d-d138-b0c8009279f3" xmlns="http://microsoft.com/schemas/VisualStudio/TeamTest/2010">
      <TestCategory>
        <TestCategoryItem TestCategory="Unit" />
      </TestCategory>
      <Execution id="d3051922-3c96-477d-95a5-135a8d22e74b" />
      <TestMethod codeBase="c:\Repos\Nucleus\Net.Libs\Framework\Eliassen.System.Tests\bin\Release\net8.0\Eliassen.System.Tests.dll" adapterTypeName="executor://mstestadapter/v2" className="Eliassen.System.Tests.Linq.Expressions.StringComparisonReplacementExpressionVisitorTests" name="VisitTest_EndsWith" />
    </UnitTest>
    <UnitTest name="ToEnumTest (Val2 , Val1,Val1, Val2)" storage="c:\repos\nucleus\net.libs\framework\eliassen.system.tests\bin\release\net8.0\eliassen.system.tests.dll" id="38e9a0c7-b39d-0746-cc04-b6b9aa4e3b7c" xmlns="http://microsoft.com/schemas/VisualStudio/TeamTest/2010">
      <TestCategory>
        <TestCategoryItem TestCategory="Unit" />
      </TestCategory>
      <Execution id="648d670a-358e-4778-98dd-39417ed22f2b" />
      <TestMethod codeBase="c:\Repos\Nucleus\Net.Libs\Framework\Eliassen.System.Tests\bin\Release\net8.0\Eliassen.System.Tests.dll" adapterTypeName="executor://mstestadapter/v2" className="Eliassen.System.Tests.Reflection.EnumExtensionsTests" name="ToEnumTest" />
    </UnitTest>
    <UnitTest name="VisitTest_StartsWith (Hello,He,True)" storage="c:\repos\nucleus\net.libs\framework\eliassen.system.tests\bin\release\net8.0\eliassen.system.tests.dll" id="5adbf889-f6cc-6aad-7fc3-6b99d44bef4c" xmlns="http://microsoft.com/schemas/VisualStudio/TeamTest/2010">
      <TestCategory>
        <TestCategoryItem TestCategory="Unit" />
      </TestCategory>
      <Execution id="5c96730c-c918-48a4-8ab4-9a24b333e2b7" />
      <TestMethod codeBase="c:\Repos\Nucleus\Net.Libs\Framework\Eliassen.System.Tests\bin\Release\net8.0\Eliassen.System.Tests.dll" adapterTypeName="executor://mstestadapter/v2" className="Eliassen.System.Tests.Linq.Expressions.StringComparisonReplacementExpressionVisitorTests" name="VisitTest_StartsWith" />
    </UnitTest>
    <UnitTest name="ToEnumTest (test description,WithDescription)" storage="c:\repos\nucleus\net.libs\framework\eliassen.system.tests\bin\release\net8.0\eliassen.system.tests.dll" id="f78a8ff3-c0d0-976a-acb4-40a970430b93" xmlns="http://microsoft.com/schemas/VisualStudio/TeamTest/2010">
      <TestCategory>
        <TestCategoryItem TestCategory="Unit" />
      </TestCategory>
      <Execution id="4a59e6c9-f402-46bd-b724-6944832289f7" />
      <TestMethod codeBase="c:\Repos\Nucleus\Net.Libs\Framework\Eliassen.System.Tests\bin\Release\net8.0\Eliassen.System.Tests.dll" adapterTypeName="executor://mstestadapter/v2" className="Eliassen.System.Tests.Reflection.EnumExtensionsTests" name="ToEnumTest" />
    </UnitTest>
    <UnitTest name="GetHash (Hello World!,7Qdih1MuhjZehB6Sv8UNjA==)" storage="c:\repos\nucleus\net.libs\framework\eliassen.system.tests\bin\release\net8.0\eliassen.system.tests.dll" id="453dc636-d45b-01e0-2e5e-4e973ba64495" xmlns="http://microsoft.com/schemas/VisualStudio/TeamTest/2010">
      <TestCategory>
        <TestCategoryItem TestCategory="Unit" />
      </TestCategory>
      <Execution id="e880511b-3e09-46b9-9582-b41357667d9f" />
      <TestMethod codeBase="c:\Repos\Nucleus\Net.Libs\Framework\Eliassen.System.Tests\bin\Release\net8.0\Eliassen.System.Tests.dll" adapterTypeName="executor://mstestadapter/v2" className="Eliassen.System.Tests.Security.Cryptography.Md5HashTests" name="GetHash" />
    </UnitTest>
    <UnitTest name="TryParseTest" storage="c:\repos\nucleus\net.libs\framework\eliassen.system.tests\bin\release\net8.0\eliassen.system.tests.dll" id="7fd160bc-3b5b-e6e2-40ae-1974536260f2" xmlns="http://microsoft.com/schemas/VisualStudio/TeamTest/2010">
      <TestCategory>
        <TestCategoryItem TestCategory="Unit" />
      </TestCategory>
      <Execution id="cd1b231e-56bd-4db1-8931-32d5cc11b6bc" />
      <TestMethod codeBase="c:\Repos\Nucleus\Net.Libs\Framework\Eliassen.System.Tests\bin\Release\net8.0\Eliassen.System.Tests.dll" adapterTypeName="executor://mstestadapter/v2" className="Eliassen.System.Tests.Reflection.ReflectionExtensionsTests" name="TryParseTest" />
    </UnitTest>
    <UnitTest name="ToEnumTest (Val2, Val1,Val1, Val2)" storage="c:\repos\nucleus\net.libs\framework\eliassen.system.tests\bin\release\net8.0\eliassen.system.tests.dll" id="a68de2ae-2056-64c2-a1d0-a4ade981516a" xmlns="http://microsoft.com/schemas/VisualStudio/TeamTest/2010">
      <TestCategory>
        <TestCategoryItem TestCategory="Unit" />
      </TestCategory>
      <Execution id="61d12989-822b-4d73-be78-422486850299" />
      <TestMethod codeBase="c:\Repos\Nucleus\Net.Libs\Framework\Eliassen.System.Tests\bin\Release\net8.0\Eliassen.System.Tests.dll" adapterTypeName="executor://mstestadapter/v2" className="Eliassen.System.Tests.Reflection.EnumExtensionsTests" name="ToEnumTest" />
    </UnitTest>
    <UnitTest name="DeserializeTest_Value ({&quot;Nullable&quot;:null,&quot;Value&quot;:{&quot;$date&quot;:&quot;2023-07-05T14:17:05.2315812-04:00&quot;}},2023-07-05T14:17:05.2315812-04:00)" storage="c:\repos\nucleus\net.libs\framework\eliassen.system.tests\bin\release\net8.0\eliassen.system.tests.dll" id="1410527d-0c96-dadb-f7e7-8873031591f5" xmlns="http://microsoft.com/schemas/VisualStudio/TeamTest/2010">
      <TestCategory>
        <TestCategoryItem TestCategory="Unit" />
      </TestCategory>
      <Execution id="6a88e266-2a69-4258-9884-f49acfb2a8e7" />
      <TestMethod codeBase="c:\Repos\Nucleus\Net.Libs\Framework\Eliassen.System.Tests\bin\Release\net8.0\Eliassen.System.Tests.dll" adapterTypeName="executor://mstestadapter/v2" className="Eliassen.System.Tests.Text.Json.BsonDateConverterTests" name="DeserializeTest_Value" />
    </UnitTest>
    <UnitTest name="VisitTest_Equals (Hello,hello,True)" storage="c:\repos\nucleus\net.libs\framework\eliassen.system.tests\bin\release\net8.0\eliassen.system.tests.dll" id="e7f0575b-0e45-f2ce-4918-0b10042b2324" xmlns="http://microsoft.com/schemas/VisualStudio/TeamTest/2010">
      <TestCategory>
        <TestCategoryItem TestCategory="Unit" />
      </TestCategory>
      <Execution id="355bca3b-c984-41fa-b68e-95eb58ab658f" />
      <TestMethod codeBase="c:\Repos\Nucleus\Net.Libs\Framework\Eliassen.System.Tests\bin\Release\net8.0\Eliassen.System.Tests.dll" adapterTypeName="executor://mstestadapter/v2" className="Eliassen.System.Tests.Linq.Expressions.StringComparisonReplacementExpressionVisitorTests" name="VisitTest_Equals" />
    </UnitTest>
    <UnitTest name="SerializeTest_Anonymous" storage="c:\repos\nucleus\net.libs\framework\eliassen.system.tests\bin\release\net8.0\eliassen.system.tests.dll" id="9d534b02-84b2-367f-c306-46ab610b3ce8" xmlns="http://microsoft.com/schemas/VisualStudio/TeamTest/2010">
      <TestCategory>
        <TestCategoryItem TestCategory="Unit" />
      </TestCategory>
      <Execution id="1e0da135-c635-4de4-9e43-9f6a04000b2c" />
      <TestMethod codeBase="c:\Repos\Nucleus\Net.Libs\Framework\Eliassen.System.Tests\bin\Release\net8.0\Eliassen.System.Tests.dll" adapterTypeName="executor://mstestadapter/v2" className="Eliassen.System.Tests.Text.Json.Serialization.DefaultJsonSerializerTests" name="SerializeTest_Anonymous" />
    </UnitTest>
    <UnitTest name="GetResourceFromJsonTest_NotFound" storage="c:\repos\nucleus\net.libs\framework\eliassen.system.tests\bin\release\net8.0\eliassen.system.tests.dll" id="838644d9-6365-e4a6-691a-5f9e9cba540d" xmlns="http://microsoft.com/schemas/VisualStudio/TeamTest/2010">
      <TestCategory>
        <TestCategoryItem TestCategory="Unit" />
      </TestCategory>
      <Execution id="397733ef-803e-4d6c-bb3c-e18428b890a3" />
      <TestMethod codeBase="c:\Repos\Nucleus\Net.Libs\Framework\Eliassen.System.Tests\bin\Release\net8.0\Eliassen.System.Tests.dll" adapterTypeName="executor://mstestadapter/v2" className="Eliassen.System.Tests.Reflection.ResourceExtensionsTests" name="GetResourceFromJsonTest_NotFound" />
    </UnitTest>
    <UnitTest name="ExecuteByTest_Page (1,-1,,,,1000,)" storage="c:\repos\nucleus\net.libs\framework\eliassen.system.tests\bin\release\net8.0\eliassen.system.tests.dll" id="c2c5d20e-1a87-0e89-b840-4da7e6550d8e" xmlns="http://microsoft.com/schemas/VisualStudio/TeamTest/2010">
      <TestCategory>
        <TestCategoryItem TestCategory="Unit" />
      </TestCategory>
      <Execution id="9652e884-f565-4c0f-a925-e311afb3575a" />
      <TestMethod codeBase="c:\Repos\Nucleus\Net.Libs\Framework\Eliassen.System.Tests\bin\Release\net8.0\Eliassen.System.Tests.dll" adapterTypeName="executor://mstestadapter/v2" className="Eliassen.System.Tests.Linq.QueryableExtensionsTests" name="ExecuteByTest_Page" />
    </UnitTest>
    <UnitTest name="DeserializeTest_Value ({&quot;Nullable&quot;:{&quot;$date&quot;:&quot;2023-07-05T14:16:32.2015217-04:00&quot;},&quot;Value&quot;:{&quot;$date&quot;:&quot;0001-01-01T00:00:00+00:00&quot;}},0001-01-01T00:00:00+00:00)" storage="c:\repos\nucleus\net.libs\framework\eliassen.system.tests\bin\release\net8.0\eliassen.system.tests.dll" id="256bd52f-eccc-f32c-0e34-b0f4b03b83cc" xmlns="http://microsoft.com/schemas/VisualStudio/TeamTest/2010">
      <TestCategory>
        <TestCategoryItem TestCategory="Unit" />
      </TestCategory>
      <Execution id="be1e116e-8292-44ae-8a40-4025650dffd8" />
      <TestMethod codeBase="c:\Repos\Nucleus\Net.Libs\Framework\Eliassen.System.Tests\bin\Release\net8.0\Eliassen.System.Tests.dll" adapterTypeName="executor://mstestadapter/v2" className="Eliassen.System.Tests.Text.Json.BsonDateConverterTests" name="DeserializeTest_Value" />
    </UnitTest>
    <UnitTest name="ToEnumTest (name,WithEnumValue)" storage="c:\repos\nucleus\net.libs\framework\eliassen.system.tests\bin\release\net8.0\eliassen.system.tests.dll" id="84a71d2d-ba2d-93f8-5034-8f6c197225a9" xmlns="http://microsoft.com/schemas/VisualStudio/TeamTest/2010">
      <TestCategory>
        <TestCategoryItem TestCategory="Unit" />
      </TestCategory>
      <Execution id="e9f8bb44-a802-4273-90be-68f60cc17dff" />
      <TestMethod codeBase="c:\Repos\Nucleus\Net.Libs\Framework\Eliassen.System.Tests\bin\Release\net8.0\Eliassen.System.Tests.dll" adapterTypeName="executor://mstestadapter/v2" className="Eliassen.System.Tests.Reflection.EnumExtensionsTests" name="ToEnumTest" />
    </UnitTest>
    <UnitTest name="DeserializeTest_Nullable ({&quot;Nullable&quot;:null,&quot;Value&quot;:{&quot;$date&quot;:&quot;2023-07-05T14:17:05.2315812-04:00&quot;}},)" storage="c:\repos\nucleus\net.libs\framework\eliassen.system.tests\bin\release\net8.0\eliassen.system.tests.dll" id="0ce23f0f-8bc9-01fa-938b-d8a470ad42da" xmlns="http://microsoft.com/schemas/VisualStudio/TeamTest/2010">
      <TestCategory>
        <TestCategoryItem TestCategory="Unit" />
      </TestCategory>
      <Execution id="5288ea6c-b2c9-461c-b72e-fb7857e14819" />
      <TestMethod codeBase="c:\Repos\Nucleus\Net.Libs\Framework\Eliassen.System.Tests\bin\Release\net8.0\Eliassen.System.Tests.dll" adapterTypeName="executor://mstestadapter/v2" className="Eliassen.System.Tests.Text.Json.BsonDateConverterTests" name="DeserializeTest_Nullable" />
    </UnitTest>
    <UnitTest name="AsModelsTest2" storage="c:\repos\nucleus\net.libs\framework\eliassen.system.tests\bin\release\net8.0\eliassen.system.tests.dll" id="870b9428-08e8-f91f-14b9-7fcf33dc2d0f" xmlns="http://microsoft.com/schemas/VisualStudio/TeamTest/2010">
      <TestCategory>
        <TestCategoryItem TestCategory="Unit" />
      </TestCategory>
      <Execution id="bd8fba6a-21e5-4c7c-9549-0c85a9c43f93" />
      <TestMethod codeBase="c:\Repos\Nucleus\Net.Libs\Framework\Eliassen.System.Tests\bin\Release\net8.0\Eliassen.System.Tests.dll" adapterTypeName="executor://mstestadapter/v2" className="Eliassen.System.Tests.Reflection.EnumExtensionsTests" name="AsModelsTest2" />
    </UnitTest>
    <UnitTest name="ToEnumTest (2,Val2)" storage="c:\repos\nucleus\net.libs\framework\eliassen.system.tests\bin\release\net8.0\eliassen.system.tests.dll" id="207e4065-88b5-ba27-1f76-4d0f0a098cde" xmlns="http://microsoft.com/schemas/VisualStudio/TeamTest/2010">
      <TestCategory>
        <TestCategoryItem TestCategory="Unit" />
      </TestCategory>
      <Execution id="803aae46-c639-4eae-9660-5080d08fc69a" />
      <TestMethod codeBase="c:\Repos\Nucleus\Net.Libs\Framework\Eliassen.System.Tests\bin\Release\net8.0\Eliassen.System.Tests.dll" adapterTypeName="executor://mstestadapter/v2" className="Eliassen.System.Tests.Reflection.EnumExtensionsTests" name="ToEnumTest" />
    </UnitTest>
    <UnitTest name="ExecuteByTest_Sort (NAME,Descending,999,998,997,996,995,994,993,992,991,990)" storage="c:\repos\nucleus\net.libs\framework\eliassen.system.tests\bin\release\net8.0\eliassen.system.tests.dll" id="97a142d5-b0a9-d9bf-03a6-736e4df75106" xmlns="http://microsoft.com/schemas/VisualStudio/TeamTest/2010">
      <TestCategory>
        <TestCategoryItem TestCategory="Unit" />
      </TestCategory>
      <Execution id="96ad9532-f80d-4940-89f7-ae4df20af570" />
      <TestMethod codeBase="c:\Repos\Nucleus\Net.Libs\Framework\Eliassen.System.Tests\bin\Release\net8.0\Eliassen.System.Tests.dll" adapterTypeName="executor://mstestadapter/v2" className="Eliassen.System.Tests.Linq.QueryableExtensionsTests" name="ExecuteByTest_Sort" />
    </UnitTest>
    <UnitTest name="DefaultPageSizeTest" storage="c:\repos\nucleus\net.libs\framework\eliassen.system.tests\bin\release\net8.0\eliassen.system.tests.dll" id="7cdd2ae3-f105-0db6-4f1d-4db0ed6728a3" xmlns="http://microsoft.com/schemas/VisualStudio/TeamTest/2010">
      <TestCategory>
        <TestCategoryItem TestCategory="Unit" />
      </TestCategory>
      <Execution id="831e47e5-cef5-46df-8f9b-1f4e9dff59f9" />
      <TestMethod codeBase="c:\Repos\Nucleus\Net.Libs\Framework\Eliassen.System.Tests\bin\Release\net8.0\Eliassen.System.Tests.dll" adapterTypeName="executor://mstestadapter/v2" className="Eliassen.System.Tests.Linq.QueryableExtensionsTests" name="DefaultPageSizeTest" />
    </UnitTest>
    <UnitTest name="GetSortablePropertyNamesTest_TestTarget3Model" storage="c:\repos\nucleus\net.libs\framework\eliassen.system.tests\bin\release\net8.0\eliassen.system.tests.dll" id="53c31e49-be7f-689b-3cd7-03a9033ae78d" xmlns="http://microsoft.com/schemas/VisualStudio/TeamTest/2010">
      <TestCategory>
        <TestCategoryItem TestCategory="Unit" />
      </TestCategory>
      <Execution id="5c706bae-051f-4a0a-987e-58dc831a3350" />
      <TestMethod codeBase="c:\Repos\Nucleus\Net.Libs\Framework\Eliassen.System.Tests\bin\Release\net8.0\Eliassen.System.Tests.dll" adapterTypeName="executor://mstestadapter/v2" className="Eliassen.System.Tests.Linq.Expressions.ExpressionTreeBuilderTests" name="GetSortablePropertyNamesTest_TestTarget3Model" />
    </UnitTest>
    <UnitTest name="MakeSafeArrayTest" storage="c:\repos\nucleus\net.libs\framework\eliassen.system.tests\bin\release\net8.0\eliassen.system.tests.dll" id="2f56b32e-ea97-c552-8dea-074dcb4e0dc0" xmlns="http://microsoft.com/schemas/VisualStudio/TeamTest/2010">
      <TestCategory>
        <TestCategoryItem TestCategory="Unit" />
      </TestCategory>
      <Execution id="e4010d2f-365e-4d4d-a332-f3a61adf4171" />
      <TestMethod codeBase="c:\Repos\Nucleus\Net.Libs\Framework\Eliassen.System.Tests\bin\Release\net8.0\Eliassen.System.Tests.dll" adapterTypeName="executor://mstestadapter/v2" className="Eliassen.System.Tests.Reflection.ReflectionExtensionsTests" name="MakeSafeArrayTest" />
    </UnitTest>
    <UnitTest name="VisitTest_EqualOperator (Hello,hello,True)" storage="c:\repos\nucleus\net.libs\framework\eliassen.system.tests\bin\release\net8.0\eliassen.system.tests.dll" id="61f88788-2c55-84c0-718f-430b9d9da684" xmlns="http://microsoft.com/schemas/VisualStudio/TeamTest/2010">
      <TestCategory>
        <TestCategoryItem TestCategory="Unit" />
      </TestCategory>
      <Execution id="4bbacbaa-c871-470e-a9cf-751cd62c3a24" />
      <TestMethod codeBase="c:\Repos\Nucleus\Net.Libs\Framework\Eliassen.System.Tests\bin\Release\net8.0\Eliassen.System.Tests.dll" adapterTypeName="executor://mstestadapter/v2" className="Eliassen.System.Tests.Linq.Expressions.StringComparisonReplacementExpressionVisitorTests" name="VisitTest_EqualOperator" />
    </UnitTest>
    <UnitTest name="GetResourceFromXmlAsyncTest" storage="c:\repos\nucleus\net.libs\framework\eliassen.system.tests\bin\release\net8.0\eliassen.system.tests.dll" id="3dc461cc-f900-b7f4-a669-e9cf3ad5e21f" xmlns="http://microsoft.com/schemas/VisualStudio/TeamTest/2010">
      <TestCategory>
        <TestCategoryItem TestCategory="Unit" />
      </TestCategory>
      <Execution id="11dc870a-a7be-4bcf-8534-7bb674b65bc8" />
      <TestMethod codeBase="c:\Repos\Nucleus\Net.Libs\Framework\Eliassen.System.Tests\bin\Release\net8.0\Eliassen.System.Tests.dll" adapterTypeName="executor://mstestadapter/v2" className="Eliassen.System.Tests.Reflection.ResourceExtensionsTests" name="GetResourceFromXmlAsyncTest" />
    </UnitTest>
    <UnitTest name="VisitTest_Equals (Hello,HELLO,True)" storage="c:\repos\nucleus\net.libs\framework\eliassen.system.tests\bin\release\net8.0\eliassen.system.tests.dll" id="cde968fd-b220-e483-e127-75958f75b2b3" xmlns="http://microsoft.com/schemas/VisualStudio/TeamTest/2010">
      <TestCategory>
        <TestCategoryItem TestCategory="Unit" />
      </TestCategory>
      <Execution id="473c5449-bb46-4ccc-912f-88a742ac901a" />
      <TestMethod codeBase="c:\Repos\Nucleus\Net.Libs\Framework\Eliassen.System.Tests\bin\Release\net8.0\Eliassen.System.Tests.dll" adapterTypeName="executor://mstestadapter/v2" className="Eliassen.System.Tests.Linq.Expressions.StringComparisonReplacementExpressionVisitorTests" name="VisitTest_Equals" />
    </UnitTest>
    <UnitTest name="VisitTest_EndsWith (Hello,LO,True)" storage="c:\repos\nucleus\net.libs\framework\eliassen.system.tests\bin\release\net8.0\eliassen.system.tests.dll" id="5b534773-a7de-3872-277f-efb65d408d74" xmlns="http://microsoft.com/schemas/VisualStudio/TeamTest/2010">
      <TestCategory>
        <TestCategoryItem TestCategory="Unit" />
      </TestCategory>
      <Execution id="d61c6be8-851c-4182-9503-57ea5cc83572" />
      <TestMethod codeBase="c:\Repos\Nucleus\Net.Libs\Framework\Eliassen.System.Tests\bin\Release\net8.0\Eliassen.System.Tests.dll" adapterTypeName="executor://mstestadapter/v2" className="Eliassen.System.Tests.Linq.Expressions.StringComparisonReplacementExpressionVisitorTests" name="VisitTest_EndsWith" />
    </UnitTest>
    <UnitTest name="GetResourceStreamTest_NotFound" storage="c:\repos\nucleus\net.libs\framework\eliassen.system.tests\bin\release\net8.0\eliassen.system.tests.dll" id="9576cb6d-ffa5-4a23-9c7a-c5c6b213d46b" xmlns="http://microsoft.com/schemas/VisualStudio/TeamTest/2010">
      <TestCategory>
        <TestCategoryItem TestCategory="Unit" />
      </TestCategory>
      <Execution id="42c664c6-f94a-4210-bb7c-9fc7124ad9eb" />
      <TestMethod codeBase="c:\Repos\Nucleus\Net.Libs\Framework\Eliassen.System.Tests\bin\Release\net8.0\Eliassen.System.Tests.dll" adapterTypeName="executor://mstestadapter/v2" className="Eliassen.System.Tests.Reflection.ResourceExtensionsTests" name="GetResourceStreamTest_NotFound" />
    </UnitTest>
    <UnitTest name="GetSearchablePropertyNames_TestTarget3Model" storage="c:\repos\nucleus\net.libs\framework\eliassen.system.tests\bin\release\net8.0\eliassen.system.tests.dll" id="94eba969-c82f-9e81-1248-494bdd4f32c8" xmlns="http://microsoft.com/schemas/VisualStudio/TeamTest/2010">
      <TestCategory>
        <TestCategoryItem TestCategory="Unit" />
      </TestCategory>
      <Execution id="71c1a87a-1271-4791-8e85-c02435f01d18" />
      <TestMethod codeBase="c:\Repos\Nucleus\Net.Libs\Framework\Eliassen.System.Tests\bin\Release\net8.0\Eliassen.System.Tests.dll" adapterTypeName="executor://mstestadapter/v2" className="Eliassen.System.Tests.Linq.Expressions.ExpressionTreeBuilderTests" name="GetSearchablePropertyNames_TestTarget3Model" />
    </UnitTest>
    <UnitTest name="GetResourceFromJsonAsyncTest" storage="c:\repos\nucleus\net.libs\framework\eliassen.system.tests\bin\release\net8.0\eliassen.system.tests.dll" id="f664882a-a952-a76f-bc8f-fcf0578ff20f" xmlns="http://microsoft.com/schemas/VisualStudio/TeamTest/2010">
      <TestCategory>
        <TestCategoryItem TestCategory="Unit" />
      </TestCategory>
      <Execution id="b8980724-1267-4852-ad35-36b43bf00c03" />
      <TestMethod codeBase="c:\Repos\Nucleus\Net.Libs\Framework\Eliassen.System.Tests\bin\Release\net8.0\Eliassen.System.Tests.dll" adapterTypeName="executor://mstestadapter/v2" className="Eliassen.System.Tests.Reflection.ResourceExtensionsTests" name="GetResourceFromJsonAsyncTest" />
    </UnitTest>
    <UnitTest name="GetResourceStreamTest" storage="c:\repos\nucleus\net.libs\framework\eliassen.system.tests\bin\release\net8.0\eliassen.system.tests.dll" id="5745a05f-6078-14a6-d124-e23b5e51504a" xmlns="http://microsoft.com/schemas/VisualStudio/TeamTest/2010">
      <TestCategory>
        <TestCategoryItem TestCategory="Unit" />
      </TestCategory>
      <Execution id="1b450623-8c69-4534-908d-c9a3c05ec406" />
      <TestMethod codeBase="c:\Repos\Nucleus\Net.Libs\Framework\Eliassen.System.Tests\bin\Release\net8.0\Eliassen.System.Tests.dll" adapterTypeName="executor://mstestadapter/v2" className="Eliassen.System.Tests.Reflection.ResourceExtensionsTests" name="GetResourceStreamTest" />
    </UnitTest>
    <UnitTest name="GetSortablePropertyNamesTest_TestTargetModel" storage="c:\repos\nucleus\net.libs\framework\eliassen.system.tests\bin\release\net8.0\eliassen.system.tests.dll" id="f90f5d2f-9a6e-b4bc-022c-ce37e3e49a29" xmlns="http://microsoft.com/schemas/VisualStudio/TeamTest/2010">
      <TestCategory>
        <TestCategoryItem TestCategory="Unit" />
      </TestCategory>
      <Execution id="2a3ddc65-2436-4583-b60b-380d1489f85e" />
      <TestMethod codeBase="c:\Repos\Nucleus\Net.Libs\Framework\Eliassen.System.Tests\bin\Release\net8.0\Eliassen.System.Tests.dll" adapterTypeName="executor://mstestadapter/v2" className="Eliassen.System.Tests.Linq.Expressions.ExpressionTreeBuilderTests" name="GetSortablePropertyNamesTest_TestTargetModel" />
    </UnitTest>
    <UnitTest name="ToEnumTest (,)" storage="c:\repos\nucleus\net.libs\framework\eliassen.system.tests\bin\release\net8.0\eliassen.system.tests.dll" id="a29d2822-126a-1900-33c2-f20f68d10c99" xmlns="http://microsoft.com/schemas/VisualStudio/TeamTest/2010">
      <TestCategory>
        <TestCategoryItem TestCategory="Unit" />
      </TestCategory>
      <Execution id="52ebfb2f-3f26-4ad9-9d10-05c4d1f6a57a" />
      <TestMethod codeBase="c:\Repos\Nucleus\Net.Libs\Framework\Eliassen.System.Tests\bin\Release\net8.0\Eliassen.System.Tests.dll" adapterTypeName="executor://mstestadapter/v2" className="Eliassen.System.Tests.Reflection.EnumExtensionsTests" name="ToEnumTest" />
    </UnitTest>
    <UnitTest name="GetSortablePropertyNamesTest_TestTarget2Model" storage="c:\repos\nucleus\net.libs\framework\eliassen.system.tests\bin\release\net8.0\eliassen.system.tests.dll" id="f3dca1bb-5884-67f2-50ab-603f9fbc49dc" xmlns="http://microsoft.com/schemas/VisualStudio/TeamTest/2010">
      <TestCategory>
        <TestCategoryItem TestCategory="Unit" />
      </TestCategory>
      <Execution id="5ec6ddce-afa3-4f17-84bd-9088c26d66bd" />
      <TestMethod codeBase="c:\Repos\Nucleus\Net.Libs\Framework\Eliassen.System.Tests\bin\Release\net8.0\Eliassen.System.Tests.dll" adapterTypeName="executor://mstestadapter/v2" className="Eliassen.System.Tests.Linq.Expressions.ExpressionTreeBuilderTests" name="GetSortablePropertyNamesTest_TestTarget2Model" />
    </UnitTest>
    <UnitTest name="ExecuteByTest_Sort (name,Descending,999,998,997,996,995,994,993,992,991,990)" storage="c:\repos\nucleus\net.libs\framework\eliassen.system.tests\bin\release\net8.0\eliassen.system.tests.dll" id="250659bd-c780-75f8-425e-56948f547d27" xmlns="http://microsoft.com/schemas/VisualStudio/TeamTest/2010">
      <TestCategory>
        <TestCategoryItem TestCategory="Unit" />
      </TestCategory>
      <Execution id="1dc7910b-5c6c-4dca-b8ff-a6e531b7b6a4" />
      <TestMethod codeBase="c:\Repos\Nucleus\Net.Libs\Framework\Eliassen.System.Tests\bin\Release\net8.0\Eliassen.System.Tests.dll" adapterTypeName="executor://mstestadapter/v2" className="Eliassen.System.Tests.Linq.QueryableExtensionsTests" name="ExecuteByTest_Sort" />
    </UnitTest>
    <UnitTest name="VisitTest_Equals (Hello,HeLlO,True)" storage="c:\repos\nucleus\net.libs\framework\eliassen.system.tests\bin\release\net8.0\eliassen.system.tests.dll" id="4ba16b26-1543-65b7-5999-fbd5f1c9af2e" xmlns="http://microsoft.com/schemas/VisualStudio/TeamTest/2010">
      <TestCategory>
        <TestCategoryItem TestCategory="Unit" />
      </TestCategory>
      <Execution id="1067d410-3cf4-4767-8381-e332b6b77252" />
      <TestMethod codeBase="c:\Repos\Nucleus\Net.Libs\Framework\Eliassen.System.Tests\bin\Release\net8.0\Eliassen.System.Tests.dll" adapterTypeName="executor://mstestadapter/v2" className="Eliassen.System.Tests.Linq.Expressions.StringComparisonReplacementExpressionVisitorTests" name="VisitTest_Equals" />
    </UnitTest>
    <UnitTest name="SerializeTest_AnonymousWithStringObjectDictionary" storage="c:\repos\nucleus\net.libs\framework\eliassen.system.tests\bin\release\net8.0\eliassen.system.tests.dll" id="46607e5b-fea6-a0a2-2caf-2abdd0971d6b" xmlns="http://microsoft.com/schemas/VisualStudio/TeamTest/2010">
      <TestCategory>
        <TestCategoryItem TestCategory="Unit" />
      </TestCategory>
      <Execution id="e02bc677-0778-4a2e-af7a-fc6602f2454d" />
      <TestMethod codeBase="c:\Repos\Nucleus\Net.Libs\Framework\Eliassen.System.Tests\bin\Release\net8.0\Eliassen.System.Tests.dll" adapterTypeName="executor://mstestadapter/v2" className="Eliassen.System.Tests.Text.Json.Serialization.DefaultJsonSerializerTests" name="SerializeTest_AnonymousWithStringObjectDictionary" />
    </UnitTest>
    <UnitTest name="GetHash (hello world,uU0nuZNNPgilLlLX2n2r+sSE7+N6U4DukIj3rOLvzek=)" storage="c:\repos\nucleus\net.libs\framework\eliassen.system.tests\bin\release\net8.0\eliassen.system.tests.dll" id="e72dc3eb-3aa5-dc4a-4345-13e88f385e6f" xmlns="http://microsoft.com/schemas/VisualStudio/TeamTest/2010">
      <TestCategory>
        <TestCategoryItem TestCategory="Unit" />
      </TestCategory>
      <Execution id="17bfaf0c-b9cb-4b43-b257-a16bb2cb3aee" />
      <TestMethod codeBase="c:\Repos\Nucleus\Net.Libs\Framework\Eliassen.System.Tests\bin\Release\net8.0\Eliassen.System.Tests.dll" adapterTypeName="executor://mstestadapter/v2" className="Eliassen.System.Tests.Security.Cryptography.Sha256HashTests" name="GetHash" />
    </UnitTest>
    <UnitTest name="DeserializeTest ({&quot;_id&quot;:&quot;Hello World&quot;},Hello World)" storage="c:\repos\nucleus\net.libs\framework\eliassen.system.tests\bin\release\net8.0\eliassen.system.tests.dll" id="079289e4-29ee-2b27-89d5-bd661b7267f1" xmlns="http://microsoft.com/schemas/VisualStudio/TeamTest/2010">
      <TestCategory>
        <TestCategoryItem TestCategory="Unit" />
      </TestCategory>
      <Execution id="5896f1d8-2338-4768-9953-e2f685e8ac70" />
      <TestMethod codeBase="c:\Repos\Nucleus\Net.Libs\Framework\Eliassen.System.Tests\bin\Release\net8.0\Eliassen.System.Tests.dll" adapterTypeName="executor://mstestadapter/v2" className="Eliassen.System.Tests.Text.Json.BsonIdConverterTests" name="DeserializeTest" />
    </UnitTest>
    <UnitTest name="ExecuteByTest_SearchTerm" storage="c:\repos\nucleus\net.libs\framework\eliassen.system.tests\bin\release\net8.0\eliassen.system.tests.dll" id="f5306a38-7e9d-ad71-73c6-1c694342dc21" xmlns="http://microsoft.com/schemas/VisualStudio/TeamTest/2010">
      <TestCategory>
        <TestCategoryItem TestCategory="Unit" />
      </TestCategory>
      <Execution id="7d6da86b-5c0c-47bc-896d-372585a857c2" />
      <TestMethod codeBase="c:\Repos\Nucleus\Net.Libs\Framework\Eliassen.System.Tests\bin\Release\net8.0\Eliassen.System.Tests.dll" adapterTypeName="executor://mstestadapter/v2" className="Eliassen.System.Tests.Linq.QueryableExtensionsTests" name="ExecuteByTest_SearchTerm" />
    </UnitTest>
    <UnitTest name="ToEnumTest (Val2|Val1,Val1, Val2)" storage="c:\repos\nucleus\net.libs\framework\eliassen.system.tests\bin\release\net8.0\eliassen.system.tests.dll" id="0b8f627b-a1c8-6277-6090-2fc13b4051a9" xmlns="http://microsoft.com/schemas/VisualStudio/TeamTest/2010">
      <TestCategory>
        <TestCategoryItem TestCategory="Unit" />
      </TestCategory>
      <Execution id="933992f1-ce09-4c4c-8123-bf2d9c638117" />
      <TestMethod codeBase="c:\Repos\Nucleus\Net.Libs\Framework\Eliassen.System.Tests\bin\Release\net8.0\Eliassen.System.Tests.dll" adapterTypeName="executor://mstestadapter/v2" className="Eliassen.System.Tests.Reflection.EnumExtensionsTests" name="ToEnumTest" />
    </UnitTest>
    <UnitTest name="ExecuteByTest_Page (0,1,1000,1000,0,1,0)" storage="c:\repos\nucleus\net.libs\framework\eliassen.system.tests\bin\release\net8.0\eliassen.system.tests.dll" id="39cb097d-2ac2-473c-1a2c-0b1503361457" xmlns="http://microsoft.com/schemas/VisualStudio/TeamTest/2010">
      <TestCategory>
        <TestCategoryItem TestCategory="Unit" />
      </TestCategory>
      <Execution id="fbd7e5eb-07b6-455f-b2c5-a498d0db7da1" />
      <TestMethod codeBase="c:\Repos\Nucleus\Net.Libs\Framework\Eliassen.System.Tests\bin\Release\net8.0\Eliassen.System.Tests.dll" adapterTypeName="executor://mstestadapter/v2" className="Eliassen.System.Tests.Linq.QueryableExtensionsTests" name="ExecuteByTest_Page" />
    </UnitTest>
    <UnitTest name="ToEnumTest (0,Val0)" storage="c:\repos\nucleus\net.libs\framework\eliassen.system.tests\bin\release\net8.0\eliassen.system.tests.dll" id="2ae6c352-791a-5a0c-8cef-9e8ca7a29354" xmlns="http://microsoft.com/schemas/VisualStudio/TeamTest/2010">
      <TestCategory>
        <TestCategoryItem TestCategory="Unit" />
      </TestCategory>
      <Execution id="9b7d69c5-7891-42d7-a031-f82e37fca1c0" />
      <TestMethod codeBase="c:\Repos\Nucleus\Net.Libs\Framework\Eliassen.System.Tests\bin\Release\net8.0\Eliassen.System.Tests.dll" adapterTypeName="executor://mstestadapter/v2" className="Eliassen.System.Tests.Reflection.EnumExtensionsTests" name="ToEnumTest" />
    </UnitTest>
    <UnitTest name="ToEnumTest (Val1,Val1)" storage="c:\repos\nucleus\net.libs\framework\eliassen.system.tests\bin\release\net8.0\eliassen.system.tests.dll" id="8e643e26-fbd5-ae99-4a9a-d26e4648cd65" xmlns="http://microsoft.com/schemas/VisualStudio/TeamTest/2010">
      <TestCategory>
        <TestCategoryItem TestCategory="Unit" />
      </TestCategory>
      <Execution id="4a867966-5e3a-4980-a46c-5e36802547ad" />
      <TestMethod codeBase="c:\Repos\Nucleus\Net.Libs\Framework\Eliassen.System.Tests\bin\Release\net8.0\Eliassen.System.Tests.dll" adapterTypeName="executor://mstestadapter/v2" className="Eliassen.System.Tests.Reflection.EnumExtensionsTests" name="ToEnumTest" />
    </UnitTest>
    <UnitTest name="VisitTest_Equals (Hello,hello,False)" storage="c:\repos\nucleus\net.libs\framework\eliassen.system.tests\bin\release\net8.0\eliassen.system.tests.dll" id="78dc4ca6-14d8-0c1a-ad29-6d2f53293760" xmlns="http://microsoft.com/schemas/VisualStudio/TeamTest/2010">
      <TestCategory>
        <TestCategoryItem TestCategory="Unit" />
      </TestCategory>
      <Execution id="50001541-87e5-4b7a-8a11-c8085e316beb" />
      <TestMethod codeBase="c:\Repos\Nucleus\Net.Libs\Framework\Eliassen.System.Tests\bin\Release\net8.0\Eliassen.System.Tests.dll" adapterTypeName="executor://mstestadapter/v2" className="Eliassen.System.Tests.Linq.Expressions.SkipInstanceMethodOnNullExpressionVisitorTests" name="VisitTest_Equals" />
    </UnitTest>
    <UnitTest name="GetHash (Hello World!,f4OxZX/x/FO5LcGBSKHWXfwtSx+j1ncoSt3SABJtkGk=)" storage="c:\repos\nucleus\net.libs\framework\eliassen.system.tests\bin\release\net8.0\eliassen.system.tests.dll" id="4bae6e3b-0e6b-3eea-a810-61843449ebf1" xmlns="http://microsoft.com/schemas/VisualStudio/TeamTest/2010">
      <TestCategory>
        <TestCategoryItem TestCategory="Unit" />
      </TestCategory>
      <Execution id="50de0c69-5352-4d68-84f2-c276bb88afbd" />
      <TestMethod codeBase="c:\Repos\Nucleus\Net.Libs\Framework\Eliassen.System.Tests\bin\Release\net8.0\Eliassen.System.Tests.dll" adapterTypeName="executor://mstestadapter/v2" className="Eliassen.System.Tests.Security.Cryptography.Sha256HashTests" name="GetHash" />
    </UnitTest>
    <UnitTest name="ExecuteByTest_Filter_Range_Bounds" storage="c:\repos\nucleus\net.libs\framework\eliassen.system.tests\bin\release\net8.0\eliassen.system.tests.dll" id="b8ce6298-5288-a9c6-3afb-62b35d380a81" xmlns="http://microsoft.com/schemas/VisualStudio/TeamTest/2010">
      <TestCategory>
        <TestCategoryItem TestCategory="Unit" />
      </TestCategory>
      <Execution id="29c1a60c-72b5-422e-8c20-350befb04bcb" />
      <TestMethod codeBase="c:\Repos\Nucleus\Net.Libs\Framework\Eliassen.System.Tests\bin\Release\net8.0\Eliassen.System.Tests.dll" adapterTypeName="executor://mstestadapter/v2" className="Eliassen.System.Tests.Linq.QueryableExtensionsTests" name="ExecuteByTest_Filter_Range_Bounds" />
    </UnitTest>
    <UnitTest name="ToEnumTest (test name,WithDisplay)" storage="c:\repos\nucleus\net.libs\framework\eliassen.system.tests\bin\release\net8.0\eliassen.system.tests.dll" id="ce6510cf-36c8-726a-19a1-61fee8813205" xmlns="http://microsoft.com/schemas/VisualStudio/TeamTest/2010">
      <TestCategory>
        <TestCategoryItem TestCategory="Unit" />
      </TestCategory>
      <Execution id="b8f41861-5f9c-486b-9950-2739bac90da8" />
      <TestMethod codeBase="c:\Repos\Nucleus\Net.Libs\Framework\Eliassen.System.Tests\bin\Release\net8.0\Eliassen.System.Tests.dll" adapterTypeName="executor://mstestadapter/v2" className="Eliassen.System.Tests.Reflection.EnumExtensionsTests" name="ToEnumTest" />
    </UnitTest>
    <UnitTest name="ExecuteByTest_Sort (Name,Descending,999,998,997,996,995,994,993,992,991,990)" storage="c:\repos\nucleus\net.libs\framework\eliassen.system.tests\bin\release\net8.0\eliassen.system.tests.dll" id="ddf9cd7e-758c-d704-01a7-8f705631b98b" xmlns="http://microsoft.com/schemas/VisualStudio/TeamTest/2010">
      <TestCategory>
        <TestCategoryItem TestCategory="Unit" />
      </TestCategory>
      <Execution id="22ce8182-626b-4f87-b1f5-87f796895296" />
      <TestMethod codeBase="c:\Repos\Nucleus\Net.Libs\Framework\Eliassen.System.Tests\bin\Release\net8.0\Eliassen.System.Tests.dll" adapterTypeName="executor://mstestadapter/v2" className="Eliassen.System.Tests.Linq.QueryableExtensionsTests" name="ExecuteByTest_Sort" />
    </UnitTest>
    <UnitTest name="ToEnumTest (Val2 ,Val1,Val1, Val2)" storage="c:\repos\nucleus\net.libs\framework\eliassen.system.tests\bin\release\net8.0\eliassen.system.tests.dll" id="d30c3925-6041-dd0b-2a02-37144f03e811" xmlns="http://microsoft.com/schemas/VisualStudio/TeamTest/2010">
      <TestCategory>
        <TestCategoryItem TestCategory="Unit" />
      </TestCategory>
      <Execution id="5602ea70-adac-4e47-9a02-9404861e8abc" />
      <TestMethod codeBase="c:\Repos\Nucleus\Net.Libs\Framework\Eliassen.System.Tests\bin\Release\net8.0\Eliassen.System.Tests.dll" adapterTypeName="executor://mstestadapter/v2" className="Eliassen.System.Tests.Reflection.EnumExtensionsTests" name="ToEnumTest" />
    </UnitTest>
    <UnitTest name="GetSearchablePropertyNames_TestTarget2Model" storage="c:\repos\nucleus\net.libs\framework\eliassen.system.tests\bin\release\net8.0\eliassen.system.tests.dll" id="7a9a1822-3db2-a438-faf7-05813fd14fc1" xmlns="http://microsoft.com/schemas/VisualStudio/TeamTest/2010">
      <TestCategory>
        <TestCategoryItem TestCategory="Unit" />
      </TestCategory>
      <Execution id="80ffefa1-36cb-4dc8-b31f-3af6165b1a26" />
      <TestMethod codeBase="c:\Repos\Nucleus\Net.Libs\Framework\Eliassen.System.Tests\bin\Release\net8.0\Eliassen.System.Tests.dll" adapterTypeName="executor://mstestadapter/v2" className="Eliassen.System.Tests.Linq.Expressions.ExpressionTreeBuilderTests" name="GetSearchablePropertyNames_TestTarget2Model" />
    </UnitTest>
    <UnitTest name="ToEnumTest (no data,)" storage="c:\repos\nucleus\net.libs\framework\eliassen.system.tests\bin\release\net8.0\eliassen.system.tests.dll" id="565e6ddc-fd0f-5db8-1ac5-68872b2812d2" xmlns="http://microsoft.com/schemas/VisualStudio/TeamTest/2010">
      <TestCategory>
        <TestCategoryItem TestCategory="Unit" />
      </TestCategory>
      <Execution id="5c9090ca-a5c3-495d-b953-4c60977a8263" />
      <TestMethod codeBase="c:\Repos\Nucleus\Net.Libs\Framework\Eliassen.System.Tests\bin\Release\net8.0\Eliassen.System.Tests.dll" adapterTypeName="executor://mstestadapter/v2" className="Eliassen.System.Tests.Reflection.EnumExtensionsTests" name="ToEnumTest" />
    </UnitTest>
    <UnitTest name="VisitTest_Contains (Hello,eL,True)" storage="c:\repos\nucleus\net.libs\framework\eliassen.system.tests\bin\release\net8.0\eliassen.system.tests.dll" id="ab0f8867-b8d1-22b7-3b78-2eab4da93098" xmlns="http://microsoft.com/schemas/VisualStudio/TeamTest/2010">
      <TestCategory>
        <TestCategoryItem TestCategory="Unit" />
      </TestCategory>
      <Execution id="a16d258c-9569-4730-9488-e14c2bc39e06" />
      <TestMethod codeBase="c:\Repos\Nucleus\Net.Libs\Framework\Eliassen.System.Tests\bin\Release\net8.0\Eliassen.System.Tests.dll" adapterTypeName="executor://mstestadapter/v2" className="Eliassen.System.Tests.Linq.Expressions.StringComparisonReplacementExpressionVisitorTests" name="VisitTest_Contains" />
    </UnitTest>
    <UnitTest name="DeserializeTest ({&quot;_id&quot;:{&quot;$oid&quot;:&quot;Hello World&quot;}},Hello World)" storage="c:\repos\nucleus\net.libs\framework\eliassen.system.tests\bin\release\net8.0\eliassen.system.tests.dll" id="312eaabc-9879-8ba5-fb15-63928cd6660e" xmlns="http://microsoft.com/schemas/VisualStudio/TeamTest/2010">
      <TestCategory>
        <TestCategoryItem TestCategory="Unit" />
      </TestCategory>
      <Execution id="e77f83e4-37b4-4c14-97c5-6b99ca5b2d27" />
      <TestMethod codeBase="c:\Repos\Nucleus\Net.Libs\Framework\Eliassen.System.Tests\bin\Release\net8.0\Eliassen.System.Tests.dll" adapterTypeName="executor://mstestadapter/v2" className="Eliassen.System.Tests.Text.Json.BsonIdConverterTests" name="DeserializeTest" />
    </UnitTest>
    <UnitTest name="ToEnumTest (1,Val1)" storage="c:\repos\nucleus\net.libs\framework\eliassen.system.tests\bin\release\net8.0\eliassen.system.tests.dll" id="d5c2d09d-d5bb-c30c-e877-f0810b3cd681" xmlns="http://microsoft.com/schemas/VisualStudio/TeamTest/2010">
      <TestCategory>
        <TestCategoryItem TestCategory="Unit" />
      </TestCategory>
      <Execution id="13bc0757-e442-409b-b135-3c7718235c01" />
      <TestMethod codeBase="c:\Repos\Nucleus\Net.Libs\Framework\Eliassen.System.Tests\bin\Release\net8.0\Eliassen.System.Tests.dll" adapterTypeName="executor://mstestadapter/v2" className="Eliassen.System.Tests.Reflection.EnumExtensionsTests" name="ToEnumTest" />
    </UnitTest>
    <UnitTest name="VisitTest_Equals (,,False)" storage="c:\repos\nucleus\net.libs\framework\eliassen.system.tests\bin\release\net8.0\eliassen.system.tests.dll" id="732c5a4d-db4b-042b-cb1a-6907849de0ac" xmlns="http://microsoft.com/schemas/VisualStudio/TeamTest/2010">
      <TestCategory>
        <TestCategoryItem TestCategory="Unit" />
      </TestCategory>
      <Execution id="b24ae460-7646-48e2-95e6-7b6b459d438a" />
      <TestMethod codeBase="c:\Repos\Nucleus\Net.Libs\Framework\Eliassen.System.Tests\bin\Release\net8.0\Eliassen.System.Tests.dll" adapterTypeName="executor://mstestadapter/v2" className="Eliassen.System.Tests.Linq.Expressions.SkipInstanceMethodOnNullExpressionVisitorTests" name="VisitTest_Equals" />
    </UnitTest>
    <UnitTest name="GetResourceFromXmlTest" storage="c:\repos\nucleus\net.libs\framework\eliassen.system.tests\bin\release\net8.0\eliassen.system.tests.dll" id="8ef63a3f-2208-ac88-5a22-493d4beeaeda" xmlns="http://microsoft.com/schemas/VisualStudio/TeamTest/2010">
      <TestCategory>
        <TestCategoryItem TestCategory="Unit" />
      </TestCategory>
      <Execution id="3d0fc469-59a6-4c33-91fd-4227d7609892" />
      <TestMethod codeBase="c:\Repos\Nucleus\Net.Libs\Framework\Eliassen.System.Tests\bin\Release\net8.0\Eliassen.System.Tests.dll" adapterTypeName="executor://mstestadapter/v2" className="Eliassen.System.Tests.Reflection.ResourceExtensionsTests" name="GetResourceFromXmlTest" />
    </UnitTest>
    <UnitTest name="DeserializeTest_Nullable ({&quot;Nullable&quot;:{&quot;$date&quot;:&quot;2023-07-05T14:16:32.2015217-04:00&quot;},&quot;Value&quot;:{&quot;$date&quot;:&quot;0001-01-01T00:00:00+00:00&quot;}},2023-07-05T14:16:32.2015217-04:00)" storage="c:\repos\nucleus\net.libs\framework\eliassen.system.tests\bin\release\net8.0\eliassen.system.tests.dll" id="926b3157-bee3-3ace-b6de-f2a9df622c6d" xmlns="http://microsoft.com/schemas/VisualStudio/TeamTest/2010">
      <TestCategory>
        <TestCategoryItem TestCategory="Unit" />
      </TestCategory>
      <Execution id="94328f1a-665a-4c6d-a648-dbf5f7ebfdbe" />
      <TestMethod codeBase="c:\Repos\Nucleus\Net.Libs\Framework\Eliassen.System.Tests\bin\Release\net8.0\Eliassen.System.Tests.dll" adapterTypeName="executor://mstestadapter/v2" className="Eliassen.System.Tests.Text.Json.BsonDateConverterTests" name="DeserializeTest_Nullable" />
    </UnitTest>
    <UnitTest name="VisitTest_EndsWith (Hello,Lo,True)" storage="c:\repos\nucleus\net.libs\framework\eliassen.system.tests\bin\release\net8.0\eliassen.system.tests.dll" id="d8d8a1a1-adc8-f6f3-d3ba-c826da19378d" xmlns="http://microsoft.com/schemas/VisualStudio/TeamTest/2010">
      <TestCategory>
        <TestCategoryItem TestCategory="Unit" />
      </TestCategory>
      <Execution id="d0f04b3b-7ec7-49b0-b752-7431a0f3dc95" />
      <TestMethod codeBase="c:\Repos\Nucleus\Net.Libs\Framework\Eliassen.System.Tests\bin\Release\net8.0\Eliassen.System.Tests.dll" adapterTypeName="executor://mstestadapter/v2" className="Eliassen.System.Tests.Linq.Expressions.StringComparisonReplacementExpressionVisitorTests" name="VisitTest_EndsWith" />
    </UnitTest>
    <UnitTest name="GetResourceFromJsonTest" storage="c:\repos\nucleus\net.libs\framework\eliassen.system.tests\bin\release\net8.0\eliassen.system.tests.dll" id="65b4a990-8424-f23f-9b61-155855edf172" xmlns="http://microsoft.com/schemas/VisualStudio/TeamTest/2010">
      <TestCategory>
        <TestCategoryItem TestCategory="Unit" />
      </TestCategory>
      <Execution id="75842805-350d-4cfe-8754-4f3084c2b32a" />
      <TestMethod codeBase="c:\Repos\Nucleus\Net.Libs\Framework\Eliassen.System.Tests\bin\Release\net8.0\Eliassen.System.Tests.dll" adapterTypeName="executor://mstestadapter/v2" className="Eliassen.System.Tests.Reflection.ResourceExtensionsTests" name="GetResourceFromJsonTest" />
    </UnitTest>
    <UnitTest name="VisitTest_Contains (Hello,el,True)" storage="c:\repos\nucleus\net.libs\framework\eliassen.system.tests\bin\release\net8.0\eliassen.system.tests.dll" id="e9eca43c-a0f8-d234-3538-2b7d4b198f04" xmlns="http://microsoft.com/schemas/VisualStudio/TeamTest/2010">
      <TestCategory>
        <TestCategoryItem TestCategory="Unit" />
      </TestCategory>
      <Execution id="d7336fbc-27c3-4b22-b64e-647bb60db9e4" />
      <TestMethod codeBase="c:\Repos\Nucleus\Net.Libs\Framework\Eliassen.System.Tests\bin\Release\net8.0\Eliassen.System.Tests.dll" adapterTypeName="executor://mstestadapter/v2" className="Eliassen.System.Tests.Linq.Expressions.StringComparisonReplacementExpressionVisitorTests" name="VisitTest_Contains" />
    </UnitTest>
    <UnitTest name="VisitTest_Equals (Hello,,False)" storage="c:\repos\nucleus\net.libs\framework\eliassen.system.tests\bin\release\net8.0\eliassen.system.tests.dll" id="47e6ed14-b917-99ad-5b18-0068efac17a3" xmlns="http://microsoft.com/schemas/VisualStudio/TeamTest/2010">
      <TestCategory>
        <TestCategoryItem TestCategory="Unit" />
      </TestCategory>
      <Execution id="ce85a614-8c7d-4068-a91c-005dd9084834" />
      <TestMethod codeBase="c:\Repos\Nucleus\Net.Libs\Framework\Eliassen.System.Tests\bin\Release\net8.0\Eliassen.System.Tests.dll" adapterTypeName="executor://mstestadapter/v2" className="Eliassen.System.Tests.Linq.Expressions.SkipInstanceMethodOnNullExpressionVisitorTests" name="VisitTest_Equals" />
    </UnitTest>
    <UnitTest name="SerializeTest_Nullable" storage="c:\repos\nucleus\net.libs\framework\eliassen.system.tests\bin\release\net8.0\eliassen.system.tests.dll" id="c07bd30b-1999-489c-e66f-17f7d59077a7" xmlns="http://microsoft.com/schemas/VisualStudio/TeamTest/2010">
      <TestCategory>
        <TestCategoryItem TestCategory="Unit" />
      </TestCategory>
      <Execution id="2afa3f1f-d71e-41b7-8dec-addfdad6f082" />
      <TestMethod codeBase="c:\Repos\Nucleus\Net.Libs\Framework\Eliassen.System.Tests\bin\Release\net8.0\Eliassen.System.Tests.dll" adapterTypeName="executor://mstestadapter/v2" className="Eliassen.System.Tests.Text.Json.BsonDateConverterTests" name="SerializeTest_Nullable" />
    </UnitTest>
    <UnitTest name="SerializeTest" storage="c:\repos\nucleus\net.libs\framework\eliassen.system.tests\bin\release\net8.0\eliassen.system.tests.dll" id="83cb0395-740b-4b48-1b9a-9d0379b2c4b0" xmlns="http://microsoft.com/schemas/VisualStudio/TeamTest/2010">
      <TestCategory>
        <TestCategoryItem TestCategory="Unit" />
      </TestCategory>
      <Execution id="2a6a05e5-df46-4c94-b99f-64494394296d" />
      <TestMethod codeBase="c:\Repos\Nucleus\Net.Libs\Framework\Eliassen.System.Tests\bin\Release\net8.0\Eliassen.System.Tests.dll" adapterTypeName="executor://mstestadapter/v2" className="Eliassen.System.Tests.Text.Json.BsonIdConverterTests" name="SerializeTest" />
    </UnitTest>
    <UnitTest name="ToEnumTest (test short,WithDisplay)" storage="c:\repos\nucleus\net.libs\framework\eliassen.system.tests\bin\release\net8.0\eliassen.system.tests.dll" id="8667c664-2408-3d94-53dd-862b8bb2405a" xmlns="http://microsoft.com/schemas/VisualStudio/TeamTest/2010">
      <TestCategory>
        <TestCategoryItem TestCategory="Unit" />
      </TestCategory>
      <Execution id="ad59a171-928f-4423-8ac4-7a6dc695e6d3" />
      <TestMethod codeBase="c:\Repos\Nucleus\Net.Libs\Framework\Eliassen.System.Tests\bin\Release\net8.0\Eliassen.System.Tests.dll" adapterTypeName="executor://mstestadapter/v2" className="Eliassen.System.Tests.Reflection.EnumExtensionsTests" name="ToEnumTest" />
    </UnitTest>
    <UnitTest name="ToEnumTest (4,WithEnumValue)" storage="c:\repos\nucleus\net.libs\framework\eliassen.system.tests\bin\release\net8.0\eliassen.system.tests.dll" id="fb3ba795-c081-9f7b-3da5-2154832c187c" xmlns="http://microsoft.com/schemas/VisualStudio/TeamTest/2010">
      <TestCategory>
        <TestCategoryItem TestCategory="Unit" />
      </TestCategory>
      <Execution id="1b22c3e8-aa12-4b10-ba9a-33d585b0455c" />
      <TestMethod codeBase="c:\Repos\Nucleus\Net.Libs\Framework\Eliassen.System.Tests\bin\Release\net8.0\Eliassen.System.Tests.dll" adapterTypeName="executor://mstestadapter/v2" className="Eliassen.System.Tests.Reflection.EnumExtensionsTests" name="ToEnumTest" />
    </UnitTest>
    <UnitTest name="VisitTest_StartsWith (Hello,he,True)" storage="c:\repos\nucleus\net.libs\framework\eliassen.system.tests\bin\release\net8.0\eliassen.system.tests.dll" id="a324304b-8c70-70d6-1085-fa9cbf413d33" xmlns="http://microsoft.com/schemas/VisualStudio/TeamTest/2010">
      <TestCategory>
        <TestCategoryItem TestCategory="Unit" />
      </TestCategory>
      <Execution id="10aa8878-d207-404b-86a5-9f40c1c29b85" />
      <TestMethod codeBase="c:\Repos\Nucleus\Net.Libs\Framework\Eliassen.System.Tests\bin\Release\net8.0\Eliassen.System.Tests.dll" adapterTypeName="executor://mstestadapter/v2" className="Eliassen.System.Tests.Linq.Expressions.StringComparisonReplacementExpressionVisitorTests" name="VisitTest_StartsWith" />
    </UnitTest>
    <UnitTest name="GetResourceAsStringAsyncTest" storage="c:\repos\nucleus\net.libs\framework\eliassen.system.tests\bin\release\net8.0\eliassen.system.tests.dll" id="c32d9ec7-cf3f-0b90-7da7-80e3553b5fe6" xmlns="http://microsoft.com/schemas/VisualStudio/TeamTest/2010">
      <TestCategory>
        <TestCategoryItem TestCategory="Unit" />
      </TestCategory>
      <Execution id="d6397bcc-fcc2-4f80-9025-8f179731ab99" />
      <TestMethod codeBase="c:\Repos\Nucleus\Net.Libs\Framework\Eliassen.System.Tests\bin\Release\net8.0\Eliassen.System.Tests.dll" adapterTypeName="executor://mstestadapter/v2" className="Eliassen.System.Tests.Reflection.ResourceExtensionsTests" name="GetResourceAsStringAsyncTest" />
    </UnitTest>
    <UnitTest name="VisitTest_EqualOperator (Hello,HELLO,True)" storage="c:\repos\nucleus\net.libs\framework\eliassen.system.tests\bin\release\net8.0\eliassen.system.tests.dll" id="d4b770b3-94e8-d07a-03aa-f3335b9b4c71" xmlns="http://microsoft.com/schemas/VisualStudio/TeamTest/2010">
      <TestCategory>
        <TestCategoryItem TestCategory="Unit" />
      </TestCategory>
      <Execution id="c781df3e-5db9-433e-a718-f77076bddca0" />
      <TestMethod codeBase="c:\Repos\Nucleus\Net.Libs\Framework\Eliassen.System.Tests\bin\Release\net8.0\Eliassen.System.Tests.dll" adapterTypeName="executor://mstestadapter/v2" className="Eliassen.System.Tests.Linq.Expressions.StringComparisonReplacementExpressionVisitorTests" name="VisitTest_EqualOperator" />
    </UnitTest>
    <UnitTest name="ExecuteByTest_Page (1,1,1000,1000,1,1,1)" storage="c:\repos\nucleus\net.libs\framework\eliassen.system.tests\bin\release\net8.0\eliassen.system.tests.dll" id="bfec42cd-394b-907b-c2e0-0b6b8b9584fe" xmlns="http://microsoft.com/schemas/VisualStudio/TeamTest/2010">
      <TestCategory>
        <TestCategoryItem TestCategory="Unit" />
      </TestCategory>
      <Execution id="4e528e14-2d19-4510-9cf8-fdeee285fd5e" />
      <TestMethod codeBase="c:\Repos\Nucleus\Net.Libs\Framework\Eliassen.System.Tests\bin\Release\net8.0\Eliassen.System.Tests.dll" adapterTypeName="executor://mstestadapter/v2" className="Eliassen.System.Tests.Linq.QueryableExtensionsTests" name="ExecuteByTest_Page" />
    </UnitTest>
    <UnitTest name="GetHash (hello world,MJ7MSJwS1utMxA9QyQLytNDtd+5RGnx6m808qG1M2G+YndNbxf9JlnDaNCVbRbDP2DDoH2Bdz33FVC6TrpzXbw==)" storage="c:\repos\nucleus\net.libs\framework\eliassen.system.tests\bin\release\net8.0\eliassen.system.tests.dll" id="f70a4315-fac4-e7d3-3678-874f4359a2e2" xmlns="http://microsoft.com/schemas/VisualStudio/TeamTest/2010">
      <TestCategory>
        <TestCategoryItem TestCategory="Unit" />
      </TestCategory>
      <Execution id="244b1e46-2dbb-48a9-8abd-f51ebd5896ed" />
      <TestMethod codeBase="c:\Repos\Nucleus\Net.Libs\Framework\Eliassen.System.Tests\bin\Release\net8.0\Eliassen.System.Tests.dll" adapterTypeName="executor://mstestadapter/v2" className="Eliassen.System.Tests.Security.Cryptography.Sha512HashTests" name="GetHash" />
    </UnitTest>
    <UnitTest name="GetFilterablePropertyNamesTest_TestTarget2Model" storage="c:\repos\nucleus\net.libs\framework\eliassen.system.tests\bin\release\net8.0\eliassen.system.tests.dll" id="b5b73f46-926e-b166-c509-00a2b6834bdd" xmlns="http://microsoft.com/schemas/VisualStudio/TeamTest/2010">
      <TestCategory>
        <TestCategoryItem TestCategory="Unit" />
      </TestCategory>
      <Execution id="57de08bc-a1e4-414b-a2da-5773cbf77c25" />
      <TestMethod codeBase="c:\Repos\Nucleus\Net.Libs\Framework\Eliassen.System.Tests\bin\Release\net8.0\Eliassen.System.Tests.dll" adapterTypeName="executor://mstestadapter/v2" className="Eliassen.System.Tests.Linq.Expressions.ExpressionTreeBuilderTests" name="GetFilterablePropertyNamesTest_TestTarget2Model" />
    </UnitTest>
    <UnitTest name="GetHash (Hello World!,hhhE1nBOhXP+w02WfiC8/vPUJM9IvgTm3AjyvVjHKXQzcQFerYkcw88cnTS0kmS1EHUbH/nlN5N7xGtdb/TsyA==)" storage="c:\repos\nucleus\net.libs\framework\eliassen.system.tests\bin\release\net8.0\eliassen.system.tests.dll" id="a7d78227-c63c-3e96-292c-bbd5ac9217f2" xmlns="http://microsoft.com/schemas/VisualStudio/TeamTest/2010">
      <TestCategory>
        <TestCategoryItem TestCategory="Unit" />
      </TestCategory>
      <Execution id="be328390-079a-4d75-9321-7a9ccfc0439b" />
      <TestMethod codeBase="c:\Repos\Nucleus\Net.Libs\Framework\Eliassen.System.Tests\bin\Release\net8.0\Eliassen.System.Tests.dll" adapterTypeName="executor://mstestadapter/v2" className="Eliassen.System.Tests.Security.Cryptography.Sha512HashTests" name="GetHash" />
    </UnitTest>
    <UnitTest name="GetResourceFromJsonAsyncTest_NotFound" storage="c:\repos\nucleus\net.libs\framework\eliassen.system.tests\bin\release\net8.0\eliassen.system.tests.dll" id="d1d4b925-a073-2286-7de7-05497c979951" xmlns="http://microsoft.com/schemas/VisualStudio/TeamTest/2010">
      <TestCategory>
        <TestCategoryItem TestCategory="Unit" />
      </TestCategory>
      <Execution id="feffbb8e-4bef-4364-8e0a-bece71a049b1" />
      <TestMethod codeBase="c:\Repos\Nucleus\Net.Libs\Framework\Eliassen.System.Tests\bin\Release\net8.0\Eliassen.System.Tests.dll" adapterTypeName="executor://mstestadapter/v2" className="Eliassen.System.Tests.Reflection.ResourceExtensionsTests" name="GetResourceFromJsonAsyncTest_NotFound" />
    </UnitTest>
    <UnitTest name="VisitTest_Equals (,hello,False)" storage="c:\repos\nucleus\net.libs\framework\eliassen.system.tests\bin\release\net8.0\eliassen.system.tests.dll" id="07b77574-2211-0cfd-4e91-7ca72fa17247" xmlns="http://microsoft.com/schemas/VisualStudio/TeamTest/2010">
      <TestCategory>
        <TestCategoryItem TestCategory="Unit" />
      </TestCategory>
      <Execution id="289a47fd-90e7-442b-83b0-f9dd912a07c9" />
      <TestMethod codeBase="c:\Repos\Nucleus\Net.Libs\Framework\Eliassen.System.Tests\bin\Release\net8.0\Eliassen.System.Tests.dll" adapterTypeName="executor://mstestadapter/v2" className="Eliassen.System.Tests.Linq.Expressions.SkipInstanceMethodOnNullExpressionVisitorTests" name="VisitTest_Equals" />
    </UnitTest>
    <UnitTest name="SerializeTest_Value" storage="c:\repos\nucleus\net.libs\framework\eliassen.system.tests\bin\release\net8.0\eliassen.system.tests.dll" id="8da0fbaf-acd6-9154-0805-f306ce39ad46" xmlns="http://microsoft.com/schemas/VisualStudio/TeamTest/2010">
      <TestCategory>
        <TestCategoryItem TestCategory="Unit" />
      </TestCategory>
      <Execution id="a41459bf-b418-4561-b556-6283abfa8f86" />
      <TestMethod codeBase="c:\Repos\Nucleus\Net.Libs\Framework\Eliassen.System.Tests\bin\Release\net8.0\Eliassen.System.Tests.dll" adapterTypeName="executor://mstestadapter/v2" className="Eliassen.System.Tests.Text.Json.BsonDateConverterTests" name="SerializeTest_Value" />
    </UnitTest>
    <UnitTest name="VisitTest_EndsWith (Hello,lo,True)" storage="c:\repos\nucleus\net.libs\framework\eliassen.system.tests\bin\release\net8.0\eliassen.system.tests.dll" id="c3599795-8bf1-da30-66da-ee7de44c4074" xmlns="http://microsoft.com/schemas/VisualStudio/TeamTest/2010">
      <TestCategory>
        <TestCategoryItem TestCategory="Unit" />
      </TestCategory>
      <Execution id="01caefb9-ad54-4918-a412-7db96f5a69fe" />
      <TestMethod codeBase="c:\Repos\Nucleus\Net.Libs\Framework\Eliassen.System.Tests\bin\Release\net8.0\Eliassen.System.Tests.dll" adapterTypeName="executor://mstestadapter/v2" className="Eliassen.System.Tests.Linq.Expressions.StringComparisonReplacementExpressionVisitorTests" name="VisitTest_EndsWith" />
    </UnitTest>
    <UnitTest name="VisitTest_EqualOperator (Hello,HeLlO,True)" storage="c:\repos\nucleus\net.libs\framework\eliassen.system.tests\bin\release\net8.0\eliassen.system.tests.dll" id="2bfed98c-f04b-a9c6-9b30-1a4a12b04bd4" xmlns="http://microsoft.com/schemas/VisualStudio/TeamTest/2010">
      <TestCategory>
        <TestCategoryItem TestCategory="Unit" />
      </TestCategory>
      <Execution id="0ddae97d-a57e-4f15-90a1-b99ddbd37c2e" />
      <TestMethod codeBase="c:\Repos\Nucleus\Net.Libs\Framework\Eliassen.System.Tests\bin\Release\net8.0\Eliassen.System.Tests.dll" adapterTypeName="executor://mstestadapter/v2" className="Eliassen.System.Tests.Linq.Expressions.StringComparisonReplacementExpressionVisitorTests" name="VisitTest_EqualOperator" />
    </UnitTest>
    <UnitTest name="ExecuteByTest_Filter_JsonElement" storage="c:\repos\nucleus\net.libs\framework\eliassen.system.tests\bin\release\net8.0\eliassen.system.tests.dll" id="6ecbf29a-b1dc-ecb1-c997-c95f3b46593a" xmlns="http://microsoft.com/schemas/VisualStudio/TeamTest/2010">
      <TestCategory>
        <TestCategoryItem TestCategory="Unit" />
      </TestCategory>
      <Execution id="74613b7b-1ec2-4dd2-94ce-d46917753820" />
      <TestMethod codeBase="c:\Repos\Nucleus\Net.Libs\Framework\Eliassen.System.Tests\bin\Release\net8.0\Eliassen.System.Tests.dll" adapterTypeName="executor://mstestadapter/v2" className="Eliassen.System.Tests.Linq.QueryableExtensionsTests" name="ExecuteByTest_Filter_JsonElement" />
    </UnitTest>
    <UnitTest name="GetSearchablePropertyNames_TestTargetModel" storage="c:\repos\nucleus\net.libs\framework\eliassen.system.tests\bin\release\net8.0\eliassen.system.tests.dll" id="9c016915-9649-a737-5d1d-30f1b46f0f52" xmlns="http://microsoft.com/schemas/VisualStudio/TeamTest/2010">
      <TestCategory>
        <TestCategoryItem TestCategory="Unit" />
      </TestCategory>
      <Execution id="999e17a1-8461-49f8-b7c7-b5db1295e3ee" />
      <TestMethod codeBase="c:\Repos\Nucleus\Net.Libs\Framework\Eliassen.System.Tests\bin\Release\net8.0\Eliassen.System.Tests.dll" adapterTypeName="executor://mstestadapter/v2" className="Eliassen.System.Tests.Linq.Expressions.ExpressionTreeBuilderTests" name="GetSearchablePropertyNames_TestTargetModel" />
    </UnitTest>
    <UnitTest name="VisitTest_StartsWith (Hello,HE,True)" storage="c:\repos\nucleus\net.libs\framework\eliassen.system.tests\bin\release\net8.0\eliassen.system.tests.dll" id="5dada6fb-9282-72bc-c9b2-bcfb539a1619" xmlns="http://microsoft.com/schemas/VisualStudio/TeamTest/2010">
      <TestCategory>
        <TestCategoryItem TestCategory="Unit" />
      </TestCategory>
      <Execution id="d944b4d3-f08d-47aa-a312-1a7ab525215e" />
      <TestMethod codeBase="c:\Repos\Nucleus\Net.Libs\Framework\Eliassen.System.Tests\bin\Release\net8.0\Eliassen.System.Tests.dll" adapterTypeName="executor://mstestadapter/v2" className="Eliassen.System.Tests.Linq.Expressions.StringComparisonReplacementExpressionVisitorTests" name="VisitTest_StartsWith" />
    </UnitTest>
    <UnitTest name="ExecuteByTest_Filter_JsonElement_Nested" storage="c:\repos\nucleus\net.libs\framework\eliassen.system.tests\bin\release\net8.0\eliassen.system.tests.dll" id="03bc167f-0b26-903d-31a8-efafdb2faab7" xmlns="http://microsoft.com/schemas/VisualStudio/TeamTest/2010">
      <TestCategory>
        <TestCategoryItem TestCategory="Unit" />
      </TestCategory>
      <Execution id="5d3e7765-96f4-4a08-883b-420b3ae25043" />
      <TestMethod codeBase="c:\Repos\Nucleus\Net.Libs\Framework\Eliassen.System.Tests\bin\Release\net8.0\Eliassen.System.Tests.dll" adapterTypeName="executor://mstestadapter/v2" className="Eliassen.System.Tests.Linq.QueryableExtensionsTests" name="ExecuteByTest_Filter_JsonElement_Nested" />
    </UnitTest>
    <UnitTest name="SerializeTest_IConfigurationSection" storage="c:\repos\nucleus\net.libs\framework\eliassen.system.tests\bin\release\net8.0\eliassen.system.tests.dll" id="b3e2a372-55ce-d9ad-4987-01272bc32a33" xmlns="http://microsoft.com/schemas/VisualStudio/TeamTest/2010">
      <TestCategory>
        <TestCategoryItem TestCategory="Unit" />
      </TestCategory>
      <Execution id="c08cae9b-d6a7-43a1-ab0a-7d03767123ce" />
      <TestMethod codeBase="c:\Repos\Nucleus\Net.Libs\Framework\Eliassen.System.Tests\bin\Release\net8.0\Eliassen.System.Tests.dll" adapterTypeName="executor://mstestadapter/v2" className="Eliassen.System.Tests.Text.Json.Serialization.DefaultJsonSerializerTests" name="SerializeTest_IConfigurationSection" />
    </UnitTest>
    <UnitTest name="AsModelsTest" storage="c:\repos\nucleus\net.libs\framework\eliassen.system.tests\bin\release\net8.0\eliassen.system.tests.dll" id="08742191-32e9-b72f-e313-52355290b27f" xmlns="http://microsoft.com/schemas/VisualStudio/TeamTest/2010">
      <TestCategory>
        <TestCategoryItem TestCategory="Unit" />
      </TestCategory>
      <Execution id="b3c995c4-020a-46d3-898b-e111d737b761" />
      <TestMethod codeBase="c:\Repos\Nucleus\Net.Libs\Framework\Eliassen.System.Tests\bin\Release\net8.0\Eliassen.System.Tests.dll" adapterTypeName="executor://mstestadapter/v2" className="Eliassen.System.Tests.Reflection.EnumExtensionsTests" name="AsModelsTest" />
    </UnitTest>
    <UnitTest name="VisitTest_Contains (Hello,EL,True)" storage="c:\repos\nucleus\net.libs\framework\eliassen.system.tests\bin\release\net8.0\eliassen.system.tests.dll" id="4c8eceef-7f0a-45c8-d030-0b823248b815" xmlns="http://microsoft.com/schemas/VisualStudio/TeamTest/2010">
      <TestCategory>
        <TestCategoryItem TestCategory="Unit" />
      </TestCategory>
      <Execution id="9881cd3a-31cc-4e6e-ba22-94cf2e397fa2" />
      <TestMethod codeBase="c:\Repos\Nucleus\Net.Libs\Framework\Eliassen.System.Tests\bin\Release\net8.0\Eliassen.System.Tests.dll" adapterTypeName="executor://mstestadapter/v2" className="Eliassen.System.Tests.Linq.Expressions.StringComparisonReplacementExpressionVisitorTests" name="VisitTest_Contains" />
    </UnitTest>
    <UnitTest name="ExecuteByTest_Page (0,0,100,1000,0,10,0,1,2,3,4,5,6,7,8,9)" storage="c:\repos\nucleus\net.libs\framework\eliassen.system.tests\bin\release\net8.0\eliassen.system.tests.dll" id="70a7d239-30af-99d8-26bc-eb06ced4f854" xmlns="http://microsoft.com/schemas/VisualStudio/TeamTest/2010">
      <TestCategory>
        <TestCategoryItem TestCategory="Unit" />
      </TestCategory>
      <Execution id="889bb9ee-f730-46dc-b7d0-a43c6d85fc0c" />
      <TestMethod codeBase="c:\Repos\Nucleus\Net.Libs\Framework\Eliassen.System.Tests\bin\Release\net8.0\Eliassen.System.Tests.dll" adapterTypeName="executor://mstestadapter/v2" className="Eliassen.System.Tests.Linq.QueryableExtensionsTests" name="ExecuteByTest_Page" />
    </UnitTest>
    <UnitTest name="ToEnumTest (test display,WithDisplay)" storage="c:\repos\nucleus\net.libs\framework\eliassen.system.tests\bin\release\net8.0\eliassen.system.tests.dll" id="52185704-5d0e-e5db-ccdd-e6d884289597" xmlns="http://microsoft.com/schemas/VisualStudio/TeamTest/2010">
      <TestCategory>
        <TestCategoryItem TestCategory="Unit" />
      </TestCategory>
      <Execution id="c6312b2b-e314-4cbf-bde2-76b7d8b173c9" />
      <TestMethod codeBase="c:\Repos\Nucleus\Net.Libs\Framework\Eliassen.System.Tests\bin\Release\net8.0\Eliassen.System.Tests.dll" adapterTypeName="executor://mstestadapter/v2" className="Eliassen.System.Tests.Reflection.EnumExtensionsTests" name="ToEnumTest" />
    </UnitTest>
    <UnitTest name="ToEnumTest (name,name2|test name,WithEnumValue, WithMemberName, WithDisplay)" storage="c:\repos\nucleus\net.libs\framework\eliassen.system.tests\bin\release\net8.0\eliassen.system.tests.dll" id="53f92a56-f656-cd19-3414-6dec87fc1460" xmlns="http://microsoft.com/schemas/VisualStudio/TeamTest/2010">
      <TestCategory>
        <TestCategoryItem TestCategory="Unit" />
      </TestCategory>
      <Execution id="8bf27327-7b60-40e4-a7b7-4d8010e6088b" />
      <TestMethod codeBase="c:\Repos\Nucleus\Net.Libs\Framework\Eliassen.System.Tests\bin\Release\net8.0\Eliassen.System.Tests.dll" adapterTypeName="executor://mstestadapter/v2" className="Eliassen.System.Tests.Reflection.EnumExtensionsTests" name="ToEnumTest" />
    </UnitTest>
    <UnitTest name="GetHash (hello world,XrY7u+Ae7tCTyyK7j1rNww==)" storage="c:\repos\nucleus\net.libs\framework\eliassen.system.tests\bin\release\net8.0\eliassen.system.tests.dll" id="52063650-6233-2d8a-fadf-ea1a53f7d6ed" xmlns="http://microsoft.com/schemas/VisualStudio/TeamTest/2010">
      <TestCategory>
        <TestCategoryItem TestCategory="Unit" />
      </TestCategory>
      <Execution id="93db6725-75dc-4b9e-94a6-e590c5b0092a" />
      <TestMethod codeBase="c:\Repos\Nucleus\Net.Libs\Framework\Eliassen.System.Tests\bin\Release\net8.0\Eliassen.System.Tests.dll" adapterTypeName="executor://mstestadapter/v2" className="Eliassen.System.Tests.Security.Cryptography.Md5HashTests" name="GetHash" />
    </UnitTest>
    <UnitTest name="ToEnumTest (-1,-1)" storage="c:\repos\nucleus\net.libs\framework\eliassen.system.tests\bin\release\net8.0\eliassen.system.tests.dll" id="fffaa604-a2bf-cb56-46c0-a54e3c2e5b71" xmlns="http://microsoft.com/schemas/VisualStudio/TeamTest/2010">
      <TestCategory>
        <TestCategoryItem TestCategory="Unit" />
      </TestCategory>
      <Execution id="2ce38243-8c89-44eb-a508-334f5a276f2d" />
      <TestMethod codeBase="c:\Repos\Nucleus\Net.Libs\Framework\Eliassen.System.Tests\bin\Release\net8.0\Eliassen.System.Tests.dll" adapterTypeName="executor://mstestadapter/v2" className="Eliassen.System.Tests.Reflection.EnumExtensionsTests" name="ToEnumTest" />
    </UnitTest>
    <UnitTest name="GetFilterablePropertyNamesTest_TestTarget3Model" storage="c:\repos\nucleus\net.libs\framework\eliassen.system.tests\bin\release\net8.0\eliassen.system.tests.dll" id="dcab6442-3647-193e-5b50-9725bbfda52b" xmlns="http://microsoft.com/schemas/VisualStudio/TeamTest/2010">
      <TestCategory>
        <TestCategoryItem TestCategory="Unit" />
      </TestCategory>
      <Execution id="a6253169-3c4f-47ed-bceb-0d546bba5a02" />
      <TestMethod codeBase="c:\Repos\Nucleus\Net.Libs\Framework\Eliassen.System.Tests\bin\Release\net8.0\Eliassen.System.Tests.dll" adapterTypeName="executor://mstestadapter/v2" className="Eliassen.System.Tests.Linq.Expressions.ExpressionTreeBuilderTests" name="GetFilterablePropertyNamesTest_TestTarget3Model" />
    </UnitTest>
    <UnitTest name="SendAsyncTest_ByFullType" storage="c:\repos\nucleus\net.libs\framework\eliassen.messagequeueing.tests\bin\release\net8.0\eliassen.messagequeueing.tests.dll" id="b64dc215-d1b4-1f14-fa25-4d622e2e9f2e" xmlns="http://microsoft.com/schemas/VisualStudio/TeamTest/2010">
      <TestCategory>
        <TestCategoryItem TestCategory="Simulate" />
      </TestCategory>
      <Execution id="755609dd-a4c3-4126-975b-461bffa6f5bb" />
      <TestMethod codeBase="c:\Repos\Nucleus\Net.Libs\Framework\Eliassen.MessageQueueing.Tests\bin\Release\net8.0\Eliassen.MessageQueueing.Tests.dll" adapterTypeName="executor://mstestadapter/v2" className="Eliassen.MessageQueueing.Tests.MessageSenderTests" name="SendAsyncTest_ByFullType" />
    </UnitTest>
    <UnitTest name="SendAsyncTest_Error" storage="c:\repos\nucleus\net.libs\framework\eliassen.messagequeueing.tests\bin\release\net8.0\eliassen.messagequeueing.tests.dll" id="e5454c02-b359-b78c-7c37-b5f0f590b608" xmlns="http://microsoft.com/schemas/VisualStudio/TeamTest/2010">
      <TestCategory>
        <TestCategoryItem TestCategory="Simulate" />
      </TestCategory>
      <Execution id="72eca758-8dde-47d2-ac08-12bb0db5fac3" />
      <TestMethod codeBase="c:\Repos\Nucleus\Net.Libs\Framework\Eliassen.MessageQueueing.Tests\bin\Release\net8.0\Eliassen.MessageQueueing.Tests.dll" adapterTypeName="executor://mstestadapter/v2" className="Eliassen.MessageQueueing.Tests.MessageSenderTests" name="SendAsyncTest_Error" />
    </UnitTest>
    <UnitTest name="SendAsyncTest_ByKeyed" storage="c:\repos\nucleus\net.libs\framework\eliassen.messagequeueing.tests\bin\release\net8.0\eliassen.messagequeueing.tests.dll" id="dbc55b57-382b-82eb-3acf-abef72ee15cc" xmlns="http://microsoft.com/schemas/VisualStudio/TeamTest/2010">
      <TestCategory>
        <TestCategoryItem TestCategory="Simulate" />
      </TestCategory>
      <Execution id="2dc8e351-6626-41da-bddd-1684717353ba" />
      <TestMethod codeBase="c:\Repos\Nucleus\Net.Libs\Framework\Eliassen.MessageQueueing.Tests\bin\Release\net8.0\Eliassen.MessageQueueing.Tests.dll" adapterTypeName="executor://mstestadapter/v2" className="Eliassen.MessageQueueing.Tests.MessageSenderTests" name="SendAsyncTest_ByKeyed" />
    </UnitTest>
    <UnitTest name="GetHash (hello world,XrY7u+Ae7tCTyyK7j1rNww==)" storage="c:\repos\nucleus\net.libs\framework\eliassen.system.tests\bin\release\net8.0\eliassen.system.tests.dll" id="29e073f8-c889-a619-68be-0fbabe313523" xmlns="http://microsoft.com/schemas/VisualStudio/TeamTest/2010">
      <TestCategory>
        <TestCategoryItem TestCategory="Unit" />
      </TestCategory>
      <Execution id="083fdc16-0434-4d01-90ca-17241ee3da53" />
      <TestMethod codeBase="c:\Repos\Nucleus\Net.Libs\Framework\Eliassen.System.Tests\bin\Release\net8.0\Eliassen.System.Tests.dll" adapterTypeName="executor://mstestadapter/v2" className="Eliassen.System.Tests.Security.Cryptography.HashTests" name="GetHash" />
    </UnitTest>
    <UnitTest name="GetHash (Hello World!,7Qdih1MuhjZehB6Sv8UNjA==)" storage="c:\repos\nucleus\net.libs\framework\eliassen.system.tests\bin\release\net8.0\eliassen.system.tests.dll" id="0f3b8649-3271-0a42-8cb6-7536e5c6b6c7" xmlns="http://microsoft.com/schemas/VisualStudio/TeamTest/2010">
      <TestCategory>
        <TestCategoryItem TestCategory="Unit" />
      </TestCategory>
      <Execution id="3d979543-bfd5-46ef-b437-e0a6b836abf5" />
      <TestMethod codeBase="c:\Repos\Nucleus\Net.Libs\Framework\Eliassen.System.Tests\bin\Release\net8.0\Eliassen.System.Tests.dll" adapterTypeName="executor://mstestadapter/v2" className="Eliassen.System.Tests.Security.Cryptography.HashTests" name="GetHash" />
    </UnitTest>
    <UnitTest name="ToEnumTest (Val2,Val2)" storage="c:\repos\nucleus\net.libs\framework\eliassen.system.tests\bin\release\net8.0\eliassen.system.tests.dll" id="0783fcf2-6259-18a6-4548-3ee3e685104b" xmlns="http://microsoft.com/schemas/VisualStudio/TeamTest/2010">
      <TestCategory>
        <TestCategoryItem TestCategory="Unit" />
      </TestCategory>
      <Execution id="b1aa69e9-bfb4-4167-a7be-51ba1ca43114" />
      <TestMethod codeBase="c:\Repos\Nucleus\Net.Libs\Framework\Eliassen.System.Tests\bin\Release\net8.0\Eliassen.System.Tests.dll" adapterTypeName="executor://mstestadapter/v2" className="Eliassen.System.Tests.Reflection.EnumExtensionsTests" name="ToEnumTest" />
    </UnitTest>
    <UnitTest name="ToEnumTest (test description,WithDescription)" storage="c:\repos\nucleus\net.libs\framework\eliassen.system.tests\bin\release\net8.0\eliassen.system.tests.dll" id="f4cf2bc5-5581-a176-969e-675ebb01aeb7" xmlns="http://microsoft.com/schemas/VisualStudio/TeamTest/2010">
      <TestCategory>
        <TestCategoryItem TestCategory="Unit" />
      </TestCategory>
      <Execution id="6b2a109b-8c7f-4bfe-bbfc-878ffe0ba5f7" />
      <TestMethod codeBase="c:\Repos\Nucleus\Net.Libs\Framework\Eliassen.System.Tests\bin\Release\net8.0\Eliassen.System.Tests.dll" adapterTypeName="executor://mstestadapter/v2" className="Eliassen.System.Tests.Reflection.EnumExtensionsTests" name="ToEnumTest" />
    </UnitTest>
    <UnitTest name="ToEnumTest (Val2|Val1,Val1, Val2)" storage="c:\repos\nucleus\net.libs\framework\eliassen.system.tests\bin\release\net8.0\eliassen.system.tests.dll" id="2987ca95-4d23-bd98-8619-20a1f1f849ce" xmlns="http://microsoft.com/schemas/VisualStudio/TeamTest/2010">
      <TestCategory>
        <TestCategoryItem TestCategory="Unit" />
      </TestCategory>
      <Execution id="f4211e6a-6d7a-443b-a5b7-88e787623a2a" />
      <TestMethod codeBase="c:\Repos\Nucleus\Net.Libs\Framework\Eliassen.System.Tests\bin\Release\net8.0\Eliassen.System.Tests.dll" adapterTypeName="executor://mstestadapter/v2" className="Eliassen.System.Tests.Reflection.EnumExtensionsTests" name="ToEnumTest" />
    </UnitTest>
    <UnitTest name="ExecuteByTest_Sort (NAME,Descending,999,998,997,996,995,994,993,992,991,990)" storage="c:\repos\nucleus\net.libs\framework\eliassen.system.tests\bin\release\net8.0\eliassen.system.tests.dll" id="7634c0a5-d5d8-ae19-0f45-9f0c0c3f4e32" xmlns="http://microsoft.com/schemas/VisualStudio/TeamTest/2010">
      <TestCategory>
        <TestCategoryItem TestCategory="Unit" />
      </TestCategory>
      <Execution id="16988848-6550-4ff4-89c5-b914326a9bcd" />
      <TestMethod codeBase="c:\Repos\Nucleus\Net.Libs\Framework\Eliassen.System.Tests\bin\Release\net8.0\Eliassen.System.Tests.dll" adapterTypeName="executor://mstestadapter/v2" className="Eliassen.System.Tests.Linq.QueryableExtensionsTests" name="ExecuteByTest_Sort" />
    </UnitTest>
    <UnitTest name="ToEnumTest (test name,WithDisplay)" storage="c:\repos\nucleus\net.libs\framework\eliassen.system.tests\bin\release\net8.0\eliassen.system.tests.dll" id="6acd0700-45fd-3a58-a98b-e73e695d3cb6" xmlns="http://microsoft.com/schemas/VisualStudio/TeamTest/2010">
      <TestCategory>
        <TestCategoryItem TestCategory="Unit" />
      </TestCategory>
      <Execution id="28cf8514-fb44-407c-8b26-5c436412a5e0" />
      <TestMethod codeBase="c:\Repos\Nucleus\Net.Libs\Framework\Eliassen.System.Tests\bin\Release\net8.0\Eliassen.System.Tests.dll" adapterTypeName="executor://mstestadapter/v2" className="Eliassen.System.Tests.Reflection.EnumExtensionsTests" name="ToEnumTest" />
    </UnitTest>
    <UnitTest name="ToEnumTest (Val2,Val1,Val1, Val2)" storage="c:\repos\nucleus\net.libs\framework\eliassen.system.tests\bin\release\net8.0\eliassen.system.tests.dll" id="a0c29914-2fac-1ccd-4f27-21bcc9ae1a84" xmlns="http://microsoft.com/schemas/VisualStudio/TeamTest/2010">
      <TestCategory>
        <TestCategoryItem TestCategory="Unit" />
      </TestCategory>
      <Execution id="c6774a62-9739-4067-b7bf-8ca0018cc10d" />
      <TestMethod codeBase="c:\Repos\Nucleus\Net.Libs\Framework\Eliassen.System.Tests\bin\Release\net8.0\Eliassen.System.Tests.dll" adapterTypeName="executor://mstestadapter/v2" className="Eliassen.System.Tests.Reflection.EnumExtensionsTests" name="ToEnumTest" />
    </UnitTest>
    <UnitTest name="ExecuteByTest_Sort (name,Descending,999,998,997,996,995,994,993,992,991,990)" storage="c:\repos\nucleus\net.libs\framework\eliassen.system.tests\bin\release\net8.0\eliassen.system.tests.dll" id="8338d02b-d210-c931-4723-375c66eef863" xmlns="http://microsoft.com/schemas/VisualStudio/TeamTest/2010">
      <TestCategory>
        <TestCategoryItem TestCategory="Unit" />
      </TestCategory>
      <Execution id="daf26b87-767e-4a45-9354-9f39fd515157" />
      <TestMethod codeBase="c:\Repos\Nucleus\Net.Libs\Framework\Eliassen.System.Tests\bin\Release\net8.0\Eliassen.System.Tests.dll" adapterTypeName="executor://mstestadapter/v2" className="Eliassen.System.Tests.Linq.QueryableExtensionsTests" name="ExecuteByTest_Sort" />
    </UnitTest>
    <UnitTest name="ToEnumTest (4,WithEnumValue)" storage="c:\repos\nucleus\net.libs\framework\eliassen.system.tests\bin\release\net8.0\eliassen.system.tests.dll" id="1d97f529-259a-f217-942c-8e2e6578735c" xmlns="http://microsoft.com/schemas/VisualStudio/TeamTest/2010">
      <TestCategory>
        <TestCategoryItem TestCategory="Unit" />
      </TestCategory>
      <Execution id="e56eb737-d591-42fb-b370-5f6b22ac0614" />
      <TestMethod codeBase="c:\Repos\Nucleus\Net.Libs\Framework\Eliassen.System.Tests\bin\Release\net8.0\Eliassen.System.Tests.dll" adapterTypeName="executor://mstestadapter/v2" className="Eliassen.System.Tests.Reflection.EnumExtensionsTests" name="ToEnumTest" />
    </UnitTest>
    <UnitTest name="ToEnumTest (test display,WithDisplay)" storage="c:\repos\nucleus\net.libs\framework\eliassen.system.tests\bin\release\net8.0\eliassen.system.tests.dll" id="c3266cf0-adcb-0581-8c52-a350b87b4664" xmlns="http://microsoft.com/schemas/VisualStudio/TeamTest/2010">
      <TestCategory>
        <TestCategoryItem TestCategory="Unit" />
      </TestCategory>
      <Execution id="84674fc9-47e7-493f-a787-f68e97139cd0" />
      <TestMethod codeBase="c:\Repos\Nucleus\Net.Libs\Framework\Eliassen.System.Tests\bin\Release\net8.0\Eliassen.System.Tests.dll" adapterTypeName="executor://mstestadapter/v2" className="Eliassen.System.Tests.Reflection.EnumExtensionsTests" name="ToEnumTest" />
    </UnitTest>
    <UnitTest name="ToEnumTest (Val1,Val1)" storage="c:\repos\nucleus\net.libs\framework\eliassen.system.tests\bin\release\net8.0\eliassen.system.tests.dll" id="219547ac-d953-99f8-2edf-0911d57e52dd" xmlns="http://microsoft.com/schemas/VisualStudio/TeamTest/2010">
      <TestCategory>
        <TestCategoryItem TestCategory="Unit" />
      </TestCategory>
      <Execution id="5d3a8fc4-58b0-4108-87f5-7c37758d0a46" />
      <TestMethod codeBase="c:\Repos\Nucleus\Net.Libs\Framework\Eliassen.System.Tests\bin\Release\net8.0\Eliassen.System.Tests.dll" adapterTypeName="executor://mstestadapter/v2" className="Eliassen.System.Tests.Reflection.EnumExtensionsTests" name="ToEnumTest" />
    </UnitTest>
    <UnitTest name="ToEnumTest (Val2, Val1,Val1, Val2)" storage="c:\repos\nucleus\net.libs\framework\eliassen.system.tests\bin\release\net8.0\eliassen.system.tests.dll" id="6acc9c74-0373-caf8-35ed-9e340028f0c1" xmlns="http://microsoft.com/schemas/VisualStudio/TeamTest/2010">
      <TestCategory>
        <TestCategoryItem TestCategory="Unit" />
      </TestCategory>
      <Execution id="1030d549-3294-4baf-b9a0-2bc03d6f420a" />
      <TestMethod codeBase="c:\Repos\Nucleus\Net.Libs\Framework\Eliassen.System.Tests\bin\Release\net8.0\Eliassen.System.Tests.dll" adapterTypeName="executor://mstestadapter/v2" className="Eliassen.System.Tests.Reflection.EnumExtensionsTests" name="ToEnumTest" />
    </UnitTest>
    <UnitTest name="ToEnumTest (name2,WithMemberName)" storage="c:\repos\nucleus\net.libs\framework\eliassen.system.tests\bin\release\net8.0\eliassen.system.tests.dll" id="f6e30306-bb3b-d2e5-9a55-741402e2594f" xmlns="http://microsoft.com/schemas/VisualStudio/TeamTest/2010">
      <TestCategory>
        <TestCategoryItem TestCategory="Unit" />
      </TestCategory>
      <Execution id="10922ca9-7202-4f16-aba2-d47b8645791c" />
      <TestMethod codeBase="c:\Repos\Nucleus\Net.Libs\Framework\Eliassen.System.Tests\bin\Release\net8.0\Eliassen.System.Tests.dll" adapterTypeName="executor://mstestadapter/v2" className="Eliassen.System.Tests.Reflection.EnumExtensionsTests" name="ToEnumTest" />
    </UnitTest>
    <UnitTest name="ToEnumTest (2,Val2)" storage="c:\repos\nucleus\net.libs\framework\eliassen.system.tests\bin\release\net8.0\eliassen.system.tests.dll" id="6945fc8e-bced-3763-56d7-dd9774cf09e7" xmlns="http://microsoft.com/schemas/VisualStudio/TeamTest/2010">
      <TestCategory>
        <TestCategoryItem TestCategory="Unit" />
      </TestCategory>
      <Execution id="b46c7a51-cbc5-414b-a1cf-46b7b81c144a" />
      <TestMethod codeBase="c:\Repos\Nucleus\Net.Libs\Framework\Eliassen.System.Tests\bin\Release\net8.0\Eliassen.System.Tests.dll" adapterTypeName="executor://mstestadapter/v2" className="Eliassen.System.Tests.Reflection.EnumExtensionsTests" name="ToEnumTest" />
    </UnitTest>
    <UnitTest name="ToEnumTest (test short,WithDisplay)" storage="c:\repos\nucleus\net.libs\framework\eliassen.system.tests\bin\release\net8.0\eliassen.system.tests.dll" id="e97eaf8e-0ecf-65f5-04ab-76ca8870b372" xmlns="http://microsoft.com/schemas/VisualStudio/TeamTest/2010">
      <TestCategory>
        <TestCategoryItem TestCategory="Unit" />
      </TestCategory>
      <Execution id="7bafe149-4ba8-4713-88c2-565ccbdf4b56" />
      <TestMethod codeBase="c:\Repos\Nucleus\Net.Libs\Framework\Eliassen.System.Tests\bin\Release\net8.0\Eliassen.System.Tests.dll" adapterTypeName="executor://mstestadapter/v2" className="Eliassen.System.Tests.Reflection.EnumExtensionsTests" name="ToEnumTest" />
    </UnitTest>
    <UnitTest name="ExecuteByTest_Sort (Name,Ascending,0,1,10,100,101,102,103,104,105,106)" storage="c:\repos\nucleus\net.libs\framework\eliassen.system.tests\bin\release\net8.0\eliassen.system.tests.dll" id="f6892432-d506-05dd-c1d8-5f655afbf0ef" xmlns="http://microsoft.com/schemas/VisualStudio/TeamTest/2010">
      <TestCategory>
        <TestCategoryItem TestCategory="Unit" />
      </TestCategory>
      <Execution id="04ddff7e-4e04-435f-9c74-7d3eadea9387" />
      <TestMethod codeBase="c:\Repos\Nucleus\Net.Libs\Framework\Eliassen.System.Tests\bin\Release\net8.0\Eliassen.System.Tests.dll" adapterTypeName="executor://mstestadapter/v2" className="Eliassen.System.Tests.Linq.QueryableExtensionsTests" name="ExecuteByTest_Sort" />
    </UnitTest>
    <UnitTest name="ToEnumTest (name,name2|test name,WithEnumValue, WithMemberName, WithDisplay)" storage="c:\repos\nucleus\net.libs\framework\eliassen.system.tests\bin\release\net8.0\eliassen.system.tests.dll" id="6a696e3c-fdaf-a272-447e-e0c2a6c77673" xmlns="http://microsoft.com/schemas/VisualStudio/TeamTest/2010">
      <TestCategory>
        <TestCategoryItem TestCategory="Unit" />
      </TestCategory>
      <Execution id="af9a82c4-38ac-41dc-a778-ad919eb088aa" />
      <TestMethod codeBase="c:\Repos\Nucleus\Net.Libs\Framework\Eliassen.System.Tests\bin\Release\net8.0\Eliassen.System.Tests.dll" adapterTypeName="executor://mstestadapter/v2" className="Eliassen.System.Tests.Reflection.EnumExtensionsTests" name="ToEnumTest" />
    </UnitTest>
    <UnitTest name="ToEnumTest (0,Val0)" storage="c:\repos\nucleus\net.libs\framework\eliassen.system.tests\bin\release\net8.0\eliassen.system.tests.dll" id="55a3c803-06e9-6a98-6826-97a1597a8680" xmlns="http://microsoft.com/schemas/VisualStudio/TeamTest/2010">
      <TestCategory>
        <TestCategoryItem TestCategory="Unit" />
      </TestCategory>
      <Execution id="d1099f81-9056-433a-8b61-c8cb9691fef6" />
      <TestMethod codeBase="c:\Repos\Nucleus\Net.Libs\Framework\Eliassen.System.Tests\bin\Release\net8.0\Eliassen.System.Tests.dll" adapterTypeName="executor://mstestadapter/v2" className="Eliassen.System.Tests.Reflection.EnumExtensionsTests" name="ToEnumTest" />
    </UnitTest>
    <UnitTest name="ToEnumTest (1,Val1)" storage="c:\repos\nucleus\net.libs\framework\eliassen.system.tests\bin\release\net8.0\eliassen.system.tests.dll" id="6f5bf48c-e4c0-b967-62c8-a640629e7719" xmlns="http://microsoft.com/schemas/VisualStudio/TeamTest/2010">
      <TestCategory>
        <TestCategoryItem TestCategory="Unit" />
      </TestCategory>
      <Execution id="80aad71d-1f29-4d81-8bfb-b9b02f9e13c0" />
      <TestMethod codeBase="c:\Repos\Nucleus\Net.Libs\Framework\Eliassen.System.Tests\bin\Release\net8.0\Eliassen.System.Tests.dll" adapterTypeName="executor://mstestadapter/v2" className="Eliassen.System.Tests.Reflection.EnumExtensionsTests" name="ToEnumTest" />
    </UnitTest>
    <UnitTest name="ToEnumTest (Val2 , Val1,Val1, Val2)" storage="c:\repos\nucleus\net.libs\framework\eliassen.system.tests\bin\release\net8.0\eliassen.system.tests.dll" id="a465e3e2-5f33-9280-96a5-dad2cdb56d48" xmlns="http://microsoft.com/schemas/VisualStudio/TeamTest/2010">
      <TestCategory>
        <TestCategoryItem TestCategory="Unit" />
      </TestCategory>
      <Execution id="42810d77-4cb2-4d0a-84fc-3627a49242eb" />
      <TestMethod codeBase="c:\Repos\Nucleus\Net.Libs\Framework\Eliassen.System.Tests\bin\Release\net8.0\Eliassen.System.Tests.dll" adapterTypeName="executor://mstestadapter/v2" className="Eliassen.System.Tests.Reflection.EnumExtensionsTests" name="ToEnumTest" />
    </UnitTest>
    <UnitTest name="ToEnumTest (-1,-1)" storage="c:\repos\nucleus\net.libs\framework\eliassen.system.tests\bin\release\net8.0\eliassen.system.tests.dll" id="d9a582db-720f-849c-5c6c-3e72305e7969" xmlns="http://microsoft.com/schemas/VisualStudio/TeamTest/2010">
      <TestCategory>
        <TestCategoryItem TestCategory="Unit" />
      </TestCategory>
      <Execution id="6968c3fc-62c3-4d6e-89ee-42f0d19c6349" />
      <TestMethod codeBase="c:\Repos\Nucleus\Net.Libs\Framework\Eliassen.System.Tests\bin\Release\net8.0\Eliassen.System.Tests.dll" adapterTypeName="executor://mstestadapter/v2" className="Eliassen.System.Tests.Reflection.EnumExtensionsTests" name="ToEnumTest" />
    </UnitTest>
    <UnitTest name="ExecuteByTest_Sort (Name,Descending,999,998,997,996,995,994,993,992,991,990)" storage="c:\repos\nucleus\net.libs\framework\eliassen.system.tests\bin\release\net8.0\eliassen.system.tests.dll" id="2be0bb23-bdd4-39e3-5c52-58d829d1a4f6" xmlns="http://microsoft.com/schemas/VisualStudio/TeamTest/2010">
      <TestCategory>
        <TestCategoryItem TestCategory="Unit" />
      </TestCategory>
      <Execution id="3eafb1a8-c001-4932-9731-024d2568eca7" />
      <TestMethod codeBase="c:\Repos\Nucleus\Net.Libs\Framework\Eliassen.System.Tests\bin\Release\net8.0\Eliassen.System.Tests.dll" adapterTypeName="executor://mstestadapter/v2" className="Eliassen.System.Tests.Linq.QueryableExtensionsTests" name="ExecuteByTest_Sort" />
    </UnitTest>
    <UnitTest name="ToEnumTest (3,Val1, Val2)" storage="c:\repos\nucleus\net.libs\framework\eliassen.system.tests\bin\release\net8.0\eliassen.system.tests.dll" id="da8e2bdd-b046-b065-da35-f4d8fa39c126" xmlns="http://microsoft.com/schemas/VisualStudio/TeamTest/2010">
      <TestCategory>
        <TestCategoryItem TestCategory="Unit" />
      </TestCategory>
      <Execution id="d17b5f28-f3a8-4b72-a707-06d6510ac725" />
      <TestMethod codeBase="c:\Repos\Nucleus\Net.Libs\Framework\Eliassen.System.Tests\bin\Release\net8.0\Eliassen.System.Tests.dll" adapterTypeName="executor://mstestadapter/v2" className="Eliassen.System.Tests.Reflection.EnumExtensionsTests" name="ToEnumTest" />
    </UnitTest>
    <UnitTest name="ToEnumTest (Val2 ,Val1,Val1, Val2)" storage="c:\repos\nucleus\net.libs\framework\eliassen.system.tests\bin\release\net8.0\eliassen.system.tests.dll" id="18ab39eb-c269-8e5e-27c8-0e0099e940b7" xmlns="http://microsoft.com/schemas/VisualStudio/TeamTest/2010">
      <TestCategory>
        <TestCategoryItem TestCategory="Unit" />
      </TestCategory>
      <Execution id="51c36e12-1178-4f39-a91c-d3b10e505799" />
      <TestMethod codeBase="c:\Repos\Nucleus\Net.Libs\Framework\Eliassen.System.Tests\bin\Release\net8.0\Eliassen.System.Tests.dll" adapterTypeName="executor://mstestadapter/v2" className="Eliassen.System.Tests.Reflection.EnumExtensionsTests" name="ToEnumTest" />
    </UnitTest>
    <UnitTest name="ToEnumTest (name,WithEnumValue)" storage="c:\repos\nucleus\net.libs\framework\eliassen.system.tests\bin\release\net8.0\eliassen.system.tests.dll" id="fc5fae9f-91d6-fa24-579e-a13cc255eec6" xmlns="http://microsoft.com/schemas/VisualStudio/TeamTest/2010">
      <TestCategory>
        <TestCategoryItem TestCategory="Unit" />
      </TestCategory>
      <Execution id="18c6fc2f-e879-4567-8952-00334e0a1a5b" />
      <TestMethod codeBase="c:\Repos\Nucleus\Net.Libs\Framework\Eliassen.System.Tests\bin\Release\net8.0\Eliassen.System.Tests.dll" adapterTypeName="executor://mstestadapter/v2" className="Eliassen.System.Tests.Reflection.EnumExtensionsTests" name="ToEnumTest" />
    </UnitTest>
    <UnitTest name="ToEnumTest (test description,WithDescription)" storage="c:\repos\nucleus\net.libs\framework\eliassen.system.tests\bin\release\net8.0\eliassen.system.tests.dll" id="921f768d-c026-5c72-695c-6195f075a1c1" xmlns="http://microsoft.com/schemas/VisualStudio/TeamTest/2010">
      <TestCategory>
        <TestCategoryItem TestCategory="Unit" />
      </TestCategory>
      <Execution id="a0e44ede-500c-4f9e-963d-32744d33b60e" />
      <TestMethod codeBase="c:\Repos\Nucleus\Net.Libs\Framework\Eliassen.System.Tests\bin\Release\net8.0\Eliassen.System.Tests.dll" adapterTypeName="executor://mstestadapter/v2" className="Eliassen.System.Tests.Reflection.EnumExtensionsTests" name="ToEnumTest" />
    </UnitTest>
    <UnitTest name="ToEnumTest (name,WithEnumValue)" storage="c:\repos\nucleus\net.libs\framework\eliassen.system.tests\bin\release\net8.0\eliassen.system.tests.dll" id="abffb153-2bc5-2e5d-37d3-34241627ba4f" xmlns="http://microsoft.com/schemas/VisualStudio/TeamTest/2010">
      <TestCategory>
        <TestCategoryItem TestCategory="Unit" />
      </TestCategory>
      <Execution id="385f1677-3ea5-4a05-8f46-c52bd4edea4c" />
      <TestMethod codeBase="c:\Repos\Nucleus\Net.Libs\Framework\Eliassen.System.Tests\bin\Release\net8.0\Eliassen.System.Tests.dll" adapterTypeName="executor://mstestadapter/v2" className="Eliassen.System.Tests.Reflection.EnumExtensionsTests" name="ToEnumTest" />
    </UnitTest>
    <UnitTest name="ToEnumTest (Val2|Val1,Val1, Val2)" storage="c:\repos\nucleus\net.libs\framework\eliassen.system.tests\bin\release\net8.0\eliassen.system.tests.dll" id="32feb49a-a169-6254-5ae6-6f93b144c382" xmlns="http://microsoft.com/schemas/VisualStudio/TeamTest/2010">
      <TestCategory>
        <TestCategoryItem TestCategory="Unit" />
      </TestCategory>
      <Execution id="3d870979-e79c-40ae-93aa-2d9845f63af5" />
      <TestMethod codeBase="c:\Repos\Nucleus\Net.Libs\Framework\Eliassen.System.Tests\bin\Release\net8.0\Eliassen.System.Tests.dll" adapterTypeName="executor://mstestadapter/v2" className="Eliassen.System.Tests.Reflection.EnumExtensionsTests" name="ToEnumTest" />
    </UnitTest>
    <UnitTest name="ToEnumTest (Val2 , Val1,Val1, Val2)" storage="c:\repos\nucleus\net.libs\framework\eliassen.system.tests\bin\release\net8.0\eliassen.system.tests.dll" id="b7ad954c-d7f8-9b7f-da20-994bdddaa358" xmlns="http://microsoft.com/schemas/VisualStudio/TeamTest/2010">
      <TestCategory>
        <TestCategoryItem TestCategory="Unit" />
      </TestCategory>
      <Execution id="3ce272cf-cde6-4137-951e-a6d5a1960745" />
      <TestMethod codeBase="c:\Repos\Nucleus\Net.Libs\Framework\Eliassen.System.Tests\bin\Release\net8.0\Eliassen.System.Tests.dll" adapterTypeName="executor://mstestadapter/v2" className="Eliassen.System.Tests.Reflection.EnumExtensionsTests" name="ToEnumTest" />
    </UnitTest>
    <UnitTest name="ToEnumTest (name2,WithMemberName)" storage="c:\repos\nucleus\net.libs\framework\eliassen.system.tests\bin\release\net8.0\eliassen.system.tests.dll" id="a7424620-7d66-2bab-87dd-6bf41b62173f" xmlns="http://microsoft.com/schemas/VisualStudio/TeamTest/2010">
      <TestCategory>
        <TestCategoryItem TestCategory="Unit" />
      </TestCategory>
      <Execution id="e4a52e1c-7bcb-4820-8f24-e57fa7b55ee9" />
      <TestMethod codeBase="c:\Repos\Nucleus\Net.Libs\Framework\Eliassen.System.Tests\bin\Release\net8.0\Eliassen.System.Tests.dll" adapterTypeName="executor://mstestadapter/v2" className="Eliassen.System.Tests.Reflection.EnumExtensionsTests" name="ToEnumTest" />
    </UnitTest>
    <UnitTest name="ToEnumTest (3,Val1, Val2)" storage="c:\repos\nucleus\net.libs\framework\eliassen.system.tests\bin\release\net8.0\eliassen.system.tests.dll" id="cb67196b-6ac5-2ad3-c511-f22d8dd105d9" xmlns="http://microsoft.com/schemas/VisualStudio/TeamTest/2010">
      <TestCategory>
        <TestCategoryItem TestCategory="Unit" />
      </TestCategory>
      <Execution id="b1141e79-50de-4334-ba74-3ab5e46691e9" />
      <TestMethod codeBase="c:\Repos\Nucleus\Net.Libs\Framework\Eliassen.System.Tests\bin\Release\net8.0\Eliassen.System.Tests.dll" adapterTypeName="executor://mstestadapter/v2" className="Eliassen.System.Tests.Reflection.EnumExtensionsTests" name="ToEnumTest" />
    </UnitTest>
    <UnitTest name="ToEnumTest (test display,WithDisplay)" storage="c:\repos\nucleus\net.libs\framework\eliassen.system.tests\bin\release\net8.0\eliassen.system.tests.dll" id="9995fe48-045c-fb86-728c-6afde736c742" xmlns="http://microsoft.com/schemas/VisualStudio/TeamTest/2010">
      <TestCategory>
        <TestCategoryItem TestCategory="Unit" />
      </TestCategory>
      <Execution id="3b350acf-5020-4137-8449-f79219986837" />
      <TestMethod codeBase="c:\Repos\Nucleus\Net.Libs\Framework\Eliassen.System.Tests\bin\Release\net8.0\Eliassen.System.Tests.dll" adapterTypeName="executor://mstestadapter/v2" className="Eliassen.System.Tests.Reflection.EnumExtensionsTests" name="ToEnumTest" />
    </UnitTest>
    <UnitTest name="ToEnumTest (test name,WithDisplay)" storage="c:\repos\nucleus\net.libs\framework\eliassen.system.tests\bin\release\net8.0\eliassen.system.tests.dll" id="a8ca89f0-79ce-83ca-018f-472a49db6f46" xmlns="http://microsoft.com/schemas/VisualStudio/TeamTest/2010">
      <TestCategory>
        <TestCategoryItem TestCategory="Unit" />
      </TestCategory>
      <Execution id="b01a20d6-240a-4206-b3ff-4c960ba603dd" />
      <TestMethod codeBase="c:\Repos\Nucleus\Net.Libs\Framework\Eliassen.System.Tests\bin\Release\net8.0\Eliassen.System.Tests.dll" adapterTypeName="executor://mstestadapter/v2" className="Eliassen.System.Tests.Reflection.EnumExtensionsTests" name="ToEnumTest" />
    </UnitTest>
    <UnitTest name="ExecuteByTest_Sort (Name,Descending,999,998,997,996,995,994,993,992,991,990)" storage="c:\repos\nucleus\net.libs\framework\eliassen.system.tests\bin\release\net8.0\eliassen.system.tests.dll" id="e05e78b9-1fc5-d5e7-7e42-f53788d2e4a8" xmlns="http://microsoft.com/schemas/VisualStudio/TeamTest/2010">
      <TestCategory>
        <TestCategoryItem TestCategory="Unit" />
      </TestCategory>
      <Execution id="8c427b4c-7c5a-4d19-af57-3b22b1296e16" />
      <TestMethod codeBase="c:\Repos\Nucleus\Net.Libs\Framework\Eliassen.System.Tests\bin\Release\net8.0\Eliassen.System.Tests.dll" adapterTypeName="executor://mstestadapter/v2" className="Eliassen.System.Tests.Linq.QueryableExtensionsTests" name="ExecuteByTest_Sort" />
    </UnitTest>
    <UnitTest name="ToEnumTest (2,Val2)" storage="c:\repos\nucleus\net.libs\framework\eliassen.system.tests\bin\release\net8.0\eliassen.system.tests.dll" id="3e3a289b-1c74-15e1-39bf-f6ee0cea86e7" xmlns="http://microsoft.com/schemas/VisualStudio/TeamTest/2010">
      <TestCategory>
        <TestCategoryItem TestCategory="Unit" />
      </TestCategory>
      <Execution id="f7a40961-0855-4a05-ae44-9d6abc60fc88" />
      <TestMethod codeBase="c:\Repos\Nucleus\Net.Libs\Framework\Eliassen.System.Tests\bin\Release\net8.0\Eliassen.System.Tests.dll" adapterTypeName="executor://mstestadapter/v2" className="Eliassen.System.Tests.Reflection.EnumExtensionsTests" name="ToEnumTest" />
    </UnitTest>
    <UnitTest name="ExecuteByTest_Sort (Name,Ascending,0,1,10,100,101,102,103,104,105,106)" storage="c:\repos\nucleus\net.libs\framework\eliassen.system.tests\bin\release\net8.0\eliassen.system.tests.dll" id="a1968147-0351-75a4-0e13-531c67b43bf8" xmlns="http://microsoft.com/schemas/VisualStudio/TeamTest/2010">
      <TestCategory>
        <TestCategoryItem TestCategory="Unit" />
      </TestCategory>
      <Execution id="afd8566c-a256-4bcc-9a52-b512f95abff0" />
      <TestMethod codeBase="c:\Repos\Nucleus\Net.Libs\Framework\Eliassen.System.Tests\bin\Release\net8.0\Eliassen.System.Tests.dll" adapterTypeName="executor://mstestadapter/v2" className="Eliassen.System.Tests.Linq.QueryableExtensionsTests" name="ExecuteByTest_Sort" />
    </UnitTest>
    <UnitTest name="ExecuteByTest_Sort (NAME,Descending,999,998,997,996,995,994,993,992,991,990)" storage="c:\repos\nucleus\net.libs\framework\eliassen.system.tests\bin\release\net8.0\eliassen.system.tests.dll" id="747a08c9-a3e7-c6d3-d3e5-4ea9ef67df60" xmlns="http://microsoft.com/schemas/VisualStudio/TeamTest/2010">
      <TestCategory>
        <TestCategoryItem TestCategory="Unit" />
      </TestCategory>
      <Execution id="eb60c41b-e188-4059-9485-c47780f6846a" />
      <TestMethod codeBase="c:\Repos\Nucleus\Net.Libs\Framework\Eliassen.System.Tests\bin\Release\net8.0\Eliassen.System.Tests.dll" adapterTypeName="executor://mstestadapter/v2" className="Eliassen.System.Tests.Linq.QueryableExtensionsTests" name="ExecuteByTest_Sort" />
    </UnitTest>
    <UnitTest name="ToEnumTest (name,name2|test name,WithEnumValue, WithMemberName, WithDisplay)" storage="c:\repos\nucleus\net.libs\framework\eliassen.system.tests\bin\release\net8.0\eliassen.system.tests.dll" id="1d8ac424-d8c8-cc40-95df-91f5d4ddca6b" xmlns="http://microsoft.com/schemas/VisualStudio/TeamTest/2010">
      <TestCategory>
        <TestCategoryItem TestCategory="Unit" />
      </TestCategory>
      <Execution id="65590435-436a-40f2-966f-2661c59b274f" />
      <TestMethod codeBase="c:\Repos\Nucleus\Net.Libs\Framework\Eliassen.System.Tests\bin\Release\net8.0\Eliassen.System.Tests.dll" adapterTypeName="executor://mstestadapter/v2" className="Eliassen.System.Tests.Reflection.EnumExtensionsTests" name="ToEnumTest" />
    </UnitTest>
    <UnitTest name="ToEnumTest (Val2 ,Val1,Val1, Val2)" storage="c:\repos\nucleus\net.libs\framework\eliassen.system.tests\bin\release\net8.0\eliassen.system.tests.dll" id="09a12892-a09d-2217-56ca-535c29014ee4" xmlns="http://microsoft.com/schemas/VisualStudio/TeamTest/2010">
      <TestCategory>
        <TestCategoryItem TestCategory="Unit" />
      </TestCategory>
      <Execution id="c97a17fe-f1c6-442c-93fc-1a4f021527fe" />
      <TestMethod codeBase="c:\Repos\Nucleus\Net.Libs\Framework\Eliassen.System.Tests\bin\Release\net8.0\Eliassen.System.Tests.dll" adapterTypeName="executor://mstestadapter/v2" className="Eliassen.System.Tests.Reflection.EnumExtensionsTests" name="ToEnumTest" />
    </UnitTest>
    <UnitTest name="ToEnumTest (-1,-1)" storage="c:\repos\nucleus\net.libs\framework\eliassen.system.tests\bin\release\net8.0\eliassen.system.tests.dll" id="23e6d9bc-f3c3-f29d-3344-d86cf83d0f1d" xmlns="http://microsoft.com/schemas/VisualStudio/TeamTest/2010">
      <TestCategory>
        <TestCategoryItem TestCategory="Unit" />
      </TestCategory>
      <Execution id="3bbdd0c4-cd00-4dee-8025-f06d69e3aeb9" />
      <TestMethod codeBase="c:\Repos\Nucleus\Net.Libs\Framework\Eliassen.System.Tests\bin\Release\net8.0\Eliassen.System.Tests.dll" adapterTypeName="executor://mstestadapter/v2" className="Eliassen.System.Tests.Reflection.EnumExtensionsTests" name="ToEnumTest" />
    </UnitTest>
    <UnitTest name="ToEnumTest (Val2,Val2)" storage="c:\repos\nucleus\net.libs\framework\eliassen.system.tests\bin\release\net8.0\eliassen.system.tests.dll" id="92340e72-277a-04a0-4ab5-bc7177798536" xmlns="http://microsoft.com/schemas/VisualStudio/TeamTest/2010">
      <TestCategory>
        <TestCategoryItem TestCategory="Unit" />
      </TestCategory>
      <Execution id="1d79fc07-10ab-4052-a444-863a227c68b5" />
      <TestMethod codeBase="c:\Repos\Nucleus\Net.Libs\Framework\Eliassen.System.Tests\bin\Release\net8.0\Eliassen.System.Tests.dll" adapterTypeName="executor://mstestadapter/v2" className="Eliassen.System.Tests.Reflection.EnumExtensionsTests" name="ToEnumTest" />
    </UnitTest>
    <UnitTest name="ToEnumTest (0,Val0)" storage="c:\repos\nucleus\net.libs\framework\eliassen.system.tests\bin\release\net8.0\eliassen.system.tests.dll" id="40b5ef99-b7df-93ac-7917-4647f5a51753" xmlns="http://microsoft.com/schemas/VisualStudio/TeamTest/2010">
      <TestCategory>
        <TestCategoryItem TestCategory="Unit" />
      </TestCategory>
      <Execution id="16c2a3e3-09ef-4531-82c3-96158eaeed51" />
      <TestMethod codeBase="c:\Repos\Nucleus\Net.Libs\Framework\Eliassen.System.Tests\bin\Release\net8.0\Eliassen.System.Tests.dll" adapterTypeName="executor://mstestadapter/v2" className="Eliassen.System.Tests.Reflection.EnumExtensionsTests" name="ToEnumTest" />
    </UnitTest>
    <UnitTest name="ToEnumTest (4,WithEnumValue)" storage="c:\repos\nucleus\net.libs\framework\eliassen.system.tests\bin\release\net8.0\eliassen.system.tests.dll" id="01759c6c-9c6f-76ea-83d1-8f4c8b379bd1" xmlns="http://microsoft.com/schemas/VisualStudio/TeamTest/2010">
      <TestCategory>
        <TestCategoryItem TestCategory="Unit" />
      </TestCategory>
      <Execution id="9815c874-51eb-477e-93de-1719ce6a983b" />
      <TestMethod codeBase="c:\Repos\Nucleus\Net.Libs\Framework\Eliassen.System.Tests\bin\Release\net8.0\Eliassen.System.Tests.dll" adapterTypeName="executor://mstestadapter/v2" className="Eliassen.System.Tests.Reflection.EnumExtensionsTests" name="ToEnumTest" />
    </UnitTest>
    <UnitTest name="ToEnumTest (Val1,Val1)" storage="c:\repos\nucleus\net.libs\framework\eliassen.system.tests\bin\release\net8.0\eliassen.system.tests.dll" id="b13fa943-22bd-9e1f-c5db-ef62652cfa07" xmlns="http://microsoft.com/schemas/VisualStudio/TeamTest/2010">
      <TestCategory>
        <TestCategoryItem TestCategory="Unit" />
      </TestCategory>
      <Execution id="bb0c1b76-1c71-4c4d-a428-ca092e49680d" />
      <TestMethod codeBase="c:\Repos\Nucleus\Net.Libs\Framework\Eliassen.System.Tests\bin\Release\net8.0\Eliassen.System.Tests.dll" adapterTypeName="executor://mstestadapter/v2" className="Eliassen.System.Tests.Reflection.EnumExtensionsTests" name="ToEnumTest" />
    </UnitTest>
    <UnitTest name="ToEnumTest (test short,WithDisplay)" storage="c:\repos\nucleus\net.libs\framework\eliassen.system.tests\bin\release\net8.0\eliassen.system.tests.dll" id="58462863-ff6d-f063-2a0a-2d8d701b12ea" xmlns="http://microsoft.com/schemas/VisualStudio/TeamTest/2010">
      <TestCategory>
        <TestCategoryItem TestCategory="Unit" />
      </TestCategory>
      <Execution id="fe6eb761-c776-4af4-a11a-df8b282381a7" />
      <TestMethod codeBase="c:\Repos\Nucleus\Net.Libs\Framework\Eliassen.System.Tests\bin\Release\net8.0\Eliassen.System.Tests.dll" adapterTypeName="executor://mstestadapter/v2" className="Eliassen.System.Tests.Reflection.EnumExtensionsTests" name="ToEnumTest" />
    </UnitTest>
    <UnitTest name="ToEnumTest (Val2,Val1,Val1, Val2)" storage="c:\repos\nucleus\net.libs\framework\eliassen.system.tests\bin\release\net8.0\eliassen.system.tests.dll" id="cb4cfb9e-73c3-8e26-9b3a-14e0a5fbae7b" xmlns="http://microsoft.com/schemas/VisualStudio/TeamTest/2010">
      <TestCategory>
        <TestCategoryItem TestCategory="Unit" />
      </TestCategory>
      <Execution id="e38a042e-bcc8-4766-8bef-d0ded6a27e1f" />
      <TestMethod codeBase="c:\Repos\Nucleus\Net.Libs\Framework\Eliassen.System.Tests\bin\Release\net8.0\Eliassen.System.Tests.dll" adapterTypeName="executor://mstestadapter/v2" className="Eliassen.System.Tests.Reflection.EnumExtensionsTests" name="ToEnumTest" />
    </UnitTest>
    <UnitTest name="ToEnumTest (Val2, Val1,Val1, Val2)" storage="c:\repos\nucleus\net.libs\framework\eliassen.system.tests\bin\release\net8.0\eliassen.system.tests.dll" id="1d309172-e008-0657-5b5e-95e52af2c894" xmlns="http://microsoft.com/schemas/VisualStudio/TeamTest/2010">
      <TestCategory>
        <TestCategoryItem TestCategory="Unit" />
      </TestCategory>
      <Execution id="25c4e596-9670-4f88-916d-7a87e18314b4" />
      <TestMethod codeBase="c:\Repos\Nucleus\Net.Libs\Framework\Eliassen.System.Tests\bin\Release\net8.0\Eliassen.System.Tests.dll" adapterTypeName="executor://mstestadapter/v2" className="Eliassen.System.Tests.Reflection.EnumExtensionsTests" name="ToEnumTest" />
    </UnitTest>
    <UnitTest name="ToEnumTest (1,Val1)" storage="c:\repos\nucleus\net.libs\framework\eliassen.system.tests\bin\release\net8.0\eliassen.system.tests.dll" id="2be8e5bd-2821-3300-9bb9-16d0bbda7431" xmlns="http://microsoft.com/schemas/VisualStudio/TeamTest/2010">
      <TestCategory>
        <TestCategoryItem TestCategory="Unit" />
      </TestCategory>
      <Execution id="65a7403a-c0bf-4c2b-842d-ac76b0fd888c" />
      <TestMethod codeBase="c:\Repos\Nucleus\Net.Libs\Framework\Eliassen.System.Tests\bin\Release\net8.0\Eliassen.System.Tests.dll" adapterTypeName="executor://mstestadapter/v2" className="Eliassen.System.Tests.Reflection.EnumExtensionsTests" name="ToEnumTest" />
    </UnitTest>
    <UnitTest name="ExecuteByTest_Sort (name,Descending,999,998,997,996,995,994,993,992,991,990)" storage="c:\repos\nucleus\net.libs\framework\eliassen.system.tests\bin\release\net8.0\eliassen.system.tests.dll" id="ec5b60ed-7fe8-4ace-f494-55fd9fc20bb2" xmlns="http://microsoft.com/schemas/VisualStudio/TeamTest/2010">
      <TestCategory>
        <TestCategoryItem TestCategory="Unit" />
      </TestCategory>
      <Execution id="13a1afd3-a78c-4e08-954a-cb01dba67abb" />
      <TestMethod codeBase="c:\Repos\Nucleus\Net.Libs\Framework\Eliassen.System.Tests\bin\Release\net8.0\Eliassen.System.Tests.dll" adapterTypeName="executor://mstestadapter/v2" className="Eliassen.System.Tests.Linq.QueryableExtensionsTests" name="ExecuteByTest_Sort" />
    </UnitTest>
    <UnitTest name="ToEnumTest (2,Val2)" storage="c:\repos\nucleus\nucleus.net.libs\framework\eliassen.system.tests\bin\release\net8.0\eliassen.system.tests.dll" id="101e9e04-cff8-8fa9-c661-9d47b6be78ef" xmlns="http://microsoft.com/schemas/VisualStudio/TeamTest/2010">
      <TestCategory>
        <TestCategoryItem TestCategory="Unit" />
      </TestCategory>
      <Execution id="c70c49bc-f96d-4093-bcf2-cb696c0ab49d" />
      <TestMethod codeBase="c:\Repos\Nucleus\Nucleus.Net.Libs\Framework\Eliassen.System.Tests\bin\Release\net8.0\Eliassen.System.Tests.dll" adapterTypeName="executor://mstestadapter/v2" className="Eliassen.System.Tests.Reflection.EnumExtensionsTests" name="ToEnumTest" />
    </UnitTest>
    <UnitTest name="ToEnumTest (test name,WithDisplay)" storage="c:\repos\nucleus\nucleus.net.libs\framework\eliassen.system.tests\bin\release\net8.0\eliassen.system.tests.dll" id="e084b9bb-3fb5-a391-9844-c9e65646417a" xmlns="http://microsoft.com/schemas/VisualStudio/TeamTest/2010">
      <TestCategory>
        <TestCategoryItem TestCategory="Unit" />
      </TestCategory>
      <Execution id="351485cb-8268-4d2f-9c02-11ed92cea827" />
      <TestMethod codeBase="c:\Repos\Nucleus\Nucleus.Net.Libs\Framework\Eliassen.System.Tests\bin\Release\net8.0\Eliassen.System.Tests.dll" adapterTypeName="executor://mstestadapter/v2" className="Eliassen.System.Tests.Reflection.EnumExtensionsTests" name="ToEnumTest" />
    </UnitTest>
    <UnitTest name="ToEnumTest (0,Val0)" storage="c:\repos\nucleus\nucleus.net.libs\framework\eliassen.system.tests\bin\release\net8.0\eliassen.system.tests.dll" id="d543c38b-7074-0e95-e523-50409de6c955" xmlns="http://microsoft.com/schemas/VisualStudio/TeamTest/2010">
      <TestCategory>
        <TestCategoryItem TestCategory="Unit" />
      </TestCategory>
      <Execution id="a48826de-d781-444b-ac92-1769fb02ef29" />
      <TestMethod codeBase="c:\Repos\Nucleus\Nucleus.Net.Libs\Framework\Eliassen.System.Tests\bin\Release\net8.0\Eliassen.System.Tests.dll" adapterTypeName="executor://mstestadapter/v2" className="Eliassen.System.Tests.Reflection.EnumExtensionsTests" name="ToEnumTest" />
    </UnitTest>
    <UnitTest name="ToEnumTest (Val2 ,Val1,Val1, Val2)" storage="c:\repos\nucleus\nucleus.net.libs\framework\eliassen.system.tests\bin\release\net8.0\eliassen.system.tests.dll" id="78601fce-42b7-1d43-f4d2-c9e13ea5ac39" xmlns="http://microsoft.com/schemas/VisualStudio/TeamTest/2010">
      <TestCategory>
        <TestCategoryItem TestCategory="Unit" />
      </TestCategory>
      <Execution id="e6c93435-ef8e-49ad-aaf2-2216d1eb9617" />
      <TestMethod codeBase="c:\Repos\Nucleus\Nucleus.Net.Libs\Framework\Eliassen.System.Tests\bin\Release\net8.0\Eliassen.System.Tests.dll" adapterTypeName="executor://mstestadapter/v2" className="Eliassen.System.Tests.Reflection.EnumExtensionsTests" name="ToEnumTest" />
    </UnitTest>
    <UnitTest name="ToEnumTest (test description,WithDescription)" storage="c:\repos\nucleus\nucleus.net.libs\framework\eliassen.system.tests\bin\release\net8.0\eliassen.system.tests.dll" id="447a7ec8-4d58-9251-c78c-779d4ba60530" xmlns="http://microsoft.com/schemas/VisualStudio/TeamTest/2010">
      <TestCategory>
        <TestCategoryItem TestCategory="Unit" />
      </TestCategory>
      <Execution id="3197f7d8-073e-43e1-b6a7-458209a1d84d" />
      <TestMethod codeBase="c:\Repos\Nucleus\Nucleus.Net.Libs\Framework\Eliassen.System.Tests\bin\Release\net8.0\Eliassen.System.Tests.dll" adapterTypeName="executor://mstestadapter/v2" className="Eliassen.System.Tests.Reflection.EnumExtensionsTests" name="ToEnumTest" />
    </UnitTest>
    <UnitTest name="ToEnumTest (1,Val1)" storage="c:\repos\nucleus\nucleus.net.libs\framework\eliassen.system.tests\bin\release\net8.0\eliassen.system.tests.dll" id="fe55777e-1d6a-5099-e51b-5211c764827b" xmlns="http://microsoft.com/schemas/VisualStudio/TeamTest/2010">
      <TestCategory>
        <TestCategoryItem TestCategory="Unit" />
      </TestCategory>
      <Execution id="8181ef2f-c47d-4a59-8cbd-3260c0b5cf37" />
      <TestMethod codeBase="c:\Repos\Nucleus\Nucleus.Net.Libs\Framework\Eliassen.System.Tests\bin\Release\net8.0\Eliassen.System.Tests.dll" adapterTypeName="executor://mstestadapter/v2" className="Eliassen.System.Tests.Reflection.EnumExtensionsTests" name="ToEnumTest" />
    </UnitTest>
    <UnitTest name="ToEnumTest (Val2|Val1,Val1, Val2)" storage="c:\repos\nucleus\nucleus.net.libs\framework\eliassen.system.tests\bin\release\net8.0\eliassen.system.tests.dll" id="c3657274-5684-84b0-53f6-50ffb36049ed" xmlns="http://microsoft.com/schemas/VisualStudio/TeamTest/2010">
      <TestCategory>
        <TestCategoryItem TestCategory="Unit" />
      </TestCategory>
      <Execution id="ecc2ff08-d281-41aa-aa1c-810d2503ad98" />
      <TestMethod codeBase="c:\Repos\Nucleus\Nucleus.Net.Libs\Framework\Eliassen.System.Tests\bin\Release\net8.0\Eliassen.System.Tests.dll" adapterTypeName="executor://mstestadapter/v2" className="Eliassen.System.Tests.Reflection.EnumExtensionsTests" name="ToEnumTest" />
    </UnitTest>
    <UnitTest name="ToEnumTest (Val1,Val1)" storage="c:\repos\nucleus\nucleus.net.libs\framework\eliassen.system.tests\bin\release\net8.0\eliassen.system.tests.dll" id="15f0f0c3-de9f-da14-426b-78765c04900a" xmlns="http://microsoft.com/schemas/VisualStudio/TeamTest/2010">
      <TestCategory>
        <TestCategoryItem TestCategory="Unit" />
      </TestCategory>
      <Execution id="dfce5ddb-c232-4281-b0c5-c1b7ce1ee552" />
      <TestMethod codeBase="c:\Repos\Nucleus\Nucleus.Net.Libs\Framework\Eliassen.System.Tests\bin\Release\net8.0\Eliassen.System.Tests.dll" adapterTypeName="executor://mstestadapter/v2" className="Eliassen.System.Tests.Reflection.EnumExtensionsTests" name="ToEnumTest" />
    </UnitTest>
    <UnitTest name="ToEnumTest (4,WithEnumValue)" storage="c:\repos\nucleus\nucleus.net.libs\framework\eliassen.system.tests\bin\release\net8.0\eliassen.system.tests.dll" id="7d752d6c-ea35-c2bf-5a54-d2a77f5d8d11" xmlns="http://microsoft.com/schemas/VisualStudio/TeamTest/2010">
      <TestCategory>
        <TestCategoryItem TestCategory="Unit" />
      </TestCategory>
      <Execution id="18756d29-7d08-40fd-b654-99160b51da58" />
      <TestMethod codeBase="c:\Repos\Nucleus\Nucleus.Net.Libs\Framework\Eliassen.System.Tests\bin\Release\net8.0\Eliassen.System.Tests.dll" adapterTypeName="executor://mstestadapter/v2" className="Eliassen.System.Tests.Reflection.EnumExtensionsTests" name="ToEnumTest" />
    </UnitTest>
    <UnitTest name="ToEnumTest (Val2,Val2)" storage="c:\repos\nucleus\nucleus.net.libs\framework\eliassen.system.tests\bin\release\net8.0\eliassen.system.tests.dll" id="4e84d721-e721-48df-0fef-58399d42c3e4" xmlns="http://microsoft.com/schemas/VisualStudio/TeamTest/2010">
      <TestCategory>
        <TestCategoryItem TestCategory="Unit" />
      </TestCategory>
      <Execution id="04128a44-80cf-48cb-b422-a5a08d87432a" />
      <TestMethod codeBase="c:\Repos\Nucleus\Nucleus.Net.Libs\Framework\Eliassen.System.Tests\bin\Release\net8.0\Eliassen.System.Tests.dll" adapterTypeName="executor://mstestadapter/v2" className="Eliassen.System.Tests.Reflection.EnumExtensionsTests" name="ToEnumTest" />
    </UnitTest>
    <UnitTest name="ExecuteByTest_Sort (name,Descending,999,998,997,996,995,994,993,992,991,990)" storage="c:\repos\nucleus\nucleus.net.libs\framework\eliassen.system.tests\bin\release\net8.0\eliassen.system.tests.dll" id="acbf883b-a248-9198-bfe3-0944bb2a2172" xmlns="http://microsoft.com/schemas/VisualStudio/TeamTest/2010">
      <TestCategory>
        <TestCategoryItem TestCategory="Unit" />
      </TestCategory>
      <Execution id="79852190-e388-45cd-be04-bc0497e16c2d" />
      <TestMethod codeBase="c:\Repos\Nucleus\Nucleus.Net.Libs\Framework\Eliassen.System.Tests\bin\Release\net8.0\Eliassen.System.Tests.dll" adapterTypeName="executor://mstestadapter/v2" className="Eliassen.System.Tests.Linq.QueryableExtensionsTests" name="ExecuteByTest_Sort" />
    </UnitTest>
    <UnitTest name="ToEnumTest (3,Val1, Val2)" storage="c:\repos\nucleus\nucleus.net.libs\framework\eliassen.system.tests\bin\release\net8.0\eliassen.system.tests.dll" id="1521fdf8-ee8e-3f24-da8a-3dd3b9aaa633" xmlns="http://microsoft.com/schemas/VisualStudio/TeamTest/2010">
      <TestCategory>
        <TestCategoryItem TestCategory="Unit" />
      </TestCategory>
      <Execution id="77bc299b-da34-46c5-aacd-1208db4daad0" />
      <TestMethod codeBase="c:\Repos\Nucleus\Nucleus.Net.Libs\Framework\Eliassen.System.Tests\bin\Release\net8.0\Eliassen.System.Tests.dll" adapterTypeName="executor://mstestadapter/v2" className="Eliassen.System.Tests.Reflection.EnumExtensionsTests" name="ToEnumTest" />
    </UnitTest>
    <UnitTest name="ToEnumTest (name,WithEnumValue)" storage="c:\repos\nucleus\nucleus.net.libs\framework\eliassen.system.tests\bin\release\net8.0\eliassen.system.tests.dll" id="00a18adb-717a-ef94-6424-5f5fb443e4cf" xmlns="http://microsoft.com/schemas/VisualStudio/TeamTest/2010">
      <TestCategory>
        <TestCategoryItem TestCategory="Unit" />
      </TestCategory>
      <Execution id="a2eeaec0-4c42-4a19-bf9f-9de81436c286" />
      <TestMethod codeBase="c:\Repos\Nucleus\Nucleus.Net.Libs\Framework\Eliassen.System.Tests\bin\Release\net8.0\Eliassen.System.Tests.dll" adapterTypeName="executor://mstestadapter/v2" className="Eliassen.System.Tests.Reflection.EnumExtensionsTests" name="ToEnumTest" />
    </UnitTest>
    <UnitTest name="ToEnumTest (name,name2|test name,WithEnumValue, WithMemberName, WithDisplay)" storage="c:\repos\nucleus\nucleus.net.libs\framework\eliassen.system.tests\bin\release\net8.0\eliassen.system.tests.dll" id="e25795eb-c389-3b43-4e5f-ee4489209b2a" xmlns="http://microsoft.com/schemas/VisualStudio/TeamTest/2010">
      <TestCategory>
        <TestCategoryItem TestCategory="Unit" />
      </TestCategory>
      <Execution id="e434b4f8-a853-444b-b0b9-54e6cbe4a78c" />
      <TestMethod codeBase="c:\Repos\Nucleus\Nucleus.Net.Libs\Framework\Eliassen.System.Tests\bin\Release\net8.0\Eliassen.System.Tests.dll" adapterTypeName="executor://mstestadapter/v2" className="Eliassen.System.Tests.Reflection.EnumExtensionsTests" name="ToEnumTest" />
    </UnitTest>
    <UnitTest name="ToEnumTest (-1,-1)" storage="c:\repos\nucleus\nucleus.net.libs\framework\eliassen.system.tests\bin\release\net8.0\eliassen.system.tests.dll" id="162a9975-fa90-6541-ed71-2ec4dcc7aa4e" xmlns="http://microsoft.com/schemas/VisualStudio/TeamTest/2010">
      <TestCategory>
        <TestCategoryItem TestCategory="Unit" />
      </TestCategory>
      <Execution id="e0254913-8141-40a8-95c8-9dd308a14d36" />
      <TestMethod codeBase="c:\Repos\Nucleus\Nucleus.Net.Libs\Framework\Eliassen.System.Tests\bin\Release\net8.0\Eliassen.System.Tests.dll" adapterTypeName="executor://mstestadapter/v2" className="Eliassen.System.Tests.Reflection.EnumExtensionsTests" name="ToEnumTest" />
    </UnitTest>
    <UnitTest name="ToEnumTest (Val2 , Val1,Val1, Val2)" storage="c:\repos\nucleus\nucleus.net.libs\framework\eliassen.system.tests\bin\release\net8.0\eliassen.system.tests.dll" id="d27fa711-0e9a-e814-3ef2-aa33f0dcce39" xmlns="http://microsoft.com/schemas/VisualStudio/TeamTest/2010">
      <TestCategory>
        <TestCategoryItem TestCategory="Unit" />
      </TestCategory>
      <Execution id="6a431397-008a-4db9-b5b4-8a1a7ccb9190" />
      <TestMethod codeBase="c:\Repos\Nucleus\Nucleus.Net.Libs\Framework\Eliassen.System.Tests\bin\Release\net8.0\Eliassen.System.Tests.dll" adapterTypeName="executor://mstestadapter/v2" className="Eliassen.System.Tests.Reflection.EnumExtensionsTests" name="ToEnumTest" />
    </UnitTest>
    <UnitTest name="ExecuteByTest_Sort (NAME,Descending,999,998,997,996,995,994,993,992,991,990)" storage="c:\repos\nucleus\nucleus.net.libs\framework\eliassen.system.tests\bin\release\net8.0\eliassen.system.tests.dll" id="8a35045d-3fa3-99c5-00ae-6cb0cc7f41bf" xmlns="http://microsoft.com/schemas/VisualStudio/TeamTest/2010">
      <TestCategory>
        <TestCategoryItem TestCategory="Unit" />
      </TestCategory>
      <Execution id="896b5866-8d4e-488f-b119-3fb294b5f1b6" />
      <TestMethod codeBase="c:\Repos\Nucleus\Nucleus.Net.Libs\Framework\Eliassen.System.Tests\bin\Release\net8.0\Eliassen.System.Tests.dll" adapterTypeName="executor://mstestadapter/v2" className="Eliassen.System.Tests.Linq.QueryableExtensionsTests" name="ExecuteByTest_Sort" />
    </UnitTest>
    <UnitTest name="ExecuteByTest_Sort (Name,Ascending,0,1,10,100,101,102,103,104,105,106)" storage="c:\repos\nucleus\nucleus.net.libs\framework\eliassen.system.tests\bin\release\net8.0\eliassen.system.tests.dll" id="05a8bf42-5434-8515-7c2c-2cfaa500d506" xmlns="http://microsoft.com/schemas/VisualStudio/TeamTest/2010">
      <TestCategory>
        <TestCategoryItem TestCategory="Unit" />
      </TestCategory>
      <Execution id="1f2e013d-1505-4ee6-984a-680392ab239e" />
      <TestMethod codeBase="c:\Repos\Nucleus\Nucleus.Net.Libs\Framework\Eliassen.System.Tests\bin\Release\net8.0\Eliassen.System.Tests.dll" adapterTypeName="executor://mstestadapter/v2" className="Eliassen.System.Tests.Linq.QueryableExtensionsTests" name="ExecuteByTest_Sort" />
    </UnitTest>
    <UnitTest name="ToEnumTest (Val2,Val1,Val1, Val2)" storage="c:\repos\nucleus\nucleus.net.libs\framework\eliassen.system.tests\bin\release\net8.0\eliassen.system.tests.dll" id="51b3917d-24ec-e1ae-8b96-e40add1a9fbb" xmlns="http://microsoft.com/schemas/VisualStudio/TeamTest/2010">
      <TestCategory>
        <TestCategoryItem TestCategory="Unit" />
      </TestCategory>
      <Execution id="e57533bb-ba57-4eb9-95fd-e6e0635d1d6c" />
      <TestMethod codeBase="c:\Repos\Nucleus\Nucleus.Net.Libs\Framework\Eliassen.System.Tests\bin\Release\net8.0\Eliassen.System.Tests.dll" adapterTypeName="executor://mstestadapter/v2" className="Eliassen.System.Tests.Reflection.EnumExtensionsTests" name="ToEnumTest" />
    </UnitTest>
    <UnitTest name="ToEnumTest (name2,WithMemberName)" storage="c:\repos\nucleus\nucleus.net.libs\framework\eliassen.system.tests\bin\release\net8.0\eliassen.system.tests.dll" id="74c0350c-cd7d-cb05-e9ec-3dbfcdb5e334" xmlns="http://microsoft.com/schemas/VisualStudio/TeamTest/2010">
      <TestCategory>
        <TestCategoryItem TestCategory="Unit" />
      </TestCategory>
      <Execution id="3f2bae64-395b-436c-8e1a-3b2e9cab7249" />
      <TestMethod codeBase="c:\Repos\Nucleus\Nucleus.Net.Libs\Framework\Eliassen.System.Tests\bin\Release\net8.0\Eliassen.System.Tests.dll" adapterTypeName="executor://mstestadapter/v2" className="Eliassen.System.Tests.Reflection.EnumExtensionsTests" name="ToEnumTest" />
    </UnitTest>
    <UnitTest name="ToEnumTest (Val2, Val1,Val1, Val2)" storage="c:\repos\nucleus\nucleus.net.libs\framework\eliassen.system.tests\bin\release\net8.0\eliassen.system.tests.dll" id="bfa565c7-fa2e-8baa-d496-303afe5abd4e" xmlns="http://microsoft.com/schemas/VisualStudio/TeamTest/2010">
      <TestCategory>
        <TestCategoryItem TestCategory="Unit" />
      </TestCategory>
      <Execution id="f8a92779-5ab8-4cb9-a168-2121fa852f2a" />
      <TestMethod codeBase="c:\Repos\Nucleus\Nucleus.Net.Libs\Framework\Eliassen.System.Tests\bin\Release\net8.0\Eliassen.System.Tests.dll" adapterTypeName="executor://mstestadapter/v2" className="Eliassen.System.Tests.Reflection.EnumExtensionsTests" name="ToEnumTest" />
    </UnitTest>
    <UnitTest name="ExecuteByTest_Sort (Name,Descending,999,998,997,996,995,994,993,992,991,990)" storage="c:\repos\nucleus\nucleus.net.libs\framework\eliassen.system.tests\bin\release\net8.0\eliassen.system.tests.dll" id="e3aee510-497a-29c4-a957-cf3658ce44bf" xmlns="http://microsoft.com/schemas/VisualStudio/TeamTest/2010">
      <TestCategory>
        <TestCategoryItem TestCategory="Unit" />
      </TestCategory>
      <Execution id="e29829e2-e09b-4b7f-8c5a-0b3c93a58858" />
      <TestMethod codeBase="c:\Repos\Nucleus\Nucleus.Net.Libs\Framework\Eliassen.System.Tests\bin\Release\net8.0\Eliassen.System.Tests.dll" adapterTypeName="executor://mstestadapter/v2" className="Eliassen.System.Tests.Linq.QueryableExtensionsTests" name="ExecuteByTest_Sort" />
    </UnitTest>
    <UnitTest name="ToEnumTest (test display,WithDisplay)" storage="c:\repos\nucleus\nucleus.net.libs\framework\eliassen.system.tests\bin\release\net8.0\eliassen.system.tests.dll" id="38847c53-ed57-2707-a54c-021211b43dbe" xmlns="http://microsoft.com/schemas/VisualStudio/TeamTest/2010">
      <TestCategory>
        <TestCategoryItem TestCategory="Unit" />
      </TestCategory>
      <Execution id="37a32046-ac8a-46b1-add6-81681f6821ec" />
      <TestMethod codeBase="c:\Repos\Nucleus\Nucleus.Net.Libs\Framework\Eliassen.System.Tests\bin\Release\net8.0\Eliassen.System.Tests.dll" adapterTypeName="executor://mstestadapter/v2" className="Eliassen.System.Tests.Reflection.EnumExtensionsTests" name="ToEnumTest" />
    </UnitTest>
    <UnitTest name="ToEnumTest (test short,WithDisplay)" storage="c:\repos\nucleus\nucleus.net.libs\framework\eliassen.system.tests\bin\release\net8.0\eliassen.system.tests.dll" id="6a819246-7db0-b20a-947c-c26438c9bd63" xmlns="http://microsoft.com/schemas/VisualStudio/TeamTest/2010">
      <TestCategory>
        <TestCategoryItem TestCategory="Unit" />
      </TestCategory>
      <Execution id="186e7de0-eec0-4ad4-b4a3-ce2107158feb" />
      <TestMethod codeBase="c:\Repos\Nucleus\Nucleus.Net.Libs\Framework\Eliassen.System.Tests\bin\Release\net8.0\Eliassen.System.Tests.dll" adapterTypeName="executor://mstestadapter/v2" className="Eliassen.System.Tests.Reflection.EnumExtensionsTests" name="ToEnumTest" />
    </UnitTest>
    <UnitTest name="ToEnumTest (3,Val1, Val2)" storage="c:\repos\nucleus\nucleus.net.libs\framework\eliassen.system.tests\bin\release\net8.0\eliassen.system.tests.dll" id="f0a8452b-a880-3678-5fa2-b0b5343292bb" xmlns="http://microsoft.com/schemas/VisualStudio/TeamTest/2010">
      <TestCategory>
        <TestCategoryItem TestCategory="Unit" />
      </TestCategory>
      <Execution id="ef073c36-8900-4a29-941a-93c273a1482e" />
      <TestMethod codeBase="c:\Repos\Nucleus\Nucleus.Net.Libs\Framework\Eliassen.System.Tests\bin\Release\net8.0\Eliassen.System.Tests.dll" adapterTypeName="executor://mstestadapter/v2" className="Eliassen.System.Tests.Reflection.EnumExtensionsTests" name="ToEnumTest" />
    </UnitTest>
    <UnitTest name="ToEnumTest (Val2|Val1,Val1, Val2)" storage="c:\repos\nucleus\nucleus.net.libs\framework\eliassen.system.tests\bin\release\net8.0\eliassen.system.tests.dll" id="85c1e566-d68d-d955-a41f-828e82e07cee" xmlns="http://microsoft.com/schemas/VisualStudio/TeamTest/2010">
      <TestCategory>
        <TestCategoryItem TestCategory="Unit" />
      </TestCategory>
      <Execution id="a6387c49-36ed-46fb-95dc-d2adefee172f" />
      <TestMethod codeBase="c:\Repos\Nucleus\Nucleus.Net.Libs\Framework\Eliassen.System.Tests\bin\Release\net8.0\Eliassen.System.Tests.dll" adapterTypeName="executor://mstestadapter/v2" className="Eliassen.System.Tests.Reflection.EnumExtensionsTests" name="ToEnumTest" />
    </UnitTest>
    <UnitTest name="ToEnumTest (4,WithEnumValue)" storage="c:\repos\nucleus\nucleus.net.libs\framework\eliassen.system.tests\bin\release\net8.0\eliassen.system.tests.dll" id="27d7c2e1-6a3b-6d4f-0096-57d930cb5166" xmlns="http://microsoft.com/schemas/VisualStudio/TeamTest/2010">
      <TestCategory>
        <TestCategoryItem TestCategory="Unit" />
      </TestCategory>
      <Execution id="d2af7365-7d24-480d-a400-0e05744713dd" />
      <TestMethod codeBase="c:\Repos\Nucleus\Nucleus.Net.Libs\Framework\Eliassen.System.Tests\bin\Release\net8.0\Eliassen.System.Tests.dll" adapterTypeName="executor://mstestadapter/v2" className="Eliassen.System.Tests.Reflection.EnumExtensionsTests" name="ToEnumTest" />
    </UnitTest>
    <UnitTest name="ToEnumTest (Val2 ,Val1,Val1, Val2)" storage="c:\repos\nucleus\nucleus.net.libs\framework\eliassen.system.tests\bin\release\net8.0\eliassen.system.tests.dll" id="d4c79ddc-bac1-9c46-ff17-af527979978d" xmlns="http://microsoft.com/schemas/VisualStudio/TeamTest/2010">
      <TestCategory>
        <TestCategoryItem TestCategory="Unit" />
      </TestCategory>
      <Execution id="4b47c1d1-47e6-4110-8726-330ee0e8b396" />
      <TestMethod codeBase="c:\Repos\Nucleus\Nucleus.Net.Libs\Framework\Eliassen.System.Tests\bin\Release\net8.0\Eliassen.System.Tests.dll" adapterTypeName="executor://mstestadapter/v2" className="Eliassen.System.Tests.Reflection.EnumExtensionsTests" name="ToEnumTest" />
    </UnitTest>
    <UnitTest name="ExecuteByTest_Sort (name,Descending,999,998,997,996,995,994,993,992,991,990)" storage="c:\repos\nucleus\nucleus.net.libs\framework\eliassen.system.tests\bin\release\net8.0\eliassen.system.tests.dll" id="02f35529-4ead-47e9-3f31-cb3572ed4bd3" xmlns="http://microsoft.com/schemas/VisualStudio/TeamTest/2010">
      <TestCategory>
        <TestCategoryItem TestCategory="Unit" />
      </TestCategory>
      <Execution id="5a99d377-0a53-48ab-a8d1-84f83429ba1b" />
      <TestMethod codeBase="c:\Repos\Nucleus\Nucleus.Net.Libs\Framework\Eliassen.System.Tests\bin\Release\net8.0\Eliassen.System.Tests.dll" adapterTypeName="executor://mstestadapter/v2" className="Eliassen.System.Tests.Linq.QueryableExtensionsTests" name="ExecuteByTest_Sort" />
    </UnitTest>
    <UnitTest name="ToEnumTest (test name,WithDisplay)" storage="c:\repos\nucleus\nucleus.net.libs\framework\eliassen.system.tests\bin\release\net8.0\eliassen.system.tests.dll" id="904d5d76-7886-9282-84ca-d6d2d719e578" xmlns="http://microsoft.com/schemas/VisualStudio/TeamTest/2010">
      <TestCategory>
        <TestCategoryItem TestCategory="Unit" />
      </TestCategory>
      <Execution id="6186f790-fb76-4a2b-8908-a2e7696d1f9a" />
      <TestMethod codeBase="c:\Repos\Nucleus\Nucleus.Net.Libs\Framework\Eliassen.System.Tests\bin\Release\net8.0\Eliassen.System.Tests.dll" adapterTypeName="executor://mstestadapter/v2" className="Eliassen.System.Tests.Reflection.EnumExtensionsTests" name="ToEnumTest" />
    </UnitTest>
    <UnitTest name="ToEnumTest (test short,WithDisplay)" storage="c:\repos\nucleus\nucleus.net.libs\framework\eliassen.system.tests\bin\release\net8.0\eliassen.system.tests.dll" id="dd99c6d8-5061-c33e-9fb5-f6db9b5c95f7" xmlns="http://microsoft.com/schemas/VisualStudio/TeamTest/2010">
      <TestCategory>
        <TestCategoryItem TestCategory="Unit" />
      </TestCategory>
      <Execution id="75bf6047-ea0e-41b5-830d-d9d9d4912604" />
      <TestMethod codeBase="c:\Repos\Nucleus\Nucleus.Net.Libs\Framework\Eliassen.System.Tests\bin\Release\net8.0\Eliassen.System.Tests.dll" adapterTypeName="executor://mstestadapter/v2" className="Eliassen.System.Tests.Reflection.EnumExtensionsTests" name="ToEnumTest" />
    </UnitTest>
    <UnitTest name="ToEnumTest (test description,WithDescription)" storage="c:\repos\nucleus\nucleus.net.libs\framework\eliassen.system.tests\bin\release\net8.0\eliassen.system.tests.dll" id="7409cd42-f673-2565-2261-30abc9b0641d" xmlns="http://microsoft.com/schemas/VisualStudio/TeamTest/2010">
      <TestCategory>
        <TestCategoryItem TestCategory="Unit" />
      </TestCategory>
      <Execution id="0e0d6807-c148-41cd-8bfe-7e90adfef3ce" />
      <TestMethod codeBase="c:\Repos\Nucleus\Nucleus.Net.Libs\Framework\Eliassen.System.Tests\bin\Release\net8.0\Eliassen.System.Tests.dll" adapterTypeName="executor://mstestadapter/v2" className="Eliassen.System.Tests.Reflection.EnumExtensionsTests" name="ToEnumTest" />
    </UnitTest>
    <UnitTest name="ToEnumTest (name,WithEnumValue)" storage="c:\repos\nucleus\nucleus.net.libs\framework\eliassen.system.tests\bin\release\net8.0\eliassen.system.tests.dll" id="c737a9ae-6e38-8556-c3b4-7587ecb9acbb" xmlns="http://microsoft.com/schemas/VisualStudio/TeamTest/2010">
      <TestCategory>
        <TestCategoryItem TestCategory="Unit" />
      </TestCategory>
      <Execution id="4636552b-eee8-45c8-8b89-ee19180edd16" />
      <TestMethod codeBase="c:\Repos\Nucleus\Nucleus.Net.Libs\Framework\Eliassen.System.Tests\bin\Release\net8.0\Eliassen.System.Tests.dll" adapterTypeName="executor://mstestadapter/v2" className="Eliassen.System.Tests.Reflection.EnumExtensionsTests" name="ToEnumTest" />
    </UnitTest>
    <UnitTest name="ToEnumTest (test display,WithDisplay)" storage="c:\repos\nucleus\nucleus.net.libs\framework\eliassen.system.tests\bin\release\net8.0\eliassen.system.tests.dll" id="86518760-fa00-295e-47cc-e5d6dba47527" xmlns="http://microsoft.com/schemas/VisualStudio/TeamTest/2010">
      <TestCategory>
        <TestCategoryItem TestCategory="Unit" />
      </TestCategory>
      <Execution id="35ab43cd-1869-4f9b-8507-ada9b40c2034" />
      <TestMethod codeBase="c:\Repos\Nucleus\Nucleus.Net.Libs\Framework\Eliassen.System.Tests\bin\Release\net8.0\Eliassen.System.Tests.dll" adapterTypeName="executor://mstestadapter/v2" className="Eliassen.System.Tests.Reflection.EnumExtensionsTests" name="ToEnumTest" />
    </UnitTest>
    <UnitTest name="ToEnumTest (Val2,Val1,Val1, Val2)" storage="c:\repos\nucleus\nucleus.net.libs\framework\eliassen.system.tests\bin\release\net8.0\eliassen.system.tests.dll" id="08cb4208-4fe7-b76b-4972-5be8287f6cc2" xmlns="http://microsoft.com/schemas/VisualStudio/TeamTest/2010">
      <TestCategory>
        <TestCategoryItem TestCategory="Unit" />
      </TestCategory>
      <Execution id="0f2fc219-d5ec-4f5e-b13a-048ae18e0020" />
      <TestMethod codeBase="c:\Repos\Nucleus\Nucleus.Net.Libs\Framework\Eliassen.System.Tests\bin\Release\net8.0\Eliassen.System.Tests.dll" adapterTypeName="executor://mstestadapter/v2" className="Eliassen.System.Tests.Reflection.EnumExtensionsTests" name="ToEnumTest" />
    </UnitTest>
    <UnitTest name="ToEnumTest (Val2,Val2)" storage="c:\repos\nucleus\nucleus.net.libs\framework\eliassen.system.tests\bin\release\net8.0\eliassen.system.tests.dll" id="ef7812d1-d662-c64d-e88c-8e391f4a0f87" xmlns="http://microsoft.com/schemas/VisualStudio/TeamTest/2010">
      <TestCategory>
        <TestCategoryItem TestCategory="Unit" />
      </TestCategory>
      <Execution id="6840b25e-443c-4ec5-b295-6719b922103e" />
      <TestMethod codeBase="c:\Repos\Nucleus\Nucleus.Net.Libs\Framework\Eliassen.System.Tests\bin\Release\net8.0\Eliassen.System.Tests.dll" adapterTypeName="executor://mstestadapter/v2" className="Eliassen.System.Tests.Reflection.EnumExtensionsTests" name="ToEnumTest" />
    </UnitTest>
    <UnitTest name="ToEnumTest (1,Val1)" storage="c:\repos\nucleus\nucleus.net.libs\framework\eliassen.system.tests\bin\release\net8.0\eliassen.system.tests.dll" id="73b345a6-01ee-1f99-e257-2bd3980b2a55" xmlns="http://microsoft.com/schemas/VisualStudio/TeamTest/2010">
      <TestCategory>
        <TestCategoryItem TestCategory="Unit" />
      </TestCategory>
      <Execution id="3469966c-9f3e-4d99-8fc2-a96242f813e1" />
      <TestMethod codeBase="c:\Repos\Nucleus\Nucleus.Net.Libs\Framework\Eliassen.System.Tests\bin\Release\net8.0\Eliassen.System.Tests.dll" adapterTypeName="executor://mstestadapter/v2" className="Eliassen.System.Tests.Reflection.EnumExtensionsTests" name="ToEnumTest" />
    </UnitTest>
    <UnitTest name="ToEnumTest (-1,-1)" storage="c:\repos\nucleus\nucleus.net.libs\framework\eliassen.system.tests\bin\release\net8.0\eliassen.system.tests.dll" id="5fe0a77c-457c-1ad4-ea90-21c6f2197cf3" xmlns="http://microsoft.com/schemas/VisualStudio/TeamTest/2010">
      <TestCategory>
        <TestCategoryItem TestCategory="Unit" />
      </TestCategory>
      <Execution id="8418ecf4-9d6f-4e22-91aa-5451d0a7c120" />
      <TestMethod codeBase="c:\Repos\Nucleus\Nucleus.Net.Libs\Framework\Eliassen.System.Tests\bin\Release\net8.0\Eliassen.System.Tests.dll" adapterTypeName="executor://mstestadapter/v2" className="Eliassen.System.Tests.Reflection.EnumExtensionsTests" name="ToEnumTest" />
    </UnitTest>
    <UnitTest name="ToEnumTest (Val2, Val1,Val1, Val2)" storage="c:\repos\nucleus\nucleus.net.libs\framework\eliassen.system.tests\bin\release\net8.0\eliassen.system.tests.dll" id="8f963ded-5435-4dfe-3694-5269d26ce987" xmlns="http://microsoft.com/schemas/VisualStudio/TeamTest/2010">
      <TestCategory>
        <TestCategoryItem TestCategory="Unit" />
      </TestCategory>
      <Execution id="cc08876b-355e-476b-a399-8d0236e7c4bb" />
      <TestMethod codeBase="c:\Repos\Nucleus\Nucleus.Net.Libs\Framework\Eliassen.System.Tests\bin\Release\net8.0\Eliassen.System.Tests.dll" adapterTypeName="executor://mstestadapter/v2" className="Eliassen.System.Tests.Reflection.EnumExtensionsTests" name="ToEnumTest" />
    </UnitTest>
    <UnitTest name="ToEnumTest (Val2 , Val1,Val1, Val2)" storage="c:\repos\nucleus\nucleus.net.libs\framework\eliassen.system.tests\bin\release\net8.0\eliassen.system.tests.dll" id="00605a31-5bf4-6a10-d5d8-68605ca0fe9e" xmlns="http://microsoft.com/schemas/VisualStudio/TeamTest/2010">
      <TestCategory>
        <TestCategoryItem TestCategory="Unit" />
      </TestCategory>
      <Execution id="ebf56426-efb9-452a-8628-f5699921638c" />
      <TestMethod codeBase="c:\Repos\Nucleus\Nucleus.Net.Libs\Framework\Eliassen.System.Tests\bin\Release\net8.0\Eliassen.System.Tests.dll" adapterTypeName="executor://mstestadapter/v2" className="Eliassen.System.Tests.Reflection.EnumExtensionsTests" name="ToEnumTest" />
    </UnitTest>
    <UnitTest name="ExecuteByTest_Sort (Name,Ascending,0,1,10,100,101,102,103,104,105,106)" storage="c:\repos\nucleus\nucleus.net.libs\framework\eliassen.system.tests\bin\release\net8.0\eliassen.system.tests.dll" id="66aadc34-05ee-03ee-7c60-4bddd836a077" xmlns="http://microsoft.com/schemas/VisualStudio/TeamTest/2010">
      <TestCategory>
        <TestCategoryItem TestCategory="Unit" />
      </TestCategory>
      <Execution id="8fffc09a-fa07-40bd-9562-4033a141c6e6" />
      <TestMethod codeBase="c:\Repos\Nucleus\Nucleus.Net.Libs\Framework\Eliassen.System.Tests\bin\Release\net8.0\Eliassen.System.Tests.dll" adapterTypeName="executor://mstestadapter/v2" className="Eliassen.System.Tests.Linq.QueryableExtensionsTests" name="ExecuteByTest_Sort" />
    </UnitTest>
    <UnitTest name="ExecuteByTest_Sort (Name,Descending,999,998,997,996,995,994,993,992,991,990)" storage="c:\repos\nucleus\nucleus.net.libs\framework\eliassen.system.tests\bin\release\net8.0\eliassen.system.tests.dll" id="cc1b359f-b5fb-d9ba-7555-848df199bc6d" xmlns="http://microsoft.com/schemas/VisualStudio/TeamTest/2010">
      <TestCategory>
        <TestCategoryItem TestCategory="Unit" />
      </TestCategory>
      <Execution id="3d011932-da18-4e77-8839-159b1e267a83" />
      <TestMethod codeBase="c:\Repos\Nucleus\Nucleus.Net.Libs\Framework\Eliassen.System.Tests\bin\Release\net8.0\Eliassen.System.Tests.dll" adapterTypeName="executor://mstestadapter/v2" className="Eliassen.System.Tests.Linq.QueryableExtensionsTests" name="ExecuteByTest_Sort" />
    </UnitTest>
    <UnitTest name="ExecuteByTest_Sort (NAME,Descending,999,998,997,996,995,994,993,992,991,990)" storage="c:\repos\nucleus\nucleus.net.libs\framework\eliassen.system.tests\bin\release\net8.0\eliassen.system.tests.dll" id="a60b6d3e-da8f-8208-5340-a670e426e0ab" xmlns="http://microsoft.com/schemas/VisualStudio/TeamTest/2010">
      <TestCategory>
        <TestCategoryItem TestCategory="Unit" />
      </TestCategory>
      <Execution id="6e36dab4-5868-4ee2-b6a8-af2277b8154c" />
      <TestMethod codeBase="c:\Repos\Nucleus\Nucleus.Net.Libs\Framework\Eliassen.System.Tests\bin\Release\net8.0\Eliassen.System.Tests.dll" adapterTypeName="executor://mstestadapter/v2" className="Eliassen.System.Tests.Linq.QueryableExtensionsTests" name="ExecuteByTest_Sort" />
    </UnitTest>
    <UnitTest name="ToEnumTest (0,Val0)" storage="c:\repos\nucleus\nucleus.net.libs\framework\eliassen.system.tests\bin\release\net8.0\eliassen.system.tests.dll" id="2d610960-5163-7dee-2e11-4657bfeeb260" xmlns="http://microsoft.com/schemas/VisualStudio/TeamTest/2010">
      <TestCategory>
        <TestCategoryItem TestCategory="Unit" />
      </TestCategory>
      <Execution id="440b325e-4bb4-4744-9954-67b181635bc2" />
      <TestMethod codeBase="c:\Repos\Nucleus\Nucleus.Net.Libs\Framework\Eliassen.System.Tests\bin\Release\net8.0\Eliassen.System.Tests.dll" adapterTypeName="executor://mstestadapter/v2" className="Eliassen.System.Tests.Reflection.EnumExtensionsTests" name="ToEnumTest" />
    </UnitTest>
    <UnitTest name="ToEnumTest (name,name2|test name,WithEnumValue, WithMemberName, WithDisplay)" storage="c:\repos\nucleus\nucleus.net.libs\framework\eliassen.system.tests\bin\release\net8.0\eliassen.system.tests.dll" id="5a587cdd-33a2-0450-b436-28e3c32ca2bc" xmlns="http://microsoft.com/schemas/VisualStudio/TeamTest/2010">
      <TestCategory>
        <TestCategoryItem TestCategory="Unit" />
      </TestCategory>
      <Execution id="6be602ab-7126-46c6-a9d1-75c6cbbceaf0" />
      <TestMethod codeBase="c:\Repos\Nucleus\Nucleus.Net.Libs\Framework\Eliassen.System.Tests\bin\Release\net8.0\Eliassen.System.Tests.dll" adapterTypeName="executor://mstestadapter/v2" className="Eliassen.System.Tests.Reflection.EnumExtensionsTests" name="ToEnumTest" />
    </UnitTest>
    <UnitTest name="ToEnumTest (2,Val2)" storage="c:\repos\nucleus\nucleus.net.libs\framework\eliassen.system.tests\bin\release\net8.0\eliassen.system.tests.dll" id="4dd54268-ca5c-f2ac-0f75-c1f879346a6a" xmlns="http://microsoft.com/schemas/VisualStudio/TeamTest/2010">
      <TestCategory>
        <TestCategoryItem TestCategory="Unit" />
      </TestCategory>
      <Execution id="cd953fb9-5bee-4fd9-a2de-b4fd01eff5fd" />
      <TestMethod codeBase="c:\Repos\Nucleus\Nucleus.Net.Libs\Framework\Eliassen.System.Tests\bin\Release\net8.0\Eliassen.System.Tests.dll" adapterTypeName="executor://mstestadapter/v2" className="Eliassen.System.Tests.Reflection.EnumExtensionsTests" name="ToEnumTest" />
    </UnitTest>
    <UnitTest name="ToEnumTest (Val1,Val1)" storage="c:\repos\nucleus\nucleus.net.libs\framework\eliassen.system.tests\bin\release\net8.0\eliassen.system.tests.dll" id="fead0924-ca29-6130-f519-2482f200a666" xmlns="http://microsoft.com/schemas/VisualStudio/TeamTest/2010">
      <TestCategory>
        <TestCategoryItem TestCategory="Unit" />
      </TestCategory>
      <Execution id="47c649b6-b029-430b-a7bc-62b99ee7a453" />
      <TestMethod codeBase="c:\Repos\Nucleus\Nucleus.Net.Libs\Framework\Eliassen.System.Tests\bin\Release\net8.0\Eliassen.System.Tests.dll" adapterTypeName="executor://mstestadapter/v2" className="Eliassen.System.Tests.Reflection.EnumExtensionsTests" name="ToEnumTest" />
    </UnitTest>
    <UnitTest name="ToEnumTest (name2,WithMemberName)" storage="c:\repos\nucleus\nucleus.net.libs\framework\eliassen.system.tests\bin\release\net8.0\eliassen.system.tests.dll" id="c0747f59-826b-81b4-d050-0ed251150a5f" xmlns="http://microsoft.com/schemas/VisualStudio/TeamTest/2010">
      <TestCategory>
        <TestCategoryItem TestCategory="Unit" />
      </TestCategory>
      <Execution id="cb53f06d-b81b-4578-aa16-3394a1ed38b9" />
      <TestMethod codeBase="c:\Repos\Nucleus\Nucleus.Net.Libs\Framework\Eliassen.System.Tests\bin\Release\net8.0\Eliassen.System.Tests.dll" adapterTypeName="executor://mstestadapter/v2" className="Eliassen.System.Tests.Reflection.EnumExtensionsTests" name="ToEnumTest" />
    </UnitTest>
  </TestDefinitions>
  <TestEntries >
    <TestEntry testId="6e40d08d-5283-ed81-5042-cf4b25b8a9b0" executionId="0acce66f-758d-450e-b1bf-a5a669602a24" testListId="8c84fa94-04c1-424b-9868-57a2d4851a1d" xmlns="http://microsoft.com/schemas/VisualStudio/TeamTest/2010" />
    <TestEntry testId="94603f64-5739-e688-dcfd-6687308b4a9a" executionId="4493d6bb-9031-4f7e-bfd3-b75e1ac6eaff" testListId="8c84fa94-04c1-424b-9868-57a2d4851a1d" xmlns="http://microsoft.com/schemas/VisualStudio/TeamTest/2010" />
    <TestEntry testId="5bb4fd62-5d31-f92e-3aec-4b3c222ba16c" executionId="e7787669-8be0-41b2-8f60-1d4e09db1ac5" testListId="8c84fa94-04c1-424b-9868-57a2d4851a1d" xmlns="http://microsoft.com/schemas/VisualStudio/TeamTest/2010" />
    <TestEntry testId="4756cbfe-51aa-abcc-147f-e97a51057db5" executionId="3e2ddb6b-ca65-49fb-9474-1202b8ac2776" testListId="8c84fa94-04c1-424b-9868-57a2d4851a1d" xmlns="http://microsoft.com/schemas/VisualStudio/TeamTest/2010" />
    <TestEntry testId="b14f6909-8be4-5d0a-1d4e-766cb1e4abd6" executionId="13c35fe1-1c3b-400d-9abe-8d55f473d6c9" testListId="8c84fa94-04c1-424b-9868-57a2d4851a1d" xmlns="http://microsoft.com/schemas/VisualStudio/TeamTest/2010" />
    <TestEntry testId="419ef0dc-c4eb-bdc4-db64-68fe0fa43397" executionId="7b271cca-9263-4c7c-836c-c1dbd82fa85f" testListId="8c84fa94-04c1-424b-9868-57a2d4851a1d" xmlns="http://microsoft.com/schemas/VisualStudio/TeamTest/2010" />
    <TestEntry testId="8aec3498-0c1a-9091-2458-51d1c67933bf" executionId="c131e94a-45de-459c-8107-6de39be9d243" testListId="8c84fa94-04c1-424b-9868-57a2d4851a1d" xmlns="http://microsoft.com/schemas/VisualStudio/TeamTest/2010" />
    <TestEntry testId="09f85366-159b-5dce-cdaa-bbbd3e98347c" executionId="f7ffb77d-cf97-41ef-ab1a-c41f400cf4bb" testListId="8c84fa94-04c1-424b-9868-57a2d4851a1d" xmlns="http://microsoft.com/schemas/VisualStudio/TeamTest/2010" />
    <TestEntry testId="bb6d8621-db33-2366-8e82-a87beebdef19" executionId="dbec80d6-0b1d-4eaa-b782-2e4b7efad0b8" testListId="8c84fa94-04c1-424b-9868-57a2d4851a1d" xmlns="http://microsoft.com/schemas/VisualStudio/TeamTest/2010" />
    <TestEntry testId="ed2eb3a8-9a8f-8428-0d0a-7e6a2f6200e2" executionId="febe99de-d96a-45b3-901c-742c349d3dbb" testListId="8c84fa94-04c1-424b-9868-57a2d4851a1d" xmlns="http://microsoft.com/schemas/VisualStudio/TeamTest/2010" />
    <TestEntry testId="bfc7f80f-e281-5816-dc57-387e099d2a10" executionId="acbff6c5-a55b-42a6-8678-0e74b9d2590c" testListId="8c84fa94-04c1-424b-9868-57a2d4851a1d" xmlns="http://microsoft.com/schemas/VisualStudio/TeamTest/2010" />
    <TestEntry testId="726abc2c-502d-4a5c-e2c7-073f21d793da" executionId="da85f658-0a99-476a-9cc5-15d4adebbddb" testListId="8c84fa94-04c1-424b-9868-57a2d4851a1d" xmlns="http://microsoft.com/schemas/VisualStudio/TeamTest/2010" />
    <TestEntry testId="35da343a-5826-ac4c-688a-c2bbf7572a30" executionId="41d61e73-2828-41fe-a5fd-64bcdef9d1b9" testListId="8c84fa94-04c1-424b-9868-57a2d4851a1d" xmlns="http://microsoft.com/schemas/VisualStudio/TeamTest/2010" />
    <TestEntry testId="de980556-11bb-d6e9-c03a-e5592a3218d5" executionId="edf66979-b191-46f8-ad5b-c9af59acfbf4" testListId="8c84fa94-04c1-424b-9868-57a2d4851a1d" xmlns="http://microsoft.com/schemas/VisualStudio/TeamTest/2010" />
    <TestEntry testId="4173abf6-6eee-31f5-7205-ad46c7104d49" executionId="61c0a58e-73fc-47ee-8be7-13ce03946440" testListId="8c84fa94-04c1-424b-9868-57a2d4851a1d" xmlns="http://microsoft.com/schemas/VisualStudio/TeamTest/2010" />
    <TestEntry testId="01e51d56-c992-5e2d-f6ea-cf3f1977a589" executionId="51c2187f-d395-413c-aef0-ce00d213c730" testListId="8c84fa94-04c1-424b-9868-57a2d4851a1d" xmlns="http://microsoft.com/schemas/VisualStudio/TeamTest/2010" />
    <TestEntry testId="cafd6058-6aab-9d1f-69ad-4c9f56040de6" executionId="5af1b04b-35fe-47c9-9938-43d2648055a7" testListId="8c84fa94-04c1-424b-9868-57a2d4851a1d" xmlns="http://microsoft.com/schemas/VisualStudio/TeamTest/2010" />
    <TestEntry testId="2e0c9851-0485-aa3c-d24f-7fccd80074f4" executionId="a8a50ed7-efd8-443c-9e29-24d2caac2081" testListId="8c84fa94-04c1-424b-9868-57a2d4851a1d" xmlns="http://microsoft.com/schemas/VisualStudio/TeamTest/2010" />
    <TestEntry testId="67b6a854-1fe4-5528-77d6-501bd90b9a20" executionId="6386ab09-339a-4976-ba26-255ff3b5835c" testListId="8c84fa94-04c1-424b-9868-57a2d4851a1d" xmlns="http://microsoft.com/schemas/VisualStudio/TeamTest/2010" />
    <TestEntry testId="b6498f29-1231-5fcf-4954-1746daa0500d" executionId="1205c8d9-b0c3-4d67-966e-4aa7ca1f3e90" testListId="8c84fa94-04c1-424b-9868-57a2d4851a1d" xmlns="http://microsoft.com/schemas/VisualStudio/TeamTest/2010" />
    <TestEntry testId="e350703c-47df-56f0-b995-a52c38b53eca" executionId="f44ef825-89ea-40fe-98cc-bb4155732189" testListId="8c84fa94-04c1-424b-9868-57a2d4851a1d" xmlns="http://microsoft.com/schemas/VisualStudio/TeamTest/2010" />
    <TestEntry testId="4bf38066-0bb2-757e-8a8e-3db6781b25d2" executionId="287d2aa0-5656-4896-9784-20b5e978a9b2" testListId="8c84fa94-04c1-424b-9868-57a2d4851a1d" xmlns="http://microsoft.com/schemas/VisualStudio/TeamTest/2010" />
    <TestEntry testId="0f7e3e16-777a-5558-36e8-70ed511d8dc2" executionId="3fefcdcb-7f67-42a8-8dae-9f0b0986694b" testListId="8c84fa94-04c1-424b-9868-57a2d4851a1d" xmlns="http://microsoft.com/schemas/VisualStudio/TeamTest/2010" />
    <TestEntry testId="e350703c-47df-56f0-b995-a52c38b53eca" executionId="a2d98fbf-992d-44f6-9150-821ac3bd3bee" testListId="8c84fa94-04c1-424b-9868-57a2d4851a1d" xmlns="http://microsoft.com/schemas/VisualStudio/TeamTest/2010" />
    <TestEntry testId="f3383018-7bb0-86e7-cb57-311d72bf2f87" executionId="8ec99568-7191-477c-b6e8-8cb5776a1b08" testListId="8c84fa94-04c1-424b-9868-57a2d4851a1d" xmlns="http://microsoft.com/schemas/VisualStudio/TeamTest/2010" />
    <TestEntry testId="e350703c-47df-56f0-b995-a52c38b53eca" executionId="7fecb8ef-eee2-4a6e-a492-77ad5c74012d" testListId="8c84fa94-04c1-424b-9868-57a2d4851a1d" xmlns="http://microsoft.com/schemas/VisualStudio/TeamTest/2010" />
    <TestEntry testId="2b082eef-4fa9-3b0c-8d19-b1f036cc7147" executionId="2ff51e66-075d-4c06-ba9a-c3a71b177b7f" testListId="8c84fa94-04c1-424b-9868-57a2d4851a1d" xmlns="http://microsoft.com/schemas/VisualStudio/TeamTest/2010" />
    <TestEntry testId="67b6a854-1fe4-5528-77d6-501bd90b9a20" executionId="4c0a4ffe-4e42-4e77-add2-2dd5e821b3e7" testListId="8c84fa94-04c1-424b-9868-57a2d4851a1d" xmlns="http://microsoft.com/schemas/VisualStudio/TeamTest/2010" />
    <TestEntry testId="63fad722-7037-7050-fa28-b32ff1a4ec2f" executionId="ebc548de-dccb-49fb-83cc-604d51a270c6" testListId="8c84fa94-04c1-424b-9868-57a2d4851a1d" xmlns="http://microsoft.com/schemas/VisualStudio/TeamTest/2010" />
    <TestEntry testId="1c0197db-d7ab-18ba-d57c-a34403249bdb" executionId="d2fe3096-1fd9-4535-b926-56aab8c563a1" testListId="8c84fa94-04c1-424b-9868-57a2d4851a1d" xmlns="http://microsoft.com/schemas/VisualStudio/TeamTest/2010" />
    <TestEntry testId="a4cc6556-4b38-556d-d138-b0c8009279f3" executionId="d3051922-3c96-477d-95a5-135a8d22e74b" testListId="8c84fa94-04c1-424b-9868-57a2d4851a1d" xmlns="http://microsoft.com/schemas/VisualStudio/TeamTest/2010" />
    <TestEntry testId="38e9a0c7-b39d-0746-cc04-b6b9aa4e3b7c" executionId="648d670a-358e-4778-98dd-39417ed22f2b" testListId="8c84fa94-04c1-424b-9868-57a2d4851a1d" xmlns="http://microsoft.com/schemas/VisualStudio/TeamTest/2010" />
    <TestEntry testId="b6498f29-1231-5fcf-4954-1746daa0500d" executionId="76f5d5fb-744f-43d8-a3b9-7ef379e06775" testListId="8c84fa94-04c1-424b-9868-57a2d4851a1d" xmlns="http://microsoft.com/schemas/VisualStudio/TeamTest/2010" />
    <TestEntry testId="e350703c-47df-56f0-b995-a52c38b53eca" executionId="6941822a-f093-4a6d-aa2b-ed5b744e853e" testListId="8c84fa94-04c1-424b-9868-57a2d4851a1d" xmlns="http://microsoft.com/schemas/VisualStudio/TeamTest/2010" />
    <TestEntry testId="5adbf889-f6cc-6aad-7fc3-6b99d44bef4c" executionId="5c96730c-c918-48a4-8ab4-9a24b333e2b7" testListId="8c84fa94-04c1-424b-9868-57a2d4851a1d" xmlns="http://microsoft.com/schemas/VisualStudio/TeamTest/2010" />
    <TestEntry testId="b6498f29-1231-5fcf-4954-1746daa0500d" executionId="a01beac9-3dab-4ce0-9cde-e71e5be3b3ac" testListId="8c84fa94-04c1-424b-9868-57a2d4851a1d" xmlns="http://microsoft.com/schemas/VisualStudio/TeamTest/2010" />
    <TestEntry testId="b6498f29-1231-5fcf-4954-1746daa0500d" executionId="fa86a7ca-8233-4ae9-af29-b4548815056a" testListId="8c84fa94-04c1-424b-9868-57a2d4851a1d" xmlns="http://microsoft.com/schemas/VisualStudio/TeamTest/2010" />
    <TestEntry testId="f78a8ff3-c0d0-976a-acb4-40a970430b93" executionId="4a59e6c9-f402-46bd-b724-6944832289f7" testListId="8c84fa94-04c1-424b-9868-57a2d4851a1d" xmlns="http://microsoft.com/schemas/VisualStudio/TeamTest/2010" />
    <TestEntry testId="453dc636-d45b-01e0-2e5e-4e973ba64495" executionId="e880511b-3e09-46b9-9582-b41357667d9f" testListId="8c84fa94-04c1-424b-9868-57a2d4851a1d" xmlns="http://microsoft.com/schemas/VisualStudio/TeamTest/2010" />
    <TestEntry testId="7fd160bc-3b5b-e6e2-40ae-1974536260f2" executionId="cd1b231e-56bd-4db1-8931-32d5cc11b6bc" testListId="8c84fa94-04c1-424b-9868-57a2d4851a1d" xmlns="http://microsoft.com/schemas/VisualStudio/TeamTest/2010" />
    <TestEntry testId="e350703c-47df-56f0-b995-a52c38b53eca" executionId="8a87272f-3b15-440e-957d-6150dafd0511" testListId="8c84fa94-04c1-424b-9868-57a2d4851a1d" xmlns="http://microsoft.com/schemas/VisualStudio/TeamTest/2010" />
    <TestEntry testId="a68de2ae-2056-64c2-a1d0-a4ade981516a" executionId="61d12989-822b-4d73-be78-422486850299" testListId="8c84fa94-04c1-424b-9868-57a2d4851a1d" xmlns="http://microsoft.com/schemas/VisualStudio/TeamTest/2010" />
    <TestEntry testId="e350703c-47df-56f0-b995-a52c38b53eca" executionId="c56be45c-2725-4a26-b0b1-1049ae3bbe4c" testListId="8c84fa94-04c1-424b-9868-57a2d4851a1d" xmlns="http://microsoft.com/schemas/VisualStudio/TeamTest/2010" />
    <TestEntry testId="1410527d-0c96-dadb-f7e7-8873031591f5" executionId="6a88e266-2a69-4258-9884-f49acfb2a8e7" testListId="8c84fa94-04c1-424b-9868-57a2d4851a1d" xmlns="http://microsoft.com/schemas/VisualStudio/TeamTest/2010" />
    <TestEntry testId="e7f0575b-0e45-f2ce-4918-0b10042b2324" executionId="355bca3b-c984-41fa-b68e-95eb58ab658f" testListId="8c84fa94-04c1-424b-9868-57a2d4851a1d" xmlns="http://microsoft.com/schemas/VisualStudio/TeamTest/2010" />
    <TestEntry testId="b6498f29-1231-5fcf-4954-1746daa0500d" executionId="081921ae-b3ee-4d51-aadb-4a57a96141eb" testListId="8c84fa94-04c1-424b-9868-57a2d4851a1d" xmlns="http://microsoft.com/schemas/VisualStudio/TeamTest/2010" />
    <TestEntry testId="9d534b02-84b2-367f-c306-46ab610b3ce8" executionId="1e0da135-c635-4de4-9e43-9f6a04000b2c" testListId="8c84fa94-04c1-424b-9868-57a2d4851a1d" xmlns="http://microsoft.com/schemas/VisualStudio/TeamTest/2010" />
    <TestEntry testId="838644d9-6365-e4a6-691a-5f9e9cba540d" executionId="397733ef-803e-4d6c-bb3c-e18428b890a3" testListId="8c84fa94-04c1-424b-9868-57a2d4851a1d" xmlns="http://microsoft.com/schemas/VisualStudio/TeamTest/2010" />
    <TestEntry testId="c2c5d20e-1a87-0e89-b840-4da7e6550d8e" executionId="9652e884-f565-4c0f-a925-e311afb3575a" testListId="8c84fa94-04c1-424b-9868-57a2d4851a1d" xmlns="http://microsoft.com/schemas/VisualStudio/TeamTest/2010" />
    <TestEntry testId="b6498f29-1231-5fcf-4954-1746daa0500d" executionId="14d56534-3082-418f-8bf3-44cc6ca692e6" testListId="8c84fa94-04c1-424b-9868-57a2d4851a1d" xmlns="http://microsoft.com/schemas/VisualStudio/TeamTest/2010" />
    <TestEntry testId="256bd52f-eccc-f32c-0e34-b0f4b03b83cc" executionId="be1e116e-8292-44ae-8a40-4025650dffd8" testListId="8c84fa94-04c1-424b-9868-57a2d4851a1d" xmlns="http://microsoft.com/schemas/VisualStudio/TeamTest/2010" />
    <TestEntry testId="b6498f29-1231-5fcf-4954-1746daa0500d" executionId="2ff8d5b1-c441-4037-b8ed-111eca582f86" testListId="8c84fa94-04c1-424b-9868-57a2d4851a1d" xmlns="http://microsoft.com/schemas/VisualStudio/TeamTest/2010" />
    <TestEntry testId="84a71d2d-ba2d-93f8-5034-8f6c197225a9" executionId="e9f8bb44-a802-4273-90be-68f60cc17dff" testListId="8c84fa94-04c1-424b-9868-57a2d4851a1d" xmlns="http://microsoft.com/schemas/VisualStudio/TeamTest/2010" />
    <TestEntry testId="0ce23f0f-8bc9-01fa-938b-d8a470ad42da" executionId="5288ea6c-b2c9-461c-b72e-fb7857e14819" testListId="8c84fa94-04c1-424b-9868-57a2d4851a1d" xmlns="http://microsoft.com/schemas/VisualStudio/TeamTest/2010" />
    <TestEntry testId="e350703c-47df-56f0-b995-a52c38b53eca" executionId="d7f309f4-cc56-43d7-84cd-98a138e49532" testListId="8c84fa94-04c1-424b-9868-57a2d4851a1d" xmlns="http://microsoft.com/schemas/VisualStudio/TeamTest/2010" />
    <TestEntry testId="b6498f29-1231-5fcf-4954-1746daa0500d" executionId="6665c721-fcf7-4f79-8334-caa18908d378" testListId="8c84fa94-04c1-424b-9868-57a2d4851a1d" xmlns="http://microsoft.com/schemas/VisualStudio/TeamTest/2010" />
    <TestEntry testId="870b9428-08e8-f91f-14b9-7fcf33dc2d0f" executionId="bd8fba6a-21e5-4c7c-9549-0c85a9c43f93" testListId="8c84fa94-04c1-424b-9868-57a2d4851a1d" xmlns="http://microsoft.com/schemas/VisualStudio/TeamTest/2010" />
    <TestEntry testId="207e4065-88b5-ba27-1f76-4d0f0a098cde" executionId="803aae46-c639-4eae-9660-5080d08fc69a" testListId="8c84fa94-04c1-424b-9868-57a2d4851a1d" xmlns="http://microsoft.com/schemas/VisualStudio/TeamTest/2010" />
    <TestEntry testId="97a142d5-b0a9-d9bf-03a6-736e4df75106" executionId="96ad9532-f80d-4940-89f7-ae4df20af570" testListId="8c84fa94-04c1-424b-9868-57a2d4851a1d" xmlns="http://microsoft.com/schemas/VisualStudio/TeamTest/2010" />
    <TestEntry testId="7cdd2ae3-f105-0db6-4f1d-4db0ed6728a3" executionId="831e47e5-cef5-46df-8f9b-1f4e9dff59f9" testListId="8c84fa94-04c1-424b-9868-57a2d4851a1d" xmlns="http://microsoft.com/schemas/VisualStudio/TeamTest/2010" />
    <TestEntry testId="53c31e49-be7f-689b-3cd7-03a9033ae78d" executionId="5c706bae-051f-4a0a-987e-58dc831a3350" testListId="8c84fa94-04c1-424b-9868-57a2d4851a1d" xmlns="http://microsoft.com/schemas/VisualStudio/TeamTest/2010" />
    <TestEntry testId="2f56b32e-ea97-c552-8dea-074dcb4e0dc0" executionId="60141f1d-57e0-4013-9da7-fcfee5c543bf" testListId="8c84fa94-04c1-424b-9868-57a2d4851a1d" xmlns="http://microsoft.com/schemas/VisualStudio/TeamTest/2010" />
    <TestEntry testId="61f88788-2c55-84c0-718f-430b9d9da684" executionId="4bbacbaa-c871-470e-a9cf-751cd62c3a24" testListId="8c84fa94-04c1-424b-9868-57a2d4851a1d" xmlns="http://microsoft.com/schemas/VisualStudio/TeamTest/2010" />
    <TestEntry testId="3dc461cc-f900-b7f4-a669-e9cf3ad5e21f" executionId="11dc870a-a7be-4bcf-8534-7bb674b65bc8" testListId="8c84fa94-04c1-424b-9868-57a2d4851a1d" xmlns="http://microsoft.com/schemas/VisualStudio/TeamTest/2010" />
    <TestEntry testId="7fd160bc-3b5b-e6e2-40ae-1974536260f2" executionId="9f91e215-ba3c-4a40-b702-fa7477f081f4" testListId="8c84fa94-04c1-424b-9868-57a2d4851a1d" xmlns="http://microsoft.com/schemas/VisualStudio/TeamTest/2010" />
    <TestEntry testId="b6498f29-1231-5fcf-4954-1746daa0500d" executionId="a5ea1c03-29bc-4fb4-b567-2850f13fe776" testListId="8c84fa94-04c1-424b-9868-57a2d4851a1d" xmlns="http://microsoft.com/schemas/VisualStudio/TeamTest/2010" />
    <TestEntry testId="b6498f29-1231-5fcf-4954-1746daa0500d" executionId="7dd1c96e-005f-4b36-aab7-e3c9145436e8" testListId="8c84fa94-04c1-424b-9868-57a2d4851a1d" xmlns="http://microsoft.com/schemas/VisualStudio/TeamTest/2010" />
    <TestEntry testId="cde968fd-b220-e483-e127-75958f75b2b3" executionId="473c5449-bb46-4ccc-912f-88a742ac901a" testListId="8c84fa94-04c1-424b-9868-57a2d4851a1d" xmlns="http://microsoft.com/schemas/VisualStudio/TeamTest/2010" />
    <TestEntry testId="5b534773-a7de-3872-277f-efb65d408d74" executionId="d61c6be8-851c-4182-9503-57ea5cc83572" testListId="8c84fa94-04c1-424b-9868-57a2d4851a1d" xmlns="http://microsoft.com/schemas/VisualStudio/TeamTest/2010" />
    <TestEntry testId="e350703c-47df-56f0-b995-a52c38b53eca" executionId="26f1107c-d29a-4c87-87a8-0fcd2f77a3d5" testListId="8c84fa94-04c1-424b-9868-57a2d4851a1d" xmlns="http://microsoft.com/schemas/VisualStudio/TeamTest/2010" />
    <TestEntry testId="7fd160bc-3b5b-e6e2-40ae-1974536260f2" executionId="ad832437-f8be-427e-89d5-6b307cc71570" testListId="8c84fa94-04c1-424b-9868-57a2d4851a1d" xmlns="http://microsoft.com/schemas/VisualStudio/TeamTest/2010" />
    <TestEntry testId="b6498f29-1231-5fcf-4954-1746daa0500d" executionId="1c3d2585-5fbe-4dd9-9d47-1fd27d5867ec" testListId="8c84fa94-04c1-424b-9868-57a2d4851a1d" xmlns="http://microsoft.com/schemas/VisualStudio/TeamTest/2010" />
    <TestEntry testId="7fd160bc-3b5b-e6e2-40ae-1974536260f2" executionId="040876f6-b808-4116-ae67-780c728d4e51" testListId="8c84fa94-04c1-424b-9868-57a2d4851a1d" xmlns="http://microsoft.com/schemas/VisualStudio/TeamTest/2010" />
    <TestEntry testId="e350703c-47df-56f0-b995-a52c38b53eca" executionId="568aca92-6547-4b58-97dc-bf70c7684826" testListId="8c84fa94-04c1-424b-9868-57a2d4851a1d" xmlns="http://microsoft.com/schemas/VisualStudio/TeamTest/2010" />
    <TestEntry testId="b6498f29-1231-5fcf-4954-1746daa0500d" executionId="5abeb1df-0d1b-44a1-810e-6271a5d12d80" testListId="8c84fa94-04c1-424b-9868-57a2d4851a1d" xmlns="http://microsoft.com/schemas/VisualStudio/TeamTest/2010" />
    <TestEntry testId="9576cb6d-ffa5-4a23-9c7a-c5c6b213d46b" executionId="42c664c6-f94a-4210-bb7c-9fc7124ad9eb" testListId="8c84fa94-04c1-424b-9868-57a2d4851a1d" xmlns="http://microsoft.com/schemas/VisualStudio/TeamTest/2010" />
    <TestEntry testId="e350703c-47df-56f0-b995-a52c38b53eca" executionId="9c6e5cc2-e2df-494c-83bc-e7336d47ce77" testListId="8c84fa94-04c1-424b-9868-57a2d4851a1d" xmlns="http://microsoft.com/schemas/VisualStudio/TeamTest/2010" />
    <TestEntry testId="b6498f29-1231-5fcf-4954-1746daa0500d" executionId="5b525360-f3a4-4b2a-95db-d6a8c15fc9ab" testListId="8c84fa94-04c1-424b-9868-57a2d4851a1d" xmlns="http://microsoft.com/schemas/VisualStudio/TeamTest/2010" />
    <TestEntry testId="7fd160bc-3b5b-e6e2-40ae-1974536260f2" executionId="2d18ddb0-2055-49e7-a055-599ae1e65304" testListId="8c84fa94-04c1-424b-9868-57a2d4851a1d" xmlns="http://microsoft.com/schemas/VisualStudio/TeamTest/2010" />
    <TestEntry testId="94eba969-c82f-9e81-1248-494bdd4f32c8" executionId="71c1a87a-1271-4791-8e85-c02435f01d18" testListId="8c84fa94-04c1-424b-9868-57a2d4851a1d" xmlns="http://microsoft.com/schemas/VisualStudio/TeamTest/2010" />
    <TestEntry testId="e350703c-47df-56f0-b995-a52c38b53eca" executionId="a55b303f-c226-489a-9b85-079870232950" testListId="8c84fa94-04c1-424b-9868-57a2d4851a1d" xmlns="http://microsoft.com/schemas/VisualStudio/TeamTest/2010" />
    <TestEntry testId="b6498f29-1231-5fcf-4954-1746daa0500d" executionId="e2365c27-1bae-4c21-9fd7-69aa586dbac3" testListId="8c84fa94-04c1-424b-9868-57a2d4851a1d" xmlns="http://microsoft.com/schemas/VisualStudio/TeamTest/2010" />
    <TestEntry testId="b6498f29-1231-5fcf-4954-1746daa0500d" executionId="e81fb222-7322-441e-b379-ec8c0514b002" testListId="8c84fa94-04c1-424b-9868-57a2d4851a1d" xmlns="http://microsoft.com/schemas/VisualStudio/TeamTest/2010" />
    <TestEntry testId="7fd160bc-3b5b-e6e2-40ae-1974536260f2" executionId="0cbb6b66-a01a-4a27-808f-9a5cf2a0092c" testListId="8c84fa94-04c1-424b-9868-57a2d4851a1d" xmlns="http://microsoft.com/schemas/VisualStudio/TeamTest/2010" />
    <TestEntry testId="7fd160bc-3b5b-e6e2-40ae-1974536260f2" executionId="f2c19e6a-d9a2-428e-8de1-a79d0190d33b" testListId="8c84fa94-04c1-424b-9868-57a2d4851a1d" xmlns="http://microsoft.com/schemas/VisualStudio/TeamTest/2010" />
    <TestEntry testId="b6498f29-1231-5fcf-4954-1746daa0500d" executionId="7a7f46a3-b7f7-4617-a541-55c8216bc2fd" testListId="8c84fa94-04c1-424b-9868-57a2d4851a1d" xmlns="http://microsoft.com/schemas/VisualStudio/TeamTest/2010" />
    <TestEntry testId="f664882a-a952-a76f-bc8f-fcf0578ff20f" executionId="b8980724-1267-4852-ad35-36b43bf00c03" testListId="8c84fa94-04c1-424b-9868-57a2d4851a1d" xmlns="http://microsoft.com/schemas/VisualStudio/TeamTest/2010" />
    <TestEntry testId="b6498f29-1231-5fcf-4954-1746daa0500d" executionId="e8215bd7-aa06-45f7-b7a0-38d2ab809de7" testListId="8c84fa94-04c1-424b-9868-57a2d4851a1d" xmlns="http://microsoft.com/schemas/VisualStudio/TeamTest/2010" />
    <TestEntry testId="e350703c-47df-56f0-b995-a52c38b53eca" executionId="207ff156-d816-4f44-b8e1-d23419445f1d" testListId="8c84fa94-04c1-424b-9868-57a2d4851a1d" xmlns="http://microsoft.com/schemas/VisualStudio/TeamTest/2010" />
    <TestEntry testId="5745a05f-6078-14a6-d124-e23b5e51504a" executionId="1b450623-8c69-4534-908d-c9a3c05ec406" testListId="8c84fa94-04c1-424b-9868-57a2d4851a1d" xmlns="http://microsoft.com/schemas/VisualStudio/TeamTest/2010" />
    <TestEntry testId="e350703c-47df-56f0-b995-a52c38b53eca" executionId="384a72ce-af0e-4d80-87d2-9efa1bdb48a0" testListId="8c84fa94-04c1-424b-9868-57a2d4851a1d" xmlns="http://microsoft.com/schemas/VisualStudio/TeamTest/2010" />
    <TestEntry testId="b6498f29-1231-5fcf-4954-1746daa0500d" executionId="7b8bee0e-0b89-4ca8-a52b-cdd837ceb138" testListId="8c84fa94-04c1-424b-9868-57a2d4851a1d" xmlns="http://microsoft.com/schemas/VisualStudio/TeamTest/2010" />
    <TestEntry testId="f90f5d2f-9a6e-b4bc-022c-ce37e3e49a29" executionId="2a3ddc65-2436-4583-b60b-380d1489f85e" testListId="8c84fa94-04c1-424b-9868-57a2d4851a1d" xmlns="http://microsoft.com/schemas/VisualStudio/TeamTest/2010" />
    <TestEntry testId="e350703c-47df-56f0-b995-a52c38b53eca" executionId="14324165-02b1-475a-98ba-96af6e18dfb8" testListId="8c84fa94-04c1-424b-9868-57a2d4851a1d" xmlns="http://microsoft.com/schemas/VisualStudio/TeamTest/2010" />
    <TestEntry testId="a29d2822-126a-1900-33c2-f20f68d10c99" executionId="52ebfb2f-3f26-4ad9-9d10-05c4d1f6a57a" testListId="8c84fa94-04c1-424b-9868-57a2d4851a1d" xmlns="http://microsoft.com/schemas/VisualStudio/TeamTest/2010" />
    <TestEntry testId="f3dca1bb-5884-67f2-50ab-603f9fbc49dc" executionId="5ec6ddce-afa3-4f17-84bd-9088c26d66bd" testListId="8c84fa94-04c1-424b-9868-57a2d4851a1d" xmlns="http://microsoft.com/schemas/VisualStudio/TeamTest/2010" />
    <TestEntry testId="250659bd-c780-75f8-425e-56948f547d27" executionId="1dc7910b-5c6c-4dca-b8ff-a6e531b7b6a4" testListId="8c84fa94-04c1-424b-9868-57a2d4851a1d" xmlns="http://microsoft.com/schemas/VisualStudio/TeamTest/2010" />
    <TestEntry testId="7fd160bc-3b5b-e6e2-40ae-1974536260f2" executionId="0efe4dcf-cf7d-4832-8745-34dc430a238c" testListId="8c84fa94-04c1-424b-9868-57a2d4851a1d" xmlns="http://microsoft.com/schemas/VisualStudio/TeamTest/2010" />
    <TestEntry testId="4ba16b26-1543-65b7-5999-fbd5f1c9af2e" executionId="1067d410-3cf4-4767-8381-e332b6b77252" testListId="8c84fa94-04c1-424b-9868-57a2d4851a1d" xmlns="http://microsoft.com/schemas/VisualStudio/TeamTest/2010" />
    <TestEntry testId="46607e5b-fea6-a0a2-2caf-2abdd0971d6b" executionId="e02bc677-0778-4a2e-af7a-fc6602f2454d" testListId="8c84fa94-04c1-424b-9868-57a2d4851a1d" xmlns="http://microsoft.com/schemas/VisualStudio/TeamTest/2010" />
    <TestEntry testId="e72dc3eb-3aa5-dc4a-4345-13e88f385e6f" executionId="17bfaf0c-b9cb-4b43-b257-a16bb2cb3aee" testListId="8c84fa94-04c1-424b-9868-57a2d4851a1d" xmlns="http://microsoft.com/schemas/VisualStudio/TeamTest/2010" />
    <TestEntry testId="7fd160bc-3b5b-e6e2-40ae-1974536260f2" executionId="98232be8-7c73-4ac1-9a02-e3fcf6580e15" testListId="8c84fa94-04c1-424b-9868-57a2d4851a1d" xmlns="http://microsoft.com/schemas/VisualStudio/TeamTest/2010" />
    <TestEntry testId="e350703c-47df-56f0-b995-a52c38b53eca" executionId="51b02517-0529-4c40-ac51-70a624b22d3c" testListId="8c84fa94-04c1-424b-9868-57a2d4851a1d" xmlns="http://microsoft.com/schemas/VisualStudio/TeamTest/2010" />
    <TestEntry testId="079289e4-29ee-2b27-89d5-bd661b7267f1" executionId="5896f1d8-2338-4768-9953-e2f685e8ac70" testListId="8c84fa94-04c1-424b-9868-57a2d4851a1d" xmlns="http://microsoft.com/schemas/VisualStudio/TeamTest/2010" />
    <TestEntry testId="f5306a38-7e9d-ad71-73c6-1c694342dc21" executionId="7d6da86b-5c0c-47bc-896d-372585a857c2" testListId="8c84fa94-04c1-424b-9868-57a2d4851a1d" xmlns="http://microsoft.com/schemas/VisualStudio/TeamTest/2010" />
    <TestEntry testId="0b8f627b-a1c8-6277-6090-2fc13b4051a9" executionId="933992f1-ce09-4c4c-8123-bf2d9c638117" testListId="8c84fa94-04c1-424b-9868-57a2d4851a1d" xmlns="http://microsoft.com/schemas/VisualStudio/TeamTest/2010" />
    <TestEntry testId="39cb097d-2ac2-473c-1a2c-0b1503361457" executionId="fbd7e5eb-07b6-455f-b2c5-a498d0db7da1" testListId="8c84fa94-04c1-424b-9868-57a2d4851a1d" xmlns="http://microsoft.com/schemas/VisualStudio/TeamTest/2010" />
    <TestEntry testId="2ae6c352-791a-5a0c-8cef-9e8ca7a29354" executionId="9b7d69c5-7891-42d7-a031-f82e37fca1c0" testListId="8c84fa94-04c1-424b-9868-57a2d4851a1d" xmlns="http://microsoft.com/schemas/VisualStudio/TeamTest/2010" />
    <TestEntry testId="8e643e26-fbd5-ae99-4a9a-d26e4648cd65" executionId="4a867966-5e3a-4980-a46c-5e36802547ad" testListId="8c84fa94-04c1-424b-9868-57a2d4851a1d" xmlns="http://microsoft.com/schemas/VisualStudio/TeamTest/2010" />
    <TestEntry testId="78dc4ca6-14d8-0c1a-ad29-6d2f53293760" executionId="50001541-87e5-4b7a-8a11-c8085e316beb" testListId="8c84fa94-04c1-424b-9868-57a2d4851a1d" xmlns="http://microsoft.com/schemas/VisualStudio/TeamTest/2010" />
    <TestEntry testId="b6498f29-1231-5fcf-4954-1746daa0500d" executionId="ee3de938-3b1c-47da-a47f-ef7225a5f104" testListId="8c84fa94-04c1-424b-9868-57a2d4851a1d" xmlns="http://microsoft.com/schemas/VisualStudio/TeamTest/2010" />
    <TestEntry testId="e350703c-47df-56f0-b995-a52c38b53eca" executionId="91cccb47-38f7-42dd-8259-59cb332322ec" testListId="8c84fa94-04c1-424b-9868-57a2d4851a1d" xmlns="http://microsoft.com/schemas/VisualStudio/TeamTest/2010" />
    <TestEntry testId="4bae6e3b-0e6b-3eea-a810-61843449ebf1" executionId="50de0c69-5352-4d68-84f2-c276bb88afbd" testListId="8c84fa94-04c1-424b-9868-57a2d4851a1d" xmlns="http://microsoft.com/schemas/VisualStudio/TeamTest/2010" />
    <TestEntry testId="b8ce6298-5288-a9c6-3afb-62b35d380a81" executionId="29c1a60c-72b5-422e-8c20-350befb04bcb" testListId="8c84fa94-04c1-424b-9868-57a2d4851a1d" xmlns="http://microsoft.com/schemas/VisualStudio/TeamTest/2010" />
    <TestEntry testId="e350703c-47df-56f0-b995-a52c38b53eca" executionId="70f069af-bdf1-48aa-95de-8ecce9d3325c" testListId="8c84fa94-04c1-424b-9868-57a2d4851a1d" xmlns="http://microsoft.com/schemas/VisualStudio/TeamTest/2010" />
    <TestEntry testId="ce6510cf-36c8-726a-19a1-61fee8813205" executionId="b8f41861-5f9c-486b-9950-2739bac90da8" testListId="8c84fa94-04c1-424b-9868-57a2d4851a1d" xmlns="http://microsoft.com/schemas/VisualStudio/TeamTest/2010" />
    <TestEntry testId="b6498f29-1231-5fcf-4954-1746daa0500d" executionId="9f50b977-42ee-4b9d-89f5-e0ed455b811c" testListId="8c84fa94-04c1-424b-9868-57a2d4851a1d" xmlns="http://microsoft.com/schemas/VisualStudio/TeamTest/2010" />
    <TestEntry testId="b6498f29-1231-5fcf-4954-1746daa0500d" executionId="1c1825b3-9ee3-44ae-aef6-a09419fa51dc" testListId="8c84fa94-04c1-424b-9868-57a2d4851a1d" xmlns="http://microsoft.com/schemas/VisualStudio/TeamTest/2010" />
    <TestEntry testId="e350703c-47df-56f0-b995-a52c38b53eca" executionId="cd34d7ea-4fe0-4ccd-9842-602715f73fd4" testListId="8c84fa94-04c1-424b-9868-57a2d4851a1d" xmlns="http://microsoft.com/schemas/VisualStudio/TeamTest/2010" />
    <TestEntry testId="2f56b32e-ea97-c552-8dea-074dcb4e0dc0" executionId="e4010d2f-365e-4d4d-a332-f3a61adf4171" testListId="8c84fa94-04c1-424b-9868-57a2d4851a1d" xmlns="http://microsoft.com/schemas/VisualStudio/TeamTest/2010" />
    <TestEntry testId="b6498f29-1231-5fcf-4954-1746daa0500d" executionId="187b3fb9-61cb-4a68-8768-c6e770a8beb5" testListId="8c84fa94-04c1-424b-9868-57a2d4851a1d" xmlns="http://microsoft.com/schemas/VisualStudio/TeamTest/2010" />
    <TestEntry testId="e350703c-47df-56f0-b995-a52c38b53eca" executionId="a60224d4-cfd2-4c92-b865-9c2e859c73c7" testListId="8c84fa94-04c1-424b-9868-57a2d4851a1d" xmlns="http://microsoft.com/schemas/VisualStudio/TeamTest/2010" />
    <TestEntry testId="e350703c-47df-56f0-b995-a52c38b53eca" executionId="6b8411f8-ef5c-43cd-aa59-d100854c60a7" testListId="8c84fa94-04c1-424b-9868-57a2d4851a1d" xmlns="http://microsoft.com/schemas/VisualStudio/TeamTest/2010" />
    <TestEntry testId="ddf9cd7e-758c-d704-01a7-8f705631b98b" executionId="22ce8182-626b-4f87-b1f5-87f796895296" testListId="8c84fa94-04c1-424b-9868-57a2d4851a1d" xmlns="http://microsoft.com/schemas/VisualStudio/TeamTest/2010" />
    <TestEntry testId="b6498f29-1231-5fcf-4954-1746daa0500d" executionId="243d75c1-9f6d-4851-9d60-1ccba40e638c" testListId="8c84fa94-04c1-424b-9868-57a2d4851a1d" xmlns="http://microsoft.com/schemas/VisualStudio/TeamTest/2010" />
    <TestEntry testId="d30c3925-6041-dd0b-2a02-37144f03e811" executionId="5602ea70-adac-4e47-9a02-9404861e8abc" testListId="8c84fa94-04c1-424b-9868-57a2d4851a1d" xmlns="http://microsoft.com/schemas/VisualStudio/TeamTest/2010" />
    <TestEntry testId="7a9a1822-3db2-a438-faf7-05813fd14fc1" executionId="80ffefa1-36cb-4dc8-b31f-3af6165b1a26" testListId="8c84fa94-04c1-424b-9868-57a2d4851a1d" xmlns="http://microsoft.com/schemas/VisualStudio/TeamTest/2010" />
    <TestEntry testId="565e6ddc-fd0f-5db8-1ac5-68872b2812d2" executionId="5c9090ca-a5c3-495d-b953-4c60977a8263" testListId="8c84fa94-04c1-424b-9868-57a2d4851a1d" xmlns="http://microsoft.com/schemas/VisualStudio/TeamTest/2010" />
    <TestEntry testId="e350703c-47df-56f0-b995-a52c38b53eca" executionId="8e0f8c17-07fc-43f7-ba7e-4dfdf9423031" testListId="8c84fa94-04c1-424b-9868-57a2d4851a1d" xmlns="http://microsoft.com/schemas/VisualStudio/TeamTest/2010" />
    <TestEntry testId="e350703c-47df-56f0-b995-a52c38b53eca" executionId="d2c6df8d-e59d-47b8-af18-165ff712a15b" testListId="8c84fa94-04c1-424b-9868-57a2d4851a1d" xmlns="http://microsoft.com/schemas/VisualStudio/TeamTest/2010" />
    <TestEntry testId="ab0f8867-b8d1-22b7-3b78-2eab4da93098" executionId="a16d258c-9569-4730-9488-e14c2bc39e06" testListId="8c84fa94-04c1-424b-9868-57a2d4851a1d" xmlns="http://microsoft.com/schemas/VisualStudio/TeamTest/2010" />
    <TestEntry testId="7fd160bc-3b5b-e6e2-40ae-1974536260f2" executionId="60ea6c0f-4707-4dec-be4f-b92264e21ced" testListId="8c84fa94-04c1-424b-9868-57a2d4851a1d" xmlns="http://microsoft.com/schemas/VisualStudio/TeamTest/2010" />
    <TestEntry testId="b6498f29-1231-5fcf-4954-1746daa0500d" executionId="fe55684f-0c64-4fd6-9325-e9421011febe" testListId="8c84fa94-04c1-424b-9868-57a2d4851a1d" xmlns="http://microsoft.com/schemas/VisualStudio/TeamTest/2010" />
    <TestEntry testId="312eaabc-9879-8ba5-fb15-63928cd6660e" executionId="e77f83e4-37b4-4c14-97c5-6b99ca5b2d27" testListId="8c84fa94-04c1-424b-9868-57a2d4851a1d" xmlns="http://microsoft.com/schemas/VisualStudio/TeamTest/2010" />
    <TestEntry testId="b6498f29-1231-5fcf-4954-1746daa0500d" executionId="a078444b-9b7f-4b5b-97f7-2a3ad989c875" testListId="8c84fa94-04c1-424b-9868-57a2d4851a1d" xmlns="http://microsoft.com/schemas/VisualStudio/TeamTest/2010" />
    <TestEntry testId="b6498f29-1231-5fcf-4954-1746daa0500d" executionId="3d25ff16-9e58-426b-a998-18c7c602f551" testListId="8c84fa94-04c1-424b-9868-57a2d4851a1d" xmlns="http://microsoft.com/schemas/VisualStudio/TeamTest/2010" />
    <TestEntry testId="d5c2d09d-d5bb-c30c-e877-f0810b3cd681" executionId="13bc0757-e442-409b-b135-3c7718235c01" testListId="8c84fa94-04c1-424b-9868-57a2d4851a1d" xmlns="http://microsoft.com/schemas/VisualStudio/TeamTest/2010" />
    <TestEntry testId="e350703c-47df-56f0-b995-a52c38b53eca" executionId="d88e6368-fb41-4077-b3ce-04b10138fdd2" testListId="8c84fa94-04c1-424b-9868-57a2d4851a1d" xmlns="http://microsoft.com/schemas/VisualStudio/TeamTest/2010" />
    <TestEntry testId="732c5a4d-db4b-042b-cb1a-6907849de0ac" executionId="b24ae460-7646-48e2-95e6-7b6b459d438a" testListId="8c84fa94-04c1-424b-9868-57a2d4851a1d" xmlns="http://microsoft.com/schemas/VisualStudio/TeamTest/2010" />
    <TestEntry testId="8ef63a3f-2208-ac88-5a22-493d4beeaeda" executionId="3d0fc469-59a6-4c33-91fd-4227d7609892" testListId="8c84fa94-04c1-424b-9868-57a2d4851a1d" xmlns="http://microsoft.com/schemas/VisualStudio/TeamTest/2010" />
    <TestEntry testId="926b3157-bee3-3ace-b6de-f2a9df622c6d" executionId="94328f1a-665a-4c6d-a648-dbf5f7ebfdbe" testListId="8c84fa94-04c1-424b-9868-57a2d4851a1d" xmlns="http://microsoft.com/schemas/VisualStudio/TeamTest/2010" />
    <TestEntry testId="b6498f29-1231-5fcf-4954-1746daa0500d" executionId="223b169c-ab44-4763-9346-2bb1b2c5d29a" testListId="8c84fa94-04c1-424b-9868-57a2d4851a1d" xmlns="http://microsoft.com/schemas/VisualStudio/TeamTest/2010" />
    <TestEntry testId="d8d8a1a1-adc8-f6f3-d3ba-c826da19378d" executionId="d0f04b3b-7ec7-49b0-b752-7431a0f3dc95" testListId="8c84fa94-04c1-424b-9868-57a2d4851a1d" xmlns="http://microsoft.com/schemas/VisualStudio/TeamTest/2010" />
    <TestEntry testId="65b4a990-8424-f23f-9b61-155855edf172" executionId="75842805-350d-4cfe-8754-4f3084c2b32a" testListId="8c84fa94-04c1-424b-9868-57a2d4851a1d" xmlns="http://microsoft.com/schemas/VisualStudio/TeamTest/2010" />
    <TestEntry testId="7fd160bc-3b5b-e6e2-40ae-1974536260f2" executionId="aef9b91c-807f-450e-9c11-3c05d0d19890" testListId="8c84fa94-04c1-424b-9868-57a2d4851a1d" xmlns="http://microsoft.com/schemas/VisualStudio/TeamTest/2010" />
    <TestEntry testId="e9eca43c-a0f8-d234-3538-2b7d4b198f04" executionId="d7336fbc-27c3-4b22-b64e-647bb60db9e4" testListId="8c84fa94-04c1-424b-9868-57a2d4851a1d" xmlns="http://microsoft.com/schemas/VisualStudio/TeamTest/2010" />
    <TestEntry testId="b6498f29-1231-5fcf-4954-1746daa0500d" executionId="933c5290-9349-48b6-89fa-87bae18e2bc6" testListId="8c84fa94-04c1-424b-9868-57a2d4851a1d" xmlns="http://microsoft.com/schemas/VisualStudio/TeamTest/2010" />
    <TestEntry testId="47e6ed14-b917-99ad-5b18-0068efac17a3" executionId="ce85a614-8c7d-4068-a91c-005dd9084834" testListId="8c84fa94-04c1-424b-9868-57a2d4851a1d" xmlns="http://microsoft.com/schemas/VisualStudio/TeamTest/2010" />
    <TestEntry testId="e350703c-47df-56f0-b995-a52c38b53eca" executionId="7bf0cfdf-ab8d-48fd-8d38-74c690c474d4" testListId="8c84fa94-04c1-424b-9868-57a2d4851a1d" xmlns="http://microsoft.com/schemas/VisualStudio/TeamTest/2010" />
    <TestEntry testId="c07bd30b-1999-489c-e66f-17f7d59077a7" executionId="2afa3f1f-d71e-41b7-8dec-addfdad6f082" testListId="8c84fa94-04c1-424b-9868-57a2d4851a1d" xmlns="http://microsoft.com/schemas/VisualStudio/TeamTest/2010" />
    <TestEntry testId="83cb0395-740b-4b48-1b9a-9d0379b2c4b0" executionId="2a6a05e5-df46-4c94-b99f-64494394296d" testListId="8c84fa94-04c1-424b-9868-57a2d4851a1d" xmlns="http://microsoft.com/schemas/VisualStudio/TeamTest/2010" />
    <TestEntry testId="8667c664-2408-3d94-53dd-862b8bb2405a" executionId="ad59a171-928f-4423-8ac4-7a6dc695e6d3" testListId="8c84fa94-04c1-424b-9868-57a2d4851a1d" xmlns="http://microsoft.com/schemas/VisualStudio/TeamTest/2010" />
    <TestEntry testId="fb3ba795-c081-9f7b-3da5-2154832c187c" executionId="1b22c3e8-aa12-4b10-ba9a-33d585b0455c" testListId="8c84fa94-04c1-424b-9868-57a2d4851a1d" xmlns="http://microsoft.com/schemas/VisualStudio/TeamTest/2010" />
    <TestEntry testId="a324304b-8c70-70d6-1085-fa9cbf413d33" executionId="10aa8878-d207-404b-86a5-9f40c1c29b85" testListId="8c84fa94-04c1-424b-9868-57a2d4851a1d" xmlns="http://microsoft.com/schemas/VisualStudio/TeamTest/2010" />
    <TestEntry testId="c32d9ec7-cf3f-0b90-7da7-80e3553b5fe6" executionId="d6397bcc-fcc2-4f80-9025-8f179731ab99" testListId="8c84fa94-04c1-424b-9868-57a2d4851a1d" xmlns="http://microsoft.com/schemas/VisualStudio/TeamTest/2010" />
    <TestEntry testId="d4b770b3-94e8-d07a-03aa-f3335b9b4c71" executionId="c781df3e-5db9-433e-a718-f77076bddca0" testListId="8c84fa94-04c1-424b-9868-57a2d4851a1d" xmlns="http://microsoft.com/schemas/VisualStudio/TeamTest/2010" />
    <TestEntry testId="b6498f29-1231-5fcf-4954-1746daa0500d" executionId="838f433d-11da-4100-b9c2-43db46b756a9" testListId="8c84fa94-04c1-424b-9868-57a2d4851a1d" xmlns="http://microsoft.com/schemas/VisualStudio/TeamTest/2010" />
    <TestEntry testId="b6498f29-1231-5fcf-4954-1746daa0500d" executionId="2ec28d5e-daf9-45aa-8a10-d09b35b3a8da" testListId="8c84fa94-04c1-424b-9868-57a2d4851a1d" xmlns="http://microsoft.com/schemas/VisualStudio/TeamTest/2010" />
    <TestEntry testId="bfec42cd-394b-907b-c2e0-0b6b8b9584fe" executionId="4e528e14-2d19-4510-9cf8-fdeee285fd5e" testListId="8c84fa94-04c1-424b-9868-57a2d4851a1d" xmlns="http://microsoft.com/schemas/VisualStudio/TeamTest/2010" />
    <TestEntry testId="e350703c-47df-56f0-b995-a52c38b53eca" executionId="9c674e84-7a98-4361-98c8-45562dece272" testListId="8c84fa94-04c1-424b-9868-57a2d4851a1d" xmlns="http://microsoft.com/schemas/VisualStudio/TeamTest/2010" />
    <TestEntry testId="b6498f29-1231-5fcf-4954-1746daa0500d" executionId="0bcae772-c498-49ef-b8ed-3b65d8e33163" testListId="8c84fa94-04c1-424b-9868-57a2d4851a1d" xmlns="http://microsoft.com/schemas/VisualStudio/TeamTest/2010" />
    <TestEntry testId="f70a4315-fac4-e7d3-3678-874f4359a2e2" executionId="244b1e46-2dbb-48a9-8abd-f51ebd5896ed" testListId="8c84fa94-04c1-424b-9868-57a2d4851a1d" xmlns="http://microsoft.com/schemas/VisualStudio/TeamTest/2010" />
    <TestEntry testId="b5b73f46-926e-b166-c509-00a2b6834bdd" executionId="57de08bc-a1e4-414b-a2da-5773cbf77c25" testListId="8c84fa94-04c1-424b-9868-57a2d4851a1d" xmlns="http://microsoft.com/schemas/VisualStudio/TeamTest/2010" />
    <TestEntry testId="b6498f29-1231-5fcf-4954-1746daa0500d" executionId="77d245be-9722-4750-8fb8-3707335c4118" testListId="8c84fa94-04c1-424b-9868-57a2d4851a1d" xmlns="http://microsoft.com/schemas/VisualStudio/TeamTest/2010" />
    <TestEntry testId="a7d78227-c63c-3e96-292c-bbd5ac9217f2" executionId="be328390-079a-4d75-9321-7a9ccfc0439b" testListId="8c84fa94-04c1-424b-9868-57a2d4851a1d" xmlns="http://microsoft.com/schemas/VisualStudio/TeamTest/2010" />
    <TestEntry testId="d1d4b925-a073-2286-7de7-05497c979951" executionId="feffbb8e-4bef-4364-8e0a-bece71a049b1" testListId="8c84fa94-04c1-424b-9868-57a2d4851a1d" xmlns="http://microsoft.com/schemas/VisualStudio/TeamTest/2010" />
    <TestEntry testId="b6498f29-1231-5fcf-4954-1746daa0500d" executionId="82d465af-27da-407c-b202-852d1e46792a" testListId="8c84fa94-04c1-424b-9868-57a2d4851a1d" xmlns="http://microsoft.com/schemas/VisualStudio/TeamTest/2010" />
    <TestEntry testId="07b77574-2211-0cfd-4e91-7ca72fa17247" executionId="289a47fd-90e7-442b-83b0-f9dd912a07c9" testListId="8c84fa94-04c1-424b-9868-57a2d4851a1d" xmlns="http://microsoft.com/schemas/VisualStudio/TeamTest/2010" />
    <TestEntry testId="e350703c-47df-56f0-b995-a52c38b53eca" executionId="f98b8b4c-0e78-4b61-a48c-ca305dd6f176" testListId="8c84fa94-04c1-424b-9868-57a2d4851a1d" xmlns="http://microsoft.com/schemas/VisualStudio/TeamTest/2010" />
    <TestEntry testId="8da0fbaf-acd6-9154-0805-f306ce39ad46" executionId="a41459bf-b418-4561-b556-6283abfa8f86" testListId="8c84fa94-04c1-424b-9868-57a2d4851a1d" xmlns="http://microsoft.com/schemas/VisualStudio/TeamTest/2010" />
    <TestEntry testId="e350703c-47df-56f0-b995-a52c38b53eca" executionId="c492bf7d-e5df-4f7d-a3d6-af5871fdae54" testListId="8c84fa94-04c1-424b-9868-57a2d4851a1d" xmlns="http://microsoft.com/schemas/VisualStudio/TeamTest/2010" />
    <TestEntry testId="c3599795-8bf1-da30-66da-ee7de44c4074" executionId="01caefb9-ad54-4918-a412-7db96f5a69fe" testListId="8c84fa94-04c1-424b-9868-57a2d4851a1d" xmlns="http://microsoft.com/schemas/VisualStudio/TeamTest/2010" />
    <TestEntry testId="2bfed98c-f04b-a9c6-9b30-1a4a12b04bd4" executionId="0ddae97d-a57e-4f15-90a1-b99ddbd37c2e" testListId="8c84fa94-04c1-424b-9868-57a2d4851a1d" xmlns="http://microsoft.com/schemas/VisualStudio/TeamTest/2010" />
    <TestEntry testId="b6498f29-1231-5fcf-4954-1746daa0500d" executionId="02ae5037-ebc6-44b6-884c-57c9f591d91f" testListId="8c84fa94-04c1-424b-9868-57a2d4851a1d" xmlns="http://microsoft.com/schemas/VisualStudio/TeamTest/2010" />
    <TestEntry testId="6ecbf29a-b1dc-ecb1-c997-c95f3b46593a" executionId="74613b7b-1ec2-4dd2-94ce-d46917753820" testListId="8c84fa94-04c1-424b-9868-57a2d4851a1d" xmlns="http://microsoft.com/schemas/VisualStudio/TeamTest/2010" />
    <TestEntry testId="7fd160bc-3b5b-e6e2-40ae-1974536260f2" executionId="d0e36c84-b82f-4811-a929-ef78a9508677" testListId="8c84fa94-04c1-424b-9868-57a2d4851a1d" xmlns="http://microsoft.com/schemas/VisualStudio/TeamTest/2010" />
    <TestEntry testId="b6498f29-1231-5fcf-4954-1746daa0500d" executionId="e10f6aec-84ed-423f-a9e0-c380f447bb6e" testListId="8c84fa94-04c1-424b-9868-57a2d4851a1d" xmlns="http://microsoft.com/schemas/VisualStudio/TeamTest/2010" />
    <TestEntry testId="9c016915-9649-a737-5d1d-30f1b46f0f52" executionId="999e17a1-8461-49f8-b7c7-b5db1295e3ee" testListId="8c84fa94-04c1-424b-9868-57a2d4851a1d" xmlns="http://microsoft.com/schemas/VisualStudio/TeamTest/2010" />
    <TestEntry testId="7fd160bc-3b5b-e6e2-40ae-1974536260f2" executionId="82e7cc50-a2f6-4e8f-a2ea-ff26693594a8" testListId="8c84fa94-04c1-424b-9868-57a2d4851a1d" xmlns="http://microsoft.com/schemas/VisualStudio/TeamTest/2010" />
    <TestEntry testId="5dada6fb-9282-72bc-c9b2-bcfb539a1619" executionId="d944b4d3-f08d-47aa-a312-1a7ab525215e" testListId="8c84fa94-04c1-424b-9868-57a2d4851a1d" xmlns="http://microsoft.com/schemas/VisualStudio/TeamTest/2010" />
    <TestEntry testId="03bc167f-0b26-903d-31a8-efafdb2faab7" executionId="5d3e7765-96f4-4a08-883b-420b3ae25043" testListId="8c84fa94-04c1-424b-9868-57a2d4851a1d" xmlns="http://microsoft.com/schemas/VisualStudio/TeamTest/2010" />
    <TestEntry testId="b3e2a372-55ce-d9ad-4987-01272bc32a33" executionId="c08cae9b-d6a7-43a1-ab0a-7d03767123ce" testListId="8c84fa94-04c1-424b-9868-57a2d4851a1d" xmlns="http://microsoft.com/schemas/VisualStudio/TeamTest/2010" />
    <TestEntry testId="e350703c-47df-56f0-b995-a52c38b53eca" executionId="cbaf584d-4878-4188-bee0-67a2b3f1ff49" testListId="8c84fa94-04c1-424b-9868-57a2d4851a1d" xmlns="http://microsoft.com/schemas/VisualStudio/TeamTest/2010" />
    <TestEntry testId="b6498f29-1231-5fcf-4954-1746daa0500d" executionId="f4ca8313-0b20-4ed1-b2c8-15849242f63c" testListId="8c84fa94-04c1-424b-9868-57a2d4851a1d" xmlns="http://microsoft.com/schemas/VisualStudio/TeamTest/2010" />
    <TestEntry testId="08742191-32e9-b72f-e313-52355290b27f" executionId="b3c995c4-020a-46d3-898b-e111d737b761" testListId="8c84fa94-04c1-424b-9868-57a2d4851a1d" xmlns="http://microsoft.com/schemas/VisualStudio/TeamTest/2010" />
    <TestEntry testId="e350703c-47df-56f0-b995-a52c38b53eca" executionId="8a71eba1-9d76-4f9e-8d6d-60a36cbbfe40" testListId="8c84fa94-04c1-424b-9868-57a2d4851a1d" xmlns="http://microsoft.com/schemas/VisualStudio/TeamTest/2010" />
    <TestEntry testId="7fd160bc-3b5b-e6e2-40ae-1974536260f2" executionId="b2a2efc2-3d7d-4d80-b819-9b3c31ced3dc" testListId="8c84fa94-04c1-424b-9868-57a2d4851a1d" xmlns="http://microsoft.com/schemas/VisualStudio/TeamTest/2010" />
    <TestEntry testId="4c8eceef-7f0a-45c8-d030-0b823248b815" executionId="9881cd3a-31cc-4e6e-ba22-94cf2e397fa2" testListId="8c84fa94-04c1-424b-9868-57a2d4851a1d" xmlns="http://microsoft.com/schemas/VisualStudio/TeamTest/2010" />
    <TestEntry testId="70a7d239-30af-99d8-26bc-eb06ced4f854" executionId="889bb9ee-f730-46dc-b7d0-a43c6d85fc0c" testListId="8c84fa94-04c1-424b-9868-57a2d4851a1d" xmlns="http://microsoft.com/schemas/VisualStudio/TeamTest/2010" />
    <TestEntry testId="52185704-5d0e-e5db-ccdd-e6d884289597" executionId="c6312b2b-e314-4cbf-bde2-76b7d8b173c9" testListId="8c84fa94-04c1-424b-9868-57a2d4851a1d" xmlns="http://microsoft.com/schemas/VisualStudio/TeamTest/2010" />
    <TestEntry testId="7fd160bc-3b5b-e6e2-40ae-1974536260f2" executionId="1ffbbe2b-7417-4ec0-9af1-d6bf943b8585" testListId="8c84fa94-04c1-424b-9868-57a2d4851a1d" xmlns="http://microsoft.com/schemas/VisualStudio/TeamTest/2010" />
    <TestEntry testId="b6498f29-1231-5fcf-4954-1746daa0500d" executionId="a6783c51-14a4-4e20-b84f-cbe283b3575d" testListId="8c84fa94-04c1-424b-9868-57a2d4851a1d" xmlns="http://microsoft.com/schemas/VisualStudio/TeamTest/2010" />
    <TestEntry testId="53f92a56-f656-cd19-3414-6dec87fc1460" executionId="8bf27327-7b60-40e4-a7b7-4d8010e6088b" testListId="8c84fa94-04c1-424b-9868-57a2d4851a1d" xmlns="http://microsoft.com/schemas/VisualStudio/TeamTest/2010" />
    <TestEntry testId="52063650-6233-2d8a-fadf-ea1a53f7d6ed" executionId="93db6725-75dc-4b9e-94a6-e590c5b0092a" testListId="8c84fa94-04c1-424b-9868-57a2d4851a1d" xmlns="http://microsoft.com/schemas/VisualStudio/TeamTest/2010" />
    <TestEntry testId="fffaa604-a2bf-cb56-46c0-a54e3c2e5b71" executionId="2ce38243-8c89-44eb-a508-334f5a276f2d" testListId="8c84fa94-04c1-424b-9868-57a2d4851a1d" xmlns="http://microsoft.com/schemas/VisualStudio/TeamTest/2010" />
    <TestEntry testId="7fd160bc-3b5b-e6e2-40ae-1974536260f2" executionId="7eb9aa85-be47-4c56-9e01-6bc2bebc4c12" testListId="8c84fa94-04c1-424b-9868-57a2d4851a1d" xmlns="http://microsoft.com/schemas/VisualStudio/TeamTest/2010" />
    <TestEntry testId="b6498f29-1231-5fcf-4954-1746daa0500d" executionId="61251eb1-a2bc-4fa2-8d56-46543c15b8e0" testListId="8c84fa94-04c1-424b-9868-57a2d4851a1d" xmlns="http://microsoft.com/schemas/VisualStudio/TeamTest/2010" />
    <TestEntry testId="b6498f29-1231-5fcf-4954-1746daa0500d" executionId="b1b452ab-58e1-429c-be15-e1a1c8af6ab4" testListId="8c84fa94-04c1-424b-9868-57a2d4851a1d" xmlns="http://microsoft.com/schemas/VisualStudio/TeamTest/2010" />
    <TestEntry testId="dcab6442-3647-193e-5b50-9725bbfda52b" executionId="a6253169-3c4f-47ed-bceb-0d546bba5a02" testListId="8c84fa94-04c1-424b-9868-57a2d4851a1d" xmlns="http://microsoft.com/schemas/VisualStudio/TeamTest/2010" />
    <TestEntry testId="7fd160bc-3b5b-e6e2-40ae-1974536260f2" executionId="f8407cbc-1f28-4d83-b61f-0b6d69519050" testListId="8c84fa94-04c1-424b-9868-57a2d4851a1d" xmlns="http://microsoft.com/schemas/VisualStudio/TeamTest/2010" />
    <TestEntry testId="b64dc215-d1b4-1f14-fa25-4d622e2e9f2e" executionId="755609dd-a4c3-4126-975b-461bffa6f5bb" testListId="8c84fa94-04c1-424b-9868-57a2d4851a1d" xmlns="http://microsoft.com/schemas/VisualStudio/TeamTest/2010" />
    <TestEntry testId="e5454c02-b359-b78c-7c37-b5f0f590b608" executionId="72eca758-8dde-47d2-ac08-12bb0db5fac3" testListId="8c84fa94-04c1-424b-9868-57a2d4851a1d" xmlns="http://microsoft.com/schemas/VisualStudio/TeamTest/2010" />
    <TestEntry testId="dbc55b57-382b-82eb-3acf-abef72ee15cc" executionId="2dc8e351-6626-41da-bddd-1684717353ba" testListId="8c84fa94-04c1-424b-9868-57a2d4851a1d" xmlns="http://microsoft.com/schemas/VisualStudio/TeamTest/2010" />
    <TestEntry testId="29e073f8-c889-a619-68be-0fbabe313523" executionId="083fdc16-0434-4d01-90ca-17241ee3da53" testListId="8c84fa94-04c1-424b-9868-57a2d4851a1d" xmlns="http://microsoft.com/schemas/VisualStudio/TeamTest/2010" />
    <TestEntry testId="0f3b8649-3271-0a42-8cb6-7536e5c6b6c7" executionId="3d979543-bfd5-46ef-b437-e0a6b836abf5" testListId="8c84fa94-04c1-424b-9868-57a2d4851a1d" xmlns="http://microsoft.com/schemas/VisualStudio/TeamTest/2010" />
    <TestEntry testId="0783fcf2-6259-18a6-4548-3ee3e685104b" executionId="b1aa69e9-bfb4-4167-a7be-51ba1ca43114" testListId="8c84fa94-04c1-424b-9868-57a2d4851a1d" xmlns="http://microsoft.com/schemas/VisualStudio/TeamTest/2010" />
    <TestEntry testId="f4cf2bc5-5581-a176-969e-675ebb01aeb7" executionId="6b2a109b-8c7f-4bfe-bbfc-878ffe0ba5f7" testListId="8c84fa94-04c1-424b-9868-57a2d4851a1d" xmlns="http://microsoft.com/schemas/VisualStudio/TeamTest/2010" />
    <TestEntry testId="2987ca95-4d23-bd98-8619-20a1f1f849ce" executionId="f4211e6a-6d7a-443b-a5b7-88e787623a2a" testListId="8c84fa94-04c1-424b-9868-57a2d4851a1d" xmlns="http://microsoft.com/schemas/VisualStudio/TeamTest/2010" />
    <TestEntry testId="7634c0a5-d5d8-ae19-0f45-9f0c0c3f4e32" executionId="16988848-6550-4ff4-89c5-b914326a9bcd" testListId="8c84fa94-04c1-424b-9868-57a2d4851a1d" xmlns="http://microsoft.com/schemas/VisualStudio/TeamTest/2010" />
    <TestEntry testId="6acd0700-45fd-3a58-a98b-e73e695d3cb6" executionId="28cf8514-fb44-407c-8b26-5c436412a5e0" testListId="8c84fa94-04c1-424b-9868-57a2d4851a1d" xmlns="http://microsoft.com/schemas/VisualStudio/TeamTest/2010" />
    <TestEntry testId="a0c29914-2fac-1ccd-4f27-21bcc9ae1a84" executionId="c6774a62-9739-4067-b7bf-8ca0018cc10d" testListId="8c84fa94-04c1-424b-9868-57a2d4851a1d" xmlns="http://microsoft.com/schemas/VisualStudio/TeamTest/2010" />
    <TestEntry testId="8338d02b-d210-c931-4723-375c66eef863" executionId="daf26b87-767e-4a45-9354-9f39fd515157" testListId="8c84fa94-04c1-424b-9868-57a2d4851a1d" xmlns="http://microsoft.com/schemas/VisualStudio/TeamTest/2010" />
    <TestEntry testId="1d97f529-259a-f217-942c-8e2e6578735c" executionId="e56eb737-d591-42fb-b370-5f6b22ac0614" testListId="8c84fa94-04c1-424b-9868-57a2d4851a1d" xmlns="http://microsoft.com/schemas/VisualStudio/TeamTest/2010" />
    <TestEntry testId="c3266cf0-adcb-0581-8c52-a350b87b4664" executionId="84674fc9-47e7-493f-a787-f68e97139cd0" testListId="8c84fa94-04c1-424b-9868-57a2d4851a1d" xmlns="http://microsoft.com/schemas/VisualStudio/TeamTest/2010" />
    <TestEntry testId="219547ac-d953-99f8-2edf-0911d57e52dd" executionId="5d3a8fc4-58b0-4108-87f5-7c37758d0a46" testListId="8c84fa94-04c1-424b-9868-57a2d4851a1d" xmlns="http://microsoft.com/schemas/VisualStudio/TeamTest/2010" />
    <TestEntry testId="6acc9c74-0373-caf8-35ed-9e340028f0c1" executionId="1030d549-3294-4baf-b9a0-2bc03d6f420a" testListId="8c84fa94-04c1-424b-9868-57a2d4851a1d" xmlns="http://microsoft.com/schemas/VisualStudio/TeamTest/2010" />
    <TestEntry testId="f6e30306-bb3b-d2e5-9a55-741402e2594f" executionId="10922ca9-7202-4f16-aba2-d47b8645791c" testListId="8c84fa94-04c1-424b-9868-57a2d4851a1d" xmlns="http://microsoft.com/schemas/VisualStudio/TeamTest/2010" />
    <TestEntry testId="6945fc8e-bced-3763-56d7-dd9774cf09e7" executionId="b46c7a51-cbc5-414b-a1cf-46b7b81c144a" testListId="8c84fa94-04c1-424b-9868-57a2d4851a1d" xmlns="http://microsoft.com/schemas/VisualStudio/TeamTest/2010" />
    <TestEntry testId="e97eaf8e-0ecf-65f5-04ab-76ca8870b372" executionId="7bafe149-4ba8-4713-88c2-565ccbdf4b56" testListId="8c84fa94-04c1-424b-9868-57a2d4851a1d" xmlns="http://microsoft.com/schemas/VisualStudio/TeamTest/2010" />
    <TestEntry testId="f6892432-d506-05dd-c1d8-5f655afbf0ef" executionId="04ddff7e-4e04-435f-9c74-7d3eadea9387" testListId="8c84fa94-04c1-424b-9868-57a2d4851a1d" xmlns="http://microsoft.com/schemas/VisualStudio/TeamTest/2010" />
    <TestEntry testId="6a696e3c-fdaf-a272-447e-e0c2a6c77673" executionId="af9a82c4-38ac-41dc-a778-ad919eb088aa" testListId="8c84fa94-04c1-424b-9868-57a2d4851a1d" xmlns="http://microsoft.com/schemas/VisualStudio/TeamTest/2010" />
    <TestEntry testId="55a3c803-06e9-6a98-6826-97a1597a8680" executionId="d1099f81-9056-433a-8b61-c8cb9691fef6" testListId="8c84fa94-04c1-424b-9868-57a2d4851a1d" xmlns="http://microsoft.com/schemas/VisualStudio/TeamTest/2010" />
    <TestEntry testId="6f5bf48c-e4c0-b967-62c8-a640629e7719" executionId="80aad71d-1f29-4d81-8bfb-b9b02f9e13c0" testListId="8c84fa94-04c1-424b-9868-57a2d4851a1d" xmlns="http://microsoft.com/schemas/VisualStudio/TeamTest/2010" />
    <TestEntry testId="a465e3e2-5f33-9280-96a5-dad2cdb56d48" executionId="42810d77-4cb2-4d0a-84fc-3627a49242eb" testListId="8c84fa94-04c1-424b-9868-57a2d4851a1d" xmlns="http://microsoft.com/schemas/VisualStudio/TeamTest/2010" />
    <TestEntry testId="d9a582db-720f-849c-5c6c-3e72305e7969" executionId="6968c3fc-62c3-4d6e-89ee-42f0d19c6349" testListId="8c84fa94-04c1-424b-9868-57a2d4851a1d" xmlns="http://microsoft.com/schemas/VisualStudio/TeamTest/2010" />
    <TestEntry testId="2be0bb23-bdd4-39e3-5c52-58d829d1a4f6" executionId="3eafb1a8-c001-4932-9731-024d2568eca7" testListId="8c84fa94-04c1-424b-9868-57a2d4851a1d" xmlns="http://microsoft.com/schemas/VisualStudio/TeamTest/2010" />
    <TestEntry testId="da8e2bdd-b046-b065-da35-f4d8fa39c126" executionId="d17b5f28-f3a8-4b72-a707-06d6510ac725" testListId="8c84fa94-04c1-424b-9868-57a2d4851a1d" xmlns="http://microsoft.com/schemas/VisualStudio/TeamTest/2010" />
    <TestEntry testId="18ab39eb-c269-8e5e-27c8-0e0099e940b7" executionId="51c36e12-1178-4f39-a91c-d3b10e505799" testListId="8c84fa94-04c1-424b-9868-57a2d4851a1d" xmlns="http://microsoft.com/schemas/VisualStudio/TeamTest/2010" />
    <TestEntry testId="fc5fae9f-91d6-fa24-579e-a13cc255eec6" executionId="18c6fc2f-e879-4567-8952-00334e0a1a5b" testListId="8c84fa94-04c1-424b-9868-57a2d4851a1d" xmlns="http://microsoft.com/schemas/VisualStudio/TeamTest/2010" />
    <TestEntry testId="921f768d-c026-5c72-695c-6195f075a1c1" executionId="a0e44ede-500c-4f9e-963d-32744d33b60e" testListId="8c84fa94-04c1-424b-9868-57a2d4851a1d" xmlns="http://microsoft.com/schemas/VisualStudio/TeamTest/2010" />
    <TestEntry testId="abffb153-2bc5-2e5d-37d3-34241627ba4f" executionId="385f1677-3ea5-4a05-8f46-c52bd4edea4c" testListId="8c84fa94-04c1-424b-9868-57a2d4851a1d" xmlns="http://microsoft.com/schemas/VisualStudio/TeamTest/2010" />
    <TestEntry testId="32feb49a-a169-6254-5ae6-6f93b144c382" executionId="3d870979-e79c-40ae-93aa-2d9845f63af5" testListId="8c84fa94-04c1-424b-9868-57a2d4851a1d" xmlns="http://microsoft.com/schemas/VisualStudio/TeamTest/2010" />
    <TestEntry testId="b7ad954c-d7f8-9b7f-da20-994bdddaa358" executionId="3ce272cf-cde6-4137-951e-a6d5a1960745" testListId="8c84fa94-04c1-424b-9868-57a2d4851a1d" xmlns="http://microsoft.com/schemas/VisualStudio/TeamTest/2010" />
    <TestEntry testId="a7424620-7d66-2bab-87dd-6bf41b62173f" executionId="e4a52e1c-7bcb-4820-8f24-e57fa7b55ee9" testListId="8c84fa94-04c1-424b-9868-57a2d4851a1d" xmlns="http://microsoft.com/schemas/VisualStudio/TeamTest/2010" />
    <TestEntry testId="cb67196b-6ac5-2ad3-c511-f22d8dd105d9" executionId="b1141e79-50de-4334-ba74-3ab5e46691e9" testListId="8c84fa94-04c1-424b-9868-57a2d4851a1d" xmlns="http://microsoft.com/schemas/VisualStudio/TeamTest/2010" />
    <TestEntry testId="9995fe48-045c-fb86-728c-6afde736c742" executionId="3b350acf-5020-4137-8449-f79219986837" testListId="8c84fa94-04c1-424b-9868-57a2d4851a1d" xmlns="http://microsoft.com/schemas/VisualStudio/TeamTest/2010" />
    <TestEntry testId="a8ca89f0-79ce-83ca-018f-472a49db6f46" executionId="b01a20d6-240a-4206-b3ff-4c960ba603dd" testListId="8c84fa94-04c1-424b-9868-57a2d4851a1d" xmlns="http://microsoft.com/schemas/VisualStudio/TeamTest/2010" />
    <TestEntry testId="e05e78b9-1fc5-d5e7-7e42-f53788d2e4a8" executionId="8c427b4c-7c5a-4d19-af57-3b22b1296e16" testListId="8c84fa94-04c1-424b-9868-57a2d4851a1d" xmlns="http://microsoft.com/schemas/VisualStudio/TeamTest/2010" />
    <TestEntry testId="3e3a289b-1c74-15e1-39bf-f6ee0cea86e7" executionId="f7a40961-0855-4a05-ae44-9d6abc60fc88" testListId="8c84fa94-04c1-424b-9868-57a2d4851a1d" xmlns="http://microsoft.com/schemas/VisualStudio/TeamTest/2010" />
    <TestEntry testId="a1968147-0351-75a4-0e13-531c67b43bf8" executionId="afd8566c-a256-4bcc-9a52-b512f95abff0" testListId="8c84fa94-04c1-424b-9868-57a2d4851a1d" xmlns="http://microsoft.com/schemas/VisualStudio/TeamTest/2010" />
    <TestEntry testId="747a08c9-a3e7-c6d3-d3e5-4ea9ef67df60" executionId="eb60c41b-e188-4059-9485-c47780f6846a" testListId="8c84fa94-04c1-424b-9868-57a2d4851a1d" xmlns="http://microsoft.com/schemas/VisualStudio/TeamTest/2010" />
    <TestEntry testId="1d8ac424-d8c8-cc40-95df-91f5d4ddca6b" executionId="65590435-436a-40f2-966f-2661c59b274f" testListId="8c84fa94-04c1-424b-9868-57a2d4851a1d" xmlns="http://microsoft.com/schemas/VisualStudio/TeamTest/2010" />
    <TestEntry testId="09a12892-a09d-2217-56ca-535c29014ee4" executionId="c97a17fe-f1c6-442c-93fc-1a4f021527fe" testListId="8c84fa94-04c1-424b-9868-57a2d4851a1d" xmlns="http://microsoft.com/schemas/VisualStudio/TeamTest/2010" />
    <TestEntry testId="23e6d9bc-f3c3-f29d-3344-d86cf83d0f1d" executionId="3bbdd0c4-cd00-4dee-8025-f06d69e3aeb9" testListId="8c84fa94-04c1-424b-9868-57a2d4851a1d" xmlns="http://microsoft.com/schemas/VisualStudio/TeamTest/2010" />
    <TestEntry testId="92340e72-277a-04a0-4ab5-bc7177798536" executionId="1d79fc07-10ab-4052-a444-863a227c68b5" testListId="8c84fa94-04c1-424b-9868-57a2d4851a1d" xmlns="http://microsoft.com/schemas/VisualStudio/TeamTest/2010" />
    <TestEntry testId="40b5ef99-b7df-93ac-7917-4647f5a51753" executionId="16c2a3e3-09ef-4531-82c3-96158eaeed51" testListId="8c84fa94-04c1-424b-9868-57a2d4851a1d" xmlns="http://microsoft.com/schemas/VisualStudio/TeamTest/2010" />
    <TestEntry testId="01759c6c-9c6f-76ea-83d1-8f4c8b379bd1" executionId="9815c874-51eb-477e-93de-1719ce6a983b" testListId="8c84fa94-04c1-424b-9868-57a2d4851a1d" xmlns="http://microsoft.com/schemas/VisualStudio/TeamTest/2010" />
    <TestEntry testId="b13fa943-22bd-9e1f-c5db-ef62652cfa07" executionId="bb0c1b76-1c71-4c4d-a428-ca092e49680d" testListId="8c84fa94-04c1-424b-9868-57a2d4851a1d" xmlns="http://microsoft.com/schemas/VisualStudio/TeamTest/2010" />
    <TestEntry testId="58462863-ff6d-f063-2a0a-2d8d701b12ea" executionId="fe6eb761-c776-4af4-a11a-df8b282381a7" testListId="8c84fa94-04c1-424b-9868-57a2d4851a1d" xmlns="http://microsoft.com/schemas/VisualStudio/TeamTest/2010" />
    <TestEntry testId="cb4cfb9e-73c3-8e26-9b3a-14e0a5fbae7b" executionId="e38a042e-bcc8-4766-8bef-d0ded6a27e1f" testListId="8c84fa94-04c1-424b-9868-57a2d4851a1d" xmlns="http://microsoft.com/schemas/VisualStudio/TeamTest/2010" />
    <TestEntry testId="1d309172-e008-0657-5b5e-95e52af2c894" executionId="25c4e596-9670-4f88-916d-7a87e18314b4" testListId="8c84fa94-04c1-424b-9868-57a2d4851a1d" xmlns="http://microsoft.com/schemas/VisualStudio/TeamTest/2010" />
    <TestEntry testId="2be8e5bd-2821-3300-9bb9-16d0bbda7431" executionId="65a7403a-c0bf-4c2b-842d-ac76b0fd888c" testListId="8c84fa94-04c1-424b-9868-57a2d4851a1d" xmlns="http://microsoft.com/schemas/VisualStudio/TeamTest/2010" />
    <TestEntry testId="ec5b60ed-7fe8-4ace-f494-55fd9fc20bb2" executionId="13a1afd3-a78c-4e08-954a-cb01dba67abb" testListId="8c84fa94-04c1-424b-9868-57a2d4851a1d" xmlns="http://microsoft.com/schemas/VisualStudio/TeamTest/2010" />
    <TestEntry testId="101e9e04-cff8-8fa9-c661-9d47b6be78ef" executionId="c70c49bc-f96d-4093-bcf2-cb696c0ab49d" testListId="8c84fa94-04c1-424b-9868-57a2d4851a1d" xmlns="http://microsoft.com/schemas/VisualStudio/TeamTest/2010" />
    <TestEntry testId="e084b9bb-3fb5-a391-9844-c9e65646417a" executionId="351485cb-8268-4d2f-9c02-11ed92cea827" testListId="8c84fa94-04c1-424b-9868-57a2d4851a1d" xmlns="http://microsoft.com/schemas/VisualStudio/TeamTest/2010" />
    <TestEntry testId="d543c38b-7074-0e95-e523-50409de6c955" executionId="a48826de-d781-444b-ac92-1769fb02ef29" testListId="8c84fa94-04c1-424b-9868-57a2d4851a1d" xmlns="http://microsoft.com/schemas/VisualStudio/TeamTest/2010" />
    <TestEntry testId="78601fce-42b7-1d43-f4d2-c9e13ea5ac39" executionId="e6c93435-ef8e-49ad-aaf2-2216d1eb9617" testListId="8c84fa94-04c1-424b-9868-57a2d4851a1d" xmlns="http://microsoft.com/schemas/VisualStudio/TeamTest/2010" />
    <TestEntry testId="447a7ec8-4d58-9251-c78c-779d4ba60530" executionId="3197f7d8-073e-43e1-b6a7-458209a1d84d" testListId="8c84fa94-04c1-424b-9868-57a2d4851a1d" xmlns="http://microsoft.com/schemas/VisualStudio/TeamTest/2010" />
    <TestEntry testId="fe55777e-1d6a-5099-e51b-5211c764827b" executionId="8181ef2f-c47d-4a59-8cbd-3260c0b5cf37" testListId="8c84fa94-04c1-424b-9868-57a2d4851a1d" xmlns="http://microsoft.com/schemas/VisualStudio/TeamTest/2010" />
    <TestEntry testId="c3657274-5684-84b0-53f6-50ffb36049ed" executionId="ecc2ff08-d281-41aa-aa1c-810d2503ad98" testListId="8c84fa94-04c1-424b-9868-57a2d4851a1d" xmlns="http://microsoft.com/schemas/VisualStudio/TeamTest/2010" />
    <TestEntry testId="15f0f0c3-de9f-da14-426b-78765c04900a" executionId="dfce5ddb-c232-4281-b0c5-c1b7ce1ee552" testListId="8c84fa94-04c1-424b-9868-57a2d4851a1d" xmlns="http://microsoft.com/schemas/VisualStudio/TeamTest/2010" />
    <TestEntry testId="7d752d6c-ea35-c2bf-5a54-d2a77f5d8d11" executionId="18756d29-7d08-40fd-b654-99160b51da58" testListId="8c84fa94-04c1-424b-9868-57a2d4851a1d" xmlns="http://microsoft.com/schemas/VisualStudio/TeamTest/2010" />
    <TestEntry testId="4e84d721-e721-48df-0fef-58399d42c3e4" executionId="04128a44-80cf-48cb-b422-a5a08d87432a" testListId="8c84fa94-04c1-424b-9868-57a2d4851a1d" xmlns="http://microsoft.com/schemas/VisualStudio/TeamTest/2010" />
    <TestEntry testId="acbf883b-a248-9198-bfe3-0944bb2a2172" executionId="79852190-e388-45cd-be04-bc0497e16c2d" testListId="8c84fa94-04c1-424b-9868-57a2d4851a1d" xmlns="http://microsoft.com/schemas/VisualStudio/TeamTest/2010" />
    <TestEntry testId="1521fdf8-ee8e-3f24-da8a-3dd3b9aaa633" executionId="77bc299b-da34-46c5-aacd-1208db4daad0" testListId="8c84fa94-04c1-424b-9868-57a2d4851a1d" xmlns="http://microsoft.com/schemas/VisualStudio/TeamTest/2010" />
    <TestEntry testId="00a18adb-717a-ef94-6424-5f5fb443e4cf" executionId="a2eeaec0-4c42-4a19-bf9f-9de81436c286" testListId="8c84fa94-04c1-424b-9868-57a2d4851a1d" xmlns="http://microsoft.com/schemas/VisualStudio/TeamTest/2010" />
    <TestEntry testId="e25795eb-c389-3b43-4e5f-ee4489209b2a" executionId="e434b4f8-a853-444b-b0b9-54e6cbe4a78c" testListId="8c84fa94-04c1-424b-9868-57a2d4851a1d" xmlns="http://microsoft.com/schemas/VisualStudio/TeamTest/2010" />
    <TestEntry testId="162a9975-fa90-6541-ed71-2ec4dcc7aa4e" executionId="e0254913-8141-40a8-95c8-9dd308a14d36" testListId="8c84fa94-04c1-424b-9868-57a2d4851a1d" xmlns="http://microsoft.com/schemas/VisualStudio/TeamTest/2010" />
    <TestEntry testId="d27fa711-0e9a-e814-3ef2-aa33f0dcce39" executionId="6a431397-008a-4db9-b5b4-8a1a7ccb9190" testListId="8c84fa94-04c1-424b-9868-57a2d4851a1d" xmlns="http://microsoft.com/schemas/VisualStudio/TeamTest/2010" />
    <TestEntry testId="8a35045d-3fa3-99c5-00ae-6cb0cc7f41bf" executionId="896b5866-8d4e-488f-b119-3fb294b5f1b6" testListId="8c84fa94-04c1-424b-9868-57a2d4851a1d" xmlns="http://microsoft.com/schemas/VisualStudio/TeamTest/2010" />
    <TestEntry testId="05a8bf42-5434-8515-7c2c-2cfaa500d506" executionId="1f2e013d-1505-4ee6-984a-680392ab239e" testListId="8c84fa94-04c1-424b-9868-57a2d4851a1d" xmlns="http://microsoft.com/schemas/VisualStudio/TeamTest/2010" />
    <TestEntry testId="51b3917d-24ec-e1ae-8b96-e40add1a9fbb" executionId="e57533bb-ba57-4eb9-95fd-e6e0635d1d6c" testListId="8c84fa94-04c1-424b-9868-57a2d4851a1d" xmlns="http://microsoft.com/schemas/VisualStudio/TeamTest/2010" />
    <TestEntry testId="74c0350c-cd7d-cb05-e9ec-3dbfcdb5e334" executionId="3f2bae64-395b-436c-8e1a-3b2e9cab7249" testListId="8c84fa94-04c1-424b-9868-57a2d4851a1d" xmlns="http://microsoft.com/schemas/VisualStudio/TeamTest/2010" />
    <TestEntry testId="bfa565c7-fa2e-8baa-d496-303afe5abd4e" executionId="f8a92779-5ab8-4cb9-a168-2121fa852f2a" testListId="8c84fa94-04c1-424b-9868-57a2d4851a1d" xmlns="http://microsoft.com/schemas/VisualStudio/TeamTest/2010" />
    <TestEntry testId="e3aee510-497a-29c4-a957-cf3658ce44bf" executionId="e29829e2-e09b-4b7f-8c5a-0b3c93a58858" testListId="8c84fa94-04c1-424b-9868-57a2d4851a1d" xmlns="http://microsoft.com/schemas/VisualStudio/TeamTest/2010" />
    <TestEntry testId="38847c53-ed57-2707-a54c-021211b43dbe" executionId="37a32046-ac8a-46b1-add6-81681f6821ec" testListId="8c84fa94-04c1-424b-9868-57a2d4851a1d" xmlns="http://microsoft.com/schemas/VisualStudio/TeamTest/2010" />
    <TestEntry testId="6a819246-7db0-b20a-947c-c26438c9bd63" executionId="186e7de0-eec0-4ad4-b4a3-ce2107158feb" testListId="8c84fa94-04c1-424b-9868-57a2d4851a1d" xmlns="http://microsoft.com/schemas/VisualStudio/TeamTest/2010" />
    <TestEntry testId="f0a8452b-a880-3678-5fa2-b0b5343292bb" executionId="ef073c36-8900-4a29-941a-93c273a1482e" testListId="8c84fa94-04c1-424b-9868-57a2d4851a1d" xmlns="http://microsoft.com/schemas/VisualStudio/TeamTest/2010" />
    <TestEntry testId="85c1e566-d68d-d955-a41f-828e82e07cee" executionId="a6387c49-36ed-46fb-95dc-d2adefee172f" testListId="8c84fa94-04c1-424b-9868-57a2d4851a1d" xmlns="http://microsoft.com/schemas/VisualStudio/TeamTest/2010" />
    <TestEntry testId="27d7c2e1-6a3b-6d4f-0096-57d930cb5166" executionId="d2af7365-7d24-480d-a400-0e05744713dd" testListId="8c84fa94-04c1-424b-9868-57a2d4851a1d" xmlns="http://microsoft.com/schemas/VisualStudio/TeamTest/2010" />
    <TestEntry testId="d4c79ddc-bac1-9c46-ff17-af527979978d" executionId="4b47c1d1-47e6-4110-8726-330ee0e8b396" testListId="8c84fa94-04c1-424b-9868-57a2d4851a1d" xmlns="http://microsoft.com/schemas/VisualStudio/TeamTest/2010" />
    <TestEntry testId="02f35529-4ead-47e9-3f31-cb3572ed4bd3" executionId="5a99d377-0a53-48ab-a8d1-84f83429ba1b" testListId="8c84fa94-04c1-424b-9868-57a2d4851a1d" xmlns="http://microsoft.com/schemas/VisualStudio/TeamTest/2010" />
    <TestEntry testId="904d5d76-7886-9282-84ca-d6d2d719e578" executionId="6186f790-fb76-4a2b-8908-a2e7696d1f9a" testListId="8c84fa94-04c1-424b-9868-57a2d4851a1d" xmlns="http://microsoft.com/schemas/VisualStudio/TeamTest/2010" />
    <TestEntry testId="dd99c6d8-5061-c33e-9fb5-f6db9b5c95f7" executionId="75bf6047-ea0e-41b5-830d-d9d9d4912604" testListId="8c84fa94-04c1-424b-9868-57a2d4851a1d" xmlns="http://microsoft.com/schemas/VisualStudio/TeamTest/2010" />
    <TestEntry testId="7409cd42-f673-2565-2261-30abc9b0641d" executionId="0e0d6807-c148-41cd-8bfe-7e90adfef3ce" testListId="8c84fa94-04c1-424b-9868-57a2d4851a1d" xmlns="http://microsoft.com/schemas/VisualStudio/TeamTest/2010" />
    <TestEntry testId="c737a9ae-6e38-8556-c3b4-7587ecb9acbb" executionId="4636552b-eee8-45c8-8b89-ee19180edd16" testListId="8c84fa94-04c1-424b-9868-57a2d4851a1d" xmlns="http://microsoft.com/schemas/VisualStudio/TeamTest/2010" />
    <TestEntry testId="86518760-fa00-295e-47cc-e5d6dba47527" executionId="35ab43cd-1869-4f9b-8507-ada9b40c2034" testListId="8c84fa94-04c1-424b-9868-57a2d4851a1d" xmlns="http://microsoft.com/schemas/VisualStudio/TeamTest/2010" />
    <TestEntry testId="08cb4208-4fe7-b76b-4972-5be8287f6cc2" executionId="0f2fc219-d5ec-4f5e-b13a-048ae18e0020" testListId="8c84fa94-04c1-424b-9868-57a2d4851a1d" xmlns="http://microsoft.com/schemas/VisualStudio/TeamTest/2010" />
    <TestEntry testId="ef7812d1-d662-c64d-e88c-8e391f4a0f87" executionId="6840b25e-443c-4ec5-b295-6719b922103e" testListId="8c84fa94-04c1-424b-9868-57a2d4851a1d" xmlns="http://microsoft.com/schemas/VisualStudio/TeamTest/2010" />
    <TestEntry testId="73b345a6-01ee-1f99-e257-2bd3980b2a55" executionId="3469966c-9f3e-4d99-8fc2-a96242f813e1" testListId="8c84fa94-04c1-424b-9868-57a2d4851a1d" xmlns="http://microsoft.com/schemas/VisualStudio/TeamTest/2010" />
    <TestEntry testId="5fe0a77c-457c-1ad4-ea90-21c6f2197cf3" executionId="8418ecf4-9d6f-4e22-91aa-5451d0a7c120" testListId="8c84fa94-04c1-424b-9868-57a2d4851a1d" xmlns="http://microsoft.com/schemas/VisualStudio/TeamTest/2010" />
    <TestEntry testId="8f963ded-5435-4dfe-3694-5269d26ce987" executionId="cc08876b-355e-476b-a399-8d0236e7c4bb" testListId="8c84fa94-04c1-424b-9868-57a2d4851a1d" xmlns="http://microsoft.com/schemas/VisualStudio/TeamTest/2010" />
    <TestEntry testId="00605a31-5bf4-6a10-d5d8-68605ca0fe9e" executionId="ebf56426-efb9-452a-8628-f5699921638c" testListId="8c84fa94-04c1-424b-9868-57a2d4851a1d" xmlns="http://microsoft.com/schemas/VisualStudio/TeamTest/2010" />
    <TestEntry testId="66aadc34-05ee-03ee-7c60-4bddd836a077" executionId="8fffc09a-fa07-40bd-9562-4033a141c6e6" testListId="8c84fa94-04c1-424b-9868-57a2d4851a1d" xmlns="http://microsoft.com/schemas/VisualStudio/TeamTest/2010" />
    <TestEntry testId="cc1b359f-b5fb-d9ba-7555-848df199bc6d" executionId="3d011932-da18-4e77-8839-159b1e267a83" testListId="8c84fa94-04c1-424b-9868-57a2d4851a1d" xmlns="http://microsoft.com/schemas/VisualStudio/TeamTest/2010" />
    <TestEntry testId="a60b6d3e-da8f-8208-5340-a670e426e0ab" executionId="6e36dab4-5868-4ee2-b6a8-af2277b8154c" testListId="8c84fa94-04c1-424b-9868-57a2d4851a1d" xmlns="http://microsoft.com/schemas/VisualStudio/TeamTest/2010" />
    <TestEntry testId="2d610960-5163-7dee-2e11-4657bfeeb260" executionId="440b325e-4bb4-4744-9954-67b181635bc2" testListId="8c84fa94-04c1-424b-9868-57a2d4851a1d" xmlns="http://microsoft.com/schemas/VisualStudio/TeamTest/2010" />
    <TestEntry testId="5a587cdd-33a2-0450-b436-28e3c32ca2bc" executionId="6be602ab-7126-46c6-a9d1-75c6cbbceaf0" testListId="8c84fa94-04c1-424b-9868-57a2d4851a1d" xmlns="http://microsoft.com/schemas/VisualStudio/TeamTest/2010" />
    <TestEntry testId="4dd54268-ca5c-f2ac-0f75-c1f879346a6a" executionId="cd953fb9-5bee-4fd9-a2de-b4fd01eff5fd" testListId="8c84fa94-04c1-424b-9868-57a2d4851a1d" xmlns="http://microsoft.com/schemas/VisualStudio/TeamTest/2010" />
    <TestEntry testId="fead0924-ca29-6130-f519-2482f200a666" executionId="47c649b6-b029-430b-a7bc-62b99ee7a453" testListId="8c84fa94-04c1-424b-9868-57a2d4851a1d" xmlns="http://microsoft.com/schemas/VisualStudio/TeamTest/2010" />
    <TestEntry testId="c0747f59-826b-81b4-d050-0ed251150a5f" executionId="cb53f06d-b81b-4578-aa16-3394a1ed38b9" testListId="8c84fa94-04c1-424b-9868-57a2d4851a1d" xmlns="http://microsoft.com/schemas/VisualStudio/TeamTest/2010" />
  </TestEntries>
  <ResultSummary outcome="Completed" >
    <Counters total="301" passed="301" failed="0" />
  </ResultSummary>
</TestRun>
