<?xml version="1.0" encoding="utf-8"?>
<TestRun id="6a497cea-b8de-48c7-87d8-08a3d44a46c2" name="MWhited@DESKTOP-3FN5V33 2023-12-21 16:07:57" runUser="EGI\MWhited" xmlns="http://microsoft.com/schemas/VisualStudio/TeamTest/2010">
  <Times creation="2023-12-21T16:07:57.5896113-05:00" queuing="2023-12-21T16:07:57.5896117-05:00" start="2023-12-21T16:07:55.1693266-05:00" finish="2023-12-21T16:07:57.5900078-05:00" />
  <TestSettings name="default" id="c5721a6d-3ad2-4b66-bbf6-aaefac37696f">
    <Deployment runDeploymentRoot="MWhited_DESKTOP-3FN5V33_2023-12-21_16_07_57" />
  </TestSettings>
  <TestLists>
    <TestList name="Results Not in a List" id="8c84fa94-04c1-424b-9868-57a2d4851a1d" />
    <TestList name="All Loaded Results" id="19431567-8539-422a-85d7-44ee4e166bda" />
  </TestLists>
  <ResultSummary outcome="Completed">
    <Counters total="0" executed="0" passed="0" failed="0" error="0" timeout="0" aborted="0" inconclusive="0" passedButRunAborted="0" notRunnable="0" notExecuted="0" disconnected="0" warning="0" completed="0" inProgress="0" pending="0" />
    <RunInfos>
      <RunInfo computerName="DESKTOP-3FN5V33" outcome="Warning" timestamp="2023-12-21T16:07:57.3465708-05:00">
        <Text>No test matches the given testcase filter `TestCategory=Unit|TestCategory=Simulate` in c:\Repos\Nucleus\Nucleus.Net.Libs\ExternalServices\Azure\Eliassen.Azure.StorageAccount.Tests\bin\Release\net8.0\Eliassen.Azure.StorageAccount.Tests.dll</Text>
      </RunInfo>
    </RunInfos>
    <CollectorDataEntries>
      <Collector agentName="DESKTOP-3FN5V33" uri="datacollector://microsoft/CoverletCodeCoverage/1.0" collectorDisplayName="XPlat code coverage">
        <UriAttachments>
          <UriAttachment>
            <A href="DESKTOP-3FN5V33\coverage.cobertura.xml"></A>
          </UriAttachment>
        </UriAttachments>
      </Collector>
    </CollectorDataEntries>
  </ResultSummary>
</TestRun>