<?xml version="1.0" encoding="utf-8"?>
<TestRun xmlns="http://microsoft.com/schemas/VisualStudio/TeamTest/2010">
  <Times creation="2024-01-04T16:52:05.2948549-05:00" queuing="2024-01-04T16:52:05.2948554-05:00" start="2024-01-04T16:52:03.1704039-05:00" finish="2024-01-30T13:50:25.4843614-05:00" />
  <Results >
    <UnitTestResult executionId="17a8729e-dbc1-4935-af35-be01cb058033" testId="94603f64-5739-e688-dcfd-6687308b4a9a" testName="AddResultTest_Object_WithFileNameRemoveExtension" computerName="DESKTOP-3FN5V33" duration="00:00:00.0036609" startTime="2024-01-30T13:50:07.2279373-05:00" endTime="2024-01-30T13:50:07.2319014-05:00" testType="13cdc9d9-ddb5-4fa4-a97d-d965ccfc6d4b" outcome="Passed" testListId="8c84fa94-04c1-424b-9868-57a2d4851a1d" relativeResultsDirectory="17a8729e-dbc1-4935-af35-be01cb058033" xmlns="http://microsoft.com/schemas/VisualStudio/TeamTest/2010">
      <Output>
        <StdOut>TestContext Messages:
TestFileName-TextContextExtensionsTests_AddResultTest_Object_WithFileNameRemoveExtension(150)-638422194072283594: Attached</StdOut>
      </Output>
      <ResultFiles>
        <ResultFile path="DESKTOP-3FN5V33\TestFileName-TextContextExtensionsTests_AddResultTest_Object_WithFileNameRemoveExtension(150)-638422194072283594" />
      </ResultFiles>
    </UnitTestResult>
    <UnitTestResult executionId="0c8adbbe-19d2-40b5-b7c0-33d20d8ba458" testId="4173abf6-6eee-31f5-7205-ad46c7104d49" testName="AddResultFileTest_FileContent" computerName="DESKTOP-3FN5V33" duration="00:00:00.0030495" startTime="2024-01-30T13:50:07.3211551-05:00" endTime="2024-01-30T13:50:07.3244703-05:00" testType="13cdc9d9-ddb5-4fa4-a97d-d965ccfc6d4b" outcome="Passed" testListId="8c84fa94-04c1-424b-9868-57a2d4851a1d" relativeResultsDirectory="0c8adbbe-19d2-40b5-b7c0-33d20d8ba458" xmlns="http://microsoft.com/schemas/VisualStudio/TeamTest/2010">
      <ResultFiles>
        <ResultFile path="DESKTOP-3FN5V33\test-file.txt" />
      </ResultFiles>
    </UnitTestResult>
    <UnitTestResult executionId="2fcad83a-1702-4966-a611-6df8fe03fe73" testId="de980556-11bb-d6e9-c03a-e5592a3218d5" testName="AddResultTest_String" computerName="DESKTOP-3FN5V33" duration="00:00:00.0083110" startTime="2024-01-30T13:50:07.1949382-05:00" endTime="2024-01-30T13:50:07.2036915-05:00" testType="13cdc9d9-ddb5-4fa4-a97d-d965ccfc6d4b" outcome="Passed" testListId="8c84fa94-04c1-424b-9868-57a2d4851a1d" relativeResultsDirectory="2fcad83a-1702-4966-a611-6df8fe03fe73" xmlns="http://microsoft.com/schemas/VisualStudio/TeamTest/2010">
      <Output>
        <StdOut>TestContext Messages:
String-TextContextExtensionsTests_AddResultTest_String(50)-638422194071964214.txt: Attached</StdOut>
      </Output>
      <ResultFiles>
        <ResultFile path="DESKTOP-3FN5V33\String-TextContextExtensionsTests_AddResultTest_String(50)-638422194071964214.txt" />
      </ResultFiles>
    </UnitTestResult>
    <UnitTestResult executionId="a4a4f535-503d-4129-9feb-04c0bc257a39" testId="09f85366-159b-5dce-cdaa-bbbd3e98347c" testName="GetTestDataAsyncTest_Stream" computerName="DESKTOP-3FN5V33" duration="00:00:00.0135842" startTime="2024-01-30T13:50:07.8502052-05:00" endTime="2024-01-30T13:50:07.8657735-05:00" testType="13cdc9d9-ddb5-4fa4-a97d-d965ccfc6d4b" outcome="Passed" testListId="8c84fa94-04c1-424b-9868-57a2d4851a1d" relativeResultsDirectory="a4a4f535-503d-4129-9feb-04c0bc257a39" xmlns="http://microsoft.com/schemas/VisualStudio/TeamTest/2010" />
    <UnitTestResult executionId="88749706-5ade-4c2b-96f4-72b176dc687c" testId="bb6d8621-db33-2366-8e82-a87beebdef19" testName="AddResultTest_Stream" computerName="DESKTOP-3FN5V33" duration="00:00:00.0034509" startTime="2024-01-30T13:50:07.2333060-05:00" endTime="2024-01-30T13:50:07.2370450-05:00" testType="13cdc9d9-ddb5-4fa4-a97d-d965ccfc6d4b" outcome="Passed" testListId="8c84fa94-04c1-424b-9868-57a2d4851a1d" relativeResultsDirectory="88749706-5ade-4c2b-96f4-72b176dc687c" xmlns="http://microsoft.com/schemas/VisualStudio/TeamTest/2010">
      <Output>
        <StdOut>TestContext Messages:
MemoryStream-TextContextExtensionsTests_AddResultTest_Stream(170)-638422194072338042.bin: Attached</StdOut>
      </Output>
      <ResultFiles>
        <ResultFile path="DESKTOP-3FN5V33\MemoryStream-TextContextExtensionsTests_AddResultTest_Stream(170)-638422194072338042.bin" />
      </ResultFiles>
    </UnitTestResult>
    <UnitTestResult executionId="180ecf1b-8587-422f-b7d4-e19c3516b292" testId="5bb4fd62-5d31-f92e-3aec-4b3c222ba16c" testName="GetTestDataAsyncTest_String" computerName="DESKTOP-3FN5V33" duration="00:00:00.0131775" startTime="2024-01-30T13:50:07.8346009-05:00" endTime="2024-01-30T13:50:07.8483362-05:00" testType="13cdc9d9-ddb5-4fa4-a97d-d965ccfc6d4b" outcome="Passed" testListId="8c84fa94-04c1-424b-9868-57a2d4851a1d" relativeResultsDirectory="180ecf1b-8587-422f-b7d4-e19c3516b292" xmlns="http://microsoft.com/schemas/VisualStudio/TeamTest/2010" />
    <UnitTestResult executionId="c0c6ae69-8903-4d4b-9042-7704d9db4563" testId="b14f6909-8be4-5d0a-1d4e-766cb1e4abd6" testName="GetTestDataAsyncTest" computerName="DESKTOP-3FN5V33" duration="00:00:00.4924368" startTime="2024-01-30T13:50:07.3283826-05:00" endTime="2024-01-30T13:50:07.8211463-05:00" testType="13cdc9d9-ddb5-4fa4-a97d-d965ccfc6d4b" outcome="Passed" testListId="8c84fa94-04c1-424b-9868-57a2d4851a1d" relativeResultsDirectory="c0c6ae69-8903-4d4b-9042-7704d9db4563" xmlns="http://microsoft.com/schemas/VisualStudio/TeamTest/2010" />
    <UnitTestResult executionId="26b5b8b6-ac5d-458d-b57c-684a35092022" testId="419ef0dc-c4eb-bdc4-db64-68fe0fa43397" testName="AddResultTest_Object" computerName="DESKTOP-3FN5V33" duration="00:00:00.3201601" startTime="2024-01-30T13:50:06.8118880-05:00" endTime="2024-01-30T13:50:07.1772587-05:00" testType="13cdc9d9-ddb5-4fa4-a97d-d965ccfc6d4b" outcome="Passed" testListId="8c84fa94-04c1-424b-9868-57a2d4851a1d" relativeResultsDirectory="26b5b8b6-ac5d-458d-b57c-684a35092022" xmlns="http://microsoft.com/schemas/VisualStudio/TeamTest/2010">
      <Output>
        <StdOut>TestContext Messages:
TestData-TextContextExtensionsTests_AddResultTest_Object(30)-638422194071246511.json: Attached</StdOut>
      </Output>
      <ResultFiles>
        <ResultFile path="DESKTOP-3FN5V33\TestData-TextContextExtensionsTests_AddResultTest_Object(30)-638422194071246511.json" />
      </ResultFiles>
    </UnitTestResult>
    <UnitTestResult executionId="2996e536-b04e-408f-b7e3-427a7270eb1e" testId="ed2eb3a8-9a8f-8428-0d0a-7e6a2f6200e2" testName="AddResultTest_Lines" computerName="DESKTOP-3FN5V33" duration="00:00:00.0047655" startTime="2024-01-30T13:50:07.2058817-05:00" endTime="2024-01-30T13:50:07.2109391-05:00" testType="13cdc9d9-ddb5-4fa4-a97d-d965ccfc6d4b" outcome="Passed" testListId="8c84fa94-04c1-424b-9868-57a2d4851a1d" relativeResultsDirectory="2996e536-b04e-408f-b7e3-427a7270eb1e" xmlns="http://microsoft.com/schemas/VisualStudio/TeamTest/2010">
      <Output>
        <StdOut>TestContext Messages:
String[]-TextContextExtensionsTests_AddResultTest_Lines(70)-638422194072064175.txt: Attached</StdOut>
      </Output>
      <ResultFiles>
        <ResultFile path="DESKTOP-3FN5V33\String[]-TextContextExtensionsTests_AddResultTest_Lines(70)-638422194072064175.txt" />
      </ResultFiles>
    </UnitTestResult>
    <UnitTestResult executionId="bd789a0a-cd5c-4918-a1e1-b1a79b0a75cc" testId="35da343a-5826-ac4c-688a-c2bbf7572a30" testName="AddResultTest_ValueOutFile" computerName="DESKTOP-3FN5V33" duration="00:00:00.0042014" startTime="2024-01-30T13:50:07.3152282-05:00" endTime="2024-01-30T13:50:07.3201547-05:00" testType="13cdc9d9-ddb5-4fa4-a97d-d965ccfc6d4b" outcome="Passed" testListId="8c84fa94-04c1-424b-9868-57a2d4851a1d" relativeResultsDirectory="bd789a0a-cd5c-4918-a1e1-b1a79b0a75cc" xmlns="http://microsoft.com/schemas/VisualStudio/TeamTest/2010">
      <Output>
        <StdOut>TestContext Messages:
TestData-TextContextExtensionsTests_AddResultTest_ValueOutFile(210)-638422194073161125.json: Attached
c:\Repos\Nucleus\Net.Libs\TestResults\Deploy_MWhited 20240130T135006\In\DESKTOP-3FN5V33\TestData-TextContextExtensionsTests_AddResultTest_ValueOutFile(210)-638422194073161125.json</StdOut>
      </Output>
      <ResultFiles>
        <ResultFile path="DESKTOP-3FN5V33\TestData-TextContextExtensionsTests_AddResultTest_ValueOutFile(210)-638422194073161125.json" />
      </ResultFiles>
    </UnitTestResult>
    <UnitTestResult executionId="9e50b48d-ee59-4423-b321-a60fd9f886ba" testId="8aec3498-0c1a-9091-2458-51d1c67933bf" testName="AddResultTest_Json" computerName="DESKTOP-3FN5V33" duration="00:00:00.0130905" startTime="2024-01-30T13:50:07.2381165-05:00" endTime="2024-01-30T13:50:07.2514900-05:00" testType="13cdc9d9-ddb5-4fa4-a97d-d965ccfc6d4b" outcome="Passed" testListId="8c84fa94-04c1-424b-9868-57a2d4851a1d" relativeResultsDirectory="9e50b48d-ee59-4423-b321-a60fd9f886ba" xmlns="http://microsoft.com/schemas/VisualStudio/TeamTest/2010">
      <Output>
        <StdOut>TestContext Messages:
JObject-TextContextExtensionsTests_AddResultTest_Json(190)-638422194072389619.json: Attached</StdOut>
      </Output>
      <ResultFiles>
        <ResultFile path="DESKTOP-3FN5V33\JObject-TextContextExtensionsTests_AddResultTest_Json(190)-638422194072389619.json" />
      </ResultFiles>
    </UnitTestResult>
    <UnitTestResult executionId="72ecc6c6-376e-4472-8d1c-cdbff59c1e69" testId="726abc2c-502d-4a5c-e2c7-073f21d793da" testName="AddResultFileTest_FileContentOutFile" computerName="DESKTOP-3FN5V33" duration="00:00:00.0019486" startTime="2024-01-30T13:50:07.3252899-05:00" endTime="2024-01-30T13:50:07.3274817-05:00" testType="13cdc9d9-ddb5-4fa4-a97d-d965ccfc6d4b" outcome="Passed" testListId="8c84fa94-04c1-424b-9868-57a2d4851a1d" relativeResultsDirectory="72ecc6c6-376e-4472-8d1c-cdbff59c1e69" xmlns="http://microsoft.com/schemas/VisualStudio/TeamTest/2010">
      <Output>
        <StdOut>TestContext Messages:
c:\Repos\Nucleus\Net.Libs\TestResults\Deploy_MWhited 20240130T135006\In\DESKTOP-3FN5V33\test-file.txt</StdOut>
      </Output>
      <ResultFiles>
        <ResultFile path="DESKTOP-3FN5V33\test-file.txt" />
      </ResultFiles>
    </UnitTestResult>
    <UnitTestResult executionId="7134ebd2-11b8-43dc-b762-6c33898b0955" testId="4756cbfe-51aa-abcc-147f-e97a51057db5" testName="AddResultTest_Object_WithFileNameNoExtension" computerName="DESKTOP-3FN5V33" duration="00:00:00.0048507" startTime="2024-01-30T13:50:07.2120812-05:00" endTime="2024-01-30T13:50:07.2172471-05:00" testType="13cdc9d9-ddb5-4fa4-a97d-d965ccfc6d4b" outcome="Passed" testListId="8c84fa94-04c1-424b-9868-57a2d4851a1d" relativeResultsDirectory="7134ebd2-11b8-43dc-b762-6c33898b0955" xmlns="http://microsoft.com/schemas/VisualStudio/TeamTest/2010">
      <Output>
        <StdOut>TestContext Messages:
TestFileName-TextContextExtensionsTests_AddResultTest_Object_WithFileNameNoExtension(90)-638422194072125667.json: Attached</StdOut>
      </Output>
      <ResultFiles>
        <ResultFile path="DESKTOP-3FN5V33\TestFileName-TextContextExtensionsTests_AddResultTest_Object_WithFileNameNoExtension(90)-638422194072125667.json" />
      </ResultFiles>
    </UnitTestResult>
    <UnitTestResult executionId="df69e8f2-fe2d-4541-ae94-3b4f5ef2b153" testId="bfc7f80f-e281-5816-dc57-387e099d2a10" testName="AddResultTest_Object_WithFileNameAndExtension" computerName="DESKTOP-3FN5V33" duration="00:00:00.0034532" startTime="2024-01-30T13:50:07.2183527-05:00" endTime="2024-01-30T13:50:07.2220701-05:00" testType="13cdc9d9-ddb5-4fa4-a97d-d965ccfc6d4b" outcome="Passed" testListId="8c84fa94-04c1-424b-9868-57a2d4851a1d" relativeResultsDirectory="df69e8f2-fe2d-4541-ae94-3b4f5ef2b153" xmlns="http://microsoft.com/schemas/VisualStudio/TeamTest/2010">
      <Output>
        <StdOut>TestContext Messages:
TestFileName-TextContextExtensionsTests_AddResultTest_Object_WithFileNameAndExtension(110)-638422194072187699.txt: Attached</StdOut>
      </Output>
      <ResultFiles>
        <ResultFile path="DESKTOP-3FN5V33\TestFileName-TextContextExtensionsTests_AddResultTest_Object_WithFileNameAndExtension(110)-638422194072187699.txt" />
      </ResultFiles>
    </UnitTestResult>
    <UnitTestResult executionId="d975a28e-60fa-4886-b28f-b78becd08f15" testId="01e51d56-c992-5e2d-f6ea-cf3f1977a589" testName="GetTestDataAsyncTest_Targeted" computerName="DESKTOP-3FN5V33" duration="00:00:00.0098784" startTime="2024-01-30T13:50:07.8227599-05:00" endTime="2024-01-30T13:50:07.8330315-05:00" testType="13cdc9d9-ddb5-4fa4-a97d-d965ccfc6d4b" outcome="Passed" testListId="8c84fa94-04c1-424b-9868-57a2d4851a1d" relativeResultsDirectory="d975a28e-60fa-4886-b28f-b78becd08f15" xmlns="http://microsoft.com/schemas/VisualStudio/TeamTest/2010" />
    <UnitTestResult executionId="29e3cb53-938f-4fd0-81f8-2847ff7ec2b6" testId="6e40d08d-5283-ed81-5042-cf4b25b8a9b0" testName="AddResultTest_Object_WithFileNameAndChangeExtension" computerName="DESKTOP-3FN5V33" duration="00:00:00.0033818" startTime="2024-01-30T13:50:07.2231300-05:00" endTime="2024-01-30T13:50:07.2267626-05:00" testType="13cdc9d9-ddb5-4fa4-a97d-d965ccfc6d4b" outcome="Passed" testListId="8c84fa94-04c1-424b-9868-57a2d4851a1d" relativeResultsDirectory="29e3cb53-938f-4fd0-81f8-2847ff7ec2b6" xmlns="http://microsoft.com/schemas/VisualStudio/TeamTest/2010">
      <Output>
        <StdOut>TestContext Messages:
TestFileName-TextContextExtensionsTests_AddResultTest_Object_WithFileNameAndChangeExtension(130)-638422194072235193.html: Attached</StdOut>
      </Output>
      <ResultFiles>
        <ResultFile path="DESKTOP-3FN5V33\TestFileName-TextContextExtensionsTests_AddResultTest_Object_WithFileNameAndChangeExtension(130)-638422194072235193.html" />
      </ResultFiles>
    </UnitTestResult>
    <UnitTestResult executionId="5e63eea7-e4a7-4e82-a56a-60326cefd105" testId="7fd160bc-3b5b-e6e2-40ae-1974536260f2" testName="TryParseTest (System.Nullable`1[System.Guid],nope,False,)" computerName="DESKTOP-3FN5V33" duration="00:00:00.0001926" startTime="2024-01-30T13:50:09.1246101-05:00" endTime="2024-01-30T13:50:09.1272382-05:00" testType="13cdc9d9-ddb5-4fa4-a97d-d965ccfc6d4b" outcome="Passed" testListId="8c84fa94-04c1-424b-9868-57a2d4851a1d" relativeResultsDirectory="5e63eea7-e4a7-4e82-a56a-60326cefd105" xmlns="http://microsoft.com/schemas/VisualStudio/TeamTest/2010" />
    <UnitTestResult executionId="4aee04a7-a386-4483-b71d-9072766b1716" testId="4c8eceef-7f0a-45c8-d030-0b823248b815" testName="VisitTest_Contains (Hello,EL,True)" computerName="DESKTOP-3FN5V33" duration="00:00:00.0012640" startTime="2024-01-30T13:50:15.4369311-05:00" endTime="2024-01-30T13:50:15.4386281-05:00" testType="13cdc9d9-ddb5-4fa4-a97d-d965ccfc6d4b" outcome="Passed" testListId="8c84fa94-04c1-424b-9868-57a2d4851a1d" relativeResultsDirectory="4aee04a7-a386-4483-b71d-9072766b1716" xmlns="http://microsoft.com/schemas/VisualStudio/TeamTest/2010">
      <Output>
        <StdOut>Eliassen.System.Linq.ConsoleLogger`1[Eliassen.System.Linq.Expressions.StringComparisonReplacementExpressionVisitor]:Debug:&gt;
	Replace: e.Contains(value(Eliassen.System.Tests.Linq.Expressions.StringComparisonReplacementExpressionVisitorTests+&lt;&gt;c__DisplayClass6_0).matched) with e.Contains(value(Eliassen.System.Tests.Linq.Expressions.StringComparisonReplacementExpressionVisitorTests+&lt;&gt;c__DisplayClass6_0).matched, CurrentCultureIgnoreCase)



TestContext Messages:
expression: e =&gt; e.Contains(value(Eliassen.System.Tests.Linq.Expressions.StringComparisonReplacementExpressionVisitorTests+&lt;&gt;c__DisplayClass6_0).matched)
visited: e =&gt; e.Contains(value(Eliassen.System.Tests.Linq.Expressions.StringComparisonReplacementExpressionVisitorTests+&lt;&gt;c__DisplayClass6_0).matched, CurrentCultureIgnoreCase)</StdOut>
      </Output>
    </UnitTestResult>
    <UnitTestResult executionId="7b276eb5-23ca-49a7-bd0c-2bbd03a60f34" testId="1e4ed14b-2ef0-3f9d-4f20-3ca8c8f7b464" testName="ToEnumTest (test display,WithDisplay)" computerName="DESKTOP-3FN5V33" duration="00:00:00.0031594" startTime="2024-01-30T13:50:08.9297560-05:00" endTime="2024-01-30T13:50:08.9332160-05:00" testType="13cdc9d9-ddb5-4fa4-a97d-d965ccfc6d4b" outcome="Passed" testListId="8c84fa94-04c1-424b-9868-57a2d4851a1d" relativeResultsDirectory="7b276eb5-23ca-49a7-bd0c-2bbd03a60f34" xmlns="http://microsoft.com/schemas/VisualStudio/TeamTest/2010" />
    <UnitTestResult executionId="2fbed0bf-4370-4d9f-a1de-5826ab4dd29a" testId="7a9a1822-3db2-a438-faf7-05813fd14fc1" testName="GetSearchablePropertyNames_TestTarget2Model" computerName="DESKTOP-3FN5V33" duration="00:00:00.0004546" startTime="2024-01-30T13:50:15.3734051-05:00" endTime="2024-01-30T13:50:15.3741945-05:00" testType="13cdc9d9-ddb5-4fa4-a97d-d965ccfc6d4b" outcome="Passed" testListId="8c84fa94-04c1-424b-9868-57a2d4851a1d" relativeResultsDirectory="2fbed0bf-4370-4d9f-a1de-5826ab4dd29a" xmlns="http://microsoft.com/schemas/VisualStudio/TeamTest/2010" />
    <UnitTestResult executionId="5076d644-bcd6-4206-9fdd-6c5fe5597153" testId="e350703c-47df-56f0-b995-a52c38b53eca" testName="MakeSafeTest (System.String,Hello World,Hello World)" computerName="DESKTOP-3FN5V33" duration="00:00:00.1335174" startTime="2024-01-30T13:50:08.9410492-05:00" endTime="2024-01-30T13:50:09.1049074-05:00" testType="13cdc9d9-ddb5-4fa4-a97d-d965ccfc6d4b" outcome="Passed" testListId="8c84fa94-04c1-424b-9868-57a2d4851a1d" relativeResultsDirectory="5076d644-bcd6-4206-9fdd-6c5fe5597153" xmlns="http://microsoft.com/schemas/VisualStudio/TeamTest/2010" />
    <UnitTestResult executionId="dc4f7e05-5599-4d74-9b21-4877063a9354" testId="b6498f29-1231-5fcf-4954-1746daa0500d" testName="ExecuteByTest_Filter (Eliassen.System.Tests.Linq.TestTargets.TestTargetModel,Name,NotEqualTo,*e2*,10,0,1,3,4,5,6,7,8,9,10)" computerName="DESKTOP-3FN5V33" duration="00:00:00.0339994" startTime="2024-01-30T13:50:09.2145139-05:00" endTime="2024-01-30T13:50:14.2976306-05:00" testType="13cdc9d9-ddb5-4fa4-a97d-d965ccfc6d4b" outcome="Passed" testListId="8c84fa94-04c1-424b-9868-57a2d4851a1d" relativeResultsDirectory="dc4f7e05-5599-4d74-9b21-4877063a9354" xmlns="http://microsoft.com/schemas/VisualStudio/TeamTest/2010">
      <Output>
        <StdOut>Eliassen.System.Linq.ConsoleLogger`1[Eliassen.System.Linq.Search.QueryBuilder]:Information:&gt;
	Build query for CurrentPage: 0
PageSize: 0
ExcludePageCount: False
SearchTerm: (null)
	F:Name: NotEqualTo: *e2*

Eliassen.System.Linq.ConsoleLogger`1[Eliassen.System.Linq.Search.QueryBuilder]:Information:&gt;
	Execute (paged): System.Linq.Enumerable+SelectRangeIterator`1[Eliassen.System.Tests.Linq.TestTargets.TestTargetModel].Where(n =&gt; Not(n.Name.Contains("e2"))).OrderBy(_ =&gt; 0).Skip(0).Take(10)



TestContext Messages:
SearchQuery-QueryableExtensionsTests_ExecuteByTestFilter(142)-638422194101101069.json: Attached
EnumerableQuery_1-QueryableExtensionsTests_ExecuteByTestFilter(144)-638422194101148376.json: Attached
PagedQueryResult_1-QueryableExtensionsTests_ExecuteByTestFilter(146)-638422194101381953.json: Attached
resultKeys: 0,1,3,4,5,6,7,8,9,10</StdOut>
        <StdErr>Eliassen.System.Linq.ConsoleLogger`1[Eliassen.System.Linq.Search.SortBuilder`1[Eliassen.System.Tests.Linq.TestTargets.TestTargetModel]]:Warning:&gt;
	Force sort by 0 applied for Eliassen.System.Tests.Linq.TestTargets.TestTargetModel</StdErr>
      </Output>
      <ResultFiles>
        <ResultFile path="DESKTOP-3FN5V33\EnumerableQuery_1-QueryableExtensionsTests_ExecuteByTestFilter(144)-638422194101148376.json" />
        <ResultFile path="DESKTOP-3FN5V33\PagedQueryResult_1-QueryableExtensionsTests_ExecuteByTestFilter(146)-638422194101381953.json" />
        <ResultFile path="DESKTOP-3FN5V33\SearchQuery-QueryableExtensionsTests_ExecuteByTestFilter(142)-638422194101101069.json" />
      </ResultFiles>
    </UnitTestResult>
    <UnitTestResult executionId="b98f6f8e-cb48-4e78-898d-e9cce2a0acdf" testId="24774874-1df7-77de-7655-bbafea74832a" testName="ToEnumTest (name2,WithMemberName)" computerName="DESKTOP-3FN5V33" duration="00:00:00.0002550" startTime="2024-01-30T13:50:08.9261848-05:00" endTime="2024-01-30T13:50:08.9268336-05:00" testType="13cdc9d9-ddb5-4fa4-a97d-d965ccfc6d4b" outcome="Passed" testListId="8c84fa94-04c1-424b-9868-57a2d4851a1d" relativeResultsDirectory="b98f6f8e-cb48-4e78-898d-e9cce2a0acdf" xmlns="http://microsoft.com/schemas/VisualStudio/TeamTest/2010" />
    <UnitTestResult executionId="9db82d4d-56c6-456b-af60-65d1c2db8664" testId="65b4a990-8424-f23f-9b61-155855edf172" testName="GetResourceFromJsonTest" computerName="DESKTOP-3FN5V33" duration="00:00:00.0004325" startTime="2024-01-30T13:50:09.1995982-05:00" endTime="2024-01-30T13:50:09.2002883-05:00" testType="13cdc9d9-ddb5-4fa4-a97d-d965ccfc6d4b" outcome="Passed" testListId="8c84fa94-04c1-424b-9868-57a2d4851a1d" relativeResultsDirectory="9db82d4d-56c6-456b-af60-65d1c2db8664" xmlns="http://microsoft.com/schemas/VisualStudio/TeamTest/2010" />
    <UnitTestResult executionId="7ab537d0-b541-4ffe-aa28-70bcb93c7364" testId="e9eca43c-a0f8-d234-3538-2b7d4b198f04" testName="VisitTest_Contains (Hello,el,True)" computerName="DESKTOP-3FN5V33" duration="00:00:00.0016248" startTime="2024-01-30T13:50:15.4326795-05:00" endTime="2024-01-30T13:50:15.4348898-05:00" testType="13cdc9d9-ddb5-4fa4-a97d-d965ccfc6d4b" outcome="Passed" testListId="8c84fa94-04c1-424b-9868-57a2d4851a1d" relativeResultsDirectory="7ab537d0-b541-4ffe-aa28-70bcb93c7364" xmlns="http://microsoft.com/schemas/VisualStudio/TeamTest/2010">
      <Output>
        <StdOut>Eliassen.System.Linq.ConsoleLogger`1[Eliassen.System.Linq.Expressions.StringComparisonReplacementExpressionVisitor]:Debug:&gt;
	Replace: e.Contains(value(Eliassen.System.Tests.Linq.Expressions.StringComparisonReplacementExpressionVisitorTests+&lt;&gt;c__DisplayClass6_0).matched) with e.Contains(value(Eliassen.System.Tests.Linq.Expressions.StringComparisonReplacementExpressionVisitorTests+&lt;&gt;c__DisplayClass6_0).matched, CurrentCultureIgnoreCase)



TestContext Messages:
expression: e =&gt; e.Contains(value(Eliassen.System.Tests.Linq.Expressions.StringComparisonReplacementExpressionVisitorTests+&lt;&gt;c__DisplayClass6_0).matched)
visited: e =&gt; e.Contains(value(Eliassen.System.Tests.Linq.Expressions.StringComparisonReplacementExpressionVisitorTests+&lt;&gt;c__DisplayClass6_0).matched, CurrentCultureIgnoreCase)</StdOut>
      </Output>
    </UnitTestResult>
    <UnitTestResult executionId="d6728ec5-bba2-4189-b1fd-c520dea2c9db" testId="b6498f29-1231-5fcf-4954-1746daa0500d" testName="ExecuteByTest_Filter (Eliassen.System.Tests.Linq.TestTargets.TestTargetExtendedModel,Date,LessThan,2020-03-01T01:01:01.4356493+02:00,3,-1,0,1)" computerName="DESKTOP-3FN5V33" duration="00:00:00.2155372" startTime="2024-01-30T13:50:09.2145139-05:00" endTime="2024-01-30T13:50:14.2976306-05:00" testType="13cdc9d9-ddb5-4fa4-a97d-d965ccfc6d4b" outcome="Passed" testListId="8c84fa94-04c1-424b-9868-57a2d4851a1d" relativeResultsDirectory="d6728ec5-bba2-4189-b1fd-c520dea2c9db" xmlns="http://microsoft.com/schemas/VisualStudio/TeamTest/2010">
      <Output>
        <StdOut>Eliassen.System.Linq.ConsoleLogger`1[Eliassen.System.Linq.Search.QueryBuilder]:Information:&gt;
	Build query for CurrentPage: 0
PageSize: 0
ExcludePageCount: False
SearchTerm: (null)
	F:Date: LessThan: 2020-03-01T01:01:01.4356493+02:00

Eliassen.System.Linq.ConsoleLogger`1[Eliassen.System.Linq.Search.SortBuilder`1[Eliassen.System.Tests.Linq.TestTargets.TestTargetExtendedModel]]:Information:&gt;
	Applying default sort for Eliassen.System.Tests.Linq.TestTargets.TestTargetExtendedModel: (Index, Ascending)
Eliassen.System.Linq.ConsoleLogger`1[Eliassen.System.Linq.Search.QueryBuilder]:Information:&gt;
	Execute (paged): System.Linq.Enumerable+SelectRangeIterator`1[Eliassen.System.Tests.Linq.TestTargets.TestTargetExtendedModel].Where(n =&gt; (n.Date &lt; 2/29/2020 6:01:01 PM)).OrderBy(n =&gt; Convert(n.Index, Object)).Skip(0).Take(10)



TestContext Messages:
SearchQuery-QueryableExtensionsTests_ExecuteByTestFilter(142)-638422194117851879.json: Attached
EnumerableQuery_1-QueryableExtensionsTests_ExecuteByTestFilter(144)-638422194117881915.json: Attached
PagedQueryResult_1-QueryableExtensionsTests_ExecuteByTestFilter(146)-638422194119904996.json: Attached
resultKeys: -1,0,1</StdOut>
        <StdErr>Eliassen.System.Linq.ConsoleLogger`1[Eliassen.System.Linq.Expressions.ExpressionTreeBuilder`1[Eliassen.System.Tests.Linq.TestTargets.TestTargetExtendedModel]]:Warning:&gt;
	2020-03-01T01:01:01.4356493+02:00 parsed to 02/29/2020 18:01:01 (System.DateTime)</StdErr>
      </Output>
      <ResultFiles>
        <ResultFile path="DESKTOP-3FN5V33\EnumerableQuery_1-QueryableExtensionsTests_ExecuteByTestFilter(144)-638422194117881915.json" />
        <ResultFile path="DESKTOP-3FN5V33\PagedQueryResult_1-QueryableExtensionsTests_ExecuteByTestFilter(146)-638422194119904996.json" />
        <ResultFile path="DESKTOP-3FN5V33\SearchQuery-QueryableExtensionsTests_ExecuteByTestFilter(142)-638422194117851879.json" />
      </ResultFiles>
    </UnitTestResult>
    <UnitTestResult executionId="df9f3a97-e7ed-4515-91e1-565068b39747" testId="e72dc3eb-3aa5-dc4a-4345-13e88f385e6f" testName="GetHash (hello world,uU0nuZNNPgilLlLX2n2r+sSE7+N6U4DukIj3rOLvzek=)" computerName="DESKTOP-3FN5V33" duration="00:00:00.0006045" startTime="2024-01-30T13:50:08.7993704-05:00" endTime="2024-01-30T13:50:08.8001994-05:00" testType="13cdc9d9-ddb5-4fa4-a97d-d965ccfc6d4b" outcome="Passed" testListId="8c84fa94-04c1-424b-9868-57a2d4851a1d" relativeResultsDirectory="df9f3a97-e7ed-4515-91e1-565068b39747" xmlns="http://microsoft.com/schemas/VisualStudio/TeamTest/2010">
      <Output>
        <StdOut>TestContext Messages:
"hello world" =&gt; "uU0nuZNNPgilLlLX2n2r+sSE7+N6U4DukIj3rOLvzek="</StdOut>
      </Output>
    </UnitTestResult>
    <UnitTestResult executionId="777644e2-2bad-4e09-8110-a69a467714e3" testId="dbb46bd7-84ef-1bcc-6faf-71781bc1e5e4" testName="ExecuteByTest_Sort (NAME,Descending,999,998,997,996,995,994,993,992,991,990)" computerName="DESKTOP-3FN5V33" duration="00:00:00.0136237" startTime="2024-01-30T13:50:15.3261089-05:00" endTime="2024-01-30T13:50:15.3404042-05:00" testType="13cdc9d9-ddb5-4fa4-a97d-d965ccfc6d4b" outcome="Passed" testListId="8c84fa94-04c1-424b-9868-57a2d4851a1d" relativeResultsDirectory="777644e2-2bad-4e09-8110-a69a467714e3" xmlns="http://microsoft.com/schemas/VisualStudio/TeamTest/2010">
      <Output>
        <StdOut>Eliassen.System.Linq.ConsoleLogger`1[Eliassen.System.Linq.Search.QueryBuilder]:Information:&gt;
	Build query for CurrentPage: 0
PageSize: 0
ExcludePageCount: False
SearchTerm: (null)
	S:NAME: Descending

Eliassen.System.Linq.ConsoleLogger`1[Eliassen.System.Linq.Search.QueryBuilder]:Information:&gt;
	Execute (paged): System.Linq.Enumerable+SelectRangeIterator`1[Eliassen.System.Tests.Linq.TestTargets.TestTargetModel].OrderByDescending(n =&gt; n.Name).Skip(0).Take(10)



TestContext Messages:
SearchQuery-QueryableExtensionsTests_ExecuteByTest_Sort(340)-638422194153266978.json: Attached
PagedQueryResult_1-QueryableExtensionsTests_ExecuteByTest_Sort(342)-638422194153362495.json: Attached</StdOut>
        <StdErr>Eliassen.System.Linq.ConsoleLogger`1[Eliassen.System.Linq.Search.QueryBuilder]:Warning:&gt;
	No filtering detected: System.Linq.Enumerable+SelectRangeIterator`1[Eliassen.System.Tests.Linq.TestTargets.TestTargetModel]: CurrentPage: 0
PageSize: 0
ExcludePageCount: False
SearchTerm: (null)
	S:NAME: Descending</StdErr>
      </Output>
      <ResultFiles>
        <ResultFile path="DESKTOP-3FN5V33\PagedQueryResult_1-QueryableExtensionsTests_ExecuteByTest_Sort(342)-638422194153362495.json" />
        <ResultFile path="DESKTOP-3FN5V33\SearchQuery-QueryableExtensionsTests_ExecuteByTest_Sort(340)-638422194153266978.json" />
      </ResultFiles>
    </UnitTestResult>
    <UnitTestResult executionId="0a34fff9-85cb-4728-b465-9c7de7fedf71" testId="f3383018-7bb0-86e7-cb57-311d72bf2f87" testName="GetFilterablePropertyNamesTest_TestTargetModel" computerName="DESKTOP-3FN5V33" duration="00:00:00.0040057" startTime="2024-01-30T13:50:15.3555526-05:00" endTime="2024-01-30T13:50:15.3603784-05:00" testType="13cdc9d9-ddb5-4fa4-a97d-d965ccfc6d4b" outcome="Passed" testListId="8c84fa94-04c1-424b-9868-57a2d4851a1d" relativeResultsDirectory="0a34fff9-85cb-4728-b465-9c7de7fedf71" xmlns="http://microsoft.com/schemas/VisualStudio/TeamTest/2010" />
    <UnitTestResult executionId="77f93618-c2e9-431d-a7b4-3b5c0856a68d" testId="1410527d-0c96-dadb-f7e7-8873031591f5" testName="DeserializeTest_Value ({&quot;Nullable&quot;:null,&quot;Value&quot;:{&quot;$date&quot;:&quot;2023-07-05T14:17:05.2315812-04:00&quot;}},2023-07-05T14:17:05.2315812-04:00)" computerName="DESKTOP-3FN5V33" duration="00:00:00.0058234" startTime="2024-01-30T13:50:08.6013434-05:00" endTime="2024-01-30T13:50:08.6078764-05:00" testType="13cdc9d9-ddb5-4fa4-a97d-d965ccfc6d4b" outcome="Passed" testListId="8c84fa94-04c1-424b-9868-57a2d4851a1d" relativeResultsDirectory="77f93618-c2e9-431d-a7b4-3b5c0856a68d" xmlns="http://microsoft.com/schemas/VisualStudio/TeamTest/2010">
      <Output>
        <StdOut>TestContext Messages:
input-BsonDateConverterTests_DeserializeTest_Value(78)-638422194086020369.json: Attached
result-BsonDateConverterTests_DeserializeTest_Value(80)-638422194086047601.json: Attached</StdOut>
      </Output>
      <ResultFiles>
        <ResultFile path="DESKTOP-3FN5V33\input-BsonDateConverterTests_DeserializeTest_Value(78)-638422194086020369.json" />
        <ResultFile path="DESKTOP-3FN5V33\result-BsonDateConverterTests_DeserializeTest_Value(80)-638422194086047601.json" />
      </ResultFiles>
    </UnitTestResult>
    <UnitTestResult executionId="51eca2d7-c6d9-4c75-ae93-7a389338886b" testId="f70a4315-fac4-e7d3-3678-874f4359a2e2" testName="GetHash (hello world,MJ7MSJwS1utMxA9QyQLytNDtd+5RGnx6m808qG1M2G+YndNbxf9JlnDaNCVbRbDP2DDoH2Bdz33FVC6TrpzXbw==)" computerName="DESKTOP-3FN5V33" duration="00:00:00.0053048" startTime="2024-01-30T13:50:08.8076124-05:00" endTime="2024-01-30T13:50:08.8134154-05:00" testType="13cdc9d9-ddb5-4fa4-a97d-d965ccfc6d4b" outcome="Passed" testListId="8c84fa94-04c1-424b-9868-57a2d4851a1d" relativeResultsDirectory="51eca2d7-c6d9-4c75-ae93-7a389338886b" xmlns="http://microsoft.com/schemas/VisualStudio/TeamTest/2010">
      <Output>
        <StdOut>TestContext Messages:
"hello world" =&gt; "MJ7MSJwS1utMxA9QyQLytNDtd+5RGnx6m808qG1M2G+YndNbxf9JlnDaNCVbRbDP2DDoH2Bdz33FVC6TrpzXbw=="</StdOut>
      </Output>
    </UnitTestResult>
    <UnitTestResult executionId="7dae3d6b-c95c-4404-b15b-0ff4e924f6a0" testId="e350703c-47df-56f0-b995-a52c38b53eca" testName="MakeSafeTest (System.AttributeTargets,Enum,Enum)" computerName="DESKTOP-3FN5V33" duration="00:00:00.0000337" startTime="2024-01-30T13:50:08.9410492-05:00" endTime="2024-01-30T13:50:09.1049074-05:00" testType="13cdc9d9-ddb5-4fa4-a97d-d965ccfc6d4b" outcome="Passed" testListId="8c84fa94-04c1-424b-9868-57a2d4851a1d" relativeResultsDirectory="7dae3d6b-c95c-4404-b15b-0ff4e924f6a0" xmlns="http://microsoft.com/schemas/VisualStudio/TeamTest/2010" />
    <UnitTestResult executionId="7f53ade6-19a8-44de-b247-bba205aa7ab8" testId="f598f4b2-0d84-3c92-1941-6f70c8135fc3" testName="ToEnumTest (Val2|Val1,Val1, Val2)" computerName="DESKTOP-3FN5V33" duration="00:00:00.0000283" startTime="2024-01-30T13:50:08.9056552-05:00" endTime="2024-01-30T13:50:08.9062588-05:00" testType="13cdc9d9-ddb5-4fa4-a97d-d965ccfc6d4b" outcome="Passed" testListId="8c84fa94-04c1-424b-9868-57a2d4851a1d" relativeResultsDirectory="7f53ade6-19a8-44de-b247-bba205aa7ab8" xmlns="http://microsoft.com/schemas/VisualStudio/TeamTest/2010" />
    <UnitTestResult executionId="b2ee75e5-268f-44b7-a6e5-f17f579bd9d7" testId="7fd160bc-3b5b-e6e2-40ae-1974536260f2" testName="TryParseTest (System.Nullable`1[System.Int32],1,True,1)" computerName="DESKTOP-3FN5V33" duration="00:00:00.0000073" startTime="2024-01-30T13:50:09.1246101-05:00" endTime="2024-01-30T13:50:09.1272382-05:00" testType="13cdc9d9-ddb5-4fa4-a97d-d965ccfc6d4b" outcome="Passed" testListId="8c84fa94-04c1-424b-9868-57a2d4851a1d" relativeResultsDirectory="b2ee75e5-268f-44b7-a6e5-f17f579bd9d7" xmlns="http://microsoft.com/schemas/VisualStudio/TeamTest/2010" />
    <UnitTestResult executionId="957f2871-58c9-4cf0-88e3-739afa5b80e7" testId="9576cb6d-ffa5-4a23-9c7a-c5c6b213d46b" testName="GetResourceStreamTest_NotFound" computerName="DESKTOP-3FN5V33" duration="00:00:00.0012547" startTime="2024-01-30T13:50:09.1439474-05:00" endTime="2024-01-30T13:50:09.1453641-05:00" testType="13cdc9d9-ddb5-4fa4-a97d-d965ccfc6d4b" outcome="Passed" testListId="8c84fa94-04c1-424b-9868-57a2d4851a1d" relativeResultsDirectory="957f2871-58c9-4cf0-88e3-739afa5b80e7" xmlns="http://microsoft.com/schemas/VisualStudio/TeamTest/2010" />
    <UnitTestResult executionId="b80a5136-c17c-4bb8-bc93-50246192d7b7" testId="bfec42cd-394b-907b-c2e0-0b6b8b9584fe" testName="ExecuteByTest_Page (1,1,1000,1000,1,1,1)" computerName="DESKTOP-3FN5V33" duration="00:00:00.0232650" startTime="2024-01-30T13:50:15.2309928-05:00" endTime="2024-01-30T13:50:15.2546415-05:00" testType="13cdc9d9-ddb5-4fa4-a97d-d965ccfc6d4b" outcome="Passed" testListId="8c84fa94-04c1-424b-9868-57a2d4851a1d" relativeResultsDirectory="b80a5136-c17c-4bb8-bc93-50246192d7b7" xmlns="http://microsoft.com/schemas/VisualStudio/TeamTest/2010">
      <Output>
        <StdOut>Eliassen.System.Linq.ConsoleLogger`1[Eliassen.System.Linq.Search.QueryBuilder]:Information:&gt;
	Build query for CurrentPage: 1
PageSize: 1
ExcludePageCount: False
SearchTerm: (null)

Eliassen.System.Linq.ConsoleLogger`1[Eliassen.System.Linq.Search.QueryBuilder]:Information:&gt;
	Execute (paged): System.Linq.Enumerable+SelectRangeIterator`1[Eliassen.System.Tests.Linq.TestTargets.TestTargetModel].OrderBy(_ =&gt; 0).Skip(1).Take(1)



TestContext Messages:
SearchQuery-QueryableExtensionsTests_ExecuteByTest_Page(296)-638422194152312823.json: Attached
EnumerableQuery_1-QueryableExtensionsTests_ExecuteByTest_Page(298)-638422194152359546.json: Attached
PagedQueryResult_1-QueryableExtensionsTests_ExecuteByTest_Page(300)-638422194152504508.json: Attached
resultKeys: 1</StdOut>
        <StdErr>Eliassen.System.Linq.ConsoleLogger`1[Eliassen.System.Linq.Search.QueryBuilder]:Warning:&gt;
	No filtering detected: System.Linq.Enumerable+SelectRangeIterator`1[Eliassen.System.Tests.Linq.TestTargets.TestTargetModel]: CurrentPage: 1
PageSize: 1
ExcludePageCount: False
SearchTerm: (null)

Eliassen.System.Linq.ConsoleLogger`1[Eliassen.System.Linq.Search.SortBuilder`1[Eliassen.System.Tests.Linq.TestTargets.TestTargetModel]]:Warning:&gt;
	Force sort by 0 applied for Eliassen.System.Tests.Linq.TestTargets.TestTargetModel</StdErr>
      </Output>
      <ResultFiles>
        <ResultFile path="DESKTOP-3FN5V33\EnumerableQuery_1-QueryableExtensionsTests_ExecuteByTest_Page(298)-638422194152359546.json" />
        <ResultFile path="DESKTOP-3FN5V33\PagedQueryResult_1-QueryableExtensionsTests_ExecuteByTest_Page(300)-638422194152504508.json" />
        <ResultFile path="DESKTOP-3FN5V33\SearchQuery-QueryableExtensionsTests_ExecuteByTest_Page(296)-638422194152312823.json" />
      </ResultFiles>
    </UnitTestResult>
    <UnitTestResult executionId="239b3ca4-68f7-4bfb-9738-fe0055f62629" testId="b8ce6298-5288-a9c6-3afb-62b35d380a81" testName="ExecuteByTest_Filter_Range_Bounds" computerName="DESKTOP-3FN5V33" duration="00:00:00.1124967" startTime="2024-01-30T13:50:14.7480653-05:00" endTime="2024-01-30T13:50:14.8611156-05:00" testType="13cdc9d9-ddb5-4fa4-a97d-d965ccfc6d4b" outcome="Passed" testListId="8c84fa94-04c1-424b-9868-57a2d4851a1d" relativeResultsDirectory="239b3ca4-68f7-4bfb-9738-fe0055f62629" xmlns="http://microsoft.com/schemas/VisualStudio/TeamTest/2010">
      <Output>
        <StdOut>Eliassen.System.Linq.ConsoleLogger`1[Eliassen.System.Linq.Search.QueryBuilder]:Information:&gt;
	Build query for CurrentPage: 0
PageSize: 0
ExcludePageCount: False
SearchTerm: (null)
	F:Date: GreaterThanOrEqualTo: 3/1/2020 12:00:00 AM 
LessThanOrEqualTo: 7/1/2020 12:00:00 AM

Eliassen.System.Linq.ConsoleLogger`1[Eliassen.System.Linq.Search.SortBuilder`1[Eliassen.System.Tests.Linq.TestTargets.TestTargetExtendedModel]]:Information:&gt;
	Applying default sort for Eliassen.System.Tests.Linq.TestTargets.TestTargetExtendedModel: (Index, Ascending)
Eliassen.System.Linq.ConsoleLogger`1[Eliassen.System.Linq.Search.QueryBuilder]:Information:&gt;
	Execute (paged): System.Linq.Enumerable+SelectRangeIterator`1[Eliassen.System.Tests.Linq.TestTargets.TestTargetExtendedModel].Where(n =&gt; ((n.Date &lt;= 7/1/2020 12:00:00 AM) AndAlso (n.Date &gt;= 3/1/2020 12:00:00 AM))).OrderBy(n =&gt; Convert(n.Index, Object)).Skip(0).Take(10)



TestContext Messages:
SearchQuery-QueryableExtensionsTests_ExecuteByTest_Filter_Range_Bounds(174)-638422194147490372.json: Attached
PagedQueryResult_1-QueryableExtensionsTests_ExecuteByTest_Filter_Range_Bounds(176)-638422194148536883.json: Attached</StdOut>
        <StdErr>Eliassen.System.Linq.ConsoleLogger`1[Eliassen.System.Linq.Expressions.ExpressionTreeBuilder`1[Eliassen.System.Tests.Linq.TestTargets.TestTargetExtendedModel]]:Warning:&gt;
	7/1/2020 12:00:00 AM parsed to 07/01/2020 00:00:00 (System.DateTime)
Eliassen.System.Linq.ConsoleLogger`1[Eliassen.System.Linq.Expressions.ExpressionTreeBuilder`1[Eliassen.System.Tests.Linq.TestTargets.TestTargetExtendedModel]]:Warning:&gt;
	3/1/2020 12:00:00 AM parsed to 03/01/2020 00:00:00 (System.DateTime)</StdErr>
      </Output>
      <ResultFiles>
        <ResultFile path="DESKTOP-3FN5V33\PagedQueryResult_1-QueryableExtensionsTests_ExecuteByTest_Filter_Range_Bounds(176)-638422194148536883.json" />
        <ResultFile path="DESKTOP-3FN5V33\SearchQuery-QueryableExtensionsTests_ExecuteByTest_Filter_Range_Bounds(174)-638422194147490372.json" />
      </ResultFiles>
    </UnitTestResult>
    <UnitTestResult executionId="9ab2b965-3b02-4cb8-941d-2e93095293f1" testId="2f56b32e-ea97-c552-8dea-074dcb4e0dc0" testName="MakeSafeArrayTest (System.Decimal,System.Object[],System.Decimal[])" computerName="DESKTOP-3FN5V33" duration="00:00:00.0001713" startTime="2024-01-30T13:50:09.1218186-05:00" endTime="2024-01-30T13:50:09.1236592-05:00" testType="13cdc9d9-ddb5-4fa4-a97d-d965ccfc6d4b" outcome="Passed" testListId="8c84fa94-04c1-424b-9868-57a2d4851a1d" relativeResultsDirectory="9ab2b965-3b02-4cb8-941d-2e93095293f1" xmlns="http://microsoft.com/schemas/VisualStudio/TeamTest/2010" />
    <UnitTestResult executionId="fd735b37-dd22-48f6-8f07-b2d15ccdd2cc" testId="f664882a-a952-a76f-bc8f-fcf0578ff20f" testName="GetResourceFromJsonAsyncTest" computerName="DESKTOP-3FN5V33" duration="00:00:00.0093765" startTime="2024-01-30T13:50:09.1461550-05:00" endTime="2024-01-30T13:50:09.1565550-05:00" testType="13cdc9d9-ddb5-4fa4-a97d-d965ccfc6d4b" outcome="Passed" testListId="8c84fa94-04c1-424b-9868-57a2d4851a1d" relativeResultsDirectory="fd735b37-dd22-48f6-8f07-b2d15ccdd2cc" xmlns="http://microsoft.com/schemas/VisualStudio/TeamTest/2010" />
    <UnitTestResult executionId="cf961665-8771-40ae-aac9-af4be79e689f" testId="7fd160bc-3b5b-e6e2-40ae-1974536260f2" testName="TryParseTest (System.Nullable`1[System.Guid],18AACB9C-2989-4322-A490-C7167BEA0DB4,True,18aacb9c-2989-4322-a490-c7167bea0db4)" computerName="DESKTOP-3FN5V33" duration="00:00:00.0003399" startTime="2024-01-30T13:50:09.1246101-05:00" endTime="2024-01-30T13:50:09.1272382-05:00" testType="13cdc9d9-ddb5-4fa4-a97d-d965ccfc6d4b" outcome="Passed" testListId="8c84fa94-04c1-424b-9868-57a2d4851a1d" relativeResultsDirectory="cf961665-8771-40ae-aac9-af4be79e689f" xmlns="http://microsoft.com/schemas/VisualStudio/TeamTest/2010" />
    <UnitTestResult executionId="6e89fe49-0ff6-4bce-8ec2-bb7745e7fef4" testId="7fd160bc-3b5b-e6e2-40ae-1974536260f2" testName="TryParseTest (System.Nullable`1[System.Int32],nope,False,)" computerName="DESKTOP-3FN5V33" duration="00:00:00.0000527" startTime="2024-01-30T13:50:09.1246101-05:00" endTime="2024-01-30T13:50:09.1272382-05:00" testType="13cdc9d9-ddb5-4fa4-a97d-d965ccfc6d4b" outcome="Passed" testListId="8c84fa94-04c1-424b-9868-57a2d4851a1d" relativeResultsDirectory="6e89fe49-0ff6-4bce-8ec2-bb7745e7fef4" xmlns="http://microsoft.com/schemas/VisualStudio/TeamTest/2010" />
    <UnitTestResult executionId="3476008f-4f77-481b-b489-3d0ac006941b" testId="7fd160bc-3b5b-e6e2-40ae-1974536260f2" testName="TryParseTest (System.Guid,nope,False,)" computerName="DESKTOP-3FN5V33" duration="00:00:00.0001420" startTime="2024-01-30T13:50:09.1246101-05:00" endTime="2024-01-30T13:50:09.1272382-05:00" testType="13cdc9d9-ddb5-4fa4-a97d-d965ccfc6d4b" outcome="Passed" testListId="8c84fa94-04c1-424b-9868-57a2d4851a1d" relativeResultsDirectory="3476008f-4f77-481b-b489-3d0ac006941b" xmlns="http://microsoft.com/schemas/VisualStudio/TeamTest/2010" />
    <UnitTestResult executionId="ae043d57-bc51-4f50-9108-44f173c60a67" testId="b6498f29-1231-5fcf-4954-1746daa0500d" testName="ExecuteByTest_Filter (Eliassen.System.Tests.Linq.TestTargets.TestTargetModel,Index,EqualTo,!1,10,0,2,3,4,5,6,7,8,9,10)" computerName="DESKTOP-3FN5V33" duration="00:00:00.1910009" startTime="2024-01-30T13:50:09.2145139-05:00" endTime="2024-01-30T13:50:14.2976306-05:00" testType="13cdc9d9-ddb5-4fa4-a97d-d965ccfc6d4b" outcome="Passed" testListId="8c84fa94-04c1-424b-9868-57a2d4851a1d" relativeResultsDirectory="ae043d57-bc51-4f50-9108-44f173c60a67" xmlns="http://microsoft.com/schemas/VisualStudio/TeamTest/2010">
      <Output>
        <StdOut>Eliassen.System.Linq.ConsoleLogger`1[Eliassen.System.Linq.Search.QueryBuilder]:Information:&gt;
	Build query for CurrentPage: 0
PageSize: 0
ExcludePageCount: False
SearchTerm: (null)
	F:Index: EqualTo: !1

Eliassen.System.Linq.ConsoleLogger`1[Eliassen.System.Linq.Search.QueryBuilder]:Information:&gt;
	Execute (paged): System.Linq.Enumerable+SelectRangeIterator`1[Eliassen.System.Tests.Linq.TestTargets.TestTargetModel].Where(n =&gt; (n.Index != 1)).OrderBy(_ =&gt; 0).Skip(0).Take(10)



TestContext Messages:
SearchQuery-QueryableExtensionsTests_ExecuteByTestFilter(142)-638422194092456303.json: Attached
EnumerableQuery_1-QueryableExtensionsTests_ExecuteByTestFilter(144)-638422194092567772.json: Attached
PagedQueryResult_1-QueryableExtensionsTests_ExecuteByTestFilter(146)-638422194093729191.json: Attached
resultKeys: 0,2,3,4,5,6,7,8,9,10</StdOut>
        <StdErr>Eliassen.System.Linq.ConsoleLogger`1[Eliassen.System.Linq.Expressions.ExpressionTreeBuilder`1[Eliassen.System.Tests.Linq.TestTargets.TestTargetModel]]:Warning:&gt;
	1 parsed to 1 (System.Int32)
Eliassen.System.Linq.ConsoleLogger`1[Eliassen.System.Linq.Search.SortBuilder`1[Eliassen.System.Tests.Linq.TestTargets.TestTargetModel]]:Warning:&gt;
	Force sort by 0 applied for Eliassen.System.Tests.Linq.TestTargets.TestTargetModel</StdErr>
      </Output>
      <ResultFiles>
        <ResultFile path="DESKTOP-3FN5V33\EnumerableQuery_1-QueryableExtensionsTests_ExecuteByTestFilter(144)-638422194092567772.json" />
        <ResultFile path="DESKTOP-3FN5V33\PagedQueryResult_1-QueryableExtensionsTests_ExecuteByTestFilter(146)-638422194093729191.json" />
        <ResultFile path="DESKTOP-3FN5V33\SearchQuery-QueryableExtensionsTests_ExecuteByTestFilter(142)-638422194092456303.json" />
      </ResultFiles>
    </UnitTestResult>
    <UnitTestResult executionId="06f1e3f5-f364-462f-b7ff-561c8f5528be" testId="7fd160bc-3b5b-e6e2-40ae-1974536260f2" testName="TryParseTest (System.Int32,1,True,1)" computerName="DESKTOP-3FN5V33" duration="00:00:00.0000208" startTime="2024-01-30T13:50:09.1246101-05:00" endTime="2024-01-30T13:50:09.1272382-05:00" testType="13cdc9d9-ddb5-4fa4-a97d-d965ccfc6d4b" outcome="Passed" testListId="8c84fa94-04c1-424b-9868-57a2d4851a1d" relativeResultsDirectory="06f1e3f5-f364-462f-b7ff-561c8f5528be" xmlns="http://microsoft.com/schemas/VisualStudio/TeamTest/2010" />
    <UnitTestResult executionId="0c48fc40-8382-4018-8457-4dc40f428fc5" testId="453dc636-d45b-01e0-2e5e-4e973ba64495" testName="GetHash (Hello World!,7Qdih1MuhjZehB6Sv8UNjA==)" computerName="DESKTOP-3FN5V33" duration="00:00:00.0090590" startTime="2024-01-30T13:50:08.7838662-05:00" endTime="2024-01-30T13:50:08.7935992-05:00" testType="13cdc9d9-ddb5-4fa4-a97d-d965ccfc6d4b" outcome="Passed" testListId="8c84fa94-04c1-424b-9868-57a2d4851a1d" relativeResultsDirectory="0c48fc40-8382-4018-8457-4dc40f428fc5" xmlns="http://microsoft.com/schemas/VisualStudio/TeamTest/2010">
      <Output>
        <StdOut>TestContext Messages:
"Hello World!" =&gt; "7Qdih1MuhjZehB6Sv8UNjA=="</StdOut>
      </Output>
    </UnitTestResult>
    <UnitTestResult executionId="3868b830-d20d-4555-90ab-88771d7181f4" testId="42569814-6b98-2a32-42fe-9c7bdada1d9f" testName="ToEnumTest (Val2 ,Val1,Val1, Val2)" computerName="DESKTOP-3FN5V33" duration="00:00:00.0000171" startTime="2024-01-30T13:50:08.8933774-05:00" endTime="2024-01-30T13:50:08.8938333-05:00" testType="13cdc9d9-ddb5-4fa4-a97d-d965ccfc6d4b" outcome="Passed" testListId="8c84fa94-04c1-424b-9868-57a2d4851a1d" relativeResultsDirectory="3868b830-d20d-4555-90ab-88771d7181f4" xmlns="http://microsoft.com/schemas/VisualStudio/TeamTest/2010" />
    <UnitTestResult executionId="67f9a0be-c3c3-450b-97a3-51c2d6f84f1c" testId="7fd160bc-3b5b-e6e2-40ae-1974536260f2" testName="TryParseTest (System.Nullable`1[System.Decimal],1,True,1)" computerName="DESKTOP-3FN5V33" duration="00:00:00.0000055" startTime="2024-01-30T13:50:09.1246101-05:00" endTime="2024-01-30T13:50:09.1272382-05:00" testType="13cdc9d9-ddb5-4fa4-a97d-d965ccfc6d4b" outcome="Passed" testListId="8c84fa94-04c1-424b-9868-57a2d4851a1d" relativeResultsDirectory="67f9a0be-c3c3-450b-97a3-51c2d6f84f1c" xmlns="http://microsoft.com/schemas/VisualStudio/TeamTest/2010" />
    <UnitTestResult executionId="3e45784f-8aa5-45ec-8e9d-e7dee9cbc6a7" testId="1b9e3bb4-64d4-a320-5b86-dba72457e6ef" testName="ToEnumTest (test description,WithDescription)" computerName="DESKTOP-3FN5V33" duration="00:00:00.0001607" startTime="2024-01-30T13:50:08.9277633-05:00" endTime="2024-01-30T13:50:08.9281772-05:00" testType="13cdc9d9-ddb5-4fa4-a97d-d965ccfc6d4b" outcome="Passed" testListId="8c84fa94-04c1-424b-9868-57a2d4851a1d" relativeResultsDirectory="3e45784f-8aa5-45ec-8e9d-e7dee9cbc6a7" xmlns="http://microsoft.com/schemas/VisualStudio/TeamTest/2010" />
    <UnitTestResult executionId="88961e44-ca7b-446f-8261-4c41b7e8052b" testId="61f88788-2c55-84c0-718f-430b9d9da684" testName="VisitTest_EqualOperator (Hello,hello,True)" computerName="DESKTOP-3FN5V33" duration="00:00:00.0018937" startTime="2024-01-30T13:50:15.4124876-05:00" endTime="2024-01-30T13:50:15.4148710-05:00" testType="13cdc9d9-ddb5-4fa4-a97d-d965ccfc6d4b" outcome="Passed" testListId="8c84fa94-04c1-424b-9868-57a2d4851a1d" relativeResultsDirectory="88961e44-ca7b-446f-8261-4c41b7e8052b" xmlns="http://microsoft.com/schemas/VisualStudio/TeamTest/2010">
      <Output>
        <StdOut>TestContext Messages:
expression: e =&gt; (e == value(Eliassen.System.Tests.Linq.Expressions.StringComparisonReplacementExpressionVisitorTests+&lt;&gt;c__DisplayClass4_0).matched)
visited: e =&gt; e.Equals(value(Eliassen.System.Tests.Linq.Expressions.StringComparisonReplacementExpressionVisitorTests+&lt;&gt;c__DisplayClass4_0).matched, CurrentCultureIgnoreCase)</StdOut>
      </Output>
    </UnitTestResult>
    <UnitTestResult executionId="0c18ad43-c5f9-4614-be25-3d37538d4f3a" testId="b6498f29-1231-5fcf-4954-1746daa0500d" testName="ExecuteByTest_Filter (Eliassen.System.Tests.Linq.TestTargets.TestTargetExtendedModel,DateTimeOffsetNullable,LessThan,2020-03-01T01:01:01.4356493+02:00,2,0,1)" computerName="DESKTOP-3FN5V33" duration="00:00:00.2003017" startTime="2024-01-30T13:50:09.2145139-05:00" endTime="2024-01-30T13:50:14.2976306-05:00" testType="13cdc9d9-ddb5-4fa4-a97d-d965ccfc6d4b" outcome="Passed" testListId="8c84fa94-04c1-424b-9868-57a2d4851a1d" relativeResultsDirectory="0c18ad43-c5f9-4614-be25-3d37538d4f3a" xmlns="http://microsoft.com/schemas/VisualStudio/TeamTest/2010">
      <Output>
        <StdOut>Eliassen.System.Linq.ConsoleLogger`1[Eliassen.System.Linq.Search.QueryBuilder]:Information:&gt;
	Build query for CurrentPage: 0
PageSize: 0
ExcludePageCount: False
SearchTerm: (null)
	F:DateTimeOffsetNullable: LessThan: 2020-03-01T01:01:01.4356493+02:00

Eliassen.System.Linq.ConsoleLogger`1[Eliassen.System.Linq.Search.SortBuilder`1[Eliassen.System.Tests.Linq.TestTargets.TestTargetExtendedModel]]:Information:&gt;
	Applying default sort for Eliassen.System.Tests.Linq.TestTargets.TestTargetExtendedModel: (Index, Ascending)
Eliassen.System.Linq.ConsoleLogger`1[Eliassen.System.Linq.Search.QueryBuilder]:Information:&gt;
	Execute (paged): System.Linq.Enumerable+SelectRangeIterator`1[Eliassen.System.Tests.Linq.TestTargets.TestTargetExtendedModel].Where(n =&gt; (n.DateTimeOffsetNullable &lt; Convert(3/1/2020 1:01:01 AM +02:00, Nullable`1))).OrderBy(n =&gt; Convert(n.Index, Object)).Skip(0).Take(10)



TestContext Messages:
SearchQuery-QueryableExtensionsTests_ExecuteByTestFilter(142)-638422194122208006.json: Attached
EnumerableQuery_1-QueryableExtensionsTests_ExecuteByTestFilter(144)-638422194122247943.json: Attached
PagedQueryResult_1-QueryableExtensionsTests_ExecuteByTestFilter(146)-638422194124082529.json: Attached
resultKeys: 0,1</StdOut>
        <StdErr>Eliassen.System.Linq.ConsoleLogger`1[Eliassen.System.Linq.Expressions.ExpressionTreeBuilder`1[Eliassen.System.Tests.Linq.TestTargets.TestTargetExtendedModel]]:Warning:&gt;
	2020-03-01T01:01:01.4356493+02:00 parsed to 03/01/2020 01:01:01 +02:00 (System.DateTimeOffset)</StdErr>
      </Output>
      <ResultFiles>
        <ResultFile path="DESKTOP-3FN5V33\EnumerableQuery_1-QueryableExtensionsTests_ExecuteByTestFilter(144)-638422194122247943.json" />
        <ResultFile path="DESKTOP-3FN5V33\PagedQueryResult_1-QueryableExtensionsTests_ExecuteByTestFilter(146)-638422194124082529.json" />
        <ResultFile path="DESKTOP-3FN5V33\SearchQuery-QueryableExtensionsTests_ExecuteByTestFilter(142)-638422194122208006.json" />
      </ResultFiles>
    </UnitTestResult>
    <UnitTestResult executionId="ffb35532-078e-4192-9f8d-7bcd057a0929" testId="e350703c-47df-56f0-b995-a52c38b53eca" testName="MakeSafeTest (System.Decimal,nope,)" computerName="DESKTOP-3FN5V33" duration="00:00:00.0002044" startTime="2024-01-30T13:50:08.9410492-05:00" endTime="2024-01-30T13:50:09.1049074-05:00" testType="13cdc9d9-ddb5-4fa4-a97d-d965ccfc6d4b" outcome="Passed" testListId="8c84fa94-04c1-424b-9868-57a2d4851a1d" relativeResultsDirectory="ffb35532-078e-4192-9f8d-7bcd057a0929" xmlns="http://microsoft.com/schemas/VisualStudio/TeamTest/2010" />
    <UnitTestResult executionId="fadaf212-a0b5-44fd-8876-f68a7668dbc8" testId="e350703c-47df-56f0-b995-a52c38b53eca" testName="MakeSafeTest (System.Decimal,1,1)" computerName="DESKTOP-3FN5V33" duration="00:00:00.0000132" startTime="2024-01-30T13:50:08.9410492-05:00" endTime="2024-01-30T13:50:09.1049074-05:00" testType="13cdc9d9-ddb5-4fa4-a97d-d965ccfc6d4b" outcome="Passed" testListId="8c84fa94-04c1-424b-9868-57a2d4851a1d" relativeResultsDirectory="fadaf212-a0b5-44fd-8876-f68a7668dbc8" xmlns="http://microsoft.com/schemas/VisualStudio/TeamTest/2010" />
    <UnitTestResult executionId="61d6fb5b-dc10-4718-aaca-c0d0f4581ad9" testId="7fd160bc-3b5b-e6e2-40ae-1974536260f2" testName="TryParseTest (System.Nullable`1[System.Decimal],nope,False,)" computerName="DESKTOP-3FN5V33" duration="00:00:00.0000591" startTime="2024-01-30T13:50:09.1246101-05:00" endTime="2024-01-30T13:50:09.1272382-05:00" testType="13cdc9d9-ddb5-4fa4-a97d-d965ccfc6d4b" outcome="Passed" testListId="8c84fa94-04c1-424b-9868-57a2d4851a1d" relativeResultsDirectory="61d6fb5b-dc10-4718-aaca-c0d0f4581ad9" xmlns="http://microsoft.com/schemas/VisualStudio/TeamTest/2010" />
    <UnitTestResult executionId="f3d2c196-8dc5-4454-bdd6-b068cf8530c6" testId="a7d78227-c63c-3e96-292c-bbd5ac9217f2" testName="GetHash (Hello World!,hhhE1nBOhXP+w02WfiC8/vPUJM9IvgTm3AjyvVjHKXQzcQFerYkcw88cnTS0kmS1EHUbH/nlN5N7xGtdb/TsyA==)" computerName="DESKTOP-3FN5V33" duration="00:00:00.0013289" startTime="2024-01-30T13:50:08.8026801-05:00" endTime="2024-01-30T13:50:08.8047522-05:00" testType="13cdc9d9-ddb5-4fa4-a97d-d965ccfc6d4b" outcome="Passed" testListId="8c84fa94-04c1-424b-9868-57a2d4851a1d" relativeResultsDirectory="f3d2c196-8dc5-4454-bdd6-b068cf8530c6" xmlns="http://microsoft.com/schemas/VisualStudio/TeamTest/2010">
      <Output>
        <StdOut>TestContext Messages:
"Hello World!" =&gt; "hhhE1nBOhXP+w02WfiC8/vPUJM9IvgTm3AjyvVjHKXQzcQFerYkcw88cnTS0kmS1EHUbH/nlN5N7xGtdb/TsyA=="</StdOut>
      </Output>
    </UnitTestResult>
    <UnitTestResult executionId="9c833852-f164-4cce-a2c1-059e68b46775" testId="70a7d239-30af-99d8-26bc-eb06ced4f854" testName="ExecuteByTest_Page (0,0,100,1000,0,10,0,1,2,3,4,5,6,7,8,9)" computerName="DESKTOP-3FN5V33" duration="00:00:00.0257820" startTime="2024-01-30T13:50:15.1711757-05:00" endTime="2024-01-30T13:50:15.1979084-05:00" testType="13cdc9d9-ddb5-4fa4-a97d-d965ccfc6d4b" outcome="Passed" testListId="8c84fa94-04c1-424b-9868-57a2d4851a1d" relativeResultsDirectory="9c833852-f164-4cce-a2c1-059e68b46775" xmlns="http://microsoft.com/schemas/VisualStudio/TeamTest/2010">
      <Output>
        <StdOut>Eliassen.System.Linq.ConsoleLogger`1[Eliassen.System.Linq.Search.QueryBuilder]:Information:&gt;
	Build query for CurrentPage: 0
PageSize: 0
ExcludePageCount: False
SearchTerm: (null)

Eliassen.System.Linq.ConsoleLogger`1[Eliassen.System.Linq.Search.QueryBuilder]:Information:&gt;
	Execute (paged): System.Linq.Enumerable+SelectRangeIterator`1[Eliassen.System.Tests.Linq.TestTargets.TestTargetModel].OrderBy(_ =&gt; 0).Skip(0).Take(10)



TestContext Messages:
SearchQuery-QueryableExtensionsTests_ExecuteByTest_Page(296)-638422194151728421.json: Attached
EnumerableQuery_1-QueryableExtensionsTests_ExecuteByTest_Page(298)-638422194151775644.json: Attached
PagedQueryResult_1-QueryableExtensionsTests_ExecuteByTest_Page(300)-638422194151926310.json: Attached
resultKeys: 0,1,2,3,4,5,6,7,8,9</StdOut>
        <StdErr>Eliassen.System.Linq.ConsoleLogger`1[Eliassen.System.Linq.Search.QueryBuilder]:Warning:&gt;
	No filtering detected: System.Linq.Enumerable+SelectRangeIterator`1[Eliassen.System.Tests.Linq.TestTargets.TestTargetModel]: CurrentPage: 0
PageSize: 0
ExcludePageCount: False
SearchTerm: (null)

Eliassen.System.Linq.ConsoleLogger`1[Eliassen.System.Linq.Search.SortBuilder`1[Eliassen.System.Tests.Linq.TestTargets.TestTargetModel]]:Warning:&gt;
	Force sort by 0 applied for Eliassen.System.Tests.Linq.TestTargets.TestTargetModel</StdErr>
      </Output>
      <ResultFiles>
        <ResultFile path="DESKTOP-3FN5V33\EnumerableQuery_1-QueryableExtensionsTests_ExecuteByTest_Page(298)-638422194151775644.json" />
        <ResultFile path="DESKTOP-3FN5V33\PagedQueryResult_1-QueryableExtensionsTests_ExecuteByTest_Page(300)-638422194151926310.json" />
        <ResultFile path="DESKTOP-3FN5V33\SearchQuery-QueryableExtensionsTests_ExecuteByTest_Page(296)-638422194151728421.json" />
      </ResultFiles>
    </UnitTestResult>
    <UnitTestResult executionId="c03784b8-e3d5-471d-aff6-c216bdbd0518" testId="a29d2822-126a-1900-33c2-f20f68d10c99" testName="ToEnumTest (,)" computerName="DESKTOP-3FN5V33" duration="00:00:00.0022757" startTime="2024-01-30T13:50:08.8610330-05:00" endTime="2024-01-30T13:50:08.8635872-05:00" testType="13cdc9d9-ddb5-4fa4-a97d-d965ccfc6d4b" outcome="Passed" testListId="8c84fa94-04c1-424b-9868-57a2d4851a1d" relativeResultsDirectory="c03784b8-e3d5-471d-aff6-c216bdbd0518" xmlns="http://microsoft.com/schemas/VisualStudio/TeamTest/2010" />
    <UnitTestResult executionId="51ab30ef-3c92-4bc6-be15-24a5f97baa39" testId="08742191-32e9-b72f-e313-52355290b27f" testName="AsModelsTest" computerName="DESKTOP-3FN5V33" duration="00:00:00.0200824" startTime="2024-01-30T13:50:08.8257429-05:00" endTime="2024-01-30T13:50:08.8470587-05:00" testType="13cdc9d9-ddb5-4fa4-a97d-d965ccfc6d4b" outcome="Passed" testListId="8c84fa94-04c1-424b-9868-57a2d4851a1d" relativeResultsDirectory="51ab30ef-3c92-4bc6-be15-24a5f97baa39" xmlns="http://microsoft.com/schemas/VisualStudio/TeamTest/2010">
      <Output>
        <StdOut>TestContext Messages:
EnumModel { Id = 1, Name = Assembly, Code = ASSEMBLY, Description = , Order = 0, Value = Assembly, IsEndState = False, IsExcludeFromUnique = False, PossibleNames = System.String[], Value = Assembly }
EnumModel { Id = 2, Name = Module, Code = MODULE, Description = , Order = 0, Value = Module, IsEndState = False, IsExcludeFromUnique = False, PossibleNames = System.String[], Value = Module }
EnumModel { Id = 4, Name = Class, Code = CLASS, Description = , Order = 0, Value = Class, IsEndState = False, IsExcludeFromUnique = False, PossibleNames = System.String[], Value = Class }
EnumModel { Id = 8, Name = Struct, Code = STRUCT, Description = , Order = 0, Value = Struct, IsEndState = False, IsExcludeFromUnique = False, PossibleNames = System.String[], Value = Struct }
EnumModel { Id = 16, Name = Enum, Code = ENUM, Description = , Order = 0, Value = Enum, IsEndState = False, IsExcludeFromUnique = False, PossibleNames = System.String[], Value = Enum }
EnumModel { Id = 32, Name = Constructor, Code = CONSTRUCTOR, Description = , Order = 0, Value = Constructor, IsEndState = False, IsExcludeFromUnique = False, PossibleNames = System.String[], Value = Constructor }
EnumModel { Id = 64, Name = Method, Code = METHOD, Description = , Order = 0, Value = Method, IsEndState = False, IsExcludeFromUnique = False, PossibleNames = System.String[], Value = Method }
EnumModel { Id = 128, Name = Property, Code = PROPERTY, Description = , Order = 0, Value = Property, IsEndState = False, IsExcludeFromUnique = False, PossibleNames = System.String[], Value = Property }
EnumModel { Id = 256, Name = Field, Code = FIELD, Description = , Order = 0, Value = Field, IsEndState = False, IsExcludeFromUnique = False, PossibleNames = System.String[], Value = Field }
EnumModel { Id = 512, Name = Event, Code = EVENT, Description = , Order = 0, Value = Event, IsEndState = False, IsExcludeFromUnique = False, PossibleNames = System.String[], Value = Event }
EnumModel { Id = 1024, Name = Interface, Code = INTERFACE, Description = , Order = 0, Value = Interface, IsEndState = False, IsExcludeFromUnique = False, PossibleNames = System.String[], Value = Interface }
EnumModel { Id = 2048, Name = Parameter, Code = PARAMETER, Description = , Order = 0, Value = Parameter, IsEndState = False, IsExcludeFromUnique = False, PossibleNames = System.String[], Value = Parameter }
EnumModel { Id = 4096, Name = Delegate, Code = DELEGATE, Description = , Order = 0, Value = Delegate, IsEndState = False, IsExcludeFromUnique = False, PossibleNames = System.String[], Value = Delegate }
EnumModel { Id = 8192, Name = ReturnValue, Code = RETURNVALUE, Description = , Order = 0, Value = ReturnValue, IsEndState = False, IsExcludeFromUnique = False, PossibleNames = System.String[], Value = ReturnValue }
EnumModel { Id = 16384, Name = GenericParameter, Code = GENERICPARAMETER, Description = , Order = 0, Value = GenericParameter, IsEndState = False, IsExcludeFromUnique = False, PossibleNames = System.String[], Value = GenericParameter }
EnumModel { Id = 32767, Name = All, Code = ALL, Description = , Order = 0, Value = All, IsEndState = False, IsExcludeFromUnique = False, PossibleNames = System.String[], Value = All }</StdOut>
      </Output>
    </UnitTestResult>
    <UnitTestResult executionId="755e30ec-11cf-454c-ade0-e121e39ef4a7" testId="9d534b02-84b2-367f-c306-46ab610b3ce8" testName="SerializeTest_Anonymous" computerName="DESKTOP-3FN5V33" duration="00:00:00.0220396" startTime="2024-01-30T13:50:08.6985863-05:00" endTime="2024-01-30T13:50:08.7211329-05:00" testType="13cdc9d9-ddb5-4fa4-a97d-d965ccfc6d4b" outcome="Passed" testListId="8c84fa94-04c1-424b-9868-57a2d4851a1d" relativeResultsDirectory="755e30ec-11cf-454c-ade0-e121e39ef4a7" xmlns="http://microsoft.com/schemas/VisualStudio/TeamTest/2010">
      <Output>
        <StdOut>TestContext Messages:
String-DefaultJsonSerializerTests_SerializeTest_Anonymous(23)-638422194087106651.txt: Attached
__f__AnonymousType0_1-DefaultJsonSerializerTests_SerializeTest_Anonymous(24)-638422194087143721.json: Attached</StdOut>
      </Output>
      <ResultFiles>
        <ResultFile path="DESKTOP-3FN5V33\String-DefaultJsonSerializerTests_SerializeTest_Anonymous(23)-638422194087106651.txt" />
        <ResultFile path="DESKTOP-3FN5V33\__f__AnonymousType0_1-DefaultJsonSerializerTests_SerializeTest_Anonymous(24)-638422194087143721.json" />
      </ResultFiles>
    </UnitTestResult>
    <UnitTestResult executionId="a92c9770-b2ec-405a-9672-69abdc06653d" testId="4bae6e3b-0e6b-3eea-a810-61843449ebf1" testName="GetHash (Hello World!,f4OxZX/x/FO5LcGBSKHWXfwtSx+j1ncoSt3SABJtkGk=)" computerName="DESKTOP-3FN5V33" duration="00:00:00.0010180" startTime="2024-01-30T13:50:08.7970484-05:00" endTime="2024-01-30T13:50:08.7984949-05:00" testType="13cdc9d9-ddb5-4fa4-a97d-d965ccfc6d4b" outcome="Passed" testListId="8c84fa94-04c1-424b-9868-57a2d4851a1d" relativeResultsDirectory="a92c9770-b2ec-405a-9672-69abdc06653d" xmlns="http://microsoft.com/schemas/VisualStudio/TeamTest/2010">
      <Output>
        <StdOut>TestContext Messages:
"Hello World!" =&gt; "f4OxZX/x/FO5LcGBSKHWXfwtSx+j1ncoSt3SABJtkGk="</StdOut>
      </Output>
    </UnitTestResult>
    <UnitTestResult executionId="ea8407b3-5f7d-42bb-b5d8-d406628d4a9d" testId="a324304b-8c70-70d6-1085-fa9cbf413d33" testName="VisitTest_StartsWith (Hello,he,True)" computerName="DESKTOP-3FN5V33" duration="00:00:00.0008890" startTime="2024-01-30T13:50:15.4563810-05:00" endTime="2024-01-30T13:50:15.4577713-05:00" testType="13cdc9d9-ddb5-4fa4-a97d-d965ccfc6d4b" outcome="Passed" testListId="8c84fa94-04c1-424b-9868-57a2d4851a1d" relativeResultsDirectory="ea8407b3-5f7d-42bb-b5d8-d406628d4a9d" xmlns="http://microsoft.com/schemas/VisualStudio/TeamTest/2010">
      <Output>
        <StdOut>Eliassen.System.Linq.ConsoleLogger`1[Eliassen.System.Linq.Expressions.StringComparisonReplacementExpressionVisitor]:Debug:&gt;
	Replace: e.StartsWith(value(Eliassen.System.Tests.Linq.Expressions.StringComparisonReplacementExpressionVisitorTests+&lt;&gt;c__DisplayClass7_0).matched) with e.StartsWith(value(Eliassen.System.Tests.Linq.Expressions.StringComparisonReplacementExpressionVisitorTests+&lt;&gt;c__DisplayClass7_0).matched, CurrentCultureIgnoreCase)



TestContext Messages:
expression: e =&gt; e.StartsWith(value(Eliassen.System.Tests.Linq.Expressions.StringComparisonReplacementExpressionVisitorTests+&lt;&gt;c__DisplayClass7_0).matched)
visited: e =&gt; e.StartsWith(value(Eliassen.System.Tests.Linq.Expressions.StringComparisonReplacementExpressionVisitorTests+&lt;&gt;c__DisplayClass7_0).matched, CurrentCultureIgnoreCase)</StdOut>
      </Output>
    </UnitTestResult>
    <UnitTestResult executionId="d68d9542-74e0-42bf-909c-82b1d5e7169f" testId="46607e5b-fea6-a0a2-2caf-2abdd0971d6b" testName="SerializeTest_AnonymousWithStringObjectDictionary" computerName="DESKTOP-3FN5V33" duration="00:00:00.0337943" startTime="2024-01-30T13:50:08.7221005-05:00" endTime="2024-01-30T13:50:08.7562821-05:00" testType="13cdc9d9-ddb5-4fa4-a97d-d965ccfc6d4b" outcome="Passed" testListId="8c84fa94-04c1-424b-9868-57a2d4851a1d" relativeResultsDirectory="d68d9542-74e0-42bf-909c-82b1d5e7169f" xmlns="http://microsoft.com/schemas/VisualStudio/TeamTest/2010">
      <Output>
        <StdOut>TestContext Messages:
String-DefaultJsonSerializerTests_SerializeTest_AnonymousWithStringObjectDictionary(48)-638422194087456969.txt: Attached
__f__AnonymousType1_2-DefaultJsonSerializerTests_SerializeTest_AnonymousWithStringObjectDictionary(49)-638422194087486014.json: Attached</StdOut>
      </Output>
      <ResultFiles>
        <ResultFile path="DESKTOP-3FN5V33\String-DefaultJsonSerializerTests_SerializeTest_AnonymousWithStringObjectDictionary(48)-638422194087456969.txt" />
        <ResultFile path="DESKTOP-3FN5V33\__f__AnonymousType1_2-DefaultJsonSerializerTests_SerializeTest_AnonymousWithStringObjectDictionary(49)-638422194087486014.json" />
      </ResultFiles>
    </UnitTestResult>
    <UnitTestResult executionId="10e3198a-21fe-4436-980f-455589658d95" testId="b6498f29-1231-5fcf-4954-1746daa0500d" testName="ExecuteByTest_Filter (Eliassen.System.Tests.Linq.TestTargets.TestTargetExtendedModel,Date,GreaterThan,3/1/2020,10,3,4,5,6,7,8,9,10,11,12)" computerName="DESKTOP-3FN5V33" duration="00:00:00.4948957" startTime="2024-01-30T13:50:09.2145139-05:00" endTime="2024-01-30T13:50:14.2976306-05:00" testType="13cdc9d9-ddb5-4fa4-a97d-d965ccfc6d4b" outcome="Passed" testListId="8c84fa94-04c1-424b-9868-57a2d4851a1d" relativeResultsDirectory="10e3198a-21fe-4436-980f-455589658d95" xmlns="http://microsoft.com/schemas/VisualStudio/TeamTest/2010">
      <Output>
        <StdOut>Eliassen.System.Linq.ConsoleLogger`1[Eliassen.System.Linq.Search.QueryBuilder]:Information:&gt;
	Build query for CurrentPage: 0
PageSize: 0
ExcludePageCount: False
SearchTerm: (null)
	F:Date: GreaterThan: 3/1/2020

Eliassen.System.Linq.ConsoleLogger`1[Eliassen.System.Linq.Search.SortBuilder`1[Eliassen.System.Tests.Linq.TestTargets.TestTargetExtendedModel]]:Information:&gt;
	Applying default sort for Eliassen.System.Tests.Linq.TestTargets.TestTargetExtendedModel: (Index, Ascending)
Eliassen.System.Linq.ConsoleLogger`1[Eliassen.System.Linq.Search.QueryBuilder]:Information:&gt;
	Execute (paged): System.Linq.Enumerable+SelectRangeIterator`1[Eliassen.System.Tests.Linq.TestTargets.TestTargetExtendedModel].Where(n =&gt; (n.Date &gt; 3/1/2020 12:00:00 AM)).OrderBy(n =&gt; Convert(n.Index, Object)).Skip(0).Take(10)



TestContext Messages:
SearchQuery-QueryableExtensionsTests_ExecuteByTestFilter(142)-638422194102130124.json: Attached
EnumerableQuery_1-QueryableExtensionsTests_ExecuteByTestFilter(144)-638422194102169776.json: Attached
PagedQueryResult_1-QueryableExtensionsTests_ExecuteByTestFilter(146)-638422194106878974.json: Attached
resultKeys: 3,4,5,6,7,8,9,10,11,12</StdOut>
        <StdErr>Eliassen.System.Linq.ConsoleLogger`1[Eliassen.System.Linq.Expressions.ExpressionTreeBuilder`1[Eliassen.System.Tests.Linq.TestTargets.TestTargetExtendedModel]]:Warning:&gt;
	3/1/2020 parsed to 03/01/2020 00:00:00 (System.DateTime)</StdErr>
      </Output>
      <ResultFiles>
        <ResultFile path="DESKTOP-3FN5V33\EnumerableQuery_1-QueryableExtensionsTests_ExecuteByTestFilter(144)-638422194102169776.json" />
        <ResultFile path="DESKTOP-3FN5V33\PagedQueryResult_1-QueryableExtensionsTests_ExecuteByTestFilter(146)-638422194106878974.json" />
        <ResultFile path="DESKTOP-3FN5V33\SearchQuery-QueryableExtensionsTests_ExecuteByTestFilter(142)-638422194102130124.json" />
      </ResultFiles>
    </UnitTestResult>
    <UnitTestResult executionId="de2642d9-6351-4261-b854-e9db80489c5a" testId="7fd160bc-3b5b-e6e2-40ae-1974536260f2" testName="TryParseTest (System.Nullable`1[System.Double],1,True,1)" computerName="DESKTOP-3FN5V33" duration="00:00:00.0000066" startTime="2024-01-30T13:50:09.1246101-05:00" endTime="2024-01-30T13:50:09.1272382-05:00" testType="13cdc9d9-ddb5-4fa4-a97d-d965ccfc6d4b" outcome="Passed" testListId="8c84fa94-04c1-424b-9868-57a2d4851a1d" relativeResultsDirectory="de2642d9-6351-4261-b854-e9db80489c5a" xmlns="http://microsoft.com/schemas/VisualStudio/TeamTest/2010" />
    <UnitTestResult executionId="d42d14b3-e9e3-4818-a5fc-1d354efa9d24" testId="7fd160bc-3b5b-e6e2-40ae-1974536260f2" testName="TryParseTest (System.Guid,18AACB9C-2989-4322-A490-C7167BEA0DB4,True,18aacb9c-2989-4322-a490-c7167bea0db4)" computerName="DESKTOP-3FN5V33" duration="00:00:00.0008038" startTime="2024-01-30T13:50:09.1246101-05:00" endTime="2024-01-30T13:50:09.1272382-05:00" testType="13cdc9d9-ddb5-4fa4-a97d-d965ccfc6d4b" outcome="Passed" testListId="8c84fa94-04c1-424b-9868-57a2d4851a1d" relativeResultsDirectory="d42d14b3-e9e3-4818-a5fc-1d354efa9d24" xmlns="http://microsoft.com/schemas/VisualStudio/TeamTest/2010" />
    <UnitTestResult executionId="bcc38f67-3fbf-48fe-8300-5845228e2539" testId="63948805-297b-3757-4e75-2314b4468263" testName="ToEnumTest (Val2,Val2)" computerName="DESKTOP-3FN5V33" duration="00:00:00.0000365" startTime="2024-01-30T13:50:08.8887978-05:00" endTime="2024-01-30T13:50:08.8893740-05:00" testType="13cdc9d9-ddb5-4fa4-a97d-d965ccfc6d4b" outcome="Passed" testListId="8c84fa94-04c1-424b-9868-57a2d4851a1d" relativeResultsDirectory="bcc38f67-3fbf-48fe-8300-5845228e2539" xmlns="http://microsoft.com/schemas/VisualStudio/TeamTest/2010" />
    <UnitTestResult executionId="098d335e-0285-4a1a-b011-05891c3ef236" testId="3db5564a-09b3-d658-c0e0-9f86c81bd8c6" testName="ToEnumTest (1,Val1)" computerName="DESKTOP-3FN5V33" duration="00:00:00.0000126" startTime="2024-01-30T13:50:08.9099769-05:00" endTime="2024-01-30T13:50:08.9101636-05:00" testType="13cdc9d9-ddb5-4fa4-a97d-d965ccfc6d4b" outcome="Passed" testListId="8c84fa94-04c1-424b-9868-57a2d4851a1d" relativeResultsDirectory="098d335e-0285-4a1a-b011-05891c3ef236" xmlns="http://microsoft.com/schemas/VisualStudio/TeamTest/2010" />
    <UnitTestResult executionId="03e4d795-6843-49b7-9bb1-0e8359d6e3be" testId="b6498f29-1231-5fcf-4954-1746daa0500d" testName="ExecuteByTest_Filter (Eliassen.System.Tests.Linq.TestTargets.TestTargetModel,Name,EqualTo,*,10,0,1,2,3,4,5,6,7,8,9)" computerName="DESKTOP-3FN5V33" duration="00:00:00.0278827" startTime="2024-01-30T13:50:09.2145139-05:00" endTime="2024-01-30T13:50:14.2976306-05:00" testType="13cdc9d9-ddb5-4fa4-a97d-d965ccfc6d4b" outcome="Passed" testListId="8c84fa94-04c1-424b-9868-57a2d4851a1d" relativeResultsDirectory="03e4d795-6843-49b7-9bb1-0e8359d6e3be" xmlns="http://microsoft.com/schemas/VisualStudio/TeamTest/2010">
      <Output>
        <StdOut>Eliassen.System.Linq.ConsoleLogger`1[Eliassen.System.Linq.Search.QueryBuilder]:Information:&gt;
	Build query for CurrentPage: 0
PageSize: 0
ExcludePageCount: False
SearchTerm: (null)
	F:Name: EqualTo: *

Eliassen.System.Linq.ConsoleLogger`1[Eliassen.System.Linq.Search.QueryBuilder]:Information:&gt;
	Execute (paged): System.Linq.Enumerable+SelectRangeIterator`1[Eliassen.System.Tests.Linq.TestTargets.TestTargetModel].OrderBy(_ =&gt; 0).Skip(0).Take(10)



TestContext Messages:
SearchQuery-QueryableExtensionsTests_ExecuteByTestFilter(142)-638422194131564706.json: Attached
EnumerableQuery_1-QueryableExtensionsTests_ExecuteByTestFilter(144)-638422194131597130.json: Attached
PagedQueryResult_1-QueryableExtensionsTests_ExecuteByTestFilter(146)-638422194131759790.json: Attached
resultKeys: 0,1,2,3,4,5,6,7,8,9</StdOut>
        <StdErr>Eliassen.System.Linq.ConsoleLogger`1[Eliassen.System.Linq.Search.QueryBuilder]:Warning:&gt;
	No filter mapped for property: Name =&gt; EqualTo: *
Eliassen.System.Linq.ConsoleLogger`1[Eliassen.System.Linq.Search.QueryBuilder]:Warning:&gt;
	No filtering detected: System.Linq.Enumerable+SelectRangeIterator`1[Eliassen.System.Tests.Linq.TestTargets.TestTargetModel]: CurrentPage: 0
PageSize: 0
ExcludePageCount: False
SearchTerm: (null)
	F:Name: EqualTo: *

Eliassen.System.Linq.ConsoleLogger`1[Eliassen.System.Linq.Search.SortBuilder`1[Eliassen.System.Tests.Linq.TestTargets.TestTargetModel]]:Warning:&gt;
	Force sort by 0 applied for Eliassen.System.Tests.Linq.TestTargets.TestTargetModel</StdErr>
      </Output>
      <ResultFiles>
        <ResultFile path="DESKTOP-3FN5V33\EnumerableQuery_1-QueryableExtensionsTests_ExecuteByTestFilter(144)-638422194131597130.json" />
        <ResultFile path="DESKTOP-3FN5V33\PagedQueryResult_1-QueryableExtensionsTests_ExecuteByTestFilter(146)-638422194131759790.json" />
        <ResultFile path="DESKTOP-3FN5V33\SearchQuery-QueryableExtensionsTests_ExecuteByTestFilter(142)-638422194131564706.json" />
      </ResultFiles>
    </UnitTestResult>
    <UnitTestResult executionId="eab1fd7a-beea-485b-a8ac-d958159eee2d" testId="b6498f29-1231-5fcf-4954-1746daa0500d" testName="ExecuteByTest_Filter (Eliassen.System.Tests.Linq.TestTargets.TestTargetModel,Name,EqualTo,,0,)" computerName="DESKTOP-3FN5V33" duration="00:00:00.0394002" startTime="2024-01-30T13:50:09.2145139-05:00" endTime="2024-01-30T13:50:14.2976306-05:00" testType="13cdc9d9-ddb5-4fa4-a97d-d965ccfc6d4b" outcome="Passed" testListId="8c84fa94-04c1-424b-9868-57a2d4851a1d" relativeResultsDirectory="eab1fd7a-beea-485b-a8ac-d958159eee2d" xmlns="http://microsoft.com/schemas/VisualStudio/TeamTest/2010">
      <Output>
        <StdOut>Eliassen.System.Linq.ConsoleLogger`1[Eliassen.System.Linq.Search.QueryBuilder]:Information:&gt;
	Build query for CurrentPage: 0
PageSize: 0
ExcludePageCount: False
SearchTerm: (null)
	F:Name: EqualTo:

Eliassen.System.Linq.ConsoleLogger`1[Eliassen.System.Linq.Search.QueryBuilder]:Information:&gt;
	Execute (paged): System.Linq.Enumerable+SelectRangeIterator`1[Eliassen.System.Tests.Linq.TestTargets.TestTargetModel].Where(n =&gt; (n.Name == "")).OrderBy(_ =&gt; 0).Skip(0).Take(10)



TestContext Messages:
SearchQuery-QueryableExtensionsTests_ExecuteByTestFilter(142)-638422194130717335.json: Attached
EnumerableQuery_1-QueryableExtensionsTests_ExecuteByTestFilter(144)-638422194130747663.json: Attached
PagedQueryResult_1-QueryableExtensionsTests_ExecuteByTestFilter(146)-638422194130936440.json: Attached
resultKeys:</StdOut>
        <StdErr>Eliassen.System.Linq.ConsoleLogger`1[Eliassen.System.Linq.Search.SortBuilder`1[Eliassen.System.Tests.Linq.TestTargets.TestTargetModel]]:Warning:&gt;
	Force sort by 0 applied for Eliassen.System.Tests.Linq.TestTargets.TestTargetModel</StdErr>
      </Output>
      <ResultFiles>
        <ResultFile path="DESKTOP-3FN5V33\EnumerableQuery_1-QueryableExtensionsTests_ExecuteByTestFilter(144)-638422194130747663.json" />
        <ResultFile path="DESKTOP-3FN5V33\PagedQueryResult_1-QueryableExtensionsTests_ExecuteByTestFilter(146)-638422194130936440.json" />
        <ResultFile path="DESKTOP-3FN5V33\SearchQuery-QueryableExtensionsTests_ExecuteByTestFilter(142)-638422194130717335.json" />
      </ResultFiles>
    </UnitTestResult>
    <UnitTestResult executionId="7624a428-0e9a-445c-aff3-a5d1ff4fd00b" testId="b6498f29-1231-5fcf-4954-1746daa0500d" testName="ExecuteByTest_Filter (Eliassen.System.Tests.Linq.TestTargets.TestTargetModel,Name,EqualTo,Name1*,10,1,10,11,12,13,14,15,16,17,18)" computerName="DESKTOP-3FN5V33" duration="00:00:00.0243122" startTime="2024-01-30T13:50:09.2145139-05:00" endTime="2024-01-30T13:50:14.2976306-05:00" testType="13cdc9d9-ddb5-4fa4-a97d-d965ccfc6d4b" outcome="Passed" testListId="8c84fa94-04c1-424b-9868-57a2d4851a1d" relativeResultsDirectory="7624a428-0e9a-445c-aff3-a5d1ff4fd00b" xmlns="http://microsoft.com/schemas/VisualStudio/TeamTest/2010">
      <Output>
        <StdOut>Eliassen.System.Linq.ConsoleLogger`1[Eliassen.System.Linq.Search.QueryBuilder]:Information:&gt;
	Build query for CurrentPage: 0
PageSize: 0
ExcludePageCount: False
SearchTerm: (null)
	F:Name: EqualTo: Name1*

Eliassen.System.Linq.ConsoleLogger`1[Eliassen.System.Linq.Search.QueryBuilder]:Information:&gt;
	Execute (paged): System.Linq.Enumerable+SelectRangeIterator`1[Eliassen.System.Tests.Linq.TestTargets.TestTargetModel].Where(n =&gt; n.Name.StartsWith("Name1")).OrderBy(_ =&gt; 0).Skip(0).Take(10)



TestContext Messages:
SearchQuery-QueryableExtensionsTests_ExecuteByTestFilter(142)-638422194100411307.json: Attached
EnumerableQuery_1-QueryableExtensionsTests_ExecuteByTestFilter(144)-638422194100446059.json: Attached
PagedQueryResult_1-QueryableExtensionsTests_ExecuteByTestFilter(146)-638422194100591655.json: Attached
resultKeys: 1,10,11,12,13,14,15,16,17,18</StdOut>
        <StdErr>Eliassen.System.Linq.ConsoleLogger`1[Eliassen.System.Linq.Search.SortBuilder`1[Eliassen.System.Tests.Linq.TestTargets.TestTargetModel]]:Warning:&gt;
	Force sort by 0 applied for Eliassen.System.Tests.Linq.TestTargets.TestTargetModel</StdErr>
      </Output>
      <ResultFiles>
        <ResultFile path="DESKTOP-3FN5V33\EnumerableQuery_1-QueryableExtensionsTests_ExecuteByTestFilter(144)-638422194100446059.json" />
        <ResultFile path="DESKTOP-3FN5V33\PagedQueryResult_1-QueryableExtensionsTests_ExecuteByTestFilter(146)-638422194100591655.json" />
        <ResultFile path="DESKTOP-3FN5V33\SearchQuery-QueryableExtensionsTests_ExecuteByTestFilter(142)-638422194100411307.json" />
      </ResultFiles>
    </UnitTestResult>
    <UnitTestResult executionId="68f3dd27-c376-4fb0-8af7-2ea8be5c410a" testId="b6498f29-1231-5fcf-4954-1746daa0500d" testName="ExecuteByTest_Filter (Eliassen.System.Tests.Linq.TestTargets.TestTargetModel,Index,EqualTo,0,1,0)" computerName="DESKTOP-3FN5V33" duration="00:00:00.0367138" startTime="2024-01-30T13:50:09.2145139-05:00" endTime="2024-01-30T13:50:14.2976306-05:00" testType="13cdc9d9-ddb5-4fa4-a97d-d965ccfc6d4b" outcome="Passed" testListId="8c84fa94-04c1-424b-9868-57a2d4851a1d" relativeResultsDirectory="68f3dd27-c376-4fb0-8af7-2ea8be5c410a" xmlns="http://microsoft.com/schemas/VisualStudio/TeamTest/2010">
      <Output>
        <StdOut>Eliassen.System.Linq.ConsoleLogger`1[Eliassen.System.Linq.Search.QueryBuilder]:Information:&gt;
	Build query for CurrentPage: 0
PageSize: 0
ExcludePageCount: False
SearchTerm: (null)
	F:Index: EqualTo: 0

Eliassen.System.Linq.ConsoleLogger`1[Eliassen.System.Linq.Search.QueryBuilder]:Information:&gt;
	Execute (paged): System.Linq.Enumerable+SelectRangeIterator`1[Eliassen.System.Tests.Linq.TestTargets.TestTargetModel].Where(n =&gt; (n.Index == 0)).OrderBy(_ =&gt; 0).Skip(0).Take(10)



TestContext Messages:
SearchQuery-QueryableExtensionsTests_ExecuteByTestFilter(142)-638422194098137838.json: Attached
EnumerableQuery_1-QueryableExtensionsTests_ExecuteByTestFilter(144)-638422194098243529.json: Attached
PagedQueryResult_1-QueryableExtensionsTests_ExecuteByTestFilter(146)-638422194098394901.json: Attached
resultKeys: 0</StdOut>
        <StdErr>Eliassen.System.Linq.ConsoleLogger`1[Eliassen.System.Linq.Expressions.ExpressionTreeBuilder`1[Eliassen.System.Tests.Linq.TestTargets.TestTargetModel]]:Warning:&gt;
	0 parsed to 0 (System.Int32)
Eliassen.System.Linq.ConsoleLogger`1[Eliassen.System.Linq.Search.SortBuilder`1[Eliassen.System.Tests.Linq.TestTargets.TestTargetModel]]:Warning:&gt;
	Force sort by 0 applied for Eliassen.System.Tests.Linq.TestTargets.TestTargetModel</StdErr>
      </Output>
      <ResultFiles>
        <ResultFile path="DESKTOP-3FN5V33\EnumerableQuery_1-QueryableExtensionsTests_ExecuteByTestFilter(144)-638422194098243529.json" />
        <ResultFile path="DESKTOP-3FN5V33\PagedQueryResult_1-QueryableExtensionsTests_ExecuteByTestFilter(146)-638422194098394901.json" />
        <ResultFile path="DESKTOP-3FN5V33\SearchQuery-QueryableExtensionsTests_ExecuteByTestFilter(142)-638422194098137838.json" />
      </ResultFiles>
    </UnitTestResult>
    <UnitTestResult executionId="b04ad560-229c-43df-8574-e282b0f10f3e" testId="251289aa-a607-e006-c914-e09b39f52c99" testName="ExecuteByTest_Sort (Name,Descending,999,998,997,996,995,994,993,992,991,990)" computerName="DESKTOP-3FN5V33" duration="00:00:00.0203119" startTime="2024-01-30T13:50:15.2871931-05:00" endTime="2024-01-30T13:50:15.3080471-05:00" testType="13cdc9d9-ddb5-4fa4-a97d-d965ccfc6d4b" outcome="Passed" testListId="8c84fa94-04c1-424b-9868-57a2d4851a1d" relativeResultsDirectory="b04ad560-229c-43df-8574-e282b0f10f3e" xmlns="http://microsoft.com/schemas/VisualStudio/TeamTest/2010">
      <Output>
        <StdOut>Eliassen.System.Linq.ConsoleLogger`1[Eliassen.System.Linq.Search.QueryBuilder]:Information:&gt;
	Build query for CurrentPage: 0
PageSize: 0
ExcludePageCount: False
SearchTerm: (null)
	S:Name: Descending

Eliassen.System.Linq.ConsoleLogger`1[Eliassen.System.Linq.Search.QueryBuilder]:Information:&gt;
	Execute (paged): System.Linq.Enumerable+SelectRangeIterator`1[Eliassen.System.Tests.Linq.TestTargets.TestTargetModel].OrderByDescending(n =&gt; n.Name).Skip(0).Take(10)



TestContext Messages:
SearchQuery-QueryableExtensionsTests_ExecuteByTest_Sort(340)-638422194152885160.json: Attached
PagedQueryResult_1-QueryableExtensionsTests_ExecuteByTest_Sort(342)-638422194153018535.json: Attached</StdOut>
        <StdErr>Eliassen.System.Linq.ConsoleLogger`1[Eliassen.System.Linq.Search.QueryBuilder]:Warning:&gt;
	No filtering detected: System.Linq.Enumerable+SelectRangeIterator`1[Eliassen.System.Tests.Linq.TestTargets.TestTargetModel]: CurrentPage: 0
PageSize: 0
ExcludePageCount: False
SearchTerm: (null)
	S:Name: Descending</StdErr>
      </Output>
      <ResultFiles>
        <ResultFile path="DESKTOP-3FN5V33\PagedQueryResult_1-QueryableExtensionsTests_ExecuteByTest_Sort(342)-638422194153018535.json" />
        <ResultFile path="DESKTOP-3FN5V33\SearchQuery-QueryableExtensionsTests_ExecuteByTest_Sort(340)-638422194152885160.json" />
      </ResultFiles>
    </UnitTestResult>
    <UnitTestResult executionId="e16a0233-1b94-47d8-81d9-42a2994941fb" testId="870b9428-08e8-f91f-14b9-7fcf33dc2d0f" testName="AsModelsTest2" computerName="DESKTOP-3FN5V33" duration="00:00:00.0117646" startTime="2024-01-30T13:50:08.8480126-05:00" endTime="2024-01-30T13:50:08.8600452-05:00" testType="13cdc9d9-ddb5-4fa4-a97d-d965ccfc6d4b" outcome="Passed" testListId="8c84fa94-04c1-424b-9868-57a2d4851a1d" relativeResultsDirectory="e16a0233-1b94-47d8-81d9-42a2994941fb" xmlns="http://microsoft.com/schemas/VisualStudio/TeamTest/2010">
      <Output>
        <StdOut>TestContext Messages:
EnumModel { Id = 0, Name = Val0, Code = VAL0, Description = , Order = 0, Value = Val0, IsEndState = False, IsExcludeFromUnique = False, PossibleNames = System.String[], Value = Val0 }
EnumModel { Id = 1, Name = Val1, Code = VAL1, Description = , Order = 0, Value = Val1, IsEndState = False, IsExcludeFromUnique = False, PossibleNames = System.String[], Value = Val1 }
EnumModel { Id = 2, Name = Val2, Code = VAL2, Description = , Order = 0, Value = Val2, IsEndState = False, IsExcludeFromUnique = False, PossibleNames = System.String[], Value = Val2 }
EnumModel { Id = 4, Name = WithEnumValue, Code = name, Description = , Order = 0, Value = WithEnumValue, IsEndState = False, IsExcludeFromUnique = False, PossibleNames = System.String[], Value = WithEnumValue }
EnumModel { Id = 8, Name = WithMemberName, Code = name2, Description = , Order = 0, Value = WithMemberName, IsEndState = False, IsExcludeFromUnique = False, PossibleNames = System.String[], Value = WithMemberName }
EnumModel { Id = 16, Name = WithDescription, Code = WITHDESCRIPTION, Description = test description, Order = 0, Value = WithDescription, IsEndState = False, IsExcludeFromUnique = False, PossibleNames = System.String[], Value = WithDescription }
EnumModel { Id = 32, Name = test name, Code = test short, Description = test display, Order = 0, Value = WithDisplay, IsEndState = False, IsExcludeFromUnique = False, PossibleNames = System.String[], Value = WithDisplay }</StdOut>
      </Output>
    </UnitTestResult>
    <UnitTestResult executionId="50b51cc7-06c4-464b-9bd8-825181eae39b" testId="b6498f29-1231-5fcf-4954-1746daa0500d" testName="ExecuteByTest_Filter (Eliassen.System.Tests.Linq.TestTargets.TestTargetModel,Index,LessThan,5,5,0,1,2,3,4)" computerName="DESKTOP-3FN5V33" duration="00:00:00.0276574" startTime="2024-01-30T13:50:09.2145139-05:00" endTime="2024-01-30T13:50:14.2976306-05:00" testType="13cdc9d9-ddb5-4fa4-a97d-d965ccfc6d4b" outcome="Passed" testListId="8c84fa94-04c1-424b-9868-57a2d4851a1d" relativeResultsDirectory="50b51cc7-06c4-464b-9bd8-825181eae39b" xmlns="http://microsoft.com/schemas/VisualStudio/TeamTest/2010">
      <Output>
        <StdOut>Eliassen.System.Linq.ConsoleLogger`1[Eliassen.System.Linq.Search.QueryBuilder]:Information:&gt;
	Build query for CurrentPage: 0
PageSize: 0
ExcludePageCount: False
SearchTerm: (null)
	F:Index: LessThan: 5

Eliassen.System.Linq.ConsoleLogger`1[Eliassen.System.Linq.Search.QueryBuilder]:Information:&gt;
	Execute (paged): System.Linq.Enumerable+SelectRangeIterator`1[Eliassen.System.Tests.Linq.TestTargets.TestTargetModel].Where(n =&gt; (n.Index &lt; 5)).OrderBy(_ =&gt; 0).Skip(0).Take(10)



TestContext Messages:
SearchQuery-QueryableExtensionsTests_ExecuteByTestFilter(142)-638422194096458323.json: Attached
EnumerableQuery_1-QueryableExtensionsTests_ExecuteByTestFilter(144)-638422194096489246.json: Attached
PagedQueryResult_1-QueryableExtensionsTests_ExecuteByTestFilter(146)-638422194096640459.json: Attached
resultKeys: 0,1,2,3,4</StdOut>
        <StdErr>Eliassen.System.Linq.ConsoleLogger`1[Eliassen.System.Linq.Expressions.ExpressionTreeBuilder`1[Eliassen.System.Tests.Linq.TestTargets.TestTargetModel]]:Warning:&gt;
	5 parsed to 5 (System.Int32)
Eliassen.System.Linq.ConsoleLogger`1[Eliassen.System.Linq.Search.SortBuilder`1[Eliassen.System.Tests.Linq.TestTargets.TestTargetModel]]:Warning:&gt;
	Force sort by 0 applied for Eliassen.System.Tests.Linq.TestTargets.TestTargetModel</StdErr>
      </Output>
      <ResultFiles>
        <ResultFile path="DESKTOP-3FN5V33\EnumerableQuery_1-QueryableExtensionsTests_ExecuteByTestFilter(144)-638422194096489246.json" />
        <ResultFile path="DESKTOP-3FN5V33\PagedQueryResult_1-QueryableExtensionsTests_ExecuteByTestFilter(146)-638422194096640459.json" />
        <ResultFile path="DESKTOP-3FN5V33\SearchQuery-QueryableExtensionsTests_ExecuteByTestFilter(142)-638422194096458323.json" />
      </ResultFiles>
    </UnitTestResult>
    <UnitTestResult executionId="a94b3f7b-6f02-47f4-b90e-79e71fb1f0d0" testId="e350703c-47df-56f0-b995-a52c38b53eca" testName="MakeSafeTest (System.Int32,1,1)" computerName="DESKTOP-3FN5V33" duration="00:00:00.0001059" startTime="2024-01-30T13:50:08.9410492-05:00" endTime="2024-01-30T13:50:09.1049074-05:00" testType="13cdc9d9-ddb5-4fa4-a97d-d965ccfc6d4b" outcome="Passed" testListId="8c84fa94-04c1-424b-9868-57a2d4851a1d" relativeResultsDirectory="a94b3f7b-6f02-47f4-b90e-79e71fb1f0d0" xmlns="http://microsoft.com/schemas/VisualStudio/TeamTest/2010" />
    <UnitTestResult executionId="19ed091c-af98-4258-9808-59ed9df24506" testId="f3dca1bb-5884-67f2-50ab-603f9fbc49dc" testName="GetSortablePropertyNamesTest_TestTarget2Model" computerName="DESKTOP-3FN5V33" duration="00:00:00.0005591" startTime="2024-01-30T13:50:15.3811829-05:00" endTime="2024-01-30T13:50:15.3819668-05:00" testType="13cdc9d9-ddb5-4fa4-a97d-d965ccfc6d4b" outcome="Passed" testListId="8c84fa94-04c1-424b-9868-57a2d4851a1d" relativeResultsDirectory="19ed091c-af98-4258-9808-59ed9df24506" xmlns="http://microsoft.com/schemas/VisualStudio/TeamTest/2010" />
    <UnitTestResult executionId="63306f44-6f6e-4a37-9cf3-eb3599debab2" testId="b6498f29-1231-5fcf-4954-1746daa0500d" testName="ExecuteByTest_Filter (Eliassen.System.Tests.Linq.TestTargets.TestTargetModel,InDeX,EqualTo,!1,10,0,2,3,4,5,6,7,8,9,10)" computerName="DESKTOP-3FN5V33" duration="00:00:00.0278099" startTime="2024-01-30T13:50:09.2145139-05:00" endTime="2024-01-30T13:50:14.2976306-05:00" testType="13cdc9d9-ddb5-4fa4-a97d-d965ccfc6d4b" outcome="Passed" testListId="8c84fa94-04c1-424b-9868-57a2d4851a1d" relativeResultsDirectory="63306f44-6f6e-4a37-9cf3-eb3599debab2" xmlns="http://microsoft.com/schemas/VisualStudio/TeamTest/2010">
      <Output>
        <StdOut>Eliassen.System.Linq.ConsoleLogger`1[Eliassen.System.Linq.Search.QueryBuilder]:Information:&gt;
	Build query for CurrentPage: 0
PageSize: 0
ExcludePageCount: False
SearchTerm: (null)
	F:InDeX: EqualTo: !1

Eliassen.System.Linq.ConsoleLogger`1[Eliassen.System.Linq.Search.QueryBuilder]:Information:&gt;
	Execute (paged): System.Linq.Enumerable+SelectRangeIterator`1[Eliassen.System.Tests.Linq.TestTargets.TestTargetModel].Where(n =&gt; (n.Index != 1)).OrderBy(_ =&gt; 0).Skip(0).Take(10)



TestContext Messages:
SearchQuery-QueryableExtensionsTests_ExecuteByTestFilter(142)-638422194094682209.json: Attached
EnumerableQuery_1-QueryableExtensionsTests_ExecuteByTestFilter(144)-638422194094738219.json: Attached
PagedQueryResult_1-QueryableExtensionsTests_ExecuteByTestFilter(146)-638422194094888766.json: Attached
resultKeys: 0,2,3,4,5,6,7,8,9,10</StdOut>
        <StdErr>Eliassen.System.Linq.ConsoleLogger`1[Eliassen.System.Linq.Expressions.ExpressionTreeBuilder`1[Eliassen.System.Tests.Linq.TestTargets.TestTargetModel]]:Warning:&gt;
	1 parsed to 1 (System.Int32)
Eliassen.System.Linq.ConsoleLogger`1[Eliassen.System.Linq.Search.SortBuilder`1[Eliassen.System.Tests.Linq.TestTargets.TestTargetModel]]:Warning:&gt;
	Force sort by 0 applied for Eliassen.System.Tests.Linq.TestTargets.TestTargetModel</StdErr>
      </Output>
      <ResultFiles>
        <ResultFile path="DESKTOP-3FN5V33\EnumerableQuery_1-QueryableExtensionsTests_ExecuteByTestFilter(144)-638422194094738219.json" />
        <ResultFile path="DESKTOP-3FN5V33\PagedQueryResult_1-QueryableExtensionsTests_ExecuteByTestFilter(146)-638422194094888766.json" />
        <ResultFile path="DESKTOP-3FN5V33\SearchQuery-QueryableExtensionsTests_ExecuteByTestFilter(142)-638422194094682209.json" />
      </ResultFiles>
    </UnitTestResult>
    <UnitTestResult executionId="3afc4a01-ead5-437a-9a5a-c724c8a9853f" testId="52063650-6233-2d8a-fadf-ea1a53f7d6ed" testName="GetHash (hello world,XrY7u+Ae7tCTyyK7j1rNww==)" computerName="DESKTOP-3FN5V33" duration="00:00:00.0006705" startTime="2024-01-30T13:50:08.7947660-05:00" endTime="2024-01-30T13:50:08.7957387-05:00" testType="13cdc9d9-ddb5-4fa4-a97d-d965ccfc6d4b" outcome="Passed" testListId="8c84fa94-04c1-424b-9868-57a2d4851a1d" relativeResultsDirectory="3afc4a01-ead5-437a-9a5a-c724c8a9853f" xmlns="http://microsoft.com/schemas/VisualStudio/TeamTest/2010">
      <Output>
        <StdOut>TestContext Messages:
"hello world" =&gt; "XrY7u+Ae7tCTyyK7j1rNww=="</StdOut>
      </Output>
    </UnitTestResult>
    <UnitTestResult executionId="4778141a-fbe8-4b44-a464-36e9f7aff0ae" testId="e350703c-47df-56f0-b995-a52c38b53eca" testName="MakeSafeTest (System.Int32,nope,)" computerName="DESKTOP-3FN5V33" duration="00:00:00.0010025" startTime="2024-01-30T13:50:08.9410492-05:00" endTime="2024-01-30T13:50:09.1049074-05:00" testType="13cdc9d9-ddb5-4fa4-a97d-d965ccfc6d4b" outcome="Passed" testListId="8c84fa94-04c1-424b-9868-57a2d4851a1d" relativeResultsDirectory="4778141a-fbe8-4b44-a464-36e9f7aff0ae" xmlns="http://microsoft.com/schemas/VisualStudio/TeamTest/2010" />
    <UnitTestResult executionId="a0485825-cccf-47db-bae6-54d5845eb83d" testId="33a234b4-5b0c-8ae4-c739-6e7b62145768" testName="ToEnumTest (Val2 , Val1,Val1, Val2)" computerName="DESKTOP-3FN5V33" duration="00:00:00.0000120" startTime="2024-01-30T13:50:08.8924715-05:00" endTime="2024-01-30T13:50:08.8926416-05:00" testType="13cdc9d9-ddb5-4fa4-a97d-d965ccfc6d4b" outcome="Passed" testListId="8c84fa94-04c1-424b-9868-57a2d4851a1d" relativeResultsDirectory="a0485825-cccf-47db-bae6-54d5845eb83d" xmlns="http://microsoft.com/schemas/VisualStudio/TeamTest/2010" />
    <UnitTestResult executionId="97f00894-b52e-4b58-9791-f4e8a4f63f4f" testId="d4b770b3-94e8-d07a-03aa-f3335b9b4c71" testName="VisitTest_EqualOperator (Hello,HELLO,True)" computerName="DESKTOP-3FN5V33" duration="00:00:00.0010321" startTime="2024-01-30T13:50:15.4160595-05:00" endTime="2024-01-30T13:50:15.4174719-05:00" testType="13cdc9d9-ddb5-4fa4-a97d-d965ccfc6d4b" outcome="Passed" testListId="8c84fa94-04c1-424b-9868-57a2d4851a1d" relativeResultsDirectory="97f00894-b52e-4b58-9791-f4e8a4f63f4f" xmlns="http://microsoft.com/schemas/VisualStudio/TeamTest/2010">
      <Output>
        <StdOut>TestContext Messages:
expression: e =&gt; (e == value(Eliassen.System.Tests.Linq.Expressions.StringComparisonReplacementExpressionVisitorTests+&lt;&gt;c__DisplayClass4_0).matched)
visited: e =&gt; e.Equals(value(Eliassen.System.Tests.Linq.Expressions.StringComparisonReplacementExpressionVisitorTests+&lt;&gt;c__DisplayClass4_0).matched, CurrentCultureIgnoreCase)</StdOut>
      </Output>
    </UnitTestResult>
    <UnitTestResult executionId="0d1fa6d4-5655-47ba-8318-39b37245ba36" testId="b6498f29-1231-5fcf-4954-1746daa0500d" testName="ExecuteByTest_Filter (Eliassen.System.Tests.Linq.TestTargets.TestTargetExtendedModel,Date,LessThan,2020-03-01,3,-1,0,1)" computerName="DESKTOP-3FN5V33" duration="00:00:00.1751852" startTime="2024-01-30T13:50:09.2145139-05:00" endTime="2024-01-30T13:50:14.2976306-05:00" testType="13cdc9d9-ddb5-4fa4-a97d-d965ccfc6d4b" outcome="Passed" testListId="8c84fa94-04c1-424b-9868-57a2d4851a1d" relativeResultsDirectory="0d1fa6d4-5655-47ba-8318-39b37245ba36" xmlns="http://microsoft.com/schemas/VisualStudio/TeamTest/2010">
      <Output>
        <StdOut>Eliassen.System.Linq.ConsoleLogger`1[Eliassen.System.Linq.Search.QueryBuilder]:Information:&gt;
	Build query for CurrentPage: 0
PageSize: 0
ExcludePageCount: False
SearchTerm: (null)
	F:Date: LessThan: 2020-03-01

Eliassen.System.Linq.ConsoleLogger`1[Eliassen.System.Linq.Search.SortBuilder`1[Eliassen.System.Tests.Linq.TestTargets.TestTargetExtendedModel]]:Information:&gt;
	Applying default sort for Eliassen.System.Tests.Linq.TestTargets.TestTargetExtendedModel: (Index, Ascending)
Eliassen.System.Linq.ConsoleLogger`1[Eliassen.System.Linq.Search.QueryBuilder]:Information:&gt;
	Execute (paged): System.Linq.Enumerable+SelectRangeIterator`1[Eliassen.System.Tests.Linq.TestTargets.TestTargetExtendedModel].Where(n =&gt; (n.Date &lt; 3/1/2020 12:00:00 AM)).OrderBy(n =&gt; Convert(n.Index, Object)).Skip(0).Take(10)



TestContext Messages:
SearchQuery-QueryableExtensionsTests_ExecuteByTestFilter(142)-638422194114164437.json: Attached
EnumerableQuery_1-QueryableExtensionsTests_ExecuteByTestFilter(144)-638422194114197889.json: Attached
PagedQueryResult_1-QueryableExtensionsTests_ExecuteByTestFilter(146)-638422194115813547.json: Attached
resultKeys: -1,0,1</StdOut>
        <StdErr>Eliassen.System.Linq.ConsoleLogger`1[Eliassen.System.Linq.Expressions.ExpressionTreeBuilder`1[Eliassen.System.Tests.Linq.TestTargets.TestTargetExtendedModel]]:Warning:&gt;
	2020-03-01 parsed to 03/01/2020 00:00:00 (System.DateTime)</StdErr>
      </Output>
      <ResultFiles>
        <ResultFile path="DESKTOP-3FN5V33\EnumerableQuery_1-QueryableExtensionsTests_ExecuteByTestFilter(144)-638422194114197889.json" />
        <ResultFile path="DESKTOP-3FN5V33\PagedQueryResult_1-QueryableExtensionsTests_ExecuteByTestFilter(146)-638422194115813547.json" />
        <ResultFile path="DESKTOP-3FN5V33\SearchQuery-QueryableExtensionsTests_ExecuteByTestFilter(142)-638422194114164437.json" />
      </ResultFiles>
    </UnitTestResult>
    <UnitTestResult executionId="7846100f-debd-4878-87e2-5b93ddea776f" testId="d8d8a1a1-adc8-f6f3-d3ba-c826da19378d" testName="VisitTest_EndsWith (Hello,Lo,True)" computerName="DESKTOP-3FN5V33" duration="00:00:00.0010465" startTime="2024-01-30T13:50:15.4627956-05:00" endTime="2024-01-30T13:50:15.4642464-05:00" testType="13cdc9d9-ddb5-4fa4-a97d-d965ccfc6d4b" outcome="Passed" testListId="8c84fa94-04c1-424b-9868-57a2d4851a1d" relativeResultsDirectory="7846100f-debd-4878-87e2-5b93ddea776f" xmlns="http://microsoft.com/schemas/VisualStudio/TeamTest/2010">
      <Output>
        <StdOut>Eliassen.System.Linq.ConsoleLogger`1[Eliassen.System.Linq.Expressions.StringComparisonReplacementExpressionVisitor]:Debug:&gt;
	Replace: e.EndsWith(value(Eliassen.System.Tests.Linq.Expressions.StringComparisonReplacementExpressionVisitorTests+&lt;&gt;c__DisplayClass8_0).matched) with e.EndsWith(value(Eliassen.System.Tests.Linq.Expressions.StringComparisonReplacementExpressionVisitorTests+&lt;&gt;c__DisplayClass8_0).matched, CurrentCultureIgnoreCase)



TestContext Messages:
expression: e =&gt; e.EndsWith(value(Eliassen.System.Tests.Linq.Expressions.StringComparisonReplacementExpressionVisitorTests+&lt;&gt;c__DisplayClass8_0).matched)
visited: e =&gt; e.EndsWith(value(Eliassen.System.Tests.Linq.Expressions.StringComparisonReplacementExpressionVisitorTests+&lt;&gt;c__DisplayClass8_0).matched, CurrentCultureIgnoreCase)</StdOut>
      </Output>
    </UnitTestResult>
    <UnitTestResult executionId="da5b63e4-869a-4ae8-8631-489401670a49" testId="40025f8c-33a3-86dc-40ea-c26da3d7c94a" testName="ExecuteByTest_Sort (name,Descending,999,998,997,996,995,994,993,992,991,990)" computerName="DESKTOP-3FN5V33" duration="00:00:00.0140960" startTime="2024-01-30T13:50:15.3094896-05:00" endTime="2024-01-30T13:50:15.3242191-05:00" testType="13cdc9d9-ddb5-4fa4-a97d-d965ccfc6d4b" outcome="Passed" testListId="8c84fa94-04c1-424b-9868-57a2d4851a1d" relativeResultsDirectory="da5b63e4-869a-4ae8-8631-489401670a49" xmlns="http://microsoft.com/schemas/VisualStudio/TeamTest/2010">
      <Output>
        <StdOut>Eliassen.System.Linq.ConsoleLogger`1[Eliassen.System.Linq.Search.QueryBuilder]:Information:&gt;
	Build query for CurrentPage: 0
PageSize: 0
ExcludePageCount: False
SearchTerm: (null)
	S:name: Descending

Eliassen.System.Linq.ConsoleLogger`1[Eliassen.System.Linq.Search.QueryBuilder]:Information:&gt;
	Execute (paged): System.Linq.Enumerable+SelectRangeIterator`1[Eliassen.System.Tests.Linq.TestTargets.TestTargetModel].OrderByDescending(n =&gt; n.Name).Skip(0).Take(10)



TestContext Messages:
SearchQuery-QueryableExtensionsTests_ExecuteByTest_Sort(340)-638422194153104955.json: Attached
PagedQueryResult_1-QueryableExtensionsTests_ExecuteByTest_Sort(342)-638422194153196291.json: Attached</StdOut>
        <StdErr>Eliassen.System.Linq.ConsoleLogger`1[Eliassen.System.Linq.Search.QueryBuilder]:Warning:&gt;
	No filtering detected: System.Linq.Enumerable+SelectRangeIterator`1[Eliassen.System.Tests.Linq.TestTargets.TestTargetModel]: CurrentPage: 0
PageSize: 0
ExcludePageCount: False
SearchTerm: (null)
	S:name: Descending</StdErr>
      </Output>
      <ResultFiles>
        <ResultFile path="DESKTOP-3FN5V33\PagedQueryResult_1-QueryableExtensionsTests_ExecuteByTest_Sort(342)-638422194153196291.json" />
        <ResultFile path="DESKTOP-3FN5V33\SearchQuery-QueryableExtensionsTests_ExecuteByTest_Sort(340)-638422194153104955.json" />
      </ResultFiles>
    </UnitTestResult>
    <UnitTestResult executionId="1e9faad4-697d-44fe-bb0e-f54f92c3b396" testId="4ba16b26-1543-65b7-5999-fbd5f1c9af2e" testName="VisitTest_Equals (Hello,HeLlO,True)" computerName="DESKTOP-3FN5V33" duration="00:00:00.0005673" startTime="2024-01-30T13:50:15.4303804-05:00" endTime="2024-01-30T13:50:15.4312858-05:00" testType="13cdc9d9-ddb5-4fa4-a97d-d965ccfc6d4b" outcome="Passed" testListId="8c84fa94-04c1-424b-9868-57a2d4851a1d" relativeResultsDirectory="1e9faad4-697d-44fe-bb0e-f54f92c3b396" xmlns="http://microsoft.com/schemas/VisualStudio/TeamTest/2010">
      <Output>
        <StdOut>Eliassen.System.Linq.ConsoleLogger`1[Eliassen.System.Linq.Expressions.StringComparisonReplacementExpressionVisitor]:Debug:&gt;
	Replace: e.Equals(value(Eliassen.System.Tests.Linq.Expressions.StringComparisonReplacementExpressionVisitorTests+&lt;&gt;c__DisplayClass5_0).matched) with e.Equals(value(Eliassen.System.Tests.Linq.Expressions.StringComparisonReplacementExpressionVisitorTests+&lt;&gt;c__DisplayClass5_0).matched, CurrentCultureIgnoreCase)



TestContext Messages:
expression: e =&gt; e.Equals(value(Eliassen.System.Tests.Linq.Expressions.StringComparisonReplacementExpressionVisitorTests+&lt;&gt;c__DisplayClass5_0).matched)
visited: e =&gt; e.Equals(value(Eliassen.System.Tests.Linq.Expressions.StringComparisonReplacementExpressionVisitorTests+&lt;&gt;c__DisplayClass5_0).matched, CurrentCultureIgnoreCase)</StdOut>
      </Output>
    </UnitTestResult>
    <UnitTestResult executionId="d0677cb6-7b7a-44ec-b264-82e99640f976" testId="67b6a854-1fe4-5528-77d6-501bd90b9a20" testName="GetShortTypeNameTests (System.String,System.String, System.Private.CoreLib)" computerName="DESKTOP-3FN5V33" duration="00:00:00.0003789" startTime="2024-01-30T13:50:09.1319180-05:00" endTime="2024-01-30T13:50:09.1329930-05:00" testType="13cdc9d9-ddb5-4fa4-a97d-d965ccfc6d4b" outcome="Passed" testListId="8c84fa94-04c1-424b-9868-57a2d4851a1d" relativeResultsDirectory="d0677cb6-7b7a-44ec-b264-82e99640f976" xmlns="http://microsoft.com/schemas/VisualStudio/TeamTest/2010" />
    <UnitTestResult executionId="56de7c87-b435-45ba-9fec-a5486a322ef9" testId="23c81040-d5d6-0e65-6245-2fe212879616" testName="ToEnumTest (2,Val2)" computerName="DESKTOP-3FN5V33" duration="00:00:00.0000107" startTime="2024-01-30T13:50:08.9111117-05:00" endTime="2024-01-30T13:50:08.9112928-05:00" testType="13cdc9d9-ddb5-4fa4-a97d-d965ccfc6d4b" outcome="Passed" testListId="8c84fa94-04c1-424b-9868-57a2d4851a1d" relativeResultsDirectory="56de7c87-b435-45ba-9fec-a5486a322ef9" xmlns="http://microsoft.com/schemas/VisualStudio/TeamTest/2010" />
    <UnitTestResult executionId="bad326bb-1db9-411b-8684-1f2401c208bb" testId="f90f5d2f-9a6e-b4bc-022c-ce37e3e49a29" testName="GetSortablePropertyNamesTest_TestTargetModel" computerName="DESKTOP-3FN5V33" duration="00:00:00.0022462" startTime="2024-01-30T13:50:15.3772920-05:00" endTime="2024-01-30T13:50:15.3797802-05:00" testType="13cdc9d9-ddb5-4fa4-a97d-d965ccfc6d4b" outcome="Passed" testListId="8c84fa94-04c1-424b-9868-57a2d4851a1d" relativeResultsDirectory="bad326bb-1db9-411b-8684-1f2401c208bb" xmlns="http://microsoft.com/schemas/VisualStudio/TeamTest/2010" />
    <UnitTestResult executionId="38d4d8fe-905c-4309-9152-97584a526bab" testId="d1d4b925-a073-2286-7de7-05497c979951" testName="GetResourceFromJsonAsyncTest_NotFound" computerName="DESKTOP-3FN5V33" duration="00:00:00.0006973" startTime="2024-01-30T13:50:09.1574445-05:00" endTime="2024-01-30T13:50:09.1584607-05:00" testType="13cdc9d9-ddb5-4fa4-a97d-d965ccfc6d4b" outcome="Passed" testListId="8c84fa94-04c1-424b-9868-57a2d4851a1d" relativeResultsDirectory="38d4d8fe-905c-4309-9152-97584a526bab" xmlns="http://microsoft.com/schemas/VisualStudio/TeamTest/2010" />
    <UnitTestResult executionId="41d8575b-142f-4589-9295-cbc44b32baec" testId="c2c5d20e-1a87-0e89-b840-4da7e6550d8e" testName="ExecuteByTest_Page (1,-1,,,,1000,)" computerName="DESKTOP-3FN5V33" duration="00:00:00.0220025" startTime="2024-01-30T13:50:15.2625564-05:00" endTime="2024-01-30T13:50:15.2852541-05:00" testType="13cdc9d9-ddb5-4fa4-a97d-d965ccfc6d4b" outcome="Passed" testListId="8c84fa94-04c1-424b-9868-57a2d4851a1d" relativeResultsDirectory="41d8575b-142f-4589-9295-cbc44b32baec" xmlns="http://microsoft.com/schemas/VisualStudio/TeamTest/2010">
      <Output>
        <StdOut>Eliassen.System.Linq.ConsoleLogger`1[Eliassen.System.Linq.Search.QueryBuilder]:Information:&gt;
	Build query for CurrentPage: 1
PageSize: -1
ExcludePageCount: False
SearchTerm: (null)

Eliassen.System.Linq.ConsoleLogger`1[Eliassen.System.Linq.Search.QueryBuilder]:Information:&gt;
	Execute : System.Linq.Enumerable+SelectRangeIterator`1[Eliassen.System.Tests.Linq.TestTargets.TestTargetModel].OrderBy(_ =&gt; 0)



TestContext Messages:
SearchQuery-QueryableExtensionsTests_ExecuteByTest_Page(296)-638422194152631591.json: Attached
EnumerableQuery_1-QueryableExtensionsTests_ExecuteByTest_Page(298)-638422194152672968.json: Attached
QueryResult_1-QueryableExtensionsTests_ExecuteByTest_Page(300)-638422194152772136.json: Attached</StdOut>
        <StdErr>Eliassen.System.Linq.ConsoleLogger`1[Eliassen.System.Linq.Search.QueryBuilder]:Warning:&gt;
	No filtering detected: System.Linq.Enumerable+SelectRangeIterator`1[Eliassen.System.Tests.Linq.TestTargets.TestTargetModel]: CurrentPage: 1
PageSize: -1
ExcludePageCount: False
SearchTerm: (null)

Eliassen.System.Linq.ConsoleLogger`1[Eliassen.System.Linq.Search.SortBuilder`1[Eliassen.System.Tests.Linq.TestTargets.TestTargetModel]]:Warning:&gt;
	Force sort by 0 applied for Eliassen.System.Tests.Linq.TestTargets.TestTargetModel</StdErr>
      </Output>
      <ResultFiles>
        <ResultFile path="DESKTOP-3FN5V33\EnumerableQuery_1-QueryableExtensionsTests_ExecuteByTest_Page(298)-638422194152672968.json" />
        <ResultFile path="DESKTOP-3FN5V33\QueryResult_1-QueryableExtensionsTests_ExecuteByTest_Page(300)-638422194152772136.json" />
        <ResultFile path="DESKTOP-3FN5V33\SearchQuery-QueryableExtensionsTests_ExecuteByTest_Page(296)-638422194152631591.json" />
      </ResultFiles>
    </UnitTestResult>
    <UnitTestResult executionId="f846c275-908f-46a7-8c47-d4a6d177a0a0" testId="61e785a3-6dc7-7a65-ecf9-a0b14d187326" testName="ToEnumTest (Val1,Val1)" computerName="DESKTOP-3FN5V33" duration="00:00:00.0099184" startTime="2024-01-30T13:50:08.8645184-05:00" endTime="2024-01-30T13:50:08.8833620-05:00" testType="13cdc9d9-ddb5-4fa4-a97d-d965ccfc6d4b" outcome="Passed" testListId="8c84fa94-04c1-424b-9868-57a2d4851a1d" relativeResultsDirectory="f846c275-908f-46a7-8c47-d4a6d177a0a0" xmlns="http://microsoft.com/schemas/VisualStudio/TeamTest/2010" />
    <UnitTestResult executionId="c520f5d9-678e-48ba-898b-045de4832cf9" testId="78dc4ca6-14d8-0c1a-ad29-6d2f53293760" testName="VisitTest_Equals (Hello,hello,False)" computerName="DESKTOP-3FN5V33" duration="00:00:00.0019470" startTime="2024-01-30T13:50:15.3901394-05:00" endTime="2024-01-30T13:50:15.3925933-05:00" testType="13cdc9d9-ddb5-4fa4-a97d-d965ccfc6d4b" outcome="Passed" testListId="8c84fa94-04c1-424b-9868-57a2d4851a1d" relativeResultsDirectory="c520f5d9-678e-48ba-898b-045de4832cf9" xmlns="http://microsoft.com/schemas/VisualStudio/TeamTest/2010">
      <Output>
        <StdOut>TestContext Messages:
expression: e =&gt; e.Equals(value(Eliassen.System.Tests.Linq.Expressions.SkipInstanceMethodOnNullExpressionVisitorTests+&lt;&gt;c__DisplayClass4_0).matched)
visited: e =&gt; ((e != null) AndAlso e.Equals(value(Eliassen.System.Tests.Linq.Expressions.SkipInstanceMethodOnNullExpressionVisitorTests+&lt;&gt;c__DisplayClass4_0).matched))
result: False</StdOut>
      </Output>
    </UnitTestResult>
    <UnitTestResult executionId="0cf57235-97f8-464c-9145-4d1a978585e4" testId="b6498f29-1231-5fcf-4954-1746daa0500d" testName="ExecuteByTest_Filter (Eliassen.System.Tests.Linq.TestTargets.TestTargetModel,INDEX,EqualTo,!1,10,0,2,3,4,5,6,7,8,9,10)" computerName="DESKTOP-3FN5V33" duration="00:00:00.0266474" startTime="2024-01-30T13:50:09.2145139-05:00" endTime="2024-01-30T13:50:14.2976306-05:00" testType="13cdc9d9-ddb5-4fa4-a97d-d965ccfc6d4b" outcome="Passed" testListId="8c84fa94-04c1-424b-9868-57a2d4851a1d" relativeResultsDirectory="0cf57235-97f8-464c-9145-4d1a978585e4" xmlns="http://microsoft.com/schemas/VisualStudio/TeamTest/2010">
      <Output>
        <StdOut>Eliassen.System.Linq.ConsoleLogger`1[Eliassen.System.Linq.Search.QueryBuilder]:Information:&gt;
	Build query for CurrentPage: 0
PageSize: 0
ExcludePageCount: False
SearchTerm: (null)
	F:INDEX: EqualTo: !1

Eliassen.System.Linq.ConsoleLogger`1[Eliassen.System.Linq.Search.QueryBuilder]:Information:&gt;
	Execute (paged): System.Linq.Enumerable+SelectRangeIterator`1[Eliassen.System.Tests.Linq.TestTargets.TestTargetModel].Where(n =&gt; (n.Index != 1)).OrderBy(_ =&gt; 0).Skip(0).Take(10)



TestContext Messages:
SearchQuery-QueryableExtensionsTests_ExecuteByTestFilter(142)-638422194094416664.json: Attached
EnumerableQuery_1-QueryableExtensionsTests_ExecuteByTestFilter(144)-638422194094447303.json: Attached
PagedQueryResult_1-QueryableExtensionsTests_ExecuteByTestFilter(146)-638422194094594241.json: Attached
resultKeys: 0,2,3,4,5,6,7,8,9,10</StdOut>
        <StdErr>Eliassen.System.Linq.ConsoleLogger`1[Eliassen.System.Linq.Expressions.ExpressionTreeBuilder`1[Eliassen.System.Tests.Linq.TestTargets.TestTargetModel]]:Warning:&gt;
	1 parsed to 1 (System.Int32)
Eliassen.System.Linq.ConsoleLogger`1[Eliassen.System.Linq.Search.SortBuilder`1[Eliassen.System.Tests.Linq.TestTargets.TestTargetModel]]:Warning:&gt;
	Force sort by 0 applied for Eliassen.System.Tests.Linq.TestTargets.TestTargetModel</StdErr>
      </Output>
      <ResultFiles>
        <ResultFile path="DESKTOP-3FN5V33\EnumerableQuery_1-QueryableExtensionsTests_ExecuteByTestFilter(144)-638422194094447303.json" />
        <ResultFile path="DESKTOP-3FN5V33\PagedQueryResult_1-QueryableExtensionsTests_ExecuteByTestFilter(146)-638422194094594241.json" />
        <ResultFile path="DESKTOP-3FN5V33\SearchQuery-QueryableExtensionsTests_ExecuteByTestFilter(142)-638422194094416664.json" />
      </ResultFiles>
    </UnitTestResult>
    <UnitTestResult executionId="76e4a654-89c2-45b8-afd7-b173cab35858" testId="e350703c-47df-56f0-b995-a52c38b53eca" testName="MakeSafeTest (System.Nullable`1[System.Int32],nope,)" computerName="DESKTOP-3FN5V33" duration="00:00:00.0001215" startTime="2024-01-30T13:50:08.9410492-05:00" endTime="2024-01-30T13:50:09.1049074-05:00" testType="13cdc9d9-ddb5-4fa4-a97d-d965ccfc6d4b" outcome="Passed" testListId="8c84fa94-04c1-424b-9868-57a2d4851a1d" relativeResultsDirectory="76e4a654-89c2-45b8-afd7-b173cab35858" xmlns="http://microsoft.com/schemas/VisualStudio/TeamTest/2010" />
    <UnitTestResult executionId="e36bfe72-ab71-4f1e-a08e-38fde046eb55" testId="e350703c-47df-56f0-b995-a52c38b53eca" testName="MakeSafeTest (System.Int32,1.1,1)" computerName="DESKTOP-3FN5V33" duration="00:00:00.0000246" startTime="2024-01-30T13:50:08.9410492-05:00" endTime="2024-01-30T13:50:09.1049074-05:00" testType="13cdc9d9-ddb5-4fa4-a97d-d965ccfc6d4b" outcome="Passed" testListId="8c84fa94-04c1-424b-9868-57a2d4851a1d" relativeResultsDirectory="e36bfe72-ab71-4f1e-a08e-38fde046eb55" xmlns="http://microsoft.com/schemas/VisualStudio/TeamTest/2010" />
    <UnitTestResult executionId="93049846-0e4c-40a7-acf7-ce6fc8503eed" testId="513d11fc-67fa-6f75-0d1b-3a56ad265509" testName="ExecuteByTest_Sort (Name,Ascending,0,1,10,100,101,102,103,104,105,106)" computerName="DESKTOP-3FN5V33" duration="00:00:00.0109036" startTime="2024-01-30T13:50:15.3425095-05:00" endTime="2024-01-30T13:50:15.3540120-05:00" testType="13cdc9d9-ddb5-4fa4-a97d-d965ccfc6d4b" outcome="Passed" testListId="8c84fa94-04c1-424b-9868-57a2d4851a1d" relativeResultsDirectory="93049846-0e4c-40a7-acf7-ce6fc8503eed" xmlns="http://microsoft.com/schemas/VisualStudio/TeamTest/2010">
      <Output>
        <StdOut>Eliassen.System.Linq.ConsoleLogger`1[Eliassen.System.Linq.Search.QueryBuilder]:Information:&gt;
	Build query for CurrentPage: 0
PageSize: 0
ExcludePageCount: False
SearchTerm: (null)
	S:Name: Ascending

Eliassen.System.Linq.ConsoleLogger`1[Eliassen.System.Linq.Search.QueryBuilder]:Information:&gt;
	Execute (paged): System.Linq.Enumerable+SelectRangeIterator`1[Eliassen.System.Tests.Linq.TestTargets.TestTargetModel].OrderBy(n =&gt; n.Name).Skip(0).Take(10)



TestContext Messages:
SearchQuery-QueryableExtensionsTests_ExecuteByTest_Sort(340)-638422194153430344.json: Attached
PagedQueryResult_1-QueryableExtensionsTests_ExecuteByTest_Sort(342)-638422194153504248.json: Attached</StdOut>
        <StdErr>Eliassen.System.Linq.ConsoleLogger`1[Eliassen.System.Linq.Search.QueryBuilder]:Warning:&gt;
	No filtering detected: System.Linq.Enumerable+SelectRangeIterator`1[Eliassen.System.Tests.Linq.TestTargets.TestTargetModel]: CurrentPage: 0
PageSize: 0
ExcludePageCount: False
SearchTerm: (null)
	S:Name: Ascending</StdErr>
      </Output>
      <ResultFiles>
        <ResultFile path="DESKTOP-3FN5V33\PagedQueryResult_1-QueryableExtensionsTests_ExecuteByTest_Sort(342)-638422194153504248.json" />
        <ResultFile path="DESKTOP-3FN5V33\SearchQuery-QueryableExtensionsTests_ExecuteByTest_Sort(340)-638422194153430344.json" />
      </ResultFiles>
    </UnitTestResult>
    <UnitTestResult executionId="6bcc9d46-c077-4a45-b534-271cd19ba1a9" testId="b6498f29-1231-5fcf-4954-1746daa0500d" testName="ExecuteByTest_Filter (Eliassen.System.Tests.Linq.TestTargets.TestTargetExtendedModel,May,NotEqualTo,,10,-1,1,2,4,5,7,8,10,11,13)" computerName="DESKTOP-3FN5V33" duration="00:00:00.2792376" startTime="2024-01-30T13:50:09.2145139-05:00" endTime="2024-01-30T13:50:14.2976306-05:00" testType="13cdc9d9-ddb5-4fa4-a97d-d965ccfc6d4b" outcome="Passed" testListId="8c84fa94-04c1-424b-9868-57a2d4851a1d" relativeResultsDirectory="6bcc9d46-c077-4a45-b534-271cd19ba1a9" xmlns="http://microsoft.com/schemas/VisualStudio/TeamTest/2010">
      <Output>
        <StdOut>Eliassen.System.Linq.ConsoleLogger`1[Eliassen.System.Linq.Search.QueryBuilder]:Information:&gt;
	Build query for CurrentPage: 0
PageSize: 0
ExcludePageCount: False
SearchTerm: (null)
	F:May: NotEqualTo:

Eliassen.System.Linq.ConsoleLogger`1[Eliassen.System.Linq.Search.SortBuilder`1[Eliassen.System.Tests.Linq.TestTargets.TestTargetExtendedModel]]:Information:&gt;
	Applying default sort for Eliassen.System.Tests.Linq.TestTargets.TestTargetExtendedModel: (Index, Ascending)
Eliassen.System.Linq.ConsoleLogger`1[Eliassen.System.Linq.Search.QueryBuilder]:Information:&gt;
	Execute (paged): System.Linq.Enumerable+SelectRangeIterator`1[Eliassen.System.Tests.Linq.TestTargets.TestTargetExtendedModel].Where(n =&gt; (n.May != "")).OrderBy(n =&gt; Convert(n.Index, Object)).Skip(0).Take(10)



TestContext Messages:
SearchQuery-QueryableExtensionsTests_ExecuteByTestFilter(142)-638422194134649645.json: Attached
EnumerableQuery_1-QueryableExtensionsTests_ExecuteByTestFilter(144)-638422194134696960.json: Attached
PagedQueryResult_1-QueryableExtensionsTests_ExecuteByTestFilter(146)-638422194137305771.json: Attached
resultKeys: -1,1,2,4,5,7,8,10,11,13</StdOut>
      </Output>
      <ResultFiles>
        <ResultFile path="DESKTOP-3FN5V33\EnumerableQuery_1-QueryableExtensionsTests_ExecuteByTestFilter(144)-638422194134696960.json" />
        <ResultFile path="DESKTOP-3FN5V33\PagedQueryResult_1-QueryableExtensionsTests_ExecuteByTestFilter(146)-638422194137305771.json" />
        <ResultFile path="DESKTOP-3FN5V33\SearchQuery-QueryableExtensionsTests_ExecuteByTestFilter(142)-638422194134649645.json" />
      </ResultFiles>
    </UnitTestResult>
    <UnitTestResult executionId="44326050-2a30-427a-b9d5-9b6bc454ba33" testId="94eba969-c82f-9e81-1248-494bdd4f32c8" testName="GetSearchablePropertyNames_TestTarget3Model" computerName="DESKTOP-3FN5V33" duration="00:00:00.0005776" startTime="2024-01-30T13:50:15.3752453-05:00" endTime="2024-01-30T13:50:15.3761105-05:00" testType="13cdc9d9-ddb5-4fa4-a97d-d965ccfc6d4b" outcome="Passed" testListId="8c84fa94-04c1-424b-9868-57a2d4851a1d" relativeResultsDirectory="44326050-2a30-427a-b9d5-9b6bc454ba33" xmlns="http://microsoft.com/schemas/VisualStudio/TeamTest/2010" />
    <UnitTestResult executionId="4d3790ed-4799-4411-ab9e-9e097daecf64" testId="312eaabc-9879-8ba5-fb15-63928cd6660e" testName="DeserializeTest ({&quot;_id&quot;:{&quot;$oid&quot;:&quot;Hello World&quot;}},Hello World)" computerName="DESKTOP-3FN5V33" duration="00:00:00.0088725" startTime="2024-01-30T13:50:08.6178704-05:00" endTime="2024-01-30T13:50:08.6272146-05:00" testType="13cdc9d9-ddb5-4fa4-a97d-d965ccfc6d4b" outcome="Passed" testListId="8c84fa94-04c1-424b-9868-57a2d4851a1d" relativeResultsDirectory="4d3790ed-4799-4411-ab9e-9e097daecf64" xmlns="http://microsoft.com/schemas/VisualStudio/TeamTest/2010">
      <Output>
        <StdOut>TestContext Messages:
input-BsonIdConverterTests_DeserializeTest(39)-638422194086189955.json: Attached
result-BsonIdConverterTests_DeserializeTest(41)-638422194086236244.json: Attached</StdOut>
      </Output>
      <ResultFiles>
        <ResultFile path="DESKTOP-3FN5V33\input-BsonIdConverterTests_DeserializeTest(39)-638422194086189955.json" />
        <ResultFile path="DESKTOP-3FN5V33\result-BsonIdConverterTests_DeserializeTest(41)-638422194086236244.json" />
      </ResultFiles>
    </UnitTestResult>
    <UnitTestResult executionId="4d40d36a-c78e-43d6-8584-77d4d773f32b" testId="63fad722-7037-7050-fa28-b32ff1a4ec2f" testName="GetResourceStreamTest_ByType" computerName="DESKTOP-3FN5V33" duration="00:00:00.0002171" startTime="2024-01-30T13:50:09.1428202-05:00" endTime="2024-01-30T13:50:09.1432021-05:00" testType="13cdc9d9-ddb5-4fa4-a97d-d965ccfc6d4b" outcome="Passed" testListId="8c84fa94-04c1-424b-9868-57a2d4851a1d" relativeResultsDirectory="4d40d36a-c78e-43d6-8584-77d4d773f32b" xmlns="http://microsoft.com/schemas/VisualStudio/TeamTest/2010" />
    <UnitTestResult executionId="fe59102a-0ea6-4c96-ab22-101751c8704e" testId="26371a34-e095-ac3b-cdb6-58031708ffda" testName="ToEnumTest (name,WithEnumValue)" computerName="DESKTOP-3FN5V33" duration="00:00:00.0014356" startTime="2024-01-30T13:50:08.9211448-05:00" endTime="2024-01-30T13:50:08.9229485-05:00" testType="13cdc9d9-ddb5-4fa4-a97d-d965ccfc6d4b" outcome="Passed" testListId="8c84fa94-04c1-424b-9868-57a2d4851a1d" relativeResultsDirectory="fe59102a-0ea6-4c96-ab22-101751c8704e" xmlns="http://microsoft.com/schemas/VisualStudio/TeamTest/2010" />
    <UnitTestResult executionId="b7ba363d-c0b2-48d3-889a-df06014fd768" testId="03bc167f-0b26-903d-31a8-efafdb2faab7" testName="ExecuteByTest_Filter_JsonElement_Nested" computerName="DESKTOP-3FN5V33" duration="00:00:00.3898079" startTime="2024-01-30T13:50:14.3558275-05:00" endTime="2024-01-30T13:50:14.7459825-05:00" testType="13cdc9d9-ddb5-4fa4-a97d-d965ccfc6d4b" outcome="Passed" testListId="8c84fa94-04c1-424b-9868-57a2d4851a1d" relativeResultsDirectory="b7ba363d-c0b2-48d3-889a-df06014fd768" xmlns="http://microsoft.com/schemas/VisualStudio/TeamTest/2010">
      <Output>
        <StdOut>Eliassen.System.Linq.ConsoleLogger`1[Eliassen.System.Linq.Search.QueryBuilder]:Information:&gt;
	Build query for CurrentPage: 0
PageSize: 0
ExcludePageCount: False
SearchTerm: (null)
	F:Module: EqualTo: Module-2

Eliassen.System.Linq.ConsoleLogger`1[Eliassen.System.Linq.Search.SortBuilder`1[Eliassen.System.Tests.Linq.TestTargets.TestTargetExtendedModel]]:Information:&gt;
	Applying default sort for Eliassen.System.Tests.Linq.TestTargets.TestTargetExtendedModel: (Index, Ascending)
Eliassen.System.Linq.ConsoleLogger`1[Eliassen.System.Linq.Search.QueryBuilder]:Information:&gt;
	Execute (paged): System.Linq.Enumerable+SelectRangeIterator`1[Eliassen.System.Tests.Linq.TestTargets.TestTargetExtendedModel].Where(e =&gt; ((e.Modules != null) AndAlso e.Modules.Any(um =&gt; um.Equals(value(Eliassen.System.Tests.Linq.TestTargets.TestTargetExtendedModel+&lt;&gt;c__DisplayClass43_0).value)))).OrderBy(n =&gt; Convert(n.Index, Object)).Skip(0).Take(10)



TestContext Messages:
SearchQuery-QueryableExtensionsTests_ExecuteByTestFilter(142)-638422194143579917.json: Attached
EnumerableQuery_1-QueryableExtensionsTests_ExecuteByTestFilter(144)-638422194143613479.json: Attached
PagedQueryResult_1-QueryableExtensionsTests_ExecuteByTestFilter(146)-638422194147400633.json: Attached
resultKeys: 3,4,5,6,7,8,9,10,11,12</StdOut>
      </Output>
      <ResultFiles>
        <ResultFile path="DESKTOP-3FN5V33\EnumerableQuery_1-QueryableExtensionsTests_ExecuteByTestFilter(144)-638422194143613479.json" />
        <ResultFile path="DESKTOP-3FN5V33\PagedQueryResult_1-QueryableExtensionsTests_ExecuteByTestFilter(146)-638422194147400633.json" />
        <ResultFile path="DESKTOP-3FN5V33\SearchQuery-QueryableExtensionsTests_ExecuteByTestFilter(142)-638422194143579917.json" />
      </ResultFiles>
    </UnitTestResult>
    <UnitTestResult executionId="490a9566-0239-4950-859a-3fbb47f0337b" testId="10eeac77-be98-5314-e134-5e07fee4201b" testName="ToEnumTest (0,Val0)" computerName="DESKTOP-3FN5V33" duration="00:00:00.0000152" startTime="2024-01-30T13:50:08.9088808-05:00" endTime="2024-01-30T13:50:08.9091006-05:00" testType="13cdc9d9-ddb5-4fa4-a97d-d965ccfc6d4b" outcome="Passed" testListId="8c84fa94-04c1-424b-9868-57a2d4851a1d" relativeResultsDirectory="490a9566-0239-4950-859a-3fbb47f0337b" xmlns="http://microsoft.com/schemas/VisualStudio/TeamTest/2010" />
    <UnitTestResult executionId="5127fc7d-0c33-4e04-a683-6694e6c0323c" testId="b6498f29-1231-5fcf-4954-1746daa0500d" testName="ExecuteByTest_Filter (Eliassen.System.Tests.Linq.TestTargets.TestTargetModel,Index,InSet,System.Int32[],3,1,2,3)" computerName="DESKTOP-3FN5V33" duration="00:00:00.0360377" startTime="2024-01-30T13:50:09.2145139-05:00" endTime="2024-01-30T13:50:14.2976306-05:00" testType="13cdc9d9-ddb5-4fa4-a97d-d965ccfc6d4b" outcome="Passed" testListId="8c84fa94-04c1-424b-9868-57a2d4851a1d" relativeResultsDirectory="5127fc7d-0c33-4e04-a683-6694e6c0323c" xmlns="http://microsoft.com/schemas/VisualStudio/TeamTest/2010">
      <Output>
        <StdOut>Eliassen.System.Linq.ConsoleLogger`1[Eliassen.System.Linq.Search.QueryBuilder]:Information:&gt;
	Build query for CurrentPage: 0
PageSize: 0
ExcludePageCount: False
SearchTerm: (null)
	F:Index: InSet: 1; 2; 3

Eliassen.System.Linq.ConsoleLogger`1[Eliassen.System.Linq.Search.QueryBuilder]:Information:&gt;
	Execute (paged): System.Linq.Enumerable+SelectRangeIterator`1[Eliassen.System.Tests.Linq.TestTargets.TestTargetModel].Where(n =&gt; value(System.Int32[]).Contains(n.Index)).OrderBy(_ =&gt; 0).Skip(0).Take(10)



TestContext Messages:
SearchQuery-QueryableExtensionsTests_ExecuteByTestFilter(142)-638422194095877140.json: Attached
EnumerableQuery_1-QueryableExtensionsTests_ExecuteByTestFilter(144)-638422194095922230.json: Attached
PagedQueryResult_1-QueryableExtensionsTests_ExecuteByTestFilter(146)-638422194096114272.json: Attached
resultKeys: 1,2,3</StdOut>
        <StdErr>Eliassen.System.Linq.ConsoleLogger`1[Eliassen.System.Linq.Search.SortBuilder`1[Eliassen.System.Tests.Linq.TestTargets.TestTargetModel]]:Warning:&gt;
	Force sort by 0 applied for Eliassen.System.Tests.Linq.TestTargets.TestTargetModel</StdErr>
      </Output>
      <ResultFiles>
        <ResultFile path="DESKTOP-3FN5V33\EnumerableQuery_1-QueryableExtensionsTests_ExecuteByTestFilter(144)-638422194095922230.json" />
        <ResultFile path="DESKTOP-3FN5V33\PagedQueryResult_1-QueryableExtensionsTests_ExecuteByTestFilter(146)-638422194096114272.json" />
        <ResultFile path="DESKTOP-3FN5V33\SearchQuery-QueryableExtensionsTests_ExecuteByTestFilter(142)-638422194095877140.json" />
      </ResultFiles>
    </UnitTestResult>
    <UnitTestResult executionId="b7c75698-066f-4ffa-9582-a5d335d899d8" testId="5b534773-a7de-3872-277f-efb65d408d74" testName="VisitTest_EndsWith (Hello,LO,True)" computerName="DESKTOP-3FN5V33" duration="00:00:00.0013416" startTime="2024-01-30T13:50:15.4656482-05:00" endTime="2024-01-30T13:50:15.4678430-05:00" testType="13cdc9d9-ddb5-4fa4-a97d-d965ccfc6d4b" outcome="Passed" testListId="8c84fa94-04c1-424b-9868-57a2d4851a1d" relativeResultsDirectory="b7c75698-066f-4ffa-9582-a5d335d899d8" xmlns="http://microsoft.com/schemas/VisualStudio/TeamTest/2010">
      <Output>
        <StdOut>Eliassen.System.Linq.ConsoleLogger`1[Eliassen.System.Linq.Expressions.StringComparisonReplacementExpressionVisitor]:Debug:&gt;
	Replace: e.EndsWith(value(Eliassen.System.Tests.Linq.Expressions.StringComparisonReplacementExpressionVisitorTests+&lt;&gt;c__DisplayClass8_0).matched) with e.EndsWith(value(Eliassen.System.Tests.Linq.Expressions.StringComparisonReplacementExpressionVisitorTests+&lt;&gt;c__DisplayClass8_0).matched, CurrentCultureIgnoreCase)



TestContext Messages:
expression: e =&gt; e.EndsWith(value(Eliassen.System.Tests.Linq.Expressions.StringComparisonReplacementExpressionVisitorTests+&lt;&gt;c__DisplayClass8_0).matched)
visited: e =&gt; e.EndsWith(value(Eliassen.System.Tests.Linq.Expressions.StringComparisonReplacementExpressionVisitorTests+&lt;&gt;c__DisplayClass8_0).matched, CurrentCultureIgnoreCase)</StdOut>
      </Output>
    </UnitTestResult>
    <UnitTestResult executionId="1c9bf820-09cc-4b3c-adb0-e8d58ec31147" testId="7fd160bc-3b5b-e6e2-40ae-1974536260f2" testName="TryParseTest (System.Nullable`1[System.Double],nope,False,)" computerName="DESKTOP-3FN5V33" duration="00:00:00.0000553" startTime="2024-01-30T13:50:09.1246101-05:00" endTime="2024-01-30T13:50:09.1272382-05:00" testType="13cdc9d9-ddb5-4fa4-a97d-d965ccfc6d4b" outcome="Passed" testListId="8c84fa94-04c1-424b-9868-57a2d4851a1d" relativeResultsDirectory="1c9bf820-09cc-4b3c-adb0-e8d58ec31147" xmlns="http://microsoft.com/schemas/VisualStudio/TeamTest/2010" />
    <UnitTestResult executionId="60272a68-dde0-4a29-bf28-4570515acc95" testId="a4cc6556-4b38-556d-d138-b0c8009279f3" testName="VisitTest_EndsWith (Hello,lO,True)" computerName="DESKTOP-3FN5V33" duration="00:00:00.0016187" startTime="2024-01-30T13:50:15.4593794-05:00" endTime="2024-01-30T13:50:15.4614500-05:00" testType="13cdc9d9-ddb5-4fa4-a97d-d965ccfc6d4b" outcome="Passed" testListId="8c84fa94-04c1-424b-9868-57a2d4851a1d" relativeResultsDirectory="60272a68-dde0-4a29-bf28-4570515acc95" xmlns="http://microsoft.com/schemas/VisualStudio/TeamTest/2010">
      <Output>
        <StdOut>Eliassen.System.Linq.ConsoleLogger`1[Eliassen.System.Linq.Expressions.StringComparisonReplacementExpressionVisitor]:Debug:&gt;
	Replace: e.EndsWith(value(Eliassen.System.Tests.Linq.Expressions.StringComparisonReplacementExpressionVisitorTests+&lt;&gt;c__DisplayClass8_0).matched) with e.EndsWith(value(Eliassen.System.Tests.Linq.Expressions.StringComparisonReplacementExpressionVisitorTests+&lt;&gt;c__DisplayClass8_0).matched, CurrentCultureIgnoreCase)



TestContext Messages:
expression: e =&gt; e.EndsWith(value(Eliassen.System.Tests.Linq.Expressions.StringComparisonReplacementExpressionVisitorTests+&lt;&gt;c__DisplayClass8_0).matched)
visited: e =&gt; e.EndsWith(value(Eliassen.System.Tests.Linq.Expressions.StringComparisonReplacementExpressionVisitorTests+&lt;&gt;c__DisplayClass8_0).matched, CurrentCultureIgnoreCase)</StdOut>
      </Output>
    </UnitTestResult>
    <UnitTestResult executionId="76bd8663-5982-4aea-8edf-9ae0aa284ce0" testId="7fd160bc-3b5b-e6e2-40ae-1974536260f2" testName="TryParseTest (System.Int32,nope,False,)" computerName="DESKTOP-3FN5V33" duration="00:00:00.0000703" startTime="2024-01-30T13:50:09.1246101-05:00" endTime="2024-01-30T13:50:09.1272382-05:00" testType="13cdc9d9-ddb5-4fa4-a97d-d965ccfc6d4b" outcome="Passed" testListId="8c84fa94-04c1-424b-9868-57a2d4851a1d" relativeResultsDirectory="76bd8663-5982-4aea-8edf-9ae0aa284ce0" xmlns="http://microsoft.com/schemas/VisualStudio/TeamTest/2010" />
    <UnitTestResult executionId="7b0340a4-7a66-4544-b02e-6cd92ffb3497" testId="9c016915-9649-a737-5d1d-30f1b46f0f52" testName="GetSearchablePropertyNames_TestTargetModel" computerName="DESKTOP-3FN5V33" duration="00:00:00.0004579" startTime="2024-01-30T13:50:15.3674397-05:00" endTime="2024-01-30T13:50:15.3682130-05:00" testType="13cdc9d9-ddb5-4fa4-a97d-d965ccfc6d4b" outcome="Passed" testListId="8c84fa94-04c1-424b-9868-57a2d4851a1d" relativeResultsDirectory="7b0340a4-7a66-4544-b02e-6cd92ffb3497" xmlns="http://microsoft.com/schemas/VisualStudio/TeamTest/2010" />
    <UnitTestResult executionId="2fd27eca-f3d7-4f69-9a84-739f61cfc58d" testId="cde968fd-b220-e483-e127-75958f75b2b3" testName="VisitTest_Equals (Hello,HELLO,True)" computerName="DESKTOP-3FN5V33" duration="00:00:00.0007073" startTime="2024-01-30T13:50:15.4280756-05:00" endTime="2024-01-30T13:50:15.4291363-05:00" testType="13cdc9d9-ddb5-4fa4-a97d-d965ccfc6d4b" outcome="Passed" testListId="8c84fa94-04c1-424b-9868-57a2d4851a1d" relativeResultsDirectory="2fd27eca-f3d7-4f69-9a84-739f61cfc58d" xmlns="http://microsoft.com/schemas/VisualStudio/TeamTest/2010">
      <Output>
        <StdOut>Eliassen.System.Linq.ConsoleLogger`1[Eliassen.System.Linq.Expressions.StringComparisonReplacementExpressionVisitor]:Debug:&gt;
	Replace: e.Equals(value(Eliassen.System.Tests.Linq.Expressions.StringComparisonReplacementExpressionVisitorTests+&lt;&gt;c__DisplayClass5_0).matched) with e.Equals(value(Eliassen.System.Tests.Linq.Expressions.StringComparisonReplacementExpressionVisitorTests+&lt;&gt;c__DisplayClass5_0).matched, CurrentCultureIgnoreCase)



TestContext Messages:
expression: e =&gt; e.Equals(value(Eliassen.System.Tests.Linq.Expressions.StringComparisonReplacementExpressionVisitorTests+&lt;&gt;c__DisplayClass5_0).matched)
visited: e =&gt; e.Equals(value(Eliassen.System.Tests.Linq.Expressions.StringComparisonReplacementExpressionVisitorTests+&lt;&gt;c__DisplayClass5_0).matched, CurrentCultureIgnoreCase)</StdOut>
      </Output>
    </UnitTestResult>
    <UnitTestResult executionId="60bdd595-9b23-427e-a7e4-0cc2d5542d4d" testId="0ce23f0f-8bc9-01fa-938b-d8a470ad42da" testName="DeserializeTest_Nullable ({&quot;Nullable&quot;:null,&quot;Value&quot;:{&quot;$date&quot;:&quot;2023-07-05T14:17:05.2315812-04:00&quot;}},)" computerName="DESKTOP-3FN5V33" duration="00:00:00.0103301" startTime="2024-01-30T13:50:08.5811078-05:00" endTime="2024-01-30T13:50:08.5918568-05:00" testType="13cdc9d9-ddb5-4fa4-a97d-d965ccfc6d4b" outcome="Passed" testListId="8c84fa94-04c1-424b-9868-57a2d4851a1d" relativeResultsDirectory="60bdd595-9b23-427e-a7e4-0cc2d5542d4d" xmlns="http://microsoft.com/schemas/VisualStudio/TeamTest/2010">
      <Output>
        <StdOut>TestContext Messages:
input-BsonDateConverterTests_DeserializeTest_Nullable(64)-638422194085816778.json: Attached
result-BsonDateConverterTests_DeserializeTest_Nullable(66)-638422194085871650.json: Attached</StdOut>
      </Output>
      <ResultFiles>
        <ResultFile path="DESKTOP-3FN5V33\input-BsonDateConverterTests_DeserializeTest_Nullable(64)-638422194085816778.json" />
        <ResultFile path="DESKTOP-3FN5V33\result-BsonDateConverterTests_DeserializeTest_Nullable(66)-638422194085871650.json" />
      </ResultFiles>
    </UnitTestResult>
    <UnitTestResult executionId="9cb37ca5-cc07-45e5-b60d-e47318cc3e59" testId="b6498f29-1231-5fcf-4954-1746daa0500d" testName="ExecuteByTest_Filter (Eliassen.System.Tests.Linq.TestTargets.TestTargetExtendedModel,May,EqualTo,!,10,-1,1,2,4,5,7,8,10,11,13)" computerName="DESKTOP-3FN5V33" duration="00:00:00.2812927" startTime="2024-01-30T13:50:09.2145139-05:00" endTime="2024-01-30T13:50:14.2976306-05:00" testType="13cdc9d9-ddb5-4fa4-a97d-d965ccfc6d4b" outcome="Passed" testListId="8c84fa94-04c1-424b-9868-57a2d4851a1d" relativeResultsDirectory="9cb37ca5-cc07-45e5-b60d-e47318cc3e59" xmlns="http://microsoft.com/schemas/VisualStudio/TeamTest/2010">
      <Output>
        <StdOut>Eliassen.System.Linq.ConsoleLogger`1[Eliassen.System.Linq.Search.QueryBuilder]:Information:&gt;
	Build query for CurrentPage: 0
PageSize: 0
ExcludePageCount: False
SearchTerm: (null)
	F:May: EqualTo: !

Eliassen.System.Linq.ConsoleLogger`1[Eliassen.System.Linq.Search.SortBuilder`1[Eliassen.System.Tests.Linq.TestTargets.TestTargetExtendedModel]]:Information:&gt;
	Applying default sort for Eliassen.System.Tests.Linq.TestTargets.TestTargetExtendedModel: (Index, Ascending)
Eliassen.System.Linq.ConsoleLogger`1[Eliassen.System.Linq.Search.QueryBuilder]:Information:&gt;
	Execute (paged): System.Linq.Enumerable+SelectRangeIterator`1[Eliassen.System.Tests.Linq.TestTargets.TestTargetExtendedModel].Where(n =&gt; (n.May != "")).OrderBy(n =&gt; Convert(n.Index, Object)).Skip(0).Take(10)



TestContext Messages:
SearchQuery-QueryableExtensionsTests_ExecuteByTestFilter(142)-638422194137436862.json: Attached
EnumerableQuery_1-QueryableExtensionsTests_ExecuteByTestFilter(144)-638422194137500439.json: Attached
PagedQueryResult_1-QueryableExtensionsTests_ExecuteByTestFilter(146)-638422194140129874.json: Attached
resultKeys: -1,1,2,4,5,7,8,10,11,13</StdOut>
      </Output>
      <ResultFiles>
        <ResultFile path="DESKTOP-3FN5V33\EnumerableQuery_1-QueryableExtensionsTests_ExecuteByTestFilter(144)-638422194137500439.json" />
        <ResultFile path="DESKTOP-3FN5V33\PagedQueryResult_1-QueryableExtensionsTests_ExecuteByTestFilter(146)-638422194140129874.json" />
        <ResultFile path="DESKTOP-3FN5V33\SearchQuery-QueryableExtensionsTests_ExecuteByTestFilter(142)-638422194137436862.json" />
      </ResultFiles>
    </UnitTestResult>
    <UnitTestResult executionId="7987cb6c-f033-4bb1-b80c-8263cb5b29a3" testId="b6498f29-1231-5fcf-4954-1746daa0500d" testName="ExecuteByTest_Filter (Eliassen.System.Tests.Linq.TestTargets.TestTargetExtendedModel,DateTimeNullable,LessThan,2020-03-01T01:01:01.4356493+02:00,2,0,1)" computerName="DESKTOP-3FN5V33" duration="00:00:00.2196373" startTime="2024-01-30T13:50:09.2145139-05:00" endTime="2024-01-30T13:50:14.2976306-05:00" testType="13cdc9d9-ddb5-4fa4-a97d-d965ccfc6d4b" outcome="Passed" testListId="8c84fa94-04c1-424b-9868-57a2d4851a1d" relativeResultsDirectory="7987cb6c-f033-4bb1-b80c-8263cb5b29a3" xmlns="http://microsoft.com/schemas/VisualStudio/TeamTest/2010">
      <Output>
        <StdOut>Eliassen.System.Linq.ConsoleLogger`1[Eliassen.System.Linq.Search.QueryBuilder]:Information:&gt;
	Build query for CurrentPage: 0
PageSize: 0
ExcludePageCount: False
SearchTerm: (null)
	F:DateTimeNullable: LessThan: 2020-03-01T01:01:01.4356493+02:00

Eliassen.System.Linq.ConsoleLogger`1[Eliassen.System.Linq.Search.SortBuilder`1[Eliassen.System.Tests.Linq.TestTargets.TestTargetExtendedModel]]:Information:&gt;
	Applying default sort for Eliassen.System.Tests.Linq.TestTargets.TestTargetExtendedModel: (Index, Ascending)
Eliassen.System.Linq.ConsoleLogger`1[Eliassen.System.Linq.Search.QueryBuilder]:Information:&gt;
	Execute (paged): System.Linq.Enumerable+SelectRangeIterator`1[Eliassen.System.Tests.Linq.TestTargets.TestTargetExtendedModel].Where(n =&gt; (n.DateTimeNullable &lt; Convert(2/29/2020 6:01:01 PM, Nullable`1))).OrderBy(n =&gt; Convert(n.Index, Object)).Skip(0).Take(10)



TestContext Messages:
SearchQuery-QueryableExtensionsTests_ExecuteByTestFilter(142)-638422194120016973.json: Attached
EnumerableQuery_1-QueryableExtensionsTests_ExecuteByTestFilter(144)-638422194120052132.json: Attached
PagedQueryResult_1-QueryableExtensionsTests_ExecuteByTestFilter(146)-638422194122110564.json: Attached
resultKeys: 0,1</StdOut>
        <StdErr>Eliassen.System.Linq.ConsoleLogger`1[Eliassen.System.Linq.Expressions.ExpressionTreeBuilder`1[Eliassen.System.Tests.Linq.TestTargets.TestTargetExtendedModel]]:Warning:&gt;
	2020-03-01T01:01:01.4356493+02:00 parsed to 02/29/2020 18:01:01 (System.DateTime)</StdErr>
      </Output>
      <ResultFiles>
        <ResultFile path="DESKTOP-3FN5V33\EnumerableQuery_1-QueryableExtensionsTests_ExecuteByTestFilter(144)-638422194120052132.json" />
        <ResultFile path="DESKTOP-3FN5V33\PagedQueryResult_1-QueryableExtensionsTests_ExecuteByTestFilter(146)-638422194122110564.json" />
        <ResultFile path="DESKTOP-3FN5V33\SearchQuery-QueryableExtensionsTests_ExecuteByTestFilter(142)-638422194120016973.json" />
      </ResultFiles>
    </UnitTestResult>
    <UnitTestResult executionId="8f5fc515-1e48-4da5-a39f-d1fd76a626cd" testId="b6498f29-1231-5fcf-4954-1746daa0500d" testName="ExecuteByTest_Filter (Eliassen.System.Tests.Linq.TestTargets.TestTargetExtendedModel,Date,LessThanOrEqualTo,3/1/2020,4,-1,0,1,2)" computerName="DESKTOP-3FN5V33" duration="00:00:00.3379992" startTime="2024-01-30T13:50:09.2145139-05:00" endTime="2024-01-30T13:50:14.2976306-05:00" testType="13cdc9d9-ddb5-4fa4-a97d-d965ccfc6d4b" outcome="Passed" testListId="8c84fa94-04c1-424b-9868-57a2d4851a1d" relativeResultsDirectory="8f5fc515-1e48-4da5-a39f-d1fd76a626cd" xmlns="http://microsoft.com/schemas/VisualStudio/TeamTest/2010">
      <Output>
        <StdOut>Eliassen.System.Linq.ConsoleLogger`1[Eliassen.System.Linq.Search.QueryBuilder]:Information:&gt;
	Build query for CurrentPage: 0
PageSize: 0
ExcludePageCount: False
SearchTerm: (null)
	F:Date: LessThanOrEqualTo: 3/1/2020

Eliassen.System.Linq.ConsoleLogger`1[Eliassen.System.Linq.Search.SortBuilder`1[Eliassen.System.Tests.Linq.TestTargets.TestTargetExtendedModel]]:Information:&gt;
	Applying default sort for Eliassen.System.Tests.Linq.TestTargets.TestTargetExtendedModel: (Index, Ascending)
Eliassen.System.Linq.ConsoleLogger`1[Eliassen.System.Linq.Search.QueryBuilder]:Information:&gt;
	Execute (paged): System.Linq.Enumerable+SelectRangeIterator`1[Eliassen.System.Tests.Linq.TestTargets.TestTargetExtendedModel].Where(n =&gt; (n.Date &lt;= 3/1/2020 12:00:00 AM)).OrderBy(n =&gt; Convert(n.Index, Object)).Skip(0).Take(10)



TestContext Messages:
SearchQuery-QueryableExtensionsTests_ExecuteByTestFilter(142)-638422194124219185.json: Attached
EnumerableQuery_1-QueryableExtensionsTests_ExecuteByTestFilter(144)-638422194124287540.json: Attached
PagedQueryResult_1-QueryableExtensionsTests_ExecuteByTestFilter(146)-638422194127422494.json: Attached
resultKeys: -1,0,1,2</StdOut>
        <StdErr>Eliassen.System.Linq.ConsoleLogger`1[Eliassen.System.Linq.Expressions.ExpressionTreeBuilder`1[Eliassen.System.Tests.Linq.TestTargets.TestTargetExtendedModel]]:Warning:&gt;
	3/1/2020 parsed to 03/01/2020 00:00:00 (System.DateTime)</StdErr>
      </Output>
      <ResultFiles>
        <ResultFile path="DESKTOP-3FN5V33\EnumerableQuery_1-QueryableExtensionsTests_ExecuteByTestFilter(144)-638422194124287540.json" />
        <ResultFile path="DESKTOP-3FN5V33\PagedQueryResult_1-QueryableExtensionsTests_ExecuteByTestFilter(146)-638422194127422494.json" />
        <ResultFile path="DESKTOP-3FN5V33\SearchQuery-QueryableExtensionsTests_ExecuteByTestFilter(142)-638422194124219185.json" />
      </ResultFiles>
    </UnitTestResult>
    <UnitTestResult executionId="1d96fed1-30b7-4988-8822-5b8f63bd56b9" testId="e350703c-47df-56f0-b995-a52c38b53eca" testName="MakeSafeTest (System.Nullable`1[System.Decimal],1,1)" computerName="DESKTOP-3FN5V33" duration="00:00:00.0002329" startTime="2024-01-30T13:50:08.9410492-05:00" endTime="2024-01-30T13:50:09.1049074-05:00" testType="13cdc9d9-ddb5-4fa4-a97d-d965ccfc6d4b" outcome="Passed" testListId="8c84fa94-04c1-424b-9868-57a2d4851a1d" relativeResultsDirectory="1d96fed1-30b7-4988-8822-5b8f63bd56b9" xmlns="http://microsoft.com/schemas/VisualStudio/TeamTest/2010" />
    <UnitTestResult executionId="bdf7df2e-7465-47da-a168-4859e8704293" testId="7fd160bc-3b5b-e6e2-40ae-1974536260f2" testName="TryParseTest (System.Double,1,True,1)" computerName="DESKTOP-3FN5V33" duration="00:00:00.0000116" startTime="2024-01-30T13:50:09.1246101-05:00" endTime="2024-01-30T13:50:09.1272382-05:00" testType="13cdc9d9-ddb5-4fa4-a97d-d965ccfc6d4b" outcome="Passed" testListId="8c84fa94-04c1-424b-9868-57a2d4851a1d" relativeResultsDirectory="bdf7df2e-7465-47da-a168-4859e8704293" xmlns="http://microsoft.com/schemas/VisualStudio/TeamTest/2010" />
    <UnitTestResult executionId="274f2c70-c5ff-4fb2-b1af-a748ba693a00" testId="b6498f29-1231-5fcf-4954-1746daa0500d" testName="ExecuteByTest_Filter (Eliassen.System.Tests.Linq.TestTargets.TestTargetExtendedModel,FC,EqualTo,ame1,2,-1,0)" computerName="DESKTOP-3FN5V33" duration="00:00:00.2027593" startTime="2024-01-30T13:50:09.2145139-05:00" endTime="2024-01-30T13:50:14.2976306-05:00" testType="13cdc9d9-ddb5-4fa4-a97d-d965ccfc6d4b" outcome="Passed" testListId="8c84fa94-04c1-424b-9868-57a2d4851a1d" relativeResultsDirectory="274f2c70-c5ff-4fb2-b1af-a748ba693a00" xmlns="http://microsoft.com/schemas/VisualStudio/TeamTest/2010">
      <Output>
        <StdOut>Eliassen.System.Linq.ConsoleLogger`1[Eliassen.System.Linq.Search.QueryBuilder]:Information:&gt;
	Build query for CurrentPage: 0
PageSize: 0
ExcludePageCount: False
SearchTerm: (null)
	F:FC: EqualTo: ame1

Eliassen.System.Linq.ConsoleLogger`1[Eliassen.System.Linq.Search.SortBuilder`1[Eliassen.System.Tests.Linq.TestTargets.TestTargetExtendedModel]]:Information:&gt;
	Applying default sort for Eliassen.System.Tests.Linq.TestTargets.TestTargetExtendedModel: (Index, Ascending)
Eliassen.System.Linq.ConsoleLogger`1[Eliassen.System.Linq.Search.QueryBuilder]:Information:&gt;
	Execute (paged): System.Linq.Enumerable+SelectRangeIterator`1[Eliassen.System.Tests.Linq.TestTargets.TestTargetExtendedModel].Where(e =&gt; e.FName.Contains(value(Eliassen.System.Tests.Linq.TestTargets.TestTargetExtendedModel+&lt;&gt;c__DisplayClass43_0).value.ToString())).OrderBy(n =&gt; Convert(n.Index, Object)).Skip(0).Take(10)



TestContext Messages:
SearchQuery-QueryableExtensionsTests_ExecuteByTestFilter(142)-638422194127602206.json: Attached
EnumerableQuery_1-QueryableExtensionsTests_ExecuteByTestFilter(144)-638422194127639033.json: Attached
PagedQueryResult_1-QueryableExtensionsTests_ExecuteByTestFilter(146)-638422194129528077.json: Attached
resultKeys: -1,0</StdOut>
      </Output>
      <ResultFiles>
        <ResultFile path="DESKTOP-3FN5V33\EnumerableQuery_1-QueryableExtensionsTests_ExecuteByTestFilter(144)-638422194127639033.json" />
        <ResultFile path="DESKTOP-3FN5V33\PagedQueryResult_1-QueryableExtensionsTests_ExecuteByTestFilter(146)-638422194129528077.json" />
        <ResultFile path="DESKTOP-3FN5V33\SearchQuery-QueryableExtensionsTests_ExecuteByTestFilter(142)-638422194127602206.json" />
      </ResultFiles>
    </UnitTestResult>
    <UnitTestResult executionId="cf970d5b-0273-4ad9-aae0-e586a3f38972" testId="8da0fbaf-acd6-9154-0805-f306ce39ad46" testName="SerializeTest_Value" computerName="DESKTOP-3FN5V33" duration="00:00:00.0064087" startTime="2024-01-30T13:50:08.5473278-05:00" endTime="2024-01-30T13:50:08.5541395-05:00" testType="13cdc9d9-ddb5-4fa4-a97d-d965ccfc6d4b" outcome="Passed" testListId="8c84fa94-04c1-424b-9868-57a2d4851a1d" relativeResultsDirectory="cf970d5b-0273-4ad9-aae0-e586a3f38972" xmlns="http://microsoft.com/schemas/VisualStudio/TeamTest/2010">
      <Output>
        <StdOut>TestContext Messages:
result-BsonDateConverterTests_SerializeTest_Value(47)-638422194085483591.json: Attached
2024-01-30T13:50:08.5481446-05:00</StdOut>
      </Output>
      <ResultFiles>
        <ResultFile path="DESKTOP-3FN5V33\result-BsonDateConverterTests_SerializeTest_Value(47)-638422194085483591.json" />
      </ResultFiles>
    </UnitTestResult>
    <UnitTestResult executionId="0eb003ba-b13c-489b-971e-d6390a2629aa" testId="b6498f29-1231-5fcf-4954-1746daa0500d" testName="ExecuteByTest_Filter (Eliassen.System.Tests.Linq.TestTargets.TestTargetModel,Name,EqualTo,*e2*,10,2,20,21,22,23,24,25,26,27,28)" computerName="DESKTOP-3FN5V33" duration="00:00:00.0772492" startTime="2024-01-30T13:50:09.2145139-05:00" endTime="2024-01-30T13:50:14.2976306-05:00" testType="13cdc9d9-ddb5-4fa4-a97d-d965ccfc6d4b" outcome="Passed" testListId="8c84fa94-04c1-424b-9868-57a2d4851a1d" relativeResultsDirectory="0eb003ba-b13c-489b-971e-d6390a2629aa" xmlns="http://microsoft.com/schemas/VisualStudio/TeamTest/2010">
      <Output>
        <StdOut>Eliassen.System.Linq.ConsoleLogger`1[Eliassen.System.Linq.Search.QueryBuilder]:Information:&gt;
	Build query for CurrentPage: 0
PageSize: 0
ExcludePageCount: False
SearchTerm: (null)
	F:Name: EqualTo: *e2*

Eliassen.System.Linq.ConsoleLogger`1[Eliassen.System.Linq.Search.QueryBuilder]:Information:&gt;
	Execute (paged): System.Linq.Enumerable+SelectRangeIterator`1[Eliassen.System.Tests.Linq.TestTargets.TestTargetModel].Where(n =&gt; n.Name.Contains("e2")).OrderBy(_ =&gt; 0).Skip(0).Take(10)



TestContext Messages:
SearchQuery-QueryableExtensionsTests_ExecuteByTestFilter(142)-638422194099637338.json: Attached
EnumerableQuery_1-QueryableExtensionsTests_ExecuteByTestFilter(144)-638422194099796867.json: Attached
PagedQueryResult_1-QueryableExtensionsTests_ExecuteByTestFilter(146)-638422194100288019.json: Attached
resultKeys: 2,20,21,22,23,24,25,26,27,28</StdOut>
        <StdErr>Eliassen.System.Linq.ConsoleLogger`1[Eliassen.System.Linq.Search.SortBuilder`1[Eliassen.System.Tests.Linq.TestTargets.TestTargetModel]]:Warning:&gt;
	Force sort by 0 applied for Eliassen.System.Tests.Linq.TestTargets.TestTargetModel</StdErr>
      </Output>
      <ResultFiles>
        <ResultFile path="DESKTOP-3FN5V33\EnumerableQuery_1-QueryableExtensionsTests_ExecuteByTestFilter(144)-638422194099796867.json" />
        <ResultFile path="DESKTOP-3FN5V33\PagedQueryResult_1-QueryableExtensionsTests_ExecuteByTestFilter(146)-638422194100288019.json" />
        <ResultFile path="DESKTOP-3FN5V33\SearchQuery-QueryableExtensionsTests_ExecuteByTestFilter(142)-638422194099637338.json" />
      </ResultFiles>
    </UnitTestResult>
    <UnitTestResult executionId="403d62ef-d646-4698-b6cc-c04b27563e43" testId="e350703c-47df-56f0-b995-a52c38b53eca" testName="MakeSafeTest (System.Nullable`1[System.AttributeTargets],Enum,Enum)" computerName="DESKTOP-3FN5V33" duration="00:00:00.0000040" startTime="2024-01-30T13:50:08.9410492-05:00" endTime="2024-01-30T13:50:09.1049074-05:00" testType="13cdc9d9-ddb5-4fa4-a97d-d965ccfc6d4b" outcome="Passed" testListId="8c84fa94-04c1-424b-9868-57a2d4851a1d" relativeResultsDirectory="403d62ef-d646-4698-b6cc-c04b27563e43" xmlns="http://microsoft.com/schemas/VisualStudio/TeamTest/2010" />
    <UnitTestResult executionId="6066b7e2-7ff2-458d-b7fe-8fd8919e5abb" testId="b5b73f46-926e-b166-c509-00a2b6834bdd" testName="GetFilterablePropertyNamesTest_TestTarget2Model" computerName="DESKTOP-3FN5V33" duration="00:00:00.0012713" startTime="2024-01-30T13:50:15.3621318-05:00" endTime="2024-01-30T13:50:15.3637538-05:00" testType="13cdc9d9-ddb5-4fa4-a97d-d965ccfc6d4b" outcome="Passed" testListId="8c84fa94-04c1-424b-9868-57a2d4851a1d" relativeResultsDirectory="6066b7e2-7ff2-458d-b7fe-8fd8919e5abb" xmlns="http://microsoft.com/schemas/VisualStudio/TeamTest/2010" />
    <UnitTestResult executionId="7f96ca09-f357-4a0e-b997-f3e15554c49f" testId="af3880ac-68f4-36b7-1968-58204ada5522" testName="ToEnumTest (Val2,Val1,Val1, Val2)" computerName="DESKTOP-3FN5V33" duration="00:00:00.0000129" startTime="2024-01-30T13:50:08.8914858-05:00" endTime="2024-01-30T13:50:08.8917486-05:00" testType="13cdc9d9-ddb5-4fa4-a97d-d965ccfc6d4b" outcome="Passed" testListId="8c84fa94-04c1-424b-9868-57a2d4851a1d" relativeResultsDirectory="7f96ca09-f357-4a0e-b997-f3e15554c49f" xmlns="http://microsoft.com/schemas/VisualStudio/TeamTest/2010" />
    <UnitTestResult executionId="ca2e4e80-1473-467c-b064-9480ac803d1f" testId="b6498f29-1231-5fcf-4954-1746daa0500d" testName="ExecuteByTest_Filter (Eliassen.System.Tests.Linq.TestTargets.TestTargetModel,Name,NotEqualTo,Name1*,10,0,2,3,4,5,6,7,8,9,20)" computerName="DESKTOP-3FN5V33" duration="00:00:00.0314464" startTime="2024-01-30T13:50:09.2145139-05:00" endTime="2024-01-30T13:50:14.2976306-05:00" testType="13cdc9d9-ddb5-4fa4-a97d-d965ccfc6d4b" outcome="Passed" testListId="8c84fa94-04c1-424b-9868-57a2d4851a1d" relativeResultsDirectory="ca2e4e80-1473-467c-b064-9480ac803d1f" xmlns="http://microsoft.com/schemas/VisualStudio/TeamTest/2010">
      <Output>
        <StdOut>Eliassen.System.Linq.ConsoleLogger`1[Eliassen.System.Linq.Search.QueryBuilder]:Information:&gt;
	Build query for CurrentPage: 0
PageSize: 0
ExcludePageCount: False
SearchTerm: (null)
	F:Name: NotEqualTo: Name1*

Eliassen.System.Linq.ConsoleLogger`1[Eliassen.System.Linq.Search.QueryBuilder]:Information:&gt;
	Execute (paged): System.Linq.Enumerable+SelectRangeIterator`1[Eliassen.System.Tests.Linq.TestTargets.TestTargetModel].Where(n =&gt; Not(n.Name.StartsWith("Name1"))).OrderBy(_ =&gt; 0).Skip(0).Take(10)



TestContext Messages:
SearchQuery-QueryableExtensionsTests_ExecuteByTestFilter(142)-638422194101441690.json: Attached
EnumerableQuery_1-QueryableExtensionsTests_ExecuteByTestFilter(144)-638422194101485554.json: Attached
PagedQueryResult_1-QueryableExtensionsTests_ExecuteByTestFilter(146)-638422194101651263.json: Attached
resultKeys: 0,2,3,4,5,6,7,8,9,20</StdOut>
        <StdErr>Eliassen.System.Linq.ConsoleLogger`1[Eliassen.System.Linq.Search.SortBuilder`1[Eliassen.System.Tests.Linq.TestTargets.TestTargetModel]]:Warning:&gt;
	Force sort by 0 applied for Eliassen.System.Tests.Linq.TestTargets.TestTargetModel</StdErr>
      </Output>
      <ResultFiles>
        <ResultFile path="DESKTOP-3FN5V33\EnumerableQuery_1-QueryableExtensionsTests_ExecuteByTestFilter(144)-638422194101485554.json" />
        <ResultFile path="DESKTOP-3FN5V33\PagedQueryResult_1-QueryableExtensionsTests_ExecuteByTestFilter(146)-638422194101651263.json" />
        <ResultFile path="DESKTOP-3FN5V33\SearchQuery-QueryableExtensionsTests_ExecuteByTestFilter(142)-638422194101441690.json" />
      </ResultFiles>
    </UnitTestResult>
    <UnitTestResult executionId="5c476d2a-7d79-4b19-a18c-e1b4343b2260" testId="3dc461cc-f900-b7f4-a669-e9cf3ad5e21f" testName="GetResourceFromXmlAsyncTest" computerName="DESKTOP-3FN5V33" duration="00:00:00.0373191" startTime="2024-01-30T13:50:09.1593099-05:00" endTime="2024-01-30T13:50:09.1968463-05:00" testType="13cdc9d9-ddb5-4fa4-a97d-d965ccfc6d4b" outcome="Passed" testListId="8c84fa94-04c1-424b-9868-57a2d4851a1d" relativeResultsDirectory="5c476d2a-7d79-4b19-a18c-e1b4343b2260" xmlns="http://microsoft.com/schemas/VisualStudio/TeamTest/2010" />
    <UnitTestResult executionId="a168eaf0-4d7a-456c-b1b2-eb04d0c538bb" testId="e350703c-47df-56f0-b995-a52c38b53eca" testName="MakeSafeTest (System.Nullable`1[System.Double],nope,)" computerName="DESKTOP-3FN5V33" duration="00:00:00.0001541" startTime="2024-01-30T13:50:08.9410492-05:00" endTime="2024-01-30T13:50:09.1049074-05:00" testType="13cdc9d9-ddb5-4fa4-a97d-d965ccfc6d4b" outcome="Passed" testListId="8c84fa94-04c1-424b-9868-57a2d4851a1d" relativeResultsDirectory="a168eaf0-4d7a-456c-b1b2-eb04d0c538bb" xmlns="http://microsoft.com/schemas/VisualStudio/TeamTest/2010" />
    <UnitTestResult executionId="547b533f-5c72-4713-9a33-9ac2969b5383" testId="b3e2a372-55ce-d9ad-4987-01272bc32a33" testName="SerializeTest_IConfigurationSection" computerName="DESKTOP-3FN5V33" duration="00:00:00.0253883" startTime="2024-01-30T13:50:08.7572211-05:00" endTime="2024-01-30T13:50:08.7828754-05:00" testType="13cdc9d9-ddb5-4fa4-a97d-d965ccfc6d4b" outcome="Passed" testListId="8c84fa94-04c1-424b-9868-57a2d4851a1d" relativeResultsDirectory="547b533f-5c72-4713-9a33-9ac2969b5383" xmlns="http://microsoft.com/schemas/VisualStudio/TeamTest/2010">
      <Output>
        <StdOut>TestContext Messages:
String-DefaultJsonSerializerTests_SerializeTest_IConfigurationSection(72)-638422194087746855.txt: Attached
Configuration-DefaultJsonSerializerTests_SerializeTest_IConfigurationSection(73)-638422194087789414.txt: Attached</StdOut>
      </Output>
      <ResultFiles>
        <ResultFile path="DESKTOP-3FN5V33\Configuration-DefaultJsonSerializerTests_SerializeTest_IConfigurationSection(73)-638422194087789414.txt" />
        <ResultFile path="DESKTOP-3FN5V33\String-DefaultJsonSerializerTests_SerializeTest_IConfigurationSection(72)-638422194087746855.txt" />
      </ResultFiles>
    </UnitTestResult>
    <UnitTestResult executionId="f272ae61-a75f-4612-9cf5-e140bfd277cf" testId="53c31e49-be7f-689b-3cd7-03a9033ae78d" testName="GetSortablePropertyNamesTest_TestTarget3Model" computerName="DESKTOP-3FN5V33" duration="00:00:00.0003823" startTime="2024-01-30T13:50:15.3834176-05:00" endTime="2024-01-30T13:50:15.3840399-05:00" testType="13cdc9d9-ddb5-4fa4-a97d-d965ccfc6d4b" outcome="Passed" testListId="8c84fa94-04c1-424b-9868-57a2d4851a1d" relativeResultsDirectory="f272ae61-a75f-4612-9cf5-e140bfd277cf" xmlns="http://microsoft.com/schemas/VisualStudio/TeamTest/2010" />
    <UnitTestResult executionId="7b4a3668-9b31-4333-814b-dace85e2b147" testId="87efccdd-521d-8651-4344-aecbb535b39d" testName="ToEnumTest (name,name2|test name,WithEnumValue, WithMemberName, WithDisplay)" computerName="DESKTOP-3FN5V33" duration="00:00:00.0001558" startTime="2024-01-30T13:50:08.9398631-05:00" endTime="2024-01-30T13:50:08.9402591-05:00" testType="13cdc9d9-ddb5-4fa4-a97d-d965ccfc6d4b" outcome="Passed" testListId="8c84fa94-04c1-424b-9868-57a2d4851a1d" relativeResultsDirectory="7b4a3668-9b31-4333-814b-dace85e2b147" xmlns="http://microsoft.com/schemas/VisualStudio/TeamTest/2010" />
    <UnitTestResult executionId="33e3c99f-ce66-428e-a5ee-f4029c8f7f90" testId="edb23b8d-5f7e-d2bb-ce76-f187b30ebb61" testName="ToEnumTest (Val2, Val1,Val1, Val2)" computerName="DESKTOP-3FN5V33" duration="00:00:00.0000148" startTime="2024-01-30T13:50:08.8903080-05:00" endTime="2024-01-30T13:50:08.8905163-05:00" testType="13cdc9d9-ddb5-4fa4-a97d-d965ccfc6d4b" outcome="Passed" testListId="8c84fa94-04c1-424b-9868-57a2d4851a1d" relativeResultsDirectory="33e3c99f-ce66-428e-a5ee-f4029c8f7f90" xmlns="http://microsoft.com/schemas/VisualStudio/TeamTest/2010" />
    <UnitTestResult executionId="1579a701-d3b7-4873-97bb-9c7291000afd" testId="39cb097d-2ac2-473c-1a2c-0b1503361457" testName="ExecuteByTest_Page (0,1,1000,1000,0,1,0)" computerName="DESKTOP-3FN5V33" duration="00:00:00.0286471" startTime="2024-01-30T13:50:15.2007260-05:00" endTime="2024-01-30T13:50:15.2299357-05:00" testType="13cdc9d9-ddb5-4fa4-a97d-d965ccfc6d4b" outcome="Passed" testListId="8c84fa94-04c1-424b-9868-57a2d4851a1d" relativeResultsDirectory="1579a701-d3b7-4873-97bb-9c7291000afd" xmlns="http://microsoft.com/schemas/VisualStudio/TeamTest/2010">
      <Output>
        <StdOut>Eliassen.System.Linq.ConsoleLogger`1[Eliassen.System.Linq.Search.QueryBuilder]:Information:&gt;
	Build query for CurrentPage: 0
PageSize: 1
ExcludePageCount: False
SearchTerm: (null)

Eliassen.System.Linq.ConsoleLogger`1[Eliassen.System.Linq.Search.QueryBuilder]:Information:&gt;
	Execute (paged): System.Linq.Enumerable+SelectRangeIterator`1[Eliassen.System.Tests.Linq.TestTargets.TestTargetModel].OrderBy(_ =&gt; 0).Skip(0).Take(1)



TestContext Messages:
SearchQuery-QueryableExtensionsTests_ExecuteByTest_Page(296)-638422194152017458.json: Attached
EnumerableQuery_1-QueryableExtensionsTests_ExecuteByTest_Page(298)-638422194152073307.json: Attached
PagedQueryResult_1-QueryableExtensionsTests_ExecuteByTest_Page(300)-638422194152249183.json: Attached
resultKeys: 0</StdOut>
        <StdErr>Eliassen.System.Linq.ConsoleLogger`1[Eliassen.System.Linq.Search.QueryBuilder]:Warning:&gt;
	No filtering detected: System.Linq.Enumerable+SelectRangeIterator`1[Eliassen.System.Tests.Linq.TestTargets.TestTargetModel]: CurrentPage: 0
PageSize: 1
ExcludePageCount: False
SearchTerm: (null)

Eliassen.System.Linq.ConsoleLogger`1[Eliassen.System.Linq.Search.SortBuilder`1[Eliassen.System.Tests.Linq.TestTargets.TestTargetModel]]:Warning:&gt;
	Force sort by 0 applied for Eliassen.System.Tests.Linq.TestTargets.TestTargetModel</StdErr>
      </Output>
      <ResultFiles>
        <ResultFile path="DESKTOP-3FN5V33\EnumerableQuery_1-QueryableExtensionsTests_ExecuteByTest_Page(298)-638422194152073307.json" />
        <ResultFile path="DESKTOP-3FN5V33\PagedQueryResult_1-QueryableExtensionsTests_ExecuteByTest_Page(300)-638422194152249183.json" />
        <ResultFile path="DESKTOP-3FN5V33\SearchQuery-QueryableExtensionsTests_ExecuteByTest_Page(296)-638422194152017458.json" />
      </ResultFiles>
    </UnitTestResult>
    <UnitTestResult executionId="0c1337f3-e1b1-4580-91be-cbbe35ac86fc" testId="8ef63a3f-2208-ac88-5a22-493d4beeaeda" testName="GetResourceFromXmlTest" computerName="DESKTOP-3FN5V33" duration="00:00:00.0051930" startTime="2024-01-30T13:50:09.2067112-05:00" endTime="2024-01-30T13:50:09.2122412-05:00" testType="13cdc9d9-ddb5-4fa4-a97d-d965ccfc6d4b" outcome="Passed" testListId="8c84fa94-04c1-424b-9868-57a2d4851a1d" relativeResultsDirectory="0c1337f3-e1b1-4580-91be-cbbe35ac86fc" xmlns="http://microsoft.com/schemas/VisualStudio/TeamTest/2010" />
    <UnitTestResult executionId="a408b029-e46c-49f0-8c76-9c9d751ab330" testId="079289e4-29ee-2b27-89d5-bd661b7267f1" testName="DeserializeTest ({&quot;_id&quot;:&quot;Hello World&quot;},Hello World)" computerName="DESKTOP-3FN5V33" duration="00:00:00.0060266" startTime="2024-01-30T13:50:08.6283152-05:00" endTime="2024-01-30T13:50:08.6347030-05:00" testType="13cdc9d9-ddb5-4fa4-a97d-d965ccfc6d4b" outcome="Passed" testListId="8c84fa94-04c1-424b-9868-57a2d4851a1d" relativeResultsDirectory="a408b029-e46c-49f0-8c76-9c9d751ab330" xmlns="http://microsoft.com/schemas/VisualStudio/TeamTest/2010">
      <Output>
        <StdOut>TestContext Messages:
input-BsonIdConverterTests_DeserializeTest(39)-638422194086291305.json: Attached
result-BsonIdConverterTests_DeserializeTest(41)-638422194086318504.json: Attached</StdOut>
      </Output>
      <ResultFiles>
        <ResultFile path="DESKTOP-3FN5V33\input-BsonIdConverterTests_DeserializeTest(39)-638422194086291305.json" />
        <ResultFile path="DESKTOP-3FN5V33\result-BsonIdConverterTests_DeserializeTest(41)-638422194086318504.json" />
      </ResultFiles>
    </UnitTestResult>
    <UnitTestResult executionId="6fba4641-c0e8-46d1-8e2c-60bb1aaae409" testId="b6498f29-1231-5fcf-4954-1746daa0500d" testName="ExecuteByTest_Filter (Eliassen.System.Tests.Linq.TestTargets.TestTargetExtendedModel,Date,LessThan,2020-03-01T01:01:01,4,-1,0,1,2)" computerName="DESKTOP-3FN5V33" duration="00:00:00.1934524" startTime="2024-01-30T13:50:09.2145139-05:00" endTime="2024-01-30T13:50:14.2976306-05:00" testType="13cdc9d9-ddb5-4fa4-a97d-d965ccfc6d4b" outcome="Passed" testListId="8c84fa94-04c1-424b-9868-57a2d4851a1d" relativeResultsDirectory="6fba4641-c0e8-46d1-8e2c-60bb1aaae409" xmlns="http://microsoft.com/schemas/VisualStudio/TeamTest/2010">
      <Output>
        <StdOut>Eliassen.System.Linq.ConsoleLogger`1[Eliassen.System.Linq.Search.QueryBuilder]:Information:&gt;
	Build query for CurrentPage: 0
PageSize: 0
ExcludePageCount: False
SearchTerm: (null)
	F:Date: LessThan: 2020-03-01T01:01:01

Eliassen.System.Linq.ConsoleLogger`1[Eliassen.System.Linq.Search.SortBuilder`1[Eliassen.System.Tests.Linq.TestTargets.TestTargetExtendedModel]]:Information:&gt;
	Applying default sort for Eliassen.System.Tests.Linq.TestTargets.TestTargetExtendedModel: (Index, Ascending)
Eliassen.System.Linq.ConsoleLogger`1[Eliassen.System.Linq.Search.QueryBuilder]:Information:&gt;
	Execute (paged): System.Linq.Enumerable+SelectRangeIterator`1[Eliassen.System.Tests.Linq.TestTargets.TestTargetExtendedModel].Where(n =&gt; (n.Date &lt; 3/1/2020 1:01:01 AM)).OrderBy(n =&gt; Convert(n.Index, Object)).Skip(0).Take(10)



TestContext Messages:
SearchQuery-QueryableExtensionsTests_ExecuteByTestFilter(142)-638422194115921340.json: Attached
EnumerableQuery_1-QueryableExtensionsTests_ExecuteByTestFilter(144)-638422194115956549.json: Attached
PagedQueryResult_1-QueryableExtensionsTests_ExecuteByTestFilter(146)-638422194117746671.json: Attached
resultKeys: -1,0,1,2</StdOut>
        <StdErr>Eliassen.System.Linq.ConsoleLogger`1[Eliassen.System.Linq.Expressions.ExpressionTreeBuilder`1[Eliassen.System.Tests.Linq.TestTargets.TestTargetExtendedModel]]:Warning:&gt;
	2020-03-01T01:01:01 parsed to 03/01/2020 01:01:01 (System.DateTime)</StdErr>
      </Output>
      <ResultFiles>
        <ResultFile path="DESKTOP-3FN5V33\EnumerableQuery_1-QueryableExtensionsTests_ExecuteByTestFilter(144)-638422194115956549.json" />
        <ResultFile path="DESKTOP-3FN5V33\PagedQueryResult_1-QueryableExtensionsTests_ExecuteByTestFilter(146)-638422194117746671.json" />
        <ResultFile path="DESKTOP-3FN5V33\SearchQuery-QueryableExtensionsTests_ExecuteByTestFilter(142)-638422194115921340.json" />
      </ResultFiles>
    </UnitTestResult>
    <UnitTestResult executionId="a4e8990c-9017-41f6-a034-87c09ac98467" testId="e350703c-47df-56f0-b995-a52c38b53eca" testName="MakeSafeTest (System.DateTime,3/16/2022 12:00:00 AM,3/16/2022 12:00:00 AM)" computerName="DESKTOP-3FN5V33" duration="00:00:00.0001461" startTime="2024-01-30T13:50:08.9410492-05:00" endTime="2024-01-30T13:50:09.1049074-05:00" testType="13cdc9d9-ddb5-4fa4-a97d-d965ccfc6d4b" outcome="Passed" testListId="8c84fa94-04c1-424b-9868-57a2d4851a1d" relativeResultsDirectory="a4e8990c-9017-41f6-a034-87c09ac98467" xmlns="http://microsoft.com/schemas/VisualStudio/TeamTest/2010" />
    <UnitTestResult executionId="2f267216-7b85-4537-8327-5a6f76815629" testId="7cdd2ae3-f105-0db6-4f1d-4db0ed6728a3" testName="DefaultPageSizeTest" computerName="DESKTOP-3FN5V33" duration="00:00:00.0005168" startTime="2024-01-30T13:50:09.2130324-05:00" endTime="2024-01-30T13:50:09.2138716-05:00" testType="13cdc9d9-ddb5-4fa4-a97d-d965ccfc6d4b" outcome="Passed" testListId="8c84fa94-04c1-424b-9868-57a2d4851a1d" relativeResultsDirectory="2f267216-7b85-4537-8327-5a6f76815629" xmlns="http://microsoft.com/schemas/VisualStudio/TeamTest/2010" />
    <UnitTestResult executionId="12724422-edb7-406f-9f49-1a3d0c8d0ba6" testId="e350703c-47df-56f0-b995-a52c38b53eca" testName="MakeSafeTest (System.Nullable`1[System.Decimal],nope,)" computerName="DESKTOP-3FN5V33" duration="00:00:00.0001024" startTime="2024-01-30T13:50:08.9410492-05:00" endTime="2024-01-30T13:50:09.1049074-05:00" testType="13cdc9d9-ddb5-4fa4-a97d-d965ccfc6d4b" outcome="Passed" testListId="8c84fa94-04c1-424b-9868-57a2d4851a1d" relativeResultsDirectory="12724422-edb7-406f-9f49-1a3d0c8d0ba6" xmlns="http://microsoft.com/schemas/VisualStudio/TeamTest/2010" />
    <UnitTestResult executionId="c02076eb-a967-46d8-aa99-2aa13794e4c6" testId="b6498f29-1231-5fcf-4954-1746daa0500d" testName="ExecuteByTest_Filter (Eliassen.System.Tests.Linq.TestTargets.TestTargetModel,Index,LessThanOrEqualTo,5,6,0,1,2,3,4,5)" computerName="DESKTOP-3FN5V33" duration="00:00:00.0287744" startTime="2024-01-30T13:50:09.2145139-05:00" endTime="2024-01-30T13:50:14.2976306-05:00" testType="13cdc9d9-ddb5-4fa4-a97d-d965ccfc6d4b" outcome="Passed" testListId="8c84fa94-04c1-424b-9868-57a2d4851a1d" relativeResultsDirectory="c02076eb-a967-46d8-aa99-2aa13794e4c6" xmlns="http://microsoft.com/schemas/VisualStudio/TeamTest/2010">
      <Output>
        <StdOut>Eliassen.System.Linq.ConsoleLogger`1[Eliassen.System.Linq.Search.QueryBuilder]:Information:&gt;
	Build query for CurrentPage: 0
PageSize: 0
ExcludePageCount: False
SearchTerm: (null)
	F:Index: LessThanOrEqualTo: 5

Eliassen.System.Linq.ConsoleLogger`1[Eliassen.System.Linq.Search.QueryBuilder]:Information:&gt;
	Execute (paged): System.Linq.Enumerable+SelectRangeIterator`1[Eliassen.System.Tests.Linq.TestTargets.TestTargetModel].Where(n =&gt; (n.Index &lt;= 5)).OrderBy(_ =&gt; 0).Skip(0).Take(10)



TestContext Messages:
SearchQuery-QueryableExtensionsTests_ExecuteByTestFilter(142)-638422194096741790.json: Attached
EnumerableQuery_1-QueryableExtensionsTests_ExecuteByTestFilter(144)-638422194096775771.json: Attached
PagedQueryResult_1-QueryableExtensionsTests_ExecuteByTestFilter(146)-638422194096919548.json: Attached
resultKeys: 0,1,2,3,4,5</StdOut>
        <StdErr>Eliassen.System.Linq.ConsoleLogger`1[Eliassen.System.Linq.Expressions.ExpressionTreeBuilder`1[Eliassen.System.Tests.Linq.TestTargets.TestTargetModel]]:Warning:&gt;
	5 parsed to 5 (System.Int32)
Eliassen.System.Linq.ConsoleLogger`1[Eliassen.System.Linq.Search.SortBuilder`1[Eliassen.System.Tests.Linq.TestTargets.TestTargetModel]]:Warning:&gt;
	Force sort by 0 applied for Eliassen.System.Tests.Linq.TestTargets.TestTargetModel</StdErr>
      </Output>
      <ResultFiles>
        <ResultFile path="DESKTOP-3FN5V33\EnumerableQuery_1-QueryableExtensionsTests_ExecuteByTestFilter(144)-638422194096775771.json" />
        <ResultFile path="DESKTOP-3FN5V33\PagedQueryResult_1-QueryableExtensionsTests_ExecuteByTestFilter(146)-638422194096919548.json" />
        <ResultFile path="DESKTOP-3FN5V33\SearchQuery-QueryableExtensionsTests_ExecuteByTestFilter(142)-638422194096741790.json" />
      </ResultFiles>
    </UnitTestResult>
    <UnitTestResult executionId="677b28b1-08af-4e47-a4a2-3dbbf0216084" testId="a5c8e016-d4ea-30ed-fbf3-890ea331078c" testName="ToEnumTest (4,WithEnumValue)" computerName="DESKTOP-3FN5V33" duration="00:00:00.0000147" startTime="2024-01-30T13:50:08.9146270-05:00" endTime="2024-01-30T13:50:08.9148520-05:00" testType="13cdc9d9-ddb5-4fa4-a97d-d965ccfc6d4b" outcome="Passed" testListId="8c84fa94-04c1-424b-9868-57a2d4851a1d" relativeResultsDirectory="677b28b1-08af-4e47-a4a2-3dbbf0216084" xmlns="http://microsoft.com/schemas/VisualStudio/TeamTest/2010" />
    <UnitTestResult executionId="d1b9fc17-ce1e-4115-bcdc-6ba320141133" testId="c3599795-8bf1-da30-66da-ee7de44c4074" testName="VisitTest_EndsWith (Hello,lo,True)" computerName="DESKTOP-3FN5V33" duration="00:00:00.0007955" startTime="2024-01-30T13:50:15.4694400-05:00" endTime="2024-01-30T13:50:15.4722462-05:00" testType="13cdc9d9-ddb5-4fa4-a97d-d965ccfc6d4b" outcome="Passed" testListId="8c84fa94-04c1-424b-9868-57a2d4851a1d" relativeResultsDirectory="d1b9fc17-ce1e-4115-bcdc-6ba320141133" xmlns="http://microsoft.com/schemas/VisualStudio/TeamTest/2010">
      <Output>
        <StdOut>Eliassen.System.Linq.ConsoleLogger`1[Eliassen.System.Linq.Expressions.StringComparisonReplacementExpressionVisitor]:Debug:&gt;
	Replace: e.EndsWith(value(Eliassen.System.Tests.Linq.Expressions.StringComparisonReplacementExpressionVisitorTests+&lt;&gt;c__DisplayClass8_0).matched) with e.EndsWith(value(Eliassen.System.Tests.Linq.Expressions.StringComparisonReplacementExpressionVisitorTests+&lt;&gt;c__DisplayClass8_0).matched, CurrentCultureIgnoreCase)



TestContext Messages:
expression: e =&gt; e.EndsWith(value(Eliassen.System.Tests.Linq.Expressions.StringComparisonReplacementExpressionVisitorTests+&lt;&gt;c__DisplayClass8_0).matched)
visited: e =&gt; e.EndsWith(value(Eliassen.System.Tests.Linq.Expressions.StringComparisonReplacementExpressionVisitorTests+&lt;&gt;c__DisplayClass8_0).matched, CurrentCultureIgnoreCase)</StdOut>
      </Output>
    </UnitTestResult>
    <UnitTestResult executionId="39275680-457b-4e53-8cab-a1cf6c1a1557" testId="83cb0395-740b-4b48-1b9a-9d0379b2c4b0" testName="SerializeTest" computerName="DESKTOP-3FN5V33" duration="00:00:00.0065842" startTime="2024-01-30T13:50:08.6092449-05:00" endTime="2024-01-30T13:50:08.6162411-05:00" testType="13cdc9d9-ddb5-4fa4-a97d-d965ccfc6d4b" outcome="Passed" testListId="8c84fa94-04c1-424b-9868-57a2d4851a1d" relativeResultsDirectory="39275680-457b-4e53-8cab-a1cf6c1a1557" xmlns="http://microsoft.com/schemas/VisualStudio/TeamTest/2010">
      <Output>
        <StdOut>TestContext Messages:
result-BsonIdConverterTests_SerializeTest(24)-638422194086122977.json: Attached
Hello World</StdOut>
      </Output>
      <ResultFiles>
        <ResultFile path="DESKTOP-3FN5V33\result-BsonIdConverterTests_SerializeTest(24)-638422194086122977.json" />
      </ResultFiles>
    </UnitTestResult>
    <UnitTestResult executionId="a87d09a6-544f-446d-b5fd-bd52f9d19508" testId="f5306a38-7e9d-ad71-73c6-1c694342dc21" testName="ExecuteByTest_SearchTerm (Eliassen.System.Tests.Linq.TestTargets.TestTargetExtendedModel,FName0999 LName0001,1,1,1,1)" computerName="DESKTOP-3FN5V33" duration="00:00:00.3061962" startTime="2024-01-30T13:50:14.8623219-05:00" endTime="2024-01-30T13:50:15.1689857-05:00" testType="13cdc9d9-ddb5-4fa4-a97d-d965ccfc6d4b" outcome="Passed" testListId="8c84fa94-04c1-424b-9868-57a2d4851a1d" relativeResultsDirectory="a87d09a6-544f-446d-b5fd-bd52f9d19508" xmlns="http://microsoft.com/schemas/VisualStudio/TeamTest/2010">
      <Output>
        <StdOut>Eliassen.System.Linq.ConsoleLogger`1[Eliassen.System.Linq.Search.QueryBuilder]:Information:&gt;
	Build query for SearchQuery { CurrentPage = 0, PageSize = 0, ExcludePageCount = False, SearchTerm = FName0999 LName0001, Filter = System.Collections.Generic.Dictionary`2[System.String,Eliassen.System.Linq.Search.FilterParameter], OrderBy = System.Collections.Generic.Dictionary`2[System.String,Eliassen.System.Linq.Search.OrderDirections] }
Eliassen.System.Linq.ConsoleLogger`1[Eliassen.System.Linq.Search.SortBuilder`1[Eliassen.System.Tests.Linq.TestTargets.TestTargetExtendedModel]]:Information:&gt;
	Applying default sort for Eliassen.System.Tests.Linq.TestTargets.TestTargetExtendedModel: (Index, Ascending)
Eliassen.System.Linq.ConsoleLogger`1[Eliassen.System.Linq.Search.QueryBuilder]:Debug:&gt;
	Visited by: Eliassen.System.Linq.Expressions.SkipInstanceMethodOnNullExpressionVisitor
Eliassen.System.Linq.ConsoleLogger`1[Eliassen.System.Linq.Search.QueryBuilder]:Information:&gt;
	Execute (paged): System.Linq.Enumerable+SelectRangeIterator`1[Eliassen.System.Tests.Linq.TestTargets.TestTargetExtendedModel].Where(n =&gt; ((((((((((n.FName + " ") + n.LName) != null) AndAlso ((n.FName + " ") + n.LName).Equals("FName0999 LName0001")) OrElse ((((n.LName + " ") + n.FName) != null) AndAlso ((n.LName + " ") + n.FName).Equals("FName0999 LName0001"))) OrElse ((n.FName != null) AndAlso n.FName.Equals("FName0999 LName0001"))) OrElse ((n.LName != null) AndAlso n.LName.Equals("FName0999 LName0001"))) OrElse ((n.Email != null) AndAlso n.Email.Equals("FName0999 LName0001"))) OrElse ((n.May != null) AndAlso n.May.Equals("FName0999 LName0001"))) OrElse n.Modules.Any(child =&gt; ((child != null) AndAlso child.Equals("FName0999 LName0001"))))).OrderBy(n =&gt; Convert(n.Index, Object)).Skip(0).Take(10)



TestContext Messages:
SearchQuery_1-QueryableExtensionsTests_ExecuteByTestSearchTerm(266)-638422194148655318.json: Attached
EnumerableQuery_1-QueryableExtensionsTests_ExecuteByTestSearchTerm(268)-638422194148707953.json: Attached
PagedQueryResult_1-QueryableExtensionsTests_ExecuteByTestSearchTerm(270)-638422194151611249.json: Attached
resultKeys: 1</StdOut>
      </Output>
      <ResultFiles>
        <ResultFile path="DESKTOP-3FN5V33\EnumerableQuery_1-QueryableExtensionsTests_ExecuteByTestSearchTerm(268)-638422194148707953.json" />
        <ResultFile path="DESKTOP-3FN5V33\PagedQueryResult_1-QueryableExtensionsTests_ExecuteByTestSearchTerm(270)-638422194151611249.json" />
        <ResultFile path="DESKTOP-3FN5V33\SearchQuery_1-QueryableExtensionsTests_ExecuteByTestSearchTerm(266)-638422194148655318.json" />
      </ResultFiles>
    </UnitTestResult>
    <UnitTestResult executionId="351fa0d8-a16d-427c-bd70-7540c01ba862" testId="e350703c-47df-56f0-b995-a52c38b53eca" testName="MakeSafeTest (System.Nullable`1[System.Int32],1,1)" computerName="DESKTOP-3FN5V33" duration="00:00:00.0002195" startTime="2024-01-30T13:50:08.9410492-05:00" endTime="2024-01-30T13:50:09.1049074-05:00" testType="13cdc9d9-ddb5-4fa4-a97d-d965ccfc6d4b" outcome="Passed" testListId="8c84fa94-04c1-424b-9868-57a2d4851a1d" relativeResultsDirectory="351fa0d8-a16d-427c-bd70-7540c01ba862" xmlns="http://microsoft.com/schemas/VisualStudio/TeamTest/2010" />
    <UnitTestResult executionId="be228826-7168-4108-bf1d-818d5a735dfc" testId="b6498f29-1231-5fcf-4954-1746daa0500d" testName="ExecuteByTest_Filter (Eliassen.System.Tests.Linq.TestTargets.TestTargetModel,Name,EqualTo,Name3,1,3)" computerName="DESKTOP-3FN5V33" duration="00:00:00.0270635" startTime="2024-01-30T13:50:09.2145139-05:00" endTime="2024-01-30T13:50:14.2976306-05:00" testType="13cdc9d9-ddb5-4fa4-a97d-d965ccfc6d4b" outcome="Passed" testListId="8c84fa94-04c1-424b-9868-57a2d4851a1d" relativeResultsDirectory="be228826-7168-4108-bf1d-818d5a735dfc" xmlns="http://microsoft.com/schemas/VisualStudio/TeamTest/2010">
      <Output>
        <StdOut>Eliassen.System.Linq.ConsoleLogger`1[Eliassen.System.Linq.Search.QueryBuilder]:Information:&gt;
	Build query for CurrentPage: 0
PageSize: 0
ExcludePageCount: False
SearchTerm: (null)
	F:Name: EqualTo: Name3

Eliassen.System.Linq.ConsoleLogger`1[Eliassen.System.Linq.Search.QueryBuilder]:Information:&gt;
	Execute (paged): System.Linq.Enumerable+SelectRangeIterator`1[Eliassen.System.Tests.Linq.TestTargets.TestTargetModel].Where(n =&gt; n.Name.Equals("Name3")).OrderBy(_ =&gt; 0).Skip(0).Take(10)



TestContext Messages:
SearchQuery-QueryableExtensionsTests_ExecuteByTestFilter(142)-638422194095274933.json: Attached
EnumerableQuery_1-QueryableExtensionsTests_ExecuteByTestFilter(144)-638422194095306325.json: Attached
PagedQueryResult_1-QueryableExtensionsTests_ExecuteByTestFilter(146)-638422194095462814.json: Attached
resultKeys: 3</StdOut>
        <StdErr>Eliassen.System.Linq.ConsoleLogger`1[Eliassen.System.Linq.Search.SortBuilder`1[Eliassen.System.Tests.Linq.TestTargets.TestTargetModel]]:Warning:&gt;
	Force sort by 0 applied for Eliassen.System.Tests.Linq.TestTargets.TestTargetModel</StdErr>
      </Output>
      <ResultFiles>
        <ResultFile path="DESKTOP-3FN5V33\EnumerableQuery_1-QueryableExtensionsTests_ExecuteByTestFilter(144)-638422194095306325.json" />
        <ResultFile path="DESKTOP-3FN5V33\PagedQueryResult_1-QueryableExtensionsTests_ExecuteByTestFilter(146)-638422194095462814.json" />
        <ResultFile path="DESKTOP-3FN5V33\SearchQuery-QueryableExtensionsTests_ExecuteByTestFilter(142)-638422194095274933.json" />
      </ResultFiles>
    </UnitTestResult>
    <UnitTestResult executionId="f23ab99b-9efe-462a-8d3c-893278494fe5" testId="07b77574-2211-0cfd-4e91-7ca72fa17247" testName="VisitTest_Equals (,hello,False)" computerName="DESKTOP-3FN5V33" duration="00:00:00.0011306" startTime="2024-01-30T13:50:15.3946581-05:00" endTime="2024-01-30T13:50:15.3961760-05:00" testType="13cdc9d9-ddb5-4fa4-a97d-d965ccfc6d4b" outcome="Passed" testListId="8c84fa94-04c1-424b-9868-57a2d4851a1d" relativeResultsDirectory="f23ab99b-9efe-462a-8d3c-893278494fe5" xmlns="http://microsoft.com/schemas/VisualStudio/TeamTest/2010">
      <Output>
        <StdOut>TestContext Messages:
expression: e =&gt; e.Equals(value(Eliassen.System.Tests.Linq.Expressions.SkipInstanceMethodOnNullExpressionVisitorTests+&lt;&gt;c__DisplayClass4_0).matched)
visited: e =&gt; ((e != null) AndAlso e.Equals(value(Eliassen.System.Tests.Linq.Expressions.SkipInstanceMethodOnNullExpressionVisitorTests+&lt;&gt;c__DisplayClass4_0).matched))
result: False</StdOut>
      </Output>
    </UnitTestResult>
    <UnitTestResult executionId="f2ee2172-d393-4f3d-bb16-353d16f86eed" testId="e350703c-47df-56f0-b995-a52c38b53eca" testName="MakeSafeTest (System.Guid,18AACB9C-2989-4322-A490-C7167BEA0DB4,18aacb9c-2989-4322-a490-c7167bea0db4)" computerName="DESKTOP-3FN5V33" duration="00:00:00.0001549" startTime="2024-01-30T13:50:08.9410492-05:00" endTime="2024-01-30T13:50:09.1049074-05:00" testType="13cdc9d9-ddb5-4fa4-a97d-d965ccfc6d4b" outcome="Passed" testListId="8c84fa94-04c1-424b-9868-57a2d4851a1d" relativeResultsDirectory="f2ee2172-d393-4f3d-bb16-353d16f86eed" xmlns="http://microsoft.com/schemas/VisualStudio/TeamTest/2010" />
    <UnitTestResult executionId="cc0dd606-d6bd-4752-bd97-1968ac140d8b" testId="e350703c-47df-56f0-b995-a52c38b53eca" testName="MakeSafeTest (System.Nullable`1[System.Guid],nope,)" computerName="DESKTOP-3FN5V33" duration="00:00:00.0001846" startTime="2024-01-30T13:50:08.9410492-05:00" endTime="2024-01-30T13:50:09.1049074-05:00" testType="13cdc9d9-ddb5-4fa4-a97d-d965ccfc6d4b" outcome="Passed" testListId="8c84fa94-04c1-424b-9868-57a2d4851a1d" relativeResultsDirectory="cc0dd606-d6bd-4752-bd97-1968ac140d8b" xmlns="http://microsoft.com/schemas/VisualStudio/TeamTest/2010" />
    <UnitTestResult executionId="076e666a-5f1d-4682-a50e-53c43d3970b9" testId="b6498f29-1231-5fcf-4954-1746daa0500d" testName="ExecuteByTest_Filter (Eliassen.System.Tests.Linq.TestTargets.TestTargetModel,Index,GreaterThanOrEqualTo,995,5,995,996,997,998,999)" computerName="DESKTOP-3FN5V33" duration="00:00:00.0632224" startTime="2024-01-30T13:50:09.2145139-05:00" endTime="2024-01-30T13:50:14.2976306-05:00" testType="13cdc9d9-ddb5-4fa4-a97d-d965ccfc6d4b" outcome="Passed" testListId="8c84fa94-04c1-424b-9868-57a2d4851a1d" relativeResultsDirectory="076e666a-5f1d-4682-a50e-53c43d3970b9" xmlns="http://microsoft.com/schemas/VisualStudio/TeamTest/2010">
      <Output>
        <StdOut>Eliassen.System.Linq.ConsoleLogger`1[Eliassen.System.Linq.Search.QueryBuilder]:Information:&gt;
	Build query for CurrentPage: 0
PageSize: 0
ExcludePageCount: False
SearchTerm: (null)
	F:Index: GreaterThanOrEqualTo: 995

Eliassen.System.Linq.ConsoleLogger`1[Eliassen.System.Linq.Search.QueryBuilder]:Information:&gt;
	Execute (paged): System.Linq.Enumerable+SelectRangeIterator`1[Eliassen.System.Tests.Linq.TestTargets.TestTargetModel].Where(n =&gt; (n.Index &gt;= 995)).OrderBy(_ =&gt; 0).Skip(0).Take(10)



TestContext Messages:
SearchQuery-QueryableExtensionsTests_ExecuteByTestFilter(142)-638422194097532173.json: Attached
EnumerableQuery_1-QueryableExtensionsTests_ExecuteByTestFilter(144)-638422194097619820.json: Attached
PagedQueryResult_1-QueryableExtensionsTests_ExecuteByTestFilter(146)-638422194097951801.json: Attached
resultKeys: 995,996,997,998,999</StdOut>
        <StdErr>Eliassen.System.Linq.ConsoleLogger`1[Eliassen.System.Linq.Expressions.ExpressionTreeBuilder`1[Eliassen.System.Tests.Linq.TestTargets.TestTargetModel]]:Warning:&gt;
	995 parsed to 995 (System.Int32)
Eliassen.System.Linq.ConsoleLogger`1[Eliassen.System.Linq.Search.SortBuilder`1[Eliassen.System.Tests.Linq.TestTargets.TestTargetModel]]:Warning:&gt;
	Force sort by 0 applied for Eliassen.System.Tests.Linq.TestTargets.TestTargetModel</StdErr>
      </Output>
      <ResultFiles>
        <ResultFile path="DESKTOP-3FN5V33\EnumerableQuery_1-QueryableExtensionsTests_ExecuteByTestFilter(144)-638422194097619820.json" />
        <ResultFile path="DESKTOP-3FN5V33\PagedQueryResult_1-QueryableExtensionsTests_ExecuteByTestFilter(146)-638422194097951801.json" />
        <ResultFile path="DESKTOP-3FN5V33\SearchQuery-QueryableExtensionsTests_ExecuteByTestFilter(142)-638422194097532173.json" />
      </ResultFiles>
    </UnitTestResult>
    <UnitTestResult executionId="58609aa4-e714-4648-9912-09f83e1cb0d5" testId="b6498f29-1231-5fcf-4954-1746daa0500d" testName="ExecuteByTest_Filter (Eliassen.System.Tests.Linq.TestTargets.TestTargetModel,index,EqualTo,!1,10,0,2,3,4,5,6,7,8,9,10)" computerName="DESKTOP-3FN5V33" duration="00:00:00.0333111" startTime="2024-01-30T13:50:09.2145139-05:00" endTime="2024-01-30T13:50:14.2976306-05:00" testType="13cdc9d9-ddb5-4fa4-a97d-d965ccfc6d4b" outcome="Passed" testListId="8c84fa94-04c1-424b-9868-57a2d4851a1d" relativeResultsDirectory="58609aa4-e714-4648-9912-09f83e1cb0d5" xmlns="http://microsoft.com/schemas/VisualStudio/TeamTest/2010">
      <Output>
        <StdOut>Eliassen.System.Linq.ConsoleLogger`1[Eliassen.System.Linq.Search.QueryBuilder]:Information:&gt;
	Build query for CurrentPage: 0
PageSize: 0
ExcludePageCount: False
SearchTerm: (null)
	F:index: EqualTo: !1

Eliassen.System.Linq.ConsoleLogger`1[Eliassen.System.Linq.Search.QueryBuilder]:Information:&gt;
	Execute (paged): System.Linq.Enumerable+SelectRangeIterator`1[Eliassen.System.Tests.Linq.TestTargets.TestTargetModel].Where(n =&gt; (n.Index != 1)).OrderBy(_ =&gt; 0).Skip(0).Take(10)



TestContext Messages:
SearchQuery-QueryableExtensionsTests_ExecuteByTestFilter(142)-638422194094124341.json: Attached
EnumerableQuery_1-QueryableExtensionsTests_ExecuteByTestFilter(144)-638422194094156664.json: Attached
PagedQueryResult_1-QueryableExtensionsTests_ExecuteByTestFilter(146)-638422194094311986.json: Attached
resultKeys: 0,2,3,4,5,6,7,8,9,10</StdOut>
        <StdErr>Eliassen.System.Linq.ConsoleLogger`1[Eliassen.System.Linq.Expressions.ExpressionTreeBuilder`1[Eliassen.System.Tests.Linq.TestTargets.TestTargetModel]]:Warning:&gt;
	1 parsed to 1 (System.Int32)
Eliassen.System.Linq.ConsoleLogger`1[Eliassen.System.Linq.Search.SortBuilder`1[Eliassen.System.Tests.Linq.TestTargets.TestTargetModel]]:Warning:&gt;
	Force sort by 0 applied for Eliassen.System.Tests.Linq.TestTargets.TestTargetModel</StdErr>
      </Output>
      <ResultFiles>
        <ResultFile path="DESKTOP-3FN5V33\EnumerableQuery_1-QueryableExtensionsTests_ExecuteByTestFilter(144)-638422194094156664.json" />
        <ResultFile path="DESKTOP-3FN5V33\PagedQueryResult_1-QueryableExtensionsTests_ExecuteByTestFilter(146)-638422194094311986.json" />
        <ResultFile path="DESKTOP-3FN5V33\SearchQuery-QueryableExtensionsTests_ExecuteByTestFilter(142)-638422194094124341.json" />
      </ResultFiles>
    </UnitTestResult>
    <UnitTestResult executionId="92628b26-5fa7-4b36-b6fb-ba25acfe368a" testId="b6498f29-1231-5fcf-4954-1746daa0500d" testName="ExecuteByTest_Filter (Eliassen.System.Tests.Linq.TestTargets.TestTargetModel,Name,NotEqualTo,,10,0,1,2,3,4,5,6,7,8,9)" computerName="DESKTOP-3FN5V33" duration="00:00:00.0461556" startTime="2024-01-30T13:50:09.2145139-05:00" endTime="2024-01-30T13:50:14.2976306-05:00" testType="13cdc9d9-ddb5-4fa4-a97d-d965ccfc6d4b" outcome="Passed" testListId="8c84fa94-04c1-424b-9868-57a2d4851a1d" relativeResultsDirectory="92628b26-5fa7-4b36-b6fb-ba25acfe368a" xmlns="http://microsoft.com/schemas/VisualStudio/TeamTest/2010">
      <Output>
        <StdOut>Eliassen.System.Linq.ConsoleLogger`1[Eliassen.System.Linq.Search.QueryBuilder]:Information:&gt;
	Build query for CurrentPage: 0
PageSize: 0
ExcludePageCount: False
SearchTerm: (null)
	F:Name: NotEqualTo:

Eliassen.System.Linq.ConsoleLogger`1[Eliassen.System.Linq.Search.QueryBuilder]:Information:&gt;
	Execute (paged): System.Linq.Enumerable+SelectRangeIterator`1[Eliassen.System.Tests.Linq.TestTargets.TestTargetModel].Where(n =&gt; (n.Name != "")).OrderBy(_ =&gt; 0).Skip(0).Take(10)



TestContext Messages:
SearchQuery-QueryableExtensionsTests_ExecuteByTestFilter(142)-638422194131096898.json: Attached
EnumerableQuery_1-QueryableExtensionsTests_ExecuteByTestFilter(144)-638422194131311077.json: Attached
PagedQueryResult_1-QueryableExtensionsTests_ExecuteByTestFilter(146)-638422194131475847.json: Attached
resultKeys: 0,1,2,3,4,5,6,7,8,9</StdOut>
        <StdErr>Eliassen.System.Linq.ConsoleLogger`1[Eliassen.System.Linq.Search.SortBuilder`1[Eliassen.System.Tests.Linq.TestTargets.TestTargetModel]]:Warning:&gt;
	Force sort by 0 applied for Eliassen.System.Tests.Linq.TestTargets.TestTargetModel</StdErr>
      </Output>
      <ResultFiles>
        <ResultFile path="DESKTOP-3FN5V33\EnumerableQuery_1-QueryableExtensionsTests_ExecuteByTestFilter(144)-638422194131311077.json" />
        <ResultFile path="DESKTOP-3FN5V33\PagedQueryResult_1-QueryableExtensionsTests_ExecuteByTestFilter(146)-638422194131475847.json" />
        <ResultFile path="DESKTOP-3FN5V33\SearchQuery-QueryableExtensionsTests_ExecuteByTestFilter(142)-638422194131096898.json" />
      </ResultFiles>
    </UnitTestResult>
    <UnitTestResult executionId="7eca363a-cb24-466a-a462-d74eb77fe0e1" testId="e350703c-47df-56f0-b995-a52c38b53eca" testName="MakeSafeTest (System.Guid,nope,)" computerName="DESKTOP-3FN5V33" duration="00:00:00.0003435" startTime="2024-01-30T13:50:08.9410492-05:00" endTime="2024-01-30T13:50:09.1049074-05:00" testType="13cdc9d9-ddb5-4fa4-a97d-d965ccfc6d4b" outcome="Passed" testListId="8c84fa94-04c1-424b-9868-57a2d4851a1d" relativeResultsDirectory="7eca363a-cb24-466a-a462-d74eb77fe0e1" xmlns="http://microsoft.com/schemas/VisualStudio/TeamTest/2010" />
    <UnitTestResult executionId="bf13473b-bed9-49f6-b8c6-846280537e18" testId="b6498f29-1231-5fcf-4954-1746daa0500d" testName="ExecuteByTest_Filter (Eliassen.System.Tests.Linq.TestTargets.TestTargetModel,Name,EqualTo,*03,9,103,203,303,403,503,603,703,803,903)" computerName="DESKTOP-3FN5V33" duration="00:00:00.0374944" startTime="2024-01-30T13:50:09.2145139-05:00" endTime="2024-01-30T13:50:14.2976306-05:00" testType="13cdc9d9-ddb5-4fa4-a97d-d965ccfc6d4b" outcome="Passed" testListId="8c84fa94-04c1-424b-9868-57a2d4851a1d" relativeResultsDirectory="bf13473b-bed9-49f6-b8c6-846280537e18" xmlns="http://microsoft.com/schemas/VisualStudio/TeamTest/2010">
      <Output>
        <StdOut>Eliassen.System.Linq.ConsoleLogger`1[Eliassen.System.Linq.Search.QueryBuilder]:Information:&gt;
	Build query for CurrentPage: 0
PageSize: 0
ExcludePageCount: False
SearchTerm: (null)
	F:Name: EqualTo: *03

Eliassen.System.Linq.ConsoleLogger`1[Eliassen.System.Linq.Search.QueryBuilder]:Information:&gt;
	Execute (paged): System.Linq.Enumerable+SelectRangeIterator`1[Eliassen.System.Tests.Linq.TestTargets.TestTargetModel].Where(n =&gt; n.Name.EndsWith("03")).OrderBy(_ =&gt; 0).Skip(0).Take(10)



TestContext Messages:
SearchQuery-QueryableExtensionsTests_ExecuteByTestFilter(142)-638422194099259700.json: Attached
EnumerableQuery_1-QueryableExtensionsTests_ExecuteByTestFilter(144)-638422194099291976.json: Attached
PagedQueryResult_1-QueryableExtensionsTests_ExecuteByTestFilter(146)-638422194099532849.json: Attached
resultKeys: 103,203,303,403,503,603,703,803,903</StdOut>
        <StdErr>Eliassen.System.Linq.ConsoleLogger`1[Eliassen.System.Linq.Search.SortBuilder`1[Eliassen.System.Tests.Linq.TestTargets.TestTargetModel]]:Warning:&gt;
	Force sort by 0 applied for Eliassen.System.Tests.Linq.TestTargets.TestTargetModel</StdErr>
      </Output>
      <ResultFiles>
        <ResultFile path="DESKTOP-3FN5V33\EnumerableQuery_1-QueryableExtensionsTests_ExecuteByTestFilter(144)-638422194099291976.json" />
        <ResultFile path="DESKTOP-3FN5V33\PagedQueryResult_1-QueryableExtensionsTests_ExecuteByTestFilter(146)-638422194099532849.json" />
        <ResultFile path="DESKTOP-3FN5V33\SearchQuery-QueryableExtensionsTests_ExecuteByTestFilter(142)-638422194099259700.json" />
      </ResultFiles>
    </UnitTestResult>
    <UnitTestResult executionId="e9df9b5a-7848-4240-b23b-17cdcf10d784" testId="e350703c-47df-56f0-b995-a52c38b53eca" testName="MakeSafeTest (System.DateTimeOffset,3/16/2022 12:00:00 AM +05:00,3/16/2022 12:00:00 AM +05:00)" computerName="DESKTOP-3FN5V33" duration="00:00:00.0000587" startTime="2024-01-30T13:50:08.9410492-05:00" endTime="2024-01-30T13:50:09.1049074-05:00" testType="13cdc9d9-ddb5-4fa4-a97d-d965ccfc6d4b" outcome="Passed" testListId="8c84fa94-04c1-424b-9868-57a2d4851a1d" relativeResultsDirectory="e9df9b5a-7848-4240-b23b-17cdcf10d784" xmlns="http://microsoft.com/schemas/VisualStudio/TeamTest/2010" />
    <UnitTestResult executionId="8e630624-3017-46ea-a579-2107cfdb8877" testId="c32d9ec7-cf3f-0b90-7da7-80e3553b5fe6" testName="GetResourceAsStringAsyncTest" computerName="DESKTOP-3FN5V33" duration="00:00:00.0062719" startTime="2024-01-30T13:50:09.1338479-05:00" endTime="2024-01-30T13:50:09.1404977-05:00" testType="13cdc9d9-ddb5-4fa4-a97d-d965ccfc6d4b" outcome="Passed" testListId="8c84fa94-04c1-424b-9868-57a2d4851a1d" relativeResultsDirectory="8e630624-3017-46ea-a579-2107cfdb8877" xmlns="http://microsoft.com/schemas/VisualStudio/TeamTest/2010" />
    <UnitTestResult executionId="cb33ace9-6f80-46d6-b7dd-d329829d1ea3" testId="b6498f29-1231-5fcf-4954-1746daa0500d" testName="ExecuteByTest_Filter (Eliassen.System.Tests.Linq.TestTargets.TestTargetWithInnerListModel,Children,EqualTo,*001,10,2,3,4,5,6,7,8,9,12,13)" computerName="DESKTOP-3FN5V33" duration="00:00:00.0560051" startTime="2024-01-30T13:50:09.2145139-05:00" endTime="2024-01-30T13:50:14.2976306-05:00" testType="13cdc9d9-ddb5-4fa4-a97d-d965ccfc6d4b" outcome="Passed" testListId="8c84fa94-04c1-424b-9868-57a2d4851a1d" relativeResultsDirectory="cb33ace9-6f80-46d6-b7dd-d329829d1ea3" xmlns="http://microsoft.com/schemas/VisualStudio/TeamTest/2010">
      <Output>
        <StdOut>Eliassen.System.Linq.ConsoleLogger`1[Eliassen.System.Linq.Search.QueryBuilder]:Information:&gt;
	Build query for CurrentPage: 0
PageSize: 0
ExcludePageCount: False
SearchTerm: (null)
	F:Children: EqualTo: *001

Eliassen.System.Linq.ConsoleLogger`1[Eliassen.System.Linq.Search.QueryBuilder]:Information:&gt;
	Execute (paged): System.Linq.Enumerable+SelectRangeIterator`1[Eliassen.System.Tests.Linq.TestTargets.TestTargetWithInnerListModel].Where(n =&gt; n.Children.Any(child =&gt; child.EndsWith("001"))).OrderBy(_ =&gt; 0).Skip(0).Take(10)



TestContext Messages:
SearchQuery-QueryableExtensionsTests_ExecuteByTestFilter(142)-638422194130142118.json: Attached
EnumerableQuery_1-QueryableExtensionsTests_ExecuteByTestFilter(144)-638422194130181232.json: Attached
PagedQueryResult_1-QueryableExtensionsTests_ExecuteByTestFilter(146)-638422194130582126.json: Attached
resultKeys: 2,3,4,5,6,7,8,9,12,13</StdOut>
        <StdErr>Eliassen.System.Linq.ConsoleLogger`1[Eliassen.System.Linq.Search.SortBuilder`1[Eliassen.System.Tests.Linq.TestTargets.TestTargetWithInnerListModel]]:Warning:&gt;
	Force sort by 0 applied for Eliassen.System.Tests.Linq.TestTargets.TestTargetWithInnerListModel</StdErr>
      </Output>
      <ResultFiles>
        <ResultFile path="DESKTOP-3FN5V33\EnumerableQuery_1-QueryableExtensionsTests_ExecuteByTestFilter(144)-638422194130181232.json" />
        <ResultFile path="DESKTOP-3FN5V33\PagedQueryResult_1-QueryableExtensionsTests_ExecuteByTestFilter(146)-638422194130582126.json" />
        <ResultFile path="DESKTOP-3FN5V33\SearchQuery-QueryableExtensionsTests_ExecuteByTestFilter(142)-638422194130142118.json" />
      </ResultFiles>
    </UnitTestResult>
    <UnitTestResult executionId="a15723ac-c964-4f75-8f3e-da7f0e031c24" testId="dcab6442-3647-193e-5b50-9725bbfda52b" testName="GetFilterablePropertyNamesTest_TestTarget3Model" computerName="DESKTOP-3FN5V33" duration="00:00:00.0005636" startTime="2024-01-30T13:50:15.3650320-05:00" endTime="2024-01-30T13:50:15.3658889-05:00" testType="13cdc9d9-ddb5-4fa4-a97d-d965ccfc6d4b" outcome="Passed" testListId="8c84fa94-04c1-424b-9868-57a2d4851a1d" relativeResultsDirectory="a15723ac-c964-4f75-8f3e-da7f0e031c24" xmlns="http://microsoft.com/schemas/VisualStudio/TeamTest/2010" />
    <UnitTestResult executionId="c3097824-f987-467c-953c-de4b700c93f2" testId="1c0197db-d7ab-18ba-d57c-a34403249bdb" testName="VisitTest_Equals (Hello,Hello,True)" computerName="DESKTOP-3FN5V33" duration="00:00:00.0018838" startTime="2024-01-30T13:50:15.3852928-05:00" endTime="2024-01-30T13:50:15.3880548-05:00" testType="13cdc9d9-ddb5-4fa4-a97d-d965ccfc6d4b" outcome="Passed" testListId="8c84fa94-04c1-424b-9868-57a2d4851a1d" relativeResultsDirectory="c3097824-f987-467c-953c-de4b700c93f2" xmlns="http://microsoft.com/schemas/VisualStudio/TeamTest/2010">
      <Output>
        <StdOut>TestContext Messages:
expression: e =&gt; e.Equals(value(Eliassen.System.Tests.Linq.Expressions.SkipInstanceMethodOnNullExpressionVisitorTests+&lt;&gt;c__DisplayClass4_0).matched)
visited: e =&gt; ((e != null) AndAlso e.Equals(value(Eliassen.System.Tests.Linq.Expressions.SkipInstanceMethodOnNullExpressionVisitorTests+&lt;&gt;c__DisplayClass4_0).matched))
result: True</StdOut>
      </Output>
    </UnitTestResult>
    <UnitTestResult executionId="3073b122-dd94-4f27-9a55-58f20dc6d234" testId="e350703c-47df-56f0-b995-a52c38b53eca" testName="MakeSafeTest (System.AttributeTargets,nope,)" computerName="DESKTOP-3FN5V33" duration="00:00:00.0034309" startTime="2024-01-30T13:50:08.9410492-05:00" endTime="2024-01-30T13:50:09.1049074-05:00" testType="13cdc9d9-ddb5-4fa4-a97d-d965ccfc6d4b" outcome="Passed" testListId="8c84fa94-04c1-424b-9868-57a2d4851a1d" relativeResultsDirectory="3073b122-dd94-4f27-9a55-58f20dc6d234" xmlns="http://microsoft.com/schemas/VisualStudio/TeamTest/2010" />
    <UnitTestResult executionId="0682ba6f-a795-451b-acdc-db07486b7459" testId="732c5a4d-db4b-042b-cb1a-6907849de0ac" testName="VisitTest_Equals (,,False)" computerName="DESKTOP-3FN5V33" duration="00:00:00.0011499" startTime="2024-01-30T13:50:15.4094080-05:00" endTime="2024-01-30T13:50:15.4110450-05:00" testType="13cdc9d9-ddb5-4fa4-a97d-d965ccfc6d4b" outcome="Passed" testListId="8c84fa94-04c1-424b-9868-57a2d4851a1d" relativeResultsDirectory="0682ba6f-a795-451b-acdc-db07486b7459" xmlns="http://microsoft.com/schemas/VisualStudio/TeamTest/2010">
      <Output>
        <StdOut>TestContext Messages:
expression: e =&gt; e.Equals(value(Eliassen.System.Tests.Linq.Expressions.SkipInstanceMethodOnNullExpressionVisitorTests+&lt;&gt;c__DisplayClass4_0).matched)
visited: e =&gt; ((e != null) AndAlso e.Equals(value(Eliassen.System.Tests.Linq.Expressions.SkipInstanceMethodOnNullExpressionVisitorTests+&lt;&gt;c__DisplayClass4_0).matched))
result: False</StdOut>
      </Output>
    </UnitTestResult>
    <UnitTestResult executionId="d138fa70-eae0-400c-8a9c-2801abbca293" testId="ab0f8867-b8d1-22b7-3b78-2eab4da93098" testName="VisitTest_Contains (Hello,eL,True)" computerName="DESKTOP-3FN5V33" duration="00:00:00.0009069" startTime="2024-01-30T13:50:15.4437763-05:00" endTime="2024-01-30T13:50:15.4455155-05:00" testType="13cdc9d9-ddb5-4fa4-a97d-d965ccfc6d4b" outcome="Passed" testListId="8c84fa94-04c1-424b-9868-57a2d4851a1d" relativeResultsDirectory="d138fa70-eae0-400c-8a9c-2801abbca293" xmlns="http://microsoft.com/schemas/VisualStudio/TeamTest/2010">
      <Output>
        <StdOut>Eliassen.System.Linq.ConsoleLogger`1[Eliassen.System.Linq.Expressions.StringComparisonReplacementExpressionVisitor]:Debug:&gt;
	Replace: e.Contains(value(Eliassen.System.Tests.Linq.Expressions.StringComparisonReplacementExpressionVisitorTests+&lt;&gt;c__DisplayClass6_0).matched) with e.Contains(value(Eliassen.System.Tests.Linq.Expressions.StringComparisonReplacementExpressionVisitorTests+&lt;&gt;c__DisplayClass6_0).matched, CurrentCultureIgnoreCase)



TestContext Messages:
expression: e =&gt; e.Contains(value(Eliassen.System.Tests.Linq.Expressions.StringComparisonReplacementExpressionVisitorTests+&lt;&gt;c__DisplayClass6_0).matched)
visited: e =&gt; e.Contains(value(Eliassen.System.Tests.Linq.Expressions.StringComparisonReplacementExpressionVisitorTests+&lt;&gt;c__DisplayClass6_0).matched, CurrentCultureIgnoreCase)</StdOut>
      </Output>
    </UnitTestResult>
    <UnitTestResult executionId="56a383c9-a4cb-4653-9322-1cae9c022a39" testId="e7f0575b-0e45-f2ce-4918-0b10042b2324" testName="VisitTest_Equals (Hello,hello,True)" computerName="DESKTOP-3FN5V33" duration="00:00:00.0047302" startTime="2024-01-30T13:50:15.4214237-05:00" endTime="2024-01-30T13:50:15.4266717-05:00" testType="13cdc9d9-ddb5-4fa4-a97d-d965ccfc6d4b" outcome="Passed" testListId="8c84fa94-04c1-424b-9868-57a2d4851a1d" relativeResultsDirectory="56a383c9-a4cb-4653-9322-1cae9c022a39" xmlns="http://microsoft.com/schemas/VisualStudio/TeamTest/2010">
      <Output>
        <StdOut>Eliassen.System.Linq.ConsoleLogger`1[Eliassen.System.Linq.Expressions.StringComparisonReplacementExpressionVisitor]:Debug:&gt;
	Replace: e.Equals(value(Eliassen.System.Tests.Linq.Expressions.StringComparisonReplacementExpressionVisitorTests+&lt;&gt;c__DisplayClass5_0).matched) with e.Equals(value(Eliassen.System.Tests.Linq.Expressions.StringComparisonReplacementExpressionVisitorTests+&lt;&gt;c__DisplayClass5_0).matched, CurrentCultureIgnoreCase)



TestContext Messages:
expression: e =&gt; e.Equals(value(Eliassen.System.Tests.Linq.Expressions.StringComparisonReplacementExpressionVisitorTests+&lt;&gt;c__DisplayClass5_0).matched)
visited: e =&gt; e.Equals(value(Eliassen.System.Tests.Linq.Expressions.StringComparisonReplacementExpressionVisitorTests+&lt;&gt;c__DisplayClass5_0).matched, CurrentCultureIgnoreCase)</StdOut>
      </Output>
    </UnitTestResult>
    <UnitTestResult executionId="9422704a-bda5-426a-81cc-2d2b603f8837" testId="67b6a854-1fe4-5528-77d6-501bd90b9a20" testName="GetShortTypeNameTests (Eliassen.System.Tests.Reflection.ReflectionExtensionsTests,Eliassen.System.Tests.Reflection.ReflectionExtensionsTests, Eliassen.System.Tests)" computerName="DESKTOP-3FN5V33" duration="00:00:00.0002641" startTime="2024-01-30T13:50:09.1319180-05:00" endTime="2024-01-30T13:50:09.1329930-05:00" testType="13cdc9d9-ddb5-4fa4-a97d-d965ccfc6d4b" outcome="Passed" testListId="8c84fa94-04c1-424b-9868-57a2d4851a1d" relativeResultsDirectory="9422704a-bda5-426a-81cc-2d2b603f8837" xmlns="http://microsoft.com/schemas/VisualStudio/TeamTest/2010" />
    <UnitTestResult executionId="eb332f9f-bad8-440b-a796-7a3929661267" testId="b6498f29-1231-5fcf-4954-1746daa0500d" testName="ExecuteByTest_Filter (Eliassen.System.Tests.Linq.TestTargets.TestTargetExtendedModel,Date,GreaterThanOrEqualTo,3/1/2020,10,2,3,4,5,6,7,8,9,10,11)" computerName="DESKTOP-3FN5V33" duration="00:00:00.4796298" startTime="2024-01-30T13:50:09.2145139-05:00" endTime="2024-01-30T13:50:14.2976306-05:00" testType="13cdc9d9-ddb5-4fa4-a97d-d965ccfc6d4b" outcome="Passed" testListId="8c84fa94-04c1-424b-9868-57a2d4851a1d" relativeResultsDirectory="eb332f9f-bad8-440b-a796-7a3929661267" xmlns="http://microsoft.com/schemas/VisualStudio/TeamTest/2010">
      <Output>
        <StdOut>Eliassen.System.Linq.ConsoleLogger`1[Eliassen.System.Linq.Search.QueryBuilder]:Information:&gt;
	Build query for CurrentPage: 0
PageSize: 0
ExcludePageCount: False
SearchTerm: (null)
	F:Date: GreaterThanOrEqualTo: 3/1/2020

Eliassen.System.Linq.ConsoleLogger`1[Eliassen.System.Linq.Search.SortBuilder`1[Eliassen.System.Tests.Linq.TestTargets.TestTargetExtendedModel]]:Information:&gt;
	Applying default sort for Eliassen.System.Tests.Linq.TestTargets.TestTargetExtendedModel: (Index, Ascending)
Eliassen.System.Linq.ConsoleLogger`1[Eliassen.System.Linq.Search.QueryBuilder]:Information:&gt;
	Execute (paged): System.Linq.Enumerable+SelectRangeIterator`1[Eliassen.System.Tests.Linq.TestTargets.TestTargetExtendedModel].Where(n =&gt; (n.Date &gt;= 3/1/2020 12:00:00 AM)).OrderBy(n =&gt; Convert(n.Index, Object)).Skip(0).Take(10)



TestContext Messages:
SearchQuery-QueryableExtensionsTests_ExecuteByTestFilter(142)-638422194107108138.json: Attached
EnumerableQuery_1-QueryableExtensionsTests_ExecuteByTestFilter(144)-638422194107143109.json: Attached
PagedQueryResult_1-QueryableExtensionsTests_ExecuteByTestFilter(146)-638422194111766767.json: Attached
resultKeys: 2,3,4,5,6,7,8,9,10,11</StdOut>
        <StdErr>Eliassen.System.Linq.ConsoleLogger`1[Eliassen.System.Linq.Expressions.ExpressionTreeBuilder`1[Eliassen.System.Tests.Linq.TestTargets.TestTargetExtendedModel]]:Warning:&gt;
	3/1/2020 parsed to 03/01/2020 00:00:00 (System.DateTime)</StdErr>
      </Output>
      <ResultFiles>
        <ResultFile path="DESKTOP-3FN5V33\EnumerableQuery_1-QueryableExtensionsTests_ExecuteByTestFilter(144)-638422194107143109.json" />
        <ResultFile path="DESKTOP-3FN5V33\PagedQueryResult_1-QueryableExtensionsTests_ExecuteByTestFilter(146)-638422194111766767.json" />
        <ResultFile path="DESKTOP-3FN5V33\SearchQuery-QueryableExtensionsTests_ExecuteByTestFilter(142)-638422194107108138.json" />
      </ResultFiles>
    </UnitTestResult>
    <UnitTestResult executionId="ff12e060-9349-4e49-ab2f-1de1ae1127fd" testId="2f56b32e-ea97-c552-8dea-074dcb4e0dc0" testName="MakeSafeArrayTest (System.String,System.Object[],System.String[])" computerName="DESKTOP-3FN5V33" duration="00:00:00.0002419" startTime="2024-01-30T13:50:09.1218186-05:00" endTime="2024-01-30T13:50:09.1236592-05:00" testType="13cdc9d9-ddb5-4fa4-a97d-d965ccfc6d4b" outcome="Passed" testListId="8c84fa94-04c1-424b-9868-57a2d4851a1d" relativeResultsDirectory="ff12e060-9349-4e49-ab2f-1de1ae1127fd" xmlns="http://microsoft.com/schemas/VisualStudio/TeamTest/2010" />
    <UnitTestResult executionId="210bc825-583a-412b-9277-2f7147bf6eef" testId="6ecbf29a-b1dc-ecb1-c997-c95f3b46593a" testName="ExecuteByTest_Filter_JsonElement" computerName="DESKTOP-3FN5V33" duration="00:00:00.0310182" startTime="2024-01-30T13:50:14.3223320-05:00" endTime="2024-01-30T13:50:14.3537937-05:00" testType="13cdc9d9-ddb5-4fa4-a97d-d965ccfc6d4b" outcome="Passed" testListId="8c84fa94-04c1-424b-9868-57a2d4851a1d" relativeResultsDirectory="210bc825-583a-412b-9277-2f7147bf6eef" xmlns="http://microsoft.com/schemas/VisualStudio/TeamTest/2010">
      <Output>
        <StdOut>Eliassen.System.Linq.ConsoleLogger`1[Eliassen.System.Linq.Search.QueryBuilder]:Information:&gt;
	Build query for CurrentPage: 0
PageSize: 0
ExcludePageCount: False
SearchTerm: (null)
	F:Name: EqualTo: Name3

Eliassen.System.Linq.ConsoleLogger`1[Eliassen.System.Linq.Search.QueryBuilder]:Information:&gt;
	Execute (paged): System.Linq.Enumerable+SelectRangeIterator`1[Eliassen.System.Tests.Linq.TestTargets.TestTargetModel].Where(n =&gt; n.Name.Equals("Name3")).OrderBy(_ =&gt; 0).Skip(0).Take(10)



TestContext Messages:
SearchQuery-QueryableExtensionsTests_ExecuteByTestFilter(142)-638422194143257332.json: Attached
EnumerableQuery_1-QueryableExtensionsTests_ExecuteByTestFilter(144)-638422194143287694.json: Attached
PagedQueryResult_1-QueryableExtensionsTests_ExecuteByTestFilter(146)-638422194143445698.json: Attached
resultKeys: 3</StdOut>
        <StdErr>Eliassen.System.Linq.ConsoleLogger`1[Eliassen.System.Linq.Search.SortBuilder`1[Eliassen.System.Tests.Linq.TestTargets.TestTargetModel]]:Warning:&gt;
	Force sort by 0 applied for Eliassen.System.Tests.Linq.TestTargets.TestTargetModel</StdErr>
      </Output>
      <ResultFiles>
        <ResultFile path="DESKTOP-3FN5V33\EnumerableQuery_1-QueryableExtensionsTests_ExecuteByTestFilter(144)-638422194143287694.json" />
        <ResultFile path="DESKTOP-3FN5V33\PagedQueryResult_1-QueryableExtensionsTests_ExecuteByTestFilter(146)-638422194143445698.json" />
        <ResultFile path="DESKTOP-3FN5V33\SearchQuery-QueryableExtensionsTests_ExecuteByTestFilter(142)-638422194143257332.json" />
      </ResultFiles>
    </UnitTestResult>
    <UnitTestResult executionId="ae6427bb-a28f-4aa8-87a6-467bc2899262" testId="e350703c-47df-56f0-b995-a52c38b53eca" testName="MakeSafeTest (System.Nullable`1[System.Double],1,1)" computerName="DESKTOP-3FN5V33" duration="00:00:00.0003124" startTime="2024-01-30T13:50:08.9410492-05:00" endTime="2024-01-30T13:50:09.1049074-05:00" testType="13cdc9d9-ddb5-4fa4-a97d-d965ccfc6d4b" outcome="Passed" testListId="8c84fa94-04c1-424b-9868-57a2d4851a1d" relativeResultsDirectory="ae6427bb-a28f-4aa8-87a6-467bc2899262" xmlns="http://microsoft.com/schemas/VisualStudio/TeamTest/2010" />
    <UnitTestResult executionId="7d6ebbf4-b648-43a3-ba4e-51dc22105f50" testId="e350703c-47df-56f0-b995-a52c38b53eca" testName="MakeSafeTest (System.Double,nope,)" computerName="DESKTOP-3FN5V33" duration="00:00:00.0009961" startTime="2024-01-30T13:50:08.9410492-05:00" endTime="2024-01-30T13:50:09.1049074-05:00" testType="13cdc9d9-ddb5-4fa4-a97d-d965ccfc6d4b" outcome="Passed" testListId="8c84fa94-04c1-424b-9868-57a2d4851a1d" relativeResultsDirectory="7d6ebbf4-b648-43a3-ba4e-51dc22105f50" xmlns="http://microsoft.com/schemas/VisualStudio/TeamTest/2010" />
    <UnitTestResult executionId="37ae8cde-16df-46fe-a80b-7936a892fa0b" testId="e350703c-47df-56f0-b995-a52c38b53eca" testName="MakeSafeTest (System.AttributeTargets,16,Enum)" computerName="DESKTOP-3FN5V33" duration="00:00:00.0000297" startTime="2024-01-30T13:50:08.9410492-05:00" endTime="2024-01-30T13:50:09.1049074-05:00" testType="13cdc9d9-ddb5-4fa4-a97d-d965ccfc6d4b" outcome="Passed" testListId="8c84fa94-04c1-424b-9868-57a2d4851a1d" relativeResultsDirectory="37ae8cde-16df-46fe-a80b-7936a892fa0b" xmlns="http://microsoft.com/schemas/VisualStudio/TeamTest/2010" />
    <UnitTestResult executionId="ba2ac6f3-175b-4cc2-8878-0912e2a7d9f4" testId="47e6ed14-b917-99ad-5b18-0068efac17a3" testName="VisitTest_Equals (Hello,,False)" computerName="DESKTOP-3FN5V33" duration="00:00:00.0010703" startTime="2024-01-30T13:50:15.4000400-05:00" endTime="2024-01-30T13:50:15.4018282-05:00" testType="13cdc9d9-ddb5-4fa4-a97d-d965ccfc6d4b" outcome="Passed" testListId="8c84fa94-04c1-424b-9868-57a2d4851a1d" relativeResultsDirectory="ba2ac6f3-175b-4cc2-8878-0912e2a7d9f4" xmlns="http://microsoft.com/schemas/VisualStudio/TeamTest/2010">
      <Output>
        <StdOut>TestContext Messages:
expression: e =&gt; e.Equals(value(Eliassen.System.Tests.Linq.Expressions.SkipInstanceMethodOnNullExpressionVisitorTests+&lt;&gt;c__DisplayClass4_0).matched)
visited: e =&gt; ((e != null) AndAlso e.Equals(value(Eliassen.System.Tests.Linq.Expressions.SkipInstanceMethodOnNullExpressionVisitorTests+&lt;&gt;c__DisplayClass4_0).matched))
result: False</StdOut>
      </Output>
    </UnitTestResult>
    <UnitTestResult executionId="b2b198c9-a3c9-4238-a60b-379fada2d728" testId="e350703c-47df-56f0-b995-a52c38b53eca" testName="MakeSafeTest (System.Nullable`1[System.AttributeTargets],nope,)" computerName="DESKTOP-3FN5V33" duration="00:00:00.0002877" startTime="2024-01-30T13:50:08.9410492-05:00" endTime="2024-01-30T13:50:09.1049074-05:00" testType="13cdc9d9-ddb5-4fa4-a97d-d965ccfc6d4b" outcome="Passed" testListId="8c84fa94-04c1-424b-9868-57a2d4851a1d" relativeResultsDirectory="b2b198c9-a3c9-4238-a60b-379fada2d728" xmlns="http://microsoft.com/schemas/VisualStudio/TeamTest/2010" />
    <UnitTestResult executionId="66cede4e-64b7-405d-b48c-f67857dac2f1" testId="7fd160bc-3b5b-e6e2-40ae-1974536260f2" testName="TryParseTest (System.Decimal,nope,False,)" computerName="DESKTOP-3FN5V33" duration="00:00:00.0000687" startTime="2024-01-30T13:50:09.1246101-05:00" endTime="2024-01-30T13:50:09.1272382-05:00" testType="13cdc9d9-ddb5-4fa4-a97d-d965ccfc6d4b" outcome="Passed" testListId="8c84fa94-04c1-424b-9868-57a2d4851a1d" relativeResultsDirectory="66cede4e-64b7-405d-b48c-f67857dac2f1" xmlns="http://microsoft.com/schemas/VisualStudio/TeamTest/2010" />
    <UnitTestResult executionId="4efb686c-1c7e-4cc7-bae1-e52847085dc4" testId="e350703c-47df-56f0-b995-a52c38b53eca" testName="MakeSafeTest (System.TimeSpan,16:00,16:00:00)" computerName="DESKTOP-3FN5V33" duration="00:00:00.0010580" startTime="2024-01-30T13:50:08.9410492-05:00" endTime="2024-01-30T13:50:09.1049074-05:00" testType="13cdc9d9-ddb5-4fa4-a97d-d965ccfc6d4b" outcome="Passed" testListId="8c84fa94-04c1-424b-9868-57a2d4851a1d" relativeResultsDirectory="4efb686c-1c7e-4cc7-bae1-e52847085dc4" xmlns="http://microsoft.com/schemas/VisualStudio/TeamTest/2010" />
    <UnitTestResult executionId="2a3b66cd-62d5-4b01-b90b-b98ff6c8be7b" testId="7fd160bc-3b5b-e6e2-40ae-1974536260f2" testName="TryParseTest (System.AttributeTargets,Enum,True,Enum)" computerName="DESKTOP-3FN5V33" duration="00:00:00.0000092" startTime="2024-01-30T13:50:09.1246101-05:00" endTime="2024-01-30T13:50:09.1272382-05:00" testType="13cdc9d9-ddb5-4fa4-a97d-d965ccfc6d4b" outcome="Passed" testListId="8c84fa94-04c1-424b-9868-57a2d4851a1d" relativeResultsDirectory="2a3b66cd-62d5-4b01-b90b-b98ff6c8be7b" xmlns="http://microsoft.com/schemas/VisualStudio/TeamTest/2010" />
    <UnitTestResult executionId="b367264e-a34b-4ddc-9a91-9cf50af0b1ac" testId="b6498f29-1231-5fcf-4954-1746daa0500d" testName="ExecuteByTest_Filter (Eliassen.System.Tests.Linq.TestTargets.TestTargetModel,Index,GreaterThan,995,4,996,997,998,999)" computerName="DESKTOP-3FN5V33" duration="00:00:00.0476536" startTime="2024-01-30T13:50:09.2145139-05:00" endTime="2024-01-30T13:50:14.2976306-05:00" testType="13cdc9d9-ddb5-4fa4-a97d-d965ccfc6d4b" outcome="Passed" testListId="8c84fa94-04c1-424b-9868-57a2d4851a1d" relativeResultsDirectory="b367264e-a34b-4ddc-9a91-9cf50af0b1ac" xmlns="http://microsoft.com/schemas/VisualStudio/TeamTest/2010">
      <Output>
        <StdOut>Eliassen.System.Linq.ConsoleLogger`1[Eliassen.System.Linq.Search.QueryBuilder]:Information:&gt;
	Build query for CurrentPage: 0
PageSize: 0
ExcludePageCount: False
SearchTerm: (null)
	F:Index: GreaterThan: 995

Eliassen.System.Linq.ConsoleLogger`1[Eliassen.System.Linq.Search.QueryBuilder]:Information:&gt;
	Execute (paged): System.Linq.Enumerable+SelectRangeIterator`1[Eliassen.System.Tests.Linq.TestTargets.TestTargetModel].Where(n =&gt; (n.Index &gt; 995)).OrderBy(_ =&gt; 0).Skip(0).Take(10)



TestContext Messages:
SearchQuery-QueryableExtensionsTests_ExecuteByTestFilter(142)-638422194097037908.json: Attached
EnumerableQuery_1-QueryableExtensionsTests_ExecuteByTestFilter(144)-638422194097120097.json: Attached
PagedQueryResult_1-QueryableExtensionsTests_ExecuteByTestFilter(146)-638422194097381310.json: Attached
resultKeys: 996,997,998,999</StdOut>
        <StdErr>Eliassen.System.Linq.ConsoleLogger`1[Eliassen.System.Linq.Expressions.ExpressionTreeBuilder`1[Eliassen.System.Tests.Linq.TestTargets.TestTargetModel]]:Warning:&gt;
	995 parsed to 995 (System.Int32)
Eliassen.System.Linq.ConsoleLogger`1[Eliassen.System.Linq.Search.SortBuilder`1[Eliassen.System.Tests.Linq.TestTargets.TestTargetModel]]:Warning:&gt;
	Force sort by 0 applied for Eliassen.System.Tests.Linq.TestTargets.TestTargetModel</StdErr>
      </Output>
      <ResultFiles>
        <ResultFile path="DESKTOP-3FN5V33\EnumerableQuery_1-QueryableExtensionsTests_ExecuteByTestFilter(144)-638422194097120097.json" />
        <ResultFile path="DESKTOP-3FN5V33\PagedQueryResult_1-QueryableExtensionsTests_ExecuteByTestFilter(146)-638422194097381310.json" />
        <ResultFile path="DESKTOP-3FN5V33\SearchQuery-QueryableExtensionsTests_ExecuteByTestFilter(142)-638422194097037908.json" />
      </ResultFiles>
    </UnitTestResult>
    <UnitTestResult executionId="920bc9cb-0d26-4ae7-b2e2-9345abdeecf5" testId="e350703c-47df-56f0-b995-a52c38b53eca" testName="MakeSafeTest (System.Byte[],QUJD,System.Byte[])" computerName="DESKTOP-3FN5V33" duration="00:00:00.0029625" startTime="2024-01-30T13:50:08.9410492-05:00" endTime="2024-01-30T13:50:09.1049074-05:00" testType="13cdc9d9-ddb5-4fa4-a97d-d965ccfc6d4b" outcome="Passed" testListId="8c84fa94-04c1-424b-9868-57a2d4851a1d" relativeResultsDirectory="920bc9cb-0d26-4ae7-b2e2-9345abdeecf5" xmlns="http://microsoft.com/schemas/VisualStudio/TeamTest/2010" />
    <UnitTestResult executionId="07afe965-009d-4726-b88b-21d8b8c445c2" testId="c3d96c67-b7eb-8271-8b2c-35176b8a900c" testName="ToEnumTest (3,Val1, Val2)" computerName="DESKTOP-3FN5V33" duration="00:00:00.0000210" startTime="2024-01-30T13:50:08.9122315-05:00" endTime="2024-01-30T13:50:08.9133342-05:00" testType="13cdc9d9-ddb5-4fa4-a97d-d965ccfc6d4b" outcome="Passed" testListId="8c84fa94-04c1-424b-9868-57a2d4851a1d" relativeResultsDirectory="07afe965-009d-4726-b88b-21d8b8c445c2" xmlns="http://microsoft.com/schemas/VisualStudio/TeamTest/2010" />
    <UnitTestResult executionId="b15e7b62-ff17-42e7-b5f9-23ba196c8d30" testId="b6498f29-1231-5fcf-4954-1746daa0500d" testName="ExecuteByTest_Filter (Eliassen.System.Tests.Linq.TestTargets.TestTargetExtendedModel,May,EqualTo,,10,0,3,6,9,12,15,18,21,24,27)" computerName="DESKTOP-3FN5V33" duration="00:00:00.2782435" startTime="2024-01-30T13:50:09.2145139-05:00" endTime="2024-01-30T13:50:14.2976306-05:00" testType="13cdc9d9-ddb5-4fa4-a97d-d965ccfc6d4b" outcome="Passed" testListId="8c84fa94-04c1-424b-9868-57a2d4851a1d" relativeResultsDirectory="b15e7b62-ff17-42e7-b5f9-23ba196c8d30" xmlns="http://microsoft.com/schemas/VisualStudio/TeamTest/2010">
      <Output>
        <StdOut>Eliassen.System.Linq.ConsoleLogger`1[Eliassen.System.Linq.Search.QueryBuilder]:Information:&gt;
	Build query for CurrentPage: 0
PageSize: 0
ExcludePageCount: False
SearchTerm: (null)
	F:May: EqualTo:

Eliassen.System.Linq.ConsoleLogger`1[Eliassen.System.Linq.Search.SortBuilder`1[Eliassen.System.Tests.Linq.TestTargets.TestTargetExtendedModel]]:Information:&gt;
	Applying default sort for Eliassen.System.Tests.Linq.TestTargets.TestTargetExtendedModel: (Index, Ascending)
Eliassen.System.Linq.ConsoleLogger`1[Eliassen.System.Linq.Search.QueryBuilder]:Information:&gt;
	Execute (paged): System.Linq.Enumerable+SelectRangeIterator`1[Eliassen.System.Tests.Linq.TestTargets.TestTargetExtendedModel].Where(n =&gt; (n.May == "")).OrderBy(n =&gt; Convert(n.Index, Object)).Skip(0).Take(10)



TestContext Messages:
SearchQuery-QueryableExtensionsTests_ExecuteByTestFilter(142)-638422194131841378.json: Attached
EnumerableQuery_1-QueryableExtensionsTests_ExecuteByTestFilter(144)-638422194131878405.json: Attached
PagedQueryResult_1-QueryableExtensionsTests_ExecuteByTestFilter(146)-638422194134494197.json: Attached
resultKeys: 0,3,6,9,12,15,18,21,24,27</StdOut>
      </Output>
      <ResultFiles>
        <ResultFile path="DESKTOP-3FN5V33\EnumerableQuery_1-QueryableExtensionsTests_ExecuteByTestFilter(144)-638422194131878405.json" />
        <ResultFile path="DESKTOP-3FN5V33\PagedQueryResult_1-QueryableExtensionsTests_ExecuteByTestFilter(146)-638422194134494197.json" />
        <ResultFile path="DESKTOP-3FN5V33\SearchQuery-QueryableExtensionsTests_ExecuteByTestFilter(142)-638422194131841378.json" />
      </ResultFiles>
    </UnitTestResult>
    <UnitTestResult executionId="25503d7a-c975-48cb-af3a-dc37792ae699" testId="565e6ddc-fd0f-5db8-1ac5-68872b2812d2" testName="ToEnumTest (no data,)" computerName="DESKTOP-3FN5V33" duration="00:00:00.0040435" startTime="2024-01-30T13:50:08.9156477-05:00" endTime="2024-01-30T13:50:08.9199228-05:00" testType="13cdc9d9-ddb5-4fa4-a97d-d965ccfc6d4b" outcome="Passed" testListId="8c84fa94-04c1-424b-9868-57a2d4851a1d" relativeResultsDirectory="25503d7a-c975-48cb-af3a-dc37792ae699" xmlns="http://microsoft.com/schemas/VisualStudio/TeamTest/2010" />
    <UnitTestResult executionId="01c28c23-b67d-4dae-bc17-7e149539dbca" testId="b6498f29-1231-5fcf-4954-1746daa0500d" testName="ExecuteByTest_Filter (Eliassen.System.Tests.Linq.TestTargets.TestTargetModel,Name,NotEqualTo,*3,10,0,1,2,4,5,6,7,8,9,10)" computerName="DESKTOP-3FN5V33" duration="00:00:00.0446023" startTime="2024-01-30T13:50:09.2145139-05:00" endTime="2024-01-30T13:50:14.2976306-05:00" testType="13cdc9d9-ddb5-4fa4-a97d-d965ccfc6d4b" outcome="Passed" testListId="8c84fa94-04c1-424b-9868-57a2d4851a1d" relativeResultsDirectory="01c28c23-b67d-4dae-bc17-7e149539dbca" xmlns="http://microsoft.com/schemas/VisualStudio/TeamTest/2010">
      <Output>
        <StdOut>Eliassen.System.Linq.ConsoleLogger`1[Eliassen.System.Linq.Search.QueryBuilder]:Information:&gt;
	Build query for CurrentPage: 0
PageSize: 0
ExcludePageCount: False
SearchTerm: (null)
	F:Name: NotEqualTo: *3

Eliassen.System.Linq.ConsoleLogger`1[Eliassen.System.Linq.Search.QueryBuilder]:Information:&gt;
	Execute (paged): System.Linq.Enumerable+SelectRangeIterator`1[Eliassen.System.Tests.Linq.TestTargets.TestTargetModel].Where(n =&gt; Not(n.Name.EndsWith("3"))).OrderBy(_ =&gt; 0).Skip(0).Take(10)



TestContext Messages:
SearchQuery-QueryableExtensionsTests_ExecuteByTestFilter(142)-638422194100654803.json: Attached
EnumerableQuery_1-QueryableExtensionsTests_ExecuteByTestFilter(144)-638422194100723880.json: Attached
PagedQueryResult_1-QueryableExtensionsTests_ExecuteByTestFilter(146)-638422194100954020.json: Attached
resultKeys: 0,1,2,4,5,6,7,8,9,10</StdOut>
        <StdErr>Eliassen.System.Linq.ConsoleLogger`1[Eliassen.System.Linq.Search.SortBuilder`1[Eliassen.System.Tests.Linq.TestTargets.TestTargetModel]]:Warning:&gt;
	Force sort by 0 applied for Eliassen.System.Tests.Linq.TestTargets.TestTargetModel</StdErr>
      </Output>
      <ResultFiles>
        <ResultFile path="DESKTOP-3FN5V33\EnumerableQuery_1-QueryableExtensionsTests_ExecuteByTestFilter(144)-638422194100723880.json" />
        <ResultFile path="DESKTOP-3FN5V33\PagedQueryResult_1-QueryableExtensionsTests_ExecuteByTestFilter(146)-638422194100954020.json" />
        <ResultFile path="DESKTOP-3FN5V33\SearchQuery-QueryableExtensionsTests_ExecuteByTestFilter(142)-638422194100654803.json" />
      </ResultFiles>
    </UnitTestResult>
    <UnitTestResult executionId="c9cd5079-c002-4e82-bfdf-797e36c49d69" testId="b6498f29-1231-5fcf-4954-1746daa0500d" testName="ExecuteByTest_Filter (Eliassen.System.Tests.Linq.TestTargets.TestTargetModel,Index,NotEqualTo,1,10,0,2,3,4,5,6,7,8,9,10)" computerName="DESKTOP-3FN5V33" duration="00:00:00.0353748" startTime="2024-01-30T13:50:09.2145139-05:00" endTime="2024-01-30T13:50:14.2976306-05:00" testType="13cdc9d9-ddb5-4fa4-a97d-d965ccfc6d4b" outcome="Passed" testListId="8c84fa94-04c1-424b-9868-57a2d4851a1d" relativeResultsDirectory="c9cd5079-c002-4e82-bfdf-797e36c49d69" xmlns="http://microsoft.com/schemas/VisualStudio/TeamTest/2010">
      <Output>
        <StdOut>Eliassen.System.Linq.ConsoleLogger`1[Eliassen.System.Linq.Search.QueryBuilder]:Information:&gt;
	Build query for CurrentPage: 0
PageSize: 0
ExcludePageCount: False
SearchTerm: (null)
	F:Index: NotEqualTo: 1

Eliassen.System.Linq.ConsoleLogger`1[Eliassen.System.Linq.Search.QueryBuilder]:Information:&gt;
	Execute (paged): System.Linq.Enumerable+SelectRangeIterator`1[Eliassen.System.Tests.Linq.TestTargets.TestTargetModel].Where(n =&gt; (n.Index != 1)).OrderBy(_ =&gt; 0).Skip(0).Take(10)



TestContext Messages:
SearchQuery-QueryableExtensionsTests_ExecuteByTestFilter(142)-638422194101788792.json: Attached
EnumerableQuery_1-QueryableExtensionsTests_ExecuteByTestFilter(144)-638422194101869065.json: Attached
PagedQueryResult_1-QueryableExtensionsTests_ExecuteByTestFilter(146)-638422194102035190.json: Attached
resultKeys: 0,2,3,4,5,6,7,8,9,10</StdOut>
        <StdErr>Eliassen.System.Linq.ConsoleLogger`1[Eliassen.System.Linq.Expressions.ExpressionTreeBuilder`1[Eliassen.System.Tests.Linq.TestTargets.TestTargetModel]]:Warning:&gt;
	1 parsed to 1 (System.Int32)
Eliassen.System.Linq.ConsoleLogger`1[Eliassen.System.Linq.Search.SortBuilder`1[Eliassen.System.Tests.Linq.TestTargets.TestTargetModel]]:Warning:&gt;
	Force sort by 0 applied for Eliassen.System.Tests.Linq.TestTargets.TestTargetModel</StdErr>
      </Output>
      <ResultFiles>
        <ResultFile path="DESKTOP-3FN5V33\EnumerableQuery_1-QueryableExtensionsTests_ExecuteByTestFilter(144)-638422194101869065.json" />
        <ResultFile path="DESKTOP-3FN5V33\PagedQueryResult_1-QueryableExtensionsTests_ExecuteByTestFilter(146)-638422194102035190.json" />
        <ResultFile path="DESKTOP-3FN5V33\SearchQuery-QueryableExtensionsTests_ExecuteByTestFilter(142)-638422194101788792.json" />
      </ResultFiles>
    </UnitTestResult>
    <UnitTestResult executionId="a067c384-b42b-42ea-9b8c-5cc8431e48bc" testId="e350703c-47df-56f0-b995-a52c38b53eca" testName="MakeSafeTest (System.Double,1,1)" computerName="DESKTOP-3FN5V33" duration="00:00:00.0103519" startTime="2024-01-30T13:50:08.9410492-05:00" endTime="2024-01-30T13:50:09.1049074-05:00" testType="13cdc9d9-ddb5-4fa4-a97d-d965ccfc6d4b" outcome="Passed" testListId="8c84fa94-04c1-424b-9868-57a2d4851a1d" relativeResultsDirectory="a067c384-b42b-42ea-9b8c-5cc8431e48bc" xmlns="http://microsoft.com/schemas/VisualStudio/TeamTest/2010" />
    <UnitTestResult executionId="f51160ce-6ccb-4a25-a560-6804be53a4b8" testId="7fd160bc-3b5b-e6e2-40ae-1974536260f2" testName="TryParseTest (System.Decimal,1,True,1)" computerName="DESKTOP-3FN5V33" duration="00:00:00.0000099" startTime="2024-01-30T13:50:09.1246101-05:00" endTime="2024-01-30T13:50:09.1272382-05:00" testType="13cdc9d9-ddb5-4fa4-a97d-d965ccfc6d4b" outcome="Passed" testListId="8c84fa94-04c1-424b-9868-57a2d4851a1d" relativeResultsDirectory="f51160ce-6ccb-4a25-a560-6804be53a4b8" xmlns="http://microsoft.com/schemas/VisualStudio/TeamTest/2010" />
    <UnitTestResult executionId="d5c1acd2-5ce8-488c-98a5-fe3986555e2d" testId="5dada6fb-9282-72bc-c9b2-bcfb539a1619" testName="VisitTest_StartsWith (Hello,HE,True)" computerName="DESKTOP-3FN5V33" duration="00:00:00.0011692" startTime="2024-01-30T13:50:15.4525311-05:00" endTime="2024-01-30T13:50:15.4544272-05:00" testType="13cdc9d9-ddb5-4fa4-a97d-d965ccfc6d4b" outcome="Passed" testListId="8c84fa94-04c1-424b-9868-57a2d4851a1d" relativeResultsDirectory="d5c1acd2-5ce8-488c-98a5-fe3986555e2d" xmlns="http://microsoft.com/schemas/VisualStudio/TeamTest/2010">
      <Output>
        <StdOut>Eliassen.System.Linq.ConsoleLogger`1[Eliassen.System.Linq.Expressions.StringComparisonReplacementExpressionVisitor]:Debug:&gt;
	Replace: e.StartsWith(value(Eliassen.System.Tests.Linq.Expressions.StringComparisonReplacementExpressionVisitorTests+&lt;&gt;c__DisplayClass7_0).matched) with e.StartsWith(value(Eliassen.System.Tests.Linq.Expressions.StringComparisonReplacementExpressionVisitorTests+&lt;&gt;c__DisplayClass7_0).matched, CurrentCultureIgnoreCase)



TestContext Messages:
expression: e =&gt; e.StartsWith(value(Eliassen.System.Tests.Linq.Expressions.StringComparisonReplacementExpressionVisitorTests+&lt;&gt;c__DisplayClass7_0).matched)
visited: e =&gt; e.StartsWith(value(Eliassen.System.Tests.Linq.Expressions.StringComparisonReplacementExpressionVisitorTests+&lt;&gt;c__DisplayClass7_0).matched, CurrentCultureIgnoreCase)</StdOut>
      </Output>
    </UnitTestResult>
    <UnitTestResult executionId="48467c2a-cfea-49cc-aa2c-e4ba74ff4ced" testId="b6498f29-1231-5fcf-4954-1746daa0500d" testName="ExecuteByTest_Filter (Eliassen.System.Tests.Linq.TestTargets.TestTargetExtendedModel,May,NotEqualTo,!,10,-1,1,2,4,5,7,8,10,11,13)" computerName="DESKTOP-3FN5V33" duration="00:00:00.2762780" startTime="2024-01-30T13:50:09.2145139-05:00" endTime="2024-01-30T13:50:14.2976306-05:00" testType="13cdc9d9-ddb5-4fa4-a97d-d965ccfc6d4b" outcome="Passed" testListId="8c84fa94-04c1-424b-9868-57a2d4851a1d" relativeResultsDirectory="48467c2a-cfea-49cc-aa2c-e4ba74ff4ced" xmlns="http://microsoft.com/schemas/VisualStudio/TeamTest/2010">
      <Output>
        <StdOut>Eliassen.System.Linq.ConsoleLogger`1[Eliassen.System.Linq.Search.QueryBuilder]:Information:&gt;
	Build query for CurrentPage: 0
PageSize: 0
ExcludePageCount: False
SearchTerm: (null)
	F:May: NotEqualTo: !

Eliassen.System.Linq.ConsoleLogger`1[Eliassen.System.Linq.Search.SortBuilder`1[Eliassen.System.Tests.Linq.TestTargets.TestTargetExtendedModel]]:Information:&gt;
	Applying default sort for Eliassen.System.Tests.Linq.TestTargets.TestTargetExtendedModel: (Index, Ascending)
Eliassen.System.Linq.ConsoleLogger`1[Eliassen.System.Linq.Search.QueryBuilder]:Information:&gt;
	Execute (paged): System.Linq.Enumerable+SelectRangeIterator`1[Eliassen.System.Tests.Linq.TestTargets.TestTargetExtendedModel].Where(n =&gt; (n.May != "")).OrderBy(n =&gt; Convert(n.Index, Object)).Skip(0).Take(10)



TestContext Messages:
SearchQuery-QueryableExtensionsTests_ExecuteByTestFilter(142)-638422194140268287.json: Attached
EnumerableQuery_1-QueryableExtensionsTests_ExecuteByTestFilter(144)-638422194140313766.json: Attached
PagedQueryResult_1-QueryableExtensionsTests_ExecuteByTestFilter(146)-638422194142901857.json: Attached
resultKeys: -1,1,2,4,5,7,8,10,11,13</StdOut>
      </Output>
      <ResultFiles>
        <ResultFile path="DESKTOP-3FN5V33\EnumerableQuery_1-QueryableExtensionsTests_ExecuteByTestFilter(144)-638422194140313766.json" />
        <ResultFile path="DESKTOP-3FN5V33\PagedQueryResult_1-QueryableExtensionsTests_ExecuteByTestFilter(146)-638422194142901857.json" />
        <ResultFile path="DESKTOP-3FN5V33\SearchQuery-QueryableExtensionsTests_ExecuteByTestFilter(142)-638422194140268287.json" />
      </ResultFiles>
    </UnitTestResult>
    <UnitTestResult executionId="378daa48-3111-4891-abee-660d6da9e12d" testId="831e2631-9a37-4b0a-2e4e-453da32f04e1" testName="ToEnumTest (test short,WithDisplay)" computerName="DESKTOP-3FN5V33" duration="00:00:00.0001679" startTime="2024-01-30T13:50:08.9385414-05:00" endTime="2024-01-30T13:50:08.9390050-05:00" testType="13cdc9d9-ddb5-4fa4-a97d-d965ccfc6d4b" outcome="Passed" testListId="8c84fa94-04c1-424b-9868-57a2d4851a1d" relativeResultsDirectory="378daa48-3111-4891-abee-660d6da9e12d" xmlns="http://microsoft.com/schemas/VisualStudio/TeamTest/2010" />
    <UnitTestResult executionId="bbc0d531-ffc3-41d4-8c28-af5010af1fa6" testId="5745a05f-6078-14a6-d124-e23b5e51504a" testName="GetResourceStreamTest" computerName="DESKTOP-3FN5V33" duration="00:00:00.0003738" startTime="2024-01-30T13:50:09.1414366-05:00" endTime="2024-01-30T13:50:09.1420354-05:00" testType="13cdc9d9-ddb5-4fa4-a97d-d965ccfc6d4b" outcome="Passed" testListId="8c84fa94-04c1-424b-9868-57a2d4851a1d" relativeResultsDirectory="bbc0d531-ffc3-41d4-8c28-af5010af1fa6" xmlns="http://microsoft.com/schemas/VisualStudio/TeamTest/2010" />
    <UnitTestResult executionId="32535b31-c641-4f21-9646-c176045dd845" testId="7fd160bc-3b5b-e6e2-40ae-1974536260f2" testName="TryParseTest (System.Double,nope,False,)" computerName="DESKTOP-3FN5V33" duration="00:00:00.0000633" startTime="2024-01-30T13:50:09.1246101-05:00" endTime="2024-01-30T13:50:09.1272382-05:00" testType="13cdc9d9-ddb5-4fa4-a97d-d965ccfc6d4b" outcome="Passed" testListId="8c84fa94-04c1-424b-9868-57a2d4851a1d" relativeResultsDirectory="32535b31-c641-4f21-9646-c176045dd845" xmlns="http://microsoft.com/schemas/VisualStudio/TeamTest/2010" />
    <UnitTestResult executionId="dcb24889-7af3-4392-b9f4-fac384dd6069" testId="256bd52f-eccc-f32c-0e34-b0f4b03b83cc" testName="DeserializeTest_Value ({&quot;Nullable&quot;:{&quot;$date&quot;:&quot;2023-07-05T14:16:32.2015217-04:00&quot;},&quot;Value&quot;:{&quot;$date&quot;:&quot;0001-01-01T00:00:00+00:00&quot;}},0001-01-01T00:00:00+00:00)" computerName="DESKTOP-3FN5V33" duration="00:00:00.0062029" startTime="2024-01-30T13:50:08.5932914-05:00" endTime="2024-01-30T13:50:08.5999078-05:00" testType="13cdc9d9-ddb5-4fa4-a97d-d965ccfc6d4b" outcome="Passed" testListId="8c84fa94-04c1-424b-9868-57a2d4851a1d" relativeResultsDirectory="dcb24889-7af3-4392-b9f4-fac384dd6069" xmlns="http://microsoft.com/schemas/VisualStudio/TeamTest/2010">
      <Output>
        <StdOut>TestContext Messages:
input-BsonDateConverterTests_DeserializeTest_Value(78)-638422194085941618.json: Attached
result-BsonDateConverterTests_DeserializeTest_Value(80)-638422194085967975.json: Attached</StdOut>
      </Output>
      <ResultFiles>
        <ResultFile path="DESKTOP-3FN5V33\input-BsonDateConverterTests_DeserializeTest_Value(78)-638422194085941618.json" />
        <ResultFile path="DESKTOP-3FN5V33\result-BsonDateConverterTests_DeserializeTest_Value(80)-638422194085967975.json" />
      </ResultFiles>
    </UnitTestResult>
    <UnitTestResult executionId="9d3a43bd-1420-42c9-9ee6-79aca5458d7b" testId="2bfed98c-f04b-a9c6-9b30-1a4a12b04bd4" testName="VisitTest_EqualOperator (Hello,HeLlO,True)" computerName="DESKTOP-3FN5V33" duration="00:00:00.0006892" startTime="2024-01-30T13:50:15.4188715-05:00" endTime="2024-01-30T13:50:15.4199421-05:00" testType="13cdc9d9-ddb5-4fa4-a97d-d965ccfc6d4b" outcome="Passed" testListId="8c84fa94-04c1-424b-9868-57a2d4851a1d" relativeResultsDirectory="9d3a43bd-1420-42c9-9ee6-79aca5458d7b" xmlns="http://microsoft.com/schemas/VisualStudio/TeamTest/2010">
      <Output>
        <StdOut>TestContext Messages:
expression: e =&gt; (e == value(Eliassen.System.Tests.Linq.Expressions.StringComparisonReplacementExpressionVisitorTests+&lt;&gt;c__DisplayClass4_0).matched)
visited: e =&gt; e.Equals(value(Eliassen.System.Tests.Linq.Expressions.StringComparisonReplacementExpressionVisitorTests+&lt;&gt;c__DisplayClass4_0).matched, CurrentCultureIgnoreCase)</StdOut>
      </Output>
    </UnitTestResult>
    <UnitTestResult executionId="d95f0990-5790-4ec9-80c5-6821c1d634bb" testId="e350703c-47df-56f0-b995-a52c38b53eca" testName="MakeSafeTest (System.DateTime,3/16/2022,3/16/2022 12:00:00 AM)" computerName="DESKTOP-3FN5V33" duration="00:00:00.0003591" startTime="2024-01-30T13:50:08.9410492-05:00" endTime="2024-01-30T13:50:09.1049074-05:00" testType="13cdc9d9-ddb5-4fa4-a97d-d965ccfc6d4b" outcome="Passed" testListId="8c84fa94-04c1-424b-9868-57a2d4851a1d" relativeResultsDirectory="d95f0990-5790-4ec9-80c5-6821c1d634bb" xmlns="http://microsoft.com/schemas/VisualStudio/TeamTest/2010" />
    <UnitTestResult executionId="52df9e57-49ca-48e7-853d-d13420b28d93" testId="b6498f29-1231-5fcf-4954-1746daa0500d" testName="ExecuteByTest_Filter (Eliassen.System.Tests.Linq.TestTargets.TestTargetExtendedModel,Date,LessThan,3/1/2020,3,-1,0,1)" computerName="DESKTOP-3FN5V33" duration="00:00:00.2283396" startTime="2024-01-30T13:50:09.2145139-05:00" endTime="2024-01-30T13:50:14.2976306-05:00" testType="13cdc9d9-ddb5-4fa4-a97d-d965ccfc6d4b" outcome="Passed" testListId="8c84fa94-04c1-424b-9868-57a2d4851a1d" relativeResultsDirectory="52df9e57-49ca-48e7-853d-d13420b28d93" xmlns="http://microsoft.com/schemas/VisualStudio/TeamTest/2010">
      <Output>
        <StdOut>Eliassen.System.Linq.ConsoleLogger`1[Eliassen.System.Linq.Search.QueryBuilder]:Information:&gt;
	Build query for CurrentPage: 0
PageSize: 0
ExcludePageCount: False
SearchTerm: (null)
	F:Date: LessThan: 3/1/2020

Eliassen.System.Linq.ConsoleLogger`1[Eliassen.System.Linq.Search.SortBuilder`1[Eliassen.System.Tests.Linq.TestTargets.TestTargetExtendedModel]]:Information:&gt;
	Applying default sort for Eliassen.System.Tests.Linq.TestTargets.TestTargetExtendedModel: (Index, Ascending)
Eliassen.System.Linq.ConsoleLogger`1[Eliassen.System.Linq.Search.QueryBuilder]:Information:&gt;
	Execute (paged): System.Linq.Enumerable+SelectRangeIterator`1[Eliassen.System.Tests.Linq.TestTargets.TestTargetExtendedModel].Where(n =&gt; (n.Date &lt; 3/1/2020 12:00:00 AM)).OrderBy(n =&gt; Convert(n.Index, Object)).Skip(0).Take(10)



TestContext Messages:
SearchQuery-QueryableExtensionsTests_ExecuteByTestFilter(142)-638422194111886933.json: Attached
EnumerableQuery_1-QueryableExtensionsTests_ExecuteByTestFilter(144)-638422194111924131.json: Attached
PagedQueryResult_1-QueryableExtensionsTests_ExecuteByTestFilter(146)-638422194114058640.json: Attached
resultKeys: -1,0,1</StdOut>
        <StdErr>Eliassen.System.Linq.ConsoleLogger`1[Eliassen.System.Linq.Expressions.ExpressionTreeBuilder`1[Eliassen.System.Tests.Linq.TestTargets.TestTargetExtendedModel]]:Warning:&gt;
	3/1/2020 parsed to 03/01/2020 00:00:00 (System.DateTime)</StdErr>
      </Output>
      <ResultFiles>
        <ResultFile path="DESKTOP-3FN5V33\EnumerableQuery_1-QueryableExtensionsTests_ExecuteByTestFilter(144)-638422194111924131.json" />
        <ResultFile path="DESKTOP-3FN5V33\PagedQueryResult_1-QueryableExtensionsTests_ExecuteByTestFilter(146)-638422194114058640.json" />
        <ResultFile path="DESKTOP-3FN5V33\SearchQuery-QueryableExtensionsTests_ExecuteByTestFilter(142)-638422194111886933.json" />
      </ResultFiles>
    </UnitTestResult>
    <UnitTestResult executionId="3b86cbeb-4d6e-40ec-8e5e-63331df1268b" testId="c07bd30b-1999-489c-e66f-17f7d59077a7" testName="SerializeTest_Nullable" computerName="DESKTOP-3FN5V33" duration="00:00:00.2037488" startTime="2024-01-30T13:50:08.2871645-05:00" endTime="2024-01-30T13:50:08.5301090-05:00" testType="13cdc9d9-ddb5-4fa4-a97d-d965ccfc6d4b" outcome="Passed" testListId="8c84fa94-04c1-424b-9868-57a2d4851a1d" relativeResultsDirectory="3b86cbeb-4d6e-40ec-8e5e-63331df1268b" xmlns="http://microsoft.com/schemas/VisualStudio/TeamTest/2010">
      <Output>
        <StdOut>TestContext Messages:
result-BsonDateConverterTests_SerializeTest_Nullable(25)-638422194085038414.json: Attached
2024-01-30T13:50:08.4468512-05:00</StdOut>
      </Output>
      <ResultFiles>
        <ResultFile path="DESKTOP-3FN5V33\result-BsonDateConverterTests_SerializeTest_Nullable(25)-638422194085038414.json" />
      </ResultFiles>
    </UnitTestResult>
    <UnitTestResult executionId="03609db9-e473-4e98-9866-9e5f6af1c8dc" testId="838644d9-6365-e4a6-691a-5f9e9cba540d" testName="GetResourceFromJsonTest_NotFound" computerName="DESKTOP-3FN5V33" duration="00:00:00.0001342" startTime="2024-01-30T13:50:09.2011109-05:00" endTime="2024-01-30T13:50:09.2014279-05:00" testType="13cdc9d9-ddb5-4fa4-a97d-d965ccfc6d4b" outcome="Passed" testListId="8c84fa94-04c1-424b-9868-57a2d4851a1d" relativeResultsDirectory="03609db9-e473-4e98-9866-9e5f6af1c8dc" xmlns="http://microsoft.com/schemas/VisualStudio/TeamTest/2010" />
    <UnitTestResult executionId="43943c71-7c92-433b-80c5-8e1007f4383f" testId="4ce80adc-85b2-94de-76f3-cc28367202bc" testName="ToEnumTest (-1,-1)" computerName="DESKTOP-3FN5V33" duration="00:00:00.0000319" startTime="2024-01-30T13:50:08.9074276-05:00" endTime="2024-01-30T13:50:08.9078934-05:00" testType="13cdc9d9-ddb5-4fa4-a97d-d965ccfc6d4b" outcome="Passed" testListId="8c84fa94-04c1-424b-9868-57a2d4851a1d" relativeResultsDirectory="43943c71-7c92-433b-80c5-8e1007f4383f" xmlns="http://microsoft.com/schemas/VisualStudio/TeamTest/2010" />
    <UnitTestResult executionId="e53dfe0b-fe42-48fc-9960-a9c99b50c18f" testId="926b3157-bee3-3ace-b6de-f2a9df622c6d" testName="DeserializeTest_Nullable ({&quot;Nullable&quot;:{&quot;$date&quot;:&quot;2023-07-05T14:16:32.2015217-04:00&quot;},&quot;Value&quot;:{&quot;$date&quot;:&quot;0001-01-01T00:00:00+00:00&quot;}},2023-07-05T14:16:32.2015217-04:00)" computerName="DESKTOP-3FN5V33" duration="00:00:00.0191796" startTime="2024-01-30T13:50:08.5566228-05:00" endTime="2024-01-30T13:50:08.5799393-05:00" testType="13cdc9d9-ddb5-4fa4-a97d-d965ccfc6d4b" outcome="Passed" testListId="8c84fa94-04c1-424b-9868-57a2d4851a1d" relativeResultsDirectory="e53dfe0b-fe42-48fc-9960-a9c99b50c18f" xmlns="http://microsoft.com/schemas/VisualStudio/TeamTest/2010">
      <Output>
        <StdOut>TestContext Messages:
input-BsonDateConverterTests_DeserializeTest_Nullable(64)-638422194085611652.json: Attached
result-BsonDateConverterTests_DeserializeTest_Nullable(66)-638422194085708585.json: Attached</StdOut>
      </Output>
      <ResultFiles>
        <ResultFile path="DESKTOP-3FN5V33\input-BsonDateConverterTests_DeserializeTest_Nullable(64)-638422194085611652.json" />
        <ResultFile path="DESKTOP-3FN5V33\result-BsonDateConverterTests_DeserializeTest_Nullable(66)-638422194085708585.json" />
      </ResultFiles>
    </UnitTestResult>
    <UnitTestResult executionId="bc154354-c95f-45ae-b007-38b041893fe6" testId="b6498f29-1231-5fcf-4954-1746daa0500d" testName="ExecuteByTest_Filter (Eliassen.System.Tests.Linq.TestTargets.TestTargetModel,Index,EqualTo,1,1,1)" computerName="DESKTOP-3FN5V33" duration="00:00:00.0304445" startTime="2024-01-30T13:50:09.2145139-05:00" endTime="2024-01-30T13:50:14.2976306-05:00" testType="13cdc9d9-ddb5-4fa4-a97d-d965ccfc6d4b" outcome="Passed" testListId="8c84fa94-04c1-424b-9868-57a2d4851a1d" relativeResultsDirectory="bc154354-c95f-45ae-b007-38b041893fe6" xmlns="http://microsoft.com/schemas/VisualStudio/TeamTest/2010">
      <Output>
        <StdOut>Eliassen.System.Linq.ConsoleLogger`1[Eliassen.System.Linq.Search.QueryBuilder]:Information:&gt;
	Build query for CurrentPage: 0
PageSize: 0
ExcludePageCount: False
SearchTerm: (null)
	F:Index: EqualTo: 1

Eliassen.System.Linq.ConsoleLogger`1[Eliassen.System.Linq.Search.QueryBuilder]:Information:&gt;
	Execute (paged): System.Linq.Enumerable+SelectRangeIterator`1[Eliassen.System.Tests.Linq.TestTargets.TestTargetModel].Where(n =&gt; (n.Index == 1)).OrderBy(_ =&gt; 0).Skip(0).Take(10)



TestContext Messages:
SearchQuery-QueryableExtensionsTests_ExecuteByTestFilter(142)-638422194094967124.json: Attached
EnumerableQuery_1-QueryableExtensionsTests_ExecuteByTestFilter(144)-638422194095000767.json: Attached
PagedQueryResult_1-QueryableExtensionsTests_ExecuteByTestFilter(146)-638422194095161369.json: Attached
resultKeys: 1</StdOut>
        <StdErr>Eliassen.System.Linq.ConsoleLogger`1[Eliassen.System.Linq.Expressions.ExpressionTreeBuilder`1[Eliassen.System.Tests.Linq.TestTargets.TestTargetModel]]:Warning:&gt;
	1 parsed to 1 (System.Int32)
Eliassen.System.Linq.ConsoleLogger`1[Eliassen.System.Linq.Search.SortBuilder`1[Eliassen.System.Tests.Linq.TestTargets.TestTargetModel]]:Warning:&gt;
	Force sort by 0 applied for Eliassen.System.Tests.Linq.TestTargets.TestTargetModel</StdErr>
      </Output>
      <ResultFiles>
        <ResultFile path="DESKTOP-3FN5V33\EnumerableQuery_1-QueryableExtensionsTests_ExecuteByTestFilter(144)-638422194095000767.json" />
        <ResultFile path="DESKTOP-3FN5V33\PagedQueryResult_1-QueryableExtensionsTests_ExecuteByTestFilter(146)-638422194095161369.json" />
        <ResultFile path="DESKTOP-3FN5V33\SearchQuery-QueryableExtensionsTests_ExecuteByTestFilter(142)-638422194094967124.json" />
      </ResultFiles>
    </UnitTestResult>
    <UnitTestResult executionId="d92270cf-8288-4f71-86c6-e434e2f5b8e1" testId="b6498f29-1231-5fcf-4954-1746daa0500d" testName="ExecuteByTest_Filter (Eliassen.System.Tests.Linq.TestTargets.TestTargetWithInnerArrayModel,Children,EqualTo,*001,10,2,3,4,5,6,7,8,9,12,13)" computerName="DESKTOP-3FN5V33" duration="00:00:00.0526188" startTime="2024-01-30T13:50:09.2145139-05:00" endTime="2024-01-30T13:50:14.2976306-05:00" testType="13cdc9d9-ddb5-4fa4-a97d-d965ccfc6d4b" outcome="Passed" testListId="8c84fa94-04c1-424b-9868-57a2d4851a1d" relativeResultsDirectory="d92270cf-8288-4f71-86c6-e434e2f5b8e1" xmlns="http://microsoft.com/schemas/VisualStudio/TeamTest/2010">
      <Output>
        <StdOut>Eliassen.System.Linq.ConsoleLogger`1[Eliassen.System.Linq.Search.QueryBuilder]:Information:&gt;
	Build query for CurrentPage: 0
PageSize: 0
ExcludePageCount: False
SearchTerm: (null)
	F:Children: EqualTo: *001

Eliassen.System.Linq.ConsoleLogger`1[Eliassen.System.Linq.Search.QueryBuilder]:Information:&gt;
	Execute (paged): System.Linq.Enumerable+SelectRangeIterator`1[Eliassen.System.Tests.Linq.TestTargets.TestTargetWithInnerArrayModel].Where(n =&gt; n.Children.Any(child =&gt; child.EndsWith("001"))).OrderBy(_ =&gt; 0).Skip(0).Take(10)



TestContext Messages:
SearchQuery-QueryableExtensionsTests_ExecuteByTestFilter(142)-638422194129641002.json: Attached
EnumerableQuery_1-QueryableExtensionsTests_ExecuteByTestFilter(144)-638422194129678612.json: Attached
PagedQueryResult_1-QueryableExtensionsTests_ExecuteByTestFilter(146)-638422194130025266.json: Attached
resultKeys: 2,3,4,5,6,7,8,9,12,13</StdOut>
        <StdErr>Eliassen.System.Linq.ConsoleLogger`1[Eliassen.System.Linq.Search.SortBuilder`1[Eliassen.System.Tests.Linq.TestTargets.TestTargetWithInnerArrayModel]]:Warning:&gt;
	Force sort by 0 applied for Eliassen.System.Tests.Linq.TestTargets.TestTargetWithInnerArrayModel</StdErr>
      </Output>
      <ResultFiles>
        <ResultFile path="DESKTOP-3FN5V33\EnumerableQuery_1-QueryableExtensionsTests_ExecuteByTestFilter(144)-638422194129678612.json" />
        <ResultFile path="DESKTOP-3FN5V33\PagedQueryResult_1-QueryableExtensionsTests_ExecuteByTestFilter(146)-638422194130025266.json" />
        <ResultFile path="DESKTOP-3FN5V33\SearchQuery-QueryableExtensionsTests_ExecuteByTestFilter(142)-638422194129641002.json" />
      </ResultFiles>
    </UnitTestResult>
    <UnitTestResult executionId="2d955e25-e15b-438e-bfaf-6f0cfcdd600a" testId="e350703c-47df-56f0-b995-a52c38b53eca" testName="MakeSafeTest (System.Nullable`1[System.Guid],18AACB9C-2989-4322-A490-C7167BEA0DB4,18aacb9c-2989-4322-a490-c7167bea0db4)" computerName="DESKTOP-3FN5V33" duration="00:00:00.0002784" startTime="2024-01-30T13:50:08.9410492-05:00" endTime="2024-01-30T13:50:09.1049074-05:00" testType="13cdc9d9-ddb5-4fa4-a97d-d965ccfc6d4b" outcome="Passed" testListId="8c84fa94-04c1-424b-9868-57a2d4851a1d" relativeResultsDirectory="2d955e25-e15b-438e-bfaf-6f0cfcdd600a" xmlns="http://microsoft.com/schemas/VisualStudio/TeamTest/2010" />
    <UnitTestResult executionId="56742cdf-5d74-486f-89f7-dbb5127abf15" testId="b6498f29-1231-5fcf-4954-1746daa0500d" testName="ExecuteByTest_Filter (Eliassen.System.Tests.Linq.TestTargets.TestTargetModel,Name,InSet,System.String[],3,1,2,3)" computerName="DESKTOP-3FN5V33" duration="00:00:00.0276107" startTime="2024-01-30T13:50:09.2145139-05:00" endTime="2024-01-30T13:50:14.2976306-05:00" testType="13cdc9d9-ddb5-4fa4-a97d-d965ccfc6d4b" outcome="Passed" testListId="8c84fa94-04c1-424b-9868-57a2d4851a1d" relativeResultsDirectory="56742cdf-5d74-486f-89f7-dbb5127abf15" xmlns="http://microsoft.com/schemas/VisualStudio/TeamTest/2010">
      <Output>
        <StdOut>Eliassen.System.Linq.ConsoleLogger`1[Eliassen.System.Linq.Search.QueryBuilder]:Information:&gt;
	Build query for CurrentPage: 0
PageSize: 0
ExcludePageCount: False
SearchTerm: (null)
	F:Name: InSet: Name1; Name2; Name3

Eliassen.System.Linq.ConsoleLogger`1[Eliassen.System.Linq.Search.QueryBuilder]:Information:&gt;
	Execute (paged): System.Linq.Enumerable+SelectRangeIterator`1[Eliassen.System.Tests.Linq.TestTargets.TestTargetModel].Where(n =&gt; value(System.String[]).Contains(n.Name)).OrderBy(_ =&gt; 0).Skip(0).Take(10)



TestContext Messages:
SearchQuery-QueryableExtensionsTests_ExecuteByTestFilter(142)-638422194095560495.json: Attached
EnumerableQuery_1-QueryableExtensionsTests_ExecuteByTestFilter(144)-638422194095598502.json: Attached
PagedQueryResult_1-QueryableExtensionsTests_ExecuteByTestFilter(146)-638422194095758639.json: Attached
resultKeys: 1,2,3</StdOut>
        <StdErr>Eliassen.System.Linq.ConsoleLogger`1[Eliassen.System.Linq.Search.SortBuilder`1[Eliassen.System.Tests.Linq.TestTargets.TestTargetModel]]:Warning:&gt;
	Force sort by 0 applied for Eliassen.System.Tests.Linq.TestTargets.TestTargetModel</StdErr>
      </Output>
      <ResultFiles>
        <ResultFile path="DESKTOP-3FN5V33\EnumerableQuery_1-QueryableExtensionsTests_ExecuteByTestFilter(144)-638422194095598502.json" />
        <ResultFile path="DESKTOP-3FN5V33\PagedQueryResult_1-QueryableExtensionsTests_ExecuteByTestFilter(146)-638422194095758639.json" />
        <ResultFile path="DESKTOP-3FN5V33\SearchQuery-QueryableExtensionsTests_ExecuteByTestFilter(142)-638422194095560495.json" />
      </ResultFiles>
    </UnitTestResult>
    <UnitTestResult executionId="bc9a762b-0757-4d04-83ee-c65a13a4a41f" testId="5adbf889-f6cc-6aad-7fc3-6b99d44bef4c" testName="VisitTest_StartsWith (Hello,He,True)" computerName="DESKTOP-3FN5V33" duration="00:00:00.0017168" startTime="2024-01-30T13:50:15.4475689-05:00" endTime="2024-01-30T13:50:15.4498248-05:00" testType="13cdc9d9-ddb5-4fa4-a97d-d965ccfc6d4b" outcome="Passed" testListId="8c84fa94-04c1-424b-9868-57a2d4851a1d" relativeResultsDirectory="bc9a762b-0757-4d04-83ee-c65a13a4a41f" xmlns="http://microsoft.com/schemas/VisualStudio/TeamTest/2010">
      <Output>
        <StdOut>Eliassen.System.Linq.ConsoleLogger`1[Eliassen.System.Linq.Expressions.StringComparisonReplacementExpressionVisitor]:Debug:&gt;
	Replace: e.StartsWith(value(Eliassen.System.Tests.Linq.Expressions.StringComparisonReplacementExpressionVisitorTests+&lt;&gt;c__DisplayClass7_0).matched) with e.StartsWith(value(Eliassen.System.Tests.Linq.Expressions.StringComparisonReplacementExpressionVisitorTests+&lt;&gt;c__DisplayClass7_0).matched, CurrentCultureIgnoreCase)



TestContext Messages:
expression: e =&gt; e.StartsWith(value(Eliassen.System.Tests.Linq.Expressions.StringComparisonReplacementExpressionVisitorTests+&lt;&gt;c__DisplayClass7_0).matched)
visited: e =&gt; e.StartsWith(value(Eliassen.System.Tests.Linq.Expressions.StringComparisonReplacementExpressionVisitorTests+&lt;&gt;c__DisplayClass7_0).matched, CurrentCultureIgnoreCase)</StdOut>
      </Output>
    </UnitTestResult>
    <UnitTestResult executionId="60b370f2-2338-42e6-8396-c30a1ee5c53a" testId="f20600a2-9628-5de8-bbf6-315f97e16140" testName="ToEnumTest (test name,WithDisplay)" computerName="DESKTOP-3FN5V33" duration="00:00:00.0004156" startTime="2024-01-30T13:50:08.9355112-05:00" endTime="2024-01-30T13:50:08.9369872-05:00" testType="13cdc9d9-ddb5-4fa4-a97d-d965ccfc6d4b" outcome="Passed" testListId="8c84fa94-04c1-424b-9868-57a2d4851a1d" relativeResultsDirectory="60b370f2-2338-42e6-8396-c30a1ee5c53a" xmlns="http://microsoft.com/schemas/VisualStudio/TeamTest/2010" />
    <UnitTestResult executionId="8524ff78-4488-41dc-9c36-f6c66f2386fa" testId="e350703c-47df-56f0-b995-a52c38b53eca" testName="MakeSafeTest (System.String,1,1)" computerName="DESKTOP-3FN5V33" duration="00:00:00.0004080" startTime="2024-01-30T13:50:08.9410492-05:00" endTime="2024-01-30T13:50:09.1049074-05:00" testType="13cdc9d9-ddb5-4fa4-a97d-d965ccfc6d4b" outcome="Passed" testListId="8c84fa94-04c1-424b-9868-57a2d4851a1d" relativeResultsDirectory="8524ff78-4488-41dc-9c36-f6c66f2386fa" xmlns="http://microsoft.com/schemas/VisualStudio/TeamTest/2010" />
    <UnitTestResult executionId="779d41bd-a75f-4841-b38e-d1813fe88325" testId="dbc55b57-382b-82eb-3acf-abef72ee15cc" testName="SendAsyncTest_ByKeyed" computerName="DESKTOP-3FN5V33" duration="00:00:00.0119937" startTime="2024-01-30T13:50:19.5405383-05:00" endTime="2024-01-30T13:50:19.5535737-05:00" testType="13cdc9d9-ddb5-4fa4-a97d-d965ccfc6d4b" outcome="Passed" testListId="8c84fa94-04c1-424b-9868-57a2d4851a1d" relativeResultsDirectory="779d41bd-a75f-4841-b38e-d1813fe88325" xmlns="http://microsoft.com/schemas/VisualStudio/TeamTest/2010">
      <Output>
        <StdOut>info: Eliassen.MessageQueueing.Tests.MessageSenderTests[0]
      Sending: "{ hello = world }" [(null) -&gt; 01597813-7007-4324-b9da-0a27a50835ec] to "Eliassen.MessageQueueing.Tests.MessageSenderTests" from "System.Runtime.CompilerServices.AsyncMethodBuilderCore::Void Start[TStateMachine](TStateMachine ByRef)"
info: Eliassen.MessageQueueing.Tests.TestItems.TestMessageSenderProvider[0]
      SendAsync({ hello = world }, Eliassen.MessageQueueing.Services.MessageContext)
info: Eliassen.MessageQueueing.Tests.MessageSenderTests[0]
      Sent: [(null) -&gt; 01597813-7007-4324-b9da-0a27a50835ec] =&gt; ((null))



TestContext Messages:
Configuration-MessageSenderTests_GetServiceProvider(107)-638422194195412141.txt: Attached
message-TestMessageSenderProvider_SendAsync(22)-638422194195466719.json: Attached
context-TestMessageSenderProvider_SendAsync(23)-638422194195485742.json: Attached
correlationId: 01597813-7007-4324-b9da-0a27a50835ec</StdOut>
      </Output>
      <ResultFiles>
        <ResultFile path="DESKTOP-3FN5V33\Configuration-MessageSenderTests_GetServiceProvider(107)-638422194195412141.txt" />
        <ResultFile path="DESKTOP-3FN5V33\context-TestMessageSenderProvider_SendAsync(23)-638422194195485742.json" />
        <ResultFile path="DESKTOP-3FN5V33\message-TestMessageSenderProvider_SendAsync(22)-638422194195466719.json" />
      </ResultFiles>
    </UnitTestResult>
    <UnitTestResult executionId="69bb278a-70f9-4648-8aa6-c4c09a4bf02e" testId="b64dc215-d1b4-1f14-fa25-4d622e2e9f2e" testName="SendAsyncTest_ByFullType" computerName="DESKTOP-3FN5V33" duration="00:00:00.5286596" startTime="2024-01-30T13:50:18.9708238-05:00" endTime="2024-01-30T13:50:19.5185730-05:00" testType="13cdc9d9-ddb5-4fa4-a97d-d965ccfc6d4b" outcome="Passed" testListId="8c84fa94-04c1-424b-9868-57a2d4851a1d" relativeResultsDirectory="69bb278a-70f9-4648-8aa6-c4c09a4bf02e" xmlns="http://microsoft.com/schemas/VisualStudio/TeamTest/2010">
      <Output>
        <StdOut>info: Eliassen.MessageQueueing.Tests.MessageSenderTests[0]
      Sending: "{ hello = world }" [(null) -&gt; b3570df1-d46b-4bd9-8812-fedfe7f5b1db] to "Eliassen.MessageQueueing.Tests.MessageSenderTests" from "System.Runtime.CompilerServices.AsyncMethodBuilderCore::Void Start[TStateMachine](TStateMachine ByRef)"
info: Eliassen.MessageQueueing.Tests.TestItems.TestMessageSenderProvider[0]
      SendAsync({ hello = world }, Eliassen.MessageQueueing.Services.MessageContext)
info: Eliassen.MessageQueueing.Tests.MessageSenderTests[0]
      Sent: [(null) -&gt; b3570df1-d46b-4bd9-8812-fedfe7f5b1db] =&gt; ((null))



TestContext Messages:
Configuration-MessageSenderTests_GetServiceProvider(107)-638422194193018047.txt: Attached
message-TestMessageSenderProvider_SendAsync(22)-638422194194686450.json: Attached
context-TestMessageSenderProvider_SendAsync(23)-638422194194888237.json: Attached
correlationId: b3570df1-d46b-4bd9-8812-fedfe7f5b1db</StdOut>
      </Output>
      <ResultFiles>
        <ResultFile path="DESKTOP-3FN5V33\Configuration-MessageSenderTests_GetServiceProvider(107)-638422194193018047.txt" />
        <ResultFile path="DESKTOP-3FN5V33\context-TestMessageSenderProvider_SendAsync(23)-638422194194888237.json" />
        <ResultFile path="DESKTOP-3FN5V33\message-TestMessageSenderProvider_SendAsync(22)-638422194194686450.json" />
      </ResultFiles>
    </UnitTestResult>
    <UnitTestResult executionId="7a65a2d3-eb05-41e9-9b5a-a1223fb8b0e9" testId="e5454c02-b359-b78c-7c37-b5f0f590b608" testName="SendAsyncTest_Error" computerName="DESKTOP-3FN5V33" duration="00:00:00.0104331" startTime="2024-01-30T13:50:19.5284695-05:00" endTime="2024-01-30T13:50:19.5392500-05:00" testType="13cdc9d9-ddb5-4fa4-a97d-d965ccfc6d4b" outcome="Passed" testListId="8c84fa94-04c1-424b-9868-57a2d4851a1d" relativeResultsDirectory="7a65a2d3-eb05-41e9-9b5a-a1223fb8b0e9" xmlns="http://microsoft.com/schemas/VisualStudio/TeamTest/2010">
      <Output>
        <StdOut>info: Eliassen.MessageQueueing.Tests.MessageSenderTests[0]
      Sending: "{ hello = world }" [(null) -&gt; cd2da71b-8bc0-4f68-a949-5954aba2cd67] to "Eliassen.MessageQueueing.Tests.MessageSenderTests" from "System.Runtime.CompilerServices.AsyncMethodBuilderCore::Void Start[TStateMachine](TStateMachine ByRef)"
fail: Eliassen.MessageQueueing.Tests.MessageSenderTests[0]
      Error: "Error in the application." [(null) -&gt; cd2da71b-8bc0-4f68-a949-5954aba2cd67]
dbug: Eliassen.MessageQueueing.Tests.MessageSenderTests[0]
      Exception: System.ApplicationException: Error in the application.
         at Eliassen.MessageQueueing.MessageSender`1.SendAsync(Object message, String correlationId) in c:\Repos\Nucleus\Net.Libs\Framework\Eliassen.MessageQueueing\MessageSender.cs:line 79
       [(null) -&gt; cd2da71b-8bc0-4f68-a949-5954aba2cd67]



TestContext Messages:
Configuration-MessageSenderTests_GetServiceProvider(107)-638422194195297756.txt: Attached</StdOut>
      </Output>
      <ResultFiles>
        <ResultFile path="DESKTOP-3FN5V33\Configuration-MessageSenderTests_GetServiceProvider(107)-638422194195297756.txt" />
      </ResultFiles>
    </UnitTestResult>
    <UnitTestResult executionId="5af1b04b-35fe-47c9-9938-43d2648055a7" testId="cafd6058-6aab-9d1f-69ad-4c9f56040de6" testName="ToEnumTest (Val2,Val1,Val1, Val2)" computerName="DESKTOP-3FN5V33" duration="00:00:00.0000540" startTime="2024-01-25T17:12:47.7586439-05:00" endTime="2024-01-25T17:12:47.7623094-05:00" testType="13cdc9d9-ddb5-4fa4-a97d-d965ccfc6d4b" outcome="Passed" testListId="8c84fa94-04c1-424b-9868-57a2d4851a1d" relativeResultsDirectory="5af1b04b-35fe-47c9-9938-43d2648055a7" xmlns="http://microsoft.com/schemas/VisualStudio/TeamTest/2010" />
    <UnitTestResult executionId="a8a50ed7-efd8-443c-9e29-24d2caac2081" testId="2e0c9851-0485-aa3c-d24f-7fccd80074f4" testName="ToEnumTest (Val2,Val2)" computerName="DESKTOP-3FN5V33" duration="00:00:00.0000405" startTime="2024-01-25T17:12:47.7552674-05:00" endTime="2024-01-25T17:12:47.7558031-05:00" testType="13cdc9d9-ddb5-4fa4-a97d-d965ccfc6d4b" outcome="Passed" testListId="8c84fa94-04c1-424b-9868-57a2d4851a1d" relativeResultsDirectory="a8a50ed7-efd8-443c-9e29-24d2caac2081" xmlns="http://microsoft.com/schemas/VisualStudio/TeamTest/2010" />
    <UnitTestResult executionId="287d2aa0-5656-4896-9784-20b5e978a9b2" testId="4bf38066-0bb2-757e-8a8e-3db6781b25d2" testName="ExecuteByTest_Sort (Name,Ascending,0,1,10,100,101,102,103,104,105,106)" computerName="DESKTOP-3FN5V33" duration="00:00:00.0181157" startTime="2024-01-25T17:12:56.6167674-05:00" endTime="2024-01-25T17:12:56.6356016-05:00" testType="13cdc9d9-ddb5-4fa4-a97d-d965ccfc6d4b" outcome="Passed" testListId="8c84fa94-04c1-424b-9868-57a2d4851a1d" relativeResultsDirectory="287d2aa0-5656-4896-9784-20b5e978a9b2" xmlns="http://microsoft.com/schemas/VisualStudio/TeamTest/2010">
      <Output>
        <StdOut>Eliassen.System.Linq.ConsoleLogger`1[Eliassen.System.Linq.Search.QueryBuilder]:Information:&gt;
	Build query for CurrentPage: 0
PageSize: 0
ExcludePageCount: False
SearchTerm: (null)
	S:Name: Ascending

Eliassen.System.Linq.ConsoleLogger`1[Eliassen.System.Linq.Search.QueryBuilder]:Information:&gt;
	Execute (paged): System.Linq.Enumerable+SelectRangeIterator`1[Eliassen.System.Tests.Linq.TestTargets.TestTargetModel].OrderBy(n =&gt; n.Name).Skip(0).Take(10)



TestContext Messages:
SearchQuery-QueryableExtensionsTests_ExecuteByTest_Sort(340)-638417995766173111.json: Attached
PagedQueryResult_1-QueryableExtensionsTests_ExecuteByTest_Sort(342)-638417995766306612.json: Attached</StdOut>
        <StdErr>Eliassen.System.Linq.ConsoleLogger`1[Eliassen.System.Linq.Search.QueryBuilder]:Warning:&gt;
	No filtering detected: System.Linq.Enumerable+SelectRangeIterator`1[Eliassen.System.Tests.Linq.TestTargets.TestTargetModel]: CurrentPage: 0
PageSize: 0
ExcludePageCount: False
SearchTerm: (null)
	S:Name: Ascending</StdErr>
      </Output>
      <ResultFiles>
        <ResultFile path="DESKTOP-3FN5V33\PagedQueryResult_1-QueryableExtensionsTests_ExecuteByTest_Sort(342)-638417995766306612.json" />
        <ResultFile path="DESKTOP-3FN5V33\SearchQuery-QueryableExtensionsTests_ExecuteByTest_Sort(340)-638417995766173111.json" />
      </ResultFiles>
    </UnitTestResult>
    <UnitTestResult executionId="3fefcdcb-7f67-42a8-8dae-9f0b0986694b" testId="0f7e3e16-777a-5558-36e8-70ed511d8dc2" testName="ToEnumTest (name2,WithMemberName)" computerName="DESKTOP-3FN5V33" duration="00:00:00.0004550" startTime="2024-01-25T17:12:47.8042280-05:00" endTime="2024-01-25T17:12:47.8051625-05:00" testType="13cdc9d9-ddb5-4fa4-a97d-d965ccfc6d4b" outcome="Passed" testListId="8c84fa94-04c1-424b-9868-57a2d4851a1d" relativeResultsDirectory="3fefcdcb-7f67-42a8-8dae-9f0b0986694b" xmlns="http://microsoft.com/schemas/VisualStudio/TeamTest/2010" />
    <UnitTestResult executionId="2ff51e66-075d-4c06-ba9a-c3a71b177b7f" testId="2b082eef-4fa9-3b0c-8d19-b1f036cc7147" testName="ToEnumTest (3,Val1, Val2)" computerName="DESKTOP-3FN5V33" duration="00:00:00.0000151" startTime="2024-01-25T17:12:47.7843661-05:00" endTime="2024-01-25T17:12:47.7845742-05:00" testType="13cdc9d9-ddb5-4fa4-a97d-d965ccfc6d4b" outcome="Passed" testListId="8c84fa94-04c1-424b-9868-57a2d4851a1d" relativeResultsDirectory="2ff51e66-075d-4c06-ba9a-c3a71b177b7f" xmlns="http://microsoft.com/schemas/VisualStudio/TeamTest/2010" />
    <UnitTestResult executionId="648d670a-358e-4778-98dd-39417ed22f2b" testId="38e9a0c7-b39d-0746-cc04-b6b9aa4e3b7c" testName="ToEnumTest (Val2 , Val1,Val1, Val2)" computerName="DESKTOP-3FN5V33" duration="00:00:00.0000667" startTime="2024-01-25T17:12:47.7654632-05:00" endTime="2024-01-25T17:12:47.7661013-05:00" testType="13cdc9d9-ddb5-4fa4-a97d-d965ccfc6d4b" outcome="Passed" testListId="8c84fa94-04c1-424b-9868-57a2d4851a1d" relativeResultsDirectory="648d670a-358e-4778-98dd-39417ed22f2b" xmlns="http://microsoft.com/schemas/VisualStudio/TeamTest/2010" />
    <UnitTestResult executionId="4a59e6c9-f402-46bd-b724-6944832289f7" testId="f78a8ff3-c0d0-976a-acb4-40a970430b93" testName="ToEnumTest (test description,WithDescription)" computerName="DESKTOP-3FN5V33" duration="00:00:00.0005744" startTime="2024-01-25T17:12:47.8132451-05:00" endTime="2024-01-25T17:12:47.8150352-05:00" testType="13cdc9d9-ddb5-4fa4-a97d-d965ccfc6d4b" outcome="Passed" testListId="8c84fa94-04c1-424b-9868-57a2d4851a1d" relativeResultsDirectory="4a59e6c9-f402-46bd-b724-6944832289f7" xmlns="http://microsoft.com/schemas/VisualStudio/TeamTest/2010" />
    <UnitTestResult executionId="61d12989-822b-4d73-be78-422486850299" testId="a68de2ae-2056-64c2-a1d0-a4ade981516a" testName="ToEnumTest (Val2, Val1,Val1, Val2)" computerName="DESKTOP-3FN5V33" duration="00:00:00.0000284" startTime="2024-01-25T17:12:47.7570471-05:00" endTime="2024-01-25T17:12:47.7574228-05:00" testType="13cdc9d9-ddb5-4fa4-a97d-d965ccfc6d4b" outcome="Passed" testListId="8c84fa94-04c1-424b-9868-57a2d4851a1d" relativeResultsDirectory="61d12989-822b-4d73-be78-422486850299" xmlns="http://microsoft.com/schemas/VisualStudio/TeamTest/2010" />
    <UnitTestResult executionId="e9f8bb44-a802-4273-90be-68f60cc17dff" testId="84a71d2d-ba2d-93f8-5034-8f6c197225a9" testName="ToEnumTest (name,WithEnumValue)" computerName="DESKTOP-3FN5V33" duration="00:00:00.0022546" startTime="2024-01-25T17:12:47.7968401-05:00" endTime="2024-01-25T17:12:47.7996636-05:00" testType="13cdc9d9-ddb5-4fa4-a97d-d965ccfc6d4b" outcome="Passed" testListId="8c84fa94-04c1-424b-9868-57a2d4851a1d" relativeResultsDirectory="e9f8bb44-a802-4273-90be-68f60cc17dff" xmlns="http://microsoft.com/schemas/VisualStudio/TeamTest/2010" />
    <UnitTestResult executionId="803aae46-c639-4eae-9660-5080d08fc69a" testId="207e4065-88b5-ba27-1f76-4d0f0a098cde" testName="ToEnumTest (2,Val2)" computerName="DESKTOP-3FN5V33" duration="00:00:00.0000179" startTime="2024-01-25T17:12:47.7830400-05:00" endTime="2024-01-25T17:12:47.7833230-05:00" testType="13cdc9d9-ddb5-4fa4-a97d-d965ccfc6d4b" outcome="Passed" testListId="8c84fa94-04c1-424b-9868-57a2d4851a1d" relativeResultsDirectory="803aae46-c639-4eae-9660-5080d08fc69a" xmlns="http://microsoft.com/schemas/VisualStudio/TeamTest/2010" />
    <UnitTestResult executionId="96ad9532-f80d-4940-89f7-ae4df20af570" testId="97a142d5-b0a9-d9bf-03a6-736e4df75106" testName="ExecuteByTest_Sort (NAME,Descending,999,998,997,996,995,994,993,992,991,990)" computerName="DESKTOP-3FN5V33" duration="00:00:00.0176636" startTime="2024-01-25T17:12:56.5967694-05:00" endTime="2024-01-25T17:12:56.6150353-05:00" testType="13cdc9d9-ddb5-4fa4-a97d-d965ccfc6d4b" outcome="Passed" testListId="8c84fa94-04c1-424b-9868-57a2d4851a1d" relativeResultsDirectory="96ad9532-f80d-4940-89f7-ae4df20af570" xmlns="http://microsoft.com/schemas/VisualStudio/TeamTest/2010">
      <Output>
        <StdOut>Eliassen.System.Linq.ConsoleLogger`1[Eliassen.System.Linq.Search.QueryBuilder]:Information:&gt;
	Build query for CurrentPage: 0
PageSize: 0
ExcludePageCount: False
SearchTerm: (null)
	S:NAME: Descending

Eliassen.System.Linq.ConsoleLogger`1[Eliassen.System.Linq.Search.QueryBuilder]:Information:&gt;
	Execute (paged): System.Linq.Enumerable+SelectRangeIterator`1[Eliassen.System.Tests.Linq.TestTargets.TestTargetModel].OrderByDescending(n =&gt; n.Name).Skip(0).Take(10)



TestContext Messages:
SearchQuery-QueryableExtensionsTests_ExecuteByTest_Sort(340)-638417995765972713.json: Attached
PagedQueryResult_1-QueryableExtensionsTests_ExecuteByTest_Sort(342)-638417995766092480.json: Attached</StdOut>
        <StdErr>Eliassen.System.Linq.ConsoleLogger`1[Eliassen.System.Linq.Search.QueryBuilder]:Warning:&gt;
	No filtering detected: System.Linq.Enumerable+SelectRangeIterator`1[Eliassen.System.Tests.Linq.TestTargets.TestTargetModel]: CurrentPage: 0
PageSize: 0
ExcludePageCount: False
SearchTerm: (null)
	S:NAME: Descending</StdErr>
      </Output>
      <ResultFiles>
        <ResultFile path="DESKTOP-3FN5V33\PagedQueryResult_1-QueryableExtensionsTests_ExecuteByTest_Sort(342)-638417995766092480.json" />
        <ResultFile path="DESKTOP-3FN5V33\SearchQuery-QueryableExtensionsTests_ExecuteByTest_Sort(340)-638417995765972713.json" />
      </ResultFiles>
    </UnitTestResult>
    <UnitTestResult executionId="1dc7910b-5c6c-4dca-b8ff-a6e531b7b6a4" testId="250659bd-c780-75f8-425e-56948f547d27" testName="ExecuteByTest_Sort (name,Descending,999,998,997,996,995,994,993,992,991,990)" computerName="DESKTOP-3FN5V33" duration="00:00:00.0183608" startTime="2024-01-25T17:12:56.5758213-05:00" endTime="2024-01-25T17:12:56.5951719-05:00" testType="13cdc9d9-ddb5-4fa4-a97d-d965ccfc6d4b" outcome="Passed" testListId="8c84fa94-04c1-424b-9868-57a2d4851a1d" relativeResultsDirectory="1dc7910b-5c6c-4dca-b8ff-a6e531b7b6a4" xmlns="http://microsoft.com/schemas/VisualStudio/TeamTest/2010">
      <Output>
        <StdOut>Eliassen.System.Linq.ConsoleLogger`1[Eliassen.System.Linq.Search.QueryBuilder]:Information:&gt;
	Build query for CurrentPage: 0
PageSize: 0
ExcludePageCount: False
SearchTerm: (null)
	S:name: Descending

Eliassen.System.Linq.ConsoleLogger`1[Eliassen.System.Linq.Search.QueryBuilder]:Information:&gt;
	Execute (paged): System.Linq.Enumerable+SelectRangeIterator`1[Eliassen.System.Tests.Linq.TestTargets.TestTargetModel].OrderByDescending(n =&gt; n.Name).Skip(0).Take(10)



TestContext Messages:
SearchQuery-QueryableExtensionsTests_ExecuteByTest_Sort(340)-638417995765772418.json: Attached
PagedQueryResult_1-QueryableExtensionsTests_ExecuteByTest_Sort(342)-638417995765895586.json: Attached</StdOut>
        <StdErr>Eliassen.System.Linq.ConsoleLogger`1[Eliassen.System.Linq.Search.QueryBuilder]:Warning:&gt;
	No filtering detected: System.Linq.Enumerable+SelectRangeIterator`1[Eliassen.System.Tests.Linq.TestTargets.TestTargetModel]: CurrentPage: 0
PageSize: 0
ExcludePageCount: False
SearchTerm: (null)
	S:name: Descending</StdErr>
      </Output>
      <ResultFiles>
        <ResultFile path="DESKTOP-3FN5V33\PagedQueryResult_1-QueryableExtensionsTests_ExecuteByTest_Sort(342)-638417995765895586.json" />
        <ResultFile path="DESKTOP-3FN5V33\SearchQuery-QueryableExtensionsTests_ExecuteByTest_Sort(340)-638417995765772418.json" />
      </ResultFiles>
    </UnitTestResult>
    <UnitTestResult executionId="933992f1-ce09-4c4c-8123-bf2d9c638117" testId="0b8f627b-a1c8-6277-6090-2fc13b4051a9" testName="ToEnumTest (Val2|Val1,Val1, Val2)" computerName="DESKTOP-3FN5V33" duration="00:00:00.0000358" startTime="2024-01-25T17:12:47.7763260-05:00" endTime="2024-01-25T17:12:47.7767751-05:00" testType="13cdc9d9-ddb5-4fa4-a97d-d965ccfc6d4b" outcome="Passed" testListId="8c84fa94-04c1-424b-9868-57a2d4851a1d" relativeResultsDirectory="933992f1-ce09-4c4c-8123-bf2d9c638117" xmlns="http://microsoft.com/schemas/VisualStudio/TeamTest/2010" />
    <UnitTestResult executionId="9b7d69c5-7891-42d7-a031-f82e37fca1c0" testId="2ae6c352-791a-5a0c-8cef-9e8ca7a29354" testName="ToEnumTest (0,Val0)" computerName="DESKTOP-3FN5V33" duration="00:00:00.0000319" startTime="2024-01-25T17:12:47.7799505-05:00" endTime="2024-01-25T17:12:47.7802418-05:00" testType="13cdc9d9-ddb5-4fa4-a97d-d965ccfc6d4b" outcome="Passed" testListId="8c84fa94-04c1-424b-9868-57a2d4851a1d" relativeResultsDirectory="9b7d69c5-7891-42d7-a031-f82e37fca1c0" xmlns="http://microsoft.com/schemas/VisualStudio/TeamTest/2010" />
    <UnitTestResult executionId="4a867966-5e3a-4980-a46c-5e36802547ad" testId="8e643e26-fbd5-ae99-4a9a-d26e4648cd65" testName="ToEnumTest (Val1,Val1)" computerName="DESKTOP-3FN5V33" duration="00:00:00.0146079" startTime="2024-01-25T17:12:47.7347606-05:00" endTime="2024-01-25T17:12:47.7537883-05:00" testType="13cdc9d9-ddb5-4fa4-a97d-d965ccfc6d4b" outcome="Passed" testListId="8c84fa94-04c1-424b-9868-57a2d4851a1d" relativeResultsDirectory="4a867966-5e3a-4980-a46c-5e36802547ad" xmlns="http://microsoft.com/schemas/VisualStudio/TeamTest/2010" />
    <UnitTestResult executionId="b8f41861-5f9c-486b-9950-2739bac90da8" testId="ce6510cf-36c8-726a-19a1-61fee8813205" testName="ToEnumTest (test name,WithDisplay)" computerName="DESKTOP-3FN5V33" duration="00:00:00.0028317" startTime="2024-01-25T17:12:47.8205318-05:00" endTime="2024-01-25T17:12:47.8238690-05:00" testType="13cdc9d9-ddb5-4fa4-a97d-d965ccfc6d4b" outcome="Passed" testListId="8c84fa94-04c1-424b-9868-57a2d4851a1d" relativeResultsDirectory="b8f41861-5f9c-486b-9950-2739bac90da8" xmlns="http://microsoft.com/schemas/VisualStudio/TeamTest/2010" />
    <UnitTestResult executionId="22ce8182-626b-4f87-b1f5-87f796895296" testId="ddf9cd7e-758c-d704-01a7-8f705631b98b" testName="ExecuteByTest_Sort (Name,Descending,999,998,997,996,995,994,993,992,991,990)" computerName="DESKTOP-3FN5V33" duration="00:00:00.0248981" startTime="2024-01-25T17:12:56.5486647-05:00" endTime="2024-01-25T17:12:56.5742133-05:00" testType="13cdc9d9-ddb5-4fa4-a97d-d965ccfc6d4b" outcome="Passed" testListId="8c84fa94-04c1-424b-9868-57a2d4851a1d" relativeResultsDirectory="22ce8182-626b-4f87-b1f5-87f796895296" xmlns="http://microsoft.com/schemas/VisualStudio/TeamTest/2010">
      <Output>
        <StdOut>Eliassen.System.Linq.ConsoleLogger`1[Eliassen.System.Linq.Search.QueryBuilder]:Information:&gt;
	Build query for CurrentPage: 0
PageSize: 0
ExcludePageCount: False
SearchTerm: (null)
	S:Name: Descending

Eliassen.System.Linq.ConsoleLogger`1[Eliassen.System.Linq.Search.QueryBuilder]:Information:&gt;
	Execute (paged): System.Linq.Enumerable+SelectRangeIterator`1[Eliassen.System.Tests.Linq.TestTargets.TestTargetModel].OrderByDescending(n =&gt; n.Name).Skip(0).Take(10)



TestContext Messages:
SearchQuery-QueryableExtensionsTests_ExecuteByTest_Sort(340)-638417995765501857.json: Attached
PagedQueryResult_1-QueryableExtensionsTests_ExecuteByTest_Sort(342)-638417995765656990.json: Attached</StdOut>
        <StdErr>Eliassen.System.Linq.ConsoleLogger`1[Eliassen.System.Linq.Search.QueryBuilder]:Warning:&gt;
	No filtering detected: System.Linq.Enumerable+SelectRangeIterator`1[Eliassen.System.Tests.Linq.TestTargets.TestTargetModel]: CurrentPage: 0
PageSize: 0
ExcludePageCount: False
SearchTerm: (null)
	S:Name: Descending</StdErr>
      </Output>
      <ResultFiles>
        <ResultFile path="DESKTOP-3FN5V33\PagedQueryResult_1-QueryableExtensionsTests_ExecuteByTest_Sort(342)-638417995765656990.json" />
        <ResultFile path="DESKTOP-3FN5V33\SearchQuery-QueryableExtensionsTests_ExecuteByTest_Sort(340)-638417995765501857.json" />
      </ResultFiles>
    </UnitTestResult>
    <UnitTestResult executionId="5602ea70-adac-4e47-9a02-9404861e8abc" testId="d30c3925-6041-dd0b-2a02-37144f03e811" testName="ToEnumTest (Val2 ,Val1,Val1, Val2)" computerName="DESKTOP-3FN5V33" duration="00:00:00.0000234" startTime="2024-01-25T17:12:47.7690555-05:00" endTime="2024-01-25T17:12:47.7697210-05:00" testType="13cdc9d9-ddb5-4fa4-a97d-d965ccfc6d4b" outcome="Passed" testListId="8c84fa94-04c1-424b-9868-57a2d4851a1d" relativeResultsDirectory="5602ea70-adac-4e47-9a02-9404861e8abc" xmlns="http://microsoft.com/schemas/VisualStudio/TeamTest/2010" />
    <UnitTestResult executionId="13bc0757-e442-409b-b135-3c7718235c01" testId="d5c2d09d-d5bb-c30c-e877-f0810b3cd681" testName="ToEnumTest (1,Val1)" computerName="DESKTOP-3FN5V33" duration="00:00:00.0000232" startTime="2024-01-25T17:12:47.7815526-05:00" endTime="2024-01-25T17:12:47.7818272-05:00" testType="13cdc9d9-ddb5-4fa4-a97d-d965ccfc6d4b" outcome="Passed" testListId="8c84fa94-04c1-424b-9868-57a2d4851a1d" relativeResultsDirectory="13bc0757-e442-409b-b135-3c7718235c01" xmlns="http://microsoft.com/schemas/VisualStudio/TeamTest/2010" />
    <UnitTestResult executionId="ad59a171-928f-4423-8ac4-7a6dc695e6d3" testId="8667c664-2408-3d94-53dd-862b8bb2405a" testName="ToEnumTest (test short,WithDisplay)" computerName="DESKTOP-3FN5V33" duration="00:00:00.0002563" startTime="2024-01-25T17:12:47.8252487-05:00" endTime="2024-01-25T17:12:47.8258937-05:00" testType="13cdc9d9-ddb5-4fa4-a97d-d965ccfc6d4b" outcome="Passed" testListId="8c84fa94-04c1-424b-9868-57a2d4851a1d" relativeResultsDirectory="ad59a171-928f-4423-8ac4-7a6dc695e6d3" xmlns="http://microsoft.com/schemas/VisualStudio/TeamTest/2010" />
    <UnitTestResult executionId="1b22c3e8-aa12-4b10-ba9a-33d585b0455c" testId="fb3ba795-c081-9f7b-3da5-2154832c187c" testName="ToEnumTest (4,WithEnumValue)" computerName="DESKTOP-3FN5V33" duration="00:00:00.0000139" startTime="2024-01-25T17:12:47.7856770-05:00" endTime="2024-01-25T17:12:47.7862049-05:00" testType="13cdc9d9-ddb5-4fa4-a97d-d965ccfc6d4b" outcome="Passed" testListId="8c84fa94-04c1-424b-9868-57a2d4851a1d" relativeResultsDirectory="1b22c3e8-aa12-4b10-ba9a-33d585b0455c" xmlns="http://microsoft.com/schemas/VisualStudio/TeamTest/2010" />
    <UnitTestResult executionId="c6312b2b-e314-4cbf-bde2-76b7d8b173c9" testId="52185704-5d0e-e5db-ccdd-e6d884289597" testName="ToEnumTest (test display,WithDisplay)" computerName="DESKTOP-3FN5V33" duration="00:00:00.0002621" startTime="2024-01-25T17:12:47.8165733-05:00" endTime="2024-01-25T17:12:47.8172613-05:00" testType="13cdc9d9-ddb5-4fa4-a97d-d965ccfc6d4b" outcome="Passed" testListId="8c84fa94-04c1-424b-9868-57a2d4851a1d" relativeResultsDirectory="c6312b2b-e314-4cbf-bde2-76b7d8b173c9" xmlns="http://microsoft.com/schemas/VisualStudio/TeamTest/2010" />
    <UnitTestResult executionId="8bf27327-7b60-40e4-a7b7-4d8010e6088b" testId="53f92a56-f656-cd19-3414-6dec87fc1460" testName="ToEnumTest (name,name2|test name,WithEnumValue, WithMemberName, WithDisplay)" computerName="DESKTOP-3FN5V33" duration="00:00:00.0002633" startTime="2024-01-25T17:12:47.8271492-05:00" endTime="2024-01-25T17:12:47.8277060-05:00" testType="13cdc9d9-ddb5-4fa4-a97d-d965ccfc6d4b" outcome="Passed" testListId="8c84fa94-04c1-424b-9868-57a2d4851a1d" relativeResultsDirectory="8bf27327-7b60-40e4-a7b7-4d8010e6088b" xmlns="http://microsoft.com/schemas/VisualStudio/TeamTest/2010" />
    <UnitTestResult executionId="2ce38243-8c89-44eb-a508-334f5a276f2d" testId="fffaa604-a2bf-cb56-46c0-a54e3c2e5b71" testName="ToEnumTest (-1,-1)" computerName="DESKTOP-3FN5V33" duration="00:00:00.0000278" startTime="2024-01-25T17:12:47.7781804-05:00" endTime="2024-01-25T17:12:47.7785659-05:00" testType="13cdc9d9-ddb5-4fa4-a97d-d965ccfc6d4b" outcome="Passed" testListId="8c84fa94-04c1-424b-9868-57a2d4851a1d" relativeResultsDirectory="2ce38243-8c89-44eb-a508-334f5a276f2d" xmlns="http://microsoft.com/schemas/VisualStudio/TeamTest/2010" />
    <UnitTestResult executionId="083fdc16-0434-4d01-90ca-17241ee3da53" testId="29e073f8-c889-a619-68be-0fbabe313523" testName="GetHash (hello world,XrY7u+Ae7tCTyyK7j1rNww==)" computerName="DESKTOP-3FN5V33" duration="00:00:00.0005568" startTime="2024-01-25T16:05:11.2789757-05:00" endTime="2024-01-25T16:05:11.2798821-05:00" testType="13cdc9d9-ddb5-4fa4-a97d-d965ccfc6d4b" outcome="Passed" testListId="8c84fa94-04c1-424b-9868-57a2d4851a1d" relativeResultsDirectory="083fdc16-0434-4d01-90ca-17241ee3da53" xmlns="http://microsoft.com/schemas/VisualStudio/TeamTest/2010">
      <Output>
        <StdOut>TestContext Messages:
"hello world" =&gt; "XrY7u+Ae7tCTyyK7j1rNww=="</StdOut>
      </Output>
    </UnitTestResult>
    <UnitTestResult executionId="3d979543-bfd5-46ef-b437-e0a6b836abf5" testId="0f3b8649-3271-0a42-8cb6-7536e5c6b6c7" testName="GetHash (Hello World!,7Qdih1MuhjZehB6Sv8UNjA==)" computerName="DESKTOP-3FN5V33" duration="00:00:00.0056288" startTime="2024-01-25T16:05:11.2712997-05:00" endTime="2024-01-25T16:05:11.2775265-05:00" testType="13cdc9d9-ddb5-4fa4-a97d-d965ccfc6d4b" outcome="Passed" testListId="8c84fa94-04c1-424b-9868-57a2d4851a1d" relativeResultsDirectory="3d979543-bfd5-46ef-b437-e0a6b836abf5" xmlns="http://microsoft.com/schemas/VisualStudio/TeamTest/2010">
      <Output>
        <StdOut>TestContext Messages:
"Hello World!" =&gt; "7Qdih1MuhjZehB6Sv8UNjA=="</StdOut>
      </Output>
    </UnitTestResult>
    <UnitTestResult executionId="b1aa69e9-bfb4-4167-a7be-51ba1ca43114" testId="0783fcf2-6259-18a6-4548-3ee3e685104b" testName="ToEnumTest (Val2,Val2)" computerName="DESKTOP-3FN5V33" duration="00:00:00.0000401" startTime="2024-01-06T16:06:25.1653531-05:00" endTime="2024-01-06T16:06:25.1658942-05:00" testType="13cdc9d9-ddb5-4fa4-a97d-d965ccfc6d4b" outcome="Passed" testListId="8c84fa94-04c1-424b-9868-57a2d4851a1d" relativeResultsDirectory="b1aa69e9-bfb4-4167-a7be-51ba1ca43114" xmlns="http://microsoft.com/schemas/VisualStudio/TeamTest/2010" />
    <UnitTestResult executionId="6b2a109b-8c7f-4bfe-bbfc-878ffe0ba5f7" testId="f4cf2bc5-5581-a176-969e-675ebb01aeb7" testName="ToEnumTest (test description,WithDescription)" computerName="DESKTOP-3FN5V33" duration="00:00:00.0001932" startTime="2024-01-06T16:06:25.1964422-05:00" endTime="2024-01-06T16:06:25.1969345-05:00" testType="13cdc9d9-ddb5-4fa4-a97d-d965ccfc6d4b" outcome="Passed" testListId="8c84fa94-04c1-424b-9868-57a2d4851a1d" relativeResultsDirectory="6b2a109b-8c7f-4bfe-bbfc-878ffe0ba5f7" xmlns="http://microsoft.com/schemas/VisualStudio/TeamTest/2010" />
    <UnitTestResult executionId="f4211e6a-6d7a-443b-a5b7-88e787623a2a" testId="2987ca95-4d23-bd98-8619-20a1f1f849ce" testName="ToEnumTest (Val2|Val1,Val1, Val2)" computerName="DESKTOP-3FN5V33" duration="00:00:00.0000205" startTime="2024-01-06T16:06:25.1725149-05:00" endTime="2024-01-06T16:06:25.1727367-05:00" testType="13cdc9d9-ddb5-4fa4-a97d-d965ccfc6d4b" outcome="Passed" testListId="8c84fa94-04c1-424b-9868-57a2d4851a1d" relativeResultsDirectory="f4211e6a-6d7a-443b-a5b7-88e787623a2a" xmlns="http://microsoft.com/schemas/VisualStudio/TeamTest/2010" />
    <UnitTestResult executionId="16988848-6550-4ff4-89c5-b914326a9bcd" testId="7634c0a5-d5d8-ae19-0f45-9f0c0c3f4e32" testName="ExecuteByTest_Sort (NAME,Descending,999,998,997,996,995,994,993,992,991,990)" computerName="DESKTOP-3FN5V33" duration="00:00:00.0094683" startTime="2024-01-06T16:06:31.2514622-05:00" endTime="2024-01-06T16:06:31.2612872-05:00" testType="13cdc9d9-ddb5-4fa4-a97d-d965ccfc6d4b" outcome="Passed" testListId="8c84fa94-04c1-424b-9868-57a2d4851a1d" relativeResultsDirectory="16988848-6550-4ff4-89c5-b914326a9bcd" xmlns="http://microsoft.com/schemas/VisualStudio/TeamTest/2010">
      <Output>
        <StdOut>Eliassen.System.Internal.ConsoleLogger`1[Eliassen.System.Linq.Search.QueryBuilder]:Information:&gt;
	Build query for CurrentPage: 0
PageSize: 0
ExcludePageCount: False
SearchTerm: (null)
	S:NAME: Descending

Eliassen.System.Internal.ConsoleLogger`1[Eliassen.System.Linq.Search.QueryBuilder]:Information:&gt;
	Execute (paged): System.Linq.Enumerable+SelectRangeIterator`1[Eliassen.System.Tests.Linq.TestTargets.TestTargetModel].OrderByDescending(n =&gt; n.Name).Skip(0).Take(10)



TestContext Messages:
SearchQuery-QueryableExtensionsTests_ExecuteByTest_Sort(297)-638401539912517310.json: Attached
PagedQueryResult_1-QueryableExtensionsTests_ExecuteByTest_Sort(299)-638401539912579812.json: Attached</StdOut>
        <StdErr>Eliassen.System.Internal.ConsoleLogger`1[Eliassen.System.Linq.Search.QueryBuilder]:Warning:&gt;
	No filtering detected: System.Linq.Enumerable+SelectRangeIterator`1[Eliassen.System.Tests.Linq.TestTargets.TestTargetModel]: CurrentPage: 0
PageSize: 0
ExcludePageCount: False
SearchTerm: (null)
	S:NAME: Descending</StdErr>
      </Output>
      <ResultFiles>
        <ResultFile path="DESKTOP-3FN5V33\PagedQueryResult_1-QueryableExtensionsTests_ExecuteByTest_Sort(299)-638401539912579812.json" />
        <ResultFile path="DESKTOP-3FN5V33\SearchQuery-QueryableExtensionsTests_ExecuteByTest_Sort(297)-638401539912517310.json" />
      </ResultFiles>
    </UnitTestResult>
    <UnitTestResult executionId="28cf8514-fb44-407c-8b26-5c436412a5e0" testId="6acd0700-45fd-3a58-a98b-e73e695d3cb6" testName="ToEnumTest (test name,WithDisplay)" computerName="DESKTOP-3FN5V33" duration="00:00:00.0002143" startTime="2024-01-06T16:06:25.2004453-05:00" endTime="2024-01-06T16:06:25.2009358-05:00" testType="13cdc9d9-ddb5-4fa4-a97d-d965ccfc6d4b" outcome="Passed" testListId="8c84fa94-04c1-424b-9868-57a2d4851a1d" relativeResultsDirectory="28cf8514-fb44-407c-8b26-5c436412a5e0" xmlns="http://microsoft.com/schemas/VisualStudio/TeamTest/2010" />
    <UnitTestResult executionId="c6774a62-9739-4067-b7bf-8ca0018cc10d" testId="a0c29914-2fac-1ccd-4f27-21bcc9ae1a84" testName="ToEnumTest (Val2,Val1,Val1, Val2)" computerName="DESKTOP-3FN5V33" duration="00:00:00.0000166" startTime="2024-01-06T16:06:25.1685418-05:00" endTime="2024-01-06T16:06:25.1687481-05:00" testType="13cdc9d9-ddb5-4fa4-a97d-d965ccfc6d4b" outcome="Passed" testListId="8c84fa94-04c1-424b-9868-57a2d4851a1d" relativeResultsDirectory="c6774a62-9739-4067-b7bf-8ca0018cc10d" xmlns="http://microsoft.com/schemas/VisualStudio/TeamTest/2010" />
    <UnitTestResult executionId="daf26b87-767e-4a45-9354-9f39fd515157" testId="8338d02b-d210-c931-4723-375c66eef863" testName="ExecuteByTest_Sort (name,Descending,999,998,997,996,995,994,993,992,991,990)" computerName="DESKTOP-3FN5V33" duration="00:00:00.0117974" startTime="2024-01-06T16:06:31.2380620-05:00" endTime="2024-01-06T16:06:31.2503665-05:00" testType="13cdc9d9-ddb5-4fa4-a97d-d965ccfc6d4b" outcome="Passed" testListId="8c84fa94-04c1-424b-9868-57a2d4851a1d" relativeResultsDirectory="daf26b87-767e-4a45-9354-9f39fd515157" xmlns="http://microsoft.com/schemas/VisualStudio/TeamTest/2010">
      <Output>
        <StdOut>Eliassen.System.Internal.ConsoleLogger`1[Eliassen.System.Linq.Search.QueryBuilder]:Information:&gt;
	Build query for CurrentPage: 0
PageSize: 0
ExcludePageCount: False
SearchTerm: (null)
	S:name: Descending

Eliassen.System.Internal.ConsoleLogger`1[Eliassen.System.Linq.Search.QueryBuilder]:Information:&gt;
	Execute (paged): System.Linq.Enumerable+SelectRangeIterator`1[Eliassen.System.Tests.Linq.TestTargets.TestTargetModel].OrderByDescending(n =&gt; n.Name).Skip(0).Take(10)



TestContext Messages:
SearchQuery-QueryableExtensionsTests_ExecuteByTest_Sort(297)-638401539912389463.json: Attached
PagedQueryResult_1-QueryableExtensionsTests_ExecuteByTest_Sort(299)-638401539912457686.json: Attached</StdOut>
        <StdErr>Eliassen.System.Internal.ConsoleLogger`1[Eliassen.System.Linq.Search.QueryBuilder]:Warning:&gt;
	No filtering detected: System.Linq.Enumerable+SelectRangeIterator`1[Eliassen.System.Tests.Linq.TestTargets.TestTargetModel]: CurrentPage: 0
PageSize: 0
ExcludePageCount: False
SearchTerm: (null)
	S:name: Descending</StdErr>
      </Output>
      <ResultFiles>
        <ResultFile path="DESKTOP-3FN5V33\PagedQueryResult_1-QueryableExtensionsTests_ExecuteByTest_Sort(299)-638401539912457686.json" />
        <ResultFile path="DESKTOP-3FN5V33\SearchQuery-QueryableExtensionsTests_ExecuteByTest_Sort(297)-638401539912389463.json" />
      </ResultFiles>
    </UnitTestResult>
    <UnitTestResult executionId="e56eb737-d591-42fb-b370-5f6b22ac0614" testId="1d97f529-259a-f217-942c-8e2e6578735c" testName="ToEnumTest (4,WithEnumValue)" computerName="DESKTOP-3FN5V33" duration="00:00:00.0000227" startTime="2024-01-06T16:06:25.1843765-05:00" endTime="2024-01-06T16:06:25.1846826-05:00" testType="13cdc9d9-ddb5-4fa4-a97d-d965ccfc6d4b" outcome="Passed" testListId="8c84fa94-04c1-424b-9868-57a2d4851a1d" relativeResultsDirectory="e56eb737-d591-42fb-b370-5f6b22ac0614" xmlns="http://microsoft.com/schemas/VisualStudio/TeamTest/2010" />
    <UnitTestResult executionId="84674fc9-47e7-493f-a787-f68e97139cd0" testId="c3266cf0-adcb-0581-8c52-a350b87b4664" testName="ToEnumTest (test display,WithDisplay)" computerName="DESKTOP-3FN5V33" duration="00:00:00.0002215" startTime="2024-01-06T16:06:25.1985022-05:00" endTime="2024-01-06T16:06:25.1990329-05:00" testType="13cdc9d9-ddb5-4fa4-a97d-d965ccfc6d4b" outcome="Passed" testListId="8c84fa94-04c1-424b-9868-57a2d4851a1d" relativeResultsDirectory="84674fc9-47e7-493f-a787-f68e97139cd0" xmlns="http://microsoft.com/schemas/VisualStudio/TeamTest/2010" />
    <UnitTestResult executionId="5d3a8fc4-58b0-4108-87f5-7c37758d0a46" testId="219547ac-d953-99f8-2edf-0911d57e52dd" testName="ToEnumTest (Val1,Val1)" computerName="DESKTOP-3FN5V33" duration="00:00:00.0086442" startTime="2024-01-06T16:06:25.1457139-05:00" endTime="2024-01-06T16:06:25.1597718-05:00" testType="13cdc9d9-ddb5-4fa4-a97d-d965ccfc6d4b" outcome="Passed" testListId="8c84fa94-04c1-424b-9868-57a2d4851a1d" relativeResultsDirectory="5d3a8fc4-58b0-4108-87f5-7c37758d0a46" xmlns="http://microsoft.com/schemas/VisualStudio/TeamTest/2010" />
    <UnitTestResult executionId="1030d549-3294-4baf-b9a0-2bc03d6f420a" testId="6acc9c74-0373-caf8-35ed-9e340028f0c1" testName="ToEnumTest (Val2, Val1,Val1, Val2)" computerName="DESKTOP-3FN5V33" duration="00:00:00.0000208" startTime="2024-01-06T16:06:25.1673404-05:00" endTime="2024-01-06T16:06:25.1676131-05:00" testType="13cdc9d9-ddb5-4fa4-a97d-d965ccfc6d4b" outcome="Passed" testListId="8c84fa94-04c1-424b-9868-57a2d4851a1d" relativeResultsDirectory="1030d549-3294-4baf-b9a0-2bc03d6f420a" xmlns="http://microsoft.com/schemas/VisualStudio/TeamTest/2010" />
    <UnitTestResult executionId="10922ca9-7202-4f16-aba2-d47b8645791c" testId="f6e30306-bb3b-d2e5-9a55-741402e2594f" testName="ToEnumTest (name2,WithMemberName)" computerName="DESKTOP-3FN5V33" duration="00:00:00.0002942" startTime="2024-01-06T16:06:25.1942443-05:00" endTime="2024-01-06T16:06:25.1950721-05:00" testType="13cdc9d9-ddb5-4fa4-a97d-d965ccfc6d4b" outcome="Passed" testListId="8c84fa94-04c1-424b-9868-57a2d4851a1d" relativeResultsDirectory="10922ca9-7202-4f16-aba2-d47b8645791c" xmlns="http://microsoft.com/schemas/VisualStudio/TeamTest/2010" />
    <UnitTestResult executionId="b46c7a51-cbc5-414b-a1cf-46b7b81c144a" testId="6945fc8e-bced-3763-56d7-dd9774cf09e7" testName="ToEnumTest (2,Val2)" computerName="DESKTOP-3FN5V33" duration="00:00:00.0000226" startTime="2024-01-06T16:06:25.1801725-05:00" endTime="2024-01-06T16:06:25.1805419-05:00" testType="13cdc9d9-ddb5-4fa4-a97d-d965ccfc6d4b" outcome="Passed" testListId="8c84fa94-04c1-424b-9868-57a2d4851a1d" relativeResultsDirectory="b46c7a51-cbc5-414b-a1cf-46b7b81c144a" xmlns="http://microsoft.com/schemas/VisualStudio/TeamTest/2010" />
    <UnitTestResult executionId="7bafe149-4ba8-4713-88c2-565ccbdf4b56" testId="e97eaf8e-0ecf-65f5-04ab-76ca8870b372" testName="ToEnumTest (test short,WithDisplay)" computerName="DESKTOP-3FN5V33" duration="00:00:00.0002421" startTime="2024-01-06T16:06:25.2047707-05:00" endTime="2024-01-06T16:06:25.2053726-05:00" testType="13cdc9d9-ddb5-4fa4-a97d-d965ccfc6d4b" outcome="Passed" testListId="8c84fa94-04c1-424b-9868-57a2d4851a1d" relativeResultsDirectory="7bafe149-4ba8-4713-88c2-565ccbdf4b56" xmlns="http://microsoft.com/schemas/VisualStudio/TeamTest/2010" />
    <UnitTestResult executionId="04ddff7e-4e04-435f-9c74-7d3eadea9387" testId="f6892432-d506-05dd-c1d8-5f655afbf0ef" testName="ExecuteByTest_Sort (Name,Ascending,0,1,10,100,101,102,103,104,105,106)" computerName="DESKTOP-3FN5V33" duration="00:00:00.0096665" startTime="2024-01-06T16:06:31.2626543-05:00" endTime="2024-01-06T16:06:31.2727505-05:00" testType="13cdc9d9-ddb5-4fa4-a97d-d965ccfc6d4b" outcome="Passed" testListId="8c84fa94-04c1-424b-9868-57a2d4851a1d" relativeResultsDirectory="04ddff7e-4e04-435f-9c74-7d3eadea9387" xmlns="http://microsoft.com/schemas/VisualStudio/TeamTest/2010">
      <Output>
        <StdOut>Eliassen.System.Internal.ConsoleLogger`1[Eliassen.System.Linq.Search.QueryBuilder]:Information:&gt;
	Build query for CurrentPage: 0
PageSize: 0
ExcludePageCount: False
SearchTerm: (null)
	S:Name: Ascending

Eliassen.System.Internal.ConsoleLogger`1[Eliassen.System.Linq.Search.QueryBuilder]:Information:&gt;
	Execute (paged): System.Linq.Enumerable+SelectRangeIterator`1[Eliassen.System.Tests.Linq.TestTargets.TestTargetModel].OrderBy(n =&gt; n.Name).Skip(0).Take(10)



TestContext Messages:
SearchQuery-QueryableExtensionsTests_ExecuteByTest_Sort(297)-638401539912630220.json: Attached
PagedQueryResult_1-QueryableExtensionsTests_ExecuteByTest_Sort(299)-638401539912700711.json: Attached</StdOut>
        <StdErr>Eliassen.System.Internal.ConsoleLogger`1[Eliassen.System.Linq.Search.QueryBuilder]:Warning:&gt;
	No filtering detected: System.Linq.Enumerable+SelectRangeIterator`1[Eliassen.System.Tests.Linq.TestTargets.TestTargetModel]: CurrentPage: 0
PageSize: 0
ExcludePageCount: False
SearchTerm: (null)
	S:Name: Ascending</StdErr>
      </Output>
      <ResultFiles>
        <ResultFile path="DESKTOP-3FN5V33\PagedQueryResult_1-QueryableExtensionsTests_ExecuteByTest_Sort(299)-638401539912700711.json" />
        <ResultFile path="DESKTOP-3FN5V33\SearchQuery-QueryableExtensionsTests_ExecuteByTest_Sort(297)-638401539912630220.json" />
      </ResultFiles>
    </UnitTestResult>
    <UnitTestResult executionId="af9a82c4-38ac-41dc-a778-ad919eb088aa" testId="6a696e3c-fdaf-a272-447e-e0c2a6c77673" testName="ToEnumTest (name,name2|test name,WithEnumValue, WithMemberName, WithDisplay)" computerName="DESKTOP-3FN5V33" duration="00:00:00.0002442" startTime="2024-01-06T16:06:25.2078104-05:00" endTime="2024-01-06T16:06:25.2083967-05:00" testType="13cdc9d9-ddb5-4fa4-a97d-d965ccfc6d4b" outcome="Passed" testListId="8c84fa94-04c1-424b-9868-57a2d4851a1d" relativeResultsDirectory="af9a82c4-38ac-41dc-a778-ad919eb088aa" xmlns="http://microsoft.com/schemas/VisualStudio/TeamTest/2010" />
    <UnitTestResult executionId="d1099f81-9056-433a-8b61-c8cb9691fef6" testId="55a3c803-06e9-6a98-6826-97a1597a8680" testName="ToEnumTest (0,Val0)" computerName="DESKTOP-3FN5V33" duration="00:00:00.0000121" startTime="2024-01-06T16:06:25.1752890-05:00" endTime="2024-01-06T16:06:25.1754971-05:00" testType="13cdc9d9-ddb5-4fa4-a97d-d965ccfc6d4b" outcome="Passed" testListId="8c84fa94-04c1-424b-9868-57a2d4851a1d" relativeResultsDirectory="d1099f81-9056-433a-8b61-c8cb9691fef6" xmlns="http://microsoft.com/schemas/VisualStudio/TeamTest/2010" />
    <UnitTestResult executionId="80aad71d-1f29-4d81-8bfb-b9b02f9e13c0" testId="6f5bf48c-e4c0-b967-62c8-a640629e7719" testName="ToEnumTest (1,Val1)" computerName="DESKTOP-3FN5V33" duration="00:00:00.0000137" startTime="2024-01-06T16:06:25.1768126-05:00" endTime="2024-01-06T16:06:25.1770396-05:00" testType="13cdc9d9-ddb5-4fa4-a97d-d965ccfc6d4b" outcome="Passed" testListId="8c84fa94-04c1-424b-9868-57a2d4851a1d" relativeResultsDirectory="80aad71d-1f29-4d81-8bfb-b9b02f9e13c0" xmlns="http://microsoft.com/schemas/VisualStudio/TeamTest/2010" />
    <UnitTestResult executionId="42810d77-4cb2-4d0a-84fc-3627a49242eb" testId="a465e3e2-5f33-9280-96a5-dad2cdb56d48" testName="ToEnumTest (Val2 , Val1,Val1, Val2)" computerName="DESKTOP-3FN5V33" duration="00:00:00.0000169" startTime="2024-01-06T16:06:25.1696963-05:00" endTime="2024-01-06T16:06:25.1699649-05:00" testType="13cdc9d9-ddb5-4fa4-a97d-d965ccfc6d4b" outcome="Passed" testListId="8c84fa94-04c1-424b-9868-57a2d4851a1d" relativeResultsDirectory="42810d77-4cb2-4d0a-84fc-3627a49242eb" xmlns="http://microsoft.com/schemas/VisualStudio/TeamTest/2010" />
    <UnitTestResult executionId="6968c3fc-62c3-4d6e-89ee-42f0d19c6349" testId="d9a582db-720f-849c-5c6c-3e72305e7969" testName="ToEnumTest (-1,-1)" computerName="DESKTOP-3FN5V33" duration="00:00:00.0000226" startTime="2024-01-06T16:06:25.1739125-05:00" endTime="2024-01-06T16:06:25.1741562-05:00" testType="13cdc9d9-ddb5-4fa4-a97d-d965ccfc6d4b" outcome="Passed" testListId="8c84fa94-04c1-424b-9868-57a2d4851a1d" relativeResultsDirectory="6968c3fc-62c3-4d6e-89ee-42f0d19c6349" xmlns="http://microsoft.com/schemas/VisualStudio/TeamTest/2010" />
    <UnitTestResult executionId="3eafb1a8-c001-4932-9731-024d2568eca7" testId="2be0bb23-bdd4-39e3-5c52-58d829d1a4f6" testName="ExecuteByTest_Sort (Name,Descending,999,998,997,996,995,994,993,992,991,990)" computerName="DESKTOP-3FN5V33" duration="00:00:00.0140897" startTime="2024-01-06T16:06:31.2224047-05:00" endTime="2024-01-06T16:06:31.2368351-05:00" testType="13cdc9d9-ddb5-4fa4-a97d-d965ccfc6d4b" outcome="Passed" testListId="8c84fa94-04c1-424b-9868-57a2d4851a1d" relativeResultsDirectory="3eafb1a8-c001-4932-9731-024d2568eca7" xmlns="http://microsoft.com/schemas/VisualStudio/TeamTest/2010">
      <Output>
        <StdOut>Eliassen.System.Internal.ConsoleLogger`1[Eliassen.System.Linq.Search.QueryBuilder]:Information:&gt;
	Build query for CurrentPage: 0
PageSize: 0
ExcludePageCount: False
SearchTerm: (null)
	S:Name: Descending

Eliassen.System.Internal.ConsoleLogger`1[Eliassen.System.Linq.Search.QueryBuilder]:Information:&gt;
	Execute (paged): System.Linq.Enumerable+SelectRangeIterator`1[Eliassen.System.Tests.Linq.TestTargets.TestTargetModel].OrderByDescending(n =&gt; n.Name).Skip(0).Take(10)



TestContext Messages:
SearchQuery-QueryableExtensionsTests_ExecuteByTest_Sort(297)-638401539912230644.json: Attached
PagedQueryResult_1-QueryableExtensionsTests_ExecuteByTest_Sort(299)-638401539912312831.json: Attached</StdOut>
        <StdErr>Eliassen.System.Internal.ConsoleLogger`1[Eliassen.System.Linq.Search.QueryBuilder]:Warning:&gt;
	No filtering detected: System.Linq.Enumerable+SelectRangeIterator`1[Eliassen.System.Tests.Linq.TestTargets.TestTargetModel]: CurrentPage: 0
PageSize: 0
ExcludePageCount: False
SearchTerm: (null)
	S:Name: Descending</StdErr>
      </Output>
      <ResultFiles>
        <ResultFile path="DESKTOP-3FN5V33\PagedQueryResult_1-QueryableExtensionsTests_ExecuteByTest_Sort(299)-638401539912312831.json" />
        <ResultFile path="DESKTOP-3FN5V33\SearchQuery-QueryableExtensionsTests_ExecuteByTest_Sort(297)-638401539912230644.json" />
      </ResultFiles>
    </UnitTestResult>
    <UnitTestResult executionId="d17b5f28-f3a8-4b72-a707-06d6510ac725" testId="da8e2bdd-b046-b065-da35-f4d8fa39c126" testName="ToEnumTest (3,Val1, Val2)" computerName="DESKTOP-3FN5V33" duration="00:00:00.0000300" startTime="2024-01-06T16:06:25.1820926-05:00" endTime="2024-01-06T16:06:25.1824604-05:00" testType="13cdc9d9-ddb5-4fa4-a97d-d965ccfc6d4b" outcome="Passed" testListId="8c84fa94-04c1-424b-9868-57a2d4851a1d" relativeResultsDirectory="d17b5f28-f3a8-4b72-a707-06d6510ac725" xmlns="http://microsoft.com/schemas/VisualStudio/TeamTest/2010" />
    <UnitTestResult executionId="51c36e12-1178-4f39-a91c-d3b10e505799" testId="18ab39eb-c269-8e5e-27c8-0e0099e940b7" testName="ToEnumTest (Val2 ,Val1,Val1, Val2)" computerName="DESKTOP-3FN5V33" duration="00:00:00.0000146" startTime="2024-01-06T16:06:25.1711425-05:00" endTime="2024-01-06T16:06:25.1713677-05:00" testType="13cdc9d9-ddb5-4fa4-a97d-d965ccfc6d4b" outcome="Passed" testListId="8c84fa94-04c1-424b-9868-57a2d4851a1d" relativeResultsDirectory="51c36e12-1178-4f39-a91c-d3b10e505799" xmlns="http://microsoft.com/schemas/VisualStudio/TeamTest/2010" />
    <UnitTestResult executionId="18c6fc2f-e879-4567-8952-00334e0a1a5b" testId="fc5fae9f-91d6-fa24-579e-a13cc255eec6" testName="ToEnumTest (name,WithEnumValue)" computerName="DESKTOP-3FN5V33" duration="00:00:00.0022812" startTime="2024-01-06T16:06:25.1899726-05:00" endTime="2024-01-06T16:06:25.1927020-05:00" testType="13cdc9d9-ddb5-4fa4-a97d-d965ccfc6d4b" outcome="Passed" testListId="8c84fa94-04c1-424b-9868-57a2d4851a1d" relativeResultsDirectory="18c6fc2f-e879-4567-8952-00334e0a1a5b" xmlns="http://microsoft.com/schemas/VisualStudio/TeamTest/2010" />
    <UnitTestResult executionId="a0e44ede-500c-4f9e-963d-32744d33b60e" testId="921f768d-c026-5c72-695c-6195f075a1c1" testName="ToEnumTest (test description,WithDescription)" computerName="DESKTOP-3FN5V33" duration="00:00:00.0002230" startTime="2024-01-05T13:40:30.5233348-05:00" endTime="2024-01-05T13:40:30.5238959-05:00" testType="13cdc9d9-ddb5-4fa4-a97d-d965ccfc6d4b" outcome="Passed" testListId="8c84fa94-04c1-424b-9868-57a2d4851a1d" relativeResultsDirectory="a0e44ede-500c-4f9e-963d-32744d33b60e" xmlns="http://microsoft.com/schemas/VisualStudio/TeamTest/2010" />
    <UnitTestResult executionId="385f1677-3ea5-4a05-8f46-c52bd4edea4c" testId="abffb153-2bc5-2e5d-37d3-34241627ba4f" testName="ToEnumTest (name,WithEnumValue)" computerName="DESKTOP-3FN5V33" duration="00:00:00.0016152" startTime="2024-01-05T13:40:30.5177106-05:00" endTime="2024-01-05T13:40:30.5197850-05:00" testType="13cdc9d9-ddb5-4fa4-a97d-d965ccfc6d4b" outcome="Passed" testListId="8c84fa94-04c1-424b-9868-57a2d4851a1d" relativeResultsDirectory="385f1677-3ea5-4a05-8f46-c52bd4edea4c" xmlns="http://microsoft.com/schemas/VisualStudio/TeamTest/2010" />
    <UnitTestResult executionId="3d870979-e79c-40ae-93aa-2d9845f63af5" testId="32feb49a-a169-6254-5ae6-6f93b144c382" testName="ToEnumTest (Val2|Val1,Val1, Val2)" computerName="DESKTOP-3FN5V33" duration="00:00:00.0000351" startTime="2024-01-05T13:40:30.4914840-05:00" endTime="2024-01-05T13:40:30.4918647-05:00" testType="13cdc9d9-ddb5-4fa4-a97d-d965ccfc6d4b" outcome="Passed" testListId="8c84fa94-04c1-424b-9868-57a2d4851a1d" relativeResultsDirectory="3d870979-e79c-40ae-93aa-2d9845f63af5" xmlns="http://microsoft.com/schemas/VisualStudio/TeamTest/2010" />
    <UnitTestResult executionId="3ce272cf-cde6-4137-951e-a6d5a1960745" testId="b7ad954c-d7f8-9b7f-da20-994bdddaa358" testName="ToEnumTest (Val2 , Val1,Val1, Val2)" computerName="DESKTOP-3FN5V33" duration="00:00:00.0000379" startTime="2024-01-05T13:40:30.4869179-05:00" endTime="2024-01-05T13:40:30.4879969-05:00" testType="13cdc9d9-ddb5-4fa4-a97d-d965ccfc6d4b" outcome="Passed" testListId="8c84fa94-04c1-424b-9868-57a2d4851a1d" relativeResultsDirectory="3ce272cf-cde6-4137-951e-a6d5a1960745" xmlns="http://microsoft.com/schemas/VisualStudio/TeamTest/2010" />
    <UnitTestResult executionId="e4a52e1c-7bcb-4820-8f24-e57fa7b55ee9" testId="a7424620-7d66-2bab-87dd-6bf41b62173f" testName="ToEnumTest (name2,WithMemberName)" computerName="DESKTOP-3FN5V33" duration="00:00:00.0002965" startTime="2024-01-05T13:40:30.5212759-05:00" endTime="2024-01-05T13:40:30.5219666-05:00" testType="13cdc9d9-ddb5-4fa4-a97d-d965ccfc6d4b" outcome="Passed" testListId="8c84fa94-04c1-424b-9868-57a2d4851a1d" relativeResultsDirectory="e4a52e1c-7bcb-4820-8f24-e57fa7b55ee9" xmlns="http://microsoft.com/schemas/VisualStudio/TeamTest/2010" />
    <UnitTestResult executionId="b1141e79-50de-4334-ba74-3ab5e46691e9" testId="cb67196b-6ac5-2ad3-c511-f22d8dd105d9" testName="ToEnumTest (3,Val1, Val2)" computerName="DESKTOP-3FN5V33" duration="00:00:00.0000265" startTime="2024-01-05T13:40:30.5048776-05:00" endTime="2024-01-05T13:40:30.5052774-05:00" testType="13cdc9d9-ddb5-4fa4-a97d-d965ccfc6d4b" outcome="Passed" testListId="8c84fa94-04c1-424b-9868-57a2d4851a1d" relativeResultsDirectory="b1141e79-50de-4334-ba74-3ab5e46691e9" xmlns="http://microsoft.com/schemas/VisualStudio/TeamTest/2010" />
    <UnitTestResult executionId="3b350acf-5020-4137-8449-f79219986837" testId="9995fe48-045c-fb86-728c-6afde736c742" testName="ToEnumTest (test display,WithDisplay)" computerName="DESKTOP-3FN5V33" duration="00:00:00.0002096" startTime="2024-01-05T13:40:30.5252707-05:00" endTime="2024-01-05T13:40:30.5257779-05:00" testType="13cdc9d9-ddb5-4fa4-a97d-d965ccfc6d4b" outcome="Passed" testListId="8c84fa94-04c1-424b-9868-57a2d4851a1d" relativeResultsDirectory="3b350acf-5020-4137-8449-f79219986837" xmlns="http://microsoft.com/schemas/VisualStudio/TeamTest/2010" />
    <UnitTestResult executionId="b01a20d6-240a-4206-b3ff-4c960ba603dd" testId="a8ca89f0-79ce-83ca-018f-472a49db6f46" testName="ToEnumTest (test name,WithDisplay)" computerName="DESKTOP-3FN5V33" duration="00:00:00.0005655" startTime="2024-01-05T13:40:30.5271555-05:00" endTime="2024-01-05T13:40:30.5280619-05:00" testType="13cdc9d9-ddb5-4fa4-a97d-d965ccfc6d4b" outcome="Passed" testListId="8c84fa94-04c1-424b-9868-57a2d4851a1d" relativeResultsDirectory="b01a20d6-240a-4206-b3ff-4c960ba603dd" xmlns="http://microsoft.com/schemas/VisualStudio/TeamTest/2010" />
    <UnitTestResult executionId="8c427b4c-7c5a-4d19-af57-3b22b1296e16" testId="e05e78b9-1fc5-d5e7-7e42-f53788d2e4a8" testName="ExecuteByTest_Sort (Name,Descending,999,998,997,996,995,994,993,992,991,990)" computerName="DESKTOP-3FN5V33" duration="00:00:00.0223237" startTime="2024-01-05T13:40:38.5773046-05:00" endTime="2024-01-05T13:40:38.6000710-05:00" testType="13cdc9d9-ddb5-4fa4-a97d-d965ccfc6d4b" outcome="Passed" testListId="8c84fa94-04c1-424b-9868-57a2d4851a1d" relativeResultsDirectory="8c427b4c-7c5a-4d19-af57-3b22b1296e16" xmlns="http://microsoft.com/schemas/VisualStudio/TeamTest/2010">
      <Output>
        <StdOut>Eliassen.System.Internal.ConsoleLogger`1[Eliassen.System.Linq.Search.QueryBuilder]:Information:&gt;
	Build query for CurrentPage: 0
PageSize: 0
ExcludePageCount: False
SearchTerm: (null)
	S:Name: Descending

Eliassen.System.Internal.ConsoleLogger`1[Eliassen.System.Linq.Search.QueryBuilder]:Information:&gt;
	Execute (paged): System.Linq.Enumerable+SelectRangeIterator`1[Eliassen.System.Tests.Linq.TestTargets.TestTargetModel].OrderByDescending(n =&gt; n.Name).Skip(0).Take(10)



TestContext Messages:
SearchQuery-QueryableExtensionsTests_ExecuteByTest_Sort(296)-638400588385781692.json: Attached
PagedQueryResult_1-QueryableExtensionsTests_ExecuteByTest_Sort(298)-638400588385912365.json: Attached</StdOut>
        <StdErr>Eliassen.System.Internal.ConsoleLogger`1[Eliassen.System.Linq.Search.QueryBuilder]:Warning:&gt;
	No filtering detected: System.Linq.Enumerable+SelectRangeIterator`1[Eliassen.System.Tests.Linq.TestTargets.TestTargetModel]: CurrentPage: 0
PageSize: 0
ExcludePageCount: False
SearchTerm: (null)
	S:Name: Descending</StdErr>
      </Output>
      <ResultFiles>
        <ResultFile path="DESKTOP-3FN5V33\PagedQueryResult_1-QueryableExtensionsTests_ExecuteByTest_Sort(298)-638400588385912365.json" />
        <ResultFile path="DESKTOP-3FN5V33\SearchQuery-QueryableExtensionsTests_ExecuteByTest_Sort(296)-638400588385781692.json" />
      </ResultFiles>
    </UnitTestResult>
    <UnitTestResult executionId="f7a40961-0855-4a05-ae44-9d6abc60fc88" testId="3e3a289b-1c74-15e1-39bf-f6ee0cea86e7" testName="ToEnumTest (2,Val2)" computerName="DESKTOP-3FN5V33" duration="00:00:00.0000291" startTime="2024-01-05T13:40:30.5029398-05:00" endTime="2024-01-05T13:40:30.5033780-05:00" testType="13cdc9d9-ddb5-4fa4-a97d-d965ccfc6d4b" outcome="Passed" testListId="8c84fa94-04c1-424b-9868-57a2d4851a1d" relativeResultsDirectory="f7a40961-0855-4a05-ae44-9d6abc60fc88" xmlns="http://microsoft.com/schemas/VisualStudio/TeamTest/2010" />
    <UnitTestResult executionId="afd8566c-a256-4bcc-9a52-b512f95abff0" testId="a1968147-0351-75a4-0e13-531c67b43bf8" testName="ExecuteByTest_Sort (Name,Ascending,0,1,10,100,101,102,103,104,105,106)" computerName="DESKTOP-3FN5V33" duration="00:00:00.0171664" startTime="2024-01-05T13:40:38.6292722-05:00" endTime="2024-01-05T13:40:38.6469345-05:00" testType="13cdc9d9-ddb5-4fa4-a97d-d965ccfc6d4b" outcome="Passed" testListId="8c84fa94-04c1-424b-9868-57a2d4851a1d" relativeResultsDirectory="afd8566c-a256-4bcc-9a52-b512f95abff0" xmlns="http://microsoft.com/schemas/VisualStudio/TeamTest/2010">
      <Output>
        <StdOut>Eliassen.System.Internal.ConsoleLogger`1[Eliassen.System.Linq.Search.QueryBuilder]:Information:&gt;
	Build query for CurrentPage: 0
PageSize: 0
ExcludePageCount: False
SearchTerm: (null)
	S:Name: Ascending

Eliassen.System.Internal.ConsoleLogger`1[Eliassen.System.Linq.Search.QueryBuilder]:Information:&gt;
	Execute (paged): System.Linq.Enumerable+SelectRangeIterator`1[Eliassen.System.Tests.Linq.TestTargets.TestTargetModel].OrderBy(n =&gt; n.Name).Skip(0).Take(10)



TestContext Messages:
SearchQuery-QueryableExtensionsTests_ExecuteByTest_Sort(296)-638400588386296550.json: Attached
PagedQueryResult_1-QueryableExtensionsTests_ExecuteByTest_Sort(298)-638400588386377885.json: Attached</StdOut>
        <StdErr>Eliassen.System.Internal.ConsoleLogger`1[Eliassen.System.Linq.Search.QueryBuilder]:Warning:&gt;
	No filtering detected: System.Linq.Enumerable+SelectRangeIterator`1[Eliassen.System.Tests.Linq.TestTargets.TestTargetModel]: CurrentPage: 0
PageSize: 0
ExcludePageCount: False
SearchTerm: (null)
	S:Name: Ascending</StdErr>
      </Output>
      <ResultFiles>
        <ResultFile path="DESKTOP-3FN5V33\PagedQueryResult_1-QueryableExtensionsTests_ExecuteByTest_Sort(298)-638400588386377885.json" />
        <ResultFile path="DESKTOP-3FN5V33\SearchQuery-QueryableExtensionsTests_ExecuteByTest_Sort(296)-638400588386296550.json" />
      </ResultFiles>
    </UnitTestResult>
    <UnitTestResult executionId="eb60c41b-e188-4059-9485-c47780f6846a" testId="747a08c9-a3e7-c6d3-d3e5-4ea9ef67df60" testName="ExecuteByTest_Sort (NAME,Descending,999,998,997,996,995,994,993,992,991,990)" computerName="DESKTOP-3FN5V33" duration="00:00:00.0123093" startTime="2024-01-05T13:40:38.6150169-05:00" endTime="2024-01-05T13:40:38.6277688-05:00" testType="13cdc9d9-ddb5-4fa4-a97d-d965ccfc6d4b" outcome="Passed" testListId="8c84fa94-04c1-424b-9868-57a2d4851a1d" relativeResultsDirectory="eb60c41b-e188-4059-9485-c47780f6846a" xmlns="http://microsoft.com/schemas/VisualStudio/TeamTest/2010">
      <Output>
        <StdOut>Eliassen.System.Internal.ConsoleLogger`1[Eliassen.System.Linq.Search.QueryBuilder]:Information:&gt;
	Build query for CurrentPage: 0
PageSize: 0
ExcludePageCount: False
SearchTerm: (null)
	S:NAME: Descending

Eliassen.System.Internal.ConsoleLogger`1[Eliassen.System.Linq.Search.QueryBuilder]:Information:&gt;
	Execute (paged): System.Linq.Enumerable+SelectRangeIterator`1[Eliassen.System.Tests.Linq.TestTargets.TestTargetModel].OrderByDescending(n =&gt; n.Name).Skip(0).Take(10)



TestContext Messages:
SearchQuery-QueryableExtensionsTests_ExecuteByTest_Sort(296)-638400588386153941.json: Attached
PagedQueryResult_1-QueryableExtensionsTests_ExecuteByTest_Sort(298)-638400588386234127.json: Attached</StdOut>
        <StdErr>Eliassen.System.Internal.ConsoleLogger`1[Eliassen.System.Linq.Search.QueryBuilder]:Warning:&gt;
	No filtering detected: System.Linq.Enumerable+SelectRangeIterator`1[Eliassen.System.Tests.Linq.TestTargets.TestTargetModel]: CurrentPage: 0
PageSize: 0
ExcludePageCount: False
SearchTerm: (null)
	S:NAME: Descending</StdErr>
      </Output>
      <ResultFiles>
        <ResultFile path="DESKTOP-3FN5V33\PagedQueryResult_1-QueryableExtensionsTests_ExecuteByTest_Sort(298)-638400588386234127.json" />
        <ResultFile path="DESKTOP-3FN5V33\SearchQuery-QueryableExtensionsTests_ExecuteByTest_Sort(296)-638400588386153941.json" />
      </ResultFiles>
    </UnitTestResult>
    <UnitTestResult executionId="65590435-436a-40f2-966f-2661c59b274f" testId="1d8ac424-d8c8-cc40-95df-91f5d4ddca6b" testName="ToEnumTest (name,name2|test name,WithEnumValue, WithMemberName, WithDisplay)" computerName="DESKTOP-3FN5V33" duration="00:00:00.0002431" startTime="2024-01-05T13:40:30.5316161-05:00" endTime="2024-01-05T13:40:30.5321626-05:00" testType="13cdc9d9-ddb5-4fa4-a97d-d965ccfc6d4b" outcome="Passed" testListId="8c84fa94-04c1-424b-9868-57a2d4851a1d" relativeResultsDirectory="65590435-436a-40f2-966f-2661c59b274f" xmlns="http://microsoft.com/schemas/VisualStudio/TeamTest/2010" />
    <UnitTestResult executionId="c97a17fe-f1c6-442c-93fc-1a4f021527fe" testId="09a12892-a09d-2217-56ca-535c29014ee4" testName="ToEnumTest (Val2 ,Val1,Val1, Val2)" computerName="DESKTOP-3FN5V33" duration="00:00:00.0000309" startTime="2024-01-05T13:40:30.4895593-05:00" endTime="2024-01-05T13:40:30.4899686-05:00" testType="13cdc9d9-ddb5-4fa4-a97d-d965ccfc6d4b" outcome="Passed" testListId="8c84fa94-04c1-424b-9868-57a2d4851a1d" relativeResultsDirectory="c97a17fe-f1c6-442c-93fc-1a4f021527fe" xmlns="http://microsoft.com/schemas/VisualStudio/TeamTest/2010" />
    <UnitTestResult executionId="3bbdd0c4-cd00-4dee-8025-f06d69e3aeb9" testId="23e6d9bc-f3c3-f29d-3344-d86cf83d0f1d" testName="ToEnumTest (-1,-1)" computerName="DESKTOP-3FN5V33" duration="00:00:00.0000438" startTime="2024-01-05T13:40:30.4933349-05:00" endTime="2024-01-05T13:40:30.4937483-05:00" testType="13cdc9d9-ddb5-4fa4-a97d-d965ccfc6d4b" outcome="Passed" testListId="8c84fa94-04c1-424b-9868-57a2d4851a1d" relativeResultsDirectory="3bbdd0c4-cd00-4dee-8025-f06d69e3aeb9" xmlns="http://microsoft.com/schemas/VisualStudio/TeamTest/2010" />
    <UnitTestResult executionId="1d79fc07-10ab-4052-a444-863a227c68b5" testId="92340e72-277a-04a0-4ab5-bc7177798536" testName="ToEnumTest (Val2,Val2)" computerName="DESKTOP-3FN5V33" duration="00:00:00.0000379" startTime="2024-01-05T13:40:30.4597533-05:00" endTime="2024-01-05T13:40:30.4602607-05:00" testType="13cdc9d9-ddb5-4fa4-a97d-d965ccfc6d4b" outcome="Passed" testListId="8c84fa94-04c1-424b-9868-57a2d4851a1d" relativeResultsDirectory="1d79fc07-10ab-4052-a444-863a227c68b5" xmlns="http://microsoft.com/schemas/VisualStudio/TeamTest/2010" />
    <UnitTestResult executionId="16c2a3e3-09ef-4531-82c3-96158eaeed51" testId="40b5ef99-b7df-93ac-7917-4647f5a51753" testName="ToEnumTest (0,Val0)" computerName="DESKTOP-3FN5V33" duration="00:00:00.0000417" startTime="2024-01-05T13:40:30.4960078-05:00" endTime="2024-01-05T13:40:30.4985716-05:00" testType="13cdc9d9-ddb5-4fa4-a97d-d965ccfc6d4b" outcome="Passed" testListId="8c84fa94-04c1-424b-9868-57a2d4851a1d" relativeResultsDirectory="16c2a3e3-09ef-4531-82c3-96158eaeed51" xmlns="http://microsoft.com/schemas/VisualStudio/TeamTest/2010" />
    <UnitTestResult executionId="9815c874-51eb-477e-93de-1719ce6a983b" testId="01759c6c-9c6f-76ea-83d1-8f4c8b379bd1" testName="ToEnumTest (4,WithEnumValue)" computerName="DESKTOP-3FN5V33" duration="00:00:00.0000371" startTime="2024-01-05T13:40:30.5100405-05:00" endTime="2024-01-05T13:40:30.5105510-05:00" testType="13cdc9d9-ddb5-4fa4-a97d-d965ccfc6d4b" outcome="Passed" testListId="8c84fa94-04c1-424b-9868-57a2d4851a1d" relativeResultsDirectory="9815c874-51eb-477e-93de-1719ce6a983b" xmlns="http://microsoft.com/schemas/VisualStudio/TeamTest/2010" />
    <UnitTestResult executionId="bb0c1b76-1c71-4c4d-a428-ca092e49680d" testId="b13fa943-22bd-9e1f-c5db-ef62652cfa07" testName="ToEnumTest (Val1,Val1)" computerName="DESKTOP-3FN5V33" duration="00:00:00.0093418" startTime="2024-01-05T13:40:30.4446843-05:00" endTime="2024-01-05T13:40:30.4580401-05:00" testType="13cdc9d9-ddb5-4fa4-a97d-d965ccfc6d4b" outcome="Passed" testListId="8c84fa94-04c1-424b-9868-57a2d4851a1d" relativeResultsDirectory="bb0c1b76-1c71-4c4d-a428-ca092e49680d" xmlns="http://microsoft.com/schemas/VisualStudio/TeamTest/2010" />
    <UnitTestResult executionId="fe6eb761-c776-4af4-a11a-df8b282381a7" testId="58462863-ff6d-f063-2a0a-2d8d701b12ea" testName="ToEnumTest (test short,WithDisplay)" computerName="DESKTOP-3FN5V33" duration="00:00:00.0002258" startTime="2024-01-05T13:40:30.5296184-05:00" endTime="2024-01-05T13:40:30.5301739-05:00" testType="13cdc9d9-ddb5-4fa4-a97d-d965ccfc6d4b" outcome="Passed" testListId="8c84fa94-04c1-424b-9868-57a2d4851a1d" relativeResultsDirectory="fe6eb761-c776-4af4-a11a-df8b282381a7" xmlns="http://microsoft.com/schemas/VisualStudio/TeamTest/2010" />
    <UnitTestResult executionId="e38a042e-bcc8-4766-8bef-d0ded6a27e1f" testId="cb4cfb9e-73c3-8e26-9b3a-14e0a5fbae7b" testName="ToEnumTest (Val2,Val1,Val1, Val2)" computerName="DESKTOP-3FN5V33" duration="00:00:00.0000430" startTime="2024-01-05T13:40:30.4844122-05:00" endTime="2024-01-05T13:40:30.4850314-05:00" testType="13cdc9d9-ddb5-4fa4-a97d-d965ccfc6d4b" outcome="Passed" testListId="8c84fa94-04c1-424b-9868-57a2d4851a1d" relativeResultsDirectory="e38a042e-bcc8-4766-8bef-d0ded6a27e1f" xmlns="http://microsoft.com/schemas/VisualStudio/TeamTest/2010" />
    <UnitTestResult executionId="25c4e596-9670-4f88-916d-7a87e18314b4" testId="1d309172-e008-0657-5b5e-95e52af2c894" testName="ToEnumTest (Val2, Val1,Val1, Val2)" computerName="DESKTOP-3FN5V33" duration="00:00:00.0000395" startTime="2024-01-05T13:40:30.4747913-05:00" endTime="2024-01-05T13:40:30.4753543-05:00" testType="13cdc9d9-ddb5-4fa4-a97d-d965ccfc6d4b" outcome="Passed" testListId="8c84fa94-04c1-424b-9868-57a2d4851a1d" relativeResultsDirectory="25c4e596-9670-4f88-916d-7a87e18314b4" xmlns="http://microsoft.com/schemas/VisualStudio/TeamTest/2010" />
    <UnitTestResult executionId="65a7403a-c0bf-4c2b-842d-ac76b0fd888c" testId="2be8e5bd-2821-3300-9bb9-16d0bbda7431" testName="ToEnumTest (1,Val1)" computerName="DESKTOP-3FN5V33" duration="00:00:00.0000392" startTime="2024-01-05T13:40:30.5002148-05:00" endTime="2024-01-05T13:40:30.5010959-05:00" testType="13cdc9d9-ddb5-4fa4-a97d-d965ccfc6d4b" outcome="Passed" testListId="8c84fa94-04c1-424b-9868-57a2d4851a1d" relativeResultsDirectory="65a7403a-c0bf-4c2b-842d-ac76b0fd888c" xmlns="http://microsoft.com/schemas/VisualStudio/TeamTest/2010" />
    <UnitTestResult executionId="13a1afd3-a78c-4e08-954a-cb01dba67abb" testId="ec5b60ed-7fe8-4ace-f494-55fd9fc20bb2" testName="ExecuteByTest_Sort (name,Descending,999,998,997,996,995,994,993,992,991,990)" computerName="DESKTOP-3FN5V33" duration="00:00:00.0115283" startTime="2024-01-05T13:40:38.6015409-05:00" endTime="2024-01-05T13:40:38.6135617-05:00" testType="13cdc9d9-ddb5-4fa4-a97d-d965ccfc6d4b" outcome="Passed" testListId="8c84fa94-04c1-424b-9868-57a2d4851a1d" relativeResultsDirectory="13a1afd3-a78c-4e08-954a-cb01dba67abb" xmlns="http://microsoft.com/schemas/VisualStudio/TeamTest/2010">
      <Output>
        <StdOut>Eliassen.System.Internal.ConsoleLogger`1[Eliassen.System.Linq.Search.QueryBuilder]:Information:&gt;
	Build query for CurrentPage: 0
PageSize: 0
ExcludePageCount: False
SearchTerm: (null)
	S:name: Descending

Eliassen.System.Internal.ConsoleLogger`1[Eliassen.System.Linq.Search.QueryBuilder]:Information:&gt;
	Execute (paged): System.Linq.Enumerable+SelectRangeIterator`1[Eliassen.System.Tests.Linq.TestTargets.TestTargetModel].OrderByDescending(n =&gt; n.Name).Skip(0).Take(10)



TestContext Messages:
SearchQuery-QueryableExtensionsTests_ExecuteByTest_Sort(296)-638400588386022532.json: Attached
PagedQueryResult_1-QueryableExtensionsTests_ExecuteByTest_Sort(298)-638400588386100969.json: Attached</StdOut>
        <StdErr>Eliassen.System.Internal.ConsoleLogger`1[Eliassen.System.Linq.Search.QueryBuilder]:Warning:&gt;
	No filtering detected: System.Linq.Enumerable+SelectRangeIterator`1[Eliassen.System.Tests.Linq.TestTargets.TestTargetModel]: CurrentPage: 0
PageSize: 0
ExcludePageCount: False
SearchTerm: (null)
	S:name: Descending</StdErr>
      </Output>
      <ResultFiles>
        <ResultFile path="DESKTOP-3FN5V33\PagedQueryResult_1-QueryableExtensionsTests_ExecuteByTest_Sort(298)-638400588386100969.json" />
        <ResultFile path="DESKTOP-3FN5V33\SearchQuery-QueryableExtensionsTests_ExecuteByTest_Sort(296)-638400588386022532.json" />
      </ResultFiles>
    </UnitTestResult>
    <UnitTestResult executionId="c70c49bc-f96d-4093-bcf2-cb696c0ab49d" testId="101e9e04-cff8-8fa9-c661-9d47b6be78ef" testName="ToEnumTest (2,Val2)" computerName="DESKTOP-3FN5V33" duration="00:00:00.0000148" startTime="2024-01-05T11:18:31.1075515-05:00" endTime="2024-01-05T11:18:31.1077766-05:00" testType="13cdc9d9-ddb5-4fa4-a97d-d965ccfc6d4b" outcome="Passed" testListId="8c84fa94-04c1-424b-9868-57a2d4851a1d" relativeResultsDirectory="c70c49bc-f96d-4093-bcf2-cb696c0ab49d" xmlns="http://microsoft.com/schemas/VisualStudio/TeamTest/2010" />
    <UnitTestResult executionId="351485cb-8268-4d2f-9c02-11ed92cea827" testId="e084b9bb-3fb5-a391-9844-c9e65646417a" testName="ToEnumTest (test name,WithDisplay)" computerName="DESKTOP-3FN5V33" duration="00:00:00.0002912" startTime="2024-01-05T11:18:31.1222357-05:00" endTime="2024-01-05T11:18:31.1229287-05:00" testType="13cdc9d9-ddb5-4fa4-a97d-d965ccfc6d4b" outcome="Passed" testListId="8c84fa94-04c1-424b-9868-57a2d4851a1d" relativeResultsDirectory="351485cb-8268-4d2f-9c02-11ed92cea827" xmlns="http://microsoft.com/schemas/VisualStudio/TeamTest/2010" />
    <UnitTestResult executionId="a48826de-d781-444b-ac92-1769fb02ef29" testId="d543c38b-7074-0e95-e523-50409de6c955" testName="ToEnumTest (0,Val0)" computerName="DESKTOP-3FN5V33" duration="00:00:00.0000105" startTime="2024-01-05T11:18:31.1037938-05:00" endTime="2024-01-05T11:18:31.1039961-05:00" testType="13cdc9d9-ddb5-4fa4-a97d-d965ccfc6d4b" outcome="Passed" testListId="8c84fa94-04c1-424b-9868-57a2d4851a1d" relativeResultsDirectory="a48826de-d781-444b-ac92-1769fb02ef29" xmlns="http://microsoft.com/schemas/VisualStudio/TeamTest/2010" />
    <UnitTestResult executionId="e6c93435-ef8e-49ad-aaf2-2216d1eb9617" testId="78601fce-42b7-1d43-f4d2-c9e13ea5ac39" testName="ToEnumTest (Val2 ,Val1,Val1, Val2)" computerName="DESKTOP-3FN5V33" duration="00:00:00.0000128" startTime="2024-01-05T11:18:31.1009149-05:00" endTime="2024-01-05T11:18:31.1012050-05:00" testType="13cdc9d9-ddb5-4fa4-a97d-d965ccfc6d4b" outcome="Passed" testListId="8c84fa94-04c1-424b-9868-57a2d4851a1d" relativeResultsDirectory="e6c93435-ef8e-49ad-aaf2-2216d1eb9617" xmlns="http://microsoft.com/schemas/VisualStudio/TeamTest/2010" />
    <UnitTestResult executionId="3197f7d8-073e-43e1-b6a7-458209a1d84d" testId="447a7ec8-4d58-9251-c78c-779d4ba60530" testName="ToEnumTest (test description,WithDescription)" computerName="DESKTOP-3FN5V33" duration="00:00:00.0002541" startTime="2024-01-05T11:18:31.1196387-05:00" endTime="2024-01-05T11:18:31.1201313-05:00" testType="13cdc9d9-ddb5-4fa4-a97d-d965ccfc6d4b" outcome="Passed" testListId="8c84fa94-04c1-424b-9868-57a2d4851a1d" relativeResultsDirectory="3197f7d8-073e-43e1-b6a7-458209a1d84d" xmlns="http://microsoft.com/schemas/VisualStudio/TeamTest/2010" />
    <UnitTestResult executionId="8181ef2f-c47d-4a59-8cbd-3260c0b5cf37" testId="fe55777e-1d6a-5099-e51b-5211c764827b" testName="ToEnumTest (1,Val1)" computerName="DESKTOP-3FN5V33" duration="00:00:00.0000079" startTime="2024-01-05T11:18:31.1049348-05:00" endTime="2024-01-05T11:18:31.1050880-05:00" testType="13cdc9d9-ddb5-4fa4-a97d-d965ccfc6d4b" outcome="Passed" testListId="8c84fa94-04c1-424b-9868-57a2d4851a1d" relativeResultsDirectory="8181ef2f-c47d-4a59-8cbd-3260c0b5cf37" xmlns="http://microsoft.com/schemas/VisualStudio/TeamTest/2010" />
    <UnitTestResult executionId="ecc2ff08-d281-41aa-aa1c-810d2503ad98" testId="c3657274-5684-84b0-53f6-50ffb36049ed" testName="ToEnumTest (Val2|Val1,Val1, Val2)" computerName="DESKTOP-3FN5V33" duration="00:00:00.0000162" startTime="2024-01-05T11:18:31.1019992-05:00" endTime="2024-01-05T11:18:31.1021645-05:00" testType="13cdc9d9-ddb5-4fa4-a97d-d965ccfc6d4b" outcome="Passed" testListId="8c84fa94-04c1-424b-9868-57a2d4851a1d" relativeResultsDirectory="ecc2ff08-d281-41aa-aa1c-810d2503ad98" xmlns="http://microsoft.com/schemas/VisualStudio/TeamTest/2010" />
    <UnitTestResult executionId="dfce5ddb-c232-4281-b0c5-c1b7ce1ee552" testId="15f0f0c3-de9f-da14-426b-78765c04900a" testName="ToEnumTest (Val1,Val1)" computerName="DESKTOP-3FN5V33" duration="00:00:00.0059202" startTime="2024-01-05T11:18:31.0807598-05:00" endTime="2024-01-05T11:18:31.0918897-05:00" testType="13cdc9d9-ddb5-4fa4-a97d-d965ccfc6d4b" outcome="Passed" testListId="8c84fa94-04c1-424b-9868-57a2d4851a1d" relativeResultsDirectory="dfce5ddb-c232-4281-b0c5-c1b7ce1ee552" xmlns="http://microsoft.com/schemas/VisualStudio/TeamTest/2010" />
    <UnitTestResult executionId="18756d29-7d08-40fd-b654-99160b51da58" testId="7d752d6c-ea35-c2bf-5a54-d2a77f5d8d11" testName="ToEnumTest (4,WithEnumValue)" computerName="DESKTOP-3FN5V33" duration="00:00:00.0000110" startTime="2024-01-05T11:18:31.1095385-05:00" endTime="2024-01-05T11:18:31.1097189-05:00" testType="13cdc9d9-ddb5-4fa4-a97d-d965ccfc6d4b" outcome="Passed" testListId="8c84fa94-04c1-424b-9868-57a2d4851a1d" relativeResultsDirectory="18756d29-7d08-40fd-b654-99160b51da58" xmlns="http://microsoft.com/schemas/VisualStudio/TeamTest/2010" />
    <UnitTestResult executionId="04128a44-80cf-48cb-b422-a5a08d87432a" testId="4e84d721-e721-48df-0fef-58399d42c3e4" testName="ToEnumTest (Val2,Val2)" computerName="DESKTOP-3FN5V33" duration="00:00:00.0000334" startTime="2024-01-05T11:18:31.0963290-05:00" endTime="2024-01-05T11:18:31.0967919-05:00" testType="13cdc9d9-ddb5-4fa4-a97d-d965ccfc6d4b" outcome="Passed" testListId="8c84fa94-04c1-424b-9868-57a2d4851a1d" relativeResultsDirectory="04128a44-80cf-48cb-b422-a5a08d87432a" xmlns="http://microsoft.com/schemas/VisualStudio/TeamTest/2010" />
    <UnitTestResult executionId="79852190-e388-45cd-be04-bc0497e16c2d" testId="acbf883b-a248-9198-bfe3-0944bb2a2172" testName="ExecuteByTest_Sort (name,Descending,999,998,997,996,995,994,993,992,991,990)" computerName="DESKTOP-3FN5V33" duration="00:00:00.0094331" startTime="2024-01-05T11:18:35.2131872-05:00" endTime="2024-01-05T11:18:35.2230753-05:00" testType="13cdc9d9-ddb5-4fa4-a97d-d965ccfc6d4b" outcome="Passed" testListId="8c84fa94-04c1-424b-9868-57a2d4851a1d" relativeResultsDirectory="79852190-e388-45cd-be04-bc0497e16c2d" xmlns="http://microsoft.com/schemas/VisualStudio/TeamTest/2010">
      <Output>
        <StdOut>Eliassen.System.Internal.ConsoleLogger`1[Eliassen.System.Linq.Search.QueryBuilder]:Information:&gt;
	Build query for CurrentPage: 0
PageSize: 0
ExcludePageCount: False
SearchTerm: (null)
	S:name: Descending

Eliassen.System.Internal.ConsoleLogger`1[Eliassen.System.Linq.Search.QueryBuilder]:Information:&gt;
	Execute (paged): System.Linq.Enumerable+SelectRangeIterator`1[Eliassen.System.Tests.Linq.TestTargets.TestTargetModel].OrderByDescending(n =&gt; n.Name).Skip(0).Take(10)



TestContext Messages:
SearchQuery-QueryableExtensionsTests_ExecuteByTest_Sort(296)-638400503152138342.json: Attached
PagedQueryResult_1-QueryableExtensionsTests_ExecuteByTest_Sort(298)-638400503152196729.json: Attached</StdOut>
        <StdErr>Eliassen.System.Internal.ConsoleLogger`1[Eliassen.System.Linq.Search.QueryBuilder]:Warning:&gt;
	No filtering detected: System.Linq.Enumerable+SelectRangeIterator`1[Eliassen.System.Tests.Linq.TestTargets.TestTargetModel]: CurrentPage: 0
PageSize: 0
ExcludePageCount: False
SearchTerm: (null)
	S:name: Descending</StdErr>
      </Output>
      <ResultFiles>
        <ResultFile path="DESKTOP-3FN5V33\PagedQueryResult_1-QueryableExtensionsTests_ExecuteByTest_Sort(298)-638400503152196729.json" />
        <ResultFile path="DESKTOP-3FN5V33\SearchQuery-QueryableExtensionsTests_ExecuteByTest_Sort(296)-638400503152138342.json" />
      </ResultFiles>
    </UnitTestResult>
    <UnitTestResult executionId="77bc299b-da34-46c5-aacd-1208db4daad0" testId="1521fdf8-ee8e-3f24-da8a-3dd3b9aaa633" testName="ToEnumTest (3,Val1, Val2)" computerName="DESKTOP-3FN5V33" duration="00:00:00.0000123" startTime="2024-01-05T11:18:31.1085274-05:00" endTime="2024-01-05T11:18:31.1087189-05:00" testType="13cdc9d9-ddb5-4fa4-a97d-d965ccfc6d4b" outcome="Passed" testListId="8c84fa94-04c1-424b-9868-57a2d4851a1d" relativeResultsDirectory="77bc299b-da34-46c5-aacd-1208db4daad0" xmlns="http://microsoft.com/schemas/VisualStudio/TeamTest/2010" />
    <UnitTestResult executionId="a2eeaec0-4c42-4a19-bf9f-9de81436c286" testId="00a18adb-717a-ef94-6424-5f5fb443e4cf" testName="ToEnumTest (name,WithEnumValue)" computerName="DESKTOP-3FN5V33" duration="00:00:00.0014734" startTime="2024-01-05T11:18:31.1152581-05:00" endTime="2024-01-05T11:18:31.1170644-05:00" testType="13cdc9d9-ddb5-4fa4-a97d-d965ccfc6d4b" outcome="Passed" testListId="8c84fa94-04c1-424b-9868-57a2d4851a1d" relativeResultsDirectory="a2eeaec0-4c42-4a19-bf9f-9de81436c286" xmlns="http://microsoft.com/schemas/VisualStudio/TeamTest/2010" />
    <UnitTestResult executionId="e434b4f8-a853-444b-b0b9-54e6cbe4a78c" testId="e25795eb-c389-3b43-4e5f-ee4489209b2a" testName="ToEnumTest (name,name2|test name,WithEnumValue, WithMemberName, WithDisplay)" computerName="DESKTOP-3FN5V33" duration="00:00:00.0001829" startTime="2024-01-05T11:18:31.1272256-05:00" endTime="2024-01-05T11:18:31.1277065-05:00" testType="13cdc9d9-ddb5-4fa4-a97d-d965ccfc6d4b" outcome="Passed" testListId="8c84fa94-04c1-424b-9868-57a2d4851a1d" relativeResultsDirectory="e434b4f8-a853-444b-b0b9-54e6cbe4a78c" xmlns="http://microsoft.com/schemas/VisualStudio/TeamTest/2010" />
    <UnitTestResult executionId="e0254913-8141-40a8-95c8-9dd308a14d36" testId="162a9975-fa90-6541-ed71-2ec4dcc7aa4e" testName="ToEnumTest (-1,-1)" computerName="DESKTOP-3FN5V33" duration="00:00:00.0000150" startTime="2024-01-05T11:18:31.1029502-05:00" endTime="2024-01-05T11:18:31.1031083-05:00" testType="13cdc9d9-ddb5-4fa4-a97d-d965ccfc6d4b" outcome="Passed" testListId="8c84fa94-04c1-424b-9868-57a2d4851a1d" relativeResultsDirectory="e0254913-8141-40a8-95c8-9dd308a14d36" xmlns="http://microsoft.com/schemas/VisualStudio/TeamTest/2010" />
    <UnitTestResult executionId="6a431397-008a-4db9-b5b4-8a1a7ccb9190" testId="d27fa711-0e9a-e814-3ef2-aa33f0dcce39" testName="ToEnumTest (Val2 , Val1,Val1, Val2)" computerName="DESKTOP-3FN5V33" duration="00:00:00.0000136" startTime="2024-01-05T11:18:31.0999028-05:00" endTime="2024-01-05T11:18:31.1001570-05:00" testType="13cdc9d9-ddb5-4fa4-a97d-d965ccfc6d4b" outcome="Passed" testListId="8c84fa94-04c1-424b-9868-57a2d4851a1d" relativeResultsDirectory="6a431397-008a-4db9-b5b4-8a1a7ccb9190" xmlns="http://microsoft.com/schemas/VisualStudio/TeamTest/2010" />
    <UnitTestResult executionId="896b5866-8d4e-488f-b119-3fb294b5f1b6" testId="8a35045d-3fa3-99c5-00ae-6cb0cc7f41bf" testName="ExecuteByTest_Sort (NAME,Descending,999,998,997,996,995,994,993,992,991,990)" computerName="DESKTOP-3FN5V33" duration="00:00:00.0098997" startTime="2024-01-05T11:18:35.2240883-05:00" endTime="2024-01-05T11:18:35.2343568-05:00" testType="13cdc9d9-ddb5-4fa4-a97d-d965ccfc6d4b" outcome="Passed" testListId="8c84fa94-04c1-424b-9868-57a2d4851a1d" relativeResultsDirectory="896b5866-8d4e-488f-b119-3fb294b5f1b6" xmlns="http://microsoft.com/schemas/VisualStudio/TeamTest/2010">
      <Output>
        <StdOut>Eliassen.System.Internal.ConsoleLogger`1[Eliassen.System.Linq.Search.QueryBuilder]:Information:&gt;
	Build query for CurrentPage: 0
PageSize: 0
ExcludePageCount: False
SearchTerm: (null)
	S:NAME: Descending

Eliassen.System.Internal.ConsoleLogger`1[Eliassen.System.Linq.Search.QueryBuilder]:Information:&gt;
	Execute (paged): System.Linq.Enumerable+SelectRangeIterator`1[Eliassen.System.Tests.Linq.TestTargets.TestTargetModel].OrderByDescending(n =&gt; n.Name).Skip(0).Take(10)



TestContext Messages:
SearchQuery-QueryableExtensionsTests_ExecuteByTest_Sort(296)-638400503152243785.json: Attached
PagedQueryResult_1-QueryableExtensionsTests_ExecuteByTest_Sort(298)-638400503152309083.json: Attached</StdOut>
        <StdErr>Eliassen.System.Internal.ConsoleLogger`1[Eliassen.System.Linq.Search.QueryBuilder]:Warning:&gt;
	No filtering detected: System.Linq.Enumerable+SelectRangeIterator`1[Eliassen.System.Tests.Linq.TestTargets.TestTargetModel]: CurrentPage: 0
PageSize: 0
ExcludePageCount: False
SearchTerm: (null)
	S:NAME: Descending</StdErr>
      </Output>
      <ResultFiles>
        <ResultFile path="DESKTOP-3FN5V33\PagedQueryResult_1-QueryableExtensionsTests_ExecuteByTest_Sort(298)-638400503152309083.json" />
        <ResultFile path="DESKTOP-3FN5V33\SearchQuery-QueryableExtensionsTests_ExecuteByTest_Sort(296)-638400503152243785.json" />
      </ResultFiles>
    </UnitTestResult>
    <UnitTestResult executionId="1f2e013d-1505-4ee6-984a-680392ab239e" testId="05a8bf42-5434-8515-7c2c-2cfaa500d506" testName="ExecuteByTest_Sort (Name,Ascending,0,1,10,100,101,102,103,104,105,106)" computerName="DESKTOP-3FN5V33" duration="00:00:00.0100670" startTime="2024-01-05T11:18:35.2358608-05:00" endTime="2024-01-05T11:18:35.2465024-05:00" testType="13cdc9d9-ddb5-4fa4-a97d-d965ccfc6d4b" outcome="Passed" testListId="8c84fa94-04c1-424b-9868-57a2d4851a1d" relativeResultsDirectory="1f2e013d-1505-4ee6-984a-680392ab239e" xmlns="http://microsoft.com/schemas/VisualStudio/TeamTest/2010">
      <Output>
        <StdOut>Eliassen.System.Internal.ConsoleLogger`1[Eliassen.System.Linq.Search.QueryBuilder]:Information:&gt;
	Build query for CurrentPage: 0
PageSize: 0
ExcludePageCount: False
SearchTerm: (null)
	S:Name: Ascending

Eliassen.System.Internal.ConsoleLogger`1[Eliassen.System.Linq.Search.QueryBuilder]:Information:&gt;
	Execute (paged): System.Linq.Enumerable+SelectRangeIterator`1[Eliassen.System.Tests.Linq.TestTargets.TestTargetModel].OrderBy(n =&gt; n.Name).Skip(0).Take(10)



TestContext Messages:
SearchQuery-QueryableExtensionsTests_ExecuteByTest_Sort(296)-638400503152363294.json: Attached
PagedQueryResult_1-QueryableExtensionsTests_ExecuteByTest_Sort(298)-638400503152433067.json: Attached</StdOut>
        <StdErr>Eliassen.System.Internal.ConsoleLogger`1[Eliassen.System.Linq.Search.QueryBuilder]:Warning:&gt;
	No filtering detected: System.Linq.Enumerable+SelectRangeIterator`1[Eliassen.System.Tests.Linq.TestTargets.TestTargetModel]: CurrentPage: 0
PageSize: 0
ExcludePageCount: False
SearchTerm: (null)
	S:Name: Ascending</StdErr>
      </Output>
      <ResultFiles>
        <ResultFile path="DESKTOP-3FN5V33\PagedQueryResult_1-QueryableExtensionsTests_ExecuteByTest_Sort(298)-638400503152433067.json" />
        <ResultFile path="DESKTOP-3FN5V33\SearchQuery-QueryableExtensionsTests_ExecuteByTest_Sort(296)-638400503152363294.json" />
      </ResultFiles>
    </UnitTestResult>
    <UnitTestResult executionId="e57533bb-ba57-4eb9-95fd-e6e0635d1d6c" testId="51b3917d-24ec-e1ae-8b96-e40add1a9fbb" testName="ToEnumTest (Val2,Val1,Val1, Val2)" computerName="DESKTOP-3FN5V33" duration="00:00:00.0000123" startTime="2024-01-05T11:18:31.0987814-05:00" endTime="2024-01-05T11:18:31.0989533-05:00" testType="13cdc9d9-ddb5-4fa4-a97d-d965ccfc6d4b" outcome="Passed" testListId="8c84fa94-04c1-424b-9868-57a2d4851a1d" relativeResultsDirectory="e57533bb-ba57-4eb9-95fd-e6e0635d1d6c" xmlns="http://microsoft.com/schemas/VisualStudio/TeamTest/2010" />
    <UnitTestResult executionId="3f2bae64-395b-436c-8e1a-3b2e9cab7249" testId="74c0350c-cd7d-cb05-e9ec-3dbfcdb5e334" testName="ToEnumTest (name2,WithMemberName)" computerName="DESKTOP-3FN5V33" duration="00:00:00.0002472" startTime="2024-01-05T11:18:31.1180452-05:00" endTime="2024-01-05T11:18:31.1187446-05:00" testType="13cdc9d9-ddb5-4fa4-a97d-d965ccfc6d4b" outcome="Passed" testListId="8c84fa94-04c1-424b-9868-57a2d4851a1d" relativeResultsDirectory="3f2bae64-395b-436c-8e1a-3b2e9cab7249" xmlns="http://microsoft.com/schemas/VisualStudio/TeamTest/2010" />
    <UnitTestResult executionId="f8a92779-5ab8-4cb9-a168-2121fa852f2a" testId="bfa565c7-fa2e-8baa-d496-303afe5abd4e" testName="ToEnumTest (Val2, Val1,Val1, Val2)" computerName="DESKTOP-3FN5V33" duration="00:00:00.0000205" startTime="2024-01-05T11:18:31.0977686-05:00" endTime="2024-01-05T11:18:31.0979959-05:00" testType="13cdc9d9-ddb5-4fa4-a97d-d965ccfc6d4b" outcome="Passed" testListId="8c84fa94-04c1-424b-9868-57a2d4851a1d" relativeResultsDirectory="f8a92779-5ab8-4cb9-a168-2121fa852f2a" xmlns="http://microsoft.com/schemas/VisualStudio/TeamTest/2010" />
    <UnitTestResult executionId="e29829e2-e09b-4b7f-8c5a-0b3c93a58858" testId="e3aee510-497a-29c4-a957-cf3658ce44bf" testName="ExecuteByTest_Sort (Name,Descending,999,998,997,996,995,994,993,992,991,990)" computerName="DESKTOP-3FN5V33" duration="00:00:00.0175771" startTime="2024-01-05T11:18:35.1942608-05:00" endTime="2024-01-05T11:18:35.2122298-05:00" testType="13cdc9d9-ddb5-4fa4-a97d-d965ccfc6d4b" outcome="Passed" testListId="8c84fa94-04c1-424b-9868-57a2d4851a1d" relativeResultsDirectory="e29829e2-e09b-4b7f-8c5a-0b3c93a58858" xmlns="http://microsoft.com/schemas/VisualStudio/TeamTest/2010">
      <Output>
        <StdOut>Eliassen.System.Internal.ConsoleLogger`1[Eliassen.System.Linq.Search.QueryBuilder]:Information:&gt;
	Build query for CurrentPage: 0
PageSize: 0
ExcludePageCount: False
SearchTerm: (null)
	S:Name: Descending

Eliassen.System.Internal.ConsoleLogger`1[Eliassen.System.Linq.Search.QueryBuilder]:Information:&gt;
	Execute (paged): System.Linq.Enumerable+SelectRangeIterator`1[Eliassen.System.Tests.Linq.TestTargets.TestTargetModel].OrderByDescending(n =&gt; n.Name).Skip(0).Take(10)



TestContext Messages:
SearchQuery-QueryableExtensionsTests_ExecuteByTest_Sort(296)-638400503151952705.json: Attached
PagedQueryResult_1-QueryableExtensionsTests_ExecuteByTest_Sort(298)-638400503152062460.json: Attached</StdOut>
        <StdErr>Eliassen.System.Internal.ConsoleLogger`1[Eliassen.System.Linq.Search.QueryBuilder]:Warning:&gt;
	No filtering detected: System.Linq.Enumerable+SelectRangeIterator`1[Eliassen.System.Tests.Linq.TestTargets.TestTargetModel]: CurrentPage: 0
PageSize: 0
ExcludePageCount: False
SearchTerm: (null)
	S:Name: Descending</StdErr>
      </Output>
      <ResultFiles>
        <ResultFile path="DESKTOP-3FN5V33\PagedQueryResult_1-QueryableExtensionsTests_ExecuteByTest_Sort(298)-638400503152062460.json" />
        <ResultFile path="DESKTOP-3FN5V33\SearchQuery-QueryableExtensionsTests_ExecuteByTest_Sort(296)-638400503151952705.json" />
      </ResultFiles>
    </UnitTestResult>
    <UnitTestResult executionId="37a32046-ac8a-46b1-add6-81681f6821ec" testId="38847c53-ed57-2707-a54c-021211b43dbe" testName="ToEnumTest (test display,WithDisplay)" computerName="DESKTOP-3FN5V33" duration="00:00:00.0001318" startTime="2024-01-05T11:18:31.1209842-05:00" endTime="2024-01-05T11:18:31.1213080-05:00" testType="13cdc9d9-ddb5-4fa4-a97d-d965ccfc6d4b" outcome="Passed" testListId="8c84fa94-04c1-424b-9868-57a2d4851a1d" relativeResultsDirectory="37a32046-ac8a-46b1-add6-81681f6821ec" xmlns="http://microsoft.com/schemas/VisualStudio/TeamTest/2010" />
    <UnitTestResult executionId="186e7de0-eec0-4ad4-b4a3-ce2107158feb" testId="6a819246-7db0-b20a-947c-c26438c9bd63" testName="ToEnumTest (test short,WithDisplay)" computerName="DESKTOP-3FN5V33" duration="00:00:00.0001799" startTime="2024-01-05T11:18:31.1254620-05:00" endTime="2024-01-05T11:18:31.1259187-05:00" testType="13cdc9d9-ddb5-4fa4-a97d-d965ccfc6d4b" outcome="Passed" testListId="8c84fa94-04c1-424b-9868-57a2d4851a1d" relativeResultsDirectory="186e7de0-eec0-4ad4-b4a3-ce2107158feb" xmlns="http://microsoft.com/schemas/VisualStudio/TeamTest/2010" />
    <UnitTestResult executionId="ef073c36-8900-4a29-941a-93c273a1482e" testId="f0a8452b-a880-3678-5fa2-b0b5343292bb" testName="ToEnumTest (3,Val1, Val2)" computerName="DESKTOP-3FN5V33" duration="00:00:00.0000257" startTime="2024-01-05T10:36:16.2065424-05:00" endTime="2024-01-05T10:36:16.2068981-05:00" testType="13cdc9d9-ddb5-4fa4-a97d-d965ccfc6d4b" outcome="Passed" testListId="8c84fa94-04c1-424b-9868-57a2d4851a1d" relativeResultsDirectory="ef073c36-8900-4a29-941a-93c273a1482e" xmlns="http://microsoft.com/schemas/VisualStudio/TeamTest/2010" />
    <UnitTestResult executionId="a6387c49-36ed-46fb-95dc-d2adefee172f" testId="85c1e566-d68d-d955-a41f-828e82e07cee" testName="ToEnumTest (Val2|Val1,Val1, Val2)" computerName="DESKTOP-3FN5V33" duration="00:00:00.0000177" startTime="2024-01-05T10:36:16.1936393-05:00" endTime="2024-01-05T10:36:16.1938458-05:00" testType="13cdc9d9-ddb5-4fa4-a97d-d965ccfc6d4b" outcome="Passed" testListId="8c84fa94-04c1-424b-9868-57a2d4851a1d" relativeResultsDirectory="a6387c49-36ed-46fb-95dc-d2adefee172f" xmlns="http://microsoft.com/schemas/VisualStudio/TeamTest/2010" />
    <UnitTestResult executionId="d2af7365-7d24-480d-a400-0e05744713dd" testId="27d7c2e1-6a3b-6d4f-0096-57d930cb5166" testName="ToEnumTest (4,WithEnumValue)" computerName="DESKTOP-3FN5V33" duration="00:00:00.0000244" startTime="2024-01-05T10:36:16.2078976-05:00" endTime="2024-01-05T10:36:16.2082450-05:00" testType="13cdc9d9-ddb5-4fa4-a97d-d965ccfc6d4b" outcome="Passed" testListId="8c84fa94-04c1-424b-9868-57a2d4851a1d" relativeResultsDirectory="d2af7365-7d24-480d-a400-0e05744713dd" xmlns="http://microsoft.com/schemas/VisualStudio/TeamTest/2010" />
    <UnitTestResult executionId="4b47c1d1-47e6-4110-8726-330ee0e8b396" testId="d4c79ddc-bac1-9c46-ff17-af527979978d" testName="ToEnumTest (Val2 ,Val1,Val1, Val2)" computerName="DESKTOP-3FN5V33" duration="00:00:00.0000118" startTime="2024-01-05T10:36:16.1926118-05:00" endTime="2024-01-05T10:36:16.1927988-05:00" testType="13cdc9d9-ddb5-4fa4-a97d-d965ccfc6d4b" outcome="Passed" testListId="8c84fa94-04c1-424b-9868-57a2d4851a1d" relativeResultsDirectory="4b47c1d1-47e6-4110-8726-330ee0e8b396" xmlns="http://microsoft.com/schemas/VisualStudio/TeamTest/2010" />
    <UnitTestResult executionId="5a99d377-0a53-48ab-a8d1-84f83429ba1b" testId="02f35529-4ead-47e9-3f31-cb3572ed4bd3" testName="ExecuteByTest_Sort (name,Descending,999,998,997,996,995,994,993,992,991,990)" computerName="DESKTOP-3FN5V33" duration="00:00:00.0141084" startTime="2024-01-05T10:36:21.1935225-05:00" endTime="2024-01-05T10:36:21.2082368-05:00" testType="13cdc9d9-ddb5-4fa4-a97d-d965ccfc6d4b" outcome="Passed" testListId="8c84fa94-04c1-424b-9868-57a2d4851a1d" relativeResultsDirectory="5a99d377-0a53-48ab-a8d1-84f83429ba1b" xmlns="http://microsoft.com/schemas/VisualStudio/TeamTest/2010">
      <Output>
        <StdOut>Eliassen.System.Internal.ConsoleLogger`1[Eliassen.System.Linq.Search.QueryBuilder]:Information:&gt;
	Build query for CurrentPage: 0
PageSize: 0
ExcludePageCount: False
SearchTerm: (null)
	S:name: Descending

Eliassen.System.Internal.ConsoleLogger`1[Eliassen.System.Linq.Search.QueryBuilder]:Information:&gt;
	Execute (paged): System.Linq.Enumerable+SelectRangeIterator`1[Eliassen.System.Tests.Linq.TestTargets.TestTargetModel].OrderByDescending(n =&gt; n.Name).Skip(0).Take(10)



TestContext Messages:
SearchQuery-QueryableExtensionsTests_ExecuteByTest_Sort(296)-638400477811944844.json: Attached
PagedQueryResult_1-QueryableExtensionsTests_ExecuteByTest_Sort(298)-638400477812041733.json: Attached</StdOut>
        <StdErr>Eliassen.System.Internal.ConsoleLogger`1[Eliassen.System.Linq.Search.QueryBuilder]:Warning:&gt;
	No filtering detected: System.Linq.Enumerable+SelectRangeIterator`1[Eliassen.System.Tests.Linq.TestTargets.TestTargetModel]: CurrentPage: 0
PageSize: 0
ExcludePageCount: False
SearchTerm: (null)
	S:name: Descending</StdErr>
      </Output>
      <ResultFiles>
        <ResultFile path="DESKTOP-3FN5V33\PagedQueryResult_1-QueryableExtensionsTests_ExecuteByTest_Sort(298)-638400477812041733.json" />
        <ResultFile path="DESKTOP-3FN5V33\SearchQuery-QueryableExtensionsTests_ExecuteByTest_Sort(296)-638400477811944844.json" />
      </ResultFiles>
    </UnitTestResult>
    <UnitTestResult executionId="6186f790-fb76-4a2b-8908-a2e7696d1f9a" testId="904d5d76-7886-9282-84ca-d6d2d719e578" testName="ToEnumTest (test name,WithDisplay)" computerName="DESKTOP-3FN5V33" duration="00:00:00.0001427" startTime="2024-01-05T10:36:16.2258752-05:00" endTime="2024-01-05T10:36:16.2262131-05:00" testType="13cdc9d9-ddb5-4fa4-a97d-d965ccfc6d4b" outcome="Passed" testListId="8c84fa94-04c1-424b-9868-57a2d4851a1d" relativeResultsDirectory="6186f790-fb76-4a2b-8908-a2e7696d1f9a" xmlns="http://microsoft.com/schemas/VisualStudio/TeamTest/2010" />
    <UnitTestResult executionId="75bf6047-ea0e-41b5-830d-d9d9d4912604" testId="dd99c6d8-5061-c33e-9fb5-f6db9b5c95f7" testName="ToEnumTest (test short,WithDisplay)" computerName="DESKTOP-3FN5V33" duration="00:00:00.0002376" startTime="2024-01-05T10:36:16.2318064-05:00" endTime="2024-01-05T10:36:16.2323987-05:00" testType="13cdc9d9-ddb5-4fa4-a97d-d965ccfc6d4b" outcome="Passed" testListId="8c84fa94-04c1-424b-9868-57a2d4851a1d" relativeResultsDirectory="75bf6047-ea0e-41b5-830d-d9d9d4912604" xmlns="http://microsoft.com/schemas/VisualStudio/TeamTest/2010" />
    <UnitTestResult executionId="0e0d6807-c148-41cd-8bfe-7e90adfef3ce" testId="7409cd42-f673-2565-2261-30abc9b0641d" testName="ToEnumTest (test description,WithDescription)" computerName="DESKTOP-3FN5V33" duration="00:00:00.0002121" startTime="2024-01-05T10:36:16.2232815-05:00" endTime="2024-01-05T10:36:16.2237417-05:00" testType="13cdc9d9-ddb5-4fa4-a97d-d965ccfc6d4b" outcome="Passed" testListId="8c84fa94-04c1-424b-9868-57a2d4851a1d" relativeResultsDirectory="0e0d6807-c148-41cd-8bfe-7e90adfef3ce" xmlns="http://microsoft.com/schemas/VisualStudio/TeamTest/2010" />
    <UnitTestResult executionId="4636552b-eee8-45c8-8b89-ee19180edd16" testId="c737a9ae-6e38-8556-c3b4-7587ecb9acbb" testName="ToEnumTest (name,WithEnumValue)" computerName="DESKTOP-3FN5V33" duration="00:00:00.0027730" startTime="2024-01-05T10:36:16.2167440-05:00" endTime="2024-01-05T10:36:16.2200585-05:00" testType="13cdc9d9-ddb5-4fa4-a97d-d965ccfc6d4b" outcome="Passed" testListId="8c84fa94-04c1-424b-9868-57a2d4851a1d" relativeResultsDirectory="4636552b-eee8-45c8-8b89-ee19180edd16" xmlns="http://microsoft.com/schemas/VisualStudio/TeamTest/2010" />
    <UnitTestResult executionId="35ab43cd-1869-4f9b-8507-ada9b40c2034" testId="86518760-fa00-295e-47cc-e5d6dba47527" testName="ToEnumTest (test display,WithDisplay)" computerName="DESKTOP-3FN5V33" duration="00:00:00.0001390" startTime="2024-01-05T10:36:16.2247050-05:00" endTime="2024-01-05T10:36:16.2250585-05:00" testType="13cdc9d9-ddb5-4fa4-a97d-d965ccfc6d4b" outcome="Passed" testListId="8c84fa94-04c1-424b-9868-57a2d4851a1d" relativeResultsDirectory="35ab43cd-1869-4f9b-8507-ada9b40c2034" xmlns="http://microsoft.com/schemas/VisualStudio/TeamTest/2010" />
    <UnitTestResult executionId="0f2fc219-d5ec-4f5e-b13a-048ae18e0020" testId="08cb4208-4fe7-b76b-4972-5be8287f6cc2" testName="ToEnumTest (Val2,Val1,Val1, Val2)" computerName="DESKTOP-3FN5V33" duration="00:00:00.0000150" startTime="2024-01-05T10:36:16.1904963-05:00" endTime="2024-01-05T10:36:16.1907152-05:00" testType="13cdc9d9-ddb5-4fa4-a97d-d965ccfc6d4b" outcome="Passed" testListId="8c84fa94-04c1-424b-9868-57a2d4851a1d" relativeResultsDirectory="0f2fc219-d5ec-4f5e-b13a-048ae18e0020" xmlns="http://microsoft.com/schemas/VisualStudio/TeamTest/2010" />
    <UnitTestResult executionId="6840b25e-443c-4ec5-b295-6719b922103e" testId="ef7812d1-d662-c64d-e88c-8e391f4a0f87" testName="ToEnumTest (Val2,Val2)" computerName="DESKTOP-3FN5V33" duration="00:00:00.0000481" startTime="2024-01-05T10:36:16.1881812-05:00" endTime="2024-01-05T10:36:16.1885807-05:00" testType="13cdc9d9-ddb5-4fa4-a97d-d965ccfc6d4b" outcome="Passed" testListId="8c84fa94-04c1-424b-9868-57a2d4851a1d" relativeResultsDirectory="6840b25e-443c-4ec5-b295-6719b922103e" xmlns="http://microsoft.com/schemas/VisualStudio/TeamTest/2010" />
    <UnitTestResult executionId="3469966c-9f3e-4d99-8fc2-a96242f813e1" testId="73b345a6-01ee-1f99-e257-2bd3980b2a55" testName="ToEnumTest (1,Val1)" computerName="DESKTOP-3FN5V33" duration="00:00:00.0000118" startTime="2024-01-05T10:36:16.1967734-05:00" endTime="2024-01-05T10:36:16.1969774-05:00" testType="13cdc9d9-ddb5-4fa4-a97d-d965ccfc6d4b" outcome="Passed" testListId="8c84fa94-04c1-424b-9868-57a2d4851a1d" relativeResultsDirectory="3469966c-9f3e-4d99-8fc2-a96242f813e1" xmlns="http://microsoft.com/schemas/VisualStudio/TeamTest/2010" />
    <UnitTestResult executionId="8418ecf4-9d6f-4e22-91aa-5451d0a7c120" testId="5fe0a77c-457c-1ad4-ea90-21c6f2197cf3" testName="ToEnumTest (-1,-1)" computerName="DESKTOP-3FN5V33" duration="00:00:00.0000230" startTime="2024-01-05T10:36:16.1947212-05:00" endTime="2024-01-05T10:36:16.1949274-05:00" testType="13cdc9d9-ddb5-4fa4-a97d-d965ccfc6d4b" outcome="Passed" testListId="8c84fa94-04c1-424b-9868-57a2d4851a1d" relativeResultsDirectory="8418ecf4-9d6f-4e22-91aa-5451d0a7c120" xmlns="http://microsoft.com/schemas/VisualStudio/TeamTest/2010" />
    <UnitTestResult executionId="cc08876b-355e-476b-a399-8d0236e7c4bb" testId="8f963ded-5435-4dfe-3694-5269d26ce987" testName="ToEnumTest (Val2, Val1,Val1, Val2)" computerName="DESKTOP-3FN5V33" duration="00:00:00.0000160" startTime="2024-01-05T10:36:16.1894507-05:00" endTime="2024-01-05T10:36:16.1896733-05:00" testType="13cdc9d9-ddb5-4fa4-a97d-d965ccfc6d4b" outcome="Passed" testListId="8c84fa94-04c1-424b-9868-57a2d4851a1d" relativeResultsDirectory="cc08876b-355e-476b-a399-8d0236e7c4bb" xmlns="http://microsoft.com/schemas/VisualStudio/TeamTest/2010" />
    <UnitTestResult executionId="ebf56426-efb9-452a-8628-f5699921638c" testId="00605a31-5bf4-6a10-d5d8-68605ca0fe9e" testName="ToEnumTest (Val2 , Val1,Val1, Val2)" computerName="DESKTOP-3FN5V33" duration="00:00:00.0000114" startTime="2024-01-05T10:36:16.1915585-05:00" endTime="2024-01-05T10:36:16.1917519-05:00" testType="13cdc9d9-ddb5-4fa4-a97d-d965ccfc6d4b" outcome="Passed" testListId="8c84fa94-04c1-424b-9868-57a2d4851a1d" relativeResultsDirectory="ebf56426-efb9-452a-8628-f5699921638c" xmlns="http://microsoft.com/schemas/VisualStudio/TeamTest/2010" />
    <UnitTestResult executionId="8fffc09a-fa07-40bd-9562-4033a141c6e6" testId="66aadc34-05ee-03ee-7c60-4bddd836a077" testName="ExecuteByTest_Sort (Name,Ascending,0,1,10,100,101,102,103,104,105,106)" computerName="DESKTOP-3FN5V33" duration="00:00:00.0125642" startTime="2024-01-05T10:36:21.2265270-05:00" endTime="2024-01-05T10:36:21.2396215-05:00" testType="13cdc9d9-ddb5-4fa4-a97d-d965ccfc6d4b" outcome="Passed" testListId="8c84fa94-04c1-424b-9868-57a2d4851a1d" relativeResultsDirectory="8fffc09a-fa07-40bd-9562-4033a141c6e6" xmlns="http://microsoft.com/schemas/VisualStudio/TeamTest/2010">
      <Output>
        <StdOut>Eliassen.System.Internal.ConsoleLogger`1[Eliassen.System.Linq.Search.QueryBuilder]:Information:&gt;
	Build query for CurrentPage: 0
PageSize: 0
ExcludePageCount: False
SearchTerm: (null)
	S:Name: Ascending

Eliassen.System.Internal.ConsoleLogger`1[Eliassen.System.Linq.Search.QueryBuilder]:Information:&gt;
	Execute (paged): System.Linq.Enumerable+SelectRangeIterator`1[Eliassen.System.Tests.Linq.TestTargets.TestTargetModel].OrderBy(n =&gt; n.Name).Skip(0).Take(10)



TestContext Messages:
SearchQuery-QueryableExtensionsTests_ExecuteByTest_Sort(296)-638400477812269299.json: Attached
PagedQueryResult_1-QueryableExtensionsTests_ExecuteByTest_Sort(298)-638400477812352975.json: Attached</StdOut>
        <StdErr>Eliassen.System.Internal.ConsoleLogger`1[Eliassen.System.Linq.Search.QueryBuilder]:Warning:&gt;
	No filtering detected: System.Linq.Enumerable+SelectRangeIterator`1[Eliassen.System.Tests.Linq.TestTargets.TestTargetModel]: CurrentPage: 0
PageSize: 0
ExcludePageCount: False
SearchTerm: (null)
	S:Name: Ascending</StdErr>
      </Output>
      <ResultFiles>
        <ResultFile path="DESKTOP-3FN5V33\PagedQueryResult_1-QueryableExtensionsTests_ExecuteByTest_Sort(298)-638400477812352975.json" />
        <ResultFile path="DESKTOP-3FN5V33\SearchQuery-QueryableExtensionsTests_ExecuteByTest_Sort(296)-638400477812269299.json" />
      </ResultFiles>
    </UnitTestResult>
    <UnitTestResult executionId="3d011932-da18-4e77-8839-159b1e267a83" testId="cc1b359f-b5fb-d9ba-7555-848df199bc6d" testName="ExecuteByTest_Sort (Name,Descending,999,998,997,996,995,994,993,992,991,990)" computerName="DESKTOP-3FN5V33" duration="00:00:00.0202144" startTime="2024-01-05T10:36:21.1694257-05:00" endTime="2024-01-05T10:36:21.1902420-05:00" testType="13cdc9d9-ddb5-4fa4-a97d-d965ccfc6d4b" outcome="Passed" testListId="8c84fa94-04c1-424b-9868-57a2d4851a1d" relativeResultsDirectory="3d011932-da18-4e77-8839-159b1e267a83" xmlns="http://microsoft.com/schemas/VisualStudio/TeamTest/2010">
      <Output>
        <StdOut>Eliassen.System.Internal.ConsoleLogger`1[Eliassen.System.Linq.Search.QueryBuilder]:Information:&gt;
	Build query for CurrentPage: 0
PageSize: 0
ExcludePageCount: False
SearchTerm: (null)
	S:Name: Descending

Eliassen.System.Internal.ConsoleLogger`1[Eliassen.System.Linq.Search.QueryBuilder]:Information:&gt;
	Execute (paged): System.Linq.Enumerable+SelectRangeIterator`1[Eliassen.System.Tests.Linq.TestTargets.TestTargetModel].OrderByDescending(n =&gt; n.Name).Skip(0).Take(10)



TestContext Messages:
SearchQuery-QueryableExtensionsTests_ExecuteByTest_Sort(296)-638400477811705586.json: Attached
PagedQueryResult_1-QueryableExtensionsTests_ExecuteByTest_Sort(298)-638400477811832013.json: Attached</StdOut>
        <StdErr>Eliassen.System.Internal.ConsoleLogger`1[Eliassen.System.Linq.Search.QueryBuilder]:Warning:&gt;
	No filtering detected: System.Linq.Enumerable+SelectRangeIterator`1[Eliassen.System.Tests.Linq.TestTargets.TestTargetModel]: CurrentPage: 0
PageSize: 0
ExcludePageCount: False
SearchTerm: (null)
	S:Name: Descending</StdErr>
      </Output>
      <ResultFiles>
        <ResultFile path="DESKTOP-3FN5V33\PagedQueryResult_1-QueryableExtensionsTests_ExecuteByTest_Sort(298)-638400477811832013.json" />
        <ResultFile path="DESKTOP-3FN5V33\SearchQuery-QueryableExtensionsTests_ExecuteByTest_Sort(296)-638400477811705586.json" />
      </ResultFiles>
    </UnitTestResult>
    <UnitTestResult executionId="6e36dab4-5868-4ee2-b6a8-af2277b8154c" testId="a60b6d3e-da8f-8208-5340-a670e426e0ab" testName="ExecuteByTest_Sort (NAME,Descending,999,998,997,996,995,994,993,992,991,990)" computerName="DESKTOP-3FN5V33" duration="00:00:00.0145746" startTime="2024-01-05T10:36:21.2096395-05:00" endTime="2024-01-05T10:36:21.2246972-05:00" testType="13cdc9d9-ddb5-4fa4-a97d-d965ccfc6d4b" outcome="Passed" testListId="8c84fa94-04c1-424b-9868-57a2d4851a1d" relativeResultsDirectory="6e36dab4-5868-4ee2-b6a8-af2277b8154c" xmlns="http://microsoft.com/schemas/VisualStudio/TeamTest/2010">
      <Output>
        <StdOut>Eliassen.System.Internal.ConsoleLogger`1[Eliassen.System.Linq.Search.QueryBuilder]:Information:&gt;
	Build query for CurrentPage: 0
PageSize: 0
ExcludePageCount: False
SearchTerm: (null)
	S:NAME: Descending

Eliassen.System.Internal.ConsoleLogger`1[Eliassen.System.Linq.Search.QueryBuilder]:Information:&gt;
	Execute (paged): System.Linq.Enumerable+SelectRangeIterator`1[Eliassen.System.Tests.Linq.TestTargets.TestTargetModel].OrderByDescending(n =&gt; n.Name).Skip(0).Take(10)



TestContext Messages:
SearchQuery-QueryableExtensionsTests_ExecuteByTest_Sort(296)-638400477812100361.json: Attached
PagedQueryResult_1-QueryableExtensionsTests_ExecuteByTest_Sort(298)-638400477812206036.json: Attached</StdOut>
        <StdErr>Eliassen.System.Internal.ConsoleLogger`1[Eliassen.System.Linq.Search.QueryBuilder]:Warning:&gt;
	No filtering detected: System.Linq.Enumerable+SelectRangeIterator`1[Eliassen.System.Tests.Linq.TestTargets.TestTargetModel]: CurrentPage: 0
PageSize: 0
ExcludePageCount: False
SearchTerm: (null)
	S:NAME: Descending</StdErr>
      </Output>
      <ResultFiles>
        <ResultFile path="DESKTOP-3FN5V33\PagedQueryResult_1-QueryableExtensionsTests_ExecuteByTest_Sort(298)-638400477812206036.json" />
        <ResultFile path="DESKTOP-3FN5V33\SearchQuery-QueryableExtensionsTests_ExecuteByTest_Sort(296)-638400477812100361.json" />
      </ResultFiles>
    </UnitTestResult>
    <UnitTestResult executionId="440b325e-4bb4-4744-9954-67b181635bc2" testId="2d610960-5163-7dee-2e11-4657bfeeb260" testName="ToEnumTest (0,Val0)" computerName="DESKTOP-3FN5V33" duration="00:00:00.0000099" startTime="2024-01-05T10:36:16.1957734-05:00" endTime="2024-01-05T10:36:16.1959443-05:00" testType="13cdc9d9-ddb5-4fa4-a97d-d965ccfc6d4b" outcome="Passed" testListId="8c84fa94-04c1-424b-9868-57a2d4851a1d" relativeResultsDirectory="440b325e-4bb4-4744-9954-67b181635bc2" xmlns="http://microsoft.com/schemas/VisualStudio/TeamTest/2010" />
    <UnitTestResult executionId="6be602ab-7126-46c6-a9d1-75c6cbbceaf0" testId="5a587cdd-33a2-0450-b436-28e3c32ca2bc" testName="ToEnumTest (name,name2|test name,WithEnumValue, WithMemberName, WithDisplay)" computerName="DESKTOP-3FN5V33" duration="00:00:00.0001738" startTime="2024-01-05T10:36:16.2333426-05:00" endTime="2024-01-05T10:36:16.2337315-05:00" testType="13cdc9d9-ddb5-4fa4-a97d-d965ccfc6d4b" outcome="Passed" testListId="8c84fa94-04c1-424b-9868-57a2d4851a1d" relativeResultsDirectory="6be602ab-7126-46c6-a9d1-75c6cbbceaf0" xmlns="http://microsoft.com/schemas/VisualStudio/TeamTest/2010" />
    <UnitTestResult executionId="cd953fb9-5bee-4fd9-a2de-b4fd01eff5fd" testId="4dd54268-ca5c-f2ac-0f75-c1f879346a6a" testName="ToEnumTest (2,Val2)" computerName="DESKTOP-3FN5V33" duration="00:00:00.0000188" startTime="2024-01-05T10:36:16.2002484-05:00" endTime="2024-01-05T10:36:16.2005462-05:00" testType="13cdc9d9-ddb5-4fa4-a97d-d965ccfc6d4b" outcome="Passed" testListId="8c84fa94-04c1-424b-9868-57a2d4851a1d" relativeResultsDirectory="cd953fb9-5bee-4fd9-a2de-b4fd01eff5fd" xmlns="http://microsoft.com/schemas/VisualStudio/TeamTest/2010" />
    <UnitTestResult executionId="47c649b6-b029-430b-a7bc-62b99ee7a453" testId="fead0924-ca29-6130-f519-2482f200a666" testName="ToEnumTest (Val1,Val1)" computerName="DESKTOP-3FN5V33" duration="00:00:00.0144441" startTime="2024-01-05T10:36:16.1629323-05:00" endTime="2024-01-05T10:36:16.1837219-05:00" testType="13cdc9d9-ddb5-4fa4-a97d-d965ccfc6d4b" outcome="Passed" testListId="8c84fa94-04c1-424b-9868-57a2d4851a1d" relativeResultsDirectory="47c649b6-b029-430b-a7bc-62b99ee7a453" xmlns="http://microsoft.com/schemas/VisualStudio/TeamTest/2010" />
    <UnitTestResult executionId="cb53f06d-b81b-4578-aa16-3394a1ed38b9" testId="c0747f59-826b-81b4-d050-0ed251150a5f" testName="ToEnumTest (name2,WithMemberName)" computerName="DESKTOP-3FN5V33" duration="00:00:00.0002899" startTime="2024-01-05T10:36:16.2213871-05:00" endTime="2024-01-05T10:36:16.2223175-05:00" testType="13cdc9d9-ddb5-4fa4-a97d-d965ccfc6d4b" outcome="Passed" testListId="8c84fa94-04c1-424b-9868-57a2d4851a1d" relativeResultsDirectory="cb53f06d-b81b-4578-aa16-3394a1ed38b9" xmlns="http://microsoft.com/schemas/VisualStudio/TeamTest/2010" />
  </Results>
  <TestDefinitions >
    <UnitTest name="AddResultTest_Object_WithFileNameRemoveExtension" storage="c:\repos\nucleus\net.libs\framework\eliassen.testutilities.tests\bin\release\net8.0\eliassen.testutilities.tests.dll" id="94603f64-5739-e688-dcfd-6687308b4a9a" xmlns="http://microsoft.com/schemas/VisualStudio/TeamTest/2010">
      <TestCategory>
        <TestCategoryItem TestCategory="Unit" />
      </TestCategory>
      <Execution id="17a8729e-dbc1-4935-af35-be01cb058033" />
      <TestMethod codeBase="c:\Repos\Nucleus\Net.Libs\Framework\Eliassen.TestUtilities.Tests\bin\Release\net8.0\Eliassen.TestUtilities.Tests.dll" adapterTypeName="executor://mstestadapter/v2" className="Eliassen.TestUtilities.Tests.TextContextExtensionsTests" name="AddResultTest_Object_WithFileNameRemoveExtension" />
    </UnitTest>
    <UnitTest name="AddResultFileTest_FileContent" storage="c:\repos\nucleus\net.libs\framework\eliassen.testutilities.tests\bin\release\net8.0\eliassen.testutilities.tests.dll" id="4173abf6-6eee-31f5-7205-ad46c7104d49" xmlns="http://microsoft.com/schemas/VisualStudio/TeamTest/2010">
      <TestCategory>
        <TestCategoryItem TestCategory="Unit" />
      </TestCategory>
      <Execution id="0c8adbbe-19d2-40b5-b7c0-33d20d8ba458" />
      <TestMethod codeBase="c:\Repos\Nucleus\Net.Libs\Framework\Eliassen.TestUtilities.Tests\bin\Release\net8.0\Eliassen.TestUtilities.Tests.dll" adapterTypeName="executor://mstestadapter/v2" className="Eliassen.TestUtilities.Tests.TextContextExtensionsTests" name="AddResultFileTest_FileContent" />
    </UnitTest>
    <UnitTest name="AddResultTest_String" storage="c:\repos\nucleus\net.libs\framework\eliassen.testutilities.tests\bin\release\net8.0\eliassen.testutilities.tests.dll" id="de980556-11bb-d6e9-c03a-e5592a3218d5" xmlns="http://microsoft.com/schemas/VisualStudio/TeamTest/2010">
      <TestCategory>
        <TestCategoryItem TestCategory="Unit" />
      </TestCategory>
      <Execution id="2fcad83a-1702-4966-a611-6df8fe03fe73" />
      <TestMethod codeBase="c:\Repos\Nucleus\Net.Libs\Framework\Eliassen.TestUtilities.Tests\bin\Release\net8.0\Eliassen.TestUtilities.Tests.dll" adapterTypeName="executor://mstestadapter/v2" className="Eliassen.TestUtilities.Tests.TextContextExtensionsTests" name="AddResultTest_String" />
    </UnitTest>
    <UnitTest name="GetTestDataAsyncTest_Stream" storage="c:\repos\nucleus\net.libs\framework\eliassen.testutilities.tests\bin\release\net8.0\eliassen.testutilities.tests.dll" id="09f85366-159b-5dce-cdaa-bbbd3e98347c" xmlns="http://microsoft.com/schemas/VisualStudio/TeamTest/2010">
      <TestCategory>
        <TestCategoryItem TestCategory="Unit" />
      </TestCategory>
      <Execution id="a4a4f535-503d-4129-9feb-04c0bc257a39" />
      <TestMethod codeBase="c:\Repos\Nucleus\Net.Libs\Framework\Eliassen.TestUtilities.Tests\bin\Release\net8.0\Eliassen.TestUtilities.Tests.dll" adapterTypeName="executor://mstestadapter/v2" className="Eliassen.TestUtilities.Tests.TextContextExtensionsTests" name="GetTestDataAsyncTest_Stream" />
    </UnitTest>
    <UnitTest name="AddResultTest_Stream" storage="c:\repos\nucleus\net.libs\framework\eliassen.testutilities.tests\bin\release\net8.0\eliassen.testutilities.tests.dll" id="bb6d8621-db33-2366-8e82-a87beebdef19" xmlns="http://microsoft.com/schemas/VisualStudio/TeamTest/2010">
      <TestCategory>
        <TestCategoryItem TestCategory="Unit" />
      </TestCategory>
      <Execution id="88749706-5ade-4c2b-96f4-72b176dc687c" />
      <TestMethod codeBase="c:\Repos\Nucleus\Net.Libs\Framework\Eliassen.TestUtilities.Tests\bin\Release\net8.0\Eliassen.TestUtilities.Tests.dll" adapterTypeName="executor://mstestadapter/v2" className="Eliassen.TestUtilities.Tests.TextContextExtensionsTests" name="AddResultTest_Stream" />
    </UnitTest>
    <UnitTest name="GetTestDataAsyncTest_String" storage="c:\repos\nucleus\net.libs\framework\eliassen.testutilities.tests\bin\release\net8.0\eliassen.testutilities.tests.dll" id="5bb4fd62-5d31-f92e-3aec-4b3c222ba16c" xmlns="http://microsoft.com/schemas/VisualStudio/TeamTest/2010">
      <TestCategory>
        <TestCategoryItem TestCategory="Unit" />
      </TestCategory>
      <Execution id="180ecf1b-8587-422f-b7d4-e19c3516b292" />
      <TestMethod codeBase="c:\Repos\Nucleus\Net.Libs\Framework\Eliassen.TestUtilities.Tests\bin\Release\net8.0\Eliassen.TestUtilities.Tests.dll" adapterTypeName="executor://mstestadapter/v2" className="Eliassen.TestUtilities.Tests.TextContextExtensionsTests" name="GetTestDataAsyncTest_String" />
    </UnitTest>
    <UnitTest name="GetTestDataAsyncTest" storage="c:\repos\nucleus\net.libs\framework\eliassen.testutilities.tests\bin\release\net8.0\eliassen.testutilities.tests.dll" id="b14f6909-8be4-5d0a-1d4e-766cb1e4abd6" xmlns="http://microsoft.com/schemas/VisualStudio/TeamTest/2010">
      <TestCategory>
        <TestCategoryItem TestCategory="Unit" />
      </TestCategory>
      <Execution id="c0c6ae69-8903-4d4b-9042-7704d9db4563" />
      <TestMethod codeBase="c:\Repos\Nucleus\Net.Libs\Framework\Eliassen.TestUtilities.Tests\bin\Release\net8.0\Eliassen.TestUtilities.Tests.dll" adapterTypeName="executor://mstestadapter/v2" className="Eliassen.TestUtilities.Tests.TextContextExtensionsTests" name="GetTestDataAsyncTest" />
    </UnitTest>
    <UnitTest name="AddResultTest_Object" storage="c:\repos\nucleus\net.libs\framework\eliassen.testutilities.tests\bin\release\net8.0\eliassen.testutilities.tests.dll" id="419ef0dc-c4eb-bdc4-db64-68fe0fa43397" xmlns="http://microsoft.com/schemas/VisualStudio/TeamTest/2010">
      <TestCategory>
        <TestCategoryItem TestCategory="Unit" />
      </TestCategory>
      <Execution id="26b5b8b6-ac5d-458d-b57c-684a35092022" />
      <TestMethod codeBase="c:\Repos\Nucleus\Net.Libs\Framework\Eliassen.TestUtilities.Tests\bin\Release\net8.0\Eliassen.TestUtilities.Tests.dll" adapterTypeName="executor://mstestadapter/v2" className="Eliassen.TestUtilities.Tests.TextContextExtensionsTests" name="AddResultTest_Object" />
    </UnitTest>
    <UnitTest name="AddResultTest_Lines" storage="c:\repos\nucleus\net.libs\framework\eliassen.testutilities.tests\bin\release\net8.0\eliassen.testutilities.tests.dll" id="ed2eb3a8-9a8f-8428-0d0a-7e6a2f6200e2" xmlns="http://microsoft.com/schemas/VisualStudio/TeamTest/2010">
      <TestCategory>
        <TestCategoryItem TestCategory="Unit" />
      </TestCategory>
      <Execution id="2996e536-b04e-408f-b7e3-427a7270eb1e" />
      <TestMethod codeBase="c:\Repos\Nucleus\Net.Libs\Framework\Eliassen.TestUtilities.Tests\bin\Release\net8.0\Eliassen.TestUtilities.Tests.dll" adapterTypeName="executor://mstestadapter/v2" className="Eliassen.TestUtilities.Tests.TextContextExtensionsTests" name="AddResultTest_Lines" />
    </UnitTest>
    <UnitTest name="AddResultTest_ValueOutFile" storage="c:\repos\nucleus\net.libs\framework\eliassen.testutilities.tests\bin\release\net8.0\eliassen.testutilities.tests.dll" id="35da343a-5826-ac4c-688a-c2bbf7572a30" xmlns="http://microsoft.com/schemas/VisualStudio/TeamTest/2010">
      <TestCategory>
        <TestCategoryItem TestCategory="Unit" />
      </TestCategory>
      <Execution id="bd789a0a-cd5c-4918-a1e1-b1a79b0a75cc" />
      <TestMethod codeBase="c:\Repos\Nucleus\Net.Libs\Framework\Eliassen.TestUtilities.Tests\bin\Release\net8.0\Eliassen.TestUtilities.Tests.dll" adapterTypeName="executor://mstestadapter/v2" className="Eliassen.TestUtilities.Tests.TextContextExtensionsTests" name="AddResultTest_ValueOutFile" />
    </UnitTest>
    <UnitTest name="AddResultTest_Json" storage="c:\repos\nucleus\net.libs\framework\eliassen.testutilities.tests\bin\release\net8.0\eliassen.testutilities.tests.dll" id="8aec3498-0c1a-9091-2458-51d1c67933bf" xmlns="http://microsoft.com/schemas/VisualStudio/TeamTest/2010">
      <TestCategory>
        <TestCategoryItem TestCategory="Unit" />
      </TestCategory>
      <Execution id="9e50b48d-ee59-4423-b321-a60fd9f886ba" />
      <TestMethod codeBase="c:\Repos\Nucleus\Net.Libs\Framework\Eliassen.TestUtilities.Tests\bin\Release\net8.0\Eliassen.TestUtilities.Tests.dll" adapterTypeName="executor://mstestadapter/v2" className="Eliassen.TestUtilities.Tests.TextContextExtensionsTests" name="AddResultTest_Json" />
    </UnitTest>
    <UnitTest name="AddResultFileTest_FileContentOutFile" storage="c:\repos\nucleus\net.libs\framework\eliassen.testutilities.tests\bin\release\net8.0\eliassen.testutilities.tests.dll" id="726abc2c-502d-4a5c-e2c7-073f21d793da" xmlns="http://microsoft.com/schemas/VisualStudio/TeamTest/2010">
      <TestCategory>
        <TestCategoryItem TestCategory="Unit" />
      </TestCategory>
      <Execution id="72ecc6c6-376e-4472-8d1c-cdbff59c1e69" />
      <TestMethod codeBase="c:\Repos\Nucleus\Net.Libs\Framework\Eliassen.TestUtilities.Tests\bin\Release\net8.0\Eliassen.TestUtilities.Tests.dll" adapterTypeName="executor://mstestadapter/v2" className="Eliassen.TestUtilities.Tests.TextContextExtensionsTests" name="AddResultFileTest_FileContentOutFile" />
    </UnitTest>
    <UnitTest name="AddResultTest_Object_WithFileNameNoExtension" storage="c:\repos\nucleus\net.libs\framework\eliassen.testutilities.tests\bin\release\net8.0\eliassen.testutilities.tests.dll" id="4756cbfe-51aa-abcc-147f-e97a51057db5" xmlns="http://microsoft.com/schemas/VisualStudio/TeamTest/2010">
      <TestCategory>
        <TestCategoryItem TestCategory="Unit" />
      </TestCategory>
      <Execution id="7134ebd2-11b8-43dc-b762-6c33898b0955" />
      <TestMethod codeBase="c:\Repos\Nucleus\Net.Libs\Framework\Eliassen.TestUtilities.Tests\bin\Release\net8.0\Eliassen.TestUtilities.Tests.dll" adapterTypeName="executor://mstestadapter/v2" className="Eliassen.TestUtilities.Tests.TextContextExtensionsTests" name="AddResultTest_Object_WithFileNameNoExtension" />
    </UnitTest>
    <UnitTest name="AddResultTest_Object_WithFileNameAndExtension" storage="c:\repos\nucleus\net.libs\framework\eliassen.testutilities.tests\bin\release\net8.0\eliassen.testutilities.tests.dll" id="bfc7f80f-e281-5816-dc57-387e099d2a10" xmlns="http://microsoft.com/schemas/VisualStudio/TeamTest/2010">
      <TestCategory>
        <TestCategoryItem TestCategory="Unit" />
      </TestCategory>
      <Execution id="df69e8f2-fe2d-4541-ae94-3b4f5ef2b153" />
      <TestMethod codeBase="c:\Repos\Nucleus\Net.Libs\Framework\Eliassen.TestUtilities.Tests\bin\Release\net8.0\Eliassen.TestUtilities.Tests.dll" adapterTypeName="executor://mstestadapter/v2" className="Eliassen.TestUtilities.Tests.TextContextExtensionsTests" name="AddResultTest_Object_WithFileNameAndExtension" />
    </UnitTest>
    <UnitTest name="GetTestDataAsyncTest_Targeted" storage="c:\repos\nucleus\net.libs\framework\eliassen.testutilities.tests\bin\release\net8.0\eliassen.testutilities.tests.dll" id="01e51d56-c992-5e2d-f6ea-cf3f1977a589" xmlns="http://microsoft.com/schemas/VisualStudio/TeamTest/2010">
      <TestCategory>
        <TestCategoryItem TestCategory="Unit" />
      </TestCategory>
      <Execution id="d975a28e-60fa-4886-b28f-b78becd08f15" />
      <TestMethod codeBase="c:\Repos\Nucleus\Net.Libs\Framework\Eliassen.TestUtilities.Tests\bin\Release\net8.0\Eliassen.TestUtilities.Tests.dll" adapterTypeName="executor://mstestadapter/v2" className="Eliassen.TestUtilities.Tests.TextContextExtensionsTests" name="GetTestDataAsyncTest_Targeted" />
    </UnitTest>
    <UnitTest name="AddResultTest_Object_WithFileNameAndChangeExtension" storage="c:\repos\nucleus\net.libs\framework\eliassen.testutilities.tests\bin\release\net8.0\eliassen.testutilities.tests.dll" id="6e40d08d-5283-ed81-5042-cf4b25b8a9b0" xmlns="http://microsoft.com/schemas/VisualStudio/TeamTest/2010">
      <TestCategory>
        <TestCategoryItem TestCategory="Unit" />
      </TestCategory>
      <Execution id="29e3cb53-938f-4fd0-81f8-2847ff7ec2b6" />
      <TestMethod codeBase="c:\Repos\Nucleus\Net.Libs\Framework\Eliassen.TestUtilities.Tests\bin\Release\net8.0\Eliassen.TestUtilities.Tests.dll" adapterTypeName="executor://mstestadapter/v2" className="Eliassen.TestUtilities.Tests.TextContextExtensionsTests" name="AddResultTest_Object_WithFileNameAndChangeExtension" />
    </UnitTest>
    <UnitTest name="TryParseTest" storage="c:\repos\nucleus\net.libs\framework\eliassen.system.tests\bin\release\net8.0\eliassen.system.tests.dll" id="7fd160bc-3b5b-e6e2-40ae-1974536260f2" xmlns="http://microsoft.com/schemas/VisualStudio/TeamTest/2010">
      <TestCategory>
        <TestCategoryItem TestCategory="Unit" />
      </TestCategory>
      <Execution id="d42d14b3-e9e3-4818-a5fc-1d354efa9d24" />
      <TestMethod codeBase="c:\Repos\Nucleus\Net.Libs\Framework\Eliassen.System.Tests\bin\Release\net8.0\Eliassen.System.Tests.dll" adapterTypeName="executor://mstestadapter/v2" className="Eliassen.System.Tests.Reflection.ReflectionExtensionsTests" name="TryParseTest" />
    </UnitTest>
    <UnitTest name="VisitTest_Contains (Hello,EL,True)" storage="c:\repos\nucleus\net.libs\framework\eliassen.system.tests\bin\release\net8.0\eliassen.system.tests.dll" id="4c8eceef-7f0a-45c8-d030-0b823248b815" xmlns="http://microsoft.com/schemas/VisualStudio/TeamTest/2010">
      <TestCategory>
        <TestCategoryItem TestCategory="Unit" />
      </TestCategory>
      <Execution id="4aee04a7-a386-4483-b71d-9072766b1716" />
      <TestMethod codeBase="c:\Repos\Nucleus\Net.Libs\Framework\Eliassen.System.Tests\bin\Release\net8.0\Eliassen.System.Tests.dll" adapterTypeName="executor://mstestadapter/v2" className="Eliassen.System.Tests.Linq.Expressions.StringComparisonReplacementExpressionVisitorTests" name="VisitTest_Contains" />
    </UnitTest>
    <UnitTest name="ToEnumTest (test display,WithDisplay)" storage="c:\repos\nucleus\net.libs\framework\eliassen.system.tests\bin\release\net8.0\eliassen.system.tests.dll" id="1e4ed14b-2ef0-3f9d-4f20-3ca8c8f7b464" xmlns="http://microsoft.com/schemas/VisualStudio/TeamTest/2010">
      <TestCategory>
        <TestCategoryItem TestCategory="Unit" />
      </TestCategory>
      <Execution id="7b276eb5-23ca-49a7-bd0c-2bbd03a60f34" />
      <TestMethod codeBase="c:\Repos\Nucleus\Net.Libs\Framework\Eliassen.System.Tests\bin\Release\net8.0\Eliassen.System.Tests.dll" adapterTypeName="executor://mstestadapter/v2" className="Eliassen.System.Tests.Reflection.EnumExtensionsTests" name="ToEnumTest" />
    </UnitTest>
    <UnitTest name="GetSearchablePropertyNames_TestTarget2Model" storage="c:\repos\nucleus\net.libs\framework\eliassen.system.tests\bin\release\net8.0\eliassen.system.tests.dll" id="7a9a1822-3db2-a438-faf7-05813fd14fc1" xmlns="http://microsoft.com/schemas/VisualStudio/TeamTest/2010">
      <TestCategory>
        <TestCategoryItem TestCategory="Unit" />
      </TestCategory>
      <Execution id="2fbed0bf-4370-4d9f-a1de-5826ab4dd29a" />
      <TestMethod codeBase="c:\Repos\Nucleus\Net.Libs\Framework\Eliassen.System.Tests\bin\Release\net8.0\Eliassen.System.Tests.dll" adapterTypeName="executor://mstestadapter/v2" className="Eliassen.System.Tests.Linq.Expressions.ExpressionTreeBuilderTests" name="GetSearchablePropertyNames_TestTarget2Model" />
    </UnitTest>
    <UnitTest name="MakeSafeTest" storage="c:\repos\nucleus\net.libs\framework\eliassen.system.tests\bin\release\net8.0\eliassen.system.tests.dll" id="e350703c-47df-56f0-b995-a52c38b53eca" xmlns="http://microsoft.com/schemas/VisualStudio/TeamTest/2010">
      <TestCategory>
        <TestCategoryItem TestCategory="Unit" />
      </TestCategory>
      <Execution id="5076d644-bcd6-4206-9fdd-6c5fe5597153" />
      <TestMethod codeBase="c:\Repos\Nucleus\Net.Libs\Framework\Eliassen.System.Tests\bin\Release\net8.0\Eliassen.System.Tests.dll" adapterTypeName="executor://mstestadapter/v2" className="Eliassen.System.Tests.Reflection.ReflectionExtensionsTests" name="MakeSafeTest" />
    </UnitTest>
    <UnitTest name="ExecuteByTest_Filter" storage="c:\repos\nucleus\net.libs\framework\eliassen.system.tests\bin\release\net8.0\eliassen.system.tests.dll" id="b6498f29-1231-5fcf-4954-1746daa0500d" xmlns="http://microsoft.com/schemas/VisualStudio/TeamTest/2010">
      <TestCategory>
        <TestCategoryItem TestCategory="Unit" />
      </TestCategory>
      <Execution id="ae043d57-bc51-4f50-9108-44f173c60a67" />
      <TestMethod codeBase="c:\Repos\Nucleus\Net.Libs\Framework\Eliassen.System.Tests\bin\Release\net8.0\Eliassen.System.Tests.dll" adapterTypeName="executor://mstestadapter/v2" className="Eliassen.System.Tests.Linq.QueryableExtensionsTests" name="ExecuteByTest_Filter" />
    </UnitTest>
    <UnitTest name="ToEnumTest (name2,WithMemberName)" storage="c:\repos\nucleus\net.libs\framework\eliassen.system.tests\bin\release\net8.0\eliassen.system.tests.dll" id="24774874-1df7-77de-7655-bbafea74832a" xmlns="http://microsoft.com/schemas/VisualStudio/TeamTest/2010">
      <TestCategory>
        <TestCategoryItem TestCategory="Unit" />
      </TestCategory>
      <Execution id="b98f6f8e-cb48-4e78-898d-e9cce2a0acdf" />
      <TestMethod codeBase="c:\Repos\Nucleus\Net.Libs\Framework\Eliassen.System.Tests\bin\Release\net8.0\Eliassen.System.Tests.dll" adapterTypeName="executor://mstestadapter/v2" className="Eliassen.System.Tests.Reflection.EnumExtensionsTests" name="ToEnumTest" />
    </UnitTest>
    <UnitTest name="GetResourceFromJsonTest" storage="c:\repos\nucleus\net.libs\framework\eliassen.system.tests\bin\release\net8.0\eliassen.system.tests.dll" id="65b4a990-8424-f23f-9b61-155855edf172" xmlns="http://microsoft.com/schemas/VisualStudio/TeamTest/2010">
      <TestCategory>
        <TestCategoryItem TestCategory="Unit" />
      </TestCategory>
      <Execution id="9db82d4d-56c6-456b-af60-65d1c2db8664" />
      <TestMethod codeBase="c:\Repos\Nucleus\Net.Libs\Framework\Eliassen.System.Tests\bin\Release\net8.0\Eliassen.System.Tests.dll" adapterTypeName="executor://mstestadapter/v2" className="Eliassen.System.Tests.Reflection.ResourceExtensionsTests" name="GetResourceFromJsonTest" />
    </UnitTest>
    <UnitTest name="VisitTest_Contains (Hello,el,True)" storage="c:\repos\nucleus\net.libs\framework\eliassen.system.tests\bin\release\net8.0\eliassen.system.tests.dll" id="e9eca43c-a0f8-d234-3538-2b7d4b198f04" xmlns="http://microsoft.com/schemas/VisualStudio/TeamTest/2010">
      <TestCategory>
        <TestCategoryItem TestCategory="Unit" />
      </TestCategory>
      <Execution id="7ab537d0-b541-4ffe-aa28-70bcb93c7364" />
      <TestMethod codeBase="c:\Repos\Nucleus\Net.Libs\Framework\Eliassen.System.Tests\bin\Release\net8.0\Eliassen.System.Tests.dll" adapterTypeName="executor://mstestadapter/v2" className="Eliassen.System.Tests.Linq.Expressions.StringComparisonReplacementExpressionVisitorTests" name="VisitTest_Contains" />
    </UnitTest>
    <UnitTest name="GetHash (hello world,uU0nuZNNPgilLlLX2n2r+sSE7+N6U4DukIj3rOLvzek=)" storage="c:\repos\nucleus\net.libs\framework\eliassen.system.tests\bin\release\net8.0\eliassen.system.tests.dll" id="e72dc3eb-3aa5-dc4a-4345-13e88f385e6f" xmlns="http://microsoft.com/schemas/VisualStudio/TeamTest/2010">
      <TestCategory>
        <TestCategoryItem TestCategory="Unit" />
      </TestCategory>
      <Execution id="df9f3a97-e7ed-4515-91e1-565068b39747" />
      <TestMethod codeBase="c:\Repos\Nucleus\Net.Libs\Framework\Eliassen.System.Tests\bin\Release\net8.0\Eliassen.System.Tests.dll" adapterTypeName="executor://mstestadapter/v2" className="Eliassen.System.Tests.Security.Cryptography.Sha256HashTests" name="GetHash" />
    </UnitTest>
    <UnitTest name="ExecuteByTest_Sort (NAME,Descending,999,998,997,996,995,994,993,992,991,990)" storage="c:\repos\nucleus\net.libs\framework\eliassen.system.tests\bin\release\net8.0\eliassen.system.tests.dll" id="dbb46bd7-84ef-1bcc-6faf-71781bc1e5e4" xmlns="http://microsoft.com/schemas/VisualStudio/TeamTest/2010">
      <TestCategory>
        <TestCategoryItem TestCategory="Unit" />
      </TestCategory>
      <Execution id="777644e2-2bad-4e09-8110-a69a467714e3" />
      <TestMethod codeBase="c:\Repos\Nucleus\Net.Libs\Framework\Eliassen.System.Tests\bin\Release\net8.0\Eliassen.System.Tests.dll" adapterTypeName="executor://mstestadapter/v2" className="Eliassen.System.Tests.Linq.QueryableExtensionsTests" name="ExecuteByTest_Sort" />
    </UnitTest>
    <UnitTest name="GetFilterablePropertyNamesTest_TestTargetModel" storage="c:\repos\nucleus\net.libs\framework\eliassen.system.tests\bin\release\net8.0\eliassen.system.tests.dll" id="f3383018-7bb0-86e7-cb57-311d72bf2f87" xmlns="http://microsoft.com/schemas/VisualStudio/TeamTest/2010">
      <TestCategory>
        <TestCategoryItem TestCategory="Unit" />
      </TestCategory>
      <Execution id="0a34fff9-85cb-4728-b465-9c7de7fedf71" />
      <TestMethod codeBase="c:\Repos\Nucleus\Net.Libs\Framework\Eliassen.System.Tests\bin\Release\net8.0\Eliassen.System.Tests.dll" adapterTypeName="executor://mstestadapter/v2" className="Eliassen.System.Tests.Linq.Expressions.ExpressionTreeBuilderTests" name="GetFilterablePropertyNamesTest_TestTargetModel" />
    </UnitTest>
    <UnitTest name="DeserializeTest_Value ({&quot;Nullable&quot;:null,&quot;Value&quot;:{&quot;$date&quot;:&quot;2023-07-05T14:17:05.2315812-04:00&quot;}},2023-07-05T14:17:05.2315812-04:00)" storage="c:\repos\nucleus\net.libs\framework\eliassen.system.tests\bin\release\net8.0\eliassen.system.tests.dll" id="1410527d-0c96-dadb-f7e7-8873031591f5" xmlns="http://microsoft.com/schemas/VisualStudio/TeamTest/2010">
      <TestCategory>
        <TestCategoryItem TestCategory="Unit" />
      </TestCategory>
      <Execution id="77f93618-c2e9-431d-a7b4-3b5c0856a68d" />
      <TestMethod codeBase="c:\Repos\Nucleus\Net.Libs\Framework\Eliassen.System.Tests\bin\Release\net8.0\Eliassen.System.Tests.dll" adapterTypeName="executor://mstestadapter/v2" className="Eliassen.System.Tests.Text.Json.BsonDateConverterTests" name="DeserializeTest_Value" />
    </UnitTest>
    <UnitTest name="GetHash (hello world,MJ7MSJwS1utMxA9QyQLytNDtd+5RGnx6m808qG1M2G+YndNbxf9JlnDaNCVbRbDP2DDoH2Bdz33FVC6TrpzXbw==)" storage="c:\repos\nucleus\net.libs\framework\eliassen.system.tests\bin\release\net8.0\eliassen.system.tests.dll" id="f70a4315-fac4-e7d3-3678-874f4359a2e2" xmlns="http://microsoft.com/schemas/VisualStudio/TeamTest/2010">
      <TestCategory>
        <TestCategoryItem TestCategory="Unit" />
      </TestCategory>
      <Execution id="51eca2d7-c6d9-4c75-ae93-7a389338886b" />
      <TestMethod codeBase="c:\Repos\Nucleus\Net.Libs\Framework\Eliassen.System.Tests\bin\Release\net8.0\Eliassen.System.Tests.dll" adapterTypeName="executor://mstestadapter/v2" className="Eliassen.System.Tests.Security.Cryptography.Sha512HashTests" name="GetHash" />
    </UnitTest>
    <UnitTest name="ToEnumTest (Val2|Val1,Val1, Val2)" storage="c:\repos\nucleus\net.libs\framework\eliassen.system.tests\bin\release\net8.0\eliassen.system.tests.dll" id="f598f4b2-0d84-3c92-1941-6f70c8135fc3" xmlns="http://microsoft.com/schemas/VisualStudio/TeamTest/2010">
      <TestCategory>
        <TestCategoryItem TestCategory="Unit" />
      </TestCategory>
      <Execution id="7f53ade6-19a8-44de-b247-bba205aa7ab8" />
      <TestMethod codeBase="c:\Repos\Nucleus\Net.Libs\Framework\Eliassen.System.Tests\bin\Release\net8.0\Eliassen.System.Tests.dll" adapterTypeName="executor://mstestadapter/v2" className="Eliassen.System.Tests.Reflection.EnumExtensionsTests" name="ToEnumTest" />
    </UnitTest>
    <UnitTest name="GetResourceStreamTest_NotFound" storage="c:\repos\nucleus\net.libs\framework\eliassen.system.tests\bin\release\net8.0\eliassen.system.tests.dll" id="9576cb6d-ffa5-4a23-9c7a-c5c6b213d46b" xmlns="http://microsoft.com/schemas/VisualStudio/TeamTest/2010">
      <TestCategory>
        <TestCategoryItem TestCategory="Unit" />
      </TestCategory>
      <Execution id="957f2871-58c9-4cf0-88e3-739afa5b80e7" />
      <TestMethod codeBase="c:\Repos\Nucleus\Net.Libs\Framework\Eliassen.System.Tests\bin\Release\net8.0\Eliassen.System.Tests.dll" adapterTypeName="executor://mstestadapter/v2" className="Eliassen.System.Tests.Reflection.ResourceExtensionsTests" name="GetResourceStreamTest_NotFound" />
    </UnitTest>
    <UnitTest name="ExecuteByTest_Page (1,1,1000,1000,1,1,1)" storage="c:\repos\nucleus\net.libs\framework\eliassen.system.tests\bin\release\net8.0\eliassen.system.tests.dll" id="bfec42cd-394b-907b-c2e0-0b6b8b9584fe" xmlns="http://microsoft.com/schemas/VisualStudio/TeamTest/2010">
      <TestCategory>
        <TestCategoryItem TestCategory="Unit" />
      </TestCategory>
      <Execution id="b80a5136-c17c-4bb8-bc93-50246192d7b7" />
      <TestMethod codeBase="c:\Repos\Nucleus\Net.Libs\Framework\Eliassen.System.Tests\bin\Release\net8.0\Eliassen.System.Tests.dll" adapterTypeName="executor://mstestadapter/v2" className="Eliassen.System.Tests.Linq.QueryableExtensionsTests" name="ExecuteByTest_Page" />
    </UnitTest>
    <UnitTest name="ExecuteByTest_Filter_Range_Bounds" storage="c:\repos\nucleus\net.libs\framework\eliassen.system.tests\bin\release\net8.0\eliassen.system.tests.dll" id="b8ce6298-5288-a9c6-3afb-62b35d380a81" xmlns="http://microsoft.com/schemas/VisualStudio/TeamTest/2010">
      <TestCategory>
        <TestCategoryItem TestCategory="Unit" />
      </TestCategory>
      <Execution id="239b3ca4-68f7-4bfb-9738-fe0055f62629" />
      <TestMethod codeBase="c:\Repos\Nucleus\Net.Libs\Framework\Eliassen.System.Tests\bin\Release\net8.0\Eliassen.System.Tests.dll" adapterTypeName="executor://mstestadapter/v2" className="Eliassen.System.Tests.Linq.QueryableExtensionsTests" name="ExecuteByTest_Filter_Range_Bounds" />
    </UnitTest>
    <UnitTest name="MakeSafeArrayTest" storage="c:\repos\nucleus\net.libs\framework\eliassen.system.tests\bin\release\net8.0\eliassen.system.tests.dll" id="2f56b32e-ea97-c552-8dea-074dcb4e0dc0" xmlns="http://microsoft.com/schemas/VisualStudio/TeamTest/2010">
      <TestCategory>
        <TestCategoryItem TestCategory="Unit" />
      </TestCategory>
      <Execution id="56def33a-4aee-4840-9ded-c05319799577" />
      <TestMethod codeBase="c:\Repos\Nucleus\Net.Libs\Framework\Eliassen.System.Tests\bin\Release\net8.0\Eliassen.System.Tests.dll" adapterTypeName="executor://mstestadapter/v2" className="Eliassen.System.Tests.Reflection.ReflectionExtensionsTests" name="MakeSafeArrayTest" />
    </UnitTest>
    <UnitTest name="GetResourceFromJsonAsyncTest" storage="c:\repos\nucleus\net.libs\framework\eliassen.system.tests\bin\release\net8.0\eliassen.system.tests.dll" id="f664882a-a952-a76f-bc8f-fcf0578ff20f" xmlns="http://microsoft.com/schemas/VisualStudio/TeamTest/2010">
      <TestCategory>
        <TestCategoryItem TestCategory="Unit" />
      </TestCategory>
      <Execution id="fd735b37-dd22-48f6-8f07-b2d15ccdd2cc" />
      <TestMethod codeBase="c:\Repos\Nucleus\Net.Libs\Framework\Eliassen.System.Tests\bin\Release\net8.0\Eliassen.System.Tests.dll" adapterTypeName="executor://mstestadapter/v2" className="Eliassen.System.Tests.Reflection.ResourceExtensionsTests" name="GetResourceFromJsonAsyncTest" />
    </UnitTest>
    <UnitTest name="GetHash (Hello World!,7Qdih1MuhjZehB6Sv8UNjA==)" storage="c:\repos\nucleus\net.libs\framework\eliassen.system.tests\bin\release\net8.0\eliassen.system.tests.dll" id="453dc636-d45b-01e0-2e5e-4e973ba64495" xmlns="http://microsoft.com/schemas/VisualStudio/TeamTest/2010">
      <TestCategory>
        <TestCategoryItem TestCategory="Unit" />
      </TestCategory>
      <Execution id="0c48fc40-8382-4018-8457-4dc40f428fc5" />
      <TestMethod codeBase="c:\Repos\Nucleus\Net.Libs\Framework\Eliassen.System.Tests\bin\Release\net8.0\Eliassen.System.Tests.dll" adapterTypeName="executor://mstestadapter/v2" className="Eliassen.System.Tests.Security.Cryptography.Md5HashTests" name="GetHash" />
    </UnitTest>
    <UnitTest name="ToEnumTest (Val2 ,Val1,Val1, Val2)" storage="c:\repos\nucleus\net.libs\framework\eliassen.system.tests\bin\release\net8.0\eliassen.system.tests.dll" id="42569814-6b98-2a32-42fe-9c7bdada1d9f" xmlns="http://microsoft.com/schemas/VisualStudio/TeamTest/2010">
      <TestCategory>
        <TestCategoryItem TestCategory="Unit" />
      </TestCategory>
      <Execution id="3868b830-d20d-4555-90ab-88771d7181f4" />
      <TestMethod codeBase="c:\Repos\Nucleus\Net.Libs\Framework\Eliassen.System.Tests\bin\Release\net8.0\Eliassen.System.Tests.dll" adapterTypeName="executor://mstestadapter/v2" className="Eliassen.System.Tests.Reflection.EnumExtensionsTests" name="ToEnumTest" />
    </UnitTest>
    <UnitTest name="ToEnumTest (test description,WithDescription)" storage="c:\repos\nucleus\net.libs\framework\eliassen.system.tests\bin\release\net8.0\eliassen.system.tests.dll" id="1b9e3bb4-64d4-a320-5b86-dba72457e6ef" xmlns="http://microsoft.com/schemas/VisualStudio/TeamTest/2010">
      <TestCategory>
        <TestCategoryItem TestCategory="Unit" />
      </TestCategory>
      <Execution id="3e45784f-8aa5-45ec-8e9d-e7dee9cbc6a7" />
      <TestMethod codeBase="c:\Repos\Nucleus\Net.Libs\Framework\Eliassen.System.Tests\bin\Release\net8.0\Eliassen.System.Tests.dll" adapterTypeName="executor://mstestadapter/v2" className="Eliassen.System.Tests.Reflection.EnumExtensionsTests" name="ToEnumTest" />
    </UnitTest>
    <UnitTest name="VisitTest_EqualOperator (Hello,hello,True)" storage="c:\repos\nucleus\net.libs\framework\eliassen.system.tests\bin\release\net8.0\eliassen.system.tests.dll" id="61f88788-2c55-84c0-718f-430b9d9da684" xmlns="http://microsoft.com/schemas/VisualStudio/TeamTest/2010">
      <TestCategory>
        <TestCategoryItem TestCategory="Unit" />
      </TestCategory>
      <Execution id="88961e44-ca7b-446f-8261-4c41b7e8052b" />
      <TestMethod codeBase="c:\Repos\Nucleus\Net.Libs\Framework\Eliassen.System.Tests\bin\Release\net8.0\Eliassen.System.Tests.dll" adapterTypeName="executor://mstestadapter/v2" className="Eliassen.System.Tests.Linq.Expressions.StringComparisonReplacementExpressionVisitorTests" name="VisitTest_EqualOperator" />
    </UnitTest>
    <UnitTest name="GetHash (Hello World!,hhhE1nBOhXP+w02WfiC8/vPUJM9IvgTm3AjyvVjHKXQzcQFerYkcw88cnTS0kmS1EHUbH/nlN5N7xGtdb/TsyA==)" storage="c:\repos\nucleus\net.libs\framework\eliassen.system.tests\bin\release\net8.0\eliassen.system.tests.dll" id="a7d78227-c63c-3e96-292c-bbd5ac9217f2" xmlns="http://microsoft.com/schemas/VisualStudio/TeamTest/2010">
      <TestCategory>
        <TestCategoryItem TestCategory="Unit" />
      </TestCategory>
      <Execution id="f3d2c196-8dc5-4454-bdd6-b068cf8530c6" />
      <TestMethod codeBase="c:\Repos\Nucleus\Net.Libs\Framework\Eliassen.System.Tests\bin\Release\net8.0\Eliassen.System.Tests.dll" adapterTypeName="executor://mstestadapter/v2" className="Eliassen.System.Tests.Security.Cryptography.Sha512HashTests" name="GetHash" />
    </UnitTest>
    <UnitTest name="ExecuteByTest_Page (0,0,100,1000,0,10,0,1,2,3,4,5,6,7,8,9)" storage="c:\repos\nucleus\net.libs\framework\eliassen.system.tests\bin\release\net8.0\eliassen.system.tests.dll" id="70a7d239-30af-99d8-26bc-eb06ced4f854" xmlns="http://microsoft.com/schemas/VisualStudio/TeamTest/2010">
      <TestCategory>
        <TestCategoryItem TestCategory="Unit" />
      </TestCategory>
      <Execution id="9c833852-f164-4cce-a2c1-059e68b46775" />
      <TestMethod codeBase="c:\Repos\Nucleus\Net.Libs\Framework\Eliassen.System.Tests\bin\Release\net8.0\Eliassen.System.Tests.dll" adapterTypeName="executor://mstestadapter/v2" className="Eliassen.System.Tests.Linq.QueryableExtensionsTests" name="ExecuteByTest_Page" />
    </UnitTest>
    <UnitTest name="ToEnumTest (,)" storage="c:\repos\nucleus\net.libs\framework\eliassen.system.tests\bin\release\net8.0\eliassen.system.tests.dll" id="a29d2822-126a-1900-33c2-f20f68d10c99" xmlns="http://microsoft.com/schemas/VisualStudio/TeamTest/2010">
      <TestCategory>
        <TestCategoryItem TestCategory="Unit" />
      </TestCategory>
      <Execution id="c03784b8-e3d5-471d-aff6-c216bdbd0518" />
      <TestMethod codeBase="c:\Repos\Nucleus\Net.Libs\Framework\Eliassen.System.Tests\bin\Release\net8.0\Eliassen.System.Tests.dll" adapterTypeName="executor://mstestadapter/v2" className="Eliassen.System.Tests.Reflection.EnumExtensionsTests" name="ToEnumTest" />
    </UnitTest>
    <UnitTest name="AsModelsTest" storage="c:\repos\nucleus\net.libs\framework\eliassen.system.tests\bin\release\net8.0\eliassen.system.tests.dll" id="08742191-32e9-b72f-e313-52355290b27f" xmlns="http://microsoft.com/schemas/VisualStudio/TeamTest/2010">
      <TestCategory>
        <TestCategoryItem TestCategory="Unit" />
      </TestCategory>
      <Execution id="51ab30ef-3c92-4bc6-be15-24a5f97baa39" />
      <TestMethod codeBase="c:\Repos\Nucleus\Net.Libs\Framework\Eliassen.System.Tests\bin\Release\net8.0\Eliassen.System.Tests.dll" adapterTypeName="executor://mstestadapter/v2" className="Eliassen.System.Tests.Reflection.EnumExtensionsTests" name="AsModelsTest" />
    </UnitTest>
    <UnitTest name="SerializeTest_Anonymous" storage="c:\repos\nucleus\net.libs\framework\eliassen.system.tests\bin\release\net8.0\eliassen.system.tests.dll" id="9d534b02-84b2-367f-c306-46ab610b3ce8" xmlns="http://microsoft.com/schemas/VisualStudio/TeamTest/2010">
      <TestCategory>
        <TestCategoryItem TestCategory="Unit" />
      </TestCategory>
      <Execution id="755e30ec-11cf-454c-ade0-e121e39ef4a7" />
      <TestMethod codeBase="c:\Repos\Nucleus\Net.Libs\Framework\Eliassen.System.Tests\bin\Release\net8.0\Eliassen.System.Tests.dll" adapterTypeName="executor://mstestadapter/v2" className="Eliassen.System.Tests.Text.Json.Serialization.DefaultJsonSerializerTests" name="SerializeTest_Anonymous" />
    </UnitTest>
    <UnitTest name="GetHash (Hello World!,f4OxZX/x/FO5LcGBSKHWXfwtSx+j1ncoSt3SABJtkGk=)" storage="c:\repos\nucleus\net.libs\framework\eliassen.system.tests\bin\release\net8.0\eliassen.system.tests.dll" id="4bae6e3b-0e6b-3eea-a810-61843449ebf1" xmlns="http://microsoft.com/schemas/VisualStudio/TeamTest/2010">
      <TestCategory>
        <TestCategoryItem TestCategory="Unit" />
      </TestCategory>
      <Execution id="a92c9770-b2ec-405a-9672-69abdc06653d" />
      <TestMethod codeBase="c:\Repos\Nucleus\Net.Libs\Framework\Eliassen.System.Tests\bin\Release\net8.0\Eliassen.System.Tests.dll" adapterTypeName="executor://mstestadapter/v2" className="Eliassen.System.Tests.Security.Cryptography.Sha256HashTests" name="GetHash" />
    </UnitTest>
    <UnitTest name="VisitTest_StartsWith (Hello,he,True)" storage="c:\repos\nucleus\net.libs\framework\eliassen.system.tests\bin\release\net8.0\eliassen.system.tests.dll" id="a324304b-8c70-70d6-1085-fa9cbf413d33" xmlns="http://microsoft.com/schemas/VisualStudio/TeamTest/2010">
      <TestCategory>
        <TestCategoryItem TestCategory="Unit" />
      </TestCategory>
      <Execution id="ea8407b3-5f7d-42bb-b5d8-d406628d4a9d" />
      <TestMethod codeBase="c:\Repos\Nucleus\Net.Libs\Framework\Eliassen.System.Tests\bin\Release\net8.0\Eliassen.System.Tests.dll" adapterTypeName="executor://mstestadapter/v2" className="Eliassen.System.Tests.Linq.Expressions.StringComparisonReplacementExpressionVisitorTests" name="VisitTest_StartsWith" />
    </UnitTest>
    <UnitTest name="SerializeTest_AnonymousWithStringObjectDictionary" storage="c:\repos\nucleus\net.libs\framework\eliassen.system.tests\bin\release\net8.0\eliassen.system.tests.dll" id="46607e5b-fea6-a0a2-2caf-2abdd0971d6b" xmlns="http://microsoft.com/schemas/VisualStudio/TeamTest/2010">
      <TestCategory>
        <TestCategoryItem TestCategory="Unit" />
      </TestCategory>
      <Execution id="d68d9542-74e0-42bf-909c-82b1d5e7169f" />
      <TestMethod codeBase="c:\Repos\Nucleus\Net.Libs\Framework\Eliassen.System.Tests\bin\Release\net8.0\Eliassen.System.Tests.dll" adapterTypeName="executor://mstestadapter/v2" className="Eliassen.System.Tests.Text.Json.Serialization.DefaultJsonSerializerTests" name="SerializeTest_AnonymousWithStringObjectDictionary" />
    </UnitTest>
    <UnitTest name="ToEnumTest (Val2,Val2)" storage="c:\repos\nucleus\net.libs\framework\eliassen.system.tests\bin\release\net8.0\eliassen.system.tests.dll" id="63948805-297b-3757-4e75-2314b4468263" xmlns="http://microsoft.com/schemas/VisualStudio/TeamTest/2010">
      <TestCategory>
        <TestCategoryItem TestCategory="Unit" />
      </TestCategory>
      <Execution id="bcc38f67-3fbf-48fe-8300-5845228e2539" />
      <TestMethod codeBase="c:\Repos\Nucleus\Net.Libs\Framework\Eliassen.System.Tests\bin\Release\net8.0\Eliassen.System.Tests.dll" adapterTypeName="executor://mstestadapter/v2" className="Eliassen.System.Tests.Reflection.EnumExtensionsTests" name="ToEnumTest" />
    </UnitTest>
    <UnitTest name="ToEnumTest (1,Val1)" storage="c:\repos\nucleus\net.libs\framework\eliassen.system.tests\bin\release\net8.0\eliassen.system.tests.dll" id="3db5564a-09b3-d658-c0e0-9f86c81bd8c6" xmlns="http://microsoft.com/schemas/VisualStudio/TeamTest/2010">
      <TestCategory>
        <TestCategoryItem TestCategory="Unit" />
      </TestCategory>
      <Execution id="098d335e-0285-4a1a-b011-05891c3ef236" />
      <TestMethod codeBase="c:\Repos\Nucleus\Net.Libs\Framework\Eliassen.System.Tests\bin\Release\net8.0\Eliassen.System.Tests.dll" adapterTypeName="executor://mstestadapter/v2" className="Eliassen.System.Tests.Reflection.EnumExtensionsTests" name="ToEnumTest" />
    </UnitTest>
    <UnitTest name="ExecuteByTest_Sort (Name,Descending,999,998,997,996,995,994,993,992,991,990)" storage="c:\repos\nucleus\net.libs\framework\eliassen.system.tests\bin\release\net8.0\eliassen.system.tests.dll" id="251289aa-a607-e006-c914-e09b39f52c99" xmlns="http://microsoft.com/schemas/VisualStudio/TeamTest/2010">
      <TestCategory>
        <TestCategoryItem TestCategory="Unit" />
      </TestCategory>
      <Execution id="b04ad560-229c-43df-8574-e282b0f10f3e" />
      <TestMethod codeBase="c:\Repos\Nucleus\Net.Libs\Framework\Eliassen.System.Tests\bin\Release\net8.0\Eliassen.System.Tests.dll" adapterTypeName="executor://mstestadapter/v2" className="Eliassen.System.Tests.Linq.QueryableExtensionsTests" name="ExecuteByTest_Sort" />
    </UnitTest>
    <UnitTest name="AsModelsTest2" storage="c:\repos\nucleus\net.libs\framework\eliassen.system.tests\bin\release\net8.0\eliassen.system.tests.dll" id="870b9428-08e8-f91f-14b9-7fcf33dc2d0f" xmlns="http://microsoft.com/schemas/VisualStudio/TeamTest/2010">
      <TestCategory>
        <TestCategoryItem TestCategory="Unit" />
      </TestCategory>
      <Execution id="e16a0233-1b94-47d8-81d9-42a2994941fb" />
      <TestMethod codeBase="c:\Repos\Nucleus\Net.Libs\Framework\Eliassen.System.Tests\bin\Release\net8.0\Eliassen.System.Tests.dll" adapterTypeName="executor://mstestadapter/v2" className="Eliassen.System.Tests.Reflection.EnumExtensionsTests" name="AsModelsTest2" />
    </UnitTest>
    <UnitTest name="GetSortablePropertyNamesTest_TestTarget2Model" storage="c:\repos\nucleus\net.libs\framework\eliassen.system.tests\bin\release\net8.0\eliassen.system.tests.dll" id="f3dca1bb-5884-67f2-50ab-603f9fbc49dc" xmlns="http://microsoft.com/schemas/VisualStudio/TeamTest/2010">
      <TestCategory>
        <TestCategoryItem TestCategory="Unit" />
      </TestCategory>
      <Execution id="19ed091c-af98-4258-9808-59ed9df24506" />
      <TestMethod codeBase="c:\Repos\Nucleus\Net.Libs\Framework\Eliassen.System.Tests\bin\Release\net8.0\Eliassen.System.Tests.dll" adapterTypeName="executor://mstestadapter/v2" className="Eliassen.System.Tests.Linq.Expressions.ExpressionTreeBuilderTests" name="GetSortablePropertyNamesTest_TestTarget2Model" />
    </UnitTest>
    <UnitTest name="GetHash (hello world,XrY7u+Ae7tCTyyK7j1rNww==)" storage="c:\repos\nucleus\net.libs\framework\eliassen.system.tests\bin\release\net8.0\eliassen.system.tests.dll" id="52063650-6233-2d8a-fadf-ea1a53f7d6ed" xmlns="http://microsoft.com/schemas/VisualStudio/TeamTest/2010">
      <TestCategory>
        <TestCategoryItem TestCategory="Unit" />
      </TestCategory>
      <Execution id="3afc4a01-ead5-437a-9a5a-c724c8a9853f" />
      <TestMethod codeBase="c:\Repos\Nucleus\Net.Libs\Framework\Eliassen.System.Tests\bin\Release\net8.0\Eliassen.System.Tests.dll" adapterTypeName="executor://mstestadapter/v2" className="Eliassen.System.Tests.Security.Cryptography.Md5HashTests" name="GetHash" />
    </UnitTest>
    <UnitTest name="ToEnumTest (Val2 , Val1,Val1, Val2)" storage="c:\repos\nucleus\net.libs\framework\eliassen.system.tests\bin\release\net8.0\eliassen.system.tests.dll" id="33a234b4-5b0c-8ae4-c739-6e7b62145768" xmlns="http://microsoft.com/schemas/VisualStudio/TeamTest/2010">
      <TestCategory>
        <TestCategoryItem TestCategory="Unit" />
      </TestCategory>
      <Execution id="a0485825-cccf-47db-bae6-54d5845eb83d" />
      <TestMethod codeBase="c:\Repos\Nucleus\Net.Libs\Framework\Eliassen.System.Tests\bin\Release\net8.0\Eliassen.System.Tests.dll" adapterTypeName="executor://mstestadapter/v2" className="Eliassen.System.Tests.Reflection.EnumExtensionsTests" name="ToEnumTest" />
    </UnitTest>
    <UnitTest name="VisitTest_EqualOperator (Hello,HELLO,True)" storage="c:\repos\nucleus\net.libs\framework\eliassen.system.tests\bin\release\net8.0\eliassen.system.tests.dll" id="d4b770b3-94e8-d07a-03aa-f3335b9b4c71" xmlns="http://microsoft.com/schemas/VisualStudio/TeamTest/2010">
      <TestCategory>
        <TestCategoryItem TestCategory="Unit" />
      </TestCategory>
      <Execution id="97f00894-b52e-4b58-9791-f4e8a4f63f4f" />
      <TestMethod codeBase="c:\Repos\Nucleus\Net.Libs\Framework\Eliassen.System.Tests\bin\Release\net8.0\Eliassen.System.Tests.dll" adapterTypeName="executor://mstestadapter/v2" className="Eliassen.System.Tests.Linq.Expressions.StringComparisonReplacementExpressionVisitorTests" name="VisitTest_EqualOperator" />
    </UnitTest>
    <UnitTest name="VisitTest_EndsWith (Hello,Lo,True)" storage="c:\repos\nucleus\net.libs\framework\eliassen.system.tests\bin\release\net8.0\eliassen.system.tests.dll" id="d8d8a1a1-adc8-f6f3-d3ba-c826da19378d" xmlns="http://microsoft.com/schemas/VisualStudio/TeamTest/2010">
      <TestCategory>
        <TestCategoryItem TestCategory="Unit" />
      </TestCategory>
      <Execution id="7846100f-debd-4878-87e2-5b93ddea776f" />
      <TestMethod codeBase="c:\Repos\Nucleus\Net.Libs\Framework\Eliassen.System.Tests\bin\Release\net8.0\Eliassen.System.Tests.dll" adapterTypeName="executor://mstestadapter/v2" className="Eliassen.System.Tests.Linq.Expressions.StringComparisonReplacementExpressionVisitorTests" name="VisitTest_EndsWith" />
    </UnitTest>
    <UnitTest name="ExecuteByTest_Sort (name,Descending,999,998,997,996,995,994,993,992,991,990)" storage="c:\repos\nucleus\net.libs\framework\eliassen.system.tests\bin\release\net8.0\eliassen.system.tests.dll" id="40025f8c-33a3-86dc-40ea-c26da3d7c94a" xmlns="http://microsoft.com/schemas/VisualStudio/TeamTest/2010">
      <TestCategory>
        <TestCategoryItem TestCategory="Unit" />
      </TestCategory>
      <Execution id="da5b63e4-869a-4ae8-8631-489401670a49" />
      <TestMethod codeBase="c:\Repos\Nucleus\Net.Libs\Framework\Eliassen.System.Tests\bin\Release\net8.0\Eliassen.System.Tests.dll" adapterTypeName="executor://mstestadapter/v2" className="Eliassen.System.Tests.Linq.QueryableExtensionsTests" name="ExecuteByTest_Sort" />
    </UnitTest>
    <UnitTest name="VisitTest_Equals (Hello,HeLlO,True)" storage="c:\repos\nucleus\net.libs\framework\eliassen.system.tests\bin\release\net8.0\eliassen.system.tests.dll" id="4ba16b26-1543-65b7-5999-fbd5f1c9af2e" xmlns="http://microsoft.com/schemas/VisualStudio/TeamTest/2010">
      <TestCategory>
        <TestCategoryItem TestCategory="Unit" />
      </TestCategory>
      <Execution id="1e9faad4-697d-44fe-bb0e-f54f92c3b396" />
      <TestMethod codeBase="c:\Repos\Nucleus\Net.Libs\Framework\Eliassen.System.Tests\bin\Release\net8.0\Eliassen.System.Tests.dll" adapterTypeName="executor://mstestadapter/v2" className="Eliassen.System.Tests.Linq.Expressions.StringComparisonReplacementExpressionVisitorTests" name="VisitTest_Equals" />
    </UnitTest>
    <UnitTest name="GetShortTypeNameTests" storage="c:\repos\nucleus\net.libs\framework\eliassen.system.tests\bin\release\net8.0\eliassen.system.tests.dll" id="67b6a854-1fe4-5528-77d6-501bd90b9a20" xmlns="http://microsoft.com/schemas/VisualStudio/TeamTest/2010">
      <TestCategory>
        <TestCategoryItem TestCategory="Unit" />
      </TestCategory>
      <Execution id="d0677cb6-7b7a-44ec-b264-82e99640f976" />
      <TestMethod codeBase="c:\Repos\Nucleus\Net.Libs\Framework\Eliassen.System.Tests\bin\Release\net8.0\Eliassen.System.Tests.dll" adapterTypeName="executor://mstestadapter/v2" className="Eliassen.System.Tests.Reflection.ReflectionExtensionsTests" name="GetShortTypeNameTests" />
    </UnitTest>
    <UnitTest name="ToEnumTest (2,Val2)" storage="c:\repos\nucleus\net.libs\framework\eliassen.system.tests\bin\release\net8.0\eliassen.system.tests.dll" id="23c81040-d5d6-0e65-6245-2fe212879616" xmlns="http://microsoft.com/schemas/VisualStudio/TeamTest/2010">
      <TestCategory>
        <TestCategoryItem TestCategory="Unit" />
      </TestCategory>
      <Execution id="56de7c87-b435-45ba-9fec-a5486a322ef9" />
      <TestMethod codeBase="c:\Repos\Nucleus\Net.Libs\Framework\Eliassen.System.Tests\bin\Release\net8.0\Eliassen.System.Tests.dll" adapterTypeName="executor://mstestadapter/v2" className="Eliassen.System.Tests.Reflection.EnumExtensionsTests" name="ToEnumTest" />
    </UnitTest>
    <UnitTest name="GetSortablePropertyNamesTest_TestTargetModel" storage="c:\repos\nucleus\net.libs\framework\eliassen.system.tests\bin\release\net8.0\eliassen.system.tests.dll" id="f90f5d2f-9a6e-b4bc-022c-ce37e3e49a29" xmlns="http://microsoft.com/schemas/VisualStudio/TeamTest/2010">
      <TestCategory>
        <TestCategoryItem TestCategory="Unit" />
      </TestCategory>
      <Execution id="bad326bb-1db9-411b-8684-1f2401c208bb" />
      <TestMethod codeBase="c:\Repos\Nucleus\Net.Libs\Framework\Eliassen.System.Tests\bin\Release\net8.0\Eliassen.System.Tests.dll" adapterTypeName="executor://mstestadapter/v2" className="Eliassen.System.Tests.Linq.Expressions.ExpressionTreeBuilderTests" name="GetSortablePropertyNamesTest_TestTargetModel" />
    </UnitTest>
    <UnitTest name="GetResourceFromJsonAsyncTest_NotFound" storage="c:\repos\nucleus\net.libs\framework\eliassen.system.tests\bin\release\net8.0\eliassen.system.tests.dll" id="d1d4b925-a073-2286-7de7-05497c979951" xmlns="http://microsoft.com/schemas/VisualStudio/TeamTest/2010">
      <TestCategory>
        <TestCategoryItem TestCategory="Unit" />
      </TestCategory>
      <Execution id="38d4d8fe-905c-4309-9152-97584a526bab" />
      <TestMethod codeBase="c:\Repos\Nucleus\Net.Libs\Framework\Eliassen.System.Tests\bin\Release\net8.0\Eliassen.System.Tests.dll" adapterTypeName="executor://mstestadapter/v2" className="Eliassen.System.Tests.Reflection.ResourceExtensionsTests" name="GetResourceFromJsonAsyncTest_NotFound" />
    </UnitTest>
    <UnitTest name="ExecuteByTest_Page (1,-1,,,,1000,)" storage="c:\repos\nucleus\net.libs\framework\eliassen.system.tests\bin\release\net8.0\eliassen.system.tests.dll" id="c2c5d20e-1a87-0e89-b840-4da7e6550d8e" xmlns="http://microsoft.com/schemas/VisualStudio/TeamTest/2010">
      <TestCategory>
        <TestCategoryItem TestCategory="Unit" />
      </TestCategory>
      <Execution id="41d8575b-142f-4589-9295-cbc44b32baec" />
      <TestMethod codeBase="c:\Repos\Nucleus\Net.Libs\Framework\Eliassen.System.Tests\bin\Release\net8.0\Eliassen.System.Tests.dll" adapterTypeName="executor://mstestadapter/v2" className="Eliassen.System.Tests.Linq.QueryableExtensionsTests" name="ExecuteByTest_Page" />
    </UnitTest>
    <UnitTest name="ToEnumTest (Val1,Val1)" storage="c:\repos\nucleus\net.libs\framework\eliassen.system.tests\bin\release\net8.0\eliassen.system.tests.dll" id="61e785a3-6dc7-7a65-ecf9-a0b14d187326" xmlns="http://microsoft.com/schemas/VisualStudio/TeamTest/2010">
      <TestCategory>
        <TestCategoryItem TestCategory="Unit" />
      </TestCategory>
      <Execution id="f846c275-908f-46a7-8c47-d4a6d177a0a0" />
      <TestMethod codeBase="c:\Repos\Nucleus\Net.Libs\Framework\Eliassen.System.Tests\bin\Release\net8.0\Eliassen.System.Tests.dll" adapterTypeName="executor://mstestadapter/v2" className="Eliassen.System.Tests.Reflection.EnumExtensionsTests" name="ToEnumTest" />
    </UnitTest>
    <UnitTest name="VisitTest_Equals (Hello,hello,False)" storage="c:\repos\nucleus\net.libs\framework\eliassen.system.tests\bin\release\net8.0\eliassen.system.tests.dll" id="78dc4ca6-14d8-0c1a-ad29-6d2f53293760" xmlns="http://microsoft.com/schemas/VisualStudio/TeamTest/2010">
      <TestCategory>
        <TestCategoryItem TestCategory="Unit" />
      </TestCategory>
      <Execution id="c520f5d9-678e-48ba-898b-045de4832cf9" />
      <TestMethod codeBase="c:\Repos\Nucleus\Net.Libs\Framework\Eliassen.System.Tests\bin\Release\net8.0\Eliassen.System.Tests.dll" adapterTypeName="executor://mstestadapter/v2" className="Eliassen.System.Tests.Linq.Expressions.SkipInstanceMethodOnNullExpressionVisitorTests" name="VisitTest_Equals" />
    </UnitTest>
    <UnitTest name="ExecuteByTest_Sort (Name,Ascending,0,1,10,100,101,102,103,104,105,106)" storage="c:\repos\nucleus\net.libs\framework\eliassen.system.tests\bin\release\net8.0\eliassen.system.tests.dll" id="513d11fc-67fa-6f75-0d1b-3a56ad265509" xmlns="http://microsoft.com/schemas/VisualStudio/TeamTest/2010">
      <TestCategory>
        <TestCategoryItem TestCategory="Unit" />
      </TestCategory>
      <Execution id="93049846-0e4c-40a7-acf7-ce6fc8503eed" />
      <TestMethod codeBase="c:\Repos\Nucleus\Net.Libs\Framework\Eliassen.System.Tests\bin\Release\net8.0\Eliassen.System.Tests.dll" adapterTypeName="executor://mstestadapter/v2" className="Eliassen.System.Tests.Linq.QueryableExtensionsTests" name="ExecuteByTest_Sort" />
    </UnitTest>
    <UnitTest name="GetSearchablePropertyNames_TestTarget3Model" storage="c:\repos\nucleus\net.libs\framework\eliassen.system.tests\bin\release\net8.0\eliassen.system.tests.dll" id="94eba969-c82f-9e81-1248-494bdd4f32c8" xmlns="http://microsoft.com/schemas/VisualStudio/TeamTest/2010">
      <TestCategory>
        <TestCategoryItem TestCategory="Unit" />
      </TestCategory>
      <Execution id="44326050-2a30-427a-b9d5-9b6bc454ba33" />
      <TestMethod codeBase="c:\Repos\Nucleus\Net.Libs\Framework\Eliassen.System.Tests\bin\Release\net8.0\Eliassen.System.Tests.dll" adapterTypeName="executor://mstestadapter/v2" className="Eliassen.System.Tests.Linq.Expressions.ExpressionTreeBuilderTests" name="GetSearchablePropertyNames_TestTarget3Model" />
    </UnitTest>
    <UnitTest name="DeserializeTest ({&quot;_id&quot;:{&quot;$oid&quot;:&quot;Hello World&quot;}},Hello World)" storage="c:\repos\nucleus\net.libs\framework\eliassen.system.tests\bin\release\net8.0\eliassen.system.tests.dll" id="312eaabc-9879-8ba5-fb15-63928cd6660e" xmlns="http://microsoft.com/schemas/VisualStudio/TeamTest/2010">
      <TestCategory>
        <TestCategoryItem TestCategory="Unit" />
      </TestCategory>
      <Execution id="4d3790ed-4799-4411-ab9e-9e097daecf64" />
      <TestMethod codeBase="c:\Repos\Nucleus\Net.Libs\Framework\Eliassen.System.Tests\bin\Release\net8.0\Eliassen.System.Tests.dll" adapterTypeName="executor://mstestadapter/v2" className="Eliassen.System.Tests.Text.Json.BsonIdConverterTests" name="DeserializeTest" />
    </UnitTest>
    <UnitTest name="GetResourceStreamTest_ByType" storage="c:\repos\nucleus\net.libs\framework\eliassen.system.tests\bin\release\net8.0\eliassen.system.tests.dll" id="63fad722-7037-7050-fa28-b32ff1a4ec2f" xmlns="http://microsoft.com/schemas/VisualStudio/TeamTest/2010">
      <TestCategory>
        <TestCategoryItem TestCategory="Unit" />
      </TestCategory>
      <Execution id="4d40d36a-c78e-43d6-8584-77d4d773f32b" />
      <TestMethod codeBase="c:\Repos\Nucleus\Net.Libs\Framework\Eliassen.System.Tests\bin\Release\net8.0\Eliassen.System.Tests.dll" adapterTypeName="executor://mstestadapter/v2" className="Eliassen.System.Tests.Reflection.ResourceExtensionsTests" name="GetResourceStreamTest_ByType" />
    </UnitTest>
    <UnitTest name="ToEnumTest (name,WithEnumValue)" storage="c:\repos\nucleus\net.libs\framework\eliassen.system.tests\bin\release\net8.0\eliassen.system.tests.dll" id="26371a34-e095-ac3b-cdb6-58031708ffda" xmlns="http://microsoft.com/schemas/VisualStudio/TeamTest/2010">
      <TestCategory>
        <TestCategoryItem TestCategory="Unit" />
      </TestCategory>
      <Execution id="fe59102a-0ea6-4c96-ab22-101751c8704e" />
      <TestMethod codeBase="c:\Repos\Nucleus\Net.Libs\Framework\Eliassen.System.Tests\bin\Release\net8.0\Eliassen.System.Tests.dll" adapterTypeName="executor://mstestadapter/v2" className="Eliassen.System.Tests.Reflection.EnumExtensionsTests" name="ToEnumTest" />
    </UnitTest>
    <UnitTest name="ExecuteByTest_Filter_JsonElement_Nested" storage="c:\repos\nucleus\net.libs\framework\eliassen.system.tests\bin\release\net8.0\eliassen.system.tests.dll" id="03bc167f-0b26-903d-31a8-efafdb2faab7" xmlns="http://microsoft.com/schemas/VisualStudio/TeamTest/2010">
      <TestCategory>
        <TestCategoryItem TestCategory="Unit" />
      </TestCategory>
      <Execution id="b7ba363d-c0b2-48d3-889a-df06014fd768" />
      <TestMethod codeBase="c:\Repos\Nucleus\Net.Libs\Framework\Eliassen.System.Tests\bin\Release\net8.0\Eliassen.System.Tests.dll" adapterTypeName="executor://mstestadapter/v2" className="Eliassen.System.Tests.Linq.QueryableExtensionsTests" name="ExecuteByTest_Filter_JsonElement_Nested" />
    </UnitTest>
    <UnitTest name="ToEnumTest (0,Val0)" storage="c:\repos\nucleus\net.libs\framework\eliassen.system.tests\bin\release\net8.0\eliassen.system.tests.dll" id="10eeac77-be98-5314-e134-5e07fee4201b" xmlns="http://microsoft.com/schemas/VisualStudio/TeamTest/2010">
      <TestCategory>
        <TestCategoryItem TestCategory="Unit" />
      </TestCategory>
      <Execution id="490a9566-0239-4950-859a-3fbb47f0337b" />
      <TestMethod codeBase="c:\Repos\Nucleus\Net.Libs\Framework\Eliassen.System.Tests\bin\Release\net8.0\Eliassen.System.Tests.dll" adapterTypeName="executor://mstestadapter/v2" className="Eliassen.System.Tests.Reflection.EnumExtensionsTests" name="ToEnumTest" />
    </UnitTest>
    <UnitTest name="VisitTest_EndsWith (Hello,LO,True)" storage="c:\repos\nucleus\net.libs\framework\eliassen.system.tests\bin\release\net8.0\eliassen.system.tests.dll" id="5b534773-a7de-3872-277f-efb65d408d74" xmlns="http://microsoft.com/schemas/VisualStudio/TeamTest/2010">
      <TestCategory>
        <TestCategoryItem TestCategory="Unit" />
      </TestCategory>
      <Execution id="b7c75698-066f-4ffa-9582-a5d335d899d8" />
      <TestMethod codeBase="c:\Repos\Nucleus\Net.Libs\Framework\Eliassen.System.Tests\bin\Release\net8.0\Eliassen.System.Tests.dll" adapterTypeName="executor://mstestadapter/v2" className="Eliassen.System.Tests.Linq.Expressions.StringComparisonReplacementExpressionVisitorTests" name="VisitTest_EndsWith" />
    </UnitTest>
    <UnitTest name="VisitTest_EndsWith (Hello,lO,True)" storage="c:\repos\nucleus\net.libs\framework\eliassen.system.tests\bin\release\net8.0\eliassen.system.tests.dll" id="a4cc6556-4b38-556d-d138-b0c8009279f3" xmlns="http://microsoft.com/schemas/VisualStudio/TeamTest/2010">
      <TestCategory>
        <TestCategoryItem TestCategory="Unit" />
      </TestCategory>
      <Execution id="60272a68-dde0-4a29-bf28-4570515acc95" />
      <TestMethod codeBase="c:\Repos\Nucleus\Net.Libs\Framework\Eliassen.System.Tests\bin\Release\net8.0\Eliassen.System.Tests.dll" adapterTypeName="executor://mstestadapter/v2" className="Eliassen.System.Tests.Linq.Expressions.StringComparisonReplacementExpressionVisitorTests" name="VisitTest_EndsWith" />
    </UnitTest>
    <UnitTest name="GetSearchablePropertyNames_TestTargetModel" storage="c:\repos\nucleus\net.libs\framework\eliassen.system.tests\bin\release\net8.0\eliassen.system.tests.dll" id="9c016915-9649-a737-5d1d-30f1b46f0f52" xmlns="http://microsoft.com/schemas/VisualStudio/TeamTest/2010">
      <TestCategory>
        <TestCategoryItem TestCategory="Unit" />
      </TestCategory>
      <Execution id="7b0340a4-7a66-4544-b02e-6cd92ffb3497" />
      <TestMethod codeBase="c:\Repos\Nucleus\Net.Libs\Framework\Eliassen.System.Tests\bin\Release\net8.0\Eliassen.System.Tests.dll" adapterTypeName="executor://mstestadapter/v2" className="Eliassen.System.Tests.Linq.Expressions.ExpressionTreeBuilderTests" name="GetSearchablePropertyNames_TestTargetModel" />
    </UnitTest>
    <UnitTest name="VisitTest_Equals (Hello,HELLO,True)" storage="c:\repos\nucleus\net.libs\framework\eliassen.system.tests\bin\release\net8.0\eliassen.system.tests.dll" id="cde968fd-b220-e483-e127-75958f75b2b3" xmlns="http://microsoft.com/schemas/VisualStudio/TeamTest/2010">
      <TestCategory>
        <TestCategoryItem TestCategory="Unit" />
      </TestCategory>
      <Execution id="2fd27eca-f3d7-4f69-9a84-739f61cfc58d" />
      <TestMethod codeBase="c:\Repos\Nucleus\Net.Libs\Framework\Eliassen.System.Tests\bin\Release\net8.0\Eliassen.System.Tests.dll" adapterTypeName="executor://mstestadapter/v2" className="Eliassen.System.Tests.Linq.Expressions.StringComparisonReplacementExpressionVisitorTests" name="VisitTest_Equals" />
    </UnitTest>
    <UnitTest name="DeserializeTest_Nullable ({&quot;Nullable&quot;:null,&quot;Value&quot;:{&quot;$date&quot;:&quot;2023-07-05T14:17:05.2315812-04:00&quot;}},)" storage="c:\repos\nucleus\net.libs\framework\eliassen.system.tests\bin\release\net8.0\eliassen.system.tests.dll" id="0ce23f0f-8bc9-01fa-938b-d8a470ad42da" xmlns="http://microsoft.com/schemas/VisualStudio/TeamTest/2010">
      <TestCategory>
        <TestCategoryItem TestCategory="Unit" />
      </TestCategory>
      <Execution id="60bdd595-9b23-427e-a7e4-0cc2d5542d4d" />
      <TestMethod codeBase="c:\Repos\Nucleus\Net.Libs\Framework\Eliassen.System.Tests\bin\Release\net8.0\Eliassen.System.Tests.dll" adapterTypeName="executor://mstestadapter/v2" className="Eliassen.System.Tests.Text.Json.BsonDateConverterTests" name="DeserializeTest_Nullable" />
    </UnitTest>
    <UnitTest name="SerializeTest_Value" storage="c:\repos\nucleus\net.libs\framework\eliassen.system.tests\bin\release\net8.0\eliassen.system.tests.dll" id="8da0fbaf-acd6-9154-0805-f306ce39ad46" xmlns="http://microsoft.com/schemas/VisualStudio/TeamTest/2010">
      <TestCategory>
        <TestCategoryItem TestCategory="Unit" />
      </TestCategory>
      <Execution id="cf970d5b-0273-4ad9-aae0-e586a3f38972" />
      <TestMethod codeBase="c:\Repos\Nucleus\Net.Libs\Framework\Eliassen.System.Tests\bin\Release\net8.0\Eliassen.System.Tests.dll" adapterTypeName="executor://mstestadapter/v2" className="Eliassen.System.Tests.Text.Json.BsonDateConverterTests" name="SerializeTest_Value" />
    </UnitTest>
    <UnitTest name="GetFilterablePropertyNamesTest_TestTarget2Model" storage="c:\repos\nucleus\net.libs\framework\eliassen.system.tests\bin\release\net8.0\eliassen.system.tests.dll" id="b5b73f46-926e-b166-c509-00a2b6834bdd" xmlns="http://microsoft.com/schemas/VisualStudio/TeamTest/2010">
      <TestCategory>
        <TestCategoryItem TestCategory="Unit" />
      </TestCategory>
      <Execution id="6066b7e2-7ff2-458d-b7fe-8fd8919e5abb" />
      <TestMethod codeBase="c:\Repos\Nucleus\Net.Libs\Framework\Eliassen.System.Tests\bin\Release\net8.0\Eliassen.System.Tests.dll" adapterTypeName="executor://mstestadapter/v2" className="Eliassen.System.Tests.Linq.Expressions.ExpressionTreeBuilderTests" name="GetFilterablePropertyNamesTest_TestTarget2Model" />
    </UnitTest>
    <UnitTest name="ToEnumTest (Val2,Val1,Val1, Val2)" storage="c:\repos\nucleus\net.libs\framework\eliassen.system.tests\bin\release\net8.0\eliassen.system.tests.dll" id="af3880ac-68f4-36b7-1968-58204ada5522" xmlns="http://microsoft.com/schemas/VisualStudio/TeamTest/2010">
      <TestCategory>
        <TestCategoryItem TestCategory="Unit" />
      </TestCategory>
      <Execution id="7f96ca09-f357-4a0e-b997-f3e15554c49f" />
      <TestMethod codeBase="c:\Repos\Nucleus\Net.Libs\Framework\Eliassen.System.Tests\bin\Release\net8.0\Eliassen.System.Tests.dll" adapterTypeName="executor://mstestadapter/v2" className="Eliassen.System.Tests.Reflection.EnumExtensionsTests" name="ToEnumTest" />
    </UnitTest>
    <UnitTest name="GetResourceFromXmlAsyncTest" storage="c:\repos\nucleus\net.libs\framework\eliassen.system.tests\bin\release\net8.0\eliassen.system.tests.dll" id="3dc461cc-f900-b7f4-a669-e9cf3ad5e21f" xmlns="http://microsoft.com/schemas/VisualStudio/TeamTest/2010">
      <TestCategory>
        <TestCategoryItem TestCategory="Unit" />
      </TestCategory>
      <Execution id="5c476d2a-7d79-4b19-a18c-e1b4343b2260" />
      <TestMethod codeBase="c:\Repos\Nucleus\Net.Libs\Framework\Eliassen.System.Tests\bin\Release\net8.0\Eliassen.System.Tests.dll" adapterTypeName="executor://mstestadapter/v2" className="Eliassen.System.Tests.Reflection.ResourceExtensionsTests" name="GetResourceFromXmlAsyncTest" />
    </UnitTest>
    <UnitTest name="SerializeTest_IConfigurationSection" storage="c:\repos\nucleus\net.libs\framework\eliassen.system.tests\bin\release\net8.0\eliassen.system.tests.dll" id="b3e2a372-55ce-d9ad-4987-01272bc32a33" xmlns="http://microsoft.com/schemas/VisualStudio/TeamTest/2010">
      <TestCategory>
        <TestCategoryItem TestCategory="Unit" />
      </TestCategory>
      <Execution id="547b533f-5c72-4713-9a33-9ac2969b5383" />
      <TestMethod codeBase="c:\Repos\Nucleus\Net.Libs\Framework\Eliassen.System.Tests\bin\Release\net8.0\Eliassen.System.Tests.dll" adapterTypeName="executor://mstestadapter/v2" className="Eliassen.System.Tests.Text.Json.Serialization.DefaultJsonSerializerTests" name="SerializeTest_IConfigurationSection" />
    </UnitTest>
    <UnitTest name="GetSortablePropertyNamesTest_TestTarget3Model" storage="c:\repos\nucleus\net.libs\framework\eliassen.system.tests\bin\release\net8.0\eliassen.system.tests.dll" id="53c31e49-be7f-689b-3cd7-03a9033ae78d" xmlns="http://microsoft.com/schemas/VisualStudio/TeamTest/2010">
      <TestCategory>
        <TestCategoryItem TestCategory="Unit" />
      </TestCategory>
      <Execution id="f272ae61-a75f-4612-9cf5-e140bfd277cf" />
      <TestMethod codeBase="c:\Repos\Nucleus\Net.Libs\Framework\Eliassen.System.Tests\bin\Release\net8.0\Eliassen.System.Tests.dll" adapterTypeName="executor://mstestadapter/v2" className="Eliassen.System.Tests.Linq.Expressions.ExpressionTreeBuilderTests" name="GetSortablePropertyNamesTest_TestTarget3Model" />
    </UnitTest>
    <UnitTest name="ToEnumTest (name,name2|test name,WithEnumValue, WithMemberName, WithDisplay)" storage="c:\repos\nucleus\net.libs\framework\eliassen.system.tests\bin\release\net8.0\eliassen.system.tests.dll" id="87efccdd-521d-8651-4344-aecbb535b39d" xmlns="http://microsoft.com/schemas/VisualStudio/TeamTest/2010">
      <TestCategory>
        <TestCategoryItem TestCategory="Unit" />
      </TestCategory>
      <Execution id="7b4a3668-9b31-4333-814b-dace85e2b147" />
      <TestMethod codeBase="c:\Repos\Nucleus\Net.Libs\Framework\Eliassen.System.Tests\bin\Release\net8.0\Eliassen.System.Tests.dll" adapterTypeName="executor://mstestadapter/v2" className="Eliassen.System.Tests.Reflection.EnumExtensionsTests" name="ToEnumTest" />
    </UnitTest>
    <UnitTest name="ToEnumTest (Val2, Val1,Val1, Val2)" storage="c:\repos\nucleus\net.libs\framework\eliassen.system.tests\bin\release\net8.0\eliassen.system.tests.dll" id="edb23b8d-5f7e-d2bb-ce76-f187b30ebb61" xmlns="http://microsoft.com/schemas/VisualStudio/TeamTest/2010">
      <TestCategory>
        <TestCategoryItem TestCategory="Unit" />
      </TestCategory>
      <Execution id="33e3c99f-ce66-428e-a5ee-f4029c8f7f90" />
      <TestMethod codeBase="c:\Repos\Nucleus\Net.Libs\Framework\Eliassen.System.Tests\bin\Release\net8.0\Eliassen.System.Tests.dll" adapterTypeName="executor://mstestadapter/v2" className="Eliassen.System.Tests.Reflection.EnumExtensionsTests" name="ToEnumTest" />
    </UnitTest>
    <UnitTest name="ExecuteByTest_Page (0,1,1000,1000,0,1,0)" storage="c:\repos\nucleus\net.libs\framework\eliassen.system.tests\bin\release\net8.0\eliassen.system.tests.dll" id="39cb097d-2ac2-473c-1a2c-0b1503361457" xmlns="http://microsoft.com/schemas/VisualStudio/TeamTest/2010">
      <TestCategory>
        <TestCategoryItem TestCategory="Unit" />
      </TestCategory>
      <Execution id="1579a701-d3b7-4873-97bb-9c7291000afd" />
      <TestMethod codeBase="c:\Repos\Nucleus\Net.Libs\Framework\Eliassen.System.Tests\bin\Release\net8.0\Eliassen.System.Tests.dll" adapterTypeName="executor://mstestadapter/v2" className="Eliassen.System.Tests.Linq.QueryableExtensionsTests" name="ExecuteByTest_Page" />
    </UnitTest>
    <UnitTest name="GetResourceFromXmlTest" storage="c:\repos\nucleus\net.libs\framework\eliassen.system.tests\bin\release\net8.0\eliassen.system.tests.dll" id="8ef63a3f-2208-ac88-5a22-493d4beeaeda" xmlns="http://microsoft.com/schemas/VisualStudio/TeamTest/2010">
      <TestCategory>
        <TestCategoryItem TestCategory="Unit" />
      </TestCategory>
      <Execution id="0c1337f3-e1b1-4580-91be-cbbe35ac86fc" />
      <TestMethod codeBase="c:\Repos\Nucleus\Net.Libs\Framework\Eliassen.System.Tests\bin\Release\net8.0\Eliassen.System.Tests.dll" adapterTypeName="executor://mstestadapter/v2" className="Eliassen.System.Tests.Reflection.ResourceExtensionsTests" name="GetResourceFromXmlTest" />
    </UnitTest>
    <UnitTest name="DeserializeTest ({&quot;_id&quot;:&quot;Hello World&quot;},Hello World)" storage="c:\repos\nucleus\net.libs\framework\eliassen.system.tests\bin\release\net8.0\eliassen.system.tests.dll" id="079289e4-29ee-2b27-89d5-bd661b7267f1" xmlns="http://microsoft.com/schemas/VisualStudio/TeamTest/2010">
      <TestCategory>
        <TestCategoryItem TestCategory="Unit" />
      </TestCategory>
      <Execution id="a408b029-e46c-49f0-8c76-9c9d751ab330" />
      <TestMethod codeBase="c:\Repos\Nucleus\Net.Libs\Framework\Eliassen.System.Tests\bin\Release\net8.0\Eliassen.System.Tests.dll" adapterTypeName="executor://mstestadapter/v2" className="Eliassen.System.Tests.Text.Json.BsonIdConverterTests" name="DeserializeTest" />
    </UnitTest>
    <UnitTest name="DefaultPageSizeTest" storage="c:\repos\nucleus\net.libs\framework\eliassen.system.tests\bin\release\net8.0\eliassen.system.tests.dll" id="7cdd2ae3-f105-0db6-4f1d-4db0ed6728a3" xmlns="http://microsoft.com/schemas/VisualStudio/TeamTest/2010">
      <TestCategory>
        <TestCategoryItem TestCategory="Unit" />
      </TestCategory>
      <Execution id="2f267216-7b85-4537-8327-5a6f76815629" />
      <TestMethod codeBase="c:\Repos\Nucleus\Net.Libs\Framework\Eliassen.System.Tests\bin\Release\net8.0\Eliassen.System.Tests.dll" adapterTypeName="executor://mstestadapter/v2" className="Eliassen.System.Tests.Linq.QueryableExtensionsTests" name="DefaultPageSizeTest" />
    </UnitTest>
    <UnitTest name="ToEnumTest (4,WithEnumValue)" storage="c:\repos\nucleus\net.libs\framework\eliassen.system.tests\bin\release\net8.0\eliassen.system.tests.dll" id="a5c8e016-d4ea-30ed-fbf3-890ea331078c" xmlns="http://microsoft.com/schemas/VisualStudio/TeamTest/2010">
      <TestCategory>
        <TestCategoryItem TestCategory="Unit" />
      </TestCategory>
      <Execution id="677b28b1-08af-4e47-a4a2-3dbbf0216084" />
      <TestMethod codeBase="c:\Repos\Nucleus\Net.Libs\Framework\Eliassen.System.Tests\bin\Release\net8.0\Eliassen.System.Tests.dll" adapterTypeName="executor://mstestadapter/v2" className="Eliassen.System.Tests.Reflection.EnumExtensionsTests" name="ToEnumTest" />
    </UnitTest>
    <UnitTest name="VisitTest_EndsWith (Hello,lo,True)" storage="c:\repos\nucleus\net.libs\framework\eliassen.system.tests\bin\release\net8.0\eliassen.system.tests.dll" id="c3599795-8bf1-da30-66da-ee7de44c4074" xmlns="http://microsoft.com/schemas/VisualStudio/TeamTest/2010">
      <TestCategory>
        <TestCategoryItem TestCategory="Unit" />
      </TestCategory>
      <Execution id="d1b9fc17-ce1e-4115-bcdc-6ba320141133" />
      <TestMethod codeBase="c:\Repos\Nucleus\Net.Libs\Framework\Eliassen.System.Tests\bin\Release\net8.0\Eliassen.System.Tests.dll" adapterTypeName="executor://mstestadapter/v2" className="Eliassen.System.Tests.Linq.Expressions.StringComparisonReplacementExpressionVisitorTests" name="VisitTest_EndsWith" />
    </UnitTest>
    <UnitTest name="SerializeTest" storage="c:\repos\nucleus\net.libs\framework\eliassen.system.tests\bin\release\net8.0\eliassen.system.tests.dll" id="83cb0395-740b-4b48-1b9a-9d0379b2c4b0" xmlns="http://microsoft.com/schemas/VisualStudio/TeamTest/2010">
      <TestCategory>
        <TestCategoryItem TestCategory="Unit" />
      </TestCategory>
      <Execution id="39275680-457b-4e53-8cab-a1cf6c1a1557" />
      <TestMethod codeBase="c:\Repos\Nucleus\Net.Libs\Framework\Eliassen.System.Tests\bin\Release\net8.0\Eliassen.System.Tests.dll" adapterTypeName="executor://mstestadapter/v2" className="Eliassen.System.Tests.Text.Json.BsonIdConverterTests" name="SerializeTest" />
    </UnitTest>
    <UnitTest name="ExecuteByTest_SearchTerm" storage="c:\repos\nucleus\net.libs\framework\eliassen.system.tests\bin\release\net8.0\eliassen.system.tests.dll" id="f5306a38-7e9d-ad71-73c6-1c694342dc21" xmlns="http://microsoft.com/schemas/VisualStudio/TeamTest/2010">
      <TestCategory>
        <TestCategoryItem TestCategory="Unit" />
      </TestCategory>
      <Execution id="a87d09a6-544f-446d-b5fd-bd52f9d19508" />
      <TestMethod codeBase="c:\Repos\Nucleus\Net.Libs\Framework\Eliassen.System.Tests\bin\Release\net8.0\Eliassen.System.Tests.dll" adapterTypeName="executor://mstestadapter/v2" className="Eliassen.System.Tests.Linq.QueryableExtensionsTests" name="ExecuteByTest_SearchTerm" />
    </UnitTest>
    <UnitTest name="VisitTest_Equals (,hello,False)" storage="c:\repos\nucleus\net.libs\framework\eliassen.system.tests\bin\release\net8.0\eliassen.system.tests.dll" id="07b77574-2211-0cfd-4e91-7ca72fa17247" xmlns="http://microsoft.com/schemas/VisualStudio/TeamTest/2010">
      <TestCategory>
        <TestCategoryItem TestCategory="Unit" />
      </TestCategory>
      <Execution id="f23ab99b-9efe-462a-8d3c-893278494fe5" />
      <TestMethod codeBase="c:\Repos\Nucleus\Net.Libs\Framework\Eliassen.System.Tests\bin\Release\net8.0\Eliassen.System.Tests.dll" adapterTypeName="executor://mstestadapter/v2" className="Eliassen.System.Tests.Linq.Expressions.SkipInstanceMethodOnNullExpressionVisitorTests" name="VisitTest_Equals" />
    </UnitTest>
    <UnitTest name="GetResourceAsStringAsyncTest" storage="c:\repos\nucleus\net.libs\framework\eliassen.system.tests\bin\release\net8.0\eliassen.system.tests.dll" id="c32d9ec7-cf3f-0b90-7da7-80e3553b5fe6" xmlns="http://microsoft.com/schemas/VisualStudio/TeamTest/2010">
      <TestCategory>
        <TestCategoryItem TestCategory="Unit" />
      </TestCategory>
      <Execution id="8e630624-3017-46ea-a579-2107cfdb8877" />
      <TestMethod codeBase="c:\Repos\Nucleus\Net.Libs\Framework\Eliassen.System.Tests\bin\Release\net8.0\Eliassen.System.Tests.dll" adapterTypeName="executor://mstestadapter/v2" className="Eliassen.System.Tests.Reflection.ResourceExtensionsTests" name="GetResourceAsStringAsyncTest" />
    </UnitTest>
    <UnitTest name="GetFilterablePropertyNamesTest_TestTarget3Model" storage="c:\repos\nucleus\net.libs\framework\eliassen.system.tests\bin\release\net8.0\eliassen.system.tests.dll" id="dcab6442-3647-193e-5b50-9725bbfda52b" xmlns="http://microsoft.com/schemas/VisualStudio/TeamTest/2010">
      <TestCategory>
        <TestCategoryItem TestCategory="Unit" />
      </TestCategory>
      <Execution id="a15723ac-c964-4f75-8f3e-da7f0e031c24" />
      <TestMethod codeBase="c:\Repos\Nucleus\Net.Libs\Framework\Eliassen.System.Tests\bin\Release\net8.0\Eliassen.System.Tests.dll" adapterTypeName="executor://mstestadapter/v2" className="Eliassen.System.Tests.Linq.Expressions.ExpressionTreeBuilderTests" name="GetFilterablePropertyNamesTest_TestTarget3Model" />
    </UnitTest>
    <UnitTest name="VisitTest_Equals (Hello,Hello,True)" storage="c:\repos\nucleus\net.libs\framework\eliassen.system.tests\bin\release\net8.0\eliassen.system.tests.dll" id="1c0197db-d7ab-18ba-d57c-a34403249bdb" xmlns="http://microsoft.com/schemas/VisualStudio/TeamTest/2010">
      <TestCategory>
        <TestCategoryItem TestCategory="Unit" />
      </TestCategory>
      <Execution id="c3097824-f987-467c-953c-de4b700c93f2" />
      <TestMethod codeBase="c:\Repos\Nucleus\Net.Libs\Framework\Eliassen.System.Tests\bin\Release\net8.0\Eliassen.System.Tests.dll" adapterTypeName="executor://mstestadapter/v2" className="Eliassen.System.Tests.Linq.Expressions.SkipInstanceMethodOnNullExpressionVisitorTests" name="VisitTest_Equals" />
    </UnitTest>
    <UnitTest name="VisitTest_Equals (,,False)" storage="c:\repos\nucleus\net.libs\framework\eliassen.system.tests\bin\release\net8.0\eliassen.system.tests.dll" id="732c5a4d-db4b-042b-cb1a-6907849de0ac" xmlns="http://microsoft.com/schemas/VisualStudio/TeamTest/2010">
      <TestCategory>
        <TestCategoryItem TestCategory="Unit" />
      </TestCategory>
      <Execution id="0682ba6f-a795-451b-acdc-db07486b7459" />
      <TestMethod codeBase="c:\Repos\Nucleus\Net.Libs\Framework\Eliassen.System.Tests\bin\Release\net8.0\Eliassen.System.Tests.dll" adapterTypeName="executor://mstestadapter/v2" className="Eliassen.System.Tests.Linq.Expressions.SkipInstanceMethodOnNullExpressionVisitorTests" name="VisitTest_Equals" />
    </UnitTest>
    <UnitTest name="VisitTest_Contains (Hello,eL,True)" storage="c:\repos\nucleus\net.libs\framework\eliassen.system.tests\bin\release\net8.0\eliassen.system.tests.dll" id="ab0f8867-b8d1-22b7-3b78-2eab4da93098" xmlns="http://microsoft.com/schemas/VisualStudio/TeamTest/2010">
      <TestCategory>
        <TestCategoryItem TestCategory="Unit" />
      </TestCategory>
      <Execution id="d138fa70-eae0-400c-8a9c-2801abbca293" />
      <TestMethod codeBase="c:\Repos\Nucleus\Net.Libs\Framework\Eliassen.System.Tests\bin\Release\net8.0\Eliassen.System.Tests.dll" adapterTypeName="executor://mstestadapter/v2" className="Eliassen.System.Tests.Linq.Expressions.StringComparisonReplacementExpressionVisitorTests" name="VisitTest_Contains" />
    </UnitTest>
    <UnitTest name="VisitTest_Equals (Hello,hello,True)" storage="c:\repos\nucleus\net.libs\framework\eliassen.system.tests\bin\release\net8.0\eliassen.system.tests.dll" id="e7f0575b-0e45-f2ce-4918-0b10042b2324" xmlns="http://microsoft.com/schemas/VisualStudio/TeamTest/2010">
      <TestCategory>
        <TestCategoryItem TestCategory="Unit" />
      </TestCategory>
      <Execution id="56a383c9-a4cb-4653-9322-1cae9c022a39" />
      <TestMethod codeBase="c:\Repos\Nucleus\Net.Libs\Framework\Eliassen.System.Tests\bin\Release\net8.0\Eliassen.System.Tests.dll" adapterTypeName="executor://mstestadapter/v2" className="Eliassen.System.Tests.Linq.Expressions.StringComparisonReplacementExpressionVisitorTests" name="VisitTest_Equals" />
    </UnitTest>
    <UnitTest name="ExecuteByTest_Filter_JsonElement" storage="c:\repos\nucleus\net.libs\framework\eliassen.system.tests\bin\release\net8.0\eliassen.system.tests.dll" id="6ecbf29a-b1dc-ecb1-c997-c95f3b46593a" xmlns="http://microsoft.com/schemas/VisualStudio/TeamTest/2010">
      <TestCategory>
        <TestCategoryItem TestCategory="Unit" />
      </TestCategory>
      <Execution id="210bc825-583a-412b-9277-2f7147bf6eef" />
      <TestMethod codeBase="c:\Repos\Nucleus\Net.Libs\Framework\Eliassen.System.Tests\bin\Release\net8.0\Eliassen.System.Tests.dll" adapterTypeName="executor://mstestadapter/v2" className="Eliassen.System.Tests.Linq.QueryableExtensionsTests" name="ExecuteByTest_Filter_JsonElement" />
    </UnitTest>
    <UnitTest name="VisitTest_Equals (Hello,,False)" storage="c:\repos\nucleus\net.libs\framework\eliassen.system.tests\bin\release\net8.0\eliassen.system.tests.dll" id="47e6ed14-b917-99ad-5b18-0068efac17a3" xmlns="http://microsoft.com/schemas/VisualStudio/TeamTest/2010">
      <TestCategory>
        <TestCategoryItem TestCategory="Unit" />
      </TestCategory>
      <Execution id="ba2ac6f3-175b-4cc2-8878-0912e2a7d9f4" />
      <TestMethod codeBase="c:\Repos\Nucleus\Net.Libs\Framework\Eliassen.System.Tests\bin\Release\net8.0\Eliassen.System.Tests.dll" adapterTypeName="executor://mstestadapter/v2" className="Eliassen.System.Tests.Linq.Expressions.SkipInstanceMethodOnNullExpressionVisitorTests" name="VisitTest_Equals" />
    </UnitTest>
    <UnitTest name="ToEnumTest (3,Val1, Val2)" storage="c:\repos\nucleus\net.libs\framework\eliassen.system.tests\bin\release\net8.0\eliassen.system.tests.dll" id="c3d96c67-b7eb-8271-8b2c-35176b8a900c" xmlns="http://microsoft.com/schemas/VisualStudio/TeamTest/2010">
      <TestCategory>
        <TestCategoryItem TestCategory="Unit" />
      </TestCategory>
      <Execution id="07afe965-009d-4726-b88b-21d8b8c445c2" />
      <TestMethod codeBase="c:\Repos\Nucleus\Net.Libs\Framework\Eliassen.System.Tests\bin\Release\net8.0\Eliassen.System.Tests.dll" adapterTypeName="executor://mstestadapter/v2" className="Eliassen.System.Tests.Reflection.EnumExtensionsTests" name="ToEnumTest" />
    </UnitTest>
    <UnitTest name="ToEnumTest (no data,)" storage="c:\repos\nucleus\net.libs\framework\eliassen.system.tests\bin\release\net8.0\eliassen.system.tests.dll" id="565e6ddc-fd0f-5db8-1ac5-68872b2812d2" xmlns="http://microsoft.com/schemas/VisualStudio/TeamTest/2010">
      <TestCategory>
        <TestCategoryItem TestCategory="Unit" />
      </TestCategory>
      <Execution id="25503d7a-c975-48cb-af3a-dc37792ae699" />
      <TestMethod codeBase="c:\Repos\Nucleus\Net.Libs\Framework\Eliassen.System.Tests\bin\Release\net8.0\Eliassen.System.Tests.dll" adapterTypeName="executor://mstestadapter/v2" className="Eliassen.System.Tests.Reflection.EnumExtensionsTests" name="ToEnumTest" />
    </UnitTest>
    <UnitTest name="VisitTest_StartsWith (Hello,HE,True)" storage="c:\repos\nucleus\net.libs\framework\eliassen.system.tests\bin\release\net8.0\eliassen.system.tests.dll" id="5dada6fb-9282-72bc-c9b2-bcfb539a1619" xmlns="http://microsoft.com/schemas/VisualStudio/TeamTest/2010">
      <TestCategory>
        <TestCategoryItem TestCategory="Unit" />
      </TestCategory>
      <Execution id="d5c1acd2-5ce8-488c-98a5-fe3986555e2d" />
      <TestMethod codeBase="c:\Repos\Nucleus\Net.Libs\Framework\Eliassen.System.Tests\bin\Release\net8.0\Eliassen.System.Tests.dll" adapterTypeName="executor://mstestadapter/v2" className="Eliassen.System.Tests.Linq.Expressions.StringComparisonReplacementExpressionVisitorTests" name="VisitTest_StartsWith" />
    </UnitTest>
    <UnitTest name="ToEnumTest (test short,WithDisplay)" storage="c:\repos\nucleus\net.libs\framework\eliassen.system.tests\bin\release\net8.0\eliassen.system.tests.dll" id="831e2631-9a37-4b0a-2e4e-453da32f04e1" xmlns="http://microsoft.com/schemas/VisualStudio/TeamTest/2010">
      <TestCategory>
        <TestCategoryItem TestCategory="Unit" />
      </TestCategory>
      <Execution id="378daa48-3111-4891-abee-660d6da9e12d" />
      <TestMethod codeBase="c:\Repos\Nucleus\Net.Libs\Framework\Eliassen.System.Tests\bin\Release\net8.0\Eliassen.System.Tests.dll" adapterTypeName="executor://mstestadapter/v2" className="Eliassen.System.Tests.Reflection.EnumExtensionsTests" name="ToEnumTest" />
    </UnitTest>
    <UnitTest name="GetResourceStreamTest" storage="c:\repos\nucleus\net.libs\framework\eliassen.system.tests\bin\release\net8.0\eliassen.system.tests.dll" id="5745a05f-6078-14a6-d124-e23b5e51504a" xmlns="http://microsoft.com/schemas/VisualStudio/TeamTest/2010">
      <TestCategory>
        <TestCategoryItem TestCategory="Unit" />
      </TestCategory>
      <Execution id="bbc0d531-ffc3-41d4-8c28-af5010af1fa6" />
      <TestMethod codeBase="c:\Repos\Nucleus\Net.Libs\Framework\Eliassen.System.Tests\bin\Release\net8.0\Eliassen.System.Tests.dll" adapterTypeName="executor://mstestadapter/v2" className="Eliassen.System.Tests.Reflection.ResourceExtensionsTests" name="GetResourceStreamTest" />
    </UnitTest>
    <UnitTest name="DeserializeTest_Value ({&quot;Nullable&quot;:{&quot;$date&quot;:&quot;2023-07-05T14:16:32.2015217-04:00&quot;},&quot;Value&quot;:{&quot;$date&quot;:&quot;0001-01-01T00:00:00+00:00&quot;}},0001-01-01T00:00:00+00:00)" storage="c:\repos\nucleus\net.libs\framework\eliassen.system.tests\bin\release\net8.0\eliassen.system.tests.dll" id="256bd52f-eccc-f32c-0e34-b0f4b03b83cc" xmlns="http://microsoft.com/schemas/VisualStudio/TeamTest/2010">
      <TestCategory>
        <TestCategoryItem TestCategory="Unit" />
      </TestCategory>
      <Execution id="dcb24889-7af3-4392-b9f4-fac384dd6069" />
      <TestMethod codeBase="c:\Repos\Nucleus\Net.Libs\Framework\Eliassen.System.Tests\bin\Release\net8.0\Eliassen.System.Tests.dll" adapterTypeName="executor://mstestadapter/v2" className="Eliassen.System.Tests.Text.Json.BsonDateConverterTests" name="DeserializeTest_Value" />
    </UnitTest>
    <UnitTest name="VisitTest_EqualOperator (Hello,HeLlO,True)" storage="c:\repos\nucleus\net.libs\framework\eliassen.system.tests\bin\release\net8.0\eliassen.system.tests.dll" id="2bfed98c-f04b-a9c6-9b30-1a4a12b04bd4" xmlns="http://microsoft.com/schemas/VisualStudio/TeamTest/2010">
      <TestCategory>
        <TestCategoryItem TestCategory="Unit" />
      </TestCategory>
      <Execution id="9d3a43bd-1420-42c9-9ee6-79aca5458d7b" />
      <TestMethod codeBase="c:\Repos\Nucleus\Net.Libs\Framework\Eliassen.System.Tests\bin\Release\net8.0\Eliassen.System.Tests.dll" adapterTypeName="executor://mstestadapter/v2" className="Eliassen.System.Tests.Linq.Expressions.StringComparisonReplacementExpressionVisitorTests" name="VisitTest_EqualOperator" />
    </UnitTest>
    <UnitTest name="SerializeTest_Nullable" storage="c:\repos\nucleus\net.libs\framework\eliassen.system.tests\bin\release\net8.0\eliassen.system.tests.dll" id="c07bd30b-1999-489c-e66f-17f7d59077a7" xmlns="http://microsoft.com/schemas/VisualStudio/TeamTest/2010">
      <TestCategory>
        <TestCategoryItem TestCategory="Unit" />
      </TestCategory>
      <Execution id="3b86cbeb-4d6e-40ec-8e5e-63331df1268b" />
      <TestMethod codeBase="c:\Repos\Nucleus\Net.Libs\Framework\Eliassen.System.Tests\bin\Release\net8.0\Eliassen.System.Tests.dll" adapterTypeName="executor://mstestadapter/v2" className="Eliassen.System.Tests.Text.Json.BsonDateConverterTests" name="SerializeTest_Nullable" />
    </UnitTest>
    <UnitTest name="GetResourceFromJsonTest_NotFound" storage="c:\repos\nucleus\net.libs\framework\eliassen.system.tests\bin\release\net8.0\eliassen.system.tests.dll" id="838644d9-6365-e4a6-691a-5f9e9cba540d" xmlns="http://microsoft.com/schemas/VisualStudio/TeamTest/2010">
      <TestCategory>
        <TestCategoryItem TestCategory="Unit" />
      </TestCategory>
      <Execution id="03609db9-e473-4e98-9866-9e5f6af1c8dc" />
      <TestMethod codeBase="c:\Repos\Nucleus\Net.Libs\Framework\Eliassen.System.Tests\bin\Release\net8.0\Eliassen.System.Tests.dll" adapterTypeName="executor://mstestadapter/v2" className="Eliassen.System.Tests.Reflection.ResourceExtensionsTests" name="GetResourceFromJsonTest_NotFound" />
    </UnitTest>
    <UnitTest name="ToEnumTest (-1,-1)" storage="c:\repos\nucleus\net.libs\framework\eliassen.system.tests\bin\release\net8.0\eliassen.system.tests.dll" id="4ce80adc-85b2-94de-76f3-cc28367202bc" xmlns="http://microsoft.com/schemas/VisualStudio/TeamTest/2010">
      <TestCategory>
        <TestCategoryItem TestCategory="Unit" />
      </TestCategory>
      <Execution id="43943c71-7c92-433b-80c5-8e1007f4383f" />
      <TestMethod codeBase="c:\Repos\Nucleus\Net.Libs\Framework\Eliassen.System.Tests\bin\Release\net8.0\Eliassen.System.Tests.dll" adapterTypeName="executor://mstestadapter/v2" className="Eliassen.System.Tests.Reflection.EnumExtensionsTests" name="ToEnumTest" />
    </UnitTest>
    <UnitTest name="DeserializeTest_Nullable ({&quot;Nullable&quot;:{&quot;$date&quot;:&quot;2023-07-05T14:16:32.2015217-04:00&quot;},&quot;Value&quot;:{&quot;$date&quot;:&quot;0001-01-01T00:00:00+00:00&quot;}},2023-07-05T14:16:32.2015217-04:00)" storage="c:\repos\nucleus\net.libs\framework\eliassen.system.tests\bin\release\net8.0\eliassen.system.tests.dll" id="926b3157-bee3-3ace-b6de-f2a9df622c6d" xmlns="http://microsoft.com/schemas/VisualStudio/TeamTest/2010">
      <TestCategory>
        <TestCategoryItem TestCategory="Unit" />
      </TestCategory>
      <Execution id="e53dfe0b-fe42-48fc-9960-a9c99b50c18f" />
      <TestMethod codeBase="c:\Repos\Nucleus\Net.Libs\Framework\Eliassen.System.Tests\bin\Release\net8.0\Eliassen.System.Tests.dll" adapterTypeName="executor://mstestadapter/v2" className="Eliassen.System.Tests.Text.Json.BsonDateConverterTests" name="DeserializeTest_Nullable" />
    </UnitTest>
    <UnitTest name="VisitTest_StartsWith (Hello,He,True)" storage="c:\repos\nucleus\net.libs\framework\eliassen.system.tests\bin\release\net8.0\eliassen.system.tests.dll" id="5adbf889-f6cc-6aad-7fc3-6b99d44bef4c" xmlns="http://microsoft.com/schemas/VisualStudio/TeamTest/2010">
      <TestCategory>
        <TestCategoryItem TestCategory="Unit" />
      </TestCategory>
      <Execution id="bc9a762b-0757-4d04-83ee-c65a13a4a41f" />
      <TestMethod codeBase="c:\Repos\Nucleus\Net.Libs\Framework\Eliassen.System.Tests\bin\Release\net8.0\Eliassen.System.Tests.dll" adapterTypeName="executor://mstestadapter/v2" className="Eliassen.System.Tests.Linq.Expressions.StringComparisonReplacementExpressionVisitorTests" name="VisitTest_StartsWith" />
    </UnitTest>
    <UnitTest name="ToEnumTest (test name,WithDisplay)" storage="c:\repos\nucleus\net.libs\framework\eliassen.system.tests\bin\release\net8.0\eliassen.system.tests.dll" id="f20600a2-9628-5de8-bbf6-315f97e16140" xmlns="http://microsoft.com/schemas/VisualStudio/TeamTest/2010">
      <TestCategory>
        <TestCategoryItem TestCategory="Unit" />
      </TestCategory>
      <Execution id="60b370f2-2338-42e6-8396-c30a1ee5c53a" />
      <TestMethod codeBase="c:\Repos\Nucleus\Net.Libs\Framework\Eliassen.System.Tests\bin\Release\net8.0\Eliassen.System.Tests.dll" adapterTypeName="executor://mstestadapter/v2" className="Eliassen.System.Tests.Reflection.EnumExtensionsTests" name="ToEnumTest" />
    </UnitTest>
    <UnitTest name="SendAsyncTest_ByKeyed" storage="c:\repos\nucleus\net.libs\framework\eliassen.messagequeueing.tests\bin\release\net8.0\eliassen.messagequeueing.tests.dll" id="dbc55b57-382b-82eb-3acf-abef72ee15cc" xmlns="http://microsoft.com/schemas/VisualStudio/TeamTest/2010">
      <TestCategory>
        <TestCategoryItem TestCategory="Simulate" />
      </TestCategory>
      <Execution id="779d41bd-a75f-4841-b38e-d1813fe88325" />
      <TestMethod codeBase="c:\Repos\Nucleus\Net.Libs\Framework\Eliassen.MessageQueueing.Tests\bin\Release\net8.0\Eliassen.MessageQueueing.Tests.dll" adapterTypeName="executor://mstestadapter/v2" className="Eliassen.MessageQueueing.Tests.MessageSenderTests" name="SendAsyncTest_ByKeyed" />
    </UnitTest>
    <UnitTest name="SendAsyncTest_ByFullType" storage="c:\repos\nucleus\net.libs\framework\eliassen.messagequeueing.tests\bin\release\net8.0\eliassen.messagequeueing.tests.dll" id="b64dc215-d1b4-1f14-fa25-4d622e2e9f2e" xmlns="http://microsoft.com/schemas/VisualStudio/TeamTest/2010">
      <TestCategory>
        <TestCategoryItem TestCategory="Simulate" />
      </TestCategory>
      <Execution id="69bb278a-70f9-4648-8aa6-c4c09a4bf02e" />
      <TestMethod codeBase="c:\Repos\Nucleus\Net.Libs\Framework\Eliassen.MessageQueueing.Tests\bin\Release\net8.0\Eliassen.MessageQueueing.Tests.dll" adapterTypeName="executor://mstestadapter/v2" className="Eliassen.MessageQueueing.Tests.MessageSenderTests" name="SendAsyncTest_ByFullType" />
    </UnitTest>
    <UnitTest name="SendAsyncTest_Error" storage="c:\repos\nucleus\net.libs\framework\eliassen.messagequeueing.tests\bin\release\net8.0\eliassen.messagequeueing.tests.dll" id="e5454c02-b359-b78c-7c37-b5f0f590b608" xmlns="http://microsoft.com/schemas/VisualStudio/TeamTest/2010">
      <TestCategory>
        <TestCategoryItem TestCategory="Simulate" />
      </TestCategory>
      <Execution id="7a65a2d3-eb05-41e9-9b5a-a1223fb8b0e9" />
      <TestMethod codeBase="c:\Repos\Nucleus\Net.Libs\Framework\Eliassen.MessageQueueing.Tests\bin\Release\net8.0\Eliassen.MessageQueueing.Tests.dll" adapterTypeName="executor://mstestadapter/v2" className="Eliassen.MessageQueueing.Tests.MessageSenderTests" name="SendAsyncTest_Error" />
    </UnitTest>
    <UnitTest name="ToEnumTest (Val2,Val1,Val1, Val2)" storage="c:\repos\nucleus\net.libs\framework\eliassen.system.tests\bin\release\net8.0\eliassen.system.tests.dll" id="cafd6058-6aab-9d1f-69ad-4c9f56040de6" xmlns="http://microsoft.com/schemas/VisualStudio/TeamTest/2010">
      <TestCategory>
        <TestCategoryItem TestCategory="Unit" />
      </TestCategory>
      <Execution id="5af1b04b-35fe-47c9-9938-43d2648055a7" />
      <TestMethod codeBase="c:\Repos\Nucleus\Net.Libs\Framework\Eliassen.System.Tests\bin\Release\net8.0\Eliassen.System.Tests.dll" adapterTypeName="executor://mstestadapter/v2" className="Eliassen.System.Tests.Reflection.EnumExtensionsTests" name="ToEnumTest" />
    </UnitTest>
    <UnitTest name="ToEnumTest (Val2,Val2)" storage="c:\repos\nucleus\net.libs\framework\eliassen.system.tests\bin\release\net8.0\eliassen.system.tests.dll" id="2e0c9851-0485-aa3c-d24f-7fccd80074f4" xmlns="http://microsoft.com/schemas/VisualStudio/TeamTest/2010">
      <TestCategory>
        <TestCategoryItem TestCategory="Unit" />
      </TestCategory>
      <Execution id="a8a50ed7-efd8-443c-9e29-24d2caac2081" />
      <TestMethod codeBase="c:\Repos\Nucleus\Net.Libs\Framework\Eliassen.System.Tests\bin\Release\net8.0\Eliassen.System.Tests.dll" adapterTypeName="executor://mstestadapter/v2" className="Eliassen.System.Tests.Reflection.EnumExtensionsTests" name="ToEnumTest" />
    </UnitTest>
    <UnitTest name="ExecuteByTest_Sort (Name,Ascending,0,1,10,100,101,102,103,104,105,106)" storage="c:\repos\nucleus\net.libs\framework\eliassen.system.tests\bin\release\net8.0\eliassen.system.tests.dll" id="4bf38066-0bb2-757e-8a8e-3db6781b25d2" xmlns="http://microsoft.com/schemas/VisualStudio/TeamTest/2010">
      <TestCategory>
        <TestCategoryItem TestCategory="Unit" />
      </TestCategory>
      <Execution id="287d2aa0-5656-4896-9784-20b5e978a9b2" />
      <TestMethod codeBase="c:\Repos\Nucleus\Net.Libs\Framework\Eliassen.System.Tests\bin\Release\net8.0\Eliassen.System.Tests.dll" adapterTypeName="executor://mstestadapter/v2" className="Eliassen.System.Tests.Linq.QueryableExtensionsTests" name="ExecuteByTest_Sort" />
    </UnitTest>
    <UnitTest name="ToEnumTest (name2,WithMemberName)" storage="c:\repos\nucleus\net.libs\framework\eliassen.system.tests\bin\release\net8.0\eliassen.system.tests.dll" id="0f7e3e16-777a-5558-36e8-70ed511d8dc2" xmlns="http://microsoft.com/schemas/VisualStudio/TeamTest/2010">
      <TestCategory>
        <TestCategoryItem TestCategory="Unit" />
      </TestCategory>
      <Execution id="3fefcdcb-7f67-42a8-8dae-9f0b0986694b" />
      <TestMethod codeBase="c:\Repos\Nucleus\Net.Libs\Framework\Eliassen.System.Tests\bin\Release\net8.0\Eliassen.System.Tests.dll" adapterTypeName="executor://mstestadapter/v2" className="Eliassen.System.Tests.Reflection.EnumExtensionsTests" name="ToEnumTest" />
    </UnitTest>
    <UnitTest name="ToEnumTest (3,Val1, Val2)" storage="c:\repos\nucleus\net.libs\framework\eliassen.system.tests\bin\release\net8.0\eliassen.system.tests.dll" id="2b082eef-4fa9-3b0c-8d19-b1f036cc7147" xmlns="http://microsoft.com/schemas/VisualStudio/TeamTest/2010">
      <TestCategory>
        <TestCategoryItem TestCategory="Unit" />
      </TestCategory>
      <Execution id="2ff51e66-075d-4c06-ba9a-c3a71b177b7f" />
      <TestMethod codeBase="c:\Repos\Nucleus\Net.Libs\Framework\Eliassen.System.Tests\bin\Release\net8.0\Eliassen.System.Tests.dll" adapterTypeName="executor://mstestadapter/v2" className="Eliassen.System.Tests.Reflection.EnumExtensionsTests" name="ToEnumTest" />
    </UnitTest>
    <UnitTest name="ToEnumTest (Val2 , Val1,Val1, Val2)" storage="c:\repos\nucleus\net.libs\framework\eliassen.system.tests\bin\release\net8.0\eliassen.system.tests.dll" id="38e9a0c7-b39d-0746-cc04-b6b9aa4e3b7c" xmlns="http://microsoft.com/schemas/VisualStudio/TeamTest/2010">
      <TestCategory>
        <TestCategoryItem TestCategory="Unit" />
      </TestCategory>
      <Execution id="648d670a-358e-4778-98dd-39417ed22f2b" />
      <TestMethod codeBase="c:\Repos\Nucleus\Net.Libs\Framework\Eliassen.System.Tests\bin\Release\net8.0\Eliassen.System.Tests.dll" adapterTypeName="executor://mstestadapter/v2" className="Eliassen.System.Tests.Reflection.EnumExtensionsTests" name="ToEnumTest" />
    </UnitTest>
    <UnitTest name="ToEnumTest (test description,WithDescription)" storage="c:\repos\nucleus\net.libs\framework\eliassen.system.tests\bin\release\net8.0\eliassen.system.tests.dll" id="f78a8ff3-c0d0-976a-acb4-40a970430b93" xmlns="http://microsoft.com/schemas/VisualStudio/TeamTest/2010">
      <TestCategory>
        <TestCategoryItem TestCategory="Unit" />
      </TestCategory>
      <Execution id="4a59e6c9-f402-46bd-b724-6944832289f7" />
      <TestMethod codeBase="c:\Repos\Nucleus\Net.Libs\Framework\Eliassen.System.Tests\bin\Release\net8.0\Eliassen.System.Tests.dll" adapterTypeName="executor://mstestadapter/v2" className="Eliassen.System.Tests.Reflection.EnumExtensionsTests" name="ToEnumTest" />
    </UnitTest>
    <UnitTest name="ToEnumTest (Val2, Val1,Val1, Val2)" storage="c:\repos\nucleus\net.libs\framework\eliassen.system.tests\bin\release\net8.0\eliassen.system.tests.dll" id="a68de2ae-2056-64c2-a1d0-a4ade981516a" xmlns="http://microsoft.com/schemas/VisualStudio/TeamTest/2010">
      <TestCategory>
        <TestCategoryItem TestCategory="Unit" />
      </TestCategory>
      <Execution id="61d12989-822b-4d73-be78-422486850299" />
      <TestMethod codeBase="c:\Repos\Nucleus\Net.Libs\Framework\Eliassen.System.Tests\bin\Release\net8.0\Eliassen.System.Tests.dll" adapterTypeName="executor://mstestadapter/v2" className="Eliassen.System.Tests.Reflection.EnumExtensionsTests" name="ToEnumTest" />
    </UnitTest>
    <UnitTest name="ToEnumTest (name,WithEnumValue)" storage="c:\repos\nucleus\net.libs\framework\eliassen.system.tests\bin\release\net8.0\eliassen.system.tests.dll" id="84a71d2d-ba2d-93f8-5034-8f6c197225a9" xmlns="http://microsoft.com/schemas/VisualStudio/TeamTest/2010">
      <TestCategory>
        <TestCategoryItem TestCategory="Unit" />
      </TestCategory>
      <Execution id="e9f8bb44-a802-4273-90be-68f60cc17dff" />
      <TestMethod codeBase="c:\Repos\Nucleus\Net.Libs\Framework\Eliassen.System.Tests\bin\Release\net8.0\Eliassen.System.Tests.dll" adapterTypeName="executor://mstestadapter/v2" className="Eliassen.System.Tests.Reflection.EnumExtensionsTests" name="ToEnumTest" />
    </UnitTest>
    <UnitTest name="ToEnumTest (2,Val2)" storage="c:\repos\nucleus\net.libs\framework\eliassen.system.tests\bin\release\net8.0\eliassen.system.tests.dll" id="207e4065-88b5-ba27-1f76-4d0f0a098cde" xmlns="http://microsoft.com/schemas/VisualStudio/TeamTest/2010">
      <TestCategory>
        <TestCategoryItem TestCategory="Unit" />
      </TestCategory>
      <Execution id="803aae46-c639-4eae-9660-5080d08fc69a" />
      <TestMethod codeBase="c:\Repos\Nucleus\Net.Libs\Framework\Eliassen.System.Tests\bin\Release\net8.0\Eliassen.System.Tests.dll" adapterTypeName="executor://mstestadapter/v2" className="Eliassen.System.Tests.Reflection.EnumExtensionsTests" name="ToEnumTest" />
    </UnitTest>
    <UnitTest name="ExecuteByTest_Sort (NAME,Descending,999,998,997,996,995,994,993,992,991,990)" storage="c:\repos\nucleus\net.libs\framework\eliassen.system.tests\bin\release\net8.0\eliassen.system.tests.dll" id="97a142d5-b0a9-d9bf-03a6-736e4df75106" xmlns="http://microsoft.com/schemas/VisualStudio/TeamTest/2010">
      <TestCategory>
        <TestCategoryItem TestCategory="Unit" />
      </TestCategory>
      <Execution id="96ad9532-f80d-4940-89f7-ae4df20af570" />
      <TestMethod codeBase="c:\Repos\Nucleus\Net.Libs\Framework\Eliassen.System.Tests\bin\Release\net8.0\Eliassen.System.Tests.dll" adapterTypeName="executor://mstestadapter/v2" className="Eliassen.System.Tests.Linq.QueryableExtensionsTests" name="ExecuteByTest_Sort" />
    </UnitTest>
    <UnitTest name="ExecuteByTest_Sort (name,Descending,999,998,997,996,995,994,993,992,991,990)" storage="c:\repos\nucleus\net.libs\framework\eliassen.system.tests\bin\release\net8.0\eliassen.system.tests.dll" id="250659bd-c780-75f8-425e-56948f547d27" xmlns="http://microsoft.com/schemas/VisualStudio/TeamTest/2010">
      <TestCategory>
        <TestCategoryItem TestCategory="Unit" />
      </TestCategory>
      <Execution id="1dc7910b-5c6c-4dca-b8ff-a6e531b7b6a4" />
      <TestMethod codeBase="c:\Repos\Nucleus\Net.Libs\Framework\Eliassen.System.Tests\bin\Release\net8.0\Eliassen.System.Tests.dll" adapterTypeName="executor://mstestadapter/v2" className="Eliassen.System.Tests.Linq.QueryableExtensionsTests" name="ExecuteByTest_Sort" />
    </UnitTest>
    <UnitTest name="ToEnumTest (Val2|Val1,Val1, Val2)" storage="c:\repos\nucleus\net.libs\framework\eliassen.system.tests\bin\release\net8.0\eliassen.system.tests.dll" id="0b8f627b-a1c8-6277-6090-2fc13b4051a9" xmlns="http://microsoft.com/schemas/VisualStudio/TeamTest/2010">
      <TestCategory>
        <TestCategoryItem TestCategory="Unit" />
      </TestCategory>
      <Execution id="933992f1-ce09-4c4c-8123-bf2d9c638117" />
      <TestMethod codeBase="c:\Repos\Nucleus\Net.Libs\Framework\Eliassen.System.Tests\bin\Release\net8.0\Eliassen.System.Tests.dll" adapterTypeName="executor://mstestadapter/v2" className="Eliassen.System.Tests.Reflection.EnumExtensionsTests" name="ToEnumTest" />
    </UnitTest>
    <UnitTest name="ToEnumTest (0,Val0)" storage="c:\repos\nucleus\net.libs\framework\eliassen.system.tests\bin\release\net8.0\eliassen.system.tests.dll" id="2ae6c352-791a-5a0c-8cef-9e8ca7a29354" xmlns="http://microsoft.com/schemas/VisualStudio/TeamTest/2010">
      <TestCategory>
        <TestCategoryItem TestCategory="Unit" />
      </TestCategory>
      <Execution id="9b7d69c5-7891-42d7-a031-f82e37fca1c0" />
      <TestMethod codeBase="c:\Repos\Nucleus\Net.Libs\Framework\Eliassen.System.Tests\bin\Release\net8.0\Eliassen.System.Tests.dll" adapterTypeName="executor://mstestadapter/v2" className="Eliassen.System.Tests.Reflection.EnumExtensionsTests" name="ToEnumTest" />
    </UnitTest>
    <UnitTest name="ToEnumTest (Val1,Val1)" storage="c:\repos\nucleus\net.libs\framework\eliassen.system.tests\bin\release\net8.0\eliassen.system.tests.dll" id="8e643e26-fbd5-ae99-4a9a-d26e4648cd65" xmlns="http://microsoft.com/schemas/VisualStudio/TeamTest/2010">
      <TestCategory>
        <TestCategoryItem TestCategory="Unit" />
      </TestCategory>
      <Execution id="4a867966-5e3a-4980-a46c-5e36802547ad" />
      <TestMethod codeBase="c:\Repos\Nucleus\Net.Libs\Framework\Eliassen.System.Tests\bin\Release\net8.0\Eliassen.System.Tests.dll" adapterTypeName="executor://mstestadapter/v2" className="Eliassen.System.Tests.Reflection.EnumExtensionsTests" name="ToEnumTest" />
    </UnitTest>
    <UnitTest name="ToEnumTest (test name,WithDisplay)" storage="c:\repos\nucleus\net.libs\framework\eliassen.system.tests\bin\release\net8.0\eliassen.system.tests.dll" id="ce6510cf-36c8-726a-19a1-61fee8813205" xmlns="http://microsoft.com/schemas/VisualStudio/TeamTest/2010">
      <TestCategory>
        <TestCategoryItem TestCategory="Unit" />
      </TestCategory>
      <Execution id="b8f41861-5f9c-486b-9950-2739bac90da8" />
      <TestMethod codeBase="c:\Repos\Nucleus\Net.Libs\Framework\Eliassen.System.Tests\bin\Release\net8.0\Eliassen.System.Tests.dll" adapterTypeName="executor://mstestadapter/v2" className="Eliassen.System.Tests.Reflection.EnumExtensionsTests" name="ToEnumTest" />
    </UnitTest>
    <UnitTest name="ExecuteByTest_Sort (Name,Descending,999,998,997,996,995,994,993,992,991,990)" storage="c:\repos\nucleus\net.libs\framework\eliassen.system.tests\bin\release\net8.0\eliassen.system.tests.dll" id="ddf9cd7e-758c-d704-01a7-8f705631b98b" xmlns="http://microsoft.com/schemas/VisualStudio/TeamTest/2010">
      <TestCategory>
        <TestCategoryItem TestCategory="Unit" />
      </TestCategory>
      <Execution id="22ce8182-626b-4f87-b1f5-87f796895296" />
      <TestMethod codeBase="c:\Repos\Nucleus\Net.Libs\Framework\Eliassen.System.Tests\bin\Release\net8.0\Eliassen.System.Tests.dll" adapterTypeName="executor://mstestadapter/v2" className="Eliassen.System.Tests.Linq.QueryableExtensionsTests" name="ExecuteByTest_Sort" />
    </UnitTest>
    <UnitTest name="ToEnumTest (Val2 ,Val1,Val1, Val2)" storage="c:\repos\nucleus\net.libs\framework\eliassen.system.tests\bin\release\net8.0\eliassen.system.tests.dll" id="d30c3925-6041-dd0b-2a02-37144f03e811" xmlns="http://microsoft.com/schemas/VisualStudio/TeamTest/2010">
      <TestCategory>
        <TestCategoryItem TestCategory="Unit" />
      </TestCategory>
      <Execution id="5602ea70-adac-4e47-9a02-9404861e8abc" />
      <TestMethod codeBase="c:\Repos\Nucleus\Net.Libs\Framework\Eliassen.System.Tests\bin\Release\net8.0\Eliassen.System.Tests.dll" adapterTypeName="executor://mstestadapter/v2" className="Eliassen.System.Tests.Reflection.EnumExtensionsTests" name="ToEnumTest" />
    </UnitTest>
    <UnitTest name="ToEnumTest (1,Val1)" storage="c:\repos\nucleus\net.libs\framework\eliassen.system.tests\bin\release\net8.0\eliassen.system.tests.dll" id="d5c2d09d-d5bb-c30c-e877-f0810b3cd681" xmlns="http://microsoft.com/schemas/VisualStudio/TeamTest/2010">
      <TestCategory>
        <TestCategoryItem TestCategory="Unit" />
      </TestCategory>
      <Execution id="13bc0757-e442-409b-b135-3c7718235c01" />
      <TestMethod codeBase="c:\Repos\Nucleus\Net.Libs\Framework\Eliassen.System.Tests\bin\Release\net8.0\Eliassen.System.Tests.dll" adapterTypeName="executor://mstestadapter/v2" className="Eliassen.System.Tests.Reflection.EnumExtensionsTests" name="ToEnumTest" />
    </UnitTest>
    <UnitTest name="ToEnumTest (test short,WithDisplay)" storage="c:\repos\nucleus\net.libs\framework\eliassen.system.tests\bin\release\net8.0\eliassen.system.tests.dll" id="8667c664-2408-3d94-53dd-862b8bb2405a" xmlns="http://microsoft.com/schemas/VisualStudio/TeamTest/2010">
      <TestCategory>
        <TestCategoryItem TestCategory="Unit" />
      </TestCategory>
      <Execution id="ad59a171-928f-4423-8ac4-7a6dc695e6d3" />
      <TestMethod codeBase="c:\Repos\Nucleus\Net.Libs\Framework\Eliassen.System.Tests\bin\Release\net8.0\Eliassen.System.Tests.dll" adapterTypeName="executor://mstestadapter/v2" className="Eliassen.System.Tests.Reflection.EnumExtensionsTests" name="ToEnumTest" />
    </UnitTest>
    <UnitTest name="ToEnumTest (4,WithEnumValue)" storage="c:\repos\nucleus\net.libs\framework\eliassen.system.tests\bin\release\net8.0\eliassen.system.tests.dll" id="fb3ba795-c081-9f7b-3da5-2154832c187c" xmlns="http://microsoft.com/schemas/VisualStudio/TeamTest/2010">
      <TestCategory>
        <TestCategoryItem TestCategory="Unit" />
      </TestCategory>
      <Execution id="1b22c3e8-aa12-4b10-ba9a-33d585b0455c" />
      <TestMethod codeBase="c:\Repos\Nucleus\Net.Libs\Framework\Eliassen.System.Tests\bin\Release\net8.0\Eliassen.System.Tests.dll" adapterTypeName="executor://mstestadapter/v2" className="Eliassen.System.Tests.Reflection.EnumExtensionsTests" name="ToEnumTest" />
    </UnitTest>
    <UnitTest name="ToEnumTest (test display,WithDisplay)" storage="c:\repos\nucleus\net.libs\framework\eliassen.system.tests\bin\release\net8.0\eliassen.system.tests.dll" id="52185704-5d0e-e5db-ccdd-e6d884289597" xmlns="http://microsoft.com/schemas/VisualStudio/TeamTest/2010">
      <TestCategory>
        <TestCategoryItem TestCategory="Unit" />
      </TestCategory>
      <Execution id="c6312b2b-e314-4cbf-bde2-76b7d8b173c9" />
      <TestMethod codeBase="c:\Repos\Nucleus\Net.Libs\Framework\Eliassen.System.Tests\bin\Release\net8.0\Eliassen.System.Tests.dll" adapterTypeName="executor://mstestadapter/v2" className="Eliassen.System.Tests.Reflection.EnumExtensionsTests" name="ToEnumTest" />
    </UnitTest>
    <UnitTest name="ToEnumTest (name,name2|test name,WithEnumValue, WithMemberName, WithDisplay)" storage="c:\repos\nucleus\net.libs\framework\eliassen.system.tests\bin\release\net8.0\eliassen.system.tests.dll" id="53f92a56-f656-cd19-3414-6dec87fc1460" xmlns="http://microsoft.com/schemas/VisualStudio/TeamTest/2010">
      <TestCategory>
        <TestCategoryItem TestCategory="Unit" />
      </TestCategory>
      <Execution id="8bf27327-7b60-40e4-a7b7-4d8010e6088b" />
      <TestMethod codeBase="c:\Repos\Nucleus\Net.Libs\Framework\Eliassen.System.Tests\bin\Release\net8.0\Eliassen.System.Tests.dll" adapterTypeName="executor://mstestadapter/v2" className="Eliassen.System.Tests.Reflection.EnumExtensionsTests" name="ToEnumTest" />
    </UnitTest>
    <UnitTest name="ToEnumTest (-1,-1)" storage="c:\repos\nucleus\net.libs\framework\eliassen.system.tests\bin\release\net8.0\eliassen.system.tests.dll" id="fffaa604-a2bf-cb56-46c0-a54e3c2e5b71" xmlns="http://microsoft.com/schemas/VisualStudio/TeamTest/2010">
      <TestCategory>
        <TestCategoryItem TestCategory="Unit" />
      </TestCategory>
      <Execution id="2ce38243-8c89-44eb-a508-334f5a276f2d" />
      <TestMethod codeBase="c:\Repos\Nucleus\Net.Libs\Framework\Eliassen.System.Tests\bin\Release\net8.0\Eliassen.System.Tests.dll" adapterTypeName="executor://mstestadapter/v2" className="Eliassen.System.Tests.Reflection.EnumExtensionsTests" name="ToEnumTest" />
    </UnitTest>
    <UnitTest name="GetHash (hello world,XrY7u+Ae7tCTyyK7j1rNww==)" storage="c:\repos\nucleus\net.libs\framework\eliassen.system.tests\bin\release\net8.0\eliassen.system.tests.dll" id="29e073f8-c889-a619-68be-0fbabe313523" xmlns="http://microsoft.com/schemas/VisualStudio/TeamTest/2010">
      <TestCategory>
        <TestCategoryItem TestCategory="Unit" />
      </TestCategory>
      <Execution id="083fdc16-0434-4d01-90ca-17241ee3da53" />
      <TestMethod codeBase="c:\Repos\Nucleus\Net.Libs\Framework\Eliassen.System.Tests\bin\Release\net8.0\Eliassen.System.Tests.dll" adapterTypeName="executor://mstestadapter/v2" className="Eliassen.System.Tests.Security.Cryptography.HashTests" name="GetHash" />
    </UnitTest>
    <UnitTest name="GetHash (Hello World!,7Qdih1MuhjZehB6Sv8UNjA==)" storage="c:\repos\nucleus\net.libs\framework\eliassen.system.tests\bin\release\net8.0\eliassen.system.tests.dll" id="0f3b8649-3271-0a42-8cb6-7536e5c6b6c7" xmlns="http://microsoft.com/schemas/VisualStudio/TeamTest/2010">
      <TestCategory>
        <TestCategoryItem TestCategory="Unit" />
      </TestCategory>
      <Execution id="3d979543-bfd5-46ef-b437-e0a6b836abf5" />
      <TestMethod codeBase="c:\Repos\Nucleus\Net.Libs\Framework\Eliassen.System.Tests\bin\Release\net8.0\Eliassen.System.Tests.dll" adapterTypeName="executor://mstestadapter/v2" className="Eliassen.System.Tests.Security.Cryptography.HashTests" name="GetHash" />
    </UnitTest>
    <UnitTest name="ToEnumTest (Val2,Val2)" storage="c:\repos\nucleus\net.libs\framework\eliassen.system.tests\bin\release\net8.0\eliassen.system.tests.dll" id="0783fcf2-6259-18a6-4548-3ee3e685104b" xmlns="http://microsoft.com/schemas/VisualStudio/TeamTest/2010">
      <TestCategory>
        <TestCategoryItem TestCategory="Unit" />
      </TestCategory>
      <Execution id="b1aa69e9-bfb4-4167-a7be-51ba1ca43114" />
      <TestMethod codeBase="c:\Repos\Nucleus\Net.Libs\Framework\Eliassen.System.Tests\bin\Release\net8.0\Eliassen.System.Tests.dll" adapterTypeName="executor://mstestadapter/v2" className="Eliassen.System.Tests.Reflection.EnumExtensionsTests" name="ToEnumTest" />
    </UnitTest>
    <UnitTest name="ToEnumTest (test description,WithDescription)" storage="c:\repos\nucleus\net.libs\framework\eliassen.system.tests\bin\release\net8.0\eliassen.system.tests.dll" id="f4cf2bc5-5581-a176-969e-675ebb01aeb7" xmlns="http://microsoft.com/schemas/VisualStudio/TeamTest/2010">
      <TestCategory>
        <TestCategoryItem TestCategory="Unit" />
      </TestCategory>
      <Execution id="6b2a109b-8c7f-4bfe-bbfc-878ffe0ba5f7" />
      <TestMethod codeBase="c:\Repos\Nucleus\Net.Libs\Framework\Eliassen.System.Tests\bin\Release\net8.0\Eliassen.System.Tests.dll" adapterTypeName="executor://mstestadapter/v2" className="Eliassen.System.Tests.Reflection.EnumExtensionsTests" name="ToEnumTest" />
    </UnitTest>
    <UnitTest name="ToEnumTest (Val2|Val1,Val1, Val2)" storage="c:\repos\nucleus\net.libs\framework\eliassen.system.tests\bin\release\net8.0\eliassen.system.tests.dll" id="2987ca95-4d23-bd98-8619-20a1f1f849ce" xmlns="http://microsoft.com/schemas/VisualStudio/TeamTest/2010">
      <TestCategory>
        <TestCategoryItem TestCategory="Unit" />
      </TestCategory>
      <Execution id="f4211e6a-6d7a-443b-a5b7-88e787623a2a" />
      <TestMethod codeBase="c:\Repos\Nucleus\Net.Libs\Framework\Eliassen.System.Tests\bin\Release\net8.0\Eliassen.System.Tests.dll" adapterTypeName="executor://mstestadapter/v2" className="Eliassen.System.Tests.Reflection.EnumExtensionsTests" name="ToEnumTest" />
    </UnitTest>
    <UnitTest name="ExecuteByTest_Sort (NAME,Descending,999,998,997,996,995,994,993,992,991,990)" storage="c:\repos\nucleus\net.libs\framework\eliassen.system.tests\bin\release\net8.0\eliassen.system.tests.dll" id="7634c0a5-d5d8-ae19-0f45-9f0c0c3f4e32" xmlns="http://microsoft.com/schemas/VisualStudio/TeamTest/2010">
      <TestCategory>
        <TestCategoryItem TestCategory="Unit" />
      </TestCategory>
      <Execution id="16988848-6550-4ff4-89c5-b914326a9bcd" />
      <TestMethod codeBase="c:\Repos\Nucleus\Net.Libs\Framework\Eliassen.System.Tests\bin\Release\net8.0\Eliassen.System.Tests.dll" adapterTypeName="executor://mstestadapter/v2" className="Eliassen.System.Tests.Linq.QueryableExtensionsTests" name="ExecuteByTest_Sort" />
    </UnitTest>
    <UnitTest name="ToEnumTest (test name,WithDisplay)" storage="c:\repos\nucleus\net.libs\framework\eliassen.system.tests\bin\release\net8.0\eliassen.system.tests.dll" id="6acd0700-45fd-3a58-a98b-e73e695d3cb6" xmlns="http://microsoft.com/schemas/VisualStudio/TeamTest/2010">
      <TestCategory>
        <TestCategoryItem TestCategory="Unit" />
      </TestCategory>
      <Execution id="28cf8514-fb44-407c-8b26-5c436412a5e0" />
      <TestMethod codeBase="c:\Repos\Nucleus\Net.Libs\Framework\Eliassen.System.Tests\bin\Release\net8.0\Eliassen.System.Tests.dll" adapterTypeName="executor://mstestadapter/v2" className="Eliassen.System.Tests.Reflection.EnumExtensionsTests" name="ToEnumTest" />
    </UnitTest>
    <UnitTest name="ToEnumTest (Val2,Val1,Val1, Val2)" storage="c:\repos\nucleus\net.libs\framework\eliassen.system.tests\bin\release\net8.0\eliassen.system.tests.dll" id="a0c29914-2fac-1ccd-4f27-21bcc9ae1a84" xmlns="http://microsoft.com/schemas/VisualStudio/TeamTest/2010">
      <TestCategory>
        <TestCategoryItem TestCategory="Unit" />
      </TestCategory>
      <Execution id="c6774a62-9739-4067-b7bf-8ca0018cc10d" />
      <TestMethod codeBase="c:\Repos\Nucleus\Net.Libs\Framework\Eliassen.System.Tests\bin\Release\net8.0\Eliassen.System.Tests.dll" adapterTypeName="executor://mstestadapter/v2" className="Eliassen.System.Tests.Reflection.EnumExtensionsTests" name="ToEnumTest" />
    </UnitTest>
    <UnitTest name="ExecuteByTest_Sort (name,Descending,999,998,997,996,995,994,993,992,991,990)" storage="c:\repos\nucleus\net.libs\framework\eliassen.system.tests\bin\release\net8.0\eliassen.system.tests.dll" id="8338d02b-d210-c931-4723-375c66eef863" xmlns="http://microsoft.com/schemas/VisualStudio/TeamTest/2010">
      <TestCategory>
        <TestCategoryItem TestCategory="Unit" />
      </TestCategory>
      <Execution id="daf26b87-767e-4a45-9354-9f39fd515157" />
      <TestMethod codeBase="c:\Repos\Nucleus\Net.Libs\Framework\Eliassen.System.Tests\bin\Release\net8.0\Eliassen.System.Tests.dll" adapterTypeName="executor://mstestadapter/v2" className="Eliassen.System.Tests.Linq.QueryableExtensionsTests" name="ExecuteByTest_Sort" />
    </UnitTest>
    <UnitTest name="ToEnumTest (4,WithEnumValue)" storage="c:\repos\nucleus\net.libs\framework\eliassen.system.tests\bin\release\net8.0\eliassen.system.tests.dll" id="1d97f529-259a-f217-942c-8e2e6578735c" xmlns="http://microsoft.com/schemas/VisualStudio/TeamTest/2010">
      <TestCategory>
        <TestCategoryItem TestCategory="Unit" />
      </TestCategory>
      <Execution id="e56eb737-d591-42fb-b370-5f6b22ac0614" />
      <TestMethod codeBase="c:\Repos\Nucleus\Net.Libs\Framework\Eliassen.System.Tests\bin\Release\net8.0\Eliassen.System.Tests.dll" adapterTypeName="executor://mstestadapter/v2" className="Eliassen.System.Tests.Reflection.EnumExtensionsTests" name="ToEnumTest" />
    </UnitTest>
    <UnitTest name="ToEnumTest (test display,WithDisplay)" storage="c:\repos\nucleus\net.libs\framework\eliassen.system.tests\bin\release\net8.0\eliassen.system.tests.dll" id="c3266cf0-adcb-0581-8c52-a350b87b4664" xmlns="http://microsoft.com/schemas/VisualStudio/TeamTest/2010">
      <TestCategory>
        <TestCategoryItem TestCategory="Unit" />
      </TestCategory>
      <Execution id="84674fc9-47e7-493f-a787-f68e97139cd0" />
      <TestMethod codeBase="c:\Repos\Nucleus\Net.Libs\Framework\Eliassen.System.Tests\bin\Release\net8.0\Eliassen.System.Tests.dll" adapterTypeName="executor://mstestadapter/v2" className="Eliassen.System.Tests.Reflection.EnumExtensionsTests" name="ToEnumTest" />
    </UnitTest>
    <UnitTest name="ToEnumTest (Val1,Val1)" storage="c:\repos\nucleus\net.libs\framework\eliassen.system.tests\bin\release\net8.0\eliassen.system.tests.dll" id="219547ac-d953-99f8-2edf-0911d57e52dd" xmlns="http://microsoft.com/schemas/VisualStudio/TeamTest/2010">
      <TestCategory>
        <TestCategoryItem TestCategory="Unit" />
      </TestCategory>
      <Execution id="5d3a8fc4-58b0-4108-87f5-7c37758d0a46" />
      <TestMethod codeBase="c:\Repos\Nucleus\Net.Libs\Framework\Eliassen.System.Tests\bin\Release\net8.0\Eliassen.System.Tests.dll" adapterTypeName="executor://mstestadapter/v2" className="Eliassen.System.Tests.Reflection.EnumExtensionsTests" name="ToEnumTest" />
    </UnitTest>
    <UnitTest name="ToEnumTest (Val2, Val1,Val1, Val2)" storage="c:\repos\nucleus\net.libs\framework\eliassen.system.tests\bin\release\net8.0\eliassen.system.tests.dll" id="6acc9c74-0373-caf8-35ed-9e340028f0c1" xmlns="http://microsoft.com/schemas/VisualStudio/TeamTest/2010">
      <TestCategory>
        <TestCategoryItem TestCategory="Unit" />
      </TestCategory>
      <Execution id="1030d549-3294-4baf-b9a0-2bc03d6f420a" />
      <TestMethod codeBase="c:\Repos\Nucleus\Net.Libs\Framework\Eliassen.System.Tests\bin\Release\net8.0\Eliassen.System.Tests.dll" adapterTypeName="executor://mstestadapter/v2" className="Eliassen.System.Tests.Reflection.EnumExtensionsTests" name="ToEnumTest" />
    </UnitTest>
    <UnitTest name="ToEnumTest (name2,WithMemberName)" storage="c:\repos\nucleus\net.libs\framework\eliassen.system.tests\bin\release\net8.0\eliassen.system.tests.dll" id="f6e30306-bb3b-d2e5-9a55-741402e2594f" xmlns="http://microsoft.com/schemas/VisualStudio/TeamTest/2010">
      <TestCategory>
        <TestCategoryItem TestCategory="Unit" />
      </TestCategory>
      <Execution id="10922ca9-7202-4f16-aba2-d47b8645791c" />
      <TestMethod codeBase="c:\Repos\Nucleus\Net.Libs\Framework\Eliassen.System.Tests\bin\Release\net8.0\Eliassen.System.Tests.dll" adapterTypeName="executor://mstestadapter/v2" className="Eliassen.System.Tests.Reflection.EnumExtensionsTests" name="ToEnumTest" />
    </UnitTest>
    <UnitTest name="ToEnumTest (2,Val2)" storage="c:\repos\nucleus\net.libs\framework\eliassen.system.tests\bin\release\net8.0\eliassen.system.tests.dll" id="6945fc8e-bced-3763-56d7-dd9774cf09e7" xmlns="http://microsoft.com/schemas/VisualStudio/TeamTest/2010">
      <TestCategory>
        <TestCategoryItem TestCategory="Unit" />
      </TestCategory>
      <Execution id="b46c7a51-cbc5-414b-a1cf-46b7b81c144a" />
      <TestMethod codeBase="c:\Repos\Nucleus\Net.Libs\Framework\Eliassen.System.Tests\bin\Release\net8.0\Eliassen.System.Tests.dll" adapterTypeName="executor://mstestadapter/v2" className="Eliassen.System.Tests.Reflection.EnumExtensionsTests" name="ToEnumTest" />
    </UnitTest>
    <UnitTest name="ToEnumTest (test short,WithDisplay)" storage="c:\repos\nucleus\net.libs\framework\eliassen.system.tests\bin\release\net8.0\eliassen.system.tests.dll" id="e97eaf8e-0ecf-65f5-04ab-76ca8870b372" xmlns="http://microsoft.com/schemas/VisualStudio/TeamTest/2010">
      <TestCategory>
        <TestCategoryItem TestCategory="Unit" />
      </TestCategory>
      <Execution id="7bafe149-4ba8-4713-88c2-565ccbdf4b56" />
      <TestMethod codeBase="c:\Repos\Nucleus\Net.Libs\Framework\Eliassen.System.Tests\bin\Release\net8.0\Eliassen.System.Tests.dll" adapterTypeName="executor://mstestadapter/v2" className="Eliassen.System.Tests.Reflection.EnumExtensionsTests" name="ToEnumTest" />
    </UnitTest>
    <UnitTest name="ExecuteByTest_Sort (Name,Ascending,0,1,10,100,101,102,103,104,105,106)" storage="c:\repos\nucleus\net.libs\framework\eliassen.system.tests\bin\release\net8.0\eliassen.system.tests.dll" id="f6892432-d506-05dd-c1d8-5f655afbf0ef" xmlns="http://microsoft.com/schemas/VisualStudio/TeamTest/2010">
      <TestCategory>
        <TestCategoryItem TestCategory="Unit" />
      </TestCategory>
      <Execution id="04ddff7e-4e04-435f-9c74-7d3eadea9387" />
      <TestMethod codeBase="c:\Repos\Nucleus\Net.Libs\Framework\Eliassen.System.Tests\bin\Release\net8.0\Eliassen.System.Tests.dll" adapterTypeName="executor://mstestadapter/v2" className="Eliassen.System.Tests.Linq.QueryableExtensionsTests" name="ExecuteByTest_Sort" />
    </UnitTest>
    <UnitTest name="ToEnumTest (name,name2|test name,WithEnumValue, WithMemberName, WithDisplay)" storage="c:\repos\nucleus\net.libs\framework\eliassen.system.tests\bin\release\net8.0\eliassen.system.tests.dll" id="6a696e3c-fdaf-a272-447e-e0c2a6c77673" xmlns="http://microsoft.com/schemas/VisualStudio/TeamTest/2010">
      <TestCategory>
        <TestCategoryItem TestCategory="Unit" />
      </TestCategory>
      <Execution id="af9a82c4-38ac-41dc-a778-ad919eb088aa" />
      <TestMethod codeBase="c:\Repos\Nucleus\Net.Libs\Framework\Eliassen.System.Tests\bin\Release\net8.0\Eliassen.System.Tests.dll" adapterTypeName="executor://mstestadapter/v2" className="Eliassen.System.Tests.Reflection.EnumExtensionsTests" name="ToEnumTest" />
    </UnitTest>
    <UnitTest name="ToEnumTest (0,Val0)" storage="c:\repos\nucleus\net.libs\framework\eliassen.system.tests\bin\release\net8.0\eliassen.system.tests.dll" id="55a3c803-06e9-6a98-6826-97a1597a8680" xmlns="http://microsoft.com/schemas/VisualStudio/TeamTest/2010">
      <TestCategory>
        <TestCategoryItem TestCategory="Unit" />
      </TestCategory>
      <Execution id="d1099f81-9056-433a-8b61-c8cb9691fef6" />
      <TestMethod codeBase="c:\Repos\Nucleus\Net.Libs\Framework\Eliassen.System.Tests\bin\Release\net8.0\Eliassen.System.Tests.dll" adapterTypeName="executor://mstestadapter/v2" className="Eliassen.System.Tests.Reflection.EnumExtensionsTests" name="ToEnumTest" />
    </UnitTest>
    <UnitTest name="ToEnumTest (1,Val1)" storage="c:\repos\nucleus\net.libs\framework\eliassen.system.tests\bin\release\net8.0\eliassen.system.tests.dll" id="6f5bf48c-e4c0-b967-62c8-a640629e7719" xmlns="http://microsoft.com/schemas/VisualStudio/TeamTest/2010">
      <TestCategory>
        <TestCategoryItem TestCategory="Unit" />
      </TestCategory>
      <Execution id="80aad71d-1f29-4d81-8bfb-b9b02f9e13c0" />
      <TestMethod codeBase="c:\Repos\Nucleus\Net.Libs\Framework\Eliassen.System.Tests\bin\Release\net8.0\Eliassen.System.Tests.dll" adapterTypeName="executor://mstestadapter/v2" className="Eliassen.System.Tests.Reflection.EnumExtensionsTests" name="ToEnumTest" />
    </UnitTest>
    <UnitTest name="ToEnumTest (Val2 , Val1,Val1, Val2)" storage="c:\repos\nucleus\net.libs\framework\eliassen.system.tests\bin\release\net8.0\eliassen.system.tests.dll" id="a465e3e2-5f33-9280-96a5-dad2cdb56d48" xmlns="http://microsoft.com/schemas/VisualStudio/TeamTest/2010">
      <TestCategory>
        <TestCategoryItem TestCategory="Unit" />
      </TestCategory>
      <Execution id="42810d77-4cb2-4d0a-84fc-3627a49242eb" />
      <TestMethod codeBase="c:\Repos\Nucleus\Net.Libs\Framework\Eliassen.System.Tests\bin\Release\net8.0\Eliassen.System.Tests.dll" adapterTypeName="executor://mstestadapter/v2" className="Eliassen.System.Tests.Reflection.EnumExtensionsTests" name="ToEnumTest" />
    </UnitTest>
    <UnitTest name="ToEnumTest (-1,-1)" storage="c:\repos\nucleus\net.libs\framework\eliassen.system.tests\bin\release\net8.0\eliassen.system.tests.dll" id="d9a582db-720f-849c-5c6c-3e72305e7969" xmlns="http://microsoft.com/schemas/VisualStudio/TeamTest/2010">
      <TestCategory>
        <TestCategoryItem TestCategory="Unit" />
      </TestCategory>
      <Execution id="6968c3fc-62c3-4d6e-89ee-42f0d19c6349" />
      <TestMethod codeBase="c:\Repos\Nucleus\Net.Libs\Framework\Eliassen.System.Tests\bin\Release\net8.0\Eliassen.System.Tests.dll" adapterTypeName="executor://mstestadapter/v2" className="Eliassen.System.Tests.Reflection.EnumExtensionsTests" name="ToEnumTest" />
    </UnitTest>
    <UnitTest name="ExecuteByTest_Sort (Name,Descending,999,998,997,996,995,994,993,992,991,990)" storage="c:\repos\nucleus\net.libs\framework\eliassen.system.tests\bin\release\net8.0\eliassen.system.tests.dll" id="2be0bb23-bdd4-39e3-5c52-58d829d1a4f6" xmlns="http://microsoft.com/schemas/VisualStudio/TeamTest/2010">
      <TestCategory>
        <TestCategoryItem TestCategory="Unit" />
      </TestCategory>
      <Execution id="3eafb1a8-c001-4932-9731-024d2568eca7" />
      <TestMethod codeBase="c:\Repos\Nucleus\Net.Libs\Framework\Eliassen.System.Tests\bin\Release\net8.0\Eliassen.System.Tests.dll" adapterTypeName="executor://mstestadapter/v2" className="Eliassen.System.Tests.Linq.QueryableExtensionsTests" name="ExecuteByTest_Sort" />
    </UnitTest>
    <UnitTest name="ToEnumTest (3,Val1, Val2)" storage="c:\repos\nucleus\net.libs\framework\eliassen.system.tests\bin\release\net8.0\eliassen.system.tests.dll" id="da8e2bdd-b046-b065-da35-f4d8fa39c126" xmlns="http://microsoft.com/schemas/VisualStudio/TeamTest/2010">
      <TestCategory>
        <TestCategoryItem TestCategory="Unit" />
      </TestCategory>
      <Execution id="d17b5f28-f3a8-4b72-a707-06d6510ac725" />
      <TestMethod codeBase="c:\Repos\Nucleus\Net.Libs\Framework\Eliassen.System.Tests\bin\Release\net8.0\Eliassen.System.Tests.dll" adapterTypeName="executor://mstestadapter/v2" className="Eliassen.System.Tests.Reflection.EnumExtensionsTests" name="ToEnumTest" />
    </UnitTest>
    <UnitTest name="ToEnumTest (Val2 ,Val1,Val1, Val2)" storage="c:\repos\nucleus\net.libs\framework\eliassen.system.tests\bin\release\net8.0\eliassen.system.tests.dll" id="18ab39eb-c269-8e5e-27c8-0e0099e940b7" xmlns="http://microsoft.com/schemas/VisualStudio/TeamTest/2010">
      <TestCategory>
        <TestCategoryItem TestCategory="Unit" />
      </TestCategory>
      <Execution id="51c36e12-1178-4f39-a91c-d3b10e505799" />
      <TestMethod codeBase="c:\Repos\Nucleus\Net.Libs\Framework\Eliassen.System.Tests\bin\Release\net8.0\Eliassen.System.Tests.dll" adapterTypeName="executor://mstestadapter/v2" className="Eliassen.System.Tests.Reflection.EnumExtensionsTests" name="ToEnumTest" />
    </UnitTest>
    <UnitTest name="ToEnumTest (name,WithEnumValue)" storage="c:\repos\nucleus\net.libs\framework\eliassen.system.tests\bin\release\net8.0\eliassen.system.tests.dll" id="fc5fae9f-91d6-fa24-579e-a13cc255eec6" xmlns="http://microsoft.com/schemas/VisualStudio/TeamTest/2010">
      <TestCategory>
        <TestCategoryItem TestCategory="Unit" />
      </TestCategory>
      <Execution id="18c6fc2f-e879-4567-8952-00334e0a1a5b" />
      <TestMethod codeBase="c:\Repos\Nucleus\Net.Libs\Framework\Eliassen.System.Tests\bin\Release\net8.0\Eliassen.System.Tests.dll" adapterTypeName="executor://mstestadapter/v2" className="Eliassen.System.Tests.Reflection.EnumExtensionsTests" name="ToEnumTest" />
    </UnitTest>
    <UnitTest name="ToEnumTest (test description,WithDescription)" storage="c:\repos\nucleus\net.libs\framework\eliassen.system.tests\bin\release\net8.0\eliassen.system.tests.dll" id="921f768d-c026-5c72-695c-6195f075a1c1" xmlns="http://microsoft.com/schemas/VisualStudio/TeamTest/2010">
      <TestCategory>
        <TestCategoryItem TestCategory="Unit" />
      </TestCategory>
      <Execution id="a0e44ede-500c-4f9e-963d-32744d33b60e" />
      <TestMethod codeBase="c:\Repos\Nucleus\Net.Libs\Framework\Eliassen.System.Tests\bin\Release\net8.0\Eliassen.System.Tests.dll" adapterTypeName="executor://mstestadapter/v2" className="Eliassen.System.Tests.Reflection.EnumExtensionsTests" name="ToEnumTest" />
    </UnitTest>
    <UnitTest name="ToEnumTest (name,WithEnumValue)" storage="c:\repos\nucleus\net.libs\framework\eliassen.system.tests\bin\release\net8.0\eliassen.system.tests.dll" id="abffb153-2bc5-2e5d-37d3-34241627ba4f" xmlns="http://microsoft.com/schemas/VisualStudio/TeamTest/2010">
      <TestCategory>
        <TestCategoryItem TestCategory="Unit" />
      </TestCategory>
      <Execution id="385f1677-3ea5-4a05-8f46-c52bd4edea4c" />
      <TestMethod codeBase="c:\Repos\Nucleus\Net.Libs\Framework\Eliassen.System.Tests\bin\Release\net8.0\Eliassen.System.Tests.dll" adapterTypeName="executor://mstestadapter/v2" className="Eliassen.System.Tests.Reflection.EnumExtensionsTests" name="ToEnumTest" />
    </UnitTest>
    <UnitTest name="ToEnumTest (Val2|Val1,Val1, Val2)" storage="c:\repos\nucleus\net.libs\framework\eliassen.system.tests\bin\release\net8.0\eliassen.system.tests.dll" id="32feb49a-a169-6254-5ae6-6f93b144c382" xmlns="http://microsoft.com/schemas/VisualStudio/TeamTest/2010">
      <TestCategory>
        <TestCategoryItem TestCategory="Unit" />
      </TestCategory>
      <Execution id="3d870979-e79c-40ae-93aa-2d9845f63af5" />
      <TestMethod codeBase="c:\Repos\Nucleus\Net.Libs\Framework\Eliassen.System.Tests\bin\Release\net8.0\Eliassen.System.Tests.dll" adapterTypeName="executor://mstestadapter/v2" className="Eliassen.System.Tests.Reflection.EnumExtensionsTests" name="ToEnumTest" />
    </UnitTest>
    <UnitTest name="ToEnumTest (Val2 , Val1,Val1, Val2)" storage="c:\repos\nucleus\net.libs\framework\eliassen.system.tests\bin\release\net8.0\eliassen.system.tests.dll" id="b7ad954c-d7f8-9b7f-da20-994bdddaa358" xmlns="http://microsoft.com/schemas/VisualStudio/TeamTest/2010">
      <TestCategory>
        <TestCategoryItem TestCategory="Unit" />
      </TestCategory>
      <Execution id="3ce272cf-cde6-4137-951e-a6d5a1960745" />
      <TestMethod codeBase="c:\Repos\Nucleus\Net.Libs\Framework\Eliassen.System.Tests\bin\Release\net8.0\Eliassen.System.Tests.dll" adapterTypeName="executor://mstestadapter/v2" className="Eliassen.System.Tests.Reflection.EnumExtensionsTests" name="ToEnumTest" />
    </UnitTest>
    <UnitTest name="ToEnumTest (name2,WithMemberName)" storage="c:\repos\nucleus\net.libs\framework\eliassen.system.tests\bin\release\net8.0\eliassen.system.tests.dll" id="a7424620-7d66-2bab-87dd-6bf41b62173f" xmlns="http://microsoft.com/schemas/VisualStudio/TeamTest/2010">
      <TestCategory>
        <TestCategoryItem TestCategory="Unit" />
      </TestCategory>
      <Execution id="e4a52e1c-7bcb-4820-8f24-e57fa7b55ee9" />
      <TestMethod codeBase="c:\Repos\Nucleus\Net.Libs\Framework\Eliassen.System.Tests\bin\Release\net8.0\Eliassen.System.Tests.dll" adapterTypeName="executor://mstestadapter/v2" className="Eliassen.System.Tests.Reflection.EnumExtensionsTests" name="ToEnumTest" />
    </UnitTest>
    <UnitTest name="ToEnumTest (3,Val1, Val2)" storage="c:\repos\nucleus\net.libs\framework\eliassen.system.tests\bin\release\net8.0\eliassen.system.tests.dll" id="cb67196b-6ac5-2ad3-c511-f22d8dd105d9" xmlns="http://microsoft.com/schemas/VisualStudio/TeamTest/2010">
      <TestCategory>
        <TestCategoryItem TestCategory="Unit" />
      </TestCategory>
      <Execution id="b1141e79-50de-4334-ba74-3ab5e46691e9" />
      <TestMethod codeBase="c:\Repos\Nucleus\Net.Libs\Framework\Eliassen.System.Tests\bin\Release\net8.0\Eliassen.System.Tests.dll" adapterTypeName="executor://mstestadapter/v2" className="Eliassen.System.Tests.Reflection.EnumExtensionsTests" name="ToEnumTest" />
    </UnitTest>
    <UnitTest name="ToEnumTest (test display,WithDisplay)" storage="c:\repos\nucleus\net.libs\framework\eliassen.system.tests\bin\release\net8.0\eliassen.system.tests.dll" id="9995fe48-045c-fb86-728c-6afde736c742" xmlns="http://microsoft.com/schemas/VisualStudio/TeamTest/2010">
      <TestCategory>
        <TestCategoryItem TestCategory="Unit" />
      </TestCategory>
      <Execution id="3b350acf-5020-4137-8449-f79219986837" />
      <TestMethod codeBase="c:\Repos\Nucleus\Net.Libs\Framework\Eliassen.System.Tests\bin\Release\net8.0\Eliassen.System.Tests.dll" adapterTypeName="executor://mstestadapter/v2" className="Eliassen.System.Tests.Reflection.EnumExtensionsTests" name="ToEnumTest" />
    </UnitTest>
    <UnitTest name="ToEnumTest (test name,WithDisplay)" storage="c:\repos\nucleus\net.libs\framework\eliassen.system.tests\bin\release\net8.0\eliassen.system.tests.dll" id="a8ca89f0-79ce-83ca-018f-472a49db6f46" xmlns="http://microsoft.com/schemas/VisualStudio/TeamTest/2010">
      <TestCategory>
        <TestCategoryItem TestCategory="Unit" />
      </TestCategory>
      <Execution id="b01a20d6-240a-4206-b3ff-4c960ba603dd" />
      <TestMethod codeBase="c:\Repos\Nucleus\Net.Libs\Framework\Eliassen.System.Tests\bin\Release\net8.0\Eliassen.System.Tests.dll" adapterTypeName="executor://mstestadapter/v2" className="Eliassen.System.Tests.Reflection.EnumExtensionsTests" name="ToEnumTest" />
    </UnitTest>
    <UnitTest name="ExecuteByTest_Sort (Name,Descending,999,998,997,996,995,994,993,992,991,990)" storage="c:\repos\nucleus\net.libs\framework\eliassen.system.tests\bin\release\net8.0\eliassen.system.tests.dll" id="e05e78b9-1fc5-d5e7-7e42-f53788d2e4a8" xmlns="http://microsoft.com/schemas/VisualStudio/TeamTest/2010">
      <TestCategory>
        <TestCategoryItem TestCategory="Unit" />
      </TestCategory>
      <Execution id="8c427b4c-7c5a-4d19-af57-3b22b1296e16" />
      <TestMethod codeBase="c:\Repos\Nucleus\Net.Libs\Framework\Eliassen.System.Tests\bin\Release\net8.0\Eliassen.System.Tests.dll" adapterTypeName="executor://mstestadapter/v2" className="Eliassen.System.Tests.Linq.QueryableExtensionsTests" name="ExecuteByTest_Sort" />
    </UnitTest>
    <UnitTest name="ToEnumTest (2,Val2)" storage="c:\repos\nucleus\net.libs\framework\eliassen.system.tests\bin\release\net8.0\eliassen.system.tests.dll" id="3e3a289b-1c74-15e1-39bf-f6ee0cea86e7" xmlns="http://microsoft.com/schemas/VisualStudio/TeamTest/2010">
      <TestCategory>
        <TestCategoryItem TestCategory="Unit" />
      </TestCategory>
      <Execution id="f7a40961-0855-4a05-ae44-9d6abc60fc88" />
      <TestMethod codeBase="c:\Repos\Nucleus\Net.Libs\Framework\Eliassen.System.Tests\bin\Release\net8.0\Eliassen.System.Tests.dll" adapterTypeName="executor://mstestadapter/v2" className="Eliassen.System.Tests.Reflection.EnumExtensionsTests" name="ToEnumTest" />
    </UnitTest>
    <UnitTest name="ExecuteByTest_Sort (Name,Ascending,0,1,10,100,101,102,103,104,105,106)" storage="c:\repos\nucleus\net.libs\framework\eliassen.system.tests\bin\release\net8.0\eliassen.system.tests.dll" id="a1968147-0351-75a4-0e13-531c67b43bf8" xmlns="http://microsoft.com/schemas/VisualStudio/TeamTest/2010">
      <TestCategory>
        <TestCategoryItem TestCategory="Unit" />
      </TestCategory>
      <Execution id="afd8566c-a256-4bcc-9a52-b512f95abff0" />
      <TestMethod codeBase="c:\Repos\Nucleus\Net.Libs\Framework\Eliassen.System.Tests\bin\Release\net8.0\Eliassen.System.Tests.dll" adapterTypeName="executor://mstestadapter/v2" className="Eliassen.System.Tests.Linq.QueryableExtensionsTests" name="ExecuteByTest_Sort" />
    </UnitTest>
    <UnitTest name="ExecuteByTest_Sort (NAME,Descending,999,998,997,996,995,994,993,992,991,990)" storage="c:\repos\nucleus\net.libs\framework\eliassen.system.tests\bin\release\net8.0\eliassen.system.tests.dll" id="747a08c9-a3e7-c6d3-d3e5-4ea9ef67df60" xmlns="http://microsoft.com/schemas/VisualStudio/TeamTest/2010">
      <TestCategory>
        <TestCategoryItem TestCategory="Unit" />
      </TestCategory>
      <Execution id="eb60c41b-e188-4059-9485-c47780f6846a" />
      <TestMethod codeBase="c:\Repos\Nucleus\Net.Libs\Framework\Eliassen.System.Tests\bin\Release\net8.0\Eliassen.System.Tests.dll" adapterTypeName="executor://mstestadapter/v2" className="Eliassen.System.Tests.Linq.QueryableExtensionsTests" name="ExecuteByTest_Sort" />
    </UnitTest>
    <UnitTest name="ToEnumTest (name,name2|test name,WithEnumValue, WithMemberName, WithDisplay)" storage="c:\repos\nucleus\net.libs\framework\eliassen.system.tests\bin\release\net8.0\eliassen.system.tests.dll" id="1d8ac424-d8c8-cc40-95df-91f5d4ddca6b" xmlns="http://microsoft.com/schemas/VisualStudio/TeamTest/2010">
      <TestCategory>
        <TestCategoryItem TestCategory="Unit" />
      </TestCategory>
      <Execution id="65590435-436a-40f2-966f-2661c59b274f" />
      <TestMethod codeBase="c:\Repos\Nucleus\Net.Libs\Framework\Eliassen.System.Tests\bin\Release\net8.0\Eliassen.System.Tests.dll" adapterTypeName="executor://mstestadapter/v2" className="Eliassen.System.Tests.Reflection.EnumExtensionsTests" name="ToEnumTest" />
    </UnitTest>
    <UnitTest name="ToEnumTest (Val2 ,Val1,Val1, Val2)" storage="c:\repos\nucleus\net.libs\framework\eliassen.system.tests\bin\release\net8.0\eliassen.system.tests.dll" id="09a12892-a09d-2217-56ca-535c29014ee4" xmlns="http://microsoft.com/schemas/VisualStudio/TeamTest/2010">
      <TestCategory>
        <TestCategoryItem TestCategory="Unit" />
      </TestCategory>
      <Execution id="c97a17fe-f1c6-442c-93fc-1a4f021527fe" />
      <TestMethod codeBase="c:\Repos\Nucleus\Net.Libs\Framework\Eliassen.System.Tests\bin\Release\net8.0\Eliassen.System.Tests.dll" adapterTypeName="executor://mstestadapter/v2" className="Eliassen.System.Tests.Reflection.EnumExtensionsTests" name="ToEnumTest" />
    </UnitTest>
    <UnitTest name="ToEnumTest (-1,-1)" storage="c:\repos\nucleus\net.libs\framework\eliassen.system.tests\bin\release\net8.0\eliassen.system.tests.dll" id="23e6d9bc-f3c3-f29d-3344-d86cf83d0f1d" xmlns="http://microsoft.com/schemas/VisualStudio/TeamTest/2010">
      <TestCategory>
        <TestCategoryItem TestCategory="Unit" />
      </TestCategory>
      <Execution id="3bbdd0c4-cd00-4dee-8025-f06d69e3aeb9" />
      <TestMethod codeBase="c:\Repos\Nucleus\Net.Libs\Framework\Eliassen.System.Tests\bin\Release\net8.0\Eliassen.System.Tests.dll" adapterTypeName="executor://mstestadapter/v2" className="Eliassen.System.Tests.Reflection.EnumExtensionsTests" name="ToEnumTest" />
    </UnitTest>
    <UnitTest name="ToEnumTest (Val2,Val2)" storage="c:\repos\nucleus\net.libs\framework\eliassen.system.tests\bin\release\net8.0\eliassen.system.tests.dll" id="92340e72-277a-04a0-4ab5-bc7177798536" xmlns="http://microsoft.com/schemas/VisualStudio/TeamTest/2010">
      <TestCategory>
        <TestCategoryItem TestCategory="Unit" />
      </TestCategory>
      <Execution id="1d79fc07-10ab-4052-a444-863a227c68b5" />
      <TestMethod codeBase="c:\Repos\Nucleus\Net.Libs\Framework\Eliassen.System.Tests\bin\Release\net8.0\Eliassen.System.Tests.dll" adapterTypeName="executor://mstestadapter/v2" className="Eliassen.System.Tests.Reflection.EnumExtensionsTests" name="ToEnumTest" />
    </UnitTest>
    <UnitTest name="ToEnumTest (0,Val0)" storage="c:\repos\nucleus\net.libs\framework\eliassen.system.tests\bin\release\net8.0\eliassen.system.tests.dll" id="40b5ef99-b7df-93ac-7917-4647f5a51753" xmlns="http://microsoft.com/schemas/VisualStudio/TeamTest/2010">
      <TestCategory>
        <TestCategoryItem TestCategory="Unit" />
      </TestCategory>
      <Execution id="16c2a3e3-09ef-4531-82c3-96158eaeed51" />
      <TestMethod codeBase="c:\Repos\Nucleus\Net.Libs\Framework\Eliassen.System.Tests\bin\Release\net8.0\Eliassen.System.Tests.dll" adapterTypeName="executor://mstestadapter/v2" className="Eliassen.System.Tests.Reflection.EnumExtensionsTests" name="ToEnumTest" />
    </UnitTest>
    <UnitTest name="ToEnumTest (4,WithEnumValue)" storage="c:\repos\nucleus\net.libs\framework\eliassen.system.tests\bin\release\net8.0\eliassen.system.tests.dll" id="01759c6c-9c6f-76ea-83d1-8f4c8b379bd1" xmlns="http://microsoft.com/schemas/VisualStudio/TeamTest/2010">
      <TestCategory>
        <TestCategoryItem TestCategory="Unit" />
      </TestCategory>
      <Execution id="9815c874-51eb-477e-93de-1719ce6a983b" />
      <TestMethod codeBase="c:\Repos\Nucleus\Net.Libs\Framework\Eliassen.System.Tests\bin\Release\net8.0\Eliassen.System.Tests.dll" adapterTypeName="executor://mstestadapter/v2" className="Eliassen.System.Tests.Reflection.EnumExtensionsTests" name="ToEnumTest" />
    </UnitTest>
    <UnitTest name="ToEnumTest (Val1,Val1)" storage="c:\repos\nucleus\net.libs\framework\eliassen.system.tests\bin\release\net8.0\eliassen.system.tests.dll" id="b13fa943-22bd-9e1f-c5db-ef62652cfa07" xmlns="http://microsoft.com/schemas/VisualStudio/TeamTest/2010">
      <TestCategory>
        <TestCategoryItem TestCategory="Unit" />
      </TestCategory>
      <Execution id="bb0c1b76-1c71-4c4d-a428-ca092e49680d" />
      <TestMethod codeBase="c:\Repos\Nucleus\Net.Libs\Framework\Eliassen.System.Tests\bin\Release\net8.0\Eliassen.System.Tests.dll" adapterTypeName="executor://mstestadapter/v2" className="Eliassen.System.Tests.Reflection.EnumExtensionsTests" name="ToEnumTest" />
    </UnitTest>
    <UnitTest name="ToEnumTest (test short,WithDisplay)" storage="c:\repos\nucleus\net.libs\framework\eliassen.system.tests\bin\release\net8.0\eliassen.system.tests.dll" id="58462863-ff6d-f063-2a0a-2d8d701b12ea" xmlns="http://microsoft.com/schemas/VisualStudio/TeamTest/2010">
      <TestCategory>
        <TestCategoryItem TestCategory="Unit" />
      </TestCategory>
      <Execution id="fe6eb761-c776-4af4-a11a-df8b282381a7" />
      <TestMethod codeBase="c:\Repos\Nucleus\Net.Libs\Framework\Eliassen.System.Tests\bin\Release\net8.0\Eliassen.System.Tests.dll" adapterTypeName="executor://mstestadapter/v2" className="Eliassen.System.Tests.Reflection.EnumExtensionsTests" name="ToEnumTest" />
    </UnitTest>
    <UnitTest name="ToEnumTest (Val2,Val1,Val1, Val2)" storage="c:\repos\nucleus\net.libs\framework\eliassen.system.tests\bin\release\net8.0\eliassen.system.tests.dll" id="cb4cfb9e-73c3-8e26-9b3a-14e0a5fbae7b" xmlns="http://microsoft.com/schemas/VisualStudio/TeamTest/2010">
      <TestCategory>
        <TestCategoryItem TestCategory="Unit" />
      </TestCategory>
      <Execution id="e38a042e-bcc8-4766-8bef-d0ded6a27e1f" />
      <TestMethod codeBase="c:\Repos\Nucleus\Net.Libs\Framework\Eliassen.System.Tests\bin\Release\net8.0\Eliassen.System.Tests.dll" adapterTypeName="executor://mstestadapter/v2" className="Eliassen.System.Tests.Reflection.EnumExtensionsTests" name="ToEnumTest" />
    </UnitTest>
    <UnitTest name="ToEnumTest (Val2, Val1,Val1, Val2)" storage="c:\repos\nucleus\net.libs\framework\eliassen.system.tests\bin\release\net8.0\eliassen.system.tests.dll" id="1d309172-e008-0657-5b5e-95e52af2c894" xmlns="http://microsoft.com/schemas/VisualStudio/TeamTest/2010">
      <TestCategory>
        <TestCategoryItem TestCategory="Unit" />
      </TestCategory>
      <Execution id="25c4e596-9670-4f88-916d-7a87e18314b4" />
      <TestMethod codeBase="c:\Repos\Nucleus\Net.Libs\Framework\Eliassen.System.Tests\bin\Release\net8.0\Eliassen.System.Tests.dll" adapterTypeName="executor://mstestadapter/v2" className="Eliassen.System.Tests.Reflection.EnumExtensionsTests" name="ToEnumTest" />
    </UnitTest>
    <UnitTest name="ToEnumTest (1,Val1)" storage="c:\repos\nucleus\net.libs\framework\eliassen.system.tests\bin\release\net8.0\eliassen.system.tests.dll" id="2be8e5bd-2821-3300-9bb9-16d0bbda7431" xmlns="http://microsoft.com/schemas/VisualStudio/TeamTest/2010">
      <TestCategory>
        <TestCategoryItem TestCategory="Unit" />
      </TestCategory>
      <Execution id="65a7403a-c0bf-4c2b-842d-ac76b0fd888c" />
      <TestMethod codeBase="c:\Repos\Nucleus\Net.Libs\Framework\Eliassen.System.Tests\bin\Release\net8.0\Eliassen.System.Tests.dll" adapterTypeName="executor://mstestadapter/v2" className="Eliassen.System.Tests.Reflection.EnumExtensionsTests" name="ToEnumTest" />
    </UnitTest>
    <UnitTest name="ExecuteByTest_Sort (name,Descending,999,998,997,996,995,994,993,992,991,990)" storage="c:\repos\nucleus\net.libs\framework\eliassen.system.tests\bin\release\net8.0\eliassen.system.tests.dll" id="ec5b60ed-7fe8-4ace-f494-55fd9fc20bb2" xmlns="http://microsoft.com/schemas/VisualStudio/TeamTest/2010">
      <TestCategory>
        <TestCategoryItem TestCategory="Unit" />
      </TestCategory>
      <Execution id="13a1afd3-a78c-4e08-954a-cb01dba67abb" />
      <TestMethod codeBase="c:\Repos\Nucleus\Net.Libs\Framework\Eliassen.System.Tests\bin\Release\net8.0\Eliassen.System.Tests.dll" adapterTypeName="executor://mstestadapter/v2" className="Eliassen.System.Tests.Linq.QueryableExtensionsTests" name="ExecuteByTest_Sort" />
    </UnitTest>
    <UnitTest name="ToEnumTest (2,Val2)" storage="c:\repos\nucleus\nucleus.net.libs\framework\eliassen.system.tests\bin\release\net8.0\eliassen.system.tests.dll" id="101e9e04-cff8-8fa9-c661-9d47b6be78ef" xmlns="http://microsoft.com/schemas/VisualStudio/TeamTest/2010">
      <TestCategory>
        <TestCategoryItem TestCategory="Unit" />
      </TestCategory>
      <Execution id="c70c49bc-f96d-4093-bcf2-cb696c0ab49d" />
      <TestMethod codeBase="c:\Repos\Nucleus\Nucleus.Net.Libs\Framework\Eliassen.System.Tests\bin\Release\net8.0\Eliassen.System.Tests.dll" adapterTypeName="executor://mstestadapter/v2" className="Eliassen.System.Tests.Reflection.EnumExtensionsTests" name="ToEnumTest" />
    </UnitTest>
    <UnitTest name="ToEnumTest (test name,WithDisplay)" storage="c:\repos\nucleus\nucleus.net.libs\framework\eliassen.system.tests\bin\release\net8.0\eliassen.system.tests.dll" id="e084b9bb-3fb5-a391-9844-c9e65646417a" xmlns="http://microsoft.com/schemas/VisualStudio/TeamTest/2010">
      <TestCategory>
        <TestCategoryItem TestCategory="Unit" />
      </TestCategory>
      <Execution id="351485cb-8268-4d2f-9c02-11ed92cea827" />
      <TestMethod codeBase="c:\Repos\Nucleus\Nucleus.Net.Libs\Framework\Eliassen.System.Tests\bin\Release\net8.0\Eliassen.System.Tests.dll" adapterTypeName="executor://mstestadapter/v2" className="Eliassen.System.Tests.Reflection.EnumExtensionsTests" name="ToEnumTest" />
    </UnitTest>
    <UnitTest name="ToEnumTest (0,Val0)" storage="c:\repos\nucleus\nucleus.net.libs\framework\eliassen.system.tests\bin\release\net8.0\eliassen.system.tests.dll" id="d543c38b-7074-0e95-e523-50409de6c955" xmlns="http://microsoft.com/schemas/VisualStudio/TeamTest/2010">
      <TestCategory>
        <TestCategoryItem TestCategory="Unit" />
      </TestCategory>
      <Execution id="a48826de-d781-444b-ac92-1769fb02ef29" />
      <TestMethod codeBase="c:\Repos\Nucleus\Nucleus.Net.Libs\Framework\Eliassen.System.Tests\bin\Release\net8.0\Eliassen.System.Tests.dll" adapterTypeName="executor://mstestadapter/v2" className="Eliassen.System.Tests.Reflection.EnumExtensionsTests" name="ToEnumTest" />
    </UnitTest>
    <UnitTest name="ToEnumTest (Val2 ,Val1,Val1, Val2)" storage="c:\repos\nucleus\nucleus.net.libs\framework\eliassen.system.tests\bin\release\net8.0\eliassen.system.tests.dll" id="78601fce-42b7-1d43-f4d2-c9e13ea5ac39" xmlns="http://microsoft.com/schemas/VisualStudio/TeamTest/2010">
      <TestCategory>
        <TestCategoryItem TestCategory="Unit" />
      </TestCategory>
      <Execution id="e6c93435-ef8e-49ad-aaf2-2216d1eb9617" />
      <TestMethod codeBase="c:\Repos\Nucleus\Nucleus.Net.Libs\Framework\Eliassen.System.Tests\bin\Release\net8.0\Eliassen.System.Tests.dll" adapterTypeName="executor://mstestadapter/v2" className="Eliassen.System.Tests.Reflection.EnumExtensionsTests" name="ToEnumTest" />
    </UnitTest>
    <UnitTest name="ToEnumTest (test description,WithDescription)" storage="c:\repos\nucleus\nucleus.net.libs\framework\eliassen.system.tests\bin\release\net8.0\eliassen.system.tests.dll" id="447a7ec8-4d58-9251-c78c-779d4ba60530" xmlns="http://microsoft.com/schemas/VisualStudio/TeamTest/2010">
      <TestCategory>
        <TestCategoryItem TestCategory="Unit" />
      </TestCategory>
      <Execution id="3197f7d8-073e-43e1-b6a7-458209a1d84d" />
      <TestMethod codeBase="c:\Repos\Nucleus\Nucleus.Net.Libs\Framework\Eliassen.System.Tests\bin\Release\net8.0\Eliassen.System.Tests.dll" adapterTypeName="executor://mstestadapter/v2" className="Eliassen.System.Tests.Reflection.EnumExtensionsTests" name="ToEnumTest" />
    </UnitTest>
    <UnitTest name="ToEnumTest (1,Val1)" storage="c:\repos\nucleus\nucleus.net.libs\framework\eliassen.system.tests\bin\release\net8.0\eliassen.system.tests.dll" id="fe55777e-1d6a-5099-e51b-5211c764827b" xmlns="http://microsoft.com/schemas/VisualStudio/TeamTest/2010">
      <TestCategory>
        <TestCategoryItem TestCategory="Unit" />
      </TestCategory>
      <Execution id="8181ef2f-c47d-4a59-8cbd-3260c0b5cf37" />
      <TestMethod codeBase="c:\Repos\Nucleus\Nucleus.Net.Libs\Framework\Eliassen.System.Tests\bin\Release\net8.0\Eliassen.System.Tests.dll" adapterTypeName="executor://mstestadapter/v2" className="Eliassen.System.Tests.Reflection.EnumExtensionsTests" name="ToEnumTest" />
    </UnitTest>
    <UnitTest name="ToEnumTest (Val2|Val1,Val1, Val2)" storage="c:\repos\nucleus\nucleus.net.libs\framework\eliassen.system.tests\bin\release\net8.0\eliassen.system.tests.dll" id="c3657274-5684-84b0-53f6-50ffb36049ed" xmlns="http://microsoft.com/schemas/VisualStudio/TeamTest/2010">
      <TestCategory>
        <TestCategoryItem TestCategory="Unit" />
      </TestCategory>
      <Execution id="ecc2ff08-d281-41aa-aa1c-810d2503ad98" />
      <TestMethod codeBase="c:\Repos\Nucleus\Nucleus.Net.Libs\Framework\Eliassen.System.Tests\bin\Release\net8.0\Eliassen.System.Tests.dll" adapterTypeName="executor://mstestadapter/v2" className="Eliassen.System.Tests.Reflection.EnumExtensionsTests" name="ToEnumTest" />
    </UnitTest>
    <UnitTest name="ToEnumTest (Val1,Val1)" storage="c:\repos\nucleus\nucleus.net.libs\framework\eliassen.system.tests\bin\release\net8.0\eliassen.system.tests.dll" id="15f0f0c3-de9f-da14-426b-78765c04900a" xmlns="http://microsoft.com/schemas/VisualStudio/TeamTest/2010">
      <TestCategory>
        <TestCategoryItem TestCategory="Unit" />
      </TestCategory>
      <Execution id="dfce5ddb-c232-4281-b0c5-c1b7ce1ee552" />
      <TestMethod codeBase="c:\Repos\Nucleus\Nucleus.Net.Libs\Framework\Eliassen.System.Tests\bin\Release\net8.0\Eliassen.System.Tests.dll" adapterTypeName="executor://mstestadapter/v2" className="Eliassen.System.Tests.Reflection.EnumExtensionsTests" name="ToEnumTest" />
    </UnitTest>
    <UnitTest name="ToEnumTest (4,WithEnumValue)" storage="c:\repos\nucleus\nucleus.net.libs\framework\eliassen.system.tests\bin\release\net8.0\eliassen.system.tests.dll" id="7d752d6c-ea35-c2bf-5a54-d2a77f5d8d11" xmlns="http://microsoft.com/schemas/VisualStudio/TeamTest/2010">
      <TestCategory>
        <TestCategoryItem TestCategory="Unit" />
      </TestCategory>
      <Execution id="18756d29-7d08-40fd-b654-99160b51da58" />
      <TestMethod codeBase="c:\Repos\Nucleus\Nucleus.Net.Libs\Framework\Eliassen.System.Tests\bin\Release\net8.0\Eliassen.System.Tests.dll" adapterTypeName="executor://mstestadapter/v2" className="Eliassen.System.Tests.Reflection.EnumExtensionsTests" name="ToEnumTest" />
    </UnitTest>
    <UnitTest name="ToEnumTest (Val2,Val2)" storage="c:\repos\nucleus\nucleus.net.libs\framework\eliassen.system.tests\bin\release\net8.0\eliassen.system.tests.dll" id="4e84d721-e721-48df-0fef-58399d42c3e4" xmlns="http://microsoft.com/schemas/VisualStudio/TeamTest/2010">
      <TestCategory>
        <TestCategoryItem TestCategory="Unit" />
      </TestCategory>
      <Execution id="04128a44-80cf-48cb-b422-a5a08d87432a" />
      <TestMethod codeBase="c:\Repos\Nucleus\Nucleus.Net.Libs\Framework\Eliassen.System.Tests\bin\Release\net8.0\Eliassen.System.Tests.dll" adapterTypeName="executor://mstestadapter/v2" className="Eliassen.System.Tests.Reflection.EnumExtensionsTests" name="ToEnumTest" />
    </UnitTest>
    <UnitTest name="ExecuteByTest_Sort (name,Descending,999,998,997,996,995,994,993,992,991,990)" storage="c:\repos\nucleus\nucleus.net.libs\framework\eliassen.system.tests\bin\release\net8.0\eliassen.system.tests.dll" id="acbf883b-a248-9198-bfe3-0944bb2a2172" xmlns="http://microsoft.com/schemas/VisualStudio/TeamTest/2010">
      <TestCategory>
        <TestCategoryItem TestCategory="Unit" />
      </TestCategory>
      <Execution id="79852190-e388-45cd-be04-bc0497e16c2d" />
      <TestMethod codeBase="c:\Repos\Nucleus\Nucleus.Net.Libs\Framework\Eliassen.System.Tests\bin\Release\net8.0\Eliassen.System.Tests.dll" adapterTypeName="executor://mstestadapter/v2" className="Eliassen.System.Tests.Linq.QueryableExtensionsTests" name="ExecuteByTest_Sort" />
    </UnitTest>
    <UnitTest name="ToEnumTest (3,Val1, Val2)" storage="c:\repos\nucleus\nucleus.net.libs\framework\eliassen.system.tests\bin\release\net8.0\eliassen.system.tests.dll" id="1521fdf8-ee8e-3f24-da8a-3dd3b9aaa633" xmlns="http://microsoft.com/schemas/VisualStudio/TeamTest/2010">
      <TestCategory>
        <TestCategoryItem TestCategory="Unit" />
      </TestCategory>
      <Execution id="77bc299b-da34-46c5-aacd-1208db4daad0" />
      <TestMethod codeBase="c:\Repos\Nucleus\Nucleus.Net.Libs\Framework\Eliassen.System.Tests\bin\Release\net8.0\Eliassen.System.Tests.dll" adapterTypeName="executor://mstestadapter/v2" className="Eliassen.System.Tests.Reflection.EnumExtensionsTests" name="ToEnumTest" />
    </UnitTest>
    <UnitTest name="ToEnumTest (name,WithEnumValue)" storage="c:\repos\nucleus\nucleus.net.libs\framework\eliassen.system.tests\bin\release\net8.0\eliassen.system.tests.dll" id="00a18adb-717a-ef94-6424-5f5fb443e4cf" xmlns="http://microsoft.com/schemas/VisualStudio/TeamTest/2010">
      <TestCategory>
        <TestCategoryItem TestCategory="Unit" />
      </TestCategory>
      <Execution id="a2eeaec0-4c42-4a19-bf9f-9de81436c286" />
      <TestMethod codeBase="c:\Repos\Nucleus\Nucleus.Net.Libs\Framework\Eliassen.System.Tests\bin\Release\net8.0\Eliassen.System.Tests.dll" adapterTypeName="executor://mstestadapter/v2" className="Eliassen.System.Tests.Reflection.EnumExtensionsTests" name="ToEnumTest" />
    </UnitTest>
    <UnitTest name="ToEnumTest (name,name2|test name,WithEnumValue, WithMemberName, WithDisplay)" storage="c:\repos\nucleus\nucleus.net.libs\framework\eliassen.system.tests\bin\release\net8.0\eliassen.system.tests.dll" id="e25795eb-c389-3b43-4e5f-ee4489209b2a" xmlns="http://microsoft.com/schemas/VisualStudio/TeamTest/2010">
      <TestCategory>
        <TestCategoryItem TestCategory="Unit" />
      </TestCategory>
      <Execution id="e434b4f8-a853-444b-b0b9-54e6cbe4a78c" />
      <TestMethod codeBase="c:\Repos\Nucleus\Nucleus.Net.Libs\Framework\Eliassen.System.Tests\bin\Release\net8.0\Eliassen.System.Tests.dll" adapterTypeName="executor://mstestadapter/v2" className="Eliassen.System.Tests.Reflection.EnumExtensionsTests" name="ToEnumTest" />
    </UnitTest>
    <UnitTest name="ToEnumTest (-1,-1)" storage="c:\repos\nucleus\nucleus.net.libs\framework\eliassen.system.tests\bin\release\net8.0\eliassen.system.tests.dll" id="162a9975-fa90-6541-ed71-2ec4dcc7aa4e" xmlns="http://microsoft.com/schemas/VisualStudio/TeamTest/2010">
      <TestCategory>
        <TestCategoryItem TestCategory="Unit" />
      </TestCategory>
      <Execution id="e0254913-8141-40a8-95c8-9dd308a14d36" />
      <TestMethod codeBase="c:\Repos\Nucleus\Nucleus.Net.Libs\Framework\Eliassen.System.Tests\bin\Release\net8.0\Eliassen.System.Tests.dll" adapterTypeName="executor://mstestadapter/v2" className="Eliassen.System.Tests.Reflection.EnumExtensionsTests" name="ToEnumTest" />
    </UnitTest>
    <UnitTest name="ToEnumTest (Val2 , Val1,Val1, Val2)" storage="c:\repos\nucleus\nucleus.net.libs\framework\eliassen.system.tests\bin\release\net8.0\eliassen.system.tests.dll" id="d27fa711-0e9a-e814-3ef2-aa33f0dcce39" xmlns="http://microsoft.com/schemas/VisualStudio/TeamTest/2010">
      <TestCategory>
        <TestCategoryItem TestCategory="Unit" />
      </TestCategory>
      <Execution id="6a431397-008a-4db9-b5b4-8a1a7ccb9190" />
      <TestMethod codeBase="c:\Repos\Nucleus\Nucleus.Net.Libs\Framework\Eliassen.System.Tests\bin\Release\net8.0\Eliassen.System.Tests.dll" adapterTypeName="executor://mstestadapter/v2" className="Eliassen.System.Tests.Reflection.EnumExtensionsTests" name="ToEnumTest" />
    </UnitTest>
    <UnitTest name="ExecuteByTest_Sort (NAME,Descending,999,998,997,996,995,994,993,992,991,990)" storage="c:\repos\nucleus\nucleus.net.libs\framework\eliassen.system.tests\bin\release\net8.0\eliassen.system.tests.dll" id="8a35045d-3fa3-99c5-00ae-6cb0cc7f41bf" xmlns="http://microsoft.com/schemas/VisualStudio/TeamTest/2010">
      <TestCategory>
        <TestCategoryItem TestCategory="Unit" />
      </TestCategory>
      <Execution id="896b5866-8d4e-488f-b119-3fb294b5f1b6" />
      <TestMethod codeBase="c:\Repos\Nucleus\Nucleus.Net.Libs\Framework\Eliassen.System.Tests\bin\Release\net8.0\Eliassen.System.Tests.dll" adapterTypeName="executor://mstestadapter/v2" className="Eliassen.System.Tests.Linq.QueryableExtensionsTests" name="ExecuteByTest_Sort" />
    </UnitTest>
    <UnitTest name="ExecuteByTest_Sort (Name,Ascending,0,1,10,100,101,102,103,104,105,106)" storage="c:\repos\nucleus\nucleus.net.libs\framework\eliassen.system.tests\bin\release\net8.0\eliassen.system.tests.dll" id="05a8bf42-5434-8515-7c2c-2cfaa500d506" xmlns="http://microsoft.com/schemas/VisualStudio/TeamTest/2010">
      <TestCategory>
        <TestCategoryItem TestCategory="Unit" />
      </TestCategory>
      <Execution id="1f2e013d-1505-4ee6-984a-680392ab239e" />
      <TestMethod codeBase="c:\Repos\Nucleus\Nucleus.Net.Libs\Framework\Eliassen.System.Tests\bin\Release\net8.0\Eliassen.System.Tests.dll" adapterTypeName="executor://mstestadapter/v2" className="Eliassen.System.Tests.Linq.QueryableExtensionsTests" name="ExecuteByTest_Sort" />
    </UnitTest>
    <UnitTest name="ToEnumTest (Val2,Val1,Val1, Val2)" storage="c:\repos\nucleus\nucleus.net.libs\framework\eliassen.system.tests\bin\release\net8.0\eliassen.system.tests.dll" id="51b3917d-24ec-e1ae-8b96-e40add1a9fbb" xmlns="http://microsoft.com/schemas/VisualStudio/TeamTest/2010">
      <TestCategory>
        <TestCategoryItem TestCategory="Unit" />
      </TestCategory>
      <Execution id="e57533bb-ba57-4eb9-95fd-e6e0635d1d6c" />
      <TestMethod codeBase="c:\Repos\Nucleus\Nucleus.Net.Libs\Framework\Eliassen.System.Tests\bin\Release\net8.0\Eliassen.System.Tests.dll" adapterTypeName="executor://mstestadapter/v2" className="Eliassen.System.Tests.Reflection.EnumExtensionsTests" name="ToEnumTest" />
    </UnitTest>
    <UnitTest name="ToEnumTest (name2,WithMemberName)" storage="c:\repos\nucleus\nucleus.net.libs\framework\eliassen.system.tests\bin\release\net8.0\eliassen.system.tests.dll" id="74c0350c-cd7d-cb05-e9ec-3dbfcdb5e334" xmlns="http://microsoft.com/schemas/VisualStudio/TeamTest/2010">
      <TestCategory>
        <TestCategoryItem TestCategory="Unit" />
      </TestCategory>
      <Execution id="3f2bae64-395b-436c-8e1a-3b2e9cab7249" />
      <TestMethod codeBase="c:\Repos\Nucleus\Nucleus.Net.Libs\Framework\Eliassen.System.Tests\bin\Release\net8.0\Eliassen.System.Tests.dll" adapterTypeName="executor://mstestadapter/v2" className="Eliassen.System.Tests.Reflection.EnumExtensionsTests" name="ToEnumTest" />
    </UnitTest>
    <UnitTest name="ToEnumTest (Val2, Val1,Val1, Val2)" storage="c:\repos\nucleus\nucleus.net.libs\framework\eliassen.system.tests\bin\release\net8.0\eliassen.system.tests.dll" id="bfa565c7-fa2e-8baa-d496-303afe5abd4e" xmlns="http://microsoft.com/schemas/VisualStudio/TeamTest/2010">
      <TestCategory>
        <TestCategoryItem TestCategory="Unit" />
      </TestCategory>
      <Execution id="f8a92779-5ab8-4cb9-a168-2121fa852f2a" />
      <TestMethod codeBase="c:\Repos\Nucleus\Nucleus.Net.Libs\Framework\Eliassen.System.Tests\bin\Release\net8.0\Eliassen.System.Tests.dll" adapterTypeName="executor://mstestadapter/v2" className="Eliassen.System.Tests.Reflection.EnumExtensionsTests" name="ToEnumTest" />
    </UnitTest>
    <UnitTest name="ExecuteByTest_Sort (Name,Descending,999,998,997,996,995,994,993,992,991,990)" storage="c:\repos\nucleus\nucleus.net.libs\framework\eliassen.system.tests\bin\release\net8.0\eliassen.system.tests.dll" id="e3aee510-497a-29c4-a957-cf3658ce44bf" xmlns="http://microsoft.com/schemas/VisualStudio/TeamTest/2010">
      <TestCategory>
        <TestCategoryItem TestCategory="Unit" />
      </TestCategory>
      <Execution id="e29829e2-e09b-4b7f-8c5a-0b3c93a58858" />
      <TestMethod codeBase="c:\Repos\Nucleus\Nucleus.Net.Libs\Framework\Eliassen.System.Tests\bin\Release\net8.0\Eliassen.System.Tests.dll" adapterTypeName="executor://mstestadapter/v2" className="Eliassen.System.Tests.Linq.QueryableExtensionsTests" name="ExecuteByTest_Sort" />
    </UnitTest>
    <UnitTest name="ToEnumTest (test display,WithDisplay)" storage="c:\repos\nucleus\nucleus.net.libs\framework\eliassen.system.tests\bin\release\net8.0\eliassen.system.tests.dll" id="38847c53-ed57-2707-a54c-021211b43dbe" xmlns="http://microsoft.com/schemas/VisualStudio/TeamTest/2010">
      <TestCategory>
        <TestCategoryItem TestCategory="Unit" />
      </TestCategory>
      <Execution id="37a32046-ac8a-46b1-add6-81681f6821ec" />
      <TestMethod codeBase="c:\Repos\Nucleus\Nucleus.Net.Libs\Framework\Eliassen.System.Tests\bin\Release\net8.0\Eliassen.System.Tests.dll" adapterTypeName="executor://mstestadapter/v2" className="Eliassen.System.Tests.Reflection.EnumExtensionsTests" name="ToEnumTest" />
    </UnitTest>
    <UnitTest name="ToEnumTest (test short,WithDisplay)" storage="c:\repos\nucleus\nucleus.net.libs\framework\eliassen.system.tests\bin\release\net8.0\eliassen.system.tests.dll" id="6a819246-7db0-b20a-947c-c26438c9bd63" xmlns="http://microsoft.com/schemas/VisualStudio/TeamTest/2010">
      <TestCategory>
        <TestCategoryItem TestCategory="Unit" />
      </TestCategory>
      <Execution id="186e7de0-eec0-4ad4-b4a3-ce2107158feb" />
      <TestMethod codeBase="c:\Repos\Nucleus\Nucleus.Net.Libs\Framework\Eliassen.System.Tests\bin\Release\net8.0\Eliassen.System.Tests.dll" adapterTypeName="executor://mstestadapter/v2" className="Eliassen.System.Tests.Reflection.EnumExtensionsTests" name="ToEnumTest" />
    </UnitTest>
    <UnitTest name="ToEnumTest (3,Val1, Val2)" storage="c:\repos\nucleus\nucleus.net.libs\framework\eliassen.system.tests\bin\release\net8.0\eliassen.system.tests.dll" id="f0a8452b-a880-3678-5fa2-b0b5343292bb" xmlns="http://microsoft.com/schemas/VisualStudio/TeamTest/2010">
      <TestCategory>
        <TestCategoryItem TestCategory="Unit" />
      </TestCategory>
      <Execution id="ef073c36-8900-4a29-941a-93c273a1482e" />
      <TestMethod codeBase="c:\Repos\Nucleus\Nucleus.Net.Libs\Framework\Eliassen.System.Tests\bin\Release\net8.0\Eliassen.System.Tests.dll" adapterTypeName="executor://mstestadapter/v2" className="Eliassen.System.Tests.Reflection.EnumExtensionsTests" name="ToEnumTest" />
    </UnitTest>
    <UnitTest name="ToEnumTest (Val2|Val1,Val1, Val2)" storage="c:\repos\nucleus\nucleus.net.libs\framework\eliassen.system.tests\bin\release\net8.0\eliassen.system.tests.dll" id="85c1e566-d68d-d955-a41f-828e82e07cee" xmlns="http://microsoft.com/schemas/VisualStudio/TeamTest/2010">
      <TestCategory>
        <TestCategoryItem TestCategory="Unit" />
      </TestCategory>
      <Execution id="a6387c49-36ed-46fb-95dc-d2adefee172f" />
      <TestMethod codeBase="c:\Repos\Nucleus\Nucleus.Net.Libs\Framework\Eliassen.System.Tests\bin\Release\net8.0\Eliassen.System.Tests.dll" adapterTypeName="executor://mstestadapter/v2" className="Eliassen.System.Tests.Reflection.EnumExtensionsTests" name="ToEnumTest" />
    </UnitTest>
    <UnitTest name="ToEnumTest (4,WithEnumValue)" storage="c:\repos\nucleus\nucleus.net.libs\framework\eliassen.system.tests\bin\release\net8.0\eliassen.system.tests.dll" id="27d7c2e1-6a3b-6d4f-0096-57d930cb5166" xmlns="http://microsoft.com/schemas/VisualStudio/TeamTest/2010">
      <TestCategory>
        <TestCategoryItem TestCategory="Unit" />
      </TestCategory>
      <Execution id="d2af7365-7d24-480d-a400-0e05744713dd" />
      <TestMethod codeBase="c:\Repos\Nucleus\Nucleus.Net.Libs\Framework\Eliassen.System.Tests\bin\Release\net8.0\Eliassen.System.Tests.dll" adapterTypeName="executor://mstestadapter/v2" className="Eliassen.System.Tests.Reflection.EnumExtensionsTests" name="ToEnumTest" />
    </UnitTest>
    <UnitTest name="ToEnumTest (Val2 ,Val1,Val1, Val2)" storage="c:\repos\nucleus\nucleus.net.libs\framework\eliassen.system.tests\bin\release\net8.0\eliassen.system.tests.dll" id="d4c79ddc-bac1-9c46-ff17-af527979978d" xmlns="http://microsoft.com/schemas/VisualStudio/TeamTest/2010">
      <TestCategory>
        <TestCategoryItem TestCategory="Unit" />
      </TestCategory>
      <Execution id="4b47c1d1-47e6-4110-8726-330ee0e8b396" />
      <TestMethod codeBase="c:\Repos\Nucleus\Nucleus.Net.Libs\Framework\Eliassen.System.Tests\bin\Release\net8.0\Eliassen.System.Tests.dll" adapterTypeName="executor://mstestadapter/v2" className="Eliassen.System.Tests.Reflection.EnumExtensionsTests" name="ToEnumTest" />
    </UnitTest>
    <UnitTest name="ExecuteByTest_Sort (name,Descending,999,998,997,996,995,994,993,992,991,990)" storage="c:\repos\nucleus\nucleus.net.libs\framework\eliassen.system.tests\bin\release\net8.0\eliassen.system.tests.dll" id="02f35529-4ead-47e9-3f31-cb3572ed4bd3" xmlns="http://microsoft.com/schemas/VisualStudio/TeamTest/2010">
      <TestCategory>
        <TestCategoryItem TestCategory="Unit" />
      </TestCategory>
      <Execution id="5a99d377-0a53-48ab-a8d1-84f83429ba1b" />
      <TestMethod codeBase="c:\Repos\Nucleus\Nucleus.Net.Libs\Framework\Eliassen.System.Tests\bin\Release\net8.0\Eliassen.System.Tests.dll" adapterTypeName="executor://mstestadapter/v2" className="Eliassen.System.Tests.Linq.QueryableExtensionsTests" name="ExecuteByTest_Sort" />
    </UnitTest>
    <UnitTest name="ToEnumTest (test name,WithDisplay)" storage="c:\repos\nucleus\nucleus.net.libs\framework\eliassen.system.tests\bin\release\net8.0\eliassen.system.tests.dll" id="904d5d76-7886-9282-84ca-d6d2d719e578" xmlns="http://microsoft.com/schemas/VisualStudio/TeamTest/2010">
      <TestCategory>
        <TestCategoryItem TestCategory="Unit" />
      </TestCategory>
      <Execution id="6186f790-fb76-4a2b-8908-a2e7696d1f9a" />
      <TestMethod codeBase="c:\Repos\Nucleus\Nucleus.Net.Libs\Framework\Eliassen.System.Tests\bin\Release\net8.0\Eliassen.System.Tests.dll" adapterTypeName="executor://mstestadapter/v2" className="Eliassen.System.Tests.Reflection.EnumExtensionsTests" name="ToEnumTest" />
    </UnitTest>
    <UnitTest name="ToEnumTest (test short,WithDisplay)" storage="c:\repos\nucleus\nucleus.net.libs\framework\eliassen.system.tests\bin\release\net8.0\eliassen.system.tests.dll" id="dd99c6d8-5061-c33e-9fb5-f6db9b5c95f7" xmlns="http://microsoft.com/schemas/VisualStudio/TeamTest/2010">
      <TestCategory>
        <TestCategoryItem TestCategory="Unit" />
      </TestCategory>
      <Execution id="75bf6047-ea0e-41b5-830d-d9d9d4912604" />
      <TestMethod codeBase="c:\Repos\Nucleus\Nucleus.Net.Libs\Framework\Eliassen.System.Tests\bin\Release\net8.0\Eliassen.System.Tests.dll" adapterTypeName="executor://mstestadapter/v2" className="Eliassen.System.Tests.Reflection.EnumExtensionsTests" name="ToEnumTest" />
    </UnitTest>
    <UnitTest name="ToEnumTest (test description,WithDescription)" storage="c:\repos\nucleus\nucleus.net.libs\framework\eliassen.system.tests\bin\release\net8.0\eliassen.system.tests.dll" id="7409cd42-f673-2565-2261-30abc9b0641d" xmlns="http://microsoft.com/schemas/VisualStudio/TeamTest/2010">
      <TestCategory>
        <TestCategoryItem TestCategory="Unit" />
      </TestCategory>
      <Execution id="0e0d6807-c148-41cd-8bfe-7e90adfef3ce" />
      <TestMethod codeBase="c:\Repos\Nucleus\Nucleus.Net.Libs\Framework\Eliassen.System.Tests\bin\Release\net8.0\Eliassen.System.Tests.dll" adapterTypeName="executor://mstestadapter/v2" className="Eliassen.System.Tests.Reflection.EnumExtensionsTests" name="ToEnumTest" />
    </UnitTest>
    <UnitTest name="ToEnumTest (name,WithEnumValue)" storage="c:\repos\nucleus\nucleus.net.libs\framework\eliassen.system.tests\bin\release\net8.0\eliassen.system.tests.dll" id="c737a9ae-6e38-8556-c3b4-7587ecb9acbb" xmlns="http://microsoft.com/schemas/VisualStudio/TeamTest/2010">
      <TestCategory>
        <TestCategoryItem TestCategory="Unit" />
      </TestCategory>
      <Execution id="4636552b-eee8-45c8-8b89-ee19180edd16" />
      <TestMethod codeBase="c:\Repos\Nucleus\Nucleus.Net.Libs\Framework\Eliassen.System.Tests\bin\Release\net8.0\Eliassen.System.Tests.dll" adapterTypeName="executor://mstestadapter/v2" className="Eliassen.System.Tests.Reflection.EnumExtensionsTests" name="ToEnumTest" />
    </UnitTest>
    <UnitTest name="ToEnumTest (test display,WithDisplay)" storage="c:\repos\nucleus\nucleus.net.libs\framework\eliassen.system.tests\bin\release\net8.0\eliassen.system.tests.dll" id="86518760-fa00-295e-47cc-e5d6dba47527" xmlns="http://microsoft.com/schemas/VisualStudio/TeamTest/2010">
      <TestCategory>
        <TestCategoryItem TestCategory="Unit" />
      </TestCategory>
      <Execution id="35ab43cd-1869-4f9b-8507-ada9b40c2034" />
      <TestMethod codeBase="c:\Repos\Nucleus\Nucleus.Net.Libs\Framework\Eliassen.System.Tests\bin\Release\net8.0\Eliassen.System.Tests.dll" adapterTypeName="executor://mstestadapter/v2" className="Eliassen.System.Tests.Reflection.EnumExtensionsTests" name="ToEnumTest" />
    </UnitTest>
    <UnitTest name="ToEnumTest (Val2,Val1,Val1, Val2)" storage="c:\repos\nucleus\nucleus.net.libs\framework\eliassen.system.tests\bin\release\net8.0\eliassen.system.tests.dll" id="08cb4208-4fe7-b76b-4972-5be8287f6cc2" xmlns="http://microsoft.com/schemas/VisualStudio/TeamTest/2010">
      <TestCategory>
        <TestCategoryItem TestCategory="Unit" />
      </TestCategory>
      <Execution id="0f2fc219-d5ec-4f5e-b13a-048ae18e0020" />
      <TestMethod codeBase="c:\Repos\Nucleus\Nucleus.Net.Libs\Framework\Eliassen.System.Tests\bin\Release\net8.0\Eliassen.System.Tests.dll" adapterTypeName="executor://mstestadapter/v2" className="Eliassen.System.Tests.Reflection.EnumExtensionsTests" name="ToEnumTest" />
    </UnitTest>
    <UnitTest name="ToEnumTest (Val2,Val2)" storage="c:\repos\nucleus\nucleus.net.libs\framework\eliassen.system.tests\bin\release\net8.0\eliassen.system.tests.dll" id="ef7812d1-d662-c64d-e88c-8e391f4a0f87" xmlns="http://microsoft.com/schemas/VisualStudio/TeamTest/2010">
      <TestCategory>
        <TestCategoryItem TestCategory="Unit" />
      </TestCategory>
      <Execution id="6840b25e-443c-4ec5-b295-6719b922103e" />
      <TestMethod codeBase="c:\Repos\Nucleus\Nucleus.Net.Libs\Framework\Eliassen.System.Tests\bin\Release\net8.0\Eliassen.System.Tests.dll" adapterTypeName="executor://mstestadapter/v2" className="Eliassen.System.Tests.Reflection.EnumExtensionsTests" name="ToEnumTest" />
    </UnitTest>
    <UnitTest name="ToEnumTest (1,Val1)" storage="c:\repos\nucleus\nucleus.net.libs\framework\eliassen.system.tests\bin\release\net8.0\eliassen.system.tests.dll" id="73b345a6-01ee-1f99-e257-2bd3980b2a55" xmlns="http://microsoft.com/schemas/VisualStudio/TeamTest/2010">
      <TestCategory>
        <TestCategoryItem TestCategory="Unit" />
      </TestCategory>
      <Execution id="3469966c-9f3e-4d99-8fc2-a96242f813e1" />
      <TestMethod codeBase="c:\Repos\Nucleus\Nucleus.Net.Libs\Framework\Eliassen.System.Tests\bin\Release\net8.0\Eliassen.System.Tests.dll" adapterTypeName="executor://mstestadapter/v2" className="Eliassen.System.Tests.Reflection.EnumExtensionsTests" name="ToEnumTest" />
    </UnitTest>
    <UnitTest name="ToEnumTest (-1,-1)" storage="c:\repos\nucleus\nucleus.net.libs\framework\eliassen.system.tests\bin\release\net8.0\eliassen.system.tests.dll" id="5fe0a77c-457c-1ad4-ea90-21c6f2197cf3" xmlns="http://microsoft.com/schemas/VisualStudio/TeamTest/2010">
      <TestCategory>
        <TestCategoryItem TestCategory="Unit" />
      </TestCategory>
      <Execution id="8418ecf4-9d6f-4e22-91aa-5451d0a7c120" />
      <TestMethod codeBase="c:\Repos\Nucleus\Nucleus.Net.Libs\Framework\Eliassen.System.Tests\bin\Release\net8.0\Eliassen.System.Tests.dll" adapterTypeName="executor://mstestadapter/v2" className="Eliassen.System.Tests.Reflection.EnumExtensionsTests" name="ToEnumTest" />
    </UnitTest>
    <UnitTest name="ToEnumTest (Val2, Val1,Val1, Val2)" storage="c:\repos\nucleus\nucleus.net.libs\framework\eliassen.system.tests\bin\release\net8.0\eliassen.system.tests.dll" id="8f963ded-5435-4dfe-3694-5269d26ce987" xmlns="http://microsoft.com/schemas/VisualStudio/TeamTest/2010">
      <TestCategory>
        <TestCategoryItem TestCategory="Unit" />
      </TestCategory>
      <Execution id="cc08876b-355e-476b-a399-8d0236e7c4bb" />
      <TestMethod codeBase="c:\Repos\Nucleus\Nucleus.Net.Libs\Framework\Eliassen.System.Tests\bin\Release\net8.0\Eliassen.System.Tests.dll" adapterTypeName="executor://mstestadapter/v2" className="Eliassen.System.Tests.Reflection.EnumExtensionsTests" name="ToEnumTest" />
    </UnitTest>
    <UnitTest name="ToEnumTest (Val2 , Val1,Val1, Val2)" storage="c:\repos\nucleus\nucleus.net.libs\framework\eliassen.system.tests\bin\release\net8.0\eliassen.system.tests.dll" id="00605a31-5bf4-6a10-d5d8-68605ca0fe9e" xmlns="http://microsoft.com/schemas/VisualStudio/TeamTest/2010">
      <TestCategory>
        <TestCategoryItem TestCategory="Unit" />
      </TestCategory>
      <Execution id="ebf56426-efb9-452a-8628-f5699921638c" />
      <TestMethod codeBase="c:\Repos\Nucleus\Nucleus.Net.Libs\Framework\Eliassen.System.Tests\bin\Release\net8.0\Eliassen.System.Tests.dll" adapterTypeName="executor://mstestadapter/v2" className="Eliassen.System.Tests.Reflection.EnumExtensionsTests" name="ToEnumTest" />
    </UnitTest>
    <UnitTest name="ExecuteByTest_Sort (Name,Ascending,0,1,10,100,101,102,103,104,105,106)" storage="c:\repos\nucleus\nucleus.net.libs\framework\eliassen.system.tests\bin\release\net8.0\eliassen.system.tests.dll" id="66aadc34-05ee-03ee-7c60-4bddd836a077" xmlns="http://microsoft.com/schemas/VisualStudio/TeamTest/2010">
      <TestCategory>
        <TestCategoryItem TestCategory="Unit" />
      </TestCategory>
      <Execution id="8fffc09a-fa07-40bd-9562-4033a141c6e6" />
      <TestMethod codeBase="c:\Repos\Nucleus\Nucleus.Net.Libs\Framework\Eliassen.System.Tests\bin\Release\net8.0\Eliassen.System.Tests.dll" adapterTypeName="executor://mstestadapter/v2" className="Eliassen.System.Tests.Linq.QueryableExtensionsTests" name="ExecuteByTest_Sort" />
    </UnitTest>
    <UnitTest name="ExecuteByTest_Sort (Name,Descending,999,998,997,996,995,994,993,992,991,990)" storage="c:\repos\nucleus\nucleus.net.libs\framework\eliassen.system.tests\bin\release\net8.0\eliassen.system.tests.dll" id="cc1b359f-b5fb-d9ba-7555-848df199bc6d" xmlns="http://microsoft.com/schemas/VisualStudio/TeamTest/2010">
      <TestCategory>
        <TestCategoryItem TestCategory="Unit" />
      </TestCategory>
      <Execution id="3d011932-da18-4e77-8839-159b1e267a83" />
      <TestMethod codeBase="c:\Repos\Nucleus\Nucleus.Net.Libs\Framework\Eliassen.System.Tests\bin\Release\net8.0\Eliassen.System.Tests.dll" adapterTypeName="executor://mstestadapter/v2" className="Eliassen.System.Tests.Linq.QueryableExtensionsTests" name="ExecuteByTest_Sort" />
    </UnitTest>
    <UnitTest name="ExecuteByTest_Sort (NAME,Descending,999,998,997,996,995,994,993,992,991,990)" storage="c:\repos\nucleus\nucleus.net.libs\framework\eliassen.system.tests\bin\release\net8.0\eliassen.system.tests.dll" id="a60b6d3e-da8f-8208-5340-a670e426e0ab" xmlns="http://microsoft.com/schemas/VisualStudio/TeamTest/2010">
      <TestCategory>
        <TestCategoryItem TestCategory="Unit" />
      </TestCategory>
      <Execution id="6e36dab4-5868-4ee2-b6a8-af2277b8154c" />
      <TestMethod codeBase="c:\Repos\Nucleus\Nucleus.Net.Libs\Framework\Eliassen.System.Tests\bin\Release\net8.0\Eliassen.System.Tests.dll" adapterTypeName="executor://mstestadapter/v2" className="Eliassen.System.Tests.Linq.QueryableExtensionsTests" name="ExecuteByTest_Sort" />
    </UnitTest>
    <UnitTest name="ToEnumTest (0,Val0)" storage="c:\repos\nucleus\nucleus.net.libs\framework\eliassen.system.tests\bin\release\net8.0\eliassen.system.tests.dll" id="2d610960-5163-7dee-2e11-4657bfeeb260" xmlns="http://microsoft.com/schemas/VisualStudio/TeamTest/2010">
      <TestCategory>
        <TestCategoryItem TestCategory="Unit" />
      </TestCategory>
      <Execution id="440b325e-4bb4-4744-9954-67b181635bc2" />
      <TestMethod codeBase="c:\Repos\Nucleus\Nucleus.Net.Libs\Framework\Eliassen.System.Tests\bin\Release\net8.0\Eliassen.System.Tests.dll" adapterTypeName="executor://mstestadapter/v2" className="Eliassen.System.Tests.Reflection.EnumExtensionsTests" name="ToEnumTest" />
    </UnitTest>
    <UnitTest name="ToEnumTest (name,name2|test name,WithEnumValue, WithMemberName, WithDisplay)" storage="c:\repos\nucleus\nucleus.net.libs\framework\eliassen.system.tests\bin\release\net8.0\eliassen.system.tests.dll" id="5a587cdd-33a2-0450-b436-28e3c32ca2bc" xmlns="http://microsoft.com/schemas/VisualStudio/TeamTest/2010">
      <TestCategory>
        <TestCategoryItem TestCategory="Unit" />
      </TestCategory>
      <Execution id="6be602ab-7126-46c6-a9d1-75c6cbbceaf0" />
      <TestMethod codeBase="c:\Repos\Nucleus\Nucleus.Net.Libs\Framework\Eliassen.System.Tests\bin\Release\net8.0\Eliassen.System.Tests.dll" adapterTypeName="executor://mstestadapter/v2" className="Eliassen.System.Tests.Reflection.EnumExtensionsTests" name="ToEnumTest" />
    </UnitTest>
    <UnitTest name="ToEnumTest (2,Val2)" storage="c:\repos\nucleus\nucleus.net.libs\framework\eliassen.system.tests\bin\release\net8.0\eliassen.system.tests.dll" id="4dd54268-ca5c-f2ac-0f75-c1f879346a6a" xmlns="http://microsoft.com/schemas/VisualStudio/TeamTest/2010">
      <TestCategory>
        <TestCategoryItem TestCategory="Unit" />
      </TestCategory>
      <Execution id="cd953fb9-5bee-4fd9-a2de-b4fd01eff5fd" />
      <TestMethod codeBase="c:\Repos\Nucleus\Nucleus.Net.Libs\Framework\Eliassen.System.Tests\bin\Release\net8.0\Eliassen.System.Tests.dll" adapterTypeName="executor://mstestadapter/v2" className="Eliassen.System.Tests.Reflection.EnumExtensionsTests" name="ToEnumTest" />
    </UnitTest>
    <UnitTest name="ToEnumTest (Val1,Val1)" storage="c:\repos\nucleus\nucleus.net.libs\framework\eliassen.system.tests\bin\release\net8.0\eliassen.system.tests.dll" id="fead0924-ca29-6130-f519-2482f200a666" xmlns="http://microsoft.com/schemas/VisualStudio/TeamTest/2010">
      <TestCategory>
        <TestCategoryItem TestCategory="Unit" />
      </TestCategory>
      <Execution id="47c649b6-b029-430b-a7bc-62b99ee7a453" />
      <TestMethod codeBase="c:\Repos\Nucleus\Nucleus.Net.Libs\Framework\Eliassen.System.Tests\bin\Release\net8.0\Eliassen.System.Tests.dll" adapterTypeName="executor://mstestadapter/v2" className="Eliassen.System.Tests.Reflection.EnumExtensionsTests" name="ToEnumTest" />
    </UnitTest>
    <UnitTest name="ToEnumTest (name2,WithMemberName)" storage="c:\repos\nucleus\nucleus.net.libs\framework\eliassen.system.tests\bin\release\net8.0\eliassen.system.tests.dll" id="c0747f59-826b-81b4-d050-0ed251150a5f" xmlns="http://microsoft.com/schemas/VisualStudio/TeamTest/2010">
      <TestCategory>
        <TestCategoryItem TestCategory="Unit" />
      </TestCategory>
      <Execution id="cb53f06d-b81b-4578-aa16-3394a1ed38b9" />
      <TestMethod codeBase="c:\Repos\Nucleus\Nucleus.Net.Libs\Framework\Eliassen.System.Tests\bin\Release\net8.0\Eliassen.System.Tests.dll" adapterTypeName="executor://mstestadapter/v2" className="Eliassen.System.Tests.Reflection.EnumExtensionsTests" name="ToEnumTest" />
    </UnitTest>
  </TestDefinitions>
  <TestEntries >
    <TestEntry testId="94603f64-5739-e688-dcfd-6687308b4a9a" executionId="17a8729e-dbc1-4935-af35-be01cb058033" testListId="8c84fa94-04c1-424b-9868-57a2d4851a1d" xmlns="http://microsoft.com/schemas/VisualStudio/TeamTest/2010" />
    <TestEntry testId="4173abf6-6eee-31f5-7205-ad46c7104d49" executionId="0c8adbbe-19d2-40b5-b7c0-33d20d8ba458" testListId="8c84fa94-04c1-424b-9868-57a2d4851a1d" xmlns="http://microsoft.com/schemas/VisualStudio/TeamTest/2010" />
    <TestEntry testId="de980556-11bb-d6e9-c03a-e5592a3218d5" executionId="2fcad83a-1702-4966-a611-6df8fe03fe73" testListId="8c84fa94-04c1-424b-9868-57a2d4851a1d" xmlns="http://microsoft.com/schemas/VisualStudio/TeamTest/2010" />
    <TestEntry testId="09f85366-159b-5dce-cdaa-bbbd3e98347c" executionId="a4a4f535-503d-4129-9feb-04c0bc257a39" testListId="8c84fa94-04c1-424b-9868-57a2d4851a1d" xmlns="http://microsoft.com/schemas/VisualStudio/TeamTest/2010" />
    <TestEntry testId="bb6d8621-db33-2366-8e82-a87beebdef19" executionId="88749706-5ade-4c2b-96f4-72b176dc687c" testListId="8c84fa94-04c1-424b-9868-57a2d4851a1d" xmlns="http://microsoft.com/schemas/VisualStudio/TeamTest/2010" />
    <TestEntry testId="5bb4fd62-5d31-f92e-3aec-4b3c222ba16c" executionId="180ecf1b-8587-422f-b7d4-e19c3516b292" testListId="8c84fa94-04c1-424b-9868-57a2d4851a1d" xmlns="http://microsoft.com/schemas/VisualStudio/TeamTest/2010" />
    <TestEntry testId="b14f6909-8be4-5d0a-1d4e-766cb1e4abd6" executionId="c0c6ae69-8903-4d4b-9042-7704d9db4563" testListId="8c84fa94-04c1-424b-9868-57a2d4851a1d" xmlns="http://microsoft.com/schemas/VisualStudio/TeamTest/2010" />
    <TestEntry testId="419ef0dc-c4eb-bdc4-db64-68fe0fa43397" executionId="26b5b8b6-ac5d-458d-b57c-684a35092022" testListId="8c84fa94-04c1-424b-9868-57a2d4851a1d" xmlns="http://microsoft.com/schemas/VisualStudio/TeamTest/2010" />
    <TestEntry testId="ed2eb3a8-9a8f-8428-0d0a-7e6a2f6200e2" executionId="2996e536-b04e-408f-b7e3-427a7270eb1e" testListId="8c84fa94-04c1-424b-9868-57a2d4851a1d" xmlns="http://microsoft.com/schemas/VisualStudio/TeamTest/2010" />
    <TestEntry testId="35da343a-5826-ac4c-688a-c2bbf7572a30" executionId="bd789a0a-cd5c-4918-a1e1-b1a79b0a75cc" testListId="8c84fa94-04c1-424b-9868-57a2d4851a1d" xmlns="http://microsoft.com/schemas/VisualStudio/TeamTest/2010" />
    <TestEntry testId="8aec3498-0c1a-9091-2458-51d1c67933bf" executionId="9e50b48d-ee59-4423-b321-a60fd9f886ba" testListId="8c84fa94-04c1-424b-9868-57a2d4851a1d" xmlns="http://microsoft.com/schemas/VisualStudio/TeamTest/2010" />
    <TestEntry testId="726abc2c-502d-4a5c-e2c7-073f21d793da" executionId="72ecc6c6-376e-4472-8d1c-cdbff59c1e69" testListId="8c84fa94-04c1-424b-9868-57a2d4851a1d" xmlns="http://microsoft.com/schemas/VisualStudio/TeamTest/2010" />
    <TestEntry testId="4756cbfe-51aa-abcc-147f-e97a51057db5" executionId="7134ebd2-11b8-43dc-b762-6c33898b0955" testListId="8c84fa94-04c1-424b-9868-57a2d4851a1d" xmlns="http://microsoft.com/schemas/VisualStudio/TeamTest/2010" />
    <TestEntry testId="bfc7f80f-e281-5816-dc57-387e099d2a10" executionId="df69e8f2-fe2d-4541-ae94-3b4f5ef2b153" testListId="8c84fa94-04c1-424b-9868-57a2d4851a1d" xmlns="http://microsoft.com/schemas/VisualStudio/TeamTest/2010" />
    <TestEntry testId="01e51d56-c992-5e2d-f6ea-cf3f1977a589" executionId="d975a28e-60fa-4886-b28f-b78becd08f15" testListId="8c84fa94-04c1-424b-9868-57a2d4851a1d" xmlns="http://microsoft.com/schemas/VisualStudio/TeamTest/2010" />
    <TestEntry testId="6e40d08d-5283-ed81-5042-cf4b25b8a9b0" executionId="29e3cb53-938f-4fd0-81f8-2847ff7ec2b6" testListId="8c84fa94-04c1-424b-9868-57a2d4851a1d" xmlns="http://microsoft.com/schemas/VisualStudio/TeamTest/2010" />
    <TestEntry testId="7fd160bc-3b5b-e6e2-40ae-1974536260f2" executionId="5e63eea7-e4a7-4e82-a56a-60326cefd105" testListId="8c84fa94-04c1-424b-9868-57a2d4851a1d" xmlns="http://microsoft.com/schemas/VisualStudio/TeamTest/2010" />
    <TestEntry testId="4c8eceef-7f0a-45c8-d030-0b823248b815" executionId="4aee04a7-a386-4483-b71d-9072766b1716" testListId="8c84fa94-04c1-424b-9868-57a2d4851a1d" xmlns="http://microsoft.com/schemas/VisualStudio/TeamTest/2010" />
    <TestEntry testId="1e4ed14b-2ef0-3f9d-4f20-3ca8c8f7b464" executionId="7b276eb5-23ca-49a7-bd0c-2bbd03a60f34" testListId="8c84fa94-04c1-424b-9868-57a2d4851a1d" xmlns="http://microsoft.com/schemas/VisualStudio/TeamTest/2010" />
    <TestEntry testId="7a9a1822-3db2-a438-faf7-05813fd14fc1" executionId="2fbed0bf-4370-4d9f-a1de-5826ab4dd29a" testListId="8c84fa94-04c1-424b-9868-57a2d4851a1d" xmlns="http://microsoft.com/schemas/VisualStudio/TeamTest/2010" />
    <TestEntry testId="e350703c-47df-56f0-b995-a52c38b53eca" executionId="5076d644-bcd6-4206-9fdd-6c5fe5597153" testListId="8c84fa94-04c1-424b-9868-57a2d4851a1d" xmlns="http://microsoft.com/schemas/VisualStudio/TeamTest/2010" />
    <TestEntry testId="b6498f29-1231-5fcf-4954-1746daa0500d" executionId="dc4f7e05-5599-4d74-9b21-4877063a9354" testListId="8c84fa94-04c1-424b-9868-57a2d4851a1d" xmlns="http://microsoft.com/schemas/VisualStudio/TeamTest/2010" />
    <TestEntry testId="24774874-1df7-77de-7655-bbafea74832a" executionId="b98f6f8e-cb48-4e78-898d-e9cce2a0acdf" testListId="8c84fa94-04c1-424b-9868-57a2d4851a1d" xmlns="http://microsoft.com/schemas/VisualStudio/TeamTest/2010" />
    <TestEntry testId="65b4a990-8424-f23f-9b61-155855edf172" executionId="9db82d4d-56c6-456b-af60-65d1c2db8664" testListId="8c84fa94-04c1-424b-9868-57a2d4851a1d" xmlns="http://microsoft.com/schemas/VisualStudio/TeamTest/2010" />
    <TestEntry testId="e9eca43c-a0f8-d234-3538-2b7d4b198f04" executionId="7ab537d0-b541-4ffe-aa28-70bcb93c7364" testListId="8c84fa94-04c1-424b-9868-57a2d4851a1d" xmlns="http://microsoft.com/schemas/VisualStudio/TeamTest/2010" />
    <TestEntry testId="b6498f29-1231-5fcf-4954-1746daa0500d" executionId="d6728ec5-bba2-4189-b1fd-c520dea2c9db" testListId="8c84fa94-04c1-424b-9868-57a2d4851a1d" xmlns="http://microsoft.com/schemas/VisualStudio/TeamTest/2010" />
    <TestEntry testId="e72dc3eb-3aa5-dc4a-4345-13e88f385e6f" executionId="df9f3a97-e7ed-4515-91e1-565068b39747" testListId="8c84fa94-04c1-424b-9868-57a2d4851a1d" xmlns="http://microsoft.com/schemas/VisualStudio/TeamTest/2010" />
    <TestEntry testId="dbb46bd7-84ef-1bcc-6faf-71781bc1e5e4" executionId="777644e2-2bad-4e09-8110-a69a467714e3" testListId="8c84fa94-04c1-424b-9868-57a2d4851a1d" xmlns="http://microsoft.com/schemas/VisualStudio/TeamTest/2010" />
    <TestEntry testId="f3383018-7bb0-86e7-cb57-311d72bf2f87" executionId="0a34fff9-85cb-4728-b465-9c7de7fedf71" testListId="8c84fa94-04c1-424b-9868-57a2d4851a1d" xmlns="http://microsoft.com/schemas/VisualStudio/TeamTest/2010" />
    <TestEntry testId="1410527d-0c96-dadb-f7e7-8873031591f5" executionId="77f93618-c2e9-431d-a7b4-3b5c0856a68d" testListId="8c84fa94-04c1-424b-9868-57a2d4851a1d" xmlns="http://microsoft.com/schemas/VisualStudio/TeamTest/2010" />
    <TestEntry testId="f70a4315-fac4-e7d3-3678-874f4359a2e2" executionId="51eca2d7-c6d9-4c75-ae93-7a389338886b" testListId="8c84fa94-04c1-424b-9868-57a2d4851a1d" xmlns="http://microsoft.com/schemas/VisualStudio/TeamTest/2010" />
    <TestEntry testId="e350703c-47df-56f0-b995-a52c38b53eca" executionId="7dae3d6b-c95c-4404-b15b-0ff4e924f6a0" testListId="8c84fa94-04c1-424b-9868-57a2d4851a1d" xmlns="http://microsoft.com/schemas/VisualStudio/TeamTest/2010" />
    <TestEntry testId="f598f4b2-0d84-3c92-1941-6f70c8135fc3" executionId="7f53ade6-19a8-44de-b247-bba205aa7ab8" testListId="8c84fa94-04c1-424b-9868-57a2d4851a1d" xmlns="http://microsoft.com/schemas/VisualStudio/TeamTest/2010" />
    <TestEntry testId="7fd160bc-3b5b-e6e2-40ae-1974536260f2" executionId="b2ee75e5-268f-44b7-a6e5-f17f579bd9d7" testListId="8c84fa94-04c1-424b-9868-57a2d4851a1d" xmlns="http://microsoft.com/schemas/VisualStudio/TeamTest/2010" />
    <TestEntry testId="9576cb6d-ffa5-4a23-9c7a-c5c6b213d46b" executionId="957f2871-58c9-4cf0-88e3-739afa5b80e7" testListId="8c84fa94-04c1-424b-9868-57a2d4851a1d" xmlns="http://microsoft.com/schemas/VisualStudio/TeamTest/2010" />
    <TestEntry testId="bfec42cd-394b-907b-c2e0-0b6b8b9584fe" executionId="b80a5136-c17c-4bb8-bc93-50246192d7b7" testListId="8c84fa94-04c1-424b-9868-57a2d4851a1d" xmlns="http://microsoft.com/schemas/VisualStudio/TeamTest/2010" />
    <TestEntry testId="b8ce6298-5288-a9c6-3afb-62b35d380a81" executionId="239b3ca4-68f7-4bfb-9738-fe0055f62629" testListId="8c84fa94-04c1-424b-9868-57a2d4851a1d" xmlns="http://microsoft.com/schemas/VisualStudio/TeamTest/2010" />
    <TestEntry testId="2f56b32e-ea97-c552-8dea-074dcb4e0dc0" executionId="9ab2b965-3b02-4cb8-941d-2e93095293f1" testListId="8c84fa94-04c1-424b-9868-57a2d4851a1d" xmlns="http://microsoft.com/schemas/VisualStudio/TeamTest/2010" />
    <TestEntry testId="f664882a-a952-a76f-bc8f-fcf0578ff20f" executionId="fd735b37-dd22-48f6-8f07-b2d15ccdd2cc" testListId="8c84fa94-04c1-424b-9868-57a2d4851a1d" xmlns="http://microsoft.com/schemas/VisualStudio/TeamTest/2010" />
    <TestEntry testId="7fd160bc-3b5b-e6e2-40ae-1974536260f2" executionId="cf961665-8771-40ae-aac9-af4be79e689f" testListId="8c84fa94-04c1-424b-9868-57a2d4851a1d" xmlns="http://microsoft.com/schemas/VisualStudio/TeamTest/2010" />
    <TestEntry testId="7fd160bc-3b5b-e6e2-40ae-1974536260f2" executionId="6e89fe49-0ff6-4bce-8ec2-bb7745e7fef4" testListId="8c84fa94-04c1-424b-9868-57a2d4851a1d" xmlns="http://microsoft.com/schemas/VisualStudio/TeamTest/2010" />
    <TestEntry testId="7fd160bc-3b5b-e6e2-40ae-1974536260f2" executionId="3476008f-4f77-481b-b489-3d0ac006941b" testListId="8c84fa94-04c1-424b-9868-57a2d4851a1d" xmlns="http://microsoft.com/schemas/VisualStudio/TeamTest/2010" />
    <TestEntry testId="b6498f29-1231-5fcf-4954-1746daa0500d" executionId="ae043d57-bc51-4f50-9108-44f173c60a67" testListId="8c84fa94-04c1-424b-9868-57a2d4851a1d" xmlns="http://microsoft.com/schemas/VisualStudio/TeamTest/2010" />
    <TestEntry testId="7fd160bc-3b5b-e6e2-40ae-1974536260f2" executionId="06f1e3f5-f364-462f-b7ff-561c8f5528be" testListId="8c84fa94-04c1-424b-9868-57a2d4851a1d" xmlns="http://microsoft.com/schemas/VisualStudio/TeamTest/2010" />
    <TestEntry testId="453dc636-d45b-01e0-2e5e-4e973ba64495" executionId="0c48fc40-8382-4018-8457-4dc40f428fc5" testListId="8c84fa94-04c1-424b-9868-57a2d4851a1d" xmlns="http://microsoft.com/schemas/VisualStudio/TeamTest/2010" />
    <TestEntry testId="42569814-6b98-2a32-42fe-9c7bdada1d9f" executionId="3868b830-d20d-4555-90ab-88771d7181f4" testListId="8c84fa94-04c1-424b-9868-57a2d4851a1d" xmlns="http://microsoft.com/schemas/VisualStudio/TeamTest/2010" />
    <TestEntry testId="7fd160bc-3b5b-e6e2-40ae-1974536260f2" executionId="67f9a0be-c3c3-450b-97a3-51c2d6f84f1c" testListId="8c84fa94-04c1-424b-9868-57a2d4851a1d" xmlns="http://microsoft.com/schemas/VisualStudio/TeamTest/2010" />
    <TestEntry testId="1b9e3bb4-64d4-a320-5b86-dba72457e6ef" executionId="3e45784f-8aa5-45ec-8e9d-e7dee9cbc6a7" testListId="8c84fa94-04c1-424b-9868-57a2d4851a1d" xmlns="http://microsoft.com/schemas/VisualStudio/TeamTest/2010" />
    <TestEntry testId="61f88788-2c55-84c0-718f-430b9d9da684" executionId="88961e44-ca7b-446f-8261-4c41b7e8052b" testListId="8c84fa94-04c1-424b-9868-57a2d4851a1d" xmlns="http://microsoft.com/schemas/VisualStudio/TeamTest/2010" />
    <TestEntry testId="b6498f29-1231-5fcf-4954-1746daa0500d" executionId="0c18ad43-c5f9-4614-be25-3d37538d4f3a" testListId="8c84fa94-04c1-424b-9868-57a2d4851a1d" xmlns="http://microsoft.com/schemas/VisualStudio/TeamTest/2010" />
    <TestEntry testId="e350703c-47df-56f0-b995-a52c38b53eca" executionId="ffb35532-078e-4192-9f8d-7bcd057a0929" testListId="8c84fa94-04c1-424b-9868-57a2d4851a1d" xmlns="http://microsoft.com/schemas/VisualStudio/TeamTest/2010" />
    <TestEntry testId="e350703c-47df-56f0-b995-a52c38b53eca" executionId="fadaf212-a0b5-44fd-8876-f68a7668dbc8" testListId="8c84fa94-04c1-424b-9868-57a2d4851a1d" xmlns="http://microsoft.com/schemas/VisualStudio/TeamTest/2010" />
    <TestEntry testId="7fd160bc-3b5b-e6e2-40ae-1974536260f2" executionId="61d6fb5b-dc10-4718-aaca-c0d0f4581ad9" testListId="8c84fa94-04c1-424b-9868-57a2d4851a1d" xmlns="http://microsoft.com/schemas/VisualStudio/TeamTest/2010" />
    <TestEntry testId="a7d78227-c63c-3e96-292c-bbd5ac9217f2" executionId="f3d2c196-8dc5-4454-bdd6-b068cf8530c6" testListId="8c84fa94-04c1-424b-9868-57a2d4851a1d" xmlns="http://microsoft.com/schemas/VisualStudio/TeamTest/2010" />
    <TestEntry testId="70a7d239-30af-99d8-26bc-eb06ced4f854" executionId="9c833852-f164-4cce-a2c1-059e68b46775" testListId="8c84fa94-04c1-424b-9868-57a2d4851a1d" xmlns="http://microsoft.com/schemas/VisualStudio/TeamTest/2010" />
    <TestEntry testId="a29d2822-126a-1900-33c2-f20f68d10c99" executionId="c03784b8-e3d5-471d-aff6-c216bdbd0518" testListId="8c84fa94-04c1-424b-9868-57a2d4851a1d" xmlns="http://microsoft.com/schemas/VisualStudio/TeamTest/2010" />
    <TestEntry testId="08742191-32e9-b72f-e313-52355290b27f" executionId="51ab30ef-3c92-4bc6-be15-24a5f97baa39" testListId="8c84fa94-04c1-424b-9868-57a2d4851a1d" xmlns="http://microsoft.com/schemas/VisualStudio/TeamTest/2010" />
    <TestEntry testId="9d534b02-84b2-367f-c306-46ab610b3ce8" executionId="755e30ec-11cf-454c-ade0-e121e39ef4a7" testListId="8c84fa94-04c1-424b-9868-57a2d4851a1d" xmlns="http://microsoft.com/schemas/VisualStudio/TeamTest/2010" />
    <TestEntry testId="4bae6e3b-0e6b-3eea-a810-61843449ebf1" executionId="a92c9770-b2ec-405a-9672-69abdc06653d" testListId="8c84fa94-04c1-424b-9868-57a2d4851a1d" xmlns="http://microsoft.com/schemas/VisualStudio/TeamTest/2010" />
    <TestEntry testId="a324304b-8c70-70d6-1085-fa9cbf413d33" executionId="ea8407b3-5f7d-42bb-b5d8-d406628d4a9d" testListId="8c84fa94-04c1-424b-9868-57a2d4851a1d" xmlns="http://microsoft.com/schemas/VisualStudio/TeamTest/2010" />
    <TestEntry testId="46607e5b-fea6-a0a2-2caf-2abdd0971d6b" executionId="d68d9542-74e0-42bf-909c-82b1d5e7169f" testListId="8c84fa94-04c1-424b-9868-57a2d4851a1d" xmlns="http://microsoft.com/schemas/VisualStudio/TeamTest/2010" />
    <TestEntry testId="b6498f29-1231-5fcf-4954-1746daa0500d" executionId="10e3198a-21fe-4436-980f-455589658d95" testListId="8c84fa94-04c1-424b-9868-57a2d4851a1d" xmlns="http://microsoft.com/schemas/VisualStudio/TeamTest/2010" />
    <TestEntry testId="7fd160bc-3b5b-e6e2-40ae-1974536260f2" executionId="de2642d9-6351-4261-b854-e9db80489c5a" testListId="8c84fa94-04c1-424b-9868-57a2d4851a1d" xmlns="http://microsoft.com/schemas/VisualStudio/TeamTest/2010" />
    <TestEntry testId="7fd160bc-3b5b-e6e2-40ae-1974536260f2" executionId="d42d14b3-e9e3-4818-a5fc-1d354efa9d24" testListId="8c84fa94-04c1-424b-9868-57a2d4851a1d" xmlns="http://microsoft.com/schemas/VisualStudio/TeamTest/2010" />
    <TestEntry testId="63948805-297b-3757-4e75-2314b4468263" executionId="bcc38f67-3fbf-48fe-8300-5845228e2539" testListId="8c84fa94-04c1-424b-9868-57a2d4851a1d" xmlns="http://microsoft.com/schemas/VisualStudio/TeamTest/2010" />
    <TestEntry testId="3db5564a-09b3-d658-c0e0-9f86c81bd8c6" executionId="098d335e-0285-4a1a-b011-05891c3ef236" testListId="8c84fa94-04c1-424b-9868-57a2d4851a1d" xmlns="http://microsoft.com/schemas/VisualStudio/TeamTest/2010" />
    <TestEntry testId="b6498f29-1231-5fcf-4954-1746daa0500d" executionId="03e4d795-6843-49b7-9bb1-0e8359d6e3be" testListId="8c84fa94-04c1-424b-9868-57a2d4851a1d" xmlns="http://microsoft.com/schemas/VisualStudio/TeamTest/2010" />
    <TestEntry testId="b6498f29-1231-5fcf-4954-1746daa0500d" executionId="eab1fd7a-beea-485b-a8ac-d958159eee2d" testListId="8c84fa94-04c1-424b-9868-57a2d4851a1d" xmlns="http://microsoft.com/schemas/VisualStudio/TeamTest/2010" />
    <TestEntry testId="b6498f29-1231-5fcf-4954-1746daa0500d" executionId="7624a428-0e9a-445c-aff3-a5d1ff4fd00b" testListId="8c84fa94-04c1-424b-9868-57a2d4851a1d" xmlns="http://microsoft.com/schemas/VisualStudio/TeamTest/2010" />
    <TestEntry testId="b6498f29-1231-5fcf-4954-1746daa0500d" executionId="68f3dd27-c376-4fb0-8af7-2ea8be5c410a" testListId="8c84fa94-04c1-424b-9868-57a2d4851a1d" xmlns="http://microsoft.com/schemas/VisualStudio/TeamTest/2010" />
    <TestEntry testId="251289aa-a607-e006-c914-e09b39f52c99" executionId="b04ad560-229c-43df-8574-e282b0f10f3e" testListId="8c84fa94-04c1-424b-9868-57a2d4851a1d" xmlns="http://microsoft.com/schemas/VisualStudio/TeamTest/2010" />
    <TestEntry testId="870b9428-08e8-f91f-14b9-7fcf33dc2d0f" executionId="e16a0233-1b94-47d8-81d9-42a2994941fb" testListId="8c84fa94-04c1-424b-9868-57a2d4851a1d" xmlns="http://microsoft.com/schemas/VisualStudio/TeamTest/2010" />
    <TestEntry testId="b6498f29-1231-5fcf-4954-1746daa0500d" executionId="50b51cc7-06c4-464b-9bd8-825181eae39b" testListId="8c84fa94-04c1-424b-9868-57a2d4851a1d" xmlns="http://microsoft.com/schemas/VisualStudio/TeamTest/2010" />
    <TestEntry testId="e350703c-47df-56f0-b995-a52c38b53eca" executionId="a94b3f7b-6f02-47f4-b90e-79e71fb1f0d0" testListId="8c84fa94-04c1-424b-9868-57a2d4851a1d" xmlns="http://microsoft.com/schemas/VisualStudio/TeamTest/2010" />
    <TestEntry testId="f3dca1bb-5884-67f2-50ab-603f9fbc49dc" executionId="19ed091c-af98-4258-9808-59ed9df24506" testListId="8c84fa94-04c1-424b-9868-57a2d4851a1d" xmlns="http://microsoft.com/schemas/VisualStudio/TeamTest/2010" />
    <TestEntry testId="b6498f29-1231-5fcf-4954-1746daa0500d" executionId="63306f44-6f6e-4a37-9cf3-eb3599debab2" testListId="8c84fa94-04c1-424b-9868-57a2d4851a1d" xmlns="http://microsoft.com/schemas/VisualStudio/TeamTest/2010" />
    <TestEntry testId="52063650-6233-2d8a-fadf-ea1a53f7d6ed" executionId="3afc4a01-ead5-437a-9a5a-c724c8a9853f" testListId="8c84fa94-04c1-424b-9868-57a2d4851a1d" xmlns="http://microsoft.com/schemas/VisualStudio/TeamTest/2010" />
    <TestEntry testId="e350703c-47df-56f0-b995-a52c38b53eca" executionId="4778141a-fbe8-4b44-a464-36e9f7aff0ae" testListId="8c84fa94-04c1-424b-9868-57a2d4851a1d" xmlns="http://microsoft.com/schemas/VisualStudio/TeamTest/2010" />
    <TestEntry testId="33a234b4-5b0c-8ae4-c739-6e7b62145768" executionId="a0485825-cccf-47db-bae6-54d5845eb83d" testListId="8c84fa94-04c1-424b-9868-57a2d4851a1d" xmlns="http://microsoft.com/schemas/VisualStudio/TeamTest/2010" />
    <TestEntry testId="d4b770b3-94e8-d07a-03aa-f3335b9b4c71" executionId="97f00894-b52e-4b58-9791-f4e8a4f63f4f" testListId="8c84fa94-04c1-424b-9868-57a2d4851a1d" xmlns="http://microsoft.com/schemas/VisualStudio/TeamTest/2010" />
    <TestEntry testId="b6498f29-1231-5fcf-4954-1746daa0500d" executionId="0d1fa6d4-5655-47ba-8318-39b37245ba36" testListId="8c84fa94-04c1-424b-9868-57a2d4851a1d" xmlns="http://microsoft.com/schemas/VisualStudio/TeamTest/2010" />
    <TestEntry testId="d8d8a1a1-adc8-f6f3-d3ba-c826da19378d" executionId="7846100f-debd-4878-87e2-5b93ddea776f" testListId="8c84fa94-04c1-424b-9868-57a2d4851a1d" xmlns="http://microsoft.com/schemas/VisualStudio/TeamTest/2010" />
    <TestEntry testId="40025f8c-33a3-86dc-40ea-c26da3d7c94a" executionId="da5b63e4-869a-4ae8-8631-489401670a49" testListId="8c84fa94-04c1-424b-9868-57a2d4851a1d" xmlns="http://microsoft.com/schemas/VisualStudio/TeamTest/2010" />
    <TestEntry testId="4ba16b26-1543-65b7-5999-fbd5f1c9af2e" executionId="1e9faad4-697d-44fe-bb0e-f54f92c3b396" testListId="8c84fa94-04c1-424b-9868-57a2d4851a1d" xmlns="http://microsoft.com/schemas/VisualStudio/TeamTest/2010" />
    <TestEntry testId="67b6a854-1fe4-5528-77d6-501bd90b9a20" executionId="d0677cb6-7b7a-44ec-b264-82e99640f976" testListId="8c84fa94-04c1-424b-9868-57a2d4851a1d" xmlns="http://microsoft.com/schemas/VisualStudio/TeamTest/2010" />
    <TestEntry testId="23c81040-d5d6-0e65-6245-2fe212879616" executionId="56de7c87-b435-45ba-9fec-a5486a322ef9" testListId="8c84fa94-04c1-424b-9868-57a2d4851a1d" xmlns="http://microsoft.com/schemas/VisualStudio/TeamTest/2010" />
    <TestEntry testId="f90f5d2f-9a6e-b4bc-022c-ce37e3e49a29" executionId="bad326bb-1db9-411b-8684-1f2401c208bb" testListId="8c84fa94-04c1-424b-9868-57a2d4851a1d" xmlns="http://microsoft.com/schemas/VisualStudio/TeamTest/2010" />
    <TestEntry testId="d1d4b925-a073-2286-7de7-05497c979951" executionId="38d4d8fe-905c-4309-9152-97584a526bab" testListId="8c84fa94-04c1-424b-9868-57a2d4851a1d" xmlns="http://microsoft.com/schemas/VisualStudio/TeamTest/2010" />
    <TestEntry testId="c2c5d20e-1a87-0e89-b840-4da7e6550d8e" executionId="41d8575b-142f-4589-9295-cbc44b32baec" testListId="8c84fa94-04c1-424b-9868-57a2d4851a1d" xmlns="http://microsoft.com/schemas/VisualStudio/TeamTest/2010" />
    <TestEntry testId="61e785a3-6dc7-7a65-ecf9-a0b14d187326" executionId="f846c275-908f-46a7-8c47-d4a6d177a0a0" testListId="8c84fa94-04c1-424b-9868-57a2d4851a1d" xmlns="http://microsoft.com/schemas/VisualStudio/TeamTest/2010" />
    <TestEntry testId="78dc4ca6-14d8-0c1a-ad29-6d2f53293760" executionId="c520f5d9-678e-48ba-898b-045de4832cf9" testListId="8c84fa94-04c1-424b-9868-57a2d4851a1d" xmlns="http://microsoft.com/schemas/VisualStudio/TeamTest/2010" />
    <TestEntry testId="b6498f29-1231-5fcf-4954-1746daa0500d" executionId="0cf57235-97f8-464c-9145-4d1a978585e4" testListId="8c84fa94-04c1-424b-9868-57a2d4851a1d" xmlns="http://microsoft.com/schemas/VisualStudio/TeamTest/2010" />
    <TestEntry testId="e350703c-47df-56f0-b995-a52c38b53eca" executionId="76e4a654-89c2-45b8-afd7-b173cab35858" testListId="8c84fa94-04c1-424b-9868-57a2d4851a1d" xmlns="http://microsoft.com/schemas/VisualStudio/TeamTest/2010" />
    <TestEntry testId="e350703c-47df-56f0-b995-a52c38b53eca" executionId="e36bfe72-ab71-4f1e-a08e-38fde046eb55" testListId="8c84fa94-04c1-424b-9868-57a2d4851a1d" xmlns="http://microsoft.com/schemas/VisualStudio/TeamTest/2010" />
    <TestEntry testId="513d11fc-67fa-6f75-0d1b-3a56ad265509" executionId="93049846-0e4c-40a7-acf7-ce6fc8503eed" testListId="8c84fa94-04c1-424b-9868-57a2d4851a1d" xmlns="http://microsoft.com/schemas/VisualStudio/TeamTest/2010" />
    <TestEntry testId="b6498f29-1231-5fcf-4954-1746daa0500d" executionId="6bcc9d46-c077-4a45-b534-271cd19ba1a9" testListId="8c84fa94-04c1-424b-9868-57a2d4851a1d" xmlns="http://microsoft.com/schemas/VisualStudio/TeamTest/2010" />
    <TestEntry testId="94eba969-c82f-9e81-1248-494bdd4f32c8" executionId="44326050-2a30-427a-b9d5-9b6bc454ba33" testListId="8c84fa94-04c1-424b-9868-57a2d4851a1d" xmlns="http://microsoft.com/schemas/VisualStudio/TeamTest/2010" />
    <TestEntry testId="312eaabc-9879-8ba5-fb15-63928cd6660e" executionId="4d3790ed-4799-4411-ab9e-9e097daecf64" testListId="8c84fa94-04c1-424b-9868-57a2d4851a1d" xmlns="http://microsoft.com/schemas/VisualStudio/TeamTest/2010" />
    <TestEntry testId="63fad722-7037-7050-fa28-b32ff1a4ec2f" executionId="4d40d36a-c78e-43d6-8584-77d4d773f32b" testListId="8c84fa94-04c1-424b-9868-57a2d4851a1d" xmlns="http://microsoft.com/schemas/VisualStudio/TeamTest/2010" />
    <TestEntry testId="26371a34-e095-ac3b-cdb6-58031708ffda" executionId="fe59102a-0ea6-4c96-ab22-101751c8704e" testListId="8c84fa94-04c1-424b-9868-57a2d4851a1d" xmlns="http://microsoft.com/schemas/VisualStudio/TeamTest/2010" />
    <TestEntry testId="03bc167f-0b26-903d-31a8-efafdb2faab7" executionId="b7ba363d-c0b2-48d3-889a-df06014fd768" testListId="8c84fa94-04c1-424b-9868-57a2d4851a1d" xmlns="http://microsoft.com/schemas/VisualStudio/TeamTest/2010" />
    <TestEntry testId="10eeac77-be98-5314-e134-5e07fee4201b" executionId="490a9566-0239-4950-859a-3fbb47f0337b" testListId="8c84fa94-04c1-424b-9868-57a2d4851a1d" xmlns="http://microsoft.com/schemas/VisualStudio/TeamTest/2010" />
    <TestEntry testId="b6498f29-1231-5fcf-4954-1746daa0500d" executionId="5127fc7d-0c33-4e04-a683-6694e6c0323c" testListId="8c84fa94-04c1-424b-9868-57a2d4851a1d" xmlns="http://microsoft.com/schemas/VisualStudio/TeamTest/2010" />
    <TestEntry testId="5b534773-a7de-3872-277f-efb65d408d74" executionId="b7c75698-066f-4ffa-9582-a5d335d899d8" testListId="8c84fa94-04c1-424b-9868-57a2d4851a1d" xmlns="http://microsoft.com/schemas/VisualStudio/TeamTest/2010" />
    <TestEntry testId="7fd160bc-3b5b-e6e2-40ae-1974536260f2" executionId="1c9bf820-09cc-4b3c-adb0-e8d58ec31147" testListId="8c84fa94-04c1-424b-9868-57a2d4851a1d" xmlns="http://microsoft.com/schemas/VisualStudio/TeamTest/2010" />
    <TestEntry testId="a4cc6556-4b38-556d-d138-b0c8009279f3" executionId="60272a68-dde0-4a29-bf28-4570515acc95" testListId="8c84fa94-04c1-424b-9868-57a2d4851a1d" xmlns="http://microsoft.com/schemas/VisualStudio/TeamTest/2010" />
    <TestEntry testId="7fd160bc-3b5b-e6e2-40ae-1974536260f2" executionId="76bd8663-5982-4aea-8edf-9ae0aa284ce0" testListId="8c84fa94-04c1-424b-9868-57a2d4851a1d" xmlns="http://microsoft.com/schemas/VisualStudio/TeamTest/2010" />
    <TestEntry testId="9c016915-9649-a737-5d1d-30f1b46f0f52" executionId="7b0340a4-7a66-4544-b02e-6cd92ffb3497" testListId="8c84fa94-04c1-424b-9868-57a2d4851a1d" xmlns="http://microsoft.com/schemas/VisualStudio/TeamTest/2010" />
    <TestEntry testId="cde968fd-b220-e483-e127-75958f75b2b3" executionId="2fd27eca-f3d7-4f69-9a84-739f61cfc58d" testListId="8c84fa94-04c1-424b-9868-57a2d4851a1d" xmlns="http://microsoft.com/schemas/VisualStudio/TeamTest/2010" />
    <TestEntry testId="0ce23f0f-8bc9-01fa-938b-d8a470ad42da" executionId="60bdd595-9b23-427e-a7e4-0cc2d5542d4d" testListId="8c84fa94-04c1-424b-9868-57a2d4851a1d" xmlns="http://microsoft.com/schemas/VisualStudio/TeamTest/2010" />
    <TestEntry testId="b6498f29-1231-5fcf-4954-1746daa0500d" executionId="9cb37ca5-cc07-45e5-b60d-e47318cc3e59" testListId="8c84fa94-04c1-424b-9868-57a2d4851a1d" xmlns="http://microsoft.com/schemas/VisualStudio/TeamTest/2010" />
    <TestEntry testId="b6498f29-1231-5fcf-4954-1746daa0500d" executionId="7987cb6c-f033-4bb1-b80c-8263cb5b29a3" testListId="8c84fa94-04c1-424b-9868-57a2d4851a1d" xmlns="http://microsoft.com/schemas/VisualStudio/TeamTest/2010" />
    <TestEntry testId="b6498f29-1231-5fcf-4954-1746daa0500d" executionId="8f5fc515-1e48-4da5-a39f-d1fd76a626cd" testListId="8c84fa94-04c1-424b-9868-57a2d4851a1d" xmlns="http://microsoft.com/schemas/VisualStudio/TeamTest/2010" />
    <TestEntry testId="e350703c-47df-56f0-b995-a52c38b53eca" executionId="1d96fed1-30b7-4988-8822-5b8f63bd56b9" testListId="8c84fa94-04c1-424b-9868-57a2d4851a1d" xmlns="http://microsoft.com/schemas/VisualStudio/TeamTest/2010" />
    <TestEntry testId="7fd160bc-3b5b-e6e2-40ae-1974536260f2" executionId="bdf7df2e-7465-47da-a168-4859e8704293" testListId="8c84fa94-04c1-424b-9868-57a2d4851a1d" xmlns="http://microsoft.com/schemas/VisualStudio/TeamTest/2010" />
    <TestEntry testId="b6498f29-1231-5fcf-4954-1746daa0500d" executionId="274f2c70-c5ff-4fb2-b1af-a748ba693a00" testListId="8c84fa94-04c1-424b-9868-57a2d4851a1d" xmlns="http://microsoft.com/schemas/VisualStudio/TeamTest/2010" />
    <TestEntry testId="8da0fbaf-acd6-9154-0805-f306ce39ad46" executionId="cf970d5b-0273-4ad9-aae0-e586a3f38972" testListId="8c84fa94-04c1-424b-9868-57a2d4851a1d" xmlns="http://microsoft.com/schemas/VisualStudio/TeamTest/2010" />
    <TestEntry testId="b6498f29-1231-5fcf-4954-1746daa0500d" executionId="0eb003ba-b13c-489b-971e-d6390a2629aa" testListId="8c84fa94-04c1-424b-9868-57a2d4851a1d" xmlns="http://microsoft.com/schemas/VisualStudio/TeamTest/2010" />
    <TestEntry testId="e350703c-47df-56f0-b995-a52c38b53eca" executionId="403d62ef-d646-4698-b6cc-c04b27563e43" testListId="8c84fa94-04c1-424b-9868-57a2d4851a1d" xmlns="http://microsoft.com/schemas/VisualStudio/TeamTest/2010" />
    <TestEntry testId="b5b73f46-926e-b166-c509-00a2b6834bdd" executionId="6066b7e2-7ff2-458d-b7fe-8fd8919e5abb" testListId="8c84fa94-04c1-424b-9868-57a2d4851a1d" xmlns="http://microsoft.com/schemas/VisualStudio/TeamTest/2010" />
    <TestEntry testId="af3880ac-68f4-36b7-1968-58204ada5522" executionId="7f96ca09-f357-4a0e-b997-f3e15554c49f" testListId="8c84fa94-04c1-424b-9868-57a2d4851a1d" xmlns="http://microsoft.com/schemas/VisualStudio/TeamTest/2010" />
    <TestEntry testId="b6498f29-1231-5fcf-4954-1746daa0500d" executionId="ca2e4e80-1473-467c-b064-9480ac803d1f" testListId="8c84fa94-04c1-424b-9868-57a2d4851a1d" xmlns="http://microsoft.com/schemas/VisualStudio/TeamTest/2010" />
    <TestEntry testId="3dc461cc-f900-b7f4-a669-e9cf3ad5e21f" executionId="5c476d2a-7d79-4b19-a18c-e1b4343b2260" testListId="8c84fa94-04c1-424b-9868-57a2d4851a1d" xmlns="http://microsoft.com/schemas/VisualStudio/TeamTest/2010" />
    <TestEntry testId="e350703c-47df-56f0-b995-a52c38b53eca" executionId="a168eaf0-4d7a-456c-b1b2-eb04d0c538bb" testListId="8c84fa94-04c1-424b-9868-57a2d4851a1d" xmlns="http://microsoft.com/schemas/VisualStudio/TeamTest/2010" />
    <TestEntry testId="b3e2a372-55ce-d9ad-4987-01272bc32a33" executionId="547b533f-5c72-4713-9a33-9ac2969b5383" testListId="8c84fa94-04c1-424b-9868-57a2d4851a1d" xmlns="http://microsoft.com/schemas/VisualStudio/TeamTest/2010" />
    <TestEntry testId="53c31e49-be7f-689b-3cd7-03a9033ae78d" executionId="f272ae61-a75f-4612-9cf5-e140bfd277cf" testListId="8c84fa94-04c1-424b-9868-57a2d4851a1d" xmlns="http://microsoft.com/schemas/VisualStudio/TeamTest/2010" />
    <TestEntry testId="87efccdd-521d-8651-4344-aecbb535b39d" executionId="7b4a3668-9b31-4333-814b-dace85e2b147" testListId="8c84fa94-04c1-424b-9868-57a2d4851a1d" xmlns="http://microsoft.com/schemas/VisualStudio/TeamTest/2010" />
    <TestEntry testId="edb23b8d-5f7e-d2bb-ce76-f187b30ebb61" executionId="33e3c99f-ce66-428e-a5ee-f4029c8f7f90" testListId="8c84fa94-04c1-424b-9868-57a2d4851a1d" xmlns="http://microsoft.com/schemas/VisualStudio/TeamTest/2010" />
    <TestEntry testId="39cb097d-2ac2-473c-1a2c-0b1503361457" executionId="1579a701-d3b7-4873-97bb-9c7291000afd" testListId="8c84fa94-04c1-424b-9868-57a2d4851a1d" xmlns="http://microsoft.com/schemas/VisualStudio/TeamTest/2010" />
    <TestEntry testId="8ef63a3f-2208-ac88-5a22-493d4beeaeda" executionId="0c1337f3-e1b1-4580-91be-cbbe35ac86fc" testListId="8c84fa94-04c1-424b-9868-57a2d4851a1d" xmlns="http://microsoft.com/schemas/VisualStudio/TeamTest/2010" />
    <TestEntry testId="079289e4-29ee-2b27-89d5-bd661b7267f1" executionId="a408b029-e46c-49f0-8c76-9c9d751ab330" testListId="8c84fa94-04c1-424b-9868-57a2d4851a1d" xmlns="http://microsoft.com/schemas/VisualStudio/TeamTest/2010" />
    <TestEntry testId="b6498f29-1231-5fcf-4954-1746daa0500d" executionId="6fba4641-c0e8-46d1-8e2c-60bb1aaae409" testListId="8c84fa94-04c1-424b-9868-57a2d4851a1d" xmlns="http://microsoft.com/schemas/VisualStudio/TeamTest/2010" />
    <TestEntry testId="e350703c-47df-56f0-b995-a52c38b53eca" executionId="a4e8990c-9017-41f6-a034-87c09ac98467" testListId="8c84fa94-04c1-424b-9868-57a2d4851a1d" xmlns="http://microsoft.com/schemas/VisualStudio/TeamTest/2010" />
    <TestEntry testId="7cdd2ae3-f105-0db6-4f1d-4db0ed6728a3" executionId="2f267216-7b85-4537-8327-5a6f76815629" testListId="8c84fa94-04c1-424b-9868-57a2d4851a1d" xmlns="http://microsoft.com/schemas/VisualStudio/TeamTest/2010" />
    <TestEntry testId="e350703c-47df-56f0-b995-a52c38b53eca" executionId="12724422-edb7-406f-9f49-1a3d0c8d0ba6" testListId="8c84fa94-04c1-424b-9868-57a2d4851a1d" xmlns="http://microsoft.com/schemas/VisualStudio/TeamTest/2010" />
    <TestEntry testId="b6498f29-1231-5fcf-4954-1746daa0500d" executionId="c02076eb-a967-46d8-aa99-2aa13794e4c6" testListId="8c84fa94-04c1-424b-9868-57a2d4851a1d" xmlns="http://microsoft.com/schemas/VisualStudio/TeamTest/2010" />
    <TestEntry testId="a5c8e016-d4ea-30ed-fbf3-890ea331078c" executionId="677b28b1-08af-4e47-a4a2-3dbbf0216084" testListId="8c84fa94-04c1-424b-9868-57a2d4851a1d" xmlns="http://microsoft.com/schemas/VisualStudio/TeamTest/2010" />
    <TestEntry testId="c3599795-8bf1-da30-66da-ee7de44c4074" executionId="d1b9fc17-ce1e-4115-bcdc-6ba320141133" testListId="8c84fa94-04c1-424b-9868-57a2d4851a1d" xmlns="http://microsoft.com/schemas/VisualStudio/TeamTest/2010" />
    <TestEntry testId="83cb0395-740b-4b48-1b9a-9d0379b2c4b0" executionId="39275680-457b-4e53-8cab-a1cf6c1a1557" testListId="8c84fa94-04c1-424b-9868-57a2d4851a1d" xmlns="http://microsoft.com/schemas/VisualStudio/TeamTest/2010" />
    <TestEntry testId="f5306a38-7e9d-ad71-73c6-1c694342dc21" executionId="a87d09a6-544f-446d-b5fd-bd52f9d19508" testListId="8c84fa94-04c1-424b-9868-57a2d4851a1d" xmlns="http://microsoft.com/schemas/VisualStudio/TeamTest/2010" />
    <TestEntry testId="e350703c-47df-56f0-b995-a52c38b53eca" executionId="351fa0d8-a16d-427c-bd70-7540c01ba862" testListId="8c84fa94-04c1-424b-9868-57a2d4851a1d" xmlns="http://microsoft.com/schemas/VisualStudio/TeamTest/2010" />
    <TestEntry testId="b6498f29-1231-5fcf-4954-1746daa0500d" executionId="be228826-7168-4108-bf1d-818d5a735dfc" testListId="8c84fa94-04c1-424b-9868-57a2d4851a1d" xmlns="http://microsoft.com/schemas/VisualStudio/TeamTest/2010" />
    <TestEntry testId="07b77574-2211-0cfd-4e91-7ca72fa17247" executionId="f23ab99b-9efe-462a-8d3c-893278494fe5" testListId="8c84fa94-04c1-424b-9868-57a2d4851a1d" xmlns="http://microsoft.com/schemas/VisualStudio/TeamTest/2010" />
    <TestEntry testId="e350703c-47df-56f0-b995-a52c38b53eca" executionId="f2ee2172-d393-4f3d-bb16-353d16f86eed" testListId="8c84fa94-04c1-424b-9868-57a2d4851a1d" xmlns="http://microsoft.com/schemas/VisualStudio/TeamTest/2010" />
    <TestEntry testId="e350703c-47df-56f0-b995-a52c38b53eca" executionId="cc0dd606-d6bd-4752-bd97-1968ac140d8b" testListId="8c84fa94-04c1-424b-9868-57a2d4851a1d" xmlns="http://microsoft.com/schemas/VisualStudio/TeamTest/2010" />
    <TestEntry testId="b6498f29-1231-5fcf-4954-1746daa0500d" executionId="076e666a-5f1d-4682-a50e-53c43d3970b9" testListId="8c84fa94-04c1-424b-9868-57a2d4851a1d" xmlns="http://microsoft.com/schemas/VisualStudio/TeamTest/2010" />
    <TestEntry testId="b6498f29-1231-5fcf-4954-1746daa0500d" executionId="58609aa4-e714-4648-9912-09f83e1cb0d5" testListId="8c84fa94-04c1-424b-9868-57a2d4851a1d" xmlns="http://microsoft.com/schemas/VisualStudio/TeamTest/2010" />
    <TestEntry testId="b6498f29-1231-5fcf-4954-1746daa0500d" executionId="92628b26-5fa7-4b36-b6fb-ba25acfe368a" testListId="8c84fa94-04c1-424b-9868-57a2d4851a1d" xmlns="http://microsoft.com/schemas/VisualStudio/TeamTest/2010" />
    <TestEntry testId="e350703c-47df-56f0-b995-a52c38b53eca" executionId="7eca363a-cb24-466a-a462-d74eb77fe0e1" testListId="8c84fa94-04c1-424b-9868-57a2d4851a1d" xmlns="http://microsoft.com/schemas/VisualStudio/TeamTest/2010" />
    <TestEntry testId="b6498f29-1231-5fcf-4954-1746daa0500d" executionId="bf13473b-bed9-49f6-b8c6-846280537e18" testListId="8c84fa94-04c1-424b-9868-57a2d4851a1d" xmlns="http://microsoft.com/schemas/VisualStudio/TeamTest/2010" />
    <TestEntry testId="e350703c-47df-56f0-b995-a52c38b53eca" executionId="e9df9b5a-7848-4240-b23b-17cdcf10d784" testListId="8c84fa94-04c1-424b-9868-57a2d4851a1d" xmlns="http://microsoft.com/schemas/VisualStudio/TeamTest/2010" />
    <TestEntry testId="c32d9ec7-cf3f-0b90-7da7-80e3553b5fe6" executionId="8e630624-3017-46ea-a579-2107cfdb8877" testListId="8c84fa94-04c1-424b-9868-57a2d4851a1d" xmlns="http://microsoft.com/schemas/VisualStudio/TeamTest/2010" />
    <TestEntry testId="b6498f29-1231-5fcf-4954-1746daa0500d" executionId="cb33ace9-6f80-46d6-b7dd-d329829d1ea3" testListId="8c84fa94-04c1-424b-9868-57a2d4851a1d" xmlns="http://microsoft.com/schemas/VisualStudio/TeamTest/2010" />
    <TestEntry testId="dcab6442-3647-193e-5b50-9725bbfda52b" executionId="a15723ac-c964-4f75-8f3e-da7f0e031c24" testListId="8c84fa94-04c1-424b-9868-57a2d4851a1d" xmlns="http://microsoft.com/schemas/VisualStudio/TeamTest/2010" />
    <TestEntry testId="1c0197db-d7ab-18ba-d57c-a34403249bdb" executionId="c3097824-f987-467c-953c-de4b700c93f2" testListId="8c84fa94-04c1-424b-9868-57a2d4851a1d" xmlns="http://microsoft.com/schemas/VisualStudio/TeamTest/2010" />
    <TestEntry testId="e350703c-47df-56f0-b995-a52c38b53eca" executionId="3073b122-dd94-4f27-9a55-58f20dc6d234" testListId="8c84fa94-04c1-424b-9868-57a2d4851a1d" xmlns="http://microsoft.com/schemas/VisualStudio/TeamTest/2010" />
    <TestEntry testId="732c5a4d-db4b-042b-cb1a-6907849de0ac" executionId="0682ba6f-a795-451b-acdc-db07486b7459" testListId="8c84fa94-04c1-424b-9868-57a2d4851a1d" xmlns="http://microsoft.com/schemas/VisualStudio/TeamTest/2010" />
    <TestEntry testId="ab0f8867-b8d1-22b7-3b78-2eab4da93098" executionId="d138fa70-eae0-400c-8a9c-2801abbca293" testListId="8c84fa94-04c1-424b-9868-57a2d4851a1d" xmlns="http://microsoft.com/schemas/VisualStudio/TeamTest/2010" />
    <TestEntry testId="e7f0575b-0e45-f2ce-4918-0b10042b2324" executionId="56a383c9-a4cb-4653-9322-1cae9c022a39" testListId="8c84fa94-04c1-424b-9868-57a2d4851a1d" xmlns="http://microsoft.com/schemas/VisualStudio/TeamTest/2010" />
    <TestEntry testId="67b6a854-1fe4-5528-77d6-501bd90b9a20" executionId="9422704a-bda5-426a-81cc-2d2b603f8837" testListId="8c84fa94-04c1-424b-9868-57a2d4851a1d" xmlns="http://microsoft.com/schemas/VisualStudio/TeamTest/2010" />
    <TestEntry testId="b6498f29-1231-5fcf-4954-1746daa0500d" executionId="eb332f9f-bad8-440b-a796-7a3929661267" testListId="8c84fa94-04c1-424b-9868-57a2d4851a1d" xmlns="http://microsoft.com/schemas/VisualStudio/TeamTest/2010" />
    <TestEntry testId="2f56b32e-ea97-c552-8dea-074dcb4e0dc0" executionId="ff12e060-9349-4e49-ab2f-1de1ae1127fd" testListId="8c84fa94-04c1-424b-9868-57a2d4851a1d" xmlns="http://microsoft.com/schemas/VisualStudio/TeamTest/2010" />
    <TestEntry testId="6ecbf29a-b1dc-ecb1-c997-c95f3b46593a" executionId="210bc825-583a-412b-9277-2f7147bf6eef" testListId="8c84fa94-04c1-424b-9868-57a2d4851a1d" xmlns="http://microsoft.com/schemas/VisualStudio/TeamTest/2010" />
    <TestEntry testId="e350703c-47df-56f0-b995-a52c38b53eca" executionId="ae6427bb-a28f-4aa8-87a6-467bc2899262" testListId="8c84fa94-04c1-424b-9868-57a2d4851a1d" xmlns="http://microsoft.com/schemas/VisualStudio/TeamTest/2010" />
    <TestEntry testId="e350703c-47df-56f0-b995-a52c38b53eca" executionId="7d6ebbf4-b648-43a3-ba4e-51dc22105f50" testListId="8c84fa94-04c1-424b-9868-57a2d4851a1d" xmlns="http://microsoft.com/schemas/VisualStudio/TeamTest/2010" />
    <TestEntry testId="e350703c-47df-56f0-b995-a52c38b53eca" executionId="37ae8cde-16df-46fe-a80b-7936a892fa0b" testListId="8c84fa94-04c1-424b-9868-57a2d4851a1d" xmlns="http://microsoft.com/schemas/VisualStudio/TeamTest/2010" />
    <TestEntry testId="47e6ed14-b917-99ad-5b18-0068efac17a3" executionId="ba2ac6f3-175b-4cc2-8878-0912e2a7d9f4" testListId="8c84fa94-04c1-424b-9868-57a2d4851a1d" xmlns="http://microsoft.com/schemas/VisualStudio/TeamTest/2010" />
    <TestEntry testId="e350703c-47df-56f0-b995-a52c38b53eca" executionId="b2b198c9-a3c9-4238-a60b-379fada2d728" testListId="8c84fa94-04c1-424b-9868-57a2d4851a1d" xmlns="http://microsoft.com/schemas/VisualStudio/TeamTest/2010" />
    <TestEntry testId="7fd160bc-3b5b-e6e2-40ae-1974536260f2" executionId="66cede4e-64b7-405d-b48c-f67857dac2f1" testListId="8c84fa94-04c1-424b-9868-57a2d4851a1d" xmlns="http://microsoft.com/schemas/VisualStudio/TeamTest/2010" />
    <TestEntry testId="e350703c-47df-56f0-b995-a52c38b53eca" executionId="4efb686c-1c7e-4cc7-bae1-e52847085dc4" testListId="8c84fa94-04c1-424b-9868-57a2d4851a1d" xmlns="http://microsoft.com/schemas/VisualStudio/TeamTest/2010" />
    <TestEntry testId="7fd160bc-3b5b-e6e2-40ae-1974536260f2" executionId="2a3b66cd-62d5-4b01-b90b-b98ff6c8be7b" testListId="8c84fa94-04c1-424b-9868-57a2d4851a1d" xmlns="http://microsoft.com/schemas/VisualStudio/TeamTest/2010" />
    <TestEntry testId="b6498f29-1231-5fcf-4954-1746daa0500d" executionId="b367264e-a34b-4ddc-9a91-9cf50af0b1ac" testListId="8c84fa94-04c1-424b-9868-57a2d4851a1d" xmlns="http://microsoft.com/schemas/VisualStudio/TeamTest/2010" />
    <TestEntry testId="e350703c-47df-56f0-b995-a52c38b53eca" executionId="920bc9cb-0d26-4ae7-b2e2-9345abdeecf5" testListId="8c84fa94-04c1-424b-9868-57a2d4851a1d" xmlns="http://microsoft.com/schemas/VisualStudio/TeamTest/2010" />
    <TestEntry testId="c3d96c67-b7eb-8271-8b2c-35176b8a900c" executionId="07afe965-009d-4726-b88b-21d8b8c445c2" testListId="8c84fa94-04c1-424b-9868-57a2d4851a1d" xmlns="http://microsoft.com/schemas/VisualStudio/TeamTest/2010" />
    <TestEntry testId="b6498f29-1231-5fcf-4954-1746daa0500d" executionId="b15e7b62-ff17-42e7-b5f9-23ba196c8d30" testListId="8c84fa94-04c1-424b-9868-57a2d4851a1d" xmlns="http://microsoft.com/schemas/VisualStudio/TeamTest/2010" />
    <TestEntry testId="565e6ddc-fd0f-5db8-1ac5-68872b2812d2" executionId="25503d7a-c975-48cb-af3a-dc37792ae699" testListId="8c84fa94-04c1-424b-9868-57a2d4851a1d" xmlns="http://microsoft.com/schemas/VisualStudio/TeamTest/2010" />
    <TestEntry testId="b6498f29-1231-5fcf-4954-1746daa0500d" executionId="01c28c23-b67d-4dae-bc17-7e149539dbca" testListId="8c84fa94-04c1-424b-9868-57a2d4851a1d" xmlns="http://microsoft.com/schemas/VisualStudio/TeamTest/2010" />
    <TestEntry testId="b6498f29-1231-5fcf-4954-1746daa0500d" executionId="c9cd5079-c002-4e82-bfdf-797e36c49d69" testListId="8c84fa94-04c1-424b-9868-57a2d4851a1d" xmlns="http://microsoft.com/schemas/VisualStudio/TeamTest/2010" />
    <TestEntry testId="e350703c-47df-56f0-b995-a52c38b53eca" executionId="a067c384-b42b-42ea-9b8c-5cc8431e48bc" testListId="8c84fa94-04c1-424b-9868-57a2d4851a1d" xmlns="http://microsoft.com/schemas/VisualStudio/TeamTest/2010" />
    <TestEntry testId="7fd160bc-3b5b-e6e2-40ae-1974536260f2" executionId="f51160ce-6ccb-4a25-a560-6804be53a4b8" testListId="8c84fa94-04c1-424b-9868-57a2d4851a1d" xmlns="http://microsoft.com/schemas/VisualStudio/TeamTest/2010" />
    <TestEntry testId="5dada6fb-9282-72bc-c9b2-bcfb539a1619" executionId="d5c1acd2-5ce8-488c-98a5-fe3986555e2d" testListId="8c84fa94-04c1-424b-9868-57a2d4851a1d" xmlns="http://microsoft.com/schemas/VisualStudio/TeamTest/2010" />
    <TestEntry testId="b6498f29-1231-5fcf-4954-1746daa0500d" executionId="48467c2a-cfea-49cc-aa2c-e4ba74ff4ced" testListId="8c84fa94-04c1-424b-9868-57a2d4851a1d" xmlns="http://microsoft.com/schemas/VisualStudio/TeamTest/2010" />
    <TestEntry testId="831e2631-9a37-4b0a-2e4e-453da32f04e1" executionId="378daa48-3111-4891-abee-660d6da9e12d" testListId="8c84fa94-04c1-424b-9868-57a2d4851a1d" xmlns="http://microsoft.com/schemas/VisualStudio/TeamTest/2010" />
    <TestEntry testId="5745a05f-6078-14a6-d124-e23b5e51504a" executionId="bbc0d531-ffc3-41d4-8c28-af5010af1fa6" testListId="8c84fa94-04c1-424b-9868-57a2d4851a1d" xmlns="http://microsoft.com/schemas/VisualStudio/TeamTest/2010" />
    <TestEntry testId="7fd160bc-3b5b-e6e2-40ae-1974536260f2" executionId="32535b31-c641-4f21-9646-c176045dd845" testListId="8c84fa94-04c1-424b-9868-57a2d4851a1d" xmlns="http://microsoft.com/schemas/VisualStudio/TeamTest/2010" />
    <TestEntry testId="256bd52f-eccc-f32c-0e34-b0f4b03b83cc" executionId="dcb24889-7af3-4392-b9f4-fac384dd6069" testListId="8c84fa94-04c1-424b-9868-57a2d4851a1d" xmlns="http://microsoft.com/schemas/VisualStudio/TeamTest/2010" />
    <TestEntry testId="2bfed98c-f04b-a9c6-9b30-1a4a12b04bd4" executionId="9d3a43bd-1420-42c9-9ee6-79aca5458d7b" testListId="8c84fa94-04c1-424b-9868-57a2d4851a1d" xmlns="http://microsoft.com/schemas/VisualStudio/TeamTest/2010" />
    <TestEntry testId="e350703c-47df-56f0-b995-a52c38b53eca" executionId="d95f0990-5790-4ec9-80c5-6821c1d634bb" testListId="8c84fa94-04c1-424b-9868-57a2d4851a1d" xmlns="http://microsoft.com/schemas/VisualStudio/TeamTest/2010" />
    <TestEntry testId="b6498f29-1231-5fcf-4954-1746daa0500d" executionId="52df9e57-49ca-48e7-853d-d13420b28d93" testListId="8c84fa94-04c1-424b-9868-57a2d4851a1d" xmlns="http://microsoft.com/schemas/VisualStudio/TeamTest/2010" />
    <TestEntry testId="c07bd30b-1999-489c-e66f-17f7d59077a7" executionId="3b86cbeb-4d6e-40ec-8e5e-63331df1268b" testListId="8c84fa94-04c1-424b-9868-57a2d4851a1d" xmlns="http://microsoft.com/schemas/VisualStudio/TeamTest/2010" />
    <TestEntry testId="838644d9-6365-e4a6-691a-5f9e9cba540d" executionId="03609db9-e473-4e98-9866-9e5f6af1c8dc" testListId="8c84fa94-04c1-424b-9868-57a2d4851a1d" xmlns="http://microsoft.com/schemas/VisualStudio/TeamTest/2010" />
    <TestEntry testId="4ce80adc-85b2-94de-76f3-cc28367202bc" executionId="43943c71-7c92-433b-80c5-8e1007f4383f" testListId="8c84fa94-04c1-424b-9868-57a2d4851a1d" xmlns="http://microsoft.com/schemas/VisualStudio/TeamTest/2010" />
    <TestEntry testId="926b3157-bee3-3ace-b6de-f2a9df622c6d" executionId="e53dfe0b-fe42-48fc-9960-a9c99b50c18f" testListId="8c84fa94-04c1-424b-9868-57a2d4851a1d" xmlns="http://microsoft.com/schemas/VisualStudio/TeamTest/2010" />
    <TestEntry testId="b6498f29-1231-5fcf-4954-1746daa0500d" executionId="bc154354-c95f-45ae-b007-38b041893fe6" testListId="8c84fa94-04c1-424b-9868-57a2d4851a1d" xmlns="http://microsoft.com/schemas/VisualStudio/TeamTest/2010" />
    <TestEntry testId="b6498f29-1231-5fcf-4954-1746daa0500d" executionId="d92270cf-8288-4f71-86c6-e434e2f5b8e1" testListId="8c84fa94-04c1-424b-9868-57a2d4851a1d" xmlns="http://microsoft.com/schemas/VisualStudio/TeamTest/2010" />
    <TestEntry testId="e350703c-47df-56f0-b995-a52c38b53eca" executionId="2d955e25-e15b-438e-bfaf-6f0cfcdd600a" testListId="8c84fa94-04c1-424b-9868-57a2d4851a1d" xmlns="http://microsoft.com/schemas/VisualStudio/TeamTest/2010" />
    <TestEntry testId="b6498f29-1231-5fcf-4954-1746daa0500d" executionId="56742cdf-5d74-486f-89f7-dbb5127abf15" testListId="8c84fa94-04c1-424b-9868-57a2d4851a1d" xmlns="http://microsoft.com/schemas/VisualStudio/TeamTest/2010" />
    <TestEntry testId="5adbf889-f6cc-6aad-7fc3-6b99d44bef4c" executionId="bc9a762b-0757-4d04-83ee-c65a13a4a41f" testListId="8c84fa94-04c1-424b-9868-57a2d4851a1d" xmlns="http://microsoft.com/schemas/VisualStudio/TeamTest/2010" />
    <TestEntry testId="f20600a2-9628-5de8-bbf6-315f97e16140" executionId="60b370f2-2338-42e6-8396-c30a1ee5c53a" testListId="8c84fa94-04c1-424b-9868-57a2d4851a1d" xmlns="http://microsoft.com/schemas/VisualStudio/TeamTest/2010" />
    <TestEntry testId="e350703c-47df-56f0-b995-a52c38b53eca" executionId="8524ff78-4488-41dc-9c36-f6c66f2386fa" testListId="8c84fa94-04c1-424b-9868-57a2d4851a1d" xmlns="http://microsoft.com/schemas/VisualStudio/TeamTest/2010" />
    <TestEntry testId="dbc55b57-382b-82eb-3acf-abef72ee15cc" executionId="779d41bd-a75f-4841-b38e-d1813fe88325" testListId="8c84fa94-04c1-424b-9868-57a2d4851a1d" xmlns="http://microsoft.com/schemas/VisualStudio/TeamTest/2010" />
    <TestEntry testId="b64dc215-d1b4-1f14-fa25-4d622e2e9f2e" executionId="69bb278a-70f9-4648-8aa6-c4c09a4bf02e" testListId="8c84fa94-04c1-424b-9868-57a2d4851a1d" xmlns="http://microsoft.com/schemas/VisualStudio/TeamTest/2010" />
    <TestEntry testId="e5454c02-b359-b78c-7c37-b5f0f590b608" executionId="7a65a2d3-eb05-41e9-9b5a-a1223fb8b0e9" testListId="8c84fa94-04c1-424b-9868-57a2d4851a1d" xmlns="http://microsoft.com/schemas/VisualStudio/TeamTest/2010" />
    <TestEntry testId="cafd6058-6aab-9d1f-69ad-4c9f56040de6" executionId="5af1b04b-35fe-47c9-9938-43d2648055a7" testListId="8c84fa94-04c1-424b-9868-57a2d4851a1d" xmlns="http://microsoft.com/schemas/VisualStudio/TeamTest/2010" />
    <TestEntry testId="2e0c9851-0485-aa3c-d24f-7fccd80074f4" executionId="a8a50ed7-efd8-443c-9e29-24d2caac2081" testListId="8c84fa94-04c1-424b-9868-57a2d4851a1d" xmlns="http://microsoft.com/schemas/VisualStudio/TeamTest/2010" />
    <TestEntry testId="4bf38066-0bb2-757e-8a8e-3db6781b25d2" executionId="287d2aa0-5656-4896-9784-20b5e978a9b2" testListId="8c84fa94-04c1-424b-9868-57a2d4851a1d" xmlns="http://microsoft.com/schemas/VisualStudio/TeamTest/2010" />
    <TestEntry testId="0f7e3e16-777a-5558-36e8-70ed511d8dc2" executionId="3fefcdcb-7f67-42a8-8dae-9f0b0986694b" testListId="8c84fa94-04c1-424b-9868-57a2d4851a1d" xmlns="http://microsoft.com/schemas/VisualStudio/TeamTest/2010" />
    <TestEntry testId="2b082eef-4fa9-3b0c-8d19-b1f036cc7147" executionId="2ff51e66-075d-4c06-ba9a-c3a71b177b7f" testListId="8c84fa94-04c1-424b-9868-57a2d4851a1d" xmlns="http://microsoft.com/schemas/VisualStudio/TeamTest/2010" />
    <TestEntry testId="38e9a0c7-b39d-0746-cc04-b6b9aa4e3b7c" executionId="648d670a-358e-4778-98dd-39417ed22f2b" testListId="8c84fa94-04c1-424b-9868-57a2d4851a1d" xmlns="http://microsoft.com/schemas/VisualStudio/TeamTest/2010" />
    <TestEntry testId="f78a8ff3-c0d0-976a-acb4-40a970430b93" executionId="4a59e6c9-f402-46bd-b724-6944832289f7" testListId="8c84fa94-04c1-424b-9868-57a2d4851a1d" xmlns="http://microsoft.com/schemas/VisualStudio/TeamTest/2010" />
    <TestEntry testId="a68de2ae-2056-64c2-a1d0-a4ade981516a" executionId="61d12989-822b-4d73-be78-422486850299" testListId="8c84fa94-04c1-424b-9868-57a2d4851a1d" xmlns="http://microsoft.com/schemas/VisualStudio/TeamTest/2010" />
    <TestEntry testId="84a71d2d-ba2d-93f8-5034-8f6c197225a9" executionId="e9f8bb44-a802-4273-90be-68f60cc17dff" testListId="8c84fa94-04c1-424b-9868-57a2d4851a1d" xmlns="http://microsoft.com/schemas/VisualStudio/TeamTest/2010" />
    <TestEntry testId="207e4065-88b5-ba27-1f76-4d0f0a098cde" executionId="803aae46-c639-4eae-9660-5080d08fc69a" testListId="8c84fa94-04c1-424b-9868-57a2d4851a1d" xmlns="http://microsoft.com/schemas/VisualStudio/TeamTest/2010" />
    <TestEntry testId="97a142d5-b0a9-d9bf-03a6-736e4df75106" executionId="96ad9532-f80d-4940-89f7-ae4df20af570" testListId="8c84fa94-04c1-424b-9868-57a2d4851a1d" xmlns="http://microsoft.com/schemas/VisualStudio/TeamTest/2010" />
    <TestEntry testId="250659bd-c780-75f8-425e-56948f547d27" executionId="1dc7910b-5c6c-4dca-b8ff-a6e531b7b6a4" testListId="8c84fa94-04c1-424b-9868-57a2d4851a1d" xmlns="http://microsoft.com/schemas/VisualStudio/TeamTest/2010" />
    <TestEntry testId="0b8f627b-a1c8-6277-6090-2fc13b4051a9" executionId="933992f1-ce09-4c4c-8123-bf2d9c638117" testListId="8c84fa94-04c1-424b-9868-57a2d4851a1d" xmlns="http://microsoft.com/schemas/VisualStudio/TeamTest/2010" />
    <TestEntry testId="2ae6c352-791a-5a0c-8cef-9e8ca7a29354" executionId="9b7d69c5-7891-42d7-a031-f82e37fca1c0" testListId="8c84fa94-04c1-424b-9868-57a2d4851a1d" xmlns="http://microsoft.com/schemas/VisualStudio/TeamTest/2010" />
    <TestEntry testId="8e643e26-fbd5-ae99-4a9a-d26e4648cd65" executionId="4a867966-5e3a-4980-a46c-5e36802547ad" testListId="8c84fa94-04c1-424b-9868-57a2d4851a1d" xmlns="http://microsoft.com/schemas/VisualStudio/TeamTest/2010" />
    <TestEntry testId="ce6510cf-36c8-726a-19a1-61fee8813205" executionId="b8f41861-5f9c-486b-9950-2739bac90da8" testListId="8c84fa94-04c1-424b-9868-57a2d4851a1d" xmlns="http://microsoft.com/schemas/VisualStudio/TeamTest/2010" />
    <TestEntry testId="ddf9cd7e-758c-d704-01a7-8f705631b98b" executionId="22ce8182-626b-4f87-b1f5-87f796895296" testListId="8c84fa94-04c1-424b-9868-57a2d4851a1d" xmlns="http://microsoft.com/schemas/VisualStudio/TeamTest/2010" />
    <TestEntry testId="d30c3925-6041-dd0b-2a02-37144f03e811" executionId="5602ea70-adac-4e47-9a02-9404861e8abc" testListId="8c84fa94-04c1-424b-9868-57a2d4851a1d" xmlns="http://microsoft.com/schemas/VisualStudio/TeamTest/2010" />
    <TestEntry testId="d5c2d09d-d5bb-c30c-e877-f0810b3cd681" executionId="13bc0757-e442-409b-b135-3c7718235c01" testListId="8c84fa94-04c1-424b-9868-57a2d4851a1d" xmlns="http://microsoft.com/schemas/VisualStudio/TeamTest/2010" />
    <TestEntry testId="8667c664-2408-3d94-53dd-862b8bb2405a" executionId="ad59a171-928f-4423-8ac4-7a6dc695e6d3" testListId="8c84fa94-04c1-424b-9868-57a2d4851a1d" xmlns="http://microsoft.com/schemas/VisualStudio/TeamTest/2010" />
    <TestEntry testId="fb3ba795-c081-9f7b-3da5-2154832c187c" executionId="1b22c3e8-aa12-4b10-ba9a-33d585b0455c" testListId="8c84fa94-04c1-424b-9868-57a2d4851a1d" xmlns="http://microsoft.com/schemas/VisualStudio/TeamTest/2010" />
    <TestEntry testId="52185704-5d0e-e5db-ccdd-e6d884289597" executionId="c6312b2b-e314-4cbf-bde2-76b7d8b173c9" testListId="8c84fa94-04c1-424b-9868-57a2d4851a1d" xmlns="http://microsoft.com/schemas/VisualStudio/TeamTest/2010" />
    <TestEntry testId="53f92a56-f656-cd19-3414-6dec87fc1460" executionId="8bf27327-7b60-40e4-a7b7-4d8010e6088b" testListId="8c84fa94-04c1-424b-9868-57a2d4851a1d" xmlns="http://microsoft.com/schemas/VisualStudio/TeamTest/2010" />
    <TestEntry testId="fffaa604-a2bf-cb56-46c0-a54e3c2e5b71" executionId="2ce38243-8c89-44eb-a508-334f5a276f2d" testListId="8c84fa94-04c1-424b-9868-57a2d4851a1d" xmlns="http://microsoft.com/schemas/VisualStudio/TeamTest/2010" />
    <TestEntry testId="29e073f8-c889-a619-68be-0fbabe313523" executionId="083fdc16-0434-4d01-90ca-17241ee3da53" testListId="8c84fa94-04c1-424b-9868-57a2d4851a1d" xmlns="http://microsoft.com/schemas/VisualStudio/TeamTest/2010" />
    <TestEntry testId="0f3b8649-3271-0a42-8cb6-7536e5c6b6c7" executionId="3d979543-bfd5-46ef-b437-e0a6b836abf5" testListId="8c84fa94-04c1-424b-9868-57a2d4851a1d" xmlns="http://microsoft.com/schemas/VisualStudio/TeamTest/2010" />
    <TestEntry testId="0783fcf2-6259-18a6-4548-3ee3e685104b" executionId="b1aa69e9-bfb4-4167-a7be-51ba1ca43114" testListId="8c84fa94-04c1-424b-9868-57a2d4851a1d" xmlns="http://microsoft.com/schemas/VisualStudio/TeamTest/2010" />
    <TestEntry testId="f4cf2bc5-5581-a176-969e-675ebb01aeb7" executionId="6b2a109b-8c7f-4bfe-bbfc-878ffe0ba5f7" testListId="8c84fa94-04c1-424b-9868-57a2d4851a1d" xmlns="http://microsoft.com/schemas/VisualStudio/TeamTest/2010" />
    <TestEntry testId="2987ca95-4d23-bd98-8619-20a1f1f849ce" executionId="f4211e6a-6d7a-443b-a5b7-88e787623a2a" testListId="8c84fa94-04c1-424b-9868-57a2d4851a1d" xmlns="http://microsoft.com/schemas/VisualStudio/TeamTest/2010" />
    <TestEntry testId="7634c0a5-d5d8-ae19-0f45-9f0c0c3f4e32" executionId="16988848-6550-4ff4-89c5-b914326a9bcd" testListId="8c84fa94-04c1-424b-9868-57a2d4851a1d" xmlns="http://microsoft.com/schemas/VisualStudio/TeamTest/2010" />
    <TestEntry testId="6acd0700-45fd-3a58-a98b-e73e695d3cb6" executionId="28cf8514-fb44-407c-8b26-5c436412a5e0" testListId="8c84fa94-04c1-424b-9868-57a2d4851a1d" xmlns="http://microsoft.com/schemas/VisualStudio/TeamTest/2010" />
    <TestEntry testId="a0c29914-2fac-1ccd-4f27-21bcc9ae1a84" executionId="c6774a62-9739-4067-b7bf-8ca0018cc10d" testListId="8c84fa94-04c1-424b-9868-57a2d4851a1d" xmlns="http://microsoft.com/schemas/VisualStudio/TeamTest/2010" />
    <TestEntry testId="8338d02b-d210-c931-4723-375c66eef863" executionId="daf26b87-767e-4a45-9354-9f39fd515157" testListId="8c84fa94-04c1-424b-9868-57a2d4851a1d" xmlns="http://microsoft.com/schemas/VisualStudio/TeamTest/2010" />
    <TestEntry testId="1d97f529-259a-f217-942c-8e2e6578735c" executionId="e56eb737-d591-42fb-b370-5f6b22ac0614" testListId="8c84fa94-04c1-424b-9868-57a2d4851a1d" xmlns="http://microsoft.com/schemas/VisualStudio/TeamTest/2010" />
    <TestEntry testId="c3266cf0-adcb-0581-8c52-a350b87b4664" executionId="84674fc9-47e7-493f-a787-f68e97139cd0" testListId="8c84fa94-04c1-424b-9868-57a2d4851a1d" xmlns="http://microsoft.com/schemas/VisualStudio/TeamTest/2010" />
    <TestEntry testId="219547ac-d953-99f8-2edf-0911d57e52dd" executionId="5d3a8fc4-58b0-4108-87f5-7c37758d0a46" testListId="8c84fa94-04c1-424b-9868-57a2d4851a1d" xmlns="http://microsoft.com/schemas/VisualStudio/TeamTest/2010" />
    <TestEntry testId="6acc9c74-0373-caf8-35ed-9e340028f0c1" executionId="1030d549-3294-4baf-b9a0-2bc03d6f420a" testListId="8c84fa94-04c1-424b-9868-57a2d4851a1d" xmlns="http://microsoft.com/schemas/VisualStudio/TeamTest/2010" />
    <TestEntry testId="f6e30306-bb3b-d2e5-9a55-741402e2594f" executionId="10922ca9-7202-4f16-aba2-d47b8645791c" testListId="8c84fa94-04c1-424b-9868-57a2d4851a1d" xmlns="http://microsoft.com/schemas/VisualStudio/TeamTest/2010" />
    <TestEntry testId="6945fc8e-bced-3763-56d7-dd9774cf09e7" executionId="b46c7a51-cbc5-414b-a1cf-46b7b81c144a" testListId="8c84fa94-04c1-424b-9868-57a2d4851a1d" xmlns="http://microsoft.com/schemas/VisualStudio/TeamTest/2010" />
    <TestEntry testId="e97eaf8e-0ecf-65f5-04ab-76ca8870b372" executionId="7bafe149-4ba8-4713-88c2-565ccbdf4b56" testListId="8c84fa94-04c1-424b-9868-57a2d4851a1d" xmlns="http://microsoft.com/schemas/VisualStudio/TeamTest/2010" />
    <TestEntry testId="f6892432-d506-05dd-c1d8-5f655afbf0ef" executionId="04ddff7e-4e04-435f-9c74-7d3eadea9387" testListId="8c84fa94-04c1-424b-9868-57a2d4851a1d" xmlns="http://microsoft.com/schemas/VisualStudio/TeamTest/2010" />
    <TestEntry testId="6a696e3c-fdaf-a272-447e-e0c2a6c77673" executionId="af9a82c4-38ac-41dc-a778-ad919eb088aa" testListId="8c84fa94-04c1-424b-9868-57a2d4851a1d" xmlns="http://microsoft.com/schemas/VisualStudio/TeamTest/2010" />
    <TestEntry testId="55a3c803-06e9-6a98-6826-97a1597a8680" executionId="d1099f81-9056-433a-8b61-c8cb9691fef6" testListId="8c84fa94-04c1-424b-9868-57a2d4851a1d" xmlns="http://microsoft.com/schemas/VisualStudio/TeamTest/2010" />
    <TestEntry testId="6f5bf48c-e4c0-b967-62c8-a640629e7719" executionId="80aad71d-1f29-4d81-8bfb-b9b02f9e13c0" testListId="8c84fa94-04c1-424b-9868-57a2d4851a1d" xmlns="http://microsoft.com/schemas/VisualStudio/TeamTest/2010" />
    <TestEntry testId="a465e3e2-5f33-9280-96a5-dad2cdb56d48" executionId="42810d77-4cb2-4d0a-84fc-3627a49242eb" testListId="8c84fa94-04c1-424b-9868-57a2d4851a1d" xmlns="http://microsoft.com/schemas/VisualStudio/TeamTest/2010" />
    <TestEntry testId="d9a582db-720f-849c-5c6c-3e72305e7969" executionId="6968c3fc-62c3-4d6e-89ee-42f0d19c6349" testListId="8c84fa94-04c1-424b-9868-57a2d4851a1d" xmlns="http://microsoft.com/schemas/VisualStudio/TeamTest/2010" />
    <TestEntry testId="2be0bb23-bdd4-39e3-5c52-58d829d1a4f6" executionId="3eafb1a8-c001-4932-9731-024d2568eca7" testListId="8c84fa94-04c1-424b-9868-57a2d4851a1d" xmlns="http://microsoft.com/schemas/VisualStudio/TeamTest/2010" />
    <TestEntry testId="da8e2bdd-b046-b065-da35-f4d8fa39c126" executionId="d17b5f28-f3a8-4b72-a707-06d6510ac725" testListId="8c84fa94-04c1-424b-9868-57a2d4851a1d" xmlns="http://microsoft.com/schemas/VisualStudio/TeamTest/2010" />
    <TestEntry testId="18ab39eb-c269-8e5e-27c8-0e0099e940b7" executionId="51c36e12-1178-4f39-a91c-d3b10e505799" testListId="8c84fa94-04c1-424b-9868-57a2d4851a1d" xmlns="http://microsoft.com/schemas/VisualStudio/TeamTest/2010" />
    <TestEntry testId="fc5fae9f-91d6-fa24-579e-a13cc255eec6" executionId="18c6fc2f-e879-4567-8952-00334e0a1a5b" testListId="8c84fa94-04c1-424b-9868-57a2d4851a1d" xmlns="http://microsoft.com/schemas/VisualStudio/TeamTest/2010" />
    <TestEntry testId="921f768d-c026-5c72-695c-6195f075a1c1" executionId="a0e44ede-500c-4f9e-963d-32744d33b60e" testListId="8c84fa94-04c1-424b-9868-57a2d4851a1d" xmlns="http://microsoft.com/schemas/VisualStudio/TeamTest/2010" />
    <TestEntry testId="abffb153-2bc5-2e5d-37d3-34241627ba4f" executionId="385f1677-3ea5-4a05-8f46-c52bd4edea4c" testListId="8c84fa94-04c1-424b-9868-57a2d4851a1d" xmlns="http://microsoft.com/schemas/VisualStudio/TeamTest/2010" />
    <TestEntry testId="32feb49a-a169-6254-5ae6-6f93b144c382" executionId="3d870979-e79c-40ae-93aa-2d9845f63af5" testListId="8c84fa94-04c1-424b-9868-57a2d4851a1d" xmlns="http://microsoft.com/schemas/VisualStudio/TeamTest/2010" />
    <TestEntry testId="b7ad954c-d7f8-9b7f-da20-994bdddaa358" executionId="3ce272cf-cde6-4137-951e-a6d5a1960745" testListId="8c84fa94-04c1-424b-9868-57a2d4851a1d" xmlns="http://microsoft.com/schemas/VisualStudio/TeamTest/2010" />
    <TestEntry testId="a7424620-7d66-2bab-87dd-6bf41b62173f" executionId="e4a52e1c-7bcb-4820-8f24-e57fa7b55ee9" testListId="8c84fa94-04c1-424b-9868-57a2d4851a1d" xmlns="http://microsoft.com/schemas/VisualStudio/TeamTest/2010" />
    <TestEntry testId="cb67196b-6ac5-2ad3-c511-f22d8dd105d9" executionId="b1141e79-50de-4334-ba74-3ab5e46691e9" testListId="8c84fa94-04c1-424b-9868-57a2d4851a1d" xmlns="http://microsoft.com/schemas/VisualStudio/TeamTest/2010" />
    <TestEntry testId="9995fe48-045c-fb86-728c-6afde736c742" executionId="3b350acf-5020-4137-8449-f79219986837" testListId="8c84fa94-04c1-424b-9868-57a2d4851a1d" xmlns="http://microsoft.com/schemas/VisualStudio/TeamTest/2010" />
    <TestEntry testId="a8ca89f0-79ce-83ca-018f-472a49db6f46" executionId="b01a20d6-240a-4206-b3ff-4c960ba603dd" testListId="8c84fa94-04c1-424b-9868-57a2d4851a1d" xmlns="http://microsoft.com/schemas/VisualStudio/TeamTest/2010" />
    <TestEntry testId="e05e78b9-1fc5-d5e7-7e42-f53788d2e4a8" executionId="8c427b4c-7c5a-4d19-af57-3b22b1296e16" testListId="8c84fa94-04c1-424b-9868-57a2d4851a1d" xmlns="http://microsoft.com/schemas/VisualStudio/TeamTest/2010" />
    <TestEntry testId="3e3a289b-1c74-15e1-39bf-f6ee0cea86e7" executionId="f7a40961-0855-4a05-ae44-9d6abc60fc88" testListId="8c84fa94-04c1-424b-9868-57a2d4851a1d" xmlns="http://microsoft.com/schemas/VisualStudio/TeamTest/2010" />
    <TestEntry testId="a1968147-0351-75a4-0e13-531c67b43bf8" executionId="afd8566c-a256-4bcc-9a52-b512f95abff0" testListId="8c84fa94-04c1-424b-9868-57a2d4851a1d" xmlns="http://microsoft.com/schemas/VisualStudio/TeamTest/2010" />
    <TestEntry testId="747a08c9-a3e7-c6d3-d3e5-4ea9ef67df60" executionId="eb60c41b-e188-4059-9485-c47780f6846a" testListId="8c84fa94-04c1-424b-9868-57a2d4851a1d" xmlns="http://microsoft.com/schemas/VisualStudio/TeamTest/2010" />
    <TestEntry testId="1d8ac424-d8c8-cc40-95df-91f5d4ddca6b" executionId="65590435-436a-40f2-966f-2661c59b274f" testListId="8c84fa94-04c1-424b-9868-57a2d4851a1d" xmlns="http://microsoft.com/schemas/VisualStudio/TeamTest/2010" />
    <TestEntry testId="09a12892-a09d-2217-56ca-535c29014ee4" executionId="c97a17fe-f1c6-442c-93fc-1a4f021527fe" testListId="8c84fa94-04c1-424b-9868-57a2d4851a1d" xmlns="http://microsoft.com/schemas/VisualStudio/TeamTest/2010" />
    <TestEntry testId="23e6d9bc-f3c3-f29d-3344-d86cf83d0f1d" executionId="3bbdd0c4-cd00-4dee-8025-f06d69e3aeb9" testListId="8c84fa94-04c1-424b-9868-57a2d4851a1d" xmlns="http://microsoft.com/schemas/VisualStudio/TeamTest/2010" />
    <TestEntry testId="92340e72-277a-04a0-4ab5-bc7177798536" executionId="1d79fc07-10ab-4052-a444-863a227c68b5" testListId="8c84fa94-04c1-424b-9868-57a2d4851a1d" xmlns="http://microsoft.com/schemas/VisualStudio/TeamTest/2010" />
    <TestEntry testId="40b5ef99-b7df-93ac-7917-4647f5a51753" executionId="16c2a3e3-09ef-4531-82c3-96158eaeed51" testListId="8c84fa94-04c1-424b-9868-57a2d4851a1d" xmlns="http://microsoft.com/schemas/VisualStudio/TeamTest/2010" />
    <TestEntry testId="01759c6c-9c6f-76ea-83d1-8f4c8b379bd1" executionId="9815c874-51eb-477e-93de-1719ce6a983b" testListId="8c84fa94-04c1-424b-9868-57a2d4851a1d" xmlns="http://microsoft.com/schemas/VisualStudio/TeamTest/2010" />
    <TestEntry testId="b13fa943-22bd-9e1f-c5db-ef62652cfa07" executionId="bb0c1b76-1c71-4c4d-a428-ca092e49680d" testListId="8c84fa94-04c1-424b-9868-57a2d4851a1d" xmlns="http://microsoft.com/schemas/VisualStudio/TeamTest/2010" />
    <TestEntry testId="58462863-ff6d-f063-2a0a-2d8d701b12ea" executionId="fe6eb761-c776-4af4-a11a-df8b282381a7" testListId="8c84fa94-04c1-424b-9868-57a2d4851a1d" xmlns="http://microsoft.com/schemas/VisualStudio/TeamTest/2010" />
    <TestEntry testId="cb4cfb9e-73c3-8e26-9b3a-14e0a5fbae7b" executionId="e38a042e-bcc8-4766-8bef-d0ded6a27e1f" testListId="8c84fa94-04c1-424b-9868-57a2d4851a1d" xmlns="http://microsoft.com/schemas/VisualStudio/TeamTest/2010" />
    <TestEntry testId="1d309172-e008-0657-5b5e-95e52af2c894" executionId="25c4e596-9670-4f88-916d-7a87e18314b4" testListId="8c84fa94-04c1-424b-9868-57a2d4851a1d" xmlns="http://microsoft.com/schemas/VisualStudio/TeamTest/2010" />
    <TestEntry testId="2be8e5bd-2821-3300-9bb9-16d0bbda7431" executionId="65a7403a-c0bf-4c2b-842d-ac76b0fd888c" testListId="8c84fa94-04c1-424b-9868-57a2d4851a1d" xmlns="http://microsoft.com/schemas/VisualStudio/TeamTest/2010" />
    <TestEntry testId="ec5b60ed-7fe8-4ace-f494-55fd9fc20bb2" executionId="13a1afd3-a78c-4e08-954a-cb01dba67abb" testListId="8c84fa94-04c1-424b-9868-57a2d4851a1d" xmlns="http://microsoft.com/schemas/VisualStudio/TeamTest/2010" />
    <TestEntry testId="101e9e04-cff8-8fa9-c661-9d47b6be78ef" executionId="c70c49bc-f96d-4093-bcf2-cb696c0ab49d" testListId="8c84fa94-04c1-424b-9868-57a2d4851a1d" xmlns="http://microsoft.com/schemas/VisualStudio/TeamTest/2010" />
    <TestEntry testId="e084b9bb-3fb5-a391-9844-c9e65646417a" executionId="351485cb-8268-4d2f-9c02-11ed92cea827" testListId="8c84fa94-04c1-424b-9868-57a2d4851a1d" xmlns="http://microsoft.com/schemas/VisualStudio/TeamTest/2010" />
    <TestEntry testId="d543c38b-7074-0e95-e523-50409de6c955" executionId="a48826de-d781-444b-ac92-1769fb02ef29" testListId="8c84fa94-04c1-424b-9868-57a2d4851a1d" xmlns="http://microsoft.com/schemas/VisualStudio/TeamTest/2010" />
    <TestEntry testId="78601fce-42b7-1d43-f4d2-c9e13ea5ac39" executionId="e6c93435-ef8e-49ad-aaf2-2216d1eb9617" testListId="8c84fa94-04c1-424b-9868-57a2d4851a1d" xmlns="http://microsoft.com/schemas/VisualStudio/TeamTest/2010" />
    <TestEntry testId="447a7ec8-4d58-9251-c78c-779d4ba60530" executionId="3197f7d8-073e-43e1-b6a7-458209a1d84d" testListId="8c84fa94-04c1-424b-9868-57a2d4851a1d" xmlns="http://microsoft.com/schemas/VisualStudio/TeamTest/2010" />
    <TestEntry testId="fe55777e-1d6a-5099-e51b-5211c764827b" executionId="8181ef2f-c47d-4a59-8cbd-3260c0b5cf37" testListId="8c84fa94-04c1-424b-9868-57a2d4851a1d" xmlns="http://microsoft.com/schemas/VisualStudio/TeamTest/2010" />
    <TestEntry testId="c3657274-5684-84b0-53f6-50ffb36049ed" executionId="ecc2ff08-d281-41aa-aa1c-810d2503ad98" testListId="8c84fa94-04c1-424b-9868-57a2d4851a1d" xmlns="http://microsoft.com/schemas/VisualStudio/TeamTest/2010" />
    <TestEntry testId="15f0f0c3-de9f-da14-426b-78765c04900a" executionId="dfce5ddb-c232-4281-b0c5-c1b7ce1ee552" testListId="8c84fa94-04c1-424b-9868-57a2d4851a1d" xmlns="http://microsoft.com/schemas/VisualStudio/TeamTest/2010" />
    <TestEntry testId="7d752d6c-ea35-c2bf-5a54-d2a77f5d8d11" executionId="18756d29-7d08-40fd-b654-99160b51da58" testListId="8c84fa94-04c1-424b-9868-57a2d4851a1d" xmlns="http://microsoft.com/schemas/VisualStudio/TeamTest/2010" />
    <TestEntry testId="4e84d721-e721-48df-0fef-58399d42c3e4" executionId="04128a44-80cf-48cb-b422-a5a08d87432a" testListId="8c84fa94-04c1-424b-9868-57a2d4851a1d" xmlns="http://microsoft.com/schemas/VisualStudio/TeamTest/2010" />
    <TestEntry testId="acbf883b-a248-9198-bfe3-0944bb2a2172" executionId="79852190-e388-45cd-be04-bc0497e16c2d" testListId="8c84fa94-04c1-424b-9868-57a2d4851a1d" xmlns="http://microsoft.com/schemas/VisualStudio/TeamTest/2010" />
    <TestEntry testId="1521fdf8-ee8e-3f24-da8a-3dd3b9aaa633" executionId="77bc299b-da34-46c5-aacd-1208db4daad0" testListId="8c84fa94-04c1-424b-9868-57a2d4851a1d" xmlns="http://microsoft.com/schemas/VisualStudio/TeamTest/2010" />
    <TestEntry testId="00a18adb-717a-ef94-6424-5f5fb443e4cf" executionId="a2eeaec0-4c42-4a19-bf9f-9de81436c286" testListId="8c84fa94-04c1-424b-9868-57a2d4851a1d" xmlns="http://microsoft.com/schemas/VisualStudio/TeamTest/2010" />
    <TestEntry testId="e25795eb-c389-3b43-4e5f-ee4489209b2a" executionId="e434b4f8-a853-444b-b0b9-54e6cbe4a78c" testListId="8c84fa94-04c1-424b-9868-57a2d4851a1d" xmlns="http://microsoft.com/schemas/VisualStudio/TeamTest/2010" />
    <TestEntry testId="162a9975-fa90-6541-ed71-2ec4dcc7aa4e" executionId="e0254913-8141-40a8-95c8-9dd308a14d36" testListId="8c84fa94-04c1-424b-9868-57a2d4851a1d" xmlns="http://microsoft.com/schemas/VisualStudio/TeamTest/2010" />
    <TestEntry testId="d27fa711-0e9a-e814-3ef2-aa33f0dcce39" executionId="6a431397-008a-4db9-b5b4-8a1a7ccb9190" testListId="8c84fa94-04c1-424b-9868-57a2d4851a1d" xmlns="http://microsoft.com/schemas/VisualStudio/TeamTest/2010" />
    <TestEntry testId="8a35045d-3fa3-99c5-00ae-6cb0cc7f41bf" executionId="896b5866-8d4e-488f-b119-3fb294b5f1b6" testListId="8c84fa94-04c1-424b-9868-57a2d4851a1d" xmlns="http://microsoft.com/schemas/VisualStudio/TeamTest/2010" />
    <TestEntry testId="05a8bf42-5434-8515-7c2c-2cfaa500d506" executionId="1f2e013d-1505-4ee6-984a-680392ab239e" testListId="8c84fa94-04c1-424b-9868-57a2d4851a1d" xmlns="http://microsoft.com/schemas/VisualStudio/TeamTest/2010" />
    <TestEntry testId="51b3917d-24ec-e1ae-8b96-e40add1a9fbb" executionId="e57533bb-ba57-4eb9-95fd-e6e0635d1d6c" testListId="8c84fa94-04c1-424b-9868-57a2d4851a1d" xmlns="http://microsoft.com/schemas/VisualStudio/TeamTest/2010" />
    <TestEntry testId="74c0350c-cd7d-cb05-e9ec-3dbfcdb5e334" executionId="3f2bae64-395b-436c-8e1a-3b2e9cab7249" testListId="8c84fa94-04c1-424b-9868-57a2d4851a1d" xmlns="http://microsoft.com/schemas/VisualStudio/TeamTest/2010" />
    <TestEntry testId="bfa565c7-fa2e-8baa-d496-303afe5abd4e" executionId="f8a92779-5ab8-4cb9-a168-2121fa852f2a" testListId="8c84fa94-04c1-424b-9868-57a2d4851a1d" xmlns="http://microsoft.com/schemas/VisualStudio/TeamTest/2010" />
    <TestEntry testId="e3aee510-497a-29c4-a957-cf3658ce44bf" executionId="e29829e2-e09b-4b7f-8c5a-0b3c93a58858" testListId="8c84fa94-04c1-424b-9868-57a2d4851a1d" xmlns="http://microsoft.com/schemas/VisualStudio/TeamTest/2010" />
    <TestEntry testId="38847c53-ed57-2707-a54c-021211b43dbe" executionId="37a32046-ac8a-46b1-add6-81681f6821ec" testListId="8c84fa94-04c1-424b-9868-57a2d4851a1d" xmlns="http://microsoft.com/schemas/VisualStudio/TeamTest/2010" />
    <TestEntry testId="6a819246-7db0-b20a-947c-c26438c9bd63" executionId="186e7de0-eec0-4ad4-b4a3-ce2107158feb" testListId="8c84fa94-04c1-424b-9868-57a2d4851a1d" xmlns="http://microsoft.com/schemas/VisualStudio/TeamTest/2010" />
    <TestEntry testId="f0a8452b-a880-3678-5fa2-b0b5343292bb" executionId="ef073c36-8900-4a29-941a-93c273a1482e" testListId="8c84fa94-04c1-424b-9868-57a2d4851a1d" xmlns="http://microsoft.com/schemas/VisualStudio/TeamTest/2010" />
    <TestEntry testId="85c1e566-d68d-d955-a41f-828e82e07cee" executionId="a6387c49-36ed-46fb-95dc-d2adefee172f" testListId="8c84fa94-04c1-424b-9868-57a2d4851a1d" xmlns="http://microsoft.com/schemas/VisualStudio/TeamTest/2010" />
    <TestEntry testId="27d7c2e1-6a3b-6d4f-0096-57d930cb5166" executionId="d2af7365-7d24-480d-a400-0e05744713dd" testListId="8c84fa94-04c1-424b-9868-57a2d4851a1d" xmlns="http://microsoft.com/schemas/VisualStudio/TeamTest/2010" />
    <TestEntry testId="d4c79ddc-bac1-9c46-ff17-af527979978d" executionId="4b47c1d1-47e6-4110-8726-330ee0e8b396" testListId="8c84fa94-04c1-424b-9868-57a2d4851a1d" xmlns="http://microsoft.com/schemas/VisualStudio/TeamTest/2010" />
    <TestEntry testId="02f35529-4ead-47e9-3f31-cb3572ed4bd3" executionId="5a99d377-0a53-48ab-a8d1-84f83429ba1b" testListId="8c84fa94-04c1-424b-9868-57a2d4851a1d" xmlns="http://microsoft.com/schemas/VisualStudio/TeamTest/2010" />
    <TestEntry testId="904d5d76-7886-9282-84ca-d6d2d719e578" executionId="6186f790-fb76-4a2b-8908-a2e7696d1f9a" testListId="8c84fa94-04c1-424b-9868-57a2d4851a1d" xmlns="http://microsoft.com/schemas/VisualStudio/TeamTest/2010" />
    <TestEntry testId="dd99c6d8-5061-c33e-9fb5-f6db9b5c95f7" executionId="75bf6047-ea0e-41b5-830d-d9d9d4912604" testListId="8c84fa94-04c1-424b-9868-57a2d4851a1d" xmlns="http://microsoft.com/schemas/VisualStudio/TeamTest/2010" />
    <TestEntry testId="7409cd42-f673-2565-2261-30abc9b0641d" executionId="0e0d6807-c148-41cd-8bfe-7e90adfef3ce" testListId="8c84fa94-04c1-424b-9868-57a2d4851a1d" xmlns="http://microsoft.com/schemas/VisualStudio/TeamTest/2010" />
    <TestEntry testId="c737a9ae-6e38-8556-c3b4-7587ecb9acbb" executionId="4636552b-eee8-45c8-8b89-ee19180edd16" testListId="8c84fa94-04c1-424b-9868-57a2d4851a1d" xmlns="http://microsoft.com/schemas/VisualStudio/TeamTest/2010" />
    <TestEntry testId="86518760-fa00-295e-47cc-e5d6dba47527" executionId="35ab43cd-1869-4f9b-8507-ada9b40c2034" testListId="8c84fa94-04c1-424b-9868-57a2d4851a1d" xmlns="http://microsoft.com/schemas/VisualStudio/TeamTest/2010" />
    <TestEntry testId="08cb4208-4fe7-b76b-4972-5be8287f6cc2" executionId="0f2fc219-d5ec-4f5e-b13a-048ae18e0020" testListId="8c84fa94-04c1-424b-9868-57a2d4851a1d" xmlns="http://microsoft.com/schemas/VisualStudio/TeamTest/2010" />
    <TestEntry testId="ef7812d1-d662-c64d-e88c-8e391f4a0f87" executionId="6840b25e-443c-4ec5-b295-6719b922103e" testListId="8c84fa94-04c1-424b-9868-57a2d4851a1d" xmlns="http://microsoft.com/schemas/VisualStudio/TeamTest/2010" />
    <TestEntry testId="73b345a6-01ee-1f99-e257-2bd3980b2a55" executionId="3469966c-9f3e-4d99-8fc2-a96242f813e1" testListId="8c84fa94-04c1-424b-9868-57a2d4851a1d" xmlns="http://microsoft.com/schemas/VisualStudio/TeamTest/2010" />
    <TestEntry testId="5fe0a77c-457c-1ad4-ea90-21c6f2197cf3" executionId="8418ecf4-9d6f-4e22-91aa-5451d0a7c120" testListId="8c84fa94-04c1-424b-9868-57a2d4851a1d" xmlns="http://microsoft.com/schemas/VisualStudio/TeamTest/2010" />
    <TestEntry testId="8f963ded-5435-4dfe-3694-5269d26ce987" executionId="cc08876b-355e-476b-a399-8d0236e7c4bb" testListId="8c84fa94-04c1-424b-9868-57a2d4851a1d" xmlns="http://microsoft.com/schemas/VisualStudio/TeamTest/2010" />
    <TestEntry testId="00605a31-5bf4-6a10-d5d8-68605ca0fe9e" executionId="ebf56426-efb9-452a-8628-f5699921638c" testListId="8c84fa94-04c1-424b-9868-57a2d4851a1d" xmlns="http://microsoft.com/schemas/VisualStudio/TeamTest/2010" />
    <TestEntry testId="66aadc34-05ee-03ee-7c60-4bddd836a077" executionId="8fffc09a-fa07-40bd-9562-4033a141c6e6" testListId="8c84fa94-04c1-424b-9868-57a2d4851a1d" xmlns="http://microsoft.com/schemas/VisualStudio/TeamTest/2010" />
    <TestEntry testId="cc1b359f-b5fb-d9ba-7555-848df199bc6d" executionId="3d011932-da18-4e77-8839-159b1e267a83" testListId="8c84fa94-04c1-424b-9868-57a2d4851a1d" xmlns="http://microsoft.com/schemas/VisualStudio/TeamTest/2010" />
    <TestEntry testId="a60b6d3e-da8f-8208-5340-a670e426e0ab" executionId="6e36dab4-5868-4ee2-b6a8-af2277b8154c" testListId="8c84fa94-04c1-424b-9868-57a2d4851a1d" xmlns="http://microsoft.com/schemas/VisualStudio/TeamTest/2010" />
    <TestEntry testId="2d610960-5163-7dee-2e11-4657bfeeb260" executionId="440b325e-4bb4-4744-9954-67b181635bc2" testListId="8c84fa94-04c1-424b-9868-57a2d4851a1d" xmlns="http://microsoft.com/schemas/VisualStudio/TeamTest/2010" />
    <TestEntry testId="5a587cdd-33a2-0450-b436-28e3c32ca2bc" executionId="6be602ab-7126-46c6-a9d1-75c6cbbceaf0" testListId="8c84fa94-04c1-424b-9868-57a2d4851a1d" xmlns="http://microsoft.com/schemas/VisualStudio/TeamTest/2010" />
    <TestEntry testId="4dd54268-ca5c-f2ac-0f75-c1f879346a6a" executionId="cd953fb9-5bee-4fd9-a2de-b4fd01eff5fd" testListId="8c84fa94-04c1-424b-9868-57a2d4851a1d" xmlns="http://microsoft.com/schemas/VisualStudio/TeamTest/2010" />
    <TestEntry testId="fead0924-ca29-6130-f519-2482f200a666" executionId="47c649b6-b029-430b-a7bc-62b99ee7a453" testListId="8c84fa94-04c1-424b-9868-57a2d4851a1d" xmlns="http://microsoft.com/schemas/VisualStudio/TeamTest/2010" />
    <TestEntry testId="c0747f59-826b-81b4-d050-0ed251150a5f" executionId="cb53f06d-b81b-4578-aa16-3394a1ed38b9" testListId="8c84fa94-04c1-424b-9868-57a2d4851a1d" xmlns="http://microsoft.com/schemas/VisualStudio/TeamTest/2010" />
  </TestEntries>
  <ResultSummary outcome="Completed" >
    <Counters total="325" passed="325" failed="0" />
  </ResultSummary>
</TestRun>
