<?xml version="1.0" encoding="utf-8"?>
<TestRun id="9dc97aad-851b-4ebc-83f8-bf1ae04ece6f" name="MWhited@LW-18560 2023-09-06 15:36:44" runUser="EGI\MWhited" xmlns="http://microsoft.com/schemas/VisualStudio/TeamTest/2010">
  <Times creation="2023-09-06T15:36:44.7367768-04:00" queuing="2023-09-06T15:36:44.7367773-04:00" start="2023-09-06T15:36:33.3312957-04:00" finish="2023-09-06T15:36:52.3623163-04:00" />
  <TestSettings name="default" id="50a38b4a-bc00-481f-a243-8b0d89a6563f">
    <Deployment runDeploymentRoot="MWhited_LW-18560_2023-09-06_15_36_44" />
  </TestSettings>
  <Results>
    <UnitTestResult executionId="b9bcd384-729a-44e2-a12d-dd2a89827c79" testId="5c89cd62-8da5-d487-53af-86816aaa48d6" testName="ToEnumTest (Val2, Val1,Val1, Val2)" computerName="LW-18560" duration="00:00:00.0000406" startTime="2023-09-06T15:36:44.7127866-04:00" endTime="2023-09-06T15:36:44.7134337-04:00" testType="13cdc9d9-ddb5-4fa4-a97d-d965ccfc6d4b" outcome="Passed" testListId="8c84fa94-04c1-424b-9868-57a2d4851a1d" relativeResultsDirectory="b9bcd384-729a-44e2-a12d-dd2a89827c79" />
    <UnitTestResult executionId="8bdbd074-6056-44a2-8a25-a570a972eed3" testId="b6498f29-1231-5fcf-4954-1746daa0500d" testName="ExecuteByTest_Filter (Eliassen.System.Tests.Linq.TestTargets.TestTargetExtendedModel,May,NotEqualTo,!,10,-1,1,2,4,5,7,8,10,11,13)" computerName="LW-18560" duration="00:00:00.0634485" startTime="2023-09-06T15:36:45.2954178-04:00" endTime="2023-09-06T15:36:49.0762715-04:00" testType="13cdc9d9-ddb5-4fa4-a97d-d965ccfc6d4b" outcome="Passed" testListId="8c84fa94-04c1-424b-9868-57a2d4851a1d" relativeResultsDirectory="8bdbd074-6056-44a2-8a25-a570a972eed3">
      <Output>
        <StdOut>Eliassen.System.Internal.ConsoleLogger`1[Eliassen.System.Linq.Search.QueryBuilder]:Information:&gt;&#xD;
	Build query for CurrentPage: 0&#xD;
PageSize: 0&#xD;
ExcludePageCount: False&#xD;
SearchTerm: (null)&#xD;
	F:May: NotEqualTo: !&#xD;
&#xD;
Eliassen.System.Internal.ConsoleLogger`1[Eliassen.System.Linq.Search.QueryBuilder]:Information:&gt;&#xD;
	Execute (paged): System.Linq.Enumerable+SelectRangeIterator`1[Eliassen.System.Tests.Linq.TestTargets.TestTargetExtendedModel].Where(n =&gt; (n.May != "")).OrderBy(_ =&gt; 0).Skip(0).Take(10)&#xD;
&#xD;
&#xD;
&#xD;
TestContext Messages:&#xD;
SearchQuery-QueryableExtensionsTests_ExecuteByTestFilter(121)-638296114090125647.json: Attached&#xD;
EnumerableQuery_1-QueryableExtensionsTests_ExecuteByTestFilter(123)-638296114090190213.json: Attached&#xD;
PagedQueryResult_1-QueryableExtensionsTests_ExecuteByTestFilter(125)-638296114090679805.json: Attached&#xD;
resultKeys: -1,1,2,4,5,7,8,10,11,13</StdOut>
        <StdErr>Eliassen.System.Internal.ConsoleLogger`1[Eliassen.System.Linq.Search.SortBuilder`1[Eliassen.System.Tests.Linq.TestTargets.TestTargetExtendedModel]]:Warning:&gt;&#xD;
	Force sort by 0 applied for Eliassen.System.Tests.Linq.TestTargets.TestTargetExtendedModel</StdErr>
      </Output>
      <ResultFiles>
        <ResultFile path="LW-18560\EnumerableQuery_1-QueryableExtensionsTests_ExecuteByTestFilter(123)-638296114090190213.json" />
        <ResultFile path="LW-18560\PagedQueryResult_1-QueryableExtensionsTests_ExecuteByTestFilter(125)-638296114090679805.json" />
        <ResultFile path="LW-18560\SearchQuery-QueryableExtensionsTests_ExecuteByTestFilter(121)-638296114090125647.json" />
      </ResultFiles>
    </UnitTestResult>
    <UnitTestResult executionId="00b9973d-3588-4f80-acf6-d201044163ea" testId="b6498f29-1231-5fcf-4954-1746daa0500d" testName="ExecuteByTest_Filter (Eliassen.System.Tests.Linq.TestTargets.TestTargetModel,Index,NotEqualTo,1,10,0,2,3,4,5,6,7,8,9,10)" computerName="LW-18560" duration="00:00:00.0484086" startTime="2023-09-06T15:36:45.2954178-04:00" endTime="2023-09-06T15:36:49.0762715-04:00" testType="13cdc9d9-ddb5-4fa4-a97d-d965ccfc6d4b" outcome="Passed" testListId="8c84fa94-04c1-424b-9868-57a2d4851a1d" relativeResultsDirectory="00b9973d-3588-4f80-acf6-d201044163ea">
      <Output>
        <StdOut>Eliassen.System.Internal.ConsoleLogger`1[Eliassen.System.Linq.Search.QueryBuilder]:Information:&gt;&#xD;
	Build query for CurrentPage: 0&#xD;
PageSize: 0&#xD;
ExcludePageCount: False&#xD;
SearchTerm: (null)&#xD;
	F:Index: NotEqualTo: 1&#xD;
&#xD;
Eliassen.System.Internal.ConsoleLogger`1[Eliassen.System.Linq.Search.QueryBuilder]:Information:&gt;&#xD;
	Execute (paged): System.Linq.Enumerable+SelectRangeIterator`1[Eliassen.System.Tests.Linq.TestTargets.TestTargetModel].Where(n =&gt; (n.Index != 1)).OrderBy(_ =&gt; 0).Skip(0).Take(10)&#xD;
&#xD;
&#xD;
&#xD;
TestContext Messages:&#xD;
SearchQuery-QueryableExtensionsTests_ExecuteByTestFilter(121)-638296114074028416.json: Attached&#xD;
EnumerableQuery_1-QueryableExtensionsTests_ExecuteByTestFilter(123)-638296114074117912.json: Attached&#xD;
PagedQueryResult_1-QueryableExtensionsTests_ExecuteByTestFilter(125)-638296114074443957.json: Attached&#xD;
resultKeys: 0,2,3,4,5,6,7,8,9,10</StdOut>
        <StdErr>Eliassen.System.Internal.ConsoleLogger`1[Eliassen.System.Linq.Expressions.ExpressionTreeBuilder`1[Eliassen.System.Tests.Linq.TestTargets.TestTargetModel]]:Warning:&gt;&#xD;
	1 parsed to 1 (System.Int32)&#xD;
Eliassen.System.Internal.ConsoleLogger`1[Eliassen.System.Linq.Search.SortBuilder`1[Eliassen.System.Tests.Linq.TestTargets.TestTargetModel]]:Warning:&gt;&#xD;
	Force sort by 0 applied for Eliassen.System.Tests.Linq.TestTargets.TestTargetModel</StdErr>
      </Output>
      <ResultFiles>
        <ResultFile path="LW-18560\EnumerableQuery_1-QueryableExtensionsTests_ExecuteByTestFilter(123)-638296114074117912.json" />
        <ResultFile path="LW-18560\PagedQueryResult_1-QueryableExtensionsTests_ExecuteByTestFilter(125)-638296114074443957.json" />
        <ResultFile path="LW-18560\SearchQuery-QueryableExtensionsTests_ExecuteByTestFilter(121)-638296114074028416.json" />
      </ResultFiles>
    </UnitTestResult>
    <UnitTestResult executionId="45148322-d7ce-4910-b148-e939ef64e7f7" testId="98a0de05-db1a-58f1-a7ab-5f0fb6fe94bf" testName="ToEnumTest (test display,WithDisplay)" computerName="LW-18560" duration="00:00:00.0004762" startTime="2023-09-06T15:36:44.8067922-04:00" endTime="2023-09-06T15:36:44.8078843-04:00" testType="13cdc9d9-ddb5-4fa4-a97d-d965ccfc6d4b" outcome="Passed" testListId="8c84fa94-04c1-424b-9868-57a2d4851a1d" relativeResultsDirectory="45148322-d7ce-4910-b148-e939ef64e7f7" />
    <UnitTestResult executionId="d66de8a4-7af9-43d4-9248-e81efdaee1c5" testId="83cb0395-740b-4b48-1b9a-9d0379b2c4b0" testName="SerializeTest" computerName="LW-18560" duration="00:00:00.0148877" startTime="2023-09-06T15:36:44.4935741-04:00" endTime="2023-09-06T15:36:44.5091697-04:00" testType="13cdc9d9-ddb5-4fa4-a97d-d965ccfc6d4b" outcome="Passed" testListId="8c84fa94-04c1-424b-9868-57a2d4851a1d" relativeResultsDirectory="d66de8a4-7af9-43d4-9248-e81efdaee1c5">
      <Output>
        <StdOut>TestContext Messages:&#xD;
result-BsonIdConverterTests_SerializeTest(26)-638296114045020234.json: Attached&#xD;
Hello World</StdOut>
      </Output>
      <ResultFiles>
        <ResultFile path="LW-18560\result-BsonIdConverterTests_SerializeTest(26)-638296114045020234.json" />
      </ResultFiles>
    </UnitTestResult>
    <UnitTestResult executionId="0882dae2-f26c-4b77-b7e7-ab97f4cc3b1b" testId="b6498f29-1231-5fcf-4954-1746daa0500d" testName="ExecuteByTest_Filter (Eliassen.System.Tests.Linq.TestTargets.TestTargetModel,Name,NotEqualTo,Name1*,10,0,2,3,4,5,6,7,8,9,20)" computerName="LW-18560" duration="00:00:00.0695754" startTime="2023-09-06T15:36:45.2954178-04:00" endTime="2023-09-06T15:36:49.0762715-04:00" testType="13cdc9d9-ddb5-4fa4-a97d-d965ccfc6d4b" outcome="Passed" testListId="8c84fa94-04c1-424b-9868-57a2d4851a1d" relativeResultsDirectory="0882dae2-f26c-4b77-b7e7-ab97f4cc3b1b">
      <Output>
        <StdOut>Eliassen.System.Internal.ConsoleLogger`1[Eliassen.System.Linq.Search.QueryBuilder]:Information:&gt;&#xD;
	Build query for CurrentPage: 0&#xD;
PageSize: 0&#xD;
ExcludePageCount: False&#xD;
SearchTerm: (null)&#xD;
	F:Name: NotEqualTo: Name1*&#xD;
&#xD;
Eliassen.System.Internal.ConsoleLogger`1[Eliassen.System.Linq.Search.QueryBuilder]:Information:&gt;&#xD;
	Execute (paged): System.Linq.Enumerable+SelectRangeIterator`1[Eliassen.System.Tests.Linq.TestTargets.TestTargetModel].Where(n =&gt; Not(n.Name.StartsWith("Name1"))).OrderBy(_ =&gt; 0).Skip(0).Take(10)&#xD;
&#xD;
&#xD;
&#xD;
TestContext Messages:&#xD;
SearchQuery-QueryableExtensionsTests_ExecuteByTestFilter(121)-638296114073330647.json: Attached&#xD;
EnumerableQuery_1-QueryableExtensionsTests_ExecuteByTestFilter(123)-638296114073391964.json: Attached&#xD;
PagedQueryResult_1-QueryableExtensionsTests_ExecuteByTestFilter(125)-638296114073940219.json: Attached&#xD;
resultKeys: 0,2,3,4,5,6,7,8,9,20</StdOut>
        <StdErr>Eliassen.System.Internal.ConsoleLogger`1[Eliassen.System.Linq.Search.SortBuilder`1[Eliassen.System.Tests.Linq.TestTargets.TestTargetModel]]:Warning:&gt;&#xD;
	Force sort by 0 applied for Eliassen.System.Tests.Linq.TestTargets.TestTargetModel</StdErr>
      </Output>
      <ResultFiles>
        <ResultFile path="LW-18560\EnumerableQuery_1-QueryableExtensionsTests_ExecuteByTestFilter(123)-638296114073391964.json" />
        <ResultFile path="LW-18560\PagedQueryResult_1-QueryableExtensionsTests_ExecuteByTestFilter(125)-638296114073940219.json" />
        <ResultFile path="LW-18560\SearchQuery-QueryableExtensionsTests_ExecuteByTestFilter(121)-638296114073330647.json" />
      </ResultFiles>
    </UnitTestResult>
    <UnitTestResult executionId="1700606c-1581-45d9-ba59-08178fc02c7c" testId="e350703c-47df-56f0-b995-a52c38b53eca" testName="MakeSafeTest (System.TimeSpan,16:00,16:00:00)" computerName="LW-18560" duration="00:00:00.0042164" startTime="2023-09-06T15:36:44.8358129-04:00" endTime="2023-09-06T15:36:44.8942915-04:00" testType="13cdc9d9-ddb5-4fa4-a97d-d965ccfc6d4b" outcome="Passed" testListId="8c84fa94-04c1-424b-9868-57a2d4851a1d" relativeResultsDirectory="1700606c-1581-45d9-ba59-08178fc02c7c" />
    <UnitTestResult executionId="785040c2-e071-485c-beb9-4d74dd15f9f8" testId="b6498f29-1231-5fcf-4954-1746daa0500d" testName="ExecuteByTest_Filter (Eliassen.System.Tests.Linq.TestTargets.TestTargetExtendedModel,Date,LessThan,2020-03-01T01:01:01,4,-1,0,1,2)" computerName="LW-18560" duration="00:00:00.0691965" startTime="2023-09-06T15:36:45.2954178-04:00" endTime="2023-09-06T15:36:49.0762715-04:00" testType="13cdc9d9-ddb5-4fa4-a97d-d965ccfc6d4b" outcome="Passed" testListId="8c84fa94-04c1-424b-9868-57a2d4851a1d" relativeResultsDirectory="785040c2-e071-485c-beb9-4d74dd15f9f8">
      <Output>
        <StdOut>Eliassen.System.Internal.ConsoleLogger`1[Eliassen.System.Linq.Search.QueryBuilder]:Information:&gt;&#xD;
	Build query for CurrentPage: 0&#xD;
PageSize: 0&#xD;
ExcludePageCount: False&#xD;
SearchTerm: (null)&#xD;
	F:Date: LessThan: 2020-03-01T01:01:01&#xD;
&#xD;
Eliassen.System.Internal.ConsoleLogger`1[Eliassen.System.Linq.Search.QueryBuilder]:Information:&gt;&#xD;
	Execute (paged): System.Linq.Enumerable+SelectRangeIterator`1[Eliassen.System.Tests.Linq.TestTargets.TestTargetExtendedModel].Where(n =&gt; (n.Date &lt; 3/1/2020 1:01:01 AM)).OrderBy(_ =&gt; 0).Skip(0).Take(10)&#xD;
&#xD;
&#xD;
&#xD;
TestContext Messages:&#xD;
SearchQuery-QueryableExtensionsTests_ExecuteByTestFilter(121)-638296114079114132.json: Attached&#xD;
EnumerableQuery_1-QueryableExtensionsTests_ExecuteByTestFilter(123)-638296114079171092.json: Attached&#xD;
PagedQueryResult_1-QueryableExtensionsTests_ExecuteByTestFilter(125)-638296114079709843.json: Attached&#xD;
resultKeys: -1,0,1,2</StdOut>
        <StdErr>Eliassen.System.Internal.ConsoleLogger`1[Eliassen.System.Linq.Expressions.ExpressionTreeBuilder`1[Eliassen.System.Tests.Linq.TestTargets.TestTargetExtendedModel]]:Warning:&gt;&#xD;
	2020-03-01T01:01:01 parsed to 03/01/2020 01:01:01 (System.DateTime)&#xD;
Eliassen.System.Internal.ConsoleLogger`1[Eliassen.System.Linq.Search.SortBuilder`1[Eliassen.System.Tests.Linq.TestTargets.TestTargetExtendedModel]]:Warning:&gt;&#xD;
	Force sort by 0 applied for Eliassen.System.Tests.Linq.TestTargets.TestTargetExtendedModel</StdErr>
      </Output>
      <ResultFiles>
        <ResultFile path="LW-18560\EnumerableQuery_1-QueryableExtensionsTests_ExecuteByTestFilter(123)-638296114079171092.json" />
        <ResultFile path="LW-18560\PagedQueryResult_1-QueryableExtensionsTests_ExecuteByTestFilter(125)-638296114079709843.json" />
        <ResultFile path="LW-18560\SearchQuery-QueryableExtensionsTests_ExecuteByTestFilter(121)-638296114079114132.json" />
      </ResultFiles>
    </UnitTestResult>
    <UnitTestResult executionId="b7cbd047-967f-4673-9eda-bc4b1ab55681" testId="e498b849-10db-ce48-d748-8f0db54c7b7b" testName="ExecuteByTest_Page (1,-1,,,,1000,)" computerName="LW-18560" duration="00:00:00.0681985" startTime="2023-09-06T15:36:49.8612170-04:00" endTime="2023-09-06T15:36:49.9301157-04:00" testType="13cdc9d9-ddb5-4fa4-a97d-d965ccfc6d4b" outcome="Passed" testListId="8c84fa94-04c1-424b-9868-57a2d4851a1d" relativeResultsDirectory="b7cbd047-967f-4673-9eda-bc4b1ab55681">
      <Output>
        <StdOut>Eliassen.System.Internal.ConsoleLogger`1[Eliassen.System.Linq.Search.QueryBuilder]:Information:&gt;&#xD;
	Build query for CurrentPage: 1&#xD;
PageSize: -1&#xD;
ExcludePageCount: False&#xD;
SearchTerm: (null)&#xD;
&#xD;
Eliassen.System.Internal.ConsoleLogger`1[Eliassen.System.Linq.Search.QueryBuilder]:Information:&gt;&#xD;
	Execute : System.Linq.Enumerable+SelectRangeIterator`1[Eliassen.System.Tests.Linq.TestTargets.TestTargetModel].OrderBy(_ =&gt; 0)&#xD;
&#xD;
&#xD;
&#xD;
TestContext Messages:&#xD;
SearchQuery-QueryableExtensionsTests_ExecuteByTest_Page(222)-638296114098618072.json: Attached&#xD;
EnumerableQuery_1-QueryableExtensionsTests_ExecuteByTest_Page(224)-638296114098675870.json: Attached&#xD;
QueryResult_1-QueryableExtensionsTests_ExecuteByTest_Page(226)-638296114099032962.json: Attached</StdOut>
        <StdErr>Eliassen.System.Internal.ConsoleLogger`1[Eliassen.System.Linq.Search.QueryBuilder]:Warning:&gt;&#xD;
	No filtering detected: System.Linq.Enumerable+SelectRangeIterator`1[Eliassen.System.Tests.Linq.TestTargets.TestTargetModel]: CurrentPage: 1&#xD;
PageSize: -1&#xD;
ExcludePageCount: False&#xD;
SearchTerm: (null)&#xD;
&#xD;
Eliassen.System.Internal.ConsoleLogger`1[Eliassen.System.Linq.Search.SortBuilder`1[Eliassen.System.Tests.Linq.TestTargets.TestTargetModel]]:Warning:&gt;&#xD;
	Force sort by 0 applied for Eliassen.System.Tests.Linq.TestTargets.TestTargetModel</StdErr>
      </Output>
      <ResultFiles>
        <ResultFile path="LW-18560\EnumerableQuery_1-QueryableExtensionsTests_ExecuteByTest_Page(224)-638296114098675870.json" />
        <ResultFile path="LW-18560\QueryResult_1-QueryableExtensionsTests_ExecuteByTest_Page(226)-638296114099032962.json" />
        <ResultFile path="LW-18560\SearchQuery-QueryableExtensionsTests_ExecuteByTest_Page(222)-638296114098618072.json" />
      </ResultFiles>
    </UnitTestResult>
    <UnitTestResult executionId="ea9461f4-9ac5-4fcf-8325-3015c080e995" testId="b6498f29-1231-5fcf-4954-1746daa0500d" testName="ExecuteByTest_Filter (Eliassen.System.Tests.Linq.TestTargets.TestTargetExtendedModel,Date,LessThan,2020-03-01T01:01:01.4356493+02:00,3,-1,0,1)" computerName="LW-18560" duration="00:00:00.0678226" startTime="2023-09-06T15:36:45.2954178-04:00" endTime="2023-09-06T15:36:49.0762715-04:00" testType="13cdc9d9-ddb5-4fa4-a97d-d965ccfc6d4b" outcome="Passed" testListId="8c84fa94-04c1-424b-9868-57a2d4851a1d" relativeResultsDirectory="ea9461f4-9ac5-4fcf-8325-3015c080e995">
      <Output>
        <StdOut>Eliassen.System.Internal.ConsoleLogger`1[Eliassen.System.Linq.Search.QueryBuilder]:Information:&gt;&#xD;
	Build query for CurrentPage: 0&#xD;
PageSize: 0&#xD;
ExcludePageCount: False&#xD;
SearchTerm: (null)&#xD;
	F:Date: LessThan: 2020-03-01T01:01:01.4356493+02:00&#xD;
&#xD;
Eliassen.System.Internal.ConsoleLogger`1[Eliassen.System.Linq.Search.QueryBuilder]:Information:&gt;&#xD;
	Execute (paged): System.Linq.Enumerable+SelectRangeIterator`1[Eliassen.System.Tests.Linq.TestTargets.TestTargetExtendedModel].Where(n =&gt; (n.Date &lt; 2/29/2020 6:01:01 PM)).OrderBy(_ =&gt; 0).Skip(0).Take(10)&#xD;
&#xD;
&#xD;
&#xD;
TestContext Messages:&#xD;
SearchQuery-QueryableExtensionsTests_ExecuteByTestFilter(121)-638296114079808054.json: Attached&#xD;
EnumerableQuery_1-QueryableExtensionsTests_ExecuteByTestFilter(123)-638296114079877898.json: Attached&#xD;
PagedQueryResult_1-QueryableExtensionsTests_ExecuteByTestFilter(125)-638296114080374291.json: Attached&#xD;
resultKeys: -1,0,1</StdOut>
        <StdErr>Eliassen.System.Internal.ConsoleLogger`1[Eliassen.System.Linq.Expressions.ExpressionTreeBuilder`1[Eliassen.System.Tests.Linq.TestTargets.TestTargetExtendedModel]]:Warning:&gt;&#xD;
	2020-03-01T01:01:01.4356493+02:00 parsed to 02/29/2020 18:01:01 (System.DateTime)&#xD;
Eliassen.System.Internal.ConsoleLogger`1[Eliassen.System.Linq.Search.SortBuilder`1[Eliassen.System.Tests.Linq.TestTargets.TestTargetExtendedModel]]:Warning:&gt;&#xD;
	Force sort by 0 applied for Eliassen.System.Tests.Linq.TestTargets.TestTargetExtendedModel</StdErr>
      </Output>
      <ResultFiles>
        <ResultFile path="LW-18560\EnumerableQuery_1-QueryableExtensionsTests_ExecuteByTestFilter(123)-638296114079877898.json" />
        <ResultFile path="LW-18560\PagedQueryResult_1-QueryableExtensionsTests_ExecuteByTestFilter(125)-638296114080374291.json" />
        <ResultFile path="LW-18560\SearchQuery-QueryableExtensionsTests_ExecuteByTestFilter(121)-638296114079808054.json" />
      </ResultFiles>
    </UnitTestResult>
    <UnitTestResult executionId="09776ee6-08b4-4976-90e3-27d66728e8aa" testId="a111d044-0831-1b20-158f-e741b8774637" testName="ExecuteByTest_Page (0,1,1000,1000,0,1,0)" computerName="LW-18560" duration="00:00:00.0783042" startTime="2023-09-06T15:36:49.6836138-04:00" endTime="2023-09-06T15:36:49.7643059-04:00" testType="13cdc9d9-ddb5-4fa4-a97d-d965ccfc6d4b" outcome="Passed" testListId="8c84fa94-04c1-424b-9868-57a2d4851a1d" relativeResultsDirectory="09776ee6-08b4-4976-90e3-27d66728e8aa">
      <Output>
        <StdOut>Eliassen.System.Internal.ConsoleLogger`1[Eliassen.System.Linq.Search.QueryBuilder]:Information:&gt;&#xD;
	Build query for CurrentPage: 0&#xD;
PageSize: 1&#xD;
ExcludePageCount: False&#xD;
SearchTerm: (null)&#xD;
&#xD;
Eliassen.System.Internal.ConsoleLogger`1[Eliassen.System.Linq.Search.QueryBuilder]:Information:&gt;&#xD;
	Execute (paged): System.Linq.Enumerable+SelectRangeIterator`1[Eliassen.System.Tests.Linq.TestTargets.TestTargetModel].OrderBy(_ =&gt; 0).Skip(0).Take(1)&#xD;
&#xD;
&#xD;
&#xD;
TestContext Messages:&#xD;
SearchQuery-QueryableExtensionsTests_ExecuteByTest_Page(222)-638296114096864096.json: Attached&#xD;
EnumerableQuery_1-QueryableExtensionsTests_ExecuteByTest_Page(224)-638296114096923639.json: Attached&#xD;
PagedQueryResult_1-QueryableExtensionsTests_ExecuteByTest_Page(226)-638296114097503302.json: Attached&#xD;
resultKeys: 0</StdOut>
        <StdErr>Eliassen.System.Internal.ConsoleLogger`1[Eliassen.System.Linq.Search.QueryBuilder]:Warning:&gt;&#xD;
	No filtering detected: System.Linq.Enumerable+SelectRangeIterator`1[Eliassen.System.Tests.Linq.TestTargets.TestTargetModel]: CurrentPage: 0&#xD;
PageSize: 1&#xD;
ExcludePageCount: False&#xD;
SearchTerm: (null)&#xD;
&#xD;
Eliassen.System.Internal.ConsoleLogger`1[Eliassen.System.Linq.Search.SortBuilder`1[Eliassen.System.Tests.Linq.TestTargets.TestTargetModel]]:Warning:&gt;&#xD;
	Force sort by 0 applied for Eliassen.System.Tests.Linq.TestTargets.TestTargetModel</StdErr>
      </Output>
      <ResultFiles>
        <ResultFile path="LW-18560\EnumerableQuery_1-QueryableExtensionsTests_ExecuteByTest_Page(224)-638296114096923639.json" />
        <ResultFile path="LW-18560\PagedQueryResult_1-QueryableExtensionsTests_ExecuteByTest_Page(226)-638296114097503302.json" />
        <ResultFile path="LW-18560\SearchQuery-QueryableExtensionsTests_ExecuteByTest_Page(222)-638296114096864096.json" />
      </ResultFiles>
    </UnitTestResult>
    <UnitTestResult executionId="5a87c99a-5b55-49db-92a1-02a85d674cd6" testId="ef130cd9-fcd3-6cbd-3d5e-f85362a52d72" testName="VisitTest_EndsWith (Hello,lO,True)" computerName="LW-18560" duration="00:00:00.0036591" startTime="2023-09-06T15:36:50.4156056-04:00" endTime="2023-09-06T15:36:50.4199344-04:00" testType="13cdc9d9-ddb5-4fa4-a97d-d965ccfc6d4b" outcome="Passed" testListId="8c84fa94-04c1-424b-9868-57a2d4851a1d" relativeResultsDirectory="5a87c99a-5b55-49db-92a1-02a85d674cd6">
      <Output>
        <StdOut>Eliassen.System.Internal.ConsoleLogger`1[Eliassen.System.Linq.Expressions.StringComparisonReplacementExpressionVisitor]:Debug:&gt;&#xD;
	Replace: e.EndsWith(value(Eliassen.System.Tests.Linq.Expressions.StringComparisonReplacementExpressionVisitorTests+&lt;&gt;c__DisplayClass8_0).matched) with e.EndsWith(value(Eliassen.System.Tests.Linq.Expressions.StringComparisonReplacementExpressionVisitorTests+&lt;&gt;c__DisplayClass8_0).matched, CurrentCultureIgnoreCase)&#xD;
&#xD;
&#xD;
&#xD;
TestContext Messages:&#xD;
expression: e =&gt; e.EndsWith(value(Eliassen.System.Tests.Linq.Expressions.StringComparisonReplacementExpressionVisitorTests+&lt;&gt;c__DisplayClass8_0).matched)&#xD;
visited: e =&gt; e.EndsWith(value(Eliassen.System.Tests.Linq.Expressions.StringComparisonReplacementExpressionVisitorTests+&lt;&gt;c__DisplayClass8_0).matched, CurrentCultureIgnoreCase)</StdOut>
      </Output>
    </UnitTestResult>
    <UnitTestResult executionId="51b1a217-58e3-43ad-bd94-1a818351762c" testId="b6498f29-1231-5fcf-4954-1746daa0500d" testName="ExecuteByTest_Filter (Eliassen.System.Tests.Linq.TestTargets.TestTargetExtendedModel,Date,GreaterThanOrEqualTo,3/1/2020,10,2,3,4,5,6,7,8,9,10,11)" computerName="LW-18560" duration="00:00:00.0925451" startTime="2023-09-06T15:36:45.2954178-04:00" endTime="2023-09-06T15:36:49.0762715-04:00" testType="13cdc9d9-ddb5-4fa4-a97d-d965ccfc6d4b" outcome="Passed" testListId="8c84fa94-04c1-424b-9868-57a2d4851a1d" relativeResultsDirectory="51b1a217-58e3-43ad-bd94-1a818351762c">
      <Output>
        <StdOut>Eliassen.System.Internal.ConsoleLogger`1[Eliassen.System.Linq.Search.QueryBuilder]:Information:&gt;&#xD;
	Build query for CurrentPage: 0&#xD;
PageSize: 0&#xD;
ExcludePageCount: False&#xD;
SearchTerm: (null)&#xD;
	F:Date: GreaterThanOrEqualTo: 3/1/2020&#xD;
&#xD;
Eliassen.System.Internal.ConsoleLogger`1[Eliassen.System.Linq.Search.QueryBuilder]:Information:&gt;&#xD;
	Execute (paged): System.Linq.Enumerable+SelectRangeIterator`1[Eliassen.System.Tests.Linq.TestTargets.TestTargetExtendedModel].Where(n =&gt; (n.Date &gt;= 3/1/2020 12:00:00 AM)).OrderBy(_ =&gt; 0).Skip(0).Take(10)&#xD;
&#xD;
&#xD;
&#xD;
TestContext Messages:&#xD;
SearchQuery-QueryableExtensionsTests_ExecuteByTestFilter(121)-638296114076639136.json: Attached&#xD;
EnumerableQuery_1-QueryableExtensionsTests_ExecuteByTestFilter(123)-638296114076706195.json: Attached&#xD;
PagedQueryResult_1-QueryableExtensionsTests_ExecuteByTestFilter(125)-638296114077471887.json: Attached&#xD;
resultKeys: 2,3,4,5,6,7,8,9,10,11</StdOut>
        <StdErr>Eliassen.System.Internal.ConsoleLogger`1[Eliassen.System.Linq.Expressions.ExpressionTreeBuilder`1[Eliassen.System.Tests.Linq.TestTargets.TestTargetExtendedModel]]:Warning:&gt;&#xD;
	3/1/2020 parsed to 03/01/2020 00:00:00 (System.DateTime)&#xD;
Eliassen.System.Internal.ConsoleLogger`1[Eliassen.System.Linq.Search.SortBuilder`1[Eliassen.System.Tests.Linq.TestTargets.TestTargetExtendedModel]]:Warning:&gt;&#xD;
	Force sort by 0 applied for Eliassen.System.Tests.Linq.TestTargets.TestTargetExtendedModel</StdErr>
      </Output>
      <ResultFiles>
        <ResultFile path="LW-18560\EnumerableQuery_1-QueryableExtensionsTests_ExecuteByTestFilter(123)-638296114076706195.json" />
        <ResultFile path="LW-18560\PagedQueryResult_1-QueryableExtensionsTests_ExecuteByTestFilter(125)-638296114077471887.json" />
        <ResultFile path="LW-18560\SearchQuery-QueryableExtensionsTests_ExecuteByTestFilter(121)-638296114076639136.json" />
      </ResultFiles>
    </UnitTestResult>
    <UnitTestResult executionId="c95b4428-70d4-4ded-82c8-5aa1c3a41d34" testId="7ab54727-ffaa-5e4a-ef48-e7910312bbed" testName="VisitTest_StartsWith (Hello,he,True)" computerName="LW-18560" duration="00:00:00.0012292" startTime="2023-09-06T15:36:50.4110640-04:00" endTime="2023-09-06T15:36:50.4129540-04:00" testType="13cdc9d9-ddb5-4fa4-a97d-d965ccfc6d4b" outcome="Passed" testListId="8c84fa94-04c1-424b-9868-57a2d4851a1d" relativeResultsDirectory="c95b4428-70d4-4ded-82c8-5aa1c3a41d34">
      <Output>
        <StdOut>Eliassen.System.Internal.ConsoleLogger`1[Eliassen.System.Linq.Expressions.StringComparisonReplacementExpressionVisitor]:Debug:&gt;&#xD;
	Replace: e.StartsWith(value(Eliassen.System.Tests.Linq.Expressions.StringComparisonReplacementExpressionVisitorTests+&lt;&gt;c__DisplayClass7_0).matched) with e.StartsWith(value(Eliassen.System.Tests.Linq.Expressions.StringComparisonReplacementExpressionVisitorTests+&lt;&gt;c__DisplayClass7_0).matched, CurrentCultureIgnoreCase)&#xD;
&#xD;
&#xD;
&#xD;
TestContext Messages:&#xD;
expression: e =&gt; e.StartsWith(value(Eliassen.System.Tests.Linq.Expressions.StringComparisonReplacementExpressionVisitorTests+&lt;&gt;c__DisplayClass7_0).matched)&#xD;
visited: e =&gt; e.StartsWith(value(Eliassen.System.Tests.Linq.Expressions.StringComparisonReplacementExpressionVisitorTests+&lt;&gt;c__DisplayClass7_0).matched, CurrentCultureIgnoreCase)</StdOut>
      </Output>
    </UnitTestResult>
    <UnitTestResult executionId="40b253b2-05f3-42c6-9570-1c0475463e4b" testId="fb038f83-1c65-fe22-644b-40b63f6a9b5c" testName="ExecuteByTest_Page (0,0,100,1000,0,10,0,1,2,3,4,5,6,7,8,9)" computerName="LW-18560" duration="00:00:00.0703151" startTime="2023-09-06T15:36:49.6065328-04:00" endTime="2023-09-06T15:36:49.6784535-04:00" testType="13cdc9d9-ddb5-4fa4-a97d-d965ccfc6d4b" outcome="Passed" testListId="8c84fa94-04c1-424b-9868-57a2d4851a1d" relativeResultsDirectory="40b253b2-05f3-42c6-9570-1c0475463e4b">
      <Output>
        <StdOut>Eliassen.System.Internal.ConsoleLogger`1[Eliassen.System.Linq.Search.QueryBuilder]:Information:&gt;&#xD;
	Build query for CurrentPage: 0&#xD;
PageSize: 0&#xD;
ExcludePageCount: False&#xD;
SearchTerm: (null)&#xD;
&#xD;
Eliassen.System.Internal.ConsoleLogger`1[Eliassen.System.Linq.Search.QueryBuilder]:Information:&gt;&#xD;
	Execute (paged): System.Linq.Enumerable+SelectRangeIterator`1[Eliassen.System.Tests.Linq.TestTargets.TestTargetModel].OrderBy(_ =&gt; 0).Skip(0).Take(10)&#xD;
&#xD;
&#xD;
&#xD;
TestContext Messages:&#xD;
SearchQuery-QueryableExtensionsTests_ExecuteByTest_Page(222)-638296114096115016.json: Attached&#xD;
EnumerableQuery_1-QueryableExtensionsTests_ExecuteByTest_Page(224)-638296114096206837.json: Attached&#xD;
PagedQueryResult_1-QueryableExtensionsTests_ExecuteByTest_Page(226)-638296114096601618.json: Attached&#xD;
resultKeys: 0,1,2,3,4,5,6,7,8,9</StdOut>
        <StdErr>Eliassen.System.Internal.ConsoleLogger`1[Eliassen.System.Linq.Search.QueryBuilder]:Warning:&gt;&#xD;
	No filtering detected: System.Linq.Enumerable+SelectRangeIterator`1[Eliassen.System.Tests.Linq.TestTargets.TestTargetModel]: CurrentPage: 0&#xD;
PageSize: 0&#xD;
ExcludePageCount: False&#xD;
SearchTerm: (null)&#xD;
&#xD;
Eliassen.System.Internal.ConsoleLogger`1[Eliassen.System.Linq.Search.SortBuilder`1[Eliassen.System.Tests.Linq.TestTargets.TestTargetModel]]:Warning:&gt;&#xD;
	Force sort by 0 applied for Eliassen.System.Tests.Linq.TestTargets.TestTargetModel</StdErr>
      </Output>
      <ResultFiles>
        <ResultFile path="LW-18560\EnumerableQuery_1-QueryableExtensionsTests_ExecuteByTest_Page(224)-638296114096206837.json" />
        <ResultFile path="LW-18560\PagedQueryResult_1-QueryableExtensionsTests_ExecuteByTest_Page(226)-638296114096601618.json" />
        <ResultFile path="LW-18560\SearchQuery-QueryableExtensionsTests_ExecuteByTest_Page(222)-638296114096115016.json" />
      </ResultFiles>
    </UnitTestResult>
    <UnitTestResult executionId="c2fa60c2-29d8-4842-b306-2dfbd702c32c" testId="b6498f29-1231-5fcf-4954-1746daa0500d" testName="ExecuteByTest_Filter (Eliassen.System.Tests.Linq.TestTargets.TestTargetModel,Name,EqualTo,*,10,0,1,2,3,4,5,6,7,8,9)" computerName="LW-18560" duration="00:00:00.0572445" startTime="2023-09-06T15:36:45.2954178-04:00" endTime="2023-09-06T15:36:49.0762715-04:00" testType="13cdc9d9-ddb5-4fa4-a97d-d965ccfc6d4b" outcome="Passed" testListId="8c84fa94-04c1-424b-9868-57a2d4851a1d" relativeResultsDirectory="c2fa60c2-29d8-4842-b306-2dfbd702c32c">
      <Output>
        <StdOut>Eliassen.System.Internal.ConsoleLogger`1[Eliassen.System.Linq.Search.QueryBuilder]:Information:&gt;&#xD;
	Build query for CurrentPage: 0&#xD;
PageSize: 0&#xD;
ExcludePageCount: False&#xD;
SearchTerm: (null)&#xD;
	F:Name: EqualTo: *&#xD;
&#xD;
Eliassen.System.Internal.ConsoleLogger`1[Eliassen.System.Linq.Search.QueryBuilder]:Information:&gt;&#xD;
	Execute (paged): System.Linq.Enumerable+SelectRangeIterator`1[Eliassen.System.Tests.Linq.TestTargets.TestTargetModel].OrderBy(_ =&gt; 0).Skip(0).Take(10)&#xD;
&#xD;
&#xD;
&#xD;
TestContext Messages:&#xD;
SearchQuery-QueryableExtensionsTests_ExecuteByTestFilter(121)-638296114087357578.json: Attached&#xD;
EnumerableQuery_1-QueryableExtensionsTests_ExecuteByTestFilter(123)-638296114087415829.json: Attached&#xD;
PagedQueryResult_1-QueryableExtensionsTests_ExecuteByTestFilter(125)-638296114087861509.json: Attached&#xD;
resultKeys: 0,1,2,3,4,5,6,7,8,9</StdOut>
        <StdErr>Eliassen.System.Internal.ConsoleLogger`1[Eliassen.System.Linq.Search.QueryBuilder]:Warning:&gt;&#xD;
	No filter mapped for property: Name =&gt; EqualTo: *&#xD;
Eliassen.System.Internal.ConsoleLogger`1[Eliassen.System.Linq.Search.QueryBuilder]:Warning:&gt;&#xD;
	No filtering detected: System.Linq.Enumerable+SelectRangeIterator`1[Eliassen.System.Tests.Linq.TestTargets.TestTargetModel]: CurrentPage: 0&#xD;
PageSize: 0&#xD;
ExcludePageCount: False&#xD;
SearchTerm: (null)&#xD;
	F:Name: EqualTo: *&#xD;
&#xD;
Eliassen.System.Internal.ConsoleLogger`1[Eliassen.System.Linq.Search.SortBuilder`1[Eliassen.System.Tests.Linq.TestTargets.TestTargetModel]]:Warning:&gt;&#xD;
	Force sort by 0 applied for Eliassen.System.Tests.Linq.TestTargets.TestTargetModel</StdErr>
      </Output>
      <ResultFiles>
        <ResultFile path="LW-18560\EnumerableQuery_1-QueryableExtensionsTests_ExecuteByTestFilter(123)-638296114087415829.json" />
        <ResultFile path="LW-18560\PagedQueryResult_1-QueryableExtensionsTests_ExecuteByTestFilter(125)-638296114087861509.json" />
        <ResultFile path="LW-18560\SearchQuery-QueryableExtensionsTests_ExecuteByTestFilter(121)-638296114087357578.json" />
      </ResultFiles>
    </UnitTestResult>
    <UnitTestResult executionId="0b359047-f140-496d-8357-288236d7b720" testId="838644d9-6365-e4a6-691a-5f9e9cba540d" testName="GetResourceFromJsonTest_NotFound" computerName="LW-18560" duration="00:00:00.0004877" startTime="2023-09-06T15:36:45.2625053-04:00" endTime="2023-09-06T15:36:45.2634349-04:00" testType="13cdc9d9-ddb5-4fa4-a97d-d965ccfc6d4b" outcome="Passed" testListId="8c84fa94-04c1-424b-9868-57a2d4851a1d" relativeResultsDirectory="0b359047-f140-496d-8357-288236d7b720" />
    <UnitTestResult executionId="67f42c93-525a-482b-8e8f-afb02c9ee3cf" testId="574d1c3a-376c-cab6-e298-6b6d6e6628d3" testName="ExecuteByTest_Page (1,1,1000,1000,1,1,1)" computerName="LW-18560" duration="00:00:00.0824268" startTime="2023-09-06T15:36:49.7701745-04:00" endTime="2023-09-06T15:36:49.8534589-04:00" testType="13cdc9d9-ddb5-4fa4-a97d-d965ccfc6d4b" outcome="Passed" testListId="8c84fa94-04c1-424b-9868-57a2d4851a1d" relativeResultsDirectory="67f42c93-525a-482b-8e8f-afb02c9ee3cf">
      <Output>
        <StdOut>Eliassen.System.Internal.ConsoleLogger`1[Eliassen.System.Linq.Search.QueryBuilder]:Information:&gt;&#xD;
	Build query for CurrentPage: 1&#xD;
PageSize: 1&#xD;
ExcludePageCount: False&#xD;
SearchTerm: (null)&#xD;
&#xD;
Eliassen.System.Internal.ConsoleLogger`1[Eliassen.System.Linq.Search.QueryBuilder]:Information:&gt;&#xD;
	Execute (paged): System.Linq.Enumerable+SelectRangeIterator`1[Eliassen.System.Tests.Linq.TestTargets.TestTargetModel].OrderBy(_ =&gt; 0).Skip(1).Take(1)&#xD;
&#xD;
&#xD;
&#xD;
TestContext Messages:&#xD;
SearchQuery-QueryableExtensionsTests_ExecuteByTest_Page(222)-638296114097709464.json: Attached&#xD;
EnumerableQuery_1-QueryableExtensionsTests_ExecuteByTest_Page(224)-638296114098043315.json: Attached&#xD;
PagedQueryResult_1-QueryableExtensionsTests_ExecuteByTest_Page(226)-638296114098446931.json: Attached&#xD;
resultKeys: 1</StdOut>
        <StdErr>Eliassen.System.Internal.ConsoleLogger`1[Eliassen.System.Linq.Search.QueryBuilder]:Warning:&gt;&#xD;
	No filtering detected: System.Linq.Enumerable+SelectRangeIterator`1[Eliassen.System.Tests.Linq.TestTargets.TestTargetModel]: CurrentPage: 1&#xD;
PageSize: 1&#xD;
ExcludePageCount: False&#xD;
SearchTerm: (null)&#xD;
&#xD;
Eliassen.System.Internal.ConsoleLogger`1[Eliassen.System.Linq.Search.SortBuilder`1[Eliassen.System.Tests.Linq.TestTargets.TestTargetModel]]:Warning:&gt;&#xD;
	Force sort by 0 applied for Eliassen.System.Tests.Linq.TestTargets.TestTargetModel</StdErr>
      </Output>
      <ResultFiles>
        <ResultFile path="LW-18560\EnumerableQuery_1-QueryableExtensionsTests_ExecuteByTest_Page(224)-638296114098043315.json" />
        <ResultFile path="LW-18560\PagedQueryResult_1-QueryableExtensionsTests_ExecuteByTest_Page(226)-638296114098446931.json" />
        <ResultFile path="LW-18560\SearchQuery-QueryableExtensionsTests_ExecuteByTest_Page(222)-638296114097709464.json" />
      </ResultFiles>
    </UnitTestResult>
    <UnitTestResult executionId="b0a37a82-8b28-4959-98a7-3ba50b9ec3fb" testId="9519dfdc-dbb6-dbe3-6b41-92c4f7f3c9f9" testName="VisitTest_Equals (Hello,hello,False)" computerName="LW-18560" duration="00:00:00.0043360" startTime="2023-09-06T15:36:50.2902043-04:00" endTime="2023-09-06T15:36:50.2951696-04:00" testType="13cdc9d9-ddb5-4fa4-a97d-d965ccfc6d4b" outcome="Passed" testListId="8c84fa94-04c1-424b-9868-57a2d4851a1d" relativeResultsDirectory="b0a37a82-8b28-4959-98a7-3ba50b9ec3fb">
      <Output>
        <StdOut>TestContext Messages:&#xD;
expression: e =&gt; e.Equals(value(Eliassen.System.Tests.Linq.Expressions.SkipInstanceMethodOnNullExpressionVisitorTests+&lt;&gt;c__DisplayClass4_0).matched)&#xD;
visited: e =&gt; ((e != null) AndAlso e.Equals(value(Eliassen.System.Tests.Linq.Expressions.SkipInstanceMethodOnNullExpressionVisitorTests+&lt;&gt;c__DisplayClass4_0).matched))&#xD;
result: False</StdOut>
      </Output>
    </UnitTestResult>
    <UnitTestResult executionId="5034c3ce-b52b-40fb-a2e3-1a0b30f42d8a" testId="f664882a-a952-a76f-bc8f-fcf0578ff20f" testName="GetResourceFromJsonAsyncTest" computerName="LW-18560" duration="00:00:00.0270343" startTime="2023-09-06T15:36:45.0067255-04:00" endTime="2023-09-06T15:36:45.0342439-04:00" testType="13cdc9d9-ddb5-4fa4-a97d-d965ccfc6d4b" outcome="Passed" testListId="8c84fa94-04c1-424b-9868-57a2d4851a1d" relativeResultsDirectory="5034c3ce-b52b-40fb-a2e3-1a0b30f42d8a" />
    <UnitTestResult executionId="a957c9f5-5209-4ac7-82c9-2646576e40a7" testId="03da6fc3-f39d-60f3-9380-2e28110daae5" testName="ExecuteByTest_Sort (Name,Descending,999,998,997,996,995,994,993,992,991,990)" computerName="LW-18560" duration="00:00:00.0453324" startTime="2023-09-06T15:36:49.9326382-04:00" endTime="2023-09-06T15:36:49.9786606-04:00" testType="13cdc9d9-ddb5-4fa4-a97d-d965ccfc6d4b" outcome="Passed" testListId="8c84fa94-04c1-424b-9868-57a2d4851a1d" relativeResultsDirectory="a957c9f5-5209-4ac7-82c9-2646576e40a7">
      <Output>
        <StdOut>Eliassen.System.Internal.ConsoleLogger`1[Eliassen.System.Linq.Search.QueryBuilder]:Information:&gt;&#xD;
	Build query for CurrentPage: 0&#xD;
PageSize: 0&#xD;
ExcludePageCount: False&#xD;
SearchTerm: (null)&#xD;
	S:Name: Descending&#xD;
&#xD;
Eliassen.System.Internal.ConsoleLogger`1[Eliassen.System.Linq.Search.QueryBuilder]:Information:&gt;&#xD;
	Execute (paged): System.Linq.Enumerable+SelectRangeIterator`1[Eliassen.System.Tests.Linq.TestTargets.TestTargetModel].OrderByDescending(n =&gt; n.Name).Skip(0).Take(10)&#xD;
&#xD;
&#xD;
&#xD;
TestContext Messages:&#xD;
SearchQuery-QueryableExtensionsTests_ExecuteByTest_Sort(266)-638296114099386315.json: Attached&#xD;
PagedQueryResult_1-QueryableExtensionsTests_ExecuteByTest_Sort(268)-638296114099707024.json: Attached</StdOut>
        <StdErr>Eliassen.System.Internal.ConsoleLogger`1[Eliassen.System.Linq.Search.QueryBuilder]:Warning:&gt;&#xD;
	No filtering detected: System.Linq.Enumerable+SelectRangeIterator`1[Eliassen.System.Tests.Linq.TestTargets.TestTargetModel]: CurrentPage: 0&#xD;
PageSize: 0&#xD;
ExcludePageCount: False&#xD;
SearchTerm: (null)&#xD;
	S:Name: Descending</StdErr>
      </Output>
      <ResultFiles>
        <ResultFile path="LW-18560\PagedQueryResult_1-QueryableExtensionsTests_ExecuteByTest_Sort(268)-638296114099707024.json" />
        <ResultFile path="LW-18560\SearchQuery-QueryableExtensionsTests_ExecuteByTest_Sort(266)-638296114099386315.json" />
      </ResultFiles>
    </UnitTestResult>
    <UnitTestResult executionId="0b3fc210-adb4-43c8-a359-a7ad8bfc6335" testId="7fd160bc-3b5b-e6e2-40ae-1974536260f2" testName="TryParseTest (System.Nullable`1[System.Decimal],nope,False,)" computerName="LW-18560" duration="00:00:00.0004085" startTime="2023-09-06T15:36:44.9461477-04:00" endTime="2023-09-06T15:36:44.9605777-04:00" testType="13cdc9d9-ddb5-4fa4-a97d-d965ccfc6d4b" outcome="Passed" testListId="8c84fa94-04c1-424b-9868-57a2d4851a1d" relativeResultsDirectory="0b3fc210-adb4-43c8-a359-a7ad8bfc6335" />
    <UnitTestResult executionId="caf94318-8556-4992-82d1-d2760947608d" testId="9576cb6d-ffa5-4a23-9c7a-c5c6b213d46b" testName="GetResourceStreamTest_NotFound" computerName="LW-18560" duration="00:00:00.0011260" startTime="2023-09-06T15:36:45.0026121-04:00" endTime="2023-09-06T15:36:45.0041706-04:00" testType="13cdc9d9-ddb5-4fa4-a97d-d965ccfc6d4b" outcome="Passed" testListId="8c84fa94-04c1-424b-9868-57a2d4851a1d" relativeResultsDirectory="caf94318-8556-4992-82d1-d2760947608d" />
    <UnitTestResult executionId="8f07ee4a-ef6e-4dd4-bdee-ec6571262a7e" testId="07a7a327-67a2-b280-2fa0-04f8167fd844" testName="VisitTest_EqualOperator (Hello,HeLlO,True)" computerName="LW-18560" duration="00:00:00.0010951" startTime="2023-09-06T15:36:50.3351385-04:00" endTime="2023-09-06T15:36:50.3368969-04:00" testType="13cdc9d9-ddb5-4fa4-a97d-d965ccfc6d4b" outcome="Passed" testListId="8c84fa94-04c1-424b-9868-57a2d4851a1d" relativeResultsDirectory="8f07ee4a-ef6e-4dd4-bdee-ec6571262a7e">
      <Output>
        <StdOut>TestContext Messages:&#xD;
expression: e =&gt; (e == value(Eliassen.System.Tests.Linq.Expressions.StringComparisonReplacementExpressionVisitorTests+&lt;&gt;c__DisplayClass4_0).matched)&#xD;
visited: e =&gt; e.Equals(value(Eliassen.System.Tests.Linq.Expressions.StringComparisonReplacementExpressionVisitorTests+&lt;&gt;c__DisplayClass4_0).matched, CurrentCultureIgnoreCase)</StdOut>
      </Output>
    </UnitTestResult>
    <UnitTestResult executionId="d8899257-9184-4723-a1d5-335160c7fb02" testId="6af366a4-2dec-4a9c-8783-938be9207f5b" testName="DeserializeTest_Value ({&quot;Nullable&quot;:{&quot;$date&quot;:&quot;2023-07-05T14:16:32.2015217-04:00&quot;},&quot;Value&quot;:{&quot;$date&quot;:&quot;0001-01-01T00:00:00+00:00&quot;}},0001-01-01T00:00:00+00:00)" computerName="LW-18560" duration="00:00:00.0227182" startTime="2023-09-06T15:36:44.4185262-04:00" endTime="2023-09-06T15:36:44.4608044-04:00" testType="13cdc9d9-ddb5-4fa4-a97d-d965ccfc6d4b" outcome="Passed" testListId="8c84fa94-04c1-424b-9868-57a2d4851a1d" relativeResultsDirectory="d8899257-9184-4723-a1d5-335160c7fb02">
      <Output>
        <StdOut>TestContext Messages:&#xD;
input-BsonDateConverterTests_DeserializeTest_Value(79)-638296114044390004.json: Attached&#xD;
result-BsonDateConverterTests_DeserializeTest_Value(81)-638296114044444835.json: Attached</StdOut>
      </Output>
      <ResultFiles>
        <ResultFile path="LW-18560\input-BsonDateConverterTests_DeserializeTest_Value(79)-638296114044390004.json" />
        <ResultFile path="LW-18560\result-BsonDateConverterTests_DeserializeTest_Value(81)-638296114044444835.json" />
      </ResultFiles>
    </UnitTestResult>
    <UnitTestResult executionId="68b82bad-cb17-4340-9756-75684cc96d3b" testId="e350703c-47df-56f0-b995-a52c38b53eca" testName="MakeSafeTest (System.Nullable`1[System.Decimal],nope,)" computerName="LW-18560" duration="00:00:00.0004801" startTime="2023-09-06T15:36:44.8358129-04:00" endTime="2023-09-06T15:36:44.8942915-04:00" testType="13cdc9d9-ddb5-4fa4-a97d-d965ccfc6d4b" outcome="Passed" testListId="8c84fa94-04c1-424b-9868-57a2d4851a1d" relativeResultsDirectory="68b82bad-cb17-4340-9756-75684cc96d3b" />
    <UnitTestResult executionId="3ee178ca-5271-476b-863f-7510b3bee000" testId="e350703c-47df-56f0-b995-a52c38b53eca" testName="MakeSafeTest (System.Decimal,1,1)" computerName="LW-18560" duration="00:00:00.0003085" startTime="2023-09-06T15:36:44.8358129-04:00" endTime="2023-09-06T15:36:44.8942915-04:00" testType="13cdc9d9-ddb5-4fa4-a97d-d965ccfc6d4b" outcome="Passed" testListId="8c84fa94-04c1-424b-9868-57a2d4851a1d" relativeResultsDirectory="3ee178ca-5271-476b-863f-7510b3bee000" />
    <UnitTestResult executionId="aa94b912-96de-4131-802a-a83d3f7b2d4c" testId="e350703c-47df-56f0-b995-a52c38b53eca" testName="MakeSafeTest (System.DateTime,3/16/2022 12:00:00 AM,3/16/2022 12:00:00 AM)" computerName="LW-18560" duration="00:00:00.0004700" startTime="2023-09-06T15:36:44.8358129-04:00" endTime="2023-09-06T15:36:44.8942915-04:00" testType="13cdc9d9-ddb5-4fa4-a97d-d965ccfc6d4b" outcome="Passed" testListId="8c84fa94-04c1-424b-9868-57a2d4851a1d" relativeResultsDirectory="aa94b912-96de-4131-802a-a83d3f7b2d4c" />
    <UnitTestResult executionId="55c50ddb-3cd5-49b8-b72b-5817a6b30025" testId="7fd160bc-3b5b-e6e2-40ae-1974536260f2" testName="TryParseTest (System.Decimal,1,True,1)" computerName="LW-18560" duration="00:00:00.0000515" startTime="2023-09-06T15:36:44.9461477-04:00" endTime="2023-09-06T15:36:44.9605777-04:00" testType="13cdc9d9-ddb5-4fa4-a97d-d965ccfc6d4b" outcome="Passed" testListId="8c84fa94-04c1-424b-9868-57a2d4851a1d" relativeResultsDirectory="55c50ddb-3cd5-49b8-b72b-5817a6b30025" />
    <UnitTestResult executionId="94f3ecb6-dd80-43f2-88e5-aa0199049ecb" testId="2f56b32e-ea97-c552-8dea-074dcb4e0dc0" testName="MakeSafeArrayTest (System.Decimal,System.Object[],System.Decimal[])" computerName="LW-18560" duration="00:00:00.0004967" startTime="2023-09-06T15:36:44.9294076-04:00" endTime="2023-09-06T15:36:44.9440116-04:00" testType="13cdc9d9-ddb5-4fa4-a97d-d965ccfc6d4b" outcome="Passed" testListId="8c84fa94-04c1-424b-9868-57a2d4851a1d" relativeResultsDirectory="94f3ecb6-dd80-43f2-88e5-aa0199049ecb" />
    <UnitTestResult executionId="198c1916-200b-46cf-9473-3e9cbc3ddb93" testId="7fd160bc-3b5b-e6e2-40ae-1974536260f2" testName="TryParseTest (System.Nullable`1[System.Int32],nope,False,)" computerName="LW-18560" duration="00:00:00.0002899" startTime="2023-09-06T15:36:44.9461477-04:00" endTime="2023-09-06T15:36:44.9605777-04:00" testType="13cdc9d9-ddb5-4fa4-a97d-d965ccfc6d4b" outcome="Passed" testListId="8c84fa94-04c1-424b-9868-57a2d4851a1d" relativeResultsDirectory="198c1916-200b-46cf-9473-3e9cbc3ddb93" />
    <UnitTestResult executionId="3e92b129-cb68-4325-9543-56d66126e569" testId="a51c6a7a-75e1-0622-60c8-7222f67cd4e4" testName="DeserializeTest_Nullable ({&quot;Nullable&quot;:{&quot;$date&quot;:&quot;2023-07-05T14:16:32.2015217-04:00&quot;},&quot;Value&quot;:{&quot;$date&quot;:&quot;0001-01-01T00:00:00+00:00&quot;}},2023-07-05T14:16:32.2015217-04:00)" computerName="LW-18560" duration="00:00:00.0436309" startTime="2023-09-06T15:36:44.3257747-04:00" endTime="2023-09-06T15:36:44.4029870-04:00" testType="13cdc9d9-ddb5-4fa4-a97d-d965ccfc6d4b" outcome="Passed" testListId="8c84fa94-04c1-424b-9868-57a2d4851a1d" relativeResultsDirectory="3e92b129-cb68-4325-9543-56d66126e569">
      <Output>
        <StdOut>TestContext Messages:&#xD;
input-BsonDateConverterTests_DeserializeTest_Nullable(65)-638296114043599672.json: Attached&#xD;
result-BsonDateConverterTests_DeserializeTest_Nullable(67)-638296114043817244.json: Attached</StdOut>
      </Output>
      <ResultFiles>
        <ResultFile path="LW-18560\input-BsonDateConverterTests_DeserializeTest_Nullable(65)-638296114043599672.json" />
        <ResultFile path="LW-18560\result-BsonDateConverterTests_DeserializeTest_Nullable(67)-638296114043817244.json" />
      </ResultFiles>
    </UnitTestResult>
    <UnitTestResult executionId="a94c6f17-2bc1-4e91-a210-31d3d1f50b35" testId="870b9428-08e8-f91f-14b9-7fcf33dc2d0f" testName="AsModelsTest2" computerName="LW-18560" duration="00:00:00.0211131" startTime="2023-09-06T15:36:44.6642655-04:00" endTime="2023-09-06T15:36:44.6858235-04:00" testType="13cdc9d9-ddb5-4fa4-a97d-d965ccfc6d4b" outcome="Passed" testListId="8c84fa94-04c1-424b-9868-57a2d4851a1d" relativeResultsDirectory="a94c6f17-2bc1-4e91-a210-31d3d1f50b35">
      <Output>
        <StdOut>TestContext Messages:&#xD;
EnumModel { Id = 0, Name = Val0, Code = VAL0, Description = , Order = 0, Value = Val0, IsEndState = False, IsExcludeFromUnique = False, PossibleNames = System.String[], Value = Val0 }&#xD;
EnumModel { Id = 1, Name = Val1, Code = VAL1, Description = , Order = 0, Value = Val1, IsEndState = False, IsExcludeFromUnique = False, PossibleNames = System.String[], Value = Val1 }&#xD;
EnumModel { Id = 2, Name = Val2, Code = VAL2, Description = , Order = 0, Value = Val2, IsEndState = False, IsExcludeFromUnique = False, PossibleNames = System.String[], Value = Val2 }&#xD;
EnumModel { Id = 4, Name = WithEnumValue, Code = name, Description = , Order = 0, Value = WithEnumValue, IsEndState = False, IsExcludeFromUnique = False, PossibleNames = System.String[], Value = WithEnumValue }&#xD;
EnumModel { Id = 8, Name = WithMemberName, Code = name2, Description = , Order = 0, Value = WithMemberName, IsEndState = False, IsExcludeFromUnique = False, PossibleNames = System.String[], Value = WithMemberName }&#xD;
EnumModel { Id = 16, Name = WithDescription, Code = WITHDESCRIPTION, Description = test description, Order = 0, Value = WithDescription, IsEndState = False, IsExcludeFromUnique = False, PossibleNames = System.String[], Value = WithDescription }&#xD;
EnumModel { Id = 32, Name = test name, Code = test short, Description = test display, Order = 0, Value = WithDisplay, IsEndState = False, IsExcludeFromUnique = False, PossibleNames = System.String[], Value = WithDisplay }</StdOut>
      </Output>
    </UnitTestResult>
    <UnitTestResult executionId="5c64d356-5df6-4060-aa81-3a2e5d579e50" testId="b6498f29-1231-5fcf-4954-1746daa0500d" testName="ExecuteByTest_Filter (Eliassen.System.Tests.Linq.TestTargets.TestTargetExtendedModel,May,NotEqualTo,,10,-1,1,2,4,5,7,8,10,11,13)" computerName="LW-18560" duration="00:00:00.0686449" startTime="2023-09-06T15:36:45.2954178-04:00" endTime="2023-09-06T15:36:49.0762715-04:00" testType="13cdc9d9-ddb5-4fa4-a97d-d965ccfc6d4b" outcome="Passed" testListId="8c84fa94-04c1-424b-9868-57a2d4851a1d" relativeResultsDirectory="5c64d356-5df6-4060-aa81-3a2e5d579e50">
      <Output>
        <StdOut>Eliassen.System.Internal.ConsoleLogger`1[Eliassen.System.Linq.Search.QueryBuilder]:Information:&gt;&#xD;
	Build query for CurrentPage: 0&#xD;
PageSize: 0&#xD;
ExcludePageCount: False&#xD;
SearchTerm: (null)&#xD;
	F:May: NotEqualTo:&#xD;
&#xD;
Eliassen.System.Internal.ConsoleLogger`1[Eliassen.System.Linq.Search.QueryBuilder]:Information:&gt;&#xD;
	Execute (paged): System.Linq.Enumerable+SelectRangeIterator`1[Eliassen.System.Tests.Linq.TestTargets.TestTargetExtendedModel].Where(n =&gt; (n.May != "")).OrderBy(_ =&gt; 0).Skip(0).Take(10)&#xD;
&#xD;
&#xD;
&#xD;
TestContext Messages:&#xD;
SearchQuery-QueryableExtensionsTests_ExecuteByTestFilter(121)-638296114088540894.json: Attached&#xD;
EnumerableQuery_1-QueryableExtensionsTests_ExecuteByTestFilter(123)-638296114088601127.json: Attached&#xD;
PagedQueryResult_1-QueryableExtensionsTests_ExecuteByTestFilter(125)-638296114089145873.json: Attached&#xD;
resultKeys: -1,1,2,4,5,7,8,10,11,13</StdOut>
        <StdErr>Eliassen.System.Internal.ConsoleLogger`1[Eliassen.System.Linq.Search.SortBuilder`1[Eliassen.System.Tests.Linq.TestTargets.TestTargetExtendedModel]]:Warning:&gt;&#xD;
	Force sort by 0 applied for Eliassen.System.Tests.Linq.TestTargets.TestTargetExtendedModel</StdErr>
      </Output>
      <ResultFiles>
        <ResultFile path="LW-18560\EnumerableQuery_1-QueryableExtensionsTests_ExecuteByTestFilter(123)-638296114088601127.json" />
        <ResultFile path="LW-18560\PagedQueryResult_1-QueryableExtensionsTests_ExecuteByTestFilter(125)-638296114089145873.json" />
        <ResultFile path="LW-18560\SearchQuery-QueryableExtensionsTests_ExecuteByTestFilter(121)-638296114088540894.json" />
      </ResultFiles>
    </UnitTestResult>
    <UnitTestResult executionId="7071a754-1d6a-4b12-96cc-8f94e47486de" testId="e350703c-47df-56f0-b995-a52c38b53eca" testName="MakeSafeTest (System.Decimal,1,1)" computerName="LW-18560" duration="00:00:00.0000553" startTime="2023-09-06T15:36:44.8358129-04:00" endTime="2023-09-06T15:36:44.8942915-04:00" testType="13cdc9d9-ddb5-4fa4-a97d-d965ccfc6d4b" outcome="Passed" testListId="8c84fa94-04c1-424b-9868-57a2d4851a1d" relativeResultsDirectory="7071a754-1d6a-4b12-96cc-8f94e47486de" />
    <UnitTestResult executionId="78522298-bab3-49a8-af93-a09aa4c7c44d" testId="e350703c-47df-56f0-b995-a52c38b53eca" testName="MakeSafeTest (System.Byte[],QUJD,System.Byte[])" computerName="LW-18560" duration="00:00:00.0080689" startTime="2023-09-06T15:36:44.8358129-04:00" endTime="2023-09-06T15:36:44.8942915-04:00" testType="13cdc9d9-ddb5-4fa4-a97d-d965ccfc6d4b" outcome="Passed" testListId="8c84fa94-04c1-424b-9868-57a2d4851a1d" relativeResultsDirectory="78522298-bab3-49a8-af93-a09aa4c7c44d" />
    <UnitTestResult executionId="d63fc9f2-9a96-407a-a067-f0331952470b" testId="2f56b32e-ea97-c552-8dea-074dcb4e0dc0" testName="MakeSafeArrayTest (System.String,System.Object[],System.String[])" computerName="LW-18560" duration="00:00:00.0086552" startTime="2023-09-06T15:36:44.9294076-04:00" endTime="2023-09-06T15:36:44.9440116-04:00" testType="13cdc9d9-ddb5-4fa4-a97d-d965ccfc6d4b" outcome="Passed" testListId="8c84fa94-04c1-424b-9868-57a2d4851a1d" relativeResultsDirectory="d63fc9f2-9a96-407a-a067-f0331952470b" />
    <UnitTestResult executionId="54c2827f-3e70-4c7d-acb0-5cdf28bbe3a4" testId="f5197edd-d0ef-4a92-f867-bf3ce57f244b" testName="VisitTest_StartsWith (Hello,HE,True)" computerName="LW-18560" duration="00:00:00.0017489" startTime="2023-09-06T15:36:50.4062550-04:00" endTime="2023-09-06T15:36:50.4086462-04:00" testType="13cdc9d9-ddb5-4fa4-a97d-d965ccfc6d4b" outcome="Passed" testListId="8c84fa94-04c1-424b-9868-57a2d4851a1d" relativeResultsDirectory="54c2827f-3e70-4c7d-acb0-5cdf28bbe3a4">
      <Output>
        <StdOut>Eliassen.System.Internal.ConsoleLogger`1[Eliassen.System.Linq.Expressions.StringComparisonReplacementExpressionVisitor]:Debug:&gt;&#xD;
	Replace: e.StartsWith(value(Eliassen.System.Tests.Linq.Expressions.StringComparisonReplacementExpressionVisitorTests+&lt;&gt;c__DisplayClass7_0).matched) with e.StartsWith(value(Eliassen.System.Tests.Linq.Expressions.StringComparisonReplacementExpressionVisitorTests+&lt;&gt;c__DisplayClass7_0).matched, CurrentCultureIgnoreCase)&#xD;
&#xD;
&#xD;
&#xD;
TestContext Messages:&#xD;
expression: e =&gt; e.StartsWith(value(Eliassen.System.Tests.Linq.Expressions.StringComparisonReplacementExpressionVisitorTests+&lt;&gt;c__DisplayClass7_0).matched)&#xD;
visited: e =&gt; e.StartsWith(value(Eliassen.System.Tests.Linq.Expressions.StringComparisonReplacementExpressionVisitorTests+&lt;&gt;c__DisplayClass7_0).matched, CurrentCultureIgnoreCase)</StdOut>
      </Output>
    </UnitTestResult>
    <UnitTestResult executionId="a1688920-db44-4e2b-b6f0-a26c4accd97d" testId="e350703c-47df-56f0-b995-a52c38b53eca" testName="MakeSafeTest (System.AttributeTargets,Enum,Enum)" computerName="LW-18560" duration="00:00:00.0000451" startTime="2023-09-06T15:36:44.8358129-04:00" endTime="2023-09-06T15:36:44.8942915-04:00" testType="13cdc9d9-ddb5-4fa4-a97d-d965ccfc6d4b" outcome="Passed" testListId="8c84fa94-04c1-424b-9868-57a2d4851a1d" relativeResultsDirectory="a1688920-db44-4e2b-b6f0-a26c4accd97d" />
    <UnitTestResult executionId="d51c78ae-3424-411f-ba53-df87144a915c" testId="b6498f29-1231-5fcf-4954-1746daa0500d" testName="ExecuteByTest_Filter (Eliassen.System.Tests.Linq.TestTargets.TestTargetModel,Name,InSet,System.String[],3,1,2,3)" computerName="LW-18560" duration="00:00:00.0640996" startTime="2023-09-06T15:36:45.2954178-04:00" endTime="2023-09-06T15:36:49.0762715-04:00" testType="13cdc9d9-ddb5-4fa4-a97d-d965ccfc6d4b" outcome="Passed" testListId="8c84fa94-04c1-424b-9868-57a2d4851a1d" relativeResultsDirectory="d51c78ae-3424-411f-ba53-df87144a915c">
      <Output>
        <StdOut>Eliassen.System.Internal.ConsoleLogger`1[Eliassen.System.Linq.Search.QueryBuilder]:Information:&gt;&#xD;
	Build query for CurrentPage: 0&#xD;
PageSize: 0&#xD;
ExcludePageCount: False&#xD;
SearchTerm: (null)&#xD;
	F:Name: InSet: Name1; Name2; Name3&#xD;
&#xD;
Eliassen.System.Internal.ConsoleLogger`1[Eliassen.System.Linq.Search.QueryBuilder]:Information:&gt;&#xD;
	Execute (paged): System.Linq.Enumerable+SelectRangeIterator`1[Eliassen.System.Tests.Linq.TestTargets.TestTargetModel].Where(n =&gt; value(System.String[]).Contains(n.Name)).OrderBy(_ =&gt; 0).Skip(0).Take(10)&#xD;
&#xD;
&#xD;
&#xD;
TestContext Messages:&#xD;
SearchQuery-QueryableExtensionsTests_ExecuteByTestFilter(121)-638296114064045168.json: Attached&#xD;
EnumerableQuery_1-QueryableExtensionsTests_ExecuteByTestFilter(123)-638296114064116093.json: Attached&#xD;
PagedQueryResult_1-QueryableExtensionsTests_ExecuteByTestFilter(125)-638296114064576457.json: Attached&#xD;
resultKeys: 1,2,3</StdOut>
        <StdErr>Eliassen.System.Internal.ConsoleLogger`1[Eliassen.System.Linq.Search.SortBuilder`1[Eliassen.System.Tests.Linq.TestTargets.TestTargetModel]]:Warning:&gt;&#xD;
	Force sort by 0 applied for Eliassen.System.Tests.Linq.TestTargets.TestTargetModel</StdErr>
      </Output>
      <ResultFiles>
        <ResultFile path="LW-18560\EnumerableQuery_1-QueryableExtensionsTests_ExecuteByTestFilter(123)-638296114064116093.json" />
        <ResultFile path="LW-18560\PagedQueryResult_1-QueryableExtensionsTests_ExecuteByTestFilter(125)-638296114064576457.json" />
        <ResultFile path="LW-18560\SearchQuery-QueryableExtensionsTests_ExecuteByTestFilter(121)-638296114064045168.json" />
      </ResultFiles>
    </UnitTestResult>
    <UnitTestResult executionId="6c714bff-fbad-465e-85d5-bb2a99d83edd" testId="e350703c-47df-56f0-b995-a52c38b53eca" testName="MakeSafeTest (System.Int32,nope,)" computerName="LW-18560" duration="00:00:00.0019468" startTime="2023-09-06T15:36:44.8358129-04:00" endTime="2023-09-06T15:36:44.8942915-04:00" testType="13cdc9d9-ddb5-4fa4-a97d-d965ccfc6d4b" outcome="Passed" testListId="8c84fa94-04c1-424b-9868-57a2d4851a1d" relativeResultsDirectory="6c714bff-fbad-465e-85d5-bb2a99d83edd" />
    <UnitTestResult executionId="fab577b6-b7d7-4cb3-abc2-bde4e77f00fc" testId="e350703c-47df-56f0-b995-a52c38b53eca" testName="MakeSafeTest (System.Decimal,1,1)" computerName="LW-18560" duration="00:00:00.0041667" startTime="2023-09-06T15:36:44.8358129-04:00" endTime="2023-09-06T15:36:44.8942915-04:00" testType="13cdc9d9-ddb5-4fa4-a97d-d965ccfc6d4b" outcome="Passed" testListId="8c84fa94-04c1-424b-9868-57a2d4851a1d" relativeResultsDirectory="fab577b6-b7d7-4cb3-abc2-bde4e77f00fc" />
    <UnitTestResult executionId="6f807631-bcd6-4d1d-955b-74846c8973e8" testId="7fd160bc-3b5b-e6e2-40ae-1974536260f2" testName="TryParseTest (System.Decimal,nope,False,)" computerName="LW-18560" duration="00:00:00.0016964" startTime="2023-09-06T15:36:44.9461477-04:00" endTime="2023-09-06T15:36:44.9605777-04:00" testType="13cdc9d9-ddb5-4fa4-a97d-d965ccfc6d4b" outcome="Passed" testListId="8c84fa94-04c1-424b-9868-57a2d4851a1d" relativeResultsDirectory="6f807631-bcd6-4d1d-955b-74846c8973e8" />
    <UnitTestResult executionId="1aeb2e4c-1871-4229-b65a-04141c810573" testId="7fd160bc-3b5b-e6e2-40ae-1974536260f2" testName="TryParseTest (System.Guid,18AACB9C-2989-4322-A490-C7167BEA0DB4,True,18aacb9c-2989-4322-a490-c7167bea0db4)" computerName="LW-18560" duration="00:00:00.0028772" startTime="2023-09-06T15:36:44.9461477-04:00" endTime="2023-09-06T15:36:44.9605777-04:00" testType="13cdc9d9-ddb5-4fa4-a97d-d965ccfc6d4b" outcome="Passed" testListId="8c84fa94-04c1-424b-9868-57a2d4851a1d" relativeResultsDirectory="1aeb2e4c-1871-4229-b65a-04141c810573" />
    <UnitTestResult executionId="a446bc31-002e-4d78-aa74-b1107555f93b" testId="befbbe40-8643-5608-343e-b1c6cbc1b0eb" testName="DeserializeTest ({&quot;_id&quot;:{&quot;$oid&quot;:&quot;Hello World&quot;}},Hello World)" computerName="LW-18560" duration="00:00:00.0153021" startTime="2023-09-06T15:36:44.5118734-04:00" endTime="2023-09-06T15:36:44.5277613-04:00" testType="13cdc9d9-ddb5-4fa4-a97d-d965ccfc6d4b" outcome="Passed" testListId="8c84fa94-04c1-424b-9868-57a2d4851a1d" relativeResultsDirectory="a446bc31-002e-4d78-aa74-b1107555f93b">
      <Output>
        <StdOut>TestContext Messages:&#xD;
input-BsonIdConverterTests_DeserializeTest(41)-638296114045139201.json: Attached&#xD;
result-BsonIdConverterTests_DeserializeTest(43)-638296114045210759.json: Attached</StdOut>
      </Output>
      <ResultFiles>
        <ResultFile path="LW-18560\input-BsonIdConverterTests_DeserializeTest(41)-638296114045139201.json" />
        <ResultFile path="LW-18560\result-BsonIdConverterTests_DeserializeTest(43)-638296114045210759.json" />
      </ResultFiles>
    </UnitTestResult>
    <UnitTestResult executionId="d50905d6-4236-4502-b58b-77181aa2e3d2" testId="7fd160bc-3b5b-e6e2-40ae-1974536260f2" testName="TryParseTest (System.Guid,nope,False,)" computerName="LW-18560" duration="00:00:00.0004039" startTime="2023-09-06T15:36:44.9461477-04:00" endTime="2023-09-06T15:36:44.9605777-04:00" testType="13cdc9d9-ddb5-4fa4-a97d-d965ccfc6d4b" outcome="Passed" testListId="8c84fa94-04c1-424b-9868-57a2d4851a1d" relativeResultsDirectory="d50905d6-4236-4502-b58b-77181aa2e3d2" />
    <UnitTestResult executionId="cd268594-6893-4306-94f2-7597e20f9e8d" testId="b6498f29-1231-5fcf-4954-1746daa0500d" testName="ExecuteByTest_Filter (Eliassen.System.Tests.Linq.TestTargets.TestTargetModel,Name,EqualTo,Name3,1,3)" computerName="LW-18560" duration="00:00:00.0554267" startTime="2023-09-06T15:36:45.2954178-04:00" endTime="2023-09-06T15:36:49.0762715-04:00" testType="13cdc9d9-ddb5-4fa4-a97d-d965ccfc6d4b" outcome="Passed" testListId="8c84fa94-04c1-424b-9868-57a2d4851a1d" relativeResultsDirectory="cd268594-6893-4306-94f2-7597e20f9e8d">
      <Output>
        <StdOut>Eliassen.System.Internal.ConsoleLogger`1[Eliassen.System.Linq.Search.QueryBuilder]:Information:&gt;&#xD;
	Build query for CurrentPage: 0&#xD;
PageSize: 0&#xD;
ExcludePageCount: False&#xD;
SearchTerm: (null)&#xD;
	F:Name: EqualTo: Name3&#xD;
&#xD;
Eliassen.System.Internal.ConsoleLogger`1[Eliassen.System.Linq.Search.QueryBuilder]:Information:&gt;&#xD;
	Execute (paged): System.Linq.Enumerable+SelectRangeIterator`1[Eliassen.System.Tests.Linq.TestTargets.TestTargetModel].Where(n =&gt; n.Name.Equals("Name3")).OrderBy(_ =&gt; 0).Skip(0).Take(10)&#xD;
&#xD;
&#xD;
&#xD;
TestContext Messages:&#xD;
SearchQuery-QueryableExtensionsTests_ExecuteByTestFilter(121)-638296114063485999.json: Attached&#xD;
EnumerableQuery_1-QueryableExtensionsTests_ExecuteByTestFilter(123)-638296114063546492.json: Attached&#xD;
PagedQueryResult_1-QueryableExtensionsTests_ExecuteByTestFilter(125)-638296114063983164.json: Attached&#xD;
resultKeys: 3</StdOut>
        <StdErr>Eliassen.System.Internal.ConsoleLogger`1[Eliassen.System.Linq.Search.SortBuilder`1[Eliassen.System.Tests.Linq.TestTargets.TestTargetModel]]:Warning:&gt;&#xD;
	Force sort by 0 applied for Eliassen.System.Tests.Linq.TestTargets.TestTargetModel</StdErr>
      </Output>
      <ResultFiles>
        <ResultFile path="LW-18560\EnumerableQuery_1-QueryableExtensionsTests_ExecuteByTestFilter(123)-638296114063546492.json" />
        <ResultFile path="LW-18560\PagedQueryResult_1-QueryableExtensionsTests_ExecuteByTestFilter(125)-638296114063983164.json" />
        <ResultFile path="LW-18560\SearchQuery-QueryableExtensionsTests_ExecuteByTestFilter(121)-638296114063485999.json" />
      </ResultFiles>
    </UnitTestResult>
    <UnitTestResult executionId="8a64da2b-ef6b-4b90-b5a6-26610ff5de65" testId="b6498f29-1231-5fcf-4954-1746daa0500d" testName="ExecuteByTest_Filter (Eliassen.System.Tests.Linq.TestTargets.TestTargetExtendedModel,Date,LessThan,3/1/2020,3,-1,0,1)" computerName="LW-18560" duration="00:00:00.0732096" startTime="2023-09-06T15:36:45.2954178-04:00" endTime="2023-09-06T15:36:49.0762715-04:00" testType="13cdc9d9-ddb5-4fa4-a97d-d965ccfc6d4b" outcome="Passed" testListId="8c84fa94-04c1-424b-9868-57a2d4851a1d" relativeResultsDirectory="8a64da2b-ef6b-4b90-b5a6-26610ff5de65">
      <Output>
        <StdOut>Eliassen.System.Internal.ConsoleLogger`1[Eliassen.System.Linq.Search.QueryBuilder]:Information:&gt;&#xD;
	Build query for CurrentPage: 0&#xD;
PageSize: 0&#xD;
ExcludePageCount: False&#xD;
SearchTerm: (null)&#xD;
	F:Date: LessThan: 3/1/2020&#xD;
&#xD;
Eliassen.System.Internal.ConsoleLogger`1[Eliassen.System.Linq.Search.QueryBuilder]:Information:&gt;&#xD;
	Execute (paged): System.Linq.Enumerable+SelectRangeIterator`1[Eliassen.System.Tests.Linq.TestTargets.TestTargetExtendedModel].Where(n =&gt; (n.Date &lt; 3/1/2020 12:00:00 AM)).OrderBy(_ =&gt; 0).Skip(0).Take(10)&#xD;
&#xD;
&#xD;
&#xD;
TestContext Messages:&#xD;
SearchQuery-QueryableExtensionsTests_ExecuteByTestFilter(121)-638296114077560263.json: Attached&#xD;
EnumerableQuery_1-QueryableExtensionsTests_ExecuteByTestFilter(123)-638296114077626357.json: Attached&#xD;
PagedQueryResult_1-QueryableExtensionsTests_ExecuteByTestFilter(125)-638296114078200541.json: Attached&#xD;
resultKeys: -1,0,1</StdOut>
        <StdErr>Eliassen.System.Internal.ConsoleLogger`1[Eliassen.System.Linq.Expressions.ExpressionTreeBuilder`1[Eliassen.System.Tests.Linq.TestTargets.TestTargetExtendedModel]]:Warning:&gt;&#xD;
	3/1/2020 parsed to 03/01/2020 00:00:00 (System.DateTime)&#xD;
Eliassen.System.Internal.ConsoleLogger`1[Eliassen.System.Linq.Search.SortBuilder`1[Eliassen.System.Tests.Linq.TestTargets.TestTargetExtendedModel]]:Warning:&gt;&#xD;
	Force sort by 0 applied for Eliassen.System.Tests.Linq.TestTargets.TestTargetExtendedModel</StdErr>
      </Output>
      <ResultFiles>
        <ResultFile path="LW-18560\EnumerableQuery_1-QueryableExtensionsTests_ExecuteByTestFilter(123)-638296114077626357.json" />
        <ResultFile path="LW-18560\PagedQueryResult_1-QueryableExtensionsTests_ExecuteByTestFilter(125)-638296114078200541.json" />
        <ResultFile path="LW-18560\SearchQuery-QueryableExtensionsTests_ExecuteByTestFilter(121)-638296114077560263.json" />
      </ResultFiles>
    </UnitTestResult>
    <UnitTestResult executionId="92491db0-6a2f-4ff1-9336-eab89fca9a41" testId="f5306a38-7e9d-ad71-73c6-1c694342dc21" testName="ExecuteByTest_SearchTerm (Eliassen.System.Tests.Linq.TestTargets.TestTargetModel,*e3*,12,111,10,3,30,31,32,33,34,35,36,37,38)" computerName="LW-18560" duration="00:00:00.0868889" startTime="2023-09-06T15:36:49.1490312-04:00" endTime="2023-09-06T15:36:49.6019707-04:00" testType="13cdc9d9-ddb5-4fa4-a97d-d965ccfc6d4b" outcome="Passed" testListId="8c84fa94-04c1-424b-9868-57a2d4851a1d" relativeResultsDirectory="92491db0-6a2f-4ff1-9336-eab89fca9a41">
      <Output>
        <StdOut>Eliassen.System.Internal.ConsoleLogger`1[Eliassen.System.Linq.Search.QueryBuilder]:Information:&gt;&#xD;
	Build query for SearchQuery { CurrentPage = 0, PageSize = 0, ExcludePageCount = False, SearchTerm = *e3*, Filter = System.Collections.Generic.Dictionary`2[System.String,Eliassen.System.Linq.Search.FilterParameter], OrderBy = System.Collections.Generic.Dictionary`2[System.String,Eliassen.System.Linq.Search.OrderDirections] }&#xD;
Eliassen.System.Internal.ConsoleLogger`1[Eliassen.System.Linq.Search.QueryBuilder]:Debug:&gt;&#xD;
	Visited by: Eliassen.System.Linq.Expressions.SkipInstanceMethodOnNullExpressionVisitor&#xD;
Eliassen.System.Internal.ConsoleLogger`1[Eliassen.System.Linq.Search.QueryBuilder]:Information:&gt;&#xD;
	Execute (paged): System.Linq.Enumerable+SelectRangeIterator`1[Eliassen.System.Tests.Linq.TestTargets.TestTargetModel].Where(n =&gt; (((n.Name != null) AndAlso n.Name.Contains("e3")) OrElse ((n.Email != null) AndAlso n.Email.Contains("e3")))).OrderBy(_ =&gt; 0).Skip(0).Take(10)&#xD;
&#xD;
&#xD;
&#xD;
TestContext Messages:&#xD;
SearchQuery_1-QueryableExtensionsTests_ExecuteByTestSearchTerm(192)-638296114093963871.json: Attached&#xD;
EnumerableQuery_1-QueryableExtensionsTests_ExecuteByTestSearchTerm(194)-638296114094110947.json: Attached&#xD;
PagedQueryResult_1-QueryableExtensionsTests_ExecuteByTestSearchTerm(196)-638296114094559199.json: Attached&#xD;
resultKeys: 3,30,31,32,33,34,35,36,37,38</StdOut>
        <StdErr>Eliassen.System.Internal.ConsoleLogger`1[Eliassen.System.Linq.Search.SortBuilder`1[Eliassen.System.Tests.Linq.TestTargets.TestTargetModel]]:Warning:&gt;&#xD;
	Force sort by 0 applied for Eliassen.System.Tests.Linq.TestTargets.TestTargetModel</StdErr>
      </Output>
      <ResultFiles>
        <ResultFile path="LW-18560\EnumerableQuery_1-QueryableExtensionsTests_ExecuteByTestSearchTerm(194)-638296114094110947.json" />
        <ResultFile path="LW-18560\PagedQueryResult_1-QueryableExtensionsTests_ExecuteByTestSearchTerm(196)-638296114094559199.json" />
        <ResultFile path="LW-18560\SearchQuery_1-QueryableExtensionsTests_ExecuteByTestSearchTerm(192)-638296114093963871.json" />
      </ResultFiles>
    </UnitTestResult>
    <UnitTestResult executionId="807da4af-6731-4a21-a6b1-e1899df8800c" testId="e350703c-47df-56f0-b995-a52c38b53eca" testName="MakeSafeTest (System.Nullable`1[System.Decimal],1,1)" computerName="LW-18560" duration="00:00:00.0007119" startTime="2023-09-06T15:36:44.8358129-04:00" endTime="2023-09-06T15:36:44.8942915-04:00" testType="13cdc9d9-ddb5-4fa4-a97d-d965ccfc6d4b" outcome="Passed" testListId="8c84fa94-04c1-424b-9868-57a2d4851a1d" relativeResultsDirectory="807da4af-6731-4a21-a6b1-e1899df8800c" />
    <UnitTestResult executionId="0e0d95de-66c8-41e8-9093-c37d67de519e" testId="b6498f29-1231-5fcf-4954-1746daa0500d" testName="ExecuteByTest_Filter (Eliassen.System.Tests.Linq.TestTargets.TestTargetExtendedModel,FC,EqualTo,ame1,2,-1,0)" computerName="LW-18560" duration="00:00:00.0717856" startTime="2023-09-06T15:36:45.2954178-04:00" endTime="2023-09-06T15:36:49.0762715-04:00" testType="13cdc9d9-ddb5-4fa4-a97d-d965ccfc6d4b" outcome="Passed" testListId="8c84fa94-04c1-424b-9868-57a2d4851a1d" relativeResultsDirectory="0e0d95de-66c8-41e8-9093-c37d67de519e">
      <Output>
        <StdOut>Eliassen.System.Internal.ConsoleLogger`1[Eliassen.System.Linq.Search.QueryBuilder]:Information:&gt;&#xD;
	Build query for CurrentPage: 0&#xD;
PageSize: 0&#xD;
ExcludePageCount: False&#xD;
SearchTerm: (null)&#xD;
	F:FC: EqualTo: ame1&#xD;
&#xD;
Eliassen.System.Internal.ConsoleLogger`1[Eliassen.System.Linq.Search.QueryBuilder]:Information:&gt;&#xD;
	Execute (paged): System.Linq.Enumerable+SelectRangeIterator`1[Eliassen.System.Tests.Linq.TestTargets.TestTargetExtendedModel].Where(e =&gt; e.FName.Contains(value(Eliassen.System.Tests.Linq.TestTargets.TestTargetExtendedModel+&lt;&gt;c__DisplayClass38_0).value.ToString())).OrderBy(_ =&gt; 0).Skip(0).Take(10)&#xD;
&#xD;
&#xD;
&#xD;
TestContext Messages:&#xD;
SearchQuery-QueryableExtensionsTests_ExecuteByTestFilter(121)-638296114082680318.json: Attached&#xD;
EnumerableQuery_1-QueryableExtensionsTests_ExecuteByTestFilter(123)-638296114082743242.json: Attached&#xD;
PagedQueryResult_1-QueryableExtensionsTests_ExecuteByTestFilter(125)-638296114083319327.json: Attached&#xD;
resultKeys: -1,0</StdOut>
        <StdErr>Eliassen.System.Internal.ConsoleLogger`1[Eliassen.System.Linq.Search.SortBuilder`1[Eliassen.System.Tests.Linq.TestTargets.TestTargetExtendedModel]]:Warning:&gt;&#xD;
	Force sort by 0 applied for Eliassen.System.Tests.Linq.TestTargets.TestTargetExtendedModel</StdErr>
      </Output>
      <ResultFiles>
        <ResultFile path="LW-18560\EnumerableQuery_1-QueryableExtensionsTests_ExecuteByTestFilter(123)-638296114082743242.json" />
        <ResultFile path="LW-18560\PagedQueryResult_1-QueryableExtensionsTests_ExecuteByTestFilter(125)-638296114083319327.json" />
        <ResultFile path="LW-18560\SearchQuery-QueryableExtensionsTests_ExecuteByTestFilter(121)-638296114082680318.json" />
      </ResultFiles>
    </UnitTestResult>
    <UnitTestResult executionId="3b7998b9-4371-4866-9d60-16d3345edb26" testId="d84cfaaf-b863-d085-4d31-005af5032898" testName="ToEnumTest (test name,WithDisplay)" computerName="LW-18560" duration="00:00:00.0009881" startTime="2023-09-06T15:36:44.8103032-04:00" endTime="2023-09-06T15:36:44.8120257-04:00" testType="13cdc9d9-ddb5-4fa4-a97d-d965ccfc6d4b" outcome="Passed" testListId="8c84fa94-04c1-424b-9868-57a2d4851a1d" relativeResultsDirectory="3b7998b9-4371-4866-9d60-16d3345edb26" />
    <UnitTestResult executionId="4ce78b58-2790-4679-bf89-087de0736bdd" testId="f5306a38-7e9d-ad71-73c6-1c694342dc21" testName="ExecuteByTest_SearchTerm (Eliassen.System.Tests.Linq.TestTargets.TestTargetModel,Name3,1,1,1,3)" computerName="LW-18560" duration="00:00:00.1317282" startTime="2023-09-06T15:36:49.1490312-04:00" endTime="2023-09-06T15:36:49.6019707-04:00" testType="13cdc9d9-ddb5-4fa4-a97d-d965ccfc6d4b" outcome="Passed" testListId="8c84fa94-04c1-424b-9868-57a2d4851a1d" relativeResultsDirectory="4ce78b58-2790-4679-bf89-087de0736bdd">
      <Output>
        <StdOut>Eliassen.System.Internal.ConsoleLogger`1[Eliassen.System.Linq.Search.QueryBuilder]:Information:&gt;&#xD;
	Build query for SearchQuery { CurrentPage = 0, PageSize = 0, ExcludePageCount = False, SearchTerm = Name3, Filter = System.Collections.Generic.Dictionary`2[System.String,Eliassen.System.Linq.Search.FilterParameter], OrderBy = System.Collections.Generic.Dictionary`2[System.String,Eliassen.System.Linq.Search.OrderDirections] }&#xD;
Eliassen.System.Internal.ConsoleLogger`1[Eliassen.System.Linq.Search.QueryBuilder]:Debug:&gt;&#xD;
	Visited by: Eliassen.System.Linq.Expressions.SkipInstanceMethodOnNullExpressionVisitor&#xD;
Eliassen.System.Internal.ConsoleLogger`1[Eliassen.System.Linq.Search.QueryBuilder]:Information:&gt;&#xD;
	Execute (paged): System.Linq.Enumerable+SelectRangeIterator`1[Eliassen.System.Tests.Linq.TestTargets.TestTargetModel].Where(n =&gt; (((n.Name != null) AndAlso n.Name.Equals("Name3")) OrElse ((n.Email != null) AndAlso n.Email.Equals("Name3")))).OrderBy(_ =&gt; 0).Skip(0).Take(10)&#xD;
&#xD;
&#xD;
&#xD;
TestContext Messages:&#xD;
SearchQuery_1-QueryableExtensionsTests_ExecuteByTestSearchTerm(192)-638296114091602106.json: Attached&#xD;
EnumerableQuery_1-QueryableExtensionsTests_ExecuteByTestSearchTerm(194)-638296114091859479.json: Attached&#xD;
PagedQueryResult_1-QueryableExtensionsTests_ExecuteByTestSearchTerm(196)-638296114092661704.json: Attached&#xD;
resultKeys: 3</StdOut>
        <StdErr>Eliassen.System.Internal.ConsoleLogger`1[Eliassen.System.Linq.Search.SortBuilder`1[Eliassen.System.Tests.Linq.TestTargets.TestTargetModel]]:Warning:&gt;&#xD;
	Force sort by 0 applied for Eliassen.System.Tests.Linq.TestTargets.TestTargetModel</StdErr>
      </Output>
      <ResultFiles>
        <ResultFile path="LW-18560\EnumerableQuery_1-QueryableExtensionsTests_ExecuteByTestSearchTerm(194)-638296114091859479.json" />
        <ResultFile path="LW-18560\PagedQueryResult_1-QueryableExtensionsTests_ExecuteByTestSearchTerm(196)-638296114092661704.json" />
        <ResultFile path="LW-18560\SearchQuery_1-QueryableExtensionsTests_ExecuteByTestSearchTerm(192)-638296114091602106.json" />
      </ResultFiles>
    </UnitTestResult>
    <UnitTestResult executionId="a522deab-fd97-4ee6-b1c8-c9cf6c05ef4e" testId="8ef63a3f-2208-ac88-5a22-493d4beeaeda" testName="GetResourceFromXmlTest" computerName="LW-18560" duration="00:00:00.0203233" startTime="2023-09-06T15:36:45.2669806-04:00" endTime="2023-09-06T15:36:45.2877585-04:00" testType="13cdc9d9-ddb5-4fa4-a97d-d965ccfc6d4b" outcome="Passed" testListId="8c84fa94-04c1-424b-9868-57a2d4851a1d" relativeResultsDirectory="a522deab-fd97-4ee6-b1c8-c9cf6c05ef4e" />
    <UnitTestResult executionId="6727c7f6-b005-46cc-af15-f4d4c66cbf72" testId="7fd160bc-3b5b-e6e2-40ae-1974536260f2" testName="TryParseTest (System.Int32,1,True,1)" computerName="LW-18560" duration="00:00:00.0000465" startTime="2023-09-06T15:36:44.9461477-04:00" endTime="2023-09-06T15:36:44.9605777-04:00" testType="13cdc9d9-ddb5-4fa4-a97d-d965ccfc6d4b" outcome="Passed" testListId="8c84fa94-04c1-424b-9868-57a2d4851a1d" relativeResultsDirectory="6727c7f6-b005-46cc-af15-f4d4c66cbf72" />
    <UnitTestResult executionId="f568eb19-df95-4c5a-baf9-7af6351248ca" testId="b6498f29-1231-5fcf-4954-1746daa0500d" testName="ExecuteByTest_Filter (Eliassen.System.Tests.Linq.TestTargets.TestTargetModel,Name,EqualTo,*e2*,10,2,20,21,22,23,24,25,26,27,28)" computerName="LW-18560" duration="00:00:00.0703947" startTime="2023-09-06T15:36:45.2954178-04:00" endTime="2023-09-06T15:36:49.0762715-04:00" testType="13cdc9d9-ddb5-4fa4-a97d-d965ccfc6d4b" outcome="Passed" testListId="8c84fa94-04c1-424b-9868-57a2d4851a1d" relativeResultsDirectory="f568eb19-df95-4c5a-baf9-7af6351248ca">
      <Output>
        <StdOut>Eliassen.System.Internal.ConsoleLogger`1[Eliassen.System.Linq.Search.QueryBuilder]:Information:&gt;&#xD;
	Build query for CurrentPage: 0&#xD;
PageSize: 0&#xD;
ExcludePageCount: False&#xD;
SearchTerm: (null)&#xD;
	F:Name: EqualTo: *e2*&#xD;
&#xD;
Eliassen.System.Internal.ConsoleLogger`1[Eliassen.System.Linq.Search.QueryBuilder]:Information:&gt;&#xD;
	Execute (paged): System.Linq.Enumerable+SelectRangeIterator`1[Eliassen.System.Tests.Linq.TestTargets.TestTargetModel].Where(n =&gt; n.Name.Contains("e2")).OrderBy(_ =&gt; 0).Skip(0).Take(10)&#xD;
&#xD;
&#xD;
&#xD;
TestContext Messages:&#xD;
SearchQuery-QueryableExtensionsTests_ExecuteByTestFilter(121)-638296114069480487.json: Attached&#xD;
EnumerableQuery_1-QueryableExtensionsTests_ExecuteByTestFilter(123)-638296114069540203.json: Attached&#xD;
PagedQueryResult_1-QueryableExtensionsTests_ExecuteByTestFilter(125)-638296114070075203.json: Attached&#xD;
resultKeys: 2,20,21,22,23,24,25,26,27,28</StdOut>
        <StdErr>Eliassen.System.Internal.ConsoleLogger`1[Eliassen.System.Linq.Search.SortBuilder`1[Eliassen.System.Tests.Linq.TestTargets.TestTargetModel]]:Warning:&gt;&#xD;
	Force sort by 0 applied for Eliassen.System.Tests.Linq.TestTargets.TestTargetModel</StdErr>
      </Output>
      <ResultFiles>
        <ResultFile path="LW-18560\EnumerableQuery_1-QueryableExtensionsTests_ExecuteByTestFilter(123)-638296114069540203.json" />
        <ResultFile path="LW-18560\PagedQueryResult_1-QueryableExtensionsTests_ExecuteByTestFilter(125)-638296114070075203.json" />
        <ResultFile path="LW-18560\SearchQuery-QueryableExtensionsTests_ExecuteByTestFilter(121)-638296114069480487.json" />
      </ResultFiles>
    </UnitTestResult>
    <UnitTestResult executionId="b4738656-2d65-4eca-aa55-376dcb098565" testId="e350703c-47df-56f0-b995-a52c38b53eca" testName="MakeSafeTest (System.Decimal,nope,)" computerName="LW-18560" duration="00:00:00.0027301" startTime="2023-09-06T15:36:44.8358129-04:00" endTime="2023-09-06T15:36:44.8942915-04:00" testType="13cdc9d9-ddb5-4fa4-a97d-d965ccfc6d4b" outcome="Passed" testListId="8c84fa94-04c1-424b-9868-57a2d4851a1d" relativeResultsDirectory="b4738656-2d65-4eca-aa55-376dcb098565" />
    <UnitTestResult executionId="172e6ecf-e192-4840-859a-ca155a7afeed" testId="3d8758fd-c7fc-6203-735e-a5e0ad664994" testName="DeserializeTest ({&quot;_id&quot;:&quot;Hello World&quot;},Hello World)" computerName="LW-18560" duration="00:00:00.0109950" startTime="2023-09-06T15:36:44.5300973-04:00" endTime="2023-09-06T15:36:44.5417006-04:00" testType="13cdc9d9-ddb5-4fa4-a97d-d965ccfc6d4b" outcome="Passed" testListId="8c84fa94-04c1-424b-9868-57a2d4851a1d" relativeResultsDirectory="172e6ecf-e192-4840-859a-ca155a7afeed">
      <Output>
        <StdOut>TestContext Messages:&#xD;
input-BsonIdConverterTests_DeserializeTest(41)-638296114045311170.json: Attached&#xD;
result-BsonIdConverterTests_DeserializeTest(43)-638296114045366435.json: Attached</StdOut>
      </Output>
      <ResultFiles>
        <ResultFile path="LW-18560\input-BsonIdConverterTests_DeserializeTest(41)-638296114045311170.json" />
        <ResultFile path="LW-18560\result-BsonIdConverterTests_DeserializeTest(43)-638296114045366435.json" />
      </ResultFiles>
    </UnitTestResult>
    <UnitTestResult executionId="95edb94b-45c9-4afe-8e61-82ade1bb71c2" testId="08742191-32e9-b72f-e313-52355290b27f" testName="AsModelsTest" computerName="LW-18560" duration="00:00:00.0410573" startTime="2023-09-06T15:36:44.6202782-04:00" endTime="2023-09-06T15:36:44.6620818-04:00" testType="13cdc9d9-ddb5-4fa4-a97d-d965ccfc6d4b" outcome="Passed" testListId="8c84fa94-04c1-424b-9868-57a2d4851a1d" relativeResultsDirectory="95edb94b-45c9-4afe-8e61-82ade1bb71c2">
      <Output>
        <StdOut>TestContext Messages:&#xD;
EnumModel { Id = 1, Name = Assembly, Code = ASSEMBLY, Description = , Order = 0, Value = Assembly, IsEndState = False, IsExcludeFromUnique = False, PossibleNames = System.String[], Value = Assembly }&#xD;
EnumModel { Id = 2, Name = Module, Code = MODULE, Description = , Order = 0, Value = Module, IsEndState = False, IsExcludeFromUnique = False, PossibleNames = System.String[], Value = Module }&#xD;
EnumModel { Id = 4, Name = Class, Code = CLASS, Description = , Order = 0, Value = Class, IsEndState = False, IsExcludeFromUnique = False, PossibleNames = System.String[], Value = Class }&#xD;
EnumModel { Id = 8, Name = Struct, Code = STRUCT, Description = , Order = 0, Value = Struct, IsEndState = False, IsExcludeFromUnique = False, PossibleNames = System.String[], Value = Struct }&#xD;
EnumModel { Id = 16, Name = Enum, Code = ENUM, Description = , Order = 0, Value = Enum, IsEndState = False, IsExcludeFromUnique = False, PossibleNames = System.String[], Value = Enum }&#xD;
EnumModel { Id = 32, Name = Constructor, Code = CONSTRUCTOR, Description = , Order = 0, Value = Constructor, IsEndState = False, IsExcludeFromUnique = False, PossibleNames = System.String[], Value = Constructor }&#xD;
EnumModel { Id = 64, Name = Method, Code = METHOD, Description = , Order = 0, Value = Method, IsEndState = False, IsExcludeFromUnique = False, PossibleNames = System.String[], Value = Method }&#xD;
EnumModel { Id = 128, Name = Property, Code = PROPERTY, Description = , Order = 0, Value = Property, IsEndState = False, IsExcludeFromUnique = False, PossibleNames = System.String[], Value = Property }&#xD;
EnumModel { Id = 256, Name = Field, Code = FIELD, Description = , Order = 0, Value = Field, IsEndState = False, IsExcludeFromUnique = False, PossibleNames = System.String[], Value = Field }&#xD;
EnumModel { Id = 512, Name = Event, Code = EVENT, Description = , Order = 0, Value = Event, IsEndState = False, IsExcludeFromUnique = False, PossibleNames = System.String[], Value = Event }&#xD;
EnumModel { Id = 1024, Name = Interface, Code = INTERFACE, Description = , Order = 0, Value = Interface, IsEndState = False, IsExcludeFromUnique = False, PossibleNames = System.String[], Value = Interface }&#xD;
EnumModel { Id = 2048, Name = Parameter, Code = PARAMETER, Description = , Order = 0, Value = Parameter, IsEndState = False, IsExcludeFromUnique = False, PossibleNames = System.String[], Value = Parameter }&#xD;
EnumModel { Id = 4096, Name = Delegate, Code = DELEGATE, Description = , Order = 0, Value = Delegate, IsEndState = False, IsExcludeFromUnique = False, PossibleNames = System.String[], Value = Delegate }&#xD;
EnumModel { Id = 8192, Name = ReturnValue, Code = RETURNVALUE, Description = , Order = 0, Value = ReturnValue, IsEndState = False, IsExcludeFromUnique = False, PossibleNames = System.String[], Value = ReturnValue }&#xD;
EnumModel { Id = 16384, Name = GenericParameter, Code = GENERICPARAMETER, Description = , Order = 0, Value = GenericParameter, IsEndState = False, IsExcludeFromUnique = False, PossibleNames = System.String[], Value = GenericParameter }&#xD;
EnumModel { Id = 32767, Name = All, Code = ALL, Description = , Order = 0, Value = All, IsEndState = False, IsExcludeFromUnique = False, PossibleNames = System.String[], Value = All }</StdOut>
      </Output>
    </UnitTestResult>
    <UnitTestResult executionId="b8e91528-3a8d-4a02-b8a4-8918ccb76e39" testId="c32d9ec7-cf3f-0b90-7da7-80e3553b5fe6" testName="GetResourceAsStringAsyncTest" computerName="LW-18560" duration="00:00:00.0114930" startTime="2023-09-06T15:36:44.9779359-04:00" endTime="2023-09-06T15:36:44.9903067-04:00" testType="13cdc9d9-ddb5-4fa4-a97d-d965ccfc6d4b" outcome="Passed" testListId="8c84fa94-04c1-424b-9868-57a2d4851a1d" relativeResultsDirectory="b8e91528-3a8d-4a02-b8a4-8918ccb76e39" />
    <UnitTestResult executionId="889eda06-ae8e-434b-b8b1-4581b0e8121d" testId="b6498f29-1231-5fcf-4954-1746daa0500d" testName="ExecuteByTest_Filter (Eliassen.System.Tests.Linq.TestTargets.TestTargetModel,Name,EqualTo,*03,9,103,203,303,403,503,603,703,803,903)" computerName="LW-18560" duration="00:00:00.0943795" startTime="2023-09-06T15:36:45.2954178-04:00" endTime="2023-09-06T15:36:49.0762715-04:00" testType="13cdc9d9-ddb5-4fa4-a97d-d965ccfc6d4b" outcome="Passed" testListId="8c84fa94-04c1-424b-9868-57a2d4851a1d" relativeResultsDirectory="889eda06-ae8e-434b-b8b1-4581b0e8121d">
      <Output>
        <StdOut>Eliassen.System.Internal.ConsoleLogger`1[Eliassen.System.Linq.Search.QueryBuilder]:Information:&gt;&#xD;
	Build query for CurrentPage: 0&#xD;
PageSize: 0&#xD;
ExcludePageCount: False&#xD;
SearchTerm: (null)&#xD;
	F:Name: EqualTo: *03&#xD;
&#xD;
Eliassen.System.Internal.ConsoleLogger`1[Eliassen.System.Linq.Search.QueryBuilder]:Information:&gt;&#xD;
	Execute (paged): System.Linq.Enumerable+SelectRangeIterator`1[Eliassen.System.Tests.Linq.TestTargets.TestTargetModel].Where(n =&gt; n.Name.EndsWith("03")).OrderBy(_ =&gt; 0).Skip(0).Take(10)&#xD;
&#xD;
&#xD;
&#xD;
TestContext Messages:&#xD;
SearchQuery-QueryableExtensionsTests_ExecuteByTestFilter(121)-638296114068532846.json: Attached&#xD;
EnumerableQuery_1-QueryableExtensionsTests_ExecuteByTestFilter(123)-638296114068686780.json: Attached&#xD;
PagedQueryResult_1-QueryableExtensionsTests_ExecuteByTestFilter(125)-638296114069377541.json: Attached&#xD;
resultKeys: 103,203,303,403,503,603,703,803,903</StdOut>
        <StdErr>Eliassen.System.Internal.ConsoleLogger`1[Eliassen.System.Linq.Search.SortBuilder`1[Eliassen.System.Tests.Linq.TestTargets.TestTargetModel]]:Warning:&gt;&#xD;
	Force sort by 0 applied for Eliassen.System.Tests.Linq.TestTargets.TestTargetModel</StdErr>
      </Output>
      <ResultFiles>
        <ResultFile path="LW-18560\EnumerableQuery_1-QueryableExtensionsTests_ExecuteByTestFilter(123)-638296114068686780.json" />
        <ResultFile path="LW-18560\PagedQueryResult_1-QueryableExtensionsTests_ExecuteByTestFilter(125)-638296114069377541.json" />
        <ResultFile path="LW-18560\SearchQuery-QueryableExtensionsTests_ExecuteByTestFilter(121)-638296114068532846.json" />
      </ResultFiles>
    </UnitTestResult>
    <UnitTestResult executionId="0db482a4-c98c-407b-b6f2-88a89e8b5485" testId="e350703c-47df-56f0-b995-a52c38b53eca" testName="MakeSafeTest (System.Guid,18AACB9C-2989-4322-A490-C7167BEA0DB4,18aacb9c-2989-4322-a490-c7167bea0db4)" computerName="LW-18560" duration="00:00:00.0002768" startTime="2023-09-06T15:36:44.8358129-04:00" endTime="2023-09-06T15:36:44.8942915-04:00" testType="13cdc9d9-ddb5-4fa4-a97d-d965ccfc6d4b" outcome="Passed" testListId="8c84fa94-04c1-424b-9868-57a2d4851a1d" relativeResultsDirectory="0db482a4-c98c-407b-b6f2-88a89e8b5485" />
    <UnitTestResult executionId="3d73a941-c85a-41bf-8519-d16f556ac03d" testId="076be945-545a-ba47-6442-1c5ae8f8c054" testName="ToEnumTest (Val2|Val1,Val1, Val2)" computerName="LW-18560" duration="00:00:00.0000486" startTime="2023-09-06T15:36:44.7496732-04:00" endTime="2023-09-06T15:36:44.7506918-04:00" testType="13cdc9d9-ddb5-4fa4-a97d-d965ccfc6d4b" outcome="Passed" testListId="8c84fa94-04c1-424b-9868-57a2d4851a1d" relativeResultsDirectory="3d73a941-c85a-41bf-8519-d16f556ac03d" />
    <UnitTestResult executionId="b52cce15-5b07-404a-9fe7-ea38dc577636" testId="e350703c-47df-56f0-b995-a52c38b53eca" testName="MakeSafeTest (System.AttributeTargets,16,Enum)" computerName="LW-18560" duration="00:00:00.0000838" startTime="2023-09-06T15:36:44.8358129-04:00" endTime="2023-09-06T15:36:44.8942915-04:00" testType="13cdc9d9-ddb5-4fa4-a97d-d965ccfc6d4b" outcome="Passed" testListId="8c84fa94-04c1-424b-9868-57a2d4851a1d" relativeResultsDirectory="b52cce15-5b07-404a-9fe7-ea38dc577636" />
    <UnitTestResult executionId="c69df1cf-4670-4dab-a6bb-a8ff6a7a37fb" testId="cc0546c7-1329-1cac-c119-b7e8dee57c88" testName="DeserializeTest_Nullable ({&quot;Nullable&quot;:null,&quot;Value&quot;:{&quot;$date&quot;:&quot;2023-07-05T14:17:05.2315812-04:00&quot;}},)" computerName="LW-18560" duration="00:00:00.0098941" startTime="2023-09-06T15:36:44.4057067-04:00" endTime="2023-09-06T15:36:44.4161378-04:00" testType="13cdc9d9-ddb5-4fa4-a97d-d965ccfc6d4b" outcome="Passed" testListId="8c84fa94-04c1-424b-9868-57a2d4851a1d" relativeResultsDirectory="c69df1cf-4670-4dab-a6bb-a8ff6a7a37fb">
      <Output>
        <StdOut>TestContext Messages:&#xD;
input-BsonDateConverterTests_DeserializeTest_Nullable(65)-638296114044067190.json: Attached&#xD;
result-BsonDateConverterTests_DeserializeTest_Nullable(67)-638296114044113055.json: Attached</StdOut>
      </Output>
      <ResultFiles>
        <ResultFile path="LW-18560\input-BsonDateConverterTests_DeserializeTest_Nullable(65)-638296114044067190.json" />
        <ResultFile path="LW-18560\result-BsonDateConverterTests_DeserializeTest_Nullable(67)-638296114044113055.json" />
      </ResultFiles>
    </UnitTestResult>
    <UnitTestResult executionId="9d314da1-795d-49d4-b4d7-3af05a96869d" testId="e350703c-47df-56f0-b995-a52c38b53eca" testName="MakeSafeTest (System.Nullable`1[System.Guid],nope,)" computerName="LW-18560" duration="00:00:00.0008427" startTime="2023-09-06T15:36:44.8358129-04:00" endTime="2023-09-06T15:36:44.8942915-04:00" testType="13cdc9d9-ddb5-4fa4-a97d-d965ccfc6d4b" outcome="Passed" testListId="8c84fa94-04c1-424b-9868-57a2d4851a1d" relativeResultsDirectory="9d314da1-795d-49d4-b4d7-3af05a96869d" />
    <UnitTestResult executionId="fcaac84d-c4cd-4984-87c5-5ccf8b180bbe" testId="b6498f29-1231-5fcf-4954-1746daa0500d" testName="ExecuteByTest_Filter (Eliassen.System.Tests.Linq.TestTargets.TestTargetExtendedModel,DateTimeOffsetNullable,LessThan,2020-03-01T01:01:01.4356493+02:00,2,0,1)" computerName="LW-18560" duration="00:00:00.0859163" startTime="2023-09-06T15:36:45.2954178-04:00" endTime="2023-09-06T15:36:49.0762715-04:00" testType="13cdc9d9-ddb5-4fa4-a97d-d965ccfc6d4b" outcome="Passed" testListId="8c84fa94-04c1-424b-9868-57a2d4851a1d" relativeResultsDirectory="fcaac84d-c4cd-4984-87c5-5ccf8b180bbe">
      <Output>
        <StdOut>Eliassen.System.Internal.ConsoleLogger`1[Eliassen.System.Linq.Search.QueryBuilder]:Information:&gt;&#xD;
	Build query for CurrentPage: 0&#xD;
PageSize: 0&#xD;
ExcludePageCount: False&#xD;
SearchTerm: (null)&#xD;
	F:DateTimeOffsetNullable: LessThan: 2020-03-01T01:01:01.4356493+02:00&#xD;
&#xD;
Eliassen.System.Internal.ConsoleLogger`1[Eliassen.System.Linq.Search.QueryBuilder]:Information:&gt;&#xD;
	Execute (paged): System.Linq.Enumerable+SelectRangeIterator`1[Eliassen.System.Tests.Linq.TestTargets.TestTargetExtendedModel].Where(n =&gt; (n.DateTimeOffsetNullable &lt; Convert(3/1/2020 1:01:01 AM +02:00, Nullable`1))).OrderBy(_ =&gt; 0).Skip(0).Take(10)&#xD;
&#xD;
&#xD;
&#xD;
TestContext Messages:&#xD;
SearchQuery-QueryableExtensionsTests_ExecuteByTestFilter(121)-638296114081187982.json: Attached&#xD;
EnumerableQuery_1-QueryableExtensionsTests_ExecuteByTestFilter(123)-638296114081293855.json: Attached&#xD;
PagedQueryResult_1-QueryableExtensionsTests_ExecuteByTestFilter(125)-638296114081965834.json: Attached&#xD;
resultKeys: 0,1</StdOut>
        <StdErr>Eliassen.System.Internal.ConsoleLogger`1[Eliassen.System.Linq.Expressions.ExpressionTreeBuilder`1[Eliassen.System.Tests.Linq.TestTargets.TestTargetExtendedModel]]:Warning:&gt;&#xD;
	2020-03-01T01:01:01.4356493+02:00 parsed to 03/01/2020 01:01:01 +02:00 (System.DateTimeOffset)&#xD;
Eliassen.System.Internal.ConsoleLogger`1[Eliassen.System.Linq.Search.SortBuilder`1[Eliassen.System.Tests.Linq.TestTargets.TestTargetExtendedModel]]:Warning:&gt;&#xD;
	Force sort by 0 applied for Eliassen.System.Tests.Linq.TestTargets.TestTargetExtendedModel</StdErr>
      </Output>
      <ResultFiles>
        <ResultFile path="LW-18560\EnumerableQuery_1-QueryableExtensionsTests_ExecuteByTestFilter(123)-638296114081293855.json" />
        <ResultFile path="LW-18560\PagedQueryResult_1-QueryableExtensionsTests_ExecuteByTestFilter(125)-638296114081965834.json" />
        <ResultFile path="LW-18560\SearchQuery-QueryableExtensionsTests_ExecuteByTestFilter(121)-638296114081187982.json" />
      </ResultFiles>
    </UnitTestResult>
    <UnitTestResult executionId="be858629-a374-4201-a918-b57c1d4e2868" testId="e350703c-47df-56f0-b995-a52c38b53eca" testName="MakeSafeTest (System.AttributeTargets,nope,)" computerName="LW-18560" duration="00:00:00.0089599" startTime="2023-09-06T15:36:44.8358129-04:00" endTime="2023-09-06T15:36:44.8942915-04:00" testType="13cdc9d9-ddb5-4fa4-a97d-d965ccfc6d4b" outcome="Passed" testListId="8c84fa94-04c1-424b-9868-57a2d4851a1d" relativeResultsDirectory="be858629-a374-4201-a918-b57c1d4e2868" />
    <UnitTestResult executionId="90e38c13-2041-4300-9d3a-36bd8fb392b8" testId="f5306a38-7e9d-ad71-73c6-1c694342dc21" testName="ExecuteByTest_SearchTerm (Eliassen.System.Tests.Linq.TestTargets.TestTargetModel,Name3*,12,111,10,3,30,31,32,33,34,35,36,37,38)" computerName="LW-18560" duration="00:00:00.0521068" startTime="2023-09-06T15:36:49.1490312-04:00" endTime="2023-09-06T15:36:49.6019707-04:00" testType="13cdc9d9-ddb5-4fa4-a97d-d965ccfc6d4b" outcome="Passed" testListId="8c84fa94-04c1-424b-9868-57a2d4851a1d" relativeResultsDirectory="90e38c13-2041-4300-9d3a-36bd8fb392b8">
      <Output>
        <StdOut>Eliassen.System.Internal.ConsoleLogger`1[Eliassen.System.Linq.Search.QueryBuilder]:Information:&gt;&#xD;
	Build query for SearchQuery { CurrentPage = 0, PageSize = 0, ExcludePageCount = False, SearchTerm = Name3*, Filter = System.Collections.Generic.Dictionary`2[System.String,Eliassen.System.Linq.Search.FilterParameter], OrderBy = System.Collections.Generic.Dictionary`2[System.String,Eliassen.System.Linq.Search.OrderDirections] }&#xD;
Eliassen.System.Internal.ConsoleLogger`1[Eliassen.System.Linq.Search.QueryBuilder]:Debug:&gt;&#xD;
	Visited by: Eliassen.System.Linq.Expressions.SkipInstanceMethodOnNullExpressionVisitor&#xD;
Eliassen.System.Internal.ConsoleLogger`1[Eliassen.System.Linq.Search.QueryBuilder]:Information:&gt;&#xD;
	Execute (paged): System.Linq.Enumerable+SelectRangeIterator`1[Eliassen.System.Tests.Linq.TestTargets.TestTargetModel].Where(n =&gt; (((n.Name != null) AndAlso n.Name.StartsWith("Name3")) OrElse ((n.Email != null) AndAlso n.Email.StartsWith("Name3")))).OrderBy(_ =&gt; 0).Skip(0).Take(10)&#xD;
&#xD;
&#xD;
&#xD;
TestContext Messages:&#xD;
SearchQuery_1-QueryableExtensionsTests_ExecuteByTestSearchTerm(192)-638296114092852584.json: Attached&#xD;
EnumerableQuery_1-QueryableExtensionsTests_ExecuteByTestSearchTerm(194)-638296114092909269.json: Attached&#xD;
PagedQueryResult_1-QueryableExtensionsTests_ExecuteByTestSearchTerm(196)-638296114093273483.json: Attached&#xD;
resultKeys: 3,30,31,32,33,34,35,36,37,38</StdOut>
        <StdErr>Eliassen.System.Internal.ConsoleLogger`1[Eliassen.System.Linq.Search.SortBuilder`1[Eliassen.System.Tests.Linq.TestTargets.TestTargetModel]]:Warning:&gt;&#xD;
	Force sort by 0 applied for Eliassen.System.Tests.Linq.TestTargets.TestTargetModel</StdErr>
      </Output>
      <ResultFiles>
        <ResultFile path="LW-18560\EnumerableQuery_1-QueryableExtensionsTests_ExecuteByTestSearchTerm(194)-638296114092909269.json" />
        <ResultFile path="LW-18560\PagedQueryResult_1-QueryableExtensionsTests_ExecuteByTestSearchTerm(196)-638296114093273483.json" />
        <ResultFile path="LW-18560\SearchQuery_1-QueryableExtensionsTests_ExecuteByTestSearchTerm(192)-638296114092852584.json" />
      </ResultFiles>
    </UnitTestResult>
    <UnitTestResult executionId="f3f20a8e-9e29-4db6-b87d-ab02c487c71a" testId="7efe0a07-f9b2-83bb-6fdf-d00b442e5d27" testName="ToEnumTest (4,WithEnumValue)" computerName="LW-18560" duration="00:00:00.0000400" startTime="2023-09-06T15:36:44.7685794-04:00" endTime="2023-09-06T15:36:44.7692789-04:00" testType="13cdc9d9-ddb5-4fa4-a97d-d965ccfc6d4b" outcome="Passed" testListId="8c84fa94-04c1-424b-9868-57a2d4851a1d" relativeResultsDirectory="f3f20a8e-9e29-4db6-b87d-ab02c487c71a" />
    <UnitTestResult executionId="1d21ab91-a39b-420a-9b87-168d7fdd55ad" testId="e350703c-47df-56f0-b995-a52c38b53eca" testName="MakeSafeTest (System.Guid,nope,)" computerName="LW-18560" duration="00:00:00.0014023" startTime="2023-09-06T15:36:44.8358129-04:00" endTime="2023-09-06T15:36:44.8942915-04:00" testType="13cdc9d9-ddb5-4fa4-a97d-d965ccfc6d4b" outcome="Passed" testListId="8c84fa94-04c1-424b-9868-57a2d4851a1d" relativeResultsDirectory="1d21ab91-a39b-420a-9b87-168d7fdd55ad" />
    <UnitTestResult executionId="d46db9ba-c8cf-4a06-8608-94eaa0f171c6" testId="91005146-e428-91de-74d5-abcd56bf6d86" testName="ToEnumTest (1,Val1)" computerName="LW-18560" duration="00:00:00.0000430" startTime="2023-09-06T15:36:44.7591592-04:00" endTime="2023-09-06T15:36:44.7598021-04:00" testType="13cdc9d9-ddb5-4fa4-a97d-d965ccfc6d4b" outcome="Passed" testListId="8c84fa94-04c1-424b-9868-57a2d4851a1d" relativeResultsDirectory="d46db9ba-c8cf-4a06-8608-94eaa0f171c6" />
    <UnitTestResult executionId="04b0ce3a-9a1c-40df-93c2-b393d0efcb8c" testId="b08bb3d7-5d34-672a-c457-8e6d2e3c115a" testName="VisitTest_Equals (Hello,HeLlO,True)" computerName="LW-18560" duration="00:00:00.0017831" startTime="2023-09-06T15:36:50.3702928-04:00" endTime="2023-09-06T15:36:50.3729804-04:00" testType="13cdc9d9-ddb5-4fa4-a97d-d965ccfc6d4b" outcome="Passed" testListId="8c84fa94-04c1-424b-9868-57a2d4851a1d" relativeResultsDirectory="04b0ce3a-9a1c-40df-93c2-b393d0efcb8c">
      <Output>
        <StdOut>Eliassen.System.Internal.ConsoleLogger`1[Eliassen.System.Linq.Expressions.StringComparisonReplacementExpressionVisitor]:Debug:&gt;&#xD;
	Replace: e.Equals(value(Eliassen.System.Tests.Linq.Expressions.StringComparisonReplacementExpressionVisitorTests+&lt;&gt;c__DisplayClass5_0).matched) with e.Equals(value(Eliassen.System.Tests.Linq.Expressions.StringComparisonReplacementExpressionVisitorTests+&lt;&gt;c__DisplayClass5_0).matched, CurrentCultureIgnoreCase)&#xD;
&#xD;
&#xD;
&#xD;
TestContext Messages:&#xD;
expression: e =&gt; e.Equals(value(Eliassen.System.Tests.Linq.Expressions.StringComparisonReplacementExpressionVisitorTests+&lt;&gt;c__DisplayClass5_0).matched)&#xD;
visited: e =&gt; e.Equals(value(Eliassen.System.Tests.Linq.Expressions.StringComparisonReplacementExpressionVisitorTests+&lt;&gt;c__DisplayClass5_0).matched, CurrentCultureIgnoreCase)</StdOut>
      </Output>
    </UnitTestResult>
    <UnitTestResult executionId="9723812b-057e-45e4-af21-aafb7beab042" testId="cc59dd07-b7ed-0c48-8ce2-e71461ad2ad6" testName="GetHash (hello world,XrY7u+Ae7tCTyyK7j1rNww==)" computerName="LW-18560" duration="00:00:00.0012690" startTime="2023-09-06T15:36:44.6162876-04:00" endTime="2023-09-06T15:36:44.6181087-04:00" testType="13cdc9d9-ddb5-4fa4-a97d-d965ccfc6d4b" outcome="Passed" testListId="8c84fa94-04c1-424b-9868-57a2d4851a1d" relativeResultsDirectory="9723812b-057e-45e4-af21-aafb7beab042">
      <Output>
        <StdOut>TestContext Messages:&#xD;
"hello world" =&gt; "XrY7u+Ae7tCTyyK7j1rNww=="</StdOut>
      </Output>
    </UnitTestResult>
    <UnitTestResult executionId="4a76449d-ab84-4b9c-8f8e-00b7b724c177" testId="e350703c-47df-56f0-b995-a52c38b53eca" testName="MakeSafeTest (System.Nullable`1[System.Guid],18AACB9C-2989-4322-A490-C7167BEA0DB4,18aacb9c-2989-4322-a490-c7167bea0db4)" computerName="LW-18560" duration="00:00:00.0006818" startTime="2023-09-06T15:36:44.8358129-04:00" endTime="2023-09-06T15:36:44.8942915-04:00" testType="13cdc9d9-ddb5-4fa4-a97d-d965ccfc6d4b" outcome="Passed" testListId="8c84fa94-04c1-424b-9868-57a2d4851a1d" relativeResultsDirectory="4a76449d-ab84-4b9c-8f8e-00b7b724c177" />
    <UnitTestResult executionId="3378beca-2d1a-4b6c-b38f-7dabeb4dfd03" testId="8326adff-3a83-bfdf-0f52-29a72d8ee553" testName="VisitTest_StartsWith (Hello,He,True)" computerName="LW-18560" duration="00:00:00.0035813" startTime="2023-09-06T15:36:50.3996116-04:00" endTime="2023-09-06T15:36:50.4038542-04:00" testType="13cdc9d9-ddb5-4fa4-a97d-d965ccfc6d4b" outcome="Passed" testListId="8c84fa94-04c1-424b-9868-57a2d4851a1d" relativeResultsDirectory="3378beca-2d1a-4b6c-b38f-7dabeb4dfd03">
      <Output>
        <StdOut>Eliassen.System.Internal.ConsoleLogger`1[Eliassen.System.Linq.Expressions.StringComparisonReplacementExpressionVisitor]:Debug:&gt;&#xD;
	Replace: e.StartsWith(value(Eliassen.System.Tests.Linq.Expressions.StringComparisonReplacementExpressionVisitorTests+&lt;&gt;c__DisplayClass7_0).matched) with e.StartsWith(value(Eliassen.System.Tests.Linq.Expressions.StringComparisonReplacementExpressionVisitorTests+&lt;&gt;c__DisplayClass7_0).matched, CurrentCultureIgnoreCase)&#xD;
&#xD;
&#xD;
&#xD;
TestContext Messages:&#xD;
expression: e =&gt; e.StartsWith(value(Eliassen.System.Tests.Linq.Expressions.StringComparisonReplacementExpressionVisitorTests+&lt;&gt;c__DisplayClass7_0).matched)&#xD;
visited: e =&gt; e.StartsWith(value(Eliassen.System.Tests.Linq.Expressions.StringComparisonReplacementExpressionVisitorTests+&lt;&gt;c__DisplayClass7_0).matched, CurrentCultureIgnoreCase)</StdOut>
      </Output>
    </UnitTestResult>
    <UnitTestResult executionId="a198987a-ae92-405d-8523-a19a40c053a6" testId="429bea00-ef23-00e4-9d59-b93408bb216b" testName="VisitTest_EqualOperator (Hello,HELLO,True)" computerName="LW-18560" duration="00:00:00.0025203" startTime="2023-09-06T15:36:50.3294021-04:00" endTime="2023-09-06T15:36:50.3325417-04:00" testType="13cdc9d9-ddb5-4fa4-a97d-d965ccfc6d4b" outcome="Passed" testListId="8c84fa94-04c1-424b-9868-57a2d4851a1d" relativeResultsDirectory="a198987a-ae92-405d-8523-a19a40c053a6">
      <Output>
        <StdOut>TestContext Messages:&#xD;
expression: e =&gt; (e == value(Eliassen.System.Tests.Linq.Expressions.StringComparisonReplacementExpressionVisitorTests+&lt;&gt;c__DisplayClass4_0).matched)&#xD;
visited: e =&gt; e.Equals(value(Eliassen.System.Tests.Linq.Expressions.StringComparisonReplacementExpressionVisitorTests+&lt;&gt;c__DisplayClass4_0).matched, CurrentCultureIgnoreCase)</StdOut>
      </Output>
    </UnitTestResult>
    <UnitTestResult executionId="c98219b1-02bc-4bdb-b33e-82fe11f536e3" testId="b6498f29-1231-5fcf-4954-1746daa0500d" testName="ExecuteByTest_Filter (Eliassen.System.Tests.Linq.TestTargets.TestTargetModel,Index,InSet,System.Int32[],3,1,2,3)" computerName="LW-18560" duration="00:00:00.0678452" startTime="2023-09-06T15:36:45.2954178-04:00" endTime="2023-09-06T15:36:49.0762715-04:00" testType="13cdc9d9-ddb5-4fa4-a97d-d965ccfc6d4b" outcome="Passed" testListId="8c84fa94-04c1-424b-9868-57a2d4851a1d" relativeResultsDirectory="c98219b1-02bc-4bdb-b33e-82fe11f536e3">
      <Output>
        <StdOut>Eliassen.System.Internal.ConsoleLogger`1[Eliassen.System.Linq.Search.QueryBuilder]:Information:&gt;&#xD;
	Build query for CurrentPage: 0&#xD;
PageSize: 0&#xD;
ExcludePageCount: False&#xD;
SearchTerm: (null)&#xD;
	F:Index: InSet: 1; 2; 3&#xD;
&#xD;
Eliassen.System.Internal.ConsoleLogger`1[Eliassen.System.Linq.Search.QueryBuilder]:Information:&gt;&#xD;
	Execute (paged): System.Linq.Enumerable+SelectRangeIterator`1[Eliassen.System.Tests.Linq.TestTargets.TestTargetModel].Where(n =&gt; value(System.Int32[]).Contains(n.Index)).OrderBy(_ =&gt; 0).Skip(0).Take(10)&#xD;
&#xD;
&#xD;
&#xD;
TestContext Messages:&#xD;
SearchQuery-QueryableExtensionsTests_ExecuteByTestFilter(121)-638296114064685646.json: Attached&#xD;
EnumerableQuery_1-QueryableExtensionsTests_ExecuteByTestFilter(123)-638296114064743275.json: Attached&#xD;
PagedQueryResult_1-QueryableExtensionsTests_ExecuteByTestFilter(125)-638296114065288498.json: Attached&#xD;
resultKeys: 1,2,3</StdOut>
        <StdErr>Eliassen.System.Internal.ConsoleLogger`1[Eliassen.System.Linq.Search.SortBuilder`1[Eliassen.System.Tests.Linq.TestTargets.TestTargetModel]]:Warning:&gt;&#xD;
	Force sort by 0 applied for Eliassen.System.Tests.Linq.TestTargets.TestTargetModel</StdErr>
      </Output>
      <ResultFiles>
        <ResultFile path="LW-18560\EnumerableQuery_1-QueryableExtensionsTests_ExecuteByTestFilter(123)-638296114064743275.json" />
        <ResultFile path="LW-18560\PagedQueryResult_1-QueryableExtensionsTests_ExecuteByTestFilter(125)-638296114065288498.json" />
        <ResultFile path="LW-18560\SearchQuery-QueryableExtensionsTests_ExecuteByTestFilter(121)-638296114064685646.json" />
      </ResultFiles>
    </UnitTestResult>
    <UnitTestResult executionId="b626302f-061c-42b9-bbf6-f7e4e7bd5b2a" testId="f5306a38-7e9d-ad71-73c6-1c694342dc21" testName="ExecuteByTest_SearchTerm (Eliassen.System.Tests.Linq.TestTargets.TestTargetExtendedModel,FName0999 LName0001,1,1,1,1)" computerName="LW-18560" duration="00:00:00.1167745" startTime="2023-09-06T15:36:49.1490312-04:00" endTime="2023-09-06T15:36:49.6019707-04:00" testType="13cdc9d9-ddb5-4fa4-a97d-d965ccfc6d4b" outcome="Passed" testListId="8c84fa94-04c1-424b-9868-57a2d4851a1d" relativeResultsDirectory="b626302f-061c-42b9-bbf6-f7e4e7bd5b2a">
      <Output>
        <StdOut>Eliassen.System.Internal.ConsoleLogger`1[Eliassen.System.Linq.Search.QueryBuilder]:Information:&gt;&#xD;
	Build query for SearchQuery { CurrentPage = 0, PageSize = 0, ExcludePageCount = False, SearchTerm = FName0999 LName0001, Filter = System.Collections.Generic.Dictionary`2[System.String,Eliassen.System.Linq.Search.FilterParameter], OrderBy = System.Collections.Generic.Dictionary`2[System.String,Eliassen.System.Linq.Search.OrderDirections] }&#xD;
Eliassen.System.Internal.ConsoleLogger`1[Eliassen.System.Linq.Search.QueryBuilder]:Debug:&gt;&#xD;
	Visited by: Eliassen.System.Linq.Expressions.SkipInstanceMethodOnNullExpressionVisitor&#xD;
Eliassen.System.Internal.ConsoleLogger`1[Eliassen.System.Linq.Search.QueryBuilder]:Information:&gt;&#xD;
	Execute (paged): System.Linq.Enumerable+SelectRangeIterator`1[Eliassen.System.Tests.Linq.TestTargets.TestTargetExtendedModel].Where(n =&gt; (((((((((n.FName + " ") + n.LName) != null) AndAlso ((n.FName + " ") + n.LName).Equals("FName0999 LName0001")) OrElse ((((n.LName + " ") + n.FName) != null) AndAlso ((n.LName + " ") + n.FName).Equals("FName0999 LName0001"))) OrElse ((n.FName != null) AndAlso n.FName.Equals("FName0999 LName0001"))) OrElse ((n.LName != null) AndAlso n.LName.Equals("FName0999 LName0001"))) OrElse ((n.Email != null) AndAlso n.Email.Equals("FName0999 LName0001"))) OrElse ((n.May != null) AndAlso n.May.Equals("FName0999 LName0001")))).OrderBy(_ =&gt; 0).Skip(0).Take(10)&#xD;
&#xD;
&#xD;
&#xD;
TestContext Messages:&#xD;
SearchQuery_1-QueryableExtensionsTests_ExecuteByTestSearchTerm(192)-638296114094845689.json: Attached&#xD;
EnumerableQuery_1-QueryableExtensionsTests_ExecuteByTestSearchTerm(194)-638296114094940990.json: Attached&#xD;
PagedQueryResult_1-QueryableExtensionsTests_ExecuteByTestSearchTerm(196)-638296114095860279.json: Attached&#xD;
resultKeys: 1</StdOut>
        <StdErr>Eliassen.System.Internal.ConsoleLogger`1[Eliassen.System.Linq.Search.SortBuilder`1[Eliassen.System.Tests.Linq.TestTargets.TestTargetExtendedModel]]:Warning:&gt;&#xD;
	Force sort by 0 applied for Eliassen.System.Tests.Linq.TestTargets.TestTargetExtendedModel</StdErr>
      </Output>
      <ResultFiles>
        <ResultFile path="LW-18560\EnumerableQuery_1-QueryableExtensionsTests_ExecuteByTestSearchTerm(194)-638296114094940990.json" />
        <ResultFile path="LW-18560\PagedQueryResult_1-QueryableExtensionsTests_ExecuteByTestSearchTerm(196)-638296114095860279.json" />
        <ResultFile path="LW-18560\SearchQuery_1-QueryableExtensionsTests_ExecuteByTestSearchTerm(192)-638296114094845689.json" />
      </ResultFiles>
    </UnitTestResult>
    <UnitTestResult executionId="61601826-b80e-4726-9e37-b97fdb764bc9" testId="bf375f81-f5f2-0660-e87a-799392ac2ec3" testName="ToEnumTest (name2,WithMemberName)" computerName="LW-18560" duration="00:00:00.0012555" startTime="2023-09-06T15:36:44.7965099-04:00" endTime="2023-09-06T15:36:44.7984066-04:00" testType="13cdc9d9-ddb5-4fa4-a97d-d965ccfc6d4b" outcome="Passed" testListId="8c84fa94-04c1-424b-9868-57a2d4851a1d" relativeResultsDirectory="61601826-b80e-4726-9e37-b97fdb764bc9" />
    <UnitTestResult executionId="b12e423e-cbf6-4387-9c53-edd9b460ae01" testId="e350703c-47df-56f0-b995-a52c38b53eca" testName="MakeSafeTest (System.Nullable`1[System.AttributeTargets],Enum,Enum)" computerName="LW-18560" duration="00:00:00.0000218" startTime="2023-09-06T15:36:44.8358129-04:00" endTime="2023-09-06T15:36:44.8942915-04:00" testType="13cdc9d9-ddb5-4fa4-a97d-d965ccfc6d4b" outcome="Passed" testListId="8c84fa94-04c1-424b-9868-57a2d4851a1d" relativeResultsDirectory="b12e423e-cbf6-4387-9c53-edd9b460ae01" />
    <UnitTestResult executionId="9c2bbf59-ca45-4570-b21b-6beaeb4dde6b" testId="d3e26037-eb0b-5682-419d-883b90d0ccd1" testName="VisitTest_EndsWith (Hello,Lo,True)" computerName="LW-18560" duration="00:00:00.0044369" startTime="2023-09-06T15:36:50.4272202-04:00" endTime="2023-09-06T15:36:50.4323019-04:00" testType="13cdc9d9-ddb5-4fa4-a97d-d965ccfc6d4b" outcome="Passed" testListId="8c84fa94-04c1-424b-9868-57a2d4851a1d" relativeResultsDirectory="9c2bbf59-ca45-4570-b21b-6beaeb4dde6b">
      <Output>
        <StdOut>Eliassen.System.Internal.ConsoleLogger`1[Eliassen.System.Linq.Expressions.StringComparisonReplacementExpressionVisitor]:Debug:&gt;&#xD;
	Replace: e.EndsWith(value(Eliassen.System.Tests.Linq.Expressions.StringComparisonReplacementExpressionVisitorTests+&lt;&gt;c__DisplayClass8_0).matched) with e.EndsWith(value(Eliassen.System.Tests.Linq.Expressions.StringComparisonReplacementExpressionVisitorTests+&lt;&gt;c__DisplayClass8_0).matched, CurrentCultureIgnoreCase)&#xD;
&#xD;
&#xD;
&#xD;
TestContext Messages:&#xD;
expression: e =&gt; e.EndsWith(value(Eliassen.System.Tests.Linq.Expressions.StringComparisonReplacementExpressionVisitorTests+&lt;&gt;c__DisplayClass8_0).matched)&#xD;
visited: e =&gt; e.EndsWith(value(Eliassen.System.Tests.Linq.Expressions.StringComparisonReplacementExpressionVisitorTests+&lt;&gt;c__DisplayClass8_0).matched, CurrentCultureIgnoreCase)</StdOut>
      </Output>
    </UnitTestResult>
    <UnitTestResult executionId="0dd82816-8123-47ce-80b0-12d410d91a91" testId="e350703c-47df-56f0-b995-a52c38b53eca" testName="MakeSafeTest (System.Nullable`1[System.Double],nope,)" computerName="LW-18560" duration="00:00:00.0004663" startTime="2023-09-06T15:36:44.8358129-04:00" endTime="2023-09-06T15:36:44.8942915-04:00" testType="13cdc9d9-ddb5-4fa4-a97d-d965ccfc6d4b" outcome="Passed" testListId="8c84fa94-04c1-424b-9868-57a2d4851a1d" relativeResultsDirectory="0dd82816-8123-47ce-80b0-12d410d91a91" />
    <UnitTestResult executionId="a10ce884-2ecf-4c70-b3d5-449a7475e4d5" testId="7fd160bc-3b5b-e6e2-40ae-1974536260f2" testName="TryParseTest (System.Nullable`1[System.Int32],1,True,1)" computerName="LW-18560" duration="00:00:00.0000278" startTime="2023-09-06T15:36:44.9461477-04:00" endTime="2023-09-06T15:36:44.9605777-04:00" testType="13cdc9d9-ddb5-4fa4-a97d-d965ccfc6d4b" outcome="Passed" testListId="8c84fa94-04c1-424b-9868-57a2d4851a1d" relativeResultsDirectory="a10ce884-2ecf-4c70-b3d5-449a7475e4d5" />
    <UnitTestResult executionId="e782cf13-38f2-488a-b41e-947e34c5b01f" testId="b6498f29-1231-5fcf-4954-1746daa0500d" testName="ExecuteByTest_Filter (Eliassen.System.Tests.Linq.TestTargets.TestTargetExtendedModel,May,EqualTo,!,10,-1,1,2,4,5,7,8,10,11,13)" computerName="LW-18560" duration="00:00:00.0893719" startTime="2023-09-06T15:36:45.2954178-04:00" endTime="2023-09-06T15:36:49.0762715-04:00" testType="13cdc9d9-ddb5-4fa4-a97d-d965ccfc6d4b" outcome="Passed" testListId="8c84fa94-04c1-424b-9868-57a2d4851a1d" relativeResultsDirectory="e782cf13-38f2-488a-b41e-947e34c5b01f">
      <Output>
        <StdOut>Eliassen.System.Internal.ConsoleLogger`1[Eliassen.System.Linq.Search.QueryBuilder]:Information:&gt;&#xD;
	Build query for CurrentPage: 0&#xD;
PageSize: 0&#xD;
ExcludePageCount: False&#xD;
SearchTerm: (null)&#xD;
	F:May: EqualTo: !&#xD;
&#xD;
Eliassen.System.Internal.ConsoleLogger`1[Eliassen.System.Linq.Search.QueryBuilder]:Information:&gt;&#xD;
	Execute (paged): System.Linq.Enumerable+SelectRangeIterator`1[Eliassen.System.Tests.Linq.TestTargets.TestTargetExtendedModel].Where(n =&gt; (n.May != "")).OrderBy(_ =&gt; 0).Skip(0).Take(10)&#xD;
&#xD;
&#xD;
&#xD;
TestContext Messages:&#xD;
SearchQuery-QueryableExtensionsTests_ExecuteByTestFilter(121)-638296114089229289.json: Attached&#xD;
EnumerableQuery_1-QueryableExtensionsTests_ExecuteByTestFilter(123)-638296114089303527.json: Attached&#xD;
PagedQueryResult_1-QueryableExtensionsTests_ExecuteByTestFilter(125)-638296114089944165.json: Attached&#xD;
resultKeys: -1,1,2,4,5,7,8,10,11,13</StdOut>
        <StdErr>Eliassen.System.Internal.ConsoleLogger`1[Eliassen.System.Linq.Search.SortBuilder`1[Eliassen.System.Tests.Linq.TestTargets.TestTargetExtendedModel]]:Warning:&gt;&#xD;
	Force sort by 0 applied for Eliassen.System.Tests.Linq.TestTargets.TestTargetExtendedModel</StdErr>
      </Output>
      <ResultFiles>
        <ResultFile path="LW-18560\EnumerableQuery_1-QueryableExtensionsTests_ExecuteByTestFilter(123)-638296114089303527.json" />
        <ResultFile path="LW-18560\PagedQueryResult_1-QueryableExtensionsTests_ExecuteByTestFilter(125)-638296114089944165.json" />
        <ResultFile path="LW-18560\SearchQuery-QueryableExtensionsTests_ExecuteByTestFilter(121)-638296114089229289.json" />
      </ResultFiles>
    </UnitTestResult>
    <UnitTestResult executionId="a2abe8f8-3158-4bb0-a720-f50832fbf40d" testId="002081e5-457a-cb3a-fcfa-a07fcccc9fb3" testName="VisitTest_EndsWith (Hello,lo,True)" computerName="LW-18560" duration="00:00:00.0011745" startTime="2023-09-06T15:36:50.4450797-04:00" endTime="2023-09-06T15:36:50.4585033-04:00" testType="13cdc9d9-ddb5-4fa4-a97d-d965ccfc6d4b" outcome="Passed" testListId="8c84fa94-04c1-424b-9868-57a2d4851a1d" relativeResultsDirectory="a2abe8f8-3158-4bb0-a720-f50832fbf40d">
      <Output>
        <StdOut>Eliassen.System.Internal.ConsoleLogger`1[Eliassen.System.Linq.Expressions.StringComparisonReplacementExpressionVisitor]:Debug:&gt;&#xD;
	Replace: e.EndsWith(value(Eliassen.System.Tests.Linq.Expressions.StringComparisonReplacementExpressionVisitorTests+&lt;&gt;c__DisplayClass8_0).matched) with e.EndsWith(value(Eliassen.System.Tests.Linq.Expressions.StringComparisonReplacementExpressionVisitorTests+&lt;&gt;c__DisplayClass8_0).matched, CurrentCultureIgnoreCase)&#xD;
&#xD;
&#xD;
&#xD;
TestContext Messages:&#xD;
expression: e =&gt; e.EndsWith(value(Eliassen.System.Tests.Linq.Expressions.StringComparisonReplacementExpressionVisitorTests+&lt;&gt;c__DisplayClass8_0).matched)&#xD;
visited: e =&gt; e.EndsWith(value(Eliassen.System.Tests.Linq.Expressions.StringComparisonReplacementExpressionVisitorTests+&lt;&gt;c__DisplayClass8_0).matched, CurrentCultureIgnoreCase)</StdOut>
      </Output>
    </UnitTestResult>
    <UnitTestResult executionId="b6fd7a00-ea21-41a9-94d0-225df1082f32" testId="63fad722-7037-7050-fa28-b32ff1a4ec2f" testName="GetResourceStreamTest_ByType" computerName="LW-18560" duration="00:00:00.0007624" startTime="2023-09-06T15:36:44.9989226-04:00" endTime="2023-09-06T15:36:45.0001823-04:00" testType="13cdc9d9-ddb5-4fa4-a97d-d965ccfc6d4b" outcome="Passed" testListId="8c84fa94-04c1-424b-9868-57a2d4851a1d" relativeResultsDirectory="b6fd7a00-ea21-41a9-94d0-225df1082f32" />
    <UnitTestResult executionId="7f2462e8-a5b4-4544-ab7b-fdb106c753d6" testId="29e5e72b-7fa6-3f64-a23d-c770d5fa0cf4" testName="ExecuteByTest_Sort (name,Descending,999,998,997,996,995,994,993,992,991,990)" computerName="LW-18560" duration="00:00:00.0287829" startTime="2023-09-06T15:36:49.9834397-04:00" endTime="2023-09-06T15:36:50.0131081-04:00" testType="13cdc9d9-ddb5-4fa4-a97d-d965ccfc6d4b" outcome="Passed" testListId="8c84fa94-04c1-424b-9868-57a2d4851a1d" relativeResultsDirectory="7f2462e8-a5b4-4544-ab7b-fdb106c753d6">
      <Output>
        <StdOut>Eliassen.System.Internal.ConsoleLogger`1[Eliassen.System.Linq.Search.QueryBuilder]:Information:&gt;&#xD;
	Build query for CurrentPage: 0&#xD;
PageSize: 0&#xD;
ExcludePageCount: False&#xD;
SearchTerm: (null)&#xD;
	S:name: Descending&#xD;
&#xD;
Eliassen.System.Internal.ConsoleLogger`1[Eliassen.System.Linq.Search.QueryBuilder]:Information:&gt;&#xD;
	Execute (paged): System.Linq.Enumerable+SelectRangeIterator`1[Eliassen.System.Tests.Linq.TestTargets.TestTargetModel].OrderByDescending(n =&gt; n.Name).Skip(0).Take(10)&#xD;
&#xD;
&#xD;
&#xD;
TestContext Messages:&#xD;
SearchQuery-QueryableExtensionsTests_ExecuteByTest_Sort(266)-638296114099848285.json: Attached&#xD;
PagedQueryResult_1-QueryableExtensionsTests_ExecuteByTest_Sort(268)-638296114100061153.json: Attached</StdOut>
        <StdErr>Eliassen.System.Internal.ConsoleLogger`1[Eliassen.System.Linq.Search.QueryBuilder]:Warning:&gt;&#xD;
	No filtering detected: System.Linq.Enumerable+SelectRangeIterator`1[Eliassen.System.Tests.Linq.TestTargets.TestTargetModel]: CurrentPage: 0&#xD;
PageSize: 0&#xD;
ExcludePageCount: False&#xD;
SearchTerm: (null)&#xD;
	S:name: Descending</StdErr>
      </Output>
      <ResultFiles>
        <ResultFile path="LW-18560\PagedQueryResult_1-QueryableExtensionsTests_ExecuteByTest_Sort(268)-638296114100061153.json" />
        <ResultFile path="LW-18560\SearchQuery-QueryableExtensionsTests_ExecuteByTest_Sort(266)-638296114099848285.json" />
      </ResultFiles>
    </UnitTestResult>
    <UnitTestResult executionId="e2f14bf8-b639-4202-9625-49b606c8354c" testId="b6498f29-1231-5fcf-4954-1746daa0500d" testName="ExecuteByTest_Filter (Eliassen.System.Tests.Linq.TestTargets.TestTargetExtendedModel,Date,LessThan,2020-03-01,3,-1,0,1)" computerName="LW-18560" duration="00:00:00.0816402" startTime="2023-09-06T15:36:45.2954178-04:00" endTime="2023-09-06T15:36:49.0762715-04:00" testType="13cdc9d9-ddb5-4fa4-a97d-d965ccfc6d4b" outcome="Passed" testListId="8c84fa94-04c1-424b-9868-57a2d4851a1d" relativeResultsDirectory="e2f14bf8-b639-4202-9625-49b606c8354c">
      <Output>
        <StdOut>Eliassen.System.Internal.ConsoleLogger`1[Eliassen.System.Linq.Search.QueryBuilder]:Information:&gt;&#xD;
	Build query for CurrentPage: 0&#xD;
PageSize: 0&#xD;
ExcludePageCount: False&#xD;
SearchTerm: (null)&#xD;
	F:Date: LessThan: 2020-03-01&#xD;
&#xD;
Eliassen.System.Internal.ConsoleLogger`1[Eliassen.System.Linq.Search.QueryBuilder]:Information:&gt;&#xD;
	Execute (paged): System.Linq.Enumerable+SelectRangeIterator`1[Eliassen.System.Tests.Linq.TestTargets.TestTargetExtendedModel].Where(n =&gt; (n.Date &lt; 3/1/2020 12:00:00 AM)).OrderBy(_ =&gt; 0).Skip(0).Take(10)&#xD;
&#xD;
&#xD;
&#xD;
TestContext Messages:&#xD;
SearchQuery-QueryableExtensionsTests_ExecuteByTestFilter(121)-638296114078295814.json: Attached&#xD;
EnumerableQuery_1-QueryableExtensionsTests_ExecuteByTestFilter(123)-638296114078391382.json: Attached&#xD;
PagedQueryResult_1-QueryableExtensionsTests_ExecuteByTestFilter(125)-638296114078972022.json: Attached&#xD;
resultKeys: -1,0,1</StdOut>
        <StdErr>Eliassen.System.Internal.ConsoleLogger`1[Eliassen.System.Linq.Expressions.ExpressionTreeBuilder`1[Eliassen.System.Tests.Linq.TestTargets.TestTargetExtendedModel]]:Warning:&gt;&#xD;
	2020-03-01 parsed to 03/01/2020 00:00:00 (System.DateTime)&#xD;
Eliassen.System.Internal.ConsoleLogger`1[Eliassen.System.Linq.Search.SortBuilder`1[Eliassen.System.Tests.Linq.TestTargets.TestTargetExtendedModel]]:Warning:&gt;&#xD;
	Force sort by 0 applied for Eliassen.System.Tests.Linq.TestTargets.TestTargetExtendedModel</StdErr>
      </Output>
      <ResultFiles>
        <ResultFile path="LW-18560\EnumerableQuery_1-QueryableExtensionsTests_ExecuteByTestFilter(123)-638296114078391382.json" />
        <ResultFile path="LW-18560\PagedQueryResult_1-QueryableExtensionsTests_ExecuteByTestFilter(125)-638296114078972022.json" />
        <ResultFile path="LW-18560\SearchQuery-QueryableExtensionsTests_ExecuteByTestFilter(121)-638296114078295814.json" />
      </ResultFiles>
    </UnitTestResult>
    <UnitTestResult executionId="8167013e-79fd-4f64-be04-adf087639725" testId="37c1a70c-f4a5-ed8d-5b4c-26c0b3e51803" testName="VisitTest_Contains (Hello,EL,True)" computerName="LW-18560" duration="00:00:00.0019119" startTime="2023-09-06T15:36:50.3821015-04:00" endTime="2023-09-06T15:36:50.3846719-04:00" testType="13cdc9d9-ddb5-4fa4-a97d-d965ccfc6d4b" outcome="Passed" testListId="8c84fa94-04c1-424b-9868-57a2d4851a1d" relativeResultsDirectory="8167013e-79fd-4f64-be04-adf087639725">
      <Output>
        <StdOut>Eliassen.System.Internal.ConsoleLogger`1[Eliassen.System.Linq.Expressions.StringComparisonReplacementExpressionVisitor]:Debug:&gt;&#xD;
	Replace: e.Contains(value(Eliassen.System.Tests.Linq.Expressions.StringComparisonReplacementExpressionVisitorTests+&lt;&gt;c__DisplayClass6_0).matched) with e.Contains(value(Eliassen.System.Tests.Linq.Expressions.StringComparisonReplacementExpressionVisitorTests+&lt;&gt;c__DisplayClass6_0).matched, CurrentCultureIgnoreCase)&#xD;
&#xD;
&#xD;
&#xD;
TestContext Messages:&#xD;
expression: e =&gt; e.Contains(value(Eliassen.System.Tests.Linq.Expressions.StringComparisonReplacementExpressionVisitorTests+&lt;&gt;c__DisplayClass6_0).matched)&#xD;
visited: e =&gt; e.Contains(value(Eliassen.System.Tests.Linq.Expressions.StringComparisonReplacementExpressionVisitorTests+&lt;&gt;c__DisplayClass6_0).matched, CurrentCultureIgnoreCase)</StdOut>
      </Output>
    </UnitTestResult>
    <UnitTestResult executionId="eadabb8c-ef12-47ac-a4c3-e85bc7bd7e09" testId="b8ce6298-5288-a9c6-3afb-62b35d380a81" testName="ExecuteByTest_Filter_Range_Bounds" computerName="LW-18560" duration="00:00:00.0413616" startTime="2023-09-06T15:36:49.1035600-04:00" endTime="2023-09-06T15:36:49.1454401-04:00" testType="13cdc9d9-ddb5-4fa4-a97d-d965ccfc6d4b" outcome="Passed" testListId="8c84fa94-04c1-424b-9868-57a2d4851a1d" relativeResultsDirectory="eadabb8c-ef12-47ac-a4c3-e85bc7bd7e09">
      <Output>
        <StdOut>Eliassen.System.Internal.ConsoleLogger`1[Eliassen.System.Linq.Search.QueryBuilder]:Information:&gt;&#xD;
	Build query for CurrentPage: 0&#xD;
PageSize: 0&#xD;
ExcludePageCount: False&#xD;
SearchTerm: (null)&#xD;
	F:Date: GreaterThanOrEqualTo: 3/1/2020 12:00:00 AM &#xD;
LessThanOrEqualTo: 7/1/2020 12:00:00 AM&#xD;
&#xD;
Eliassen.System.Internal.ConsoleLogger`1[Eliassen.System.Linq.Search.QueryBuilder]:Information:&gt;&#xD;
	Execute (paged): System.Linq.Enumerable+SelectRangeIterator`1[Eliassen.System.Tests.Linq.TestTargets.TestTargetExtendedModel].Where(n =&gt; ((n.Date &lt;= 7/1/2020 12:00:00 AM) AndAlso (n.Date &gt;= 3/1/2020 12:00:00 AM))).OrderBy(_ =&gt; 0).Skip(0).Take(10)&#xD;
&#xD;
&#xD;
&#xD;
TestContext Messages:&#xD;
SearchQuery-QueryableExtensionsTests_ExecuteByTest_Filter_Range_Bounds(153)-638296114091050281.json: Attached&#xD;
PagedQueryResult_1-QueryableExtensionsTests_ExecuteByTest_Filter_Range_Bounds(155)-638296114091367540.json: Attached</StdOut>
        <StdErr>Eliassen.System.Internal.ConsoleLogger`1[Eliassen.System.Linq.Expressions.ExpressionTreeBuilder`1[Eliassen.System.Tests.Linq.TestTargets.TestTargetExtendedModel]]:Warning:&gt;&#xD;
	7/1/2020 12:00:00 AM parsed to 07/01/2020 00:00:00 (System.DateTime)&#xD;
Eliassen.System.Internal.ConsoleLogger`1[Eliassen.System.Linq.Expressions.ExpressionTreeBuilder`1[Eliassen.System.Tests.Linq.TestTargets.TestTargetExtendedModel]]:Warning:&gt;&#xD;
	3/1/2020 12:00:00 AM parsed to 03/01/2020 00:00:00 (System.DateTime)&#xD;
Eliassen.System.Internal.ConsoleLogger`1[Eliassen.System.Linq.Search.SortBuilder`1[Eliassen.System.Tests.Linq.TestTargets.TestTargetExtendedModel]]:Warning:&gt;&#xD;
	Force sort by 0 applied for Eliassen.System.Tests.Linq.TestTargets.TestTargetExtendedModel</StdErr>
      </Output>
      <ResultFiles>
        <ResultFile path="LW-18560\PagedQueryResult_1-QueryableExtensionsTests_ExecuteByTest_Filter_Range_Bounds(155)-638296114091367540.json" />
        <ResultFile path="LW-18560\SearchQuery-QueryableExtensionsTests_ExecuteByTest_Filter_Range_Bounds(153)-638296114091050281.json" />
      </ResultFiles>
    </UnitTestResult>
    <UnitTestResult executionId="cc4b30b6-93e6-4845-9932-f5722061a108" testId="e350703c-47df-56f0-b995-a52c38b53eca" testName="MakeSafeTest (System.Nullable`1[System.AttributeTargets],nope,)" computerName="LW-18560" duration="00:00:00.0006884" startTime="2023-09-06T15:36:44.8358129-04:00" endTime="2023-09-06T15:36:44.8942915-04:00" testType="13cdc9d9-ddb5-4fa4-a97d-d965ccfc6d4b" outcome="Passed" testListId="8c84fa94-04c1-424b-9868-57a2d4851a1d" relativeResultsDirectory="cc4b30b6-93e6-4845-9932-f5722061a108" />
    <UnitTestResult executionId="972563a7-52f0-41f9-b189-2769c3f161b7" testId="b6498f29-1231-5fcf-4954-1746daa0500d" testName="ExecuteByTest_Filter (Eliassen.System.Tests.Linq.TestTargets.TestTargetModel,Name,EqualTo,,0,)" computerName="LW-18560" duration="00:00:00.0460382" startTime="2023-09-06T15:36:45.2954178-04:00" endTime="2023-09-06T15:36:49.0762715-04:00" testType="13cdc9d9-ddb5-4fa4-a97d-d965ccfc6d4b" outcome="Passed" testListId="8c84fa94-04c1-424b-9868-57a2d4851a1d" relativeResultsDirectory="972563a7-52f0-41f9-b189-2769c3f161b7">
      <Output>
        <StdOut>Eliassen.System.Internal.ConsoleLogger`1[Eliassen.System.Linq.Search.QueryBuilder]:Information:&gt;&#xD;
	Build query for CurrentPage: 0&#xD;
PageSize: 0&#xD;
ExcludePageCount: False&#xD;
SearchTerm: (null)&#xD;
	F:Name: EqualTo:&#xD;
&#xD;
Eliassen.System.Internal.ConsoleLogger`1[Eliassen.System.Linq.Search.QueryBuilder]:Information:&gt;&#xD;
	Execute (paged): System.Linq.Enumerable+SelectRangeIterator`1[Eliassen.System.Tests.Linq.TestTargets.TestTargetModel].Where(n =&gt; (n.Name == "")).OrderBy(_ =&gt; 0).Skip(0).Take(10)&#xD;
&#xD;
&#xD;
&#xD;
TestContext Messages:&#xD;
SearchQuery-QueryableExtensionsTests_ExecuteByTestFilter(121)-638296114086451530.json: Attached&#xD;
EnumerableQuery_1-QueryableExtensionsTests_ExecuteByTestFilter(123)-638296114086520631.json: Attached&#xD;
PagedQueryResult_1-QueryableExtensionsTests_ExecuteByTestFilter(125)-638296114086848767.json: Attached&#xD;
resultKeys:</StdOut>
        <StdErr>Eliassen.System.Internal.ConsoleLogger`1[Eliassen.System.Linq.Search.SortBuilder`1[Eliassen.System.Tests.Linq.TestTargets.TestTargetModel]]:Warning:&gt;&#xD;
	Force sort by 0 applied for Eliassen.System.Tests.Linq.TestTargets.TestTargetModel</StdErr>
      </Output>
      <ResultFiles>
        <ResultFile path="LW-18560\EnumerableQuery_1-QueryableExtensionsTests_ExecuteByTestFilter(123)-638296114086520631.json" />
        <ResultFile path="LW-18560\PagedQueryResult_1-QueryableExtensionsTests_ExecuteByTestFilter(125)-638296114086848767.json" />
        <ResultFile path="LW-18560\SearchQuery-QueryableExtensionsTests_ExecuteByTestFilter(121)-638296114086451530.json" />
      </ResultFiles>
    </UnitTestResult>
    <UnitTestResult executionId="8e906d84-9dae-4d72-9cb5-61b71c499bc2" testId="5c5a98ad-0c9a-7d60-5608-067c9ff5436c" testName="ToEnumTest (2,Val2)" computerName="LW-18560" duration="00:00:00.0000375" startTime="2023-09-06T15:36:44.7620643-04:00" endTime="2023-09-06T15:36:44.7627099-04:00" testType="13cdc9d9-ddb5-4fa4-a97d-d965ccfc6d4b" outcome="Passed" testListId="8c84fa94-04c1-424b-9868-57a2d4851a1d" relativeResultsDirectory="8e906d84-9dae-4d72-9cb5-61b71c499bc2" />
    <UnitTestResult executionId="86c2a462-3caa-439f-ac9b-cc86fc1499b6" testId="b6498f29-1231-5fcf-4954-1746daa0500d" testName="ExecuteByTest_Filter (Eliassen.System.Tests.Linq.TestTargets.TestTargetModel,Index,EqualTo,!1,10,0,2,3,4,5,6,7,8,9,10)" computerName="LW-18560" duration="00:00:00.8037329" startTime="2023-09-06T15:36:45.2954178-04:00" endTime="2023-09-06T15:36:49.0762715-04:00" testType="13cdc9d9-ddb5-4fa4-a97d-d965ccfc6d4b" outcome="Passed" testListId="8c84fa94-04c1-424b-9868-57a2d4851a1d" relativeResultsDirectory="86c2a462-3caa-439f-ac9b-cc86fc1499b6">
      <Output>
        <StdOut>Eliassen.System.Internal.ConsoleLogger`1[Eliassen.System.Linq.Search.QueryBuilder]:Information:&gt;&#xD;
	Build query for CurrentPage: 0&#xD;
PageSize: 0&#xD;
ExcludePageCount: False&#xD;
SearchTerm: (null)&#xD;
	F:Index: EqualTo: !1&#xD;
&#xD;
Eliassen.System.Internal.ConsoleLogger`1[Eliassen.System.Linq.Search.QueryBuilder]:Information:&gt;&#xD;
	Execute (paged): System.Linq.Enumerable+SelectRangeIterator`1[Eliassen.System.Tests.Linq.TestTargets.TestTargetModel].Where(n =&gt; (n.Index != 1)).OrderBy(_ =&gt; 0).Skip(0).Take(10)&#xD;
&#xD;
&#xD;
&#xD;
TestContext Messages:&#xD;
SearchQuery-QueryableExtensionsTests_ExecuteByTestFilter(121)-638296114053174125.json: Attached&#xD;
EnumerableQuery_1-QueryableExtensionsTests_ExecuteByTestFilter(123)-638296114054247532.json: Attached&#xD;
PagedQueryResult_1-QueryableExtensionsTests_ExecuteByTestFilter(125)-638296114060034460.json: Attached&#xD;
resultKeys: 0,2,3,4,5,6,7,8,9,10</StdOut>
        <StdErr>Eliassen.System.Internal.ConsoleLogger`1[Eliassen.System.Linq.Expressions.ExpressionTreeBuilder`1[Eliassen.System.Tests.Linq.TestTargets.TestTargetModel]]:Warning:&gt;&#xD;
	1 parsed to 1 (System.Int32)&#xD;
Eliassen.System.Internal.ConsoleLogger`1[Eliassen.System.Linq.Search.SortBuilder`1[Eliassen.System.Tests.Linq.TestTargets.TestTargetModel]]:Warning:&gt;&#xD;
	Force sort by 0 applied for Eliassen.System.Tests.Linq.TestTargets.TestTargetModel</StdErr>
      </Output>
      <ResultFiles>
        <ResultFile path="LW-18560\EnumerableQuery_1-QueryableExtensionsTests_ExecuteByTestFilter(123)-638296114054247532.json" />
        <ResultFile path="LW-18560\PagedQueryResult_1-QueryableExtensionsTests_ExecuteByTestFilter(125)-638296114060034460.json" />
        <ResultFile path="LW-18560\SearchQuery-QueryableExtensionsTests_ExecuteByTestFilter(121)-638296114053174125.json" />
      </ResultFiles>
    </UnitTestResult>
    <UnitTestResult executionId="127b1b27-05b3-4c3b-8007-ca9a7763c6f9" testId="dcab6442-3647-193e-5b50-9725bbfda52b" testName="GetFilterablePropertyNamesTest_TestTarget3Model" computerName="LW-18560" duration="00:00:00.0011733" startTime="2023-09-06T15:36:50.1644614-04:00" endTime="2023-09-06T15:36:50.1661048-04:00" testType="13cdc9d9-ddb5-4fa4-a97d-d965ccfc6d4b" outcome="Passed" testListId="8c84fa94-04c1-424b-9868-57a2d4851a1d" relativeResultsDirectory="127b1b27-05b3-4c3b-8007-ca9a7763c6f9" />
    <UnitTestResult executionId="6bf57d42-5424-4f66-a9ed-aef4fe3a6201" testId="e350703c-47df-56f0-b995-a52c38b53eca" testName="MakeSafeTest (System.Nullable`1[System.Double],1,1)" computerName="LW-18560" duration="00:00:00.0007836" startTime="2023-09-06T15:36:44.8358129-04:00" endTime="2023-09-06T15:36:44.8942915-04:00" testType="13cdc9d9-ddb5-4fa4-a97d-d965ccfc6d4b" outcome="Passed" testListId="8c84fa94-04c1-424b-9868-57a2d4851a1d" relativeResultsDirectory="6bf57d42-5424-4f66-a9ed-aef4fe3a6201" />
    <UnitTestResult executionId="05614f59-75ce-4998-9d6c-907a768b59cf" testId="7fd160bc-3b5b-e6e2-40ae-1974536260f2" testName="TryParseTest (System.Nullable`1[System.Double],nope,False,)" computerName="LW-18560" duration="00:00:00.0008041" startTime="2023-09-06T15:36:44.9461477-04:00" endTime="2023-09-06T15:36:44.9605777-04:00" testType="13cdc9d9-ddb5-4fa4-a97d-d965ccfc6d4b" outcome="Passed" testListId="8c84fa94-04c1-424b-9868-57a2d4851a1d" relativeResultsDirectory="05614f59-75ce-4998-9d6c-907a768b59cf" />
    <UnitTestResult executionId="272fd38b-84b2-4af8-81dd-52cb458ad457" testId="6cc20714-42d5-4095-4855-f0359aa8ddcb" testName="VisitTest_Contains (Hello,el,True)" computerName="LW-18560" duration="00:00:00.0035638" startTime="2023-09-06T15:36:50.3752701-04:00" endTime="2023-09-06T15:36:50.3794810-04:00" testType="13cdc9d9-ddb5-4fa4-a97d-d965ccfc6d4b" outcome="Passed" testListId="8c84fa94-04c1-424b-9868-57a2d4851a1d" relativeResultsDirectory="272fd38b-84b2-4af8-81dd-52cb458ad457">
      <Output>
        <StdOut>Eliassen.System.Internal.ConsoleLogger`1[Eliassen.System.Linq.Expressions.StringComparisonReplacementExpressionVisitor]:Debug:&gt;&#xD;
	Replace: e.Contains(value(Eliassen.System.Tests.Linq.Expressions.StringComparisonReplacementExpressionVisitorTests+&lt;&gt;c__DisplayClass6_0).matched) with e.Contains(value(Eliassen.System.Tests.Linq.Expressions.StringComparisonReplacementExpressionVisitorTests+&lt;&gt;c__DisplayClass6_0).matched, CurrentCultureIgnoreCase)&#xD;
&#xD;
&#xD;
&#xD;
TestContext Messages:&#xD;
expression: e =&gt; e.Contains(value(Eliassen.System.Tests.Linq.Expressions.StringComparisonReplacementExpressionVisitorTests+&lt;&gt;c__DisplayClass6_0).matched)&#xD;
visited: e =&gt; e.Contains(value(Eliassen.System.Tests.Linq.Expressions.StringComparisonReplacementExpressionVisitorTests+&lt;&gt;c__DisplayClass6_0).matched, CurrentCultureIgnoreCase)</StdOut>
      </Output>
    </UnitTestResult>
    <UnitTestResult executionId="35734a89-771e-407a-8012-4af6d3041a51" testId="e8e1976d-7e2a-a919-30e8-284cb455d028" testName="VisitTest_Equals (,,False)" computerName="LW-18560" duration="00:00:00.0019390" startTime="2023-09-06T15:36:50.3127486-04:00" endTime="2023-09-06T15:36:50.3152839-04:00" testType="13cdc9d9-ddb5-4fa4-a97d-d965ccfc6d4b" outcome="Passed" testListId="8c84fa94-04c1-424b-9868-57a2d4851a1d" relativeResultsDirectory="35734a89-771e-407a-8012-4af6d3041a51">
      <Output>
        <StdOut>TestContext Messages:&#xD;
expression: e =&gt; e.Equals(value(Eliassen.System.Tests.Linq.Expressions.SkipInstanceMethodOnNullExpressionVisitorTests+&lt;&gt;c__DisplayClass4_0).matched)&#xD;
visited: e =&gt; ((e != null) AndAlso e.Equals(value(Eliassen.System.Tests.Linq.Expressions.SkipInstanceMethodOnNullExpressionVisitorTests+&lt;&gt;c__DisplayClass4_0).matched))&#xD;
result: False</StdOut>
      </Output>
    </UnitTestResult>
    <UnitTestResult executionId="3911d4b0-8ff4-41f4-90f2-9735a4ab5ee5" testId="f3dca1bb-5884-67f2-50ab-603f9fbc49dc" testName="GetSortablePropertyNamesTest_TestTarget2Model" computerName="LW-18560" duration="00:00:00.0033348" startTime="2023-09-06T15:36:50.2088862-04:00" endTime="2023-09-06T15:36:50.2159604-04:00" testType="13cdc9d9-ddb5-4fa4-a97d-d965ccfc6d4b" outcome="Passed" testListId="8c84fa94-04c1-424b-9868-57a2d4851a1d" relativeResultsDirectory="3911d4b0-8ff4-41f4-90f2-9735a4ab5ee5" />
    <UnitTestResult executionId="26e07ecc-213b-4502-b195-a0eb36327ee8" testId="e350703c-47df-56f0-b995-a52c38b53eca" testName="MakeSafeTest (System.Double,1,1)" computerName="LW-18560" duration="00:00:00.0007938" startTime="2023-09-06T15:36:44.8358129-04:00" endTime="2023-09-06T15:36:44.8942915-04:00" testType="13cdc9d9-ddb5-4fa4-a97d-d965ccfc6d4b" outcome="Passed" testListId="8c84fa94-04c1-424b-9868-57a2d4851a1d" relativeResultsDirectory="26e07ecc-213b-4502-b195-a0eb36327ee8" />
    <UnitTestResult executionId="7fe2804a-c832-440e-8495-9344583e8845" testId="61f12610-a71f-c791-3f8d-2943bdc13d3b" testName="ToEnumTest (name,name2|test name,WithEnumValue, WithMemberName, WithDisplay)" computerName="LW-18560" duration="00:00:00.0008473" startTime="2023-09-06T15:36:44.8314366-04:00" endTime="2023-09-06T15:36:44.8330215-04:00" testType="13cdc9d9-ddb5-4fa4-a97d-d965ccfc6d4b" outcome="Passed" testListId="8c84fa94-04c1-424b-9868-57a2d4851a1d" relativeResultsDirectory="7fe2804a-c832-440e-8495-9344583e8845" />
    <UnitTestResult executionId="ab3cf157-57c2-4465-9578-6e48e07ec416" testId="b6498f29-1231-5fcf-4954-1746daa0500d" testName="ExecuteByTest_Filter (Eliassen.System.Tests.Linq.TestTargets.TestTargetModel,index,EqualTo,!1,10,0,2,3,4,5,6,7,8,9,10)" computerName="LW-18560" duration="00:00:00.0590529" startTime="2023-09-06T15:36:45.2954178-04:00" endTime="2023-09-06T15:36:49.0762715-04:00" testType="13cdc9d9-ddb5-4fa4-a97d-d965ccfc6d4b" outcome="Passed" testListId="8c84fa94-04c1-424b-9868-57a2d4851a1d" relativeResultsDirectory="ab3cf157-57c2-4465-9578-6e48e07ec416">
      <Output>
        <StdOut>Eliassen.System.Internal.ConsoleLogger`1[Eliassen.System.Linq.Search.QueryBuilder]:Information:&gt;&#xD;
	Build query for CurrentPage: 0&#xD;
PageSize: 0&#xD;
ExcludePageCount: False&#xD;
SearchTerm: (null)&#xD;
	F:index: EqualTo: !1&#xD;
&#xD;
Eliassen.System.Internal.ConsoleLogger`1[Eliassen.System.Linq.Search.QueryBuilder]:Information:&gt;&#xD;
	Execute (paged): System.Linq.Enumerable+SelectRangeIterator`1[Eliassen.System.Tests.Linq.TestTargets.TestTargetModel].Where(n =&gt; (n.Index != 1)).OrderBy(_ =&gt; 0).Skip(0).Take(10)&#xD;
&#xD;
&#xD;
&#xD;
TestContext Messages:&#xD;
SearchQuery-QueryableExtensionsTests_ExecuteByTestFilter(121)-638296114061028329.json: Attached&#xD;
EnumerableQuery_1-QueryableExtensionsTests_ExecuteByTestFilter(123)-638296114061099253.json: Attached&#xD;
PagedQueryResult_1-QueryableExtensionsTests_ExecuteByTestFilter(125)-638296114061524829.json: Attached&#xD;
resultKeys: 0,2,3,4,5,6,7,8,9,10</StdOut>
        <StdErr>Eliassen.System.Internal.ConsoleLogger`1[Eliassen.System.Linq.Expressions.ExpressionTreeBuilder`1[Eliassen.System.Tests.Linq.TestTargets.TestTargetModel]]:Warning:&gt;&#xD;
	1 parsed to 1 (System.Int32)&#xD;
Eliassen.System.Internal.ConsoleLogger`1[Eliassen.System.Linq.Search.SortBuilder`1[Eliassen.System.Tests.Linq.TestTargets.TestTargetModel]]:Warning:&gt;&#xD;
	Force sort by 0 applied for Eliassen.System.Tests.Linq.TestTargets.TestTargetModel</StdErr>
      </Output>
      <ResultFiles>
        <ResultFile path="LW-18560\EnumerableQuery_1-QueryableExtensionsTests_ExecuteByTestFilter(123)-638296114061099253.json" />
        <ResultFile path="LW-18560\PagedQueryResult_1-QueryableExtensionsTests_ExecuteByTestFilter(125)-638296114061524829.json" />
        <ResultFile path="LW-18560\SearchQuery-QueryableExtensionsTests_ExecuteByTestFilter(121)-638296114061028329.json" />
      </ResultFiles>
    </UnitTestResult>
    <UnitTestResult executionId="e8a3a3a2-aa35-46c7-b67b-036d3be5687b" testId="7fd160bc-3b5b-e6e2-40ae-1974536260f2" testName="TryParseTest (System.AttributeTargets,Enum,True,Enum)" computerName="LW-18560" duration="00:00:00.0000272" startTime="2023-09-06T15:36:44.9461477-04:00" endTime="2023-09-06T15:36:44.9605777-04:00" testType="13cdc9d9-ddb5-4fa4-a97d-d965ccfc6d4b" outcome="Passed" testListId="8c84fa94-04c1-424b-9868-57a2d4851a1d" relativeResultsDirectory="e8a3a3a2-aa35-46c7-b67b-036d3be5687b" />
    <UnitTestResult executionId="1240f47c-a696-4787-9e71-3e1a85eea051" testId="8dab1de3-735f-cc36-974f-4fcc447d693a" testName="ToEnumTest (no data,)" computerName="LW-18560" duration="00:00:00.0082484" startTime="2023-09-06T15:36:44.7769953-04:00" endTime="2023-09-06T15:36:44.7860202-04:00" testType="13cdc9d9-ddb5-4fa4-a97d-d965ccfc6d4b" outcome="Passed" testListId="8c84fa94-04c1-424b-9868-57a2d4851a1d" relativeResultsDirectory="1240f47c-a696-4787-9e71-3e1a85eea051" />
    <UnitTestResult executionId="9012bd8b-8dc0-404f-ae13-f3c8e806afae" testId="92ccd782-a41f-014c-00b2-849693b11b8a" testName="ToEnumTest (Val1,Val1)" computerName="LW-18560" duration="00:00:00.0053564" startTime="2023-09-06T15:36:44.6980737-04:00" endTime="2023-09-06T15:36:44.7052130-04:00" testType="13cdc9d9-ddb5-4fa4-a97d-d965ccfc6d4b" outcome="Passed" testListId="8c84fa94-04c1-424b-9868-57a2d4851a1d" relativeResultsDirectory="9012bd8b-8dc0-404f-ae13-f3c8e806afae" />
    <UnitTestResult executionId="74f3b725-dc57-4038-a17c-3a68fecaa2e4" testId="b6498f29-1231-5fcf-4954-1746daa0500d" testName="ExecuteByTest_Filter (Eliassen.System.Tests.Linq.TestTargets.TestTargetWithInnerListModel,Children,EqualTo,*001,10,2,3,4,5,6,7,8,9,12,13)" computerName="LW-18560" duration="00:00:00.1475778" startTime="2023-09-06T15:36:45.2954178-04:00" endTime="2023-09-06T15:36:49.0762715-04:00" testType="13cdc9d9-ddb5-4fa4-a97d-d965ccfc6d4b" outcome="Passed" testListId="8c84fa94-04c1-424b-9868-57a2d4851a1d" relativeResultsDirectory="74f3b725-dc57-4038-a17c-3a68fecaa2e4">
      <Output>
        <StdOut>Eliassen.System.Internal.ConsoleLogger`1[Eliassen.System.Linq.Search.QueryBuilder]:Information:&gt;&#xD;
	Build query for CurrentPage: 0&#xD;
PageSize: 0&#xD;
ExcludePageCount: False&#xD;
SearchTerm: (null)&#xD;
	F:Children: EqualTo: *001&#xD;
&#xD;
Eliassen.System.Internal.ConsoleLogger`1[Eliassen.System.Linq.Search.QueryBuilder]:Information:&gt;&#xD;
	Execute (paged): System.Linq.Enumerable+SelectRangeIterator`1[Eliassen.System.Tests.Linq.TestTargets.TestTargetWithInnerListModel].Where(n =&gt; n.Children.Any(child =&gt; child.EndsWith("001"))).OrderBy(_ =&gt; 0).Skip(0).Take(10)&#xD;
&#xD;
&#xD;
&#xD;
TestContext Messages:&#xD;
SearchQuery-QueryableExtensionsTests_ExecuteByTestFilter(121)-638296114084978485.json: Attached&#xD;
EnumerableQuery_1-QueryableExtensionsTests_ExecuteByTestFilter(123)-638296114085048319.json: Attached&#xD;
PagedQueryResult_1-QueryableExtensionsTests_ExecuteByTestFilter(125)-638296114086282931.json: Attached&#xD;
resultKeys: 2,3,4,5,6,7,8,9,12,13</StdOut>
        <StdErr>Eliassen.System.Internal.ConsoleLogger`1[Eliassen.System.Linq.Search.SortBuilder`1[Eliassen.System.Tests.Linq.TestTargets.TestTargetWithInnerListModel]]:Warning:&gt;&#xD;
	Force sort by 0 applied for Eliassen.System.Tests.Linq.TestTargets.TestTargetWithInnerListModel</StdErr>
      </Output>
      <ResultFiles>
        <ResultFile path="LW-18560\EnumerableQuery_1-QueryableExtensionsTests_ExecuteByTestFilter(123)-638296114085048319.json" />
        <ResultFile path="LW-18560\PagedQueryResult_1-QueryableExtensionsTests_ExecuteByTestFilter(125)-638296114086282931.json" />
        <ResultFile path="LW-18560\SearchQuery-QueryableExtensionsTests_ExecuteByTestFilter(121)-638296114084978485.json" />
      </ResultFiles>
    </UnitTestResult>
    <UnitTestResult executionId="654f8289-5f70-48a5-bb19-102bb6b25bde" testId="e350703c-47df-56f0-b995-a52c38b53eca" testName="MakeSafeTest (System.Decimal,1,1)" computerName="LW-18560" duration="00:00:00.0000492" startTime="2023-09-06T15:36:44.8358129-04:00" endTime="2023-09-06T15:36:44.8942915-04:00" testType="13cdc9d9-ddb5-4fa4-a97d-d965ccfc6d4b" outcome="Passed" testListId="8c84fa94-04c1-424b-9868-57a2d4851a1d" relativeResultsDirectory="654f8289-5f70-48a5-bb19-102bb6b25bde" />
    <UnitTestResult executionId="934de23b-937d-470e-a33b-b9a9b61521d3" testId="67b6a854-1fe4-5528-77d6-501bd90b9a20" testName="GetShortTypeNameTests (Eliassen.System.Tests.Reflection.ReflectionExtensionsTests,Eliassen.System.Tests.Reflection.ReflectionExtensionsTests, Eliassen.System.Tests)" computerName="LW-18560" duration="00:00:00.0006682" startTime="2023-09-06T15:36:44.9732510-04:00" endTime="2023-09-06T15:36:44.9758231-04:00" testType="13cdc9d9-ddb5-4fa4-a97d-d965ccfc6d4b" outcome="Passed" testListId="8c84fa94-04c1-424b-9868-57a2d4851a1d" relativeResultsDirectory="934de23b-937d-470e-a33b-b9a9b61521d3" />
    <UnitTestResult executionId="ba2e9697-336a-436d-9994-79bbe6735f74" testId="53c31e49-be7f-689b-3cd7-03a9033ae78d" testName="GetSortablePropertyNamesTest_TestTarget3Model" computerName="LW-18560" duration="00:00:00.0013371" startTime="2023-09-06T15:36:50.2208370-04:00" endTime="2023-09-06T15:36:50.2228964-04:00" testType="13cdc9d9-ddb5-4fa4-a97d-d965ccfc6d4b" outcome="Passed" testListId="8c84fa94-04c1-424b-9868-57a2d4851a1d" relativeResultsDirectory="ba2e9697-336a-436d-9994-79bbe6735f74" />
    <UnitTestResult executionId="6b18c5aa-6c66-4ced-b3db-5e419a49e214" testId="d314c1c4-9223-05d1-63ca-ce78f682d0f0" testName="ExecuteByTest_Sort (Name,Ascending,0,1,10,100,101,102,103,104,105,106)" computerName="LW-18560" duration="00:00:00.0358874" startTime="2023-09-06T15:36:50.0879486-04:00" endTime="2023-09-06T15:36:50.1245940-04:00" testType="13cdc9d9-ddb5-4fa4-a97d-d965ccfc6d4b" outcome="Passed" testListId="8c84fa94-04c1-424b-9868-57a2d4851a1d" relativeResultsDirectory="6b18c5aa-6c66-4ced-b3db-5e419a49e214">
      <Output>
        <StdOut>Eliassen.System.Internal.ConsoleLogger`1[Eliassen.System.Linq.Search.QueryBuilder]:Information:&gt;&#xD;
	Build query for CurrentPage: 0&#xD;
PageSize: 0&#xD;
ExcludePageCount: False&#xD;
SearchTerm: (null)&#xD;
	S:Name: Ascending&#xD;
&#xD;
Eliassen.System.Internal.ConsoleLogger`1[Eliassen.System.Linq.Search.QueryBuilder]:Information:&gt;&#xD;
	Execute (paged): System.Linq.Enumerable+SelectRangeIterator`1[Eliassen.System.Tests.Linq.TestTargets.TestTargetModel].OrderBy(n =&gt; n.Name).Skip(0).Take(10)&#xD;
&#xD;
&#xD;
&#xD;
TestContext Messages:&#xD;
SearchQuery-QueryableExtensionsTests_ExecuteByTest_Sort(266)-638296114100885747.json: Attached&#xD;
PagedQueryResult_1-QueryableExtensionsTests_ExecuteByTest_Sort(268)-638296114101131562.json: Attached</StdOut>
        <StdErr>Eliassen.System.Internal.ConsoleLogger`1[Eliassen.System.Linq.Search.QueryBuilder]:Warning:&gt;&#xD;
	No filtering detected: System.Linq.Enumerable+SelectRangeIterator`1[Eliassen.System.Tests.Linq.TestTargets.TestTargetModel]: CurrentPage: 0&#xD;
PageSize: 0&#xD;
ExcludePageCount: False&#xD;
SearchTerm: (null)&#xD;
	S:Name: Ascending</StdErr>
      </Output>
      <ResultFiles>
        <ResultFile path="LW-18560\PagedQueryResult_1-QueryableExtensionsTests_ExecuteByTest_Sort(268)-638296114101131562.json" />
        <ResultFile path="LW-18560\SearchQuery-QueryableExtensionsTests_ExecuteByTest_Sort(266)-638296114100885747.json" />
      </ResultFiles>
    </UnitTestResult>
    <UnitTestResult executionId="f356aaad-5726-4bf0-818a-9bc464e3a710" testId="df4bddf2-6c83-9063-fdbb-0e843fdadc18" testName="ToEnumTest (Val2 , Val1,Val1, Val2)" computerName="LW-18560" duration="00:00:00.0000456" startTime="2023-09-06T15:36:44.7437498-04:00" endTime="2023-09-06T15:36:44.7443795-04:00" testType="13cdc9d9-ddb5-4fa4-a97d-d965ccfc6d4b" outcome="Passed" testListId="8c84fa94-04c1-424b-9868-57a2d4851a1d" relativeResultsDirectory="f356aaad-5726-4bf0-818a-9bc464e3a710" />
    <UnitTestResult executionId="34656814-4500-4e46-a46b-7040126f7a94" testId="b3ae80bf-1132-2f6b-1724-cfefeb1370e1" testName="VisitTest_EqualOperator (Hello,hello,True)" computerName="LW-18560" duration="00:00:00.0057539" startTime="2023-09-06T15:36:50.3175154-04:00" endTime="2023-09-06T15:36:50.3241205-04:00" testType="13cdc9d9-ddb5-4fa4-a97d-d965ccfc6d4b" outcome="Passed" testListId="8c84fa94-04c1-424b-9868-57a2d4851a1d" relativeResultsDirectory="34656814-4500-4e46-a46b-7040126f7a94">
      <Output>
        <StdOut>TestContext Messages:&#xD;
expression: e =&gt; (e == value(Eliassen.System.Tests.Linq.Expressions.StringComparisonReplacementExpressionVisitorTests+&lt;&gt;c__DisplayClass4_0).matched)&#xD;
visited: e =&gt; e.Equals(value(Eliassen.System.Tests.Linq.Expressions.StringComparisonReplacementExpressionVisitorTests+&lt;&gt;c__DisplayClass4_0).matched, CurrentCultureIgnoreCase)</StdOut>
      </Output>
    </UnitTestResult>
    <UnitTestResult executionId="28475e20-0d24-49ef-a723-dbc43ddc6dc1" testId="6e6b50bb-e15d-9947-f68c-994b4e368f58" testName="DeserializeTest_Value ({&quot;Nullable&quot;:null,&quot;Value&quot;:{&quot;$date&quot;:&quot;2023-07-05T14:17:05.2315812-04:00&quot;}},2023-07-05T14:17:05.2315812-04:00)" computerName="LW-18560" duration="00:00:00.0213602" startTime="2023-09-06T15:36:44.4629898-04:00" endTime="2023-09-06T15:36:44.4875974-04:00" testType="13cdc9d9-ddb5-4fa4-a97d-d965ccfc6d4b" outcome="Passed" testListId="8c84fa94-04c1-424b-9868-57a2d4851a1d" relativeResultsDirectory="28475e20-0d24-49ef-a723-dbc43ddc6dc1">
      <Output>
        <StdOut>TestContext Messages:&#xD;
input-BsonDateConverterTests_DeserializeTest_Value(79)-638296114044639191.json: Attached&#xD;
result-BsonDateConverterTests_DeserializeTest_Value(81)-638296114044684452.json: Attached</StdOut>
      </Output>
      <ResultFiles>
        <ResultFile path="LW-18560\input-BsonDateConverterTests_DeserializeTest_Value(79)-638296114044639191.json" />
        <ResultFile path="LW-18560\result-BsonDateConverterTests_DeserializeTest_Value(81)-638296114044684452.json" />
      </ResultFiles>
    </UnitTestResult>
    <UnitTestResult executionId="43a58880-9af5-41af-83da-5f77c4835146" testId="229af554-d2ce-adf0-ac16-208cd1c4d601" testName="VisitTest_Equals (Hello,hello,True)" computerName="LW-18560" duration="00:00:00.0177220" startTime="2023-09-06T15:36:50.3393159-04:00" endTime="2023-09-06T15:36:50.3576290-04:00" testType="13cdc9d9-ddb5-4fa4-a97d-d965ccfc6d4b" outcome="Passed" testListId="8c84fa94-04c1-424b-9868-57a2d4851a1d" relativeResultsDirectory="43a58880-9af5-41af-83da-5f77c4835146">
      <Output>
        <StdOut>Eliassen.System.Internal.ConsoleLogger`1[Eliassen.System.Linq.Expressions.StringComparisonReplacementExpressionVisitor]:Debug:&gt;&#xD;
	Replace: e.Equals(value(Eliassen.System.Tests.Linq.Expressions.StringComparisonReplacementExpressionVisitorTests+&lt;&gt;c__DisplayClass5_0).matched) with e.Equals(value(Eliassen.System.Tests.Linq.Expressions.StringComparisonReplacementExpressionVisitorTests+&lt;&gt;c__DisplayClass5_0).matched, CurrentCultureIgnoreCase)&#xD;
&#xD;
&#xD;
&#xD;
TestContext Messages:&#xD;
expression: e =&gt; e.Equals(value(Eliassen.System.Tests.Linq.Expressions.StringComparisonReplacementExpressionVisitorTests+&lt;&gt;c__DisplayClass5_0).matched)&#xD;
visited: e =&gt; e.Equals(value(Eliassen.System.Tests.Linq.Expressions.StringComparisonReplacementExpressionVisitorTests+&lt;&gt;c__DisplayClass5_0).matched, CurrentCultureIgnoreCase)</StdOut>
      </Output>
    </UnitTestResult>
    <UnitTestResult executionId="716f65c7-0765-49ce-bf05-3a1b4ace5ab8" testId="deef7ad8-cc1d-09cf-900c-db623c3eb404" testName="VisitTest_EndsWith (Hello,LO,True)" computerName="LW-18560" duration="00:00:00.0064610" startTime="2023-09-06T15:36:50.4346259-04:00" endTime="2023-09-06T15:36:50.4419923-04:00" testType="13cdc9d9-ddb5-4fa4-a97d-d965ccfc6d4b" outcome="Passed" testListId="8c84fa94-04c1-424b-9868-57a2d4851a1d" relativeResultsDirectory="716f65c7-0765-49ce-bf05-3a1b4ace5ab8">
      <Output>
        <StdOut>Eliassen.System.Internal.ConsoleLogger`1[Eliassen.System.Linq.Expressions.StringComparisonReplacementExpressionVisitor]:Debug:&gt;&#xD;
	Replace: e.EndsWith(value(Eliassen.System.Tests.Linq.Expressions.StringComparisonReplacementExpressionVisitorTests+&lt;&gt;c__DisplayClass8_0).matched) with e.EndsWith(value(Eliassen.System.Tests.Linq.Expressions.StringComparisonReplacementExpressionVisitorTests+&lt;&gt;c__DisplayClass8_0).matched, CurrentCultureIgnoreCase)&#xD;
&#xD;
&#xD;
&#xD;
TestContext Messages:&#xD;
expression: e =&gt; e.EndsWith(value(Eliassen.System.Tests.Linq.Expressions.StringComparisonReplacementExpressionVisitorTests+&lt;&gt;c__DisplayClass8_0).matched)&#xD;
visited: e =&gt; e.EndsWith(value(Eliassen.System.Tests.Linq.Expressions.StringComparisonReplacementExpressionVisitorTests+&lt;&gt;c__DisplayClass8_0).matched, CurrentCultureIgnoreCase)</StdOut>
      </Output>
    </UnitTestResult>
    <UnitTestResult executionId="4cf8c717-5faa-4db4-b8c6-0cb81af8cdec" testId="b6498f29-1231-5fcf-4954-1746daa0500d" testName="ExecuteByTest_Filter (Eliassen.System.Tests.Linq.TestTargets.TestTargetExtendedModel,Date,GreaterThan,3/1/2020,10,3,4,5,6,7,8,9,10,11,12)" computerName="LW-18560" duration="00:00:00.2115138" startTime="2023-09-06T15:36:45.2954178-04:00" endTime="2023-09-06T15:36:49.0762715-04:00" testType="13cdc9d9-ddb5-4fa4-a97d-d965ccfc6d4b" outcome="Passed" testListId="8c84fa94-04c1-424b-9868-57a2d4851a1d" relativeResultsDirectory="4cf8c717-5faa-4db4-b8c6-0cb81af8cdec">
      <Output>
        <StdOut>Eliassen.System.Internal.ConsoleLogger`1[Eliassen.System.Linq.Search.QueryBuilder]:Information:&gt;&#xD;
	Build query for CurrentPage: 0&#xD;
PageSize: 0&#xD;
ExcludePageCount: False&#xD;
SearchTerm: (null)&#xD;
	F:Date: GreaterThan: 3/1/2020&#xD;
&#xD;
Eliassen.System.Internal.ConsoleLogger`1[Eliassen.System.Linq.Search.QueryBuilder]:Information:&gt;&#xD;
	Execute (paged): System.Linq.Enumerable+SelectRangeIterator`1[Eliassen.System.Tests.Linq.TestTargets.TestTargetExtendedModel].Where(n =&gt; (n.Date &gt; 3/1/2020 12:00:00 AM)).OrderBy(_ =&gt; 0).Skip(0).Take(10)&#xD;
&#xD;
&#xD;
&#xD;
TestContext Messages:&#xD;
SearchQuery-QueryableExtensionsTests_ExecuteByTestFilter(121)-638296114074517799.json: Attached&#xD;
EnumerableQuery_1-QueryableExtensionsTests_ExecuteByTestFilter(123)-638296114074580086.json: Attached&#xD;
PagedQueryResult_1-QueryableExtensionsTests_ExecuteByTestFilter(125)-638296114076349760.json: Attached&#xD;
resultKeys: 3,4,5,6,7,8,9,10,11,12</StdOut>
        <StdErr>Eliassen.System.Internal.ConsoleLogger`1[Eliassen.System.Linq.Expressions.ExpressionTreeBuilder`1[Eliassen.System.Tests.Linq.TestTargets.TestTargetExtendedModel]]:Warning:&gt;&#xD;
	3/1/2020 parsed to 03/01/2020 00:00:00 (System.DateTime)&#xD;
Eliassen.System.Internal.ConsoleLogger`1[Eliassen.System.Linq.Search.SortBuilder`1[Eliassen.System.Tests.Linq.TestTargets.TestTargetExtendedModel]]:Warning:&gt;&#xD;
	Force sort by 0 applied for Eliassen.System.Tests.Linq.TestTargets.TestTargetExtendedModel</StdErr>
      </Output>
      <ResultFiles>
        <ResultFile path="LW-18560\EnumerableQuery_1-QueryableExtensionsTests_ExecuteByTestFilter(123)-638296114074580086.json" />
        <ResultFile path="LW-18560\PagedQueryResult_1-QueryableExtensionsTests_ExecuteByTestFilter(125)-638296114076349760.json" />
        <ResultFile path="LW-18560\SearchQuery-QueryableExtensionsTests_ExecuteByTestFilter(121)-638296114074517799.json" />
      </ResultFiles>
    </UnitTestResult>
    <UnitTestResult executionId="3bd778ac-c04c-4a3f-a194-bc9f8146abac" testId="7fd160bc-3b5b-e6e2-40ae-1974536260f2" testName="TryParseTest (System.Nullable`1[System.Guid],18AACB9C-2989-4322-A490-C7167BEA0DB4,True,18aacb9c-2989-4322-a490-c7167bea0db4)" computerName="LW-18560" duration="00:00:00.0008974" startTime="2023-09-06T15:36:44.9461477-04:00" endTime="2023-09-06T15:36:44.9605777-04:00" testType="13cdc9d9-ddb5-4fa4-a97d-d965ccfc6d4b" outcome="Passed" testListId="8c84fa94-04c1-424b-9868-57a2d4851a1d" relativeResultsDirectory="3bd778ac-c04c-4a3f-a194-bc9f8146abac" />
    <UnitTestResult executionId="5e682b28-4a22-4559-beea-f32181b413ab" testId="7fd160bc-3b5b-e6e2-40ae-1974536260f2" testName="TryParseTest (System.Double,1,True,1)" computerName="LW-18560" duration="00:00:00.0000444" startTime="2023-09-06T15:36:44.9461477-04:00" endTime="2023-09-06T15:36:44.9605777-04:00" testType="13cdc9d9-ddb5-4fa4-a97d-d965ccfc6d4b" outcome="Passed" testListId="8c84fa94-04c1-424b-9868-57a2d4851a1d" relativeResultsDirectory="5e682b28-4a22-4559-beea-f32181b413ab" />
    <UnitTestResult executionId="03e3b113-df87-46a8-8890-5d94be4266c3" testId="b6498f29-1231-5fcf-4954-1746daa0500d" testName="ExecuteByTest_Filter (Eliassen.System.Tests.Linq.TestTargets.TestTargetModel,Index,LessThanOrEqualTo,5,6,0,1,2,3,4,5)" computerName="LW-18560" duration="00:00:00.0508385" startTime="2023-09-06T15:36:45.2954178-04:00" endTime="2023-09-06T15:36:49.0762715-04:00" testType="13cdc9d9-ddb5-4fa4-a97d-d965ccfc6d4b" outcome="Passed" testListId="8c84fa94-04c1-424b-9868-57a2d4851a1d" relativeResultsDirectory="03e3b113-df87-46a8-8890-5d94be4266c3">
      <Output>
        <StdOut>Eliassen.System.Internal.ConsoleLogger`1[Eliassen.System.Linq.Search.QueryBuilder]:Information:&gt;&#xD;
	Build query for CurrentPage: 0&#xD;
PageSize: 0&#xD;
ExcludePageCount: False&#xD;
SearchTerm: (null)&#xD;
	F:Index: LessThanOrEqualTo: 5&#xD;
&#xD;
Eliassen.System.Internal.ConsoleLogger`1[Eliassen.System.Linq.Search.QueryBuilder]:Information:&gt;&#xD;
	Execute (paged): System.Linq.Enumerable+SelectRangeIterator`1[Eliassen.System.Tests.Linq.TestTargets.TestTargetModel].Where(n =&gt; (n.Index &lt;= 5)).OrderBy(_ =&gt; 0).Skip(0).Take(10)&#xD;
&#xD;
&#xD;
&#xD;
TestContext Messages:&#xD;
SearchQuery-QueryableExtensionsTests_ExecuteByTestFilter(121)-638296114066694854.json: Attached&#xD;
EnumerableQuery_1-QueryableExtensionsTests_ExecuteByTestFilter(123)-638296114066775806.json: Attached&#xD;
PagedQueryResult_1-QueryableExtensionsTests_ExecuteByTestFilter(125)-638296114067117047.json: Attached&#xD;
resultKeys: 0,1,2,3,4,5</StdOut>
        <StdErr>Eliassen.System.Internal.ConsoleLogger`1[Eliassen.System.Linq.Expressions.ExpressionTreeBuilder`1[Eliassen.System.Tests.Linq.TestTargets.TestTargetModel]]:Warning:&gt;&#xD;
	5 parsed to 5 (System.Int32)&#xD;
Eliassen.System.Internal.ConsoleLogger`1[Eliassen.System.Linq.Search.SortBuilder`1[Eliassen.System.Tests.Linq.TestTargets.TestTargetModel]]:Warning:&gt;&#xD;
	Force sort by 0 applied for Eliassen.System.Tests.Linq.TestTargets.TestTargetModel</StdErr>
      </Output>
      <ResultFiles>
        <ResultFile path="LW-18560\EnumerableQuery_1-QueryableExtensionsTests_ExecuteByTestFilter(123)-638296114066775806.json" />
        <ResultFile path="LW-18560\PagedQueryResult_1-QueryableExtensionsTests_ExecuteByTestFilter(125)-638296114067117047.json" />
        <ResultFile path="LW-18560\SearchQuery-QueryableExtensionsTests_ExecuteByTestFilter(121)-638296114066694854.json" />
      </ResultFiles>
    </UnitTestResult>
    <UnitTestResult executionId="973e9e51-d3bf-4c66-bbee-09644571d3e1" testId="92d311d0-315a-2b67-a035-7b4e08a07dd8" testName="VisitTest_Equals (Hello,,False)" computerName="LW-18560" duration="00:00:00.0018833" startTime="2023-09-06T15:36:50.3027187-04:00" endTime="2023-09-06T15:36:50.3051585-04:00" testType="13cdc9d9-ddb5-4fa4-a97d-d965ccfc6d4b" outcome="Passed" testListId="8c84fa94-04c1-424b-9868-57a2d4851a1d" relativeResultsDirectory="973e9e51-d3bf-4c66-bbee-09644571d3e1">
      <Output>
        <StdOut>TestContext Messages:&#xD;
expression: e =&gt; e.Equals(value(Eliassen.System.Tests.Linq.Expressions.SkipInstanceMethodOnNullExpressionVisitorTests+&lt;&gt;c__DisplayClass4_0).matched)&#xD;
visited: e =&gt; ((e != null) AndAlso e.Equals(value(Eliassen.System.Tests.Linq.Expressions.SkipInstanceMethodOnNullExpressionVisitorTests+&lt;&gt;c__DisplayClass4_0).matched))&#xD;
result: False</StdOut>
      </Output>
    </UnitTestResult>
    <UnitTestResult executionId="4c19b11e-9ac9-4c83-8b63-51f2a1965f34" testId="91d77318-d996-65cd-3067-4faead6c3eee" testName="ToEnumTest (name,WithEnumValue)" computerName="LW-18560" duration="00:00:00.0035999" startTime="2023-09-06T15:36:44.7890070-04:00" endTime="2023-09-06T15:36:44.7934324-04:00" testType="13cdc9d9-ddb5-4fa4-a97d-d965ccfc6d4b" outcome="Passed" testListId="8c84fa94-04c1-424b-9868-57a2d4851a1d" relativeResultsDirectory="4c19b11e-9ac9-4c83-8b63-51f2a1965f34" />
    <UnitTestResult executionId="aefc7f9c-b68f-4a8c-8a54-f8bdd6b364b8" testId="b6498f29-1231-5fcf-4954-1746daa0500d" testName="ExecuteByTest_Filter (Eliassen.System.Tests.Linq.TestTargets.TestTargetExtendedModel,DateTimeNullable,LessThan,2020-03-01T01:01:01.4356493+02:00,2,0,1)" computerName="LW-18560" duration="00:00:00.0697956" startTime="2023-09-06T15:36:45.2954178-04:00" endTime="2023-09-06T15:36:49.0762715-04:00" testType="13cdc9d9-ddb5-4fa4-a97d-d965ccfc6d4b" outcome="Passed" testListId="8c84fa94-04c1-424b-9868-57a2d4851a1d" relativeResultsDirectory="aefc7f9c-b68f-4a8c-8a54-f8bdd6b364b8">
      <Output>
        <StdOut>Eliassen.System.Internal.ConsoleLogger`1[Eliassen.System.Linq.Search.QueryBuilder]:Information:&gt;&#xD;
	Build query for CurrentPage: 0&#xD;
PageSize: 0&#xD;
ExcludePageCount: False&#xD;
SearchTerm: (null)&#xD;
	F:DateTimeNullable: LessThan: 2020-03-01T01:01:01.4356493+02:00&#xD;
&#xD;
Eliassen.System.Internal.ConsoleLogger`1[Eliassen.System.Linq.Search.QueryBuilder]:Information:&gt;&#xD;
	Execute (paged): System.Linq.Enumerable+SelectRangeIterator`1[Eliassen.System.Tests.Linq.TestTargets.TestTargetExtendedModel].Where(n =&gt; (n.DateTimeNullable &lt; Convert(2/29/2020 6:01:01 PM, Nullable`1))).OrderBy(_ =&gt; 0).Skip(0).Take(10)&#xD;
&#xD;
&#xD;
&#xD;
TestContext Messages:&#xD;
SearchQuery-QueryableExtensionsTests_ExecuteByTestFilter(121)-638296114080488267.json: Attached&#xD;
EnumerableQuery_1-QueryableExtensionsTests_ExecuteByTestFilter(123)-638296114080561030.json: Attached&#xD;
PagedQueryResult_1-QueryableExtensionsTests_ExecuteByTestFilter(125)-638296114081113832.json: Attached&#xD;
resultKeys: 0,1</StdOut>
        <StdErr>Eliassen.System.Internal.ConsoleLogger`1[Eliassen.System.Linq.Expressions.ExpressionTreeBuilder`1[Eliassen.System.Tests.Linq.TestTargets.TestTargetExtendedModel]]:Warning:&gt;&#xD;
	2020-03-01T01:01:01.4356493+02:00 parsed to 02/29/2020 18:01:01 (System.DateTime)&#xD;
Eliassen.System.Internal.ConsoleLogger`1[Eliassen.System.Linq.Search.SortBuilder`1[Eliassen.System.Tests.Linq.TestTargets.TestTargetExtendedModel]]:Warning:&gt;&#xD;
	Force sort by 0 applied for Eliassen.System.Tests.Linq.TestTargets.TestTargetExtendedModel</StdErr>
      </Output>
      <ResultFiles>
        <ResultFile path="LW-18560\EnumerableQuery_1-QueryableExtensionsTests_ExecuteByTestFilter(123)-638296114080561030.json" />
        <ResultFile path="LW-18560\PagedQueryResult_1-QueryableExtensionsTests_ExecuteByTestFilter(125)-638296114081113832.json" />
        <ResultFile path="LW-18560\SearchQuery-QueryableExtensionsTests_ExecuteByTestFilter(121)-638296114080488267.json" />
      </ResultFiles>
    </UnitTestResult>
    <UnitTestResult executionId="35f72859-95c2-48c1-94d0-4beb84993a22" testId="65b4a990-8424-f23f-9b61-155855edf172" testName="GetResourceFromJsonTest" computerName="LW-18560" duration="00:00:00.0013275" startTime="2023-09-06T15:36:45.2563446-04:00" endTime="2023-09-06T15:36:45.2580869-04:00" testType="13cdc9d9-ddb5-4fa4-a97d-d965ccfc6d4b" outcome="Passed" testListId="8c84fa94-04c1-424b-9868-57a2d4851a1d" relativeResultsDirectory="35f72859-95c2-48c1-94d0-4beb84993a22" />
    <UnitTestResult executionId="3f1c39a4-03b1-43d0-878b-c626b8f7cf99" testId="87bf3122-3ae3-a8ac-3e4c-303fc3bc4226" testName="ToEnumTest (3,Val1, Val2)" computerName="LW-18560" duration="00:00:00.0000896" startTime="2023-09-06T15:36:44.7649815-04:00" endTime="2023-09-06T15:36:44.7657314-04:00" testType="13cdc9d9-ddb5-4fa4-a97d-d965ccfc6d4b" outcome="Passed" testListId="8c84fa94-04c1-424b-9868-57a2d4851a1d" relativeResultsDirectory="3f1c39a4-03b1-43d0-878b-c626b8f7cf99" />
    <UnitTestResult executionId="dea91d0c-c71d-483a-bdaa-7b60ce4057d6" testId="7cdd2ae3-f105-0db6-4f1d-4db0ed6728a3" testName="DefaultPageSizeTest" computerName="LW-18560" duration="00:00:00.0020262" startTime="2023-09-06T15:36:45.2903961-04:00" endTime="2023-09-06T15:36:45.2931939-04:00" testType="13cdc9d9-ddb5-4fa4-a97d-d965ccfc6d4b" outcome="Passed" testListId="8c84fa94-04c1-424b-9868-57a2d4851a1d" relativeResultsDirectory="dea91d0c-c71d-483a-bdaa-7b60ce4057d6" />
    <UnitTestResult executionId="092500e3-27af-4767-b6be-8329404e63bf" testId="b6498f29-1231-5fcf-4954-1746daa0500d" testName="ExecuteByTest_Filter (Eliassen.System.Tests.Linq.TestTargets.TestTargetModel,Index,GreaterThan,995,4,996,997,998,999)" computerName="LW-18560" duration="00:00:00.0659591" startTime="2023-09-06T15:36:45.2954178-04:00" endTime="2023-09-06T15:36:49.0762715-04:00" testType="13cdc9d9-ddb5-4fa4-a97d-d965ccfc6d4b" outcome="Passed" testListId="8c84fa94-04c1-424b-9868-57a2d4851a1d" relativeResultsDirectory="092500e3-27af-4767-b6be-8329404e63bf">
      <Output>
        <StdOut>Eliassen.System.Internal.ConsoleLogger`1[Eliassen.System.Linq.Search.QueryBuilder]:Information:&gt;&#xD;
	Build query for CurrentPage: 0&#xD;
PageSize: 0&#xD;
ExcludePageCount: False&#xD;
SearchTerm: (null)&#xD;
	F:Index: GreaterThan: 995&#xD;
&#xD;
Eliassen.System.Internal.ConsoleLogger`1[Eliassen.System.Linq.Search.QueryBuilder]:Information:&gt;&#xD;
	Execute (paged): System.Linq.Enumerable+SelectRangeIterator`1[Eliassen.System.Tests.Linq.TestTargets.TestTargetModel].Where(n =&gt; (n.Index &gt; 995)).OrderBy(_ =&gt; 0).Skip(0).Take(10)&#xD;
&#xD;
&#xD;
&#xD;
TestContext Messages:&#xD;
SearchQuery-QueryableExtensionsTests_ExecuteByTestFilter(121)-638296114067208401.json: Attached&#xD;
EnumerableQuery_1-QueryableExtensionsTests_ExecuteByTestFilter(123)-638296114067293994.json: Attached&#xD;
PagedQueryResult_1-QueryableExtensionsTests_ExecuteByTestFilter(125)-638296114067738347.json: Attached&#xD;
resultKeys: 996,997,998,999</StdOut>
        <StdErr>Eliassen.System.Internal.ConsoleLogger`1[Eliassen.System.Linq.Expressions.ExpressionTreeBuilder`1[Eliassen.System.Tests.Linq.TestTargets.TestTargetModel]]:Warning:&gt;&#xD;
	995 parsed to 995 (System.Int32)&#xD;
Eliassen.System.Internal.ConsoleLogger`1[Eliassen.System.Linq.Search.SortBuilder`1[Eliassen.System.Tests.Linq.TestTargets.TestTargetModel]]:Warning:&gt;&#xD;
	Force sort by 0 applied for Eliassen.System.Tests.Linq.TestTargets.TestTargetModel</StdErr>
      </Output>
      <ResultFiles>
        <ResultFile path="LW-18560\EnumerableQuery_1-QueryableExtensionsTests_ExecuteByTestFilter(123)-638296114067293994.json" />
        <ResultFile path="LW-18560\PagedQueryResult_1-QueryableExtensionsTests_ExecuteByTestFilter(125)-638296114067738347.json" />
        <ResultFile path="LW-18560\SearchQuery-QueryableExtensionsTests_ExecuteByTestFilter(121)-638296114067208401.json" />
      </ResultFiles>
    </UnitTestResult>
    <UnitTestResult executionId="d86630fe-a77a-4a71-bb4d-c094793a8e2e" testId="b6498f29-1231-5fcf-4954-1746daa0500d" testName="ExecuteByTest_Filter (Eliassen.System.Tests.Linq.TestTargets.TestTargetModel,Name,NotEqualTo,*e2*,10,0,1,3,4,5,6,7,8,9,10)" computerName="LW-18560" duration="00:00:00.0830266" startTime="2023-09-06T15:36:45.2954178-04:00" endTime="2023-09-06T15:36:49.0762715-04:00" testType="13cdc9d9-ddb5-4fa4-a97d-d965ccfc6d4b" outcome="Passed" testListId="8c84fa94-04c1-424b-9868-57a2d4851a1d" relativeResultsDirectory="d86630fe-a77a-4a71-bb4d-c094793a8e2e">
      <Output>
        <StdOut>Eliassen.System.Internal.ConsoleLogger`1[Eliassen.System.Linq.Search.QueryBuilder]:Information:&gt;&#xD;
	Build query for CurrentPage: 0&#xD;
PageSize: 0&#xD;
ExcludePageCount: False&#xD;
SearchTerm: (null)&#xD;
	F:Name: NotEqualTo: *e2*&#xD;
&#xD;
Eliassen.System.Internal.ConsoleLogger`1[Eliassen.System.Linq.Search.QueryBuilder]:Information:&gt;&#xD;
	Execute (paged): System.Linq.Enumerable+SelectRangeIterator`1[Eliassen.System.Tests.Linq.TestTargets.TestTargetModel].Where(n =&gt; Not(n.Name.Contains("e2"))).OrderBy(_ =&gt; 0).Skip(0).Take(10)&#xD;
&#xD;
&#xD;
&#xD;
TestContext Messages:&#xD;
SearchQuery-QueryableExtensionsTests_ExecuteByTestFilter(121)-638296114072496838.json: Attached&#xD;
EnumerableQuery_1-QueryableExtensionsTests_ExecuteByTestFilter(123)-638296114072625290.json: Attached&#xD;
PagedQueryResult_1-QueryableExtensionsTests_ExecuteByTestFilter(125)-638296114073185525.json: Attached&#xD;
resultKeys: 0,1,3,4,5,6,7,8,9,10</StdOut>
        <StdErr>Eliassen.System.Internal.ConsoleLogger`1[Eliassen.System.Linq.Search.SortBuilder`1[Eliassen.System.Tests.Linq.TestTargets.TestTargetModel]]:Warning:&gt;&#xD;
	Force sort by 0 applied for Eliassen.System.Tests.Linq.TestTargets.TestTargetModel</StdErr>
      </Output>
      <ResultFiles>
        <ResultFile path="LW-18560\EnumerableQuery_1-QueryableExtensionsTests_ExecuteByTestFilter(123)-638296114072625290.json" />
        <ResultFile path="LW-18560\PagedQueryResult_1-QueryableExtensionsTests_ExecuteByTestFilter(125)-638296114073185525.json" />
        <ResultFile path="LW-18560\SearchQuery-QueryableExtensionsTests_ExecuteByTestFilter(121)-638296114072496838.json" />
      </ResultFiles>
    </UnitTestResult>
    <UnitTestResult executionId="ec578e96-e78f-4c29-b3f1-44c63f48670b" testId="e350703c-47df-56f0-b995-a52c38b53eca" testName="MakeSafeTest (System.Int32,1,1)" computerName="LW-18560" duration="00:00:00.0003815" startTime="2023-09-06T15:36:44.8358129-04:00" endTime="2023-09-06T15:36:44.8942915-04:00" testType="13cdc9d9-ddb5-4fa4-a97d-d965ccfc6d4b" outcome="Passed" testListId="8c84fa94-04c1-424b-9868-57a2d4851a1d" relativeResultsDirectory="ec578e96-e78f-4c29-b3f1-44c63f48670b" />
    <UnitTestResult executionId="894960ef-3a4c-4161-8a86-8ffef3fc505f" testId="7fd160bc-3b5b-e6e2-40ae-1974536260f2" testName="TryParseTest (System.Nullable`1[System.Double],1,True,1)" computerName="LW-18560" duration="00:00:00.0000256" startTime="2023-09-06T15:36:44.9461477-04:00" endTime="2023-09-06T15:36:44.9605777-04:00" testType="13cdc9d9-ddb5-4fa4-a97d-d965ccfc6d4b" outcome="Passed" testListId="8c84fa94-04c1-424b-9868-57a2d4851a1d" relativeResultsDirectory="894960ef-3a4c-4161-8a86-8ffef3fc505f" />
    <UnitTestResult executionId="c6ca914d-9822-45eb-b307-13b222161b2a" testId="b6498f29-1231-5fcf-4954-1746daa0500d" testName="ExecuteByTest_Filter (Eliassen.System.Tests.Linq.TestTargets.TestTargetWithInnerArrayModel,Children,EqualTo,*001,10,2,3,4,5,6,7,8,9,12,13)" computerName="LW-18560" duration="00:00:00.1571384" startTime="2023-09-06T15:36:45.2954178-04:00" endTime="2023-09-06T15:36:49.0762715-04:00" testType="13cdc9d9-ddb5-4fa4-a97d-d965ccfc6d4b" outcome="Passed" testListId="8c84fa94-04c1-424b-9868-57a2d4851a1d" relativeResultsDirectory="c6ca914d-9822-45eb-b307-13b222161b2a">
      <Output>
        <StdOut>Eliassen.System.Internal.ConsoleLogger`1[Eliassen.System.Linq.Search.QueryBuilder]:Information:&gt;&#xD;
	Build query for CurrentPage: 0&#xD;
PageSize: 0&#xD;
ExcludePageCount: False&#xD;
SearchTerm: (null)&#xD;
	F:Children: EqualTo: *001&#xD;
&#xD;
Eliassen.System.Internal.ConsoleLogger`1[Eliassen.System.Linq.Search.QueryBuilder]:Information:&gt;&#xD;
	Execute (paged): System.Linq.Enumerable+SelectRangeIterator`1[Eliassen.System.Tests.Linq.TestTargets.TestTargetWithInnerArrayModel].Where(n =&gt; n.Children.Any(child =&gt; child.EndsWith("001"))).OrderBy(_ =&gt; 0).Skip(0).Take(10)&#xD;
&#xD;
&#xD;
&#xD;
TestContext Messages:&#xD;
SearchQuery-QueryableExtensionsTests_ExecuteByTestFilter(121)-638296114083405928.json: Attached&#xD;
EnumerableQuery_1-QueryableExtensionsTests_ExecuteByTestFilter(123)-638296114083494448.json: Attached&#xD;
PagedQueryResult_1-QueryableExtensionsTests_ExecuteByTestFilter(125)-638296114084730734.json: Attached&#xD;
resultKeys: 2,3,4,5,6,7,8,9,12,13</StdOut>
        <StdErr>Eliassen.System.Internal.ConsoleLogger`1[Eliassen.System.Linq.Search.SortBuilder`1[Eliassen.System.Tests.Linq.TestTargets.TestTargetWithInnerArrayModel]]:Warning:&gt;&#xD;
	Force sort by 0 applied for Eliassen.System.Tests.Linq.TestTargets.TestTargetWithInnerArrayModel</StdErr>
      </Output>
      <ResultFiles>
        <ResultFile path="LW-18560\EnumerableQuery_1-QueryableExtensionsTests_ExecuteByTestFilter(123)-638296114083494448.json" />
        <ResultFile path="LW-18560\PagedQueryResult_1-QueryableExtensionsTests_ExecuteByTestFilter(125)-638296114084730734.json" />
        <ResultFile path="LW-18560\SearchQuery-QueryableExtensionsTests_ExecuteByTestFilter(121)-638296114083405928.json" />
      </ResultFiles>
    </UnitTestResult>
    <UnitTestResult executionId="ee51578e-251f-40df-b4a1-0a3c44274d0f" testId="f90f5d2f-9a6e-b4bc-022c-ce37e3e49a29" testName="GetSortablePropertyNamesTest_TestTargetModel" computerName="LW-18560" duration="00:00:00.0058847" startTime="2023-09-06T15:36:50.1884688-04:00" endTime="2023-09-06T15:36:50.1948221-04:00" testType="13cdc9d9-ddb5-4fa4-a97d-d965ccfc6d4b" outcome="Passed" testListId="8c84fa94-04c1-424b-9868-57a2d4851a1d" relativeResultsDirectory="ee51578e-251f-40df-b4a1-0a3c44274d0f" />
    <UnitTestResult executionId="69fa66d0-60ba-4695-b6f6-137798f8e8db" testId="e350703c-47df-56f0-b995-a52c38b53eca" testName="MakeSafeTest (System.Nullable`1[System.Int32],nope,)" computerName="LW-18560" duration="00:00:00.0007813" startTime="2023-09-06T15:36:44.8358129-04:00" endTime="2023-09-06T15:36:44.8942915-04:00" testType="13cdc9d9-ddb5-4fa4-a97d-d965ccfc6d4b" outcome="Passed" testListId="8c84fa94-04c1-424b-9868-57a2d4851a1d" relativeResultsDirectory="69fa66d0-60ba-4695-b6f6-137798f8e8db" />
    <UnitTestResult executionId="b642dfb9-9811-414f-8807-64de301b399c" testId="c07bd30b-1999-489c-e66f-17f7d59077a7" testName="SerializeTest_Nullable" computerName="LW-18560" duration="00:00:00.3275359" startTime="2023-09-06T15:36:43.8183126-04:00" endTime="2023-09-06T15:36:44.2405651-04:00" testType="13cdc9d9-ddb5-4fa4-a97d-d965ccfc6d4b" outcome="Passed" testListId="8c84fa94-04c1-424b-9868-57a2d4851a1d" relativeResultsDirectory="b642dfb9-9811-414f-8807-64de301b399c">
      <Output>
        <StdOut>TestContext Messages:&#xD;
result-BsonDateConverterTests_SerializeTest_Nullable(26)-638296114041634007.json: Attached&#xD;
2023-09-06T15:36:43.9080291-04:00</StdOut>
      </Output>
      <ResultFiles>
        <ResultFile path="LW-18560\result-BsonDateConverterTests_SerializeTest_Nullable(26)-638296114041634007.json" />
      </ResultFiles>
    </UnitTestResult>
    <UnitTestResult executionId="d00b5055-9dba-49eb-9d7f-912f0ba290a9" testId="8f0103dc-5a8a-3e35-6865-4829fc000599" testName="ToEnumTest (Val2,Val2)" computerName="LW-18560" duration="00:00:00.0000431" startTime="2023-09-06T15:36:44.7082898-04:00" endTime="2023-09-06T15:36:44.7090604-04:00" testType="13cdc9d9-ddb5-4fa4-a97d-d965ccfc6d4b" outcome="Passed" testListId="8c84fa94-04c1-424b-9868-57a2d4851a1d" relativeResultsDirectory="d00b5055-9dba-49eb-9d7f-912f0ba290a9" />
    <UnitTestResult executionId="e194c7b7-bf0d-4e1c-b171-9aca7ff2d8b4" testId="94eba969-c82f-9e81-1248-494bdd4f32c8" testName="GetSearchablePropertyNames_TestTarget3Model" computerName="LW-18560" duration="00:00:00.0017549" startTime="2023-09-06T15:36:50.1832998-04:00" endTime="2023-09-06T15:36:50.1855782-04:00" testType="13cdc9d9-ddb5-4fa4-a97d-d965ccfc6d4b" outcome="Passed" testListId="8c84fa94-04c1-424b-9868-57a2d4851a1d" relativeResultsDirectory="e194c7b7-bf0d-4e1c-b171-9aca7ff2d8b4" />
    <UnitTestResult executionId="0504a151-1c9b-4e51-9c21-f2e6eeace317" testId="5745a05f-6078-14a6-d124-e23b5e51504a" testName="GetResourceStreamTest" computerName="LW-18560" duration="00:00:00.0020148" startTime="2023-09-06T15:36:44.9937339-04:00" endTime="2023-09-06T15:36:44.9962670-04:00" testType="13cdc9d9-ddb5-4fa4-a97d-d965ccfc6d4b" outcome="Passed" testListId="8c84fa94-04c1-424b-9868-57a2d4851a1d" relativeResultsDirectory="0504a151-1c9b-4e51-9c21-f2e6eeace317" />
    <UnitTestResult executionId="e65a0354-9994-455c-a66d-aad8e8f3077b" testId="e350703c-47df-56f0-b995-a52c38b53eca" testName="MakeSafeTest (System.String,Hello World,Hello World)" computerName="LW-18560" duration="00:00:00.0044042" startTime="2023-09-06T15:36:44.8358129-04:00" endTime="2023-09-06T15:36:44.8942915-04:00" testType="13cdc9d9-ddb5-4fa4-a97d-d965ccfc6d4b" outcome="Passed" testListId="8c84fa94-04c1-424b-9868-57a2d4851a1d" relativeResultsDirectory="e65a0354-9994-455c-a66d-aad8e8f3077b" />
    <UnitTestResult executionId="b6ea535d-0327-4b20-b6a7-e4792f951aaa" testId="7fd160bc-3b5b-e6e2-40ae-1974536260f2" testName="TryParseTest (System.Nullable`1[System.Guid],nope,False,)" computerName="LW-18560" duration="00:00:00.0003476" startTime="2023-09-06T15:36:44.9461477-04:00" endTime="2023-09-06T15:36:44.9605777-04:00" testType="13cdc9d9-ddb5-4fa4-a97d-d965ccfc6d4b" outcome="Passed" testListId="8c84fa94-04c1-424b-9868-57a2d4851a1d" relativeResultsDirectory="b6ea535d-0327-4b20-b6a7-e4792f951aaa" />
    <UnitTestResult executionId="4da09efd-0b57-42bd-a8ff-db9fb7df806f" testId="e350703c-47df-56f0-b995-a52c38b53eca" testName="MakeSafeTest (System.DateTime,3/16/2022,3/16/2022 12:00:00 AM)" computerName="LW-18560" duration="00:00:00.0011414" startTime="2023-09-06T15:36:44.8358129-04:00" endTime="2023-09-06T15:36:44.8942915-04:00" testType="13cdc9d9-ddb5-4fa4-a97d-d965ccfc6d4b" outcome="Passed" testListId="8c84fa94-04c1-424b-9868-57a2d4851a1d" relativeResultsDirectory="4da09efd-0b57-42bd-a8ff-db9fb7df806f" />
    <UnitTestResult executionId="dfc6510d-ce21-4689-9100-3345fc99c3f2" testId="8da0fbaf-acd6-9154-0805-f306ce39ad46" testName="SerializeTest_Value" computerName="LW-18560" duration="00:00:00.0166475" startTime="2023-09-06T15:36:44.2941943-04:00" endTime="2023-09-06T15:36:44.3134270-04:00" testType="13cdc9d9-ddb5-4fa4-a97d-d965ccfc6d4b" outcome="Passed" testListId="8c84fa94-04c1-424b-9868-57a2d4851a1d" relativeResultsDirectory="dfc6510d-ce21-4689-9100-3345fc99c3f2">
      <Output>
        <StdOut>TestContext Messages:&#xD;
result-BsonDateConverterTests_SerializeTest_Value(48)-638296114042970840.json: Attached&#xD;
2023-09-06T15:36:44.2964562-04:00</StdOut>
      </Output>
      <ResultFiles>
        <ResultFile path="LW-18560\result-BsonDateConverterTests_SerializeTest_Value(48)-638296114042970840.json" />
      </ResultFiles>
    </UnitTestResult>
    <UnitTestResult executionId="019e2464-56de-4d4c-b4df-e054c6aa0769" testId="2f56b32e-ea97-c552-8dea-074dcb4e0dc0" testName="MakeSafeArrayTest (System.String,System.Object[],System.String[])" computerName="LW-18560" duration="00:00:00.0006355" startTime="2023-09-06T15:36:44.9294076-04:00" endTime="2023-09-06T15:36:44.9440116-04:00" testType="13cdc9d9-ddb5-4fa4-a97d-d965ccfc6d4b" outcome="Passed" testListId="8c84fa94-04c1-424b-9868-57a2d4851a1d" relativeResultsDirectory="019e2464-56de-4d4c-b4df-e054c6aa0769" />
    <UnitTestResult executionId="1c80543e-501b-4a88-a89f-6ed44b43b332" testId="fadb4f6c-05af-af9e-474c-2d9ef6006aad" testName="ExecuteByTest_Sort (NAME,Descending,999,998,997,996,995,994,993,992,991,990)" computerName="LW-18560" duration="00:00:00.0675779" startTime="2023-09-06T15:36:50.0155352-04:00" endTime="2023-09-06T15:36:50.0840656-04:00" testType="13cdc9d9-ddb5-4fa4-a97d-d965ccfc6d4b" outcome="Passed" testListId="8c84fa94-04c1-424b-9868-57a2d4851a1d" relativeResultsDirectory="1c80543e-501b-4a88-a89f-6ed44b43b332">
      <Output>
        <StdOut>Eliassen.System.Internal.ConsoleLogger`1[Eliassen.System.Linq.Search.QueryBuilder]:Information:&gt;&#xD;
	Build query for CurrentPage: 0&#xD;
PageSize: 0&#xD;
ExcludePageCount: False&#xD;
SearchTerm: (null)&#xD;
	S:NAME: Descending&#xD;
&#xD;
Eliassen.System.Internal.ConsoleLogger`1[Eliassen.System.Linq.Search.QueryBuilder]:Information:&gt;&#xD;
	Execute (paged): System.Linq.Enumerable+SelectRangeIterator`1[Eliassen.System.Tests.Linq.TestTargets.TestTargetModel].OrderByDescending(n =&gt; n.Name).Skip(0).Take(10)&#xD;
&#xD;
&#xD;
&#xD;
TestContext Messages:&#xD;
SearchQuery-QueryableExtensionsTests_ExecuteByTest_Sort(266)-638296114100160949.json: Attached&#xD;
PagedQueryResult_1-QueryableExtensionsTests_ExecuteByTest_Sort(268)-638296114100516249.json: Attached</StdOut>
        <StdErr>Eliassen.System.Internal.ConsoleLogger`1[Eliassen.System.Linq.Search.QueryBuilder]:Warning:&gt;&#xD;
	No filtering detected: System.Linq.Enumerable+SelectRangeIterator`1[Eliassen.System.Tests.Linq.TestTargets.TestTargetModel]: CurrentPage: 0&#xD;
PageSize: 0&#xD;
ExcludePageCount: False&#xD;
SearchTerm: (null)&#xD;
	S:NAME: Descending</StdErr>
      </Output>
      <ResultFiles>
        <ResultFile path="LW-18560\PagedQueryResult_1-QueryableExtensionsTests_ExecuteByTest_Sort(268)-638296114100516249.json" />
        <ResultFile path="LW-18560\SearchQuery-QueryableExtensionsTests_ExecuteByTest_Sort(266)-638296114100160949.json" />
      </ResultFiles>
    </UnitTestResult>
    <UnitTestResult executionId="88584735-5d99-498d-8873-823c9174d070" testId="2969f79f-d299-0212-4f68-fb950747593e" testName="VisitTest_Equals (Hello,HELLO,True)" computerName="LW-18560" duration="00:00:00.0032745" startTime="2023-09-06T15:36:50.3631754-04:00" endTime="2023-09-06T15:36:50.3675063-04:00" testType="13cdc9d9-ddb5-4fa4-a97d-d965ccfc6d4b" outcome="Passed" testListId="8c84fa94-04c1-424b-9868-57a2d4851a1d" relativeResultsDirectory="88584735-5d99-498d-8873-823c9174d070">
      <Output>
        <StdOut>Eliassen.System.Internal.ConsoleLogger`1[Eliassen.System.Linq.Expressions.StringComparisonReplacementExpressionVisitor]:Debug:&gt;&#xD;
	Replace: e.Equals(value(Eliassen.System.Tests.Linq.Expressions.StringComparisonReplacementExpressionVisitorTests+&lt;&gt;c__DisplayClass5_0).matched) with e.Equals(value(Eliassen.System.Tests.Linq.Expressions.StringComparisonReplacementExpressionVisitorTests+&lt;&gt;c__DisplayClass5_0).matched, CurrentCultureIgnoreCase)&#xD;
&#xD;
&#xD;
&#xD;
TestContext Messages:&#xD;
expression: e =&gt; e.Equals(value(Eliassen.System.Tests.Linq.Expressions.StringComparisonReplacementExpressionVisitorTests+&lt;&gt;c__DisplayClass5_0).matched)&#xD;
visited: e =&gt; e.Equals(value(Eliassen.System.Tests.Linq.Expressions.StringComparisonReplacementExpressionVisitorTests+&lt;&gt;c__DisplayClass5_0).matched, CurrentCultureIgnoreCase)</StdOut>
      </Output>
    </UnitTestResult>
    <UnitTestResult executionId="3c4fbc01-b921-4b33-a61b-7e3922a31499" testId="9ff710c6-f803-586a-c1b9-f2f68b12da51" testName="ToEnumTest (Val2 ,Val1,Val1, Val2)" computerName="LW-18560" duration="00:00:00.0000419" startTime="2023-09-06T15:36:44.7466490-04:00" endTime="2023-09-06T15:36:44.7472602-04:00" testType="13cdc9d9-ddb5-4fa4-a97d-d965ccfc6d4b" outcome="Passed" testListId="8c84fa94-04c1-424b-9868-57a2d4851a1d" relativeResultsDirectory="3c4fbc01-b921-4b33-a61b-7e3922a31499" />
    <UnitTestResult executionId="df08cca9-62ca-45b1-bb1a-cd0badde09ad" testId="e350703c-47df-56f0-b995-a52c38b53eca" testName="MakeSafeTest (System.Nullable`1[System.Int32],1,1)" computerName="LW-18560" duration="00:00:00.0010331" startTime="2023-09-06T15:36:44.8358129-04:00" endTime="2023-09-06T15:36:44.8942915-04:00" testType="13cdc9d9-ddb5-4fa4-a97d-d965ccfc6d4b" outcome="Passed" testListId="8c84fa94-04c1-424b-9868-57a2d4851a1d" relativeResultsDirectory="df08cca9-62ca-45b1-bb1a-cd0badde09ad" />
    <UnitTestResult executionId="2b35057d-e1d2-4f0a-a9f4-43ca05d266ba" testId="e350703c-47df-56f0-b995-a52c38b53eca" testName="MakeSafeTest (System.Double,nope,)" computerName="LW-18560" duration="00:00:00.0006217" startTime="2023-09-06T15:36:44.8358129-04:00" endTime="2023-09-06T15:36:44.8942915-04:00" testType="13cdc9d9-ddb5-4fa4-a97d-d965ccfc6d4b" outcome="Passed" testListId="8c84fa94-04c1-424b-9868-57a2d4851a1d" relativeResultsDirectory="2b35057d-e1d2-4f0a-a9f4-43ca05d266ba" />
    <UnitTestResult executionId="6fa85ef3-bde5-44cd-84b6-40313b19a4a7" testId="b6498f29-1231-5fcf-4954-1746daa0500d" testName="ExecuteByTest_Filter (Eliassen.System.Tests.Linq.TestTargets.TestTargetModel,Index,LessThan,5,5,0,1,2,3,4)" computerName="LW-18560" duration="00:00:00.0588356" startTime="2023-09-06T15:36:45.2954178-04:00" endTime="2023-09-06T15:36:49.0762715-04:00" testType="13cdc9d9-ddb5-4fa4-a97d-d965ccfc6d4b" outcome="Passed" testListId="8c84fa94-04c1-424b-9868-57a2d4851a1d" relativeResultsDirectory="6fa85ef3-bde5-44cd-84b6-40313b19a4a7">
      <Output>
        <StdOut>Eliassen.System.Internal.ConsoleLogger`1[Eliassen.System.Linq.Search.QueryBuilder]:Information:&gt;&#xD;
	Build query for CurrentPage: 0&#xD;
PageSize: 0&#xD;
ExcludePageCount: False&#xD;
SearchTerm: (null)&#xD;
	F:Index: LessThan: 5&#xD;
&#xD;
Eliassen.System.Internal.ConsoleLogger`1[Eliassen.System.Linq.Search.QueryBuilder]:Information:&gt;&#xD;
	Execute (paged): System.Linq.Enumerable+SelectRangeIterator`1[Eliassen.System.Tests.Linq.TestTargets.TestTargetModel].Where(n =&gt; (n.Index &lt; 5)).OrderBy(_ =&gt; 0).Skip(0).Take(10)&#xD;
&#xD;
&#xD;
&#xD;
TestContext Messages:&#xD;
SearchQuery-QueryableExtensionsTests_ExecuteByTestFilter(121)-638296114066105990.json: Attached&#xD;
EnumerableQuery_1-QueryableExtensionsTests_ExecuteByTestFilter(123)-638296114066194158.json: Attached&#xD;
PagedQueryResult_1-QueryableExtensionsTests_ExecuteByTestFilter(125)-638296114066609129.json: Attached&#xD;
resultKeys: 0,1,2,3,4</StdOut>
        <StdErr>Eliassen.System.Internal.ConsoleLogger`1[Eliassen.System.Linq.Expressions.ExpressionTreeBuilder`1[Eliassen.System.Tests.Linq.TestTargets.TestTargetModel]]:Warning:&gt;&#xD;
	5 parsed to 5 (System.Int32)&#xD;
Eliassen.System.Internal.ConsoleLogger`1[Eliassen.System.Linq.Search.SortBuilder`1[Eliassen.System.Tests.Linq.TestTargets.TestTargetModel]]:Warning:&gt;&#xD;
	Force sort by 0 applied for Eliassen.System.Tests.Linq.TestTargets.TestTargetModel</StdErr>
      </Output>
      <ResultFiles>
        <ResultFile path="LW-18560\EnumerableQuery_1-QueryableExtensionsTests_ExecuteByTestFilter(123)-638296114066194158.json" />
        <ResultFile path="LW-18560\PagedQueryResult_1-QueryableExtensionsTests_ExecuteByTestFilter(125)-638296114066609129.json" />
        <ResultFile path="LW-18560\SearchQuery-QueryableExtensionsTests_ExecuteByTestFilter(121)-638296114066105990.json" />
      </ResultFiles>
    </UnitTestResult>
    <UnitTestResult executionId="3f07b155-dc64-4d5a-b51b-d9fa51ffccf3" testId="a29d2822-126a-1900-33c2-f20f68d10c99" testName="ToEnumTest (,)" computerName="LW-18560" duration="00:00:00.0065284" startTime="2023-09-06T15:36:44.6880616-04:00" endTime="2023-09-06T15:36:44.6951149-04:00" testType="13cdc9d9-ddb5-4fa4-a97d-d965ccfc6d4b" outcome="Passed" testListId="8c84fa94-04c1-424b-9868-57a2d4851a1d" relativeResultsDirectory="3f07b155-dc64-4d5a-b51b-d9fa51ffccf3" />
    <UnitTestResult executionId="333bdd4e-77c1-442c-8207-f2e908c4a1ac" testId="7fd160bc-3b5b-e6e2-40ae-1974536260f2" testName="TryParseTest (System.Int32,nope,False,)" computerName="LW-18560" duration="00:00:00.0002864" startTime="2023-09-06T15:36:44.9461477-04:00" endTime="2023-09-06T15:36:44.9605777-04:00" testType="13cdc9d9-ddb5-4fa4-a97d-d965ccfc6d4b" outcome="Passed" testListId="8c84fa94-04c1-424b-9868-57a2d4851a1d" relativeResultsDirectory="333bdd4e-77c1-442c-8207-f2e908c4a1ac" />
    <UnitTestResult executionId="2c944868-c762-4969-ab3d-624ba4dfdd95" testId="e350703c-47df-56f0-b995-a52c38b53eca" testName="MakeSafeTest (System.String,1,1)" computerName="LW-18560" duration="00:00:00.0009598" startTime="2023-09-06T15:36:44.8358129-04:00" endTime="2023-09-06T15:36:44.8942915-04:00" testType="13cdc9d9-ddb5-4fa4-a97d-d965ccfc6d4b" outcome="Passed" testListId="8c84fa94-04c1-424b-9868-57a2d4851a1d" relativeResultsDirectory="2c944868-c762-4969-ab3d-624ba4dfdd95" />
    <UnitTestResult executionId="e297204c-5b50-47d6-9a54-8dc4a3a871bc" testId="b6498f29-1231-5fcf-4954-1746daa0500d" testName="ExecuteByTest_Filter (Eliassen.System.Tests.Linq.TestTargets.TestTargetModel,Name,NotEqualTo,*3,10,0,1,2,4,5,6,7,8,9,10)" computerName="LW-18560" duration="00:00:00.0928869" startTime="2023-09-06T15:36:45.2954178-04:00" endTime="2023-09-06T15:36:49.0762715-04:00" testType="13cdc9d9-ddb5-4fa4-a97d-d965ccfc6d4b" outcome="Passed" testListId="8c84fa94-04c1-424b-9868-57a2d4851a1d" relativeResultsDirectory="e297204c-5b50-47d6-9a54-8dc4a3a871bc">
      <Output>
        <StdOut>Eliassen.System.Internal.ConsoleLogger`1[Eliassen.System.Linq.Search.QueryBuilder]:Information:&gt;&#xD;
	Build query for CurrentPage: 0&#xD;
PageSize: 0&#xD;
ExcludePageCount: False&#xD;
SearchTerm: (null)&#xD;
	F:Name: NotEqualTo: *3&#xD;
&#xD;
Eliassen.System.Internal.ConsoleLogger`1[Eliassen.System.Linq.Search.QueryBuilder]:Information:&gt;&#xD;
	Execute (paged): System.Linq.Enumerable+SelectRangeIterator`1[Eliassen.System.Tests.Linq.TestTargets.TestTargetModel].Where(n =&gt; Not(n.Name.EndsWith("3"))).OrderBy(_ =&gt; 0).Skip(0).Take(10)&#xD;
&#xD;
&#xD;
&#xD;
TestContext Messages:&#xD;
SearchQuery-QueryableExtensionsTests_ExecuteByTestFilter(121)-638296114071569927.json: Attached&#xD;
EnumerableQuery_1-QueryableExtensionsTests_ExecuteByTestFilter(123)-638296114071638414.json: Attached&#xD;
PagedQueryResult_1-QueryableExtensionsTests_ExecuteByTestFilter(125)-638296114072307365.json: Attached&#xD;
resultKeys: 0,1,2,4,5,6,7,8,9,10</StdOut>
        <StdErr>Eliassen.System.Internal.ConsoleLogger`1[Eliassen.System.Linq.Search.SortBuilder`1[Eliassen.System.Tests.Linq.TestTargets.TestTargetModel]]:Warning:&gt;&#xD;
	Force sort by 0 applied for Eliassen.System.Tests.Linq.TestTargets.TestTargetModel</StdErr>
      </Output>
      <ResultFiles>
        <ResultFile path="LW-18560\EnumerableQuery_1-QueryableExtensionsTests_ExecuteByTestFilter(123)-638296114071638414.json" />
        <ResultFile path="LW-18560\PagedQueryResult_1-QueryableExtensionsTests_ExecuteByTestFilter(125)-638296114072307365.json" />
        <ResultFile path="LW-18560\SearchQuery-QueryableExtensionsTests_ExecuteByTestFilter(121)-638296114071569927.json" />
      </ResultFiles>
    </UnitTestResult>
    <UnitTestResult executionId="b75a12e1-39eb-4e93-a285-efbf5090113f" testId="b6498f29-1231-5fcf-4954-1746daa0500d" testName="ExecuteByTest_Filter (Eliassen.System.Tests.Linq.TestTargets.TestTargetModel,Index,GreaterThanOrEqualTo,995,5,995,996,997,998,999)" computerName="LW-18560" duration="00:00:00.0657544" startTime="2023-09-06T15:36:45.2954178-04:00" endTime="2023-09-06T15:36:49.0762715-04:00" testType="13cdc9d9-ddb5-4fa4-a97d-d965ccfc6d4b" outcome="Passed" testListId="8c84fa94-04c1-424b-9868-57a2d4851a1d" relativeResultsDirectory="b75a12e1-39eb-4e93-a285-efbf5090113f">
      <Output>
        <StdOut>Eliassen.System.Internal.ConsoleLogger`1[Eliassen.System.Linq.Search.QueryBuilder]:Information:&gt;&#xD;
	Build query for CurrentPage: 0&#xD;
PageSize: 0&#xD;
ExcludePageCount: False&#xD;
SearchTerm: (null)&#xD;
	F:Index: GreaterThanOrEqualTo: 995&#xD;
&#xD;
Eliassen.System.Internal.ConsoleLogger`1[Eliassen.System.Linq.Search.QueryBuilder]:Information:&gt;&#xD;
	Execute (paged): System.Linq.Enumerable+SelectRangeIterator`1[Eliassen.System.Tests.Linq.TestTargets.TestTargetModel].Where(n =&gt; (n.Index &gt;= 995)).OrderBy(_ =&gt; 0).Skip(0).Take(10)&#xD;
&#xD;
&#xD;
&#xD;
TestContext Messages:&#xD;
SearchQuery-QueryableExtensionsTests_ExecuteByTestFilter(121)-638296114067870190.json: Attached&#xD;
EnumerableQuery_1-QueryableExtensionsTests_ExecuteByTestFilter(123)-638296114067945431.json: Attached&#xD;
PagedQueryResult_1-QueryableExtensionsTests_ExecuteByTestFilter(125)-638296114068399884.json: Attached&#xD;
resultKeys: 995,996,997,998,999</StdOut>
        <StdErr>Eliassen.System.Internal.ConsoleLogger`1[Eliassen.System.Linq.Expressions.ExpressionTreeBuilder`1[Eliassen.System.Tests.Linq.TestTargets.TestTargetModel]]:Warning:&gt;&#xD;
	995 parsed to 995 (System.Int32)&#xD;
Eliassen.System.Internal.ConsoleLogger`1[Eliassen.System.Linq.Search.SortBuilder`1[Eliassen.System.Tests.Linq.TestTargets.TestTargetModel]]:Warning:&gt;&#xD;
	Force sort by 0 applied for Eliassen.System.Tests.Linq.TestTargets.TestTargetModel</StdErr>
      </Output>
      <ResultFiles>
        <ResultFile path="LW-18560\EnumerableQuery_1-QueryableExtensionsTests_ExecuteByTestFilter(123)-638296114067945431.json" />
        <ResultFile path="LW-18560\PagedQueryResult_1-QueryableExtensionsTests_ExecuteByTestFilter(125)-638296114068399884.json" />
        <ResultFile path="LW-18560\SearchQuery-QueryableExtensionsTests_ExecuteByTestFilter(121)-638296114067870190.json" />
      </ResultFiles>
    </UnitTestResult>
    <UnitTestResult executionId="a12cee48-771d-433e-b33b-785cb2740606" testId="e350703c-47df-56f0-b995-a52c38b53eca" testName="MakeSafeTest (System.Int32,1.1,1)" computerName="LW-18560" duration="00:00:00.0002361" startTime="2023-09-06T15:36:44.8358129-04:00" endTime="2023-09-06T15:36:44.8942915-04:00" testType="13cdc9d9-ddb5-4fa4-a97d-d965ccfc6d4b" outcome="Passed" testListId="8c84fa94-04c1-424b-9868-57a2d4851a1d" relativeResultsDirectory="a12cee48-771d-433e-b33b-785cb2740606" />
    <UnitTestResult executionId="a278b185-2095-4e2c-8149-d15bb09dbe54" testId="b16b57ef-593b-e535-ffda-81613736dd0e" testName="ToEnumTest (0,Val0)" computerName="LW-18560" duration="00:00:00.0000391" startTime="2023-09-06T15:36:44.7561437-04:00" endTime="2023-09-06T15:36:44.7567918-04:00" testType="13cdc9d9-ddb5-4fa4-a97d-d965ccfc6d4b" outcome="Passed" testListId="8c84fa94-04c1-424b-9868-57a2d4851a1d" relativeResultsDirectory="a278b185-2095-4e2c-8149-d15bb09dbe54" />
    <UnitTestResult executionId="d870dca1-6258-4b76-80e9-972285122dd7" testId="e350703c-47df-56f0-b995-a52c38b53eca" testName="MakeSafeTest (System.DateTimeOffset,3/16/2022 12:00:00 AM +05:00,3/16/2022 12:00:00 AM +05:00)" computerName="LW-18560" duration="00:00:00.0002639" startTime="2023-09-06T15:36:44.8358129-04:00" endTime="2023-09-06T15:36:44.8942915-04:00" testType="13cdc9d9-ddb5-4fa4-a97d-d965ccfc6d4b" outcome="Passed" testListId="8c84fa94-04c1-424b-9868-57a2d4851a1d" relativeResultsDirectory="d870dca1-6258-4b76-80e9-972285122dd7" />
    <UnitTestResult executionId="7914fcac-c286-41e6-ac0c-b0e3e55b5d10" testId="9c016915-9649-a737-5d1d-30f1b46f0f52" testName="GetSearchablePropertyNames_TestTargetModel" computerName="LW-18560" duration="00:00:00.0005591" startTime="2023-09-06T15:36:50.1691174-04:00" endTime="2023-09-06T15:36:50.1701211-04:00" testType="13cdc9d9-ddb5-4fa4-a97d-d965ccfc6d4b" outcome="Passed" testListId="8c84fa94-04c1-424b-9868-57a2d4851a1d" relativeResultsDirectory="7914fcac-c286-41e6-ac0c-b0e3e55b5d10" />
    <UnitTestResult executionId="409efa6e-b39f-4fe9-992d-397d0092189f" testId="9e610b6a-455c-e52f-214a-cf9eeee1f12e" testName="ToEnumTest (-1,-1)" computerName="LW-18560" duration="00:00:00.0000408" startTime="2023-09-06T15:36:44.7530201-04:00" endTime="2023-09-06T15:36:44.7536791-04:00" testType="13cdc9d9-ddb5-4fa4-a97d-d965ccfc6d4b" outcome="Passed" testListId="8c84fa94-04c1-424b-9868-57a2d4851a1d" relativeResultsDirectory="409efa6e-b39f-4fe9-992d-397d0092189f" />
    <UnitTestResult executionId="e54433f2-18ab-4aa0-9498-d92953137b6c" testId="d1d4b925-a073-2286-7de7-05497c979951" testName="GetResourceFromJsonAsyncTest_NotFound" computerName="LW-18560" duration="00:00:00.0022290" startTime="2023-09-06T15:36:45.0431552-04:00" endTime="2023-09-06T15:36:45.0459085-04:00" testType="13cdc9d9-ddb5-4fa4-a97d-d965ccfc6d4b" outcome="Passed" testListId="8c84fa94-04c1-424b-9868-57a2d4851a1d" relativeResultsDirectory="e54433f2-18ab-4aa0-9498-d92953137b6c" />
    <UnitTestResult executionId="93596e01-2d35-41e5-b7eb-d1cc00e54a8b" testId="e350703c-47df-56f0-b995-a52c38b53eca" testName="MakeSafeTest (System.Decimal,1,1)" computerName="LW-18560" duration="00:00:00.0006041" startTime="2023-09-06T15:36:44.8358129-04:00" endTime="2023-09-06T15:36:44.8942915-04:00" testType="13cdc9d9-ddb5-4fa4-a97d-d965ccfc6d4b" outcome="Passed" testListId="8c84fa94-04c1-424b-9868-57a2d4851a1d" relativeResultsDirectory="93596e01-2d35-41e5-b7eb-d1cc00e54a8b" />
    <UnitTestResult executionId="f68b029c-2b5e-4613-b2c8-d279f1784be5" testId="3da7e5a6-9ecd-4155-2d2b-bd809533bab0" testName="VisitTest_Contains (Hello,eL,True)" computerName="LW-18560" duration="00:00:00.0014098" startTime="2023-09-06T15:36:50.3950884-04:00" endTime="2023-09-06T15:36:50.3972106-04:00" testType="13cdc9d9-ddb5-4fa4-a97d-d965ccfc6d4b" outcome="Passed" testListId="8c84fa94-04c1-424b-9868-57a2d4851a1d" relativeResultsDirectory="f68b029c-2b5e-4613-b2c8-d279f1784be5">
      <Output>
        <StdOut>Eliassen.System.Internal.ConsoleLogger`1[Eliassen.System.Linq.Expressions.StringComparisonReplacementExpressionVisitor]:Debug:&gt;&#xD;
	Replace: e.Contains(value(Eliassen.System.Tests.Linq.Expressions.StringComparisonReplacementExpressionVisitorTests+&lt;&gt;c__DisplayClass6_0).matched) with e.Contains(value(Eliassen.System.Tests.Linq.Expressions.StringComparisonReplacementExpressionVisitorTests+&lt;&gt;c__DisplayClass6_0).matched, CurrentCultureIgnoreCase)&#xD;
&#xD;
&#xD;
&#xD;
TestContext Messages:&#xD;
expression: e =&gt; e.Contains(value(Eliassen.System.Tests.Linq.Expressions.StringComparisonReplacementExpressionVisitorTests+&lt;&gt;c__DisplayClass6_0).matched)&#xD;
visited: e =&gt; e.Contains(value(Eliassen.System.Tests.Linq.Expressions.StringComparisonReplacementExpressionVisitorTests+&lt;&gt;c__DisplayClass6_0).matched, CurrentCultureIgnoreCase)</StdOut>
      </Output>
    </UnitTestResult>
    <UnitTestResult executionId="3ab24e49-772c-43ee-a2b7-3f1f096e48d8" testId="b6498f29-1231-5fcf-4954-1746daa0500d" testName="ExecuteByTest_Filter (Eliassen.System.Tests.Linq.TestTargets.TestTargetModel,Index,LessThan,5,5,0,1,2,3,4)" computerName="LW-18560" duration="00:00:00.0730650" startTime="2023-09-06T15:36:45.2954178-04:00" endTime="2023-09-06T15:36:49.0762715-04:00" testType="13cdc9d9-ddb5-4fa4-a97d-d965ccfc6d4b" outcome="Passed" testListId="8c84fa94-04c1-424b-9868-57a2d4851a1d" relativeResultsDirectory="3ab24e49-772c-43ee-a2b7-3f1f096e48d8">
      <Output>
        <StdOut>Eliassen.System.Internal.ConsoleLogger`1[Eliassen.System.Linq.Search.QueryBuilder]:Information:&gt;&#xD;
	Build query for CurrentPage: 0&#xD;
PageSize: 0&#xD;
ExcludePageCount: False&#xD;
SearchTerm: (null)&#xD;
	F:Index: LessThan: 5&#xD;
&#xD;
Eliassen.System.Internal.ConsoleLogger`1[Eliassen.System.Linq.Search.QueryBuilder]:Information:&gt;&#xD;
	Execute (paged): System.Linq.Enumerable+SelectRangeIterator`1[Eliassen.System.Tests.Linq.TestTargets.TestTargetModel].Where(n =&gt; (n.Index &lt; 5)).OrderBy(_ =&gt; 0).Skip(0).Take(10)&#xD;
&#xD;
&#xD;
&#xD;
TestContext Messages:&#xD;
SearchQuery-QueryableExtensionsTests_ExecuteByTestFilter(121)-638296114065370179.json: Attached&#xD;
EnumerableQuery_1-QueryableExtensionsTests_ExecuteByTestFilter(123)-638296114065438392.json: Attached&#xD;
PagedQueryResult_1-QueryableExtensionsTests_ExecuteByTestFilter(125)-638296114065959387.json: Attached&#xD;
resultKeys: 0,1,2,3,4</StdOut>
        <StdErr>Eliassen.System.Internal.ConsoleLogger`1[Eliassen.System.Linq.Expressions.ExpressionTreeBuilder`1[Eliassen.System.Tests.Linq.TestTargets.TestTargetModel]]:Warning:&gt;&#xD;
	5 parsed to 5 (System.Int32)&#xD;
Eliassen.System.Internal.ConsoleLogger`1[Eliassen.System.Linq.Search.SortBuilder`1[Eliassen.System.Tests.Linq.TestTargets.TestTargetModel]]:Warning:&gt;&#xD;
	Force sort by 0 applied for Eliassen.System.Tests.Linq.TestTargets.TestTargetModel</StdErr>
      </Output>
      <ResultFiles>
        <ResultFile path="LW-18560\EnumerableQuery_1-QueryableExtensionsTests_ExecuteByTestFilter(123)-638296114065438392.json" />
        <ResultFile path="LW-18560\PagedQueryResult_1-QueryableExtensionsTests_ExecuteByTestFilter(125)-638296114065959387.json" />
        <ResultFile path="LW-18560\SearchQuery-QueryableExtensionsTests_ExecuteByTestFilter(121)-638296114065370179.json" />
      </ResultFiles>
    </UnitTestResult>
    <UnitTestResult executionId="a69bbba2-1727-478e-8cfe-2ea50c45760c" testId="b6498f29-1231-5fcf-4954-1746daa0500d" testName="ExecuteByTest_Filter (Eliassen.System.Tests.Linq.TestTargets.TestTargetExtendedModel,May,EqualTo,,10,0,3,6,9,12,15,18,21,24,27)" computerName="LW-18560" duration="00:00:00.0607087" startTime="2023-09-06T15:36:45.2954178-04:00" endTime="2023-09-06T15:36:49.0762715-04:00" testType="13cdc9d9-ddb5-4fa4-a97d-d965ccfc6d4b" outcome="Passed" testListId="8c84fa94-04c1-424b-9868-57a2d4851a1d" relativeResultsDirectory="a69bbba2-1727-478e-8cfe-2ea50c45760c">
      <Output>
        <StdOut>Eliassen.System.Internal.ConsoleLogger`1[Eliassen.System.Linq.Search.QueryBuilder]:Information:&gt;&#xD;
	Build query for CurrentPage: 0&#xD;
PageSize: 0&#xD;
ExcludePageCount: False&#xD;
SearchTerm: (null)&#xD;
	F:May: EqualTo:&#xD;
&#xD;
Eliassen.System.Internal.ConsoleLogger`1[Eliassen.System.Linq.Search.QueryBuilder]:Information:&gt;&#xD;
	Execute (paged): System.Linq.Enumerable+SelectRangeIterator`1[Eliassen.System.Tests.Linq.TestTargets.TestTargetExtendedModel].Where(n =&gt; (n.May == "")).OrderBy(_ =&gt; 0).Skip(0).Take(10)&#xD;
&#xD;
&#xD;
&#xD;
TestContext Messages:&#xD;
SearchQuery-QueryableExtensionsTests_ExecuteByTestFilter(121)-638296114087932712.json: Attached&#xD;
EnumerableQuery_1-QueryableExtensionsTests_ExecuteByTestFilter(123)-638296114087991473.json: Attached&#xD;
PagedQueryResult_1-QueryableExtensionsTests_ExecuteByTestFilter(125)-638296114088458049.json: Attached&#xD;
resultKeys: 0,3,6,9,12,15,18,21,24,27</StdOut>
        <StdErr>Eliassen.System.Internal.ConsoleLogger`1[Eliassen.System.Linq.Search.SortBuilder`1[Eliassen.System.Tests.Linq.TestTargets.TestTargetExtendedModel]]:Warning:&gt;&#xD;
	Force sort by 0 applied for Eliassen.System.Tests.Linq.TestTargets.TestTargetExtendedModel</StdErr>
      </Output>
      <ResultFiles>
        <ResultFile path="LW-18560\EnumerableQuery_1-QueryableExtensionsTests_ExecuteByTestFilter(123)-638296114087991473.json" />
        <ResultFile path="LW-18560\PagedQueryResult_1-QueryableExtensionsTests_ExecuteByTestFilter(125)-638296114088458049.json" />
        <ResultFile path="LW-18560\SearchQuery-QueryableExtensionsTests_ExecuteByTestFilter(121)-638296114087932712.json" />
      </ResultFiles>
    </UnitTestResult>
    <UnitTestResult executionId="9c42d188-057d-48f6-a36e-052d1b1694d3" testId="b6498f29-1231-5fcf-4954-1746daa0500d" testName="ExecuteByTest_Filter (Eliassen.System.Tests.Linq.TestTargets.TestTargetModel,INDEX,EqualTo,!1,10,0,2,3,4,5,6,7,8,9,10)" computerName="LW-18560" duration="00:00:00.0453460" startTime="2023-09-06T15:36:45.2954178-04:00" endTime="2023-09-06T15:36:49.0762715-04:00" testType="13cdc9d9-ddb5-4fa4-a97d-d965ccfc6d4b" outcome="Passed" testListId="8c84fa94-04c1-424b-9868-57a2d4851a1d" relativeResultsDirectory="9c42d188-057d-48f6-a36e-052d1b1694d3">
      <Output>
        <StdOut>Eliassen.System.Internal.ConsoleLogger`1[Eliassen.System.Linq.Search.QueryBuilder]:Information:&gt;&#xD;
	Build query for CurrentPage: 0&#xD;
PageSize: 0&#xD;
ExcludePageCount: False&#xD;
SearchTerm: (null)&#xD;
	F:INDEX: EqualTo: !1&#xD;
&#xD;
Eliassen.System.Internal.ConsoleLogger`1[Eliassen.System.Linq.Search.QueryBuilder]:Information:&gt;&#xD;
	Execute (paged): System.Linq.Enumerable+SelectRangeIterator`1[Eliassen.System.Tests.Linq.TestTargets.TestTargetModel].Where(n =&gt; (n.Index != 1)).OrderBy(_ =&gt; 0).Skip(0).Take(10)&#xD;
&#xD;
&#xD;
&#xD;
TestContext Messages:&#xD;
SearchQuery-QueryableExtensionsTests_ExecuteByTestFilter(121)-638296114061608134.json: Attached&#xD;
EnumerableQuery_1-QueryableExtensionsTests_ExecuteByTestFilter(123)-638296114061666768.json: Attached&#xD;
PagedQueryResult_1-QueryableExtensionsTests_ExecuteByTestFilter(125)-638296114061998439.json: Attached&#xD;
resultKeys: 0,2,3,4,5,6,7,8,9,10</StdOut>
        <StdErr>Eliassen.System.Internal.ConsoleLogger`1[Eliassen.System.Linq.Expressions.ExpressionTreeBuilder`1[Eliassen.System.Tests.Linq.TestTargets.TestTargetModel]]:Warning:&gt;&#xD;
	1 parsed to 1 (System.Int32)&#xD;
Eliassen.System.Internal.ConsoleLogger`1[Eliassen.System.Linq.Search.SortBuilder`1[Eliassen.System.Tests.Linq.TestTargets.TestTargetModel]]:Warning:&gt;&#xD;
	Force sort by 0 applied for Eliassen.System.Tests.Linq.TestTargets.TestTargetModel</StdErr>
      </Output>
      <ResultFiles>
        <ResultFile path="LW-18560\EnumerableQuery_1-QueryableExtensionsTests_ExecuteByTestFilter(123)-638296114061666768.json" />
        <ResultFile path="LW-18560\PagedQueryResult_1-QueryableExtensionsTests_ExecuteByTestFilter(125)-638296114061998439.json" />
        <ResultFile path="LW-18560\SearchQuery-QueryableExtensionsTests_ExecuteByTestFilter(121)-638296114061608134.json" />
      </ResultFiles>
    </UnitTestResult>
    <UnitTestResult executionId="e068dfb8-894c-43d8-9e34-46d1b9e8897c" testId="33d0fc48-d317-a11f-5aba-5a22a3659a68" testName="VisitTest_Equals (,hello,False)" computerName="LW-18560" duration="00:00:00.0018890" startTime="2023-09-06T15:36:50.2977515-04:00" endTime="2023-09-06T15:36:50.3001991-04:00" testType="13cdc9d9-ddb5-4fa4-a97d-d965ccfc6d4b" outcome="Passed" testListId="8c84fa94-04c1-424b-9868-57a2d4851a1d" relativeResultsDirectory="e068dfb8-894c-43d8-9e34-46d1b9e8897c">
      <Output>
        <StdOut>TestContext Messages:&#xD;
expression: e =&gt; e.Equals(value(Eliassen.System.Tests.Linq.Expressions.SkipInstanceMethodOnNullExpressionVisitorTests+&lt;&gt;c__DisplayClass4_0).matched)&#xD;
visited: e =&gt; ((e != null) AndAlso e.Equals(value(Eliassen.System.Tests.Linq.Expressions.SkipInstanceMethodOnNullExpressionVisitorTests+&lt;&gt;c__DisplayClass4_0).matched))&#xD;
result: False</StdOut>
      </Output>
    </UnitTestResult>
    <UnitTestResult executionId="6d78b0c3-372e-4971-8285-aea33cc0df15" testId="b6498f29-1231-5fcf-4954-1746daa0500d" testName="ExecuteByTest_Filter (Eliassen.System.Tests.Linq.TestTargets.TestTargetModel,Index,EqualTo,1,1,1)" computerName="LW-18560" duration="00:00:00.0539878" startTime="2023-09-06T15:36:45.2954178-04:00" endTime="2023-09-06T15:36:49.0762715-04:00" testType="13cdc9d9-ddb5-4fa4-a97d-d965ccfc6d4b" outcome="Passed" testListId="8c84fa94-04c1-424b-9868-57a2d4851a1d" relativeResultsDirectory="6d78b0c3-372e-4971-8285-aea33cc0df15">
      <Output>
        <StdOut>Eliassen.System.Internal.ConsoleLogger`1[Eliassen.System.Linq.Search.QueryBuilder]:Information:&gt;&#xD;
	Build query for CurrentPage: 0&#xD;
PageSize: 0&#xD;
ExcludePageCount: False&#xD;
SearchTerm: (null)&#xD;
	F:Index: EqualTo: 1&#xD;
&#xD;
Eliassen.System.Internal.ConsoleLogger`1[Eliassen.System.Linq.Search.QueryBuilder]:Information:&gt;&#xD;
	Execute (paged): System.Linq.Enumerable+SelectRangeIterator`1[Eliassen.System.Tests.Linq.TestTargets.TestTargetModel].Where(n =&gt; (n.Index == 1)).OrderBy(_ =&gt; 0).Skip(0).Take(10)&#xD;
&#xD;
&#xD;
&#xD;
TestContext Messages:&#xD;
SearchQuery-QueryableExtensionsTests_ExecuteByTestFilter(121)-638296114062944246.json: Attached&#xD;
EnumerableQuery_1-QueryableExtensionsTests_ExecuteByTestFilter(123)-638296114062999917.json: Attached&#xD;
PagedQueryResult_1-QueryableExtensionsTests_ExecuteByTestFilter(125)-638296114063380159.json: Attached&#xD;
resultKeys: 1</StdOut>
        <StdErr>Eliassen.System.Internal.ConsoleLogger`1[Eliassen.System.Linq.Expressions.ExpressionTreeBuilder`1[Eliassen.System.Tests.Linq.TestTargets.TestTargetModel]]:Warning:&gt;&#xD;
	1 parsed to 1 (System.Int32)&#xD;
Eliassen.System.Internal.ConsoleLogger`1[Eliassen.System.Linq.Search.SortBuilder`1[Eliassen.System.Tests.Linq.TestTargets.TestTargetModel]]:Warning:&gt;&#xD;
	Force sort by 0 applied for Eliassen.System.Tests.Linq.TestTargets.TestTargetModel</StdErr>
      </Output>
      <ResultFiles>
        <ResultFile path="LW-18560\EnumerableQuery_1-QueryableExtensionsTests_ExecuteByTestFilter(123)-638296114062999917.json" />
        <ResultFile path="LW-18560\PagedQueryResult_1-QueryableExtensionsTests_ExecuteByTestFilter(125)-638296114063380159.json" />
        <ResultFile path="LW-18560\SearchQuery-QueryableExtensionsTests_ExecuteByTestFilter(121)-638296114062944246.json" />
      </ResultFiles>
    </UnitTestResult>
    <UnitTestResult executionId="7f2b701e-0e10-4a79-b17d-5580ce4b667a" testId="b6498f29-1231-5fcf-4954-1746daa0500d" testName="ExecuteByTest_Filter (Eliassen.System.Tests.Linq.TestTargets.TestTargetExtendedModel,Date,LessThanOrEqualTo,3/1/2020,4,-1,0,1,2)" computerName="LW-18560" duration="00:00:00.0629506" startTime="2023-09-06T15:36:45.2954178-04:00" endTime="2023-09-06T15:36:49.0762715-04:00" testType="13cdc9d9-ddb5-4fa4-a97d-d965ccfc6d4b" outcome="Passed" testListId="8c84fa94-04c1-424b-9868-57a2d4851a1d" relativeResultsDirectory="7f2b701e-0e10-4a79-b17d-5580ce4b667a">
      <Output>
        <StdOut>Eliassen.System.Internal.ConsoleLogger`1[Eliassen.System.Linq.Search.QueryBuilder]:Information:&gt;&#xD;
	Build query for CurrentPage: 0&#xD;
PageSize: 0&#xD;
ExcludePageCount: False&#xD;
SearchTerm: (null)&#xD;
	F:Date: LessThanOrEqualTo: 3/1/2020&#xD;
&#xD;
Eliassen.System.Internal.ConsoleLogger`1[Eliassen.System.Linq.Search.QueryBuilder]:Information:&gt;&#xD;
	Execute (paged): System.Linq.Enumerable+SelectRangeIterator`1[Eliassen.System.Tests.Linq.TestTargets.TestTargetExtendedModel].Where(n =&gt; (n.Date &lt;= 3/1/2020 12:00:00 AM)).OrderBy(_ =&gt; 0).Skip(0).Take(10)&#xD;
&#xD;
&#xD;
&#xD;
TestContext Messages:&#xD;
SearchQuery-QueryableExtensionsTests_ExecuteByTestFilter(121)-638296114082048934.json: Attached&#xD;
EnumerableQuery_1-QueryableExtensionsTests_ExecuteByTestFilter(123)-638296114082132872.json: Attached&#xD;
PagedQueryResult_1-QueryableExtensionsTests_ExecuteByTestFilter(125)-638296114082605241.json: Attached&#xD;
resultKeys: -1,0,1,2</StdOut>
        <StdErr>Eliassen.System.Internal.ConsoleLogger`1[Eliassen.System.Linq.Expressions.ExpressionTreeBuilder`1[Eliassen.System.Tests.Linq.TestTargets.TestTargetExtendedModel]]:Warning:&gt;&#xD;
	3/1/2020 parsed to 03/01/2020 00:00:00 (System.DateTime)&#xD;
Eliassen.System.Internal.ConsoleLogger`1[Eliassen.System.Linq.Search.SortBuilder`1[Eliassen.System.Tests.Linq.TestTargets.TestTargetExtendedModel]]:Warning:&gt;&#xD;
	Force sort by 0 applied for Eliassen.System.Tests.Linq.TestTargets.TestTargetExtendedModel</StdErr>
      </Output>
      <ResultFiles>
        <ResultFile path="LW-18560\EnumerableQuery_1-QueryableExtensionsTests_ExecuteByTestFilter(123)-638296114082132872.json" />
        <ResultFile path="LW-18560\PagedQueryResult_1-QueryableExtensionsTests_ExecuteByTestFilter(125)-638296114082605241.json" />
        <ResultFile path="LW-18560\SearchQuery-QueryableExtensionsTests_ExecuteByTestFilter(121)-638296114082048934.json" />
      </ResultFiles>
    </UnitTestResult>
    <UnitTestResult executionId="d3826ef6-82d4-4512-bd84-9d74c93ca451" testId="b6498f29-1231-5fcf-4954-1746daa0500d" testName="ExecuteByTest_Filter (Eliassen.System.Tests.Linq.TestTargets.TestTargetModel,Name,NotEqualTo,,10,0,1,2,3,4,5,6,7,8,9)" computerName="LW-18560" duration="00:00:00.0441059" startTime="2023-09-06T15:36:45.2954178-04:00" endTime="2023-09-06T15:36:49.0762715-04:00" testType="13cdc9d9-ddb5-4fa4-a97d-d965ccfc6d4b" outcome="Passed" testListId="8c84fa94-04c1-424b-9868-57a2d4851a1d" relativeResultsDirectory="d3826ef6-82d4-4512-bd84-9d74c93ca451">
      <Output>
        <StdOut>Eliassen.System.Internal.ConsoleLogger`1[Eliassen.System.Linq.Search.QueryBuilder]:Information:&gt;&#xD;
	Build query for CurrentPage: 0&#xD;
PageSize: 0&#xD;
ExcludePageCount: False&#xD;
SearchTerm: (null)&#xD;
	F:Name: NotEqualTo:&#xD;
&#xD;
Eliassen.System.Internal.ConsoleLogger`1[Eliassen.System.Linq.Search.QueryBuilder]:Information:&gt;&#xD;
	Execute (paged): System.Linq.Enumerable+SelectRangeIterator`1[Eliassen.System.Tests.Linq.TestTargets.TestTargetModel].Where(n =&gt; (n.Name != "")).OrderBy(_ =&gt; 0).Skip(0).Take(10)&#xD;
&#xD;
&#xD;
&#xD;
TestContext Messages:&#xD;
SearchQuery-QueryableExtensionsTests_ExecuteByTestFilter(121)-638296114086915263.json: Attached&#xD;
EnumerableQuery_1-QueryableExtensionsTests_ExecuteByTestFilter(123)-638296114086974880.json: Attached&#xD;
PagedQueryResult_1-QueryableExtensionsTests_ExecuteByTestFilter(125)-638296114087281778.json: Attached&#xD;
resultKeys: 0,1,2,3,4,5,6,7,8,9</StdOut>
        <StdErr>Eliassen.System.Internal.ConsoleLogger`1[Eliassen.System.Linq.Search.SortBuilder`1[Eliassen.System.Tests.Linq.TestTargets.TestTargetModel]]:Warning:&gt;&#xD;
	Force sort by 0 applied for Eliassen.System.Tests.Linq.TestTargets.TestTargetModel</StdErr>
      </Output>
      <ResultFiles>
        <ResultFile path="LW-18560\EnumerableQuery_1-QueryableExtensionsTests_ExecuteByTestFilter(123)-638296114086974880.json" />
        <ResultFile path="LW-18560\PagedQueryResult_1-QueryableExtensionsTests_ExecuteByTestFilter(125)-638296114087281778.json" />
        <ResultFile path="LW-18560\SearchQuery-QueryableExtensionsTests_ExecuteByTestFilter(121)-638296114086915263.json" />
      </ResultFiles>
    </UnitTestResult>
    <UnitTestResult executionId="16349d5a-67de-4caf-b3ed-14721f201bd1" testId="3dc461cc-f900-b7f4-a669-e9cf3ad5e21f" testName="GetResourceFromXmlAsyncTest" computerName="LW-18560" duration="00:00:00.2045733" startTime="2023-09-06T15:36:45.0491238-04:00" endTime="2023-09-06T15:36:45.2541454-04:00" testType="13cdc9d9-ddb5-4fa4-a97d-d965ccfc6d4b" outcome="Passed" testListId="8c84fa94-04c1-424b-9868-57a2d4851a1d" relativeResultsDirectory="16349d5a-67de-4caf-b3ed-14721f201bd1" />
    <UnitTestResult executionId="fdb6010f-9058-4d73-94a2-422ab6eb0e82" testId="f5306a38-7e9d-ad71-73c6-1c694342dc21" testName="ExecuteByTest_SearchTerm (Eliassen.System.Tests.Linq.TestTargets.TestTargetModel,*3,10,100,10,3,13,23,33,43,53,63,73,83,93)" computerName="LW-18560" duration="00:00:00.0600196" startTime="2023-09-06T15:36:49.1490312-04:00" endTime="2023-09-06T15:36:49.6019707-04:00" testType="13cdc9d9-ddb5-4fa4-a97d-d965ccfc6d4b" outcome="Passed" testListId="8c84fa94-04c1-424b-9868-57a2d4851a1d" relativeResultsDirectory="fdb6010f-9058-4d73-94a2-422ab6eb0e82">
      <Output>
        <StdOut>Eliassen.System.Internal.ConsoleLogger`1[Eliassen.System.Linq.Search.QueryBuilder]:Information:&gt;&#xD;
	Build query for SearchQuery { CurrentPage = 0, PageSize = 0, ExcludePageCount = False, SearchTerm = *3, Filter = System.Collections.Generic.Dictionary`2[System.String,Eliassen.System.Linq.Search.FilterParameter], OrderBy = System.Collections.Generic.Dictionary`2[System.String,Eliassen.System.Linq.Search.OrderDirections] }&#xD;
Eliassen.System.Internal.ConsoleLogger`1[Eliassen.System.Linq.Search.QueryBuilder]:Debug:&gt;&#xD;
	Visited by: Eliassen.System.Linq.Expressions.SkipInstanceMethodOnNullExpressionVisitor&#xD;
Eliassen.System.Internal.ConsoleLogger`1[Eliassen.System.Linq.Search.QueryBuilder]:Information:&gt;&#xD;
	Execute (paged): System.Linq.Enumerable+SelectRangeIterator`1[Eliassen.System.Tests.Linq.TestTargets.TestTargetModel].Where(n =&gt; (((n.Name != null) AndAlso n.Name.EndsWith("3")) OrElse ((n.Email != null) AndAlso n.Email.EndsWith("3")))).OrderBy(_ =&gt; 0).Skip(0).Take(10)&#xD;
&#xD;
&#xD;
&#xD;
TestContext Messages:&#xD;
SearchQuery_1-QueryableExtensionsTests_ExecuteByTestSearchTerm(192)-638296114093361590.json: Attached&#xD;
EnumerableQuery_1-QueryableExtensionsTests_ExecuteByTestSearchTerm(194)-638296114093415718.json: Attached&#xD;
PagedQueryResult_1-QueryableExtensionsTests_ExecuteByTestSearchTerm(196)-638296114093887783.json: Attached&#xD;
resultKeys: 3,13,23,33,43,53,63,73,83,93</StdOut>
        <StdErr>Eliassen.System.Internal.ConsoleLogger`1[Eliassen.System.Linq.Search.SortBuilder`1[Eliassen.System.Tests.Linq.TestTargets.TestTargetModel]]:Warning:&gt;&#xD;
	Force sort by 0 applied for Eliassen.System.Tests.Linq.TestTargets.TestTargetModel</StdErr>
      </Output>
      <ResultFiles>
        <ResultFile path="LW-18560\EnumerableQuery_1-QueryableExtensionsTests_ExecuteByTestSearchTerm(194)-638296114093415718.json" />
        <ResultFile path="LW-18560\PagedQueryResult_1-QueryableExtensionsTests_ExecuteByTestSearchTerm(196)-638296114093887783.json" />
        <ResultFile path="LW-18560\SearchQuery_1-QueryableExtensionsTests_ExecuteByTestSearchTerm(192)-638296114093361590.json" />
      </ResultFiles>
    </UnitTestResult>
    <UnitTestResult executionId="a88d10b2-23f9-4256-b39c-1c9c3b9b6b23" testId="b6498f29-1231-5fcf-4954-1746daa0500d" testName="ExecuteByTest_Filter (Eliassen.System.Tests.Linq.TestTargets.TestTargetModel,InDeX,EqualTo,!1,10,0,2,3,4,5,6,7,8,9,10)" computerName="LW-18560" duration="00:00:00.0877740" startTime="2023-09-06T15:36:45.2954178-04:00" endTime="2023-09-06T15:36:49.0762715-04:00" testType="13cdc9d9-ddb5-4fa4-a97d-d965ccfc6d4b" outcome="Passed" testListId="8c84fa94-04c1-424b-9868-57a2d4851a1d" relativeResultsDirectory="a88d10b2-23f9-4256-b39c-1c9c3b9b6b23">
      <Output>
        <StdOut>Eliassen.System.Internal.ConsoleLogger`1[Eliassen.System.Linq.Search.QueryBuilder]:Information:&gt;&#xD;
	Build query for CurrentPage: 0&#xD;
PageSize: 0&#xD;
ExcludePageCount: False&#xD;
SearchTerm: (null)&#xD;
	F:InDeX: EqualTo: !1&#xD;
&#xD;
Eliassen.System.Internal.ConsoleLogger`1[Eliassen.System.Linq.Search.QueryBuilder]:Information:&gt;&#xD;
	Execute (paged): System.Linq.Enumerable+SelectRangeIterator`1[Eliassen.System.Tests.Linq.TestTargets.TestTargetModel].Where(n =&gt; (n.Index != 1)).OrderBy(_ =&gt; 0).Skip(0).Take(10)&#xD;
&#xD;
&#xD;
&#xD;
TestContext Messages:&#xD;
SearchQuery-QueryableExtensionsTests_ExecuteByTestFilter(121)-638296114062063635.json: Attached&#xD;
EnumerableQuery_1-QueryableExtensionsTests_ExecuteByTestFilter(123)-638296114062114447.json: Attached&#xD;
PagedQueryResult_1-QueryableExtensionsTests_ExecuteByTestFilter(125)-638296114062873652.json: Attached&#xD;
resultKeys: 0,2,3,4,5,6,7,8,9,10</StdOut>
        <StdErr>Eliassen.System.Internal.ConsoleLogger`1[Eliassen.System.Linq.Expressions.ExpressionTreeBuilder`1[Eliassen.System.Tests.Linq.TestTargets.TestTargetModel]]:Warning:&gt;&#xD;
	1 parsed to 1 (System.Int32)&#xD;
Eliassen.System.Internal.ConsoleLogger`1[Eliassen.System.Linq.Search.SortBuilder`1[Eliassen.System.Tests.Linq.TestTargets.TestTargetModel]]:Warning:&gt;&#xD;
	Force sort by 0 applied for Eliassen.System.Tests.Linq.TestTargets.TestTargetModel</StdErr>
      </Output>
      <ResultFiles>
        <ResultFile path="LW-18560\EnumerableQuery_1-QueryableExtensionsTests_ExecuteByTestFilter(123)-638296114062114447.json" />
        <ResultFile path="LW-18560\PagedQueryResult_1-QueryableExtensionsTests_ExecuteByTestFilter(125)-638296114062873652.json" />
        <ResultFile path="LW-18560\SearchQuery-QueryableExtensionsTests_ExecuteByTestFilter(121)-638296114062063635.json" />
      </ResultFiles>
    </UnitTestResult>
    <UnitTestResult executionId="713f4adb-6a58-4fb6-80c9-2caf4b7047b1" testId="f13dac4d-0e90-b077-3031-244f15b96c77" testName="GetHash (Hello World!,7Qdih1MuhjZehB6Sv8UNjA==)" computerName="LW-18560" duration="00:00:00.0122099" startTime="2023-09-06T15:36:44.6008719-04:00" endTime="2023-09-06T15:36:44.6138470-04:00" testType="13cdc9d9-ddb5-4fa4-a97d-d965ccfc6d4b" outcome="Passed" testListId="8c84fa94-04c1-424b-9868-57a2d4851a1d" relativeResultsDirectory="713f4adb-6a58-4fb6-80c9-2caf4b7047b1">
      <Output>
        <StdOut>TestContext Messages:&#xD;
"Hello World!" =&gt; "7Qdih1MuhjZehB6Sv8UNjA=="</StdOut>
      </Output>
    </UnitTestResult>
    <UnitTestResult executionId="93d98344-6ae9-4a37-913b-8e87ab7705c2" testId="65e272d8-aa3d-4fbf-ef8f-fb9ca48a217b" testName="VisitTest_Equals (Hello,Hello,True)" computerName="LW-18560" duration="00:00:00.0332931" startTime="2023-09-06T15:36:50.2514611-04:00" endTime="2023-09-06T15:36:50.2879358-04:00" testType="13cdc9d9-ddb5-4fa4-a97d-d965ccfc6d4b" outcome="Passed" testListId="8c84fa94-04c1-424b-9868-57a2d4851a1d" relativeResultsDirectory="93d98344-6ae9-4a37-913b-8e87ab7705c2">
      <Output>
        <StdOut>TestContext Messages:&#xD;
expression: e =&gt; e.Equals(value(Eliassen.System.Tests.Linq.Expressions.SkipInstanceMethodOnNullExpressionVisitorTests+&lt;&gt;c__DisplayClass4_0).matched)&#xD;
visited: e =&gt; ((e != null) AndAlso e.Equals(value(Eliassen.System.Tests.Linq.Expressions.SkipInstanceMethodOnNullExpressionVisitorTests+&lt;&gt;c__DisplayClass4_0).matched))&#xD;
result: True</StdOut>
      </Output>
    </UnitTestResult>
    <UnitTestResult executionId="cfd5e71d-d374-44a8-8b31-6fe21bf49192" testId="67b6a854-1fe4-5528-77d6-501bd90b9a20" testName="GetShortTypeNameTests (System.String,System.String, System.Private.CoreLib)" computerName="LW-18560" duration="00:00:00.0009850" startTime="2023-09-06T15:36:44.9732510-04:00" endTime="2023-09-06T15:36:44.9758231-04:00" testType="13cdc9d9-ddb5-4fa4-a97d-d965ccfc6d4b" outcome="Passed" testListId="8c84fa94-04c1-424b-9868-57a2d4851a1d" relativeResultsDirectory="cfd5e71d-d374-44a8-8b31-6fe21bf49192" />
    <UnitTestResult executionId="5227be4d-81e4-49f0-a2d5-0bc901320174" testId="e350703c-47df-56f0-b995-a52c38b53eca" testName="MakeSafeTest (System.AttributeTargets,Enum,Enum)" computerName="LW-18560" duration="00:00:00.0000367" startTime="2023-09-06T15:36:44.8358129-04:00" endTime="2023-09-06T15:36:44.8942915-04:00" testType="13cdc9d9-ddb5-4fa4-a97d-d965ccfc6d4b" outcome="Passed" testListId="8c84fa94-04c1-424b-9868-57a2d4851a1d" relativeResultsDirectory="5227be4d-81e4-49f0-a2d5-0bc901320174" />
    <UnitTestResult executionId="719f540e-8594-4519-ba28-17864a70ba8b" testId="3f1542e4-f2ea-1598-86e8-9d63f6633298" testName="ToEnumTest (test description,WithDescription)" computerName="LW-18560" duration="00:00:00.0004416" startTime="2023-09-06T15:36:44.8028323-04:00" endTime="2023-09-06T15:36:44.8038840-04:00" testType="13cdc9d9-ddb5-4fa4-a97d-d965ccfc6d4b" outcome="Passed" testListId="8c84fa94-04c1-424b-9868-57a2d4851a1d" relativeResultsDirectory="719f540e-8594-4519-ba28-17864a70ba8b" />
    <UnitTestResult executionId="8775aefb-b86d-479e-bb73-32276c777f77" testId="7a9a1822-3db2-a438-faf7-05813fd14fc1" testName="GetSearchablePropertyNames_TestTarget2Model" computerName="LW-18560" duration="00:00:00.0006104" startTime="2023-09-06T15:36:50.1800487-04:00" endTime="2023-09-06T15:36:50.1811590-04:00" testType="13cdc9d9-ddb5-4fa4-a97d-d965ccfc6d4b" outcome="Passed" testListId="8c84fa94-04c1-424b-9868-57a2d4851a1d" relativeResultsDirectory="8775aefb-b86d-479e-bb73-32276c777f77" />
    <UnitTestResult executionId="bb8996eb-6045-4dfc-bcb0-809986ebf72e" testId="b5b73f46-926e-b166-c509-00a2b6834bdd" testName="GetFilterablePropertyNamesTest_TestTarget2Model" computerName="LW-18560" duration="00:00:00.0053303" startTime="2023-09-06T15:36:50.1559230-04:00" endTime="2023-09-06T15:36:50.1624441-04:00" testType="13cdc9d9-ddb5-4fa4-a97d-d965ccfc6d4b" outcome="Passed" testListId="8c84fa94-04c1-424b-9868-57a2d4851a1d" relativeResultsDirectory="bb8996eb-6045-4dfc-bcb0-809986ebf72e" />
    <UnitTestResult executionId="c153a054-4b85-4651-a8d9-bceed9fcfb8b" testId="f3383018-7bb0-86e7-cb57-311d72bf2f87" testName="GetFilterablePropertyNamesTest_TestTargetModel" computerName="LW-18560" duration="00:00:00.0206522" startTime="2023-09-06T15:36:50.1284602-04:00" endTime="2023-09-06T15:36:50.1525140-04:00" testType="13cdc9d9-ddb5-4fa4-a97d-d965ccfc6d4b" outcome="Passed" testListId="8c84fa94-04c1-424b-9868-57a2d4851a1d" relativeResultsDirectory="c153a054-4b85-4651-a8d9-bceed9fcfb8b" />
    <UnitTestResult executionId="b0b9df1c-d5b7-44ba-b65e-f7170a745975" testId="b6498f29-1231-5fcf-4954-1746daa0500d" testName="ExecuteByTest_Filter (Eliassen.System.Tests.Linq.TestTargets.TestTargetModel,Name,EqualTo,Name1*,10,1,10,11,12,13,14,15,16,17,18)" computerName="LW-18560" duration="00:00:00.1371409" startTime="2023-09-06T15:36:45.2954178-04:00" endTime="2023-09-06T15:36:49.0762715-04:00" testType="13cdc9d9-ddb5-4fa4-a97d-d965ccfc6d4b" outcome="Passed" testListId="8c84fa94-04c1-424b-9868-57a2d4851a1d" relativeResultsDirectory="b0b9df1c-d5b7-44ba-b65e-f7170a745975">
      <Output>
        <StdOut>Eliassen.System.Internal.ConsoleLogger`1[Eliassen.System.Linq.Search.QueryBuilder]:Information:&gt;&#xD;
	Build query for CurrentPage: 0&#xD;
PageSize: 0&#xD;
ExcludePageCount: False&#xD;
SearchTerm: (null)&#xD;
	F:Name: EqualTo: Name1*&#xD;
&#xD;
Eliassen.System.Internal.ConsoleLogger`1[Eliassen.System.Linq.Search.QueryBuilder]:Information:&gt;&#xD;
	Execute (paged): System.Linq.Enumerable+SelectRangeIterator`1[Eliassen.System.Tests.Linq.TestTargets.TestTargetModel].Where(n =&gt; n.Name.StartsWith("Name1")).OrderBy(_ =&gt; 0).Skip(0).Take(10)&#xD;
&#xD;
&#xD;
&#xD;
TestContext Messages:&#xD;
SearchQuery-QueryableExtensionsTests_ExecuteByTestFilter(121)-638296114070186715.json: Attached&#xD;
EnumerableQuery_1-QueryableExtensionsTests_ExecuteByTestFilter(123)-638296114070363155.json: Attached&#xD;
PagedQueryResult_1-QueryableExtensionsTests_ExecuteByTestFilter(125)-638296114071384974.json: Attached&#xD;
resultKeys: 1,10,11,12,13,14,15,16,17,18</StdOut>
        <StdErr>Eliassen.System.Internal.ConsoleLogger`1[Eliassen.System.Linq.Search.SortBuilder`1[Eliassen.System.Tests.Linq.TestTargets.TestTargetModel]]:Warning:&gt;&#xD;
	Force sort by 0 applied for Eliassen.System.Tests.Linq.TestTargets.TestTargetModel</StdErr>
      </Output>
      <ResultFiles>
        <ResultFile path="LW-18560\EnumerableQuery_1-QueryableExtensionsTests_ExecuteByTestFilter(123)-638296114070363155.json" />
        <ResultFile path="LW-18560\PagedQueryResult_1-QueryableExtensionsTests_ExecuteByTestFilter(125)-638296114071384974.json" />
        <ResultFile path="LW-18560\SearchQuery-QueryableExtensionsTests_ExecuteByTestFilter(121)-638296114070186715.json" />
      </ResultFiles>
    </UnitTestResult>
    <UnitTestResult executionId="847c8dc4-5f3b-4dfa-ba5b-8184dd8050ab" testId="7fd160bc-3b5b-e6e2-40ae-1974536260f2" testName="TryParseTest (System.Double,nope,False,)" computerName="LW-18560" duration="00:00:00.0002667" startTime="2023-09-06T15:36:44.9461477-04:00" endTime="2023-09-06T15:36:44.9605777-04:00" testType="13cdc9d9-ddb5-4fa4-a97d-d965ccfc6d4b" outcome="Passed" testListId="8c84fa94-04c1-424b-9868-57a2d4851a1d" relativeResultsDirectory="847c8dc4-5f3b-4dfa-ba5b-8184dd8050ab" />
    <UnitTestResult executionId="0107fd3d-91c5-476d-8abd-653423ced155" testId="83d780be-eb79-3e27-6cac-98ae34ec7d85" testName="ToEnumTest (Val2,Val1,Val1, Val2)" computerName="LW-18560" duration="00:00:00.0000437" startTime="2023-09-06T15:36:44.7320756-04:00" endTime="2023-09-06T15:36:44.7328500-04:00" testType="13cdc9d9-ddb5-4fa4-a97d-d965ccfc6d4b" outcome="Passed" testListId="8c84fa94-04c1-424b-9868-57a2d4851a1d" relativeResultsDirectory="0107fd3d-91c5-476d-8abd-653423ced155" />
    <UnitTestResult executionId="7a539b70-d9b2-4501-beab-351476cf9120" testId="4cb18698-7dc2-f273-9054-8aad43f18e3a" testName="ToEnumTest (test short,WithDisplay)" computerName="LW-18560" duration="00:00:00.0005607" startTime="2023-09-06T15:36:44.8168830-04:00" endTime="2023-09-06T15:36:44.8287135-04:00" testType="13cdc9d9-ddb5-4fa4-a97d-d965ccfc6d4b" outcome="Passed" testListId="8c84fa94-04c1-424b-9868-57a2d4851a1d" relativeResultsDirectory="7a539b70-d9b2-4501-beab-351476cf9120" />
    <UnitTestResult executionId="77524584-54ab-487b-977e-853bdd6d6b59" testId="7fd160bc-3b5b-e6e2-40ae-1974536260f2" testName="TryParseTest (System.Nullable`1[System.Decimal],1,True,1)" computerName="LW-18560" duration="00:00:00.0000295" startTime="2023-09-06T15:36:44.9461477-04:00" endTime="2023-09-06T15:36:44.9605777-04:00" testType="13cdc9d9-ddb5-4fa4-a97d-d965ccfc6d4b" outcome="Passed" testListId="8c84fa94-04c1-424b-9868-57a2d4851a1d" relativeResultsDirectory="77524584-54ab-487b-977e-853bdd6d6b59" />
  </Results>
  <TestDefinitions>
    <UnitTest name="ToEnumTest (Val2 ,Val1,Val1, Val2)" storage="d:\repos\nu2\netapi\framework\eliassen.system.tests\bin\release\net7.0\eliassen.system.tests.dll" id="9ff710c6-f803-586a-c1b9-f2f68b12da51">
      <TestCategory>
        <TestCategoryItem TestCategory="Unit" />
      </TestCategory>
      <Execution id="3c4fbc01-b921-4b33-a61b-7e3922a31499" />
      <TestMethod codeBase="D:\Repos\Nu2\NetApi\Framework\Eliassen.System.Tests\bin\Release\net7.0\Eliassen.System.Tests.dll" adapterTypeName="executor://mstestadapter/v2" className="Eliassen.System.Tests.Reflection.EnumExtensionsTests" name="ToEnumTest" />
    </UnitTest>
    <UnitTest name="ExecuteByTest_SearchTerm" storage="d:\repos\nu2\netapi\framework\eliassen.system.tests\bin\release\net7.0\eliassen.system.tests.dll" id="f5306a38-7e9d-ad71-73c6-1c694342dc21">
      <TestCategory>
        <TestCategoryItem TestCategory="Unit" />
      </TestCategory>
      <Execution id="4ce78b58-2790-4679-bf89-087de0736bdd" />
      <TestMethod codeBase="D:\Repos\Nu2\NetApi\Framework\Eliassen.System.Tests\bin\Release\net7.0\Eliassen.System.Tests.dll" adapterTypeName="executor://mstestadapter/v2" className="Eliassen.System.Tests.Linq.QueryableExtensionsTests" name="ExecuteByTest_SearchTerm" />
    </UnitTest>
    <UnitTest name="VisitTest_EndsWith (Hello,Lo,True)" storage="d:\repos\nu2\netapi\framework\eliassen.system.tests\bin\release\net7.0\eliassen.system.tests.dll" id="d3e26037-eb0b-5682-419d-883b90d0ccd1">
      <TestCategory>
        <TestCategoryItem TestCategory="Unit" />
      </TestCategory>
      <Execution id="9c2bbf59-ca45-4570-b21b-6beaeb4dde6b" />
      <TestMethod codeBase="D:\Repos\Nu2\NetApi\Framework\Eliassen.System.Tests\bin\Release\net7.0\Eliassen.System.Tests.dll" adapterTypeName="executor://mstestadapter/v2" className="Eliassen.System.Tests.Linq.Expressions.StringComparisonReplacementExpressionVisitorTests" name="VisitTest_EndsWith" />
    </UnitTest>
    <UnitTest name="GetSortablePropertyNamesTest_TestTarget3Model" storage="d:\repos\nu2\netapi\framework\eliassen.system.tests\bin\release\net7.0\eliassen.system.tests.dll" id="53c31e49-be7f-689b-3cd7-03a9033ae78d">
      <TestCategory>
        <TestCategoryItem TestCategory="Unit" />
      </TestCategory>
      <Execution id="ba2e9697-336a-436d-9994-79bbe6735f74" />
      <TestMethod codeBase="D:\Repos\Nu2\NetApi\Framework\Eliassen.System.Tests\bin\Release\net7.0\Eliassen.System.Tests.dll" adapterTypeName="executor://mstestadapter/v2" className="Eliassen.System.Tests.Linq.Expressions.ExpressionTreeBuilderTests" name="GetSortablePropertyNamesTest_TestTarget3Model" />
    </UnitTest>
    <UnitTest name="DeserializeTest_Value ({&quot;Nullable&quot;:null,&quot;Value&quot;:{&quot;$date&quot;:&quot;2023-07-05T14:17:05.2315812-04:00&quot;}},2023-07-05T14:17:05.2315812-04:00)" storage="d:\repos\nu2\netapi\framework\eliassen.system.tests\bin\release\net7.0\eliassen.system.tests.dll" id="6e6b50bb-e15d-9947-f68c-994b4e368f58">
      <TestCategory>
        <TestCategoryItem TestCategory="Unit" />
      </TestCategory>
      <Execution id="28475e20-0d24-49ef-a723-dbc43ddc6dc1" />
      <TestMethod codeBase="D:\Repos\Nu2\NetApi\Framework\Eliassen.System.Tests\bin\Release\net7.0\Eliassen.System.Tests.dll" adapterTypeName="executor://mstestadapter/v2" className="Eliassen.System.Tests.Text.Json.BsonDateConverterTests" name="DeserializeTest_Value" />
    </UnitTest>
    <UnitTest name="GetResourceFromJsonTest" storage="d:\repos\nu2\netapi\framework\eliassen.system.tests\bin\release\net7.0\eliassen.system.tests.dll" id="65b4a990-8424-f23f-9b61-155855edf172">
      <TestCategory>
        <TestCategoryItem TestCategory="Unit" />
      </TestCategory>
      <Execution id="35f72859-95c2-48c1-94d0-4beb84993a22" />
      <TestMethod codeBase="D:\Repos\Nu2\NetApi\Framework\Eliassen.System.Tests\bin\Release\net7.0\Eliassen.System.Tests.dll" adapterTypeName="executor://mstestadapter/v2" className="Eliassen.System.Tests.Reflection.ResourceExtensionsTests" name="GetResourceFromJsonTest" />
    </UnitTest>
    <UnitTest name="ToEnumTest (,)" storage="d:\repos\nu2\netapi\framework\eliassen.system.tests\bin\release\net7.0\eliassen.system.tests.dll" id="a29d2822-126a-1900-33c2-f20f68d10c99">
      <TestCategory>
        <TestCategoryItem TestCategory="Unit" />
      </TestCategory>
      <Execution id="3f07b155-dc64-4d5a-b51b-d9fa51ffccf3" />
      <TestMethod codeBase="D:\Repos\Nu2\NetApi\Framework\Eliassen.System.Tests\bin\Release\net7.0\Eliassen.System.Tests.dll" adapterTypeName="executor://mstestadapter/v2" className="Eliassen.System.Tests.Reflection.EnumExtensionsTests" name="ToEnumTest" />
    </UnitTest>
    <UnitTest name="ToEnumTest (1,Val1)" storage="d:\repos\nu2\netapi\framework\eliassen.system.tests\bin\release\net7.0\eliassen.system.tests.dll" id="91005146-e428-91de-74d5-abcd56bf6d86">
      <TestCategory>
        <TestCategoryItem TestCategory="Unit" />
      </TestCategory>
      <Execution id="d46db9ba-c8cf-4a06-8608-94eaa0f171c6" />
      <TestMethod codeBase="D:\Repos\Nu2\NetApi\Framework\Eliassen.System.Tests\bin\Release\net7.0\Eliassen.System.Tests.dll" adapterTypeName="executor://mstestadapter/v2" className="Eliassen.System.Tests.Reflection.EnumExtensionsTests" name="ToEnumTest" />
    </UnitTest>
    <UnitTest name="AsModelsTest2" storage="d:\repos\nu2\netapi\framework\eliassen.system.tests\bin\release\net7.0\eliassen.system.tests.dll" id="870b9428-08e8-f91f-14b9-7fcf33dc2d0f">
      <TestCategory>
        <TestCategoryItem TestCategory="Unit" />
      </TestCategory>
      <Execution id="a94c6f17-2bc1-4e91-a210-31d3d1f50b35" />
      <TestMethod codeBase="D:\Repos\Nu2\NetApi\Framework\Eliassen.System.Tests\bin\Release\net7.0\Eliassen.System.Tests.dll" adapterTypeName="executor://mstestadapter/v2" className="Eliassen.System.Tests.Reflection.EnumExtensionsTests" name="AsModelsTest2" />
    </UnitTest>
    <UnitTest name="DeserializeTest ({&quot;_id&quot;:&quot;Hello World&quot;},Hello World)" storage="d:\repos\nu2\netapi\framework\eliassen.system.tests\bin\release\net7.0\eliassen.system.tests.dll" id="3d8758fd-c7fc-6203-735e-a5e0ad664994">
      <TestCategory>
        <TestCategoryItem TestCategory="Unit" />
      </TestCategory>
      <Execution id="172e6ecf-e192-4840-859a-ca155a7afeed" />
      <TestMethod codeBase="D:\Repos\Nu2\NetApi\Framework\Eliassen.System.Tests\bin\Release\net7.0\Eliassen.System.Tests.dll" adapterTypeName="executor://mstestadapter/v2" className="Eliassen.System.Tests.Text.Json.BsonIdConverterTests" name="DeserializeTest" />
    </UnitTest>
    <UnitTest name="VisitTest_EndsWith (Hello,lO,True)" storage="d:\repos\nu2\netapi\framework\eliassen.system.tests\bin\release\net7.0\eliassen.system.tests.dll" id="ef130cd9-fcd3-6cbd-3d5e-f85362a52d72">
      <TestCategory>
        <TestCategoryItem TestCategory="Unit" />
      </TestCategory>
      <Execution id="5a87c99a-5b55-49db-92a1-02a85d674cd6" />
      <TestMethod codeBase="D:\Repos\Nu2\NetApi\Framework\Eliassen.System.Tests\bin\Release\net7.0\Eliassen.System.Tests.dll" adapterTypeName="executor://mstestadapter/v2" className="Eliassen.System.Tests.Linq.Expressions.StringComparisonReplacementExpressionVisitorTests" name="VisitTest_EndsWith" />
    </UnitTest>
    <UnitTest name="DeserializeTest_Value ({&quot;Nullable&quot;:{&quot;$date&quot;:&quot;2023-07-05T14:16:32.2015217-04:00&quot;},&quot;Value&quot;:{&quot;$date&quot;:&quot;0001-01-01T00:00:00+00:00&quot;}},0001-01-01T00:00:00+00:00)" storage="d:\repos\nu2\netapi\framework\eliassen.system.tests\bin\release\net7.0\eliassen.system.tests.dll" id="6af366a4-2dec-4a9c-8783-938be9207f5b">
      <TestCategory>
        <TestCategoryItem TestCategory="Unit" />
      </TestCategory>
      <Execution id="d8899257-9184-4723-a1d5-335160c7fb02" />
      <TestMethod codeBase="D:\Repos\Nu2\NetApi\Framework\Eliassen.System.Tests\bin\Release\net7.0\Eliassen.System.Tests.dll" adapterTypeName="executor://mstestadapter/v2" className="Eliassen.System.Tests.Text.Json.BsonDateConverterTests" name="DeserializeTest_Value" />
    </UnitTest>
    <UnitTest name="VisitTest_EndsWith (Hello,lo,True)" storage="d:\repos\nu2\netapi\framework\eliassen.system.tests\bin\release\net7.0\eliassen.system.tests.dll" id="002081e5-457a-cb3a-fcfa-a07fcccc9fb3">
      <TestCategory>
        <TestCategoryItem TestCategory="Unit" />
      </TestCategory>
      <Execution id="a2abe8f8-3158-4bb0-a720-f50832fbf40d" />
      <TestMethod codeBase="D:\Repos\Nu2\NetApi\Framework\Eliassen.System.Tests\bin\Release\net7.0\Eliassen.System.Tests.dll" adapterTypeName="executor://mstestadapter/v2" className="Eliassen.System.Tests.Linq.Expressions.StringComparisonReplacementExpressionVisitorTests" name="VisitTest_EndsWith" />
    </UnitTest>
    <UnitTest name="GetResourceStreamTest" storage="d:\repos\nu2\netapi\framework\eliassen.system.tests\bin\release\net7.0\eliassen.system.tests.dll" id="5745a05f-6078-14a6-d124-e23b5e51504a">
      <TestCategory>
        <TestCategoryItem TestCategory="Unit" />
      </TestCategory>
      <Execution id="0504a151-1c9b-4e51-9c21-f2e6eeace317" />
      <TestMethod codeBase="D:\Repos\Nu2\NetApi\Framework\Eliassen.System.Tests\bin\Release\net7.0\Eliassen.System.Tests.dll" adapterTypeName="executor://mstestadapter/v2" className="Eliassen.System.Tests.Reflection.ResourceExtensionsTests" name="GetResourceStreamTest" />
    </UnitTest>
    <UnitTest name="VisitTest_StartsWith (Hello,HE,True)" storage="d:\repos\nu2\netapi\framework\eliassen.system.tests\bin\release\net7.0\eliassen.system.tests.dll" id="f5197edd-d0ef-4a92-f867-bf3ce57f244b">
      <TestCategory>
        <TestCategoryItem TestCategory="Unit" />
      </TestCategory>
      <Execution id="54c2827f-3e70-4c7d-acb0-5cdf28bbe3a4" />
      <TestMethod codeBase="D:\Repos\Nu2\NetApi\Framework\Eliassen.System.Tests\bin\Release\net7.0\Eliassen.System.Tests.dll" adapterTypeName="executor://mstestadapter/v2" className="Eliassen.System.Tests.Linq.Expressions.StringComparisonReplacementExpressionVisitorTests" name="VisitTest_StartsWith" />
    </UnitTest>
    <UnitTest name="ToEnumTest (3,Val1, Val2)" storage="d:\repos\nu2\netapi\framework\eliassen.system.tests\bin\release\net7.0\eliassen.system.tests.dll" id="87bf3122-3ae3-a8ac-3e4c-303fc3bc4226">
      <TestCategory>
        <TestCategoryItem TestCategory="Unit" />
      </TestCategory>
      <Execution id="3f1c39a4-03b1-43d0-878b-c626b8f7cf99" />
      <TestMethod codeBase="D:\Repos\Nu2\NetApi\Framework\Eliassen.System.Tests\bin\Release\net7.0\Eliassen.System.Tests.dll" adapterTypeName="executor://mstestadapter/v2" className="Eliassen.System.Tests.Reflection.EnumExtensionsTests" name="ToEnumTest" />
    </UnitTest>
    <UnitTest name="ExecuteByTest_Page (0,1,1000,1000,0,1,0)" storage="d:\repos\nu2\netapi\framework\eliassen.system.tests\bin\release\net7.0\eliassen.system.tests.dll" id="a111d044-0831-1b20-158f-e741b8774637">
      <TestCategory>
        <TestCategoryItem TestCategory="Unit" />
      </TestCategory>
      <Execution id="09776ee6-08b4-4976-90e3-27d66728e8aa" />
      <TestMethod codeBase="D:\Repos\Nu2\NetApi\Framework\Eliassen.System.Tests\bin\Release\net7.0\Eliassen.System.Tests.dll" adapterTypeName="executor://mstestadapter/v2" className="Eliassen.System.Tests.Linq.QueryableExtensionsTests" name="ExecuteByTest_Page" />
    </UnitTest>
    <UnitTest name="ToEnumTest (name,WithEnumValue)" storage="d:\repos\nu2\netapi\framework\eliassen.system.tests\bin\release\net7.0\eliassen.system.tests.dll" id="91d77318-d996-65cd-3067-4faead6c3eee">
      <TestCategory>
        <TestCategoryItem TestCategory="Unit" />
      </TestCategory>
      <Execution id="4c19b11e-9ac9-4c83-8b63-51f2a1965f34" />
      <TestMethod codeBase="D:\Repos\Nu2\NetApi\Framework\Eliassen.System.Tests\bin\Release\net7.0\Eliassen.System.Tests.dll" adapterTypeName="executor://mstestadapter/v2" className="Eliassen.System.Tests.Reflection.EnumExtensionsTests" name="ToEnumTest" />
    </UnitTest>
    <UnitTest name="GetSortablePropertyNamesTest_TestTargetModel" storage="d:\repos\nu2\netapi\framework\eliassen.system.tests\bin\release\net7.0\eliassen.system.tests.dll" id="f90f5d2f-9a6e-b4bc-022c-ce37e3e49a29">
      <TestCategory>
        <TestCategoryItem TestCategory="Unit" />
      </TestCategory>
      <Execution id="ee51578e-251f-40df-b4a1-0a3c44274d0f" />
      <TestMethod codeBase="D:\Repos\Nu2\NetApi\Framework\Eliassen.System.Tests\bin\Release\net7.0\Eliassen.System.Tests.dll" adapterTypeName="executor://mstestadapter/v2" className="Eliassen.System.Tests.Linq.Expressions.ExpressionTreeBuilderTests" name="GetSortablePropertyNamesTest_TestTargetModel" />
    </UnitTest>
    <UnitTest name="GetFilterablePropertyNamesTest_TestTarget2Model" storage="d:\repos\nu2\netapi\framework\eliassen.system.tests\bin\release\net7.0\eliassen.system.tests.dll" id="b5b73f46-926e-b166-c509-00a2b6834bdd">
      <TestCategory>
        <TestCategoryItem TestCategory="Unit" />
      </TestCategory>
      <Execution id="bb8996eb-6045-4dfc-bcb0-809986ebf72e" />
      <TestMethod codeBase="D:\Repos\Nu2\NetApi\Framework\Eliassen.System.Tests\bin\Release\net7.0\Eliassen.System.Tests.dll" adapterTypeName="executor://mstestadapter/v2" className="Eliassen.System.Tests.Linq.Expressions.ExpressionTreeBuilderTests" name="GetFilterablePropertyNamesTest_TestTarget2Model" />
    </UnitTest>
    <UnitTest name="ExecuteByTest_Sort (name,Descending,999,998,997,996,995,994,993,992,991,990)" storage="d:\repos\nu2\netapi\framework\eliassen.system.tests\bin\release\net7.0\eliassen.system.tests.dll" id="29e5e72b-7fa6-3f64-a23d-c770d5fa0cf4">
      <TestCategory>
        <TestCategoryItem TestCategory="Unit" />
      </TestCategory>
      <Execution id="7f2462e8-a5b4-4544-ab7b-fdb106c753d6" />
      <TestMethod codeBase="D:\Repos\Nu2\NetApi\Framework\Eliassen.System.Tests\bin\Release\net7.0\Eliassen.System.Tests.dll" adapterTypeName="executor://mstestadapter/v2" className="Eliassen.System.Tests.Linq.QueryableExtensionsTests" name="ExecuteByTest_Sort" />
    </UnitTest>
    <UnitTest name="ExecuteByTest_Page (1,-1,,,,1000,)" storage="d:\repos\nu2\netapi\framework\eliassen.system.tests\bin\release\net7.0\eliassen.system.tests.dll" id="e498b849-10db-ce48-d748-8f0db54c7b7b">
      <TestCategory>
        <TestCategoryItem TestCategory="Unit" />
      </TestCategory>
      <Execution id="b7cbd047-967f-4673-9eda-bc4b1ab55681" />
      <TestMethod codeBase="D:\Repos\Nu2\NetApi\Framework\Eliassen.System.Tests\bin\Release\net7.0\Eliassen.System.Tests.dll" adapterTypeName="executor://mstestadapter/v2" className="Eliassen.System.Tests.Linq.QueryableExtensionsTests" name="ExecuteByTest_Page" />
    </UnitTest>
    <UnitTest name="ToEnumTest (4,WithEnumValue)" storage="d:\repos\nu2\netapi\framework\eliassen.system.tests\bin\release\net7.0\eliassen.system.tests.dll" id="7efe0a07-f9b2-83bb-6fdf-d00b442e5d27">
      <TestCategory>
        <TestCategoryItem TestCategory="Unit" />
      </TestCategory>
      <Execution id="f3f20a8e-9e29-4db6-b87d-ab02c487c71a" />
      <TestMethod codeBase="D:\Repos\Nu2\NetApi\Framework\Eliassen.System.Tests\bin\Release\net7.0\Eliassen.System.Tests.dll" adapterTypeName="executor://mstestadapter/v2" className="Eliassen.System.Tests.Reflection.EnumExtensionsTests" name="ToEnumTest" />
    </UnitTest>
    <UnitTest name="ExecuteByTest_Sort (Name,Ascending,0,1,10,100,101,102,103,104,105,106)" storage="d:\repos\nu2\netapi\framework\eliassen.system.tests\bin\release\net7.0\eliassen.system.tests.dll" id="d314c1c4-9223-05d1-63ca-ce78f682d0f0">
      <TestCategory>
        <TestCategoryItem TestCategory="Unit" />
      </TestCategory>
      <Execution id="6b18c5aa-6c66-4ced-b3db-5e419a49e214" />
      <TestMethod codeBase="D:\Repos\Nu2\NetApi\Framework\Eliassen.System.Tests\bin\Release\net7.0\Eliassen.System.Tests.dll" adapterTypeName="executor://mstestadapter/v2" className="Eliassen.System.Tests.Linq.QueryableExtensionsTests" name="ExecuteByTest_Sort" />
    </UnitTest>
    <UnitTest name="VisitTest_Equals (,,False)" storage="d:\repos\nu2\netapi\framework\eliassen.system.tests\bin\release\net7.0\eliassen.system.tests.dll" id="e8e1976d-7e2a-a919-30e8-284cb455d028">
      <TestCategory>
        <TestCategoryItem TestCategory="Unit" />
      </TestCategory>
      <Execution id="35734a89-771e-407a-8012-4af6d3041a51" />
      <TestMethod codeBase="D:\Repos\Nu2\NetApi\Framework\Eliassen.System.Tests\bin\Release\net7.0\Eliassen.System.Tests.dll" adapterTypeName="executor://mstestadapter/v2" className="Eliassen.System.Tests.Linq.Expressions.SkipInstanceMethodOnNullExpressionVisitorTests" name="VisitTest_Equals" />
    </UnitTest>
    <UnitTest name="GetResourceFromXmlTest" storage="d:\repos\nu2\netapi\framework\eliassen.system.tests\bin\release\net7.0\eliassen.system.tests.dll" id="8ef63a3f-2208-ac88-5a22-493d4beeaeda">
      <TestCategory>
        <TestCategoryItem TestCategory="Unit" />
      </TestCategory>
      <Execution id="a522deab-fd97-4ee6-b1c8-c9cf6c05ef4e" />
      <TestMethod codeBase="D:\Repos\Nu2\NetApi\Framework\Eliassen.System.Tests\bin\Release\net7.0\Eliassen.System.Tests.dll" adapterTypeName="executor://mstestadapter/v2" className="Eliassen.System.Tests.Reflection.ResourceExtensionsTests" name="GetResourceFromXmlTest" />
    </UnitTest>
    <UnitTest name="DeserializeTest_Nullable ({&quot;Nullable&quot;:{&quot;$date&quot;:&quot;2023-07-05T14:16:32.2015217-04:00&quot;},&quot;Value&quot;:{&quot;$date&quot;:&quot;0001-01-01T00:00:00+00:00&quot;}},2023-07-05T14:16:32.2015217-04:00)" storage="d:\repos\nu2\netapi\framework\eliassen.system.tests\bin\release\net7.0\eliassen.system.tests.dll" id="a51c6a7a-75e1-0622-60c8-7222f67cd4e4">
      <TestCategory>
        <TestCategoryItem TestCategory="Unit" />
      </TestCategory>
      <Execution id="3e92b129-cb68-4325-9543-56d66126e569" />
      <TestMethod codeBase="D:\Repos\Nu2\NetApi\Framework\Eliassen.System.Tests\bin\Release\net7.0\Eliassen.System.Tests.dll" adapterTypeName="executor://mstestadapter/v2" className="Eliassen.System.Tests.Text.Json.BsonDateConverterTests" name="DeserializeTest_Nullable" />
    </UnitTest>
    <UnitTest name="VisitTest_EqualOperator (Hello,HeLlO,True)" storage="d:\repos\nu2\netapi\framework\eliassen.system.tests\bin\release\net7.0\eliassen.system.tests.dll" id="07a7a327-67a2-b280-2fa0-04f8167fd844">
      <TestCategory>
        <TestCategoryItem TestCategory="Unit" />
      </TestCategory>
      <Execution id="8f07ee4a-ef6e-4dd4-bdee-ec6571262a7e" />
      <TestMethod codeBase="D:\Repos\Nu2\NetApi\Framework\Eliassen.System.Tests\bin\Release\net7.0\Eliassen.System.Tests.dll" adapterTypeName="executor://mstestadapter/v2" className="Eliassen.System.Tests.Linq.Expressions.StringComparisonReplacementExpressionVisitorTests" name="VisitTest_EqualOperator" />
    </UnitTest>
    <UnitTest name="VisitTest_EqualOperator (Hello,HELLO,True)" storage="d:\repos\nu2\netapi\framework\eliassen.system.tests\bin\release\net7.0\eliassen.system.tests.dll" id="429bea00-ef23-00e4-9d59-b93408bb216b">
      <TestCategory>
        <TestCategoryItem TestCategory="Unit" />
      </TestCategory>
      <Execution id="a198987a-ae92-405d-8523-a19a40c053a6" />
      <TestMethod codeBase="D:\Repos\Nu2\NetApi\Framework\Eliassen.System.Tests\bin\Release\net7.0\Eliassen.System.Tests.dll" adapterTypeName="executor://mstestadapter/v2" className="Eliassen.System.Tests.Linq.Expressions.StringComparisonReplacementExpressionVisitorTests" name="VisitTest_EqualOperator" />
    </UnitTest>
    <UnitTest name="ToEnumTest (Val2,Val2)" storage="d:\repos\nu2\netapi\framework\eliassen.system.tests\bin\release\net7.0\eliassen.system.tests.dll" id="8f0103dc-5a8a-3e35-6865-4829fc000599">
      <TestCategory>
        <TestCategoryItem TestCategory="Unit" />
      </TestCategory>
      <Execution id="d00b5055-9dba-49eb-9d7f-912f0ba290a9" />
      <TestMethod codeBase="D:\Repos\Nu2\NetApi\Framework\Eliassen.System.Tests\bin\Release\net7.0\Eliassen.System.Tests.dll" adapterTypeName="executor://mstestadapter/v2" className="Eliassen.System.Tests.Reflection.EnumExtensionsTests" name="ToEnumTest" />
    </UnitTest>
    <UnitTest name="SerializeTest_Value" storage="d:\repos\nu2\netapi\framework\eliassen.system.tests\bin\release\net7.0\eliassen.system.tests.dll" id="8da0fbaf-acd6-9154-0805-f306ce39ad46">
      <TestCategory>
        <TestCategoryItem TestCategory="Unit" />
      </TestCategory>
      <Execution id="dfc6510d-ce21-4689-9100-3345fc99c3f2" />
      <TestMethod codeBase="D:\Repos\Nu2\NetApi\Framework\Eliassen.System.Tests\bin\Release\net7.0\Eliassen.System.Tests.dll" adapterTypeName="executor://mstestadapter/v2" className="Eliassen.System.Tests.Text.Json.BsonDateConverterTests" name="SerializeTest_Value" />
    </UnitTest>
    <UnitTest name="VisitTest_Contains (Hello,el,True)" storage="d:\repos\nu2\netapi\framework\eliassen.system.tests\bin\release\net7.0\eliassen.system.tests.dll" id="6cc20714-42d5-4095-4855-f0359aa8ddcb">
      <TestCategory>
        <TestCategoryItem TestCategory="Unit" />
      </TestCategory>
      <Execution id="272fd38b-84b2-4af8-81dd-52cb458ad457" />
      <TestMethod codeBase="D:\Repos\Nu2\NetApi\Framework\Eliassen.System.Tests\bin\Release\net7.0\Eliassen.System.Tests.dll" adapterTypeName="executor://mstestadapter/v2" className="Eliassen.System.Tests.Linq.Expressions.StringComparisonReplacementExpressionVisitorTests" name="VisitTest_Contains" />
    </UnitTest>
    <UnitTest name="VisitTest_Contains (Hello,eL,True)" storage="d:\repos\nu2\netapi\framework\eliassen.system.tests\bin\release\net7.0\eliassen.system.tests.dll" id="3da7e5a6-9ecd-4155-2d2b-bd809533bab0">
      <TestCategory>
        <TestCategoryItem TestCategory="Unit" />
      </TestCategory>
      <Execution id="f68b029c-2b5e-4613-b2c8-d279f1784be5" />
      <TestMethod codeBase="D:\Repos\Nu2\NetApi\Framework\Eliassen.System.Tests\bin\Release\net7.0\Eliassen.System.Tests.dll" adapterTypeName="executor://mstestadapter/v2" className="Eliassen.System.Tests.Linq.Expressions.StringComparisonReplacementExpressionVisitorTests" name="VisitTest_Contains" />
    </UnitTest>
    <UnitTest name="AsModelsTest" storage="d:\repos\nu2\netapi\framework\eliassen.system.tests\bin\release\net7.0\eliassen.system.tests.dll" id="08742191-32e9-b72f-e313-52355290b27f">
      <TestCategory>
        <TestCategoryItem TestCategory="Unit" />
      </TestCategory>
      <Execution id="95edb94b-45c9-4afe-8e61-82ade1bb71c2" />
      <TestMethod codeBase="D:\Repos\Nu2\NetApi\Framework\Eliassen.System.Tests\bin\Release\net7.0\Eliassen.System.Tests.dll" adapterTypeName="executor://mstestadapter/v2" className="Eliassen.System.Tests.Reflection.EnumExtensionsTests" name="AsModelsTest" />
    </UnitTest>
    <UnitTest name="VisitTest_StartsWith (Hello,He,True)" storage="d:\repos\nu2\netapi\framework\eliassen.system.tests\bin\release\net7.0\eliassen.system.tests.dll" id="8326adff-3a83-bfdf-0f52-29a72d8ee553">
      <TestCategory>
        <TestCategoryItem TestCategory="Unit" />
      </TestCategory>
      <Execution id="3378beca-2d1a-4b6c-b38f-7dabeb4dfd03" />
      <TestMethod codeBase="D:\Repos\Nu2\NetApi\Framework\Eliassen.System.Tests\bin\Release\net7.0\Eliassen.System.Tests.dll" adapterTypeName="executor://mstestadapter/v2" className="Eliassen.System.Tests.Linq.Expressions.StringComparisonReplacementExpressionVisitorTests" name="VisitTest_StartsWith" />
    </UnitTest>
    <UnitTest name="MakeSafeArrayTest" storage="d:\repos\nu2\netapi\framework\eliassen.system.tests\bin\release\net7.0\eliassen.system.tests.dll" id="2f56b32e-ea97-c552-8dea-074dcb4e0dc0">
      <TestCategory>
        <TestCategoryItem TestCategory="Unit" />
      </TestCategory>
      <Execution id="d63fc9f2-9a96-407a-a067-f0331952470b" />
      <TestMethod codeBase="D:\Repos\Nu2\NetApi\Framework\Eliassen.System.Tests\bin\Release\net7.0\Eliassen.System.Tests.dll" adapterTypeName="executor://mstestadapter/v2" className="Eliassen.System.Tests.Reflection.ReflectionExtensionsTests" name="MakeSafeArrayTest" />
    </UnitTest>
    <UnitTest name="GetSortablePropertyNamesTest_TestTarget2Model" storage="d:\repos\nu2\netapi\framework\eliassen.system.tests\bin\release\net7.0\eliassen.system.tests.dll" id="f3dca1bb-5884-67f2-50ab-603f9fbc49dc">
      <TestCategory>
        <TestCategoryItem TestCategory="Unit" />
      </TestCategory>
      <Execution id="3911d4b0-8ff4-41f4-90f2-9735a4ab5ee5" />
      <TestMethod codeBase="D:\Repos\Nu2\NetApi\Framework\Eliassen.System.Tests\bin\Release\net7.0\Eliassen.System.Tests.dll" adapterTypeName="executor://mstestadapter/v2" className="Eliassen.System.Tests.Linq.Expressions.ExpressionTreeBuilderTests" name="GetSortablePropertyNamesTest_TestTarget2Model" />
    </UnitTest>
    <UnitTest name="ExecuteByTest_Page (1,1,1000,1000,1,1,1)" storage="d:\repos\nu2\netapi\framework\eliassen.system.tests\bin\release\net7.0\eliassen.system.tests.dll" id="574d1c3a-376c-cab6-e298-6b6d6e6628d3">
      <TestCategory>
        <TestCategoryItem TestCategory="Unit" />
      </TestCategory>
      <Execution id="67f42c93-525a-482b-8e8f-afb02c9ee3cf" />
      <TestMethod codeBase="D:\Repos\Nu2\NetApi\Framework\Eliassen.System.Tests\bin\Release\net7.0\Eliassen.System.Tests.dll" adapterTypeName="executor://mstestadapter/v2" className="Eliassen.System.Tests.Linq.QueryableExtensionsTests" name="ExecuteByTest_Page" />
    </UnitTest>
    <UnitTest name="GetResourceAsStringAsyncTest" storage="d:\repos\nu2\netapi\framework\eliassen.system.tests\bin\release\net7.0\eliassen.system.tests.dll" id="c32d9ec7-cf3f-0b90-7da7-80e3553b5fe6">
      <TestCategory>
        <TestCategoryItem TestCategory="Unit" />
      </TestCategory>
      <Execution id="b8e91528-3a8d-4a02-b8a4-8918ccb76e39" />
      <TestMethod codeBase="D:\Repos\Nu2\NetApi\Framework\Eliassen.System.Tests\bin\Release\net7.0\Eliassen.System.Tests.dll" adapterTypeName="executor://mstestadapter/v2" className="Eliassen.System.Tests.Reflection.ResourceExtensionsTests" name="GetResourceAsStringAsyncTest" />
    </UnitTest>
    <UnitTest name="VisitTest_Equals (Hello,,False)" storage="d:\repos\nu2\netapi\framework\eliassen.system.tests\bin\release\net7.0\eliassen.system.tests.dll" id="92d311d0-315a-2b67-a035-7b4e08a07dd8">
      <TestCategory>
        <TestCategoryItem TestCategory="Unit" />
      </TestCategory>
      <Execution id="973e9e51-d3bf-4c66-bbee-09644571d3e1" />
      <TestMethod codeBase="D:\Repos\Nu2\NetApi\Framework\Eliassen.System.Tests\bin\Release\net7.0\Eliassen.System.Tests.dll" adapterTypeName="executor://mstestadapter/v2" className="Eliassen.System.Tests.Linq.Expressions.SkipInstanceMethodOnNullExpressionVisitorTests" name="VisitTest_Equals" />
    </UnitTest>
    <UnitTest name="GetFilterablePropertyNamesTest_TestTarget3Model" storage="d:\repos\nu2\netapi\framework\eliassen.system.tests\bin\release\net7.0\eliassen.system.tests.dll" id="dcab6442-3647-193e-5b50-9725bbfda52b">
      <TestCategory>
        <TestCategoryItem TestCategory="Unit" />
      </TestCategory>
      <Execution id="127b1b27-05b3-4c3b-8007-ca9a7763c6f9" />
      <TestMethod codeBase="D:\Repos\Nu2\NetApi\Framework\Eliassen.System.Tests\bin\Release\net7.0\Eliassen.System.Tests.dll" adapterTypeName="executor://mstestadapter/v2" className="Eliassen.System.Tests.Linq.Expressions.ExpressionTreeBuilderTests" name="GetFilterablePropertyNamesTest_TestTarget3Model" />
    </UnitTest>
    <UnitTest name="GetFilterablePropertyNamesTest_TestTargetModel" storage="d:\repos\nu2\netapi\framework\eliassen.system.tests\bin\release\net7.0\eliassen.system.tests.dll" id="f3383018-7bb0-86e7-cb57-311d72bf2f87">
      <TestCategory>
        <TestCategoryItem TestCategory="Unit" />
      </TestCategory>
      <Execution id="c153a054-4b85-4651-a8d9-bceed9fcfb8b" />
      <TestMethod codeBase="D:\Repos\Nu2\NetApi\Framework\Eliassen.System.Tests\bin\Release\net7.0\Eliassen.System.Tests.dll" adapterTypeName="executor://mstestadapter/v2" className="Eliassen.System.Tests.Linq.Expressions.ExpressionTreeBuilderTests" name="GetFilterablePropertyNamesTest_TestTargetModel" />
    </UnitTest>
    <UnitTest name="GetSearchablePropertyNames_TestTargetModel" storage="d:\repos\nu2\netapi\framework\eliassen.system.tests\bin\release\net7.0\eliassen.system.tests.dll" id="9c016915-9649-a737-5d1d-30f1b46f0f52">
      <TestCategory>
        <TestCategoryItem TestCategory="Unit" />
      </TestCategory>
      <Execution id="7914fcac-c286-41e6-ac0c-b0e3e55b5d10" />
      <TestMethod codeBase="D:\Repos\Nu2\NetApi\Framework\Eliassen.System.Tests\bin\Release\net7.0\Eliassen.System.Tests.dll" adapterTypeName="executor://mstestadapter/v2" className="Eliassen.System.Tests.Linq.Expressions.ExpressionTreeBuilderTests" name="GetSearchablePropertyNames_TestTargetModel" />
    </UnitTest>
    <UnitTest name="VisitTest_EndsWith (Hello,LO,True)" storage="d:\repos\nu2\netapi\framework\eliassen.system.tests\bin\release\net7.0\eliassen.system.tests.dll" id="deef7ad8-cc1d-09cf-900c-db623c3eb404">
      <TestCategory>
        <TestCategoryItem TestCategory="Unit" />
      </TestCategory>
      <Execution id="716f65c7-0765-49ce-bf05-3a1b4ace5ab8" />
      <TestMethod codeBase="D:\Repos\Nu2\NetApi\Framework\Eliassen.System.Tests\bin\Release\net7.0\Eliassen.System.Tests.dll" adapterTypeName="executor://mstestadapter/v2" className="Eliassen.System.Tests.Linq.Expressions.StringComparisonReplacementExpressionVisitorTests" name="VisitTest_EndsWith" />
    </UnitTest>
    <UnitTest name="ToEnumTest (name,name2|test name,WithEnumValue, WithMemberName, WithDisplay)" storage="d:\repos\nu2\netapi\framework\eliassen.system.tests\bin\release\net7.0\eliassen.system.tests.dll" id="61f12610-a71f-c791-3f8d-2943bdc13d3b">
      <TestCategory>
        <TestCategoryItem TestCategory="Unit" />
      </TestCategory>
      <Execution id="7fe2804a-c832-440e-8495-9344583e8845" />
      <TestMethod codeBase="D:\Repos\Nu2\NetApi\Framework\Eliassen.System.Tests\bin\Release\net7.0\Eliassen.System.Tests.dll" adapterTypeName="executor://mstestadapter/v2" className="Eliassen.System.Tests.Reflection.EnumExtensionsTests" name="ToEnumTest" />
    </UnitTest>
    <UnitTest name="GetSearchablePropertyNames_TestTarget3Model" storage="d:\repos\nu2\netapi\framework\eliassen.system.tests\bin\release\net7.0\eliassen.system.tests.dll" id="94eba969-c82f-9e81-1248-494bdd4f32c8">
      <TestCategory>
        <TestCategoryItem TestCategory="Unit" />
      </TestCategory>
      <Execution id="e194c7b7-bf0d-4e1c-b171-9aca7ff2d8b4" />
      <TestMethod codeBase="D:\Repos\Nu2\NetApi\Framework\Eliassen.System.Tests\bin\Release\net7.0\Eliassen.System.Tests.dll" adapterTypeName="executor://mstestadapter/v2" className="Eliassen.System.Tests.Linq.Expressions.ExpressionTreeBuilderTests" name="GetSearchablePropertyNames_TestTarget3Model" />
    </UnitTest>
    <UnitTest name="GetHash (Hello World!,7Qdih1MuhjZehB6Sv8UNjA==)" storage="d:\repos\nu2\netapi\framework\eliassen.system.tests\bin\release\net7.0\eliassen.system.tests.dll" id="f13dac4d-0e90-b077-3031-244f15b96c77">
      <TestCategory>
        <TestCategoryItem TestCategory="Unit" />
      </TestCategory>
      <Execution id="713f4adb-6a58-4fb6-80c9-2caf4b7047b1" />
      <TestMethod codeBase="D:\Repos\Nu2\NetApi\Framework\Eliassen.System.Tests\bin\Release\net7.0\Eliassen.System.Tests.dll" adapterTypeName="executor://mstestadapter/v2" className="Eliassen.System.Tests.Security.Cryptography.HashTests" name="GetHash" />
    </UnitTest>
    <UnitTest name="ToEnumTest (Val2 , Val1,Val1, Val2)" storage="d:\repos\nu2\netapi\framework\eliassen.system.tests\bin\release\net7.0\eliassen.system.tests.dll" id="df4bddf2-6c83-9063-fdbb-0e843fdadc18">
      <TestCategory>
        <TestCategoryItem TestCategory="Unit" />
      </TestCategory>
      <Execution id="f356aaad-5726-4bf0-818a-9bc464e3a710" />
      <TestMethod codeBase="D:\Repos\Nu2\NetApi\Framework\Eliassen.System.Tests\bin\Release\net7.0\Eliassen.System.Tests.dll" adapterTypeName="executor://mstestadapter/v2" className="Eliassen.System.Tests.Reflection.EnumExtensionsTests" name="ToEnumTest" />
    </UnitTest>
    <UnitTest name="SerializeTest" storage="d:\repos\nu2\netapi\framework\eliassen.system.tests\bin\release\net7.0\eliassen.system.tests.dll" id="83cb0395-740b-4b48-1b9a-9d0379b2c4b0">
      <TestCategory>
        <TestCategoryItem TestCategory="Unit" />
      </TestCategory>
      <Execution id="d66de8a4-7af9-43d4-9248-e81efdaee1c5" />
      <TestMethod codeBase="D:\Repos\Nu2\NetApi\Framework\Eliassen.System.Tests\bin\Release\net7.0\Eliassen.System.Tests.dll" adapterTypeName="executor://mstestadapter/v2" className="Eliassen.System.Tests.Text.Json.BsonIdConverterTests" name="SerializeTest" />
    </UnitTest>
    <UnitTest name="GetResourceFromXmlAsyncTest" storage="d:\repos\nu2\netapi\framework\eliassen.system.tests\bin\release\net7.0\eliassen.system.tests.dll" id="3dc461cc-f900-b7f4-a669-e9cf3ad5e21f">
      <TestCategory>
        <TestCategoryItem TestCategory="Unit" />
      </TestCategory>
      <Execution id="16349d5a-67de-4caf-b3ed-14721f201bd1" />
      <TestMethod codeBase="D:\Repos\Nu2\NetApi\Framework\Eliassen.System.Tests\bin\Release\net7.0\Eliassen.System.Tests.dll" adapterTypeName="executor://mstestadapter/v2" className="Eliassen.System.Tests.Reflection.ResourceExtensionsTests" name="GetResourceFromXmlAsyncTest" />
    </UnitTest>
    <UnitTest name="GetResourceFromJsonAsyncTest_NotFound" storage="d:\repos\nu2\netapi\framework\eliassen.system.tests\bin\release\net7.0\eliassen.system.tests.dll" id="d1d4b925-a073-2286-7de7-05497c979951">
      <TestCategory>
        <TestCategoryItem TestCategory="Unit" />
      </TestCategory>
      <Execution id="e54433f2-18ab-4aa0-9498-d92953137b6c" />
      <TestMethod codeBase="D:\Repos\Nu2\NetApi\Framework\Eliassen.System.Tests\bin\Release\net7.0\Eliassen.System.Tests.dll" adapterTypeName="executor://mstestadapter/v2" className="Eliassen.System.Tests.Reflection.ResourceExtensionsTests" name="GetResourceFromJsonAsyncTest_NotFound" />
    </UnitTest>
    <UnitTest name="VisitTest_Equals (Hello,HELLO,True)" storage="d:\repos\nu2\netapi\framework\eliassen.system.tests\bin\release\net7.0\eliassen.system.tests.dll" id="2969f79f-d299-0212-4f68-fb950747593e">
      <TestCategory>
        <TestCategoryItem TestCategory="Unit" />
      </TestCategory>
      <Execution id="88584735-5d99-498d-8873-823c9174d070" />
      <TestMethod codeBase="D:\Repos\Nu2\NetApi\Framework\Eliassen.System.Tests\bin\Release\net7.0\Eliassen.System.Tests.dll" adapterTypeName="executor://mstestadapter/v2" className="Eliassen.System.Tests.Linq.Expressions.StringComparisonReplacementExpressionVisitorTests" name="VisitTest_Equals" />
    </UnitTest>
    <UnitTest name="ToEnumTest (Val2|Val1,Val1, Val2)" storage="d:\repos\nu2\netapi\framework\eliassen.system.tests\bin\release\net7.0\eliassen.system.tests.dll" id="076be945-545a-ba47-6442-1c5ae8f8c054">
      <TestCategory>
        <TestCategoryItem TestCategory="Unit" />
      </TestCategory>
      <Execution id="3d73a941-c85a-41bf-8519-d16f556ac03d" />
      <TestMethod codeBase="D:\Repos\Nu2\NetApi\Framework\Eliassen.System.Tests\bin\Release\net7.0\Eliassen.System.Tests.dll" adapterTypeName="executor://mstestadapter/v2" className="Eliassen.System.Tests.Reflection.EnumExtensionsTests" name="ToEnumTest" />
    </UnitTest>
    <UnitTest name="ExecuteByTest_Sort (Name,Descending,999,998,997,996,995,994,993,992,991,990)" storage="d:\repos\nu2\netapi\framework\eliassen.system.tests\bin\release\net7.0\eliassen.system.tests.dll" id="03da6fc3-f39d-60f3-9380-2e28110daae5">
      <TestCategory>
        <TestCategoryItem TestCategory="Unit" />
      </TestCategory>
      <Execution id="a957c9f5-5209-4ac7-82c9-2646576e40a7" />
      <TestMethod codeBase="D:\Repos\Nu2\NetApi\Framework\Eliassen.System.Tests\bin\Release\net7.0\Eliassen.System.Tests.dll" adapterTypeName="executor://mstestadapter/v2" className="Eliassen.System.Tests.Linq.QueryableExtensionsTests" name="ExecuteByTest_Sort" />
    </UnitTest>
    <UnitTest name="ToEnumTest (test description,WithDescription)" storage="d:\repos\nu2\netapi\framework\eliassen.system.tests\bin\release\net7.0\eliassen.system.tests.dll" id="3f1542e4-f2ea-1598-86e8-9d63f6633298">
      <TestCategory>
        <TestCategoryItem TestCategory="Unit" />
      </TestCategory>
      <Execution id="719f540e-8594-4519-ba28-17864a70ba8b" />
      <TestMethod codeBase="D:\Repos\Nu2\NetApi\Framework\Eliassen.System.Tests\bin\Release\net7.0\Eliassen.System.Tests.dll" adapterTypeName="executor://mstestadapter/v2" className="Eliassen.System.Tests.Reflection.EnumExtensionsTests" name="ToEnumTest" />
    </UnitTest>
    <UnitTest name="MakeSafeTest" storage="d:\repos\nu2\netapi\framework\eliassen.system.tests\bin\release\net7.0\eliassen.system.tests.dll" id="e350703c-47df-56f0-b995-a52c38b53eca">
      <TestCategory>
        <TestCategoryItem TestCategory="Unit" />
      </TestCategory>
      <Execution id="e65a0354-9994-455c-a66d-aad8e8f3077b" />
      <TestMethod codeBase="D:\Repos\Nu2\NetApi\Framework\Eliassen.System.Tests\bin\Release\net7.0\Eliassen.System.Tests.dll" adapterTypeName="executor://mstestadapter/v2" className="Eliassen.System.Tests.Reflection.ReflectionExtensionsTests" name="MakeSafeTest" />
    </UnitTest>
    <UnitTest name="VisitTest_Equals (Hello,hello,False)" storage="d:\repos\nu2\netapi\framework\eliassen.system.tests\bin\release\net7.0\eliassen.system.tests.dll" id="9519dfdc-dbb6-dbe3-6b41-92c4f7f3c9f9">
      <TestCategory>
        <TestCategoryItem TestCategory="Unit" />
      </TestCategory>
      <Execution id="b0a37a82-8b28-4959-98a7-3ba50b9ec3fb" />
      <TestMethod codeBase="D:\Repos\Nu2\NetApi\Framework\Eliassen.System.Tests\bin\Release\net7.0\Eliassen.System.Tests.dll" adapterTypeName="executor://mstestadapter/v2" className="Eliassen.System.Tests.Linq.Expressions.SkipInstanceMethodOnNullExpressionVisitorTests" name="VisitTest_Equals" />
    </UnitTest>
    <UnitTest name="ToEnumTest (0,Val0)" storage="d:\repos\nu2\netapi\framework\eliassen.system.tests\bin\release\net7.0\eliassen.system.tests.dll" id="b16b57ef-593b-e535-ffda-81613736dd0e">
      <TestCategory>
        <TestCategoryItem TestCategory="Unit" />
      </TestCategory>
      <Execution id="a278b185-2095-4e2c-8149-d15bb09dbe54" />
      <TestMethod codeBase="D:\Repos\Nu2\NetApi\Framework\Eliassen.System.Tests\bin\Release\net7.0\Eliassen.System.Tests.dll" adapterTypeName="executor://mstestadapter/v2" className="Eliassen.System.Tests.Reflection.EnumExtensionsTests" name="ToEnumTest" />
    </UnitTest>
    <UnitTest name="VisitTest_StartsWith (Hello,he,True)" storage="d:\repos\nu2\netapi\framework\eliassen.system.tests\bin\release\net7.0\eliassen.system.tests.dll" id="7ab54727-ffaa-5e4a-ef48-e7910312bbed">
      <TestCategory>
        <TestCategoryItem TestCategory="Unit" />
      </TestCategory>
      <Execution id="c95b4428-70d4-4ded-82c8-5aa1c3a41d34" />
      <TestMethod codeBase="D:\Repos\Nu2\NetApi\Framework\Eliassen.System.Tests\bin\Release\net7.0\Eliassen.System.Tests.dll" adapterTypeName="executor://mstestadapter/v2" className="Eliassen.System.Tests.Linq.Expressions.StringComparisonReplacementExpressionVisitorTests" name="VisitTest_StartsWith" />
    </UnitTest>
    <UnitTest name="GetHash (hello world,XrY7u+Ae7tCTyyK7j1rNww==)" storage="d:\repos\nu2\netapi\framework\eliassen.system.tests\bin\release\net7.0\eliassen.system.tests.dll" id="cc59dd07-b7ed-0c48-8ce2-e71461ad2ad6">
      <TestCategory>
        <TestCategoryItem TestCategory="Unit" />
      </TestCategory>
      <Execution id="9723812b-057e-45e4-af21-aafb7beab042" />
      <TestMethod codeBase="D:\Repos\Nu2\NetApi\Framework\Eliassen.System.Tests\bin\Release\net7.0\Eliassen.System.Tests.dll" adapterTypeName="executor://mstestadapter/v2" className="Eliassen.System.Tests.Security.Cryptography.HashTests" name="GetHash" />
    </UnitTest>
    <UnitTest name="GetResourceFromJsonAsyncTest" storage="d:\repos\nu2\netapi\framework\eliassen.system.tests\bin\release\net7.0\eliassen.system.tests.dll" id="f664882a-a952-a76f-bc8f-fcf0578ff20f">
      <TestCategory>
        <TestCategoryItem TestCategory="Unit" />
      </TestCategory>
      <Execution id="5034c3ce-b52b-40fb-a2e3-1a0b30f42d8a" />
      <TestMethod codeBase="D:\Repos\Nu2\NetApi\Framework\Eliassen.System.Tests\bin\Release\net7.0\Eliassen.System.Tests.dll" adapterTypeName="executor://mstestadapter/v2" className="Eliassen.System.Tests.Reflection.ResourceExtensionsTests" name="GetResourceFromJsonAsyncTest" />
    </UnitTest>
    <UnitTest name="VisitTest_Equals (Hello,HeLlO,True)" storage="d:\repos\nu2\netapi\framework\eliassen.system.tests\bin\release\net7.0\eliassen.system.tests.dll" id="b08bb3d7-5d34-672a-c457-8e6d2e3c115a">
      <TestCategory>
        <TestCategoryItem TestCategory="Unit" />
      </TestCategory>
      <Execution id="04b0ce3a-9a1c-40df-93c2-b393d0efcb8c" />
      <TestMethod codeBase="D:\Repos\Nu2\NetApi\Framework\Eliassen.System.Tests\bin\Release\net7.0\Eliassen.System.Tests.dll" adapterTypeName="executor://mstestadapter/v2" className="Eliassen.System.Tests.Linq.Expressions.StringComparisonReplacementExpressionVisitorTests" name="VisitTest_Equals" />
    </UnitTest>
    <UnitTest name="ExecuteByTest_Filter" storage="d:\repos\nu2\netapi\framework\eliassen.system.tests\bin\release\net7.0\eliassen.system.tests.dll" id="b6498f29-1231-5fcf-4954-1746daa0500d">
      <TestCategory>
        <TestCategoryItem TestCategory="Unit" />
      </TestCategory>
      <Execution id="86c2a462-3caa-439f-ac9b-cc86fc1499b6" />
      <TestMethod codeBase="D:\Repos\Nu2\NetApi\Framework\Eliassen.System.Tests\bin\Release\net7.0\Eliassen.System.Tests.dll" adapterTypeName="executor://mstestadapter/v2" className="Eliassen.System.Tests.Linq.QueryableExtensionsTests" name="ExecuteByTest_Filter" />
    </UnitTest>
    <UnitTest name="ToEnumTest (test name,WithDisplay)" storage="d:\repos\nu2\netapi\framework\eliassen.system.tests\bin\release\net7.0\eliassen.system.tests.dll" id="d84cfaaf-b863-d085-4d31-005af5032898">
      <TestCategory>
        <TestCategoryItem TestCategory="Unit" />
      </TestCategory>
      <Execution id="3b7998b9-4371-4866-9d60-16d3345edb26" />
      <TestMethod codeBase="D:\Repos\Nu2\NetApi\Framework\Eliassen.System.Tests\bin\Release\net7.0\Eliassen.System.Tests.dll" adapterTypeName="executor://mstestadapter/v2" className="Eliassen.System.Tests.Reflection.EnumExtensionsTests" name="ToEnumTest" />
    </UnitTest>
    <UnitTest name="ToEnumTest (test display,WithDisplay)" storage="d:\repos\nu2\netapi\framework\eliassen.system.tests\bin\release\net7.0\eliassen.system.tests.dll" id="98a0de05-db1a-58f1-a7ab-5f0fb6fe94bf">
      <TestCategory>
        <TestCategoryItem TestCategory="Unit" />
      </TestCategory>
      <Execution id="45148322-d7ce-4910-b148-e939ef64e7f7" />
      <TestMethod codeBase="D:\Repos\Nu2\NetApi\Framework\Eliassen.System.Tests\bin\Release\net7.0\Eliassen.System.Tests.dll" adapterTypeName="executor://mstestadapter/v2" className="Eliassen.System.Tests.Reflection.EnumExtensionsTests" name="ToEnumTest" />
    </UnitTest>
    <UnitTest name="GetResourceStreamTest_NotFound" storage="d:\repos\nu2\netapi\framework\eliassen.system.tests\bin\release\net7.0\eliassen.system.tests.dll" id="9576cb6d-ffa5-4a23-9c7a-c5c6b213d46b">
      <TestCategory>
        <TestCategoryItem TestCategory="Unit" />
      </TestCategory>
      <Execution id="caf94318-8556-4992-82d1-d2760947608d" />
      <TestMethod codeBase="D:\Repos\Nu2\NetApi\Framework\Eliassen.System.Tests\bin\Release\net7.0\Eliassen.System.Tests.dll" adapterTypeName="executor://mstestadapter/v2" className="Eliassen.System.Tests.Reflection.ResourceExtensionsTests" name="GetResourceStreamTest_NotFound" />
    </UnitTest>
    <UnitTest name="ExecuteByTest_Page (0,0,100,1000,0,10,0,1,2,3,4,5,6,7,8,9)" storage="d:\repos\nu2\netapi\framework\eliassen.system.tests\bin\release\net7.0\eliassen.system.tests.dll" id="fb038f83-1c65-fe22-644b-40b63f6a9b5c">
      <TestCategory>
        <TestCategoryItem TestCategory="Unit" />
      </TestCategory>
      <Execution id="40b253b2-05f3-42c6-9570-1c0475463e4b" />
      <TestMethod codeBase="D:\Repos\Nu2\NetApi\Framework\Eliassen.System.Tests\bin\Release\net7.0\Eliassen.System.Tests.dll" adapterTypeName="executor://mstestadapter/v2" className="Eliassen.System.Tests.Linq.QueryableExtensionsTests" name="ExecuteByTest_Page" />
    </UnitTest>
    <UnitTest name="GetResourceStreamTest_ByType" storage="d:\repos\nu2\netapi\framework\eliassen.system.tests\bin\release\net7.0\eliassen.system.tests.dll" id="63fad722-7037-7050-fa28-b32ff1a4ec2f">
      <TestCategory>
        <TestCategoryItem TestCategory="Unit" />
      </TestCategory>
      <Execution id="b6fd7a00-ea21-41a9-94d0-225df1082f32" />
      <TestMethod codeBase="D:\Repos\Nu2\NetApi\Framework\Eliassen.System.Tests\bin\Release\net7.0\Eliassen.System.Tests.dll" adapterTypeName="executor://mstestadapter/v2" className="Eliassen.System.Tests.Reflection.ResourceExtensionsTests" name="GetResourceStreamTest_ByType" />
    </UnitTest>
    <UnitTest name="ExecuteByTest_Filter_Range_Bounds" storage="d:\repos\nu2\netapi\framework\eliassen.system.tests\bin\release\net7.0\eliassen.system.tests.dll" id="b8ce6298-5288-a9c6-3afb-62b35d380a81">
      <TestCategory>
        <TestCategoryItem TestCategory="Unit" />
      </TestCategory>
      <Execution id="eadabb8c-ef12-47ac-a4c3-e85bc7bd7e09" />
      <TestMethod codeBase="D:\Repos\Nu2\NetApi\Framework\Eliassen.System.Tests\bin\Release\net7.0\Eliassen.System.Tests.dll" adapterTypeName="executor://mstestadapter/v2" className="Eliassen.System.Tests.Linq.QueryableExtensionsTests" name="ExecuteByTest_Filter_Range_Bounds" />
    </UnitTest>
    <UnitTest name="ToEnumTest (name2,WithMemberName)" storage="d:\repos\nu2\netapi\framework\eliassen.system.tests\bin\release\net7.0\eliassen.system.tests.dll" id="bf375f81-f5f2-0660-e87a-799392ac2ec3">
      <TestCategory>
        <TestCategoryItem TestCategory="Unit" />
      </TestCategory>
      <Execution id="61601826-b80e-4726-9e37-b97fdb764bc9" />
      <TestMethod codeBase="D:\Repos\Nu2\NetApi\Framework\Eliassen.System.Tests\bin\Release\net7.0\Eliassen.System.Tests.dll" adapterTypeName="executor://mstestadapter/v2" className="Eliassen.System.Tests.Reflection.EnumExtensionsTests" name="ToEnumTest" />
    </UnitTest>
    <UnitTest name="VisitTest_Equals (,hello,False)" storage="d:\repos\nu2\netapi\framework\eliassen.system.tests\bin\release\net7.0\eliassen.system.tests.dll" id="33d0fc48-d317-a11f-5aba-5a22a3659a68">
      <TestCategory>
        <TestCategoryItem TestCategory="Unit" />
      </TestCategory>
      <Execution id="e068dfb8-894c-43d8-9e34-46d1b9e8897c" />
      <TestMethod codeBase="D:\Repos\Nu2\NetApi\Framework\Eliassen.System.Tests\bin\Release\net7.0\Eliassen.System.Tests.dll" adapterTypeName="executor://mstestadapter/v2" className="Eliassen.System.Tests.Linq.Expressions.SkipInstanceMethodOnNullExpressionVisitorTests" name="VisitTest_Equals" />
    </UnitTest>
    <UnitTest name="VisitTest_Equals (Hello,hello,True)" storage="d:\repos\nu2\netapi\framework\eliassen.system.tests\bin\release\net7.0\eliassen.system.tests.dll" id="229af554-d2ce-adf0-ac16-208cd1c4d601">
      <TestCategory>
        <TestCategoryItem TestCategory="Unit" />
      </TestCategory>
      <Execution id="43a58880-9af5-41af-83da-5f77c4835146" />
      <TestMethod codeBase="D:\Repos\Nu2\NetApi\Framework\Eliassen.System.Tests\bin\Release\net7.0\Eliassen.System.Tests.dll" adapterTypeName="executor://mstestadapter/v2" className="Eliassen.System.Tests.Linq.Expressions.StringComparisonReplacementExpressionVisitorTests" name="VisitTest_Equals" />
    </UnitTest>
    <UnitTest name="ToEnumTest (Val2, Val1,Val1, Val2)" storage="d:\repos\nu2\netapi\framework\eliassen.system.tests\bin\release\net7.0\eliassen.system.tests.dll" id="5c89cd62-8da5-d487-53af-86816aaa48d6">
      <TestCategory>
        <TestCategoryItem TestCategory="Unit" />
      </TestCategory>
      <Execution id="b9bcd384-729a-44e2-a12d-dd2a89827c79" />
      <TestMethod codeBase="D:\Repos\Nu2\NetApi\Framework\Eliassen.System.Tests\bin\Release\net7.0\Eliassen.System.Tests.dll" adapterTypeName="executor://mstestadapter/v2" className="Eliassen.System.Tests.Reflection.EnumExtensionsTests" name="ToEnumTest" />
    </UnitTest>
    <UnitTest name="DeserializeTest ({&quot;_id&quot;:{&quot;$oid&quot;:&quot;Hello World&quot;}},Hello World)" storage="d:\repos\nu2\netapi\framework\eliassen.system.tests\bin\release\net7.0\eliassen.system.tests.dll" id="befbbe40-8643-5608-343e-b1c6cbc1b0eb">
      <TestCategory>
        <TestCategoryItem TestCategory="Unit" />
      </TestCategory>
      <Execution id="a446bc31-002e-4d78-aa74-b1107555f93b" />
      <TestMethod codeBase="D:\Repos\Nu2\NetApi\Framework\Eliassen.System.Tests\bin\Release\net7.0\Eliassen.System.Tests.dll" adapterTypeName="executor://mstestadapter/v2" className="Eliassen.System.Tests.Text.Json.BsonIdConverterTests" name="DeserializeTest" />
    </UnitTest>
    <UnitTest name="ToEnumTest (Val2,Val1,Val1, Val2)" storage="d:\repos\nu2\netapi\framework\eliassen.system.tests\bin\release\net7.0\eliassen.system.tests.dll" id="83d780be-eb79-3e27-6cac-98ae34ec7d85">
      <TestCategory>
        <TestCategoryItem TestCategory="Unit" />
      </TestCategory>
      <Execution id="0107fd3d-91c5-476d-8abd-653423ced155" />
      <TestMethod codeBase="D:\Repos\Nu2\NetApi\Framework\Eliassen.System.Tests\bin\Release\net7.0\Eliassen.System.Tests.dll" adapterTypeName="executor://mstestadapter/v2" className="Eliassen.System.Tests.Reflection.EnumExtensionsTests" name="ToEnumTest" />
    </UnitTest>
    <UnitTest name="GetResourceFromJsonTest_NotFound" storage="d:\repos\nu2\netapi\framework\eliassen.system.tests\bin\release\net7.0\eliassen.system.tests.dll" id="838644d9-6365-e4a6-691a-5f9e9cba540d">
      <TestCategory>
        <TestCategoryItem TestCategory="Unit" />
      </TestCategory>
      <Execution id="0b359047-f140-496d-8357-288236d7b720" />
      <TestMethod codeBase="D:\Repos\Nu2\NetApi\Framework\Eliassen.System.Tests\bin\Release\net7.0\Eliassen.System.Tests.dll" adapterTypeName="executor://mstestadapter/v2" className="Eliassen.System.Tests.Reflection.ResourceExtensionsTests" name="GetResourceFromJsonTest_NotFound" />
    </UnitTest>
    <UnitTest name="VisitTest_EqualOperator (Hello,hello,True)" storage="d:\repos\nu2\netapi\framework\eliassen.system.tests\bin\release\net7.0\eliassen.system.tests.dll" id="b3ae80bf-1132-2f6b-1724-cfefeb1370e1">
      <TestCategory>
        <TestCategoryItem TestCategory="Unit" />
      </TestCategory>
      <Execution id="34656814-4500-4e46-a46b-7040126f7a94" />
      <TestMethod codeBase="D:\Repos\Nu2\NetApi\Framework\Eliassen.System.Tests\bin\Release\net7.0\Eliassen.System.Tests.dll" adapterTypeName="executor://mstestadapter/v2" className="Eliassen.System.Tests.Linq.Expressions.StringComparisonReplacementExpressionVisitorTests" name="VisitTest_EqualOperator" />
    </UnitTest>
    <UnitTest name="TryParseTest" storage="d:\repos\nu2\netapi\framework\eliassen.system.tests\bin\release\net7.0\eliassen.system.tests.dll" id="7fd160bc-3b5b-e6e2-40ae-1974536260f2">
      <TestCategory>
        <TestCategoryItem TestCategory="Unit" />
      </TestCategory>
      <Execution id="1aeb2e4c-1871-4229-b65a-04141c810573" />
      <TestMethod codeBase="D:\Repos\Nu2\NetApi\Framework\Eliassen.System.Tests\bin\Release\net7.0\Eliassen.System.Tests.dll" adapterTypeName="executor://mstestadapter/v2" className="Eliassen.System.Tests.Reflection.ReflectionExtensionsTests" name="TryParseTest" />
    </UnitTest>
    <UnitTest name="ToEnumTest (test short,WithDisplay)" storage="d:\repos\nu2\netapi\framework\eliassen.system.tests\bin\release\net7.0\eliassen.system.tests.dll" id="4cb18698-7dc2-f273-9054-8aad43f18e3a">
      <TestCategory>
        <TestCategoryItem TestCategory="Unit" />
      </TestCategory>
      <Execution id="7a539b70-d9b2-4501-beab-351476cf9120" />
      <TestMethod codeBase="D:\Repos\Nu2\NetApi\Framework\Eliassen.System.Tests\bin\Release\net7.0\Eliassen.System.Tests.dll" adapterTypeName="executor://mstestadapter/v2" className="Eliassen.System.Tests.Reflection.EnumExtensionsTests" name="ToEnumTest" />
    </UnitTest>
    <UnitTest name="DeserializeTest_Nullable ({&quot;Nullable&quot;:null,&quot;Value&quot;:{&quot;$date&quot;:&quot;2023-07-05T14:17:05.2315812-04:00&quot;}},)" storage="d:\repos\nu2\netapi\framework\eliassen.system.tests\bin\release\net7.0\eliassen.system.tests.dll" id="cc0546c7-1329-1cac-c119-b7e8dee57c88">
      <TestCategory>
        <TestCategoryItem TestCategory="Unit" />
      </TestCategory>
      <Execution id="c69df1cf-4670-4dab-a6bb-a8ff6a7a37fb" />
      <TestMethod codeBase="D:\Repos\Nu2\NetApi\Framework\Eliassen.System.Tests\bin\Release\net7.0\Eliassen.System.Tests.dll" adapterTypeName="executor://mstestadapter/v2" className="Eliassen.System.Tests.Text.Json.BsonDateConverterTests" name="DeserializeTest_Nullable" />
    </UnitTest>
    <UnitTest name="ToEnumTest (no data,)" storage="d:\repos\nu2\netapi\framework\eliassen.system.tests\bin\release\net7.0\eliassen.system.tests.dll" id="8dab1de3-735f-cc36-974f-4fcc447d693a">
      <TestCategory>
        <TestCategoryItem TestCategory="Unit" />
      </TestCategory>
      <Execution id="1240f47c-a696-4787-9e71-3e1a85eea051" />
      <TestMethod codeBase="D:\Repos\Nu2\NetApi\Framework\Eliassen.System.Tests\bin\Release\net7.0\Eliassen.System.Tests.dll" adapterTypeName="executor://mstestadapter/v2" className="Eliassen.System.Tests.Reflection.EnumExtensionsTests" name="ToEnumTest" />
    </UnitTest>
    <UnitTest name="DefaultPageSizeTest" storage="d:\repos\nu2\netapi\framework\eliassen.system.tests\bin\release\net7.0\eliassen.system.tests.dll" id="7cdd2ae3-f105-0db6-4f1d-4db0ed6728a3">
      <TestCategory>
        <TestCategoryItem TestCategory="Unit" />
      </TestCategory>
      <Execution id="dea91d0c-c71d-483a-bdaa-7b60ce4057d6" />
      <TestMethod codeBase="D:\Repos\Nu2\NetApi\Framework\Eliassen.System.Tests\bin\Release\net7.0\Eliassen.System.Tests.dll" adapterTypeName="executor://mstestadapter/v2" className="Eliassen.System.Tests.Linq.QueryableExtensionsTests" name="DefaultPageSizeTest" />
    </UnitTest>
    <UnitTest name="GetShortTypeNameTests" storage="d:\repos\nu2\netapi\framework\eliassen.system.tests\bin\release\net7.0\eliassen.system.tests.dll" id="67b6a854-1fe4-5528-77d6-501bd90b9a20">
      <TestCategory>
        <TestCategoryItem TestCategory="Unit" />
      </TestCategory>
      <Execution id="cfd5e71d-d374-44a8-8b31-6fe21bf49192" />
      <TestMethod codeBase="D:\Repos\Nu2\NetApi\Framework\Eliassen.System.Tests\bin\Release\net7.0\Eliassen.System.Tests.dll" adapterTypeName="executor://mstestadapter/v2" className="Eliassen.System.Tests.Reflection.ReflectionExtensionsTests" name="GetShortTypeNameTests" />
    </UnitTest>
    <UnitTest name="ToEnumTest (-1,-1)" storage="d:\repos\nu2\netapi\framework\eliassen.system.tests\bin\release\net7.0\eliassen.system.tests.dll" id="9e610b6a-455c-e52f-214a-cf9eeee1f12e">
      <TestCategory>
        <TestCategoryItem TestCategory="Unit" />
      </TestCategory>
      <Execution id="409efa6e-b39f-4fe9-992d-397d0092189f" />
      <TestMethod codeBase="D:\Repos\Nu2\NetApi\Framework\Eliassen.System.Tests\bin\Release\net7.0\Eliassen.System.Tests.dll" adapterTypeName="executor://mstestadapter/v2" className="Eliassen.System.Tests.Reflection.EnumExtensionsTests" name="ToEnumTest" />
    </UnitTest>
    <UnitTest name="SerializeTest_Nullable" storage="d:\repos\nu2\netapi\framework\eliassen.system.tests\bin\release\net7.0\eliassen.system.tests.dll" id="c07bd30b-1999-489c-e66f-17f7d59077a7">
      <TestCategory>
        <TestCategoryItem TestCategory="Unit" />
      </TestCategory>
      <Execution id="b642dfb9-9811-414f-8807-64de301b399c" />
      <TestMethod codeBase="D:\Repos\Nu2\NetApi\Framework\Eliassen.System.Tests\bin\Release\net7.0\Eliassen.System.Tests.dll" adapterTypeName="executor://mstestadapter/v2" className="Eliassen.System.Tests.Text.Json.BsonDateConverterTests" name="SerializeTest_Nullable" />
    </UnitTest>
    <UnitTest name="ToEnumTest (2,Val2)" storage="d:\repos\nu2\netapi\framework\eliassen.system.tests\bin\release\net7.0\eliassen.system.tests.dll" id="5c5a98ad-0c9a-7d60-5608-067c9ff5436c">
      <TestCategory>
        <TestCategoryItem TestCategory="Unit" />
      </TestCategory>
      <Execution id="8e906d84-9dae-4d72-9cb5-61b71c499bc2" />
      <TestMethod codeBase="D:\Repos\Nu2\NetApi\Framework\Eliassen.System.Tests\bin\Release\net7.0\Eliassen.System.Tests.dll" adapterTypeName="executor://mstestadapter/v2" className="Eliassen.System.Tests.Reflection.EnumExtensionsTests" name="ToEnumTest" />
    </UnitTest>
    <UnitTest name="VisitTest_Contains (Hello,EL,True)" storage="d:\repos\nu2\netapi\framework\eliassen.system.tests\bin\release\net7.0\eliassen.system.tests.dll" id="37c1a70c-f4a5-ed8d-5b4c-26c0b3e51803">
      <TestCategory>
        <TestCategoryItem TestCategory="Unit" />
      </TestCategory>
      <Execution id="8167013e-79fd-4f64-be04-adf087639725" />
      <TestMethod codeBase="D:\Repos\Nu2\NetApi\Framework\Eliassen.System.Tests\bin\Release\net7.0\Eliassen.System.Tests.dll" adapterTypeName="executor://mstestadapter/v2" className="Eliassen.System.Tests.Linq.Expressions.StringComparisonReplacementExpressionVisitorTests" name="VisitTest_Contains" />
    </UnitTest>
    <UnitTest name="ExecuteByTest_Sort (NAME,Descending,999,998,997,996,995,994,993,992,991,990)" storage="d:\repos\nu2\netapi\framework\eliassen.system.tests\bin\release\net7.0\eliassen.system.tests.dll" id="fadb4f6c-05af-af9e-474c-2d9ef6006aad">
      <TestCategory>
        <TestCategoryItem TestCategory="Unit" />
      </TestCategory>
      <Execution id="1c80543e-501b-4a88-a89f-6ed44b43b332" />
      <TestMethod codeBase="D:\Repos\Nu2\NetApi\Framework\Eliassen.System.Tests\bin\Release\net7.0\Eliassen.System.Tests.dll" adapterTypeName="executor://mstestadapter/v2" className="Eliassen.System.Tests.Linq.QueryableExtensionsTests" name="ExecuteByTest_Sort" />
    </UnitTest>
    <UnitTest name="ToEnumTest (Val1,Val1)" storage="d:\repos\nu2\netapi\framework\eliassen.system.tests\bin\release\net7.0\eliassen.system.tests.dll" id="92ccd782-a41f-014c-00b2-849693b11b8a">
      <TestCategory>
        <TestCategoryItem TestCategory="Unit" />
      </TestCategory>
      <Execution id="9012bd8b-8dc0-404f-ae13-f3c8e806afae" />
      <TestMethod codeBase="D:\Repos\Nu2\NetApi\Framework\Eliassen.System.Tests\bin\Release\net7.0\Eliassen.System.Tests.dll" adapterTypeName="executor://mstestadapter/v2" className="Eliassen.System.Tests.Reflection.EnumExtensionsTests" name="ToEnumTest" />
    </UnitTest>
    <UnitTest name="GetSearchablePropertyNames_TestTarget2Model" storage="d:\repos\nu2\netapi\framework\eliassen.system.tests\bin\release\net7.0\eliassen.system.tests.dll" id="7a9a1822-3db2-a438-faf7-05813fd14fc1">
      <TestCategory>
        <TestCategoryItem TestCategory="Unit" />
      </TestCategory>
      <Execution id="8775aefb-b86d-479e-bb73-32276c777f77" />
      <TestMethod codeBase="D:\Repos\Nu2\NetApi\Framework\Eliassen.System.Tests\bin\Release\net7.0\Eliassen.System.Tests.dll" adapterTypeName="executor://mstestadapter/v2" className="Eliassen.System.Tests.Linq.Expressions.ExpressionTreeBuilderTests" name="GetSearchablePropertyNames_TestTarget2Model" />
    </UnitTest>
    <UnitTest name="VisitTest_Equals (Hello,Hello,True)" storage="d:\repos\nu2\netapi\framework\eliassen.system.tests\bin\release\net7.0\eliassen.system.tests.dll" id="65e272d8-aa3d-4fbf-ef8f-fb9ca48a217b">
      <TestCategory>
        <TestCategoryItem TestCategory="Unit" />
      </TestCategory>
      <Execution id="93d98344-6ae9-4a37-913b-8e87ab7705c2" />
      <TestMethod codeBase="D:\Repos\Nu2\NetApi\Framework\Eliassen.System.Tests\bin\Release\net7.0\Eliassen.System.Tests.dll" adapterTypeName="executor://mstestadapter/v2" className="Eliassen.System.Tests.Linq.Expressions.SkipInstanceMethodOnNullExpressionVisitorTests" name="VisitTest_Equals" />
    </UnitTest>
  </TestDefinitions>
  <TestEntries>
    <TestEntry testId="5c89cd62-8da5-d487-53af-86816aaa48d6" executionId="b9bcd384-729a-44e2-a12d-dd2a89827c79" testListId="8c84fa94-04c1-424b-9868-57a2d4851a1d" />
    <TestEntry testId="b6498f29-1231-5fcf-4954-1746daa0500d" executionId="8bdbd074-6056-44a2-8a25-a570a972eed3" testListId="8c84fa94-04c1-424b-9868-57a2d4851a1d" />
    <TestEntry testId="b6498f29-1231-5fcf-4954-1746daa0500d" executionId="00b9973d-3588-4f80-acf6-d201044163ea" testListId="8c84fa94-04c1-424b-9868-57a2d4851a1d" />
    <TestEntry testId="98a0de05-db1a-58f1-a7ab-5f0fb6fe94bf" executionId="45148322-d7ce-4910-b148-e939ef64e7f7" testListId="8c84fa94-04c1-424b-9868-57a2d4851a1d" />
    <TestEntry testId="83cb0395-740b-4b48-1b9a-9d0379b2c4b0" executionId="d66de8a4-7af9-43d4-9248-e81efdaee1c5" testListId="8c84fa94-04c1-424b-9868-57a2d4851a1d" />
    <TestEntry testId="b6498f29-1231-5fcf-4954-1746daa0500d" executionId="0882dae2-f26c-4b77-b7e7-ab97f4cc3b1b" testListId="8c84fa94-04c1-424b-9868-57a2d4851a1d" />
    <TestEntry testId="e350703c-47df-56f0-b995-a52c38b53eca" executionId="1700606c-1581-45d9-ba59-08178fc02c7c" testListId="8c84fa94-04c1-424b-9868-57a2d4851a1d" />
    <TestEntry testId="b6498f29-1231-5fcf-4954-1746daa0500d" executionId="785040c2-e071-485c-beb9-4d74dd15f9f8" testListId="8c84fa94-04c1-424b-9868-57a2d4851a1d" />
    <TestEntry testId="e498b849-10db-ce48-d748-8f0db54c7b7b" executionId="b7cbd047-967f-4673-9eda-bc4b1ab55681" testListId="8c84fa94-04c1-424b-9868-57a2d4851a1d" />
    <TestEntry testId="b6498f29-1231-5fcf-4954-1746daa0500d" executionId="ea9461f4-9ac5-4fcf-8325-3015c080e995" testListId="8c84fa94-04c1-424b-9868-57a2d4851a1d" />
    <TestEntry testId="a111d044-0831-1b20-158f-e741b8774637" executionId="09776ee6-08b4-4976-90e3-27d66728e8aa" testListId="8c84fa94-04c1-424b-9868-57a2d4851a1d" />
    <TestEntry testId="ef130cd9-fcd3-6cbd-3d5e-f85362a52d72" executionId="5a87c99a-5b55-49db-92a1-02a85d674cd6" testListId="8c84fa94-04c1-424b-9868-57a2d4851a1d" />
    <TestEntry testId="b6498f29-1231-5fcf-4954-1746daa0500d" executionId="51b1a217-58e3-43ad-bd94-1a818351762c" testListId="8c84fa94-04c1-424b-9868-57a2d4851a1d" />
    <TestEntry testId="7ab54727-ffaa-5e4a-ef48-e7910312bbed" executionId="c95b4428-70d4-4ded-82c8-5aa1c3a41d34" testListId="8c84fa94-04c1-424b-9868-57a2d4851a1d" />
    <TestEntry testId="fb038f83-1c65-fe22-644b-40b63f6a9b5c" executionId="40b253b2-05f3-42c6-9570-1c0475463e4b" testListId="8c84fa94-04c1-424b-9868-57a2d4851a1d" />
    <TestEntry testId="b6498f29-1231-5fcf-4954-1746daa0500d" executionId="c2fa60c2-29d8-4842-b306-2dfbd702c32c" testListId="8c84fa94-04c1-424b-9868-57a2d4851a1d" />
    <TestEntry testId="838644d9-6365-e4a6-691a-5f9e9cba540d" executionId="0b359047-f140-496d-8357-288236d7b720" testListId="8c84fa94-04c1-424b-9868-57a2d4851a1d" />
    <TestEntry testId="574d1c3a-376c-cab6-e298-6b6d6e6628d3" executionId="67f42c93-525a-482b-8e8f-afb02c9ee3cf" testListId="8c84fa94-04c1-424b-9868-57a2d4851a1d" />
    <TestEntry testId="9519dfdc-dbb6-dbe3-6b41-92c4f7f3c9f9" executionId="b0a37a82-8b28-4959-98a7-3ba50b9ec3fb" testListId="8c84fa94-04c1-424b-9868-57a2d4851a1d" />
    <TestEntry testId="f664882a-a952-a76f-bc8f-fcf0578ff20f" executionId="5034c3ce-b52b-40fb-a2e3-1a0b30f42d8a" testListId="8c84fa94-04c1-424b-9868-57a2d4851a1d" />
    <TestEntry testId="03da6fc3-f39d-60f3-9380-2e28110daae5" executionId="a957c9f5-5209-4ac7-82c9-2646576e40a7" testListId="8c84fa94-04c1-424b-9868-57a2d4851a1d" />
    <TestEntry testId="7fd160bc-3b5b-e6e2-40ae-1974536260f2" executionId="0b3fc210-adb4-43c8-a359-a7ad8bfc6335" testListId="8c84fa94-04c1-424b-9868-57a2d4851a1d" />
    <TestEntry testId="9576cb6d-ffa5-4a23-9c7a-c5c6b213d46b" executionId="caf94318-8556-4992-82d1-d2760947608d" testListId="8c84fa94-04c1-424b-9868-57a2d4851a1d" />
    <TestEntry testId="07a7a327-67a2-b280-2fa0-04f8167fd844" executionId="8f07ee4a-ef6e-4dd4-bdee-ec6571262a7e" testListId="8c84fa94-04c1-424b-9868-57a2d4851a1d" />
    <TestEntry testId="6af366a4-2dec-4a9c-8783-938be9207f5b" executionId="d8899257-9184-4723-a1d5-335160c7fb02" testListId="8c84fa94-04c1-424b-9868-57a2d4851a1d" />
    <TestEntry testId="e350703c-47df-56f0-b995-a52c38b53eca" executionId="68b82bad-cb17-4340-9756-75684cc96d3b" testListId="8c84fa94-04c1-424b-9868-57a2d4851a1d" />
    <TestEntry testId="e350703c-47df-56f0-b995-a52c38b53eca" executionId="3ee178ca-5271-476b-863f-7510b3bee000" testListId="8c84fa94-04c1-424b-9868-57a2d4851a1d" />
    <TestEntry testId="e350703c-47df-56f0-b995-a52c38b53eca" executionId="aa94b912-96de-4131-802a-a83d3f7b2d4c" testListId="8c84fa94-04c1-424b-9868-57a2d4851a1d" />
    <TestEntry testId="7fd160bc-3b5b-e6e2-40ae-1974536260f2" executionId="55c50ddb-3cd5-49b8-b72b-5817a6b30025" testListId="8c84fa94-04c1-424b-9868-57a2d4851a1d" />
    <TestEntry testId="2f56b32e-ea97-c552-8dea-074dcb4e0dc0" executionId="94f3ecb6-dd80-43f2-88e5-aa0199049ecb" testListId="8c84fa94-04c1-424b-9868-57a2d4851a1d" />
    <TestEntry testId="7fd160bc-3b5b-e6e2-40ae-1974536260f2" executionId="198c1916-200b-46cf-9473-3e9cbc3ddb93" testListId="8c84fa94-04c1-424b-9868-57a2d4851a1d" />
    <TestEntry testId="a51c6a7a-75e1-0622-60c8-7222f67cd4e4" executionId="3e92b129-cb68-4325-9543-56d66126e569" testListId="8c84fa94-04c1-424b-9868-57a2d4851a1d" />
    <TestEntry testId="870b9428-08e8-f91f-14b9-7fcf33dc2d0f" executionId="a94c6f17-2bc1-4e91-a210-31d3d1f50b35" testListId="8c84fa94-04c1-424b-9868-57a2d4851a1d" />
    <TestEntry testId="b6498f29-1231-5fcf-4954-1746daa0500d" executionId="5c64d356-5df6-4060-aa81-3a2e5d579e50" testListId="8c84fa94-04c1-424b-9868-57a2d4851a1d" />
    <TestEntry testId="e350703c-47df-56f0-b995-a52c38b53eca" executionId="7071a754-1d6a-4b12-96cc-8f94e47486de" testListId="8c84fa94-04c1-424b-9868-57a2d4851a1d" />
    <TestEntry testId="e350703c-47df-56f0-b995-a52c38b53eca" executionId="78522298-bab3-49a8-af93-a09aa4c7c44d" testListId="8c84fa94-04c1-424b-9868-57a2d4851a1d" />
    <TestEntry testId="2f56b32e-ea97-c552-8dea-074dcb4e0dc0" executionId="d63fc9f2-9a96-407a-a067-f0331952470b" testListId="8c84fa94-04c1-424b-9868-57a2d4851a1d" />
    <TestEntry testId="f5197edd-d0ef-4a92-f867-bf3ce57f244b" executionId="54c2827f-3e70-4c7d-acb0-5cdf28bbe3a4" testListId="8c84fa94-04c1-424b-9868-57a2d4851a1d" />
    <TestEntry testId="e350703c-47df-56f0-b995-a52c38b53eca" executionId="a1688920-db44-4e2b-b6f0-a26c4accd97d" testListId="8c84fa94-04c1-424b-9868-57a2d4851a1d" />
    <TestEntry testId="b6498f29-1231-5fcf-4954-1746daa0500d" executionId="d51c78ae-3424-411f-ba53-df87144a915c" testListId="8c84fa94-04c1-424b-9868-57a2d4851a1d" />
    <TestEntry testId="e350703c-47df-56f0-b995-a52c38b53eca" executionId="6c714bff-fbad-465e-85d5-bb2a99d83edd" testListId="8c84fa94-04c1-424b-9868-57a2d4851a1d" />
    <TestEntry testId="e350703c-47df-56f0-b995-a52c38b53eca" executionId="fab577b6-b7d7-4cb3-abc2-bde4e77f00fc" testListId="8c84fa94-04c1-424b-9868-57a2d4851a1d" />
    <TestEntry testId="7fd160bc-3b5b-e6e2-40ae-1974536260f2" executionId="6f807631-bcd6-4d1d-955b-74846c8973e8" testListId="8c84fa94-04c1-424b-9868-57a2d4851a1d" />
    <TestEntry testId="7fd160bc-3b5b-e6e2-40ae-1974536260f2" executionId="1aeb2e4c-1871-4229-b65a-04141c810573" testListId="8c84fa94-04c1-424b-9868-57a2d4851a1d" />
    <TestEntry testId="befbbe40-8643-5608-343e-b1c6cbc1b0eb" executionId="a446bc31-002e-4d78-aa74-b1107555f93b" testListId="8c84fa94-04c1-424b-9868-57a2d4851a1d" />
    <TestEntry testId="7fd160bc-3b5b-e6e2-40ae-1974536260f2" executionId="d50905d6-4236-4502-b58b-77181aa2e3d2" testListId="8c84fa94-04c1-424b-9868-57a2d4851a1d" />
    <TestEntry testId="b6498f29-1231-5fcf-4954-1746daa0500d" executionId="cd268594-6893-4306-94f2-7597e20f9e8d" testListId="8c84fa94-04c1-424b-9868-57a2d4851a1d" />
    <TestEntry testId="b6498f29-1231-5fcf-4954-1746daa0500d" executionId="8a64da2b-ef6b-4b90-b5a6-26610ff5de65" testListId="8c84fa94-04c1-424b-9868-57a2d4851a1d" />
    <TestEntry testId="f5306a38-7e9d-ad71-73c6-1c694342dc21" executionId="92491db0-6a2f-4ff1-9336-eab89fca9a41" testListId="8c84fa94-04c1-424b-9868-57a2d4851a1d" />
    <TestEntry testId="e350703c-47df-56f0-b995-a52c38b53eca" executionId="807da4af-6731-4a21-a6b1-e1899df8800c" testListId="8c84fa94-04c1-424b-9868-57a2d4851a1d" />
    <TestEntry testId="b6498f29-1231-5fcf-4954-1746daa0500d" executionId="0e0d95de-66c8-41e8-9093-c37d67de519e" testListId="8c84fa94-04c1-424b-9868-57a2d4851a1d" />
    <TestEntry testId="d84cfaaf-b863-d085-4d31-005af5032898" executionId="3b7998b9-4371-4866-9d60-16d3345edb26" testListId="8c84fa94-04c1-424b-9868-57a2d4851a1d" />
    <TestEntry testId="f5306a38-7e9d-ad71-73c6-1c694342dc21" executionId="4ce78b58-2790-4679-bf89-087de0736bdd" testListId="8c84fa94-04c1-424b-9868-57a2d4851a1d" />
    <TestEntry testId="8ef63a3f-2208-ac88-5a22-493d4beeaeda" executionId="a522deab-fd97-4ee6-b1c8-c9cf6c05ef4e" testListId="8c84fa94-04c1-424b-9868-57a2d4851a1d" />
    <TestEntry testId="7fd160bc-3b5b-e6e2-40ae-1974536260f2" executionId="6727c7f6-b005-46cc-af15-f4d4c66cbf72" testListId="8c84fa94-04c1-424b-9868-57a2d4851a1d" />
    <TestEntry testId="b6498f29-1231-5fcf-4954-1746daa0500d" executionId="f568eb19-df95-4c5a-baf9-7af6351248ca" testListId="8c84fa94-04c1-424b-9868-57a2d4851a1d" />
    <TestEntry testId="e350703c-47df-56f0-b995-a52c38b53eca" executionId="b4738656-2d65-4eca-aa55-376dcb098565" testListId="8c84fa94-04c1-424b-9868-57a2d4851a1d" />
    <TestEntry testId="3d8758fd-c7fc-6203-735e-a5e0ad664994" executionId="172e6ecf-e192-4840-859a-ca155a7afeed" testListId="8c84fa94-04c1-424b-9868-57a2d4851a1d" />
    <TestEntry testId="08742191-32e9-b72f-e313-52355290b27f" executionId="95edb94b-45c9-4afe-8e61-82ade1bb71c2" testListId="8c84fa94-04c1-424b-9868-57a2d4851a1d" />
    <TestEntry testId="c32d9ec7-cf3f-0b90-7da7-80e3553b5fe6" executionId="b8e91528-3a8d-4a02-b8a4-8918ccb76e39" testListId="8c84fa94-04c1-424b-9868-57a2d4851a1d" />
    <TestEntry testId="b6498f29-1231-5fcf-4954-1746daa0500d" executionId="889eda06-ae8e-434b-b8b1-4581b0e8121d" testListId="8c84fa94-04c1-424b-9868-57a2d4851a1d" />
    <TestEntry testId="e350703c-47df-56f0-b995-a52c38b53eca" executionId="0db482a4-c98c-407b-b6f2-88a89e8b5485" testListId="8c84fa94-04c1-424b-9868-57a2d4851a1d" />
    <TestEntry testId="076be945-545a-ba47-6442-1c5ae8f8c054" executionId="3d73a941-c85a-41bf-8519-d16f556ac03d" testListId="8c84fa94-04c1-424b-9868-57a2d4851a1d" />
    <TestEntry testId="e350703c-47df-56f0-b995-a52c38b53eca" executionId="b52cce15-5b07-404a-9fe7-ea38dc577636" testListId="8c84fa94-04c1-424b-9868-57a2d4851a1d" />
    <TestEntry testId="cc0546c7-1329-1cac-c119-b7e8dee57c88" executionId="c69df1cf-4670-4dab-a6bb-a8ff6a7a37fb" testListId="8c84fa94-04c1-424b-9868-57a2d4851a1d" />
    <TestEntry testId="e350703c-47df-56f0-b995-a52c38b53eca" executionId="9d314da1-795d-49d4-b4d7-3af05a96869d" testListId="8c84fa94-04c1-424b-9868-57a2d4851a1d" />
    <TestEntry testId="b6498f29-1231-5fcf-4954-1746daa0500d" executionId="fcaac84d-c4cd-4984-87c5-5ccf8b180bbe" testListId="8c84fa94-04c1-424b-9868-57a2d4851a1d" />
    <TestEntry testId="e350703c-47df-56f0-b995-a52c38b53eca" executionId="be858629-a374-4201-a918-b57c1d4e2868" testListId="8c84fa94-04c1-424b-9868-57a2d4851a1d" />
    <TestEntry testId="f5306a38-7e9d-ad71-73c6-1c694342dc21" executionId="90e38c13-2041-4300-9d3a-36bd8fb392b8" testListId="8c84fa94-04c1-424b-9868-57a2d4851a1d" />
    <TestEntry testId="7efe0a07-f9b2-83bb-6fdf-d00b442e5d27" executionId="f3f20a8e-9e29-4db6-b87d-ab02c487c71a" testListId="8c84fa94-04c1-424b-9868-57a2d4851a1d" />
    <TestEntry testId="e350703c-47df-56f0-b995-a52c38b53eca" executionId="1d21ab91-a39b-420a-9b87-168d7fdd55ad" testListId="8c84fa94-04c1-424b-9868-57a2d4851a1d" />
    <TestEntry testId="91005146-e428-91de-74d5-abcd56bf6d86" executionId="d46db9ba-c8cf-4a06-8608-94eaa0f171c6" testListId="8c84fa94-04c1-424b-9868-57a2d4851a1d" />
    <TestEntry testId="b08bb3d7-5d34-672a-c457-8e6d2e3c115a" executionId="04b0ce3a-9a1c-40df-93c2-b393d0efcb8c" testListId="8c84fa94-04c1-424b-9868-57a2d4851a1d" />
    <TestEntry testId="cc59dd07-b7ed-0c48-8ce2-e71461ad2ad6" executionId="9723812b-057e-45e4-af21-aafb7beab042" testListId="8c84fa94-04c1-424b-9868-57a2d4851a1d" />
    <TestEntry testId="e350703c-47df-56f0-b995-a52c38b53eca" executionId="4a76449d-ab84-4b9c-8f8e-00b7b724c177" testListId="8c84fa94-04c1-424b-9868-57a2d4851a1d" />
    <TestEntry testId="8326adff-3a83-bfdf-0f52-29a72d8ee553" executionId="3378beca-2d1a-4b6c-b38f-7dabeb4dfd03" testListId="8c84fa94-04c1-424b-9868-57a2d4851a1d" />
    <TestEntry testId="429bea00-ef23-00e4-9d59-b93408bb216b" executionId="a198987a-ae92-405d-8523-a19a40c053a6" testListId="8c84fa94-04c1-424b-9868-57a2d4851a1d" />
    <TestEntry testId="b6498f29-1231-5fcf-4954-1746daa0500d" executionId="c98219b1-02bc-4bdb-b33e-82fe11f536e3" testListId="8c84fa94-04c1-424b-9868-57a2d4851a1d" />
    <TestEntry testId="f5306a38-7e9d-ad71-73c6-1c694342dc21" executionId="b626302f-061c-42b9-bbf6-f7e4e7bd5b2a" testListId="8c84fa94-04c1-424b-9868-57a2d4851a1d" />
    <TestEntry testId="bf375f81-f5f2-0660-e87a-799392ac2ec3" executionId="61601826-b80e-4726-9e37-b97fdb764bc9" testListId="8c84fa94-04c1-424b-9868-57a2d4851a1d" />
    <TestEntry testId="e350703c-47df-56f0-b995-a52c38b53eca" executionId="b12e423e-cbf6-4387-9c53-edd9b460ae01" testListId="8c84fa94-04c1-424b-9868-57a2d4851a1d" />
    <TestEntry testId="d3e26037-eb0b-5682-419d-883b90d0ccd1" executionId="9c2bbf59-ca45-4570-b21b-6beaeb4dde6b" testListId="8c84fa94-04c1-424b-9868-57a2d4851a1d" />
    <TestEntry testId="e350703c-47df-56f0-b995-a52c38b53eca" executionId="0dd82816-8123-47ce-80b0-12d410d91a91" testListId="8c84fa94-04c1-424b-9868-57a2d4851a1d" />
    <TestEntry testId="7fd160bc-3b5b-e6e2-40ae-1974536260f2" executionId="a10ce884-2ecf-4c70-b3d5-449a7475e4d5" testListId="8c84fa94-04c1-424b-9868-57a2d4851a1d" />
    <TestEntry testId="b6498f29-1231-5fcf-4954-1746daa0500d" executionId="e782cf13-38f2-488a-b41e-947e34c5b01f" testListId="8c84fa94-04c1-424b-9868-57a2d4851a1d" />
    <TestEntry testId="002081e5-457a-cb3a-fcfa-a07fcccc9fb3" executionId="a2abe8f8-3158-4bb0-a720-f50832fbf40d" testListId="8c84fa94-04c1-424b-9868-57a2d4851a1d" />
    <TestEntry testId="63fad722-7037-7050-fa28-b32ff1a4ec2f" executionId="b6fd7a00-ea21-41a9-94d0-225df1082f32" testListId="8c84fa94-04c1-424b-9868-57a2d4851a1d" />
    <TestEntry testId="29e5e72b-7fa6-3f64-a23d-c770d5fa0cf4" executionId="7f2462e8-a5b4-4544-ab7b-fdb106c753d6" testListId="8c84fa94-04c1-424b-9868-57a2d4851a1d" />
    <TestEntry testId="b6498f29-1231-5fcf-4954-1746daa0500d" executionId="e2f14bf8-b639-4202-9625-49b606c8354c" testListId="8c84fa94-04c1-424b-9868-57a2d4851a1d" />
    <TestEntry testId="37c1a70c-f4a5-ed8d-5b4c-26c0b3e51803" executionId="8167013e-79fd-4f64-be04-adf087639725" testListId="8c84fa94-04c1-424b-9868-57a2d4851a1d" />
    <TestEntry testId="b8ce6298-5288-a9c6-3afb-62b35d380a81" executionId="eadabb8c-ef12-47ac-a4c3-e85bc7bd7e09" testListId="8c84fa94-04c1-424b-9868-57a2d4851a1d" />
    <TestEntry testId="e350703c-47df-56f0-b995-a52c38b53eca" executionId="cc4b30b6-93e6-4845-9932-f5722061a108" testListId="8c84fa94-04c1-424b-9868-57a2d4851a1d" />
    <TestEntry testId="b6498f29-1231-5fcf-4954-1746daa0500d" executionId="972563a7-52f0-41f9-b189-2769c3f161b7" testListId="8c84fa94-04c1-424b-9868-57a2d4851a1d" />
    <TestEntry testId="5c5a98ad-0c9a-7d60-5608-067c9ff5436c" executionId="8e906d84-9dae-4d72-9cb5-61b71c499bc2" testListId="8c84fa94-04c1-424b-9868-57a2d4851a1d" />
    <TestEntry testId="b6498f29-1231-5fcf-4954-1746daa0500d" executionId="86c2a462-3caa-439f-ac9b-cc86fc1499b6" testListId="8c84fa94-04c1-424b-9868-57a2d4851a1d" />
    <TestEntry testId="dcab6442-3647-193e-5b50-9725bbfda52b" executionId="127b1b27-05b3-4c3b-8007-ca9a7763c6f9" testListId="8c84fa94-04c1-424b-9868-57a2d4851a1d" />
    <TestEntry testId="e350703c-47df-56f0-b995-a52c38b53eca" executionId="6bf57d42-5424-4f66-a9ed-aef4fe3a6201" testListId="8c84fa94-04c1-424b-9868-57a2d4851a1d" />
    <TestEntry testId="7fd160bc-3b5b-e6e2-40ae-1974536260f2" executionId="05614f59-75ce-4998-9d6c-907a768b59cf" testListId="8c84fa94-04c1-424b-9868-57a2d4851a1d" />
    <TestEntry testId="6cc20714-42d5-4095-4855-f0359aa8ddcb" executionId="272fd38b-84b2-4af8-81dd-52cb458ad457" testListId="8c84fa94-04c1-424b-9868-57a2d4851a1d" />
    <TestEntry testId="e8e1976d-7e2a-a919-30e8-284cb455d028" executionId="35734a89-771e-407a-8012-4af6d3041a51" testListId="8c84fa94-04c1-424b-9868-57a2d4851a1d" />
    <TestEntry testId="f3dca1bb-5884-67f2-50ab-603f9fbc49dc" executionId="3911d4b0-8ff4-41f4-90f2-9735a4ab5ee5" testListId="8c84fa94-04c1-424b-9868-57a2d4851a1d" />
    <TestEntry testId="e350703c-47df-56f0-b995-a52c38b53eca" executionId="26e07ecc-213b-4502-b195-a0eb36327ee8" testListId="8c84fa94-04c1-424b-9868-57a2d4851a1d" />
    <TestEntry testId="61f12610-a71f-c791-3f8d-2943bdc13d3b" executionId="7fe2804a-c832-440e-8495-9344583e8845" testListId="8c84fa94-04c1-424b-9868-57a2d4851a1d" />
    <TestEntry testId="b6498f29-1231-5fcf-4954-1746daa0500d" executionId="ab3cf157-57c2-4465-9578-6e48e07ec416" testListId="8c84fa94-04c1-424b-9868-57a2d4851a1d" />
    <TestEntry testId="7fd160bc-3b5b-e6e2-40ae-1974536260f2" executionId="e8a3a3a2-aa35-46c7-b67b-036d3be5687b" testListId="8c84fa94-04c1-424b-9868-57a2d4851a1d" />
    <TestEntry testId="8dab1de3-735f-cc36-974f-4fcc447d693a" executionId="1240f47c-a696-4787-9e71-3e1a85eea051" testListId="8c84fa94-04c1-424b-9868-57a2d4851a1d" />
    <TestEntry testId="92ccd782-a41f-014c-00b2-849693b11b8a" executionId="9012bd8b-8dc0-404f-ae13-f3c8e806afae" testListId="8c84fa94-04c1-424b-9868-57a2d4851a1d" />
    <TestEntry testId="b6498f29-1231-5fcf-4954-1746daa0500d" executionId="74f3b725-dc57-4038-a17c-3a68fecaa2e4" testListId="8c84fa94-04c1-424b-9868-57a2d4851a1d" />
    <TestEntry testId="e350703c-47df-56f0-b995-a52c38b53eca" executionId="654f8289-5f70-48a5-bb19-102bb6b25bde" testListId="8c84fa94-04c1-424b-9868-57a2d4851a1d" />
    <TestEntry testId="67b6a854-1fe4-5528-77d6-501bd90b9a20" executionId="934de23b-937d-470e-a33b-b9a9b61521d3" testListId="8c84fa94-04c1-424b-9868-57a2d4851a1d" />
    <TestEntry testId="53c31e49-be7f-689b-3cd7-03a9033ae78d" executionId="ba2e9697-336a-436d-9994-79bbe6735f74" testListId="8c84fa94-04c1-424b-9868-57a2d4851a1d" />
    <TestEntry testId="d314c1c4-9223-05d1-63ca-ce78f682d0f0" executionId="6b18c5aa-6c66-4ced-b3db-5e419a49e214" testListId="8c84fa94-04c1-424b-9868-57a2d4851a1d" />
    <TestEntry testId="df4bddf2-6c83-9063-fdbb-0e843fdadc18" executionId="f356aaad-5726-4bf0-818a-9bc464e3a710" testListId="8c84fa94-04c1-424b-9868-57a2d4851a1d" />
    <TestEntry testId="b3ae80bf-1132-2f6b-1724-cfefeb1370e1" executionId="34656814-4500-4e46-a46b-7040126f7a94" testListId="8c84fa94-04c1-424b-9868-57a2d4851a1d" />
    <TestEntry testId="6e6b50bb-e15d-9947-f68c-994b4e368f58" executionId="28475e20-0d24-49ef-a723-dbc43ddc6dc1" testListId="8c84fa94-04c1-424b-9868-57a2d4851a1d" />
    <TestEntry testId="229af554-d2ce-adf0-ac16-208cd1c4d601" executionId="43a58880-9af5-41af-83da-5f77c4835146" testListId="8c84fa94-04c1-424b-9868-57a2d4851a1d" />
    <TestEntry testId="deef7ad8-cc1d-09cf-900c-db623c3eb404" executionId="716f65c7-0765-49ce-bf05-3a1b4ace5ab8" testListId="8c84fa94-04c1-424b-9868-57a2d4851a1d" />
    <TestEntry testId="b6498f29-1231-5fcf-4954-1746daa0500d" executionId="4cf8c717-5faa-4db4-b8c6-0cb81af8cdec" testListId="8c84fa94-04c1-424b-9868-57a2d4851a1d" />
    <TestEntry testId="7fd160bc-3b5b-e6e2-40ae-1974536260f2" executionId="3bd778ac-c04c-4a3f-a194-bc9f8146abac" testListId="8c84fa94-04c1-424b-9868-57a2d4851a1d" />
    <TestEntry testId="7fd160bc-3b5b-e6e2-40ae-1974536260f2" executionId="5e682b28-4a22-4559-beea-f32181b413ab" testListId="8c84fa94-04c1-424b-9868-57a2d4851a1d" />
    <TestEntry testId="b6498f29-1231-5fcf-4954-1746daa0500d" executionId="03e3b113-df87-46a8-8890-5d94be4266c3" testListId="8c84fa94-04c1-424b-9868-57a2d4851a1d" />
    <TestEntry testId="92d311d0-315a-2b67-a035-7b4e08a07dd8" executionId="973e9e51-d3bf-4c66-bbee-09644571d3e1" testListId="8c84fa94-04c1-424b-9868-57a2d4851a1d" />
    <TestEntry testId="91d77318-d996-65cd-3067-4faead6c3eee" executionId="4c19b11e-9ac9-4c83-8b63-51f2a1965f34" testListId="8c84fa94-04c1-424b-9868-57a2d4851a1d" />
    <TestEntry testId="b6498f29-1231-5fcf-4954-1746daa0500d" executionId="aefc7f9c-b68f-4a8c-8a54-f8bdd6b364b8" testListId="8c84fa94-04c1-424b-9868-57a2d4851a1d" />
    <TestEntry testId="65b4a990-8424-f23f-9b61-155855edf172" executionId="35f72859-95c2-48c1-94d0-4beb84993a22" testListId="8c84fa94-04c1-424b-9868-57a2d4851a1d" />
    <TestEntry testId="87bf3122-3ae3-a8ac-3e4c-303fc3bc4226" executionId="3f1c39a4-03b1-43d0-878b-c626b8f7cf99" testListId="8c84fa94-04c1-424b-9868-57a2d4851a1d" />
    <TestEntry testId="7cdd2ae3-f105-0db6-4f1d-4db0ed6728a3" executionId="dea91d0c-c71d-483a-bdaa-7b60ce4057d6" testListId="8c84fa94-04c1-424b-9868-57a2d4851a1d" />
    <TestEntry testId="b6498f29-1231-5fcf-4954-1746daa0500d" executionId="092500e3-27af-4767-b6be-8329404e63bf" testListId="8c84fa94-04c1-424b-9868-57a2d4851a1d" />
    <TestEntry testId="b6498f29-1231-5fcf-4954-1746daa0500d" executionId="d86630fe-a77a-4a71-bb4d-c094793a8e2e" testListId="8c84fa94-04c1-424b-9868-57a2d4851a1d" />
    <TestEntry testId="e350703c-47df-56f0-b995-a52c38b53eca" executionId="ec578e96-e78f-4c29-b3f1-44c63f48670b" testListId="8c84fa94-04c1-424b-9868-57a2d4851a1d" />
    <TestEntry testId="7fd160bc-3b5b-e6e2-40ae-1974536260f2" executionId="894960ef-3a4c-4161-8a86-8ffef3fc505f" testListId="8c84fa94-04c1-424b-9868-57a2d4851a1d" />
    <TestEntry testId="b6498f29-1231-5fcf-4954-1746daa0500d" executionId="c6ca914d-9822-45eb-b307-13b222161b2a" testListId="8c84fa94-04c1-424b-9868-57a2d4851a1d" />
    <TestEntry testId="f90f5d2f-9a6e-b4bc-022c-ce37e3e49a29" executionId="ee51578e-251f-40df-b4a1-0a3c44274d0f" testListId="8c84fa94-04c1-424b-9868-57a2d4851a1d" />
    <TestEntry testId="e350703c-47df-56f0-b995-a52c38b53eca" executionId="69fa66d0-60ba-4695-b6f6-137798f8e8db" testListId="8c84fa94-04c1-424b-9868-57a2d4851a1d" />
    <TestEntry testId="c07bd30b-1999-489c-e66f-17f7d59077a7" executionId="b642dfb9-9811-414f-8807-64de301b399c" testListId="8c84fa94-04c1-424b-9868-57a2d4851a1d" />
    <TestEntry testId="8f0103dc-5a8a-3e35-6865-4829fc000599" executionId="d00b5055-9dba-49eb-9d7f-912f0ba290a9" testListId="8c84fa94-04c1-424b-9868-57a2d4851a1d" />
    <TestEntry testId="94eba969-c82f-9e81-1248-494bdd4f32c8" executionId="e194c7b7-bf0d-4e1c-b171-9aca7ff2d8b4" testListId="8c84fa94-04c1-424b-9868-57a2d4851a1d" />
    <TestEntry testId="5745a05f-6078-14a6-d124-e23b5e51504a" executionId="0504a151-1c9b-4e51-9c21-f2e6eeace317" testListId="8c84fa94-04c1-424b-9868-57a2d4851a1d" />
    <TestEntry testId="e350703c-47df-56f0-b995-a52c38b53eca" executionId="e65a0354-9994-455c-a66d-aad8e8f3077b" testListId="8c84fa94-04c1-424b-9868-57a2d4851a1d" />
    <TestEntry testId="7fd160bc-3b5b-e6e2-40ae-1974536260f2" executionId="b6ea535d-0327-4b20-b6a7-e4792f951aaa" testListId="8c84fa94-04c1-424b-9868-57a2d4851a1d" />
    <TestEntry testId="e350703c-47df-56f0-b995-a52c38b53eca" executionId="4da09efd-0b57-42bd-a8ff-db9fb7df806f" testListId="8c84fa94-04c1-424b-9868-57a2d4851a1d" />
    <TestEntry testId="8da0fbaf-acd6-9154-0805-f306ce39ad46" executionId="dfc6510d-ce21-4689-9100-3345fc99c3f2" testListId="8c84fa94-04c1-424b-9868-57a2d4851a1d" />
    <TestEntry testId="2f56b32e-ea97-c552-8dea-074dcb4e0dc0" executionId="019e2464-56de-4d4c-b4df-e054c6aa0769" testListId="8c84fa94-04c1-424b-9868-57a2d4851a1d" />
    <TestEntry testId="fadb4f6c-05af-af9e-474c-2d9ef6006aad" executionId="1c80543e-501b-4a88-a89f-6ed44b43b332" testListId="8c84fa94-04c1-424b-9868-57a2d4851a1d" />
    <TestEntry testId="2969f79f-d299-0212-4f68-fb950747593e" executionId="88584735-5d99-498d-8873-823c9174d070" testListId="8c84fa94-04c1-424b-9868-57a2d4851a1d" />
    <TestEntry testId="9ff710c6-f803-586a-c1b9-f2f68b12da51" executionId="3c4fbc01-b921-4b33-a61b-7e3922a31499" testListId="8c84fa94-04c1-424b-9868-57a2d4851a1d" />
    <TestEntry testId="e350703c-47df-56f0-b995-a52c38b53eca" executionId="df08cca9-62ca-45b1-bb1a-cd0badde09ad" testListId="8c84fa94-04c1-424b-9868-57a2d4851a1d" />
    <TestEntry testId="e350703c-47df-56f0-b995-a52c38b53eca" executionId="2b35057d-e1d2-4f0a-a9f4-43ca05d266ba" testListId="8c84fa94-04c1-424b-9868-57a2d4851a1d" />
    <TestEntry testId="b6498f29-1231-5fcf-4954-1746daa0500d" executionId="6fa85ef3-bde5-44cd-84b6-40313b19a4a7" testListId="8c84fa94-04c1-424b-9868-57a2d4851a1d" />
    <TestEntry testId="a29d2822-126a-1900-33c2-f20f68d10c99" executionId="3f07b155-dc64-4d5a-b51b-d9fa51ffccf3" testListId="8c84fa94-04c1-424b-9868-57a2d4851a1d" />
    <TestEntry testId="7fd160bc-3b5b-e6e2-40ae-1974536260f2" executionId="333bdd4e-77c1-442c-8207-f2e908c4a1ac" testListId="8c84fa94-04c1-424b-9868-57a2d4851a1d" />
    <TestEntry testId="e350703c-47df-56f0-b995-a52c38b53eca" executionId="2c944868-c762-4969-ab3d-624ba4dfdd95" testListId="8c84fa94-04c1-424b-9868-57a2d4851a1d" />
    <TestEntry testId="b6498f29-1231-5fcf-4954-1746daa0500d" executionId="e297204c-5b50-47d6-9a54-8dc4a3a871bc" testListId="8c84fa94-04c1-424b-9868-57a2d4851a1d" />
    <TestEntry testId="b6498f29-1231-5fcf-4954-1746daa0500d" executionId="b75a12e1-39eb-4e93-a285-efbf5090113f" testListId="8c84fa94-04c1-424b-9868-57a2d4851a1d" />
    <TestEntry testId="e350703c-47df-56f0-b995-a52c38b53eca" executionId="a12cee48-771d-433e-b33b-785cb2740606" testListId="8c84fa94-04c1-424b-9868-57a2d4851a1d" />
    <TestEntry testId="b16b57ef-593b-e535-ffda-81613736dd0e" executionId="a278b185-2095-4e2c-8149-d15bb09dbe54" testListId="8c84fa94-04c1-424b-9868-57a2d4851a1d" />
    <TestEntry testId="e350703c-47df-56f0-b995-a52c38b53eca" executionId="d870dca1-6258-4b76-80e9-972285122dd7" testListId="8c84fa94-04c1-424b-9868-57a2d4851a1d" />
    <TestEntry testId="9c016915-9649-a737-5d1d-30f1b46f0f52" executionId="7914fcac-c286-41e6-ac0c-b0e3e55b5d10" testListId="8c84fa94-04c1-424b-9868-57a2d4851a1d" />
    <TestEntry testId="9e610b6a-455c-e52f-214a-cf9eeee1f12e" executionId="409efa6e-b39f-4fe9-992d-397d0092189f" testListId="8c84fa94-04c1-424b-9868-57a2d4851a1d" />
    <TestEntry testId="d1d4b925-a073-2286-7de7-05497c979951" executionId="e54433f2-18ab-4aa0-9498-d92953137b6c" testListId="8c84fa94-04c1-424b-9868-57a2d4851a1d" />
    <TestEntry testId="e350703c-47df-56f0-b995-a52c38b53eca" executionId="93596e01-2d35-41e5-b7eb-d1cc00e54a8b" testListId="8c84fa94-04c1-424b-9868-57a2d4851a1d" />
    <TestEntry testId="3da7e5a6-9ecd-4155-2d2b-bd809533bab0" executionId="f68b029c-2b5e-4613-b2c8-d279f1784be5" testListId="8c84fa94-04c1-424b-9868-57a2d4851a1d" />
    <TestEntry testId="b6498f29-1231-5fcf-4954-1746daa0500d" executionId="3ab24e49-772c-43ee-a2b7-3f1f096e48d8" testListId="8c84fa94-04c1-424b-9868-57a2d4851a1d" />
    <TestEntry testId="b6498f29-1231-5fcf-4954-1746daa0500d" executionId="a69bbba2-1727-478e-8cfe-2ea50c45760c" testListId="8c84fa94-04c1-424b-9868-57a2d4851a1d" />
    <TestEntry testId="b6498f29-1231-5fcf-4954-1746daa0500d" executionId="9c42d188-057d-48f6-a36e-052d1b1694d3" testListId="8c84fa94-04c1-424b-9868-57a2d4851a1d" />
    <TestEntry testId="33d0fc48-d317-a11f-5aba-5a22a3659a68" executionId="e068dfb8-894c-43d8-9e34-46d1b9e8897c" testListId="8c84fa94-04c1-424b-9868-57a2d4851a1d" />
    <TestEntry testId="b6498f29-1231-5fcf-4954-1746daa0500d" executionId="6d78b0c3-372e-4971-8285-aea33cc0df15" testListId="8c84fa94-04c1-424b-9868-57a2d4851a1d" />
    <TestEntry testId="b6498f29-1231-5fcf-4954-1746daa0500d" executionId="7f2b701e-0e10-4a79-b17d-5580ce4b667a" testListId="8c84fa94-04c1-424b-9868-57a2d4851a1d" />
    <TestEntry testId="b6498f29-1231-5fcf-4954-1746daa0500d" executionId="d3826ef6-82d4-4512-bd84-9d74c93ca451" testListId="8c84fa94-04c1-424b-9868-57a2d4851a1d" />
    <TestEntry testId="3dc461cc-f900-b7f4-a669-e9cf3ad5e21f" executionId="16349d5a-67de-4caf-b3ed-14721f201bd1" testListId="8c84fa94-04c1-424b-9868-57a2d4851a1d" />
    <TestEntry testId="f5306a38-7e9d-ad71-73c6-1c694342dc21" executionId="fdb6010f-9058-4d73-94a2-422ab6eb0e82" testListId="8c84fa94-04c1-424b-9868-57a2d4851a1d" />
    <TestEntry testId="b6498f29-1231-5fcf-4954-1746daa0500d" executionId="a88d10b2-23f9-4256-b39c-1c9c3b9b6b23" testListId="8c84fa94-04c1-424b-9868-57a2d4851a1d" />
    <TestEntry testId="f13dac4d-0e90-b077-3031-244f15b96c77" executionId="713f4adb-6a58-4fb6-80c9-2caf4b7047b1" testListId="8c84fa94-04c1-424b-9868-57a2d4851a1d" />
    <TestEntry testId="65e272d8-aa3d-4fbf-ef8f-fb9ca48a217b" executionId="93d98344-6ae9-4a37-913b-8e87ab7705c2" testListId="8c84fa94-04c1-424b-9868-57a2d4851a1d" />
    <TestEntry testId="67b6a854-1fe4-5528-77d6-501bd90b9a20" executionId="cfd5e71d-d374-44a8-8b31-6fe21bf49192" testListId="8c84fa94-04c1-424b-9868-57a2d4851a1d" />
    <TestEntry testId="e350703c-47df-56f0-b995-a52c38b53eca" executionId="5227be4d-81e4-49f0-a2d5-0bc901320174" testListId="8c84fa94-04c1-424b-9868-57a2d4851a1d" />
    <TestEntry testId="3f1542e4-f2ea-1598-86e8-9d63f6633298" executionId="719f540e-8594-4519-ba28-17864a70ba8b" testListId="8c84fa94-04c1-424b-9868-57a2d4851a1d" />
    <TestEntry testId="7a9a1822-3db2-a438-faf7-05813fd14fc1" executionId="8775aefb-b86d-479e-bb73-32276c777f77" testListId="8c84fa94-04c1-424b-9868-57a2d4851a1d" />
    <TestEntry testId="b5b73f46-926e-b166-c509-00a2b6834bdd" executionId="bb8996eb-6045-4dfc-bcb0-809986ebf72e" testListId="8c84fa94-04c1-424b-9868-57a2d4851a1d" />
    <TestEntry testId="f3383018-7bb0-86e7-cb57-311d72bf2f87" executionId="c153a054-4b85-4651-a8d9-bceed9fcfb8b" testListId="8c84fa94-04c1-424b-9868-57a2d4851a1d" />
    <TestEntry testId="b6498f29-1231-5fcf-4954-1746daa0500d" executionId="b0b9df1c-d5b7-44ba-b65e-f7170a745975" testListId="8c84fa94-04c1-424b-9868-57a2d4851a1d" />
    <TestEntry testId="7fd160bc-3b5b-e6e2-40ae-1974536260f2" executionId="847c8dc4-5f3b-4dfa-ba5b-8184dd8050ab" testListId="8c84fa94-04c1-424b-9868-57a2d4851a1d" />
    <TestEntry testId="83d780be-eb79-3e27-6cac-98ae34ec7d85" executionId="0107fd3d-91c5-476d-8abd-653423ced155" testListId="8c84fa94-04c1-424b-9868-57a2d4851a1d" />
    <TestEntry testId="4cb18698-7dc2-f273-9054-8aad43f18e3a" executionId="7a539b70-d9b2-4501-beab-351476cf9120" testListId="8c84fa94-04c1-424b-9868-57a2d4851a1d" />
    <TestEntry testId="7fd160bc-3b5b-e6e2-40ae-1974536260f2" executionId="77524584-54ab-487b-977e-853bdd6d6b59" testListId="8c84fa94-04c1-424b-9868-57a2d4851a1d" />
  </TestEntries>
  <TestLists>
    <TestList name="Results Not in a List" id="8c84fa94-04c1-424b-9868-57a2d4851a1d" />
    <TestList name="All Loaded Results" id="19431567-8539-422a-85d7-44ee4e166bda" />
  </TestLists>
  <ResultSummary outcome="Completed">
    <Counters total="185" executed="185" passed="185" failed="0" error="0" timeout="0" aborted="0" inconclusive="0" passedButRunAborted="0" notRunnable="0" notExecuted="0" disconnected="0" warning="0" completed="0" inProgress="0" pending="0" />
    <CollectorDataEntries>
      <Collector agentName="LW-18560" uri="datacollector://microsoft/CoverletCodeCoverage/1.0" collectorDisplayName="XPlat code coverage">
        <UriAttachments>
          <UriAttachment>
            <A href="LW-18560\coverage.cobertura[1].xml"></A>
          </UriAttachment>
        </UriAttachments>
      </Collector>
    </CollectorDataEntries>
  </ResultSummary>
</TestRun>