<?xml version="1.0" encoding="utf-8"?>
<TestRun xmlns="http://microsoft.com/schemas/VisualStudio/TeamTest/2010">
  <Times creation="2024-01-04T16:52:05.2948549-05:00" queuing="2024-01-04T16:52:05.2948554-05:00" start="2024-01-04T16:52:03.1704039-05:00" finish="2024-03-04T14:08:54.6986722-05:00" />
  <Results >
    <UnitTestResult executionId="6e01a240-60d9-4a5b-9ad3-3e1f89c53a0d" testId="94603f64-5739-e688-dcfd-6687308b4a9a" testName="AddResultTest_Object_WithFileNameRemoveExtension" computerName="DESKTOP-3FN5V33" duration="00:00:00.0044603" startTime="2024-03-04T14:07:36.5117150-05:00" endTime="2024-03-04T14:07:36.5165807-05:00" testType="13cdc9d9-ddb5-4fa4-a97d-d965ccfc6d4b" outcome="Passed" testListId="8c84fa94-04c1-424b-9868-57a2d4851a1d" relativeResultsDirectory="6e01a240-60d9-4a5b-9ad3-3e1f89c53a0d" xmlns="http://microsoft.com/schemas/VisualStudio/TeamTest/2010">
      <Output>
        <StdOut>TestContext Messages:
TestFileName-TextContextExtensionsTests_AddResultTest_Object_WithFileNameRemoveExtension(150)-638451580565123249: Attached</StdOut>
      </Output>
      <ResultFiles>
        <ResultFile path="DESKTOP-3FN5V33\TestFileName-TextContextExtensionsTests_AddResultTest_Object_WithFileNameRemoveExtension(150)-638451580565123249" />
      </ResultFiles>
    </UnitTestResult>
    <UnitTestResult executionId="596b251f-1d3d-4b8a-a3fa-e6ef9a6ff8f8" testId="de980556-11bb-d6e9-c03a-e5592a3218d5" testName="AddResultTest_String" computerName="DESKTOP-3FN5V33" duration="00:00:00.0044793" startTime="2024-03-04T14:07:36.4808840-05:00" endTime="2024-03-04T14:07:36.4860214-05:00" testType="13cdc9d9-ddb5-4fa4-a97d-d965ccfc6d4b" outcome="Passed" testListId="8c84fa94-04c1-424b-9868-57a2d4851a1d" relativeResultsDirectory="596b251f-1d3d-4b8a-a3fa-e6ef9a6ff8f8" xmlns="http://microsoft.com/schemas/VisualStudio/TeamTest/2010">
      <Output>
        <StdOut>TestContext Messages:
String-TextContextExtensionsTests_AddResultTest_String(50)-638451580564819232.txt: Attached</StdOut>
      </Output>
      <ResultFiles>
        <ResultFile path="DESKTOP-3FN5V33\String-TextContextExtensionsTests_AddResultTest_String(50)-638451580564819232.txt" />
      </ResultFiles>
    </UnitTestResult>
    <UnitTestResult executionId="5d678d90-b62a-4ebd-8176-51cd26a2c77e" testId="09f85366-159b-5dce-cdaa-bbbd3e98347c" testName="GetTestDataAsyncTest_Stream" computerName="DESKTOP-3FN5V33" duration="00:00:00.0221560" startTime="2024-03-04T14:07:37.5965502-05:00" endTime="2024-03-04T14:07:37.6283719-05:00" testType="13cdc9d9-ddb5-4fa4-a97d-d965ccfc6d4b" outcome="Passed" testListId="8c84fa94-04c1-424b-9868-57a2d4851a1d" relativeResultsDirectory="5d678d90-b62a-4ebd-8176-51cd26a2c77e" xmlns="http://microsoft.com/schemas/VisualStudio/TeamTest/2010" />
    <UnitTestResult executionId="51c1e113-e9c8-4367-8bd8-e63a762dbfcc" testId="4173abf6-6eee-31f5-7205-ad46c7104d49" testName="AddResultFileTest_FileContent" computerName="DESKTOP-3FN5V33" duration="00:00:00.0069391" startTime="2024-03-04T14:07:36.6474253-05:00" endTime="2024-03-04T14:07:36.6549478-05:00" testType="13cdc9d9-ddb5-4fa4-a97d-d965ccfc6d4b" outcome="Passed" testListId="8c84fa94-04c1-424b-9868-57a2d4851a1d" relativeResultsDirectory="51c1e113-e9c8-4367-8bd8-e63a762dbfcc" xmlns="http://microsoft.com/schemas/VisualStudio/TeamTest/2010">
      <ResultFiles>
        <ResultFile path="DESKTOP-3FN5V33\test-file.txt" />
      </ResultFiles>
    </UnitTestResult>
    <UnitTestResult executionId="eb357633-7092-4668-a874-22d970b79e18" testId="4756cbfe-51aa-abcc-147f-e97a51057db5" testName="AddResultTest_Object_WithFileNameNoExtension" computerName="DESKTOP-3FN5V33" duration="00:00:00.0047598" startTime="2024-03-04T14:07:36.4939447-05:00" endTime="2024-03-04T14:07:36.4991070-05:00" testType="13cdc9d9-ddb5-4fa4-a97d-d965ccfc6d4b" outcome="Passed" testListId="8c84fa94-04c1-424b-9868-57a2d4851a1d" relativeResultsDirectory="eb357633-7092-4668-a874-22d970b79e18" xmlns="http://microsoft.com/schemas/VisualStudio/TeamTest/2010">
      <Output>
        <StdOut>TestContext Messages:
TestFileName-TextContextExtensionsTests_AddResultTest_Object_WithFileNameNoExtension(90)-638451580564945956.json: Attached</StdOut>
      </Output>
      <ResultFiles>
        <ResultFile path="DESKTOP-3FN5V33\TestFileName-TextContextExtensionsTests_AddResultTest_Object_WithFileNameNoExtension(90)-638451580564945956.json" />
      </ResultFiles>
    </UnitTestResult>
    <UnitTestResult executionId="b104ed24-e1ff-4865-a02c-ed0d7a6c4d36" testId="ed2eb3a8-9a8f-8428-0d0a-7e6a2f6200e2" testName="AddResultTest_Lines" computerName="DESKTOP-3FN5V33" duration="00:00:00.0036087" startTime="2024-03-04T14:07:36.4886370-05:00" endTime="2024-03-04T14:07:36.4926308-05:00" testType="13cdc9d9-ddb5-4fa4-a97d-d965ccfc6d4b" outcome="Passed" testListId="8c84fa94-04c1-424b-9868-57a2d4851a1d" relativeResultsDirectory="b104ed24-e1ff-4865-a02c-ed0d7a6c4d36" xmlns="http://microsoft.com/schemas/VisualStudio/TeamTest/2010">
      <Output>
        <StdOut>TestContext Messages:
String[]-TextContextExtensionsTests_AddResultTest_Lines(70)-638451580564892525.txt: Attached</StdOut>
      </Output>
      <ResultFiles>
        <ResultFile path="DESKTOP-3FN5V33\String[]-TextContextExtensionsTests_AddResultTest_Lines(70)-638451580564892525.txt" />
      </ResultFiles>
    </UnitTestResult>
    <UnitTestResult executionId="2b4debb3-5319-4126-8dd0-a689cb170bad" testId="726abc2c-502d-4a5c-e2c7-073f21d793da" testName="AddResultFileTest_FileContentOutFile" computerName="DESKTOP-3FN5V33" duration="00:00:00.0114569" startTime="2024-03-04T14:07:36.6560412-05:00" endTime="2024-03-04T14:07:36.6678388-05:00" testType="13cdc9d9-ddb5-4fa4-a97d-d965ccfc6d4b" outcome="Passed" testListId="8c84fa94-04c1-424b-9868-57a2d4851a1d" relativeResultsDirectory="2b4debb3-5319-4126-8dd0-a689cb170bad" xmlns="http://microsoft.com/schemas/VisualStudio/TeamTest/2010">
      <Output>
        <StdOut>TestContext Messages:
c:\Repos\Nucleus\Net.Libs\TestResults\Deploy_MWhited 20240304T140735\In\DESKTOP-3FN5V33\test-file.txt</StdOut>
      </Output>
      <ResultFiles>
        <ResultFile path="DESKTOP-3FN5V33\test-file.txt" />
      </ResultFiles>
    </UnitTestResult>
    <UnitTestResult executionId="2153ef30-e652-4a24-8589-cf539a9bcdd9" testId="8aec3498-0c1a-9091-2458-51d1c67933bf" testName="AddResultTest_Json" computerName="DESKTOP-3FN5V33" duration="00:00:00.0121394" startTime="2024-03-04T14:07:36.5234445-05:00" endTime="2024-03-04T14:07:36.5359974-05:00" testType="13cdc9d9-ddb5-4fa4-a97d-d965ccfc6d4b" outcome="Passed" testListId="8c84fa94-04c1-424b-9868-57a2d4851a1d" relativeResultsDirectory="2153ef30-e652-4a24-8589-cf539a9bcdd9" xmlns="http://microsoft.com/schemas/VisualStudio/TeamTest/2010">
      <Output>
        <StdOut>TestContext Messages:
JObject-TextContextExtensionsTests_AddResultTest_Json(190)-638451580565245667.json: Attached</StdOut>
      </Output>
      <ResultFiles>
        <ResultFile path="DESKTOP-3FN5V33\JObject-TextContextExtensionsTests_AddResultTest_Json(190)-638451580565245667.json" />
      </ResultFiles>
    </UnitTestResult>
    <UnitTestResult executionId="6c2b200c-78fd-4a44-b9ef-f927b13642d8" testId="bb6d8621-db33-2366-8e82-a87beebdef19" testName="AddResultTest_Stream" computerName="DESKTOP-3FN5V33" duration="00:00:00.0042602" startTime="2024-03-04T14:07:36.5173965-05:00" endTime="2024-03-04T14:07:36.5219407-05:00" testType="13cdc9d9-ddb5-4fa4-a97d-d965ccfc6d4b" outcome="Passed" testListId="8c84fa94-04c1-424b-9868-57a2d4851a1d" relativeResultsDirectory="6c2b200c-78fd-4a44-b9ef-f927b13642d8" xmlns="http://microsoft.com/schemas/VisualStudio/TeamTest/2010">
      <Output>
        <StdOut>TestContext Messages:
MemoryStream-TextContextExtensionsTests_AddResultTest_Stream(170)-638451580565178746.bin: Attached</StdOut>
      </Output>
      <ResultFiles>
        <ResultFile path="DESKTOP-3FN5V33\MemoryStream-TextContextExtensionsTests_AddResultTest_Stream(170)-638451580565178746.bin" />
      </ResultFiles>
    </UnitTestResult>
    <UnitTestResult executionId="6e2bb3ae-e5b3-4fca-a28f-96c36db85a30" testId="35da343a-5826-ac4c-688a-c2bbf7572a30" testName="AddResultTest_ValueOutFile" computerName="DESKTOP-3FN5V33" duration="00:00:00.0133129" startTime="2024-03-04T14:07:36.6285731-05:00" endTime="2024-03-04T14:07:36.6422939-05:00" testType="13cdc9d9-ddb5-4fa4-a97d-d965ccfc6d4b" outcome="Passed" testListId="8c84fa94-04c1-424b-9868-57a2d4851a1d" relativeResultsDirectory="6e2bb3ae-e5b3-4fca-a28f-96c36db85a30" xmlns="http://microsoft.com/schemas/VisualStudio/TeamTest/2010">
      <Output>
        <StdOut>TestContext Messages:
TestData-TextContextExtensionsTests_AddResultTest_ValueOutFile(210)-638451580566290286.json: Attached
c:\Repos\Nucleus\Net.Libs\TestResults\Deploy_MWhited 20240304T140735\In\DESKTOP-3FN5V33\TestData-TextContextExtensionsTests_AddResultTest_ValueOutFile(210)-638451580566290286.json</StdOut>
      </Output>
      <ResultFiles>
        <ResultFile path="DESKTOP-3FN5V33\TestData-TextContextExtensionsTests_AddResultTest_ValueOutFile(210)-638451580566290286.json" />
      </ResultFiles>
    </UnitTestResult>
    <UnitTestResult executionId="6415d5e4-c448-4f58-8b70-fc67add12f05" testId="01e51d56-c992-5e2d-f6ea-cf3f1977a589" testName="GetTestDataAsyncTest_Targeted" computerName="DESKTOP-3FN5V33" duration="00:00:00.0231118" startTime="2024-03-04T14:07:37.5410458-05:00" endTime="2024-03-04T14:07:37.5646479-05:00" testType="13cdc9d9-ddb5-4fa4-a97d-d965ccfc6d4b" outcome="Passed" testListId="8c84fa94-04c1-424b-9868-57a2d4851a1d" relativeResultsDirectory="6415d5e4-c448-4f58-8b70-fc67add12f05" xmlns="http://microsoft.com/schemas/VisualStudio/TeamTest/2010" />
    <UnitTestResult executionId="14f48d40-93c0-4191-ac19-de53e7842230" testId="419ef0dc-c4eb-bdc4-db64-68fe0fa43397" testName="AddResultTest_Object" computerName="DESKTOP-3FN5V33" duration="00:00:00.6076108" startTime="2024-03-04T14:07:35.8062949-05:00" endTime="2024-03-04T14:07:36.4530565-05:00" testType="13cdc9d9-ddb5-4fa4-a97d-d965ccfc6d4b" outcome="Passed" testListId="8c84fa94-04c1-424b-9868-57a2d4851a1d" relativeResultsDirectory="14f48d40-93c0-4191-ac19-de53e7842230" xmlns="http://microsoft.com/schemas/VisualStudio/TeamTest/2010">
      <Output>
        <StdOut>TestContext Messages:
TestData-TextContextExtensionsTests_AddResultTest_Object(30)-638451580563610165.json: Attached</StdOut>
      </Output>
      <ResultFiles>
        <ResultFile path="DESKTOP-3FN5V33\TestData-TextContextExtensionsTests_AddResultTest_Object(30)-638451580563610165.json" />
      </ResultFiles>
    </UnitTestResult>
    <UnitTestResult executionId="ebe7bf47-740a-4e9c-bebc-c6cea4e55297" testId="5bb4fd62-5d31-f92e-3aec-4b3c222ba16c" testName="GetTestDataAsyncTest_String" computerName="DESKTOP-3FN5V33" duration="00:00:00.0160531" startTime="2024-03-04T14:07:37.5746097-05:00" endTime="2024-03-04T14:07:37.5945519-05:00" testType="13cdc9d9-ddb5-4fa4-a97d-d965ccfc6d4b" outcome="Passed" testListId="8c84fa94-04c1-424b-9868-57a2d4851a1d" relativeResultsDirectory="ebe7bf47-740a-4e9c-bebc-c6cea4e55297" xmlns="http://microsoft.com/schemas/VisualStudio/TeamTest/2010" />
    <UnitTestResult executionId="5d6877f9-52f2-4858-a9f0-2c6f98907531" testId="6e40d08d-5283-ed81-5042-cf4b25b8a9b0" testName="AddResultTest_Object_WithFileNameAndChangeExtension" computerName="DESKTOP-3FN5V33" duration="00:00:00.0038521" startTime="2024-03-04T14:07:36.5056156-05:00" endTime="2024-03-04T14:07:36.5097817-05:00" testType="13cdc9d9-ddb5-4fa4-a97d-d965ccfc6d4b" outcome="Passed" testListId="8c84fa94-04c1-424b-9868-57a2d4851a1d" relativeResultsDirectory="5d6877f9-52f2-4858-a9f0-2c6f98907531" xmlns="http://microsoft.com/schemas/VisualStudio/TeamTest/2010">
      <Output>
        <StdOut>TestContext Messages:
TestFileName-TextContextExtensionsTests_AddResultTest_Object_WithFileNameAndChangeExtension(130)-638451580565060944.html: Attached</StdOut>
      </Output>
      <ResultFiles>
        <ResultFile path="DESKTOP-3FN5V33\TestFileName-TextContextExtensionsTests_AddResultTest_Object_WithFileNameAndChangeExtension(130)-638451580565060944.html" />
      </ResultFiles>
    </UnitTestResult>
    <UnitTestResult executionId="58a120ff-e19a-4863-a9cf-a61ec443e57f" testId="bfc7f80f-e281-5816-dc57-387e099d2a10" testName="AddResultTest_Object_WithFileNameAndExtension" computerName="DESKTOP-3FN5V33" duration="00:00:00.0035441" startTime="2024-03-04T14:07:36.5004749-05:00" endTime="2024-03-04T14:07:36.5043487-05:00" testType="13cdc9d9-ddb5-4fa4-a97d-d965ccfc6d4b" outcome="Passed" testListId="8c84fa94-04c1-424b-9868-57a2d4851a1d" relativeResultsDirectory="58a120ff-e19a-4863-a9cf-a61ec443e57f" xmlns="http://microsoft.com/schemas/VisualStudio/TeamTest/2010">
      <Output>
        <StdOut>TestContext Messages:
TestFileName-TextContextExtensionsTests_AddResultTest_Object_WithFileNameAndExtension(110)-638451580565010511.txt: Attached</StdOut>
      </Output>
      <ResultFiles>
        <ResultFile path="DESKTOP-3FN5V33\TestFileName-TextContextExtensionsTests_AddResultTest_Object_WithFileNameAndExtension(110)-638451580565010511.txt" />
      </ResultFiles>
    </UnitTestResult>
    <UnitTestResult executionId="ecd1512c-d027-45d2-97e9-bba17566d02b" testId="b14f6909-8be4-5d0a-1d4e-766cb1e4abd6" testName="GetTestDataAsyncTest" computerName="DESKTOP-3FN5V33" duration="00:00:00.8665934" startTime="2024-03-04T14:07:36.6715192-05:00" endTime="2024-03-04T14:07:37.5396296-05:00" testType="13cdc9d9-ddb5-4fa4-a97d-d965ccfc6d4b" outcome="Passed" testListId="8c84fa94-04c1-424b-9868-57a2d4851a1d" relativeResultsDirectory="ecd1512c-d027-45d2-97e9-bba17566d02b" xmlns="http://microsoft.com/schemas/VisualStudio/TeamTest/2010" />
    <UnitTestResult executionId="347cc0cf-ae93-4035-8572-07ad7ce12711" testId="5745a05f-6078-14a6-d124-e23b5e51504a" testName="GetResourceStreamTest" computerName="DESKTOP-3FN5V33" duration="00:00:00.0009217" startTime="2024-03-04T14:08:13.4236679-05:00" endTime="2024-03-04T14:08:13.4248933-05:00" testType="13cdc9d9-ddb5-4fa4-a97d-d965ccfc6d4b" outcome="Passed" testListId="8c84fa94-04c1-424b-9868-57a2d4851a1d" relativeResultsDirectory="347cc0cf-ae93-4035-8572-07ad7ce12711" xmlns="http://microsoft.com/schemas/VisualStudio/TeamTest/2010" />
    <UnitTestResult executionId="f63feb56-4790-425d-a04c-83336c03354f" testId="a324304b-8c70-70d6-1085-fa9cbf413d33" testName="VisitTest_StartsWith (Hello,he,True)" computerName="DESKTOP-3FN5V33" duration="00:00:00.0012716" startTime="2024-03-04T14:08:26.0087858-05:00" endTime="2024-03-04T14:08:26.0104973-05:00" testType="13cdc9d9-ddb5-4fa4-a97d-d965ccfc6d4b" outcome="Passed" testListId="8c84fa94-04c1-424b-9868-57a2d4851a1d" relativeResultsDirectory="f63feb56-4790-425d-a04c-83336c03354f" xmlns="http://microsoft.com/schemas/VisualStudio/TeamTest/2010">
      <Output>
        <StdOut>Eliassen.System.Linq.ConsoleLogger`1[Eliassen.System.Linq.Expressions.StringComparisonReplacementExpressionVisitor]:Debug:&gt;
	Replace: e.StartsWith(value(Eliassen.System.Tests.Linq.Expressions.StringComparisonReplacementExpressionVisitorTests+&lt;&gt;c__DisplayClass7_0).matched) with e.StartsWith(value(Eliassen.System.Tests.Linq.Expressions.StringComparisonReplacementExpressionVisitorTests+&lt;&gt;c__DisplayClass7_0).matched, CurrentCultureIgnoreCase)



TestContext Messages:
expression: e =&gt; e.StartsWith(value(Eliassen.System.Tests.Linq.Expressions.StringComparisonReplacementExpressionVisitorTests+&lt;&gt;c__DisplayClass7_0).matched)
visited: e =&gt; e.StartsWith(value(Eliassen.System.Tests.Linq.Expressions.StringComparisonReplacementExpressionVisitorTests+&lt;&gt;c__DisplayClass7_0).matched, CurrentCultureIgnoreCase)</StdOut>
      </Output>
    </UnitTestResult>
    <UnitTestResult executionId="001d8462-445b-4aea-a4f8-25a97cdcb277" testId="a7d78227-c63c-3e96-292c-bbd5ac9217f2" testName="GetHash (Hello World!,hhhE1nBOhXP+w02WfiC8/vPUJM9IvgTm3AjyvVjHKXQzcQFerYkcw88cnTS0kmS1EHUbH/nlN5N7xGtdb/TsyA==)" computerName="DESKTOP-3FN5V33" duration="00:00:00.0014631" startTime="2024-03-04T14:08:13.0247009-05:00" endTime="2024-03-04T14:08:13.0267375-05:00" testType="13cdc9d9-ddb5-4fa4-a97d-d965ccfc6d4b" outcome="Passed" testListId="8c84fa94-04c1-424b-9868-57a2d4851a1d" relativeResultsDirectory="001d8462-445b-4aea-a4f8-25a97cdcb277" xmlns="http://microsoft.com/schemas/VisualStudio/TeamTest/2010">
      <Output>
        <StdOut>TestContext Messages:
"Hello World!" =&gt; "hhhE1nBOhXP+w02WfiC8/vPUJM9IvgTm3AjyvVjHKXQzcQFerYkcw88cnTS0kmS1EHUbH/nlN5N7xGtdb/TsyA=="</StdOut>
      </Output>
    </UnitTestResult>
    <UnitTestResult executionId="5855db80-856f-49ea-a482-de95f8eff967" testId="f5306a38-7e9d-ad71-73c6-1c694342dc21" testName="ExecuteByTest_SearchTerm (Eliassen.System.Tests.Linq.TestTargets.TestTargetExtendedModel,FName0999 LName0001,1,1,1,1)" computerName="DESKTOP-3FN5V33" duration="00:00:01.2080580" startTime="2024-03-04T14:08:24.0553689-05:00" endTime="2024-03-04T14:08:25.2639731-05:00" testType="13cdc9d9-ddb5-4fa4-a97d-d965ccfc6d4b" outcome="Passed" testListId="8c84fa94-04c1-424b-9868-57a2d4851a1d" relativeResultsDirectory="5855db80-856f-49ea-a482-de95f8eff967" xmlns="http://microsoft.com/schemas/VisualStudio/TeamTest/2010">
      <Output>
        <StdOut>Eliassen.System.Linq.ConsoleLogger`1[Eliassen.System.Linq.Search.QueryBuilder]:Information:&gt;
	Build query for SearchQuery { CurrentPage = 0, PageSize = 0, ExcludePageCount = False, SearchTerm = FName0999 LName0001, Filter = System.Collections.Generic.Dictionary`2[System.String,Eliassen.System.Linq.Search.FilterParameter], OrderBy = System.Collections.Generic.Dictionary`2[System.String,Eliassen.System.Linq.Search.OrderDirections] }
Eliassen.System.Linq.ConsoleLogger`1[Eliassen.System.Linq.Search.SortBuilder`1[Eliassen.System.Tests.Linq.TestTargets.TestTargetExtendedModel]]:Information:&gt;
	Applying default sort for Eliassen.System.Tests.Linq.TestTargets.TestTargetExtendedModel: (Index, Ascending)
Eliassen.System.Linq.ConsoleLogger`1[Eliassen.System.Linq.Search.QueryBuilder]:Debug:&gt;
	Visited by: Eliassen.System.Linq.Expressions.SkipInstanceMethodOnNullExpressionVisitor
Eliassen.System.Linq.ConsoleLogger`1[Eliassen.System.Linq.Search.QueryBuilder]:Information:&gt;
	Execute (paged): System.Linq.Enumerable+SelectRangeIterator`1[Eliassen.System.Tests.Linq.TestTargets.TestTargetExtendedModel].Where(n =&gt; ((((((((((n.FName + " ") + n.LName) != null) AndAlso ((n.FName + " ") + n.LName).Equals("FName0999 LName0001")) OrElse ((((n.LName + " ") + n.FName) != null) AndAlso ((n.LName + " ") + n.FName).Equals("FName0999 LName0001"))) OrElse ((n.FName != null) AndAlso n.FName.Equals("FName0999 LName0001"))) OrElse ((n.LName != null) AndAlso n.LName.Equals("FName0999 LName0001"))) OrElse ((n.Email != null) AndAlso n.Email.Equals("FName0999 LName0001"))) OrElse ((n.May != null) AndAlso n.May.Equals("FName0999 LName0001"))) OrElse n.Modules.Any(child =&gt; ((child != null) AndAlso child.Equals("FName0999 LName0001"))))).OrderBy(n =&gt; Convert(n.Index, Object)).Skip(0).Take(10)



TestContext Messages:
SearchQuery_1-QueryableExtensionsTests_ExecuteByTestSearchTerm(266)-638451581040593942.json: Attached
EnumerableQuery_1-QueryableExtensionsTests_ExecuteByTestSearchTerm(268)-638451581040681504.json: Attached
PagedQueryResult_1-QueryableExtensionsTests_ExecuteByTestSearchTerm(270)-638451581052475585.json: Attached
resultKeys: 1</StdOut>
      </Output>
      <ResultFiles>
        <ResultFile path="DESKTOP-3FN5V33\EnumerableQuery_1-QueryableExtensionsTests_ExecuteByTestSearchTerm(268)-638451581040681504.json" />
        <ResultFile path="DESKTOP-3FN5V33\PagedQueryResult_1-QueryableExtensionsTests_ExecuteByTestSearchTerm(270)-638451581052475585.json" />
        <ResultFile path="DESKTOP-3FN5V33\SearchQuery_1-QueryableExtensionsTests_ExecuteByTestSearchTerm(266)-638451581040593942.json" />
      </ResultFiles>
    </UnitTestResult>
    <UnitTestResult executionId="f4565805-a573-4ea7-a0ad-2f0ab9ed58e8" testId="b6498f29-1231-5fcf-4954-1746daa0500d" testName="ExecuteByTest_Filter (Eliassen.System.Tests.Linq.TestTargets.TestTargetExtendedModel,FC,EqualTo,ame1,2,-1,0)" computerName="DESKTOP-3FN5V33" duration="00:00:00.5473078" startTime="2024-03-04T14:08:13.5184770-05:00" endTime="2024-03-04T14:08:22.3018853-05:00" testType="13cdc9d9-ddb5-4fa4-a97d-d965ccfc6d4b" outcome="Passed" testListId="8c84fa94-04c1-424b-9868-57a2d4851a1d" relativeResultsDirectory="f4565805-a573-4ea7-a0ad-2f0ab9ed58e8" xmlns="http://microsoft.com/schemas/VisualStudio/TeamTest/2010">
      <Output>
        <StdOut>Eliassen.System.Linq.ConsoleLogger`1[Eliassen.System.Linq.Search.QueryBuilder]:Information:&gt;
	Build query for CurrentPage: 0
PageSize: 0
ExcludePageCount: False
SearchTerm: (null)
	F:FC: EqualTo: ame1

Eliassen.System.Linq.ConsoleLogger`1[Eliassen.System.Linq.Search.SortBuilder`1[Eliassen.System.Tests.Linq.TestTargets.TestTargetExtendedModel]]:Information:&gt;
	Applying default sort for Eliassen.System.Tests.Linq.TestTargets.TestTargetExtendedModel: (Index, Ascending)
Eliassen.System.Linq.ConsoleLogger`1[Eliassen.System.Linq.Search.QueryBuilder]:Information:&gt;
	Execute (paged): System.Linq.Enumerable+SelectRangeIterator`1[Eliassen.System.Tests.Linq.TestTargets.TestTargetExtendedModel].Where(e =&gt; e.FName.Contains(value(Eliassen.System.Tests.Linq.TestTargets.TestTargetExtendedModel+&lt;&gt;c__DisplayClass43_0).value.ToString())).OrderBy(n =&gt; Convert(n.Index, Object)).Skip(0).Take(10)



TestContext Messages:
SearchQuery-QueryableExtensionsTests_ExecuteByTestFilter(142)-638451580986358820.json: Attached
EnumerableQuery_1-QueryableExtensionsTests_ExecuteByTestFilter(144)-638451580986436889.json: Attached
PagedQueryResult_1-QueryableExtensionsTests_ExecuteByTestFilter(146)-638451580991638557.json: Attached
resultKeys: -1,0</StdOut>
      </Output>
      <ResultFiles>
        <ResultFile path="DESKTOP-3FN5V33\EnumerableQuery_1-QueryableExtensionsTests_ExecuteByTestFilter(144)-638451580986436889.json" />
        <ResultFile path="DESKTOP-3FN5V33\PagedQueryResult_1-QueryableExtensionsTests_ExecuteByTestFilter(146)-638451580991638557.json" />
        <ResultFile path="DESKTOP-3FN5V33\SearchQuery-QueryableExtensionsTests_ExecuteByTestFilter(142)-638451580986358820.json" />
      </ResultFiles>
    </UnitTestResult>
    <UnitTestResult executionId="5e8e79e5-8e80-44c1-ba36-bdb5468e9341" testId="f70a4315-fac4-e7d3-3678-874f4359a2e2" testName="GetHash (hello world,MJ7MSJwS1utMxA9QyQLytNDtd+5RGnx6m808qG1M2G+YndNbxf9JlnDaNCVbRbDP2DDoH2Bdz33FVC6TrpzXbw==)" computerName="DESKTOP-3FN5V33" duration="00:00:00.0006275" startTime="2024-03-04T14:08:13.0338490-05:00" endTime="2024-03-04T14:08:13.0349203-05:00" testType="13cdc9d9-ddb5-4fa4-a97d-d965ccfc6d4b" outcome="Passed" testListId="8c84fa94-04c1-424b-9868-57a2d4851a1d" relativeResultsDirectory="5e8e79e5-8e80-44c1-ba36-bdb5468e9341" xmlns="http://microsoft.com/schemas/VisualStudio/TeamTest/2010">
      <Output>
        <StdOut>TestContext Messages:
"hello world" =&gt; "MJ7MSJwS1utMxA9QyQLytNDtd+5RGnx6m808qG1M2G+YndNbxf9JlnDaNCVbRbDP2DDoH2Bdz33FVC6TrpzXbw=="</StdOut>
      </Output>
    </UnitTestResult>
    <UnitTestResult executionId="3e8946fc-c1f2-45d0-ab9e-e069dc94008e" testId="7fd160bc-3b5b-e6e2-40ae-1974536260f2" testName="TryParseTest (System.Nullable`1[System.Double],nope,False,)" computerName="DESKTOP-3FN5V33" duration="00:00:00.0000740" startTime="2024-03-04T14:08:13.4012744-05:00" endTime="2024-03-04T14:08:13.4054238-05:00" testType="13cdc9d9-ddb5-4fa4-a97d-d965ccfc6d4b" outcome="Passed" testListId="8c84fa94-04c1-424b-9868-57a2d4851a1d" relativeResultsDirectory="3e8946fc-c1f2-45d0-ab9e-e069dc94008e" xmlns="http://microsoft.com/schemas/VisualStudio/TeamTest/2010" />
    <UnitTestResult executionId="56aa5e2f-eda5-47c6-9d53-dbb584619060" testId="256bd52f-eccc-f32c-0e34-b0f4b03b83cc" testName="DeserializeTest_Value ({&quot;Nullable&quot;:{&quot;$date&quot;:&quot;2023-07-05T14:16:32.2015217-04:00&quot;},&quot;Value&quot;:{&quot;$date&quot;:&quot;0001-01-01T00:00:00+00:00&quot;}},0001-01-01T00:00:00+00:00)" computerName="DESKTOP-3FN5V33" duration="00:00:00.0256016" startTime="2024-03-04T14:08:12.7132687-05:00" endTime="2024-03-04T14:08:12.7411246-05:00" testType="13cdc9d9-ddb5-4fa4-a97d-d965ccfc6d4b" outcome="Passed" testListId="8c84fa94-04c1-424b-9868-57a2d4851a1d" relativeResultsDirectory="56aa5e2f-eda5-47c6-9d53-dbb584619060" xmlns="http://microsoft.com/schemas/VisualStudio/TeamTest/2010">
      <Output>
        <StdOut>TestContext Messages:
input-BsonDateConverterTests_DeserializeTest_Value(78)-638451580927139851.json: Attached
result-BsonDateConverterTests_DeserializeTest_Value(80)-638451580927268998.json: Attached</StdOut>
      </Output>
      <ResultFiles>
        <ResultFile path="DESKTOP-3FN5V33\input-BsonDateConverterTests_DeserializeTest_Value(78)-638451580927139851.json" />
        <ResultFile path="DESKTOP-3FN5V33\result-BsonDateConverterTests_DeserializeTest_Value(80)-638451580927268998.json" />
      </ResultFiles>
    </UnitTestResult>
    <UnitTestResult executionId="13bfb656-7811-43d7-b9e1-b670d522e876" testId="a4cc6556-4b38-556d-d138-b0c8009279f3" testName="VisitTest_EndsWith (Hello,lO,True)" computerName="DESKTOP-3FN5V33" duration="00:00:00.0016105" startTime="2024-03-04T14:08:26.0135788-05:00" endTime="2024-03-04T14:08:26.0156145-05:00" testType="13cdc9d9-ddb5-4fa4-a97d-d965ccfc6d4b" outcome="Passed" testListId="8c84fa94-04c1-424b-9868-57a2d4851a1d" relativeResultsDirectory="13bfb656-7811-43d7-b9e1-b670d522e876" xmlns="http://microsoft.com/schemas/VisualStudio/TeamTest/2010">
      <Output>
        <StdOut>Eliassen.System.Linq.ConsoleLogger`1[Eliassen.System.Linq.Expressions.StringComparisonReplacementExpressionVisitor]:Debug:&gt;
	Replace: e.EndsWith(value(Eliassen.System.Tests.Linq.Expressions.StringComparisonReplacementExpressionVisitorTests+&lt;&gt;c__DisplayClass8_0).matched) with e.EndsWith(value(Eliassen.System.Tests.Linq.Expressions.StringComparisonReplacementExpressionVisitorTests+&lt;&gt;c__DisplayClass8_0).matched, CurrentCultureIgnoreCase)



TestContext Messages:
expression: e =&gt; e.EndsWith(value(Eliassen.System.Tests.Linq.Expressions.StringComparisonReplacementExpressionVisitorTests+&lt;&gt;c__DisplayClass8_0).matched)
visited: e =&gt; e.EndsWith(value(Eliassen.System.Tests.Linq.Expressions.StringComparisonReplacementExpressionVisitorTests+&lt;&gt;c__DisplayClass8_0).matched, CurrentCultureIgnoreCase)</StdOut>
      </Output>
    </UnitTestResult>
    <UnitTestResult executionId="9327946f-59c9-41e1-aab0-fb925653f2e3" testId="b6498f29-1231-5fcf-4954-1746daa0500d" testName="ExecuteByTest_Filter (Eliassen.System.Tests.Linq.TestTargets.TestTargetModel,Name,EqualTo,*e2*,10,2,20,21,22,23,24,25,26,27,28)" computerName="DESKTOP-3FN5V33" duration="00:00:00.0286942" startTime="2024-03-04T14:08:13.5184770-05:00" endTime="2024-03-04T14:08:22.3018853-05:00" testType="13cdc9d9-ddb5-4fa4-a97d-d965ccfc6d4b" outcome="Passed" testListId="8c84fa94-04c1-424b-9868-57a2d4851a1d" relativeResultsDirectory="9327946f-59c9-41e1-aab0-fb925653f2e3" xmlns="http://microsoft.com/schemas/VisualStudio/TeamTest/2010">
      <Output>
        <StdOut>Eliassen.System.Linq.ConsoleLogger`1[Eliassen.System.Linq.Search.QueryBuilder]:Information:&gt;
	Build query for CurrentPage: 0
PageSize: 0
ExcludePageCount: False
SearchTerm: (null)
	F:Name: EqualTo: *e2*

Eliassen.System.Linq.ConsoleLogger`1[Eliassen.System.Linq.Search.QueryBuilder]:Information:&gt;
	Execute (paged): System.Linq.Enumerable+SelectRangeIterator`1[Eliassen.System.Tests.Linq.TestTargets.TestTargetModel].Where(n =&gt; n.Name.Contains("e2")).OrderBy(_ =&gt; 0).Skip(0).Take(10)



TestContext Messages:
SearchQuery-QueryableExtensionsTests_ExecuteByTestFilter(142)-638451580943199943.json: Attached
EnumerableQuery_1-QueryableExtensionsTests_ExecuteByTestFilter(144)-638451580943242142.json: Attached
PagedQueryResult_1-QueryableExtensionsTests_ExecuteByTestFilter(146)-638451580943408640.json: Attached
resultKeys: 2,20,21,22,23,24,25,26,27,28</StdOut>
        <StdErr>Eliassen.System.Linq.ConsoleLogger`1[Eliassen.System.Linq.Search.SortBuilder`1[Eliassen.System.Tests.Linq.TestTargets.TestTargetModel]]:Warning:&gt;
	Force sort by 0 applied for Eliassen.System.Tests.Linq.TestTargets.TestTargetModel</StdErr>
      </Output>
      <ResultFiles>
        <ResultFile path="DESKTOP-3FN5V33\EnumerableQuery_1-QueryableExtensionsTests_ExecuteByTestFilter(144)-638451580943242142.json" />
        <ResultFile path="DESKTOP-3FN5V33\PagedQueryResult_1-QueryableExtensionsTests_ExecuteByTestFilter(146)-638451580943408640.json" />
        <ResultFile path="DESKTOP-3FN5V33\SearchQuery-QueryableExtensionsTests_ExecuteByTestFilter(142)-638451580943199943.json" />
      </ResultFiles>
    </UnitTestResult>
    <UnitTestResult executionId="0aa20751-0c9d-4858-a6f5-3b19a02a185b" testId="b6498f29-1231-5fcf-4954-1746daa0500d" testName="ExecuteByTest_Filter (Eliassen.System.Tests.Linq.TestTargets.TestTargetModel,Name,InSet,System.String[],3,1,2,3)" computerName="DESKTOP-3FN5V33" duration="00:00:00.0353018" startTime="2024-03-04T14:08:13.5184770-05:00" endTime="2024-03-04T14:08:22.3018853-05:00" testType="13cdc9d9-ddb5-4fa4-a97d-d965ccfc6d4b" outcome="Passed" testListId="8c84fa94-04c1-424b-9868-57a2d4851a1d" relativeResultsDirectory="0aa20751-0c9d-4858-a6f5-3b19a02a185b" xmlns="http://microsoft.com/schemas/VisualStudio/TeamTest/2010">
      <Output>
        <StdOut>Eliassen.System.Linq.ConsoleLogger`1[Eliassen.System.Linq.Search.QueryBuilder]:Information:&gt;
	Build query for CurrentPage: 0
PageSize: 0
ExcludePageCount: False
SearchTerm: (null)
	F:Name: InSet: Name1; Name2; Name3

Eliassen.System.Linq.ConsoleLogger`1[Eliassen.System.Linq.Search.QueryBuilder]:Information:&gt;
	Execute (paged): System.Linq.Enumerable+SelectRangeIterator`1[Eliassen.System.Tests.Linq.TestTargets.TestTargetModel].Where(n =&gt; value(System.String[]).Contains(n.Name)).OrderBy(_ =&gt; 0).Skip(0).Take(10)



TestContext Messages:
SearchQuery-QueryableExtensionsTests_ExecuteByTestFilter(142)-638451580939255834.json: Attached
EnumerableQuery_1-QueryableExtensionsTests_ExecuteByTestFilter(144)-638451580939320337.json: Attached
PagedQueryResult_1-QueryableExtensionsTests_ExecuteByTestFilter(146)-638451580939531363.json: Attached
resultKeys: 1,2,3</StdOut>
        <StdErr>Eliassen.System.Linq.ConsoleLogger`1[Eliassen.System.Linq.Search.SortBuilder`1[Eliassen.System.Tests.Linq.TestTargets.TestTargetModel]]:Warning:&gt;
	Force sort by 0 applied for Eliassen.System.Tests.Linq.TestTargets.TestTargetModel</StdErr>
      </Output>
      <ResultFiles>
        <ResultFile path="DESKTOP-3FN5V33\EnumerableQuery_1-QueryableExtensionsTests_ExecuteByTestFilter(144)-638451580939320337.json" />
        <ResultFile path="DESKTOP-3FN5V33\PagedQueryResult_1-QueryableExtensionsTests_ExecuteByTestFilter(146)-638451580939531363.json" />
        <ResultFile path="DESKTOP-3FN5V33\SearchQuery-QueryableExtensionsTests_ExecuteByTestFilter(142)-638451580939255834.json" />
      </ResultFiles>
    </UnitTestResult>
    <UnitTestResult executionId="72d9d6c2-9f20-42fe-95c8-6666cd144d4d" testId="a29d2822-126a-1900-33c2-f20f68d10c99" testName="ToEnumTest (,)" computerName="DESKTOP-3FN5V33" duration="00:00:00.0024702" startTime="2024-03-04T14:08:13.0965913-05:00" endTime="2024-03-04T14:08:13.0994475-05:00" testType="13cdc9d9-ddb5-4fa4-a97d-d965ccfc6d4b" outcome="Passed" testListId="8c84fa94-04c1-424b-9868-57a2d4851a1d" relativeResultsDirectory="72d9d6c2-9f20-42fe-95c8-6666cd144d4d" xmlns="http://microsoft.com/schemas/VisualStudio/TeamTest/2010" />
    <UnitTestResult executionId="b250f8dd-d47e-4456-b70c-3eaa1ea4abae" testId="b6498f29-1231-5fcf-4954-1746daa0500d" testName="ExecuteByTest_Filter (Eliassen.System.Tests.Linq.TestTargets.TestTargetModel,Name,EqualTo,*,10,0,1,2,3,4,5,6,7,8,9)" computerName="DESKTOP-3FN5V33" duration="00:00:00.0355083" startTime="2024-03-04T14:08:13.5184770-05:00" endTime="2024-03-04T14:08:22.3018853-05:00" testType="13cdc9d9-ddb5-4fa4-a97d-d965ccfc6d4b" outcome="Passed" testListId="8c84fa94-04c1-424b-9868-57a2d4851a1d" relativeResultsDirectory="b250f8dd-d47e-4456-b70c-3eaa1ea4abae" xmlns="http://microsoft.com/schemas/VisualStudio/TeamTest/2010">
      <Output>
        <StdOut>Eliassen.System.Linq.ConsoleLogger`1[Eliassen.System.Linq.Search.QueryBuilder]:Information:&gt;
	Build query for CurrentPage: 0
PageSize: 0
ExcludePageCount: False
SearchTerm: (null)
	F:Name: EqualTo: *

Eliassen.System.Linq.ConsoleLogger`1[Eliassen.System.Linq.Search.QueryBuilder]:Information:&gt;
	Execute (paged): System.Linq.Enumerable+SelectRangeIterator`1[Eliassen.System.Tests.Linq.TestTargets.TestTargetModel].OrderBy(_ =&gt; 0).Skip(0).Take(10)



TestContext Messages:
SearchQuery-QueryableExtensionsTests_ExecuteByTestFilter(142)-638451580994679541.json: Attached
EnumerableQuery_1-QueryableExtensionsTests_ExecuteByTestFilter(144)-638451580994729636.json: Attached
PagedQueryResult_1-QueryableExtensionsTests_ExecuteByTestFilter(146)-638451580994931495.json: Attached
resultKeys: 0,1,2,3,4,5,6,7,8,9</StdOut>
        <StdErr>Eliassen.System.Linq.ConsoleLogger`1[Eliassen.System.Linq.Search.QueryBuilder]:Warning:&gt;
	No filter mapped for property: Name =&gt; EqualTo: *
Eliassen.System.Linq.ConsoleLogger`1[Eliassen.System.Linq.Search.QueryBuilder]:Warning:&gt;
	No filtering detected: System.Linq.Enumerable+SelectRangeIterator`1[Eliassen.System.Tests.Linq.TestTargets.TestTargetModel]: CurrentPage: 0
PageSize: 0
ExcludePageCount: False
SearchTerm: (null)
	F:Name: EqualTo: *

Eliassen.System.Linq.ConsoleLogger`1[Eliassen.System.Linq.Search.SortBuilder`1[Eliassen.System.Tests.Linq.TestTargets.TestTargetModel]]:Warning:&gt;
	Force sort by 0 applied for Eliassen.System.Tests.Linq.TestTargets.TestTargetModel</StdErr>
      </Output>
      <ResultFiles>
        <ResultFile path="DESKTOP-3FN5V33\EnumerableQuery_1-QueryableExtensionsTests_ExecuteByTestFilter(144)-638451580994729636.json" />
        <ResultFile path="DESKTOP-3FN5V33\PagedQueryResult_1-QueryableExtensionsTests_ExecuteByTestFilter(146)-638451580994931495.json" />
        <ResultFile path="DESKTOP-3FN5V33\SearchQuery-QueryableExtensionsTests_ExecuteByTestFilter(142)-638451580994679541.json" />
      </ResultFiles>
    </UnitTestResult>
    <UnitTestResult executionId="d8f435ca-fe01-4425-b47b-a55ff749a1fa" testId="b6498f29-1231-5fcf-4954-1746daa0500d" testName="ExecuteByTest_Filter (Eliassen.System.Tests.Linq.TestTargets.TestTargetWithInnerArrayModel,Children,EqualTo,*001,10,2,3,4,5,6,7,8,9,12,13)" computerName="DESKTOP-3FN5V33" duration="00:00:00.1197780" startTime="2024-03-04T14:08:13.5184770-05:00" endTime="2024-03-04T14:08:22.3018853-05:00" testType="13cdc9d9-ddb5-4fa4-a97d-d965ccfc6d4b" outcome="Passed" testListId="8c84fa94-04c1-424b-9868-57a2d4851a1d" relativeResultsDirectory="d8f435ca-fe01-4425-b47b-a55ff749a1fa" xmlns="http://microsoft.com/schemas/VisualStudio/TeamTest/2010">
      <Output>
        <StdOut>Eliassen.System.Linq.ConsoleLogger`1[Eliassen.System.Linq.Search.QueryBuilder]:Information:&gt;
	Build query for CurrentPage: 0
PageSize: 0
ExcludePageCount: False
SearchTerm: (null)
	F:Children: EqualTo: *001

Eliassen.System.Linq.ConsoleLogger`1[Eliassen.System.Linq.Search.QueryBuilder]:Information:&gt;
	Execute (paged): System.Linq.Enumerable+SelectRangeIterator`1[Eliassen.System.Tests.Linq.TestTargets.TestTargetWithInnerArrayModel].Where(n =&gt; n.Children.Any(child =&gt; child.EndsWith("001"))).OrderBy(_ =&gt; 0).Skip(0).Take(10)



TestContext Messages:
SearchQuery-QueryableExtensionsTests_ExecuteByTestFilter(142)-638451580991963061.json: Attached
EnumerableQuery_1-QueryableExtensionsTests_ExecuteByTestFilter(144)-638451580992008088.json: Attached
PagedQueryResult_1-QueryableExtensionsTests_ExecuteByTestFilter(146)-638451580992861235.json: Attached
resultKeys: 2,3,4,5,6,7,8,9,12,13</StdOut>
        <StdErr>Eliassen.System.Linq.ConsoleLogger`1[Eliassen.System.Linq.Search.SortBuilder`1[Eliassen.System.Tests.Linq.TestTargets.TestTargetWithInnerArrayModel]]:Warning:&gt;
	Force sort by 0 applied for Eliassen.System.Tests.Linq.TestTargets.TestTargetWithInnerArrayModel</StdErr>
      </Output>
      <ResultFiles>
        <ResultFile path="DESKTOP-3FN5V33\EnumerableQuery_1-QueryableExtensionsTests_ExecuteByTestFilter(144)-638451580992008088.json" />
        <ResultFile path="DESKTOP-3FN5V33\PagedQueryResult_1-QueryableExtensionsTests_ExecuteByTestFilter(146)-638451580992861235.json" />
        <ResultFile path="DESKTOP-3FN5V33\SearchQuery-QueryableExtensionsTests_ExecuteByTestFilter(142)-638451580991963061.json" />
      </ResultFiles>
    </UnitTestResult>
    <UnitTestResult executionId="53ef6224-0a0d-4071-8636-a52303c84371" testId="b6498f29-1231-5fcf-4954-1746daa0500d" testName="ExecuteByTest_Filter (Eliassen.System.Tests.Linq.TestTargets.TestTargetModel,Index,EqualTo,0,1,0)" computerName="DESKTOP-3FN5V33" duration="00:00:00.0317809" startTime="2024-03-04T14:08:13.5184770-05:00" endTime="2024-03-04T14:08:22.3018853-05:00" testType="13cdc9d9-ddb5-4fa4-a97d-d965ccfc6d4b" outcome="Passed" testListId="8c84fa94-04c1-424b-9868-57a2d4851a1d" relativeResultsDirectory="53ef6224-0a0d-4071-8636-a52303c84371" xmlns="http://microsoft.com/schemas/VisualStudio/TeamTest/2010">
      <Output>
        <StdOut>Eliassen.System.Linq.ConsoleLogger`1[Eliassen.System.Linq.Search.QueryBuilder]:Information:&gt;
	Build query for CurrentPage: 0
PageSize: 0
ExcludePageCount: False
SearchTerm: (null)
	F:Index: EqualTo: 0

Eliassen.System.Linq.ConsoleLogger`1[Eliassen.System.Linq.Search.QueryBuilder]:Information:&gt;
	Execute (paged): System.Linq.Enumerable+SelectRangeIterator`1[Eliassen.System.Tests.Linq.TestTargets.TestTargetModel].Where(n =&gt; (n.Index == 0)).OrderBy(_ =&gt; 0).Skip(0).Take(10)



TestContext Messages:
SearchQuery-QueryableExtensionsTests_ExecuteByTestFilter(142)-638451580942166727.json: Attached
EnumerableQuery_1-QueryableExtensionsTests_ExecuteByTestFilter(144)-638451580942209374.json: Attached
PagedQueryResult_1-QueryableExtensionsTests_ExecuteByTestFilter(146)-638451580942378811.json: Attached
resultKeys: 0</StdOut>
        <StdErr>Eliassen.System.Linq.ConsoleLogger`1[Eliassen.System.Linq.Expressions.ExpressionTreeBuilder`1[Eliassen.System.Tests.Linq.TestTargets.TestTargetModel]]:Warning:&gt;
	0 parsed to 0 (System.Int32)
Eliassen.System.Linq.ConsoleLogger`1[Eliassen.System.Linq.Search.SortBuilder`1[Eliassen.System.Tests.Linq.TestTargets.TestTargetModel]]:Warning:&gt;
	Force sort by 0 applied for Eliassen.System.Tests.Linq.TestTargets.TestTargetModel</StdErr>
      </Output>
      <ResultFiles>
        <ResultFile path="DESKTOP-3FN5V33\EnumerableQuery_1-QueryableExtensionsTests_ExecuteByTestFilter(144)-638451580942209374.json" />
        <ResultFile path="DESKTOP-3FN5V33\PagedQueryResult_1-QueryableExtensionsTests_ExecuteByTestFilter(146)-638451580942378811.json" />
        <ResultFile path="DESKTOP-3FN5V33\SearchQuery-QueryableExtensionsTests_ExecuteByTestFilter(142)-638451580942166727.json" />
      </ResultFiles>
    </UnitTestResult>
    <UnitTestResult executionId="0f0ee393-765e-41e5-b419-0263e410d3ad" testId="e350703c-47df-56f0-b995-a52c38b53eca" testName="MakeSafeTest (System.String,Hello World,Hello World)" computerName="DESKTOP-3FN5V33" duration="00:00:00.1517851" startTime="2024-03-04T14:08:13.1932338-05:00" endTime="2024-03-04T14:08:13.3817848-05:00" testType="13cdc9d9-ddb5-4fa4-a97d-d965ccfc6d4b" outcome="Passed" testListId="8c84fa94-04c1-424b-9868-57a2d4851a1d" relativeResultsDirectory="0f0ee393-765e-41e5-b419-0263e410d3ad" xmlns="http://microsoft.com/schemas/VisualStudio/TeamTest/2010" />
    <UnitTestResult executionId="d4365410-3cdf-40e6-8f00-121bdef4130c" testId="5b534773-a7de-3872-277f-efb65d408d74" testName="VisitTest_EndsWith (Hello,LO,True)" computerName="DESKTOP-3FN5V33" duration="00:00:00.0040907" startTime="2024-03-04T14:08:26.0367285-05:00" endTime="2024-03-04T14:08:26.0412479-05:00" testType="13cdc9d9-ddb5-4fa4-a97d-d965ccfc6d4b" outcome="Passed" testListId="8c84fa94-04c1-424b-9868-57a2d4851a1d" relativeResultsDirectory="d4365410-3cdf-40e6-8f00-121bdef4130c" xmlns="http://microsoft.com/schemas/VisualStudio/TeamTest/2010">
      <Output>
        <StdOut>Eliassen.System.Linq.ConsoleLogger`1[Eliassen.System.Linq.Expressions.StringComparisonReplacementExpressionVisitor]:Debug:&gt;
	Replace: e.EndsWith(value(Eliassen.System.Tests.Linq.Expressions.StringComparisonReplacementExpressionVisitorTests+&lt;&gt;c__DisplayClass8_0).matched) with e.EndsWith(value(Eliassen.System.Tests.Linq.Expressions.StringComparisonReplacementExpressionVisitorTests+&lt;&gt;c__DisplayClass8_0).matched, CurrentCultureIgnoreCase)



TestContext Messages:
expression: e =&gt; e.EndsWith(value(Eliassen.System.Tests.Linq.Expressions.StringComparisonReplacementExpressionVisitorTests+&lt;&gt;c__DisplayClass8_0).matched)
visited: e =&gt; e.EndsWith(value(Eliassen.System.Tests.Linq.Expressions.StringComparisonReplacementExpressionVisitorTests+&lt;&gt;c__DisplayClass8_0).matched, CurrentCultureIgnoreCase)</StdOut>
      </Output>
    </UnitTestResult>
    <UnitTestResult executionId="5c307fcc-2c61-426f-aacc-a8c952b57352" testId="ae78ea2a-fb45-acf1-0ad8-63e696d22475" testName="ToEnumTest (3,Val1, Val2)" computerName="DESKTOP-3FN5V33" duration="00:00:00.0000207" startTime="2024-03-04T14:08:13.1494889-05:00" endTime="2024-03-04T14:08:13.1497757-05:00" testType="13cdc9d9-ddb5-4fa4-a97d-d965ccfc6d4b" outcome="Passed" testListId="8c84fa94-04c1-424b-9868-57a2d4851a1d" relativeResultsDirectory="5c307fcc-2c61-426f-aacc-a8c952b57352" xmlns="http://microsoft.com/schemas/VisualStudio/TeamTest/2010" />
    <UnitTestResult executionId="8f3cdf61-b4c2-419d-aeae-7e92888f9ffa" testId="b6498f29-1231-5fcf-4954-1746daa0500d" testName="ExecuteByTest_Filter (Eliassen.System.Tests.Linq.TestTargets.TestTargetModel,InDeX,EqualTo,!1,10,0,2,3,4,5,6,7,8,9,10)" computerName="DESKTOP-3FN5V33" duration="00:00:00.0297536" startTime="2024-03-04T14:08:13.5184770-05:00" endTime="2024-03-04T14:08:22.3018853-05:00" testType="13cdc9d9-ddb5-4fa4-a97d-d965ccfc6d4b" outcome="Passed" testListId="8c84fa94-04c1-424b-9868-57a2d4851a1d" relativeResultsDirectory="8f3cdf61-b4c2-419d-aeae-7e92888f9ffa" xmlns="http://microsoft.com/schemas/VisualStudio/TeamTest/2010">
      <Output>
        <StdOut>Eliassen.System.Linq.ConsoleLogger`1[Eliassen.System.Linq.Search.QueryBuilder]:Information:&gt;
	Build query for CurrentPage: 0
PageSize: 0
ExcludePageCount: False
SearchTerm: (null)
	F:InDeX: EqualTo: !1

Eliassen.System.Linq.ConsoleLogger`1[Eliassen.System.Linq.Search.QueryBuilder]:Information:&gt;
	Execute (paged): System.Linq.Enumerable+SelectRangeIterator`1[Eliassen.System.Tests.Linq.TestTargets.TestTargetModel].Where(n =&gt; (n.Index != 1)).OrderBy(_ =&gt; 0).Skip(0).Take(10)



TestContext Messages:
SearchQuery-QueryableExtensionsTests_ExecuteByTestFilter(142)-638451580938186161.json: Attached
EnumerableQuery_1-QueryableExtensionsTests_ExecuteByTestFilter(144)-638451580938225443.json: Attached
PagedQueryResult_1-QueryableExtensionsTests_ExecuteByTestFilter(146)-638451580938393147.json: Attached
resultKeys: 0,2,3,4,5,6,7,8,9,10</StdOut>
        <StdErr>Eliassen.System.Linq.ConsoleLogger`1[Eliassen.System.Linq.Expressions.ExpressionTreeBuilder`1[Eliassen.System.Tests.Linq.TestTargets.TestTargetModel]]:Warning:&gt;
	1 parsed to 1 (System.Int32)
Eliassen.System.Linq.ConsoleLogger`1[Eliassen.System.Linq.Search.SortBuilder`1[Eliassen.System.Tests.Linq.TestTargets.TestTargetModel]]:Warning:&gt;
	Force sort by 0 applied for Eliassen.System.Tests.Linq.TestTargets.TestTargetModel</StdErr>
      </Output>
      <ResultFiles>
        <ResultFile path="DESKTOP-3FN5V33\EnumerableQuery_1-QueryableExtensionsTests_ExecuteByTestFilter(144)-638451580938225443.json" />
        <ResultFile path="DESKTOP-3FN5V33\PagedQueryResult_1-QueryableExtensionsTests_ExecuteByTestFilter(146)-638451580938393147.json" />
        <ResultFile path="DESKTOP-3FN5V33\SearchQuery-QueryableExtensionsTests_ExecuteByTestFilter(142)-638451580938186161.json" />
      </ResultFiles>
    </UnitTestResult>
    <UnitTestResult executionId="9ab09826-a8ab-4d76-81de-f2bf4cf0d650" testId="870b9428-08e8-f91f-14b9-7fcf33dc2d0f" testName="AsModelsTest2" computerName="DESKTOP-3FN5V33" duration="00:00:00.0131263" startTime="2024-03-04T14:08:13.0815176-05:00" endTime="2024-03-04T14:08:13.0950726-05:00" testType="13cdc9d9-ddb5-4fa4-a97d-d965ccfc6d4b" outcome="Passed" testListId="8c84fa94-04c1-424b-9868-57a2d4851a1d" relativeResultsDirectory="9ab09826-a8ab-4d76-81de-f2bf4cf0d650" xmlns="http://microsoft.com/schemas/VisualStudio/TeamTest/2010">
      <Output>
        <StdOut>TestContext Messages:
EnumModel { Id = 0, Name = Val0, Code = VAL0, Description = , Order = 0, Value = Val0, IsEndState = False, IsExcludeFromUnique = False, PossibleNames = System.String[], Value = Val0 }
EnumModel { Id = 1, Name = Val1, Code = VAL1, Description = , Order = 0, Value = Val1, IsEndState = False, IsExcludeFromUnique = False, PossibleNames = System.String[], Value = Val1 }
EnumModel { Id = 2, Name = Val2, Code = VAL2, Description = , Order = 0, Value = Val2, IsEndState = False, IsExcludeFromUnique = False, PossibleNames = System.String[], Value = Val2 }
EnumModel { Id = 4, Name = WithEnumValue, Code = name, Description = , Order = 0, Value = WithEnumValue, IsEndState = False, IsExcludeFromUnique = False, PossibleNames = System.String[], Value = WithEnumValue }
EnumModel { Id = 8, Name = WithMemberName, Code = name2, Description = , Order = 0, Value = WithMemberName, IsEndState = False, IsExcludeFromUnique = False, PossibleNames = System.String[], Value = WithMemberName }
EnumModel { Id = 16, Name = WithDescription, Code = WITHDESCRIPTION, Description = test description, Order = 0, Value = WithDescription, IsEndState = False, IsExcludeFromUnique = False, PossibleNames = System.String[], Value = WithDescription }
EnumModel { Id = 32, Name = test name, Code = test short, Description = test display, Order = 0, Value = WithDisplay, IsEndState = False, IsExcludeFromUnique = False, PossibleNames = System.String[], Value = WithDisplay }</StdOut>
      </Output>
    </UnitTestResult>
    <UnitTestResult executionId="8829681a-8fe4-4fdc-aa96-e4dcf57905ac" testId="b6498f29-1231-5fcf-4954-1746daa0500d" testName="ExecuteByTest_Filter (Eliassen.System.Tests.Linq.TestTargets.TestTargetModel,Index,GreaterThanOrEqualTo,995,5,995,996,997,998,999)" computerName="DESKTOP-3FN5V33" duration="00:00:00.0377159" startTime="2024-03-04T14:08:13.5184770-05:00" endTime="2024-03-04T14:08:22.3018853-05:00" testType="13cdc9d9-ddb5-4fa4-a97d-d965ccfc6d4b" outcome="Passed" testListId="8c84fa94-04c1-424b-9868-57a2d4851a1d" relativeResultsDirectory="8829681a-8fe4-4fdc-aa96-e4dcf57905ac" xmlns="http://microsoft.com/schemas/VisualStudio/TeamTest/2010">
      <Output>
        <StdOut>Eliassen.System.Linq.ConsoleLogger`1[Eliassen.System.Linq.Search.QueryBuilder]:Information:&gt;
	Build query for CurrentPage: 0
PageSize: 0
ExcludePageCount: False
SearchTerm: (null)
	F:Index: GreaterThanOrEqualTo: 995

Eliassen.System.Linq.ConsoleLogger`1[Eliassen.System.Linq.Search.QueryBuilder]:Information:&gt;
	Execute (paged): System.Linq.Enumerable+SelectRangeIterator`1[Eliassen.System.Tests.Linq.TestTargets.TestTargetModel].Where(n =&gt; (n.Index &gt;= 995)).OrderBy(_ =&gt; 0).Skip(0).Take(10)



TestContext Messages:
SearchQuery-QueryableExtensionsTests_ExecuteByTestFilter(142)-638451580941477790.json: Attached
EnumerableQuery_1-QueryableExtensionsTests_ExecuteByTestFilter(144)-638451580941525312.json: Attached
PagedQueryResult_1-QueryableExtensionsTests_ExecuteByTestFilter(146)-638451580941701830.json: Attached
resultKeys: 995,996,997,998,999</StdOut>
        <StdErr>Eliassen.System.Linq.ConsoleLogger`1[Eliassen.System.Linq.Expressions.ExpressionTreeBuilder`1[Eliassen.System.Tests.Linq.TestTargets.TestTargetModel]]:Warning:&gt;
	995 parsed to 995 (System.Int32)
Eliassen.System.Linq.ConsoleLogger`1[Eliassen.System.Linq.Search.SortBuilder`1[Eliassen.System.Tests.Linq.TestTargets.TestTargetModel]]:Warning:&gt;
	Force sort by 0 applied for Eliassen.System.Tests.Linq.TestTargets.TestTargetModel</StdErr>
      </Output>
      <ResultFiles>
        <ResultFile path="DESKTOP-3FN5V33\EnumerableQuery_1-QueryableExtensionsTests_ExecuteByTestFilter(144)-638451580941525312.json" />
        <ResultFile path="DESKTOP-3FN5V33\PagedQueryResult_1-QueryableExtensionsTests_ExecuteByTestFilter(146)-638451580941701830.json" />
        <ResultFile path="DESKTOP-3FN5V33\SearchQuery-QueryableExtensionsTests_ExecuteByTestFilter(142)-638451580941477790.json" />
      </ResultFiles>
    </UnitTestResult>
    <UnitTestResult executionId="f8a12a1f-fc5b-4d4b-968d-de04003f6f10" testId="e350703c-47df-56f0-b995-a52c38b53eca" testName="MakeSafeTest (System.Decimal,1,1)" computerName="DESKTOP-3FN5V33" duration="00:00:00.0020554" startTime="2024-03-04T14:08:13.1932338-05:00" endTime="2024-03-04T14:08:13.3817848-05:00" testType="13cdc9d9-ddb5-4fa4-a97d-d965ccfc6d4b" outcome="Passed" testListId="8c84fa94-04c1-424b-9868-57a2d4851a1d" relativeResultsDirectory="f8a12a1f-fc5b-4d4b-968d-de04003f6f10" xmlns="http://microsoft.com/schemas/VisualStudio/TeamTest/2010" />
    <UnitTestResult executionId="c92d14f0-314d-4a74-bedf-73cf1b1180a3" testId="732c5a4d-db4b-042b-cb1a-6907849de0ac" testName="VisitTest_Equals (,,False)" computerName="DESKTOP-3FN5V33" duration="00:00:00.0009262" startTime="2024-03-04T14:08:25.8898866-05:00" endTime="2024-03-04T14:08:25.8912212-05:00" testType="13cdc9d9-ddb5-4fa4-a97d-d965ccfc6d4b" outcome="Passed" testListId="8c84fa94-04c1-424b-9868-57a2d4851a1d" relativeResultsDirectory="c92d14f0-314d-4a74-bedf-73cf1b1180a3" xmlns="http://microsoft.com/schemas/VisualStudio/TeamTest/2010">
      <Output>
        <StdOut>TestContext Messages:
expression: e =&gt; e.Equals(value(Eliassen.System.Tests.Linq.Expressions.SkipInstanceMethodOnNullExpressionVisitorTests+&lt;&gt;c__DisplayClass4_0).matched)
visited: e =&gt; ((e != null) AndAlso e.Equals(value(Eliassen.System.Tests.Linq.Expressions.SkipInstanceMethodOnNullExpressionVisitorTests+&lt;&gt;c__DisplayClass4_0).matched))
result: False</StdOut>
      </Output>
    </UnitTestResult>
    <UnitTestResult executionId="cadcdda2-2b5c-4dcf-b665-1cecd4eab2e9" testId="7fd160bc-3b5b-e6e2-40ae-1974536260f2" testName="TryParseTest (System.Double,1,True,1)" computerName="DESKTOP-3FN5V33" duration="00:00:00.0000216" startTime="2024-03-04T14:08:13.4012744-05:00" endTime="2024-03-04T14:08:13.4054238-05:00" testType="13cdc9d9-ddb5-4fa4-a97d-d965ccfc6d4b" outcome="Passed" testListId="8c84fa94-04c1-424b-9868-57a2d4851a1d" relativeResultsDirectory="cadcdda2-2b5c-4dcf-b665-1cecd4eab2e9" xmlns="http://microsoft.com/schemas/VisualStudio/TeamTest/2010" />
    <UnitTestResult executionId="114826b1-06c0-47fb-809a-ac43cfc53241" testId="7b12bac5-6c5a-eb66-849a-aaf0e16f59af" testName="ToEnumTest (Val2, Val1,Val1, Val2)" computerName="DESKTOP-3FN5V33" duration="00:00:00.0000325" startTime="2024-03-04T14:08:13.1221252-05:00" endTime="2024-03-04T14:08:13.1226998-05:00" testType="13cdc9d9-ddb5-4fa4-a97d-d965ccfc6d4b" outcome="Passed" testListId="8c84fa94-04c1-424b-9868-57a2d4851a1d" relativeResultsDirectory="114826b1-06c0-47fb-809a-ac43cfc53241" xmlns="http://microsoft.com/schemas/VisualStudio/TeamTest/2010" />
    <UnitTestResult executionId="de5144db-0a04-4e7e-a0e4-d544e89ae2a5" testId="d1d4b925-a073-2286-7de7-05497c979951" testName="GetResourceFromJsonAsyncTest_NotFound" computerName="DESKTOP-3FN5V33" duration="00:00:00.0008033" startTime="2024-03-04T14:08:13.4384178-05:00" endTime="2024-03-04T14:08:13.4395667-05:00" testType="13cdc9d9-ddb5-4fa4-a97d-d965ccfc6d4b" outcome="Passed" testListId="8c84fa94-04c1-424b-9868-57a2d4851a1d" relativeResultsDirectory="de5144db-0a04-4e7e-a0e4-d544e89ae2a5" xmlns="http://microsoft.com/schemas/VisualStudio/TeamTest/2010" />
    <UnitTestResult executionId="75fba6ff-1009-4289-bb2a-87cedeae2528" testId="03bc167f-0b26-903d-31a8-efafdb2faab7" testName="ExecuteByTest_Filter_JsonElement_Nested" computerName="DESKTOP-3FN5V33" duration="00:00:01.1582833" startTime="2024-03-04T14:08:22.5233874-05:00" endTime="2024-03-04T14:08:23.6820705-05:00" testType="13cdc9d9-ddb5-4fa4-a97d-d965ccfc6d4b" outcome="Passed" testListId="8c84fa94-04c1-424b-9868-57a2d4851a1d" relativeResultsDirectory="75fba6ff-1009-4289-bb2a-87cedeae2528" xmlns="http://microsoft.com/schemas/VisualStudio/TeamTest/2010">
      <Output>
        <StdOut>Eliassen.System.Linq.ConsoleLogger`1[Eliassen.System.Linq.Search.QueryBuilder]:Information:&gt;
	Build query for CurrentPage: 0
PageSize: 0
ExcludePageCount: False
SearchTerm: (null)
	F:Module: EqualTo: Module-2

Eliassen.System.Linq.ConsoleLogger`1[Eliassen.System.Linq.Search.SortBuilder`1[Eliassen.System.Tests.Linq.TestTargets.TestTargetExtendedModel]]:Information:&gt;
	Applying default sort for Eliassen.System.Tests.Linq.TestTargets.TestTargetExtendedModel: (Index, Ascending)
Eliassen.System.Linq.ConsoleLogger`1[Eliassen.System.Linq.Search.QueryBuilder]:Information:&gt;
	Execute (paged): System.Linq.Enumerable+SelectRangeIterator`1[Eliassen.System.Tests.Linq.TestTargets.TestTargetExtendedModel].Where(e =&gt; ((e.Modules != null) AndAlso e.Modules.Any(um =&gt; um.Equals(value(Eliassen.System.Tests.Linq.TestTargets.TestTargetExtendedModel+&lt;&gt;c__DisplayClass43_0).value)))).OrderBy(n =&gt; Convert(n.Index, Object)).Skip(0).Take(10)



TestContext Messages:
SearchQuery-QueryableExtensionsTests_ExecuteByTestFilter(142)-638451581025264832.json: Attached
EnumerableQuery_1-QueryableExtensionsTests_ExecuteByTestFilter(144)-638451581025312844.json: Attached
PagedQueryResult_1-QueryableExtensionsTests_ExecuteByTestFilter(146)-638451581036647253.json: Attached
resultKeys: 3,4,5,6,7,8,9,10,11,12</StdOut>
      </Output>
      <ResultFiles>
        <ResultFile path="DESKTOP-3FN5V33\EnumerableQuery_1-QueryableExtensionsTests_ExecuteByTestFilter(144)-638451581025312844.json" />
        <ResultFile path="DESKTOP-3FN5V33\PagedQueryResult_1-QueryableExtensionsTests_ExecuteByTestFilter(146)-638451581036647253.json" />
        <ResultFile path="DESKTOP-3FN5V33\SearchQuery-QueryableExtensionsTests_ExecuteByTestFilter(142)-638451581025264832.json" />
      </ResultFiles>
    </UnitTestResult>
    <UnitTestResult executionId="a6e40d14-7b7d-4bad-bc94-91cf967b2881" testId="4c8eceef-7f0a-45c8-d030-0b823248b815" testName="VisitTest_Contains (Hello,EL,True)" computerName="DESKTOP-3FN5V33" duration="00:00:00.0009898" startTime="2024-03-04T14:08:25.9874419-05:00" endTime="2024-03-04T14:08:25.9889560-05:00" testType="13cdc9d9-ddb5-4fa4-a97d-d965ccfc6d4b" outcome="Passed" testListId="8c84fa94-04c1-424b-9868-57a2d4851a1d" relativeResultsDirectory="a6e40d14-7b7d-4bad-bc94-91cf967b2881" xmlns="http://microsoft.com/schemas/VisualStudio/TeamTest/2010">
      <Output>
        <StdOut>Eliassen.System.Linq.ConsoleLogger`1[Eliassen.System.Linq.Expressions.StringComparisonReplacementExpressionVisitor]:Debug:&gt;
	Replace: e.Contains(value(Eliassen.System.Tests.Linq.Expressions.StringComparisonReplacementExpressionVisitorTests+&lt;&gt;c__DisplayClass6_0).matched) with e.Contains(value(Eliassen.System.Tests.Linq.Expressions.StringComparisonReplacementExpressionVisitorTests+&lt;&gt;c__DisplayClass6_0).matched, CurrentCultureIgnoreCase)



TestContext Messages:
expression: e =&gt; e.Contains(value(Eliassen.System.Tests.Linq.Expressions.StringComparisonReplacementExpressionVisitorTests+&lt;&gt;c__DisplayClass6_0).matched)
visited: e =&gt; e.Contains(value(Eliassen.System.Tests.Linq.Expressions.StringComparisonReplacementExpressionVisitorTests+&lt;&gt;c__DisplayClass6_0).matched, CurrentCultureIgnoreCase)</StdOut>
      </Output>
    </UnitTestResult>
    <UnitTestResult executionId="585d5564-d377-430c-b14e-887fd221dd4d" testId="6ecbf29a-b1dc-ecb1-c997-c95f3b46593a" testName="ExecuteByTest_Filter_JsonElement" computerName="DESKTOP-3FN5V33" duration="00:00:00.1356113" startTime="2024-03-04T14:08:22.3836174-05:00" endTime="2024-03-04T14:08:22.5199379-05:00" testType="13cdc9d9-ddb5-4fa4-a97d-d965ccfc6d4b" outcome="Passed" testListId="8c84fa94-04c1-424b-9868-57a2d4851a1d" relativeResultsDirectory="585d5564-d377-430c-b14e-887fd221dd4d" xmlns="http://microsoft.com/schemas/VisualStudio/TeamTest/2010">
      <Output>
        <StdOut>Eliassen.System.Linq.ConsoleLogger`1[Eliassen.System.Linq.Search.QueryBuilder]:Information:&gt;
	Build query for CurrentPage: 0
PageSize: 0
ExcludePageCount: False
SearchTerm: (null)
	F:Name: EqualTo: Name3

Eliassen.System.Linq.ConsoleLogger`1[Eliassen.System.Linq.Search.QueryBuilder]:Information:&gt;
	Execute (paged): System.Linq.Enumerable+SelectRangeIterator`1[Eliassen.System.Tests.Linq.TestTargets.TestTargetModel].Where(n =&gt; n.Name.Equals("Name3")).OrderBy(_ =&gt; 0).Skip(0).Take(10)



TestContext Messages:
SearchQuery-QueryableExtensionsTests_ExecuteByTestFilter(142)-638451581023953067.json: Attached
EnumerableQuery_1-QueryableExtensionsTests_ExecuteByTestFilter(144)-638451581024055297.json: Attached
PagedQueryResult_1-QueryableExtensionsTests_ExecuteByTestFilter(146)-638451581024445932.json: Attached
resultKeys: 3</StdOut>
        <StdErr>Eliassen.System.Linq.ConsoleLogger`1[Eliassen.System.Linq.Search.SortBuilder`1[Eliassen.System.Tests.Linq.TestTargets.TestTargetModel]]:Warning:&gt;
	Force sort by 0 applied for Eliassen.System.Tests.Linq.TestTargets.TestTargetModel</StdErr>
      </Output>
      <ResultFiles>
        <ResultFile path="DESKTOP-3FN5V33\EnumerableQuery_1-QueryableExtensionsTests_ExecuteByTestFilter(144)-638451581024055297.json" />
        <ResultFile path="DESKTOP-3FN5V33\PagedQueryResult_1-QueryableExtensionsTests_ExecuteByTestFilter(146)-638451581024445932.json" />
        <ResultFile path="DESKTOP-3FN5V33\SearchQuery-QueryableExtensionsTests_ExecuteByTestFilter(142)-638451581023953067.json" />
      </ResultFiles>
    </UnitTestResult>
    <UnitTestResult executionId="2d28edbb-269d-4b79-94de-f99a53e92eea" testId="b6498f29-1231-5fcf-4954-1746daa0500d" testName="ExecuteByTest_Filter (Eliassen.System.Tests.Linq.TestTargets.TestTargetExtendedModel,Date,LessThan,2020-03-01T01:01:01.4356493+02:00,3,-1,0,1)" computerName="DESKTOP-3FN5V33" duration="00:00:00.7104106" startTime="2024-03-04T14:08:13.5184770-05:00" endTime="2024-03-04T14:08:22.3018853-05:00" testType="13cdc9d9-ddb5-4fa4-a97d-d965ccfc6d4b" outcome="Passed" testListId="8c84fa94-04c1-424b-9868-57a2d4851a1d" relativeResultsDirectory="2d28edbb-269d-4b79-94de-f99a53e92eea" xmlns="http://microsoft.com/schemas/VisualStudio/TeamTest/2010">
      <Output>
        <StdOut>Eliassen.System.Linq.ConsoleLogger`1[Eliassen.System.Linq.Search.QueryBuilder]:Information:&gt;
	Build query for CurrentPage: 0
PageSize: 0
ExcludePageCount: False
SearchTerm: (null)
	F:Date: LessThan: 2020-03-01T01:01:01.4356493+02:00

Eliassen.System.Linq.ConsoleLogger`1[Eliassen.System.Linq.Search.SortBuilder`1[Eliassen.System.Tests.Linq.TestTargets.TestTargetExtendedModel]]:Information:&gt;
	Applying default sort for Eliassen.System.Tests.Linq.TestTargets.TestTargetExtendedModel: (Index, Ascending)
Eliassen.System.Linq.ConsoleLogger`1[Eliassen.System.Linq.Search.QueryBuilder]:Information:&gt;
	Execute (paged): System.Linq.Enumerable+SelectRangeIterator`1[Eliassen.System.Tests.Linq.TestTargets.TestTargetExtendedModel].Where(n =&gt; (n.Date &lt; 2/29/2020 6:01:01 PM)).OrderBy(n =&gt; Convert(n.Index, Object)).Skip(0).Take(10)



TestContext Messages:
SearchQuery-QueryableExtensionsTests_ExecuteByTestFilter(142)-638451580965272542.json: Attached
EnumerableQuery_1-QueryableExtensionsTests_ExecuteByTestFilter(144)-638451580965364797.json: Attached
PagedQueryResult_1-QueryableExtensionsTests_ExecuteByTestFilter(146)-638451580972220627.json: Attached
resultKeys: -1,0,1</StdOut>
        <StdErr>Eliassen.System.Linq.ConsoleLogger`1[Eliassen.System.Linq.Expressions.ExpressionTreeBuilder`1[Eliassen.System.Tests.Linq.TestTargets.TestTargetExtendedModel]]:Warning:&gt;
	2020-03-01T01:01:01.4356493+02:00 parsed to 02/29/2020 18:01:01 (System.DateTime)</StdErr>
      </Output>
      <ResultFiles>
        <ResultFile path="DESKTOP-3FN5V33\EnumerableQuery_1-QueryableExtensionsTests_ExecuteByTestFilter(144)-638451580965364797.json" />
        <ResultFile path="DESKTOP-3FN5V33\PagedQueryResult_1-QueryableExtensionsTests_ExecuteByTestFilter(146)-638451580972220627.json" />
        <ResultFile path="DESKTOP-3FN5V33\SearchQuery-QueryableExtensionsTests_ExecuteByTestFilter(142)-638451580965272542.json" />
      </ResultFiles>
    </UnitTestResult>
    <UnitTestResult executionId="b9e73a98-08e3-40c1-ad61-789aceae747f" testId="f90f5d2f-9a6e-b4bc-022c-ce37e3e49a29" testName="GetSortablePropertyNamesTest_TestTargetModel" computerName="DESKTOP-3FN5V33" duration="00:00:00.0049752" startTime="2024-03-04T14:08:25.8144516-05:00" endTime="2024-03-04T14:08:25.8244930-05:00" testType="13cdc9d9-ddb5-4fa4-a97d-d965ccfc6d4b" outcome="Passed" testListId="8c84fa94-04c1-424b-9868-57a2d4851a1d" relativeResultsDirectory="b9e73a98-08e3-40c1-ad61-789aceae747f" xmlns="http://microsoft.com/schemas/VisualStudio/TeamTest/2010" />
    <UnitTestResult executionId="b59e25e3-e497-43a5-aa11-55981fe1a6e7" testId="2f56b32e-ea97-c552-8dea-074dcb4e0dc0" testName="MakeSafeArrayTest (System.String,System.Object[],System.String[])" computerName="DESKTOP-3FN5V33" duration="00:00:00.0006660" startTime="2024-03-04T14:08:13.3980664-05:00" endTime="2024-03-04T14:08:13.3998022-05:00" testType="13cdc9d9-ddb5-4fa4-a97d-d965ccfc6d4b" outcome="Passed" testListId="8c84fa94-04c1-424b-9868-57a2d4851a1d" relativeResultsDirectory="b59e25e3-e497-43a5-aa11-55981fe1a6e7" xmlns="http://microsoft.com/schemas/VisualStudio/TeamTest/2010" />
    <UnitTestResult executionId="97cbf790-b00f-47cc-a4e0-df95c33e78b6" testId="b6498f29-1231-5fcf-4954-1746daa0500d" testName="ExecuteByTest_Filter (Eliassen.System.Tests.Linq.TestTargets.TestTargetModel,Index,EqualTo,!1,10,0,2,3,4,5,6,7,8,9,10)" computerName="DESKTOP-3FN5V33" duration="00:00:00.2064863" startTime="2024-03-04T14:08:13.5184770-05:00" endTime="2024-03-04T14:08:22.3018853-05:00" testType="13cdc9d9-ddb5-4fa4-a97d-d965ccfc6d4b" outcome="Passed" testListId="8c84fa94-04c1-424b-9868-57a2d4851a1d" relativeResultsDirectory="97cbf790-b00f-47cc-a4e0-df95c33e78b6" xmlns="http://microsoft.com/schemas/VisualStudio/TeamTest/2010">
      <Output>
        <StdOut>Eliassen.System.Linq.ConsoleLogger`1[Eliassen.System.Linq.Search.QueryBuilder]:Information:&gt;
	Build query for CurrentPage: 0
PageSize: 0
ExcludePageCount: False
SearchTerm: (null)
	F:Index: EqualTo: !1

Eliassen.System.Linq.ConsoleLogger`1[Eliassen.System.Linq.Search.QueryBuilder]:Information:&gt;
	Execute (paged): System.Linq.Enumerable+SelectRangeIterator`1[Eliassen.System.Tests.Linq.TestTargets.TestTargetModel].Where(n =&gt; (n.Index != 1)).OrderBy(_ =&gt; 0).Skip(0).Take(10)



TestContext Messages:
SearchQuery-QueryableExtensionsTests_ExecuteByTestFilter(142)-638451580935668933.json: Attached
EnumerableQuery_1-QueryableExtensionsTests_ExecuteByTestFilter(144)-638451580935797167.json: Attached
PagedQueryResult_1-QueryableExtensionsTests_ExecuteByTestFilter(146)-638451580936907288.json: Attached
resultKeys: 0,2,3,4,5,6,7,8,9,10</StdOut>
        <StdErr>Eliassen.System.Linq.ConsoleLogger`1[Eliassen.System.Linq.Expressions.ExpressionTreeBuilder`1[Eliassen.System.Tests.Linq.TestTargets.TestTargetModel]]:Warning:&gt;
	1 parsed to 1 (System.Int32)
Eliassen.System.Linq.ConsoleLogger`1[Eliassen.System.Linq.Search.SortBuilder`1[Eliassen.System.Tests.Linq.TestTargets.TestTargetModel]]:Warning:&gt;
	Force sort by 0 applied for Eliassen.System.Tests.Linq.TestTargets.TestTargetModel</StdErr>
      </Output>
      <ResultFiles>
        <ResultFile path="DESKTOP-3FN5V33\EnumerableQuery_1-QueryableExtensionsTests_ExecuteByTestFilter(144)-638451580935797167.json" />
        <ResultFile path="DESKTOP-3FN5V33\PagedQueryResult_1-QueryableExtensionsTests_ExecuteByTestFilter(146)-638451580936907288.json" />
        <ResultFile path="DESKTOP-3FN5V33\SearchQuery-QueryableExtensionsTests_ExecuteByTestFilter(142)-638451580935668933.json" />
      </ResultFiles>
    </UnitTestResult>
    <UnitTestResult executionId="4291b204-707e-4899-b6cb-ae32ee1bea80" testId="e350703c-47df-56f0-b995-a52c38b53eca" testName="MakeSafeTest (System.Nullable`1[System.Decimal],nope,)" computerName="DESKTOP-3FN5V33" duration="00:00:00.0001359" startTime="2024-03-04T14:08:13.1932338-05:00" endTime="2024-03-04T14:08:13.3817848-05:00" testType="13cdc9d9-ddb5-4fa4-a97d-d965ccfc6d4b" outcome="Passed" testListId="8c84fa94-04c1-424b-9868-57a2d4851a1d" relativeResultsDirectory="4291b204-707e-4899-b6cb-ae32ee1bea80" xmlns="http://microsoft.com/schemas/VisualStudio/TeamTest/2010" />
    <UnitTestResult executionId="a1812061-13cf-4b9c-bd2d-3bbd9e5b73a3" testId="8ef63a3f-2208-ac88-5a22-493d4beeaeda" testName="GetResourceFromXmlTest" computerName="DESKTOP-3FN5V33" duration="00:00:00.0110280" startTime="2024-03-04T14:08:13.5018626-05:00" endTime="2024-03-04T14:08:13.5131278-05:00" testType="13cdc9d9-ddb5-4fa4-a97d-d965ccfc6d4b" outcome="Passed" testListId="8c84fa94-04c1-424b-9868-57a2d4851a1d" relativeResultsDirectory="a1812061-13cf-4b9c-bd2d-3bbd9e5b73a3" xmlns="http://microsoft.com/schemas/VisualStudio/TeamTest/2010" />
    <UnitTestResult executionId="86ba3ebe-5f54-4207-9944-27a5baf41d7a" testId="e350703c-47df-56f0-b995-a52c38b53eca" testName="MakeSafeTest (System.AttributeTargets,nope,)" computerName="DESKTOP-3FN5V33" duration="00:00:00.0019380" startTime="2024-03-04T14:08:13.1932338-05:00" endTime="2024-03-04T14:08:13.3817848-05:00" testType="13cdc9d9-ddb5-4fa4-a97d-d965ccfc6d4b" outcome="Passed" testListId="8c84fa94-04c1-424b-9868-57a2d4851a1d" relativeResultsDirectory="86ba3ebe-5f54-4207-9944-27a5baf41d7a" xmlns="http://microsoft.com/schemas/VisualStudio/TeamTest/2010" />
    <UnitTestResult executionId="7a8c4749-8eaf-430d-8ea6-2a33beb67ac4" testId="5adbf889-f6cc-6aad-7fc3-6b99d44bef4c" testName="VisitTest_StartsWith (Hello,He,True)" computerName="DESKTOP-3FN5V33" duration="00:00:00.0019771" startTime="2024-03-04T14:08:25.9965651-05:00" endTime="2024-03-04T14:08:25.9989342-05:00" testType="13cdc9d9-ddb5-4fa4-a97d-d965ccfc6d4b" outcome="Passed" testListId="8c84fa94-04c1-424b-9868-57a2d4851a1d" relativeResultsDirectory="7a8c4749-8eaf-430d-8ea6-2a33beb67ac4" xmlns="http://microsoft.com/schemas/VisualStudio/TeamTest/2010">
      <Output>
        <StdOut>Eliassen.System.Linq.ConsoleLogger`1[Eliassen.System.Linq.Expressions.StringComparisonReplacementExpressionVisitor]:Debug:&gt;
	Replace: e.StartsWith(value(Eliassen.System.Tests.Linq.Expressions.StringComparisonReplacementExpressionVisitorTests+&lt;&gt;c__DisplayClass7_0).matched) with e.StartsWith(value(Eliassen.System.Tests.Linq.Expressions.StringComparisonReplacementExpressionVisitorTests+&lt;&gt;c__DisplayClass7_0).matched, CurrentCultureIgnoreCase)



TestContext Messages:
expression: e =&gt; e.StartsWith(value(Eliassen.System.Tests.Linq.Expressions.StringComparisonReplacementExpressionVisitorTests+&lt;&gt;c__DisplayClass7_0).matched)
visited: e =&gt; e.StartsWith(value(Eliassen.System.Tests.Linq.Expressions.StringComparisonReplacementExpressionVisitorTests+&lt;&gt;c__DisplayClass7_0).matched, CurrentCultureIgnoreCase)</StdOut>
      </Output>
    </UnitTestResult>
    <UnitTestResult executionId="2a30ce7b-aea2-41a4-989a-638db8085527" testId="b6498f29-1231-5fcf-4954-1746daa0500d" testName="ExecuteByTest_Filter (Eliassen.System.Tests.Linq.TestTargets.TestTargetModel,Index,GreaterThan,995,4,996,997,998,999)" computerName="DESKTOP-3FN5V33" duration="00:00:00.0493175" startTime="2024-03-04T14:08:13.5184770-05:00" endTime="2024-03-04T14:08:22.3018853-05:00" testType="13cdc9d9-ddb5-4fa4-a97d-d965ccfc6d4b" outcome="Passed" testListId="8c84fa94-04c1-424b-9868-57a2d4851a1d" relativeResultsDirectory="2a30ce7b-aea2-41a4-989a-638db8085527" xmlns="http://microsoft.com/schemas/VisualStudio/TeamTest/2010">
      <Output>
        <StdOut>Eliassen.System.Linq.ConsoleLogger`1[Eliassen.System.Linq.Search.QueryBuilder]:Information:&gt;
	Build query for CurrentPage: 0
PageSize: 0
ExcludePageCount: False
SearchTerm: (null)
	F:Index: GreaterThan: 995

Eliassen.System.Linq.ConsoleLogger`1[Eliassen.System.Linq.Search.QueryBuilder]:Information:&gt;
	Execute (paged): System.Linq.Enumerable+SelectRangeIterator`1[Eliassen.System.Tests.Linq.TestTargets.TestTargetModel].Where(n =&gt; (n.Index &gt; 995)).OrderBy(_ =&gt; 0).Skip(0).Take(10)



TestContext Messages:
SearchQuery-QueryableExtensionsTests_ExecuteByTestFilter(142)-638451580940962288.json: Attached
EnumerableQuery_1-QueryableExtensionsTests_ExecuteByTestFilter(144)-638451580941039141.json: Attached
PagedQueryResult_1-QueryableExtensionsTests_ExecuteByTestFilter(146)-638451580941319134.json: Attached
resultKeys: 996,997,998,999</StdOut>
        <StdErr>Eliassen.System.Linq.ConsoleLogger`1[Eliassen.System.Linq.Expressions.ExpressionTreeBuilder`1[Eliassen.System.Tests.Linq.TestTargets.TestTargetModel]]:Warning:&gt;
	995 parsed to 995 (System.Int32)
Eliassen.System.Linq.ConsoleLogger`1[Eliassen.System.Linq.Search.SortBuilder`1[Eliassen.System.Tests.Linq.TestTargets.TestTargetModel]]:Warning:&gt;
	Force sort by 0 applied for Eliassen.System.Tests.Linq.TestTargets.TestTargetModel</StdErr>
      </Output>
      <ResultFiles>
        <ResultFile path="DESKTOP-3FN5V33\EnumerableQuery_1-QueryableExtensionsTests_ExecuteByTestFilter(144)-638451580941039141.json" />
        <ResultFile path="DESKTOP-3FN5V33\PagedQueryResult_1-QueryableExtensionsTests_ExecuteByTestFilter(146)-638451580941319134.json" />
        <ResultFile path="DESKTOP-3FN5V33\SearchQuery-QueryableExtensionsTests_ExecuteByTestFilter(142)-638451580940962288.json" />
      </ResultFiles>
    </UnitTestResult>
    <UnitTestResult executionId="1e575f31-6aaa-4f5c-b975-94672472f082" testId="b6498f29-1231-5fcf-4954-1746daa0500d" testName="ExecuteByTest_Filter (Eliassen.System.Tests.Linq.TestTargets.TestTargetModel,Name,NotEqualTo,,10,0,1,2,3,4,5,6,7,8,9)" computerName="DESKTOP-3FN5V33" duration="00:00:00.0382596" startTime="2024-03-04T14:08:13.5184770-05:00" endTime="2024-03-04T14:08:22.3018853-05:00" testType="13cdc9d9-ddb5-4fa4-a97d-d965ccfc6d4b" outcome="Passed" testListId="8c84fa94-04c1-424b-9868-57a2d4851a1d" relativeResultsDirectory="1e575f31-6aaa-4f5c-b975-94672472f082" xmlns="http://microsoft.com/schemas/VisualStudio/TeamTest/2010">
      <Output>
        <StdOut>Eliassen.System.Linq.ConsoleLogger`1[Eliassen.System.Linq.Search.QueryBuilder]:Information:&gt;
	Build query for CurrentPage: 0
PageSize: 0
ExcludePageCount: False
SearchTerm: (null)
	F:Name: NotEqualTo:

Eliassen.System.Linq.ConsoleLogger`1[Eliassen.System.Linq.Search.QueryBuilder]:Information:&gt;
	Execute (paged): System.Linq.Enumerable+SelectRangeIterator`1[Eliassen.System.Tests.Linq.TestTargets.TestTargetModel].Where(n =&gt; (n.Name != "")).OrderBy(_ =&gt; 0).Skip(0).Take(10)



TestContext Messages:
SearchQuery-QueryableExtensionsTests_ExecuteByTestFilter(142)-638451580994297282.json: Attached
EnumerableQuery_1-QueryableExtensionsTests_ExecuteByTestFilter(144)-638451580994356765.json: Attached
PagedQueryResult_1-QueryableExtensionsTests_ExecuteByTestFilter(146)-638451580994544251.json: Attached
resultKeys: 0,1,2,3,4,5,6,7,8,9</StdOut>
        <StdErr>Eliassen.System.Linq.ConsoleLogger`1[Eliassen.System.Linq.Search.SortBuilder`1[Eliassen.System.Tests.Linq.TestTargets.TestTargetModel]]:Warning:&gt;
	Force sort by 0 applied for Eliassen.System.Tests.Linq.TestTargets.TestTargetModel</StdErr>
      </Output>
      <ResultFiles>
        <ResultFile path="DESKTOP-3FN5V33\EnumerableQuery_1-QueryableExtensionsTests_ExecuteByTestFilter(144)-638451580994356765.json" />
        <ResultFile path="DESKTOP-3FN5V33\PagedQueryResult_1-QueryableExtensionsTests_ExecuteByTestFilter(146)-638451580994544251.json" />
        <ResultFile path="DESKTOP-3FN5V33\SearchQuery-QueryableExtensionsTests_ExecuteByTestFilter(142)-638451580994297282.json" />
      </ResultFiles>
    </UnitTestResult>
    <UnitTestResult executionId="b368ef1d-400b-4b97-a27a-8d9e51d478ae" testId="b6498f29-1231-5fcf-4954-1746daa0500d" testName="ExecuteByTest_Filter (Eliassen.System.Tests.Linq.TestTargets.TestTargetModel,Index,LessThanOrEqualTo,5,6,0,1,2,3,4,5)" computerName="DESKTOP-3FN5V33" duration="00:00:00.0336480" startTime="2024-03-04T14:08:13.5184770-05:00" endTime="2024-03-04T14:08:22.3018853-05:00" testType="13cdc9d9-ddb5-4fa4-a97d-d965ccfc6d4b" outcome="Passed" testListId="8c84fa94-04c1-424b-9868-57a2d4851a1d" relativeResultsDirectory="b368ef1d-400b-4b97-a27a-8d9e51d478ae" xmlns="http://microsoft.com/schemas/VisualStudio/TeamTest/2010">
      <Output>
        <StdOut>Eliassen.System.Linq.ConsoleLogger`1[Eliassen.System.Linq.Search.QueryBuilder]:Information:&gt;
	Build query for CurrentPage: 0
PageSize: 0
ExcludePageCount: False
SearchTerm: (null)
	F:Index: LessThanOrEqualTo: 5

Eliassen.System.Linq.ConsoleLogger`1[Eliassen.System.Linq.Search.QueryBuilder]:Information:&gt;
	Execute (paged): System.Linq.Enumerable+SelectRangeIterator`1[Eliassen.System.Tests.Linq.TestTargets.TestTargetModel].Where(n =&gt; (n.Index &lt;= 5)).OrderBy(_ =&gt; 0).Skip(0).Take(10)



TestContext Messages:
SearchQuery-QueryableExtensionsTests_ExecuteByTestFilter(142)-638451580940608969.json: Attached
EnumerableQuery_1-QueryableExtensionsTests_ExecuteByTestFilter(144)-638451580940662034.json: Attached
PagedQueryResult_1-QueryableExtensionsTests_ExecuteByTestFilter(146)-638451580940844230.json: Attached
resultKeys: 0,1,2,3,4,5</StdOut>
        <StdErr>Eliassen.System.Linq.ConsoleLogger`1[Eliassen.System.Linq.Expressions.ExpressionTreeBuilder`1[Eliassen.System.Tests.Linq.TestTargets.TestTargetModel]]:Warning:&gt;
	5 parsed to 5 (System.Int32)
Eliassen.System.Linq.ConsoleLogger`1[Eliassen.System.Linq.Search.SortBuilder`1[Eliassen.System.Tests.Linq.TestTargets.TestTargetModel]]:Warning:&gt;
	Force sort by 0 applied for Eliassen.System.Tests.Linq.TestTargets.TestTargetModel</StdErr>
      </Output>
      <ResultFiles>
        <ResultFile path="DESKTOP-3FN5V33\EnumerableQuery_1-QueryableExtensionsTests_ExecuteByTestFilter(144)-638451580940662034.json" />
        <ResultFile path="DESKTOP-3FN5V33\PagedQueryResult_1-QueryableExtensionsTests_ExecuteByTestFilter(146)-638451580940844230.json" />
        <ResultFile path="DESKTOP-3FN5V33\SearchQuery-QueryableExtensionsTests_ExecuteByTestFilter(142)-638451580940608969.json" />
      </ResultFiles>
    </UnitTestResult>
    <UnitTestResult executionId="7940fb92-1771-42e8-aad7-805a2d793fee" testId="7fd160bc-3b5b-e6e2-40ae-1974536260f2" testName="TryParseTest (System.Decimal,1,True,1)" computerName="DESKTOP-3FN5V33" duration="00:00:00.0000161" startTime="2024-03-04T14:08:13.4012744-05:00" endTime="2024-03-04T14:08:13.4054238-05:00" testType="13cdc9d9-ddb5-4fa4-a97d-d965ccfc6d4b" outcome="Passed" testListId="8c84fa94-04c1-424b-9868-57a2d4851a1d" relativeResultsDirectory="7940fb92-1771-42e8-aad7-805a2d793fee" xmlns="http://microsoft.com/schemas/VisualStudio/TeamTest/2010" />
    <UnitTestResult executionId="f7a48fda-8618-4318-ae2e-296fa9444f62" testId="b6498f29-1231-5fcf-4954-1746daa0500d" testName="ExecuteByTest_Filter (Eliassen.System.Tests.Linq.TestTargets.TestTargetExtendedModel,May,NotEqualTo,!,10,-1,1,2,4,5,7,8,10,11,13)" computerName="DESKTOP-3FN5V33" duration="00:00:01.0484970" startTime="2024-03-04T14:08:13.5184770-05:00" endTime="2024-03-04T14:08:22.3018853-05:00" testType="13cdc9d9-ddb5-4fa4-a97d-d965ccfc6d4b" outcome="Passed" testListId="8c84fa94-04c1-424b-9868-57a2d4851a1d" relativeResultsDirectory="f7a48fda-8618-4318-ae2e-296fa9444f62" xmlns="http://microsoft.com/schemas/VisualStudio/TeamTest/2010">
      <Output>
        <StdOut>Eliassen.System.Linq.ConsoleLogger`1[Eliassen.System.Linq.Search.QueryBuilder]:Information:&gt;
	Build query for CurrentPage: 0
PageSize: 0
ExcludePageCount: False
SearchTerm: (null)
	F:May: NotEqualTo: !

Eliassen.System.Linq.ConsoleLogger`1[Eliassen.System.Linq.Search.SortBuilder`1[Eliassen.System.Tests.Linq.TestTargets.TestTargetExtendedModel]]:Information:&gt;
	Applying default sort for Eliassen.System.Tests.Linq.TestTargets.TestTargetExtendedModel: (Index, Ascending)
Eliassen.System.Linq.ConsoleLogger`1[Eliassen.System.Linq.Search.QueryBuilder]:Information:&gt;
	Execute (paged): System.Linq.Enumerable+SelectRangeIterator`1[Eliassen.System.Tests.Linq.TestTargets.TestTargetExtendedModel].Where(n =&gt; (n.May != "")).OrderBy(n =&gt; Convert(n.Index, Object)).Skip(0).Take(10)



TestContext Messages:
SearchQuery-QueryableExtensionsTests_ExecuteByTestFilter(142)-638451581012578382.json: Attached
EnumerableQuery_1-QueryableExtensionsTests_ExecuteByTestFilter(144)-638451581012676659.json: Attached
PagedQueryResult_1-QueryableExtensionsTests_ExecuteByTestFilter(146)-638451581022890245.json: Attached
resultKeys: -1,1,2,4,5,7,8,10,11,13</StdOut>
      </Output>
      <ResultFiles>
        <ResultFile path="DESKTOP-3FN5V33\EnumerableQuery_1-QueryableExtensionsTests_ExecuteByTestFilter(144)-638451581012676659.json" />
        <ResultFile path="DESKTOP-3FN5V33\PagedQueryResult_1-QueryableExtensionsTests_ExecuteByTestFilter(146)-638451581022890245.json" />
        <ResultFile path="DESKTOP-3FN5V33\SearchQuery-QueryableExtensionsTests_ExecuteByTestFilter(142)-638451581012578382.json" />
      </ResultFiles>
    </UnitTestResult>
    <UnitTestResult executionId="41996149-c087-4190-a6a0-8ccbbc74841a" testId="e7f0575b-0e45-f2ce-4918-0b10042b2324" testName="VisitTest_Equals (Hello,hello,True)" computerName="DESKTOP-3FN5V33" duration="00:00:00.0102000" startTime="2024-03-04T14:08:25.9285262-05:00" endTime="2024-03-04T14:08:25.9392431-05:00" testType="13cdc9d9-ddb5-4fa4-a97d-d965ccfc6d4b" outcome="Passed" testListId="8c84fa94-04c1-424b-9868-57a2d4851a1d" relativeResultsDirectory="41996149-c087-4190-a6a0-8ccbbc74841a" xmlns="http://microsoft.com/schemas/VisualStudio/TeamTest/2010">
      <Output>
        <StdOut>Eliassen.System.Linq.ConsoleLogger`1[Eliassen.System.Linq.Expressions.StringComparisonReplacementExpressionVisitor]:Debug:&gt;
	Replace: e.Equals(value(Eliassen.System.Tests.Linq.Expressions.StringComparisonReplacementExpressionVisitorTests+&lt;&gt;c__DisplayClass5_0).matched) with e.Equals(value(Eliassen.System.Tests.Linq.Expressions.StringComparisonReplacementExpressionVisitorTests+&lt;&gt;c__DisplayClass5_0).matched, CurrentCultureIgnoreCase)



TestContext Messages:
expression: e =&gt; e.Equals(value(Eliassen.System.Tests.Linq.Expressions.StringComparisonReplacementExpressionVisitorTests+&lt;&gt;c__DisplayClass5_0).matched)
visited: e =&gt; e.Equals(value(Eliassen.System.Tests.Linq.Expressions.StringComparisonReplacementExpressionVisitorTests+&lt;&gt;c__DisplayClass5_0).matched, CurrentCultureIgnoreCase)</StdOut>
      </Output>
    </UnitTestResult>
    <UnitTestResult executionId="0ad854b9-b802-4cb1-9758-3266ffa598d2" testId="e350703c-47df-56f0-b995-a52c38b53eca" testName="MakeSafeTest (System.Nullable`1[System.Double],nope,)" computerName="DESKTOP-3FN5V33" duration="00:00:00.0001534" startTime="2024-03-04T14:08:13.1932338-05:00" endTime="2024-03-04T14:08:13.3817848-05:00" testType="13cdc9d9-ddb5-4fa4-a97d-d965ccfc6d4b" outcome="Passed" testListId="8c84fa94-04c1-424b-9868-57a2d4851a1d" relativeResultsDirectory="0ad854b9-b802-4cb1-9758-3266ffa598d2" xmlns="http://microsoft.com/schemas/VisualStudio/TeamTest/2010" />
    <UnitTestResult executionId="e1bb9e1f-1890-47ad-9bd0-039b3cc8c532" testId="e350703c-47df-56f0-b995-a52c38b53eca" testName="MakeSafeTest (System.Decimal,nope,)" computerName="DESKTOP-3FN5V33" duration="00:00:00.0002288" startTime="2024-03-04T14:08:13.1932338-05:00" endTime="2024-03-04T14:08:13.3817848-05:00" testType="13cdc9d9-ddb5-4fa4-a97d-d965ccfc6d4b" outcome="Passed" testListId="8c84fa94-04c1-424b-9868-57a2d4851a1d" relativeResultsDirectory="e1bb9e1f-1890-47ad-9bd0-039b3cc8c532" xmlns="http://microsoft.com/schemas/VisualStudio/TeamTest/2010" />
    <UnitTestResult executionId="9294a334-4a25-4ce1-94c0-b8faef08d794" testId="e350703c-47df-56f0-b995-a52c38b53eca" testName="MakeSafeTest (System.Nullable`1[System.Guid],18AACB9C-2989-4322-A490-C7167BEA0DB4,18aacb9c-2989-4322-a490-c7167bea0db4)" computerName="DESKTOP-3FN5V33" duration="00:00:00.0002224" startTime="2024-03-04T14:08:13.1932338-05:00" endTime="2024-03-04T14:08:13.3817848-05:00" testType="13cdc9d9-ddb5-4fa4-a97d-d965ccfc6d4b" outcome="Passed" testListId="8c84fa94-04c1-424b-9868-57a2d4851a1d" relativeResultsDirectory="9294a334-4a25-4ce1-94c0-b8faef08d794" xmlns="http://microsoft.com/schemas/VisualStudio/TeamTest/2010" />
    <UnitTestResult executionId="71c2a55c-aa2e-43ec-8e30-fc43fe90c338" testId="0ce23f0f-8bc9-01fa-938b-d8a470ad42da" testName="DeserializeTest_Nullable ({&quot;Nullable&quot;:null,&quot;Value&quot;:{&quot;$date&quot;:&quot;2023-07-05T14:17:05.2315812-04:00&quot;}},)" computerName="DESKTOP-3FN5V33" duration="00:00:00.0230601" startTime="2024-03-04T14:08:12.6872934-05:00" endTime="2024-03-04T14:08:12.7108228-05:00" testType="13cdc9d9-ddb5-4fa4-a97d-d965ccfc6d4b" outcome="Passed" testListId="8c84fa94-04c1-424b-9868-57a2d4851a1d" relativeResultsDirectory="71c2a55c-aa2e-43ec-8e30-fc43fe90c338" xmlns="http://microsoft.com/schemas/VisualStudio/TeamTest/2010">
      <Output>
        <StdOut>TestContext Messages:
input-BsonDateConverterTests_DeserializeTest_Nullable(64)-638451580926879021.json: Attached
result-BsonDateConverterTests_DeserializeTest_Nullable(66)-638451580926962599.json: Attached</StdOut>
      </Output>
      <ResultFiles>
        <ResultFile path="DESKTOP-3FN5V33\input-BsonDateConverterTests_DeserializeTest_Nullable(64)-638451580926879021.json" />
        <ResultFile path="DESKTOP-3FN5V33\result-BsonDateConverterTests_DeserializeTest_Nullable(66)-638451580926962599.json" />
      </ResultFiles>
    </UnitTestResult>
    <UnitTestResult executionId="59b85e47-fa6f-48dc-9872-f7db7a29fdd0" testId="b6498f29-1231-5fcf-4954-1746daa0500d" testName="ExecuteByTest_Filter (Eliassen.System.Tests.Linq.TestTargets.TestTargetModel,Name,NotEqualTo,*3,10,0,1,2,4,5,6,7,8,9,10)" computerName="DESKTOP-3FN5V33" duration="00:00:00.0489412" startTime="2024-03-04T14:08:13.5184770-05:00" endTime="2024-03-04T14:08:22.3018853-05:00" testType="13cdc9d9-ddb5-4fa4-a97d-d965ccfc6d4b" outcome="Passed" testListId="8c84fa94-04c1-424b-9868-57a2d4851a1d" relativeResultsDirectory="59b85e47-fa6f-48dc-9872-f7db7a29fdd0" xmlns="http://microsoft.com/schemas/VisualStudio/TeamTest/2010">
      <Output>
        <StdOut>Eliassen.System.Linq.ConsoleLogger`1[Eliassen.System.Linq.Search.QueryBuilder]:Information:&gt;
	Build query for CurrentPage: 0
PageSize: 0
ExcludePageCount: False
SearchTerm: (null)
	F:Name: NotEqualTo: *3

Eliassen.System.Linq.ConsoleLogger`1[Eliassen.System.Linq.Search.QueryBuilder]:Information:&gt;
	Execute (paged): System.Linq.Enumerable+SelectRangeIterator`1[Eliassen.System.Tests.Linq.TestTargets.TestTargetModel].Where(n =&gt; Not(n.Name.EndsWith("3"))).OrderBy(_ =&gt; 0).Skip(0).Take(10)



TestContext Messages:
SearchQuery-QueryableExtensionsTests_ExecuteByTestFilter(142)-638451580943815411.json: Attached
EnumerableQuery_1-QueryableExtensionsTests_ExecuteByTestFilter(144)-638451580943868614.json: Attached
PagedQueryResult_1-QueryableExtensionsTests_ExecuteByTestFilter(146)-638451580944159976.json: Attached
resultKeys: 0,1,2,4,5,6,7,8,9,10</StdOut>
        <StdErr>Eliassen.System.Linq.ConsoleLogger`1[Eliassen.System.Linq.Search.SortBuilder`1[Eliassen.System.Tests.Linq.TestTargets.TestTargetModel]]:Warning:&gt;
	Force sort by 0 applied for Eliassen.System.Tests.Linq.TestTargets.TestTargetModel</StdErr>
      </Output>
      <ResultFiles>
        <ResultFile path="DESKTOP-3FN5V33\EnumerableQuery_1-QueryableExtensionsTests_ExecuteByTestFilter(144)-638451580943868614.json" />
        <ResultFile path="DESKTOP-3FN5V33\PagedQueryResult_1-QueryableExtensionsTests_ExecuteByTestFilter(146)-638451580944159976.json" />
        <ResultFile path="DESKTOP-3FN5V33\SearchQuery-QueryableExtensionsTests_ExecuteByTestFilter(142)-638451580943815411.json" />
      </ResultFiles>
    </UnitTestResult>
    <UnitTestResult executionId="b28f2bce-74e2-4c5f-991c-5b8cd8e9bb76" testId="b6498f29-1231-5fcf-4954-1746daa0500d" testName="ExecuteByTest_Filter (Eliassen.System.Tests.Linq.TestTargets.TestTargetExtendedModel,Date,LessThan,2020-03-01T01:01:01,4,-1,0,1,2)" computerName="DESKTOP-3FN5V33" duration="00:00:00.3372866" startTime="2024-03-04T14:08:13.5184770-05:00" endTime="2024-03-04T14:08:22.3018853-05:00" testType="13cdc9d9-ddb5-4fa4-a97d-d965ccfc6d4b" outcome="Passed" testListId="8c84fa94-04c1-424b-9868-57a2d4851a1d" relativeResultsDirectory="b28f2bce-74e2-4c5f-991c-5b8cd8e9bb76" xmlns="http://microsoft.com/schemas/VisualStudio/TeamTest/2010">
      <Output>
        <StdOut>Eliassen.System.Linq.ConsoleLogger`1[Eliassen.System.Linq.Search.QueryBuilder]:Information:&gt;
	Build query for CurrentPage: 0
PageSize: 0
ExcludePageCount: False
SearchTerm: (null)
	F:Date: LessThan: 2020-03-01T01:01:01

Eliassen.System.Linq.ConsoleLogger`1[Eliassen.System.Linq.Search.SortBuilder`1[Eliassen.System.Tests.Linq.TestTargets.TestTargetExtendedModel]]:Information:&gt;
	Applying default sort for Eliassen.System.Tests.Linq.TestTargets.TestTargetExtendedModel: (Index, Ascending)
Eliassen.System.Linq.ConsoleLogger`1[Eliassen.System.Linq.Search.QueryBuilder]:Information:&gt;
	Execute (paged): System.Linq.Enumerable+SelectRangeIterator`1[Eliassen.System.Tests.Linq.TestTargets.TestTargetExtendedModel].Where(n =&gt; (n.Date &lt; 3/1/2020 1:01:01 AM)).OrderBy(n =&gt; Convert(n.Index, Object)).Skip(0).Take(10)



TestContext Messages:
SearchQuery-QueryableExtensionsTests_ExecuteByTestFilter(142)-638451580961883665.json: Attached
EnumerableQuery_1-QueryableExtensionsTests_ExecuteByTestFilter(144)-638451580961926409.json: Attached
PagedQueryResult_1-QueryableExtensionsTests_ExecuteByTestFilter(146)-638451580965130034.json: Attached
resultKeys: -1,0,1,2</StdOut>
        <StdErr>Eliassen.System.Linq.ConsoleLogger`1[Eliassen.System.Linq.Expressions.ExpressionTreeBuilder`1[Eliassen.System.Tests.Linq.TestTargets.TestTargetExtendedModel]]:Warning:&gt;
	2020-03-01T01:01:01 parsed to 03/01/2020 01:01:01 (System.DateTime)</StdErr>
      </Output>
      <ResultFiles>
        <ResultFile path="DESKTOP-3FN5V33\EnumerableQuery_1-QueryableExtensionsTests_ExecuteByTestFilter(144)-638451580961926409.json" />
        <ResultFile path="DESKTOP-3FN5V33\PagedQueryResult_1-QueryableExtensionsTests_ExecuteByTestFilter(146)-638451580965130034.json" />
        <ResultFile path="DESKTOP-3FN5V33\SearchQuery-QueryableExtensionsTests_ExecuteByTestFilter(142)-638451580961883665.json" />
      </ResultFiles>
    </UnitTestResult>
    <UnitTestResult executionId="fc0d6ffa-0872-4997-b528-094e812d3e10" testId="7fd160bc-3b5b-e6e2-40ae-1974536260f2" testName="TryParseTest (System.Nullable`1[System.Decimal],1,True,1)" computerName="DESKTOP-3FN5V33" duration="00:00:00.0000109" startTime="2024-03-04T14:08:13.4012744-05:00" endTime="2024-03-04T14:08:13.4054238-05:00" testType="13cdc9d9-ddb5-4fa4-a97d-d965ccfc6d4b" outcome="Passed" testListId="8c84fa94-04c1-424b-9868-57a2d4851a1d" relativeResultsDirectory="fc0d6ffa-0872-4997-b528-094e812d3e10" xmlns="http://microsoft.com/schemas/VisualStudio/TeamTest/2010" />
    <UnitTestResult executionId="8c3728eb-7e82-41f8-8a84-7e7016b0fc90" testId="08742191-32e9-b72f-e313-52355290b27f" testName="AsModelsTest" computerName="DESKTOP-3FN5V33" duration="00:00:00.0324566" startTime="2024-03-04T14:08:13.0446002-05:00" endTime="2024-03-04T14:08:13.0778372-05:00" testType="13cdc9d9-ddb5-4fa4-a97d-d965ccfc6d4b" outcome="Passed" testListId="8c84fa94-04c1-424b-9868-57a2d4851a1d" relativeResultsDirectory="8c3728eb-7e82-41f8-8a84-7e7016b0fc90" xmlns="http://microsoft.com/schemas/VisualStudio/TeamTest/2010">
      <Output>
        <StdOut>TestContext Messages:
EnumModel { Id = 1, Name = Assembly, Code = ASSEMBLY, Description = , Order = 0, Value = Assembly, IsEndState = False, IsExcludeFromUnique = False, PossibleNames = System.String[], Value = Assembly }
EnumModel { Id = 2, Name = Module, Code = MODULE, Description = , Order = 0, Value = Module, IsEndState = False, IsExcludeFromUnique = False, PossibleNames = System.String[], Value = Module }
EnumModel { Id = 4, Name = Class, Code = CLASS, Description = , Order = 0, Value = Class, IsEndState = False, IsExcludeFromUnique = False, PossibleNames = System.String[], Value = Class }
EnumModel { Id = 8, Name = Struct, Code = STRUCT, Description = , Order = 0, Value = Struct, IsEndState = False, IsExcludeFromUnique = False, PossibleNames = System.String[], Value = Struct }
EnumModel { Id = 16, Name = Enum, Code = ENUM, Description = , Order = 0, Value = Enum, IsEndState = False, IsExcludeFromUnique = False, PossibleNames = System.String[], Value = Enum }
EnumModel { Id = 32, Name = Constructor, Code = CONSTRUCTOR, Description = , Order = 0, Value = Constructor, IsEndState = False, IsExcludeFromUnique = False, PossibleNames = System.String[], Value = Constructor }
EnumModel { Id = 64, Name = Method, Code = METHOD, Description = , Order = 0, Value = Method, IsEndState = False, IsExcludeFromUnique = False, PossibleNames = System.String[], Value = Method }
EnumModel { Id = 128, Name = Property, Code = PROPERTY, Description = , Order = 0, Value = Property, IsEndState = False, IsExcludeFromUnique = False, PossibleNames = System.String[], Value = Property }
EnumModel { Id = 256, Name = Field, Code = FIELD, Description = , Order = 0, Value = Field, IsEndState = False, IsExcludeFromUnique = False, PossibleNames = System.String[], Value = Field }
EnumModel { Id = 512, Name = Event, Code = EVENT, Description = , Order = 0, Value = Event, IsEndState = False, IsExcludeFromUnique = False, PossibleNames = System.String[], Value = Event }
EnumModel { Id = 1024, Name = Interface, Code = INTERFACE, Description = , Order = 0, Value = Interface, IsEndState = False, IsExcludeFromUnique = False, PossibleNames = System.String[], Value = Interface }
EnumModel { Id = 2048, Name = Parameter, Code = PARAMETER, Description = , Order = 0, Value = Parameter, IsEndState = False, IsExcludeFromUnique = False, PossibleNames = System.String[], Value = Parameter }
EnumModel { Id = 4096, Name = Delegate, Code = DELEGATE, Description = , Order = 0, Value = Delegate, IsEndState = False, IsExcludeFromUnique = False, PossibleNames = System.String[], Value = Delegate }
EnumModel { Id = 8192, Name = ReturnValue, Code = RETURNVALUE, Description = , Order = 0, Value = ReturnValue, IsEndState = False, IsExcludeFromUnique = False, PossibleNames = System.String[], Value = ReturnValue }
EnumModel { Id = 16384, Name = GenericParameter, Code = GENERICPARAMETER, Description = , Order = 0, Value = GenericParameter, IsEndState = False, IsExcludeFromUnique = False, PossibleNames = System.String[], Value = GenericParameter }
EnumModel { Id = 32767, Name = All, Code = ALL, Description = , Order = 0, Value = All, IsEndState = False, IsExcludeFromUnique = False, PossibleNames = System.String[], Value = All }</StdOut>
      </Output>
    </UnitTestResult>
    <UnitTestResult executionId="937b5e79-08cf-4da6-9ba7-750eea9dc365" testId="61f88788-2c55-84c0-718f-430b9d9da684" testName="VisitTest_EqualOperator (Hello,hello,True)" computerName="DESKTOP-3FN5V33" duration="00:00:00.0074416" startTime="2024-03-04T14:08:25.8968733-05:00" endTime="2024-03-04T14:08:25.9083986-05:00" testType="13cdc9d9-ddb5-4fa4-a97d-d965ccfc6d4b" outcome="Passed" testListId="8c84fa94-04c1-424b-9868-57a2d4851a1d" relativeResultsDirectory="937b5e79-08cf-4da6-9ba7-750eea9dc365" xmlns="http://microsoft.com/schemas/VisualStudio/TeamTest/2010">
      <Output>
        <StdOut>TestContext Messages:
expression: e =&gt; (e == value(Eliassen.System.Tests.Linq.Expressions.StringComparisonReplacementExpressionVisitorTests+&lt;&gt;c__DisplayClass4_0).matched)
visited: e =&gt; e.Equals(value(Eliassen.System.Tests.Linq.Expressions.StringComparisonReplacementExpressionVisitorTests+&lt;&gt;c__DisplayClass4_0).matched, CurrentCultureIgnoreCase)</StdOut>
      </Output>
    </UnitTestResult>
    <UnitTestResult executionId="c2831369-ee02-46f9-b90a-9a36c04e3285" testId="4bae6e3b-0e6b-3eea-a810-61843449ebf1" testName="GetHash (Hello World!,f4OxZX/x/FO5LcGBSKHWXfwtSx+j1ncoSt3SABJtkGk=)" computerName="DESKTOP-3FN5V33" duration="00:00:00.0011623" startTime="2024-03-04T14:08:13.0189911-05:00" endTime="2024-03-04T14:08:13.0206857-05:00" testType="13cdc9d9-ddb5-4fa4-a97d-d965ccfc6d4b" outcome="Passed" testListId="8c84fa94-04c1-424b-9868-57a2d4851a1d" relativeResultsDirectory="c2831369-ee02-46f9-b90a-9a36c04e3285" xmlns="http://microsoft.com/schemas/VisualStudio/TeamTest/2010">
      <Output>
        <StdOut>TestContext Messages:
"Hello World!" =&gt; "f4OxZX/x/FO5LcGBSKHWXfwtSx+j1ncoSt3SABJtkGk="</StdOut>
      </Output>
    </UnitTestResult>
    <UnitTestResult executionId="2f6221f2-4035-44b0-9dd0-e3b63cc05ba6" testId="b6498f29-1231-5fcf-4954-1746daa0500d" testName="ExecuteByTest_Filter (Eliassen.System.Tests.Linq.TestTargets.TestTargetExtendedModel,May,NotEqualTo,,10,-1,1,2,4,5,7,8,10,11,13)" computerName="DESKTOP-3FN5V33" duration="00:00:00.4684533" startTime="2024-03-04T14:08:13.5184770-05:00" endTime="2024-03-04T14:08:22.3018853-05:00" testType="13cdc9d9-ddb5-4fa4-a97d-d965ccfc6d4b" outcome="Passed" testListId="8c84fa94-04c1-424b-9868-57a2d4851a1d" relativeResultsDirectory="2f6221f2-4035-44b0-9dd0-e3b63cc05ba6" xmlns="http://microsoft.com/schemas/VisualStudio/TeamTest/2010">
      <Output>
        <StdOut>Eliassen.System.Linq.ConsoleLogger`1[Eliassen.System.Linq.Search.QueryBuilder]:Information:&gt;
	Build query for CurrentPage: 0
PageSize: 0
ExcludePageCount: False
SearchTerm: (null)
	F:May: NotEqualTo:

Eliassen.System.Linq.ConsoleLogger`1[Eliassen.System.Linq.Search.SortBuilder`1[Eliassen.System.Tests.Linq.TestTargets.TestTargetExtendedModel]]:Information:&gt;
	Applying default sort for Eliassen.System.Tests.Linq.TestTargets.TestTargetExtendedModel: (Index, Ascending)
Eliassen.System.Linq.ConsoleLogger`1[Eliassen.System.Linq.Search.QueryBuilder]:Information:&gt;
	Execute (paged): System.Linq.Enumerable+SelectRangeIterator`1[Eliassen.System.Tests.Linq.TestTargets.TestTargetExtendedModel].Where(n =&gt; (n.May != "")).OrderBy(n =&gt; Convert(n.Index, Object)).Skip(0).Take(10)



TestContext Messages:
SearchQuery-QueryableExtensionsTests_ExecuteByTestFilter(142)-638451580999828791.json: Attached
EnumerableQuery_1-QueryableExtensionsTests_ExecuteByTestFilter(144)-638451580999879148.json: Attached
PagedQueryResult_1-QueryableExtensionsTests_ExecuteByTestFilter(146)-638451581004184926.json: Attached
resultKeys: -1,1,2,4,5,7,8,10,11,13</StdOut>
      </Output>
      <ResultFiles>
        <ResultFile path="DESKTOP-3FN5V33\EnumerableQuery_1-QueryableExtensionsTests_ExecuteByTestFilter(144)-638451580999879148.json" />
        <ResultFile path="DESKTOP-3FN5V33\PagedQueryResult_1-QueryableExtensionsTests_ExecuteByTestFilter(146)-638451581004184926.json" />
        <ResultFile path="DESKTOP-3FN5V33\SearchQuery-QueryableExtensionsTests_ExecuteByTestFilter(142)-638451580999828791.json" />
      </ResultFiles>
    </UnitTestResult>
    <UnitTestResult executionId="03ba2789-3376-4795-ab05-ef58763f72f5" testId="9d534b02-84b2-367f-c306-46ab610b3ce8" testName="SerializeTest_Anonymous" computerName="DESKTOP-3FN5V33" duration="00:00:00.0161306" startTime="2024-03-04T14:08:12.8965668-05:00" endTime="2024-03-04T14:08:12.9134563-05:00" testType="13cdc9d9-ddb5-4fa4-a97d-d965ccfc6d4b" outcome="Passed" testListId="8c84fa94-04c1-424b-9868-57a2d4851a1d" relativeResultsDirectory="03ba2789-3376-4795-ab05-ef58763f72f5" xmlns="http://microsoft.com/schemas/VisualStudio/TeamTest/2010">
      <Output>
        <StdOut>TestContext Messages:
String-DefaultJsonSerializerTests_SerializeTest_Anonymous(23)-638451580929021216.txt: Attached
__f__AnonymousType0_1-DefaultJsonSerializerTests_SerializeTest_Anonymous(24)-638451580929060706.json: Attached</StdOut>
      </Output>
      <ResultFiles>
        <ResultFile path="DESKTOP-3FN5V33\String-DefaultJsonSerializerTests_SerializeTest_Anonymous(23)-638451580929021216.txt" />
        <ResultFile path="DESKTOP-3FN5V33\__f__AnonymousType0_1-DefaultJsonSerializerTests_SerializeTest_Anonymous(24)-638451580929060706.json" />
      </ResultFiles>
    </UnitTestResult>
    <UnitTestResult executionId="5d518e8e-fdda-4012-ae24-5ee29c2eadcf" testId="9c016915-9649-a737-5d1d-30f1b46f0f52" testName="GetSearchablePropertyNames_TestTargetModel" computerName="DESKTOP-3FN5V33" duration="00:00:00.0009482" startTime="2024-03-04T14:08:25.7742291-05:00" endTime="2024-03-04T14:08:25.7755499-05:00" testType="13cdc9d9-ddb5-4fa4-a97d-d965ccfc6d4b" outcome="Passed" testListId="8c84fa94-04c1-424b-9868-57a2d4851a1d" relativeResultsDirectory="5d518e8e-fdda-4012-ae24-5ee29c2eadcf" xmlns="http://microsoft.com/schemas/VisualStudio/TeamTest/2010" />
    <UnitTestResult executionId="0c50bea2-1609-4d8f-a2ba-8688e499c8ef" testId="d8d8a1a1-adc8-f6f3-d3ba-c826da19378d" testName="VisitTest_EndsWith (Hello,Lo,True)" computerName="DESKTOP-3FN5V33" duration="00:00:00.0008686" startTime="2024-03-04T14:08:26.0278740-05:00" endTime="2024-03-04T14:08:26.0319564-05:00" testType="13cdc9d9-ddb5-4fa4-a97d-d965ccfc6d4b" outcome="Passed" testListId="8c84fa94-04c1-424b-9868-57a2d4851a1d" relativeResultsDirectory="0c50bea2-1609-4d8f-a2ba-8688e499c8ef" xmlns="http://microsoft.com/schemas/VisualStudio/TeamTest/2010">
      <Output>
        <StdOut>Eliassen.System.Linq.ConsoleLogger`1[Eliassen.System.Linq.Expressions.StringComparisonReplacementExpressionVisitor]:Debug:&gt;
	Replace: e.EndsWith(value(Eliassen.System.Tests.Linq.Expressions.StringComparisonReplacementExpressionVisitorTests+&lt;&gt;c__DisplayClass8_0).matched) with e.EndsWith(value(Eliassen.System.Tests.Linq.Expressions.StringComparisonReplacementExpressionVisitorTests+&lt;&gt;c__DisplayClass8_0).matched, CurrentCultureIgnoreCase)



TestContext Messages:
expression: e =&gt; e.EndsWith(value(Eliassen.System.Tests.Linq.Expressions.StringComparisonReplacementExpressionVisitorTests+&lt;&gt;c__DisplayClass8_0).matched)
visited: e =&gt; e.EndsWith(value(Eliassen.System.Tests.Linq.Expressions.StringComparisonReplacementExpressionVisitorTests+&lt;&gt;c__DisplayClass8_0).matched, CurrentCultureIgnoreCase)</StdOut>
      </Output>
    </UnitTestResult>
    <UnitTestResult executionId="6f225d3d-510c-42db-a244-8fa8f37c6258" testId="f3383018-7bb0-86e7-cb57-311d72bf2f87" testName="GetFilterablePropertyNamesTest_TestTargetModel" computerName="DESKTOP-3FN5V33" duration="00:00:00.0202141" startTime="2024-03-04T14:08:25.7095309-05:00" endTime="2024-03-04T14:08:25.7304720-05:00" testType="13cdc9d9-ddb5-4fa4-a97d-d965ccfc6d4b" outcome="Passed" testListId="8c84fa94-04c1-424b-9868-57a2d4851a1d" relativeResultsDirectory="6f225d3d-510c-42db-a244-8fa8f37c6258" xmlns="http://microsoft.com/schemas/VisualStudio/TeamTest/2010" />
    <UnitTestResult executionId="91424d8f-0a41-45ab-a266-a31a20e5fa8e" testId="8b1420f0-bc43-5012-8cb5-88e2921cbdb8" testName="ToEnumTest (Val2,Val2)" computerName="DESKTOP-3FN5V33" duration="00:00:00.0000437" startTime="2024-03-04T14:08:13.1197652-05:00" endTime="2024-03-04T14:08:13.1203612-05:00" testType="13cdc9d9-ddb5-4fa4-a97d-d965ccfc6d4b" outcome="Passed" testListId="8c84fa94-04c1-424b-9868-57a2d4851a1d" relativeResultsDirectory="91424d8f-0a41-45ab-a266-a31a20e5fa8e" xmlns="http://microsoft.com/schemas/VisualStudio/TeamTest/2010" />
    <UnitTestResult executionId="34e686a1-3dee-455d-ad67-293900b86e81" testId="b6498f29-1231-5fcf-4954-1746daa0500d" testName="ExecuteByTest_Filter (Eliassen.System.Tests.Linq.TestTargets.TestTargetModel,Index,EqualTo,1,1,1)" computerName="DESKTOP-3FN5V33" duration="00:00:00.0418006" startTime="2024-03-04T14:08:13.5184770-05:00" endTime="2024-03-04T14:08:22.3018853-05:00" testType="13cdc9d9-ddb5-4fa4-a97d-d965ccfc6d4b" outcome="Passed" testListId="8c84fa94-04c1-424b-9868-57a2d4851a1d" relativeResultsDirectory="34e686a1-3dee-455d-ad67-293900b86e81" xmlns="http://microsoft.com/schemas/VisualStudio/TeamTest/2010">
      <Output>
        <StdOut>Eliassen.System.Linq.ConsoleLogger`1[Eliassen.System.Linq.Search.QueryBuilder]:Information:&gt;
	Build query for CurrentPage: 0
PageSize: 0
ExcludePageCount: False
SearchTerm: (null)
	F:Index: EqualTo: 1

Eliassen.System.Linq.ConsoleLogger`1[Eliassen.System.Linq.Search.QueryBuilder]:Information:&gt;
	Execute (paged): System.Linq.Enumerable+SelectRangeIterator`1[Eliassen.System.Tests.Linq.TestTargets.TestTargetModel].Where(n =&gt; (n.Index == 1)).OrderBy(_ =&gt; 0).Skip(0).Take(10)



TestContext Messages:
SearchQuery-QueryableExtensionsTests_ExecuteByTestFilter(142)-638451580938499996.json: Attached
EnumerableQuery_1-QueryableExtensionsTests_ExecuteByTestFilter(144)-638451580938544628.json: Attached
PagedQueryResult_1-QueryableExtensionsTests_ExecuteByTestFilter(146)-638451580938802747.json: Attached
resultKeys: 1</StdOut>
        <StdErr>Eliassen.System.Linq.ConsoleLogger`1[Eliassen.System.Linq.Expressions.ExpressionTreeBuilder`1[Eliassen.System.Tests.Linq.TestTargets.TestTargetModel]]:Warning:&gt;
	1 parsed to 1 (System.Int32)
Eliassen.System.Linq.ConsoleLogger`1[Eliassen.System.Linq.Search.SortBuilder`1[Eliassen.System.Tests.Linq.TestTargets.TestTargetModel]]:Warning:&gt;
	Force sort by 0 applied for Eliassen.System.Tests.Linq.TestTargets.TestTargetModel</StdErr>
      </Output>
      <ResultFiles>
        <ResultFile path="DESKTOP-3FN5V33\EnumerableQuery_1-QueryableExtensionsTests_ExecuteByTestFilter(144)-638451580938544628.json" />
        <ResultFile path="DESKTOP-3FN5V33\PagedQueryResult_1-QueryableExtensionsTests_ExecuteByTestFilter(146)-638451580938802747.json" />
        <ResultFile path="DESKTOP-3FN5V33\SearchQuery-QueryableExtensionsTests_ExecuteByTestFilter(142)-638451580938499996.json" />
      </ResultFiles>
    </UnitTestResult>
    <UnitTestResult executionId="59684d41-227c-4bd0-a7bc-089655e1a9c2" testId="07b77574-2211-0cfd-4e91-7ca72fa17247" testName="VisitTest_Equals (,hello,False)" computerName="DESKTOP-3FN5V33" duration="00:00:00.0021810" startTime="2024-03-04T14:08:25.8678327-05:00" endTime="2024-03-04T14:08:25.8703905-05:00" testType="13cdc9d9-ddb5-4fa4-a97d-d965ccfc6d4b" outcome="Passed" testListId="8c84fa94-04c1-424b-9868-57a2d4851a1d" relativeResultsDirectory="59684d41-227c-4bd0-a7bc-089655e1a9c2" xmlns="http://microsoft.com/schemas/VisualStudio/TeamTest/2010">
      <Output>
        <StdOut>TestContext Messages:
expression: e =&gt; e.Equals(value(Eliassen.System.Tests.Linq.Expressions.SkipInstanceMethodOnNullExpressionVisitorTests+&lt;&gt;c__DisplayClass4_0).matched)
visited: e =&gt; ((e != null) AndAlso e.Equals(value(Eliassen.System.Tests.Linq.Expressions.SkipInstanceMethodOnNullExpressionVisitorTests+&lt;&gt;c__DisplayClass4_0).matched))
result: False</StdOut>
      </Output>
    </UnitTestResult>
    <UnitTestResult executionId="49eb3481-2573-4649-b0cc-967a6f578d90" testId="f7610c58-39c1-dc34-d9ea-1e44edcbee42" testName="ExecuteByTest_Sort (Name,Ascending,0,1,10,100,101,102,103,104,105,106)" computerName="DESKTOP-3FN5V33" duration="00:00:00.0284038" startTime="2024-03-04T14:08:25.6748351-05:00" endTime="2024-03-04T14:08:25.7036721-05:00" testType="13cdc9d9-ddb5-4fa4-a97d-d965ccfc6d4b" outcome="Passed" testListId="8c84fa94-04c1-424b-9868-57a2d4851a1d" relativeResultsDirectory="49eb3481-2573-4649-b0cc-967a6f578d90" xmlns="http://microsoft.com/schemas/VisualStudio/TeamTest/2010">
      <Output>
        <StdOut>Eliassen.System.Linq.ConsoleLogger`1[Eliassen.System.Linq.Search.QueryBuilder]:Information:&gt;
	Build query for CurrentPage: 0
PageSize: 0
ExcludePageCount: False
SearchTerm: (null)
	S:Name: Ascending

Eliassen.System.Linq.ConsoleLogger`1[Eliassen.System.Linq.Search.QueryBuilder]:Information:&gt;
	Execute (paged): System.Linq.Enumerable+SelectRangeIterator`1[Eliassen.System.Tests.Linq.TestTargets.TestTargetModel].OrderBy(n =&gt; n.Name).Skip(0).Take(10)



TestContext Messages:
SearchQuery-QueryableExtensionsTests_ExecuteByTest_Sort(340)-638451581056751853.json: Attached
PagedQueryResult_1-QueryableExtensionsTests_ExecuteByTest_Sort(342)-638451581056972210.json: Attached</StdOut>
        <StdErr>Eliassen.System.Linq.ConsoleLogger`1[Eliassen.System.Linq.Search.QueryBuilder]:Warning:&gt;
	No filtering detected: System.Linq.Enumerable+SelectRangeIterator`1[Eliassen.System.Tests.Linq.TestTargets.TestTargetModel]: CurrentPage: 0
PageSize: 0
ExcludePageCount: False
SearchTerm: (null)
	S:Name: Ascending</StdErr>
      </Output>
      <ResultFiles>
        <ResultFile path="DESKTOP-3FN5V33\PagedQueryResult_1-QueryableExtensionsTests_ExecuteByTest_Sort(342)-638451581056972210.json" />
        <ResultFile path="DESKTOP-3FN5V33\SearchQuery-QueryableExtensionsTests_ExecuteByTest_Sort(340)-638451581056751853.json" />
      </ResultFiles>
    </UnitTestResult>
    <UnitTestResult executionId="a04861c2-1aad-4554-9ebe-6eaa23601a48" testId="7fd160bc-3b5b-e6e2-40ae-1974536260f2" testName="TryParseTest (System.Nullable`1[System.Guid],nope,False,)" computerName="DESKTOP-3FN5V33" duration="00:00:00.0000877" startTime="2024-03-04T14:08:13.4012744-05:00" endTime="2024-03-04T14:08:13.4054238-05:00" testType="13cdc9d9-ddb5-4fa4-a97d-d965ccfc6d4b" outcome="Passed" testListId="8c84fa94-04c1-424b-9868-57a2d4851a1d" relativeResultsDirectory="a04861c2-1aad-4554-9ebe-6eaa23601a48" xmlns="http://microsoft.com/schemas/VisualStudio/TeamTest/2010" />
    <UnitTestResult executionId="bab0c29e-93c1-4b0c-9ca2-ea02d84d2af4" testId="b6498f29-1231-5fcf-4954-1746daa0500d" testName="ExecuteByTest_Filter (Eliassen.System.Tests.Linq.TestTargets.TestTargetExtendedModel,Date,GreaterThan,3/1/2020,10,3,4,5,6,7,8,9,10,11,12)" computerName="DESKTOP-3FN5V33" duration="00:00:00.4696232" startTime="2024-03-04T14:08:13.5184770-05:00" endTime="2024-03-04T14:08:22.3018853-05:00" testType="13cdc9d9-ddb5-4fa4-a97d-d965ccfc6d4b" outcome="Passed" testListId="8c84fa94-04c1-424b-9868-57a2d4851a1d" relativeResultsDirectory="bab0c29e-93c1-4b0c-9ca2-ea02d84d2af4" xmlns="http://microsoft.com/schemas/VisualStudio/TeamTest/2010">
      <Output>
        <StdOut>Eliassen.System.Linq.ConsoleLogger`1[Eliassen.System.Linq.Search.QueryBuilder]:Information:&gt;
	Build query for CurrentPage: 0
PageSize: 0
ExcludePageCount: False
SearchTerm: (null)
	F:Date: GreaterThan: 3/1/2020

Eliassen.System.Linq.ConsoleLogger`1[Eliassen.System.Linq.Search.SortBuilder`1[Eliassen.System.Tests.Linq.TestTargets.TestTargetExtendedModel]]:Information:&gt;
	Applying default sort for Eliassen.System.Tests.Linq.TestTargets.TestTargetExtendedModel: (Index, Ascending)
Eliassen.System.Linq.ConsoleLogger`1[Eliassen.System.Linq.Search.QueryBuilder]:Information:&gt;
	Execute (paged): System.Linq.Enumerable+SelectRangeIterator`1[Eliassen.System.Tests.Linq.TestTargets.TestTargetExtendedModel].Where(n =&gt; (n.Date &gt; 3/1/2020 12:00:00 AM)).OrderBy(n =&gt; Convert(n.Index, Object)).Skip(0).Take(10)



TestContext Messages:
SearchQuery-QueryableExtensionsTests_ExecuteByTestFilter(142)-638451580945329207.json: Attached
EnumerableQuery_1-QueryableExtensionsTests_ExecuteByTestFilter(144)-638451580945370717.json: Attached
PagedQueryResult_1-QueryableExtensionsTests_ExecuteByTestFilter(146)-638451580949866877.json: Attached
resultKeys: 3,4,5,6,7,8,9,10,11,12</StdOut>
        <StdErr>Eliassen.System.Linq.ConsoleLogger`1[Eliassen.System.Linq.Expressions.ExpressionTreeBuilder`1[Eliassen.System.Tests.Linq.TestTargets.TestTargetExtendedModel]]:Warning:&gt;
	3/1/2020 parsed to 03/01/2020 00:00:00 (System.DateTime)</StdErr>
      </Output>
      <ResultFiles>
        <ResultFile path="DESKTOP-3FN5V33\EnumerableQuery_1-QueryableExtensionsTests_ExecuteByTestFilter(144)-638451580945370717.json" />
        <ResultFile path="DESKTOP-3FN5V33\PagedQueryResult_1-QueryableExtensionsTests_ExecuteByTestFilter(146)-638451580949866877.json" />
        <ResultFile path="DESKTOP-3FN5V33\SearchQuery-QueryableExtensionsTests_ExecuteByTestFilter(142)-638451580945329207.json" />
      </ResultFiles>
    </UnitTestResult>
    <UnitTestResult executionId="f4f58a3a-9dd6-4bea-9135-de7d5d06e906" testId="453dc636-d45b-01e0-2e5e-4e973ba64495" testName="GetHash (Hello World!,7Qdih1MuhjZehB6Sv8UNjA==)" computerName="DESKTOP-3FN5V33" duration="00:00:00.0091418" startTime="2024-03-04T14:08:13.0047210-05:00" endTime="2024-03-04T14:08:13.0144361-05:00" testType="13cdc9d9-ddb5-4fa4-a97d-d965ccfc6d4b" outcome="Passed" testListId="8c84fa94-04c1-424b-9868-57a2d4851a1d" relativeResultsDirectory="f4f58a3a-9dd6-4bea-9135-de7d5d06e906" xmlns="http://microsoft.com/schemas/VisualStudio/TeamTest/2010">
      <Output>
        <StdOut>TestContext Messages:
"Hello World!" =&gt; "7Qdih1MuhjZehB6Sv8UNjA=="</StdOut>
      </Output>
    </UnitTestResult>
    <UnitTestResult executionId="1b8eec7c-884a-48bb-bff5-941167fded19" testId="94eba969-c82f-9e81-1248-494bdd4f32c8" testName="GetSearchablePropertyNames_TestTarget3Model" computerName="DESKTOP-3FN5V33" duration="00:00:00.0009209" startTime="2024-03-04T14:08:25.8076071-05:00" endTime="2024-03-04T14:08:25.8088497-05:00" testType="13cdc9d9-ddb5-4fa4-a97d-d965ccfc6d4b" outcome="Passed" testListId="8c84fa94-04c1-424b-9868-57a2d4851a1d" relativeResultsDirectory="1b8eec7c-884a-48bb-bff5-941167fded19" xmlns="http://microsoft.com/schemas/VisualStudio/TeamTest/2010" />
    <UnitTestResult executionId="4b78ce55-25fc-4cd7-a354-2245c6ad8a57" testId="83cb0395-740b-4b48-1b9a-9d0379b2c4b0" testName="SerializeTest" computerName="DESKTOP-3FN5V33" duration="00:00:00.0094795" startTime="2024-03-04T14:08:12.8171456-05:00" endTime="2024-03-04T14:08:12.8278042-05:00" testType="13cdc9d9-ddb5-4fa4-a97d-d965ccfc6d4b" outcome="Passed" testListId="8c84fa94-04c1-424b-9868-57a2d4851a1d" relativeResultsDirectory="4b78ce55-25fc-4cd7-a354-2245c6ad8a57" xmlns="http://microsoft.com/schemas/VisualStudio/TeamTest/2010">
      <Output>
        <StdOut>TestContext Messages:
result-BsonIdConverterTests_SerializeTest(24)-638451580928204404.json: Attached
Hello World</StdOut>
      </Output>
      <ResultFiles>
        <ResultFile path="DESKTOP-3FN5V33\result-BsonIdConverterTests_SerializeTest(24)-638451580928204404.json" />
      </ResultFiles>
    </UnitTestResult>
    <UnitTestResult executionId="d2b993f9-fcc7-4128-bcc7-bf460f2ba2f2" testId="1c0197db-d7ab-18ba-d57c-a34403249bdb" testName="VisitTest_Equals (Hello,Hello,True)" computerName="DESKTOP-3FN5V33" duration="00:00:00.0077252" startTime="2024-03-04T14:08:25.8483987-05:00" endTime="2024-03-04T14:08:25.8574321-05:00" testType="13cdc9d9-ddb5-4fa4-a97d-d965ccfc6d4b" outcome="Passed" testListId="8c84fa94-04c1-424b-9868-57a2d4851a1d" relativeResultsDirectory="d2b993f9-fcc7-4128-bcc7-bf460f2ba2f2" xmlns="http://microsoft.com/schemas/VisualStudio/TeamTest/2010">
      <Output>
        <StdOut>TestContext Messages:
expression: e =&gt; e.Equals(value(Eliassen.System.Tests.Linq.Expressions.SkipInstanceMethodOnNullExpressionVisitorTests+&lt;&gt;c__DisplayClass4_0).matched)
visited: e =&gt; ((e != null) AndAlso e.Equals(value(Eliassen.System.Tests.Linq.Expressions.SkipInstanceMethodOnNullExpressionVisitorTests+&lt;&gt;c__DisplayClass4_0).matched))
result: True</StdOut>
      </Output>
    </UnitTestResult>
    <UnitTestResult executionId="4c9a7c36-1271-4506-9238-3cfca661883e" testId="e350703c-47df-56f0-b995-a52c38b53eca" testName="MakeSafeTest (System.Double,nope,)" computerName="DESKTOP-3FN5V33" duration="00:00:00.0010962" startTime="2024-03-04T14:08:13.1932338-05:00" endTime="2024-03-04T14:08:13.3817848-05:00" testType="13cdc9d9-ddb5-4fa4-a97d-d965ccfc6d4b" outcome="Passed" testListId="8c84fa94-04c1-424b-9868-57a2d4851a1d" relativeResultsDirectory="4c9a7c36-1271-4506-9238-3cfca661883e" xmlns="http://microsoft.com/schemas/VisualStudio/TeamTest/2010" />
    <UnitTestResult executionId="6a613acc-4ebe-4253-b584-6bac45aa3967" testId="e350703c-47df-56f0-b995-a52c38b53eca" testName="MakeSafeTest (System.DateTime,3/16/2022 12:00:00 AM,3/16/2022 12:00:00 AM)" computerName="DESKTOP-3FN5V33" duration="00:00:00.0001824" startTime="2024-03-04T14:08:13.1932338-05:00" endTime="2024-03-04T14:08:13.3817848-05:00" testType="13cdc9d9-ddb5-4fa4-a97d-d965ccfc6d4b" outcome="Passed" testListId="8c84fa94-04c1-424b-9868-57a2d4851a1d" relativeResultsDirectory="6a613acc-4ebe-4253-b584-6bac45aa3967" xmlns="http://microsoft.com/schemas/VisualStudio/TeamTest/2010" />
    <UnitTestResult executionId="25621b32-9788-4ffd-bbb3-3172039bde94" testId="e72dc3eb-3aa5-dc4a-4345-13e88f385e6f" testName="GetHash (hello world,uU0nuZNNPgilLlLX2n2r+sSE7+N6U4DukIj3rOLvzek=)" computerName="DESKTOP-3FN5V33" duration="00:00:00.0005605" startTime="2024-03-04T14:08:13.0219784-05:00" endTime="2024-03-04T14:08:13.0228455-05:00" testType="13cdc9d9-ddb5-4fa4-a97d-d965ccfc6d4b" outcome="Passed" testListId="8c84fa94-04c1-424b-9868-57a2d4851a1d" relativeResultsDirectory="25621b32-9788-4ffd-bbb3-3172039bde94" xmlns="http://microsoft.com/schemas/VisualStudio/TeamTest/2010">
      <Output>
        <StdOut>TestContext Messages:
"hello world" =&gt; "uU0nuZNNPgilLlLX2n2r+sSE7+N6U4DukIj3rOLvzek="</StdOut>
      </Output>
    </UnitTestResult>
    <UnitTestResult executionId="76ee8bfb-8eb6-432d-a47c-6f1070f50c8d" testId="d4b770b3-94e8-d07a-03aa-f3335b9b4c71" testName="VisitTest_EqualOperator (Hello,HELLO,True)" computerName="DESKTOP-3FN5V33" duration="00:00:00.0033147" startTime="2024-03-04T14:08:25.9182456-05:00" endTime="2024-03-04T14:08:25.9220016-05:00" testType="13cdc9d9-ddb5-4fa4-a97d-d965ccfc6d4b" outcome="Passed" testListId="8c84fa94-04c1-424b-9868-57a2d4851a1d" relativeResultsDirectory="76ee8bfb-8eb6-432d-a47c-6f1070f50c8d" xmlns="http://microsoft.com/schemas/VisualStudio/TeamTest/2010">
      <Output>
        <StdOut>TestContext Messages:
expression: e =&gt; (e == value(Eliassen.System.Tests.Linq.Expressions.StringComparisonReplacementExpressionVisitorTests+&lt;&gt;c__DisplayClass4_0).matched)
visited: e =&gt; e.Equals(value(Eliassen.System.Tests.Linq.Expressions.StringComparisonReplacementExpressionVisitorTests+&lt;&gt;c__DisplayClass4_0).matched, CurrentCultureIgnoreCase)</StdOut>
      </Output>
    </UnitTestResult>
    <UnitTestResult executionId="c4b4b076-59d5-40ac-8efb-e977710c044b" testId="4ba16b26-1543-65b7-5999-fbd5f1c9af2e" testName="VisitTest_Equals (Hello,HeLlO,True)" computerName="DESKTOP-3FN5V33" duration="00:00:00.0035746" startTime="2024-03-04T14:08:25.9460245-05:00" endTime="2024-03-04T14:08:25.9501437-05:00" testType="13cdc9d9-ddb5-4fa4-a97d-d965ccfc6d4b" outcome="Passed" testListId="8c84fa94-04c1-424b-9868-57a2d4851a1d" relativeResultsDirectory="c4b4b076-59d5-40ac-8efb-e977710c044b" xmlns="http://microsoft.com/schemas/VisualStudio/TeamTest/2010">
      <Output>
        <StdOut>Eliassen.System.Linq.ConsoleLogger`1[Eliassen.System.Linq.Expressions.StringComparisonReplacementExpressionVisitor]:Debug:&gt;
	Replace: e.Equals(value(Eliassen.System.Tests.Linq.Expressions.StringComparisonReplacementExpressionVisitorTests+&lt;&gt;c__DisplayClass5_0).matched) with e.Equals(value(Eliassen.System.Tests.Linq.Expressions.StringComparisonReplacementExpressionVisitorTests+&lt;&gt;c__DisplayClass5_0).matched, CurrentCultureIgnoreCase)



TestContext Messages:
expression: e =&gt; e.Equals(value(Eliassen.System.Tests.Linq.Expressions.StringComparisonReplacementExpressionVisitorTests+&lt;&gt;c__DisplayClass5_0).matched)
visited: e =&gt; e.Equals(value(Eliassen.System.Tests.Linq.Expressions.StringComparisonReplacementExpressionVisitorTests+&lt;&gt;c__DisplayClass5_0).matched, CurrentCultureIgnoreCase)</StdOut>
      </Output>
    </UnitTestResult>
    <UnitTestResult executionId="dce72e29-632e-47dc-bbc1-f58779a74ee9" testId="b6498f29-1231-5fcf-4954-1746daa0500d" testName="ExecuteByTest_Filter (Eliassen.System.Tests.Linq.TestTargets.TestTargetExtendedModel,DateTimeOffsetNullable,LessThan,2020-03-01T01:01:01.4356493+02:00,2,0,1)" computerName="DESKTOP-3FN5V33" duration="00:00:00.4148724" startTime="2024-03-04T14:08:13.5184770-05:00" endTime="2024-03-04T14:08:22.3018853-05:00" testType="13cdc9d9-ddb5-4fa4-a97d-d965ccfc6d4b" outcome="Passed" testListId="8c84fa94-04c1-424b-9868-57a2d4851a1d" relativeResultsDirectory="dce72e29-632e-47dc-bbc1-f58779a74ee9" xmlns="http://microsoft.com/schemas/VisualStudio/TeamTest/2010">
      <Output>
        <StdOut>Eliassen.System.Linq.ConsoleLogger`1[Eliassen.System.Linq.Search.QueryBuilder]:Information:&gt;
	Build query for CurrentPage: 0
PageSize: 0
ExcludePageCount: False
SearchTerm: (null)
	F:DateTimeOffsetNullable: LessThan: 2020-03-01T01:01:01.4356493+02:00

Eliassen.System.Linq.ConsoleLogger`1[Eliassen.System.Linq.Search.SortBuilder`1[Eliassen.System.Tests.Linq.TestTargets.TestTargetExtendedModel]]:Information:&gt;
	Applying default sort for Eliassen.System.Tests.Linq.TestTargets.TestTargetExtendedModel: (Index, Ascending)
Eliassen.System.Linq.ConsoleLogger`1[Eliassen.System.Linq.Search.QueryBuilder]:Information:&gt;
	Execute (paged): System.Linq.Enumerable+SelectRangeIterator`1[Eliassen.System.Tests.Linq.TestTargets.TestTargetExtendedModel].Where(n =&gt; (n.DateTimeOffsetNullable &lt; Convert(3/1/2020 1:01:01 AM +02:00, Nullable`1))).OrderBy(n =&gt; Convert(n.Index, Object)).Skip(0).Take(10)



TestContext Messages:
SearchQuery-QueryableExtensionsTests_ExecuteByTestFilter(142)-638451580976883801.json: Attached
EnumerableQuery_1-QueryableExtensionsTests_ExecuteByTestFilter(144)-638451580976923145.json: Attached
PagedQueryResult_1-QueryableExtensionsTests_ExecuteByTestFilter(146)-638451580980859965.json: Attached
resultKeys: 0,1</StdOut>
        <StdErr>Eliassen.System.Linq.ConsoleLogger`1[Eliassen.System.Linq.Expressions.ExpressionTreeBuilder`1[Eliassen.System.Tests.Linq.TestTargets.TestTargetExtendedModel]]:Warning:&gt;
	2020-03-01T01:01:01.4356493+02:00 parsed to 03/01/2020 01:01:01 +02:00 (System.DateTimeOffset)</StdErr>
      </Output>
      <ResultFiles>
        <ResultFile path="DESKTOP-3FN5V33\EnumerableQuery_1-QueryableExtensionsTests_ExecuteByTestFilter(144)-638451580976923145.json" />
        <ResultFile path="DESKTOP-3FN5V33\PagedQueryResult_1-QueryableExtensionsTests_ExecuteByTestFilter(146)-638451580980859965.json" />
        <ResultFile path="DESKTOP-3FN5V33\SearchQuery-QueryableExtensionsTests_ExecuteByTestFilter(142)-638451580976883801.json" />
      </ResultFiles>
    </UnitTestResult>
    <UnitTestResult executionId="526182fe-e757-426e-95a2-07052a983c73" testId="7fd160bc-3b5b-e6e2-40ae-1974536260f2" testName="TryParseTest (System.Decimal,nope,False,)" computerName="DESKTOP-3FN5V33" duration="00:00:00.0000842" startTime="2024-03-04T14:08:13.4012744-05:00" endTime="2024-03-04T14:08:13.4054238-05:00" testType="13cdc9d9-ddb5-4fa4-a97d-d965ccfc6d4b" outcome="Passed" testListId="8c84fa94-04c1-424b-9868-57a2d4851a1d" relativeResultsDirectory="526182fe-e757-426e-95a2-07052a983c73" xmlns="http://microsoft.com/schemas/VisualStudio/TeamTest/2010" />
    <UnitTestResult executionId="704e991b-7ba0-42b1-8420-d9e1121f8a98" testId="7fd160bc-3b5b-e6e2-40ae-1974536260f2" testName="TryParseTest (System.Nullable`1[System.Decimal],nope,False,)" computerName="DESKTOP-3FN5V33" duration="00:00:00.0000842" startTime="2024-03-04T14:08:13.4012744-05:00" endTime="2024-03-04T14:08:13.4054238-05:00" testType="13cdc9d9-ddb5-4fa4-a97d-d965ccfc6d4b" outcome="Passed" testListId="8c84fa94-04c1-424b-9868-57a2d4851a1d" relativeResultsDirectory="704e991b-7ba0-42b1-8420-d9e1121f8a98" xmlns="http://microsoft.com/schemas/VisualStudio/TeamTest/2010" />
    <UnitTestResult executionId="ff31b02d-92f1-4a23-ab77-1f52a72cdd68" testId="b6498f29-1231-5fcf-4954-1746daa0500d" testName="ExecuteByTest_Filter (Eliassen.System.Tests.Linq.TestTargets.TestTargetModel,Name,NotEqualTo,Name1*,10,0,2,3,4,5,6,7,8,9,20)" computerName="DESKTOP-3FN5V33" duration="00:00:00.0300053" startTime="2024-03-04T14:08:13.5184770-05:00" endTime="2024-03-04T14:08:22.3018853-05:00" testType="13cdc9d9-ddb5-4fa4-a97d-d965ccfc6d4b" outcome="Passed" testListId="8c84fa94-04c1-424b-9868-57a2d4851a1d" relativeResultsDirectory="ff31b02d-92f1-4a23-ab77-1f52a72cdd68" xmlns="http://microsoft.com/schemas/VisualStudio/TeamTest/2010">
      <Output>
        <StdOut>Eliassen.System.Linq.ConsoleLogger`1[Eliassen.System.Linq.Search.QueryBuilder]:Information:&gt;
	Build query for CurrentPage: 0
PageSize: 0
ExcludePageCount: False
SearchTerm: (null)
	F:Name: NotEqualTo: Name1*

Eliassen.System.Linq.ConsoleLogger`1[Eliassen.System.Linq.Search.QueryBuilder]:Information:&gt;
	Execute (paged): System.Linq.Enumerable+SelectRangeIterator`1[Eliassen.System.Tests.Linq.TestTargets.TestTargetModel].Where(n =&gt; Not(n.Name.StartsWith("Name1"))).OrderBy(_ =&gt; 0).Skip(0).Take(10)



TestContext Messages:
SearchQuery-QueryableExtensionsTests_ExecuteByTestFilter(142)-638451580944683091.json: Attached
EnumerableQuery_1-QueryableExtensionsTests_ExecuteByTestFilter(144)-638451580944721205.json: Attached
PagedQueryResult_1-QueryableExtensionsTests_ExecuteByTestFilter(146)-638451580944909299.json: Attached
resultKeys: 0,2,3,4,5,6,7,8,9,20</StdOut>
        <StdErr>Eliassen.System.Linq.ConsoleLogger`1[Eliassen.System.Linq.Search.SortBuilder`1[Eliassen.System.Tests.Linq.TestTargets.TestTargetModel]]:Warning:&gt;
	Force sort by 0 applied for Eliassen.System.Tests.Linq.TestTargets.TestTargetModel</StdErr>
      </Output>
      <ResultFiles>
        <ResultFile path="DESKTOP-3FN5V33\EnumerableQuery_1-QueryableExtensionsTests_ExecuteByTestFilter(144)-638451580944721205.json" />
        <ResultFile path="DESKTOP-3FN5V33\PagedQueryResult_1-QueryableExtensionsTests_ExecuteByTestFilter(146)-638451580944909299.json" />
        <ResultFile path="DESKTOP-3FN5V33\SearchQuery-QueryableExtensionsTests_ExecuteByTestFilter(142)-638451580944683091.json" />
      </ResultFiles>
    </UnitTestResult>
    <UnitTestResult executionId="cd166129-ebb1-4a32-89a6-506b5f4cb5cc" testId="7fd160bc-3b5b-e6e2-40ae-1974536260f2" testName="TryParseTest (System.Int32,nope,False,)" computerName="DESKTOP-3FN5V33" duration="00:00:00.0002366" startTime="2024-03-04T14:08:13.4012744-05:00" endTime="2024-03-04T14:08:13.4054238-05:00" testType="13cdc9d9-ddb5-4fa4-a97d-d965ccfc6d4b" outcome="Passed" testListId="8c84fa94-04c1-424b-9868-57a2d4851a1d" relativeResultsDirectory="cd166129-ebb1-4a32-89a6-506b5f4cb5cc" xmlns="http://microsoft.com/schemas/VisualStudio/TeamTest/2010" />
    <UnitTestResult executionId="081f0687-a679-48c1-9b0d-ad2cdf818253" testId="47e6ed14-b917-99ad-5b18-0068efac17a3" testName="VisitTest_Equals (Hello,,False)" computerName="DESKTOP-3FN5V33" duration="00:00:00.0048346" startTime="2024-03-04T14:08:25.8827885-05:00" endTime="2024-03-04T14:08:25.8880804-05:00" testType="13cdc9d9-ddb5-4fa4-a97d-d965ccfc6d4b" outcome="Passed" testListId="8c84fa94-04c1-424b-9868-57a2d4851a1d" relativeResultsDirectory="081f0687-a679-48c1-9b0d-ad2cdf818253" xmlns="http://microsoft.com/schemas/VisualStudio/TeamTest/2010">
      <Output>
        <StdOut>TestContext Messages:
expression: e =&gt; e.Equals(value(Eliassen.System.Tests.Linq.Expressions.SkipInstanceMethodOnNullExpressionVisitorTests+&lt;&gt;c__DisplayClass4_0).matched)
visited: e =&gt; ((e != null) AndAlso e.Equals(value(Eliassen.System.Tests.Linq.Expressions.SkipInstanceMethodOnNullExpressionVisitorTests+&lt;&gt;c__DisplayClass4_0).matched))
result: False</StdOut>
      </Output>
    </UnitTestResult>
    <UnitTestResult executionId="8d926700-f08e-4533-b91c-11c58b137159" testId="3dc461cc-f900-b7f4-a669-e9cf3ad5e21f" testName="GetResourceFromXmlAsyncTest" computerName="DESKTOP-3FN5V33" duration="00:00:00.0539721" startTime="2024-03-04T14:08:13.4407203-05:00" endTime="2024-03-04T14:08:13.4950308-05:00" testType="13cdc9d9-ddb5-4fa4-a97d-d965ccfc6d4b" outcome="Passed" testListId="8c84fa94-04c1-424b-9868-57a2d4851a1d" relativeResultsDirectory="8d926700-f08e-4533-b91c-11c58b137159" xmlns="http://microsoft.com/schemas/VisualStudio/TeamTest/2010" />
    <UnitTestResult executionId="07223346-cd3a-49fb-92cc-261cdb9f07ac" testId="b6498f29-1231-5fcf-4954-1746daa0500d" testName="ExecuteByTest_Filter (Eliassen.System.Tests.Linq.TestTargets.TestTargetExtendedModel,Date,GreaterThanOrEqualTo,3/1/2020,10,2,3,4,5,6,7,8,9,10,11)" computerName="DESKTOP-3FN5V33" duration="00:00:00.4818937" startTime="2024-03-04T14:08:13.5184770-05:00" endTime="2024-03-04T14:08:22.3018853-05:00" testType="13cdc9d9-ddb5-4fa4-a97d-d965ccfc6d4b" outcome="Passed" testListId="8c84fa94-04c1-424b-9868-57a2d4851a1d" relativeResultsDirectory="07223346-cd3a-49fb-92cc-261cdb9f07ac" xmlns="http://microsoft.com/schemas/VisualStudio/TeamTest/2010">
      <Output>
        <StdOut>Eliassen.System.Linq.ConsoleLogger`1[Eliassen.System.Linq.Search.QueryBuilder]:Information:&gt;
	Build query for CurrentPage: 0
PageSize: 0
ExcludePageCount: False
SearchTerm: (null)
	F:Date: GreaterThanOrEqualTo: 3/1/2020

Eliassen.System.Linq.ConsoleLogger`1[Eliassen.System.Linq.Search.SortBuilder`1[Eliassen.System.Tests.Linq.TestTargets.TestTargetExtendedModel]]:Information:&gt;
	Applying default sort for Eliassen.System.Tests.Linq.TestTargets.TestTargetExtendedModel: (Index, Ascending)
Eliassen.System.Linq.ConsoleLogger`1[Eliassen.System.Linq.Search.QueryBuilder]:Information:&gt;
	Execute (paged): System.Linq.Enumerable+SelectRangeIterator`1[Eliassen.System.Tests.Linq.TestTargets.TestTargetExtendedModel].Where(n =&gt; (n.Date &gt;= 3/1/2020 12:00:00 AM)).OrderBy(n =&gt; Convert(n.Index, Object)).Skip(0).Take(10)



TestContext Messages:
SearchQuery-QueryableExtensionsTests_ExecuteByTestFilter(142)-638451580950047958.json: Attached
EnumerableQuery_1-QueryableExtensionsTests_ExecuteByTestFilter(144)-638451580950084976.json: Attached
PagedQueryResult_1-QueryableExtensionsTests_ExecuteByTestFilter(146)-638451580954671819.json: Attached
resultKeys: 2,3,4,5,6,7,8,9,10,11</StdOut>
        <StdErr>Eliassen.System.Linq.ConsoleLogger`1[Eliassen.System.Linq.Expressions.ExpressionTreeBuilder`1[Eliassen.System.Tests.Linq.TestTargets.TestTargetExtendedModel]]:Warning:&gt;
	3/1/2020 parsed to 03/01/2020 00:00:00 (System.DateTime)</StdErr>
      </Output>
      <ResultFiles>
        <ResultFile path="DESKTOP-3FN5V33\EnumerableQuery_1-QueryableExtensionsTests_ExecuteByTestFilter(144)-638451580950084976.json" />
        <ResultFile path="DESKTOP-3FN5V33\PagedQueryResult_1-QueryableExtensionsTests_ExecuteByTestFilter(146)-638451580954671819.json" />
        <ResultFile path="DESKTOP-3FN5V33\SearchQuery-QueryableExtensionsTests_ExecuteByTestFilter(142)-638451580950047958.json" />
      </ResultFiles>
    </UnitTestResult>
    <UnitTestResult executionId="dda288b5-a828-43c3-8b7a-238bbc3fb4f5" testId="9576cb6d-ffa5-4a23-9c7a-c5c6b213d46b" testName="GetResourceStreamTest_NotFound" computerName="DESKTOP-3FN5V33" duration="00:00:00.0003430" startTime="2024-03-04T14:08:13.4278448-05:00" endTime="2024-03-04T14:08:13.4284242-05:00" testType="13cdc9d9-ddb5-4fa4-a97d-d965ccfc6d4b" outcome="Passed" testListId="8c84fa94-04c1-424b-9868-57a2d4851a1d" relativeResultsDirectory="dda288b5-a828-43c3-8b7a-238bbc3fb4f5" xmlns="http://microsoft.com/schemas/VisualStudio/TeamTest/2010" />
    <UnitTestResult executionId="6c97af5c-71ee-4d28-9612-660592faa3a0" testId="2afd86f4-f805-4173-f71e-3601047a250f" testName="ToEnumTest (test name,WithDisplay)" computerName="DESKTOP-3FN5V33" duration="00:00:00.0002860" startTime="2024-03-04T14:08:13.1857416-05:00" endTime="2024-03-04T14:08:13.1866310-05:00" testType="13cdc9d9-ddb5-4fa4-a97d-d965ccfc6d4b" outcome="Passed" testListId="8c84fa94-04c1-424b-9868-57a2d4851a1d" relativeResultsDirectory="6c97af5c-71ee-4d28-9612-660592faa3a0" xmlns="http://microsoft.com/schemas/VisualStudio/TeamTest/2010" />
    <UnitTestResult executionId="7bb3a9fb-9584-40a0-8fff-6d97fef8a37f" testId="e350703c-47df-56f0-b995-a52c38b53eca" testName="MakeSafeTest (System.Nullable`1[System.Int32],nope,)" computerName="DESKTOP-3FN5V33" duration="00:00:00.0001477" startTime="2024-03-04T14:08:13.1932338-05:00" endTime="2024-03-04T14:08:13.3817848-05:00" testType="13cdc9d9-ddb5-4fa4-a97d-d965ccfc6d4b" outcome="Passed" testListId="8c84fa94-04c1-424b-9868-57a2d4851a1d" relativeResultsDirectory="7bb3a9fb-9584-40a0-8fff-6d97fef8a37f" xmlns="http://microsoft.com/schemas/VisualStudio/TeamTest/2010" />
    <UnitTestResult executionId="cc8bc3b4-3b04-4e3d-9224-537c79846b48" testId="22e1214e-1ba0-eff7-afd4-b4d39ec562d0" testName="ToEnumTest (Val2|Val1,Val1, Val2)" computerName="DESKTOP-3FN5V33" duration="00:00:00.0000372" startTime="2024-03-04T14:08:13.1377340-05:00" endTime="2024-03-04T14:08:13.1381737-05:00" testType="13cdc9d9-ddb5-4fa4-a97d-d965ccfc6d4b" outcome="Passed" testListId="8c84fa94-04c1-424b-9868-57a2d4851a1d" relativeResultsDirectory="cc8bc3b4-3b04-4e3d-9224-537c79846b48" xmlns="http://microsoft.com/schemas/VisualStudio/TeamTest/2010" />
    <UnitTestResult executionId="872c0f44-be3f-4adc-bbff-0be0070627bd" testId="565e6ddc-fd0f-5db8-1ac5-68872b2812d2" testName="ToEnumTest (no data,)" computerName="DESKTOP-3FN5V33" duration="00:00:00.0032468" startTime="2024-03-04T14:08:13.1524942-05:00" endTime="2024-03-04T14:08:13.1560451-05:00" testType="13cdc9d9-ddb5-4fa4-a97d-d965ccfc6d4b" outcome="Passed" testListId="8c84fa94-04c1-424b-9868-57a2d4851a1d" relativeResultsDirectory="872c0f44-be3f-4adc-bbff-0be0070627bd" xmlns="http://microsoft.com/schemas/VisualStudio/TeamTest/2010" />
    <UnitTestResult executionId="52c40c52-cc8e-43d7-ade3-ffc6e832e77d" testId="e04a7402-3dc9-8f57-2d10-a3c52c312b82" testName="ToEnumTest (0,Val0)" computerName="DESKTOP-3FN5V33" duration="00:00:00.0000385" startTime="2024-03-04T14:08:13.1444521-05:00" endTime="2024-03-04T14:08:13.1449545-05:00" testType="13cdc9d9-ddb5-4fa4-a97d-d965ccfc6d4b" outcome="Passed" testListId="8c84fa94-04c1-424b-9868-57a2d4851a1d" relativeResultsDirectory="52c40c52-cc8e-43d7-ade3-ffc6e832e77d" xmlns="http://microsoft.com/schemas/VisualStudio/TeamTest/2010" />
    <UnitTestResult executionId="40967ad6-3c77-4edf-bf13-8be11123e8b8" testId="e350703c-47df-56f0-b995-a52c38b53eca" testName="MakeSafeTest (System.AttributeTargets,Enum,Enum)" computerName="DESKTOP-3FN5V33" duration="00:00:00.0000197" startTime="2024-03-04T14:08:13.1932338-05:00" endTime="2024-03-04T14:08:13.3817848-05:00" testType="13cdc9d9-ddb5-4fa4-a97d-d965ccfc6d4b" outcome="Passed" testListId="8c84fa94-04c1-424b-9868-57a2d4851a1d" relativeResultsDirectory="40967ad6-3c77-4edf-bf13-8be11123e8b8" xmlns="http://microsoft.com/schemas/VisualStudio/TeamTest/2010" />
    <UnitTestResult executionId="57204702-b61a-421d-8c28-918ae37f3944" testId="b6498f29-1231-5fcf-4954-1746daa0500d" testName="ExecuteByTest_Filter (Eliassen.System.Tests.Linq.TestTargets.TestTargetModel,Name,NotEqualTo,*e2*,10,0,1,3,4,5,6,7,8,9,10)" computerName="DESKTOP-3FN5V33" duration="00:00:00.0383758" startTime="2024-03-04T14:08:13.5184770-05:00" endTime="2024-03-04T14:08:22.3018853-05:00" testType="13cdc9d9-ddb5-4fa4-a97d-d965ccfc6d4b" outcome="Passed" testListId="8c84fa94-04c1-424b-9868-57a2d4851a1d" relativeResultsDirectory="57204702-b61a-421d-8c28-918ae37f3944" xmlns="http://microsoft.com/schemas/VisualStudio/TeamTest/2010">
      <Output>
        <StdOut>Eliassen.System.Linq.ConsoleLogger`1[Eliassen.System.Linq.Search.QueryBuilder]:Information:&gt;
	Build query for CurrentPage: 0
PageSize: 0
ExcludePageCount: False
SearchTerm: (null)
	F:Name: NotEqualTo: *e2*

Eliassen.System.Linq.ConsoleLogger`1[Eliassen.System.Linq.Search.QueryBuilder]:Information:&gt;
	Execute (paged): System.Linq.Enumerable+SelectRangeIterator`1[Eliassen.System.Tests.Linq.TestTargets.TestTargetModel].Where(n =&gt; Not(n.Name.Contains("e2"))).OrderBy(_ =&gt; 0).Skip(0).Take(10)



TestContext Messages:
SearchQuery-QueryableExtensionsTests_ExecuteByTestFilter(142)-638451580944297483.json: Attached
EnumerableQuery_1-QueryableExtensionsTests_ExecuteByTestFilter(144)-638451580944414270.json: Attached
PagedQueryResult_1-QueryableExtensionsTests_ExecuteByTestFilter(146)-638451580944604054.json: Attached
resultKeys: 0,1,3,4,5,6,7,8,9,10</StdOut>
        <StdErr>Eliassen.System.Linq.ConsoleLogger`1[Eliassen.System.Linq.Search.SortBuilder`1[Eliassen.System.Tests.Linq.TestTargets.TestTargetModel]]:Warning:&gt;
	Force sort by 0 applied for Eliassen.System.Tests.Linq.TestTargets.TestTargetModel</StdErr>
      </Output>
      <ResultFiles>
        <ResultFile path="DESKTOP-3FN5V33\EnumerableQuery_1-QueryableExtensionsTests_ExecuteByTestFilter(144)-638451580944414270.json" />
        <ResultFile path="DESKTOP-3FN5V33\PagedQueryResult_1-QueryableExtensionsTests_ExecuteByTestFilter(146)-638451580944604054.json" />
        <ResultFile path="DESKTOP-3FN5V33\SearchQuery-QueryableExtensionsTests_ExecuteByTestFilter(142)-638451580944297483.json" />
      </ResultFiles>
    </UnitTestResult>
    <UnitTestResult executionId="0057e908-bce0-46f6-b01a-2ec234df870f" testId="13ba63b2-5c84-95d0-21d1-9a4a67161373" testName="ExecuteByTest_Sort (Name,Descending,999,998,997,996,995,994,993,992,991,990)" computerName="DESKTOP-3FN5V33" duration="00:00:00.0600324" startTime="2024-03-04T14:08:25.5568319-05:00" endTime="2024-03-04T14:08:25.6173542-05:00" testType="13cdc9d9-ddb5-4fa4-a97d-d965ccfc6d4b" outcome="Passed" testListId="8c84fa94-04c1-424b-9868-57a2d4851a1d" relativeResultsDirectory="0057e908-bce0-46f6-b01a-2ec234df870f" xmlns="http://microsoft.com/schemas/VisualStudio/TeamTest/2010">
      <Output>
        <StdOut>Eliassen.System.Linq.ConsoleLogger`1[Eliassen.System.Linq.Search.QueryBuilder]:Information:&gt;
	Build query for CurrentPage: 0
PageSize: 0
ExcludePageCount: False
SearchTerm: (null)
	S:Name: Descending

Eliassen.System.Linq.ConsoleLogger`1[Eliassen.System.Linq.Search.QueryBuilder]:Information:&gt;
	Execute (paged): System.Linq.Enumerable+SelectRangeIterator`1[Eliassen.System.Tests.Linq.TestTargets.TestTargetModel].OrderByDescending(n =&gt; n.Name).Skip(0).Take(10)



TestContext Messages:
SearchQuery-QueryableExtensionsTests_ExecuteByTest_Sort(340)-638451581055578803.json: Attached
PagedQueryResult_1-QueryableExtensionsTests_ExecuteByTest_Sort(342)-638451581055937116.json: Attached</StdOut>
        <StdErr>Eliassen.System.Linq.ConsoleLogger`1[Eliassen.System.Linq.Search.QueryBuilder]:Warning:&gt;
	No filtering detected: System.Linq.Enumerable+SelectRangeIterator`1[Eliassen.System.Tests.Linq.TestTargets.TestTargetModel]: CurrentPage: 0
PageSize: 0
ExcludePageCount: False
SearchTerm: (null)
	S:Name: Descending</StdErr>
      </Output>
      <ResultFiles>
        <ResultFile path="DESKTOP-3FN5V33\PagedQueryResult_1-QueryableExtensionsTests_ExecuteByTest_Sort(342)-638451581055937116.json" />
        <ResultFile path="DESKTOP-3FN5V33\SearchQuery-QueryableExtensionsTests_ExecuteByTest_Sort(340)-638451581055578803.json" />
      </ResultFiles>
    </UnitTestResult>
    <UnitTestResult executionId="5e34559a-a24e-483a-889d-c9b95aada6aa" testId="52063650-6233-2d8a-fadf-ea1a53f7d6ed" testName="GetHash (hello world,XrY7u+Ae7tCTyyK7j1rNww==)" computerName="DESKTOP-3FN5V33" duration="00:00:00.0007616" startTime="2024-03-04T14:08:13.0160113-05:00" endTime="2024-03-04T14:08:13.0175916-05:00" testType="13cdc9d9-ddb5-4fa4-a97d-d965ccfc6d4b" outcome="Passed" testListId="8c84fa94-04c1-424b-9868-57a2d4851a1d" relativeResultsDirectory="5e34559a-a24e-483a-889d-c9b95aada6aa" xmlns="http://microsoft.com/schemas/VisualStudio/TeamTest/2010">
      <Output>
        <StdOut>TestContext Messages:
"hello world" =&gt; "XrY7u+Ae7tCTyyK7j1rNww=="</StdOut>
      </Output>
    </UnitTestResult>
    <UnitTestResult executionId="d5fdbe24-d05e-46b4-afad-b80457d79b51" testId="47627ba5-df27-e0c6-8a73-cd58acc26311" testName="ToEnumTest (test short,WithDisplay)" computerName="DESKTOP-3FN5V33" duration="00:00:00.0004057" startTime="2024-03-04T14:08:13.1881184-05:00" endTime="2024-03-04T14:08:13.1889190-05:00" testType="13cdc9d9-ddb5-4fa4-a97d-d965ccfc6d4b" outcome="Passed" testListId="8c84fa94-04c1-424b-9868-57a2d4851a1d" relativeResultsDirectory="d5fdbe24-d05e-46b4-afad-b80457d79b51" xmlns="http://microsoft.com/schemas/VisualStudio/TeamTest/2010" />
    <UnitTestResult executionId="abc0fc29-0a9d-4319-8249-fb9538ec1fb0" testId="565a0acb-13d2-219f-c2d4-45eaa48431a0" testName="ToEnumTest (Val1,Val1)" computerName="DESKTOP-3FN5V33" duration="00:00:00.0077537" startTime="2024-03-04T14:08:13.1008173-05:00" endTime="2024-03-04T14:08:13.1179507-05:00" testType="13cdc9d9-ddb5-4fa4-a97d-d965ccfc6d4b" outcome="Passed" testListId="8c84fa94-04c1-424b-9868-57a2d4851a1d" relativeResultsDirectory="abc0fc29-0a9d-4319-8249-fb9538ec1fb0" xmlns="http://microsoft.com/schemas/VisualStudio/TeamTest/2010" />
    <UnitTestResult executionId="656c0f98-9259-477f-a7a4-c566fc05aa91" testId="f664882a-a952-a76f-bc8f-fcf0578ff20f" testName="GetResourceFromJsonAsyncTest" computerName="DESKTOP-3FN5V33" duration="00:00:00.0073240" startTime="2024-03-04T14:08:13.4295228-05:00" endTime="2024-03-04T14:08:13.4371607-05:00" testType="13cdc9d9-ddb5-4fa4-a97d-d965ccfc6d4b" outcome="Passed" testListId="8c84fa94-04c1-424b-9868-57a2d4851a1d" relativeResultsDirectory="656c0f98-9259-477f-a7a4-c566fc05aa91" xmlns="http://microsoft.com/schemas/VisualStudio/TeamTest/2010" />
    <UnitTestResult executionId="9673bcf6-a40b-43aa-8a9b-334712d39a05" testId="63fad722-7037-7050-fa28-b32ff1a4ec2f" testName="GetResourceStreamTest_ByType" computerName="DESKTOP-3FN5V33" duration="00:00:00.0002971" startTime="2024-03-04T14:08:13.4260703-05:00" endTime="2024-03-04T14:08:13.4266079-05:00" testType="13cdc9d9-ddb5-4fa4-a97d-d965ccfc6d4b" outcome="Passed" testListId="8c84fa94-04c1-424b-9868-57a2d4851a1d" relativeResultsDirectory="9673bcf6-a40b-43aa-8a9b-334712d39a05" xmlns="http://microsoft.com/schemas/VisualStudio/TeamTest/2010" />
    <UnitTestResult executionId="e4b9e4ab-86bb-4dde-a9e5-0500e4feadf6" testId="926b3157-bee3-3ace-b6de-f2a9df622c6d" testName="DeserializeTest_Nullable ({&quot;Nullable&quot;:{&quot;$date&quot;:&quot;2023-07-05T14:16:32.2015217-04:00&quot;},&quot;Value&quot;:{&quot;$date&quot;:&quot;0001-01-01T00:00:00+00:00&quot;}},2023-07-05T14:16:32.2015217-04:00)" computerName="DESKTOP-3FN5V33" duration="00:00:00.0212637" startTime="2024-03-04T14:08:12.6580203-05:00" endTime="2024-03-04T14:08:12.6856950-05:00" testType="13cdc9d9-ddb5-4fa4-a97d-d965ccfc6d4b" outcome="Passed" testListId="8c84fa94-04c1-424b-9868-57a2d4851a1d" relativeResultsDirectory="e4b9e4ab-86bb-4dde-a9e5-0500e4feadf6" xmlns="http://microsoft.com/schemas/VisualStudio/TeamTest/2010">
      <Output>
        <StdOut>TestContext Messages:
input-BsonDateConverterTests_DeserializeTest_Nullable(64)-638451580926647899.json: Attached
result-BsonDateConverterTests_DeserializeTest_Nullable(66)-638451580926755169.json: Attached</StdOut>
      </Output>
      <ResultFiles>
        <ResultFile path="DESKTOP-3FN5V33\input-BsonDateConverterTests_DeserializeTest_Nullable(64)-638451580926647899.json" />
        <ResultFile path="DESKTOP-3FN5V33\result-BsonDateConverterTests_DeserializeTest_Nullable(66)-638451580926755169.json" />
      </ResultFiles>
    </UnitTestResult>
    <UnitTestResult executionId="15a12256-2338-4420-b4af-e382769f302b" testId="c2c5d20e-1a87-0e89-b840-4da7e6550d8e" testName="ExecuteByTest_Page (1,-1,,,,1000,)" computerName="DESKTOP-3FN5V33" duration="00:00:00.0439785" startTime="2024-03-04T14:08:25.5091875-05:00" endTime="2024-03-04T14:08:25.5536310-05:00" testType="13cdc9d9-ddb5-4fa4-a97d-d965ccfc6d4b" outcome="Passed" testListId="8c84fa94-04c1-424b-9868-57a2d4851a1d" relativeResultsDirectory="15a12256-2338-4420-b4af-e382769f302b" xmlns="http://microsoft.com/schemas/VisualStudio/TeamTest/2010">
      <Output>
        <StdOut>Eliassen.System.Linq.ConsoleLogger`1[Eliassen.System.Linq.Search.QueryBuilder]:Information:&gt;
	Build query for CurrentPage: 1
PageSize: -1
ExcludePageCount: False
SearchTerm: (null)

Eliassen.System.Linq.ConsoleLogger`1[Eliassen.System.Linq.Search.QueryBuilder]:Information:&gt;
	Execute : System.Linq.Enumerable+SelectRangeIterator`1[Eliassen.System.Tests.Linq.TestTargets.TestTargetModel].OrderBy(_ =&gt; 0)



TestContext Messages:
SearchQuery-QueryableExtensionsTests_ExecuteByTest_Page(296)-638451581055095729.json: Attached
EnumerableQuery_1-QueryableExtensionsTests_ExecuteByTest_Page(298)-638451581055159097.json: Attached
QueryResult_1-QueryableExtensionsTests_ExecuteByTest_Page(300)-638451581055418613.json: Attached</StdOut>
        <StdErr>Eliassen.System.Linq.ConsoleLogger`1[Eliassen.System.Linq.Search.QueryBuilder]:Warning:&gt;
	No filtering detected: System.Linq.Enumerable+SelectRangeIterator`1[Eliassen.System.Tests.Linq.TestTargets.TestTargetModel]: CurrentPage: 1
PageSize: -1
ExcludePageCount: False
SearchTerm: (null)

Eliassen.System.Linq.ConsoleLogger`1[Eliassen.System.Linq.Search.SortBuilder`1[Eliassen.System.Tests.Linq.TestTargets.TestTargetModel]]:Warning:&gt;
	Force sort by 0 applied for Eliassen.System.Tests.Linq.TestTargets.TestTargetModel</StdErr>
      </Output>
      <ResultFiles>
        <ResultFile path="DESKTOP-3FN5V33\EnumerableQuery_1-QueryableExtensionsTests_ExecuteByTest_Page(298)-638451581055159097.json" />
        <ResultFile path="DESKTOP-3FN5V33\QueryResult_1-QueryableExtensionsTests_ExecuteByTest_Page(300)-638451581055418613.json" />
        <ResultFile path="DESKTOP-3FN5V33\SearchQuery-QueryableExtensionsTests_ExecuteByTest_Page(296)-638451581055095729.json" />
      </ResultFiles>
    </UnitTestResult>
    <UnitTestResult executionId="df3f923f-158a-44ff-ae94-39745ae1643c" testId="39cb097d-2ac2-473c-1a2c-0b1503361457" testName="ExecuteByTest_Page (0,1,1000,1000,0,1,0)" computerName="DESKTOP-3FN5V33" duration="00:00:00.0692622" startTime="2024-03-04T14:08:25.3561981-05:00" endTime="2024-03-04T14:08:25.4260023-05:00" testType="13cdc9d9-ddb5-4fa4-a97d-d965ccfc6d4b" outcome="Passed" testListId="8c84fa94-04c1-424b-9868-57a2d4851a1d" relativeResultsDirectory="df3f923f-158a-44ff-ae94-39745ae1643c" xmlns="http://microsoft.com/schemas/VisualStudio/TeamTest/2010">
      <Output>
        <StdOut>Eliassen.System.Linq.ConsoleLogger`1[Eliassen.System.Linq.Search.QueryBuilder]:Information:&gt;
	Build query for CurrentPage: 0
PageSize: 1
ExcludePageCount: False
SearchTerm: (null)

Eliassen.System.Linq.ConsoleLogger`1[Eliassen.System.Linq.Search.QueryBuilder]:Information:&gt;
	Execute (paged): System.Linq.Enumerable+SelectRangeIterator`1[Eliassen.System.Tests.Linq.TestTargets.TestTargetModel].OrderBy(_ =&gt; 0).Skip(0).Take(1)



TestContext Messages:
SearchQuery-QueryableExtensionsTests_ExecuteByTest_Page(296)-638451581053572428.json: Attached
EnumerableQuery_1-QueryableExtensionsTests_ExecuteByTest_Page(298)-638451581053771763.json: Attached
PagedQueryResult_1-QueryableExtensionsTests_ExecuteByTest_Page(300)-638451581054158432.json: Attached
resultKeys: 0</StdOut>
        <StdErr>Eliassen.System.Linq.ConsoleLogger`1[Eliassen.System.Linq.Search.QueryBuilder]:Warning:&gt;
	No filtering detected: System.Linq.Enumerable+SelectRangeIterator`1[Eliassen.System.Tests.Linq.TestTargets.TestTargetModel]: CurrentPage: 0
PageSize: 1
ExcludePageCount: False
SearchTerm: (null)

Eliassen.System.Linq.ConsoleLogger`1[Eliassen.System.Linq.Search.SortBuilder`1[Eliassen.System.Tests.Linq.TestTargets.TestTargetModel]]:Warning:&gt;
	Force sort by 0 applied for Eliassen.System.Tests.Linq.TestTargets.TestTargetModel</StdErr>
      </Output>
      <ResultFiles>
        <ResultFile path="DESKTOP-3FN5V33\EnumerableQuery_1-QueryableExtensionsTests_ExecuteByTest_Page(298)-638451581053771763.json" />
        <ResultFile path="DESKTOP-3FN5V33\PagedQueryResult_1-QueryableExtensionsTests_ExecuteByTest_Page(300)-638451581054158432.json" />
        <ResultFile path="DESKTOP-3FN5V33\SearchQuery-QueryableExtensionsTests_ExecuteByTest_Page(296)-638451581053572428.json" />
      </ResultFiles>
    </UnitTestResult>
    <UnitTestResult executionId="637d07d5-809c-4d02-83c8-1fa1c0e50fe5" testId="7fd160bc-3b5b-e6e2-40ae-1974536260f2" testName="TryParseTest (System.Nullable`1[System.Int32],nope,False,)" computerName="DESKTOP-3FN5V33" duration="00:00:00.0001039" startTime="2024-03-04T14:08:13.4012744-05:00" endTime="2024-03-04T14:08:13.4054238-05:00" testType="13cdc9d9-ddb5-4fa4-a97d-d965ccfc6d4b" outcome="Passed" testListId="8c84fa94-04c1-424b-9868-57a2d4851a1d" relativeResultsDirectory="637d07d5-809c-4d02-83c8-1fa1c0e50fe5" xmlns="http://microsoft.com/schemas/VisualStudio/TeamTest/2010" />
    <UnitTestResult executionId="4b8f1281-4ca1-4542-81d6-3cb2e28704a4" testId="14bedb42-2782-a11e-2de6-9497801746f2" testName="ExecuteByTest_Sort (name,Descending,999,998,997,996,995,994,993,992,991,990)" computerName="DESKTOP-3FN5V33" duration="00:00:00.0255903" startTime="2024-03-04T14:08:25.6208256-05:00" endTime="2024-03-04T14:08:25.6475907-05:00" testType="13cdc9d9-ddb5-4fa4-a97d-d965ccfc6d4b" outcome="Passed" testListId="8c84fa94-04c1-424b-9868-57a2d4851a1d" relativeResultsDirectory="4b8f1281-4ca1-4542-81d6-3cb2e28704a4" xmlns="http://microsoft.com/schemas/VisualStudio/TeamTest/2010">
      <Output>
        <StdOut>Eliassen.System.Linq.ConsoleLogger`1[Eliassen.System.Linq.Search.QueryBuilder]:Information:&gt;
	Build query for CurrentPage: 0
PageSize: 0
ExcludePageCount: False
SearchTerm: (null)
	S:name: Descending

Eliassen.System.Linq.ConsoleLogger`1[Eliassen.System.Linq.Search.QueryBuilder]:Information:&gt;
	Execute (paged): System.Linq.Enumerable+SelectRangeIterator`1[Eliassen.System.Tests.Linq.TestTargets.TestTargetModel].OrderByDescending(n =&gt; n.Name).Skip(0).Take(10)



TestContext Messages:
SearchQuery-QueryableExtensionsTests_ExecuteByTest_Sort(340)-638451581056223113.json: Attached
PagedQueryResult_1-QueryableExtensionsTests_ExecuteByTest_Sort(342)-638451581056341712.json: Attached</StdOut>
        <StdErr>Eliassen.System.Linq.ConsoleLogger`1[Eliassen.System.Linq.Search.QueryBuilder]:Warning:&gt;
	No filtering detected: System.Linq.Enumerable+SelectRangeIterator`1[Eliassen.System.Tests.Linq.TestTargets.TestTargetModel]: CurrentPage: 0
PageSize: 0
ExcludePageCount: False
SearchTerm: (null)
	S:name: Descending</StdErr>
      </Output>
      <ResultFiles>
        <ResultFile path="DESKTOP-3FN5V33\PagedQueryResult_1-QueryableExtensionsTests_ExecuteByTest_Sort(342)-638451581056341712.json" />
        <ResultFile path="DESKTOP-3FN5V33\SearchQuery-QueryableExtensionsTests_ExecuteByTest_Sort(340)-638451581056223113.json" />
      </ResultFiles>
    </UnitTestResult>
    <UnitTestResult executionId="42a084e3-7266-440b-8b79-dc442a384e5b" testId="b6498f29-1231-5fcf-4954-1746daa0500d" testName="ExecuteByTest_Filter (Eliassen.System.Tests.Linq.TestTargets.TestTargetModel,Index,InSet,System.Int32[],3,1,2,3)" computerName="DESKTOP-3FN5V33" duration="00:00:00.0361564" startTime="2024-03-04T14:08:13.5184770-05:00" endTime="2024-03-04T14:08:22.3018853-05:00" testType="13cdc9d9-ddb5-4fa4-a97d-d965ccfc6d4b" outcome="Passed" testListId="8c84fa94-04c1-424b-9868-57a2d4851a1d" relativeResultsDirectory="42a084e3-7266-440b-8b79-dc442a384e5b" xmlns="http://microsoft.com/schemas/VisualStudio/TeamTest/2010">
      <Output>
        <StdOut>Eliassen.System.Linq.ConsoleLogger`1[Eliassen.System.Linq.Search.QueryBuilder]:Information:&gt;
	Build query for CurrentPage: 0
PageSize: 0
ExcludePageCount: False
SearchTerm: (null)
	F:Index: InSet: 1; 2; 3

Eliassen.System.Linq.ConsoleLogger`1[Eliassen.System.Linq.Search.QueryBuilder]:Information:&gt;
	Execute (paged): System.Linq.Enumerable+SelectRangeIterator`1[Eliassen.System.Tests.Linq.TestTargets.TestTargetModel].Where(n =&gt; value(System.Int32[]).Contains(n.Index)).OrderBy(_ =&gt; 0).Skip(0).Take(10)



TestContext Messages:
SearchQuery-QueryableExtensionsTests_ExecuteByTestFilter(142)-638451580939654881.json: Attached
EnumerableQuery_1-QueryableExtensionsTests_ExecuteByTestFilter(144)-638451580939695100.json: Attached
PagedQueryResult_1-QueryableExtensionsTests_ExecuteByTestFilter(146)-638451580939887574.json: Attached
resultKeys: 1,2,3</StdOut>
        <StdErr>Eliassen.System.Linq.ConsoleLogger`1[Eliassen.System.Linq.Search.SortBuilder`1[Eliassen.System.Tests.Linq.TestTargets.TestTargetModel]]:Warning:&gt;
	Force sort by 0 applied for Eliassen.System.Tests.Linq.TestTargets.TestTargetModel</StdErr>
      </Output>
      <ResultFiles>
        <ResultFile path="DESKTOP-3FN5V33\EnumerableQuery_1-QueryableExtensionsTests_ExecuteByTestFilter(144)-638451580939695100.json" />
        <ResultFile path="DESKTOP-3FN5V33\PagedQueryResult_1-QueryableExtensionsTests_ExecuteByTestFilter(146)-638451580939887574.json" />
        <ResultFile path="DESKTOP-3FN5V33\SearchQuery-QueryableExtensionsTests_ExecuteByTestFilter(142)-638451580939654881.json" />
      </ResultFiles>
    </UnitTestResult>
    <UnitTestResult executionId="2187a2df-e031-4e62-8a66-b1f1670cded9" testId="d7c70420-d6f3-67ae-0f6d-9ca685485bae" testName="ToEnumTest (Val2 ,Val1,Val1, Val2)" computerName="DESKTOP-3FN5V33" duration="00:00:00.0000315" startTime="2024-03-04T14:08:13.1322156-05:00" endTime="2024-03-04T14:08:13.1326176-05:00" testType="13cdc9d9-ddb5-4fa4-a97d-d965ccfc6d4b" outcome="Passed" testListId="8c84fa94-04c1-424b-9868-57a2d4851a1d" relativeResultsDirectory="2187a2df-e031-4e62-8a66-b1f1670cded9" xmlns="http://microsoft.com/schemas/VisualStudio/TeamTest/2010" />
    <UnitTestResult executionId="64e4fcdf-2139-4850-bf9d-2c6e47167441" testId="e350703c-47df-56f0-b995-a52c38b53eca" testName="MakeSafeTest (System.TimeSpan,16:00,16:00:00)" computerName="DESKTOP-3FN5V33" duration="00:00:00.0009349" startTime="2024-03-04T14:08:13.1932338-05:00" endTime="2024-03-04T14:08:13.3817848-05:00" testType="13cdc9d9-ddb5-4fa4-a97d-d965ccfc6d4b" outcome="Passed" testListId="8c84fa94-04c1-424b-9868-57a2d4851a1d" relativeResultsDirectory="64e4fcdf-2139-4850-bf9d-2c6e47167441" xmlns="http://microsoft.com/schemas/VisualStudio/TeamTest/2010" />
    <UnitTestResult executionId="36486058-b168-46ce-8936-9ef2fff41e4f" testId="e350703c-47df-56f0-b995-a52c38b53eca" testName="MakeSafeTest (System.Nullable`1[System.AttributeTargets],Enum,Enum)" computerName="DESKTOP-3FN5V33" duration="00:00:00.0000037" startTime="2024-03-04T14:08:13.1932338-05:00" endTime="2024-03-04T14:08:13.3817848-05:00" testType="13cdc9d9-ddb5-4fa4-a97d-d965ccfc6d4b" outcome="Passed" testListId="8c84fa94-04c1-424b-9868-57a2d4851a1d" relativeResultsDirectory="36486058-b168-46ce-8936-9ef2fff41e4f" xmlns="http://microsoft.com/schemas/VisualStudio/TeamTest/2010" />
    <UnitTestResult executionId="bcb6fab7-8d56-4ed4-af76-c0a88f6cf570" testId="b6498f29-1231-5fcf-4954-1746daa0500d" testName="ExecuteByTest_Filter (Eliassen.System.Tests.Linq.TestTargets.TestTargetExtendedModel,Date,LessThanOrEqualTo,3/1/2020,4,-1,0,1,2)" computerName="DESKTOP-3FN5V33" duration="00:00:00.5339709" startTime="2024-03-04T14:08:13.5184770-05:00" endTime="2024-03-04T14:08:22.3018853-05:00" testType="13cdc9d9-ddb5-4fa4-a97d-d965ccfc6d4b" outcome="Passed" testListId="8c84fa94-04c1-424b-9868-57a2d4851a1d" relativeResultsDirectory="bcb6fab7-8d56-4ed4-af76-c0a88f6cf570" xmlns="http://microsoft.com/schemas/VisualStudio/TeamTest/2010">
      <Output>
        <StdOut>Eliassen.System.Linq.ConsoleLogger`1[Eliassen.System.Linq.Search.QueryBuilder]:Information:&gt;
	Build query for CurrentPage: 0
PageSize: 0
ExcludePageCount: False
SearchTerm: (null)
	F:Date: LessThanOrEqualTo: 3/1/2020

Eliassen.System.Linq.ConsoleLogger`1[Eliassen.System.Linq.Search.SortBuilder`1[Eliassen.System.Tests.Linq.TestTargets.TestTargetExtendedModel]]:Information:&gt;
	Applying default sort for Eliassen.System.Tests.Linq.TestTargets.TestTargetExtendedModel: (Index, Ascending)
Eliassen.System.Linq.ConsoleLogger`1[Eliassen.System.Linq.Search.QueryBuilder]:Information:&gt;
	Execute (paged): System.Linq.Enumerable+SelectRangeIterator`1[Eliassen.System.Tests.Linq.TestTargets.TestTargetExtendedModel].Where(n =&gt; (n.Date &lt;= 3/1/2020 12:00:00 AM)).OrderBy(n =&gt; Convert(n.Index, Object)).Skip(0).Take(10)



TestContext Messages:
SearchQuery-QueryableExtensionsTests_ExecuteByTestFilter(142)-638451580981041725.json: Attached
EnumerableQuery_1-QueryableExtensionsTests_ExecuteByTestFilter(144)-638451580981099489.json: Attached
PagedQueryResult_1-QueryableExtensionsTests_ExecuteByTestFilter(146)-638451580986198294.json: Attached
resultKeys: -1,0,1,2</StdOut>
        <StdErr>Eliassen.System.Linq.ConsoleLogger`1[Eliassen.System.Linq.Expressions.ExpressionTreeBuilder`1[Eliassen.System.Tests.Linq.TestTargets.TestTargetExtendedModel]]:Warning:&gt;
	3/1/2020 parsed to 03/01/2020 00:00:00 (System.DateTime)</StdErr>
      </Output>
      <ResultFiles>
        <ResultFile path="DESKTOP-3FN5V33\EnumerableQuery_1-QueryableExtensionsTests_ExecuteByTestFilter(144)-638451580981099489.json" />
        <ResultFile path="DESKTOP-3FN5V33\PagedQueryResult_1-QueryableExtensionsTests_ExecuteByTestFilter(146)-638451580986198294.json" />
        <ResultFile path="DESKTOP-3FN5V33\SearchQuery-QueryableExtensionsTests_ExecuteByTestFilter(142)-638451580981041725.json" />
      </ResultFiles>
    </UnitTestResult>
    <UnitTestResult executionId="b6a25a0e-0457-44ad-9055-d055f79eee2b" testId="7a9a1822-3db2-a438-faf7-05813fd14fc1" testName="GetSearchablePropertyNames_TestTarget2Model" computerName="DESKTOP-3FN5V33" duration="00:00:00.0003958" startTime="2024-03-04T14:08:25.8035056-05:00" endTime="2024-03-04T14:08:25.8042564-05:00" testType="13cdc9d9-ddb5-4fa4-a97d-d965ccfc6d4b" outcome="Passed" testListId="8c84fa94-04c1-424b-9868-57a2d4851a1d" relativeResultsDirectory="b6a25a0e-0457-44ad-9055-d055f79eee2b" xmlns="http://microsoft.com/schemas/VisualStudio/TeamTest/2010" />
    <UnitTestResult executionId="af45d1f6-ec24-4a4f-b9b6-2034705cd548" testId="f3dca1bb-5884-67f2-50ab-603f9fbc49dc" testName="GetSortablePropertyNamesTest_TestTarget2Model" computerName="DESKTOP-3FN5V33" duration="00:00:00.0006534" startTime="2024-03-04T14:08:25.8294461-05:00" endTime="2024-03-04T14:08:25.8303923-05:00" testType="13cdc9d9-ddb5-4fa4-a97d-d965ccfc6d4b" outcome="Passed" testListId="8c84fa94-04c1-424b-9868-57a2d4851a1d" relativeResultsDirectory="af45d1f6-ec24-4a4f-b9b6-2034705cd548" xmlns="http://microsoft.com/schemas/VisualStudio/TeamTest/2010" />
    <UnitTestResult executionId="61baa159-08aa-4ef6-a407-d1d02c8119db" testId="b6498f29-1231-5fcf-4954-1746daa0500d" testName="ExecuteByTest_Filter (Eliassen.System.Tests.Linq.TestTargets.TestTargetModel,Name,EqualTo,Name3,1,3)" computerName="DESKTOP-3FN5V33" duration="00:00:00.0346658" startTime="2024-03-04T14:08:13.5184770-05:00" endTime="2024-03-04T14:08:22.3018853-05:00" testType="13cdc9d9-ddb5-4fa4-a97d-d965ccfc6d4b" outcome="Passed" testListId="8c84fa94-04c1-424b-9868-57a2d4851a1d" relativeResultsDirectory="61baa159-08aa-4ef6-a407-d1d02c8119db" xmlns="http://microsoft.com/schemas/VisualStudio/TeamTest/2010">
      <Output>
        <StdOut>Eliassen.System.Linq.ConsoleLogger`1[Eliassen.System.Linq.Search.QueryBuilder]:Information:&gt;
	Build query for CurrentPage: 0
PageSize: 0
ExcludePageCount: False
SearchTerm: (null)
	F:Name: EqualTo: Name3

Eliassen.System.Linq.ConsoleLogger`1[Eliassen.System.Linq.Search.QueryBuilder]:Information:&gt;
	Execute (paged): System.Linq.Enumerable+SelectRangeIterator`1[Eliassen.System.Tests.Linq.TestTargets.TestTargetModel].Where(n =&gt; n.Name.Equals("Name3")).OrderBy(_ =&gt; 0).Skip(0).Take(10)



TestContext Messages:
SearchQuery-QueryableExtensionsTests_ExecuteByTestFilter(142)-638451580938903129.json: Attached
EnumerableQuery_1-QueryableExtensionsTests_ExecuteByTestFilter(144)-638451580938957149.json: Attached
PagedQueryResult_1-QueryableExtensionsTests_ExecuteByTestFilter(146)-638451580939140331.json: Attached
resultKeys: 3</StdOut>
        <StdErr>Eliassen.System.Linq.ConsoleLogger`1[Eliassen.System.Linq.Search.SortBuilder`1[Eliassen.System.Tests.Linq.TestTargets.TestTargetModel]]:Warning:&gt;
	Force sort by 0 applied for Eliassen.System.Tests.Linq.TestTargets.TestTargetModel</StdErr>
      </Output>
      <ResultFiles>
        <ResultFile path="DESKTOP-3FN5V33\EnumerableQuery_1-QueryableExtensionsTests_ExecuteByTestFilter(144)-638451580938957149.json" />
        <ResultFile path="DESKTOP-3FN5V33\PagedQueryResult_1-QueryableExtensionsTests_ExecuteByTestFilter(146)-638451580939140331.json" />
        <ResultFile path="DESKTOP-3FN5V33\SearchQuery-QueryableExtensionsTests_ExecuteByTestFilter(142)-638451580938903129.json" />
      </ResultFiles>
    </UnitTestResult>
    <UnitTestResult executionId="9dc5f85b-c3bf-472d-9c65-797a7c5b0af1" testId="c32d9ec7-cf3f-0b90-7da7-80e3553b5fe6" testName="GetResourceAsStringAsyncTest" computerName="DESKTOP-3FN5V33" duration="00:00:00.0047523" startTime="2024-03-04T14:08:13.4168216-05:00" endTime="2024-03-04T14:08:13.4223373-05:00" testType="13cdc9d9-ddb5-4fa4-a97d-d965ccfc6d4b" outcome="Passed" testListId="8c84fa94-04c1-424b-9868-57a2d4851a1d" relativeResultsDirectory="9dc5f85b-c3bf-472d-9c65-797a7c5b0af1" xmlns="http://microsoft.com/schemas/VisualStudio/TeamTest/2010" />
    <UnitTestResult executionId="866ae8e5-36f9-4a8c-b27f-30d0c8cff6f5" testId="e350703c-47df-56f0-b995-a52c38b53eca" testName="MakeSafeTest (System.Nullable`1[System.Double],1,1)" computerName="DESKTOP-3FN5V33" duration="00:00:00.0003318" startTime="2024-03-04T14:08:13.1932338-05:00" endTime="2024-03-04T14:08:13.3817848-05:00" testType="13cdc9d9-ddb5-4fa4-a97d-d965ccfc6d4b" outcome="Passed" testListId="8c84fa94-04c1-424b-9868-57a2d4851a1d" relativeResultsDirectory="866ae8e5-36f9-4a8c-b27f-30d0c8cff6f5" xmlns="http://microsoft.com/schemas/VisualStudio/TeamTest/2010" />
    <UnitTestResult executionId="3f34d704-34c1-4fa3-b090-b9a0d9345ed7" testId="ee13ccff-da72-4928-eda9-31b17dab013e" testName="ToEnumTest (4,WithEnumValue)" computerName="DESKTOP-3FN5V33" duration="00:00:00.0000144" startTime="2024-03-04T14:08:13.1510041-05:00" endTime="2024-03-04T14:08:13.1512698-05:00" testType="13cdc9d9-ddb5-4fa4-a97d-d965ccfc6d4b" outcome="Passed" testListId="8c84fa94-04c1-424b-9868-57a2d4851a1d" relativeResultsDirectory="3f34d704-34c1-4fa3-b090-b9a0d9345ed7" xmlns="http://microsoft.com/schemas/VisualStudio/TeamTest/2010" />
    <UnitTestResult executionId="bf6d5d47-48ef-485f-96cf-8b48c9f69ba1" testId="ad36340e-9d8c-9397-2296-dfdfdd4fb12a" testName="ToEnumTest (name2,WithMemberName)" computerName="DESKTOP-3FN5V33" duration="00:00:00.0004737" startTime="2024-03-04T14:08:13.1677871-05:00" endTime="2024-03-04T14:08:13.1689400-05:00" testType="13cdc9d9-ddb5-4fa4-a97d-d965ccfc6d4b" outcome="Passed" testListId="8c84fa94-04c1-424b-9868-57a2d4851a1d" relativeResultsDirectory="bf6d5d47-48ef-485f-96cf-8b48c9f69ba1" xmlns="http://microsoft.com/schemas/VisualStudio/TeamTest/2010" />
    <UnitTestResult executionId="9f24b576-0fb7-4ffd-b61e-710d27e505b1" testId="7fd160bc-3b5b-e6e2-40ae-1974536260f2" testName="TryParseTest (System.AttributeTargets,Enum,True,Enum)" computerName="DESKTOP-3FN5V33" duration="00:00:00.0000109" startTime="2024-03-04T14:08:13.4012744-05:00" endTime="2024-03-04T14:08:13.4054238-05:00" testType="13cdc9d9-ddb5-4fa4-a97d-d965ccfc6d4b" outcome="Passed" testListId="8c84fa94-04c1-424b-9868-57a2d4851a1d" relativeResultsDirectory="9f24b576-0fb7-4ffd-b61e-710d27e505b1" xmlns="http://microsoft.com/schemas/VisualStudio/TeamTest/2010" />
    <UnitTestResult executionId="0a2533b6-d10b-4e10-8dde-f74d4782f8f8" testId="079289e4-29ee-2b27-89d5-bd661b7267f1" testName="DeserializeTest ({&quot;_id&quot;:&quot;Hello World&quot;},Hello World)" computerName="DESKTOP-3FN5V33" duration="00:00:00.0082932" startTime="2024-03-04T14:08:12.8483250-05:00" endTime="2024-03-04T14:08:12.8571309-05:00" testType="13cdc9d9-ddb5-4fa4-a97d-d965ccfc6d4b" outcome="Passed" testListId="8c84fa94-04c1-424b-9868-57a2d4851a1d" relativeResultsDirectory="0a2533b6-d10b-4e10-8dde-f74d4782f8f8" xmlns="http://microsoft.com/schemas/VisualStudio/TeamTest/2010">
      <Output>
        <StdOut>TestContext Messages:
input-BsonIdConverterTests_DeserializeTest(39)-638451580928490846.json: Attached
result-BsonIdConverterTests_DeserializeTest(41)-638451580928528742.json: Attached</StdOut>
      </Output>
      <ResultFiles>
        <ResultFile path="DESKTOP-3FN5V33\input-BsonIdConverterTests_DeserializeTest(39)-638451580928490846.json" />
        <ResultFile path="DESKTOP-3FN5V33\result-BsonIdConverterTests_DeserializeTest(41)-638451580928528742.json" />
      </ResultFiles>
    </UnitTestResult>
    <UnitTestResult executionId="4c184ca2-4865-4e38-9227-3614735dab68" testId="b6498f29-1231-5fcf-4954-1746daa0500d" testName="ExecuteByTest_Filter (Eliassen.System.Tests.Linq.TestTargets.TestTargetModel,Index,LessThan,5,5,0,1,2,3,4)" computerName="DESKTOP-3FN5V33" duration="00:00:00.0307624" startTime="2024-03-04T14:08:13.5184770-05:00" endTime="2024-03-04T14:08:22.3018853-05:00" testType="13cdc9d9-ddb5-4fa4-a97d-d965ccfc6d4b" outcome="Passed" testListId="8c84fa94-04c1-424b-9868-57a2d4851a1d" relativeResultsDirectory="4c184ca2-4865-4e38-9227-3614735dab68" xmlns="http://microsoft.com/schemas/VisualStudio/TeamTest/2010">
      <Output>
        <StdOut>Eliassen.System.Linq.ConsoleLogger`1[Eliassen.System.Linq.Search.QueryBuilder]:Information:&gt;
	Build query for CurrentPage: 0
PageSize: 0
ExcludePageCount: False
SearchTerm: (null)
	F:Index: LessThan: 5

Eliassen.System.Linq.ConsoleLogger`1[Eliassen.System.Linq.Search.QueryBuilder]:Information:&gt;
	Execute (paged): System.Linq.Enumerable+SelectRangeIterator`1[Eliassen.System.Tests.Linq.TestTargets.TestTargetModel].Where(n =&gt; (n.Index &lt; 5)).OrderBy(_ =&gt; 0).Skip(0).Take(10)



TestContext Messages:
SearchQuery-QueryableExtensionsTests_ExecuteByTestFilter(142)-638451580940296247.json: Attached
EnumerableQuery_1-QueryableExtensionsTests_ExecuteByTestFilter(144)-638451580940342040.json: Attached
PagedQueryResult_1-QueryableExtensionsTests_ExecuteByTestFilter(146)-638451580940507012.json: Attached
resultKeys: 0,1,2,3,4</StdOut>
        <StdErr>Eliassen.System.Linq.ConsoleLogger`1[Eliassen.System.Linq.Expressions.ExpressionTreeBuilder`1[Eliassen.System.Tests.Linq.TestTargets.TestTargetModel]]:Warning:&gt;
	5 parsed to 5 (System.Int32)
Eliassen.System.Linq.ConsoleLogger`1[Eliassen.System.Linq.Search.SortBuilder`1[Eliassen.System.Tests.Linq.TestTargets.TestTargetModel]]:Warning:&gt;
	Force sort by 0 applied for Eliassen.System.Tests.Linq.TestTargets.TestTargetModel</StdErr>
      </Output>
      <ResultFiles>
        <ResultFile path="DESKTOP-3FN5V33\EnumerableQuery_1-QueryableExtensionsTests_ExecuteByTestFilter(144)-638451580940342040.json" />
        <ResultFile path="DESKTOP-3FN5V33\PagedQueryResult_1-QueryableExtensionsTests_ExecuteByTestFilter(146)-638451580940507012.json" />
        <ResultFile path="DESKTOP-3FN5V33\SearchQuery-QueryableExtensionsTests_ExecuteByTestFilter(142)-638451580940296247.json" />
      </ResultFiles>
    </UnitTestResult>
    <UnitTestResult executionId="ed42db2e-60a0-41b3-9eb7-7b71fff04123" testId="e9eca43c-a0f8-d234-3538-2b7d4b198f04" testName="VisitTest_Contains (Hello,el,True)" computerName="DESKTOP-3FN5V33" duration="00:00:00.0067310" startTime="2024-03-04T14:08:25.9594489-05:00" endTime="2024-03-04T14:08:25.9666560-05:00" testType="13cdc9d9-ddb5-4fa4-a97d-d965ccfc6d4b" outcome="Passed" testListId="8c84fa94-04c1-424b-9868-57a2d4851a1d" relativeResultsDirectory="ed42db2e-60a0-41b3-9eb7-7b71fff04123" xmlns="http://microsoft.com/schemas/VisualStudio/TeamTest/2010">
      <Output>
        <StdOut>Eliassen.System.Linq.ConsoleLogger`1[Eliassen.System.Linq.Expressions.StringComparisonReplacementExpressionVisitor]:Debug:&gt;
	Replace: e.Contains(value(Eliassen.System.Tests.Linq.Expressions.StringComparisonReplacementExpressionVisitorTests+&lt;&gt;c__DisplayClass6_0).matched) with e.Contains(value(Eliassen.System.Tests.Linq.Expressions.StringComparisonReplacementExpressionVisitorTests+&lt;&gt;c__DisplayClass6_0).matched, CurrentCultureIgnoreCase)



TestContext Messages:
expression: e =&gt; e.Contains(value(Eliassen.System.Tests.Linq.Expressions.StringComparisonReplacementExpressionVisitorTests+&lt;&gt;c__DisplayClass6_0).matched)
visited: e =&gt; e.Contains(value(Eliassen.System.Tests.Linq.Expressions.StringComparisonReplacementExpressionVisitorTests+&lt;&gt;c__DisplayClass6_0).matched, CurrentCultureIgnoreCase)</StdOut>
      </Output>
    </UnitTestResult>
    <UnitTestResult executionId="9b31a01e-47c8-48f1-8e27-05ac79be4044" testId="b6498f29-1231-5fcf-4954-1746daa0500d" testName="ExecuteByTest_Filter (Eliassen.System.Tests.Linq.TestTargets.TestTargetExtendedModel,DateTimeNullable,LessThan,2020-03-01T01:01:01.4356493+02:00,2,0,1)" computerName="DESKTOP-3FN5V33" duration="00:00:00.4495497" startTime="2024-03-04T14:08:13.5184770-05:00" endTime="2024-03-04T14:08:22.3018853-05:00" testType="13cdc9d9-ddb5-4fa4-a97d-d965ccfc6d4b" outcome="Passed" testListId="8c84fa94-04c1-424b-9868-57a2d4851a1d" relativeResultsDirectory="9b31a01e-47c8-48f1-8e27-05ac79be4044" xmlns="http://microsoft.com/schemas/VisualStudio/TeamTest/2010">
      <Output>
        <StdOut>Eliassen.System.Linq.ConsoleLogger`1[Eliassen.System.Linq.Search.QueryBuilder]:Information:&gt;
	Build query for CurrentPage: 0
PageSize: 0
ExcludePageCount: False
SearchTerm: (null)
	F:DateTimeNullable: LessThan: 2020-03-01T01:01:01.4356493+02:00

Eliassen.System.Linq.ConsoleLogger`1[Eliassen.System.Linq.Search.SortBuilder`1[Eliassen.System.Tests.Linq.TestTargets.TestTargetExtendedModel]]:Information:&gt;
	Applying default sort for Eliassen.System.Tests.Linq.TestTargets.TestTargetExtendedModel: (Index, Ascending)
Eliassen.System.Linq.ConsoleLogger`1[Eliassen.System.Linq.Search.QueryBuilder]:Information:&gt;
	Execute (paged): System.Linq.Enumerable+SelectRangeIterator`1[Eliassen.System.Tests.Linq.TestTargets.TestTargetExtendedModel].Where(n =&gt; (n.DateTimeNullable &lt; Convert(2/29/2020 6:01:01 PM, Nullable`1))).OrderBy(n =&gt; Convert(n.Index, Object)).Skip(0).Take(10)



TestContext Messages:
SearchQuery-QueryableExtensionsTests_ExecuteByTestFilter(142)-638451580972378276.json: Attached
EnumerableQuery_1-QueryableExtensionsTests_ExecuteByTestFilter(144)-638451580972430595.json: Attached
PagedQueryResult_1-QueryableExtensionsTests_ExecuteByTestFilter(146)-638451580976736208.json: Attached
resultKeys: 0,1</StdOut>
        <StdErr>Eliassen.System.Linq.ConsoleLogger`1[Eliassen.System.Linq.Expressions.ExpressionTreeBuilder`1[Eliassen.System.Tests.Linq.TestTargets.TestTargetExtendedModel]]:Warning:&gt;
	2020-03-01T01:01:01.4356493+02:00 parsed to 02/29/2020 18:01:01 (System.DateTime)</StdErr>
      </Output>
      <ResultFiles>
        <ResultFile path="DESKTOP-3FN5V33\EnumerableQuery_1-QueryableExtensionsTests_ExecuteByTestFilter(144)-638451580972430595.json" />
        <ResultFile path="DESKTOP-3FN5V33\PagedQueryResult_1-QueryableExtensionsTests_ExecuteByTestFilter(146)-638451580976736208.json" />
        <ResultFile path="DESKTOP-3FN5V33\SearchQuery-QueryableExtensionsTests_ExecuteByTestFilter(142)-638451580972378276.json" />
      </ResultFiles>
    </UnitTestResult>
    <UnitTestResult executionId="7bbcca86-a9a8-43f8-8e32-7087737eac22" testId="b6498f29-1231-5fcf-4954-1746daa0500d" testName="ExecuteByTest_Filter (Eliassen.System.Tests.Linq.TestTargets.TestTargetWithInnerListModel,Children,EqualTo,*001,10,2,3,4,5,6,7,8,9,12,13)" computerName="DESKTOP-3FN5V33" duration="00:00:00.0789532" startTime="2024-03-04T14:08:13.5184770-05:00" endTime="2024-03-04T14:08:22.3018853-05:00" testType="13cdc9d9-ddb5-4fa4-a97d-d965ccfc6d4b" outcome="Passed" testListId="8c84fa94-04c1-424b-9868-57a2d4851a1d" relativeResultsDirectory="7bbcca86-a9a8-43f8-8e32-7087737eac22" xmlns="http://microsoft.com/schemas/VisualStudio/TeamTest/2010">
      <Output>
        <StdOut>Eliassen.System.Linq.ConsoleLogger`1[Eliassen.System.Linq.Search.QueryBuilder]:Information:&gt;
	Build query for CurrentPage: 0
PageSize: 0
ExcludePageCount: False
SearchTerm: (null)
	F:Children: EqualTo: *001

Eliassen.System.Linq.ConsoleLogger`1[Eliassen.System.Linq.Search.QueryBuilder]:Information:&gt;
	Execute (paged): System.Linq.Enumerable+SelectRangeIterator`1[Eliassen.System.Tests.Linq.TestTargets.TestTargetWithInnerListModel].Where(n =&gt; n.Children.Any(child =&gt; child.EndsWith("001"))).OrderBy(_ =&gt; 0).Skip(0).Take(10)



TestContext Messages:
SearchQuery-QueryableExtensionsTests_ExecuteByTestFilter(142)-638451580993029197.json: Attached
EnumerableQuery_1-QueryableExtensionsTests_ExecuteByTestFilter(144)-638451580993088903.json: Attached
PagedQueryResult_1-QueryableExtensionsTests_ExecuteByTestFilter(146)-638451580993664426.json: Attached
resultKeys: 2,3,4,5,6,7,8,9,12,13</StdOut>
        <StdErr>Eliassen.System.Linq.ConsoleLogger`1[Eliassen.System.Linq.Search.SortBuilder`1[Eliassen.System.Tests.Linq.TestTargets.TestTargetWithInnerListModel]]:Warning:&gt;
	Force sort by 0 applied for Eliassen.System.Tests.Linq.TestTargets.TestTargetWithInnerListModel</StdErr>
      </Output>
      <ResultFiles>
        <ResultFile path="DESKTOP-3FN5V33\EnumerableQuery_1-QueryableExtensionsTests_ExecuteByTestFilter(144)-638451580993088903.json" />
        <ResultFile path="DESKTOP-3FN5V33\PagedQueryResult_1-QueryableExtensionsTests_ExecuteByTestFilter(146)-638451580993664426.json" />
        <ResultFile path="DESKTOP-3FN5V33\SearchQuery-QueryableExtensionsTests_ExecuteByTestFilter(142)-638451580993029197.json" />
      </ResultFiles>
    </UnitTestResult>
    <UnitTestResult executionId="bec38f43-9625-4738-a2d4-d40281f53c9b" testId="4996b69c-628d-6c13-1afa-51c215a59368" testName="ToEnumTest (name,name2|test name,WithEnumValue, WithMemberName, WithDisplay)" computerName="DESKTOP-3FN5V33" duration="00:00:00.0002766" startTime="2024-03-04T14:08:13.1902593-05:00" endTime="2024-03-04T14:08:13.1917349-05:00" testType="13cdc9d9-ddb5-4fa4-a97d-d965ccfc6d4b" outcome="Passed" testListId="8c84fa94-04c1-424b-9868-57a2d4851a1d" relativeResultsDirectory="bec38f43-9625-4738-a2d4-d40281f53c9b" xmlns="http://microsoft.com/schemas/VisualStudio/TeamTest/2010" />
    <UnitTestResult executionId="5b6037d9-8f62-4e7d-bf05-e2ee580024ac" testId="dcab6442-3647-193e-5b50-9725bbfda52b" testName="GetFilterablePropertyNamesTest_TestTarget3Model" computerName="DESKTOP-3FN5V33" duration="00:00:00.0008392" startTime="2024-03-04T14:08:25.7506344-05:00" endTime="2024-03-04T14:08:25.7519839-05:00" testType="13cdc9d9-ddb5-4fa4-a97d-d965ccfc6d4b" outcome="Passed" testListId="8c84fa94-04c1-424b-9868-57a2d4851a1d" relativeResultsDirectory="5b6037d9-8f62-4e7d-bf05-e2ee580024ac" xmlns="http://microsoft.com/schemas/VisualStudio/TeamTest/2010" />
    <UnitTestResult executionId="630c5a0a-eb25-4139-bc01-b7f74a476098" testId="1c714aa3-8994-cdaf-809b-6ab3af96b3a3" testName="ToEnumTest (2,Val2)" computerName="DESKTOP-3FN5V33" duration="00:00:00.0000229" startTime="2024-03-04T14:08:13.1479912-05:00" endTime="2024-03-04T14:08:13.1482771-05:00" testType="13cdc9d9-ddb5-4fa4-a97d-d965ccfc6d4b" outcome="Passed" testListId="8c84fa94-04c1-424b-9868-57a2d4851a1d" relativeResultsDirectory="630c5a0a-eb25-4139-bc01-b7f74a476098" xmlns="http://microsoft.com/schemas/VisualStudio/TeamTest/2010" />
    <UnitTestResult executionId="d439a7ca-ac6e-41f8-95da-e8e0b7c7ff23" testId="b3e2a372-55ce-d9ad-4987-01272bc32a33" testName="SerializeTest_IConfigurationSection" computerName="DESKTOP-3FN5V33" duration="00:00:00.0430563" startTime="2024-03-04T14:08:12.9597416-05:00" endTime="2024-03-04T14:08:13.0032650-05:00" testType="13cdc9d9-ddb5-4fa4-a97d-d965ccfc6d4b" outcome="Passed" testListId="8c84fa94-04c1-424b-9868-57a2d4851a1d" relativeResultsDirectory="d439a7ca-ac6e-41f8-95da-e8e0b7c7ff23" xmlns="http://microsoft.com/schemas/VisualStudio/TeamTest/2010">
      <Output>
        <StdOut>TestContext Messages:
String-DefaultJsonSerializerTests_SerializeTest_IConfigurationSection(72)-638451580929920369.txt: Attached
Configuration-DefaultJsonSerializerTests_SerializeTest_IConfigurationSection(73)-638451580929986547.txt: Attached</StdOut>
      </Output>
      <ResultFiles>
        <ResultFile path="DESKTOP-3FN5V33\Configuration-DefaultJsonSerializerTests_SerializeTest_IConfigurationSection(73)-638451580929986547.txt" />
        <ResultFile path="DESKTOP-3FN5V33\String-DefaultJsonSerializerTests_SerializeTest_IConfigurationSection(72)-638451580929920369.txt" />
      </ResultFiles>
    </UnitTestResult>
    <UnitTestResult executionId="69887e95-91d2-4012-b1e7-7ca9a3942de6" testId="e350703c-47df-56f0-b995-a52c38b53eca" testName="MakeSafeTest (System.Nullable`1[System.Decimal],1,1)" computerName="DESKTOP-3FN5V33" duration="00:00:00.0003022" startTime="2024-03-04T14:08:13.1932338-05:00" endTime="2024-03-04T14:08:13.3817848-05:00" testType="13cdc9d9-ddb5-4fa4-a97d-d965ccfc6d4b" outcome="Passed" testListId="8c84fa94-04c1-424b-9868-57a2d4851a1d" relativeResultsDirectory="69887e95-91d2-4012-b1e7-7ca9a3942de6" xmlns="http://microsoft.com/schemas/VisualStudio/TeamTest/2010" />
    <UnitTestResult executionId="5699ccbd-2950-4b3f-8bc7-a5f333487cdd" testId="e350703c-47df-56f0-b995-a52c38b53eca" testName="MakeSafeTest (System.Double,1,1)" computerName="DESKTOP-3FN5V33" duration="00:00:00.0132962" startTime="2024-03-04T14:08:13.1932338-05:00" endTime="2024-03-04T14:08:13.3817848-05:00" testType="13cdc9d9-ddb5-4fa4-a97d-d965ccfc6d4b" outcome="Passed" testListId="8c84fa94-04c1-424b-9868-57a2d4851a1d" relativeResultsDirectory="5699ccbd-2950-4b3f-8bc7-a5f333487cdd" xmlns="http://microsoft.com/schemas/VisualStudio/TeamTest/2010" />
    <UnitTestResult executionId="746664fd-17c6-404d-9636-b52ba4d51e16" testId="48475065-64b5-02f4-f098-e797f8f78cec" testName="ExecuteByTest_Sort (NAME,Descending,999,998,997,996,995,994,993,992,991,990)" computerName="DESKTOP-3FN5V33" duration="00:00:00.0233721" startTime="2024-03-04T14:08:25.6493130-05:00" endTime="2024-03-04T14:08:25.6731617-05:00" testType="13cdc9d9-ddb5-4fa4-a97d-d965ccfc6d4b" outcome="Passed" testListId="8c84fa94-04c1-424b-9868-57a2d4851a1d" relativeResultsDirectory="746664fd-17c6-404d-9636-b52ba4d51e16" xmlns="http://microsoft.com/schemas/VisualStudio/TeamTest/2010">
      <Output>
        <StdOut>Eliassen.System.Linq.ConsoleLogger`1[Eliassen.System.Linq.Search.QueryBuilder]:Information:&gt;
	Build query for CurrentPage: 0
PageSize: 0
ExcludePageCount: False
SearchTerm: (null)
	S:NAME: Descending

Eliassen.System.Linq.ConsoleLogger`1[Eliassen.System.Linq.Search.QueryBuilder]:Information:&gt;
	Execute (paged): System.Linq.Enumerable+SelectRangeIterator`1[Eliassen.System.Tests.Linq.TestTargets.TestTargetModel].OrderByDescending(n =&gt; n.Name).Skip(0).Take(10)



TestContext Messages:
SearchQuery-QueryableExtensionsTests_ExecuteByTest_Sort(340)-638451581056497096.json: Attached
PagedQueryResult_1-QueryableExtensionsTests_ExecuteByTest_Sort(342)-638451581056673389.json: Attached</StdOut>
        <StdErr>Eliassen.System.Linq.ConsoleLogger`1[Eliassen.System.Linq.Search.QueryBuilder]:Warning:&gt;
	No filtering detected: System.Linq.Enumerable+SelectRangeIterator`1[Eliassen.System.Tests.Linq.TestTargets.TestTargetModel]: CurrentPage: 0
PageSize: 0
ExcludePageCount: False
SearchTerm: (null)
	S:NAME: Descending</StdErr>
      </Output>
      <ResultFiles>
        <ResultFile path="DESKTOP-3FN5V33\PagedQueryResult_1-QueryableExtensionsTests_ExecuteByTest_Sort(342)-638451581056673389.json" />
        <ResultFile path="DESKTOP-3FN5V33\SearchQuery-QueryableExtensionsTests_ExecuteByTest_Sort(340)-638451581056497096.json" />
      </ResultFiles>
    </UnitTestResult>
    <UnitTestResult executionId="b5a5bfba-b505-4c2f-aec1-1f291d85087f" testId="1410527d-0c96-dadb-f7e7-8873031591f5" testName="DeserializeTest_Value ({&quot;Nullable&quot;:null,&quot;Value&quot;:{&quot;$date&quot;:&quot;2023-07-05T14:17:05.2315812-04:00&quot;}},2023-07-05T14:17:05.2315812-04:00)" computerName="DESKTOP-3FN5V33" duration="00:00:00.0632533" startTime="2024-03-04T14:08:12.7514448-05:00" endTime="2024-03-04T14:08:12.8156953-05:00" testType="13cdc9d9-ddb5-4fa4-a97d-d965ccfc6d4b" outcome="Passed" testListId="8c84fa94-04c1-424b-9868-57a2d4851a1d" relativeResultsDirectory="b5a5bfba-b505-4c2f-aec1-1f291d85087f" xmlns="http://microsoft.com/schemas/VisualStudio/TeamTest/2010">
      <Output>
        <StdOut>TestContext Messages:
input-BsonDateConverterTests_DeserializeTest_Value(78)-638451580927526347.json: Attached
result-BsonDateConverterTests_DeserializeTest_Value(80)-638451580927875682.json: Attached</StdOut>
      </Output>
      <ResultFiles>
        <ResultFile path="DESKTOP-3FN5V33\input-BsonDateConverterTests_DeserializeTest_Value(78)-638451580927526347.json" />
        <ResultFile path="DESKTOP-3FN5V33\result-BsonDateConverterTests_DeserializeTest_Value(80)-638451580927875682.json" />
      </ResultFiles>
    </UnitTestResult>
    <UnitTestResult executionId="2cfdce4f-e63f-48a0-a39c-6ccfa4376889" testId="b8ce6298-5288-a9c6-3afb-62b35d380a81" testName="ExecuteByTest_Filter_Range_Bounds" computerName="DESKTOP-3FN5V33" duration="00:00:00.3279916" startTime="2024-03-04T14:08:23.7251496-05:00" endTime="2024-03-04T14:08:24.0535063-05:00" testType="13cdc9d9-ddb5-4fa4-a97d-d965ccfc6d4b" outcome="Passed" testListId="8c84fa94-04c1-424b-9868-57a2d4851a1d" relativeResultsDirectory="2cfdce4f-e63f-48a0-a39c-6ccfa4376889" xmlns="http://microsoft.com/schemas/VisualStudio/TeamTest/2010">
      <Output>
        <StdOut>Eliassen.System.Linq.ConsoleLogger`1[Eliassen.System.Linq.Search.QueryBuilder]:Information:&gt;
	Build query for CurrentPage: 0
PageSize: 0
ExcludePageCount: False
SearchTerm: (null)
	F:Date: GreaterThanOrEqualTo: 3/1/2020 12:00:00 AM 
LessThanOrEqualTo: 7/1/2020 12:00:00 AM

Eliassen.System.Linq.ConsoleLogger`1[Eliassen.System.Linq.Search.SortBuilder`1[Eliassen.System.Tests.Linq.TestTargets.TestTargetExtendedModel]]:Information:&gt;
	Applying default sort for Eliassen.System.Tests.Linq.TestTargets.TestTargetExtendedModel: (Index, Ascending)
Eliassen.System.Linq.ConsoleLogger`1[Eliassen.System.Linq.Search.QueryBuilder]:Information:&gt;
	Execute (paged): System.Linq.Enumerable+SelectRangeIterator`1[Eliassen.System.Tests.Linq.TestTargets.TestTargetExtendedModel].Where(n =&gt; ((n.Date &lt;= 7/1/2020 12:00:00 AM) AndAlso (n.Date &gt;= 3/1/2020 12:00:00 AM))).OrderBy(n =&gt; Convert(n.Index, Object)).Skip(0).Take(10)



TestContext Messages:
SearchQuery-QueryableExtensionsTests_ExecuteByTest_Filter_Range_Bounds(174)-638451581037258590.json: Attached
PagedQueryResult_1-QueryableExtensionsTests_ExecuteByTest_Filter_Range_Bounds(176)-638451581040393649.json: Attached</StdOut>
        <StdErr>Eliassen.System.Linq.ConsoleLogger`1[Eliassen.System.Linq.Expressions.ExpressionTreeBuilder`1[Eliassen.System.Tests.Linq.TestTargets.TestTargetExtendedModel]]:Warning:&gt;
	7/1/2020 12:00:00 AM parsed to 07/01/2020 00:00:00 (System.DateTime)
Eliassen.System.Linq.ConsoleLogger`1[Eliassen.System.Linq.Expressions.ExpressionTreeBuilder`1[Eliassen.System.Tests.Linq.TestTargets.TestTargetExtendedModel]]:Warning:&gt;
	3/1/2020 12:00:00 AM parsed to 03/01/2020 00:00:00 (System.DateTime)</StdErr>
      </Output>
      <ResultFiles>
        <ResultFile path="DESKTOP-3FN5V33\PagedQueryResult_1-QueryableExtensionsTests_ExecuteByTest_Filter_Range_Bounds(176)-638451581040393649.json" />
        <ResultFile path="DESKTOP-3FN5V33\SearchQuery-QueryableExtensionsTests_ExecuteByTest_Filter_Range_Bounds(174)-638451581037258590.json" />
      </ResultFiles>
    </UnitTestResult>
    <UnitTestResult executionId="c203d789-4be3-4b94-bb9e-152678ab64ed" testId="8db0e4e6-7016-657b-fdea-74f229a3c8de" testName="ToEnumTest (Val2,Val1,Val1, Val2)" computerName="DESKTOP-3FN5V33" duration="00:00:00.0000435" startTime="2024-03-04T14:08:13.1275487-05:00" endTime="2024-03-04T14:08:13.1280944-05:00" testType="13cdc9d9-ddb5-4fa4-a97d-d965ccfc6d4b" outcome="Passed" testListId="8c84fa94-04c1-424b-9868-57a2d4851a1d" relativeResultsDirectory="c203d789-4be3-4b94-bb9e-152678ab64ed" xmlns="http://microsoft.com/schemas/VisualStudio/TeamTest/2010" />
    <UnitTestResult executionId="d9a05232-8266-4d0b-9f9f-82dcaa9c6e66" testId="e350703c-47df-56f0-b995-a52c38b53eca" testName="MakeSafeTest (System.AttributeTargets,16,Enum)" computerName="DESKTOP-3FN5V33" duration="00:00:00.0000245" startTime="2024-03-04T14:08:13.1932338-05:00" endTime="2024-03-04T14:08:13.3817848-05:00" testType="13cdc9d9-ddb5-4fa4-a97d-d965ccfc6d4b" outcome="Passed" testListId="8c84fa94-04c1-424b-9868-57a2d4851a1d" relativeResultsDirectory="d9a05232-8266-4d0b-9f9f-82dcaa9c6e66" xmlns="http://microsoft.com/schemas/VisualStudio/TeamTest/2010" />
    <UnitTestResult executionId="404ee6f1-31aa-4df2-8100-c8533a91b5fe" testId="e350703c-47df-56f0-b995-a52c38b53eca" testName="MakeSafeTest (System.Int32,1,1)" computerName="DESKTOP-3FN5V33" duration="00:00:00.0000857" startTime="2024-03-04T14:08:13.1932338-05:00" endTime="2024-03-04T14:08:13.3817848-05:00" testType="13cdc9d9-ddb5-4fa4-a97d-d965ccfc6d4b" outcome="Passed" testListId="8c84fa94-04c1-424b-9868-57a2d4851a1d" relativeResultsDirectory="404ee6f1-31aa-4df2-8100-c8533a91b5fe" xmlns="http://microsoft.com/schemas/VisualStudio/TeamTest/2010" />
    <UnitTestResult executionId="f59a1338-4410-4232-bf0a-54109c51db1a" testId="838644d9-6365-e4a6-691a-5f9e9cba540d" testName="GetResourceFromJsonTest_NotFound" computerName="DESKTOP-3FN5V33" duration="00:00:00.0001518" startTime="2024-03-04T14:08:13.5005180-05:00" endTime="2024-03-04T14:08:13.5008894-05:00" testType="13cdc9d9-ddb5-4fa4-a97d-d965ccfc6d4b" outcome="Passed" testListId="8c84fa94-04c1-424b-9868-57a2d4851a1d" relativeResultsDirectory="f59a1338-4410-4232-bf0a-54109c51db1a" xmlns="http://microsoft.com/schemas/VisualStudio/TeamTest/2010" />
    <UnitTestResult executionId="a51b69a7-e31a-454f-86fe-f6524e5a1bb3" testId="b6498f29-1231-5fcf-4954-1746daa0500d" testName="ExecuteByTest_Filter (Eliassen.System.Tests.Linq.TestTargets.TestTargetModel,Name,EqualTo,,0,)" computerName="DESKTOP-3FN5V33" duration="00:00:00.0494295" startTime="2024-03-04T14:08:13.5184770-05:00" endTime="2024-03-04T14:08:22.3018853-05:00" testType="13cdc9d9-ddb5-4fa4-a97d-d965ccfc6d4b" outcome="Passed" testListId="8c84fa94-04c1-424b-9868-57a2d4851a1d" relativeResultsDirectory="a51b69a7-e31a-454f-86fe-f6524e5a1bb3" xmlns="http://microsoft.com/schemas/VisualStudio/TeamTest/2010">
      <Output>
        <StdOut>Eliassen.System.Linq.ConsoleLogger`1[Eliassen.System.Linq.Search.QueryBuilder]:Information:&gt;
	Build query for CurrentPage: 0
PageSize: 0
ExcludePageCount: False
SearchTerm: (null)
	F:Name: EqualTo:

Eliassen.System.Linq.ConsoleLogger`1[Eliassen.System.Linq.Search.QueryBuilder]:Information:&gt;
	Execute (paged): System.Linq.Enumerable+SelectRangeIterator`1[Eliassen.System.Tests.Linq.TestTargets.TestTargetModel].Where(n =&gt; (n.Name == "")).OrderBy(_ =&gt; 0).Skip(0).Take(10)



TestContext Messages:
SearchQuery-QueryableExtensionsTests_ExecuteByTestFilter(142)-638451580993810243.json: Attached
EnumerableQuery_1-QueryableExtensionsTests_ExecuteByTestFilter(144)-638451580993870465.json: Attached
PagedQueryResult_1-QueryableExtensionsTests_ExecuteByTestFilter(146)-638451580994145129.json: Attached
resultKeys:</StdOut>
        <StdErr>Eliassen.System.Linq.ConsoleLogger`1[Eliassen.System.Linq.Search.SortBuilder`1[Eliassen.System.Tests.Linq.TestTargets.TestTargetModel]]:Warning:&gt;
	Force sort by 0 applied for Eliassen.System.Tests.Linq.TestTargets.TestTargetModel</StdErr>
      </Output>
      <ResultFiles>
        <ResultFile path="DESKTOP-3FN5V33\EnumerableQuery_1-QueryableExtensionsTests_ExecuteByTestFilter(144)-638451580993870465.json" />
        <ResultFile path="DESKTOP-3FN5V33\PagedQueryResult_1-QueryableExtensionsTests_ExecuteByTestFilter(146)-638451580994145129.json" />
        <ResultFile path="DESKTOP-3FN5V33\SearchQuery-QueryableExtensionsTests_ExecuteByTestFilter(142)-638451580993810243.json" />
      </ResultFiles>
    </UnitTestResult>
    <UnitTestResult executionId="1e278926-7968-4935-94f6-b0a4d32af83e" testId="67b6a854-1fe4-5528-77d6-501bd90b9a20" testName="GetShortTypeNameTests (System.String,System.String, System.Private.CoreLib)" computerName="DESKTOP-3FN5V33" duration="00:00:00.0004963" startTime="2024-03-04T14:08:13.4125881-05:00" endTime="2024-03-04T14:08:13.4139363-05:00" testType="13cdc9d9-ddb5-4fa4-a97d-d965ccfc6d4b" outcome="Passed" testListId="8c84fa94-04c1-424b-9868-57a2d4851a1d" relativeResultsDirectory="1e278926-7968-4935-94f6-b0a4d32af83e" xmlns="http://microsoft.com/schemas/VisualStudio/TeamTest/2010" />
    <UnitTestResult executionId="53871a23-c55d-4458-b5ea-8fbf8d7f5c13" testId="c3599795-8bf1-da30-66da-ee7de44c4074" testName="VisitTest_EndsWith (Hello,lo,True)" computerName="DESKTOP-3FN5V33" duration="00:00:00.0005325" startTime="2024-03-04T14:08:26.0457801-05:00" endTime="2024-03-04T14:08:26.0482988-05:00" testType="13cdc9d9-ddb5-4fa4-a97d-d965ccfc6d4b" outcome="Passed" testListId="8c84fa94-04c1-424b-9868-57a2d4851a1d" relativeResultsDirectory="53871a23-c55d-4458-b5ea-8fbf8d7f5c13" xmlns="http://microsoft.com/schemas/VisualStudio/TeamTest/2010">
      <Output>
        <StdOut>Eliassen.System.Linq.ConsoleLogger`1[Eliassen.System.Linq.Expressions.StringComparisonReplacementExpressionVisitor]:Debug:&gt;
	Replace: e.EndsWith(value(Eliassen.System.Tests.Linq.Expressions.StringComparisonReplacementExpressionVisitorTests+&lt;&gt;c__DisplayClass8_0).matched) with e.EndsWith(value(Eliassen.System.Tests.Linq.Expressions.StringComparisonReplacementExpressionVisitorTests+&lt;&gt;c__DisplayClass8_0).matched, CurrentCultureIgnoreCase)



TestContext Messages:
expression: e =&gt; e.EndsWith(value(Eliassen.System.Tests.Linq.Expressions.StringComparisonReplacementExpressionVisitorTests+&lt;&gt;c__DisplayClass8_0).matched)
visited: e =&gt; e.EndsWith(value(Eliassen.System.Tests.Linq.Expressions.StringComparisonReplacementExpressionVisitorTests+&lt;&gt;c__DisplayClass8_0).matched, CurrentCultureIgnoreCase)</StdOut>
      </Output>
    </UnitTestResult>
    <UnitTestResult executionId="d63352f1-baf4-4201-bdd8-f29c6fdf5d7e" testId="b6498f29-1231-5fcf-4954-1746daa0500d" testName="ExecuteByTest_Filter (Eliassen.System.Tests.Linq.TestTargets.TestTargetExtendedModel,May,EqualTo,!,10,-1,1,2,4,5,7,8,10,11,13)" computerName="DESKTOP-3FN5V33" duration="00:00:00.8053199" startTime="2024-03-04T14:08:13.5184770-05:00" endTime="2024-03-04T14:08:22.3018853-05:00" testType="13cdc9d9-ddb5-4fa4-a97d-d965ccfc6d4b" outcome="Passed" testListId="8c84fa94-04c1-424b-9868-57a2d4851a1d" relativeResultsDirectory="d63352f1-baf4-4201-bdd8-f29c6fdf5d7e" xmlns="http://microsoft.com/schemas/VisualStudio/TeamTest/2010">
      <Output>
        <StdOut>Eliassen.System.Linq.ConsoleLogger`1[Eliassen.System.Linq.Search.QueryBuilder]:Information:&gt;
	Build query for CurrentPage: 0
PageSize: 0
ExcludePageCount: False
SearchTerm: (null)
	F:May: EqualTo: !

Eliassen.System.Linq.ConsoleLogger`1[Eliassen.System.Linq.Search.SortBuilder`1[Eliassen.System.Tests.Linq.TestTargets.TestTargetExtendedModel]]:Information:&gt;
	Applying default sort for Eliassen.System.Tests.Linq.TestTargets.TestTargetExtendedModel: (Index, Ascending)
Eliassen.System.Linq.ConsoleLogger`1[Eliassen.System.Linq.Search.QueryBuilder]:Information:&gt;
	Execute (paged): System.Linq.Enumerable+SelectRangeIterator`1[Eliassen.System.Tests.Linq.TestTargets.TestTargetExtendedModel].Where(n =&gt; (n.May != "")).OrderBy(n =&gt; Convert(n.Index, Object)).Skip(0).Take(10)



TestContext Messages:
SearchQuery-QueryableExtensionsTests_ExecuteByTestFilter(142)-638451581004516860.json: Attached
EnumerableQuery_1-QueryableExtensionsTests_ExecuteByTestFilter(144)-638451581004787284.json: Attached
PagedQueryResult_1-QueryableExtensionsTests_ExecuteByTestFilter(146)-638451581012360056.json: Attached
resultKeys: -1,1,2,4,5,7,8,10,11,13</StdOut>
      </Output>
      <ResultFiles>
        <ResultFile path="DESKTOP-3FN5V33\EnumerableQuery_1-QueryableExtensionsTests_ExecuteByTestFilter(144)-638451581004787284.json" />
        <ResultFile path="DESKTOP-3FN5V33\PagedQueryResult_1-QueryableExtensionsTests_ExecuteByTestFilter(146)-638451581012360056.json" />
        <ResultFile path="DESKTOP-3FN5V33\SearchQuery-QueryableExtensionsTests_ExecuteByTestFilter(142)-638451581004516860.json" />
      </ResultFiles>
    </UnitTestResult>
    <UnitTestResult executionId="a444699a-f5b5-4c98-842f-055cc455bf39" testId="b5b73f46-926e-b166-c509-00a2b6834bdd" testName="GetFilterablePropertyNamesTest_TestTarget2Model" computerName="DESKTOP-3FN5V33" duration="00:00:00.0046775" startTime="2024-03-04T14:08:25.7403302-05:00" endTime="2024-03-04T14:08:25.7454714-05:00" testType="13cdc9d9-ddb5-4fa4-a97d-d965ccfc6d4b" outcome="Passed" testListId="8c84fa94-04c1-424b-9868-57a2d4851a1d" relativeResultsDirectory="a444699a-f5b5-4c98-842f-055cc455bf39" xmlns="http://microsoft.com/schemas/VisualStudio/TeamTest/2010" />
    <UnitTestResult executionId="e8c87fc9-d25a-43d2-b223-f4b9a776ba5a" testId="7fd160bc-3b5b-e6e2-40ae-1974536260f2" testName="TryParseTest (System.Guid,18AACB9C-2989-4322-A490-C7167BEA0DB4,True,18aacb9c-2989-4322-a490-c7167bea0db4)" computerName="DESKTOP-3FN5V33" duration="00:00:00.0015953" startTime="2024-03-04T14:08:13.4012744-05:00" endTime="2024-03-04T14:08:13.4054238-05:00" testType="13cdc9d9-ddb5-4fa4-a97d-d965ccfc6d4b" outcome="Passed" testListId="8c84fa94-04c1-424b-9868-57a2d4851a1d" relativeResultsDirectory="e8c87fc9-d25a-43d2-b223-f4b9a776ba5a" xmlns="http://microsoft.com/schemas/VisualStudio/TeamTest/2010" />
    <UnitTestResult executionId="945702aa-dc9d-4906-94b5-198191dade1f" testId="70a7d239-30af-99d8-26bc-eb06ced4f854" testName="ExecuteByTest_Page (0,0,100,1000,0,10,0,1,2,3,4,5,6,7,8,9)" computerName="DESKTOP-3FN5V33" duration="00:00:00.0808958" startTime="2024-03-04T14:08:25.2706635-05:00" endTime="2024-03-04T14:08:25.3533635-05:00" testType="13cdc9d9-ddb5-4fa4-a97d-d965ccfc6d4b" outcome="Passed" testListId="8c84fa94-04c1-424b-9868-57a2d4851a1d" relativeResultsDirectory="945702aa-dc9d-4906-94b5-198191dade1f" xmlns="http://microsoft.com/schemas/VisualStudio/TeamTest/2010">
      <Output>
        <StdOut>Eliassen.System.Linq.ConsoleLogger`1[Eliassen.System.Linq.Search.QueryBuilder]:Information:&gt;
	Build query for CurrentPage: 0
PageSize: 0
ExcludePageCount: False
SearchTerm: (null)

Eliassen.System.Linq.ConsoleLogger`1[Eliassen.System.Linq.Search.QueryBuilder]:Information:&gt;
	Execute (paged): System.Linq.Enumerable+SelectRangeIterator`1[Eliassen.System.Tests.Linq.TestTargets.TestTargetModel].OrderBy(_ =&gt; 0).Skip(0).Take(10)



TestContext Messages:
SearchQuery-QueryableExtensionsTests_ExecuteByTest_Page(296)-638451581052731462.json: Attached
EnumerableQuery_1-QueryableExtensionsTests_ExecuteByTest_Page(298)-638451581052867713.json: Attached
PagedQueryResult_1-QueryableExtensionsTests_ExecuteByTest_Page(300)-638451581053379714.json: Attached
resultKeys: 0,1,2,3,4,5,6,7,8,9</StdOut>
        <StdErr>Eliassen.System.Linq.ConsoleLogger`1[Eliassen.System.Linq.Search.QueryBuilder]:Warning:&gt;
	No filtering detected: System.Linq.Enumerable+SelectRangeIterator`1[Eliassen.System.Tests.Linq.TestTargets.TestTargetModel]: CurrentPage: 0
PageSize: 0
ExcludePageCount: False
SearchTerm: (null)

Eliassen.System.Linq.ConsoleLogger`1[Eliassen.System.Linq.Search.SortBuilder`1[Eliassen.System.Tests.Linq.TestTargets.TestTargetModel]]:Warning:&gt;
	Force sort by 0 applied for Eliassen.System.Tests.Linq.TestTargets.TestTargetModel</StdErr>
      </Output>
      <ResultFiles>
        <ResultFile path="DESKTOP-3FN5V33\EnumerableQuery_1-QueryableExtensionsTests_ExecuteByTest_Page(298)-638451581052867713.json" />
        <ResultFile path="DESKTOP-3FN5V33\PagedQueryResult_1-QueryableExtensionsTests_ExecuteByTest_Page(300)-638451581053379714.json" />
        <ResultFile path="DESKTOP-3FN5V33\SearchQuery-QueryableExtensionsTests_ExecuteByTest_Page(296)-638451581052731462.json" />
      </ResultFiles>
    </UnitTestResult>
    <UnitTestResult executionId="08c452cf-7d15-45cd-9757-0823b3ca8b50" testId="b6498f29-1231-5fcf-4954-1746daa0500d" testName="ExecuteByTest_Filter (Eliassen.System.Tests.Linq.TestTargets.TestTargetExtendedModel,Date,LessThan,2020-03-01,3,-1,0,1)" computerName="DESKTOP-3FN5V33" duration="00:00:00.3403837" startTime="2024-03-04T14:08:13.5184770-05:00" endTime="2024-03-04T14:08:22.3018853-05:00" testType="13cdc9d9-ddb5-4fa4-a97d-d965ccfc6d4b" outcome="Passed" testListId="8c84fa94-04c1-424b-9868-57a2d4851a1d" relativeResultsDirectory="08c452cf-7d15-45cd-9757-0823b3ca8b50" xmlns="http://microsoft.com/schemas/VisualStudio/TeamTest/2010">
      <Output>
        <StdOut>Eliassen.System.Linq.ConsoleLogger`1[Eliassen.System.Linq.Search.QueryBuilder]:Information:&gt;
	Build query for CurrentPage: 0
PageSize: 0
ExcludePageCount: False
SearchTerm: (null)
	F:Date: LessThan: 2020-03-01

Eliassen.System.Linq.ConsoleLogger`1[Eliassen.System.Linq.Search.SortBuilder`1[Eliassen.System.Tests.Linq.TestTargets.TestTargetExtendedModel]]:Information:&gt;
	Applying default sort for Eliassen.System.Tests.Linq.TestTargets.TestTargetExtendedModel: (Index, Ascending)
Eliassen.System.Linq.ConsoleLogger`1[Eliassen.System.Linq.Search.QueryBuilder]:Information:&gt;
	Execute (paged): System.Linq.Enumerable+SelectRangeIterator`1[Eliassen.System.Tests.Linq.TestTargets.TestTargetExtendedModel].Where(n =&gt; (n.Date &lt; 3/1/2020 12:00:00 AM)).OrderBy(n =&gt; Convert(n.Index, Object)).Skip(0).Take(10)



TestContext Messages:
SearchQuery-QueryableExtensionsTests_ExecuteByTestFilter(142)-638451580958478029.json: Attached
EnumerableQuery_1-QueryableExtensionsTests_ExecuteByTestFilter(144)-638451580958523630.json: Attached
PagedQueryResult_1-QueryableExtensionsTests_ExecuteByTestFilter(146)-638451580961753450.json: Attached
resultKeys: -1,0,1</StdOut>
        <StdErr>Eliassen.System.Linq.ConsoleLogger`1[Eliassen.System.Linq.Expressions.ExpressionTreeBuilder`1[Eliassen.System.Tests.Linq.TestTargets.TestTargetExtendedModel]]:Warning:&gt;
	2020-03-01 parsed to 03/01/2020 00:00:00 (System.DateTime)</StdErr>
      </Output>
      <ResultFiles>
        <ResultFile path="DESKTOP-3FN5V33\EnumerableQuery_1-QueryableExtensionsTests_ExecuteByTestFilter(144)-638451580958523630.json" />
        <ResultFile path="DESKTOP-3FN5V33\PagedQueryResult_1-QueryableExtensionsTests_ExecuteByTestFilter(146)-638451580961753450.json" />
        <ResultFile path="DESKTOP-3FN5V33\SearchQuery-QueryableExtensionsTests_ExecuteByTestFilter(142)-638451580958478029.json" />
      </ResultFiles>
    </UnitTestResult>
    <UnitTestResult executionId="768729f8-4e59-4a71-bfea-f55cff8fb2c0" testId="cde968fd-b220-e483-e127-75958f75b2b3" testName="VisitTest_Equals (Hello,HELLO,True)" computerName="DESKTOP-3FN5V33" duration="00:00:00.0011586" startTime="2024-03-04T14:08:25.9412143-05:00" endTime="2024-03-04T14:08:25.9428069-05:00" testType="13cdc9d9-ddb5-4fa4-a97d-d965ccfc6d4b" outcome="Passed" testListId="8c84fa94-04c1-424b-9868-57a2d4851a1d" relativeResultsDirectory="768729f8-4e59-4a71-bfea-f55cff8fb2c0" xmlns="http://microsoft.com/schemas/VisualStudio/TeamTest/2010">
      <Output>
        <StdOut>Eliassen.System.Linq.ConsoleLogger`1[Eliassen.System.Linq.Expressions.StringComparisonReplacementExpressionVisitor]:Debug:&gt;
	Replace: e.Equals(value(Eliassen.System.Tests.Linq.Expressions.StringComparisonReplacementExpressionVisitorTests+&lt;&gt;c__DisplayClass5_0).matched) with e.Equals(value(Eliassen.System.Tests.Linq.Expressions.StringComparisonReplacementExpressionVisitorTests+&lt;&gt;c__DisplayClass5_0).matched, CurrentCultureIgnoreCase)



TestContext Messages:
expression: e =&gt; e.Equals(value(Eliassen.System.Tests.Linq.Expressions.StringComparisonReplacementExpressionVisitorTests+&lt;&gt;c__DisplayClass5_0).matched)
visited: e =&gt; e.Equals(value(Eliassen.System.Tests.Linq.Expressions.StringComparisonReplacementExpressionVisitorTests+&lt;&gt;c__DisplayClass5_0).matched, CurrentCultureIgnoreCase)</StdOut>
      </Output>
    </UnitTestResult>
    <UnitTestResult executionId="bf28df31-b9f0-424a-b75f-937b324495a8" testId="b6498f29-1231-5fcf-4954-1746daa0500d" testName="ExecuteByTest_Filter (Eliassen.System.Tests.Linq.TestTargets.TestTargetModel,Index,NotEqualTo,1,10,0,2,3,4,5,6,7,8,9,10)" computerName="DESKTOP-3FN5V33" duration="00:00:00.0342293" startTime="2024-03-04T14:08:13.5184770-05:00" endTime="2024-03-04T14:08:22.3018853-05:00" testType="13cdc9d9-ddb5-4fa4-a97d-d965ccfc6d4b" outcome="Passed" testListId="8c84fa94-04c1-424b-9868-57a2d4851a1d" relativeResultsDirectory="bf28df31-b9f0-424a-b75f-937b324495a8" xmlns="http://microsoft.com/schemas/VisualStudio/TeamTest/2010">
      <Output>
        <StdOut>Eliassen.System.Linq.ConsoleLogger`1[Eliassen.System.Linq.Search.QueryBuilder]:Information:&gt;
	Build query for CurrentPage: 0
PageSize: 0
ExcludePageCount: False
SearchTerm: (null)
	F:Index: NotEqualTo: 1

Eliassen.System.Linq.ConsoleLogger`1[Eliassen.System.Linq.Search.QueryBuilder]:Information:&gt;
	Execute (paged): System.Linq.Enumerable+SelectRangeIterator`1[Eliassen.System.Tests.Linq.TestTargets.TestTargetModel].Where(n =&gt; (n.Index != 1)).OrderBy(_ =&gt; 0).Skip(0).Take(10)



TestContext Messages:
SearchQuery-QueryableExtensionsTests_ExecuteByTestFilter(142)-638451580945004666.json: Attached
EnumerableQuery_1-QueryableExtensionsTests_ExecuteByTestFilter(144)-638451580945054764.json: Attached
PagedQueryResult_1-QueryableExtensionsTests_ExecuteByTestFilter(146)-638451580945231278.json: Attached
resultKeys: 0,2,3,4,5,6,7,8,9,10</StdOut>
        <StdErr>Eliassen.System.Linq.ConsoleLogger`1[Eliassen.System.Linq.Expressions.ExpressionTreeBuilder`1[Eliassen.System.Tests.Linq.TestTargets.TestTargetModel]]:Warning:&gt;
	1 parsed to 1 (System.Int32)
Eliassen.System.Linq.ConsoleLogger`1[Eliassen.System.Linq.Search.SortBuilder`1[Eliassen.System.Tests.Linq.TestTargets.TestTargetModel]]:Warning:&gt;
	Force sort by 0 applied for Eliassen.System.Tests.Linq.TestTargets.TestTargetModel</StdErr>
      </Output>
      <ResultFiles>
        <ResultFile path="DESKTOP-3FN5V33\EnumerableQuery_1-QueryableExtensionsTests_ExecuteByTestFilter(144)-638451580945054764.json" />
        <ResultFile path="DESKTOP-3FN5V33\PagedQueryResult_1-QueryableExtensionsTests_ExecuteByTestFilter(146)-638451580945231278.json" />
        <ResultFile path="DESKTOP-3FN5V33\SearchQuery-QueryableExtensionsTests_ExecuteByTestFilter(142)-638451580945004666.json" />
      </ResultFiles>
    </UnitTestResult>
    <UnitTestResult executionId="96e4c8d2-0d2c-43ca-9cfd-22bf6bcffa34" testId="e350703c-47df-56f0-b995-a52c38b53eca" testName="MakeSafeTest (System.Nullable`1[System.Guid],nope,)" computerName="DESKTOP-3FN5V33" duration="00:00:00.0001687" startTime="2024-03-04T14:08:13.1932338-05:00" endTime="2024-03-04T14:08:13.3817848-05:00" testType="13cdc9d9-ddb5-4fa4-a97d-d965ccfc6d4b" outcome="Passed" testListId="8c84fa94-04c1-424b-9868-57a2d4851a1d" relativeResultsDirectory="96e4c8d2-0d2c-43ca-9cfd-22bf6bcffa34" xmlns="http://microsoft.com/schemas/VisualStudio/TeamTest/2010" />
    <UnitTestResult executionId="e81c12e0-6512-4fe7-9893-fcfd566012e3" testId="b6498f29-1231-5fcf-4954-1746daa0500d" testName="ExecuteByTest_Filter (Eliassen.System.Tests.Linq.TestTargets.TestTargetModel,INDEX,EqualTo,!1,10,0,2,3,4,5,6,7,8,9,10)" computerName="DESKTOP-3FN5V33" duration="00:00:00.0453376" startTime="2024-03-04T14:08:13.5184770-05:00" endTime="2024-03-04T14:08:22.3018853-05:00" testType="13cdc9d9-ddb5-4fa4-a97d-d965ccfc6d4b" outcome="Passed" testListId="8c84fa94-04c1-424b-9868-57a2d4851a1d" relativeResultsDirectory="e81c12e0-6512-4fe7-9893-fcfd566012e3" xmlns="http://microsoft.com/schemas/VisualStudio/TeamTest/2010">
      <Output>
        <StdOut>Eliassen.System.Linq.ConsoleLogger`1[Eliassen.System.Linq.Search.QueryBuilder]:Information:&gt;
	Build query for CurrentPage: 0
PageSize: 0
ExcludePageCount: False
SearchTerm: (null)
	F:INDEX: EqualTo: !1

Eliassen.System.Linq.ConsoleLogger`1[Eliassen.System.Linq.Search.QueryBuilder]:Information:&gt;
	Execute (paged): System.Linq.Enumerable+SelectRangeIterator`1[Eliassen.System.Tests.Linq.TestTargets.TestTargetModel].Where(n =&gt; (n.Index != 1)).OrderBy(_ =&gt; 0).Skip(0).Take(10)



TestContext Messages:
SearchQuery-QueryableExtensionsTests_ExecuteByTestFilter(142)-638451580937733644.json: Attached
EnumerableQuery_1-QueryableExtensionsTests_ExecuteByTestFilter(144)-638451580937775826.json: Attached
PagedQueryResult_1-QueryableExtensionsTests_ExecuteByTestFilter(146)-638451580938070514.json: Attached
resultKeys: 0,2,3,4,5,6,7,8,9,10</StdOut>
        <StdErr>Eliassen.System.Linq.ConsoleLogger`1[Eliassen.System.Linq.Expressions.ExpressionTreeBuilder`1[Eliassen.System.Tests.Linq.TestTargets.TestTargetModel]]:Warning:&gt;
	1 parsed to 1 (System.Int32)
Eliassen.System.Linq.ConsoleLogger`1[Eliassen.System.Linq.Search.SortBuilder`1[Eliassen.System.Tests.Linq.TestTargets.TestTargetModel]]:Warning:&gt;
	Force sort by 0 applied for Eliassen.System.Tests.Linq.TestTargets.TestTargetModel</StdErr>
      </Output>
      <ResultFiles>
        <ResultFile path="DESKTOP-3FN5V33\EnumerableQuery_1-QueryableExtensionsTests_ExecuteByTestFilter(144)-638451580937775826.json" />
        <ResultFile path="DESKTOP-3FN5V33\PagedQueryResult_1-QueryableExtensionsTests_ExecuteByTestFilter(146)-638451580938070514.json" />
        <ResultFile path="DESKTOP-3FN5V33\SearchQuery-QueryableExtensionsTests_ExecuteByTestFilter(142)-638451580937733644.json" />
      </ResultFiles>
    </UnitTestResult>
    <UnitTestResult executionId="9d12dcd9-a880-48d6-83d9-f6b48762d89a" testId="e350703c-47df-56f0-b995-a52c38b53eca" testName="MakeSafeTest (System.Int32,nope,)" computerName="DESKTOP-3FN5V33" duration="00:00:00.0012125" startTime="2024-03-04T14:08:13.1932338-05:00" endTime="2024-03-04T14:08:13.3817848-05:00" testType="13cdc9d9-ddb5-4fa4-a97d-d965ccfc6d4b" outcome="Passed" testListId="8c84fa94-04c1-424b-9868-57a2d4851a1d" relativeResultsDirectory="9d12dcd9-a880-48d6-83d9-f6b48762d89a" xmlns="http://microsoft.com/schemas/VisualStudio/TeamTest/2010" />
    <UnitTestResult executionId="1bf6a67a-b481-466e-bf3c-649ce6576e35" testId="53c31e49-be7f-689b-3cd7-03a9033ae78d" testName="GetSortablePropertyNamesTest_TestTarget3Model" computerName="DESKTOP-3FN5V33" duration="00:00:00.0003540" startTime="2024-03-04T14:08:25.8399958-05:00" endTime="2024-03-04T14:08:25.8407232-05:00" testType="13cdc9d9-ddb5-4fa4-a97d-d965ccfc6d4b" outcome="Passed" testListId="8c84fa94-04c1-424b-9868-57a2d4851a1d" relativeResultsDirectory="1bf6a67a-b481-466e-bf3c-649ce6576e35" xmlns="http://microsoft.com/schemas/VisualStudio/TeamTest/2010" />
    <UnitTestResult executionId="34b519b3-36e7-4478-8327-b36bf03d8dfe" testId="8da0fbaf-acd6-9154-0805-f306ce39ad46" testName="SerializeTest_Value" computerName="DESKTOP-3FN5V33" duration="00:00:00.0169585" startTime="2024-03-04T14:08:12.6356964-05:00" endTime="2024-03-04T14:08:12.6531888-05:00" testType="13cdc9d9-ddb5-4fa4-a97d-d965ccfc6d4b" outcome="Passed" testListId="8c84fa94-04c1-424b-9868-57a2d4851a1d" relativeResultsDirectory="34b519b3-36e7-4478-8327-b36bf03d8dfe" xmlns="http://microsoft.com/schemas/VisualStudio/TeamTest/2010">
      <Output>
        <StdOut>TestContext Messages:
result-BsonDateConverterTests_SerializeTest_Value(47)-638451580926369335.json: Attached
2024-03-04T14:08:12.6366808-05:00</StdOut>
      </Output>
      <ResultFiles>
        <ResultFile path="DESKTOP-3FN5V33\result-BsonDateConverterTests_SerializeTest_Value(47)-638451580926369335.json" />
      </ResultFiles>
    </UnitTestResult>
    <UnitTestResult executionId="1312b506-2334-49cd-a6d8-9d3d709d4697" testId="7fd160bc-3b5b-e6e2-40ae-1974536260f2" testName="TryParseTest (System.Double,nope,False,)" computerName="DESKTOP-3FN5V33" duration="00:00:00.0000858" startTime="2024-03-04T14:08:13.4012744-05:00" endTime="2024-03-04T14:08:13.4054238-05:00" testType="13cdc9d9-ddb5-4fa4-a97d-d965ccfc6d4b" outcome="Passed" testListId="8c84fa94-04c1-424b-9868-57a2d4851a1d" relativeResultsDirectory="1312b506-2334-49cd-a6d8-9d3d709d4697" xmlns="http://microsoft.com/schemas/VisualStudio/TeamTest/2010" />
    <UnitTestResult executionId="e618057d-2df0-4a39-b12a-95aaabba52b0" testId="5dada6fb-9282-72bc-c9b2-bcfb539a1619" testName="VisitTest_StartsWith (Hello,HE,True)" computerName="DESKTOP-3FN5V33" duration="00:00:00.0010013" startTime="2024-03-04T14:08:26.0007574-05:00" endTime="2024-03-04T14:08:26.0026020-05:00" testType="13cdc9d9-ddb5-4fa4-a97d-d965ccfc6d4b" outcome="Passed" testListId="8c84fa94-04c1-424b-9868-57a2d4851a1d" relativeResultsDirectory="e618057d-2df0-4a39-b12a-95aaabba52b0" xmlns="http://microsoft.com/schemas/VisualStudio/TeamTest/2010">
      <Output>
        <StdOut>Eliassen.System.Linq.ConsoleLogger`1[Eliassen.System.Linq.Expressions.StringComparisonReplacementExpressionVisitor]:Debug:&gt;
	Replace: e.StartsWith(value(Eliassen.System.Tests.Linq.Expressions.StringComparisonReplacementExpressionVisitorTests+&lt;&gt;c__DisplayClass7_0).matched) with e.StartsWith(value(Eliassen.System.Tests.Linq.Expressions.StringComparisonReplacementExpressionVisitorTests+&lt;&gt;c__DisplayClass7_0).matched, CurrentCultureIgnoreCase)



TestContext Messages:
expression: e =&gt; e.StartsWith(value(Eliassen.System.Tests.Linq.Expressions.StringComparisonReplacementExpressionVisitorTests+&lt;&gt;c__DisplayClass7_0).matched)
visited: e =&gt; e.StartsWith(value(Eliassen.System.Tests.Linq.Expressions.StringComparisonReplacementExpressionVisitorTests+&lt;&gt;c__DisplayClass7_0).matched, CurrentCultureIgnoreCase)</StdOut>
      </Output>
    </UnitTestResult>
    <UnitTestResult executionId="c9695663-7cd9-463d-9e3e-bc9f58ff99bf" testId="94f5d41d-40e7-9c77-2282-2dd85ee84974" testName="ToEnumTest (name,WithEnumValue)" computerName="DESKTOP-3FN5V33" duration="00:00:00.0017797" startTime="2024-03-04T14:08:13.1594775-05:00" endTime="2024-03-04T14:08:13.1621160-05:00" testType="13cdc9d9-ddb5-4fa4-a97d-d965ccfc6d4b" outcome="Passed" testListId="8c84fa94-04c1-424b-9868-57a2d4851a1d" relativeResultsDirectory="c9695663-7cd9-463d-9e3e-bc9f58ff99bf" xmlns="http://microsoft.com/schemas/VisualStudio/TeamTest/2010" />
    <UnitTestResult executionId="ade74b3a-afa0-43e2-a507-55f875884f5f" testId="7fd160bc-3b5b-e6e2-40ae-1974536260f2" testName="TryParseTest (System.Int32,1,True,1)" computerName="DESKTOP-3FN5V33" duration="00:00:00.0000145" startTime="2024-03-04T14:08:13.4012744-05:00" endTime="2024-03-04T14:08:13.4054238-05:00" testType="13cdc9d9-ddb5-4fa4-a97d-d965ccfc6d4b" outcome="Passed" testListId="8c84fa94-04c1-424b-9868-57a2d4851a1d" relativeResultsDirectory="ade74b3a-afa0-43e2-a507-55f875884f5f" xmlns="http://microsoft.com/schemas/VisualStudio/TeamTest/2010" />
    <UnitTestResult executionId="ee320300-de5c-4af9-b05c-e4443402ef4b" testId="9915ff67-6671-d49f-39fc-a1a3866fab19" testName="ToEnumTest (test description,WithDescription)" computerName="DESKTOP-3FN5V33" duration="00:00:00.0003412" startTime="2024-03-04T14:08:13.1721453-05:00" endTime="2024-03-04T14:08:13.1754023-05:00" testType="13cdc9d9-ddb5-4fa4-a97d-d965ccfc6d4b" outcome="Passed" testListId="8c84fa94-04c1-424b-9868-57a2d4851a1d" relativeResultsDirectory="ee320300-de5c-4af9-b05c-e4443402ef4b" xmlns="http://microsoft.com/schemas/VisualStudio/TeamTest/2010" />
    <UnitTestResult executionId="4e07b8e7-c5ae-4802-8e16-9f6128200088" testId="7fd160bc-3b5b-e6e2-40ae-1974536260f2" testName="TryParseTest (System.Nullable`1[System.Int32],1,True,1)" computerName="DESKTOP-3FN5V33" duration="00:00:00.0000084" startTime="2024-03-04T14:08:13.4012744-05:00" endTime="2024-03-04T14:08:13.4054238-05:00" testType="13cdc9d9-ddb5-4fa4-a97d-d965ccfc6d4b" outcome="Passed" testListId="8c84fa94-04c1-424b-9868-57a2d4851a1d" relativeResultsDirectory="4e07b8e7-c5ae-4802-8e16-9f6128200088" xmlns="http://microsoft.com/schemas/VisualStudio/TeamTest/2010" />
    <UnitTestResult executionId="c02b28c2-83b2-4b30-bc8e-e3cf1253055e" testId="65b4a990-8424-f23f-9b61-155855edf172" testName="GetResourceFromJsonTest" computerName="DESKTOP-3FN5V33" duration="00:00:00.0004928" startTime="2024-03-04T14:08:13.4985963-05:00" endTime="2024-03-04T14:08:13.4994305-05:00" testType="13cdc9d9-ddb5-4fa4-a97d-d965ccfc6d4b" outcome="Passed" testListId="8c84fa94-04c1-424b-9868-57a2d4851a1d" relativeResultsDirectory="c02b28c2-83b2-4b30-bc8e-e3cf1253055e" xmlns="http://microsoft.com/schemas/VisualStudio/TeamTest/2010" />
    <UnitTestResult executionId="2d4c13d2-f3d4-4f41-bc96-2ca6b8d5bc7d" testId="bfec42cd-394b-907b-c2e0-0b6b8b9584fe" testName="ExecuteByTest_Page (1,1,1000,1000,1,1,1)" computerName="DESKTOP-3FN5V33" duration="00:00:00.0764869" startTime="2024-03-04T14:08:25.4303494-05:00" endTime="2024-03-04T14:08:25.5074709-05:00" testType="13cdc9d9-ddb5-4fa4-a97d-d965ccfc6d4b" outcome="Passed" testListId="8c84fa94-04c1-424b-9868-57a2d4851a1d" relativeResultsDirectory="2d4c13d2-f3d4-4f41-bc96-2ca6b8d5bc7d" xmlns="http://microsoft.com/schemas/VisualStudio/TeamTest/2010">
      <Output>
        <StdOut>Eliassen.System.Linq.ConsoleLogger`1[Eliassen.System.Linq.Search.QueryBuilder]:Information:&gt;
	Build query for CurrentPage: 1
PageSize: 1
ExcludePageCount: False
SearchTerm: (null)

Eliassen.System.Linq.ConsoleLogger`1[Eliassen.System.Linq.Search.QueryBuilder]:Information:&gt;
	Execute (paged): System.Linq.Enumerable+SelectRangeIterator`1[Eliassen.System.Tests.Linq.TestTargets.TestTargetModel].OrderBy(_ =&gt; 0).Skip(1).Take(1)



TestContext Messages:
SearchQuery-QueryableExtensionsTests_ExecuteByTest_Page(296)-638451581054308886.json: Attached
EnumerableQuery_1-QueryableExtensionsTests_ExecuteByTest_Page(298)-638451581054405312.json: Attached
PagedQueryResult_1-QueryableExtensionsTests_ExecuteByTest_Page(300)-638451581054861314.json: Attached
resultKeys: 1</StdOut>
        <StdErr>Eliassen.System.Linq.ConsoleLogger`1[Eliassen.System.Linq.Search.QueryBuilder]:Warning:&gt;
	No filtering detected: System.Linq.Enumerable+SelectRangeIterator`1[Eliassen.System.Tests.Linq.TestTargets.TestTargetModel]: CurrentPage: 1
PageSize: 1
ExcludePageCount: False
SearchTerm: (null)

Eliassen.System.Linq.ConsoleLogger`1[Eliassen.System.Linq.Search.SortBuilder`1[Eliassen.System.Tests.Linq.TestTargets.TestTargetModel]]:Warning:&gt;
	Force sort by 0 applied for Eliassen.System.Tests.Linq.TestTargets.TestTargetModel</StdErr>
      </Output>
      <ResultFiles>
        <ResultFile path="DESKTOP-3FN5V33\EnumerableQuery_1-QueryableExtensionsTests_ExecuteByTest_Page(298)-638451581054405312.json" />
        <ResultFile path="DESKTOP-3FN5V33\PagedQueryResult_1-QueryableExtensionsTests_ExecuteByTest_Page(300)-638451581054861314.json" />
        <ResultFile path="DESKTOP-3FN5V33\SearchQuery-QueryableExtensionsTests_ExecuteByTest_Page(296)-638451581054308886.json" />
      </ResultFiles>
    </UnitTestResult>
    <UnitTestResult executionId="57c37b22-648a-430e-a980-44929494ea81" testId="e350703c-47df-56f0-b995-a52c38b53eca" testName="MakeSafeTest (System.Int32,1.1,1)" computerName="DESKTOP-3FN5V33" duration="00:00:00.0000318" startTime="2024-03-04T14:08:13.1932338-05:00" endTime="2024-03-04T14:08:13.3817848-05:00" testType="13cdc9d9-ddb5-4fa4-a97d-d965ccfc6d4b" outcome="Passed" testListId="8c84fa94-04c1-424b-9868-57a2d4851a1d" relativeResultsDirectory="57c37b22-648a-430e-a980-44929494ea81" xmlns="http://microsoft.com/schemas/VisualStudio/TeamTest/2010" />
    <UnitTestResult executionId="b31c4271-eb52-4385-bf3f-7900d81af54c" testId="4c7491c0-41e8-cf0b-c597-81c331608d72" testName="ToEnumTest (1,Val1)" computerName="DESKTOP-3FN5V33" duration="00:00:00.0000343" startTime="2024-03-04T14:08:13.1463234-05:00" endTime="2024-03-04T14:08:13.1466917-05:00" testType="13cdc9d9-ddb5-4fa4-a97d-d965ccfc6d4b" outcome="Passed" testListId="8c84fa94-04c1-424b-9868-57a2d4851a1d" relativeResultsDirectory="b31c4271-eb52-4385-bf3f-7900d81af54c" xmlns="http://microsoft.com/schemas/VisualStudio/TeamTest/2010" />
    <UnitTestResult executionId="7545f127-19b6-4290-8eb0-94491b4e2971" testId="c07bd30b-1999-489c-e66f-17f7d59077a7" testName="SerializeTest_Nullable" computerName="DESKTOP-3FN5V33" duration="00:00:00.3809662" startTime="2024-03-04T14:08:12.1665050-05:00" endTime="2024-03-04T14:08:12.5877096-05:00" testType="13cdc9d9-ddb5-4fa4-a97d-d965ccfc6d4b" outcome="Passed" testListId="8c84fa94-04c1-424b-9868-57a2d4851a1d" relativeResultsDirectory="7545f127-19b6-4290-8eb0-94491b4e2971" xmlns="http://microsoft.com/schemas/VisualStudio/TeamTest/2010">
      <Output>
        <StdOut>TestContext Messages:
result-BsonDateConverterTests_SerializeTest_Nullable(25)-638451580925589590.json: Attached
2024-03-04T14:08:12.447924-05:00</StdOut>
      </Output>
      <ResultFiles>
        <ResultFile path="DESKTOP-3FN5V33\result-BsonDateConverterTests_SerializeTest_Nullable(25)-638451580925589590.json" />
      </ResultFiles>
    </UnitTestResult>
    <UnitTestResult executionId="a64838f8-4a87-401a-8aa9-1b8fd4c055cb" testId="e350703c-47df-56f0-b995-a52c38b53eca" testName="MakeSafeTest (System.String,1,1)" computerName="DESKTOP-3FN5V33" duration="00:00:00.0004727" startTime="2024-03-04T14:08:13.1932338-05:00" endTime="2024-03-04T14:08:13.3817848-05:00" testType="13cdc9d9-ddb5-4fa4-a97d-d965ccfc6d4b" outcome="Passed" testListId="8c84fa94-04c1-424b-9868-57a2d4851a1d" relativeResultsDirectory="a64838f8-4a87-401a-8aa9-1b8fd4c055cb" xmlns="http://microsoft.com/schemas/VisualStudio/TeamTest/2010" />
    <UnitTestResult executionId="37b50e12-d2dd-4d8a-a919-9123d99a911a" testId="46607e5b-fea6-a0a2-2caf-2abdd0971d6b" testName="SerializeTest_AnonymousWithStringObjectDictionary" computerName="DESKTOP-3FN5V33" duration="00:00:00.0425234" startTime="2024-03-04T14:08:12.9151691-05:00" endTime="2024-03-04T14:08:12.9581001-05:00" testType="13cdc9d9-ddb5-4fa4-a97d-d965ccfc6d4b" outcome="Passed" testListId="8c84fa94-04c1-424b-9868-57a2d4851a1d" relativeResultsDirectory="37b50e12-d2dd-4d8a-a919-9123d99a911a" xmlns="http://microsoft.com/schemas/VisualStudio/TeamTest/2010">
      <Output>
        <StdOut>TestContext Messages:
String-DefaultJsonSerializerTests_SerializeTest_AnonymousWithStringObjectDictionary(48)-638451580929438776.txt: Attached
__f__AnonymousType1_2-DefaultJsonSerializerTests_SerializeTest_AnonymousWithStringObjectDictionary(49)-638451580929493561.json: Attached</StdOut>
      </Output>
      <ResultFiles>
        <ResultFile path="DESKTOP-3FN5V33\String-DefaultJsonSerializerTests_SerializeTest_AnonymousWithStringObjectDictionary(48)-638451580929438776.txt" />
        <ResultFile path="DESKTOP-3FN5V33\__f__AnonymousType1_2-DefaultJsonSerializerTests_SerializeTest_AnonymousWithStringObjectDictionary(49)-638451580929493561.json" />
      </ResultFiles>
    </UnitTestResult>
    <UnitTestResult executionId="2faa018a-2221-4b54-af0d-e203de084ba5" testId="7b384cf8-70ec-dfc2-9e84-f14ea44f65f7" testName="ToEnumTest (Val2 , Val1,Val1, Val2)" computerName="DESKTOP-3FN5V33" duration="00:00:00.0000318" startTime="2024-03-04T14:08:13.1294537-05:00" endTime="2024-03-04T14:08:13.1298947-05:00" testType="13cdc9d9-ddb5-4fa4-a97d-d965ccfc6d4b" outcome="Passed" testListId="8c84fa94-04c1-424b-9868-57a2d4851a1d" relativeResultsDirectory="2faa018a-2221-4b54-af0d-e203de084ba5" xmlns="http://microsoft.com/schemas/VisualStudio/TeamTest/2010" />
    <UnitTestResult executionId="9b6510bf-6bd6-44fd-b753-27f32c06cc63" testId="e350703c-47df-56f0-b995-a52c38b53eca" testName="MakeSafeTest (System.Guid,nope,)" computerName="DESKTOP-3FN5V33" duration="00:00:00.0003289" startTime="2024-03-04T14:08:13.1932338-05:00" endTime="2024-03-04T14:08:13.3817848-05:00" testType="13cdc9d9-ddb5-4fa4-a97d-d965ccfc6d4b" outcome="Passed" testListId="8c84fa94-04c1-424b-9868-57a2d4851a1d" relativeResultsDirectory="9b6510bf-6bd6-44fd-b753-27f32c06cc63" xmlns="http://microsoft.com/schemas/VisualStudio/TeamTest/2010" />
    <UnitTestResult executionId="142fd442-6b7c-40e2-a029-7c7d9bf0cf58" testId="2f56b32e-ea97-c552-8dea-074dcb4e0dc0" testName="MakeSafeArrayTest (System.Decimal,System.Object[],System.Decimal[])" computerName="DESKTOP-3FN5V33" duration="00:00:00.0001385" startTime="2024-03-04T14:08:13.3980664-05:00" endTime="2024-03-04T14:08:13.3998022-05:00" testType="13cdc9d9-ddb5-4fa4-a97d-d965ccfc6d4b" outcome="Passed" testListId="8c84fa94-04c1-424b-9868-57a2d4851a1d" relativeResultsDirectory="142fd442-6b7c-40e2-a029-7c7d9bf0cf58" xmlns="http://microsoft.com/schemas/VisualStudio/TeamTest/2010" />
    <UnitTestResult executionId="b843c93c-a886-477e-92da-187470019193" testId="65a22b8e-3e7c-412b-c8fe-2067f1dca864" testName="ToEnumTest (-1,-1)" computerName="DESKTOP-3FN5V33" duration="00:00:00.0000550" startTime="2024-03-04T14:08:13.1418666-05:00" endTime="2024-03-04T14:08:13.1426376-05:00" testType="13cdc9d9-ddb5-4fa4-a97d-d965ccfc6d4b" outcome="Passed" testListId="8c84fa94-04c1-424b-9868-57a2d4851a1d" relativeResultsDirectory="b843c93c-a886-477e-92da-187470019193" xmlns="http://microsoft.com/schemas/VisualStudio/TeamTest/2010" />
    <UnitTestResult executionId="8dbfb95d-008e-4d3e-bd0f-f5c4c9de8018" testId="b6498f29-1231-5fcf-4954-1746daa0500d" testName="ExecuteByTest_Filter (Eliassen.System.Tests.Linq.TestTargets.TestTargetExtendedModel,Date,LessThan,3/1/2020,3,-1,0,1)" computerName="DESKTOP-3FN5V33" duration="00:00:00.3611452" startTime="2024-03-04T14:08:13.5184770-05:00" endTime="2024-03-04T14:08:22.3018853-05:00" testType="13cdc9d9-ddb5-4fa4-a97d-d965ccfc6d4b" outcome="Passed" testListId="8c84fa94-04c1-424b-9868-57a2d4851a1d" relativeResultsDirectory="8dbfb95d-008e-4d3e-bd0f-f5c4c9de8018" xmlns="http://microsoft.com/schemas/VisualStudio/TeamTest/2010">
      <Output>
        <StdOut>Eliassen.System.Linq.ConsoleLogger`1[Eliassen.System.Linq.Search.QueryBuilder]:Information:&gt;
	Build query for CurrentPage: 0
PageSize: 0
ExcludePageCount: False
SearchTerm: (null)
	F:Date: LessThan: 3/1/2020

Eliassen.System.Linq.ConsoleLogger`1[Eliassen.System.Linq.Search.SortBuilder`1[Eliassen.System.Tests.Linq.TestTargets.TestTargetExtendedModel]]:Information:&gt;
	Applying default sort for Eliassen.System.Tests.Linq.TestTargets.TestTargetExtendedModel: (Index, Ascending)
Eliassen.System.Linq.ConsoleLogger`1[Eliassen.System.Linq.Search.QueryBuilder]:Information:&gt;
	Execute (paged): System.Linq.Enumerable+SelectRangeIterator`1[Eliassen.System.Tests.Linq.TestTargets.TestTargetExtendedModel].Where(n =&gt; (n.Date &lt; 3/1/2020 12:00:00 AM)).OrderBy(n =&gt; Convert(n.Index, Object)).Skip(0).Take(10)



TestContext Messages:
SearchQuery-QueryableExtensionsTests_ExecuteByTestFilter(142)-638451580954865023.json: Attached
EnumerableQuery_1-QueryableExtensionsTests_ExecuteByTestFilter(144)-638451580954915950.json: Attached
PagedQueryResult_1-QueryableExtensionsTests_ExecuteByTestFilter(146)-638451580958352490.json: Attached
resultKeys: -1,0,1</StdOut>
        <StdErr>Eliassen.System.Linq.ConsoleLogger`1[Eliassen.System.Linq.Expressions.ExpressionTreeBuilder`1[Eliassen.System.Tests.Linq.TestTargets.TestTargetExtendedModel]]:Warning:&gt;
	3/1/2020 parsed to 03/01/2020 00:00:00 (System.DateTime)</StdErr>
      </Output>
      <ResultFiles>
        <ResultFile path="DESKTOP-3FN5V33\EnumerableQuery_1-QueryableExtensionsTests_ExecuteByTestFilter(144)-638451580954915950.json" />
        <ResultFile path="DESKTOP-3FN5V33\PagedQueryResult_1-QueryableExtensionsTests_ExecuteByTestFilter(146)-638451580958352490.json" />
        <ResultFile path="DESKTOP-3FN5V33\SearchQuery-QueryableExtensionsTests_ExecuteByTestFilter(142)-638451580954865023.json" />
      </ResultFiles>
    </UnitTestResult>
    <UnitTestResult executionId="4386f210-343f-47c0-8c85-496f0f82e524" testId="e350703c-47df-56f0-b995-a52c38b53eca" testName="MakeSafeTest (System.DateTime,3/16/2022,3/16/2022 12:00:00 AM)" computerName="DESKTOP-3FN5V33" duration="00:00:00.0002574" startTime="2024-03-04T14:08:13.1932338-05:00" endTime="2024-03-04T14:08:13.3817848-05:00" testType="13cdc9d9-ddb5-4fa4-a97d-d965ccfc6d4b" outcome="Passed" testListId="8c84fa94-04c1-424b-9868-57a2d4851a1d" relativeResultsDirectory="4386f210-343f-47c0-8c85-496f0f82e524" xmlns="http://microsoft.com/schemas/VisualStudio/TeamTest/2010" />
    <UnitTestResult executionId="afedc624-527d-4a75-9a1e-03d5f9a40cd8" testId="f0d2af22-89d4-38cb-d0d7-47ff26d8d3fd" testName="ToEnumTest (test display,WithDisplay)" computerName="DESKTOP-3FN5V33" duration="00:00:00.0003246" startTime="2024-03-04T14:08:13.1774598-05:00" endTime="2024-03-04T14:08:13.1817815-05:00" testType="13cdc9d9-ddb5-4fa4-a97d-d965ccfc6d4b" outcome="Passed" testListId="8c84fa94-04c1-424b-9868-57a2d4851a1d" relativeResultsDirectory="afedc624-527d-4a75-9a1e-03d5f9a40cd8" xmlns="http://microsoft.com/schemas/VisualStudio/TeamTest/2010" />
    <UnitTestResult executionId="41aab383-182e-4d8e-abb7-6f5f2fc4268a" testId="ab0f8867-b8d1-22b7-3b78-2eab4da93098" testName="VisitTest_Contains (Hello,eL,True)" computerName="DESKTOP-3FN5V33" duration="00:00:00.0009378" startTime="2024-03-04T14:08:25.9933232-05:00" endTime="2024-03-04T14:08:25.9947630-05:00" testType="13cdc9d9-ddb5-4fa4-a97d-d965ccfc6d4b" outcome="Passed" testListId="8c84fa94-04c1-424b-9868-57a2d4851a1d" relativeResultsDirectory="41aab383-182e-4d8e-abb7-6f5f2fc4268a" xmlns="http://microsoft.com/schemas/VisualStudio/TeamTest/2010">
      <Output>
        <StdOut>Eliassen.System.Linq.ConsoleLogger`1[Eliassen.System.Linq.Expressions.StringComparisonReplacementExpressionVisitor]:Debug:&gt;
	Replace: e.Contains(value(Eliassen.System.Tests.Linq.Expressions.StringComparisonReplacementExpressionVisitorTests+&lt;&gt;c__DisplayClass6_0).matched) with e.Contains(value(Eliassen.System.Tests.Linq.Expressions.StringComparisonReplacementExpressionVisitorTests+&lt;&gt;c__DisplayClass6_0).matched, CurrentCultureIgnoreCase)



TestContext Messages:
expression: e =&gt; e.Contains(value(Eliassen.System.Tests.Linq.Expressions.StringComparisonReplacementExpressionVisitorTests+&lt;&gt;c__DisplayClass6_0).matched)
visited: e =&gt; e.Contains(value(Eliassen.System.Tests.Linq.Expressions.StringComparisonReplacementExpressionVisitorTests+&lt;&gt;c__DisplayClass6_0).matched, CurrentCultureIgnoreCase)</StdOut>
      </Output>
    </UnitTestResult>
    <UnitTestResult executionId="9337e3f2-120c-44a8-8f92-a38a6d513052" testId="e350703c-47df-56f0-b995-a52c38b53eca" testName="MakeSafeTest (System.Nullable`1[System.Int32],1,1)" computerName="DESKTOP-3FN5V33" duration="00:00:00.0002090" startTime="2024-03-04T14:08:13.1932338-05:00" endTime="2024-03-04T14:08:13.3817848-05:00" testType="13cdc9d9-ddb5-4fa4-a97d-d965ccfc6d4b" outcome="Passed" testListId="8c84fa94-04c1-424b-9868-57a2d4851a1d" relativeResultsDirectory="9337e3f2-120c-44a8-8f92-a38a6d513052" xmlns="http://microsoft.com/schemas/VisualStudio/TeamTest/2010" />
    <UnitTestResult executionId="3d61c852-2bdc-41aa-86d4-91570678f938" testId="b6498f29-1231-5fcf-4954-1746daa0500d" testName="ExecuteByTest_Filter (Eliassen.System.Tests.Linq.TestTargets.TestTargetModel,index,EqualTo,!1,10,0,2,3,4,5,6,7,8,9,10)" computerName="DESKTOP-3FN5V33" duration="00:00:00.0444904" startTime="2024-03-04T14:08:13.5184770-05:00" endTime="2024-03-04T14:08:22.3018853-05:00" testType="13cdc9d9-ddb5-4fa4-a97d-d965ccfc6d4b" outcome="Passed" testListId="8c84fa94-04c1-424b-9868-57a2d4851a1d" relativeResultsDirectory="3d61c852-2bdc-41aa-86d4-91570678f938" xmlns="http://microsoft.com/schemas/VisualStudio/TeamTest/2010">
      <Output>
        <StdOut>Eliassen.System.Linq.ConsoleLogger`1[Eliassen.System.Linq.Search.QueryBuilder]:Information:&gt;
	Build query for CurrentPage: 0
PageSize: 0
ExcludePageCount: False
SearchTerm: (null)
	F:index: EqualTo: !1

Eliassen.System.Linq.ConsoleLogger`1[Eliassen.System.Linq.Search.QueryBuilder]:Information:&gt;
	Execute (paged): System.Linq.Enumerable+SelectRangeIterator`1[Eliassen.System.Tests.Linq.TestTargets.TestTargetModel].Where(n =&gt; (n.Index != 1)).OrderBy(_ =&gt; 0).Skip(0).Take(10)



TestContext Messages:
SearchQuery-QueryableExtensionsTests_ExecuteByTestFilter(142)-638451580937337754.json: Attached
EnumerableQuery_1-QueryableExtensionsTests_ExecuteByTestFilter(144)-638451580937377238.json: Attached
PagedQueryResult_1-QueryableExtensionsTests_ExecuteByTestFilter(146)-638451580937626563.json: Attached
resultKeys: 0,2,3,4,5,6,7,8,9,10</StdOut>
        <StdErr>Eliassen.System.Linq.ConsoleLogger`1[Eliassen.System.Linq.Expressions.ExpressionTreeBuilder`1[Eliassen.System.Tests.Linq.TestTargets.TestTargetModel]]:Warning:&gt;
	1 parsed to 1 (System.Int32)
Eliassen.System.Linq.ConsoleLogger`1[Eliassen.System.Linq.Search.SortBuilder`1[Eliassen.System.Tests.Linq.TestTargets.TestTargetModel]]:Warning:&gt;
	Force sort by 0 applied for Eliassen.System.Tests.Linq.TestTargets.TestTargetModel</StdErr>
      </Output>
      <ResultFiles>
        <ResultFile path="DESKTOP-3FN5V33\EnumerableQuery_1-QueryableExtensionsTests_ExecuteByTestFilter(144)-638451580937377238.json" />
        <ResultFile path="DESKTOP-3FN5V33\PagedQueryResult_1-QueryableExtensionsTests_ExecuteByTestFilter(146)-638451580937626563.json" />
        <ResultFile path="DESKTOP-3FN5V33\SearchQuery-QueryableExtensionsTests_ExecuteByTestFilter(142)-638451580937337754.json" />
      </ResultFiles>
    </UnitTestResult>
    <UnitTestResult executionId="3d8c1e02-e208-415d-a62c-203048bebdcc" testId="7fd160bc-3b5b-e6e2-40ae-1974536260f2" testName="TryParseTest (System.Nullable`1[System.Double],1,True,1)" computerName="DESKTOP-3FN5V33" duration="00:00:00.0000111" startTime="2024-03-04T14:08:13.4012744-05:00" endTime="2024-03-04T14:08:13.4054238-05:00" testType="13cdc9d9-ddb5-4fa4-a97d-d965ccfc6d4b" outcome="Passed" testListId="8c84fa94-04c1-424b-9868-57a2d4851a1d" relativeResultsDirectory="3d8c1e02-e208-415d-a62c-203048bebdcc" xmlns="http://microsoft.com/schemas/VisualStudio/TeamTest/2010" />
    <UnitTestResult executionId="2f6ef19e-994d-4748-a558-700ecbca9bd8" testId="7cdd2ae3-f105-0db6-4f1d-4db0ed6728a3" testName="DefaultPageSizeTest" computerName="DESKTOP-3FN5V33" duration="00:00:00.0007313" startTime="2024-03-04T14:08:13.5144833-05:00" endTime="2024-03-04T14:08:13.5162460-05:00" testType="13cdc9d9-ddb5-4fa4-a97d-d965ccfc6d4b" outcome="Passed" testListId="8c84fa94-04c1-424b-9868-57a2d4851a1d" relativeResultsDirectory="2f6ef19e-994d-4748-a558-700ecbca9bd8" xmlns="http://microsoft.com/schemas/VisualStudio/TeamTest/2010" />
    <UnitTestResult executionId="6142a9f9-25cd-43b1-a932-432c475cf706" testId="b6498f29-1231-5fcf-4954-1746daa0500d" testName="ExecuteByTest_Filter (Eliassen.System.Tests.Linq.TestTargets.TestTargetExtendedModel,May,EqualTo,,10,0,3,6,9,12,15,18,21,24,27)" computerName="DESKTOP-3FN5V33" duration="00:00:00.4774839" startTime="2024-03-04T14:08:13.5184770-05:00" endTime="2024-03-04T14:08:22.3018853-05:00" testType="13cdc9d9-ddb5-4fa4-a97d-d965ccfc6d4b" outcome="Passed" testListId="8c84fa94-04c1-424b-9868-57a2d4851a1d" relativeResultsDirectory="6142a9f9-25cd-43b1-a932-432c475cf706" xmlns="http://microsoft.com/schemas/VisualStudio/TeamTest/2010">
      <Output>
        <StdOut>Eliassen.System.Linq.ConsoleLogger`1[Eliassen.System.Linq.Search.QueryBuilder]:Information:&gt;
	Build query for CurrentPage: 0
PageSize: 0
ExcludePageCount: False
SearchTerm: (null)
	F:May: EqualTo:

Eliassen.System.Linq.ConsoleLogger`1[Eliassen.System.Linq.Search.SortBuilder`1[Eliassen.System.Tests.Linq.TestTargets.TestTargetExtendedModel]]:Information:&gt;
	Applying default sort for Eliassen.System.Tests.Linq.TestTargets.TestTargetExtendedModel: (Index, Ascending)
Eliassen.System.Linq.ConsoleLogger`1[Eliassen.System.Linq.Search.QueryBuilder]:Information:&gt;
	Execute (paged): System.Linq.Enumerable+SelectRangeIterator`1[Eliassen.System.Tests.Linq.TestTargets.TestTargetExtendedModel].Where(n =&gt; (n.May == "")).OrderBy(n =&gt; Convert(n.Index, Object)).Skip(0).Take(10)



TestContext Messages:
SearchQuery-QueryableExtensionsTests_ExecuteByTestFilter(142)-638451580995035448.json: Attached
EnumerableQuery_1-QueryableExtensionsTests_ExecuteByTestFilter(144)-638451580995110542.json: Attached
PagedQueryResult_1-QueryableExtensionsTests_ExecuteByTestFilter(146)-638451580999698378.json: Attached
resultKeys: 0,3,6,9,12,15,18,21,24,27</StdOut>
      </Output>
      <ResultFiles>
        <ResultFile path="DESKTOP-3FN5V33\EnumerableQuery_1-QueryableExtensionsTests_ExecuteByTestFilter(144)-638451580995110542.json" />
        <ResultFile path="DESKTOP-3FN5V33\PagedQueryResult_1-QueryableExtensionsTests_ExecuteByTestFilter(146)-638451580999698378.json" />
        <ResultFile path="DESKTOP-3FN5V33\SearchQuery-QueryableExtensionsTests_ExecuteByTestFilter(142)-638451580995035448.json" />
      </ResultFiles>
    </UnitTestResult>
    <UnitTestResult executionId="0c38a82c-3538-4f74-815a-66a6c860fec1" testId="b6498f29-1231-5fcf-4954-1746daa0500d" testName="ExecuteByTest_Filter (Eliassen.System.Tests.Linq.TestTargets.TestTargetModel,Name,EqualTo,*03,9,103,203,303,403,503,603,703,803,903)" computerName="DESKTOP-3FN5V33" duration="00:00:00.0334412" startTime="2024-03-04T14:08:13.5184770-05:00" endTime="2024-03-04T14:08:22.3018853-05:00" testType="13cdc9d9-ddb5-4fa4-a97d-d965ccfc6d4b" outcome="Passed" testListId="8c84fa94-04c1-424b-9868-57a2d4851a1d" relativeResultsDirectory="0c38a82c-3538-4f74-815a-66a6c860fec1" xmlns="http://microsoft.com/schemas/VisualStudio/TeamTest/2010">
      <Output>
        <StdOut>Eliassen.System.Linq.ConsoleLogger`1[Eliassen.System.Linq.Search.QueryBuilder]:Information:&gt;
	Build query for CurrentPage: 0
PageSize: 0
ExcludePageCount: False
SearchTerm: (null)
	F:Name: EqualTo: *03

Eliassen.System.Linq.ConsoleLogger`1[Eliassen.System.Linq.Search.QueryBuilder]:Information:&gt;
	Execute (paged): System.Linq.Enumerable+SelectRangeIterator`1[Eliassen.System.Tests.Linq.TestTargets.TestTargetModel].Where(n =&gt; n.Name.EndsWith("03")).OrderBy(_ =&gt; 0).Skip(0).Take(10)



TestContext Messages:
SearchQuery-QueryableExtensionsTests_ExecuteByTestFilter(142)-638451580942872262.json: Attached
EnumerableQuery_1-QueryableExtensionsTests_ExecuteByTestFilter(144)-638451580942917168.json: Attached
PagedQueryResult_1-QueryableExtensionsTests_ExecuteByTestFilter(146)-638451580943111482.json: Attached
resultKeys: 103,203,303,403,503,603,703,803,903</StdOut>
        <StdErr>Eliassen.System.Linq.ConsoleLogger`1[Eliassen.System.Linq.Search.SortBuilder`1[Eliassen.System.Tests.Linq.TestTargets.TestTargetModel]]:Warning:&gt;
	Force sort by 0 applied for Eliassen.System.Tests.Linq.TestTargets.TestTargetModel</StdErr>
      </Output>
      <ResultFiles>
        <ResultFile path="DESKTOP-3FN5V33\EnumerableQuery_1-QueryableExtensionsTests_ExecuteByTestFilter(144)-638451580942917168.json" />
        <ResultFile path="DESKTOP-3FN5V33\PagedQueryResult_1-QueryableExtensionsTests_ExecuteByTestFilter(146)-638451580943111482.json" />
        <ResultFile path="DESKTOP-3FN5V33\SearchQuery-QueryableExtensionsTests_ExecuteByTestFilter(142)-638451580942872262.json" />
      </ResultFiles>
    </UnitTestResult>
    <UnitTestResult executionId="072f66f9-fe40-4877-9479-f614cf8920e3" testId="78dc4ca6-14d8-0c1a-ad29-6d2f53293760" testName="VisitTest_Equals (Hello,hello,False)" computerName="DESKTOP-3FN5V33" duration="00:00:00.0047244" startTime="2024-03-04T14:08:25.8608386-05:00" endTime="2024-03-04T14:08:25.8660903-05:00" testType="13cdc9d9-ddb5-4fa4-a97d-d965ccfc6d4b" outcome="Passed" testListId="8c84fa94-04c1-424b-9868-57a2d4851a1d" relativeResultsDirectory="072f66f9-fe40-4877-9479-f614cf8920e3" xmlns="http://microsoft.com/schemas/VisualStudio/TeamTest/2010">
      <Output>
        <StdOut>TestContext Messages:
expression: e =&gt; e.Equals(value(Eliassen.System.Tests.Linq.Expressions.SkipInstanceMethodOnNullExpressionVisitorTests+&lt;&gt;c__DisplayClass4_0).matched)
visited: e =&gt; ((e != null) AndAlso e.Equals(value(Eliassen.System.Tests.Linq.Expressions.SkipInstanceMethodOnNullExpressionVisitorTests+&lt;&gt;c__DisplayClass4_0).matched))
result: False</StdOut>
      </Output>
    </UnitTestResult>
    <UnitTestResult executionId="2761257e-5ede-4d63-926b-7f06b033cb4e" testId="e350703c-47df-56f0-b995-a52c38b53eca" testName="MakeSafeTest (System.Byte[],QUJD,System.Byte[])" computerName="DESKTOP-3FN5V33" duration="00:00:00.0031320" startTime="2024-03-04T14:08:13.1932338-05:00" endTime="2024-03-04T14:08:13.3817848-05:00" testType="13cdc9d9-ddb5-4fa4-a97d-d965ccfc6d4b" outcome="Passed" testListId="8c84fa94-04c1-424b-9868-57a2d4851a1d" relativeResultsDirectory="2761257e-5ede-4d63-926b-7f06b033cb4e" xmlns="http://microsoft.com/schemas/VisualStudio/TeamTest/2010" />
    <UnitTestResult executionId="fb84531a-5777-4ffa-a3d3-f4a34b500856" testId="7fd160bc-3b5b-e6e2-40ae-1974536260f2" testName="TryParseTest (System.Nullable`1[System.Guid],18AACB9C-2989-4322-A490-C7167BEA0DB4,True,18aacb9c-2989-4322-a490-c7167bea0db4)" computerName="DESKTOP-3FN5V33" duration="00:00:00.0004674" startTime="2024-03-04T14:08:13.4012744-05:00" endTime="2024-03-04T14:08:13.4054238-05:00" testType="13cdc9d9-ddb5-4fa4-a97d-d965ccfc6d4b" outcome="Passed" testListId="8c84fa94-04c1-424b-9868-57a2d4851a1d" relativeResultsDirectory="fb84531a-5777-4ffa-a3d3-f4a34b500856" xmlns="http://microsoft.com/schemas/VisualStudio/TeamTest/2010" />
    <UnitTestResult executionId="835c96c3-6fce-4f45-aae8-ae9e0d6289c0" testId="312eaabc-9879-8ba5-fb15-63928cd6660e" testName="DeserializeTest ({&quot;_id&quot;:{&quot;$oid&quot;:&quot;Hello World&quot;}},Hello World)" computerName="DESKTOP-3FN5V33" duration="00:00:00.0168249" startTime="2024-03-04T14:08:12.8292388-05:00" endTime="2024-03-04T14:08:12.8465049-05:00" testType="13cdc9d9-ddb5-4fa4-a97d-d965ccfc6d4b" outcome="Passed" testListId="8c84fa94-04c1-424b-9868-57a2d4851a1d" relativeResultsDirectory="835c96c3-6fce-4f45-aae8-ae9e0d6289c0" xmlns="http://microsoft.com/schemas/VisualStudio/TeamTest/2010">
      <Output>
        <StdOut>TestContext Messages:
input-BsonIdConverterTests_DeserializeTest(39)-638451580928301276.json: Attached
result-BsonIdConverterTests_DeserializeTest(41)-638451580928418520.json: Attached</StdOut>
      </Output>
      <ResultFiles>
        <ResultFile path="DESKTOP-3FN5V33\input-BsonIdConverterTests_DeserializeTest(39)-638451580928301276.json" />
        <ResultFile path="DESKTOP-3FN5V33\result-BsonIdConverterTests_DeserializeTest(41)-638451580928418520.json" />
      </ResultFiles>
    </UnitTestResult>
    <UnitTestResult executionId="2085c6fa-21b9-4f73-aa87-836e219be4a3" testId="b6498f29-1231-5fcf-4954-1746daa0500d" testName="ExecuteByTest_Filter (Eliassen.System.Tests.Linq.TestTargets.TestTargetModel,Name,EqualTo,Name1*,10,1,10,11,12,13,14,15,16,17,18)" computerName="DESKTOP-3FN5V33" duration="00:00:00.0315478" startTime="2024-03-04T14:08:13.5184770-05:00" endTime="2024-03-04T14:08:22.3018853-05:00" testType="13cdc9d9-ddb5-4fa4-a97d-d965ccfc6d4b" outcome="Passed" testListId="8c84fa94-04c1-424b-9868-57a2d4851a1d" relativeResultsDirectory="2085c6fa-21b9-4f73-aa87-836e219be4a3" xmlns="http://microsoft.com/schemas/VisualStudio/TeamTest/2010">
      <Output>
        <StdOut>Eliassen.System.Linq.ConsoleLogger`1[Eliassen.System.Linq.Search.QueryBuilder]:Information:&gt;
	Build query for CurrentPage: 0
PageSize: 0
ExcludePageCount: False
SearchTerm: (null)
	F:Name: EqualTo: Name1*

Eliassen.System.Linq.ConsoleLogger`1[Eliassen.System.Linq.Search.QueryBuilder]:Information:&gt;
	Execute (paged): System.Linq.Enumerable+SelectRangeIterator`1[Eliassen.System.Tests.Linq.TestTargets.TestTargetModel].Where(n =&gt; n.Name.StartsWith("Name1")).OrderBy(_ =&gt; 0).Skip(0).Take(10)



TestContext Messages:
SearchQuery-QueryableExtensionsTests_ExecuteByTestFilter(142)-638451580943500852.json: Attached
EnumerableQuery_1-QueryableExtensionsTests_ExecuteByTestFilter(144)-638451580943553027.json: Attached
PagedQueryResult_1-QueryableExtensionsTests_ExecuteByTestFilter(146)-638451580943725700.json: Attached
resultKeys: 1,10,11,12,13,14,15,16,17,18</StdOut>
        <StdErr>Eliassen.System.Linq.ConsoleLogger`1[Eliassen.System.Linq.Search.SortBuilder`1[Eliassen.System.Tests.Linq.TestTargets.TestTargetModel]]:Warning:&gt;
	Force sort by 0 applied for Eliassen.System.Tests.Linq.TestTargets.TestTargetModel</StdErr>
      </Output>
      <ResultFiles>
        <ResultFile path="DESKTOP-3FN5V33\EnumerableQuery_1-QueryableExtensionsTests_ExecuteByTestFilter(144)-638451580943553027.json" />
        <ResultFile path="DESKTOP-3FN5V33\PagedQueryResult_1-QueryableExtensionsTests_ExecuteByTestFilter(146)-638451580943725700.json" />
        <ResultFile path="DESKTOP-3FN5V33\SearchQuery-QueryableExtensionsTests_ExecuteByTestFilter(142)-638451580943500852.json" />
      </ResultFiles>
    </UnitTestResult>
    <UnitTestResult executionId="e9314519-0765-4d7e-823b-22be17b33dea" testId="e350703c-47df-56f0-b995-a52c38b53eca" testName="MakeSafeTest (System.Guid,18AACB9C-2989-4322-A490-C7167BEA0DB4,18aacb9c-2989-4322-a490-c7167bea0db4)" computerName="DESKTOP-3FN5V33" duration="00:00:00.0001419" startTime="2024-03-04T14:08:13.1932338-05:00" endTime="2024-03-04T14:08:13.3817848-05:00" testType="13cdc9d9-ddb5-4fa4-a97d-d965ccfc6d4b" outcome="Passed" testListId="8c84fa94-04c1-424b-9868-57a2d4851a1d" relativeResultsDirectory="e9314519-0765-4d7e-823b-22be17b33dea" xmlns="http://microsoft.com/schemas/VisualStudio/TeamTest/2010" />
    <UnitTestResult executionId="d680a5a8-9051-441d-a137-27463e3890cf" testId="2bfed98c-f04b-a9c6-9b30-1a4a12b04bd4" testName="VisitTest_EqualOperator (Hello,HeLlO,True)" computerName="DESKTOP-3FN5V33" duration="00:00:00.0022461" startTime="2024-03-04T14:08:25.9239673-05:00" endTime="2024-03-04T14:08:25.9266396-05:00" testType="13cdc9d9-ddb5-4fa4-a97d-d965ccfc6d4b" outcome="Passed" testListId="8c84fa94-04c1-424b-9868-57a2d4851a1d" relativeResultsDirectory="d680a5a8-9051-441d-a137-27463e3890cf" xmlns="http://microsoft.com/schemas/VisualStudio/TeamTest/2010">
      <Output>
        <StdOut>TestContext Messages:
expression: e =&gt; (e == value(Eliassen.System.Tests.Linq.Expressions.StringComparisonReplacementExpressionVisitorTests+&lt;&gt;c__DisplayClass4_0).matched)
visited: e =&gt; e.Equals(value(Eliassen.System.Tests.Linq.Expressions.StringComparisonReplacementExpressionVisitorTests+&lt;&gt;c__DisplayClass4_0).matched, CurrentCultureIgnoreCase)</StdOut>
      </Output>
    </UnitTestResult>
    <UnitTestResult executionId="6cb81103-bca8-4f9d-8dc4-067b0f417ff3" testId="e350703c-47df-56f0-b995-a52c38b53eca" testName="MakeSafeTest (System.Nullable`1[System.AttributeTargets],nope,)" computerName="DESKTOP-3FN5V33" duration="00:00:00.0001779" startTime="2024-03-04T14:08:13.1932338-05:00" endTime="2024-03-04T14:08:13.3817848-05:00" testType="13cdc9d9-ddb5-4fa4-a97d-d965ccfc6d4b" outcome="Passed" testListId="8c84fa94-04c1-424b-9868-57a2d4851a1d" relativeResultsDirectory="6cb81103-bca8-4f9d-8dc4-067b0f417ff3" xmlns="http://microsoft.com/schemas/VisualStudio/TeamTest/2010" />
    <UnitTestResult executionId="7be6e537-c259-4eb5-9d14-9414ccc6ae43" testId="e350703c-47df-56f0-b995-a52c38b53eca" testName="MakeSafeTest (System.DateTimeOffset,3/16/2022 12:00:00 AM +05:00,3/16/2022 12:00:00 AM +05:00)" computerName="DESKTOP-3FN5V33" duration="00:00:00.0000710" startTime="2024-03-04T14:08:13.1932338-05:00" endTime="2024-03-04T14:08:13.3817848-05:00" testType="13cdc9d9-ddb5-4fa4-a97d-d965ccfc6d4b" outcome="Passed" testListId="8c84fa94-04c1-424b-9868-57a2d4851a1d" relativeResultsDirectory="7be6e537-c259-4eb5-9d14-9414ccc6ae43" xmlns="http://microsoft.com/schemas/VisualStudio/TeamTest/2010" />
    <UnitTestResult executionId="bfaa9706-4bc8-4b9d-ad3f-3899c38256eb" testId="7fd160bc-3b5b-e6e2-40ae-1974536260f2" testName="TryParseTest (System.Guid,nope,False,)" computerName="DESKTOP-3FN5V33" duration="00:00:00.0001550" startTime="2024-03-04T14:08:13.4012744-05:00" endTime="2024-03-04T14:08:13.4054238-05:00" testType="13cdc9d9-ddb5-4fa4-a97d-d965ccfc6d4b" outcome="Passed" testListId="8c84fa94-04c1-424b-9868-57a2d4851a1d" relativeResultsDirectory="bfaa9706-4bc8-4b9d-ad3f-3899c38256eb" xmlns="http://microsoft.com/schemas/VisualStudio/TeamTest/2010" />
    <UnitTestResult executionId="b45458ac-fd02-4361-b449-b43701df8596" testId="67b6a854-1fe4-5528-77d6-501bd90b9a20" testName="GetShortTypeNameTests (Eliassen.System.Tests.Reflection.ReflectionExtensionsTests,Eliassen.System.Tests.Reflection.ReflectionExtensionsTests, Eliassen.System.Tests)" computerName="DESKTOP-3FN5V33" duration="00:00:00.0002898" startTime="2024-03-04T14:08:13.4125881-05:00" endTime="2024-03-04T14:08:13.4139363-05:00" testType="13cdc9d9-ddb5-4fa4-a97d-d965ccfc6d4b" outcome="Passed" testListId="8c84fa94-04c1-424b-9868-57a2d4851a1d" relativeResultsDirectory="b45458ac-fd02-4361-b449-b43701df8596" xmlns="http://microsoft.com/schemas/VisualStudio/TeamTest/2010" />
    <UnitTestResult executionId="ac5d3d8f-e43b-44c8-a0d5-3952143cafdb" testId="e5454c02-b359-b78c-7c37-b5f0f590b608" testName="SendAsyncTest_Error" computerName="DESKTOP-3FN5V33" duration="00:00:00.0243095" startTime="2024-03-04T14:08:13.5994097-05:00" endTime="2024-03-04T14:08:13.6244863-05:00" testType="13cdc9d9-ddb5-4fa4-a97d-d965ccfc6d4b" outcome="Passed" testListId="8c84fa94-04c1-424b-9868-57a2d4851a1d" relativeResultsDirectory="ac5d3d8f-e43b-44c8-a0d5-3952143cafdb" xmlns="http://microsoft.com/schemas/VisualStudio/TeamTest/2010">
      <Output>
        <StdOut>info: Eliassen.MessageQueueing.Tests.MessageSenderTests[0]
      Sent: [(null) -&gt; af0d36be-1126-4421-8cf1-3807555ca138] =&gt; ((null))
info: Eliassen.MessageQueueing.Tests.MessageSenderTests[0]
      Sending: "{ hello = world }" [(null) -&gt; be174720-d78d-416a-a687-3ac2d38ee6ae] to "Eliassen.MessageQueueing.Tests.MessageSenderTests" from "System.Runtime.CompilerServices.AsyncMethodBuilderCore::Void Start[TStateMachine](TStateMachine ByRef)"



TestContext Messages:
Configuration-MessageSenderTests_GetServiceProvider(107)-638451580936014048.txt: Attached</StdOut>
      </Output>
      <ResultFiles>
        <ResultFile path="DESKTOP-3FN5V33\Configuration-MessageSenderTests_GetServiceProvider(107)-638451580936014048.txt" />
      </ResultFiles>
    </UnitTestResult>
    <UnitTestResult executionId="5e1f6bb6-b764-44ce-9a98-55acfdcfd843" testId="b64dc215-d1b4-1f14-fa25-4d622e2e9f2e" testName="SendAsyncTest_ByFullType" computerName="DESKTOP-3FN5V33" duration="00:00:01.5064012" startTime="2024-03-04T14:08:12.0254268-05:00" endTime="2024-03-04T14:08:13.5778388-05:00" testType="13cdc9d9-ddb5-4fa4-a97d-d965ccfc6d4b" outcome="Passed" testListId="8c84fa94-04c1-424b-9868-57a2d4851a1d" relativeResultsDirectory="5e1f6bb6-b764-44ce-9a98-55acfdcfd843" xmlns="http://microsoft.com/schemas/VisualStudio/TeamTest/2010">
      <Output>
        <StdOut>info: Eliassen.MessageQueueing.Tests.MessageSenderTests[0]
      Sending: "{ hello = world }" [(null) -&gt; af0d36be-1126-4421-8cf1-3807555ca138] to "Eliassen.MessageQueueing.Tests.MessageSenderTests" from "System.Runtime.CompilerServices.AsyncMethodBuilderCore::Void Start[TStateMachine](TStateMachine ByRef)"
info: Eliassen.MessageQueueing.Tests.TestItems.TestMessageSenderProvider[0]
      SendAsync({ hello = world }, Eliassen.MessageQueueing.Services.MessageContext)



TestContext Messages:
Configuration-MessageSenderTests_GetServiceProvider(107)-638451580929335330.txt: Attached
message-TestMessageSenderProvider_SendAsync(22)-638451580934749560.json: Attached
context-TestMessageSenderProvider_SendAsync(23)-638451580935275644.json: Attached
correlationId: af0d36be-1126-4421-8cf1-3807555ca138</StdOut>
      </Output>
      <ResultFiles>
        <ResultFile path="DESKTOP-3FN5V33\Configuration-MessageSenderTests_GetServiceProvider(107)-638451580929335330.txt" />
        <ResultFile path="DESKTOP-3FN5V33\context-TestMessageSenderProvider_SendAsync(23)-638451580935275644.json" />
        <ResultFile path="DESKTOP-3FN5V33\message-TestMessageSenderProvider_SendAsync(22)-638451580934749560.json" />
      </ResultFiles>
    </UnitTestResult>
    <UnitTestResult executionId="e31ee103-ce1d-4993-9abc-f9be115d0119" testId="dbc55b57-382b-82eb-3acf-abef72ee15cc" testName="SendAsyncTest_ByKeyed" computerName="DESKTOP-3FN5V33" duration="00:00:00.0492646" startTime="2024-03-04T14:08:13.6277362-05:00" endTime="2024-03-04T14:08:13.6790450-05:00" testType="13cdc9d9-ddb5-4fa4-a97d-d965ccfc6d4b" outcome="Passed" testListId="8c84fa94-04c1-424b-9868-57a2d4851a1d" relativeResultsDirectory="e31ee103-ce1d-4993-9abc-f9be115d0119" xmlns="http://microsoft.com/schemas/VisualStudio/TeamTest/2010">
      <Output>
        <StdOut>fail: Eliassen.MessageQueueing.Tests.MessageSenderTests[0]
      Error: "Error in the application." [(null) -&gt; be174720-d78d-416a-a687-3ac2d38ee6ae]
dbug: Eliassen.MessageQueueing.Tests.MessageSenderTests[0]
      Exception: System.ApplicationException: Error in the application.
         at Eliassen.MessageQueueing.MessageSender`1.SendAsync(Object message, String correlationId) in c:\Repos\Nucleus\Net.Libs\Framework\Eliassen.MessageQueueing\MessageSender.cs:line 79
       [(null) -&gt; be174720-d78d-416a-a687-3ac2d38ee6ae]
info: Eliassen.MessageQueueing.Tests.MessageSenderTests[0]
      Sending: "{ hello = world }" [(null) -&gt; 1b54e3cd-0362-4cd1-b3c1-7257e7b8a656] to "Eliassen.MessageQueueing.Tests.MessageSenderTests" from "System.Runtime.CompilerServices.AsyncMethodBuilderCore::Void Start[TStateMachine](TStateMachine ByRef)"
info: Eliassen.MessageQueueing.Tests.TestItems.TestMessageSenderProvider[0]
      SendAsync({ hello = world }, Eliassen.MessageQueueing.Services.MessageContext)
info


TestContext Messages:
Configuration-MessageSenderTests_GetServiceProvider(107)-638451580936292397.txt: Attached
message-TestMessageSenderProvider_SendAsync(22)-638451580936481124.json: Attached
context-TestMessageSenderProvider_SendAsync(23)-638451580936524378.json: Attached
correlationId: 1b54e3cd-0362-4cd1-b3c1-7257e7b8a656</StdOut>
      </Output>
      <ResultFiles>
        <ResultFile path="DESKTOP-3FN5V33\Configuration-MessageSenderTests_GetServiceProvider(107)-638451580936292397.txt" />
        <ResultFile path="DESKTOP-3FN5V33\context-TestMessageSenderProvider_SendAsync(23)-638451580936524378.json" />
        <ResultFile path="DESKTOP-3FN5V33\message-TestMessageSenderProvider_SendAsync(22)-638451580936481124.json" />
      </ResultFiles>
    </UnitTestResult>
    <UnitTestResult executionId="5c8a424d-f078-4d2a-897e-87fdf20ef395" testId="9cc76b0a-54e4-6db5-8e6e-e9b3031a5177" testName="ToEnumTest (Val2,Val1,Val1, Val2)" computerName="DESKTOP-3FN5V33" duration="00:00:00.0000237" startTime="2024-02-02T15:34:51.6164747-05:00" endTime="2024-02-02T15:34:51.6167911-05:00" testType="13cdc9d9-ddb5-4fa4-a97d-d965ccfc6d4b" outcome="Passed" testListId="8c84fa94-04c1-424b-9868-57a2d4851a1d" relativeResultsDirectory="5c8a424d-f078-4d2a-897e-87fdf20ef395" xmlns="http://microsoft.com/schemas/VisualStudio/TeamTest/2010" />
    <UnitTestResult executionId="c033bc41-f5b4-4af5-8ba5-56a9bdabe456" testId="6041da2b-c228-939a-bbba-7244461baf87" testName="ToEnumTest (Val2,Val2)" computerName="DESKTOP-3FN5V33" duration="00:00:00.0000396" startTime="2024-02-02T15:34:51.6127852-05:00" endTime="2024-02-02T15:34:51.6132969-05:00" testType="13cdc9d9-ddb5-4fa4-a97d-d965ccfc6d4b" outcome="Passed" testListId="8c84fa94-04c1-424b-9868-57a2d4851a1d" relativeResultsDirectory="c033bc41-f5b4-4af5-8ba5-56a9bdabe456" xmlns="http://microsoft.com/schemas/VisualStudio/TeamTest/2010" />
    <UnitTestResult executionId="46e69cd4-2cfa-47df-8c8d-fb1521558c03" testId="d0f7d162-791b-fa11-b46e-9023e39c56de" testName="ToEnumTest (Val2 ,Val1,Val1, Val2)" computerName="DESKTOP-3FN5V33" duration="00:00:00.0000375" startTime="2024-02-02T15:34:51.7204380-05:00" endTime="2024-02-02T15:34:51.7210047-05:00" testType="13cdc9d9-ddb5-4fa4-a97d-d965ccfc6d4b" outcome="Passed" testListId="8c84fa94-04c1-424b-9868-57a2d4851a1d" relativeResultsDirectory="46e69cd4-2cfa-47df-8c8d-fb1521558c03" xmlns="http://microsoft.com/schemas/VisualStudio/TeamTest/2010" />
    <UnitTestResult executionId="b1241c48-65d3-45c9-8342-977c12de1271" testId="9862cae4-1407-7ed0-bae3-15ce80d3ebe3" testName="ToEnumTest (name,name2|test name,WithEnumValue, WithMemberName, WithDisplay)" computerName="DESKTOP-3FN5V33" duration="00:00:00.0021290" startTime="2024-02-02T15:34:52.0141087-05:00" endTime="2024-02-02T15:34:52.0180377-05:00" testType="13cdc9d9-ddb5-4fa4-a97d-d965ccfc6d4b" outcome="Passed" testListId="8c84fa94-04c1-424b-9868-57a2d4851a1d" relativeResultsDirectory="b1241c48-65d3-45c9-8342-977c12de1271" xmlns="http://microsoft.com/schemas/VisualStudio/TeamTest/2010" />
    <UnitTestResult executionId="d5e9c771-20e0-4f68-8ffb-8e35b8d04ff5" testId="0869d7e5-a00d-1b7f-c0b6-2fc4794714aa" testName="ToEnumTest (test name,WithDisplay)" computerName="DESKTOP-3FN5V33" duration="00:00:00.0003003" startTime="2024-02-02T15:34:51.9864375-05:00" endTime="2024-02-02T15:34:51.9873492-05:00" testType="13cdc9d9-ddb5-4fa4-a97d-d965ccfc6d4b" outcome="Passed" testListId="8c84fa94-04c1-424b-9868-57a2d4851a1d" relativeResultsDirectory="d5e9c771-20e0-4f68-8ffb-8e35b8d04ff5" xmlns="http://microsoft.com/schemas/VisualStudio/TeamTest/2010" />
    <UnitTestResult executionId="57b12dad-8d51-40bf-83bc-a7bb119e02b6" testId="74cd64d7-aec6-6cf9-0592-bb16439c0c43" testName="ExecuteByTest_Sort (Name,Ascending,0,1,10,100,101,102,103,104,105,106)" computerName="DESKTOP-3FN5V33" duration="00:00:00.1078768" startTime="2024-02-02T15:35:22.4428833-05:00" endTime="2024-02-02T15:35:22.5512097-05:00" testType="13cdc9d9-ddb5-4fa4-a97d-d965ccfc6d4b" outcome="Passed" testListId="8c84fa94-04c1-424b-9868-57a2d4851a1d" relativeResultsDirectory="57b12dad-8d51-40bf-83bc-a7bb119e02b6" xmlns="http://microsoft.com/schemas/VisualStudio/TeamTest/2010">
      <Output>
        <StdOut>Eliassen.System.Linq.ConsoleLogger`1[Eliassen.System.Linq.Search.QueryBuilder]:Information:&gt;
	Build query for CurrentPage: 0
PageSize: 0
ExcludePageCount: False
SearchTerm: (null)
	S:Name: Ascending

Eliassen.System.Linq.ConsoleLogger`1[Eliassen.System.Linq.Search.QueryBuilder]:Information:&gt;
	Execute (paged): System.Linq.Enumerable+SelectRangeIterator`1[Eliassen.System.Tests.Linq.TestTargets.TestTargetModel].OrderBy(n =&gt; n.Name).Skip(0).Take(10)



TestContext Messages:
SearchQuery-QueryableExtensionsTests_ExecuteByTest_Sort(340)-638424849224432650.json: Attached
PagedQueryResult_1-QueryableExtensionsTests_ExecuteByTest_Sort(342)-638424849224901019.json: Attached</StdOut>
        <StdErr>Eliassen.System.Linq.ConsoleLogger`1[Eliassen.System.Linq.Search.QueryBuilder]:Warning:&gt;
	No filtering detected: System.Linq.Enumerable+SelectRangeIterator`1[Eliassen.System.Tests.Linq.TestTargets.TestTargetModel]: CurrentPage: 0
PageSize: 0
ExcludePageCount: False
SearchTerm: (null)
	S:Name: Ascending</StdErr>
      </Output>
      <ResultFiles>
        <ResultFile path="DESKTOP-3FN5V33\PagedQueryResult_1-QueryableExtensionsTests_ExecuteByTest_Sort(342)-638424849224901019.json" />
        <ResultFile path="DESKTOP-3FN5V33\SearchQuery-QueryableExtensionsTests_ExecuteByTest_Sort(340)-638424849224432650.json" />
      </ResultFiles>
    </UnitTestResult>
    <UnitTestResult executionId="b65e2c43-3ca5-4c39-b973-4695ca893079" testId="87d5b51b-028d-45c3-7d26-6a41bcd444ea" testName="ToEnumTest (name2,WithMemberName)" computerName="DESKTOP-3FN5V33" duration="00:00:00.0003514" startTime="2024-02-02T15:34:51.9066404-05:00" endTime="2024-02-02T15:34:51.9074679-05:00" testType="13cdc9d9-ddb5-4fa4-a97d-d965ccfc6d4b" outcome="Passed" testListId="8c84fa94-04c1-424b-9868-57a2d4851a1d" relativeResultsDirectory="b65e2c43-3ca5-4c39-b973-4695ca893079" xmlns="http://microsoft.com/schemas/VisualStudio/TeamTest/2010" />
    <UnitTestResult executionId="05aed5e2-53e1-4b06-b807-83124251eca9" testId="275ab5c5-4273-80c8-9a95-a83251765068" testName="ToEnumTest (-1,-1)" computerName="DESKTOP-3FN5V33" duration="00:00:00.0000596" startTime="2024-02-02T15:34:51.7334199-05:00" endTime="2024-02-02T15:34:51.7363264-05:00" testType="13cdc9d9-ddb5-4fa4-a97d-d965ccfc6d4b" outcome="Passed" testListId="8c84fa94-04c1-424b-9868-57a2d4851a1d" relativeResultsDirectory="05aed5e2-53e1-4b06-b807-83124251eca9" xmlns="http://microsoft.com/schemas/VisualStudio/TeamTest/2010" />
    <UnitTestResult executionId="a2bc631b-0266-48ac-a1dc-bababfcec1b5" testId="a513cd61-1eb0-de0a-cf01-6c21c2aff82a" testName="ExecuteByTest_Sort (NAME,Descending,999,998,997,996,995,994,993,992,991,990)" computerName="DESKTOP-3FN5V33" duration="00:00:00.1452898" startTime="2024-02-02T15:35:22.2956262-05:00" endTime="2024-02-02T15:35:22.4417240-05:00" testType="13cdc9d9-ddb5-4fa4-a97d-d965ccfc6d4b" outcome="Passed" testListId="8c84fa94-04c1-424b-9868-57a2d4851a1d" relativeResultsDirectory="a2bc631b-0266-48ac-a1dc-bababfcec1b5" xmlns="http://microsoft.com/schemas/VisualStudio/TeamTest/2010">
      <Output>
        <StdOut>Eliassen.System.Linq.ConsoleLogger`1[Eliassen.System.Linq.Search.QueryBuilder]:Information:&gt;
	Build query for CurrentPage: 0
PageSize: 0
ExcludePageCount: False
SearchTerm: (null)
	S:NAME: Descending

Eliassen.System.Linq.ConsoleLogger`1[Eliassen.System.Linq.Search.QueryBuilder]:Information:&gt;
	Execute (paged): System.Linq.Enumerable+SelectRangeIterator`1[Eliassen.System.Tests.Linq.TestTargets.TestTargetModel].OrderByDescending(n =&gt; n.Name).Skip(0).Take(10)



TestContext Messages:
SearchQuery-QueryableExtensionsTests_ExecuteByTest_Sort(340)-638424849222963894.json: Attached
PagedQueryResult_1-QueryableExtensionsTests_ExecuteByTest_Sort(342)-638424849223861947.json: Attached</StdOut>
        <StdErr>Eliassen.System.Linq.ConsoleLogger`1[Eliassen.System.Linq.Search.QueryBuilder]:Warning:&gt;
	No filtering detected: System.Linq.Enumerable+SelectRangeIterator`1[Eliassen.System.Tests.Linq.TestTargets.TestTargetModel]: CurrentPage: 0
PageSize: 0
ExcludePageCount: False
SearchTerm: (null)
	S:NAME: Descending</StdErr>
      </Output>
      <ResultFiles>
        <ResultFile path="DESKTOP-3FN5V33\PagedQueryResult_1-QueryableExtensionsTests_ExecuteByTest_Sort(342)-638424849223861947.json" />
        <ResultFile path="DESKTOP-3FN5V33\SearchQuery-QueryableExtensionsTests_ExecuteByTest_Sort(340)-638424849222963894.json" />
      </ResultFiles>
    </UnitTestResult>
    <UnitTestResult executionId="4ba4c9d5-708e-436d-954b-1531affe85cb" testId="2439add4-2fe6-cd5d-bdd9-8c1aff534b44" testName="ToEnumTest (2,Val2)" computerName="DESKTOP-3FN5V33" duration="00:00:00.0000480" startTime="2024-02-02T15:34:51.7607712-05:00" endTime="2024-02-02T15:34:51.7663431-05:00" testType="13cdc9d9-ddb5-4fa4-a97d-d965ccfc6d4b" outcome="Passed" testListId="8c84fa94-04c1-424b-9868-57a2d4851a1d" relativeResultsDirectory="4ba4c9d5-708e-436d-954b-1531affe85cb" xmlns="http://microsoft.com/schemas/VisualStudio/TeamTest/2010" />
    <UnitTestResult executionId="7ad21074-be9d-4492-b212-d7298be0db33" testId="9a5f3a46-3f37-2d63-5027-0f4202c8dc0e" testName="ToEnumTest (4,WithEnumValue)" computerName="DESKTOP-3FN5V33" duration="00:00:00.0000392" startTime="2024-02-02T15:34:51.7768460-05:00" endTime="2024-02-02T15:34:51.7776145-05:00" testType="13cdc9d9-ddb5-4fa4-a97d-d965ccfc6d4b" outcome="Passed" testListId="8c84fa94-04c1-424b-9868-57a2d4851a1d" relativeResultsDirectory="7ad21074-be9d-4492-b212-d7298be0db33" xmlns="http://microsoft.com/schemas/VisualStudio/TeamTest/2010" />
    <UnitTestResult executionId="e71e6f20-1806-4b8e-a29e-973cf38a9226" testId="8bbd68f8-0cf5-45bf-e789-c618e185fe43" testName="ToEnumTest (Val2, Val1,Val1, Val2)" computerName="DESKTOP-3FN5V33" duration="00:00:00.0000286" startTime="2024-02-02T15:34:51.6147711-05:00" endTime="2024-02-02T15:34:51.6151127-05:00" testType="13cdc9d9-ddb5-4fa4-a97d-d965ccfc6d4b" outcome="Passed" testListId="8c84fa94-04c1-424b-9868-57a2d4851a1d" relativeResultsDirectory="e71e6f20-1806-4b8e-a29e-973cf38a9226" xmlns="http://microsoft.com/schemas/VisualStudio/TeamTest/2010" />
    <UnitTestResult executionId="a781e358-c5cb-42ae-beaf-23803dba69a5" testId="f9ed7d93-4b1d-1474-abad-3e4330251ef7" testName="ToEnumTest (name,WithEnumValue)" computerName="DESKTOP-3FN5V33" duration="00:00:00.0637894" startTime="2024-02-02T15:34:51.8163191-05:00" endTime="2024-02-02T15:34:51.8826304-05:00" testType="13cdc9d9-ddb5-4fa4-a97d-d965ccfc6d4b" outcome="Passed" testListId="8c84fa94-04c1-424b-9868-57a2d4851a1d" relativeResultsDirectory="a781e358-c5cb-42ae-beaf-23803dba69a5" xmlns="http://microsoft.com/schemas/VisualStudio/TeamTest/2010" />
    <UnitTestResult executionId="410ac944-bba7-4551-8c67-bebb49bd9bd7" testId="2d356224-cdcb-c454-d216-64498e902f7f" testName="ToEnumTest (Val1,Val1)" computerName="DESKTOP-3FN5V33" duration="00:00:00.0105186" startTime="2024-02-02T15:34:51.5943718-05:00" endTime="2024-02-02T15:34:51.6112361-05:00" testType="13cdc9d9-ddb5-4fa4-a97d-d965ccfc6d4b" outcome="Passed" testListId="8c84fa94-04c1-424b-9868-57a2d4851a1d" relativeResultsDirectory="410ac944-bba7-4551-8c67-bebb49bd9bd7" xmlns="http://microsoft.com/schemas/VisualStudio/TeamTest/2010" />
    <UnitTestResult executionId="e7aec34d-8575-4cef-8031-37e6a2016a7a" testId="b4966573-9fa2-c764-49f0-f57ac2a9eaa5" testName="ToEnumTest (Val2 , Val1,Val1, Val2)" computerName="DESKTOP-3FN5V33" duration="00:00:00.0000377" startTime="2024-02-02T15:34:51.7125513-05:00" endTime="2024-02-02T15:34:51.7130425-05:00" testType="13cdc9d9-ddb5-4fa4-a97d-d965ccfc6d4b" outcome="Passed" testListId="8c84fa94-04c1-424b-9868-57a2d4851a1d" relativeResultsDirectory="e7aec34d-8575-4cef-8031-37e6a2016a7a" xmlns="http://microsoft.com/schemas/VisualStudio/TeamTest/2010" />
    <UnitTestResult executionId="01fcdf55-be3c-4def-b9c5-9f973f0ae54f" testId="32233fbb-52fc-abca-066f-b8b95a161d0c" testName="ToEnumTest (1,Val1)" computerName="DESKTOP-3FN5V33" duration="00:00:00.0000563" startTime="2024-02-02T15:34:51.7424083-05:00" endTime="2024-02-02T15:34:51.7466971-05:00" testType="13cdc9d9-ddb5-4fa4-a97d-d965ccfc6d4b" outcome="Passed" testListId="8c84fa94-04c1-424b-9868-57a2d4851a1d" relativeResultsDirectory="01fcdf55-be3c-4def-b9c5-9f973f0ae54f" xmlns="http://microsoft.com/schemas/VisualStudio/TeamTest/2010" />
    <UnitTestResult executionId="996a994c-6e57-4cd5-af23-884b6355190a" testId="4eabad00-fba9-1926-9e25-502e77fa4862" testName="ToEnumTest (0,Val0)" computerName="DESKTOP-3FN5V33" duration="00:00:00.0000354" startTime="2024-02-02T15:34:51.7381583-05:00" endTime="2024-02-02T15:34:51.7387149-05:00" testType="13cdc9d9-ddb5-4fa4-a97d-d965ccfc6d4b" outcome="Passed" testListId="8c84fa94-04c1-424b-9868-57a2d4851a1d" relativeResultsDirectory="996a994c-6e57-4cd5-af23-884b6355190a" xmlns="http://microsoft.com/schemas/VisualStudio/TeamTest/2010" />
    <UnitTestResult executionId="bd4cafc5-cf7c-41b6-aafe-609c2242b5a3" testId="e1155b3b-9d29-c02b-a02e-b3e42d8f832d" testName="ToEnumTest (3,Val1, Val2)" computerName="DESKTOP-3FN5V33" duration="00:00:00.0000434" startTime="2024-02-02T15:34:51.7682552-05:00" endTime="2024-02-02T15:34:51.7711050-05:00" testType="13cdc9d9-ddb5-4fa4-a97d-d965ccfc6d4b" outcome="Passed" testListId="8c84fa94-04c1-424b-9868-57a2d4851a1d" relativeResultsDirectory="bd4cafc5-cf7c-41b6-aafe-609c2242b5a3" xmlns="http://microsoft.com/schemas/VisualStudio/TeamTest/2010" />
    <UnitTestResult executionId="21bc588d-839a-4f63-b026-9ef5c4b696fe" testId="e10efca3-dc65-693e-988d-37e685d1f413" testName="ToEnumTest (test short,WithDisplay)" computerName="DESKTOP-3FN5V33" duration="00:00:00.0002342" startTime="2024-02-02T15:34:51.9986490-05:00" endTime="2024-02-02T15:34:52.0058401-05:00" testType="13cdc9d9-ddb5-4fa4-a97d-d965ccfc6d4b" outcome="Passed" testListId="8c84fa94-04c1-424b-9868-57a2d4851a1d" relativeResultsDirectory="21bc588d-839a-4f63-b026-9ef5c4b696fe" xmlns="http://microsoft.com/schemas/VisualStudio/TeamTest/2010" />
    <UnitTestResult executionId="4b048df0-1537-49e6-a03f-d94a0e2d0588" testId="17ff5c94-c7ab-d89c-c884-775fd21b1138" testName="ToEnumTest (Val2|Val1,Val1, Val2)" computerName="DESKTOP-3FN5V33" duration="00:00:00.0000406" startTime="2024-02-02T15:34:51.7285813-05:00" endTime="2024-02-02T15:34:51.7290673-05:00" testType="13cdc9d9-ddb5-4fa4-a97d-d965ccfc6d4b" outcome="Passed" testListId="8c84fa94-04c1-424b-9868-57a2d4851a1d" relativeResultsDirectory="4b048df0-1537-49e6-a03f-d94a0e2d0588" xmlns="http://microsoft.com/schemas/VisualStudio/TeamTest/2010" />
    <UnitTestResult executionId="49883a9f-ee35-425b-a40f-3030160e3ad1" testId="106438f6-2d08-95c4-d17e-81ff2af3a5f7" testName="ExecuteByTest_Sort (name,Descending,999,998,997,996,995,994,993,992,991,990)" computerName="DESKTOP-3FN5V33" duration="00:00:00.1874405" startTime="2024-02-02T15:35:22.1059987-05:00" endTime="2024-02-02T15:35:22.2945127-05:00" testType="13cdc9d9-ddb5-4fa4-a97d-d965ccfc6d4b" outcome="Passed" testListId="8c84fa94-04c1-424b-9868-57a2d4851a1d" relativeResultsDirectory="49883a9f-ee35-425b-a40f-3030160e3ad1" xmlns="http://microsoft.com/schemas/VisualStudio/TeamTest/2010">
      <Output>
        <StdOut>Eliassen.System.Linq.ConsoleLogger`1[Eliassen.System.Linq.Search.QueryBuilder]:Information:&gt;
	Build query for CurrentPage: 0
PageSize: 0
ExcludePageCount: False
SearchTerm: (null)
	S:name: Descending

Eliassen.System.Linq.ConsoleLogger`1[Eliassen.System.Linq.Search.QueryBuilder]:Information:&gt;
	Execute (paged): System.Linq.Enumerable+SelectRangeIterator`1[Eliassen.System.Tests.Linq.TestTargets.TestTargetModel].OrderByDescending(n =&gt; n.Name).Skip(0).Take(10)



TestContext Messages:
SearchQuery-QueryableExtensionsTests_ExecuteByTest_Sort(340)-638424849221070341.json: Attached
PagedQueryResult_1-QueryableExtensionsTests_ExecuteByTest_Sort(342)-638424849222207432.json: Attached</StdOut>
        <StdErr>Eliassen.System.Linq.ConsoleLogger`1[Eliassen.System.Linq.Search.QueryBuilder]:Warning:&gt;
	No filtering detected: System.Linq.Enumerable+SelectRangeIterator`1[Eliassen.System.Tests.Linq.TestTargets.TestTargetModel]: CurrentPage: 0
PageSize: 0
ExcludePageCount: False
SearchTerm: (null)
	S:name: Descending</StdErr>
      </Output>
      <ResultFiles>
        <ResultFile path="DESKTOP-3FN5V33\PagedQueryResult_1-QueryableExtensionsTests_ExecuteByTest_Sort(342)-638424849222207432.json" />
        <ResultFile path="DESKTOP-3FN5V33\SearchQuery-QueryableExtensionsTests_ExecuteByTest_Sort(340)-638424849221070341.json" />
      </ResultFiles>
    </UnitTestResult>
    <UnitTestResult executionId="5cbb7f6e-ac29-4446-bdab-83dbf3890cd3" testId="83080016-f095-0d7b-a0cb-0b5cf5fe90d7" testName="ExecuteByTest_Sort (Name,Descending,999,998,997,996,995,994,993,992,991,990)" computerName="DESKTOP-3FN5V33" duration="00:00:00.1891516" startTime="2024-02-02T15:35:21.9147311-05:00" endTime="2024-02-02T15:35:22.1042949-05:00" testType="13cdc9d9-ddb5-4fa4-a97d-d965ccfc6d4b" outcome="Passed" testListId="8c84fa94-04c1-424b-9868-57a2d4851a1d" relativeResultsDirectory="5cbb7f6e-ac29-4446-bdab-83dbf3890cd3" xmlns="http://microsoft.com/schemas/VisualStudio/TeamTest/2010">
      <Output>
        <StdOut>Eliassen.System.Linq.ConsoleLogger`1[Eliassen.System.Linq.Search.QueryBuilder]:Information:&gt;
	Build query for CurrentPage: 0
PageSize: 0
ExcludePageCount: False
SearchTerm: (null)
	S:Name: Descending

Eliassen.System.Linq.ConsoleLogger`1[Eliassen.System.Linq.Search.QueryBuilder]:Information:&gt;
	Execute (paged): System.Linq.Enumerable+SelectRangeIterator`1[Eliassen.System.Tests.Linq.TestTargets.TestTargetModel].OrderByDescending(n =&gt; n.Name).Skip(0).Take(10)



TestContext Messages:
SearchQuery-QueryableExtensionsTests_ExecuteByTest_Sort(340)-638424849219156798.json: Attached
PagedQueryResult_1-QueryableExtensionsTests_ExecuteByTest_Sort(342)-638424849220292046.json: Attached</StdOut>
        <StdErr>Eliassen.System.Linq.ConsoleLogger`1[Eliassen.System.Linq.Search.QueryBuilder]:Warning:&gt;
	No filtering detected: System.Linq.Enumerable+SelectRangeIterator`1[Eliassen.System.Tests.Linq.TestTargets.TestTargetModel]: CurrentPage: 0
PageSize: 0
ExcludePageCount: False
SearchTerm: (null)
	S:Name: Descending</StdErr>
      </Output>
      <ResultFiles>
        <ResultFile path="DESKTOP-3FN5V33\PagedQueryResult_1-QueryableExtensionsTests_ExecuteByTest_Sort(342)-638424849220292046.json" />
        <ResultFile path="DESKTOP-3FN5V33\SearchQuery-QueryableExtensionsTests_ExecuteByTest_Sort(340)-638424849219156798.json" />
      </ResultFiles>
    </UnitTestResult>
    <UnitTestResult executionId="9921dd31-6fe7-4557-93ff-b5a9812fdb5d" testId="c9346372-ffa4-14a5-4eb6-2aa00bef5c35" testName="ToEnumTest (test description,WithDescription)" computerName="DESKTOP-3FN5V33" duration="00:00:00.0037514" startTime="2024-02-02T15:34:51.9146095-05:00" endTime="2024-02-02T15:34:51.9256128-05:00" testType="13cdc9d9-ddb5-4fa4-a97d-d965ccfc6d4b" outcome="Passed" testListId="8c84fa94-04c1-424b-9868-57a2d4851a1d" relativeResultsDirectory="9921dd31-6fe7-4557-93ff-b5a9812fdb5d" xmlns="http://microsoft.com/schemas/VisualStudio/TeamTest/2010" />
    <UnitTestResult executionId="2f33cfcd-c60b-48b1-adbe-a13553e6a52e" testId="2a41cc63-279d-a271-b736-4c136e6ba692" testName="ToEnumTest (test display,WithDisplay)" computerName="DESKTOP-3FN5V33" duration="00:00:00.0006254" startTime="2024-02-02T15:34:51.9394193-05:00" endTime="2024-02-02T15:34:51.9646661-05:00" testType="13cdc9d9-ddb5-4fa4-a97d-d965ccfc6d4b" outcome="Passed" testListId="8c84fa94-04c1-424b-9868-57a2d4851a1d" relativeResultsDirectory="2f33cfcd-c60b-48b1-adbe-a13553e6a52e" xmlns="http://microsoft.com/schemas/VisualStudio/TeamTest/2010" />
    <UnitTestResult executionId="f3732895-8eda-4533-af41-621677d06ec5" testId="11f0fb7d-7be6-79f5-339b-991d917ae3fc" testName="ToEnumTest (test short,WithDisplay)" computerName="DESKTOP-3FN5V33" duration="00:00:00.0002407" startTime="2024-02-01T17:06:27.4850409-05:00" endTime="2024-02-01T17:06:27.4856019-05:00" testType="13cdc9d9-ddb5-4fa4-a97d-d965ccfc6d4b" outcome="Passed" testListId="8c84fa94-04c1-424b-9868-57a2d4851a1d" relativeResultsDirectory="f3732895-8eda-4533-af41-621677d06ec5" xmlns="http://microsoft.com/schemas/VisualStudio/TeamTest/2010" />
    <UnitTestResult executionId="cf7a6ede-3ed3-4eb2-a875-2c4604ca229a" testId="460956ad-2bf3-db32-e92a-bfe446ec1e98" testName="ToEnumTest (0,Val0)" computerName="DESKTOP-3FN5V33" duration="00:00:00.0000172" startTime="2024-02-01T17:06:27.4373776-05:00" endTime="2024-02-01T17:06:27.4376306-05:00" testType="13cdc9d9-ddb5-4fa4-a97d-d965ccfc6d4b" outcome="Passed" testListId="8c84fa94-04c1-424b-9868-57a2d4851a1d" relativeResultsDirectory="cf7a6ede-3ed3-4eb2-a875-2c4604ca229a" xmlns="http://microsoft.com/schemas/VisualStudio/TeamTest/2010" />
    <UnitTestResult executionId="6f3922dc-f518-4ef5-93c4-5b08ee66d3aa" testId="b98e3996-7a57-2553-4abf-fb122643f31e" testName="ToEnumTest (4,WithEnumValue)" computerName="DESKTOP-3FN5V33" duration="00:00:00.0000198" startTime="2024-02-01T17:06:27.4441433-05:00" endTime="2024-02-01T17:06:27.4445770-05:00" testType="13cdc9d9-ddb5-4fa4-a97d-d965ccfc6d4b" outcome="Passed" testListId="8c84fa94-04c1-424b-9868-57a2d4851a1d" relativeResultsDirectory="6f3922dc-f518-4ef5-93c4-5b08ee66d3aa" xmlns="http://microsoft.com/schemas/VisualStudio/TeamTest/2010" />
    <UnitTestResult executionId="b6ede7da-c063-4bc2-88b3-748e1dc3a762" testId="c36bb35d-9a4e-80ec-67c1-9cb495c5e678" testName="ToEnumTest (Val1,Val1)" computerName="DESKTOP-3FN5V33" duration="00:00:00.0088386" startTime="2024-02-01T17:06:27.3997798-05:00" endTime="2024-02-01T17:06:27.4141725-05:00" testType="13cdc9d9-ddb5-4fa4-a97d-d965ccfc6d4b" outcome="Passed" testListId="8c84fa94-04c1-424b-9868-57a2d4851a1d" relativeResultsDirectory="b6ede7da-c063-4bc2-88b3-748e1dc3a762" xmlns="http://microsoft.com/schemas/VisualStudio/TeamTest/2010" />
    <UnitTestResult executionId="39e48dae-1eda-4e7e-80bb-0c19febff8f0" testId="4163eaa1-a283-2de9-1f95-a86ceaaab3c9" testName="ToEnumTest (Val2, Val1,Val1, Val2)" computerName="DESKTOP-3FN5V33" duration="00:00:00.0000346" startTime="2024-02-01T17:06:27.4188127-05:00" endTime="2024-02-01T17:06:27.4193399-05:00" testType="13cdc9d9-ddb5-4fa4-a97d-d965ccfc6d4b" outcome="Passed" testListId="8c84fa94-04c1-424b-9868-57a2d4851a1d" relativeResultsDirectory="39e48dae-1eda-4e7e-80bb-0c19febff8f0" xmlns="http://microsoft.com/schemas/VisualStudio/TeamTest/2010" />
    <UnitTestResult executionId="83fb1dcc-d9a0-4038-97e2-b5d9dee7ba59" testId="d5c1dc9a-a2f2-2711-646f-2604e4c84684" testName="ExecuteByTest_Sort (name,Descending,999,998,997,996,995,994,993,992,991,990)" computerName="DESKTOP-3FN5V33" duration="00:00:00.0225057" startTime="2024-02-01T17:06:38.8986729-05:00" endTime="2024-02-01T17:06:38.9223120-05:00" testType="13cdc9d9-ddb5-4fa4-a97d-d965ccfc6d4b" outcome="Passed" testListId="8c84fa94-04c1-424b-9868-57a2d4851a1d" relativeResultsDirectory="83fb1dcc-d9a0-4038-97e2-b5d9dee7ba59" xmlns="http://microsoft.com/schemas/VisualStudio/TeamTest/2010">
      <Output>
        <StdOut>Eliassen.System.Linq.ConsoleLogger`1[Eliassen.System.Linq.Search.QueryBuilder]:Information:&gt;
	Build query for CurrentPage: 0
PageSize: 0
ExcludePageCount: False
SearchTerm: (null)
	S:name: Descending

Eliassen.System.Linq.ConsoleLogger`1[Eliassen.System.Linq.Search.QueryBuilder]:Information:&gt;
	Execute (paged): System.Linq.Enumerable+SelectRangeIterator`1[Eliassen.System.Tests.Linq.TestTargets.TestTargetModel].OrderByDescending(n =&gt; n.Name).Skip(0).Take(10)



TestContext Messages:
SearchQuery-QueryableExtensionsTests_ExecuteByTest_Sort(340)-638424039989003735.json: Attached
PagedQueryResult_1-QueryableExtensionsTests_ExecuteByTest_Sort(342)-638424039989164442.json: Attached</StdOut>
        <StdErr>Eliassen.System.Linq.ConsoleLogger`1[Eliassen.System.Linq.Search.QueryBuilder]:Warning:&gt;
	No filtering detected: System.Linq.Enumerable+SelectRangeIterator`1[Eliassen.System.Tests.Linq.TestTargets.TestTargetModel]: CurrentPage: 0
PageSize: 0
ExcludePageCount: False
SearchTerm: (null)
	S:name: Descending</StdErr>
      </Output>
      <ResultFiles>
        <ResultFile path="DESKTOP-3FN5V33\PagedQueryResult_1-QueryableExtensionsTests_ExecuteByTest_Sort(342)-638424039989164442.json" />
        <ResultFile path="DESKTOP-3FN5V33\SearchQuery-QueryableExtensionsTests_ExecuteByTest_Sort(340)-638424039989003735.json" />
      </ResultFiles>
    </UnitTestResult>
    <UnitTestResult executionId="9e54b720-02f7-4326-ac0f-1dbce1dfcb87" testId="62b9d922-900a-7ff6-3153-18dadeeb7bb3" testName="ToEnumTest (3,Val1, Val2)" computerName="DESKTOP-3FN5V33" duration="00:00:00.0000174" startTime="2024-02-01T17:06:27.4421855-05:00" endTime="2024-02-01T17:06:27.4425375-05:00" testType="13cdc9d9-ddb5-4fa4-a97d-d965ccfc6d4b" outcome="Passed" testListId="8c84fa94-04c1-424b-9868-57a2d4851a1d" relativeResultsDirectory="9e54b720-02f7-4326-ac0f-1dbce1dfcb87" xmlns="http://microsoft.com/schemas/VisualStudio/TeamTest/2010" />
    <UnitTestResult executionId="493abe00-e01e-4db7-ad75-d040638ec607" testId="08fc4c82-556b-87cf-a9ae-405737b973df" testName="ToEnumTest (2,Val2)" computerName="DESKTOP-3FN5V33" duration="00:00:00.0000148" startTime="2024-02-01T17:06:27.4402822-05:00" endTime="2024-02-01T17:06:27.4405136-05:00" testType="13cdc9d9-ddb5-4fa4-a97d-d965ccfc6d4b" outcome="Passed" testListId="8c84fa94-04c1-424b-9868-57a2d4851a1d" relativeResultsDirectory="493abe00-e01e-4db7-ad75-d040638ec607" xmlns="http://microsoft.com/schemas/VisualStudio/TeamTest/2010" />
    <UnitTestResult executionId="b284268d-b045-4ead-92c9-90167824c9f1" testId="6a1b107a-2dfe-3696-4879-97b5e75031c8" testName="ToEnumTest (-1,-1)" computerName="DESKTOP-3FN5V33" duration="00:00:00.0000297" startTime="2024-02-01T17:06:27.4357898-05:00" endTime="2024-02-01T17:06:27.4361038-05:00" testType="13cdc9d9-ddb5-4fa4-a97d-d965ccfc6d4b" outcome="Passed" testListId="8c84fa94-04c1-424b-9868-57a2d4851a1d" relativeResultsDirectory="b284268d-b045-4ead-92c9-90167824c9f1" xmlns="http://microsoft.com/schemas/VisualStudio/TeamTest/2010" />
    <UnitTestResult executionId="a854f590-5423-49fd-9477-2462d4799431" testId="b0fdfc7e-2c06-862f-28b1-d93a174b89e6" testName="ToEnumTest (Val2,Val1,Val1, Val2)" computerName="DESKTOP-3FN5V33" duration="00:00:00.0000289" startTime="2024-02-01T17:06:27.4215079-05:00" endTime="2024-02-01T17:06:27.4218676-05:00" testType="13cdc9d9-ddb5-4fa4-a97d-d965ccfc6d4b" outcome="Passed" testListId="8c84fa94-04c1-424b-9868-57a2d4851a1d" relativeResultsDirectory="a854f590-5423-49fd-9477-2462d4799431" xmlns="http://microsoft.com/schemas/VisualStudio/TeamTest/2010" />
    <UnitTestResult executionId="ce0fd16f-6493-41e8-96ed-03cb96a416c0" testId="4dbe9543-b09b-17ff-b897-ea7ab7b131d7" testName="ExecuteByTest_Sort (NAME,Descending,999,998,997,996,995,994,993,992,991,990)" computerName="DESKTOP-3FN5V33" duration="00:00:00.0210920" startTime="2024-02-01T17:06:38.9240116-05:00" endTime="2024-02-01T17:06:38.9457941-05:00" testType="13cdc9d9-ddb5-4fa4-a97d-d965ccfc6d4b" outcome="Passed" testListId="8c84fa94-04c1-424b-9868-57a2d4851a1d" relativeResultsDirectory="ce0fd16f-6493-41e8-96ed-03cb96a416c0" xmlns="http://microsoft.com/schemas/VisualStudio/TeamTest/2010">
      <Output>
        <StdOut>Eliassen.System.Linq.ConsoleLogger`1[Eliassen.System.Linq.Search.QueryBuilder]:Information:&gt;
	Build query for CurrentPage: 0
PageSize: 0
ExcludePageCount: False
SearchTerm: (null)
	S:NAME: Descending

Eliassen.System.Linq.ConsoleLogger`1[Eliassen.System.Linq.Search.QueryBuilder]:Information:&gt;
	Execute (paged): System.Linq.Enumerable+SelectRangeIterator`1[Eliassen.System.Tests.Linq.TestTargets.TestTargetModel].OrderByDescending(n =&gt; n.Name).Skip(0).Take(10)



TestContext Messages:
SearchQuery-QueryableExtensionsTests_ExecuteByTest_Sort(340)-638424039989246650.json: Attached
PagedQueryResult_1-QueryableExtensionsTests_ExecuteByTest_Sort(342)-638424039989416005.json: Attached</StdOut>
        <StdErr>Eliassen.System.Linq.ConsoleLogger`1[Eliassen.System.Linq.Search.QueryBuilder]:Warning:&gt;
	No filtering detected: System.Linq.Enumerable+SelectRangeIterator`1[Eliassen.System.Tests.Linq.TestTargets.TestTargetModel]: CurrentPage: 0
PageSize: 0
ExcludePageCount: False
SearchTerm: (null)
	S:NAME: Descending</StdErr>
      </Output>
      <ResultFiles>
        <ResultFile path="DESKTOP-3FN5V33\PagedQueryResult_1-QueryableExtensionsTests_ExecuteByTest_Sort(342)-638424039989416005.json" />
        <ResultFile path="DESKTOP-3FN5V33\SearchQuery-QueryableExtensionsTests_ExecuteByTest_Sort(340)-638424039989246650.json" />
      </ResultFiles>
    </UnitTestResult>
    <UnitTestResult executionId="67b9fc2f-d4af-4bb5-a19e-fd4cdbf0c046" testId="6da32ee3-eff7-d4fe-8d03-a03516df00ff" testName="ToEnumTest (Val2 , Val1,Val1, Val2)" computerName="DESKTOP-3FN5V33" duration="00:00:00.0000239" startTime="2024-02-01T17:06:27.4232637-05:00" endTime="2024-02-01T17:06:27.4236130-05:00" testType="13cdc9d9-ddb5-4fa4-a97d-d965ccfc6d4b" outcome="Passed" testListId="8c84fa94-04c1-424b-9868-57a2d4851a1d" relativeResultsDirectory="67b9fc2f-d4af-4bb5-a19e-fd4cdbf0c046" xmlns="http://microsoft.com/schemas/VisualStudio/TeamTest/2010" />
    <UnitTestResult executionId="951c7c47-ec53-4dc0-8a3c-b9584aee448c" testId="6c3bc33d-cd41-7aa1-5d65-f8b6b6736377" testName="ExecuteByTest_Sort (Name,Descending,999,998,997,996,995,994,993,992,991,990)" computerName="DESKTOP-3FN5V33" duration="00:00:00.0349798" startTime="2024-02-01T17:06:38.8614500-05:00" endTime="2024-02-01T17:06:38.8969525-05:00" testType="13cdc9d9-ddb5-4fa4-a97d-d965ccfc6d4b" outcome="Passed" testListId="8c84fa94-04c1-424b-9868-57a2d4851a1d" relativeResultsDirectory="951c7c47-ec53-4dc0-8a3c-b9584aee448c" xmlns="http://microsoft.com/schemas/VisualStudio/TeamTest/2010">
      <Output>
        <StdOut>Eliassen.System.Linq.ConsoleLogger`1[Eliassen.System.Linq.Search.QueryBuilder]:Information:&gt;
	Build query for CurrentPage: 0
PageSize: 0
ExcludePageCount: False
SearchTerm: (null)
	S:Name: Descending

Eliassen.System.Linq.ConsoleLogger`1[Eliassen.System.Linq.Search.QueryBuilder]:Information:&gt;
	Execute (paged): System.Linq.Enumerable+SelectRangeIterator`1[Eliassen.System.Tests.Linq.TestTargets.TestTargetModel].OrderByDescending(n =&gt; n.Name).Skip(0).Take(10)



TestContext Messages:
SearchQuery-QueryableExtensionsTests_ExecuteByTest_Sort(340)-638424039988625610.json: Attached
PagedQueryResult_1-QueryableExtensionsTests_ExecuteByTest_Sort(342)-638424039988855173.json: Attached</StdOut>
        <StdErr>Eliassen.System.Linq.ConsoleLogger`1[Eliassen.System.Linq.Search.QueryBuilder]:Warning:&gt;
	No filtering detected: System.Linq.Enumerable+SelectRangeIterator`1[Eliassen.System.Tests.Linq.TestTargets.TestTargetModel]: CurrentPage: 0
PageSize: 0
ExcludePageCount: False
SearchTerm: (null)
	S:Name: Descending</StdErr>
      </Output>
      <ResultFiles>
        <ResultFile path="DESKTOP-3FN5V33\PagedQueryResult_1-QueryableExtensionsTests_ExecuteByTest_Sort(342)-638424039988855173.json" />
        <ResultFile path="DESKTOP-3FN5V33\SearchQuery-QueryableExtensionsTests_ExecuteByTest_Sort(340)-638424039988625610.json" />
      </ResultFiles>
    </UnitTestResult>
    <UnitTestResult executionId="8866fcfc-16fa-419e-8a22-d912b66f1cc0" testId="f2a03440-0376-07fe-a63b-c5dbc1c51d9d" testName="ToEnumTest (name,WithEnumValue)" computerName="DESKTOP-3FN5V33" duration="00:00:00.0016353" startTime="2024-02-01T17:06:27.4550071-05:00" endTime="2024-02-01T17:06:27.4570606-05:00" testType="13cdc9d9-ddb5-4fa4-a97d-d965ccfc6d4b" outcome="Passed" testListId="8c84fa94-04c1-424b-9868-57a2d4851a1d" relativeResultsDirectory="8866fcfc-16fa-419e-8a22-d912b66f1cc0" xmlns="http://microsoft.com/schemas/VisualStudio/TeamTest/2010" />
    <UnitTestResult executionId="d48008ca-2123-4d7d-92c3-b554d54a258a" testId="c5997a4c-dfaf-990a-24e0-477cf0c527e7" testName="ExecuteByTest_Sort (Name,Ascending,0,1,10,100,101,102,103,104,105,106)" computerName="DESKTOP-3FN5V33" duration="00:00:00.0192524" startTime="2024-02-01T17:06:38.9477375-05:00" endTime="2024-02-01T17:06:38.9675716-05:00" testType="13cdc9d9-ddb5-4fa4-a97d-d965ccfc6d4b" outcome="Passed" testListId="8c84fa94-04c1-424b-9868-57a2d4851a1d" relativeResultsDirectory="d48008ca-2123-4d7d-92c3-b554d54a258a" xmlns="http://microsoft.com/schemas/VisualStudio/TeamTest/2010">
      <Output>
        <StdOut>Eliassen.System.Linq.ConsoleLogger`1[Eliassen.System.Linq.Search.QueryBuilder]:Information:&gt;
	Build query for CurrentPage: 0
PageSize: 0
ExcludePageCount: False
SearchTerm: (null)
	S:Name: Ascending

Eliassen.System.Linq.ConsoleLogger`1[Eliassen.System.Linq.Search.QueryBuilder]:Information:&gt;
	Execute (paged): System.Linq.Enumerable+SelectRangeIterator`1[Eliassen.System.Tests.Linq.TestTargets.TestTargetModel].OrderBy(n =&gt; n.Name).Skip(0).Take(10)



TestContext Messages:
SearchQuery-QueryableExtensionsTests_ExecuteByTest_Sort(340)-638424039989482257.json: Attached
PagedQueryResult_1-QueryableExtensionsTests_ExecuteByTest_Sort(342)-638424039989607804.json: Attached</StdOut>
        <StdErr>Eliassen.System.Linq.ConsoleLogger`1[Eliassen.System.Linq.Search.QueryBuilder]:Warning:&gt;
	No filtering detected: System.Linq.Enumerable+SelectRangeIterator`1[Eliassen.System.Tests.Linq.TestTargets.TestTargetModel]: CurrentPage: 0
PageSize: 0
ExcludePageCount: False
SearchTerm: (null)
	S:Name: Ascending</StdErr>
      </Output>
      <ResultFiles>
        <ResultFile path="DESKTOP-3FN5V33\PagedQueryResult_1-QueryableExtensionsTests_ExecuteByTest_Sort(342)-638424039989607804.json" />
        <ResultFile path="DESKTOP-3FN5V33\SearchQuery-QueryableExtensionsTests_ExecuteByTest_Sort(340)-638424039989482257.json" />
      </ResultFiles>
    </UnitTestResult>
    <UnitTestResult executionId="fc317e3f-611b-438f-b86f-b47a270633e6" testId="2385c5bb-20c9-0389-325d-1aa756cf82c9" testName="ToEnumTest (name,name2|test name,WithEnumValue, WithMemberName, WithDisplay)" computerName="DESKTOP-3FN5V33" duration="00:00:00.0004786" startTime="2024-02-01T17:06:27.4869908-05:00" endTime="2024-02-01T17:06:27.4879233-05:00" testType="13cdc9d9-ddb5-4fa4-a97d-d965ccfc6d4b" outcome="Passed" testListId="8c84fa94-04c1-424b-9868-57a2d4851a1d" relativeResultsDirectory="fc317e3f-611b-438f-b86f-b47a270633e6" xmlns="http://microsoft.com/schemas/VisualStudio/TeamTest/2010" />
    <UnitTestResult executionId="1aa4b58e-f960-44c8-8b27-91d9eaecdc56" testId="9b540bb1-ae17-7eac-3c61-74d42cb389dc" testName="ToEnumTest (Val2|Val1,Val1, Val2)" computerName="DESKTOP-3FN5V33" duration="00:00:00.0000398" startTime="2024-02-01T17:06:27.4339226-05:00" endTime="2024-02-01T17:06:27.4344200-05:00" testType="13cdc9d9-ddb5-4fa4-a97d-d965ccfc6d4b" outcome="Passed" testListId="8c84fa94-04c1-424b-9868-57a2d4851a1d" relativeResultsDirectory="1aa4b58e-f960-44c8-8b27-91d9eaecdc56" xmlns="http://microsoft.com/schemas/VisualStudio/TeamTest/2010" />
    <UnitTestResult executionId="9b6cc68a-6783-4988-aacb-88c7a9229bb8" testId="a3f03b01-d34d-ff82-25a2-0a34018179c7" testName="ToEnumTest (test description,WithDescription)" computerName="DESKTOP-3FN5V33" duration="00:00:00.0003803" startTime="2024-02-01T17:06:27.4694598-05:00" endTime="2024-02-01T17:06:27.4703041-05:00" testType="13cdc9d9-ddb5-4fa4-a97d-d965ccfc6d4b" outcome="Passed" testListId="8c84fa94-04c1-424b-9868-57a2d4851a1d" relativeResultsDirectory="9b6cc68a-6783-4988-aacb-88c7a9229bb8" xmlns="http://microsoft.com/schemas/VisualStudio/TeamTest/2010" />
    <UnitTestResult executionId="27de7d48-4cc3-401e-8b01-c62a445d4138" testId="bd0dbecb-539b-5502-769e-e3714681df3b" testName="ToEnumTest (Val2,Val2)" computerName="DESKTOP-3FN5V33" duration="00:00:00.0000592" startTime="2024-02-01T17:06:27.4159674-05:00" endTime="2024-02-01T17:06:27.4168898-05:00" testType="13cdc9d9-ddb5-4fa4-a97d-d965ccfc6d4b" outcome="Passed" testListId="8c84fa94-04c1-424b-9868-57a2d4851a1d" relativeResultsDirectory="27de7d48-4cc3-401e-8b01-c62a445d4138" xmlns="http://microsoft.com/schemas/VisualStudio/TeamTest/2010" />
    <UnitTestResult executionId="76683817-486d-4627-99f7-d3c39b32217c" testId="9b499371-3d81-4de1-39e7-a6dc89eba13c" testName="ToEnumTest (1,Val1)" computerName="DESKTOP-3FN5V33" duration="00:00:00.0000137" startTime="2024-02-01T17:06:27.4388485-05:00" endTime="2024-02-01T17:06:27.4390863-05:00" testType="13cdc9d9-ddb5-4fa4-a97d-d965ccfc6d4b" outcome="Passed" testListId="8c84fa94-04c1-424b-9868-57a2d4851a1d" relativeResultsDirectory="76683817-486d-4627-99f7-d3c39b32217c" xmlns="http://microsoft.com/schemas/VisualStudio/TeamTest/2010" />
    <UnitTestResult executionId="a6145211-8071-4101-b4f7-3b18501ae373" testId="26b5ec45-b5f1-fe45-95c1-6bd5bedd3df8" testName="ToEnumTest (Val2 ,Val1,Val1, Val2)" computerName="DESKTOP-3FN5V33" duration="00:00:00.0000200" startTime="2024-02-01T17:06:27.4249486-05:00" endTime="2024-02-01T17:06:27.4252427-05:00" testType="13cdc9d9-ddb5-4fa4-a97d-d965ccfc6d4b" outcome="Passed" testListId="8c84fa94-04c1-424b-9868-57a2d4851a1d" relativeResultsDirectory="a6145211-8071-4101-b4f7-3b18501ae373" xmlns="http://microsoft.com/schemas/VisualStudio/TeamTest/2010" />
    <UnitTestResult executionId="e2d5c49b-2b73-4ee0-89f1-bd68c6ab73c4" testId="adc82c1a-0bb1-f2be-3be6-8295db3bec78" testName="ToEnumTest (test name,WithDisplay)" computerName="DESKTOP-3FN5V33" duration="00:00:00.0002906" startTime="2024-02-01T17:06:27.4825163-05:00" endTime="2024-02-01T17:06:27.4836294-05:00" testType="13cdc9d9-ddb5-4fa4-a97d-d965ccfc6d4b" outcome="Passed" testListId="8c84fa94-04c1-424b-9868-57a2d4851a1d" relativeResultsDirectory="e2d5c49b-2b73-4ee0-89f1-bd68c6ab73c4" xmlns="http://microsoft.com/schemas/VisualStudio/TeamTest/2010" />
    <UnitTestResult executionId="d0c5011f-ecb6-4282-beae-6e8546307ad0" testId="38ea670b-dab3-e76c-4456-b085aea47bcf" testName="ToEnumTest (test display,WithDisplay)" computerName="DESKTOP-3FN5V33" duration="00:00:00.0005196" startTime="2024-02-01T17:06:27.4719626-05:00" endTime="2024-02-01T17:06:27.4807563-05:00" testType="13cdc9d9-ddb5-4fa4-a97d-d965ccfc6d4b" outcome="Passed" testListId="8c84fa94-04c1-424b-9868-57a2d4851a1d" relativeResultsDirectory="d0c5011f-ecb6-4282-beae-6e8546307ad0" xmlns="http://microsoft.com/schemas/VisualStudio/TeamTest/2010" />
    <UnitTestResult executionId="37f54d30-67ce-45c2-b30d-6864f2968d34" testId="67734c64-cae5-5135-54b5-70135f0338e3" testName="ToEnumTest (name2,WithMemberName)" computerName="DESKTOP-3FN5V33" duration="00:00:00.0007217" startTime="2024-02-01T17:06:27.4653546-05:00" endTime="2024-02-01T17:06:27.4668927-05:00" testType="13cdc9d9-ddb5-4fa4-a97d-d965ccfc6d4b" outcome="Passed" testListId="8c84fa94-04c1-424b-9868-57a2d4851a1d" relativeResultsDirectory="37f54d30-67ce-45c2-b30d-6864f2968d34" xmlns="http://microsoft.com/schemas/VisualStudio/TeamTest/2010" />
    <UnitTestResult executionId="7b276eb5-23ca-49a7-bd0c-2bbd03a60f34" testId="1e4ed14b-2ef0-3f9d-4f20-3ca8c8f7b464" testName="ToEnumTest (test display,WithDisplay)" computerName="DESKTOP-3FN5V33" duration="00:00:00.0031594" startTime="2024-01-30T13:50:08.9297560-05:00" endTime="2024-01-30T13:50:08.9332160-05:00" testType="13cdc9d9-ddb5-4fa4-a97d-d965ccfc6d4b" outcome="Passed" testListId="8c84fa94-04c1-424b-9868-57a2d4851a1d" relativeResultsDirectory="7b276eb5-23ca-49a7-bd0c-2bbd03a60f34" xmlns="http://microsoft.com/schemas/VisualStudio/TeamTest/2010" />
    <UnitTestResult executionId="b98f6f8e-cb48-4e78-898d-e9cce2a0acdf" testId="24774874-1df7-77de-7655-bbafea74832a" testName="ToEnumTest (name2,WithMemberName)" computerName="DESKTOP-3FN5V33" duration="00:00:00.0002550" startTime="2024-01-30T13:50:08.9261848-05:00" endTime="2024-01-30T13:50:08.9268336-05:00" testType="13cdc9d9-ddb5-4fa4-a97d-d965ccfc6d4b" outcome="Passed" testListId="8c84fa94-04c1-424b-9868-57a2d4851a1d" relativeResultsDirectory="b98f6f8e-cb48-4e78-898d-e9cce2a0acdf" xmlns="http://microsoft.com/schemas/VisualStudio/TeamTest/2010" />
    <UnitTestResult executionId="777644e2-2bad-4e09-8110-a69a467714e3" testId="dbb46bd7-84ef-1bcc-6faf-71781bc1e5e4" testName="ExecuteByTest_Sort (NAME,Descending,999,998,997,996,995,994,993,992,991,990)" computerName="DESKTOP-3FN5V33" duration="00:00:00.0136237" startTime="2024-01-30T13:50:15.3261089-05:00" endTime="2024-01-30T13:50:15.3404042-05:00" testType="13cdc9d9-ddb5-4fa4-a97d-d965ccfc6d4b" outcome="Passed" testListId="8c84fa94-04c1-424b-9868-57a2d4851a1d" relativeResultsDirectory="777644e2-2bad-4e09-8110-a69a467714e3" xmlns="http://microsoft.com/schemas/VisualStudio/TeamTest/2010">
      <Output>
        <StdOut>Eliassen.System.Linq.ConsoleLogger`1[Eliassen.System.Linq.Search.QueryBuilder]:Information:&gt;
	Build query for CurrentPage: 0
PageSize: 0
ExcludePageCount: False
SearchTerm: (null)
	S:NAME: Descending

Eliassen.System.Linq.ConsoleLogger`1[Eliassen.System.Linq.Search.QueryBuilder]:Information:&gt;
	Execute (paged): System.Linq.Enumerable+SelectRangeIterator`1[Eliassen.System.Tests.Linq.TestTargets.TestTargetModel].OrderByDescending(n =&gt; n.Name).Skip(0).Take(10)



TestContext Messages:
SearchQuery-QueryableExtensionsTests_ExecuteByTest_Sort(340)-638422194153266978.json: Attached
PagedQueryResult_1-QueryableExtensionsTests_ExecuteByTest_Sort(342)-638422194153362495.json: Attached</StdOut>
        <StdErr>Eliassen.System.Linq.ConsoleLogger`1[Eliassen.System.Linq.Search.QueryBuilder]:Warning:&gt;
	No filtering detected: System.Linq.Enumerable+SelectRangeIterator`1[Eliassen.System.Tests.Linq.TestTargets.TestTargetModel]: CurrentPage: 0
PageSize: 0
ExcludePageCount: False
SearchTerm: (null)
	S:NAME: Descending</StdErr>
      </Output>
      <ResultFiles>
        <ResultFile path="DESKTOP-3FN5V33\PagedQueryResult_1-QueryableExtensionsTests_ExecuteByTest_Sort(342)-638422194153362495.json" />
        <ResultFile path="DESKTOP-3FN5V33\SearchQuery-QueryableExtensionsTests_ExecuteByTest_Sort(340)-638422194153266978.json" />
      </ResultFiles>
    </UnitTestResult>
    <UnitTestResult executionId="7f53ade6-19a8-44de-b247-bba205aa7ab8" testId="f598f4b2-0d84-3c92-1941-6f70c8135fc3" testName="ToEnumTest (Val2|Val1,Val1, Val2)" computerName="DESKTOP-3FN5V33" duration="00:00:00.0000283" startTime="2024-01-30T13:50:08.9056552-05:00" endTime="2024-01-30T13:50:08.9062588-05:00" testType="13cdc9d9-ddb5-4fa4-a97d-d965ccfc6d4b" outcome="Passed" testListId="8c84fa94-04c1-424b-9868-57a2d4851a1d" relativeResultsDirectory="7f53ade6-19a8-44de-b247-bba205aa7ab8" xmlns="http://microsoft.com/schemas/VisualStudio/TeamTest/2010" />
    <UnitTestResult executionId="3868b830-d20d-4555-90ab-88771d7181f4" testId="42569814-6b98-2a32-42fe-9c7bdada1d9f" testName="ToEnumTest (Val2 ,Val1,Val1, Val2)" computerName="DESKTOP-3FN5V33" duration="00:00:00.0000171" startTime="2024-01-30T13:50:08.8933774-05:00" endTime="2024-01-30T13:50:08.8938333-05:00" testType="13cdc9d9-ddb5-4fa4-a97d-d965ccfc6d4b" outcome="Passed" testListId="8c84fa94-04c1-424b-9868-57a2d4851a1d" relativeResultsDirectory="3868b830-d20d-4555-90ab-88771d7181f4" xmlns="http://microsoft.com/schemas/VisualStudio/TeamTest/2010" />
    <UnitTestResult executionId="3e45784f-8aa5-45ec-8e9d-e7dee9cbc6a7" testId="1b9e3bb4-64d4-a320-5b86-dba72457e6ef" testName="ToEnumTest (test description,WithDescription)" computerName="DESKTOP-3FN5V33" duration="00:00:00.0001607" startTime="2024-01-30T13:50:08.9277633-05:00" endTime="2024-01-30T13:50:08.9281772-05:00" testType="13cdc9d9-ddb5-4fa4-a97d-d965ccfc6d4b" outcome="Passed" testListId="8c84fa94-04c1-424b-9868-57a2d4851a1d" relativeResultsDirectory="3e45784f-8aa5-45ec-8e9d-e7dee9cbc6a7" xmlns="http://microsoft.com/schemas/VisualStudio/TeamTest/2010" />
    <UnitTestResult executionId="bcc38f67-3fbf-48fe-8300-5845228e2539" testId="63948805-297b-3757-4e75-2314b4468263" testName="ToEnumTest (Val2,Val2)" computerName="DESKTOP-3FN5V33" duration="00:00:00.0000365" startTime="2024-01-30T13:50:08.8887978-05:00" endTime="2024-01-30T13:50:08.8893740-05:00" testType="13cdc9d9-ddb5-4fa4-a97d-d965ccfc6d4b" outcome="Passed" testListId="8c84fa94-04c1-424b-9868-57a2d4851a1d" relativeResultsDirectory="bcc38f67-3fbf-48fe-8300-5845228e2539" xmlns="http://microsoft.com/schemas/VisualStudio/TeamTest/2010" />
    <UnitTestResult executionId="098d335e-0285-4a1a-b011-05891c3ef236" testId="3db5564a-09b3-d658-c0e0-9f86c81bd8c6" testName="ToEnumTest (1,Val1)" computerName="DESKTOP-3FN5V33" duration="00:00:00.0000126" startTime="2024-01-30T13:50:08.9099769-05:00" endTime="2024-01-30T13:50:08.9101636-05:00" testType="13cdc9d9-ddb5-4fa4-a97d-d965ccfc6d4b" outcome="Passed" testListId="8c84fa94-04c1-424b-9868-57a2d4851a1d" relativeResultsDirectory="098d335e-0285-4a1a-b011-05891c3ef236" xmlns="http://microsoft.com/schemas/VisualStudio/TeamTest/2010" />
    <UnitTestResult executionId="b04ad560-229c-43df-8574-e282b0f10f3e" testId="251289aa-a607-e006-c914-e09b39f52c99" testName="ExecuteByTest_Sort (Name,Descending,999,998,997,996,995,994,993,992,991,990)" computerName="DESKTOP-3FN5V33" duration="00:00:00.0203119" startTime="2024-01-30T13:50:15.2871931-05:00" endTime="2024-01-30T13:50:15.3080471-05:00" testType="13cdc9d9-ddb5-4fa4-a97d-d965ccfc6d4b" outcome="Passed" testListId="8c84fa94-04c1-424b-9868-57a2d4851a1d" relativeResultsDirectory="b04ad560-229c-43df-8574-e282b0f10f3e" xmlns="http://microsoft.com/schemas/VisualStudio/TeamTest/2010">
      <Output>
        <StdOut>Eliassen.System.Linq.ConsoleLogger`1[Eliassen.System.Linq.Search.QueryBuilder]:Information:&gt;
	Build query for CurrentPage: 0
PageSize: 0
ExcludePageCount: False
SearchTerm: (null)
	S:Name: Descending

Eliassen.System.Linq.ConsoleLogger`1[Eliassen.System.Linq.Search.QueryBuilder]:Information:&gt;
	Execute (paged): System.Linq.Enumerable+SelectRangeIterator`1[Eliassen.System.Tests.Linq.TestTargets.TestTargetModel].OrderByDescending(n =&gt; n.Name).Skip(0).Take(10)



TestContext Messages:
SearchQuery-QueryableExtensionsTests_ExecuteByTest_Sort(340)-638422194152885160.json: Attached
PagedQueryResult_1-QueryableExtensionsTests_ExecuteByTest_Sort(342)-638422194153018535.json: Attached</StdOut>
        <StdErr>Eliassen.System.Linq.ConsoleLogger`1[Eliassen.System.Linq.Search.QueryBuilder]:Warning:&gt;
	No filtering detected: System.Linq.Enumerable+SelectRangeIterator`1[Eliassen.System.Tests.Linq.TestTargets.TestTargetModel]: CurrentPage: 0
PageSize: 0
ExcludePageCount: False
SearchTerm: (null)
	S:Name: Descending</StdErr>
      </Output>
      <ResultFiles>
        <ResultFile path="DESKTOP-3FN5V33\PagedQueryResult_1-QueryableExtensionsTests_ExecuteByTest_Sort(342)-638422194153018535.json" />
        <ResultFile path="DESKTOP-3FN5V33\SearchQuery-QueryableExtensionsTests_ExecuteByTest_Sort(340)-638422194152885160.json" />
      </ResultFiles>
    </UnitTestResult>
    <UnitTestResult executionId="a0485825-cccf-47db-bae6-54d5845eb83d" testId="33a234b4-5b0c-8ae4-c739-6e7b62145768" testName="ToEnumTest (Val2 , Val1,Val1, Val2)" computerName="DESKTOP-3FN5V33" duration="00:00:00.0000120" startTime="2024-01-30T13:50:08.8924715-05:00" endTime="2024-01-30T13:50:08.8926416-05:00" testType="13cdc9d9-ddb5-4fa4-a97d-d965ccfc6d4b" outcome="Passed" testListId="8c84fa94-04c1-424b-9868-57a2d4851a1d" relativeResultsDirectory="a0485825-cccf-47db-bae6-54d5845eb83d" xmlns="http://microsoft.com/schemas/VisualStudio/TeamTest/2010" />
    <UnitTestResult executionId="da5b63e4-869a-4ae8-8631-489401670a49" testId="40025f8c-33a3-86dc-40ea-c26da3d7c94a" testName="ExecuteByTest_Sort (name,Descending,999,998,997,996,995,994,993,992,991,990)" computerName="DESKTOP-3FN5V33" duration="00:00:00.0140960" startTime="2024-01-30T13:50:15.3094896-05:00" endTime="2024-01-30T13:50:15.3242191-05:00" testType="13cdc9d9-ddb5-4fa4-a97d-d965ccfc6d4b" outcome="Passed" testListId="8c84fa94-04c1-424b-9868-57a2d4851a1d" relativeResultsDirectory="da5b63e4-869a-4ae8-8631-489401670a49" xmlns="http://microsoft.com/schemas/VisualStudio/TeamTest/2010">
      <Output>
        <StdOut>Eliassen.System.Linq.ConsoleLogger`1[Eliassen.System.Linq.Search.QueryBuilder]:Information:&gt;
	Build query for CurrentPage: 0
PageSize: 0
ExcludePageCount: False
SearchTerm: (null)
	S:name: Descending

Eliassen.System.Linq.ConsoleLogger`1[Eliassen.System.Linq.Search.QueryBuilder]:Information:&gt;
	Execute (paged): System.Linq.Enumerable+SelectRangeIterator`1[Eliassen.System.Tests.Linq.TestTargets.TestTargetModel].OrderByDescending(n =&gt; n.Name).Skip(0).Take(10)



TestContext Messages:
SearchQuery-QueryableExtensionsTests_ExecuteByTest_Sort(340)-638422194153104955.json: Attached
PagedQueryResult_1-QueryableExtensionsTests_ExecuteByTest_Sort(342)-638422194153196291.json: Attached</StdOut>
        <StdErr>Eliassen.System.Linq.ConsoleLogger`1[Eliassen.System.Linq.Search.QueryBuilder]:Warning:&gt;
	No filtering detected: System.Linq.Enumerable+SelectRangeIterator`1[Eliassen.System.Tests.Linq.TestTargets.TestTargetModel]: CurrentPage: 0
PageSize: 0
ExcludePageCount: False
SearchTerm: (null)
	S:name: Descending</StdErr>
      </Output>
      <ResultFiles>
        <ResultFile path="DESKTOP-3FN5V33\PagedQueryResult_1-QueryableExtensionsTests_ExecuteByTest_Sort(342)-638422194153196291.json" />
        <ResultFile path="DESKTOP-3FN5V33\SearchQuery-QueryableExtensionsTests_ExecuteByTest_Sort(340)-638422194153104955.json" />
      </ResultFiles>
    </UnitTestResult>
    <UnitTestResult executionId="56de7c87-b435-45ba-9fec-a5486a322ef9" testId="23c81040-d5d6-0e65-6245-2fe212879616" testName="ToEnumTest (2,Val2)" computerName="DESKTOP-3FN5V33" duration="00:00:00.0000107" startTime="2024-01-30T13:50:08.9111117-05:00" endTime="2024-01-30T13:50:08.9112928-05:00" testType="13cdc9d9-ddb5-4fa4-a97d-d965ccfc6d4b" outcome="Passed" testListId="8c84fa94-04c1-424b-9868-57a2d4851a1d" relativeResultsDirectory="56de7c87-b435-45ba-9fec-a5486a322ef9" xmlns="http://microsoft.com/schemas/VisualStudio/TeamTest/2010" />
    <UnitTestResult executionId="f846c275-908f-46a7-8c47-d4a6d177a0a0" testId="61e785a3-6dc7-7a65-ecf9-a0b14d187326" testName="ToEnumTest (Val1,Val1)" computerName="DESKTOP-3FN5V33" duration="00:00:00.0099184" startTime="2024-01-30T13:50:08.8645184-05:00" endTime="2024-01-30T13:50:08.8833620-05:00" testType="13cdc9d9-ddb5-4fa4-a97d-d965ccfc6d4b" outcome="Passed" testListId="8c84fa94-04c1-424b-9868-57a2d4851a1d" relativeResultsDirectory="f846c275-908f-46a7-8c47-d4a6d177a0a0" xmlns="http://microsoft.com/schemas/VisualStudio/TeamTest/2010" />
    <UnitTestResult executionId="93049846-0e4c-40a7-acf7-ce6fc8503eed" testId="513d11fc-67fa-6f75-0d1b-3a56ad265509" testName="ExecuteByTest_Sort (Name,Ascending,0,1,10,100,101,102,103,104,105,106)" computerName="DESKTOP-3FN5V33" duration="00:00:00.0109036" startTime="2024-01-30T13:50:15.3425095-05:00" endTime="2024-01-30T13:50:15.3540120-05:00" testType="13cdc9d9-ddb5-4fa4-a97d-d965ccfc6d4b" outcome="Passed" testListId="8c84fa94-04c1-424b-9868-57a2d4851a1d" relativeResultsDirectory="93049846-0e4c-40a7-acf7-ce6fc8503eed" xmlns="http://microsoft.com/schemas/VisualStudio/TeamTest/2010">
      <Output>
        <StdOut>Eliassen.System.Linq.ConsoleLogger`1[Eliassen.System.Linq.Search.QueryBuilder]:Information:&gt;
	Build query for CurrentPage: 0
PageSize: 0
ExcludePageCount: False
SearchTerm: (null)
	S:Name: Ascending

Eliassen.System.Linq.ConsoleLogger`1[Eliassen.System.Linq.Search.QueryBuilder]:Information:&gt;
	Execute (paged): System.Linq.Enumerable+SelectRangeIterator`1[Eliassen.System.Tests.Linq.TestTargets.TestTargetModel].OrderBy(n =&gt; n.Name).Skip(0).Take(10)



TestContext Messages:
SearchQuery-QueryableExtensionsTests_ExecuteByTest_Sort(340)-638422194153430344.json: Attached
PagedQueryResult_1-QueryableExtensionsTests_ExecuteByTest_Sort(342)-638422194153504248.json: Attached</StdOut>
        <StdErr>Eliassen.System.Linq.ConsoleLogger`1[Eliassen.System.Linq.Search.QueryBuilder]:Warning:&gt;
	No filtering detected: System.Linq.Enumerable+SelectRangeIterator`1[Eliassen.System.Tests.Linq.TestTargets.TestTargetModel]: CurrentPage: 0
PageSize: 0
ExcludePageCount: False
SearchTerm: (null)
	S:Name: Ascending</StdErr>
      </Output>
      <ResultFiles>
        <ResultFile path="DESKTOP-3FN5V33\PagedQueryResult_1-QueryableExtensionsTests_ExecuteByTest_Sort(342)-638422194153504248.json" />
        <ResultFile path="DESKTOP-3FN5V33\SearchQuery-QueryableExtensionsTests_ExecuteByTest_Sort(340)-638422194153430344.json" />
      </ResultFiles>
    </UnitTestResult>
    <UnitTestResult executionId="fe59102a-0ea6-4c96-ab22-101751c8704e" testId="26371a34-e095-ac3b-cdb6-58031708ffda" testName="ToEnumTest (name,WithEnumValue)" computerName="DESKTOP-3FN5V33" duration="00:00:00.0014356" startTime="2024-01-30T13:50:08.9211448-05:00" endTime="2024-01-30T13:50:08.9229485-05:00" testType="13cdc9d9-ddb5-4fa4-a97d-d965ccfc6d4b" outcome="Passed" testListId="8c84fa94-04c1-424b-9868-57a2d4851a1d" relativeResultsDirectory="fe59102a-0ea6-4c96-ab22-101751c8704e" xmlns="http://microsoft.com/schemas/VisualStudio/TeamTest/2010" />
    <UnitTestResult executionId="490a9566-0239-4950-859a-3fbb47f0337b" testId="10eeac77-be98-5314-e134-5e07fee4201b" testName="ToEnumTest (0,Val0)" computerName="DESKTOP-3FN5V33" duration="00:00:00.0000152" startTime="2024-01-30T13:50:08.9088808-05:00" endTime="2024-01-30T13:50:08.9091006-05:00" testType="13cdc9d9-ddb5-4fa4-a97d-d965ccfc6d4b" outcome="Passed" testListId="8c84fa94-04c1-424b-9868-57a2d4851a1d" relativeResultsDirectory="490a9566-0239-4950-859a-3fbb47f0337b" xmlns="http://microsoft.com/schemas/VisualStudio/TeamTest/2010" />
    <UnitTestResult executionId="7f96ca09-f357-4a0e-b997-f3e15554c49f" testId="af3880ac-68f4-36b7-1968-58204ada5522" testName="ToEnumTest (Val2,Val1,Val1, Val2)" computerName="DESKTOP-3FN5V33" duration="00:00:00.0000129" startTime="2024-01-30T13:50:08.8914858-05:00" endTime="2024-01-30T13:50:08.8917486-05:00" testType="13cdc9d9-ddb5-4fa4-a97d-d965ccfc6d4b" outcome="Passed" testListId="8c84fa94-04c1-424b-9868-57a2d4851a1d" relativeResultsDirectory="7f96ca09-f357-4a0e-b997-f3e15554c49f" xmlns="http://microsoft.com/schemas/VisualStudio/TeamTest/2010" />
    <UnitTestResult executionId="7b4a3668-9b31-4333-814b-dace85e2b147" testId="87efccdd-521d-8651-4344-aecbb535b39d" testName="ToEnumTest (name,name2|test name,WithEnumValue, WithMemberName, WithDisplay)" computerName="DESKTOP-3FN5V33" duration="00:00:00.0001558" startTime="2024-01-30T13:50:08.9398631-05:00" endTime="2024-01-30T13:50:08.9402591-05:00" testType="13cdc9d9-ddb5-4fa4-a97d-d965ccfc6d4b" outcome="Passed" testListId="8c84fa94-04c1-424b-9868-57a2d4851a1d" relativeResultsDirectory="7b4a3668-9b31-4333-814b-dace85e2b147" xmlns="http://microsoft.com/schemas/VisualStudio/TeamTest/2010" />
    <UnitTestResult executionId="33e3c99f-ce66-428e-a5ee-f4029c8f7f90" testId="edb23b8d-5f7e-d2bb-ce76-f187b30ebb61" testName="ToEnumTest (Val2, Val1,Val1, Val2)" computerName="DESKTOP-3FN5V33" duration="00:00:00.0000148" startTime="2024-01-30T13:50:08.8903080-05:00" endTime="2024-01-30T13:50:08.8905163-05:00" testType="13cdc9d9-ddb5-4fa4-a97d-d965ccfc6d4b" outcome="Passed" testListId="8c84fa94-04c1-424b-9868-57a2d4851a1d" relativeResultsDirectory="33e3c99f-ce66-428e-a5ee-f4029c8f7f90" xmlns="http://microsoft.com/schemas/VisualStudio/TeamTest/2010" />
    <UnitTestResult executionId="677b28b1-08af-4e47-a4a2-3dbbf0216084" testId="a5c8e016-d4ea-30ed-fbf3-890ea331078c" testName="ToEnumTest (4,WithEnumValue)" computerName="DESKTOP-3FN5V33" duration="00:00:00.0000147" startTime="2024-01-30T13:50:08.9146270-05:00" endTime="2024-01-30T13:50:08.9148520-05:00" testType="13cdc9d9-ddb5-4fa4-a97d-d965ccfc6d4b" outcome="Passed" testListId="8c84fa94-04c1-424b-9868-57a2d4851a1d" relativeResultsDirectory="677b28b1-08af-4e47-a4a2-3dbbf0216084" xmlns="http://microsoft.com/schemas/VisualStudio/TeamTest/2010" />
    <UnitTestResult executionId="07afe965-009d-4726-b88b-21d8b8c445c2" testId="c3d96c67-b7eb-8271-8b2c-35176b8a900c" testName="ToEnumTest (3,Val1, Val2)" computerName="DESKTOP-3FN5V33" duration="00:00:00.0000210" startTime="2024-01-30T13:50:08.9122315-05:00" endTime="2024-01-30T13:50:08.9133342-05:00" testType="13cdc9d9-ddb5-4fa4-a97d-d965ccfc6d4b" outcome="Passed" testListId="8c84fa94-04c1-424b-9868-57a2d4851a1d" relativeResultsDirectory="07afe965-009d-4726-b88b-21d8b8c445c2" xmlns="http://microsoft.com/schemas/VisualStudio/TeamTest/2010" />
    <UnitTestResult executionId="378daa48-3111-4891-abee-660d6da9e12d" testId="831e2631-9a37-4b0a-2e4e-453da32f04e1" testName="ToEnumTest (test short,WithDisplay)" computerName="DESKTOP-3FN5V33" duration="00:00:00.0001679" startTime="2024-01-30T13:50:08.9385414-05:00" endTime="2024-01-30T13:50:08.9390050-05:00" testType="13cdc9d9-ddb5-4fa4-a97d-d965ccfc6d4b" outcome="Passed" testListId="8c84fa94-04c1-424b-9868-57a2d4851a1d" relativeResultsDirectory="378daa48-3111-4891-abee-660d6da9e12d" xmlns="http://microsoft.com/schemas/VisualStudio/TeamTest/2010" />
    <UnitTestResult executionId="43943c71-7c92-433b-80c5-8e1007f4383f" testId="4ce80adc-85b2-94de-76f3-cc28367202bc" testName="ToEnumTest (-1,-1)" computerName="DESKTOP-3FN5V33" duration="00:00:00.0000319" startTime="2024-01-30T13:50:08.9074276-05:00" endTime="2024-01-30T13:50:08.9078934-05:00" testType="13cdc9d9-ddb5-4fa4-a97d-d965ccfc6d4b" outcome="Passed" testListId="8c84fa94-04c1-424b-9868-57a2d4851a1d" relativeResultsDirectory="43943c71-7c92-433b-80c5-8e1007f4383f" xmlns="http://microsoft.com/schemas/VisualStudio/TeamTest/2010" />
    <UnitTestResult executionId="60b370f2-2338-42e6-8396-c30a1ee5c53a" testId="f20600a2-9628-5de8-bbf6-315f97e16140" testName="ToEnumTest (test name,WithDisplay)" computerName="DESKTOP-3FN5V33" duration="00:00:00.0004156" startTime="2024-01-30T13:50:08.9355112-05:00" endTime="2024-01-30T13:50:08.9369872-05:00" testType="13cdc9d9-ddb5-4fa4-a97d-d965ccfc6d4b" outcome="Passed" testListId="8c84fa94-04c1-424b-9868-57a2d4851a1d" relativeResultsDirectory="60b370f2-2338-42e6-8396-c30a1ee5c53a" xmlns="http://microsoft.com/schemas/VisualStudio/TeamTest/2010" />
    <UnitTestResult executionId="5af1b04b-35fe-47c9-9938-43d2648055a7" testId="cafd6058-6aab-9d1f-69ad-4c9f56040de6" testName="ToEnumTest (Val2,Val1,Val1, Val2)" computerName="DESKTOP-3FN5V33" duration="00:00:00.0000540" startTime="2024-01-25T17:12:47.7586439-05:00" endTime="2024-01-25T17:12:47.7623094-05:00" testType="13cdc9d9-ddb5-4fa4-a97d-d965ccfc6d4b" outcome="Passed" testListId="8c84fa94-04c1-424b-9868-57a2d4851a1d" relativeResultsDirectory="5af1b04b-35fe-47c9-9938-43d2648055a7" xmlns="http://microsoft.com/schemas/VisualStudio/TeamTest/2010" />
    <UnitTestResult executionId="a8a50ed7-efd8-443c-9e29-24d2caac2081" testId="2e0c9851-0485-aa3c-d24f-7fccd80074f4" testName="ToEnumTest (Val2,Val2)" computerName="DESKTOP-3FN5V33" duration="00:00:00.0000405" startTime="2024-01-25T17:12:47.7552674-05:00" endTime="2024-01-25T17:12:47.7558031-05:00" testType="13cdc9d9-ddb5-4fa4-a97d-d965ccfc6d4b" outcome="Passed" testListId="8c84fa94-04c1-424b-9868-57a2d4851a1d" relativeResultsDirectory="a8a50ed7-efd8-443c-9e29-24d2caac2081" xmlns="http://microsoft.com/schemas/VisualStudio/TeamTest/2010" />
    <UnitTestResult executionId="287d2aa0-5656-4896-9784-20b5e978a9b2" testId="4bf38066-0bb2-757e-8a8e-3db6781b25d2" testName="ExecuteByTest_Sort (Name,Ascending,0,1,10,100,101,102,103,104,105,106)" computerName="DESKTOP-3FN5V33" duration="00:00:00.0181157" startTime="2024-01-25T17:12:56.6167674-05:00" endTime="2024-01-25T17:12:56.6356016-05:00" testType="13cdc9d9-ddb5-4fa4-a97d-d965ccfc6d4b" outcome="Passed" testListId="8c84fa94-04c1-424b-9868-57a2d4851a1d" relativeResultsDirectory="287d2aa0-5656-4896-9784-20b5e978a9b2" xmlns="http://microsoft.com/schemas/VisualStudio/TeamTest/2010">
      <Output>
        <StdOut>Eliassen.System.Linq.ConsoleLogger`1[Eliassen.System.Linq.Search.QueryBuilder]:Information:&gt;
	Build query for CurrentPage: 0
PageSize: 0
ExcludePageCount: False
SearchTerm: (null)
	S:Name: Ascending

Eliassen.System.Linq.ConsoleLogger`1[Eliassen.System.Linq.Search.QueryBuilder]:Information:&gt;
	Execute (paged): System.Linq.Enumerable+SelectRangeIterator`1[Eliassen.System.Tests.Linq.TestTargets.TestTargetModel].OrderBy(n =&gt; n.Name).Skip(0).Take(10)



TestContext Messages:
SearchQuery-QueryableExtensionsTests_ExecuteByTest_Sort(340)-638417995766173111.json: Attached
PagedQueryResult_1-QueryableExtensionsTests_ExecuteByTest_Sort(342)-638417995766306612.json: Attached</StdOut>
        <StdErr>Eliassen.System.Linq.ConsoleLogger`1[Eliassen.System.Linq.Search.QueryBuilder]:Warning:&gt;
	No filtering detected: System.Linq.Enumerable+SelectRangeIterator`1[Eliassen.System.Tests.Linq.TestTargets.TestTargetModel]: CurrentPage: 0
PageSize: 0
ExcludePageCount: False
SearchTerm: (null)
	S:Name: Ascending</StdErr>
      </Output>
      <ResultFiles>
        <ResultFile path="DESKTOP-3FN5V33\PagedQueryResult_1-QueryableExtensionsTests_ExecuteByTest_Sort(342)-638417995766306612.json" />
        <ResultFile path="DESKTOP-3FN5V33\SearchQuery-QueryableExtensionsTests_ExecuteByTest_Sort(340)-638417995766173111.json" />
      </ResultFiles>
    </UnitTestResult>
    <UnitTestResult executionId="3fefcdcb-7f67-42a8-8dae-9f0b0986694b" testId="0f7e3e16-777a-5558-36e8-70ed511d8dc2" testName="ToEnumTest (name2,WithMemberName)" computerName="DESKTOP-3FN5V33" duration="00:00:00.0004550" startTime="2024-01-25T17:12:47.8042280-05:00" endTime="2024-01-25T17:12:47.8051625-05:00" testType="13cdc9d9-ddb5-4fa4-a97d-d965ccfc6d4b" outcome="Passed" testListId="8c84fa94-04c1-424b-9868-57a2d4851a1d" relativeResultsDirectory="3fefcdcb-7f67-42a8-8dae-9f0b0986694b" xmlns="http://microsoft.com/schemas/VisualStudio/TeamTest/2010" />
    <UnitTestResult executionId="2ff51e66-075d-4c06-ba9a-c3a71b177b7f" testId="2b082eef-4fa9-3b0c-8d19-b1f036cc7147" testName="ToEnumTest (3,Val1, Val2)" computerName="DESKTOP-3FN5V33" duration="00:00:00.0000151" startTime="2024-01-25T17:12:47.7843661-05:00" endTime="2024-01-25T17:12:47.7845742-05:00" testType="13cdc9d9-ddb5-4fa4-a97d-d965ccfc6d4b" outcome="Passed" testListId="8c84fa94-04c1-424b-9868-57a2d4851a1d" relativeResultsDirectory="2ff51e66-075d-4c06-ba9a-c3a71b177b7f" xmlns="http://microsoft.com/schemas/VisualStudio/TeamTest/2010" />
    <UnitTestResult executionId="648d670a-358e-4778-98dd-39417ed22f2b" testId="38e9a0c7-b39d-0746-cc04-b6b9aa4e3b7c" testName="ToEnumTest (Val2 , Val1,Val1, Val2)" computerName="DESKTOP-3FN5V33" duration="00:00:00.0000667" startTime="2024-01-25T17:12:47.7654632-05:00" endTime="2024-01-25T17:12:47.7661013-05:00" testType="13cdc9d9-ddb5-4fa4-a97d-d965ccfc6d4b" outcome="Passed" testListId="8c84fa94-04c1-424b-9868-57a2d4851a1d" relativeResultsDirectory="648d670a-358e-4778-98dd-39417ed22f2b" xmlns="http://microsoft.com/schemas/VisualStudio/TeamTest/2010" />
    <UnitTestResult executionId="4a59e6c9-f402-46bd-b724-6944832289f7" testId="f78a8ff3-c0d0-976a-acb4-40a970430b93" testName="ToEnumTest (test description,WithDescription)" computerName="DESKTOP-3FN5V33" duration="00:00:00.0005744" startTime="2024-01-25T17:12:47.8132451-05:00" endTime="2024-01-25T17:12:47.8150352-05:00" testType="13cdc9d9-ddb5-4fa4-a97d-d965ccfc6d4b" outcome="Passed" testListId="8c84fa94-04c1-424b-9868-57a2d4851a1d" relativeResultsDirectory="4a59e6c9-f402-46bd-b724-6944832289f7" xmlns="http://microsoft.com/schemas/VisualStudio/TeamTest/2010" />
    <UnitTestResult executionId="61d12989-822b-4d73-be78-422486850299" testId="a68de2ae-2056-64c2-a1d0-a4ade981516a" testName="ToEnumTest (Val2, Val1,Val1, Val2)" computerName="DESKTOP-3FN5V33" duration="00:00:00.0000284" startTime="2024-01-25T17:12:47.7570471-05:00" endTime="2024-01-25T17:12:47.7574228-05:00" testType="13cdc9d9-ddb5-4fa4-a97d-d965ccfc6d4b" outcome="Passed" testListId="8c84fa94-04c1-424b-9868-57a2d4851a1d" relativeResultsDirectory="61d12989-822b-4d73-be78-422486850299" xmlns="http://microsoft.com/schemas/VisualStudio/TeamTest/2010" />
    <UnitTestResult executionId="e9f8bb44-a802-4273-90be-68f60cc17dff" testId="84a71d2d-ba2d-93f8-5034-8f6c197225a9" testName="ToEnumTest (name,WithEnumValue)" computerName="DESKTOP-3FN5V33" duration="00:00:00.0022546" startTime="2024-01-25T17:12:47.7968401-05:00" endTime="2024-01-25T17:12:47.7996636-05:00" testType="13cdc9d9-ddb5-4fa4-a97d-d965ccfc6d4b" outcome="Passed" testListId="8c84fa94-04c1-424b-9868-57a2d4851a1d" relativeResultsDirectory="e9f8bb44-a802-4273-90be-68f60cc17dff" xmlns="http://microsoft.com/schemas/VisualStudio/TeamTest/2010" />
    <UnitTestResult executionId="803aae46-c639-4eae-9660-5080d08fc69a" testId="207e4065-88b5-ba27-1f76-4d0f0a098cde" testName="ToEnumTest (2,Val2)" computerName="DESKTOP-3FN5V33" duration="00:00:00.0000179" startTime="2024-01-25T17:12:47.7830400-05:00" endTime="2024-01-25T17:12:47.7833230-05:00" testType="13cdc9d9-ddb5-4fa4-a97d-d965ccfc6d4b" outcome="Passed" testListId="8c84fa94-04c1-424b-9868-57a2d4851a1d" relativeResultsDirectory="803aae46-c639-4eae-9660-5080d08fc69a" xmlns="http://microsoft.com/schemas/VisualStudio/TeamTest/2010" />
    <UnitTestResult executionId="96ad9532-f80d-4940-89f7-ae4df20af570" testId="97a142d5-b0a9-d9bf-03a6-736e4df75106" testName="ExecuteByTest_Sort (NAME,Descending,999,998,997,996,995,994,993,992,991,990)" computerName="DESKTOP-3FN5V33" duration="00:00:00.0176636" startTime="2024-01-25T17:12:56.5967694-05:00" endTime="2024-01-25T17:12:56.6150353-05:00" testType="13cdc9d9-ddb5-4fa4-a97d-d965ccfc6d4b" outcome="Passed" testListId="8c84fa94-04c1-424b-9868-57a2d4851a1d" relativeResultsDirectory="96ad9532-f80d-4940-89f7-ae4df20af570" xmlns="http://microsoft.com/schemas/VisualStudio/TeamTest/2010">
      <Output>
        <StdOut>Eliassen.System.Linq.ConsoleLogger`1[Eliassen.System.Linq.Search.QueryBuilder]:Information:&gt;
	Build query for CurrentPage: 0
PageSize: 0
ExcludePageCount: False
SearchTerm: (null)
	S:NAME: Descending

Eliassen.System.Linq.ConsoleLogger`1[Eliassen.System.Linq.Search.QueryBuilder]:Information:&gt;
	Execute (paged): System.Linq.Enumerable+SelectRangeIterator`1[Eliassen.System.Tests.Linq.TestTargets.TestTargetModel].OrderByDescending(n =&gt; n.Name).Skip(0).Take(10)



TestContext Messages:
SearchQuery-QueryableExtensionsTests_ExecuteByTest_Sort(340)-638417995765972713.json: Attached
PagedQueryResult_1-QueryableExtensionsTests_ExecuteByTest_Sort(342)-638417995766092480.json: Attached</StdOut>
        <StdErr>Eliassen.System.Linq.ConsoleLogger`1[Eliassen.System.Linq.Search.QueryBuilder]:Warning:&gt;
	No filtering detected: System.Linq.Enumerable+SelectRangeIterator`1[Eliassen.System.Tests.Linq.TestTargets.TestTargetModel]: CurrentPage: 0
PageSize: 0
ExcludePageCount: False
SearchTerm: (null)
	S:NAME: Descending</StdErr>
      </Output>
      <ResultFiles>
        <ResultFile path="DESKTOP-3FN5V33\PagedQueryResult_1-QueryableExtensionsTests_ExecuteByTest_Sort(342)-638417995766092480.json" />
        <ResultFile path="DESKTOP-3FN5V33\SearchQuery-QueryableExtensionsTests_ExecuteByTest_Sort(340)-638417995765972713.json" />
      </ResultFiles>
    </UnitTestResult>
    <UnitTestResult executionId="1dc7910b-5c6c-4dca-b8ff-a6e531b7b6a4" testId="250659bd-c780-75f8-425e-56948f547d27" testName="ExecuteByTest_Sort (name,Descending,999,998,997,996,995,994,993,992,991,990)" computerName="DESKTOP-3FN5V33" duration="00:00:00.0183608" startTime="2024-01-25T17:12:56.5758213-05:00" endTime="2024-01-25T17:12:56.5951719-05:00" testType="13cdc9d9-ddb5-4fa4-a97d-d965ccfc6d4b" outcome="Passed" testListId="8c84fa94-04c1-424b-9868-57a2d4851a1d" relativeResultsDirectory="1dc7910b-5c6c-4dca-b8ff-a6e531b7b6a4" xmlns="http://microsoft.com/schemas/VisualStudio/TeamTest/2010">
      <Output>
        <StdOut>Eliassen.System.Linq.ConsoleLogger`1[Eliassen.System.Linq.Search.QueryBuilder]:Information:&gt;
	Build query for CurrentPage: 0
PageSize: 0
ExcludePageCount: False
SearchTerm: (null)
	S:name: Descending

Eliassen.System.Linq.ConsoleLogger`1[Eliassen.System.Linq.Search.QueryBuilder]:Information:&gt;
	Execute (paged): System.Linq.Enumerable+SelectRangeIterator`1[Eliassen.System.Tests.Linq.TestTargets.TestTargetModel].OrderByDescending(n =&gt; n.Name).Skip(0).Take(10)



TestContext Messages:
SearchQuery-QueryableExtensionsTests_ExecuteByTest_Sort(340)-638417995765772418.json: Attached
PagedQueryResult_1-QueryableExtensionsTests_ExecuteByTest_Sort(342)-638417995765895586.json: Attached</StdOut>
        <StdErr>Eliassen.System.Linq.ConsoleLogger`1[Eliassen.System.Linq.Search.QueryBuilder]:Warning:&gt;
	No filtering detected: System.Linq.Enumerable+SelectRangeIterator`1[Eliassen.System.Tests.Linq.TestTargets.TestTargetModel]: CurrentPage: 0
PageSize: 0
ExcludePageCount: False
SearchTerm: (null)
	S:name: Descending</StdErr>
      </Output>
      <ResultFiles>
        <ResultFile path="DESKTOP-3FN5V33\PagedQueryResult_1-QueryableExtensionsTests_ExecuteByTest_Sort(342)-638417995765895586.json" />
        <ResultFile path="DESKTOP-3FN5V33\SearchQuery-QueryableExtensionsTests_ExecuteByTest_Sort(340)-638417995765772418.json" />
      </ResultFiles>
    </UnitTestResult>
    <UnitTestResult executionId="933992f1-ce09-4c4c-8123-bf2d9c638117" testId="0b8f627b-a1c8-6277-6090-2fc13b4051a9" testName="ToEnumTest (Val2|Val1,Val1, Val2)" computerName="DESKTOP-3FN5V33" duration="00:00:00.0000358" startTime="2024-01-25T17:12:47.7763260-05:00" endTime="2024-01-25T17:12:47.7767751-05:00" testType="13cdc9d9-ddb5-4fa4-a97d-d965ccfc6d4b" outcome="Passed" testListId="8c84fa94-04c1-424b-9868-57a2d4851a1d" relativeResultsDirectory="933992f1-ce09-4c4c-8123-bf2d9c638117" xmlns="http://microsoft.com/schemas/VisualStudio/TeamTest/2010" />
    <UnitTestResult executionId="9b7d69c5-7891-42d7-a031-f82e37fca1c0" testId="2ae6c352-791a-5a0c-8cef-9e8ca7a29354" testName="ToEnumTest (0,Val0)" computerName="DESKTOP-3FN5V33" duration="00:00:00.0000319" startTime="2024-01-25T17:12:47.7799505-05:00" endTime="2024-01-25T17:12:47.7802418-05:00" testType="13cdc9d9-ddb5-4fa4-a97d-d965ccfc6d4b" outcome="Passed" testListId="8c84fa94-04c1-424b-9868-57a2d4851a1d" relativeResultsDirectory="9b7d69c5-7891-42d7-a031-f82e37fca1c0" xmlns="http://microsoft.com/schemas/VisualStudio/TeamTest/2010" />
    <UnitTestResult executionId="4a867966-5e3a-4980-a46c-5e36802547ad" testId="8e643e26-fbd5-ae99-4a9a-d26e4648cd65" testName="ToEnumTest (Val1,Val1)" computerName="DESKTOP-3FN5V33" duration="00:00:00.0146079" startTime="2024-01-25T17:12:47.7347606-05:00" endTime="2024-01-25T17:12:47.7537883-05:00" testType="13cdc9d9-ddb5-4fa4-a97d-d965ccfc6d4b" outcome="Passed" testListId="8c84fa94-04c1-424b-9868-57a2d4851a1d" relativeResultsDirectory="4a867966-5e3a-4980-a46c-5e36802547ad" xmlns="http://microsoft.com/schemas/VisualStudio/TeamTest/2010" />
    <UnitTestResult executionId="b8f41861-5f9c-486b-9950-2739bac90da8" testId="ce6510cf-36c8-726a-19a1-61fee8813205" testName="ToEnumTest (test name,WithDisplay)" computerName="DESKTOP-3FN5V33" duration="00:00:00.0028317" startTime="2024-01-25T17:12:47.8205318-05:00" endTime="2024-01-25T17:12:47.8238690-05:00" testType="13cdc9d9-ddb5-4fa4-a97d-d965ccfc6d4b" outcome="Passed" testListId="8c84fa94-04c1-424b-9868-57a2d4851a1d" relativeResultsDirectory="b8f41861-5f9c-486b-9950-2739bac90da8" xmlns="http://microsoft.com/schemas/VisualStudio/TeamTest/2010" />
    <UnitTestResult executionId="22ce8182-626b-4f87-b1f5-87f796895296" testId="ddf9cd7e-758c-d704-01a7-8f705631b98b" testName="ExecuteByTest_Sort (Name,Descending,999,998,997,996,995,994,993,992,991,990)" computerName="DESKTOP-3FN5V33" duration="00:00:00.0248981" startTime="2024-01-25T17:12:56.5486647-05:00" endTime="2024-01-25T17:12:56.5742133-05:00" testType="13cdc9d9-ddb5-4fa4-a97d-d965ccfc6d4b" outcome="Passed" testListId="8c84fa94-04c1-424b-9868-57a2d4851a1d" relativeResultsDirectory="22ce8182-626b-4f87-b1f5-87f796895296" xmlns="http://microsoft.com/schemas/VisualStudio/TeamTest/2010">
      <Output>
        <StdOut>Eliassen.System.Linq.ConsoleLogger`1[Eliassen.System.Linq.Search.QueryBuilder]:Information:&gt;
	Build query for CurrentPage: 0
PageSize: 0
ExcludePageCount: False
SearchTerm: (null)
	S:Name: Descending

Eliassen.System.Linq.ConsoleLogger`1[Eliassen.System.Linq.Search.QueryBuilder]:Information:&gt;
	Execute (paged): System.Linq.Enumerable+SelectRangeIterator`1[Eliassen.System.Tests.Linq.TestTargets.TestTargetModel].OrderByDescending(n =&gt; n.Name).Skip(0).Take(10)



TestContext Messages:
SearchQuery-QueryableExtensionsTests_ExecuteByTest_Sort(340)-638417995765501857.json: Attached
PagedQueryResult_1-QueryableExtensionsTests_ExecuteByTest_Sort(342)-638417995765656990.json: Attached</StdOut>
        <StdErr>Eliassen.System.Linq.ConsoleLogger`1[Eliassen.System.Linq.Search.QueryBuilder]:Warning:&gt;
	No filtering detected: System.Linq.Enumerable+SelectRangeIterator`1[Eliassen.System.Tests.Linq.TestTargets.TestTargetModel]: CurrentPage: 0
PageSize: 0
ExcludePageCount: False
SearchTerm: (null)
	S:Name: Descending</StdErr>
      </Output>
      <ResultFiles>
        <ResultFile path="DESKTOP-3FN5V33\PagedQueryResult_1-QueryableExtensionsTests_ExecuteByTest_Sort(342)-638417995765656990.json" />
        <ResultFile path="DESKTOP-3FN5V33\SearchQuery-QueryableExtensionsTests_ExecuteByTest_Sort(340)-638417995765501857.json" />
      </ResultFiles>
    </UnitTestResult>
    <UnitTestResult executionId="5602ea70-adac-4e47-9a02-9404861e8abc" testId="d30c3925-6041-dd0b-2a02-37144f03e811" testName="ToEnumTest (Val2 ,Val1,Val1, Val2)" computerName="DESKTOP-3FN5V33" duration="00:00:00.0000234" startTime="2024-01-25T17:12:47.7690555-05:00" endTime="2024-01-25T17:12:47.7697210-05:00" testType="13cdc9d9-ddb5-4fa4-a97d-d965ccfc6d4b" outcome="Passed" testListId="8c84fa94-04c1-424b-9868-57a2d4851a1d" relativeResultsDirectory="5602ea70-adac-4e47-9a02-9404861e8abc" xmlns="http://microsoft.com/schemas/VisualStudio/TeamTest/2010" />
    <UnitTestResult executionId="13bc0757-e442-409b-b135-3c7718235c01" testId="d5c2d09d-d5bb-c30c-e877-f0810b3cd681" testName="ToEnumTest (1,Val1)" computerName="DESKTOP-3FN5V33" duration="00:00:00.0000232" startTime="2024-01-25T17:12:47.7815526-05:00" endTime="2024-01-25T17:12:47.7818272-05:00" testType="13cdc9d9-ddb5-4fa4-a97d-d965ccfc6d4b" outcome="Passed" testListId="8c84fa94-04c1-424b-9868-57a2d4851a1d" relativeResultsDirectory="13bc0757-e442-409b-b135-3c7718235c01" xmlns="http://microsoft.com/schemas/VisualStudio/TeamTest/2010" />
    <UnitTestResult executionId="ad59a171-928f-4423-8ac4-7a6dc695e6d3" testId="8667c664-2408-3d94-53dd-862b8bb2405a" testName="ToEnumTest (test short,WithDisplay)" computerName="DESKTOP-3FN5V33" duration="00:00:00.0002563" startTime="2024-01-25T17:12:47.8252487-05:00" endTime="2024-01-25T17:12:47.8258937-05:00" testType="13cdc9d9-ddb5-4fa4-a97d-d965ccfc6d4b" outcome="Passed" testListId="8c84fa94-04c1-424b-9868-57a2d4851a1d" relativeResultsDirectory="ad59a171-928f-4423-8ac4-7a6dc695e6d3" xmlns="http://microsoft.com/schemas/VisualStudio/TeamTest/2010" />
    <UnitTestResult executionId="1b22c3e8-aa12-4b10-ba9a-33d585b0455c" testId="fb3ba795-c081-9f7b-3da5-2154832c187c" testName="ToEnumTest (4,WithEnumValue)" computerName="DESKTOP-3FN5V33" duration="00:00:00.0000139" startTime="2024-01-25T17:12:47.7856770-05:00" endTime="2024-01-25T17:12:47.7862049-05:00" testType="13cdc9d9-ddb5-4fa4-a97d-d965ccfc6d4b" outcome="Passed" testListId="8c84fa94-04c1-424b-9868-57a2d4851a1d" relativeResultsDirectory="1b22c3e8-aa12-4b10-ba9a-33d585b0455c" xmlns="http://microsoft.com/schemas/VisualStudio/TeamTest/2010" />
    <UnitTestResult executionId="c6312b2b-e314-4cbf-bde2-76b7d8b173c9" testId="52185704-5d0e-e5db-ccdd-e6d884289597" testName="ToEnumTest (test display,WithDisplay)" computerName="DESKTOP-3FN5V33" duration="00:00:00.0002621" startTime="2024-01-25T17:12:47.8165733-05:00" endTime="2024-01-25T17:12:47.8172613-05:00" testType="13cdc9d9-ddb5-4fa4-a97d-d965ccfc6d4b" outcome="Passed" testListId="8c84fa94-04c1-424b-9868-57a2d4851a1d" relativeResultsDirectory="c6312b2b-e314-4cbf-bde2-76b7d8b173c9" xmlns="http://microsoft.com/schemas/VisualStudio/TeamTest/2010" />
    <UnitTestResult executionId="8bf27327-7b60-40e4-a7b7-4d8010e6088b" testId="53f92a56-f656-cd19-3414-6dec87fc1460" testName="ToEnumTest (name,name2|test name,WithEnumValue, WithMemberName, WithDisplay)" computerName="DESKTOP-3FN5V33" duration="00:00:00.0002633" startTime="2024-01-25T17:12:47.8271492-05:00" endTime="2024-01-25T17:12:47.8277060-05:00" testType="13cdc9d9-ddb5-4fa4-a97d-d965ccfc6d4b" outcome="Passed" testListId="8c84fa94-04c1-424b-9868-57a2d4851a1d" relativeResultsDirectory="8bf27327-7b60-40e4-a7b7-4d8010e6088b" xmlns="http://microsoft.com/schemas/VisualStudio/TeamTest/2010" />
    <UnitTestResult executionId="2ce38243-8c89-44eb-a508-334f5a276f2d" testId="fffaa604-a2bf-cb56-46c0-a54e3c2e5b71" testName="ToEnumTest (-1,-1)" computerName="DESKTOP-3FN5V33" duration="00:00:00.0000278" startTime="2024-01-25T17:12:47.7781804-05:00" endTime="2024-01-25T17:12:47.7785659-05:00" testType="13cdc9d9-ddb5-4fa4-a97d-d965ccfc6d4b" outcome="Passed" testListId="8c84fa94-04c1-424b-9868-57a2d4851a1d" relativeResultsDirectory="2ce38243-8c89-44eb-a508-334f5a276f2d" xmlns="http://microsoft.com/schemas/VisualStudio/TeamTest/2010" />
    <UnitTestResult executionId="083fdc16-0434-4d01-90ca-17241ee3da53" testId="29e073f8-c889-a619-68be-0fbabe313523" testName="GetHash (hello world,XrY7u+Ae7tCTyyK7j1rNww==)" computerName="DESKTOP-3FN5V33" duration="00:00:00.0005568" startTime="2024-01-25T16:05:11.2789757-05:00" endTime="2024-01-25T16:05:11.2798821-05:00" testType="13cdc9d9-ddb5-4fa4-a97d-d965ccfc6d4b" outcome="Passed" testListId="8c84fa94-04c1-424b-9868-57a2d4851a1d" relativeResultsDirectory="083fdc16-0434-4d01-90ca-17241ee3da53" xmlns="http://microsoft.com/schemas/VisualStudio/TeamTest/2010">
      <Output>
        <StdOut>TestContext Messages:
"hello world" =&gt; "XrY7u+Ae7tCTyyK7j1rNww=="</StdOut>
      </Output>
    </UnitTestResult>
    <UnitTestResult executionId="3d979543-bfd5-46ef-b437-e0a6b836abf5" testId="0f3b8649-3271-0a42-8cb6-7536e5c6b6c7" testName="GetHash (Hello World!,7Qdih1MuhjZehB6Sv8UNjA==)" computerName="DESKTOP-3FN5V33" duration="00:00:00.0056288" startTime="2024-01-25T16:05:11.2712997-05:00" endTime="2024-01-25T16:05:11.2775265-05:00" testType="13cdc9d9-ddb5-4fa4-a97d-d965ccfc6d4b" outcome="Passed" testListId="8c84fa94-04c1-424b-9868-57a2d4851a1d" relativeResultsDirectory="3d979543-bfd5-46ef-b437-e0a6b836abf5" xmlns="http://microsoft.com/schemas/VisualStudio/TeamTest/2010">
      <Output>
        <StdOut>TestContext Messages:
"Hello World!" =&gt; "7Qdih1MuhjZehB6Sv8UNjA=="</StdOut>
      </Output>
    </UnitTestResult>
    <UnitTestResult executionId="b1aa69e9-bfb4-4167-a7be-51ba1ca43114" testId="0783fcf2-6259-18a6-4548-3ee3e685104b" testName="ToEnumTest (Val2,Val2)" computerName="DESKTOP-3FN5V33" duration="00:00:00.0000401" startTime="2024-01-06T16:06:25.1653531-05:00" endTime="2024-01-06T16:06:25.1658942-05:00" testType="13cdc9d9-ddb5-4fa4-a97d-d965ccfc6d4b" outcome="Passed" testListId="8c84fa94-04c1-424b-9868-57a2d4851a1d" relativeResultsDirectory="b1aa69e9-bfb4-4167-a7be-51ba1ca43114" xmlns="http://microsoft.com/schemas/VisualStudio/TeamTest/2010" />
    <UnitTestResult executionId="6b2a109b-8c7f-4bfe-bbfc-878ffe0ba5f7" testId="f4cf2bc5-5581-a176-969e-675ebb01aeb7" testName="ToEnumTest (test description,WithDescription)" computerName="DESKTOP-3FN5V33" duration="00:00:00.0001932" startTime="2024-01-06T16:06:25.1964422-05:00" endTime="2024-01-06T16:06:25.1969345-05:00" testType="13cdc9d9-ddb5-4fa4-a97d-d965ccfc6d4b" outcome="Passed" testListId="8c84fa94-04c1-424b-9868-57a2d4851a1d" relativeResultsDirectory="6b2a109b-8c7f-4bfe-bbfc-878ffe0ba5f7" xmlns="http://microsoft.com/schemas/VisualStudio/TeamTest/2010" />
    <UnitTestResult executionId="f4211e6a-6d7a-443b-a5b7-88e787623a2a" testId="2987ca95-4d23-bd98-8619-20a1f1f849ce" testName="ToEnumTest (Val2|Val1,Val1, Val2)" computerName="DESKTOP-3FN5V33" duration="00:00:00.0000205" startTime="2024-01-06T16:06:25.1725149-05:00" endTime="2024-01-06T16:06:25.1727367-05:00" testType="13cdc9d9-ddb5-4fa4-a97d-d965ccfc6d4b" outcome="Passed" testListId="8c84fa94-04c1-424b-9868-57a2d4851a1d" relativeResultsDirectory="f4211e6a-6d7a-443b-a5b7-88e787623a2a" xmlns="http://microsoft.com/schemas/VisualStudio/TeamTest/2010" />
    <UnitTestResult executionId="16988848-6550-4ff4-89c5-b914326a9bcd" testId="7634c0a5-d5d8-ae19-0f45-9f0c0c3f4e32" testName="ExecuteByTest_Sort (NAME,Descending,999,998,997,996,995,994,993,992,991,990)" computerName="DESKTOP-3FN5V33" duration="00:00:00.0094683" startTime="2024-01-06T16:06:31.2514622-05:00" endTime="2024-01-06T16:06:31.2612872-05:00" testType="13cdc9d9-ddb5-4fa4-a97d-d965ccfc6d4b" outcome="Passed" testListId="8c84fa94-04c1-424b-9868-57a2d4851a1d" relativeResultsDirectory="16988848-6550-4ff4-89c5-b914326a9bcd" xmlns="http://microsoft.com/schemas/VisualStudio/TeamTest/2010">
      <Output>
        <StdOut>Eliassen.System.Internal.ConsoleLogger`1[Eliassen.System.Linq.Search.QueryBuilder]:Information:&gt;
	Build query for CurrentPage: 0
PageSize: 0
ExcludePageCount: False
SearchTerm: (null)
	S:NAME: Descending

Eliassen.System.Internal.ConsoleLogger`1[Eliassen.System.Linq.Search.QueryBuilder]:Information:&gt;
	Execute (paged): System.Linq.Enumerable+SelectRangeIterator`1[Eliassen.System.Tests.Linq.TestTargets.TestTargetModel].OrderByDescending(n =&gt; n.Name).Skip(0).Take(10)



TestContext Messages:
SearchQuery-QueryableExtensionsTests_ExecuteByTest_Sort(297)-638401539912517310.json: Attached
PagedQueryResult_1-QueryableExtensionsTests_ExecuteByTest_Sort(299)-638401539912579812.json: Attached</StdOut>
        <StdErr>Eliassen.System.Internal.ConsoleLogger`1[Eliassen.System.Linq.Search.QueryBuilder]:Warning:&gt;
	No filtering detected: System.Linq.Enumerable+SelectRangeIterator`1[Eliassen.System.Tests.Linq.TestTargets.TestTargetModel]: CurrentPage: 0
PageSize: 0
ExcludePageCount: False
SearchTerm: (null)
	S:NAME: Descending</StdErr>
      </Output>
      <ResultFiles>
        <ResultFile path="DESKTOP-3FN5V33\PagedQueryResult_1-QueryableExtensionsTests_ExecuteByTest_Sort(299)-638401539912579812.json" />
        <ResultFile path="DESKTOP-3FN5V33\SearchQuery-QueryableExtensionsTests_ExecuteByTest_Sort(297)-638401539912517310.json" />
      </ResultFiles>
    </UnitTestResult>
    <UnitTestResult executionId="28cf8514-fb44-407c-8b26-5c436412a5e0" testId="6acd0700-45fd-3a58-a98b-e73e695d3cb6" testName="ToEnumTest (test name,WithDisplay)" computerName="DESKTOP-3FN5V33" duration="00:00:00.0002143" startTime="2024-01-06T16:06:25.2004453-05:00" endTime="2024-01-06T16:06:25.2009358-05:00" testType="13cdc9d9-ddb5-4fa4-a97d-d965ccfc6d4b" outcome="Passed" testListId="8c84fa94-04c1-424b-9868-57a2d4851a1d" relativeResultsDirectory="28cf8514-fb44-407c-8b26-5c436412a5e0" xmlns="http://microsoft.com/schemas/VisualStudio/TeamTest/2010" />
    <UnitTestResult executionId="c6774a62-9739-4067-b7bf-8ca0018cc10d" testId="a0c29914-2fac-1ccd-4f27-21bcc9ae1a84" testName="ToEnumTest (Val2,Val1,Val1, Val2)" computerName="DESKTOP-3FN5V33" duration="00:00:00.0000166" startTime="2024-01-06T16:06:25.1685418-05:00" endTime="2024-01-06T16:06:25.1687481-05:00" testType="13cdc9d9-ddb5-4fa4-a97d-d965ccfc6d4b" outcome="Passed" testListId="8c84fa94-04c1-424b-9868-57a2d4851a1d" relativeResultsDirectory="c6774a62-9739-4067-b7bf-8ca0018cc10d" xmlns="http://microsoft.com/schemas/VisualStudio/TeamTest/2010" />
    <UnitTestResult executionId="daf26b87-767e-4a45-9354-9f39fd515157" testId="8338d02b-d210-c931-4723-375c66eef863" testName="ExecuteByTest_Sort (name,Descending,999,998,997,996,995,994,993,992,991,990)" computerName="DESKTOP-3FN5V33" duration="00:00:00.0117974" startTime="2024-01-06T16:06:31.2380620-05:00" endTime="2024-01-06T16:06:31.2503665-05:00" testType="13cdc9d9-ddb5-4fa4-a97d-d965ccfc6d4b" outcome="Passed" testListId="8c84fa94-04c1-424b-9868-57a2d4851a1d" relativeResultsDirectory="daf26b87-767e-4a45-9354-9f39fd515157" xmlns="http://microsoft.com/schemas/VisualStudio/TeamTest/2010">
      <Output>
        <StdOut>Eliassen.System.Internal.ConsoleLogger`1[Eliassen.System.Linq.Search.QueryBuilder]:Information:&gt;
	Build query for CurrentPage: 0
PageSize: 0
ExcludePageCount: False
SearchTerm: (null)
	S:name: Descending

Eliassen.System.Internal.ConsoleLogger`1[Eliassen.System.Linq.Search.QueryBuilder]:Information:&gt;
	Execute (paged): System.Linq.Enumerable+SelectRangeIterator`1[Eliassen.System.Tests.Linq.TestTargets.TestTargetModel].OrderByDescending(n =&gt; n.Name).Skip(0).Take(10)



TestContext Messages:
SearchQuery-QueryableExtensionsTests_ExecuteByTest_Sort(297)-638401539912389463.json: Attached
PagedQueryResult_1-QueryableExtensionsTests_ExecuteByTest_Sort(299)-638401539912457686.json: Attached</StdOut>
        <StdErr>Eliassen.System.Internal.ConsoleLogger`1[Eliassen.System.Linq.Search.QueryBuilder]:Warning:&gt;
	No filtering detected: System.Linq.Enumerable+SelectRangeIterator`1[Eliassen.System.Tests.Linq.TestTargets.TestTargetModel]: CurrentPage: 0
PageSize: 0
ExcludePageCount: False
SearchTerm: (null)
	S:name: Descending</StdErr>
      </Output>
      <ResultFiles>
        <ResultFile path="DESKTOP-3FN5V33\PagedQueryResult_1-QueryableExtensionsTests_ExecuteByTest_Sort(299)-638401539912457686.json" />
        <ResultFile path="DESKTOP-3FN5V33\SearchQuery-QueryableExtensionsTests_ExecuteByTest_Sort(297)-638401539912389463.json" />
      </ResultFiles>
    </UnitTestResult>
    <UnitTestResult executionId="e56eb737-d591-42fb-b370-5f6b22ac0614" testId="1d97f529-259a-f217-942c-8e2e6578735c" testName="ToEnumTest (4,WithEnumValue)" computerName="DESKTOP-3FN5V33" duration="00:00:00.0000227" startTime="2024-01-06T16:06:25.1843765-05:00" endTime="2024-01-06T16:06:25.1846826-05:00" testType="13cdc9d9-ddb5-4fa4-a97d-d965ccfc6d4b" outcome="Passed" testListId="8c84fa94-04c1-424b-9868-57a2d4851a1d" relativeResultsDirectory="e56eb737-d591-42fb-b370-5f6b22ac0614" xmlns="http://microsoft.com/schemas/VisualStudio/TeamTest/2010" />
    <UnitTestResult executionId="84674fc9-47e7-493f-a787-f68e97139cd0" testId="c3266cf0-adcb-0581-8c52-a350b87b4664" testName="ToEnumTest (test display,WithDisplay)" computerName="DESKTOP-3FN5V33" duration="00:00:00.0002215" startTime="2024-01-06T16:06:25.1985022-05:00" endTime="2024-01-06T16:06:25.1990329-05:00" testType="13cdc9d9-ddb5-4fa4-a97d-d965ccfc6d4b" outcome="Passed" testListId="8c84fa94-04c1-424b-9868-57a2d4851a1d" relativeResultsDirectory="84674fc9-47e7-493f-a787-f68e97139cd0" xmlns="http://microsoft.com/schemas/VisualStudio/TeamTest/2010" />
    <UnitTestResult executionId="5d3a8fc4-58b0-4108-87f5-7c37758d0a46" testId="219547ac-d953-99f8-2edf-0911d57e52dd" testName="ToEnumTest (Val1,Val1)" computerName="DESKTOP-3FN5V33" duration="00:00:00.0086442" startTime="2024-01-06T16:06:25.1457139-05:00" endTime="2024-01-06T16:06:25.1597718-05:00" testType="13cdc9d9-ddb5-4fa4-a97d-d965ccfc6d4b" outcome="Passed" testListId="8c84fa94-04c1-424b-9868-57a2d4851a1d" relativeResultsDirectory="5d3a8fc4-58b0-4108-87f5-7c37758d0a46" xmlns="http://microsoft.com/schemas/VisualStudio/TeamTest/2010" />
    <UnitTestResult executionId="1030d549-3294-4baf-b9a0-2bc03d6f420a" testId="6acc9c74-0373-caf8-35ed-9e340028f0c1" testName="ToEnumTest (Val2, Val1,Val1, Val2)" computerName="DESKTOP-3FN5V33" duration="00:00:00.0000208" startTime="2024-01-06T16:06:25.1673404-05:00" endTime="2024-01-06T16:06:25.1676131-05:00" testType="13cdc9d9-ddb5-4fa4-a97d-d965ccfc6d4b" outcome="Passed" testListId="8c84fa94-04c1-424b-9868-57a2d4851a1d" relativeResultsDirectory="1030d549-3294-4baf-b9a0-2bc03d6f420a" xmlns="http://microsoft.com/schemas/VisualStudio/TeamTest/2010" />
    <UnitTestResult executionId="10922ca9-7202-4f16-aba2-d47b8645791c" testId="f6e30306-bb3b-d2e5-9a55-741402e2594f" testName="ToEnumTest (name2,WithMemberName)" computerName="DESKTOP-3FN5V33" duration="00:00:00.0002942" startTime="2024-01-06T16:06:25.1942443-05:00" endTime="2024-01-06T16:06:25.1950721-05:00" testType="13cdc9d9-ddb5-4fa4-a97d-d965ccfc6d4b" outcome="Passed" testListId="8c84fa94-04c1-424b-9868-57a2d4851a1d" relativeResultsDirectory="10922ca9-7202-4f16-aba2-d47b8645791c" xmlns="http://microsoft.com/schemas/VisualStudio/TeamTest/2010" />
    <UnitTestResult executionId="b46c7a51-cbc5-414b-a1cf-46b7b81c144a" testId="6945fc8e-bced-3763-56d7-dd9774cf09e7" testName="ToEnumTest (2,Val2)" computerName="DESKTOP-3FN5V33" duration="00:00:00.0000226" startTime="2024-01-06T16:06:25.1801725-05:00" endTime="2024-01-06T16:06:25.1805419-05:00" testType="13cdc9d9-ddb5-4fa4-a97d-d965ccfc6d4b" outcome="Passed" testListId="8c84fa94-04c1-424b-9868-57a2d4851a1d" relativeResultsDirectory="b46c7a51-cbc5-414b-a1cf-46b7b81c144a" xmlns="http://microsoft.com/schemas/VisualStudio/TeamTest/2010" />
    <UnitTestResult executionId="7bafe149-4ba8-4713-88c2-565ccbdf4b56" testId="e97eaf8e-0ecf-65f5-04ab-76ca8870b372" testName="ToEnumTest (test short,WithDisplay)" computerName="DESKTOP-3FN5V33" duration="00:00:00.0002421" startTime="2024-01-06T16:06:25.2047707-05:00" endTime="2024-01-06T16:06:25.2053726-05:00" testType="13cdc9d9-ddb5-4fa4-a97d-d965ccfc6d4b" outcome="Passed" testListId="8c84fa94-04c1-424b-9868-57a2d4851a1d" relativeResultsDirectory="7bafe149-4ba8-4713-88c2-565ccbdf4b56" xmlns="http://microsoft.com/schemas/VisualStudio/TeamTest/2010" />
    <UnitTestResult executionId="04ddff7e-4e04-435f-9c74-7d3eadea9387" testId="f6892432-d506-05dd-c1d8-5f655afbf0ef" testName="ExecuteByTest_Sort (Name,Ascending,0,1,10,100,101,102,103,104,105,106)" computerName="DESKTOP-3FN5V33" duration="00:00:00.0096665" startTime="2024-01-06T16:06:31.2626543-05:00" endTime="2024-01-06T16:06:31.2727505-05:00" testType="13cdc9d9-ddb5-4fa4-a97d-d965ccfc6d4b" outcome="Passed" testListId="8c84fa94-04c1-424b-9868-57a2d4851a1d" relativeResultsDirectory="04ddff7e-4e04-435f-9c74-7d3eadea9387" xmlns="http://microsoft.com/schemas/VisualStudio/TeamTest/2010">
      <Output>
        <StdOut>Eliassen.System.Internal.ConsoleLogger`1[Eliassen.System.Linq.Search.QueryBuilder]:Information:&gt;
	Build query for CurrentPage: 0
PageSize: 0
ExcludePageCount: False
SearchTerm: (null)
	S:Name: Ascending

Eliassen.System.Internal.ConsoleLogger`1[Eliassen.System.Linq.Search.QueryBuilder]:Information:&gt;
	Execute (paged): System.Linq.Enumerable+SelectRangeIterator`1[Eliassen.System.Tests.Linq.TestTargets.TestTargetModel].OrderBy(n =&gt; n.Name).Skip(0).Take(10)



TestContext Messages:
SearchQuery-QueryableExtensionsTests_ExecuteByTest_Sort(297)-638401539912630220.json: Attached
PagedQueryResult_1-QueryableExtensionsTests_ExecuteByTest_Sort(299)-638401539912700711.json: Attached</StdOut>
        <StdErr>Eliassen.System.Internal.ConsoleLogger`1[Eliassen.System.Linq.Search.QueryBuilder]:Warning:&gt;
	No filtering detected: System.Linq.Enumerable+SelectRangeIterator`1[Eliassen.System.Tests.Linq.TestTargets.TestTargetModel]: CurrentPage: 0
PageSize: 0
ExcludePageCount: False
SearchTerm: (null)
	S:Name: Ascending</StdErr>
      </Output>
      <ResultFiles>
        <ResultFile path="DESKTOP-3FN5V33\PagedQueryResult_1-QueryableExtensionsTests_ExecuteByTest_Sort(299)-638401539912700711.json" />
        <ResultFile path="DESKTOP-3FN5V33\SearchQuery-QueryableExtensionsTests_ExecuteByTest_Sort(297)-638401539912630220.json" />
      </ResultFiles>
    </UnitTestResult>
    <UnitTestResult executionId="af9a82c4-38ac-41dc-a778-ad919eb088aa" testId="6a696e3c-fdaf-a272-447e-e0c2a6c77673" testName="ToEnumTest (name,name2|test name,WithEnumValue, WithMemberName, WithDisplay)" computerName="DESKTOP-3FN5V33" duration="00:00:00.0002442" startTime="2024-01-06T16:06:25.2078104-05:00" endTime="2024-01-06T16:06:25.2083967-05:00" testType="13cdc9d9-ddb5-4fa4-a97d-d965ccfc6d4b" outcome="Passed" testListId="8c84fa94-04c1-424b-9868-57a2d4851a1d" relativeResultsDirectory="af9a82c4-38ac-41dc-a778-ad919eb088aa" xmlns="http://microsoft.com/schemas/VisualStudio/TeamTest/2010" />
    <UnitTestResult executionId="d1099f81-9056-433a-8b61-c8cb9691fef6" testId="55a3c803-06e9-6a98-6826-97a1597a8680" testName="ToEnumTest (0,Val0)" computerName="DESKTOP-3FN5V33" duration="00:00:00.0000121" startTime="2024-01-06T16:06:25.1752890-05:00" endTime="2024-01-06T16:06:25.1754971-05:00" testType="13cdc9d9-ddb5-4fa4-a97d-d965ccfc6d4b" outcome="Passed" testListId="8c84fa94-04c1-424b-9868-57a2d4851a1d" relativeResultsDirectory="d1099f81-9056-433a-8b61-c8cb9691fef6" xmlns="http://microsoft.com/schemas/VisualStudio/TeamTest/2010" />
    <UnitTestResult executionId="80aad71d-1f29-4d81-8bfb-b9b02f9e13c0" testId="6f5bf48c-e4c0-b967-62c8-a640629e7719" testName="ToEnumTest (1,Val1)" computerName="DESKTOP-3FN5V33" duration="00:00:00.0000137" startTime="2024-01-06T16:06:25.1768126-05:00" endTime="2024-01-06T16:06:25.1770396-05:00" testType="13cdc9d9-ddb5-4fa4-a97d-d965ccfc6d4b" outcome="Passed" testListId="8c84fa94-04c1-424b-9868-57a2d4851a1d" relativeResultsDirectory="80aad71d-1f29-4d81-8bfb-b9b02f9e13c0" xmlns="http://microsoft.com/schemas/VisualStudio/TeamTest/2010" />
    <UnitTestResult executionId="42810d77-4cb2-4d0a-84fc-3627a49242eb" testId="a465e3e2-5f33-9280-96a5-dad2cdb56d48" testName="ToEnumTest (Val2 , Val1,Val1, Val2)" computerName="DESKTOP-3FN5V33" duration="00:00:00.0000169" startTime="2024-01-06T16:06:25.1696963-05:00" endTime="2024-01-06T16:06:25.1699649-05:00" testType="13cdc9d9-ddb5-4fa4-a97d-d965ccfc6d4b" outcome="Passed" testListId="8c84fa94-04c1-424b-9868-57a2d4851a1d" relativeResultsDirectory="42810d77-4cb2-4d0a-84fc-3627a49242eb" xmlns="http://microsoft.com/schemas/VisualStudio/TeamTest/2010" />
    <UnitTestResult executionId="6968c3fc-62c3-4d6e-89ee-42f0d19c6349" testId="d9a582db-720f-849c-5c6c-3e72305e7969" testName="ToEnumTest (-1,-1)" computerName="DESKTOP-3FN5V33" duration="00:00:00.0000226" startTime="2024-01-06T16:06:25.1739125-05:00" endTime="2024-01-06T16:06:25.1741562-05:00" testType="13cdc9d9-ddb5-4fa4-a97d-d965ccfc6d4b" outcome="Passed" testListId="8c84fa94-04c1-424b-9868-57a2d4851a1d" relativeResultsDirectory="6968c3fc-62c3-4d6e-89ee-42f0d19c6349" xmlns="http://microsoft.com/schemas/VisualStudio/TeamTest/2010" />
    <UnitTestResult executionId="3eafb1a8-c001-4932-9731-024d2568eca7" testId="2be0bb23-bdd4-39e3-5c52-58d829d1a4f6" testName="ExecuteByTest_Sort (Name,Descending,999,998,997,996,995,994,993,992,991,990)" computerName="DESKTOP-3FN5V33" duration="00:00:00.0140897" startTime="2024-01-06T16:06:31.2224047-05:00" endTime="2024-01-06T16:06:31.2368351-05:00" testType="13cdc9d9-ddb5-4fa4-a97d-d965ccfc6d4b" outcome="Passed" testListId="8c84fa94-04c1-424b-9868-57a2d4851a1d" relativeResultsDirectory="3eafb1a8-c001-4932-9731-024d2568eca7" xmlns="http://microsoft.com/schemas/VisualStudio/TeamTest/2010">
      <Output>
        <StdOut>Eliassen.System.Internal.ConsoleLogger`1[Eliassen.System.Linq.Search.QueryBuilder]:Information:&gt;
	Build query for CurrentPage: 0
PageSize: 0
ExcludePageCount: False
SearchTerm: (null)
	S:Name: Descending

Eliassen.System.Internal.ConsoleLogger`1[Eliassen.System.Linq.Search.QueryBuilder]:Information:&gt;
	Execute (paged): System.Linq.Enumerable+SelectRangeIterator`1[Eliassen.System.Tests.Linq.TestTargets.TestTargetModel].OrderByDescending(n =&gt; n.Name).Skip(0).Take(10)



TestContext Messages:
SearchQuery-QueryableExtensionsTests_ExecuteByTest_Sort(297)-638401539912230644.json: Attached
PagedQueryResult_1-QueryableExtensionsTests_ExecuteByTest_Sort(299)-638401539912312831.json: Attached</StdOut>
        <StdErr>Eliassen.System.Internal.ConsoleLogger`1[Eliassen.System.Linq.Search.QueryBuilder]:Warning:&gt;
	No filtering detected: System.Linq.Enumerable+SelectRangeIterator`1[Eliassen.System.Tests.Linq.TestTargets.TestTargetModel]: CurrentPage: 0
PageSize: 0
ExcludePageCount: False
SearchTerm: (null)
	S:Name: Descending</StdErr>
      </Output>
      <ResultFiles>
        <ResultFile path="DESKTOP-3FN5V33\PagedQueryResult_1-QueryableExtensionsTests_ExecuteByTest_Sort(299)-638401539912312831.json" />
        <ResultFile path="DESKTOP-3FN5V33\SearchQuery-QueryableExtensionsTests_ExecuteByTest_Sort(297)-638401539912230644.json" />
      </ResultFiles>
    </UnitTestResult>
    <UnitTestResult executionId="d17b5f28-f3a8-4b72-a707-06d6510ac725" testId="da8e2bdd-b046-b065-da35-f4d8fa39c126" testName="ToEnumTest (3,Val1, Val2)" computerName="DESKTOP-3FN5V33" duration="00:00:00.0000300" startTime="2024-01-06T16:06:25.1820926-05:00" endTime="2024-01-06T16:06:25.1824604-05:00" testType="13cdc9d9-ddb5-4fa4-a97d-d965ccfc6d4b" outcome="Passed" testListId="8c84fa94-04c1-424b-9868-57a2d4851a1d" relativeResultsDirectory="d17b5f28-f3a8-4b72-a707-06d6510ac725" xmlns="http://microsoft.com/schemas/VisualStudio/TeamTest/2010" />
    <UnitTestResult executionId="51c36e12-1178-4f39-a91c-d3b10e505799" testId="18ab39eb-c269-8e5e-27c8-0e0099e940b7" testName="ToEnumTest (Val2 ,Val1,Val1, Val2)" computerName="DESKTOP-3FN5V33" duration="00:00:00.0000146" startTime="2024-01-06T16:06:25.1711425-05:00" endTime="2024-01-06T16:06:25.1713677-05:00" testType="13cdc9d9-ddb5-4fa4-a97d-d965ccfc6d4b" outcome="Passed" testListId="8c84fa94-04c1-424b-9868-57a2d4851a1d" relativeResultsDirectory="51c36e12-1178-4f39-a91c-d3b10e505799" xmlns="http://microsoft.com/schemas/VisualStudio/TeamTest/2010" />
    <UnitTestResult executionId="18c6fc2f-e879-4567-8952-00334e0a1a5b" testId="fc5fae9f-91d6-fa24-579e-a13cc255eec6" testName="ToEnumTest (name,WithEnumValue)" computerName="DESKTOP-3FN5V33" duration="00:00:00.0022812" startTime="2024-01-06T16:06:25.1899726-05:00" endTime="2024-01-06T16:06:25.1927020-05:00" testType="13cdc9d9-ddb5-4fa4-a97d-d965ccfc6d4b" outcome="Passed" testListId="8c84fa94-04c1-424b-9868-57a2d4851a1d" relativeResultsDirectory="18c6fc2f-e879-4567-8952-00334e0a1a5b" xmlns="http://microsoft.com/schemas/VisualStudio/TeamTest/2010" />
    <UnitTestResult executionId="a0e44ede-500c-4f9e-963d-32744d33b60e" testId="921f768d-c026-5c72-695c-6195f075a1c1" testName="ToEnumTest (test description,WithDescription)" computerName="DESKTOP-3FN5V33" duration="00:00:00.0002230" startTime="2024-01-05T13:40:30.5233348-05:00" endTime="2024-01-05T13:40:30.5238959-05:00" testType="13cdc9d9-ddb5-4fa4-a97d-d965ccfc6d4b" outcome="Passed" testListId="8c84fa94-04c1-424b-9868-57a2d4851a1d" relativeResultsDirectory="a0e44ede-500c-4f9e-963d-32744d33b60e" xmlns="http://microsoft.com/schemas/VisualStudio/TeamTest/2010" />
    <UnitTestResult executionId="385f1677-3ea5-4a05-8f46-c52bd4edea4c" testId="abffb153-2bc5-2e5d-37d3-34241627ba4f" testName="ToEnumTest (name,WithEnumValue)" computerName="DESKTOP-3FN5V33" duration="00:00:00.0016152" startTime="2024-01-05T13:40:30.5177106-05:00" endTime="2024-01-05T13:40:30.5197850-05:00" testType="13cdc9d9-ddb5-4fa4-a97d-d965ccfc6d4b" outcome="Passed" testListId="8c84fa94-04c1-424b-9868-57a2d4851a1d" relativeResultsDirectory="385f1677-3ea5-4a05-8f46-c52bd4edea4c" xmlns="http://microsoft.com/schemas/VisualStudio/TeamTest/2010" />
    <UnitTestResult executionId="3d870979-e79c-40ae-93aa-2d9845f63af5" testId="32feb49a-a169-6254-5ae6-6f93b144c382" testName="ToEnumTest (Val2|Val1,Val1, Val2)" computerName="DESKTOP-3FN5V33" duration="00:00:00.0000351" startTime="2024-01-05T13:40:30.4914840-05:00" endTime="2024-01-05T13:40:30.4918647-05:00" testType="13cdc9d9-ddb5-4fa4-a97d-d965ccfc6d4b" outcome="Passed" testListId="8c84fa94-04c1-424b-9868-57a2d4851a1d" relativeResultsDirectory="3d870979-e79c-40ae-93aa-2d9845f63af5" xmlns="http://microsoft.com/schemas/VisualStudio/TeamTest/2010" />
    <UnitTestResult executionId="3ce272cf-cde6-4137-951e-a6d5a1960745" testId="b7ad954c-d7f8-9b7f-da20-994bdddaa358" testName="ToEnumTest (Val2 , Val1,Val1, Val2)" computerName="DESKTOP-3FN5V33" duration="00:00:00.0000379" startTime="2024-01-05T13:40:30.4869179-05:00" endTime="2024-01-05T13:40:30.4879969-05:00" testType="13cdc9d9-ddb5-4fa4-a97d-d965ccfc6d4b" outcome="Passed" testListId="8c84fa94-04c1-424b-9868-57a2d4851a1d" relativeResultsDirectory="3ce272cf-cde6-4137-951e-a6d5a1960745" xmlns="http://microsoft.com/schemas/VisualStudio/TeamTest/2010" />
    <UnitTestResult executionId="e4a52e1c-7bcb-4820-8f24-e57fa7b55ee9" testId="a7424620-7d66-2bab-87dd-6bf41b62173f" testName="ToEnumTest (name2,WithMemberName)" computerName="DESKTOP-3FN5V33" duration="00:00:00.0002965" startTime="2024-01-05T13:40:30.5212759-05:00" endTime="2024-01-05T13:40:30.5219666-05:00" testType="13cdc9d9-ddb5-4fa4-a97d-d965ccfc6d4b" outcome="Passed" testListId="8c84fa94-04c1-424b-9868-57a2d4851a1d" relativeResultsDirectory="e4a52e1c-7bcb-4820-8f24-e57fa7b55ee9" xmlns="http://microsoft.com/schemas/VisualStudio/TeamTest/2010" />
    <UnitTestResult executionId="b1141e79-50de-4334-ba74-3ab5e46691e9" testId="cb67196b-6ac5-2ad3-c511-f22d8dd105d9" testName="ToEnumTest (3,Val1, Val2)" computerName="DESKTOP-3FN5V33" duration="00:00:00.0000265" startTime="2024-01-05T13:40:30.5048776-05:00" endTime="2024-01-05T13:40:30.5052774-05:00" testType="13cdc9d9-ddb5-4fa4-a97d-d965ccfc6d4b" outcome="Passed" testListId="8c84fa94-04c1-424b-9868-57a2d4851a1d" relativeResultsDirectory="b1141e79-50de-4334-ba74-3ab5e46691e9" xmlns="http://microsoft.com/schemas/VisualStudio/TeamTest/2010" />
    <UnitTestResult executionId="3b350acf-5020-4137-8449-f79219986837" testId="9995fe48-045c-fb86-728c-6afde736c742" testName="ToEnumTest (test display,WithDisplay)" computerName="DESKTOP-3FN5V33" duration="00:00:00.0002096" startTime="2024-01-05T13:40:30.5252707-05:00" endTime="2024-01-05T13:40:30.5257779-05:00" testType="13cdc9d9-ddb5-4fa4-a97d-d965ccfc6d4b" outcome="Passed" testListId="8c84fa94-04c1-424b-9868-57a2d4851a1d" relativeResultsDirectory="3b350acf-5020-4137-8449-f79219986837" xmlns="http://microsoft.com/schemas/VisualStudio/TeamTest/2010" />
    <UnitTestResult executionId="b01a20d6-240a-4206-b3ff-4c960ba603dd" testId="a8ca89f0-79ce-83ca-018f-472a49db6f46" testName="ToEnumTest (test name,WithDisplay)" computerName="DESKTOP-3FN5V33" duration="00:00:00.0005655" startTime="2024-01-05T13:40:30.5271555-05:00" endTime="2024-01-05T13:40:30.5280619-05:00" testType="13cdc9d9-ddb5-4fa4-a97d-d965ccfc6d4b" outcome="Passed" testListId="8c84fa94-04c1-424b-9868-57a2d4851a1d" relativeResultsDirectory="b01a20d6-240a-4206-b3ff-4c960ba603dd" xmlns="http://microsoft.com/schemas/VisualStudio/TeamTest/2010" />
    <UnitTestResult executionId="8c427b4c-7c5a-4d19-af57-3b22b1296e16" testId="e05e78b9-1fc5-d5e7-7e42-f53788d2e4a8" testName="ExecuteByTest_Sort (Name,Descending,999,998,997,996,995,994,993,992,991,990)" computerName="DESKTOP-3FN5V33" duration="00:00:00.0223237" startTime="2024-01-05T13:40:38.5773046-05:00" endTime="2024-01-05T13:40:38.6000710-05:00" testType="13cdc9d9-ddb5-4fa4-a97d-d965ccfc6d4b" outcome="Passed" testListId="8c84fa94-04c1-424b-9868-57a2d4851a1d" relativeResultsDirectory="8c427b4c-7c5a-4d19-af57-3b22b1296e16" xmlns="http://microsoft.com/schemas/VisualStudio/TeamTest/2010">
      <Output>
        <StdOut>Eliassen.System.Internal.ConsoleLogger`1[Eliassen.System.Linq.Search.QueryBuilder]:Information:&gt;
	Build query for CurrentPage: 0
PageSize: 0
ExcludePageCount: False
SearchTerm: (null)
	S:Name: Descending

Eliassen.System.Internal.ConsoleLogger`1[Eliassen.System.Linq.Search.QueryBuilder]:Information:&gt;
	Execute (paged): System.Linq.Enumerable+SelectRangeIterator`1[Eliassen.System.Tests.Linq.TestTargets.TestTargetModel].OrderByDescending(n =&gt; n.Name).Skip(0).Take(10)



TestContext Messages:
SearchQuery-QueryableExtensionsTests_ExecuteByTest_Sort(296)-638400588385781692.json: Attached
PagedQueryResult_1-QueryableExtensionsTests_ExecuteByTest_Sort(298)-638400588385912365.json: Attached</StdOut>
        <StdErr>Eliassen.System.Internal.ConsoleLogger`1[Eliassen.System.Linq.Search.QueryBuilder]:Warning:&gt;
	No filtering detected: System.Linq.Enumerable+SelectRangeIterator`1[Eliassen.System.Tests.Linq.TestTargets.TestTargetModel]: CurrentPage: 0
PageSize: 0
ExcludePageCount: False
SearchTerm: (null)
	S:Name: Descending</StdErr>
      </Output>
      <ResultFiles>
        <ResultFile path="DESKTOP-3FN5V33\PagedQueryResult_1-QueryableExtensionsTests_ExecuteByTest_Sort(298)-638400588385912365.json" />
        <ResultFile path="DESKTOP-3FN5V33\SearchQuery-QueryableExtensionsTests_ExecuteByTest_Sort(296)-638400588385781692.json" />
      </ResultFiles>
    </UnitTestResult>
    <UnitTestResult executionId="f7a40961-0855-4a05-ae44-9d6abc60fc88" testId="3e3a289b-1c74-15e1-39bf-f6ee0cea86e7" testName="ToEnumTest (2,Val2)" computerName="DESKTOP-3FN5V33" duration="00:00:00.0000291" startTime="2024-01-05T13:40:30.5029398-05:00" endTime="2024-01-05T13:40:30.5033780-05:00" testType="13cdc9d9-ddb5-4fa4-a97d-d965ccfc6d4b" outcome="Passed" testListId="8c84fa94-04c1-424b-9868-57a2d4851a1d" relativeResultsDirectory="f7a40961-0855-4a05-ae44-9d6abc60fc88" xmlns="http://microsoft.com/schemas/VisualStudio/TeamTest/2010" />
    <UnitTestResult executionId="afd8566c-a256-4bcc-9a52-b512f95abff0" testId="a1968147-0351-75a4-0e13-531c67b43bf8" testName="ExecuteByTest_Sort (Name,Ascending,0,1,10,100,101,102,103,104,105,106)" computerName="DESKTOP-3FN5V33" duration="00:00:00.0171664" startTime="2024-01-05T13:40:38.6292722-05:00" endTime="2024-01-05T13:40:38.6469345-05:00" testType="13cdc9d9-ddb5-4fa4-a97d-d965ccfc6d4b" outcome="Passed" testListId="8c84fa94-04c1-424b-9868-57a2d4851a1d" relativeResultsDirectory="afd8566c-a256-4bcc-9a52-b512f95abff0" xmlns="http://microsoft.com/schemas/VisualStudio/TeamTest/2010">
      <Output>
        <StdOut>Eliassen.System.Internal.ConsoleLogger`1[Eliassen.System.Linq.Search.QueryBuilder]:Information:&gt;
	Build query for CurrentPage: 0
PageSize: 0
ExcludePageCount: False
SearchTerm: (null)
	S:Name: Ascending

Eliassen.System.Internal.ConsoleLogger`1[Eliassen.System.Linq.Search.QueryBuilder]:Information:&gt;
	Execute (paged): System.Linq.Enumerable+SelectRangeIterator`1[Eliassen.System.Tests.Linq.TestTargets.TestTargetModel].OrderBy(n =&gt; n.Name).Skip(0).Take(10)



TestContext Messages:
SearchQuery-QueryableExtensionsTests_ExecuteByTest_Sort(296)-638400588386296550.json: Attached
PagedQueryResult_1-QueryableExtensionsTests_ExecuteByTest_Sort(298)-638400588386377885.json: Attached</StdOut>
        <StdErr>Eliassen.System.Internal.ConsoleLogger`1[Eliassen.System.Linq.Search.QueryBuilder]:Warning:&gt;
	No filtering detected: System.Linq.Enumerable+SelectRangeIterator`1[Eliassen.System.Tests.Linq.TestTargets.TestTargetModel]: CurrentPage: 0
PageSize: 0
ExcludePageCount: False
SearchTerm: (null)
	S:Name: Ascending</StdErr>
      </Output>
      <ResultFiles>
        <ResultFile path="DESKTOP-3FN5V33\PagedQueryResult_1-QueryableExtensionsTests_ExecuteByTest_Sort(298)-638400588386377885.json" />
        <ResultFile path="DESKTOP-3FN5V33\SearchQuery-QueryableExtensionsTests_ExecuteByTest_Sort(296)-638400588386296550.json" />
      </ResultFiles>
    </UnitTestResult>
    <UnitTestResult executionId="eb60c41b-e188-4059-9485-c47780f6846a" testId="747a08c9-a3e7-c6d3-d3e5-4ea9ef67df60" testName="ExecuteByTest_Sort (NAME,Descending,999,998,997,996,995,994,993,992,991,990)" computerName="DESKTOP-3FN5V33" duration="00:00:00.0123093" startTime="2024-01-05T13:40:38.6150169-05:00" endTime="2024-01-05T13:40:38.6277688-05:00" testType="13cdc9d9-ddb5-4fa4-a97d-d965ccfc6d4b" outcome="Passed" testListId="8c84fa94-04c1-424b-9868-57a2d4851a1d" relativeResultsDirectory="eb60c41b-e188-4059-9485-c47780f6846a" xmlns="http://microsoft.com/schemas/VisualStudio/TeamTest/2010">
      <Output>
        <StdOut>Eliassen.System.Internal.ConsoleLogger`1[Eliassen.System.Linq.Search.QueryBuilder]:Information:&gt;
	Build query for CurrentPage: 0
PageSize: 0
ExcludePageCount: False
SearchTerm: (null)
	S:NAME: Descending

Eliassen.System.Internal.ConsoleLogger`1[Eliassen.System.Linq.Search.QueryBuilder]:Information:&gt;
	Execute (paged): System.Linq.Enumerable+SelectRangeIterator`1[Eliassen.System.Tests.Linq.TestTargets.TestTargetModel].OrderByDescending(n =&gt; n.Name).Skip(0).Take(10)



TestContext Messages:
SearchQuery-QueryableExtensionsTests_ExecuteByTest_Sort(296)-638400588386153941.json: Attached
PagedQueryResult_1-QueryableExtensionsTests_ExecuteByTest_Sort(298)-638400588386234127.json: Attached</StdOut>
        <StdErr>Eliassen.System.Internal.ConsoleLogger`1[Eliassen.System.Linq.Search.QueryBuilder]:Warning:&gt;
	No filtering detected: System.Linq.Enumerable+SelectRangeIterator`1[Eliassen.System.Tests.Linq.TestTargets.TestTargetModel]: CurrentPage: 0
PageSize: 0
ExcludePageCount: False
SearchTerm: (null)
	S:NAME: Descending</StdErr>
      </Output>
      <ResultFiles>
        <ResultFile path="DESKTOP-3FN5V33\PagedQueryResult_1-QueryableExtensionsTests_ExecuteByTest_Sort(298)-638400588386234127.json" />
        <ResultFile path="DESKTOP-3FN5V33\SearchQuery-QueryableExtensionsTests_ExecuteByTest_Sort(296)-638400588386153941.json" />
      </ResultFiles>
    </UnitTestResult>
    <UnitTestResult executionId="65590435-436a-40f2-966f-2661c59b274f" testId="1d8ac424-d8c8-cc40-95df-91f5d4ddca6b" testName="ToEnumTest (name,name2|test name,WithEnumValue, WithMemberName, WithDisplay)" computerName="DESKTOP-3FN5V33" duration="00:00:00.0002431" startTime="2024-01-05T13:40:30.5316161-05:00" endTime="2024-01-05T13:40:30.5321626-05:00" testType="13cdc9d9-ddb5-4fa4-a97d-d965ccfc6d4b" outcome="Passed" testListId="8c84fa94-04c1-424b-9868-57a2d4851a1d" relativeResultsDirectory="65590435-436a-40f2-966f-2661c59b274f" xmlns="http://microsoft.com/schemas/VisualStudio/TeamTest/2010" />
    <UnitTestResult executionId="c97a17fe-f1c6-442c-93fc-1a4f021527fe" testId="09a12892-a09d-2217-56ca-535c29014ee4" testName="ToEnumTest (Val2 ,Val1,Val1, Val2)" computerName="DESKTOP-3FN5V33" duration="00:00:00.0000309" startTime="2024-01-05T13:40:30.4895593-05:00" endTime="2024-01-05T13:40:30.4899686-05:00" testType="13cdc9d9-ddb5-4fa4-a97d-d965ccfc6d4b" outcome="Passed" testListId="8c84fa94-04c1-424b-9868-57a2d4851a1d" relativeResultsDirectory="c97a17fe-f1c6-442c-93fc-1a4f021527fe" xmlns="http://microsoft.com/schemas/VisualStudio/TeamTest/2010" />
    <UnitTestResult executionId="3bbdd0c4-cd00-4dee-8025-f06d69e3aeb9" testId="23e6d9bc-f3c3-f29d-3344-d86cf83d0f1d" testName="ToEnumTest (-1,-1)" computerName="DESKTOP-3FN5V33" duration="00:00:00.0000438" startTime="2024-01-05T13:40:30.4933349-05:00" endTime="2024-01-05T13:40:30.4937483-05:00" testType="13cdc9d9-ddb5-4fa4-a97d-d965ccfc6d4b" outcome="Passed" testListId="8c84fa94-04c1-424b-9868-57a2d4851a1d" relativeResultsDirectory="3bbdd0c4-cd00-4dee-8025-f06d69e3aeb9" xmlns="http://microsoft.com/schemas/VisualStudio/TeamTest/2010" />
    <UnitTestResult executionId="1d79fc07-10ab-4052-a444-863a227c68b5" testId="92340e72-277a-04a0-4ab5-bc7177798536" testName="ToEnumTest (Val2,Val2)" computerName="DESKTOP-3FN5V33" duration="00:00:00.0000379" startTime="2024-01-05T13:40:30.4597533-05:00" endTime="2024-01-05T13:40:30.4602607-05:00" testType="13cdc9d9-ddb5-4fa4-a97d-d965ccfc6d4b" outcome="Passed" testListId="8c84fa94-04c1-424b-9868-57a2d4851a1d" relativeResultsDirectory="1d79fc07-10ab-4052-a444-863a227c68b5" xmlns="http://microsoft.com/schemas/VisualStudio/TeamTest/2010" />
    <UnitTestResult executionId="16c2a3e3-09ef-4531-82c3-96158eaeed51" testId="40b5ef99-b7df-93ac-7917-4647f5a51753" testName="ToEnumTest (0,Val0)" computerName="DESKTOP-3FN5V33" duration="00:00:00.0000417" startTime="2024-01-05T13:40:30.4960078-05:00" endTime="2024-01-05T13:40:30.4985716-05:00" testType="13cdc9d9-ddb5-4fa4-a97d-d965ccfc6d4b" outcome="Passed" testListId="8c84fa94-04c1-424b-9868-57a2d4851a1d" relativeResultsDirectory="16c2a3e3-09ef-4531-82c3-96158eaeed51" xmlns="http://microsoft.com/schemas/VisualStudio/TeamTest/2010" />
    <UnitTestResult executionId="9815c874-51eb-477e-93de-1719ce6a983b" testId="01759c6c-9c6f-76ea-83d1-8f4c8b379bd1" testName="ToEnumTest (4,WithEnumValue)" computerName="DESKTOP-3FN5V33" duration="00:00:00.0000371" startTime="2024-01-05T13:40:30.5100405-05:00" endTime="2024-01-05T13:40:30.5105510-05:00" testType="13cdc9d9-ddb5-4fa4-a97d-d965ccfc6d4b" outcome="Passed" testListId="8c84fa94-04c1-424b-9868-57a2d4851a1d" relativeResultsDirectory="9815c874-51eb-477e-93de-1719ce6a983b" xmlns="http://microsoft.com/schemas/VisualStudio/TeamTest/2010" />
    <UnitTestResult executionId="bb0c1b76-1c71-4c4d-a428-ca092e49680d" testId="b13fa943-22bd-9e1f-c5db-ef62652cfa07" testName="ToEnumTest (Val1,Val1)" computerName="DESKTOP-3FN5V33" duration="00:00:00.0093418" startTime="2024-01-05T13:40:30.4446843-05:00" endTime="2024-01-05T13:40:30.4580401-05:00" testType="13cdc9d9-ddb5-4fa4-a97d-d965ccfc6d4b" outcome="Passed" testListId="8c84fa94-04c1-424b-9868-57a2d4851a1d" relativeResultsDirectory="bb0c1b76-1c71-4c4d-a428-ca092e49680d" xmlns="http://microsoft.com/schemas/VisualStudio/TeamTest/2010" />
    <UnitTestResult executionId="fe6eb761-c776-4af4-a11a-df8b282381a7" testId="58462863-ff6d-f063-2a0a-2d8d701b12ea" testName="ToEnumTest (test short,WithDisplay)" computerName="DESKTOP-3FN5V33" duration="00:00:00.0002258" startTime="2024-01-05T13:40:30.5296184-05:00" endTime="2024-01-05T13:40:30.5301739-05:00" testType="13cdc9d9-ddb5-4fa4-a97d-d965ccfc6d4b" outcome="Passed" testListId="8c84fa94-04c1-424b-9868-57a2d4851a1d" relativeResultsDirectory="fe6eb761-c776-4af4-a11a-df8b282381a7" xmlns="http://microsoft.com/schemas/VisualStudio/TeamTest/2010" />
    <UnitTestResult executionId="e38a042e-bcc8-4766-8bef-d0ded6a27e1f" testId="cb4cfb9e-73c3-8e26-9b3a-14e0a5fbae7b" testName="ToEnumTest (Val2,Val1,Val1, Val2)" computerName="DESKTOP-3FN5V33" duration="00:00:00.0000430" startTime="2024-01-05T13:40:30.4844122-05:00" endTime="2024-01-05T13:40:30.4850314-05:00" testType="13cdc9d9-ddb5-4fa4-a97d-d965ccfc6d4b" outcome="Passed" testListId="8c84fa94-04c1-424b-9868-57a2d4851a1d" relativeResultsDirectory="e38a042e-bcc8-4766-8bef-d0ded6a27e1f" xmlns="http://microsoft.com/schemas/VisualStudio/TeamTest/2010" />
    <UnitTestResult executionId="25c4e596-9670-4f88-916d-7a87e18314b4" testId="1d309172-e008-0657-5b5e-95e52af2c894" testName="ToEnumTest (Val2, Val1,Val1, Val2)" computerName="DESKTOP-3FN5V33" duration="00:00:00.0000395" startTime="2024-01-05T13:40:30.4747913-05:00" endTime="2024-01-05T13:40:30.4753543-05:00" testType="13cdc9d9-ddb5-4fa4-a97d-d965ccfc6d4b" outcome="Passed" testListId="8c84fa94-04c1-424b-9868-57a2d4851a1d" relativeResultsDirectory="25c4e596-9670-4f88-916d-7a87e18314b4" xmlns="http://microsoft.com/schemas/VisualStudio/TeamTest/2010" />
    <UnitTestResult executionId="65a7403a-c0bf-4c2b-842d-ac76b0fd888c" testId="2be8e5bd-2821-3300-9bb9-16d0bbda7431" testName="ToEnumTest (1,Val1)" computerName="DESKTOP-3FN5V33" duration="00:00:00.0000392" startTime="2024-01-05T13:40:30.5002148-05:00" endTime="2024-01-05T13:40:30.5010959-05:00" testType="13cdc9d9-ddb5-4fa4-a97d-d965ccfc6d4b" outcome="Passed" testListId="8c84fa94-04c1-424b-9868-57a2d4851a1d" relativeResultsDirectory="65a7403a-c0bf-4c2b-842d-ac76b0fd888c" xmlns="http://microsoft.com/schemas/VisualStudio/TeamTest/2010" />
    <UnitTestResult executionId="13a1afd3-a78c-4e08-954a-cb01dba67abb" testId="ec5b60ed-7fe8-4ace-f494-55fd9fc20bb2" testName="ExecuteByTest_Sort (name,Descending,999,998,997,996,995,994,993,992,991,990)" computerName="DESKTOP-3FN5V33" duration="00:00:00.0115283" startTime="2024-01-05T13:40:38.6015409-05:00" endTime="2024-01-05T13:40:38.6135617-05:00" testType="13cdc9d9-ddb5-4fa4-a97d-d965ccfc6d4b" outcome="Passed" testListId="8c84fa94-04c1-424b-9868-57a2d4851a1d" relativeResultsDirectory="13a1afd3-a78c-4e08-954a-cb01dba67abb" xmlns="http://microsoft.com/schemas/VisualStudio/TeamTest/2010">
      <Output>
        <StdOut>Eliassen.System.Internal.ConsoleLogger`1[Eliassen.System.Linq.Search.QueryBuilder]:Information:&gt;
	Build query for CurrentPage: 0
PageSize: 0
ExcludePageCount: False
SearchTerm: (null)
	S:name: Descending

Eliassen.System.Internal.ConsoleLogger`1[Eliassen.System.Linq.Search.QueryBuilder]:Information:&gt;
	Execute (paged): System.Linq.Enumerable+SelectRangeIterator`1[Eliassen.System.Tests.Linq.TestTargets.TestTargetModel].OrderByDescending(n =&gt; n.Name).Skip(0).Take(10)



TestContext Messages:
SearchQuery-QueryableExtensionsTests_ExecuteByTest_Sort(296)-638400588386022532.json: Attached
PagedQueryResult_1-QueryableExtensionsTests_ExecuteByTest_Sort(298)-638400588386100969.json: Attached</StdOut>
        <StdErr>Eliassen.System.Internal.ConsoleLogger`1[Eliassen.System.Linq.Search.QueryBuilder]:Warning:&gt;
	No filtering detected: System.Linq.Enumerable+SelectRangeIterator`1[Eliassen.System.Tests.Linq.TestTargets.TestTargetModel]: CurrentPage: 0
PageSize: 0
ExcludePageCount: False
SearchTerm: (null)
	S:name: Descending</StdErr>
      </Output>
      <ResultFiles>
        <ResultFile path="DESKTOP-3FN5V33\PagedQueryResult_1-QueryableExtensionsTests_ExecuteByTest_Sort(298)-638400588386100969.json" />
        <ResultFile path="DESKTOP-3FN5V33\SearchQuery-QueryableExtensionsTests_ExecuteByTest_Sort(296)-638400588386022532.json" />
      </ResultFiles>
    </UnitTestResult>
    <UnitTestResult executionId="c70c49bc-f96d-4093-bcf2-cb696c0ab49d" testId="101e9e04-cff8-8fa9-c661-9d47b6be78ef" testName="ToEnumTest (2,Val2)" computerName="DESKTOP-3FN5V33" duration="00:00:00.0000148" startTime="2024-01-05T11:18:31.1075515-05:00" endTime="2024-01-05T11:18:31.1077766-05:00" testType="13cdc9d9-ddb5-4fa4-a97d-d965ccfc6d4b" outcome="Passed" testListId="8c84fa94-04c1-424b-9868-57a2d4851a1d" relativeResultsDirectory="c70c49bc-f96d-4093-bcf2-cb696c0ab49d" xmlns="http://microsoft.com/schemas/VisualStudio/TeamTest/2010" />
    <UnitTestResult executionId="351485cb-8268-4d2f-9c02-11ed92cea827" testId="e084b9bb-3fb5-a391-9844-c9e65646417a" testName="ToEnumTest (test name,WithDisplay)" computerName="DESKTOP-3FN5V33" duration="00:00:00.0002912" startTime="2024-01-05T11:18:31.1222357-05:00" endTime="2024-01-05T11:18:31.1229287-05:00" testType="13cdc9d9-ddb5-4fa4-a97d-d965ccfc6d4b" outcome="Passed" testListId="8c84fa94-04c1-424b-9868-57a2d4851a1d" relativeResultsDirectory="351485cb-8268-4d2f-9c02-11ed92cea827" xmlns="http://microsoft.com/schemas/VisualStudio/TeamTest/2010" />
    <UnitTestResult executionId="a48826de-d781-444b-ac92-1769fb02ef29" testId="d543c38b-7074-0e95-e523-50409de6c955" testName="ToEnumTest (0,Val0)" computerName="DESKTOP-3FN5V33" duration="00:00:00.0000105" startTime="2024-01-05T11:18:31.1037938-05:00" endTime="2024-01-05T11:18:31.1039961-05:00" testType="13cdc9d9-ddb5-4fa4-a97d-d965ccfc6d4b" outcome="Passed" testListId="8c84fa94-04c1-424b-9868-57a2d4851a1d" relativeResultsDirectory="a48826de-d781-444b-ac92-1769fb02ef29" xmlns="http://microsoft.com/schemas/VisualStudio/TeamTest/2010" />
    <UnitTestResult executionId="e6c93435-ef8e-49ad-aaf2-2216d1eb9617" testId="78601fce-42b7-1d43-f4d2-c9e13ea5ac39" testName="ToEnumTest (Val2 ,Val1,Val1, Val2)" computerName="DESKTOP-3FN5V33" duration="00:00:00.0000128" startTime="2024-01-05T11:18:31.1009149-05:00" endTime="2024-01-05T11:18:31.1012050-05:00" testType="13cdc9d9-ddb5-4fa4-a97d-d965ccfc6d4b" outcome="Passed" testListId="8c84fa94-04c1-424b-9868-57a2d4851a1d" relativeResultsDirectory="e6c93435-ef8e-49ad-aaf2-2216d1eb9617" xmlns="http://microsoft.com/schemas/VisualStudio/TeamTest/2010" />
    <UnitTestResult executionId="3197f7d8-073e-43e1-b6a7-458209a1d84d" testId="447a7ec8-4d58-9251-c78c-779d4ba60530" testName="ToEnumTest (test description,WithDescription)" computerName="DESKTOP-3FN5V33" duration="00:00:00.0002541" startTime="2024-01-05T11:18:31.1196387-05:00" endTime="2024-01-05T11:18:31.1201313-05:00" testType="13cdc9d9-ddb5-4fa4-a97d-d965ccfc6d4b" outcome="Passed" testListId="8c84fa94-04c1-424b-9868-57a2d4851a1d" relativeResultsDirectory="3197f7d8-073e-43e1-b6a7-458209a1d84d" xmlns="http://microsoft.com/schemas/VisualStudio/TeamTest/2010" />
    <UnitTestResult executionId="8181ef2f-c47d-4a59-8cbd-3260c0b5cf37" testId="fe55777e-1d6a-5099-e51b-5211c764827b" testName="ToEnumTest (1,Val1)" computerName="DESKTOP-3FN5V33" duration="00:00:00.0000079" startTime="2024-01-05T11:18:31.1049348-05:00" endTime="2024-01-05T11:18:31.1050880-05:00" testType="13cdc9d9-ddb5-4fa4-a97d-d965ccfc6d4b" outcome="Passed" testListId="8c84fa94-04c1-424b-9868-57a2d4851a1d" relativeResultsDirectory="8181ef2f-c47d-4a59-8cbd-3260c0b5cf37" xmlns="http://microsoft.com/schemas/VisualStudio/TeamTest/2010" />
    <UnitTestResult executionId="ecc2ff08-d281-41aa-aa1c-810d2503ad98" testId="c3657274-5684-84b0-53f6-50ffb36049ed" testName="ToEnumTest (Val2|Val1,Val1, Val2)" computerName="DESKTOP-3FN5V33" duration="00:00:00.0000162" startTime="2024-01-05T11:18:31.1019992-05:00" endTime="2024-01-05T11:18:31.1021645-05:00" testType="13cdc9d9-ddb5-4fa4-a97d-d965ccfc6d4b" outcome="Passed" testListId="8c84fa94-04c1-424b-9868-57a2d4851a1d" relativeResultsDirectory="ecc2ff08-d281-41aa-aa1c-810d2503ad98" xmlns="http://microsoft.com/schemas/VisualStudio/TeamTest/2010" />
    <UnitTestResult executionId="dfce5ddb-c232-4281-b0c5-c1b7ce1ee552" testId="15f0f0c3-de9f-da14-426b-78765c04900a" testName="ToEnumTest (Val1,Val1)" computerName="DESKTOP-3FN5V33" duration="00:00:00.0059202" startTime="2024-01-05T11:18:31.0807598-05:00" endTime="2024-01-05T11:18:31.0918897-05:00" testType="13cdc9d9-ddb5-4fa4-a97d-d965ccfc6d4b" outcome="Passed" testListId="8c84fa94-04c1-424b-9868-57a2d4851a1d" relativeResultsDirectory="dfce5ddb-c232-4281-b0c5-c1b7ce1ee552" xmlns="http://microsoft.com/schemas/VisualStudio/TeamTest/2010" />
    <UnitTestResult executionId="18756d29-7d08-40fd-b654-99160b51da58" testId="7d752d6c-ea35-c2bf-5a54-d2a77f5d8d11" testName="ToEnumTest (4,WithEnumValue)" computerName="DESKTOP-3FN5V33" duration="00:00:00.0000110" startTime="2024-01-05T11:18:31.1095385-05:00" endTime="2024-01-05T11:18:31.1097189-05:00" testType="13cdc9d9-ddb5-4fa4-a97d-d965ccfc6d4b" outcome="Passed" testListId="8c84fa94-04c1-424b-9868-57a2d4851a1d" relativeResultsDirectory="18756d29-7d08-40fd-b654-99160b51da58" xmlns="http://microsoft.com/schemas/VisualStudio/TeamTest/2010" />
    <UnitTestResult executionId="04128a44-80cf-48cb-b422-a5a08d87432a" testId="4e84d721-e721-48df-0fef-58399d42c3e4" testName="ToEnumTest (Val2,Val2)" computerName="DESKTOP-3FN5V33" duration="00:00:00.0000334" startTime="2024-01-05T11:18:31.0963290-05:00" endTime="2024-01-05T11:18:31.0967919-05:00" testType="13cdc9d9-ddb5-4fa4-a97d-d965ccfc6d4b" outcome="Passed" testListId="8c84fa94-04c1-424b-9868-57a2d4851a1d" relativeResultsDirectory="04128a44-80cf-48cb-b422-a5a08d87432a" xmlns="http://microsoft.com/schemas/VisualStudio/TeamTest/2010" />
    <UnitTestResult executionId="79852190-e388-45cd-be04-bc0497e16c2d" testId="acbf883b-a248-9198-bfe3-0944bb2a2172" testName="ExecuteByTest_Sort (name,Descending,999,998,997,996,995,994,993,992,991,990)" computerName="DESKTOP-3FN5V33" duration="00:00:00.0094331" startTime="2024-01-05T11:18:35.2131872-05:00" endTime="2024-01-05T11:18:35.2230753-05:00" testType="13cdc9d9-ddb5-4fa4-a97d-d965ccfc6d4b" outcome="Passed" testListId="8c84fa94-04c1-424b-9868-57a2d4851a1d" relativeResultsDirectory="79852190-e388-45cd-be04-bc0497e16c2d" xmlns="http://microsoft.com/schemas/VisualStudio/TeamTest/2010">
      <Output>
        <StdOut>Eliassen.System.Internal.ConsoleLogger`1[Eliassen.System.Linq.Search.QueryBuilder]:Information:&gt;
	Build query for CurrentPage: 0
PageSize: 0
ExcludePageCount: False
SearchTerm: (null)
	S:name: Descending

Eliassen.System.Internal.ConsoleLogger`1[Eliassen.System.Linq.Search.QueryBuilder]:Information:&gt;
	Execute (paged): System.Linq.Enumerable+SelectRangeIterator`1[Eliassen.System.Tests.Linq.TestTargets.TestTargetModel].OrderByDescending(n =&gt; n.Name).Skip(0).Take(10)



TestContext Messages:
SearchQuery-QueryableExtensionsTests_ExecuteByTest_Sort(296)-638400503152138342.json: Attached
PagedQueryResult_1-QueryableExtensionsTests_ExecuteByTest_Sort(298)-638400503152196729.json: Attached</StdOut>
        <StdErr>Eliassen.System.Internal.ConsoleLogger`1[Eliassen.System.Linq.Search.QueryBuilder]:Warning:&gt;
	No filtering detected: System.Linq.Enumerable+SelectRangeIterator`1[Eliassen.System.Tests.Linq.TestTargets.TestTargetModel]: CurrentPage: 0
PageSize: 0
ExcludePageCount: False
SearchTerm: (null)
	S:name: Descending</StdErr>
      </Output>
      <ResultFiles>
        <ResultFile path="DESKTOP-3FN5V33\PagedQueryResult_1-QueryableExtensionsTests_ExecuteByTest_Sort(298)-638400503152196729.json" />
        <ResultFile path="DESKTOP-3FN5V33\SearchQuery-QueryableExtensionsTests_ExecuteByTest_Sort(296)-638400503152138342.json" />
      </ResultFiles>
    </UnitTestResult>
    <UnitTestResult executionId="77bc299b-da34-46c5-aacd-1208db4daad0" testId="1521fdf8-ee8e-3f24-da8a-3dd3b9aaa633" testName="ToEnumTest (3,Val1, Val2)" computerName="DESKTOP-3FN5V33" duration="00:00:00.0000123" startTime="2024-01-05T11:18:31.1085274-05:00" endTime="2024-01-05T11:18:31.1087189-05:00" testType="13cdc9d9-ddb5-4fa4-a97d-d965ccfc6d4b" outcome="Passed" testListId="8c84fa94-04c1-424b-9868-57a2d4851a1d" relativeResultsDirectory="77bc299b-da34-46c5-aacd-1208db4daad0" xmlns="http://microsoft.com/schemas/VisualStudio/TeamTest/2010" />
    <UnitTestResult executionId="a2eeaec0-4c42-4a19-bf9f-9de81436c286" testId="00a18adb-717a-ef94-6424-5f5fb443e4cf" testName="ToEnumTest (name,WithEnumValue)" computerName="DESKTOP-3FN5V33" duration="00:00:00.0014734" startTime="2024-01-05T11:18:31.1152581-05:00" endTime="2024-01-05T11:18:31.1170644-05:00" testType="13cdc9d9-ddb5-4fa4-a97d-d965ccfc6d4b" outcome="Passed" testListId="8c84fa94-04c1-424b-9868-57a2d4851a1d" relativeResultsDirectory="a2eeaec0-4c42-4a19-bf9f-9de81436c286" xmlns="http://microsoft.com/schemas/VisualStudio/TeamTest/2010" />
    <UnitTestResult executionId="e434b4f8-a853-444b-b0b9-54e6cbe4a78c" testId="e25795eb-c389-3b43-4e5f-ee4489209b2a" testName="ToEnumTest (name,name2|test name,WithEnumValue, WithMemberName, WithDisplay)" computerName="DESKTOP-3FN5V33" duration="00:00:00.0001829" startTime="2024-01-05T11:18:31.1272256-05:00" endTime="2024-01-05T11:18:31.1277065-05:00" testType="13cdc9d9-ddb5-4fa4-a97d-d965ccfc6d4b" outcome="Passed" testListId="8c84fa94-04c1-424b-9868-57a2d4851a1d" relativeResultsDirectory="e434b4f8-a853-444b-b0b9-54e6cbe4a78c" xmlns="http://microsoft.com/schemas/VisualStudio/TeamTest/2010" />
    <UnitTestResult executionId="e0254913-8141-40a8-95c8-9dd308a14d36" testId="162a9975-fa90-6541-ed71-2ec4dcc7aa4e" testName="ToEnumTest (-1,-1)" computerName="DESKTOP-3FN5V33" duration="00:00:00.0000150" startTime="2024-01-05T11:18:31.1029502-05:00" endTime="2024-01-05T11:18:31.1031083-05:00" testType="13cdc9d9-ddb5-4fa4-a97d-d965ccfc6d4b" outcome="Passed" testListId="8c84fa94-04c1-424b-9868-57a2d4851a1d" relativeResultsDirectory="e0254913-8141-40a8-95c8-9dd308a14d36" xmlns="http://microsoft.com/schemas/VisualStudio/TeamTest/2010" />
    <UnitTestResult executionId="6a431397-008a-4db9-b5b4-8a1a7ccb9190" testId="d27fa711-0e9a-e814-3ef2-aa33f0dcce39" testName="ToEnumTest (Val2 , Val1,Val1, Val2)" computerName="DESKTOP-3FN5V33" duration="00:00:00.0000136" startTime="2024-01-05T11:18:31.0999028-05:00" endTime="2024-01-05T11:18:31.1001570-05:00" testType="13cdc9d9-ddb5-4fa4-a97d-d965ccfc6d4b" outcome="Passed" testListId="8c84fa94-04c1-424b-9868-57a2d4851a1d" relativeResultsDirectory="6a431397-008a-4db9-b5b4-8a1a7ccb9190" xmlns="http://microsoft.com/schemas/VisualStudio/TeamTest/2010" />
    <UnitTestResult executionId="896b5866-8d4e-488f-b119-3fb294b5f1b6" testId="8a35045d-3fa3-99c5-00ae-6cb0cc7f41bf" testName="ExecuteByTest_Sort (NAME,Descending,999,998,997,996,995,994,993,992,991,990)" computerName="DESKTOP-3FN5V33" duration="00:00:00.0098997" startTime="2024-01-05T11:18:35.2240883-05:00" endTime="2024-01-05T11:18:35.2343568-05:00" testType="13cdc9d9-ddb5-4fa4-a97d-d965ccfc6d4b" outcome="Passed" testListId="8c84fa94-04c1-424b-9868-57a2d4851a1d" relativeResultsDirectory="896b5866-8d4e-488f-b119-3fb294b5f1b6" xmlns="http://microsoft.com/schemas/VisualStudio/TeamTest/2010">
      <Output>
        <StdOut>Eliassen.System.Internal.ConsoleLogger`1[Eliassen.System.Linq.Search.QueryBuilder]:Information:&gt;
	Build query for CurrentPage: 0
PageSize: 0
ExcludePageCount: False
SearchTerm: (null)
	S:NAME: Descending

Eliassen.System.Internal.ConsoleLogger`1[Eliassen.System.Linq.Search.QueryBuilder]:Information:&gt;
	Execute (paged): System.Linq.Enumerable+SelectRangeIterator`1[Eliassen.System.Tests.Linq.TestTargets.TestTargetModel].OrderByDescending(n =&gt; n.Name).Skip(0).Take(10)



TestContext Messages:
SearchQuery-QueryableExtensionsTests_ExecuteByTest_Sort(296)-638400503152243785.json: Attached
PagedQueryResult_1-QueryableExtensionsTests_ExecuteByTest_Sort(298)-638400503152309083.json: Attached</StdOut>
        <StdErr>Eliassen.System.Internal.ConsoleLogger`1[Eliassen.System.Linq.Search.QueryBuilder]:Warning:&gt;
	No filtering detected: System.Linq.Enumerable+SelectRangeIterator`1[Eliassen.System.Tests.Linq.TestTargets.TestTargetModel]: CurrentPage: 0
PageSize: 0
ExcludePageCount: False
SearchTerm: (null)
	S:NAME: Descending</StdErr>
      </Output>
      <ResultFiles>
        <ResultFile path="DESKTOP-3FN5V33\PagedQueryResult_1-QueryableExtensionsTests_ExecuteByTest_Sort(298)-638400503152309083.json" />
        <ResultFile path="DESKTOP-3FN5V33\SearchQuery-QueryableExtensionsTests_ExecuteByTest_Sort(296)-638400503152243785.json" />
      </ResultFiles>
    </UnitTestResult>
    <UnitTestResult executionId="1f2e013d-1505-4ee6-984a-680392ab239e" testId="05a8bf42-5434-8515-7c2c-2cfaa500d506" testName="ExecuteByTest_Sort (Name,Ascending,0,1,10,100,101,102,103,104,105,106)" computerName="DESKTOP-3FN5V33" duration="00:00:00.0100670" startTime="2024-01-05T11:18:35.2358608-05:00" endTime="2024-01-05T11:18:35.2465024-05:00" testType="13cdc9d9-ddb5-4fa4-a97d-d965ccfc6d4b" outcome="Passed" testListId="8c84fa94-04c1-424b-9868-57a2d4851a1d" relativeResultsDirectory="1f2e013d-1505-4ee6-984a-680392ab239e" xmlns="http://microsoft.com/schemas/VisualStudio/TeamTest/2010">
      <Output>
        <StdOut>Eliassen.System.Internal.ConsoleLogger`1[Eliassen.System.Linq.Search.QueryBuilder]:Information:&gt;
	Build query for CurrentPage: 0
PageSize: 0
ExcludePageCount: False
SearchTerm: (null)
	S:Name: Ascending

Eliassen.System.Internal.ConsoleLogger`1[Eliassen.System.Linq.Search.QueryBuilder]:Information:&gt;
	Execute (paged): System.Linq.Enumerable+SelectRangeIterator`1[Eliassen.System.Tests.Linq.TestTargets.TestTargetModel].OrderBy(n =&gt; n.Name).Skip(0).Take(10)



TestContext Messages:
SearchQuery-QueryableExtensionsTests_ExecuteByTest_Sort(296)-638400503152363294.json: Attached
PagedQueryResult_1-QueryableExtensionsTests_ExecuteByTest_Sort(298)-638400503152433067.json: Attached</StdOut>
        <StdErr>Eliassen.System.Internal.ConsoleLogger`1[Eliassen.System.Linq.Search.QueryBuilder]:Warning:&gt;
	No filtering detected: System.Linq.Enumerable+SelectRangeIterator`1[Eliassen.System.Tests.Linq.TestTargets.TestTargetModel]: CurrentPage: 0
PageSize: 0
ExcludePageCount: False
SearchTerm: (null)
	S:Name: Ascending</StdErr>
      </Output>
      <ResultFiles>
        <ResultFile path="DESKTOP-3FN5V33\PagedQueryResult_1-QueryableExtensionsTests_ExecuteByTest_Sort(298)-638400503152433067.json" />
        <ResultFile path="DESKTOP-3FN5V33\SearchQuery-QueryableExtensionsTests_ExecuteByTest_Sort(296)-638400503152363294.json" />
      </ResultFiles>
    </UnitTestResult>
    <UnitTestResult executionId="e57533bb-ba57-4eb9-95fd-e6e0635d1d6c" testId="51b3917d-24ec-e1ae-8b96-e40add1a9fbb" testName="ToEnumTest (Val2,Val1,Val1, Val2)" computerName="DESKTOP-3FN5V33" duration="00:00:00.0000123" startTime="2024-01-05T11:18:31.0987814-05:00" endTime="2024-01-05T11:18:31.0989533-05:00" testType="13cdc9d9-ddb5-4fa4-a97d-d965ccfc6d4b" outcome="Passed" testListId="8c84fa94-04c1-424b-9868-57a2d4851a1d" relativeResultsDirectory="e57533bb-ba57-4eb9-95fd-e6e0635d1d6c" xmlns="http://microsoft.com/schemas/VisualStudio/TeamTest/2010" />
    <UnitTestResult executionId="3f2bae64-395b-436c-8e1a-3b2e9cab7249" testId="74c0350c-cd7d-cb05-e9ec-3dbfcdb5e334" testName="ToEnumTest (name2,WithMemberName)" computerName="DESKTOP-3FN5V33" duration="00:00:00.0002472" startTime="2024-01-05T11:18:31.1180452-05:00" endTime="2024-01-05T11:18:31.1187446-05:00" testType="13cdc9d9-ddb5-4fa4-a97d-d965ccfc6d4b" outcome="Passed" testListId="8c84fa94-04c1-424b-9868-57a2d4851a1d" relativeResultsDirectory="3f2bae64-395b-436c-8e1a-3b2e9cab7249" xmlns="http://microsoft.com/schemas/VisualStudio/TeamTest/2010" />
    <UnitTestResult executionId="f8a92779-5ab8-4cb9-a168-2121fa852f2a" testId="bfa565c7-fa2e-8baa-d496-303afe5abd4e" testName="ToEnumTest (Val2, Val1,Val1, Val2)" computerName="DESKTOP-3FN5V33" duration="00:00:00.0000205" startTime="2024-01-05T11:18:31.0977686-05:00" endTime="2024-01-05T11:18:31.0979959-05:00" testType="13cdc9d9-ddb5-4fa4-a97d-d965ccfc6d4b" outcome="Passed" testListId="8c84fa94-04c1-424b-9868-57a2d4851a1d" relativeResultsDirectory="f8a92779-5ab8-4cb9-a168-2121fa852f2a" xmlns="http://microsoft.com/schemas/VisualStudio/TeamTest/2010" />
    <UnitTestResult executionId="e29829e2-e09b-4b7f-8c5a-0b3c93a58858" testId="e3aee510-497a-29c4-a957-cf3658ce44bf" testName="ExecuteByTest_Sort (Name,Descending,999,998,997,996,995,994,993,992,991,990)" computerName="DESKTOP-3FN5V33" duration="00:00:00.0175771" startTime="2024-01-05T11:18:35.1942608-05:00" endTime="2024-01-05T11:18:35.2122298-05:00" testType="13cdc9d9-ddb5-4fa4-a97d-d965ccfc6d4b" outcome="Passed" testListId="8c84fa94-04c1-424b-9868-57a2d4851a1d" relativeResultsDirectory="e29829e2-e09b-4b7f-8c5a-0b3c93a58858" xmlns="http://microsoft.com/schemas/VisualStudio/TeamTest/2010">
      <Output>
        <StdOut>Eliassen.System.Internal.ConsoleLogger`1[Eliassen.System.Linq.Search.QueryBuilder]:Information:&gt;
	Build query for CurrentPage: 0
PageSize: 0
ExcludePageCount: False
SearchTerm: (null)
	S:Name: Descending

Eliassen.System.Internal.ConsoleLogger`1[Eliassen.System.Linq.Search.QueryBuilder]:Information:&gt;
	Execute (paged): System.Linq.Enumerable+SelectRangeIterator`1[Eliassen.System.Tests.Linq.TestTargets.TestTargetModel].OrderByDescending(n =&gt; n.Name).Skip(0).Take(10)



TestContext Messages:
SearchQuery-QueryableExtensionsTests_ExecuteByTest_Sort(296)-638400503151952705.json: Attached
PagedQueryResult_1-QueryableExtensionsTests_ExecuteByTest_Sort(298)-638400503152062460.json: Attached</StdOut>
        <StdErr>Eliassen.System.Internal.ConsoleLogger`1[Eliassen.System.Linq.Search.QueryBuilder]:Warning:&gt;
	No filtering detected: System.Linq.Enumerable+SelectRangeIterator`1[Eliassen.System.Tests.Linq.TestTargets.TestTargetModel]: CurrentPage: 0
PageSize: 0
ExcludePageCount: False
SearchTerm: (null)
	S:Name: Descending</StdErr>
      </Output>
      <ResultFiles>
        <ResultFile path="DESKTOP-3FN5V33\PagedQueryResult_1-QueryableExtensionsTests_ExecuteByTest_Sort(298)-638400503152062460.json" />
        <ResultFile path="DESKTOP-3FN5V33\SearchQuery-QueryableExtensionsTests_ExecuteByTest_Sort(296)-638400503151952705.json" />
      </ResultFiles>
    </UnitTestResult>
    <UnitTestResult executionId="37a32046-ac8a-46b1-add6-81681f6821ec" testId="38847c53-ed57-2707-a54c-021211b43dbe" testName="ToEnumTest (test display,WithDisplay)" computerName="DESKTOP-3FN5V33" duration="00:00:00.0001318" startTime="2024-01-05T11:18:31.1209842-05:00" endTime="2024-01-05T11:18:31.1213080-05:00" testType="13cdc9d9-ddb5-4fa4-a97d-d965ccfc6d4b" outcome="Passed" testListId="8c84fa94-04c1-424b-9868-57a2d4851a1d" relativeResultsDirectory="37a32046-ac8a-46b1-add6-81681f6821ec" xmlns="http://microsoft.com/schemas/VisualStudio/TeamTest/2010" />
    <UnitTestResult executionId="186e7de0-eec0-4ad4-b4a3-ce2107158feb" testId="6a819246-7db0-b20a-947c-c26438c9bd63" testName="ToEnumTest (test short,WithDisplay)" computerName="DESKTOP-3FN5V33" duration="00:00:00.0001799" startTime="2024-01-05T11:18:31.1254620-05:00" endTime="2024-01-05T11:18:31.1259187-05:00" testType="13cdc9d9-ddb5-4fa4-a97d-d965ccfc6d4b" outcome="Passed" testListId="8c84fa94-04c1-424b-9868-57a2d4851a1d" relativeResultsDirectory="186e7de0-eec0-4ad4-b4a3-ce2107158feb" xmlns="http://microsoft.com/schemas/VisualStudio/TeamTest/2010" />
    <UnitTestResult executionId="ef073c36-8900-4a29-941a-93c273a1482e" testId="f0a8452b-a880-3678-5fa2-b0b5343292bb" testName="ToEnumTest (3,Val1, Val2)" computerName="DESKTOP-3FN5V33" duration="00:00:00.0000257" startTime="2024-01-05T10:36:16.2065424-05:00" endTime="2024-01-05T10:36:16.2068981-05:00" testType="13cdc9d9-ddb5-4fa4-a97d-d965ccfc6d4b" outcome="Passed" testListId="8c84fa94-04c1-424b-9868-57a2d4851a1d" relativeResultsDirectory="ef073c36-8900-4a29-941a-93c273a1482e" xmlns="http://microsoft.com/schemas/VisualStudio/TeamTest/2010" />
    <UnitTestResult executionId="a6387c49-36ed-46fb-95dc-d2adefee172f" testId="85c1e566-d68d-d955-a41f-828e82e07cee" testName="ToEnumTest (Val2|Val1,Val1, Val2)" computerName="DESKTOP-3FN5V33" duration="00:00:00.0000177" startTime="2024-01-05T10:36:16.1936393-05:00" endTime="2024-01-05T10:36:16.1938458-05:00" testType="13cdc9d9-ddb5-4fa4-a97d-d965ccfc6d4b" outcome="Passed" testListId="8c84fa94-04c1-424b-9868-57a2d4851a1d" relativeResultsDirectory="a6387c49-36ed-46fb-95dc-d2adefee172f" xmlns="http://microsoft.com/schemas/VisualStudio/TeamTest/2010" />
    <UnitTestResult executionId="d2af7365-7d24-480d-a400-0e05744713dd" testId="27d7c2e1-6a3b-6d4f-0096-57d930cb5166" testName="ToEnumTest (4,WithEnumValue)" computerName="DESKTOP-3FN5V33" duration="00:00:00.0000244" startTime="2024-01-05T10:36:16.2078976-05:00" endTime="2024-01-05T10:36:16.2082450-05:00" testType="13cdc9d9-ddb5-4fa4-a97d-d965ccfc6d4b" outcome="Passed" testListId="8c84fa94-04c1-424b-9868-57a2d4851a1d" relativeResultsDirectory="d2af7365-7d24-480d-a400-0e05744713dd" xmlns="http://microsoft.com/schemas/VisualStudio/TeamTest/2010" />
    <UnitTestResult executionId="4b47c1d1-47e6-4110-8726-330ee0e8b396" testId="d4c79ddc-bac1-9c46-ff17-af527979978d" testName="ToEnumTest (Val2 ,Val1,Val1, Val2)" computerName="DESKTOP-3FN5V33" duration="00:00:00.0000118" startTime="2024-01-05T10:36:16.1926118-05:00" endTime="2024-01-05T10:36:16.1927988-05:00" testType="13cdc9d9-ddb5-4fa4-a97d-d965ccfc6d4b" outcome="Passed" testListId="8c84fa94-04c1-424b-9868-57a2d4851a1d" relativeResultsDirectory="4b47c1d1-47e6-4110-8726-330ee0e8b396" xmlns="http://microsoft.com/schemas/VisualStudio/TeamTest/2010" />
    <UnitTestResult executionId="5a99d377-0a53-48ab-a8d1-84f83429ba1b" testId="02f35529-4ead-47e9-3f31-cb3572ed4bd3" testName="ExecuteByTest_Sort (name,Descending,999,998,997,996,995,994,993,992,991,990)" computerName="DESKTOP-3FN5V33" duration="00:00:00.0141084" startTime="2024-01-05T10:36:21.1935225-05:00" endTime="2024-01-05T10:36:21.2082368-05:00" testType="13cdc9d9-ddb5-4fa4-a97d-d965ccfc6d4b" outcome="Passed" testListId="8c84fa94-04c1-424b-9868-57a2d4851a1d" relativeResultsDirectory="5a99d377-0a53-48ab-a8d1-84f83429ba1b" xmlns="http://microsoft.com/schemas/VisualStudio/TeamTest/2010">
      <Output>
        <StdOut>Eliassen.System.Internal.ConsoleLogger`1[Eliassen.System.Linq.Search.QueryBuilder]:Information:&gt;
	Build query for CurrentPage: 0
PageSize: 0
ExcludePageCount: False
SearchTerm: (null)
	S:name: Descending

Eliassen.System.Internal.ConsoleLogger`1[Eliassen.System.Linq.Search.QueryBuilder]:Information:&gt;
	Execute (paged): System.Linq.Enumerable+SelectRangeIterator`1[Eliassen.System.Tests.Linq.TestTargets.TestTargetModel].OrderByDescending(n =&gt; n.Name).Skip(0).Take(10)



TestContext Messages:
SearchQuery-QueryableExtensionsTests_ExecuteByTest_Sort(296)-638400477811944844.json: Attached
PagedQueryResult_1-QueryableExtensionsTests_ExecuteByTest_Sort(298)-638400477812041733.json: Attached</StdOut>
        <StdErr>Eliassen.System.Internal.ConsoleLogger`1[Eliassen.System.Linq.Search.QueryBuilder]:Warning:&gt;
	No filtering detected: System.Linq.Enumerable+SelectRangeIterator`1[Eliassen.System.Tests.Linq.TestTargets.TestTargetModel]: CurrentPage: 0
PageSize: 0
ExcludePageCount: False
SearchTerm: (null)
	S:name: Descending</StdErr>
      </Output>
      <ResultFiles>
        <ResultFile path="DESKTOP-3FN5V33\PagedQueryResult_1-QueryableExtensionsTests_ExecuteByTest_Sort(298)-638400477812041733.json" />
        <ResultFile path="DESKTOP-3FN5V33\SearchQuery-QueryableExtensionsTests_ExecuteByTest_Sort(296)-638400477811944844.json" />
      </ResultFiles>
    </UnitTestResult>
    <UnitTestResult executionId="6186f790-fb76-4a2b-8908-a2e7696d1f9a" testId="904d5d76-7886-9282-84ca-d6d2d719e578" testName="ToEnumTest (test name,WithDisplay)" computerName="DESKTOP-3FN5V33" duration="00:00:00.0001427" startTime="2024-01-05T10:36:16.2258752-05:00" endTime="2024-01-05T10:36:16.2262131-05:00" testType="13cdc9d9-ddb5-4fa4-a97d-d965ccfc6d4b" outcome="Passed" testListId="8c84fa94-04c1-424b-9868-57a2d4851a1d" relativeResultsDirectory="6186f790-fb76-4a2b-8908-a2e7696d1f9a" xmlns="http://microsoft.com/schemas/VisualStudio/TeamTest/2010" />
    <UnitTestResult executionId="75bf6047-ea0e-41b5-830d-d9d9d4912604" testId="dd99c6d8-5061-c33e-9fb5-f6db9b5c95f7" testName="ToEnumTest (test short,WithDisplay)" computerName="DESKTOP-3FN5V33" duration="00:00:00.0002376" startTime="2024-01-05T10:36:16.2318064-05:00" endTime="2024-01-05T10:36:16.2323987-05:00" testType="13cdc9d9-ddb5-4fa4-a97d-d965ccfc6d4b" outcome="Passed" testListId="8c84fa94-04c1-424b-9868-57a2d4851a1d" relativeResultsDirectory="75bf6047-ea0e-41b5-830d-d9d9d4912604" xmlns="http://microsoft.com/schemas/VisualStudio/TeamTest/2010" />
    <UnitTestResult executionId="0e0d6807-c148-41cd-8bfe-7e90adfef3ce" testId="7409cd42-f673-2565-2261-30abc9b0641d" testName="ToEnumTest (test description,WithDescription)" computerName="DESKTOP-3FN5V33" duration="00:00:00.0002121" startTime="2024-01-05T10:36:16.2232815-05:00" endTime="2024-01-05T10:36:16.2237417-05:00" testType="13cdc9d9-ddb5-4fa4-a97d-d965ccfc6d4b" outcome="Passed" testListId="8c84fa94-04c1-424b-9868-57a2d4851a1d" relativeResultsDirectory="0e0d6807-c148-41cd-8bfe-7e90adfef3ce" xmlns="http://microsoft.com/schemas/VisualStudio/TeamTest/2010" />
    <UnitTestResult executionId="4636552b-eee8-45c8-8b89-ee19180edd16" testId="c737a9ae-6e38-8556-c3b4-7587ecb9acbb" testName="ToEnumTest (name,WithEnumValue)" computerName="DESKTOP-3FN5V33" duration="00:00:00.0027730" startTime="2024-01-05T10:36:16.2167440-05:00" endTime="2024-01-05T10:36:16.2200585-05:00" testType="13cdc9d9-ddb5-4fa4-a97d-d965ccfc6d4b" outcome="Passed" testListId="8c84fa94-04c1-424b-9868-57a2d4851a1d" relativeResultsDirectory="4636552b-eee8-45c8-8b89-ee19180edd16" xmlns="http://microsoft.com/schemas/VisualStudio/TeamTest/2010" />
    <UnitTestResult executionId="35ab43cd-1869-4f9b-8507-ada9b40c2034" testId="86518760-fa00-295e-47cc-e5d6dba47527" testName="ToEnumTest (test display,WithDisplay)" computerName="DESKTOP-3FN5V33" duration="00:00:00.0001390" startTime="2024-01-05T10:36:16.2247050-05:00" endTime="2024-01-05T10:36:16.2250585-05:00" testType="13cdc9d9-ddb5-4fa4-a97d-d965ccfc6d4b" outcome="Passed" testListId="8c84fa94-04c1-424b-9868-57a2d4851a1d" relativeResultsDirectory="35ab43cd-1869-4f9b-8507-ada9b40c2034" xmlns="http://microsoft.com/schemas/VisualStudio/TeamTest/2010" />
    <UnitTestResult executionId="0f2fc219-d5ec-4f5e-b13a-048ae18e0020" testId="08cb4208-4fe7-b76b-4972-5be8287f6cc2" testName="ToEnumTest (Val2,Val1,Val1, Val2)" computerName="DESKTOP-3FN5V33" duration="00:00:00.0000150" startTime="2024-01-05T10:36:16.1904963-05:00" endTime="2024-01-05T10:36:16.1907152-05:00" testType="13cdc9d9-ddb5-4fa4-a97d-d965ccfc6d4b" outcome="Passed" testListId="8c84fa94-04c1-424b-9868-57a2d4851a1d" relativeResultsDirectory="0f2fc219-d5ec-4f5e-b13a-048ae18e0020" xmlns="http://microsoft.com/schemas/VisualStudio/TeamTest/2010" />
    <UnitTestResult executionId="6840b25e-443c-4ec5-b295-6719b922103e" testId="ef7812d1-d662-c64d-e88c-8e391f4a0f87" testName="ToEnumTest (Val2,Val2)" computerName="DESKTOP-3FN5V33" duration="00:00:00.0000481" startTime="2024-01-05T10:36:16.1881812-05:00" endTime="2024-01-05T10:36:16.1885807-05:00" testType="13cdc9d9-ddb5-4fa4-a97d-d965ccfc6d4b" outcome="Passed" testListId="8c84fa94-04c1-424b-9868-57a2d4851a1d" relativeResultsDirectory="6840b25e-443c-4ec5-b295-6719b922103e" xmlns="http://microsoft.com/schemas/VisualStudio/TeamTest/2010" />
    <UnitTestResult executionId="3469966c-9f3e-4d99-8fc2-a96242f813e1" testId="73b345a6-01ee-1f99-e257-2bd3980b2a55" testName="ToEnumTest (1,Val1)" computerName="DESKTOP-3FN5V33" duration="00:00:00.0000118" startTime="2024-01-05T10:36:16.1967734-05:00" endTime="2024-01-05T10:36:16.1969774-05:00" testType="13cdc9d9-ddb5-4fa4-a97d-d965ccfc6d4b" outcome="Passed" testListId="8c84fa94-04c1-424b-9868-57a2d4851a1d" relativeResultsDirectory="3469966c-9f3e-4d99-8fc2-a96242f813e1" xmlns="http://microsoft.com/schemas/VisualStudio/TeamTest/2010" />
    <UnitTestResult executionId="8418ecf4-9d6f-4e22-91aa-5451d0a7c120" testId="5fe0a77c-457c-1ad4-ea90-21c6f2197cf3" testName="ToEnumTest (-1,-1)" computerName="DESKTOP-3FN5V33" duration="00:00:00.0000230" startTime="2024-01-05T10:36:16.1947212-05:00" endTime="2024-01-05T10:36:16.1949274-05:00" testType="13cdc9d9-ddb5-4fa4-a97d-d965ccfc6d4b" outcome="Passed" testListId="8c84fa94-04c1-424b-9868-57a2d4851a1d" relativeResultsDirectory="8418ecf4-9d6f-4e22-91aa-5451d0a7c120" xmlns="http://microsoft.com/schemas/VisualStudio/TeamTest/2010" />
    <UnitTestResult executionId="cc08876b-355e-476b-a399-8d0236e7c4bb" testId="8f963ded-5435-4dfe-3694-5269d26ce987" testName="ToEnumTest (Val2, Val1,Val1, Val2)" computerName="DESKTOP-3FN5V33" duration="00:00:00.0000160" startTime="2024-01-05T10:36:16.1894507-05:00" endTime="2024-01-05T10:36:16.1896733-05:00" testType="13cdc9d9-ddb5-4fa4-a97d-d965ccfc6d4b" outcome="Passed" testListId="8c84fa94-04c1-424b-9868-57a2d4851a1d" relativeResultsDirectory="cc08876b-355e-476b-a399-8d0236e7c4bb" xmlns="http://microsoft.com/schemas/VisualStudio/TeamTest/2010" />
    <UnitTestResult executionId="ebf56426-efb9-452a-8628-f5699921638c" testId="00605a31-5bf4-6a10-d5d8-68605ca0fe9e" testName="ToEnumTest (Val2 , Val1,Val1, Val2)" computerName="DESKTOP-3FN5V33" duration="00:00:00.0000114" startTime="2024-01-05T10:36:16.1915585-05:00" endTime="2024-01-05T10:36:16.1917519-05:00" testType="13cdc9d9-ddb5-4fa4-a97d-d965ccfc6d4b" outcome="Passed" testListId="8c84fa94-04c1-424b-9868-57a2d4851a1d" relativeResultsDirectory="ebf56426-efb9-452a-8628-f5699921638c" xmlns="http://microsoft.com/schemas/VisualStudio/TeamTest/2010" />
    <UnitTestResult executionId="8fffc09a-fa07-40bd-9562-4033a141c6e6" testId="66aadc34-05ee-03ee-7c60-4bddd836a077" testName="ExecuteByTest_Sort (Name,Ascending,0,1,10,100,101,102,103,104,105,106)" computerName="DESKTOP-3FN5V33" duration="00:00:00.0125642" startTime="2024-01-05T10:36:21.2265270-05:00" endTime="2024-01-05T10:36:21.2396215-05:00" testType="13cdc9d9-ddb5-4fa4-a97d-d965ccfc6d4b" outcome="Passed" testListId="8c84fa94-04c1-424b-9868-57a2d4851a1d" relativeResultsDirectory="8fffc09a-fa07-40bd-9562-4033a141c6e6" xmlns="http://microsoft.com/schemas/VisualStudio/TeamTest/2010">
      <Output>
        <StdOut>Eliassen.System.Internal.ConsoleLogger`1[Eliassen.System.Linq.Search.QueryBuilder]:Information:&gt;
	Build query for CurrentPage: 0
PageSize: 0
ExcludePageCount: False
SearchTerm: (null)
	S:Name: Ascending

Eliassen.System.Internal.ConsoleLogger`1[Eliassen.System.Linq.Search.QueryBuilder]:Information:&gt;
	Execute (paged): System.Linq.Enumerable+SelectRangeIterator`1[Eliassen.System.Tests.Linq.TestTargets.TestTargetModel].OrderBy(n =&gt; n.Name).Skip(0).Take(10)



TestContext Messages:
SearchQuery-QueryableExtensionsTests_ExecuteByTest_Sort(296)-638400477812269299.json: Attached
PagedQueryResult_1-QueryableExtensionsTests_ExecuteByTest_Sort(298)-638400477812352975.json: Attached</StdOut>
        <StdErr>Eliassen.System.Internal.ConsoleLogger`1[Eliassen.System.Linq.Search.QueryBuilder]:Warning:&gt;
	No filtering detected: System.Linq.Enumerable+SelectRangeIterator`1[Eliassen.System.Tests.Linq.TestTargets.TestTargetModel]: CurrentPage: 0
PageSize: 0
ExcludePageCount: False
SearchTerm: (null)
	S:Name: Ascending</StdErr>
      </Output>
      <ResultFiles>
        <ResultFile path="DESKTOP-3FN5V33\PagedQueryResult_1-QueryableExtensionsTests_ExecuteByTest_Sort(298)-638400477812352975.json" />
        <ResultFile path="DESKTOP-3FN5V33\SearchQuery-QueryableExtensionsTests_ExecuteByTest_Sort(296)-638400477812269299.json" />
      </ResultFiles>
    </UnitTestResult>
    <UnitTestResult executionId="3d011932-da18-4e77-8839-159b1e267a83" testId="cc1b359f-b5fb-d9ba-7555-848df199bc6d" testName="ExecuteByTest_Sort (Name,Descending,999,998,997,996,995,994,993,992,991,990)" computerName="DESKTOP-3FN5V33" duration="00:00:00.0202144" startTime="2024-01-05T10:36:21.1694257-05:00" endTime="2024-01-05T10:36:21.1902420-05:00" testType="13cdc9d9-ddb5-4fa4-a97d-d965ccfc6d4b" outcome="Passed" testListId="8c84fa94-04c1-424b-9868-57a2d4851a1d" relativeResultsDirectory="3d011932-da18-4e77-8839-159b1e267a83" xmlns="http://microsoft.com/schemas/VisualStudio/TeamTest/2010">
      <Output>
        <StdOut>Eliassen.System.Internal.ConsoleLogger`1[Eliassen.System.Linq.Search.QueryBuilder]:Information:&gt;
	Build query for CurrentPage: 0
PageSize: 0
ExcludePageCount: False
SearchTerm: (null)
	S:Name: Descending

Eliassen.System.Internal.ConsoleLogger`1[Eliassen.System.Linq.Search.QueryBuilder]:Information:&gt;
	Execute (paged): System.Linq.Enumerable+SelectRangeIterator`1[Eliassen.System.Tests.Linq.TestTargets.TestTargetModel].OrderByDescending(n =&gt; n.Name).Skip(0).Take(10)



TestContext Messages:
SearchQuery-QueryableExtensionsTests_ExecuteByTest_Sort(296)-638400477811705586.json: Attached
PagedQueryResult_1-QueryableExtensionsTests_ExecuteByTest_Sort(298)-638400477811832013.json: Attached</StdOut>
        <StdErr>Eliassen.System.Internal.ConsoleLogger`1[Eliassen.System.Linq.Search.QueryBuilder]:Warning:&gt;
	No filtering detected: System.Linq.Enumerable+SelectRangeIterator`1[Eliassen.System.Tests.Linq.TestTargets.TestTargetModel]: CurrentPage: 0
PageSize: 0
ExcludePageCount: False
SearchTerm: (null)
	S:Name: Descending</StdErr>
      </Output>
      <ResultFiles>
        <ResultFile path="DESKTOP-3FN5V33\PagedQueryResult_1-QueryableExtensionsTests_ExecuteByTest_Sort(298)-638400477811832013.json" />
        <ResultFile path="DESKTOP-3FN5V33\SearchQuery-QueryableExtensionsTests_ExecuteByTest_Sort(296)-638400477811705586.json" />
      </ResultFiles>
    </UnitTestResult>
    <UnitTestResult executionId="6e36dab4-5868-4ee2-b6a8-af2277b8154c" testId="a60b6d3e-da8f-8208-5340-a670e426e0ab" testName="ExecuteByTest_Sort (NAME,Descending,999,998,997,996,995,994,993,992,991,990)" computerName="DESKTOP-3FN5V33" duration="00:00:00.0145746" startTime="2024-01-05T10:36:21.2096395-05:00" endTime="2024-01-05T10:36:21.2246972-05:00" testType="13cdc9d9-ddb5-4fa4-a97d-d965ccfc6d4b" outcome="Passed" testListId="8c84fa94-04c1-424b-9868-57a2d4851a1d" relativeResultsDirectory="6e36dab4-5868-4ee2-b6a8-af2277b8154c" xmlns="http://microsoft.com/schemas/VisualStudio/TeamTest/2010">
      <Output>
        <StdOut>Eliassen.System.Internal.ConsoleLogger`1[Eliassen.System.Linq.Search.QueryBuilder]:Information:&gt;
	Build query for CurrentPage: 0
PageSize: 0
ExcludePageCount: False
SearchTerm: (null)
	S:NAME: Descending

Eliassen.System.Internal.ConsoleLogger`1[Eliassen.System.Linq.Search.QueryBuilder]:Information:&gt;
	Execute (paged): System.Linq.Enumerable+SelectRangeIterator`1[Eliassen.System.Tests.Linq.TestTargets.TestTargetModel].OrderByDescending(n =&gt; n.Name).Skip(0).Take(10)



TestContext Messages:
SearchQuery-QueryableExtensionsTests_ExecuteByTest_Sort(296)-638400477812100361.json: Attached
PagedQueryResult_1-QueryableExtensionsTests_ExecuteByTest_Sort(298)-638400477812206036.json: Attached</StdOut>
        <StdErr>Eliassen.System.Internal.ConsoleLogger`1[Eliassen.System.Linq.Search.QueryBuilder]:Warning:&gt;
	No filtering detected: System.Linq.Enumerable+SelectRangeIterator`1[Eliassen.System.Tests.Linq.TestTargets.TestTargetModel]: CurrentPage: 0
PageSize: 0
ExcludePageCount: False
SearchTerm: (null)
	S:NAME: Descending</StdErr>
      </Output>
      <ResultFiles>
        <ResultFile path="DESKTOP-3FN5V33\PagedQueryResult_1-QueryableExtensionsTests_ExecuteByTest_Sort(298)-638400477812206036.json" />
        <ResultFile path="DESKTOP-3FN5V33\SearchQuery-QueryableExtensionsTests_ExecuteByTest_Sort(296)-638400477812100361.json" />
      </ResultFiles>
    </UnitTestResult>
    <UnitTestResult executionId="440b325e-4bb4-4744-9954-67b181635bc2" testId="2d610960-5163-7dee-2e11-4657bfeeb260" testName="ToEnumTest (0,Val0)" computerName="DESKTOP-3FN5V33" duration="00:00:00.0000099" startTime="2024-01-05T10:36:16.1957734-05:00" endTime="2024-01-05T10:36:16.1959443-05:00" testType="13cdc9d9-ddb5-4fa4-a97d-d965ccfc6d4b" outcome="Passed" testListId="8c84fa94-04c1-424b-9868-57a2d4851a1d" relativeResultsDirectory="440b325e-4bb4-4744-9954-67b181635bc2" xmlns="http://microsoft.com/schemas/VisualStudio/TeamTest/2010" />
    <UnitTestResult executionId="6be602ab-7126-46c6-a9d1-75c6cbbceaf0" testId="5a587cdd-33a2-0450-b436-28e3c32ca2bc" testName="ToEnumTest (name,name2|test name,WithEnumValue, WithMemberName, WithDisplay)" computerName="DESKTOP-3FN5V33" duration="00:00:00.0001738" startTime="2024-01-05T10:36:16.2333426-05:00" endTime="2024-01-05T10:36:16.2337315-05:00" testType="13cdc9d9-ddb5-4fa4-a97d-d965ccfc6d4b" outcome="Passed" testListId="8c84fa94-04c1-424b-9868-57a2d4851a1d" relativeResultsDirectory="6be602ab-7126-46c6-a9d1-75c6cbbceaf0" xmlns="http://microsoft.com/schemas/VisualStudio/TeamTest/2010" />
    <UnitTestResult executionId="cd953fb9-5bee-4fd9-a2de-b4fd01eff5fd" testId="4dd54268-ca5c-f2ac-0f75-c1f879346a6a" testName="ToEnumTest (2,Val2)" computerName="DESKTOP-3FN5V33" duration="00:00:00.0000188" startTime="2024-01-05T10:36:16.2002484-05:00" endTime="2024-01-05T10:36:16.2005462-05:00" testType="13cdc9d9-ddb5-4fa4-a97d-d965ccfc6d4b" outcome="Passed" testListId="8c84fa94-04c1-424b-9868-57a2d4851a1d" relativeResultsDirectory="cd953fb9-5bee-4fd9-a2de-b4fd01eff5fd" xmlns="http://microsoft.com/schemas/VisualStudio/TeamTest/2010" />
    <UnitTestResult executionId="47c649b6-b029-430b-a7bc-62b99ee7a453" testId="fead0924-ca29-6130-f519-2482f200a666" testName="ToEnumTest (Val1,Val1)" computerName="DESKTOP-3FN5V33" duration="00:00:00.0144441" startTime="2024-01-05T10:36:16.1629323-05:00" endTime="2024-01-05T10:36:16.1837219-05:00" testType="13cdc9d9-ddb5-4fa4-a97d-d965ccfc6d4b" outcome="Passed" testListId="8c84fa94-04c1-424b-9868-57a2d4851a1d" relativeResultsDirectory="47c649b6-b029-430b-a7bc-62b99ee7a453" xmlns="http://microsoft.com/schemas/VisualStudio/TeamTest/2010" />
    <UnitTestResult executionId="cb53f06d-b81b-4578-aa16-3394a1ed38b9" testId="c0747f59-826b-81b4-d050-0ed251150a5f" testName="ToEnumTest (name2,WithMemberName)" computerName="DESKTOP-3FN5V33" duration="00:00:00.0002899" startTime="2024-01-05T10:36:16.2213871-05:00" endTime="2024-01-05T10:36:16.2223175-05:00" testType="13cdc9d9-ddb5-4fa4-a97d-d965ccfc6d4b" outcome="Passed" testListId="8c84fa94-04c1-424b-9868-57a2d4851a1d" relativeResultsDirectory="cb53f06d-b81b-4578-aa16-3394a1ed38b9" xmlns="http://microsoft.com/schemas/VisualStudio/TeamTest/2010" />
  </Results>
  <TestDefinitions >
    <UnitTest name="AddResultTest_Object_WithFileNameRemoveExtension" storage="c:\repos\nucleus\net.libs\framework\eliassen.testutilities.tests\bin\release\net8.0\eliassen.testutilities.tests.dll" id="94603f64-5739-e688-dcfd-6687308b4a9a" xmlns="http://microsoft.com/schemas/VisualStudio/TeamTest/2010">
      <TestCategory>
        <TestCategoryItem TestCategory="Unit" />
      </TestCategory>
      <Execution id="6e01a240-60d9-4a5b-9ad3-3e1f89c53a0d" />
      <TestMethod codeBase="c:\Repos\Nucleus\Net.Libs\Framework\Eliassen.TestUtilities.Tests\bin\Release\net8.0\Eliassen.TestUtilities.Tests.dll" adapterTypeName="executor://mstestadapter/v2" className="Eliassen.TestUtilities.Tests.TextContextExtensionsTests" name="AddResultTest_Object_WithFileNameRemoveExtension" />
    </UnitTest>
    <UnitTest name="AddResultTest_String" storage="c:\repos\nucleus\net.libs\framework\eliassen.testutilities.tests\bin\release\net8.0\eliassen.testutilities.tests.dll" id="de980556-11bb-d6e9-c03a-e5592a3218d5" xmlns="http://microsoft.com/schemas/VisualStudio/TeamTest/2010">
      <TestCategory>
        <TestCategoryItem TestCategory="Unit" />
      </TestCategory>
      <Execution id="596b251f-1d3d-4b8a-a3fa-e6ef9a6ff8f8" />
      <TestMethod codeBase="c:\Repos\Nucleus\Net.Libs\Framework\Eliassen.TestUtilities.Tests\bin\Release\net8.0\Eliassen.TestUtilities.Tests.dll" adapterTypeName="executor://mstestadapter/v2" className="Eliassen.TestUtilities.Tests.TextContextExtensionsTests" name="AddResultTest_String" />
    </UnitTest>
    <UnitTest name="GetTestDataAsyncTest_Stream" storage="c:\repos\nucleus\net.libs\framework\eliassen.testutilities.tests\bin\release\net8.0\eliassen.testutilities.tests.dll" id="09f85366-159b-5dce-cdaa-bbbd3e98347c" xmlns="http://microsoft.com/schemas/VisualStudio/TeamTest/2010">
      <TestCategory>
        <TestCategoryItem TestCategory="Unit" />
      </TestCategory>
      <Execution id="5d678d90-b62a-4ebd-8176-51cd26a2c77e" />
      <TestMethod codeBase="c:\Repos\Nucleus\Net.Libs\Framework\Eliassen.TestUtilities.Tests\bin\Release\net8.0\Eliassen.TestUtilities.Tests.dll" adapterTypeName="executor://mstestadapter/v2" className="Eliassen.TestUtilities.Tests.TextContextExtensionsTests" name="GetTestDataAsyncTest_Stream" />
    </UnitTest>
    <UnitTest name="AddResultFileTest_FileContent" storage="c:\repos\nucleus\net.libs\framework\eliassen.testutilities.tests\bin\release\net8.0\eliassen.testutilities.tests.dll" id="4173abf6-6eee-31f5-7205-ad46c7104d49" xmlns="http://microsoft.com/schemas/VisualStudio/TeamTest/2010">
      <TestCategory>
        <TestCategoryItem TestCategory="Unit" />
      </TestCategory>
      <Execution id="51c1e113-e9c8-4367-8bd8-e63a762dbfcc" />
      <TestMethod codeBase="c:\Repos\Nucleus\Net.Libs\Framework\Eliassen.TestUtilities.Tests\bin\Release\net8.0\Eliassen.TestUtilities.Tests.dll" adapterTypeName="executor://mstestadapter/v2" className="Eliassen.TestUtilities.Tests.TextContextExtensionsTests" name="AddResultFileTest_FileContent" />
    </UnitTest>
    <UnitTest name="AddResultTest_Object_WithFileNameNoExtension" storage="c:\repos\nucleus\net.libs\framework\eliassen.testutilities.tests\bin\release\net8.0\eliassen.testutilities.tests.dll" id="4756cbfe-51aa-abcc-147f-e97a51057db5" xmlns="http://microsoft.com/schemas/VisualStudio/TeamTest/2010">
      <TestCategory>
        <TestCategoryItem TestCategory="Unit" />
      </TestCategory>
      <Execution id="eb357633-7092-4668-a874-22d970b79e18" />
      <TestMethod codeBase="c:\Repos\Nucleus\Net.Libs\Framework\Eliassen.TestUtilities.Tests\bin\Release\net8.0\Eliassen.TestUtilities.Tests.dll" adapterTypeName="executor://mstestadapter/v2" className="Eliassen.TestUtilities.Tests.TextContextExtensionsTests" name="AddResultTest_Object_WithFileNameNoExtension" />
    </UnitTest>
    <UnitTest name="AddResultTest_Lines" storage="c:\repos\nucleus\net.libs\framework\eliassen.testutilities.tests\bin\release\net8.0\eliassen.testutilities.tests.dll" id="ed2eb3a8-9a8f-8428-0d0a-7e6a2f6200e2" xmlns="http://microsoft.com/schemas/VisualStudio/TeamTest/2010">
      <TestCategory>
        <TestCategoryItem TestCategory="Unit" />
      </TestCategory>
      <Execution id="b104ed24-e1ff-4865-a02c-ed0d7a6c4d36" />
      <TestMethod codeBase="c:\Repos\Nucleus\Net.Libs\Framework\Eliassen.TestUtilities.Tests\bin\Release\net8.0\Eliassen.TestUtilities.Tests.dll" adapterTypeName="executor://mstestadapter/v2" className="Eliassen.TestUtilities.Tests.TextContextExtensionsTests" name="AddResultTest_Lines" />
    </UnitTest>
    <UnitTest name="AddResultFileTest_FileContentOutFile" storage="c:\repos\nucleus\net.libs\framework\eliassen.testutilities.tests\bin\release\net8.0\eliassen.testutilities.tests.dll" id="726abc2c-502d-4a5c-e2c7-073f21d793da" xmlns="http://microsoft.com/schemas/VisualStudio/TeamTest/2010">
      <TestCategory>
        <TestCategoryItem TestCategory="Unit" />
      </TestCategory>
      <Execution id="2b4debb3-5319-4126-8dd0-a689cb170bad" />
      <TestMethod codeBase="c:\Repos\Nucleus\Net.Libs\Framework\Eliassen.TestUtilities.Tests\bin\Release\net8.0\Eliassen.TestUtilities.Tests.dll" adapterTypeName="executor://mstestadapter/v2" className="Eliassen.TestUtilities.Tests.TextContextExtensionsTests" name="AddResultFileTest_FileContentOutFile" />
    </UnitTest>
    <UnitTest name="AddResultTest_Json" storage="c:\repos\nucleus\net.libs\framework\eliassen.testutilities.tests\bin\release\net8.0\eliassen.testutilities.tests.dll" id="8aec3498-0c1a-9091-2458-51d1c67933bf" xmlns="http://microsoft.com/schemas/VisualStudio/TeamTest/2010">
      <TestCategory>
        <TestCategoryItem TestCategory="Unit" />
      </TestCategory>
      <Execution id="2153ef30-e652-4a24-8589-cf539a9bcdd9" />
      <TestMethod codeBase="c:\Repos\Nucleus\Net.Libs\Framework\Eliassen.TestUtilities.Tests\bin\Release\net8.0\Eliassen.TestUtilities.Tests.dll" adapterTypeName="executor://mstestadapter/v2" className="Eliassen.TestUtilities.Tests.TextContextExtensionsTests" name="AddResultTest_Json" />
    </UnitTest>
    <UnitTest name="AddResultTest_Stream" storage="c:\repos\nucleus\net.libs\framework\eliassen.testutilities.tests\bin\release\net8.0\eliassen.testutilities.tests.dll" id="bb6d8621-db33-2366-8e82-a87beebdef19" xmlns="http://microsoft.com/schemas/VisualStudio/TeamTest/2010">
      <TestCategory>
        <TestCategoryItem TestCategory="Unit" />
      </TestCategory>
      <Execution id="6c2b200c-78fd-4a44-b9ef-f927b13642d8" />
      <TestMethod codeBase="c:\Repos\Nucleus\Net.Libs\Framework\Eliassen.TestUtilities.Tests\bin\Release\net8.0\Eliassen.TestUtilities.Tests.dll" adapterTypeName="executor://mstestadapter/v2" className="Eliassen.TestUtilities.Tests.TextContextExtensionsTests" name="AddResultTest_Stream" />
    </UnitTest>
    <UnitTest name="AddResultTest_ValueOutFile" storage="c:\repos\nucleus\net.libs\framework\eliassen.testutilities.tests\bin\release\net8.0\eliassen.testutilities.tests.dll" id="35da343a-5826-ac4c-688a-c2bbf7572a30" xmlns="http://microsoft.com/schemas/VisualStudio/TeamTest/2010">
      <TestCategory>
        <TestCategoryItem TestCategory="Unit" />
      </TestCategory>
      <Execution id="6e2bb3ae-e5b3-4fca-a28f-96c36db85a30" />
      <TestMethod codeBase="c:\Repos\Nucleus\Net.Libs\Framework\Eliassen.TestUtilities.Tests\bin\Release\net8.0\Eliassen.TestUtilities.Tests.dll" adapterTypeName="executor://mstestadapter/v2" className="Eliassen.TestUtilities.Tests.TextContextExtensionsTests" name="AddResultTest_ValueOutFile" />
    </UnitTest>
    <UnitTest name="GetTestDataAsyncTest_Targeted" storage="c:\repos\nucleus\net.libs\framework\eliassen.testutilities.tests\bin\release\net8.0\eliassen.testutilities.tests.dll" id="01e51d56-c992-5e2d-f6ea-cf3f1977a589" xmlns="http://microsoft.com/schemas/VisualStudio/TeamTest/2010">
      <TestCategory>
        <TestCategoryItem TestCategory="Unit" />
      </TestCategory>
      <Execution id="6415d5e4-c448-4f58-8b70-fc67add12f05" />
      <TestMethod codeBase="c:\Repos\Nucleus\Net.Libs\Framework\Eliassen.TestUtilities.Tests\bin\Release\net8.0\Eliassen.TestUtilities.Tests.dll" adapterTypeName="executor://mstestadapter/v2" className="Eliassen.TestUtilities.Tests.TextContextExtensionsTests" name="GetTestDataAsyncTest_Targeted" />
    </UnitTest>
    <UnitTest name="AddResultTest_Object" storage="c:\repos\nucleus\net.libs\framework\eliassen.testutilities.tests\bin\release\net8.0\eliassen.testutilities.tests.dll" id="419ef0dc-c4eb-bdc4-db64-68fe0fa43397" xmlns="http://microsoft.com/schemas/VisualStudio/TeamTest/2010">
      <TestCategory>
        <TestCategoryItem TestCategory="Unit" />
      </TestCategory>
      <Execution id="14f48d40-93c0-4191-ac19-de53e7842230" />
      <TestMethod codeBase="c:\Repos\Nucleus\Net.Libs\Framework\Eliassen.TestUtilities.Tests\bin\Release\net8.0\Eliassen.TestUtilities.Tests.dll" adapterTypeName="executor://mstestadapter/v2" className="Eliassen.TestUtilities.Tests.TextContextExtensionsTests" name="AddResultTest_Object" />
    </UnitTest>
    <UnitTest name="GetTestDataAsyncTest_String" storage="c:\repos\nucleus\net.libs\framework\eliassen.testutilities.tests\bin\release\net8.0\eliassen.testutilities.tests.dll" id="5bb4fd62-5d31-f92e-3aec-4b3c222ba16c" xmlns="http://microsoft.com/schemas/VisualStudio/TeamTest/2010">
      <TestCategory>
        <TestCategoryItem TestCategory="Unit" />
      </TestCategory>
      <Execution id="ebe7bf47-740a-4e9c-bebc-c6cea4e55297" />
      <TestMethod codeBase="c:\Repos\Nucleus\Net.Libs\Framework\Eliassen.TestUtilities.Tests\bin\Release\net8.0\Eliassen.TestUtilities.Tests.dll" adapterTypeName="executor://mstestadapter/v2" className="Eliassen.TestUtilities.Tests.TextContextExtensionsTests" name="GetTestDataAsyncTest_String" />
    </UnitTest>
    <UnitTest name="AddResultTest_Object_WithFileNameAndChangeExtension" storage="c:\repos\nucleus\net.libs\framework\eliassen.testutilities.tests\bin\release\net8.0\eliassen.testutilities.tests.dll" id="6e40d08d-5283-ed81-5042-cf4b25b8a9b0" xmlns="http://microsoft.com/schemas/VisualStudio/TeamTest/2010">
      <TestCategory>
        <TestCategoryItem TestCategory="Unit" />
      </TestCategory>
      <Execution id="5d6877f9-52f2-4858-a9f0-2c6f98907531" />
      <TestMethod codeBase="c:\Repos\Nucleus\Net.Libs\Framework\Eliassen.TestUtilities.Tests\bin\Release\net8.0\Eliassen.TestUtilities.Tests.dll" adapterTypeName="executor://mstestadapter/v2" className="Eliassen.TestUtilities.Tests.TextContextExtensionsTests" name="AddResultTest_Object_WithFileNameAndChangeExtension" />
    </UnitTest>
    <UnitTest name="AddResultTest_Object_WithFileNameAndExtension" storage="c:\repos\nucleus\net.libs\framework\eliassen.testutilities.tests\bin\release\net8.0\eliassen.testutilities.tests.dll" id="bfc7f80f-e281-5816-dc57-387e099d2a10" xmlns="http://microsoft.com/schemas/VisualStudio/TeamTest/2010">
      <TestCategory>
        <TestCategoryItem TestCategory="Unit" />
      </TestCategory>
      <Execution id="58a120ff-e19a-4863-a9cf-a61ec443e57f" />
      <TestMethod codeBase="c:\Repos\Nucleus\Net.Libs\Framework\Eliassen.TestUtilities.Tests\bin\Release\net8.0\Eliassen.TestUtilities.Tests.dll" adapterTypeName="executor://mstestadapter/v2" className="Eliassen.TestUtilities.Tests.TextContextExtensionsTests" name="AddResultTest_Object_WithFileNameAndExtension" />
    </UnitTest>
    <UnitTest name="GetTestDataAsyncTest" storage="c:\repos\nucleus\net.libs\framework\eliassen.testutilities.tests\bin\release\net8.0\eliassen.testutilities.tests.dll" id="b14f6909-8be4-5d0a-1d4e-766cb1e4abd6" xmlns="http://microsoft.com/schemas/VisualStudio/TeamTest/2010">
      <TestCategory>
        <TestCategoryItem TestCategory="Unit" />
      </TestCategory>
      <Execution id="ecd1512c-d027-45d2-97e9-bba17566d02b" />
      <TestMethod codeBase="c:\Repos\Nucleus\Net.Libs\Framework\Eliassen.TestUtilities.Tests\bin\Release\net8.0\Eliassen.TestUtilities.Tests.dll" adapterTypeName="executor://mstestadapter/v2" className="Eliassen.TestUtilities.Tests.TextContextExtensionsTests" name="GetTestDataAsyncTest" />
    </UnitTest>
    <UnitTest name="GetResourceStreamTest" storage="c:\repos\nucleus\net.libs\framework\eliassen.system.tests\bin\release\net8.0\eliassen.system.tests.dll" id="5745a05f-6078-14a6-d124-e23b5e51504a" xmlns="http://microsoft.com/schemas/VisualStudio/TeamTest/2010">
      <TestCategory>
        <TestCategoryItem TestCategory="Unit" />
      </TestCategory>
      <Execution id="347cc0cf-ae93-4035-8572-07ad7ce12711" />
      <TestMethod codeBase="c:\Repos\Nucleus\Net.Libs\Framework\Eliassen.System.Tests\bin\Release\net8.0\Eliassen.System.Tests.dll" adapterTypeName="executor://mstestadapter/v2" className="Eliassen.System.Tests.Reflection.ResourceExtensionsTests" name="GetResourceStreamTest" />
    </UnitTest>
    <UnitTest name="VisitTest_StartsWith (Hello,he,True)" storage="c:\repos\nucleus\net.libs\framework\eliassen.system.tests\bin\release\net8.0\eliassen.system.tests.dll" id="a324304b-8c70-70d6-1085-fa9cbf413d33" xmlns="http://microsoft.com/schemas/VisualStudio/TeamTest/2010">
      <TestCategory>
        <TestCategoryItem TestCategory="Unit" />
      </TestCategory>
      <Execution id="f63feb56-4790-425d-a04c-83336c03354f" />
      <TestMethod codeBase="c:\Repos\Nucleus\Net.Libs\Framework\Eliassen.System.Tests\bin\Release\net8.0\Eliassen.System.Tests.dll" adapterTypeName="executor://mstestadapter/v2" className="Eliassen.System.Tests.Linq.Expressions.StringComparisonReplacementExpressionVisitorTests" name="VisitTest_StartsWith" />
    </UnitTest>
    <UnitTest name="GetHash (Hello World!,hhhE1nBOhXP+w02WfiC8/vPUJM9IvgTm3AjyvVjHKXQzcQFerYkcw88cnTS0kmS1EHUbH/nlN5N7xGtdb/TsyA==)" storage="c:\repos\nucleus\net.libs\framework\eliassen.system.tests\bin\release\net8.0\eliassen.system.tests.dll" id="a7d78227-c63c-3e96-292c-bbd5ac9217f2" xmlns="http://microsoft.com/schemas/VisualStudio/TeamTest/2010">
      <TestCategory>
        <TestCategoryItem TestCategory="Unit" />
      </TestCategory>
      <Execution id="001d8462-445b-4aea-a4f8-25a97cdcb277" />
      <TestMethod codeBase="c:\Repos\Nucleus\Net.Libs\Framework\Eliassen.System.Tests\bin\Release\net8.0\Eliassen.System.Tests.dll" adapterTypeName="executor://mstestadapter/v2" className="Eliassen.System.Tests.Security.Cryptography.Sha512HashTests" name="GetHash" />
    </UnitTest>
    <UnitTest name="ExecuteByTest_SearchTerm" storage="c:\repos\nucleus\net.libs\framework\eliassen.system.tests\bin\release\net8.0\eliassen.system.tests.dll" id="f5306a38-7e9d-ad71-73c6-1c694342dc21" xmlns="http://microsoft.com/schemas/VisualStudio/TeamTest/2010">
      <TestCategory>
        <TestCategoryItem TestCategory="Unit" />
      </TestCategory>
      <Execution id="5855db80-856f-49ea-a482-de95f8eff967" />
      <TestMethod codeBase="c:\Repos\Nucleus\Net.Libs\Framework\Eliassen.System.Tests\bin\Release\net8.0\Eliassen.System.Tests.dll" adapterTypeName="executor://mstestadapter/v2" className="Eliassen.System.Tests.Linq.QueryableExtensionsTests" name="ExecuteByTest_SearchTerm" />
    </UnitTest>
    <UnitTest name="ExecuteByTest_Filter" storage="c:\repos\nucleus\net.libs\framework\eliassen.system.tests\bin\release\net8.0\eliassen.system.tests.dll" id="b6498f29-1231-5fcf-4954-1746daa0500d" xmlns="http://microsoft.com/schemas/VisualStudio/TeamTest/2010">
      <TestCategory>
        <TestCategoryItem TestCategory="Unit" />
      </TestCategory>
      <Execution id="97cbf790-b00f-47cc-a4e0-df95c33e78b6" />
      <TestMethod codeBase="c:\Repos\Nucleus\Net.Libs\Framework\Eliassen.System.Tests\bin\Release\net8.0\Eliassen.System.Tests.dll" adapterTypeName="executor://mstestadapter/v2" className="Eliassen.System.Tests.Linq.QueryableExtensionsTests" name="ExecuteByTest_Filter" />
    </UnitTest>
    <UnitTest name="GetHash (hello world,MJ7MSJwS1utMxA9QyQLytNDtd+5RGnx6m808qG1M2G+YndNbxf9JlnDaNCVbRbDP2DDoH2Bdz33FVC6TrpzXbw==)" storage="c:\repos\nucleus\net.libs\framework\eliassen.system.tests\bin\release\net8.0\eliassen.system.tests.dll" id="f70a4315-fac4-e7d3-3678-874f4359a2e2" xmlns="http://microsoft.com/schemas/VisualStudio/TeamTest/2010">
      <TestCategory>
        <TestCategoryItem TestCategory="Unit" />
      </TestCategory>
      <Execution id="5e8e79e5-8e80-44c1-ba36-bdb5468e9341" />
      <TestMethod codeBase="c:\Repos\Nucleus\Net.Libs\Framework\Eliassen.System.Tests\bin\Release\net8.0\Eliassen.System.Tests.dll" adapterTypeName="executor://mstestadapter/v2" className="Eliassen.System.Tests.Security.Cryptography.Sha512HashTests" name="GetHash" />
    </UnitTest>
    <UnitTest name="TryParseTest" storage="c:\repos\nucleus\net.libs\framework\eliassen.system.tests\bin\release\net8.0\eliassen.system.tests.dll" id="7fd160bc-3b5b-e6e2-40ae-1974536260f2" xmlns="http://microsoft.com/schemas/VisualStudio/TeamTest/2010">
      <TestCategory>
        <TestCategoryItem TestCategory="Unit" />
      </TestCategory>
      <Execution id="e8c87fc9-d25a-43d2-b223-f4b9a776ba5a" />
      <TestMethod codeBase="c:\Repos\Nucleus\Net.Libs\Framework\Eliassen.System.Tests\bin\Release\net8.0\Eliassen.System.Tests.dll" adapterTypeName="executor://mstestadapter/v2" className="Eliassen.System.Tests.Reflection.ReflectionExtensionsTests" name="TryParseTest" />
    </UnitTest>
    <UnitTest name="DeserializeTest_Value ({&quot;Nullable&quot;:{&quot;$date&quot;:&quot;2023-07-05T14:16:32.2015217-04:00&quot;},&quot;Value&quot;:{&quot;$date&quot;:&quot;0001-01-01T00:00:00+00:00&quot;}},0001-01-01T00:00:00+00:00)" storage="c:\repos\nucleus\net.libs\framework\eliassen.system.tests\bin\release\net8.0\eliassen.system.tests.dll" id="256bd52f-eccc-f32c-0e34-b0f4b03b83cc" xmlns="http://microsoft.com/schemas/VisualStudio/TeamTest/2010">
      <TestCategory>
        <TestCategoryItem TestCategory="Unit" />
      </TestCategory>
      <Execution id="56aa5e2f-eda5-47c6-9d53-dbb584619060" />
      <TestMethod codeBase="c:\Repos\Nucleus\Net.Libs\Framework\Eliassen.System.Tests\bin\Release\net8.0\Eliassen.System.Tests.dll" adapterTypeName="executor://mstestadapter/v2" className="Eliassen.System.Tests.Text.Json.BsonDateConverterTests" name="DeserializeTest_Value" />
    </UnitTest>
    <UnitTest name="VisitTest_EndsWith (Hello,lO,True)" storage="c:\repos\nucleus\net.libs\framework\eliassen.system.tests\bin\release\net8.0\eliassen.system.tests.dll" id="a4cc6556-4b38-556d-d138-b0c8009279f3" xmlns="http://microsoft.com/schemas/VisualStudio/TeamTest/2010">
      <TestCategory>
        <TestCategoryItem TestCategory="Unit" />
      </TestCategory>
      <Execution id="13bfb656-7811-43d7-b9e1-b670d522e876" />
      <TestMethod codeBase="c:\Repos\Nucleus\Net.Libs\Framework\Eliassen.System.Tests\bin\Release\net8.0\Eliassen.System.Tests.dll" adapterTypeName="executor://mstestadapter/v2" className="Eliassen.System.Tests.Linq.Expressions.StringComparisonReplacementExpressionVisitorTests" name="VisitTest_EndsWith" />
    </UnitTest>
    <UnitTest name="ToEnumTest (,)" storage="c:\repos\nucleus\net.libs\framework\eliassen.system.tests\bin\release\net8.0\eliassen.system.tests.dll" id="a29d2822-126a-1900-33c2-f20f68d10c99" xmlns="http://microsoft.com/schemas/VisualStudio/TeamTest/2010">
      <TestCategory>
        <TestCategoryItem TestCategory="Unit" />
      </TestCategory>
      <Execution id="72d9d6c2-9f20-42fe-95c8-6666cd144d4d" />
      <TestMethod codeBase="c:\Repos\Nucleus\Net.Libs\Framework\Eliassen.System.Tests\bin\Release\net8.0\Eliassen.System.Tests.dll" adapterTypeName="executor://mstestadapter/v2" className="Eliassen.System.Tests.Reflection.EnumExtensionsTests" name="ToEnumTest" />
    </UnitTest>
    <UnitTest name="MakeSafeTest" storage="c:\repos\nucleus\net.libs\framework\eliassen.system.tests\bin\release\net8.0\eliassen.system.tests.dll" id="e350703c-47df-56f0-b995-a52c38b53eca" xmlns="http://microsoft.com/schemas/VisualStudio/TeamTest/2010">
      <TestCategory>
        <TestCategoryItem TestCategory="Unit" />
      </TestCategory>
      <Execution id="0f0ee393-765e-41e5-b419-0263e410d3ad" />
      <TestMethod codeBase="c:\Repos\Nucleus\Net.Libs\Framework\Eliassen.System.Tests\bin\Release\net8.0\Eliassen.System.Tests.dll" adapterTypeName="executor://mstestadapter/v2" className="Eliassen.System.Tests.Reflection.ReflectionExtensionsTests" name="MakeSafeTest" />
    </UnitTest>
    <UnitTest name="VisitTest_EndsWith (Hello,LO,True)" storage="c:\repos\nucleus\net.libs\framework\eliassen.system.tests\bin\release\net8.0\eliassen.system.tests.dll" id="5b534773-a7de-3872-277f-efb65d408d74" xmlns="http://microsoft.com/schemas/VisualStudio/TeamTest/2010">
      <TestCategory>
        <TestCategoryItem TestCategory="Unit" />
      </TestCategory>
      <Execution id="d4365410-3cdf-40e6-8f00-121bdef4130c" />
      <TestMethod codeBase="c:\Repos\Nucleus\Net.Libs\Framework\Eliassen.System.Tests\bin\Release\net8.0\Eliassen.System.Tests.dll" adapterTypeName="executor://mstestadapter/v2" className="Eliassen.System.Tests.Linq.Expressions.StringComparisonReplacementExpressionVisitorTests" name="VisitTest_EndsWith" />
    </UnitTest>
    <UnitTest name="ToEnumTest (3,Val1, Val2)" storage="c:\repos\nucleus\net.libs\framework\eliassen.system.tests\bin\release\net8.0\eliassen.system.tests.dll" id="ae78ea2a-fb45-acf1-0ad8-63e696d22475" xmlns="http://microsoft.com/schemas/VisualStudio/TeamTest/2010">
      <TestCategory>
        <TestCategoryItem TestCategory="Unit" />
      </TestCategory>
      <Execution id="5c307fcc-2c61-426f-aacc-a8c952b57352" />
      <TestMethod codeBase="c:\Repos\Nucleus\Net.Libs\Framework\Eliassen.System.Tests\bin\Release\net8.0\Eliassen.System.Tests.dll" adapterTypeName="executor://mstestadapter/v2" className="Eliassen.System.Tests.Reflection.EnumExtensionsTests" name="ToEnumTest" />
    </UnitTest>
    <UnitTest name="AsModelsTest2" storage="c:\repos\nucleus\net.libs\framework\eliassen.system.tests\bin\release\net8.0\eliassen.system.tests.dll" id="870b9428-08e8-f91f-14b9-7fcf33dc2d0f" xmlns="http://microsoft.com/schemas/VisualStudio/TeamTest/2010">
      <TestCategory>
        <TestCategoryItem TestCategory="Unit" />
      </TestCategory>
      <Execution id="9ab09826-a8ab-4d76-81de-f2bf4cf0d650" />
      <TestMethod codeBase="c:\Repos\Nucleus\Net.Libs\Framework\Eliassen.System.Tests\bin\Release\net8.0\Eliassen.System.Tests.dll" adapterTypeName="executor://mstestadapter/v2" className="Eliassen.System.Tests.Reflection.EnumExtensionsTests" name="AsModelsTest2" />
    </UnitTest>
    <UnitTest name="VisitTest_Equals (,,False)" storage="c:\repos\nucleus\net.libs\framework\eliassen.system.tests\bin\release\net8.0\eliassen.system.tests.dll" id="732c5a4d-db4b-042b-cb1a-6907849de0ac" xmlns="http://microsoft.com/schemas/VisualStudio/TeamTest/2010">
      <TestCategory>
        <TestCategoryItem TestCategory="Unit" />
      </TestCategory>
      <Execution id="c92d14f0-314d-4a74-bedf-73cf1b1180a3" />
      <TestMethod codeBase="c:\Repos\Nucleus\Net.Libs\Framework\Eliassen.System.Tests\bin\Release\net8.0\Eliassen.System.Tests.dll" adapterTypeName="executor://mstestadapter/v2" className="Eliassen.System.Tests.Linq.Expressions.SkipInstanceMethodOnNullExpressionVisitorTests" name="VisitTest_Equals" />
    </UnitTest>
    <UnitTest name="ToEnumTest (Val2, Val1,Val1, Val2)" storage="c:\repos\nucleus\net.libs\framework\eliassen.system.tests\bin\release\net8.0\eliassen.system.tests.dll" id="7b12bac5-6c5a-eb66-849a-aaf0e16f59af" xmlns="http://microsoft.com/schemas/VisualStudio/TeamTest/2010">
      <TestCategory>
        <TestCategoryItem TestCategory="Unit" />
      </TestCategory>
      <Execution id="114826b1-06c0-47fb-809a-ac43cfc53241" />
      <TestMethod codeBase="c:\Repos\Nucleus\Net.Libs\Framework\Eliassen.System.Tests\bin\Release\net8.0\Eliassen.System.Tests.dll" adapterTypeName="executor://mstestadapter/v2" className="Eliassen.System.Tests.Reflection.EnumExtensionsTests" name="ToEnumTest" />
    </UnitTest>
    <UnitTest name="GetResourceFromJsonAsyncTest_NotFound" storage="c:\repos\nucleus\net.libs\framework\eliassen.system.tests\bin\release\net8.0\eliassen.system.tests.dll" id="d1d4b925-a073-2286-7de7-05497c979951" xmlns="http://microsoft.com/schemas/VisualStudio/TeamTest/2010">
      <TestCategory>
        <TestCategoryItem TestCategory="Unit" />
      </TestCategory>
      <Execution id="de5144db-0a04-4e7e-a0e4-d544e89ae2a5" />
      <TestMethod codeBase="c:\Repos\Nucleus\Net.Libs\Framework\Eliassen.System.Tests\bin\Release\net8.0\Eliassen.System.Tests.dll" adapterTypeName="executor://mstestadapter/v2" className="Eliassen.System.Tests.Reflection.ResourceExtensionsTests" name="GetResourceFromJsonAsyncTest_NotFound" />
    </UnitTest>
    <UnitTest name="ExecuteByTest_Filter_JsonElement_Nested" storage="c:\repos\nucleus\net.libs\framework\eliassen.system.tests\bin\release\net8.0\eliassen.system.tests.dll" id="03bc167f-0b26-903d-31a8-efafdb2faab7" xmlns="http://microsoft.com/schemas/VisualStudio/TeamTest/2010">
      <TestCategory>
        <TestCategoryItem TestCategory="Unit" />
      </TestCategory>
      <Execution id="75fba6ff-1009-4289-bb2a-87cedeae2528" />
      <TestMethod codeBase="c:\Repos\Nucleus\Net.Libs\Framework\Eliassen.System.Tests\bin\Release\net8.0\Eliassen.System.Tests.dll" adapterTypeName="executor://mstestadapter/v2" className="Eliassen.System.Tests.Linq.QueryableExtensionsTests" name="ExecuteByTest_Filter_JsonElement_Nested" />
    </UnitTest>
    <UnitTest name="VisitTest_Contains (Hello,EL,True)" storage="c:\repos\nucleus\net.libs\framework\eliassen.system.tests\bin\release\net8.0\eliassen.system.tests.dll" id="4c8eceef-7f0a-45c8-d030-0b823248b815" xmlns="http://microsoft.com/schemas/VisualStudio/TeamTest/2010">
      <TestCategory>
        <TestCategoryItem TestCategory="Unit" />
      </TestCategory>
      <Execution id="a6e40d14-7b7d-4bad-bc94-91cf967b2881" />
      <TestMethod codeBase="c:\Repos\Nucleus\Net.Libs\Framework\Eliassen.System.Tests\bin\Release\net8.0\Eliassen.System.Tests.dll" adapterTypeName="executor://mstestadapter/v2" className="Eliassen.System.Tests.Linq.Expressions.StringComparisonReplacementExpressionVisitorTests" name="VisitTest_Contains" />
    </UnitTest>
    <UnitTest name="ExecuteByTest_Filter_JsonElement" storage="c:\repos\nucleus\net.libs\framework\eliassen.system.tests\bin\release\net8.0\eliassen.system.tests.dll" id="6ecbf29a-b1dc-ecb1-c997-c95f3b46593a" xmlns="http://microsoft.com/schemas/VisualStudio/TeamTest/2010">
      <TestCategory>
        <TestCategoryItem TestCategory="Unit" />
      </TestCategory>
      <Execution id="585d5564-d377-430c-b14e-887fd221dd4d" />
      <TestMethod codeBase="c:\Repos\Nucleus\Net.Libs\Framework\Eliassen.System.Tests\bin\Release\net8.0\Eliassen.System.Tests.dll" adapterTypeName="executor://mstestadapter/v2" className="Eliassen.System.Tests.Linq.QueryableExtensionsTests" name="ExecuteByTest_Filter_JsonElement" />
    </UnitTest>
    <UnitTest name="GetSortablePropertyNamesTest_TestTargetModel" storage="c:\repos\nucleus\net.libs\framework\eliassen.system.tests\bin\release\net8.0\eliassen.system.tests.dll" id="f90f5d2f-9a6e-b4bc-022c-ce37e3e49a29" xmlns="http://microsoft.com/schemas/VisualStudio/TeamTest/2010">
      <TestCategory>
        <TestCategoryItem TestCategory="Unit" />
      </TestCategory>
      <Execution id="b9e73a98-08e3-40c1-ad61-789aceae747f" />
      <TestMethod codeBase="c:\Repos\Nucleus\Net.Libs\Framework\Eliassen.System.Tests\bin\Release\net8.0\Eliassen.System.Tests.dll" adapterTypeName="executor://mstestadapter/v2" className="Eliassen.System.Tests.Linq.Expressions.ExpressionTreeBuilderTests" name="GetSortablePropertyNamesTest_TestTargetModel" />
    </UnitTest>
    <UnitTest name="MakeSafeArrayTest" storage="c:\repos\nucleus\net.libs\framework\eliassen.system.tests\bin\release\net8.0\eliassen.system.tests.dll" id="2f56b32e-ea97-c552-8dea-074dcb4e0dc0" xmlns="http://microsoft.com/schemas/VisualStudio/TeamTest/2010">
      <TestCategory>
        <TestCategoryItem TestCategory="Unit" />
      </TestCategory>
      <Execution id="b59e25e3-e497-43a5-aa11-55981fe1a6e7" />
      <TestMethod codeBase="c:\Repos\Nucleus\Net.Libs\Framework\Eliassen.System.Tests\bin\Release\net8.0\Eliassen.System.Tests.dll" adapterTypeName="executor://mstestadapter/v2" className="Eliassen.System.Tests.Reflection.ReflectionExtensionsTests" name="MakeSafeArrayTest" />
    </UnitTest>
    <UnitTest name="GetResourceFromXmlTest" storage="c:\repos\nucleus\net.libs\framework\eliassen.system.tests\bin\release\net8.0\eliassen.system.tests.dll" id="8ef63a3f-2208-ac88-5a22-493d4beeaeda" xmlns="http://microsoft.com/schemas/VisualStudio/TeamTest/2010">
      <TestCategory>
        <TestCategoryItem TestCategory="Unit" />
      </TestCategory>
      <Execution id="a1812061-13cf-4b9c-bd2d-3bbd9e5b73a3" />
      <TestMethod codeBase="c:\Repos\Nucleus\Net.Libs\Framework\Eliassen.System.Tests\bin\Release\net8.0\Eliassen.System.Tests.dll" adapterTypeName="executor://mstestadapter/v2" className="Eliassen.System.Tests.Reflection.ResourceExtensionsTests" name="GetResourceFromXmlTest" />
    </UnitTest>
    <UnitTest name="VisitTest_StartsWith (Hello,He,True)" storage="c:\repos\nucleus\net.libs\framework\eliassen.system.tests\bin\release\net8.0\eliassen.system.tests.dll" id="5adbf889-f6cc-6aad-7fc3-6b99d44bef4c" xmlns="http://microsoft.com/schemas/VisualStudio/TeamTest/2010">
      <TestCategory>
        <TestCategoryItem TestCategory="Unit" />
      </TestCategory>
      <Execution id="7a8c4749-8eaf-430d-8ea6-2a33beb67ac4" />
      <TestMethod codeBase="c:\Repos\Nucleus\Net.Libs\Framework\Eliassen.System.Tests\bin\Release\net8.0\Eliassen.System.Tests.dll" adapterTypeName="executor://mstestadapter/v2" className="Eliassen.System.Tests.Linq.Expressions.StringComparisonReplacementExpressionVisitorTests" name="VisitTest_StartsWith" />
    </UnitTest>
    <UnitTest name="VisitTest_Equals (Hello,hello,True)" storage="c:\repos\nucleus\net.libs\framework\eliassen.system.tests\bin\release\net8.0\eliassen.system.tests.dll" id="e7f0575b-0e45-f2ce-4918-0b10042b2324" xmlns="http://microsoft.com/schemas/VisualStudio/TeamTest/2010">
      <TestCategory>
        <TestCategoryItem TestCategory="Unit" />
      </TestCategory>
      <Execution id="41996149-c087-4190-a6a0-8ccbbc74841a" />
      <TestMethod codeBase="c:\Repos\Nucleus\Net.Libs\Framework\Eliassen.System.Tests\bin\Release\net8.0\Eliassen.System.Tests.dll" adapterTypeName="executor://mstestadapter/v2" className="Eliassen.System.Tests.Linq.Expressions.StringComparisonReplacementExpressionVisitorTests" name="VisitTest_Equals" />
    </UnitTest>
    <UnitTest name="DeserializeTest_Nullable ({&quot;Nullable&quot;:null,&quot;Value&quot;:{&quot;$date&quot;:&quot;2023-07-05T14:17:05.2315812-04:00&quot;}},)" storage="c:\repos\nucleus\net.libs\framework\eliassen.system.tests\bin\release\net8.0\eliassen.system.tests.dll" id="0ce23f0f-8bc9-01fa-938b-d8a470ad42da" xmlns="http://microsoft.com/schemas/VisualStudio/TeamTest/2010">
      <TestCategory>
        <TestCategoryItem TestCategory="Unit" />
      </TestCategory>
      <Execution id="71c2a55c-aa2e-43ec-8e30-fc43fe90c338" />
      <TestMethod codeBase="c:\Repos\Nucleus\Net.Libs\Framework\Eliassen.System.Tests\bin\Release\net8.0\Eliassen.System.Tests.dll" adapterTypeName="executor://mstestadapter/v2" className="Eliassen.System.Tests.Text.Json.BsonDateConverterTests" name="DeserializeTest_Nullable" />
    </UnitTest>
    <UnitTest name="AsModelsTest" storage="c:\repos\nucleus\net.libs\framework\eliassen.system.tests\bin\release\net8.0\eliassen.system.tests.dll" id="08742191-32e9-b72f-e313-52355290b27f" xmlns="http://microsoft.com/schemas/VisualStudio/TeamTest/2010">
      <TestCategory>
        <TestCategoryItem TestCategory="Unit" />
      </TestCategory>
      <Execution id="8c3728eb-7e82-41f8-8a84-7e7016b0fc90" />
      <TestMethod codeBase="c:\Repos\Nucleus\Net.Libs\Framework\Eliassen.System.Tests\bin\Release\net8.0\Eliassen.System.Tests.dll" adapterTypeName="executor://mstestadapter/v2" className="Eliassen.System.Tests.Reflection.EnumExtensionsTests" name="AsModelsTest" />
    </UnitTest>
    <UnitTest name="VisitTest_EqualOperator (Hello,hello,True)" storage="c:\repos\nucleus\net.libs\framework\eliassen.system.tests\bin\release\net8.0\eliassen.system.tests.dll" id="61f88788-2c55-84c0-718f-430b9d9da684" xmlns="http://microsoft.com/schemas/VisualStudio/TeamTest/2010">
      <TestCategory>
        <TestCategoryItem TestCategory="Unit" />
      </TestCategory>
      <Execution id="937b5e79-08cf-4da6-9ba7-750eea9dc365" />
      <TestMethod codeBase="c:\Repos\Nucleus\Net.Libs\Framework\Eliassen.System.Tests\bin\Release\net8.0\Eliassen.System.Tests.dll" adapterTypeName="executor://mstestadapter/v2" className="Eliassen.System.Tests.Linq.Expressions.StringComparisonReplacementExpressionVisitorTests" name="VisitTest_EqualOperator" />
    </UnitTest>
    <UnitTest name="GetHash (Hello World!,f4OxZX/x/FO5LcGBSKHWXfwtSx+j1ncoSt3SABJtkGk=)" storage="c:\repos\nucleus\net.libs\framework\eliassen.system.tests\bin\release\net8.0\eliassen.system.tests.dll" id="4bae6e3b-0e6b-3eea-a810-61843449ebf1" xmlns="http://microsoft.com/schemas/VisualStudio/TeamTest/2010">
      <TestCategory>
        <TestCategoryItem TestCategory="Unit" />
      </TestCategory>
      <Execution id="c2831369-ee02-46f9-b90a-9a36c04e3285" />
      <TestMethod codeBase="c:\Repos\Nucleus\Net.Libs\Framework\Eliassen.System.Tests\bin\Release\net8.0\Eliassen.System.Tests.dll" adapterTypeName="executor://mstestadapter/v2" className="Eliassen.System.Tests.Security.Cryptography.Sha256HashTests" name="GetHash" />
    </UnitTest>
    <UnitTest name="SerializeTest_Anonymous" storage="c:\repos\nucleus\net.libs\framework\eliassen.system.tests\bin\release\net8.0\eliassen.system.tests.dll" id="9d534b02-84b2-367f-c306-46ab610b3ce8" xmlns="http://microsoft.com/schemas/VisualStudio/TeamTest/2010">
      <TestCategory>
        <TestCategoryItem TestCategory="Unit" />
      </TestCategory>
      <Execution id="03ba2789-3376-4795-ab05-ef58763f72f5" />
      <TestMethod codeBase="c:\Repos\Nucleus\Net.Libs\Framework\Eliassen.System.Tests\bin\Release\net8.0\Eliassen.System.Tests.dll" adapterTypeName="executor://mstestadapter/v2" className="Eliassen.System.Tests.Text.Json.Serialization.DefaultJsonSerializerTests" name="SerializeTest_Anonymous" />
    </UnitTest>
    <UnitTest name="GetSearchablePropertyNames_TestTargetModel" storage="c:\repos\nucleus\net.libs\framework\eliassen.system.tests\bin\release\net8.0\eliassen.system.tests.dll" id="9c016915-9649-a737-5d1d-30f1b46f0f52" xmlns="http://microsoft.com/schemas/VisualStudio/TeamTest/2010">
      <TestCategory>
        <TestCategoryItem TestCategory="Unit" />
      </TestCategory>
      <Execution id="5d518e8e-fdda-4012-ae24-5ee29c2eadcf" />
      <TestMethod codeBase="c:\Repos\Nucleus\Net.Libs\Framework\Eliassen.System.Tests\bin\Release\net8.0\Eliassen.System.Tests.dll" adapterTypeName="executor://mstestadapter/v2" className="Eliassen.System.Tests.Linq.Expressions.ExpressionTreeBuilderTests" name="GetSearchablePropertyNames_TestTargetModel" />
    </UnitTest>
    <UnitTest name="VisitTest_EndsWith (Hello,Lo,True)" storage="c:\repos\nucleus\net.libs\framework\eliassen.system.tests\bin\release\net8.0\eliassen.system.tests.dll" id="d8d8a1a1-adc8-f6f3-d3ba-c826da19378d" xmlns="http://microsoft.com/schemas/VisualStudio/TeamTest/2010">
      <TestCategory>
        <TestCategoryItem TestCategory="Unit" />
      </TestCategory>
      <Execution id="0c50bea2-1609-4d8f-a2ba-8688e499c8ef" />
      <TestMethod codeBase="c:\Repos\Nucleus\Net.Libs\Framework\Eliassen.System.Tests\bin\Release\net8.0\Eliassen.System.Tests.dll" adapterTypeName="executor://mstestadapter/v2" className="Eliassen.System.Tests.Linq.Expressions.StringComparisonReplacementExpressionVisitorTests" name="VisitTest_EndsWith" />
    </UnitTest>
    <UnitTest name="GetFilterablePropertyNamesTest_TestTargetModel" storage="c:\repos\nucleus\net.libs\framework\eliassen.system.tests\bin\release\net8.0\eliassen.system.tests.dll" id="f3383018-7bb0-86e7-cb57-311d72bf2f87" xmlns="http://microsoft.com/schemas/VisualStudio/TeamTest/2010">
      <TestCategory>
        <TestCategoryItem TestCategory="Unit" />
      </TestCategory>
      <Execution id="6f225d3d-510c-42db-a244-8fa8f37c6258" />
      <TestMethod codeBase="c:\Repos\Nucleus\Net.Libs\Framework\Eliassen.System.Tests\bin\Release\net8.0\Eliassen.System.Tests.dll" adapterTypeName="executor://mstestadapter/v2" className="Eliassen.System.Tests.Linq.Expressions.ExpressionTreeBuilderTests" name="GetFilterablePropertyNamesTest_TestTargetModel" />
    </UnitTest>
    <UnitTest name="ToEnumTest (Val2,Val2)" storage="c:\repos\nucleus\net.libs\framework\eliassen.system.tests\bin\release\net8.0\eliassen.system.tests.dll" id="8b1420f0-bc43-5012-8cb5-88e2921cbdb8" xmlns="http://microsoft.com/schemas/VisualStudio/TeamTest/2010">
      <TestCategory>
        <TestCategoryItem TestCategory="Unit" />
      </TestCategory>
      <Execution id="91424d8f-0a41-45ab-a266-a31a20e5fa8e" />
      <TestMethod codeBase="c:\Repos\Nucleus\Net.Libs\Framework\Eliassen.System.Tests\bin\Release\net8.0\Eliassen.System.Tests.dll" adapterTypeName="executor://mstestadapter/v2" className="Eliassen.System.Tests.Reflection.EnumExtensionsTests" name="ToEnumTest" />
    </UnitTest>
    <UnitTest name="VisitTest_Equals (,hello,False)" storage="c:\repos\nucleus\net.libs\framework\eliassen.system.tests\bin\release\net8.0\eliassen.system.tests.dll" id="07b77574-2211-0cfd-4e91-7ca72fa17247" xmlns="http://microsoft.com/schemas/VisualStudio/TeamTest/2010">
      <TestCategory>
        <TestCategoryItem TestCategory="Unit" />
      </TestCategory>
      <Execution id="59684d41-227c-4bd0-a7bc-089655e1a9c2" />
      <TestMethod codeBase="c:\Repos\Nucleus\Net.Libs\Framework\Eliassen.System.Tests\bin\Release\net8.0\Eliassen.System.Tests.dll" adapterTypeName="executor://mstestadapter/v2" className="Eliassen.System.Tests.Linq.Expressions.SkipInstanceMethodOnNullExpressionVisitorTests" name="VisitTest_Equals" />
    </UnitTest>
    <UnitTest name="ExecuteByTest_Sort (Name,Ascending,0,1,10,100,101,102,103,104,105,106)" storage="c:\repos\nucleus\net.libs\framework\eliassen.system.tests\bin\release\net8.0\eliassen.system.tests.dll" id="f7610c58-39c1-dc34-d9ea-1e44edcbee42" xmlns="http://microsoft.com/schemas/VisualStudio/TeamTest/2010">
      <TestCategory>
        <TestCategoryItem TestCategory="Unit" />
      </TestCategory>
      <Execution id="49eb3481-2573-4649-b0cc-967a6f578d90" />
      <TestMethod codeBase="c:\Repos\Nucleus\Net.Libs\Framework\Eliassen.System.Tests\bin\Release\net8.0\Eliassen.System.Tests.dll" adapterTypeName="executor://mstestadapter/v2" className="Eliassen.System.Tests.Linq.QueryableExtensionsTests" name="ExecuteByTest_Sort" />
    </UnitTest>
    <UnitTest name="GetHash (Hello World!,7Qdih1MuhjZehB6Sv8UNjA==)" storage="c:\repos\nucleus\net.libs\framework\eliassen.system.tests\bin\release\net8.0\eliassen.system.tests.dll" id="453dc636-d45b-01e0-2e5e-4e973ba64495" xmlns="http://microsoft.com/schemas/VisualStudio/TeamTest/2010">
      <TestCategory>
        <TestCategoryItem TestCategory="Unit" />
      </TestCategory>
      <Execution id="f4f58a3a-9dd6-4bea-9135-de7d5d06e906" />
      <TestMethod codeBase="c:\Repos\Nucleus\Net.Libs\Framework\Eliassen.System.Tests\bin\Release\net8.0\Eliassen.System.Tests.dll" adapterTypeName="executor://mstestadapter/v2" className="Eliassen.System.Tests.Security.Cryptography.Md5HashTests" name="GetHash" />
    </UnitTest>
    <UnitTest name="GetSearchablePropertyNames_TestTarget3Model" storage="c:\repos\nucleus\net.libs\framework\eliassen.system.tests\bin\release\net8.0\eliassen.system.tests.dll" id="94eba969-c82f-9e81-1248-494bdd4f32c8" xmlns="http://microsoft.com/schemas/VisualStudio/TeamTest/2010">
      <TestCategory>
        <TestCategoryItem TestCategory="Unit" />
      </TestCategory>
      <Execution id="1b8eec7c-884a-48bb-bff5-941167fded19" />
      <TestMethod codeBase="c:\Repos\Nucleus\Net.Libs\Framework\Eliassen.System.Tests\bin\Release\net8.0\Eliassen.System.Tests.dll" adapterTypeName="executor://mstestadapter/v2" className="Eliassen.System.Tests.Linq.Expressions.ExpressionTreeBuilderTests" name="GetSearchablePropertyNames_TestTarget3Model" />
    </UnitTest>
    <UnitTest name="SerializeTest" storage="c:\repos\nucleus\net.libs\framework\eliassen.system.tests\bin\release\net8.0\eliassen.system.tests.dll" id="83cb0395-740b-4b48-1b9a-9d0379b2c4b0" xmlns="http://microsoft.com/schemas/VisualStudio/TeamTest/2010">
      <TestCategory>
        <TestCategoryItem TestCategory="Unit" />
      </TestCategory>
      <Execution id="4b78ce55-25fc-4cd7-a354-2245c6ad8a57" />
      <TestMethod codeBase="c:\Repos\Nucleus\Net.Libs\Framework\Eliassen.System.Tests\bin\Release\net8.0\Eliassen.System.Tests.dll" adapterTypeName="executor://mstestadapter/v2" className="Eliassen.System.Tests.Text.Json.BsonIdConverterTests" name="SerializeTest" />
    </UnitTest>
    <UnitTest name="VisitTest_Equals (Hello,Hello,True)" storage="c:\repos\nucleus\net.libs\framework\eliassen.system.tests\bin\release\net8.0\eliassen.system.tests.dll" id="1c0197db-d7ab-18ba-d57c-a34403249bdb" xmlns="http://microsoft.com/schemas/VisualStudio/TeamTest/2010">
      <TestCategory>
        <TestCategoryItem TestCategory="Unit" />
      </TestCategory>
      <Execution id="d2b993f9-fcc7-4128-bcc7-bf460f2ba2f2" />
      <TestMethod codeBase="c:\Repos\Nucleus\Net.Libs\Framework\Eliassen.System.Tests\bin\Release\net8.0\Eliassen.System.Tests.dll" adapterTypeName="executor://mstestadapter/v2" className="Eliassen.System.Tests.Linq.Expressions.SkipInstanceMethodOnNullExpressionVisitorTests" name="VisitTest_Equals" />
    </UnitTest>
    <UnitTest name="GetHash (hello world,uU0nuZNNPgilLlLX2n2r+sSE7+N6U4DukIj3rOLvzek=)" storage="c:\repos\nucleus\net.libs\framework\eliassen.system.tests\bin\release\net8.0\eliassen.system.tests.dll" id="e72dc3eb-3aa5-dc4a-4345-13e88f385e6f" xmlns="http://microsoft.com/schemas/VisualStudio/TeamTest/2010">
      <TestCategory>
        <TestCategoryItem TestCategory="Unit" />
      </TestCategory>
      <Execution id="25621b32-9788-4ffd-bbb3-3172039bde94" />
      <TestMethod codeBase="c:\Repos\Nucleus\Net.Libs\Framework\Eliassen.System.Tests\bin\Release\net8.0\Eliassen.System.Tests.dll" adapterTypeName="executor://mstestadapter/v2" className="Eliassen.System.Tests.Security.Cryptography.Sha256HashTests" name="GetHash" />
    </UnitTest>
    <UnitTest name="VisitTest_EqualOperator (Hello,HELLO,True)" storage="c:\repos\nucleus\net.libs\framework\eliassen.system.tests\bin\release\net8.0\eliassen.system.tests.dll" id="d4b770b3-94e8-d07a-03aa-f3335b9b4c71" xmlns="http://microsoft.com/schemas/VisualStudio/TeamTest/2010">
      <TestCategory>
        <TestCategoryItem TestCategory="Unit" />
      </TestCategory>
      <Execution id="76ee8bfb-8eb6-432d-a47c-6f1070f50c8d" />
      <TestMethod codeBase="c:\Repos\Nucleus\Net.Libs\Framework\Eliassen.System.Tests\bin\Release\net8.0\Eliassen.System.Tests.dll" adapterTypeName="executor://mstestadapter/v2" className="Eliassen.System.Tests.Linq.Expressions.StringComparisonReplacementExpressionVisitorTests" name="VisitTest_EqualOperator" />
    </UnitTest>
    <UnitTest name="VisitTest_Equals (Hello,HeLlO,True)" storage="c:\repos\nucleus\net.libs\framework\eliassen.system.tests\bin\release\net8.0\eliassen.system.tests.dll" id="4ba16b26-1543-65b7-5999-fbd5f1c9af2e" xmlns="http://microsoft.com/schemas/VisualStudio/TeamTest/2010">
      <TestCategory>
        <TestCategoryItem TestCategory="Unit" />
      </TestCategory>
      <Execution id="c4b4b076-59d5-40ac-8efb-e977710c044b" />
      <TestMethod codeBase="c:\Repos\Nucleus\Net.Libs\Framework\Eliassen.System.Tests\bin\Release\net8.0\Eliassen.System.Tests.dll" adapterTypeName="executor://mstestadapter/v2" className="Eliassen.System.Tests.Linq.Expressions.StringComparisonReplacementExpressionVisitorTests" name="VisitTest_Equals" />
    </UnitTest>
    <UnitTest name="VisitTest_Equals (Hello,,False)" storage="c:\repos\nucleus\net.libs\framework\eliassen.system.tests\bin\release\net8.0\eliassen.system.tests.dll" id="47e6ed14-b917-99ad-5b18-0068efac17a3" xmlns="http://microsoft.com/schemas/VisualStudio/TeamTest/2010">
      <TestCategory>
        <TestCategoryItem TestCategory="Unit" />
      </TestCategory>
      <Execution id="081f0687-a679-48c1-9b0d-ad2cdf818253" />
      <TestMethod codeBase="c:\Repos\Nucleus\Net.Libs\Framework\Eliassen.System.Tests\bin\Release\net8.0\Eliassen.System.Tests.dll" adapterTypeName="executor://mstestadapter/v2" className="Eliassen.System.Tests.Linq.Expressions.SkipInstanceMethodOnNullExpressionVisitorTests" name="VisitTest_Equals" />
    </UnitTest>
    <UnitTest name="GetResourceFromXmlAsyncTest" storage="c:\repos\nucleus\net.libs\framework\eliassen.system.tests\bin\release\net8.0\eliassen.system.tests.dll" id="3dc461cc-f900-b7f4-a669-e9cf3ad5e21f" xmlns="http://microsoft.com/schemas/VisualStudio/TeamTest/2010">
      <TestCategory>
        <TestCategoryItem TestCategory="Unit" />
      </TestCategory>
      <Execution id="8d926700-f08e-4533-b91c-11c58b137159" />
      <TestMethod codeBase="c:\Repos\Nucleus\Net.Libs\Framework\Eliassen.System.Tests\bin\Release\net8.0\Eliassen.System.Tests.dll" adapterTypeName="executor://mstestadapter/v2" className="Eliassen.System.Tests.Reflection.ResourceExtensionsTests" name="GetResourceFromXmlAsyncTest" />
    </UnitTest>
    <UnitTest name="GetResourceStreamTest_NotFound" storage="c:\repos\nucleus\net.libs\framework\eliassen.system.tests\bin\release\net8.0\eliassen.system.tests.dll" id="9576cb6d-ffa5-4a23-9c7a-c5c6b213d46b" xmlns="http://microsoft.com/schemas/VisualStudio/TeamTest/2010">
      <TestCategory>
        <TestCategoryItem TestCategory="Unit" />
      </TestCategory>
      <Execution id="dda288b5-a828-43c3-8b7a-238bbc3fb4f5" />
      <TestMethod codeBase="c:\Repos\Nucleus\Net.Libs\Framework\Eliassen.System.Tests\bin\Release\net8.0\Eliassen.System.Tests.dll" adapterTypeName="executor://mstestadapter/v2" className="Eliassen.System.Tests.Reflection.ResourceExtensionsTests" name="GetResourceStreamTest_NotFound" />
    </UnitTest>
    <UnitTest name="ToEnumTest (test name,WithDisplay)" storage="c:\repos\nucleus\net.libs\framework\eliassen.system.tests\bin\release\net8.0\eliassen.system.tests.dll" id="2afd86f4-f805-4173-f71e-3601047a250f" xmlns="http://microsoft.com/schemas/VisualStudio/TeamTest/2010">
      <TestCategory>
        <TestCategoryItem TestCategory="Unit" />
      </TestCategory>
      <Execution id="6c97af5c-71ee-4d28-9612-660592faa3a0" />
      <TestMethod codeBase="c:\Repos\Nucleus\Net.Libs\Framework\Eliassen.System.Tests\bin\Release\net8.0\Eliassen.System.Tests.dll" adapterTypeName="executor://mstestadapter/v2" className="Eliassen.System.Tests.Reflection.EnumExtensionsTests" name="ToEnumTest" />
    </UnitTest>
    <UnitTest name="ToEnumTest (Val2|Val1,Val1, Val2)" storage="c:\repos\nucleus\net.libs\framework\eliassen.system.tests\bin\release\net8.0\eliassen.system.tests.dll" id="22e1214e-1ba0-eff7-afd4-b4d39ec562d0" xmlns="http://microsoft.com/schemas/VisualStudio/TeamTest/2010">
      <TestCategory>
        <TestCategoryItem TestCategory="Unit" />
      </TestCategory>
      <Execution id="cc8bc3b4-3b04-4e3d-9224-537c79846b48" />
      <TestMethod codeBase="c:\Repos\Nucleus\Net.Libs\Framework\Eliassen.System.Tests\bin\Release\net8.0\Eliassen.System.Tests.dll" adapterTypeName="executor://mstestadapter/v2" className="Eliassen.System.Tests.Reflection.EnumExtensionsTests" name="ToEnumTest" />
    </UnitTest>
    <UnitTest name="ToEnumTest (no data,)" storage="c:\repos\nucleus\net.libs\framework\eliassen.system.tests\bin\release\net8.0\eliassen.system.tests.dll" id="565e6ddc-fd0f-5db8-1ac5-68872b2812d2" xmlns="http://microsoft.com/schemas/VisualStudio/TeamTest/2010">
      <TestCategory>
        <TestCategoryItem TestCategory="Unit" />
      </TestCategory>
      <Execution id="872c0f44-be3f-4adc-bbff-0be0070627bd" />
      <TestMethod codeBase="c:\Repos\Nucleus\Net.Libs\Framework\Eliassen.System.Tests\bin\Release\net8.0\Eliassen.System.Tests.dll" adapterTypeName="executor://mstestadapter/v2" className="Eliassen.System.Tests.Reflection.EnumExtensionsTests" name="ToEnumTest" />
    </UnitTest>
    <UnitTest name="ToEnumTest (0,Val0)" storage="c:\repos\nucleus\net.libs\framework\eliassen.system.tests\bin\release\net8.0\eliassen.system.tests.dll" id="e04a7402-3dc9-8f57-2d10-a3c52c312b82" xmlns="http://microsoft.com/schemas/VisualStudio/TeamTest/2010">
      <TestCategory>
        <TestCategoryItem TestCategory="Unit" />
      </TestCategory>
      <Execution id="52c40c52-cc8e-43d7-ade3-ffc6e832e77d" />
      <TestMethod codeBase="c:\Repos\Nucleus\Net.Libs\Framework\Eliassen.System.Tests\bin\Release\net8.0\Eliassen.System.Tests.dll" adapterTypeName="executor://mstestadapter/v2" className="Eliassen.System.Tests.Reflection.EnumExtensionsTests" name="ToEnumTest" />
    </UnitTest>
    <UnitTest name="ExecuteByTest_Sort (Name,Descending,999,998,997,996,995,994,993,992,991,990)" storage="c:\repos\nucleus\net.libs\framework\eliassen.system.tests\bin\release\net8.0\eliassen.system.tests.dll" id="13ba63b2-5c84-95d0-21d1-9a4a67161373" xmlns="http://microsoft.com/schemas/VisualStudio/TeamTest/2010">
      <TestCategory>
        <TestCategoryItem TestCategory="Unit" />
      </TestCategory>
      <Execution id="0057e908-bce0-46f6-b01a-2ec234df870f" />
      <TestMethod codeBase="c:\Repos\Nucleus\Net.Libs\Framework\Eliassen.System.Tests\bin\Release\net8.0\Eliassen.System.Tests.dll" adapterTypeName="executor://mstestadapter/v2" className="Eliassen.System.Tests.Linq.QueryableExtensionsTests" name="ExecuteByTest_Sort" />
    </UnitTest>
    <UnitTest name="GetHash (hello world,XrY7u+Ae7tCTyyK7j1rNww==)" storage="c:\repos\nucleus\net.libs\framework\eliassen.system.tests\bin\release\net8.0\eliassen.system.tests.dll" id="52063650-6233-2d8a-fadf-ea1a53f7d6ed" xmlns="http://microsoft.com/schemas/VisualStudio/TeamTest/2010">
      <TestCategory>
        <TestCategoryItem TestCategory="Unit" />
      </TestCategory>
      <Execution id="5e34559a-a24e-483a-889d-c9b95aada6aa" />
      <TestMethod codeBase="c:\Repos\Nucleus\Net.Libs\Framework\Eliassen.System.Tests\bin\Release\net8.0\Eliassen.System.Tests.dll" adapterTypeName="executor://mstestadapter/v2" className="Eliassen.System.Tests.Security.Cryptography.Md5HashTests" name="GetHash" />
    </UnitTest>
    <UnitTest name="ToEnumTest (test short,WithDisplay)" storage="c:\repos\nucleus\net.libs\framework\eliassen.system.tests\bin\release\net8.0\eliassen.system.tests.dll" id="47627ba5-df27-e0c6-8a73-cd58acc26311" xmlns="http://microsoft.com/schemas/VisualStudio/TeamTest/2010">
      <TestCategory>
        <TestCategoryItem TestCategory="Unit" />
      </TestCategory>
      <Execution id="d5fdbe24-d05e-46b4-afad-b80457d79b51" />
      <TestMethod codeBase="c:\Repos\Nucleus\Net.Libs\Framework\Eliassen.System.Tests\bin\Release\net8.0\Eliassen.System.Tests.dll" adapterTypeName="executor://mstestadapter/v2" className="Eliassen.System.Tests.Reflection.EnumExtensionsTests" name="ToEnumTest" />
    </UnitTest>
    <UnitTest name="ToEnumTest (Val1,Val1)" storage="c:\repos\nucleus\net.libs\framework\eliassen.system.tests\bin\release\net8.0\eliassen.system.tests.dll" id="565a0acb-13d2-219f-c2d4-45eaa48431a0" xmlns="http://microsoft.com/schemas/VisualStudio/TeamTest/2010">
      <TestCategory>
        <TestCategoryItem TestCategory="Unit" />
      </TestCategory>
      <Execution id="abc0fc29-0a9d-4319-8249-fb9538ec1fb0" />
      <TestMethod codeBase="c:\Repos\Nucleus\Net.Libs\Framework\Eliassen.System.Tests\bin\Release\net8.0\Eliassen.System.Tests.dll" adapterTypeName="executor://mstestadapter/v2" className="Eliassen.System.Tests.Reflection.EnumExtensionsTests" name="ToEnumTest" />
    </UnitTest>
    <UnitTest name="GetResourceFromJsonAsyncTest" storage="c:\repos\nucleus\net.libs\framework\eliassen.system.tests\bin\release\net8.0\eliassen.system.tests.dll" id="f664882a-a952-a76f-bc8f-fcf0578ff20f" xmlns="http://microsoft.com/schemas/VisualStudio/TeamTest/2010">
      <TestCategory>
        <TestCategoryItem TestCategory="Unit" />
      </TestCategory>
      <Execution id="656c0f98-9259-477f-a7a4-c566fc05aa91" />
      <TestMethod codeBase="c:\Repos\Nucleus\Net.Libs\Framework\Eliassen.System.Tests\bin\Release\net8.0\Eliassen.System.Tests.dll" adapterTypeName="executor://mstestadapter/v2" className="Eliassen.System.Tests.Reflection.ResourceExtensionsTests" name="GetResourceFromJsonAsyncTest" />
    </UnitTest>
    <UnitTest name="GetResourceStreamTest_ByType" storage="c:\repos\nucleus\net.libs\framework\eliassen.system.tests\bin\release\net8.0\eliassen.system.tests.dll" id="63fad722-7037-7050-fa28-b32ff1a4ec2f" xmlns="http://microsoft.com/schemas/VisualStudio/TeamTest/2010">
      <TestCategory>
        <TestCategoryItem TestCategory="Unit" />
      </TestCategory>
      <Execution id="9673bcf6-a40b-43aa-8a9b-334712d39a05" />
      <TestMethod codeBase="c:\Repos\Nucleus\Net.Libs\Framework\Eliassen.System.Tests\bin\Release\net8.0\Eliassen.System.Tests.dll" adapterTypeName="executor://mstestadapter/v2" className="Eliassen.System.Tests.Reflection.ResourceExtensionsTests" name="GetResourceStreamTest_ByType" />
    </UnitTest>
    <UnitTest name="DeserializeTest_Nullable ({&quot;Nullable&quot;:{&quot;$date&quot;:&quot;2023-07-05T14:16:32.2015217-04:00&quot;},&quot;Value&quot;:{&quot;$date&quot;:&quot;0001-01-01T00:00:00+00:00&quot;}},2023-07-05T14:16:32.2015217-04:00)" storage="c:\repos\nucleus\net.libs\framework\eliassen.system.tests\bin\release\net8.0\eliassen.system.tests.dll" id="926b3157-bee3-3ace-b6de-f2a9df622c6d" xmlns="http://microsoft.com/schemas/VisualStudio/TeamTest/2010">
      <TestCategory>
        <TestCategoryItem TestCategory="Unit" />
      </TestCategory>
      <Execution id="e4b9e4ab-86bb-4dde-a9e5-0500e4feadf6" />
      <TestMethod codeBase="c:\Repos\Nucleus\Net.Libs\Framework\Eliassen.System.Tests\bin\Release\net8.0\Eliassen.System.Tests.dll" adapterTypeName="executor://mstestadapter/v2" className="Eliassen.System.Tests.Text.Json.BsonDateConverterTests" name="DeserializeTest_Nullable" />
    </UnitTest>
    <UnitTest name="ExecuteByTest_Page (1,-1,,,,1000,)" storage="c:\repos\nucleus\net.libs\framework\eliassen.system.tests\bin\release\net8.0\eliassen.system.tests.dll" id="c2c5d20e-1a87-0e89-b840-4da7e6550d8e" xmlns="http://microsoft.com/schemas/VisualStudio/TeamTest/2010">
      <TestCategory>
        <TestCategoryItem TestCategory="Unit" />
      </TestCategory>
      <Execution id="15a12256-2338-4420-b4af-e382769f302b" />
      <TestMethod codeBase="c:\Repos\Nucleus\Net.Libs\Framework\Eliassen.System.Tests\bin\Release\net8.0\Eliassen.System.Tests.dll" adapterTypeName="executor://mstestadapter/v2" className="Eliassen.System.Tests.Linq.QueryableExtensionsTests" name="ExecuteByTest_Page" />
    </UnitTest>
    <UnitTest name="ExecuteByTest_Page (0,1,1000,1000,0,1,0)" storage="c:\repos\nucleus\net.libs\framework\eliassen.system.tests\bin\release\net8.0\eliassen.system.tests.dll" id="39cb097d-2ac2-473c-1a2c-0b1503361457" xmlns="http://microsoft.com/schemas/VisualStudio/TeamTest/2010">
      <TestCategory>
        <TestCategoryItem TestCategory="Unit" />
      </TestCategory>
      <Execution id="df3f923f-158a-44ff-ae94-39745ae1643c" />
      <TestMethod codeBase="c:\Repos\Nucleus\Net.Libs\Framework\Eliassen.System.Tests\bin\Release\net8.0\Eliassen.System.Tests.dll" adapterTypeName="executor://mstestadapter/v2" className="Eliassen.System.Tests.Linq.QueryableExtensionsTests" name="ExecuteByTest_Page" />
    </UnitTest>
    <UnitTest name="ExecuteByTest_Sort (name,Descending,999,998,997,996,995,994,993,992,991,990)" storage="c:\repos\nucleus\net.libs\framework\eliassen.system.tests\bin\release\net8.0\eliassen.system.tests.dll" id="14bedb42-2782-a11e-2de6-9497801746f2" xmlns="http://microsoft.com/schemas/VisualStudio/TeamTest/2010">
      <TestCategory>
        <TestCategoryItem TestCategory="Unit" />
      </TestCategory>
      <Execution id="4b8f1281-4ca1-4542-81d6-3cb2e28704a4" />
      <TestMethod codeBase="c:\Repos\Nucleus\Net.Libs\Framework\Eliassen.System.Tests\bin\Release\net8.0\Eliassen.System.Tests.dll" adapterTypeName="executor://mstestadapter/v2" className="Eliassen.System.Tests.Linq.QueryableExtensionsTests" name="ExecuteByTest_Sort" />
    </UnitTest>
    <UnitTest name="ToEnumTest (Val2 ,Val1,Val1, Val2)" storage="c:\repos\nucleus\net.libs\framework\eliassen.system.tests\bin\release\net8.0\eliassen.system.tests.dll" id="d7c70420-d6f3-67ae-0f6d-9ca685485bae" xmlns="http://microsoft.com/schemas/VisualStudio/TeamTest/2010">
      <TestCategory>
        <TestCategoryItem TestCategory="Unit" />
      </TestCategory>
      <Execution id="2187a2df-e031-4e62-8a66-b1f1670cded9" />
      <TestMethod codeBase="c:\Repos\Nucleus\Net.Libs\Framework\Eliassen.System.Tests\bin\Release\net8.0\Eliassen.System.Tests.dll" adapterTypeName="executor://mstestadapter/v2" className="Eliassen.System.Tests.Reflection.EnumExtensionsTests" name="ToEnumTest" />
    </UnitTest>
    <UnitTest name="GetSearchablePropertyNames_TestTarget2Model" storage="c:\repos\nucleus\net.libs\framework\eliassen.system.tests\bin\release\net8.0\eliassen.system.tests.dll" id="7a9a1822-3db2-a438-faf7-05813fd14fc1" xmlns="http://microsoft.com/schemas/VisualStudio/TeamTest/2010">
      <TestCategory>
        <TestCategoryItem TestCategory="Unit" />
      </TestCategory>
      <Execution id="b6a25a0e-0457-44ad-9055-d055f79eee2b" />
      <TestMethod codeBase="c:\Repos\Nucleus\Net.Libs\Framework\Eliassen.System.Tests\bin\Release\net8.0\Eliassen.System.Tests.dll" adapterTypeName="executor://mstestadapter/v2" className="Eliassen.System.Tests.Linq.Expressions.ExpressionTreeBuilderTests" name="GetSearchablePropertyNames_TestTarget2Model" />
    </UnitTest>
    <UnitTest name="GetSortablePropertyNamesTest_TestTarget2Model" storage="c:\repos\nucleus\net.libs\framework\eliassen.system.tests\bin\release\net8.0\eliassen.system.tests.dll" id="f3dca1bb-5884-67f2-50ab-603f9fbc49dc" xmlns="http://microsoft.com/schemas/VisualStudio/TeamTest/2010">
      <TestCategory>
        <TestCategoryItem TestCategory="Unit" />
      </TestCategory>
      <Execution id="af45d1f6-ec24-4a4f-b9b6-2034705cd548" />
      <TestMethod codeBase="c:\Repos\Nucleus\Net.Libs\Framework\Eliassen.System.Tests\bin\Release\net8.0\Eliassen.System.Tests.dll" adapterTypeName="executor://mstestadapter/v2" className="Eliassen.System.Tests.Linq.Expressions.ExpressionTreeBuilderTests" name="GetSortablePropertyNamesTest_TestTarget2Model" />
    </UnitTest>
    <UnitTest name="GetResourceAsStringAsyncTest" storage="c:\repos\nucleus\net.libs\framework\eliassen.system.tests\bin\release\net8.0\eliassen.system.tests.dll" id="c32d9ec7-cf3f-0b90-7da7-80e3553b5fe6" xmlns="http://microsoft.com/schemas/VisualStudio/TeamTest/2010">
      <TestCategory>
        <TestCategoryItem TestCategory="Unit" />
      </TestCategory>
      <Execution id="9dc5f85b-c3bf-472d-9c65-797a7c5b0af1" />
      <TestMethod codeBase="c:\Repos\Nucleus\Net.Libs\Framework\Eliassen.System.Tests\bin\Release\net8.0\Eliassen.System.Tests.dll" adapterTypeName="executor://mstestadapter/v2" className="Eliassen.System.Tests.Reflection.ResourceExtensionsTests" name="GetResourceAsStringAsyncTest" />
    </UnitTest>
    <UnitTest name="ToEnumTest (4,WithEnumValue)" storage="c:\repos\nucleus\net.libs\framework\eliassen.system.tests\bin\release\net8.0\eliassen.system.tests.dll" id="ee13ccff-da72-4928-eda9-31b17dab013e" xmlns="http://microsoft.com/schemas/VisualStudio/TeamTest/2010">
      <TestCategory>
        <TestCategoryItem TestCategory="Unit" />
      </TestCategory>
      <Execution id="3f34d704-34c1-4fa3-b090-b9a0d9345ed7" />
      <TestMethod codeBase="c:\Repos\Nucleus\Net.Libs\Framework\Eliassen.System.Tests\bin\Release\net8.0\Eliassen.System.Tests.dll" adapterTypeName="executor://mstestadapter/v2" className="Eliassen.System.Tests.Reflection.EnumExtensionsTests" name="ToEnumTest" />
    </UnitTest>
    <UnitTest name="ToEnumTest (name2,WithMemberName)" storage="c:\repos\nucleus\net.libs\framework\eliassen.system.tests\bin\release\net8.0\eliassen.system.tests.dll" id="ad36340e-9d8c-9397-2296-dfdfdd4fb12a" xmlns="http://microsoft.com/schemas/VisualStudio/TeamTest/2010">
      <TestCategory>
        <TestCategoryItem TestCategory="Unit" />
      </TestCategory>
      <Execution id="bf6d5d47-48ef-485f-96cf-8b48c9f69ba1" />
      <TestMethod codeBase="c:\Repos\Nucleus\Net.Libs\Framework\Eliassen.System.Tests\bin\Release\net8.0\Eliassen.System.Tests.dll" adapterTypeName="executor://mstestadapter/v2" className="Eliassen.System.Tests.Reflection.EnumExtensionsTests" name="ToEnumTest" />
    </UnitTest>
    <UnitTest name="DeserializeTest ({&quot;_id&quot;:&quot;Hello World&quot;},Hello World)" storage="c:\repos\nucleus\net.libs\framework\eliassen.system.tests\bin\release\net8.0\eliassen.system.tests.dll" id="079289e4-29ee-2b27-89d5-bd661b7267f1" xmlns="http://microsoft.com/schemas/VisualStudio/TeamTest/2010">
      <TestCategory>
        <TestCategoryItem TestCategory="Unit" />
      </TestCategory>
      <Execution id="0a2533b6-d10b-4e10-8dde-f74d4782f8f8" />
      <TestMethod codeBase="c:\Repos\Nucleus\Net.Libs\Framework\Eliassen.System.Tests\bin\Release\net8.0\Eliassen.System.Tests.dll" adapterTypeName="executor://mstestadapter/v2" className="Eliassen.System.Tests.Text.Json.BsonIdConverterTests" name="DeserializeTest" />
    </UnitTest>
    <UnitTest name="VisitTest_Contains (Hello,el,True)" storage="c:\repos\nucleus\net.libs\framework\eliassen.system.tests\bin\release\net8.0\eliassen.system.tests.dll" id="e9eca43c-a0f8-d234-3538-2b7d4b198f04" xmlns="http://microsoft.com/schemas/VisualStudio/TeamTest/2010">
      <TestCategory>
        <TestCategoryItem TestCategory="Unit" />
      </TestCategory>
      <Execution id="ed42db2e-60a0-41b3-9eb7-7b71fff04123" />
      <TestMethod codeBase="c:\Repos\Nucleus\Net.Libs\Framework\Eliassen.System.Tests\bin\Release\net8.0\Eliassen.System.Tests.dll" adapterTypeName="executor://mstestadapter/v2" className="Eliassen.System.Tests.Linq.Expressions.StringComparisonReplacementExpressionVisitorTests" name="VisitTest_Contains" />
    </UnitTest>
    <UnitTest name="ToEnumTest (name,name2|test name,WithEnumValue, WithMemberName, WithDisplay)" storage="c:\repos\nucleus\net.libs\framework\eliassen.system.tests\bin\release\net8.0\eliassen.system.tests.dll" id="4996b69c-628d-6c13-1afa-51c215a59368" xmlns="http://microsoft.com/schemas/VisualStudio/TeamTest/2010">
      <TestCategory>
        <TestCategoryItem TestCategory="Unit" />
      </TestCategory>
      <Execution id="bec38f43-9625-4738-a2d4-d40281f53c9b" />
      <TestMethod codeBase="c:\Repos\Nucleus\Net.Libs\Framework\Eliassen.System.Tests\bin\Release\net8.0\Eliassen.System.Tests.dll" adapterTypeName="executor://mstestadapter/v2" className="Eliassen.System.Tests.Reflection.EnumExtensionsTests" name="ToEnumTest" />
    </UnitTest>
    <UnitTest name="GetFilterablePropertyNamesTest_TestTarget3Model" storage="c:\repos\nucleus\net.libs\framework\eliassen.system.tests\bin\release\net8.0\eliassen.system.tests.dll" id="dcab6442-3647-193e-5b50-9725bbfda52b" xmlns="http://microsoft.com/schemas/VisualStudio/TeamTest/2010">
      <TestCategory>
        <TestCategoryItem TestCategory="Unit" />
      </TestCategory>
      <Execution id="5b6037d9-8f62-4e7d-bf05-e2ee580024ac" />
      <TestMethod codeBase="c:\Repos\Nucleus\Net.Libs\Framework\Eliassen.System.Tests\bin\Release\net8.0\Eliassen.System.Tests.dll" adapterTypeName="executor://mstestadapter/v2" className="Eliassen.System.Tests.Linq.Expressions.ExpressionTreeBuilderTests" name="GetFilterablePropertyNamesTest_TestTarget3Model" />
    </UnitTest>
    <UnitTest name="ToEnumTest (2,Val2)" storage="c:\repos\nucleus\net.libs\framework\eliassen.system.tests\bin\release\net8.0\eliassen.system.tests.dll" id="1c714aa3-8994-cdaf-809b-6ab3af96b3a3" xmlns="http://microsoft.com/schemas/VisualStudio/TeamTest/2010">
      <TestCategory>
        <TestCategoryItem TestCategory="Unit" />
      </TestCategory>
      <Execution id="630c5a0a-eb25-4139-bc01-b7f74a476098" />
      <TestMethod codeBase="c:\Repos\Nucleus\Net.Libs\Framework\Eliassen.System.Tests\bin\Release\net8.0\Eliassen.System.Tests.dll" adapterTypeName="executor://mstestadapter/v2" className="Eliassen.System.Tests.Reflection.EnumExtensionsTests" name="ToEnumTest" />
    </UnitTest>
    <UnitTest name="SerializeTest_IConfigurationSection" storage="c:\repos\nucleus\net.libs\framework\eliassen.system.tests\bin\release\net8.0\eliassen.system.tests.dll" id="b3e2a372-55ce-d9ad-4987-01272bc32a33" xmlns="http://microsoft.com/schemas/VisualStudio/TeamTest/2010">
      <TestCategory>
        <TestCategoryItem TestCategory="Unit" />
      </TestCategory>
      <Execution id="d439a7ca-ac6e-41f8-95da-e8e0b7c7ff23" />
      <TestMethod codeBase="c:\Repos\Nucleus\Net.Libs\Framework\Eliassen.System.Tests\bin\Release\net8.0\Eliassen.System.Tests.dll" adapterTypeName="executor://mstestadapter/v2" className="Eliassen.System.Tests.Text.Json.Serialization.DefaultJsonSerializerTests" name="SerializeTest_IConfigurationSection" />
    </UnitTest>
    <UnitTest name="ExecuteByTest_Sort (NAME,Descending,999,998,997,996,995,994,993,992,991,990)" storage="c:\repos\nucleus\net.libs\framework\eliassen.system.tests\bin\release\net8.0\eliassen.system.tests.dll" id="48475065-64b5-02f4-f098-e797f8f78cec" xmlns="http://microsoft.com/schemas/VisualStudio/TeamTest/2010">
      <TestCategory>
        <TestCategoryItem TestCategory="Unit" />
      </TestCategory>
      <Execution id="746664fd-17c6-404d-9636-b52ba4d51e16" />
      <TestMethod codeBase="c:\Repos\Nucleus\Net.Libs\Framework\Eliassen.System.Tests\bin\Release\net8.0\Eliassen.System.Tests.dll" adapterTypeName="executor://mstestadapter/v2" className="Eliassen.System.Tests.Linq.QueryableExtensionsTests" name="ExecuteByTest_Sort" />
    </UnitTest>
    <UnitTest name="DeserializeTest_Value ({&quot;Nullable&quot;:null,&quot;Value&quot;:{&quot;$date&quot;:&quot;2023-07-05T14:17:05.2315812-04:00&quot;}},2023-07-05T14:17:05.2315812-04:00)" storage="c:\repos\nucleus\net.libs\framework\eliassen.system.tests\bin\release\net8.0\eliassen.system.tests.dll" id="1410527d-0c96-dadb-f7e7-8873031591f5" xmlns="http://microsoft.com/schemas/VisualStudio/TeamTest/2010">
      <TestCategory>
        <TestCategoryItem TestCategory="Unit" />
      </TestCategory>
      <Execution id="b5a5bfba-b505-4c2f-aec1-1f291d85087f" />
      <TestMethod codeBase="c:\Repos\Nucleus\Net.Libs\Framework\Eliassen.System.Tests\bin\Release\net8.0\Eliassen.System.Tests.dll" adapterTypeName="executor://mstestadapter/v2" className="Eliassen.System.Tests.Text.Json.BsonDateConverterTests" name="DeserializeTest_Value" />
    </UnitTest>
    <UnitTest name="ExecuteByTest_Filter_Range_Bounds" storage="c:\repos\nucleus\net.libs\framework\eliassen.system.tests\bin\release\net8.0\eliassen.system.tests.dll" id="b8ce6298-5288-a9c6-3afb-62b35d380a81" xmlns="http://microsoft.com/schemas/VisualStudio/TeamTest/2010">
      <TestCategory>
        <TestCategoryItem TestCategory="Unit" />
      </TestCategory>
      <Execution id="2cfdce4f-e63f-48a0-a39c-6ccfa4376889" />
      <TestMethod codeBase="c:\Repos\Nucleus\Net.Libs\Framework\Eliassen.System.Tests\bin\Release\net8.0\Eliassen.System.Tests.dll" adapterTypeName="executor://mstestadapter/v2" className="Eliassen.System.Tests.Linq.QueryableExtensionsTests" name="ExecuteByTest_Filter_Range_Bounds" />
    </UnitTest>
    <UnitTest name="ToEnumTest (Val2,Val1,Val1, Val2)" storage="c:\repos\nucleus\net.libs\framework\eliassen.system.tests\bin\release\net8.0\eliassen.system.tests.dll" id="8db0e4e6-7016-657b-fdea-74f229a3c8de" xmlns="http://microsoft.com/schemas/VisualStudio/TeamTest/2010">
      <TestCategory>
        <TestCategoryItem TestCategory="Unit" />
      </TestCategory>
      <Execution id="c203d789-4be3-4b94-bb9e-152678ab64ed" />
      <TestMethod codeBase="c:\Repos\Nucleus\Net.Libs\Framework\Eliassen.System.Tests\bin\Release\net8.0\Eliassen.System.Tests.dll" adapterTypeName="executor://mstestadapter/v2" className="Eliassen.System.Tests.Reflection.EnumExtensionsTests" name="ToEnumTest" />
    </UnitTest>
    <UnitTest name="GetResourceFromJsonTest_NotFound" storage="c:\repos\nucleus\net.libs\framework\eliassen.system.tests\bin\release\net8.0\eliassen.system.tests.dll" id="838644d9-6365-e4a6-691a-5f9e9cba540d" xmlns="http://microsoft.com/schemas/VisualStudio/TeamTest/2010">
      <TestCategory>
        <TestCategoryItem TestCategory="Unit" />
      </TestCategory>
      <Execution id="f59a1338-4410-4232-bf0a-54109c51db1a" />
      <TestMethod codeBase="c:\Repos\Nucleus\Net.Libs\Framework\Eliassen.System.Tests\bin\Release\net8.0\Eliassen.System.Tests.dll" adapterTypeName="executor://mstestadapter/v2" className="Eliassen.System.Tests.Reflection.ResourceExtensionsTests" name="GetResourceFromJsonTest_NotFound" />
    </UnitTest>
    <UnitTest name="GetShortTypeNameTests" storage="c:\repos\nucleus\net.libs\framework\eliassen.system.tests\bin\release\net8.0\eliassen.system.tests.dll" id="67b6a854-1fe4-5528-77d6-501bd90b9a20" xmlns="http://microsoft.com/schemas/VisualStudio/TeamTest/2010">
      <TestCategory>
        <TestCategoryItem TestCategory="Unit" />
      </TestCategory>
      <Execution id="1e278926-7968-4935-94f6-b0a4d32af83e" />
      <TestMethod codeBase="c:\Repos\Nucleus\Net.Libs\Framework\Eliassen.System.Tests\bin\Release\net8.0\Eliassen.System.Tests.dll" adapterTypeName="executor://mstestadapter/v2" className="Eliassen.System.Tests.Reflection.ReflectionExtensionsTests" name="GetShortTypeNameTests" />
    </UnitTest>
    <UnitTest name="VisitTest_EndsWith (Hello,lo,True)" storage="c:\repos\nucleus\net.libs\framework\eliassen.system.tests\bin\release\net8.0\eliassen.system.tests.dll" id="c3599795-8bf1-da30-66da-ee7de44c4074" xmlns="http://microsoft.com/schemas/VisualStudio/TeamTest/2010">
      <TestCategory>
        <TestCategoryItem TestCategory="Unit" />
      </TestCategory>
      <Execution id="53871a23-c55d-4458-b5ea-8fbf8d7f5c13" />
      <TestMethod codeBase="c:\Repos\Nucleus\Net.Libs\Framework\Eliassen.System.Tests\bin\Release\net8.0\Eliassen.System.Tests.dll" adapterTypeName="executor://mstestadapter/v2" className="Eliassen.System.Tests.Linq.Expressions.StringComparisonReplacementExpressionVisitorTests" name="VisitTest_EndsWith" />
    </UnitTest>
    <UnitTest name="GetFilterablePropertyNamesTest_TestTarget2Model" storage="c:\repos\nucleus\net.libs\framework\eliassen.system.tests\bin\release\net8.0\eliassen.system.tests.dll" id="b5b73f46-926e-b166-c509-00a2b6834bdd" xmlns="http://microsoft.com/schemas/VisualStudio/TeamTest/2010">
      <TestCategory>
        <TestCategoryItem TestCategory="Unit" />
      </TestCategory>
      <Execution id="a444699a-f5b5-4c98-842f-055cc455bf39" />
      <TestMethod codeBase="c:\Repos\Nucleus\Net.Libs\Framework\Eliassen.System.Tests\bin\Release\net8.0\Eliassen.System.Tests.dll" adapterTypeName="executor://mstestadapter/v2" className="Eliassen.System.Tests.Linq.Expressions.ExpressionTreeBuilderTests" name="GetFilterablePropertyNamesTest_TestTarget2Model" />
    </UnitTest>
    <UnitTest name="ExecuteByTest_Page (0,0,100,1000,0,10,0,1,2,3,4,5,6,7,8,9)" storage="c:\repos\nucleus\net.libs\framework\eliassen.system.tests\bin\release\net8.0\eliassen.system.tests.dll" id="70a7d239-30af-99d8-26bc-eb06ced4f854" xmlns="http://microsoft.com/schemas/VisualStudio/TeamTest/2010">
      <TestCategory>
        <TestCategoryItem TestCategory="Unit" />
      </TestCategory>
      <Execution id="945702aa-dc9d-4906-94b5-198191dade1f" />
      <TestMethod codeBase="c:\Repos\Nucleus\Net.Libs\Framework\Eliassen.System.Tests\bin\Release\net8.0\Eliassen.System.Tests.dll" adapterTypeName="executor://mstestadapter/v2" className="Eliassen.System.Tests.Linq.QueryableExtensionsTests" name="ExecuteByTest_Page" />
    </UnitTest>
    <UnitTest name="VisitTest_Equals (Hello,HELLO,True)" storage="c:\repos\nucleus\net.libs\framework\eliassen.system.tests\bin\release\net8.0\eliassen.system.tests.dll" id="cde968fd-b220-e483-e127-75958f75b2b3" xmlns="http://microsoft.com/schemas/VisualStudio/TeamTest/2010">
      <TestCategory>
        <TestCategoryItem TestCategory="Unit" />
      </TestCategory>
      <Execution id="768729f8-4e59-4a71-bfea-f55cff8fb2c0" />
      <TestMethod codeBase="c:\Repos\Nucleus\Net.Libs\Framework\Eliassen.System.Tests\bin\Release\net8.0\Eliassen.System.Tests.dll" adapterTypeName="executor://mstestadapter/v2" className="Eliassen.System.Tests.Linq.Expressions.StringComparisonReplacementExpressionVisitorTests" name="VisitTest_Equals" />
    </UnitTest>
    <UnitTest name="GetSortablePropertyNamesTest_TestTarget3Model" storage="c:\repos\nucleus\net.libs\framework\eliassen.system.tests\bin\release\net8.0\eliassen.system.tests.dll" id="53c31e49-be7f-689b-3cd7-03a9033ae78d" xmlns="http://microsoft.com/schemas/VisualStudio/TeamTest/2010">
      <TestCategory>
        <TestCategoryItem TestCategory="Unit" />
      </TestCategory>
      <Execution id="1bf6a67a-b481-466e-bf3c-649ce6576e35" />
      <TestMethod codeBase="c:\Repos\Nucleus\Net.Libs\Framework\Eliassen.System.Tests\bin\Release\net8.0\Eliassen.System.Tests.dll" adapterTypeName="executor://mstestadapter/v2" className="Eliassen.System.Tests.Linq.Expressions.ExpressionTreeBuilderTests" name="GetSortablePropertyNamesTest_TestTarget3Model" />
    </UnitTest>
    <UnitTest name="SerializeTest_Value" storage="c:\repos\nucleus\net.libs\framework\eliassen.system.tests\bin\release\net8.0\eliassen.system.tests.dll" id="8da0fbaf-acd6-9154-0805-f306ce39ad46" xmlns="http://microsoft.com/schemas/VisualStudio/TeamTest/2010">
      <TestCategory>
        <TestCategoryItem TestCategory="Unit" />
      </TestCategory>
      <Execution id="34b519b3-36e7-4478-8327-b36bf03d8dfe" />
      <TestMethod codeBase="c:\Repos\Nucleus\Net.Libs\Framework\Eliassen.System.Tests\bin\Release\net8.0\Eliassen.System.Tests.dll" adapterTypeName="executor://mstestadapter/v2" className="Eliassen.System.Tests.Text.Json.BsonDateConverterTests" name="SerializeTest_Value" />
    </UnitTest>
    <UnitTest name="VisitTest_StartsWith (Hello,HE,True)" storage="c:\repos\nucleus\net.libs\framework\eliassen.system.tests\bin\release\net8.0\eliassen.system.tests.dll" id="5dada6fb-9282-72bc-c9b2-bcfb539a1619" xmlns="http://microsoft.com/schemas/VisualStudio/TeamTest/2010">
      <TestCategory>
        <TestCategoryItem TestCategory="Unit" />
      </TestCategory>
      <Execution id="e618057d-2df0-4a39-b12a-95aaabba52b0" />
      <TestMethod codeBase="c:\Repos\Nucleus\Net.Libs\Framework\Eliassen.System.Tests\bin\Release\net8.0\Eliassen.System.Tests.dll" adapterTypeName="executor://mstestadapter/v2" className="Eliassen.System.Tests.Linq.Expressions.StringComparisonReplacementExpressionVisitorTests" name="VisitTest_StartsWith" />
    </UnitTest>
    <UnitTest name="ToEnumTest (name,WithEnumValue)" storage="c:\repos\nucleus\net.libs\framework\eliassen.system.tests\bin\release\net8.0\eliassen.system.tests.dll" id="94f5d41d-40e7-9c77-2282-2dd85ee84974" xmlns="http://microsoft.com/schemas/VisualStudio/TeamTest/2010">
      <TestCategory>
        <TestCategoryItem TestCategory="Unit" />
      </TestCategory>
      <Execution id="c9695663-7cd9-463d-9e3e-bc9f58ff99bf" />
      <TestMethod codeBase="c:\Repos\Nucleus\Net.Libs\Framework\Eliassen.System.Tests\bin\Release\net8.0\Eliassen.System.Tests.dll" adapterTypeName="executor://mstestadapter/v2" className="Eliassen.System.Tests.Reflection.EnumExtensionsTests" name="ToEnumTest" />
    </UnitTest>
    <UnitTest name="ToEnumTest (test description,WithDescription)" storage="c:\repos\nucleus\net.libs\framework\eliassen.system.tests\bin\release\net8.0\eliassen.system.tests.dll" id="9915ff67-6671-d49f-39fc-a1a3866fab19" xmlns="http://microsoft.com/schemas/VisualStudio/TeamTest/2010">
      <TestCategory>
        <TestCategoryItem TestCategory="Unit" />
      </TestCategory>
      <Execution id="ee320300-de5c-4af9-b05c-e4443402ef4b" />
      <TestMethod codeBase="c:\Repos\Nucleus\Net.Libs\Framework\Eliassen.System.Tests\bin\Release\net8.0\Eliassen.System.Tests.dll" adapterTypeName="executor://mstestadapter/v2" className="Eliassen.System.Tests.Reflection.EnumExtensionsTests" name="ToEnumTest" />
    </UnitTest>
    <UnitTest name="GetResourceFromJsonTest" storage="c:\repos\nucleus\net.libs\framework\eliassen.system.tests\bin\release\net8.0\eliassen.system.tests.dll" id="65b4a990-8424-f23f-9b61-155855edf172" xmlns="http://microsoft.com/schemas/VisualStudio/TeamTest/2010">
      <TestCategory>
        <TestCategoryItem TestCategory="Unit" />
      </TestCategory>
      <Execution id="c02b28c2-83b2-4b30-bc8e-e3cf1253055e" />
      <TestMethod codeBase="c:\Repos\Nucleus\Net.Libs\Framework\Eliassen.System.Tests\bin\Release\net8.0\Eliassen.System.Tests.dll" adapterTypeName="executor://mstestadapter/v2" className="Eliassen.System.Tests.Reflection.ResourceExtensionsTests" name="GetResourceFromJsonTest" />
    </UnitTest>
    <UnitTest name="ExecuteByTest_Page (1,1,1000,1000,1,1,1)" storage="c:\repos\nucleus\net.libs\framework\eliassen.system.tests\bin\release\net8.0\eliassen.system.tests.dll" id="bfec42cd-394b-907b-c2e0-0b6b8b9584fe" xmlns="http://microsoft.com/schemas/VisualStudio/TeamTest/2010">
      <TestCategory>
        <TestCategoryItem TestCategory="Unit" />
      </TestCategory>
      <Execution id="2d4c13d2-f3d4-4f41-bc96-2ca6b8d5bc7d" />
      <TestMethod codeBase="c:\Repos\Nucleus\Net.Libs\Framework\Eliassen.System.Tests\bin\Release\net8.0\Eliassen.System.Tests.dll" adapterTypeName="executor://mstestadapter/v2" className="Eliassen.System.Tests.Linq.QueryableExtensionsTests" name="ExecuteByTest_Page" />
    </UnitTest>
    <UnitTest name="ToEnumTest (1,Val1)" storage="c:\repos\nucleus\net.libs\framework\eliassen.system.tests\bin\release\net8.0\eliassen.system.tests.dll" id="4c7491c0-41e8-cf0b-c597-81c331608d72" xmlns="http://microsoft.com/schemas/VisualStudio/TeamTest/2010">
      <TestCategory>
        <TestCategoryItem TestCategory="Unit" />
      </TestCategory>
      <Execution id="b31c4271-eb52-4385-bf3f-7900d81af54c" />
      <TestMethod codeBase="c:\Repos\Nucleus\Net.Libs\Framework\Eliassen.System.Tests\bin\Release\net8.0\Eliassen.System.Tests.dll" adapterTypeName="executor://mstestadapter/v2" className="Eliassen.System.Tests.Reflection.EnumExtensionsTests" name="ToEnumTest" />
    </UnitTest>
    <UnitTest name="SerializeTest_Nullable" storage="c:\repos\nucleus\net.libs\framework\eliassen.system.tests\bin\release\net8.0\eliassen.system.tests.dll" id="c07bd30b-1999-489c-e66f-17f7d59077a7" xmlns="http://microsoft.com/schemas/VisualStudio/TeamTest/2010">
      <TestCategory>
        <TestCategoryItem TestCategory="Unit" />
      </TestCategory>
      <Execution id="7545f127-19b6-4290-8eb0-94491b4e2971" />
      <TestMethod codeBase="c:\Repos\Nucleus\Net.Libs\Framework\Eliassen.System.Tests\bin\Release\net8.0\Eliassen.System.Tests.dll" adapterTypeName="executor://mstestadapter/v2" className="Eliassen.System.Tests.Text.Json.BsonDateConverterTests" name="SerializeTest_Nullable" />
    </UnitTest>
    <UnitTest name="SerializeTest_AnonymousWithStringObjectDictionary" storage="c:\repos\nucleus\net.libs\framework\eliassen.system.tests\bin\release\net8.0\eliassen.system.tests.dll" id="46607e5b-fea6-a0a2-2caf-2abdd0971d6b" xmlns="http://microsoft.com/schemas/VisualStudio/TeamTest/2010">
      <TestCategory>
        <TestCategoryItem TestCategory="Unit" />
      </TestCategory>
      <Execution id="37b50e12-d2dd-4d8a-a919-9123d99a911a" />
      <TestMethod codeBase="c:\Repos\Nucleus\Net.Libs\Framework\Eliassen.System.Tests\bin\Release\net8.0\Eliassen.System.Tests.dll" adapterTypeName="executor://mstestadapter/v2" className="Eliassen.System.Tests.Text.Json.Serialization.DefaultJsonSerializerTests" name="SerializeTest_AnonymousWithStringObjectDictionary" />
    </UnitTest>
    <UnitTest name="ToEnumTest (Val2 , Val1,Val1, Val2)" storage="c:\repos\nucleus\net.libs\framework\eliassen.system.tests\bin\release\net8.0\eliassen.system.tests.dll" id="7b384cf8-70ec-dfc2-9e84-f14ea44f65f7" xmlns="http://microsoft.com/schemas/VisualStudio/TeamTest/2010">
      <TestCategory>
        <TestCategoryItem TestCategory="Unit" />
      </TestCategory>
      <Execution id="2faa018a-2221-4b54-af0d-e203de084ba5" />
      <TestMethod codeBase="c:\Repos\Nucleus\Net.Libs\Framework\Eliassen.System.Tests\bin\Release\net8.0\Eliassen.System.Tests.dll" adapterTypeName="executor://mstestadapter/v2" className="Eliassen.System.Tests.Reflection.EnumExtensionsTests" name="ToEnumTest" />
    </UnitTest>
    <UnitTest name="ToEnumTest (-1,-1)" storage="c:\repos\nucleus\net.libs\framework\eliassen.system.tests\bin\release\net8.0\eliassen.system.tests.dll" id="65a22b8e-3e7c-412b-c8fe-2067f1dca864" xmlns="http://microsoft.com/schemas/VisualStudio/TeamTest/2010">
      <TestCategory>
        <TestCategoryItem TestCategory="Unit" />
      </TestCategory>
      <Execution id="b843c93c-a886-477e-92da-187470019193" />
      <TestMethod codeBase="c:\Repos\Nucleus\Net.Libs\Framework\Eliassen.System.Tests\bin\Release\net8.0\Eliassen.System.Tests.dll" adapterTypeName="executor://mstestadapter/v2" className="Eliassen.System.Tests.Reflection.EnumExtensionsTests" name="ToEnumTest" />
    </UnitTest>
    <UnitTest name="ToEnumTest (test display,WithDisplay)" storage="c:\repos\nucleus\net.libs\framework\eliassen.system.tests\bin\release\net8.0\eliassen.system.tests.dll" id="f0d2af22-89d4-38cb-d0d7-47ff26d8d3fd" xmlns="http://microsoft.com/schemas/VisualStudio/TeamTest/2010">
      <TestCategory>
        <TestCategoryItem TestCategory="Unit" />
      </TestCategory>
      <Execution id="afedc624-527d-4a75-9a1e-03d5f9a40cd8" />
      <TestMethod codeBase="c:\Repos\Nucleus\Net.Libs\Framework\Eliassen.System.Tests\bin\Release\net8.0\Eliassen.System.Tests.dll" adapterTypeName="executor://mstestadapter/v2" className="Eliassen.System.Tests.Reflection.EnumExtensionsTests" name="ToEnumTest" />
    </UnitTest>
    <UnitTest name="VisitTest_Contains (Hello,eL,True)" storage="c:\repos\nucleus\net.libs\framework\eliassen.system.tests\bin\release\net8.0\eliassen.system.tests.dll" id="ab0f8867-b8d1-22b7-3b78-2eab4da93098" xmlns="http://microsoft.com/schemas/VisualStudio/TeamTest/2010">
      <TestCategory>
        <TestCategoryItem TestCategory="Unit" />
      </TestCategory>
      <Execution id="41aab383-182e-4d8e-abb7-6f5f2fc4268a" />
      <TestMethod codeBase="c:\Repos\Nucleus\Net.Libs\Framework\Eliassen.System.Tests\bin\Release\net8.0\Eliassen.System.Tests.dll" adapterTypeName="executor://mstestadapter/v2" className="Eliassen.System.Tests.Linq.Expressions.StringComparisonReplacementExpressionVisitorTests" name="VisitTest_Contains" />
    </UnitTest>
    <UnitTest name="DefaultPageSizeTest" storage="c:\repos\nucleus\net.libs\framework\eliassen.system.tests\bin\release\net8.0\eliassen.system.tests.dll" id="7cdd2ae3-f105-0db6-4f1d-4db0ed6728a3" xmlns="http://microsoft.com/schemas/VisualStudio/TeamTest/2010">
      <TestCategory>
        <TestCategoryItem TestCategory="Unit" />
      </TestCategory>
      <Execution id="2f6ef19e-994d-4748-a558-700ecbca9bd8" />
      <TestMethod codeBase="c:\Repos\Nucleus\Net.Libs\Framework\Eliassen.System.Tests\bin\Release\net8.0\Eliassen.System.Tests.dll" adapterTypeName="executor://mstestadapter/v2" className="Eliassen.System.Tests.Linq.QueryableExtensionsTests" name="DefaultPageSizeTest" />
    </UnitTest>
    <UnitTest name="VisitTest_Equals (Hello,hello,False)" storage="c:\repos\nucleus\net.libs\framework\eliassen.system.tests\bin\release\net8.0\eliassen.system.tests.dll" id="78dc4ca6-14d8-0c1a-ad29-6d2f53293760" xmlns="http://microsoft.com/schemas/VisualStudio/TeamTest/2010">
      <TestCategory>
        <TestCategoryItem TestCategory="Unit" />
      </TestCategory>
      <Execution id="072f66f9-fe40-4877-9479-f614cf8920e3" />
      <TestMethod codeBase="c:\Repos\Nucleus\Net.Libs\Framework\Eliassen.System.Tests\bin\Release\net8.0\Eliassen.System.Tests.dll" adapterTypeName="executor://mstestadapter/v2" className="Eliassen.System.Tests.Linq.Expressions.SkipInstanceMethodOnNullExpressionVisitorTests" name="VisitTest_Equals" />
    </UnitTest>
    <UnitTest name="DeserializeTest ({&quot;_id&quot;:{&quot;$oid&quot;:&quot;Hello World&quot;}},Hello World)" storage="c:\repos\nucleus\net.libs\framework\eliassen.system.tests\bin\release\net8.0\eliassen.system.tests.dll" id="312eaabc-9879-8ba5-fb15-63928cd6660e" xmlns="http://microsoft.com/schemas/VisualStudio/TeamTest/2010">
      <TestCategory>
        <TestCategoryItem TestCategory="Unit" />
      </TestCategory>
      <Execution id="835c96c3-6fce-4f45-aae8-ae9e0d6289c0" />
      <TestMethod codeBase="c:\Repos\Nucleus\Net.Libs\Framework\Eliassen.System.Tests\bin\Release\net8.0\Eliassen.System.Tests.dll" adapterTypeName="executor://mstestadapter/v2" className="Eliassen.System.Tests.Text.Json.BsonIdConverterTests" name="DeserializeTest" />
    </UnitTest>
    <UnitTest name="VisitTest_EqualOperator (Hello,HeLlO,True)" storage="c:\repos\nucleus\net.libs\framework\eliassen.system.tests\bin\release\net8.0\eliassen.system.tests.dll" id="2bfed98c-f04b-a9c6-9b30-1a4a12b04bd4" xmlns="http://microsoft.com/schemas/VisualStudio/TeamTest/2010">
      <TestCategory>
        <TestCategoryItem TestCategory="Unit" />
      </TestCategory>
      <Execution id="d680a5a8-9051-441d-a137-27463e3890cf" />
      <TestMethod codeBase="c:\Repos\Nucleus\Net.Libs\Framework\Eliassen.System.Tests\bin\Release\net8.0\Eliassen.System.Tests.dll" adapterTypeName="executor://mstestadapter/v2" className="Eliassen.System.Tests.Linq.Expressions.StringComparisonReplacementExpressionVisitorTests" name="VisitTest_EqualOperator" />
    </UnitTest>
    <UnitTest name="SendAsyncTest_Error" storage="c:\repos\nucleus\net.libs\framework\eliassen.messagequeueing.tests\bin\release\net8.0\eliassen.messagequeueing.tests.dll" id="e5454c02-b359-b78c-7c37-b5f0f590b608" xmlns="http://microsoft.com/schemas/VisualStudio/TeamTest/2010">
      <TestCategory>
        <TestCategoryItem TestCategory="Simulate" />
      </TestCategory>
      <Execution id="ac5d3d8f-e43b-44c8-a0d5-3952143cafdb" />
      <TestMethod codeBase="c:\Repos\Nucleus\Net.Libs\Framework\Eliassen.MessageQueueing.Tests\bin\Release\net8.0\Eliassen.MessageQueueing.Tests.dll" adapterTypeName="executor://mstestadapter/v2" className="Eliassen.MessageQueueing.Tests.MessageSenderTests" name="SendAsyncTest_Error" />
    </UnitTest>
    <UnitTest name="SendAsyncTest_ByFullType" storage="c:\repos\nucleus\net.libs\framework\eliassen.messagequeueing.tests\bin\release\net8.0\eliassen.messagequeueing.tests.dll" id="b64dc215-d1b4-1f14-fa25-4d622e2e9f2e" xmlns="http://microsoft.com/schemas/VisualStudio/TeamTest/2010">
      <TestCategory>
        <TestCategoryItem TestCategory="Simulate" />
      </TestCategory>
      <Execution id="5e1f6bb6-b764-44ce-9a98-55acfdcfd843" />
      <TestMethod codeBase="c:\Repos\Nucleus\Net.Libs\Framework\Eliassen.MessageQueueing.Tests\bin\Release\net8.0\Eliassen.MessageQueueing.Tests.dll" adapterTypeName="executor://mstestadapter/v2" className="Eliassen.MessageQueueing.Tests.MessageSenderTests" name="SendAsyncTest_ByFullType" />
    </UnitTest>
    <UnitTest name="SendAsyncTest_ByKeyed" storage="c:\repos\nucleus\net.libs\framework\eliassen.messagequeueing.tests\bin\release\net8.0\eliassen.messagequeueing.tests.dll" id="dbc55b57-382b-82eb-3acf-abef72ee15cc" xmlns="http://microsoft.com/schemas/VisualStudio/TeamTest/2010">
      <TestCategory>
        <TestCategoryItem TestCategory="Simulate" />
      </TestCategory>
      <Execution id="e31ee103-ce1d-4993-9abc-f9be115d0119" />
      <TestMethod codeBase="c:\Repos\Nucleus\Net.Libs\Framework\Eliassen.MessageQueueing.Tests\bin\Release\net8.0\Eliassen.MessageQueueing.Tests.dll" adapterTypeName="executor://mstestadapter/v2" className="Eliassen.MessageQueueing.Tests.MessageSenderTests" name="SendAsyncTest_ByKeyed" />
    </UnitTest>
    <UnitTest name="ToEnumTest (Val2,Val1,Val1, Val2)" storage="c:\repos\nucleus\net.libs\framework\eliassen.system.tests\bin\release\net8.0\eliassen.system.tests.dll" id="9cc76b0a-54e4-6db5-8e6e-e9b3031a5177" xmlns="http://microsoft.com/schemas/VisualStudio/TeamTest/2010">
      <TestCategory>
        <TestCategoryItem TestCategory="Unit" />
      </TestCategory>
      <Execution id="5c8a424d-f078-4d2a-897e-87fdf20ef395" />
      <TestMethod codeBase="c:\Repos\Nucleus\Net.Libs\Framework\Eliassen.System.Tests\bin\Release\net8.0\Eliassen.System.Tests.dll" adapterTypeName="executor://mstestadapter/v2" className="Eliassen.System.Tests.Reflection.EnumExtensionsTests" name="ToEnumTest" />
    </UnitTest>
    <UnitTest name="ToEnumTest (Val2,Val2)" storage="c:\repos\nucleus\net.libs\framework\eliassen.system.tests\bin\release\net8.0\eliassen.system.tests.dll" id="6041da2b-c228-939a-bbba-7244461baf87" xmlns="http://microsoft.com/schemas/VisualStudio/TeamTest/2010">
      <TestCategory>
        <TestCategoryItem TestCategory="Unit" />
      </TestCategory>
      <Execution id="c033bc41-f5b4-4af5-8ba5-56a9bdabe456" />
      <TestMethod codeBase="c:\Repos\Nucleus\Net.Libs\Framework\Eliassen.System.Tests\bin\Release\net8.0\Eliassen.System.Tests.dll" adapterTypeName="executor://mstestadapter/v2" className="Eliassen.System.Tests.Reflection.EnumExtensionsTests" name="ToEnumTest" />
    </UnitTest>
    <UnitTest name="ToEnumTest (Val2 ,Val1,Val1, Val2)" storage="c:\repos\nucleus\net.libs\framework\eliassen.system.tests\bin\release\net8.0\eliassen.system.tests.dll" id="d0f7d162-791b-fa11-b46e-9023e39c56de" xmlns="http://microsoft.com/schemas/VisualStudio/TeamTest/2010">
      <TestCategory>
        <TestCategoryItem TestCategory="Unit" />
      </TestCategory>
      <Execution id="46e69cd4-2cfa-47df-8c8d-fb1521558c03" />
      <TestMethod codeBase="c:\Repos\Nucleus\Net.Libs\Framework\Eliassen.System.Tests\bin\Release\net8.0\Eliassen.System.Tests.dll" adapterTypeName="executor://mstestadapter/v2" className="Eliassen.System.Tests.Reflection.EnumExtensionsTests" name="ToEnumTest" />
    </UnitTest>
    <UnitTest name="ToEnumTest (name,name2|test name,WithEnumValue, WithMemberName, WithDisplay)" storage="c:\repos\nucleus\net.libs\framework\eliassen.system.tests\bin\release\net8.0\eliassen.system.tests.dll" id="9862cae4-1407-7ed0-bae3-15ce80d3ebe3" xmlns="http://microsoft.com/schemas/VisualStudio/TeamTest/2010">
      <TestCategory>
        <TestCategoryItem TestCategory="Unit" />
      </TestCategory>
      <Execution id="b1241c48-65d3-45c9-8342-977c12de1271" />
      <TestMethod codeBase="c:\Repos\Nucleus\Net.Libs\Framework\Eliassen.System.Tests\bin\Release\net8.0\Eliassen.System.Tests.dll" adapterTypeName="executor://mstestadapter/v2" className="Eliassen.System.Tests.Reflection.EnumExtensionsTests" name="ToEnumTest" />
    </UnitTest>
    <UnitTest name="ToEnumTest (test name,WithDisplay)" storage="c:\repos\nucleus\net.libs\framework\eliassen.system.tests\bin\release\net8.0\eliassen.system.tests.dll" id="0869d7e5-a00d-1b7f-c0b6-2fc4794714aa" xmlns="http://microsoft.com/schemas/VisualStudio/TeamTest/2010">
      <TestCategory>
        <TestCategoryItem TestCategory="Unit" />
      </TestCategory>
      <Execution id="d5e9c771-20e0-4f68-8ffb-8e35b8d04ff5" />
      <TestMethod codeBase="c:\Repos\Nucleus\Net.Libs\Framework\Eliassen.System.Tests\bin\Release\net8.0\Eliassen.System.Tests.dll" adapterTypeName="executor://mstestadapter/v2" className="Eliassen.System.Tests.Reflection.EnumExtensionsTests" name="ToEnumTest" />
    </UnitTest>
    <UnitTest name="ExecuteByTest_Sort (Name,Ascending,0,1,10,100,101,102,103,104,105,106)" storage="c:\repos\nucleus\net.libs\framework\eliassen.system.tests\bin\release\net8.0\eliassen.system.tests.dll" id="74cd64d7-aec6-6cf9-0592-bb16439c0c43" xmlns="http://microsoft.com/schemas/VisualStudio/TeamTest/2010">
      <TestCategory>
        <TestCategoryItem TestCategory="Unit" />
      </TestCategory>
      <Execution id="57b12dad-8d51-40bf-83bc-a7bb119e02b6" />
      <TestMethod codeBase="c:\Repos\Nucleus\Net.Libs\Framework\Eliassen.System.Tests\bin\Release\net8.0\Eliassen.System.Tests.dll" adapterTypeName="executor://mstestadapter/v2" className="Eliassen.System.Tests.Linq.QueryableExtensionsTests" name="ExecuteByTest_Sort" />
    </UnitTest>
    <UnitTest name="ToEnumTest (name2,WithMemberName)" storage="c:\repos\nucleus\net.libs\framework\eliassen.system.tests\bin\release\net8.0\eliassen.system.tests.dll" id="87d5b51b-028d-45c3-7d26-6a41bcd444ea" xmlns="http://microsoft.com/schemas/VisualStudio/TeamTest/2010">
      <TestCategory>
        <TestCategoryItem TestCategory="Unit" />
      </TestCategory>
      <Execution id="b65e2c43-3ca5-4c39-b973-4695ca893079" />
      <TestMethod codeBase="c:\Repos\Nucleus\Net.Libs\Framework\Eliassen.System.Tests\bin\Release\net8.0\Eliassen.System.Tests.dll" adapterTypeName="executor://mstestadapter/v2" className="Eliassen.System.Tests.Reflection.EnumExtensionsTests" name="ToEnumTest" />
    </UnitTest>
    <UnitTest name="ToEnumTest (-1,-1)" storage="c:\repos\nucleus\net.libs\framework\eliassen.system.tests\bin\release\net8.0\eliassen.system.tests.dll" id="275ab5c5-4273-80c8-9a95-a83251765068" xmlns="http://microsoft.com/schemas/VisualStudio/TeamTest/2010">
      <TestCategory>
        <TestCategoryItem TestCategory="Unit" />
      </TestCategory>
      <Execution id="05aed5e2-53e1-4b06-b807-83124251eca9" />
      <TestMethod codeBase="c:\Repos\Nucleus\Net.Libs\Framework\Eliassen.System.Tests\bin\Release\net8.0\Eliassen.System.Tests.dll" adapterTypeName="executor://mstestadapter/v2" className="Eliassen.System.Tests.Reflection.EnumExtensionsTests" name="ToEnumTest" />
    </UnitTest>
    <UnitTest name="ExecuteByTest_Sort (NAME,Descending,999,998,997,996,995,994,993,992,991,990)" storage="c:\repos\nucleus\net.libs\framework\eliassen.system.tests\bin\release\net8.0\eliassen.system.tests.dll" id="a513cd61-1eb0-de0a-cf01-6c21c2aff82a" xmlns="http://microsoft.com/schemas/VisualStudio/TeamTest/2010">
      <TestCategory>
        <TestCategoryItem TestCategory="Unit" />
      </TestCategory>
      <Execution id="a2bc631b-0266-48ac-a1dc-bababfcec1b5" />
      <TestMethod codeBase="c:\Repos\Nucleus\Net.Libs\Framework\Eliassen.System.Tests\bin\Release\net8.0\Eliassen.System.Tests.dll" adapterTypeName="executor://mstestadapter/v2" className="Eliassen.System.Tests.Linq.QueryableExtensionsTests" name="ExecuteByTest_Sort" />
    </UnitTest>
    <UnitTest name="ToEnumTest (2,Val2)" storage="c:\repos\nucleus\net.libs\framework\eliassen.system.tests\bin\release\net8.0\eliassen.system.tests.dll" id="2439add4-2fe6-cd5d-bdd9-8c1aff534b44" xmlns="http://microsoft.com/schemas/VisualStudio/TeamTest/2010">
      <TestCategory>
        <TestCategoryItem TestCategory="Unit" />
      </TestCategory>
      <Execution id="4ba4c9d5-708e-436d-954b-1531affe85cb" />
      <TestMethod codeBase="c:\Repos\Nucleus\Net.Libs\Framework\Eliassen.System.Tests\bin\Release\net8.0\Eliassen.System.Tests.dll" adapterTypeName="executor://mstestadapter/v2" className="Eliassen.System.Tests.Reflection.EnumExtensionsTests" name="ToEnumTest" />
    </UnitTest>
    <UnitTest name="ToEnumTest (4,WithEnumValue)" storage="c:\repos\nucleus\net.libs\framework\eliassen.system.tests\bin\release\net8.0\eliassen.system.tests.dll" id="9a5f3a46-3f37-2d63-5027-0f4202c8dc0e" xmlns="http://microsoft.com/schemas/VisualStudio/TeamTest/2010">
      <TestCategory>
        <TestCategoryItem TestCategory="Unit" />
      </TestCategory>
      <Execution id="7ad21074-be9d-4492-b212-d7298be0db33" />
      <TestMethod codeBase="c:\Repos\Nucleus\Net.Libs\Framework\Eliassen.System.Tests\bin\Release\net8.0\Eliassen.System.Tests.dll" adapterTypeName="executor://mstestadapter/v2" className="Eliassen.System.Tests.Reflection.EnumExtensionsTests" name="ToEnumTest" />
    </UnitTest>
    <UnitTest name="ToEnumTest (Val2, Val1,Val1, Val2)" storage="c:\repos\nucleus\net.libs\framework\eliassen.system.tests\bin\release\net8.0\eliassen.system.tests.dll" id="8bbd68f8-0cf5-45bf-e789-c618e185fe43" xmlns="http://microsoft.com/schemas/VisualStudio/TeamTest/2010">
      <TestCategory>
        <TestCategoryItem TestCategory="Unit" />
      </TestCategory>
      <Execution id="e71e6f20-1806-4b8e-a29e-973cf38a9226" />
      <TestMethod codeBase="c:\Repos\Nucleus\Net.Libs\Framework\Eliassen.System.Tests\bin\Release\net8.0\Eliassen.System.Tests.dll" adapterTypeName="executor://mstestadapter/v2" className="Eliassen.System.Tests.Reflection.EnumExtensionsTests" name="ToEnumTest" />
    </UnitTest>
    <UnitTest name="ToEnumTest (name,WithEnumValue)" storage="c:\repos\nucleus\net.libs\framework\eliassen.system.tests\bin\release\net8.0\eliassen.system.tests.dll" id="f9ed7d93-4b1d-1474-abad-3e4330251ef7" xmlns="http://microsoft.com/schemas/VisualStudio/TeamTest/2010">
      <TestCategory>
        <TestCategoryItem TestCategory="Unit" />
      </TestCategory>
      <Execution id="a781e358-c5cb-42ae-beaf-23803dba69a5" />
      <TestMethod codeBase="c:\Repos\Nucleus\Net.Libs\Framework\Eliassen.System.Tests\bin\Release\net8.0\Eliassen.System.Tests.dll" adapterTypeName="executor://mstestadapter/v2" className="Eliassen.System.Tests.Reflection.EnumExtensionsTests" name="ToEnumTest" />
    </UnitTest>
    <UnitTest name="ToEnumTest (Val1,Val1)" storage="c:\repos\nucleus\net.libs\framework\eliassen.system.tests\bin\release\net8.0\eliassen.system.tests.dll" id="2d356224-cdcb-c454-d216-64498e902f7f" xmlns="http://microsoft.com/schemas/VisualStudio/TeamTest/2010">
      <TestCategory>
        <TestCategoryItem TestCategory="Unit" />
      </TestCategory>
      <Execution id="410ac944-bba7-4551-8c67-bebb49bd9bd7" />
      <TestMethod codeBase="c:\Repos\Nucleus\Net.Libs\Framework\Eliassen.System.Tests\bin\Release\net8.0\Eliassen.System.Tests.dll" adapterTypeName="executor://mstestadapter/v2" className="Eliassen.System.Tests.Reflection.EnumExtensionsTests" name="ToEnumTest" />
    </UnitTest>
    <UnitTest name="ToEnumTest (Val2 , Val1,Val1, Val2)" storage="c:\repos\nucleus\net.libs\framework\eliassen.system.tests\bin\release\net8.0\eliassen.system.tests.dll" id="b4966573-9fa2-c764-49f0-f57ac2a9eaa5" xmlns="http://microsoft.com/schemas/VisualStudio/TeamTest/2010">
      <TestCategory>
        <TestCategoryItem TestCategory="Unit" />
      </TestCategory>
      <Execution id="e7aec34d-8575-4cef-8031-37e6a2016a7a" />
      <TestMethod codeBase="c:\Repos\Nucleus\Net.Libs\Framework\Eliassen.System.Tests\bin\Release\net8.0\Eliassen.System.Tests.dll" adapterTypeName="executor://mstestadapter/v2" className="Eliassen.System.Tests.Reflection.EnumExtensionsTests" name="ToEnumTest" />
    </UnitTest>
    <UnitTest name="ToEnumTest (1,Val1)" storage="c:\repos\nucleus\net.libs\framework\eliassen.system.tests\bin\release\net8.0\eliassen.system.tests.dll" id="32233fbb-52fc-abca-066f-b8b95a161d0c" xmlns="http://microsoft.com/schemas/VisualStudio/TeamTest/2010">
      <TestCategory>
        <TestCategoryItem TestCategory="Unit" />
      </TestCategory>
      <Execution id="01fcdf55-be3c-4def-b9c5-9f973f0ae54f" />
      <TestMethod codeBase="c:\Repos\Nucleus\Net.Libs\Framework\Eliassen.System.Tests\bin\Release\net8.0\Eliassen.System.Tests.dll" adapterTypeName="executor://mstestadapter/v2" className="Eliassen.System.Tests.Reflection.EnumExtensionsTests" name="ToEnumTest" />
    </UnitTest>
    <UnitTest name="ToEnumTest (0,Val0)" storage="c:\repos\nucleus\net.libs\framework\eliassen.system.tests\bin\release\net8.0\eliassen.system.tests.dll" id="4eabad00-fba9-1926-9e25-502e77fa4862" xmlns="http://microsoft.com/schemas/VisualStudio/TeamTest/2010">
      <TestCategory>
        <TestCategoryItem TestCategory="Unit" />
      </TestCategory>
      <Execution id="996a994c-6e57-4cd5-af23-884b6355190a" />
      <TestMethod codeBase="c:\Repos\Nucleus\Net.Libs\Framework\Eliassen.System.Tests\bin\Release\net8.0\Eliassen.System.Tests.dll" adapterTypeName="executor://mstestadapter/v2" className="Eliassen.System.Tests.Reflection.EnumExtensionsTests" name="ToEnumTest" />
    </UnitTest>
    <UnitTest name="ToEnumTest (3,Val1, Val2)" storage="c:\repos\nucleus\net.libs\framework\eliassen.system.tests\bin\release\net8.0\eliassen.system.tests.dll" id="e1155b3b-9d29-c02b-a02e-b3e42d8f832d" xmlns="http://microsoft.com/schemas/VisualStudio/TeamTest/2010">
      <TestCategory>
        <TestCategoryItem TestCategory="Unit" />
      </TestCategory>
      <Execution id="bd4cafc5-cf7c-41b6-aafe-609c2242b5a3" />
      <TestMethod codeBase="c:\Repos\Nucleus\Net.Libs\Framework\Eliassen.System.Tests\bin\Release\net8.0\Eliassen.System.Tests.dll" adapterTypeName="executor://mstestadapter/v2" className="Eliassen.System.Tests.Reflection.EnumExtensionsTests" name="ToEnumTest" />
    </UnitTest>
    <UnitTest name="ToEnumTest (test short,WithDisplay)" storage="c:\repos\nucleus\net.libs\framework\eliassen.system.tests\bin\release\net8.0\eliassen.system.tests.dll" id="e10efca3-dc65-693e-988d-37e685d1f413" xmlns="http://microsoft.com/schemas/VisualStudio/TeamTest/2010">
      <TestCategory>
        <TestCategoryItem TestCategory="Unit" />
      </TestCategory>
      <Execution id="21bc588d-839a-4f63-b026-9ef5c4b696fe" />
      <TestMethod codeBase="c:\Repos\Nucleus\Net.Libs\Framework\Eliassen.System.Tests\bin\Release\net8.0\Eliassen.System.Tests.dll" adapterTypeName="executor://mstestadapter/v2" className="Eliassen.System.Tests.Reflection.EnumExtensionsTests" name="ToEnumTest" />
    </UnitTest>
    <UnitTest name="ToEnumTest (Val2|Val1,Val1, Val2)" storage="c:\repos\nucleus\net.libs\framework\eliassen.system.tests\bin\release\net8.0\eliassen.system.tests.dll" id="17ff5c94-c7ab-d89c-c884-775fd21b1138" xmlns="http://microsoft.com/schemas/VisualStudio/TeamTest/2010">
      <TestCategory>
        <TestCategoryItem TestCategory="Unit" />
      </TestCategory>
      <Execution id="4b048df0-1537-49e6-a03f-d94a0e2d0588" />
      <TestMethod codeBase="c:\Repos\Nucleus\Net.Libs\Framework\Eliassen.System.Tests\bin\Release\net8.0\Eliassen.System.Tests.dll" adapterTypeName="executor://mstestadapter/v2" className="Eliassen.System.Tests.Reflection.EnumExtensionsTests" name="ToEnumTest" />
    </UnitTest>
    <UnitTest name="ExecuteByTest_Sort (name,Descending,999,998,997,996,995,994,993,992,991,990)" storage="c:\repos\nucleus\net.libs\framework\eliassen.system.tests\bin\release\net8.0\eliassen.system.tests.dll" id="106438f6-2d08-95c4-d17e-81ff2af3a5f7" xmlns="http://microsoft.com/schemas/VisualStudio/TeamTest/2010">
      <TestCategory>
        <TestCategoryItem TestCategory="Unit" />
      </TestCategory>
      <Execution id="49883a9f-ee35-425b-a40f-3030160e3ad1" />
      <TestMethod codeBase="c:\Repos\Nucleus\Net.Libs\Framework\Eliassen.System.Tests\bin\Release\net8.0\Eliassen.System.Tests.dll" adapterTypeName="executor://mstestadapter/v2" className="Eliassen.System.Tests.Linq.QueryableExtensionsTests" name="ExecuteByTest_Sort" />
    </UnitTest>
    <UnitTest name="ExecuteByTest_Sort (Name,Descending,999,998,997,996,995,994,993,992,991,990)" storage="c:\repos\nucleus\net.libs\framework\eliassen.system.tests\bin\release\net8.0\eliassen.system.tests.dll" id="83080016-f095-0d7b-a0cb-0b5cf5fe90d7" xmlns="http://microsoft.com/schemas/VisualStudio/TeamTest/2010">
      <TestCategory>
        <TestCategoryItem TestCategory="Unit" />
      </TestCategory>
      <Execution id="5cbb7f6e-ac29-4446-bdab-83dbf3890cd3" />
      <TestMethod codeBase="c:\Repos\Nucleus\Net.Libs\Framework\Eliassen.System.Tests\bin\Release\net8.0\Eliassen.System.Tests.dll" adapterTypeName="executor://mstestadapter/v2" className="Eliassen.System.Tests.Linq.QueryableExtensionsTests" name="ExecuteByTest_Sort" />
    </UnitTest>
    <UnitTest name="ToEnumTest (test description,WithDescription)" storage="c:\repos\nucleus\net.libs\framework\eliassen.system.tests\bin\release\net8.0\eliassen.system.tests.dll" id="c9346372-ffa4-14a5-4eb6-2aa00bef5c35" xmlns="http://microsoft.com/schemas/VisualStudio/TeamTest/2010">
      <TestCategory>
        <TestCategoryItem TestCategory="Unit" />
      </TestCategory>
      <Execution id="9921dd31-6fe7-4557-93ff-b5a9812fdb5d" />
      <TestMethod codeBase="c:\Repos\Nucleus\Net.Libs\Framework\Eliassen.System.Tests\bin\Release\net8.0\Eliassen.System.Tests.dll" adapterTypeName="executor://mstestadapter/v2" className="Eliassen.System.Tests.Reflection.EnumExtensionsTests" name="ToEnumTest" />
    </UnitTest>
    <UnitTest name="ToEnumTest (test display,WithDisplay)" storage="c:\repos\nucleus\net.libs\framework\eliassen.system.tests\bin\release\net8.0\eliassen.system.tests.dll" id="2a41cc63-279d-a271-b736-4c136e6ba692" xmlns="http://microsoft.com/schemas/VisualStudio/TeamTest/2010">
      <TestCategory>
        <TestCategoryItem TestCategory="Unit" />
      </TestCategory>
      <Execution id="2f33cfcd-c60b-48b1-adbe-a13553e6a52e" />
      <TestMethod codeBase="c:\Repos\Nucleus\Net.Libs\Framework\Eliassen.System.Tests\bin\Release\net8.0\Eliassen.System.Tests.dll" adapterTypeName="executor://mstestadapter/v2" className="Eliassen.System.Tests.Reflection.EnumExtensionsTests" name="ToEnumTest" />
    </UnitTest>
    <UnitTest name="ToEnumTest (test short,WithDisplay)" storage="c:\repos\nucleus\net.libs\framework\eliassen.system.tests\bin\release\net8.0\eliassen.system.tests.dll" id="11f0fb7d-7be6-79f5-339b-991d917ae3fc" xmlns="http://microsoft.com/schemas/VisualStudio/TeamTest/2010">
      <TestCategory>
        <TestCategoryItem TestCategory="Unit" />
      </TestCategory>
      <Execution id="f3732895-8eda-4533-af41-621677d06ec5" />
      <TestMethod codeBase="c:\Repos\Nucleus\Net.Libs\Framework\Eliassen.System.Tests\bin\Release\net8.0\Eliassen.System.Tests.dll" adapterTypeName="executor://mstestadapter/v2" className="Eliassen.System.Tests.Reflection.EnumExtensionsTests" name="ToEnumTest" />
    </UnitTest>
    <UnitTest name="ToEnumTest (0,Val0)" storage="c:\repos\nucleus\net.libs\framework\eliassen.system.tests\bin\release\net8.0\eliassen.system.tests.dll" id="460956ad-2bf3-db32-e92a-bfe446ec1e98" xmlns="http://microsoft.com/schemas/VisualStudio/TeamTest/2010">
      <TestCategory>
        <TestCategoryItem TestCategory="Unit" />
      </TestCategory>
      <Execution id="cf7a6ede-3ed3-4eb2-a875-2c4604ca229a" />
      <TestMethod codeBase="c:\Repos\Nucleus\Net.Libs\Framework\Eliassen.System.Tests\bin\Release\net8.0\Eliassen.System.Tests.dll" adapterTypeName="executor://mstestadapter/v2" className="Eliassen.System.Tests.Reflection.EnumExtensionsTests" name="ToEnumTest" />
    </UnitTest>
    <UnitTest name="ToEnumTest (4,WithEnumValue)" storage="c:\repos\nucleus\net.libs\framework\eliassen.system.tests\bin\release\net8.0\eliassen.system.tests.dll" id="b98e3996-7a57-2553-4abf-fb122643f31e" xmlns="http://microsoft.com/schemas/VisualStudio/TeamTest/2010">
      <TestCategory>
        <TestCategoryItem TestCategory="Unit" />
      </TestCategory>
      <Execution id="6f3922dc-f518-4ef5-93c4-5b08ee66d3aa" />
      <TestMethod codeBase="c:\Repos\Nucleus\Net.Libs\Framework\Eliassen.System.Tests\bin\Release\net8.0\Eliassen.System.Tests.dll" adapterTypeName="executor://mstestadapter/v2" className="Eliassen.System.Tests.Reflection.EnumExtensionsTests" name="ToEnumTest" />
    </UnitTest>
    <UnitTest name="ToEnumTest (Val1,Val1)" storage="c:\repos\nucleus\net.libs\framework\eliassen.system.tests\bin\release\net8.0\eliassen.system.tests.dll" id="c36bb35d-9a4e-80ec-67c1-9cb495c5e678" xmlns="http://microsoft.com/schemas/VisualStudio/TeamTest/2010">
      <TestCategory>
        <TestCategoryItem TestCategory="Unit" />
      </TestCategory>
      <Execution id="b6ede7da-c063-4bc2-88b3-748e1dc3a762" />
      <TestMethod codeBase="c:\Repos\Nucleus\Net.Libs\Framework\Eliassen.System.Tests\bin\Release\net8.0\Eliassen.System.Tests.dll" adapterTypeName="executor://mstestadapter/v2" className="Eliassen.System.Tests.Reflection.EnumExtensionsTests" name="ToEnumTest" />
    </UnitTest>
    <UnitTest name="ToEnumTest (Val2, Val1,Val1, Val2)" storage="c:\repos\nucleus\net.libs\framework\eliassen.system.tests\bin\release\net8.0\eliassen.system.tests.dll" id="4163eaa1-a283-2de9-1f95-a86ceaaab3c9" xmlns="http://microsoft.com/schemas/VisualStudio/TeamTest/2010">
      <TestCategory>
        <TestCategoryItem TestCategory="Unit" />
      </TestCategory>
      <Execution id="39e48dae-1eda-4e7e-80bb-0c19febff8f0" />
      <TestMethod codeBase="c:\Repos\Nucleus\Net.Libs\Framework\Eliassen.System.Tests\bin\Release\net8.0\Eliassen.System.Tests.dll" adapterTypeName="executor://mstestadapter/v2" className="Eliassen.System.Tests.Reflection.EnumExtensionsTests" name="ToEnumTest" />
    </UnitTest>
    <UnitTest name="ExecuteByTest_Sort (name,Descending,999,998,997,996,995,994,993,992,991,990)" storage="c:\repos\nucleus\net.libs\framework\eliassen.system.tests\bin\release\net8.0\eliassen.system.tests.dll" id="d5c1dc9a-a2f2-2711-646f-2604e4c84684" xmlns="http://microsoft.com/schemas/VisualStudio/TeamTest/2010">
      <TestCategory>
        <TestCategoryItem TestCategory="Unit" />
      </TestCategory>
      <Execution id="83fb1dcc-d9a0-4038-97e2-b5d9dee7ba59" />
      <TestMethod codeBase="c:\Repos\Nucleus\Net.Libs\Framework\Eliassen.System.Tests\bin\Release\net8.0\Eliassen.System.Tests.dll" adapterTypeName="executor://mstestadapter/v2" className="Eliassen.System.Tests.Linq.QueryableExtensionsTests" name="ExecuteByTest_Sort" />
    </UnitTest>
    <UnitTest name="ToEnumTest (3,Val1, Val2)" storage="c:\repos\nucleus\net.libs\framework\eliassen.system.tests\bin\release\net8.0\eliassen.system.tests.dll" id="62b9d922-900a-7ff6-3153-18dadeeb7bb3" xmlns="http://microsoft.com/schemas/VisualStudio/TeamTest/2010">
      <TestCategory>
        <TestCategoryItem TestCategory="Unit" />
      </TestCategory>
      <Execution id="9e54b720-02f7-4326-ac0f-1dbce1dfcb87" />
      <TestMethod codeBase="c:\Repos\Nucleus\Net.Libs\Framework\Eliassen.System.Tests\bin\Release\net8.0\Eliassen.System.Tests.dll" adapterTypeName="executor://mstestadapter/v2" className="Eliassen.System.Tests.Reflection.EnumExtensionsTests" name="ToEnumTest" />
    </UnitTest>
    <UnitTest name="ToEnumTest (2,Val2)" storage="c:\repos\nucleus\net.libs\framework\eliassen.system.tests\bin\release\net8.0\eliassen.system.tests.dll" id="08fc4c82-556b-87cf-a9ae-405737b973df" xmlns="http://microsoft.com/schemas/VisualStudio/TeamTest/2010">
      <TestCategory>
        <TestCategoryItem TestCategory="Unit" />
      </TestCategory>
      <Execution id="493abe00-e01e-4db7-ad75-d040638ec607" />
      <TestMethod codeBase="c:\Repos\Nucleus\Net.Libs\Framework\Eliassen.System.Tests\bin\Release\net8.0\Eliassen.System.Tests.dll" adapterTypeName="executor://mstestadapter/v2" className="Eliassen.System.Tests.Reflection.EnumExtensionsTests" name="ToEnumTest" />
    </UnitTest>
    <UnitTest name="ToEnumTest (-1,-1)" storage="c:\repos\nucleus\net.libs\framework\eliassen.system.tests\bin\release\net8.0\eliassen.system.tests.dll" id="6a1b107a-2dfe-3696-4879-97b5e75031c8" xmlns="http://microsoft.com/schemas/VisualStudio/TeamTest/2010">
      <TestCategory>
        <TestCategoryItem TestCategory="Unit" />
      </TestCategory>
      <Execution id="b284268d-b045-4ead-92c9-90167824c9f1" />
      <TestMethod codeBase="c:\Repos\Nucleus\Net.Libs\Framework\Eliassen.System.Tests\bin\Release\net8.0\Eliassen.System.Tests.dll" adapterTypeName="executor://mstestadapter/v2" className="Eliassen.System.Tests.Reflection.EnumExtensionsTests" name="ToEnumTest" />
    </UnitTest>
    <UnitTest name="ToEnumTest (Val2,Val1,Val1, Val2)" storage="c:\repos\nucleus\net.libs\framework\eliassen.system.tests\bin\release\net8.0\eliassen.system.tests.dll" id="b0fdfc7e-2c06-862f-28b1-d93a174b89e6" xmlns="http://microsoft.com/schemas/VisualStudio/TeamTest/2010">
      <TestCategory>
        <TestCategoryItem TestCategory="Unit" />
      </TestCategory>
      <Execution id="a854f590-5423-49fd-9477-2462d4799431" />
      <TestMethod codeBase="c:\Repos\Nucleus\Net.Libs\Framework\Eliassen.System.Tests\bin\Release\net8.0\Eliassen.System.Tests.dll" adapterTypeName="executor://mstestadapter/v2" className="Eliassen.System.Tests.Reflection.EnumExtensionsTests" name="ToEnumTest" />
    </UnitTest>
    <UnitTest name="ExecuteByTest_Sort (NAME,Descending,999,998,997,996,995,994,993,992,991,990)" storage="c:\repos\nucleus\net.libs\framework\eliassen.system.tests\bin\release\net8.0\eliassen.system.tests.dll" id="4dbe9543-b09b-17ff-b897-ea7ab7b131d7" xmlns="http://microsoft.com/schemas/VisualStudio/TeamTest/2010">
      <TestCategory>
        <TestCategoryItem TestCategory="Unit" />
      </TestCategory>
      <Execution id="ce0fd16f-6493-41e8-96ed-03cb96a416c0" />
      <TestMethod codeBase="c:\Repos\Nucleus\Net.Libs\Framework\Eliassen.System.Tests\bin\Release\net8.0\Eliassen.System.Tests.dll" adapterTypeName="executor://mstestadapter/v2" className="Eliassen.System.Tests.Linq.QueryableExtensionsTests" name="ExecuteByTest_Sort" />
    </UnitTest>
    <UnitTest name="ToEnumTest (Val2 , Val1,Val1, Val2)" storage="c:\repos\nucleus\net.libs\framework\eliassen.system.tests\bin\release\net8.0\eliassen.system.tests.dll" id="6da32ee3-eff7-d4fe-8d03-a03516df00ff" xmlns="http://microsoft.com/schemas/VisualStudio/TeamTest/2010">
      <TestCategory>
        <TestCategoryItem TestCategory="Unit" />
      </TestCategory>
      <Execution id="67b9fc2f-d4af-4bb5-a19e-fd4cdbf0c046" />
      <TestMethod codeBase="c:\Repos\Nucleus\Net.Libs\Framework\Eliassen.System.Tests\bin\Release\net8.0\Eliassen.System.Tests.dll" adapterTypeName="executor://mstestadapter/v2" className="Eliassen.System.Tests.Reflection.EnumExtensionsTests" name="ToEnumTest" />
    </UnitTest>
    <UnitTest name="ExecuteByTest_Sort (Name,Descending,999,998,997,996,995,994,993,992,991,990)" storage="c:\repos\nucleus\net.libs\framework\eliassen.system.tests\bin\release\net8.0\eliassen.system.tests.dll" id="6c3bc33d-cd41-7aa1-5d65-f8b6b6736377" xmlns="http://microsoft.com/schemas/VisualStudio/TeamTest/2010">
      <TestCategory>
        <TestCategoryItem TestCategory="Unit" />
      </TestCategory>
      <Execution id="951c7c47-ec53-4dc0-8a3c-b9584aee448c" />
      <TestMethod codeBase="c:\Repos\Nucleus\Net.Libs\Framework\Eliassen.System.Tests\bin\Release\net8.0\Eliassen.System.Tests.dll" adapterTypeName="executor://mstestadapter/v2" className="Eliassen.System.Tests.Linq.QueryableExtensionsTests" name="ExecuteByTest_Sort" />
    </UnitTest>
    <UnitTest name="ToEnumTest (name,WithEnumValue)" storage="c:\repos\nucleus\net.libs\framework\eliassen.system.tests\bin\release\net8.0\eliassen.system.tests.dll" id="f2a03440-0376-07fe-a63b-c5dbc1c51d9d" xmlns="http://microsoft.com/schemas/VisualStudio/TeamTest/2010">
      <TestCategory>
        <TestCategoryItem TestCategory="Unit" />
      </TestCategory>
      <Execution id="8866fcfc-16fa-419e-8a22-d912b66f1cc0" />
      <TestMethod codeBase="c:\Repos\Nucleus\Net.Libs\Framework\Eliassen.System.Tests\bin\Release\net8.0\Eliassen.System.Tests.dll" adapterTypeName="executor://mstestadapter/v2" className="Eliassen.System.Tests.Reflection.EnumExtensionsTests" name="ToEnumTest" />
    </UnitTest>
    <UnitTest name="ExecuteByTest_Sort (Name,Ascending,0,1,10,100,101,102,103,104,105,106)" storage="c:\repos\nucleus\net.libs\framework\eliassen.system.tests\bin\release\net8.0\eliassen.system.tests.dll" id="c5997a4c-dfaf-990a-24e0-477cf0c527e7" xmlns="http://microsoft.com/schemas/VisualStudio/TeamTest/2010">
      <TestCategory>
        <TestCategoryItem TestCategory="Unit" />
      </TestCategory>
      <Execution id="d48008ca-2123-4d7d-92c3-b554d54a258a" />
      <TestMethod codeBase="c:\Repos\Nucleus\Net.Libs\Framework\Eliassen.System.Tests\bin\Release\net8.0\Eliassen.System.Tests.dll" adapterTypeName="executor://mstestadapter/v2" className="Eliassen.System.Tests.Linq.QueryableExtensionsTests" name="ExecuteByTest_Sort" />
    </UnitTest>
    <UnitTest name="ToEnumTest (name,name2|test name,WithEnumValue, WithMemberName, WithDisplay)" storage="c:\repos\nucleus\net.libs\framework\eliassen.system.tests\bin\release\net8.0\eliassen.system.tests.dll" id="2385c5bb-20c9-0389-325d-1aa756cf82c9" xmlns="http://microsoft.com/schemas/VisualStudio/TeamTest/2010">
      <TestCategory>
        <TestCategoryItem TestCategory="Unit" />
      </TestCategory>
      <Execution id="fc317e3f-611b-438f-b86f-b47a270633e6" />
      <TestMethod codeBase="c:\Repos\Nucleus\Net.Libs\Framework\Eliassen.System.Tests\bin\Release\net8.0\Eliassen.System.Tests.dll" adapterTypeName="executor://mstestadapter/v2" className="Eliassen.System.Tests.Reflection.EnumExtensionsTests" name="ToEnumTest" />
    </UnitTest>
    <UnitTest name="ToEnumTest (Val2|Val1,Val1, Val2)" storage="c:\repos\nucleus\net.libs\framework\eliassen.system.tests\bin\release\net8.0\eliassen.system.tests.dll" id="9b540bb1-ae17-7eac-3c61-74d42cb389dc" xmlns="http://microsoft.com/schemas/VisualStudio/TeamTest/2010">
      <TestCategory>
        <TestCategoryItem TestCategory="Unit" />
      </TestCategory>
      <Execution id="1aa4b58e-f960-44c8-8b27-91d9eaecdc56" />
      <TestMethod codeBase="c:\Repos\Nucleus\Net.Libs\Framework\Eliassen.System.Tests\bin\Release\net8.0\Eliassen.System.Tests.dll" adapterTypeName="executor://mstestadapter/v2" className="Eliassen.System.Tests.Reflection.EnumExtensionsTests" name="ToEnumTest" />
    </UnitTest>
    <UnitTest name="ToEnumTest (test description,WithDescription)" storage="c:\repos\nucleus\net.libs\framework\eliassen.system.tests\bin\release\net8.0\eliassen.system.tests.dll" id="a3f03b01-d34d-ff82-25a2-0a34018179c7" xmlns="http://microsoft.com/schemas/VisualStudio/TeamTest/2010">
      <TestCategory>
        <TestCategoryItem TestCategory="Unit" />
      </TestCategory>
      <Execution id="9b6cc68a-6783-4988-aacb-88c7a9229bb8" />
      <TestMethod codeBase="c:\Repos\Nucleus\Net.Libs\Framework\Eliassen.System.Tests\bin\Release\net8.0\Eliassen.System.Tests.dll" adapterTypeName="executor://mstestadapter/v2" className="Eliassen.System.Tests.Reflection.EnumExtensionsTests" name="ToEnumTest" />
    </UnitTest>
    <UnitTest name="ToEnumTest (Val2,Val2)" storage="c:\repos\nucleus\net.libs\framework\eliassen.system.tests\bin\release\net8.0\eliassen.system.tests.dll" id="bd0dbecb-539b-5502-769e-e3714681df3b" xmlns="http://microsoft.com/schemas/VisualStudio/TeamTest/2010">
      <TestCategory>
        <TestCategoryItem TestCategory="Unit" />
      </TestCategory>
      <Execution id="27de7d48-4cc3-401e-8b01-c62a445d4138" />
      <TestMethod codeBase="c:\Repos\Nucleus\Net.Libs\Framework\Eliassen.System.Tests\bin\Release\net8.0\Eliassen.System.Tests.dll" adapterTypeName="executor://mstestadapter/v2" className="Eliassen.System.Tests.Reflection.EnumExtensionsTests" name="ToEnumTest" />
    </UnitTest>
    <UnitTest name="ToEnumTest (1,Val1)" storage="c:\repos\nucleus\net.libs\framework\eliassen.system.tests\bin\release\net8.0\eliassen.system.tests.dll" id="9b499371-3d81-4de1-39e7-a6dc89eba13c" xmlns="http://microsoft.com/schemas/VisualStudio/TeamTest/2010">
      <TestCategory>
        <TestCategoryItem TestCategory="Unit" />
      </TestCategory>
      <Execution id="76683817-486d-4627-99f7-d3c39b32217c" />
      <TestMethod codeBase="c:\Repos\Nucleus\Net.Libs\Framework\Eliassen.System.Tests\bin\Release\net8.0\Eliassen.System.Tests.dll" adapterTypeName="executor://mstestadapter/v2" className="Eliassen.System.Tests.Reflection.EnumExtensionsTests" name="ToEnumTest" />
    </UnitTest>
    <UnitTest name="ToEnumTest (Val2 ,Val1,Val1, Val2)" storage="c:\repos\nucleus\net.libs\framework\eliassen.system.tests\bin\release\net8.0\eliassen.system.tests.dll" id="26b5ec45-b5f1-fe45-95c1-6bd5bedd3df8" xmlns="http://microsoft.com/schemas/VisualStudio/TeamTest/2010">
      <TestCategory>
        <TestCategoryItem TestCategory="Unit" />
      </TestCategory>
      <Execution id="a6145211-8071-4101-b4f7-3b18501ae373" />
      <TestMethod codeBase="c:\Repos\Nucleus\Net.Libs\Framework\Eliassen.System.Tests\bin\Release\net8.0\Eliassen.System.Tests.dll" adapterTypeName="executor://mstestadapter/v2" className="Eliassen.System.Tests.Reflection.EnumExtensionsTests" name="ToEnumTest" />
    </UnitTest>
    <UnitTest name="ToEnumTest (test name,WithDisplay)" storage="c:\repos\nucleus\net.libs\framework\eliassen.system.tests\bin\release\net8.0\eliassen.system.tests.dll" id="adc82c1a-0bb1-f2be-3be6-8295db3bec78" xmlns="http://microsoft.com/schemas/VisualStudio/TeamTest/2010">
      <TestCategory>
        <TestCategoryItem TestCategory="Unit" />
      </TestCategory>
      <Execution id="e2d5c49b-2b73-4ee0-89f1-bd68c6ab73c4" />
      <TestMethod codeBase="c:\Repos\Nucleus\Net.Libs\Framework\Eliassen.System.Tests\bin\Release\net8.0\Eliassen.System.Tests.dll" adapterTypeName="executor://mstestadapter/v2" className="Eliassen.System.Tests.Reflection.EnumExtensionsTests" name="ToEnumTest" />
    </UnitTest>
    <UnitTest name="ToEnumTest (test display,WithDisplay)" storage="c:\repos\nucleus\net.libs\framework\eliassen.system.tests\bin\release\net8.0\eliassen.system.tests.dll" id="38ea670b-dab3-e76c-4456-b085aea47bcf" xmlns="http://microsoft.com/schemas/VisualStudio/TeamTest/2010">
      <TestCategory>
        <TestCategoryItem TestCategory="Unit" />
      </TestCategory>
      <Execution id="d0c5011f-ecb6-4282-beae-6e8546307ad0" />
      <TestMethod codeBase="c:\Repos\Nucleus\Net.Libs\Framework\Eliassen.System.Tests\bin\Release\net8.0\Eliassen.System.Tests.dll" adapterTypeName="executor://mstestadapter/v2" className="Eliassen.System.Tests.Reflection.EnumExtensionsTests" name="ToEnumTest" />
    </UnitTest>
    <UnitTest name="ToEnumTest (name2,WithMemberName)" storage="c:\repos\nucleus\net.libs\framework\eliassen.system.tests\bin\release\net8.0\eliassen.system.tests.dll" id="67734c64-cae5-5135-54b5-70135f0338e3" xmlns="http://microsoft.com/schemas/VisualStudio/TeamTest/2010">
      <TestCategory>
        <TestCategoryItem TestCategory="Unit" />
      </TestCategory>
      <Execution id="37f54d30-67ce-45c2-b30d-6864f2968d34" />
      <TestMethod codeBase="c:\Repos\Nucleus\Net.Libs\Framework\Eliassen.System.Tests\bin\Release\net8.0\Eliassen.System.Tests.dll" adapterTypeName="executor://mstestadapter/v2" className="Eliassen.System.Tests.Reflection.EnumExtensionsTests" name="ToEnumTest" />
    </UnitTest>
    <UnitTest name="ToEnumTest (test display,WithDisplay)" storage="c:\repos\nucleus\net.libs\framework\eliassen.system.tests\bin\release\net8.0\eliassen.system.tests.dll" id="1e4ed14b-2ef0-3f9d-4f20-3ca8c8f7b464" xmlns="http://microsoft.com/schemas/VisualStudio/TeamTest/2010">
      <TestCategory>
        <TestCategoryItem TestCategory="Unit" />
      </TestCategory>
      <Execution id="7b276eb5-23ca-49a7-bd0c-2bbd03a60f34" />
      <TestMethod codeBase="c:\Repos\Nucleus\Net.Libs\Framework\Eliassen.System.Tests\bin\Release\net8.0\Eliassen.System.Tests.dll" adapterTypeName="executor://mstestadapter/v2" className="Eliassen.System.Tests.Reflection.EnumExtensionsTests" name="ToEnumTest" />
    </UnitTest>
    <UnitTest name="ToEnumTest (name2,WithMemberName)" storage="c:\repos\nucleus\net.libs\framework\eliassen.system.tests\bin\release\net8.0\eliassen.system.tests.dll" id="24774874-1df7-77de-7655-bbafea74832a" xmlns="http://microsoft.com/schemas/VisualStudio/TeamTest/2010">
      <TestCategory>
        <TestCategoryItem TestCategory="Unit" />
      </TestCategory>
      <Execution id="b98f6f8e-cb48-4e78-898d-e9cce2a0acdf" />
      <TestMethod codeBase="c:\Repos\Nucleus\Net.Libs\Framework\Eliassen.System.Tests\bin\Release\net8.0\Eliassen.System.Tests.dll" adapterTypeName="executor://mstestadapter/v2" className="Eliassen.System.Tests.Reflection.EnumExtensionsTests" name="ToEnumTest" />
    </UnitTest>
    <UnitTest name="ExecuteByTest_Sort (NAME,Descending,999,998,997,996,995,994,993,992,991,990)" storage="c:\repos\nucleus\net.libs\framework\eliassen.system.tests\bin\release\net8.0\eliassen.system.tests.dll" id="dbb46bd7-84ef-1bcc-6faf-71781bc1e5e4" xmlns="http://microsoft.com/schemas/VisualStudio/TeamTest/2010">
      <TestCategory>
        <TestCategoryItem TestCategory="Unit" />
      </TestCategory>
      <Execution id="777644e2-2bad-4e09-8110-a69a467714e3" />
      <TestMethod codeBase="c:\Repos\Nucleus\Net.Libs\Framework\Eliassen.System.Tests\bin\Release\net8.0\Eliassen.System.Tests.dll" adapterTypeName="executor://mstestadapter/v2" className="Eliassen.System.Tests.Linq.QueryableExtensionsTests" name="ExecuteByTest_Sort" />
    </UnitTest>
    <UnitTest name="ToEnumTest (Val2|Val1,Val1, Val2)" storage="c:\repos\nucleus\net.libs\framework\eliassen.system.tests\bin\release\net8.0\eliassen.system.tests.dll" id="f598f4b2-0d84-3c92-1941-6f70c8135fc3" xmlns="http://microsoft.com/schemas/VisualStudio/TeamTest/2010">
      <TestCategory>
        <TestCategoryItem TestCategory="Unit" />
      </TestCategory>
      <Execution id="7f53ade6-19a8-44de-b247-bba205aa7ab8" />
      <TestMethod codeBase="c:\Repos\Nucleus\Net.Libs\Framework\Eliassen.System.Tests\bin\Release\net8.0\Eliassen.System.Tests.dll" adapterTypeName="executor://mstestadapter/v2" className="Eliassen.System.Tests.Reflection.EnumExtensionsTests" name="ToEnumTest" />
    </UnitTest>
    <UnitTest name="ToEnumTest (Val2 ,Val1,Val1, Val2)" storage="c:\repos\nucleus\net.libs\framework\eliassen.system.tests\bin\release\net8.0\eliassen.system.tests.dll" id="42569814-6b98-2a32-42fe-9c7bdada1d9f" xmlns="http://microsoft.com/schemas/VisualStudio/TeamTest/2010">
      <TestCategory>
        <TestCategoryItem TestCategory="Unit" />
      </TestCategory>
      <Execution id="3868b830-d20d-4555-90ab-88771d7181f4" />
      <TestMethod codeBase="c:\Repos\Nucleus\Net.Libs\Framework\Eliassen.System.Tests\bin\Release\net8.0\Eliassen.System.Tests.dll" adapterTypeName="executor://mstestadapter/v2" className="Eliassen.System.Tests.Reflection.EnumExtensionsTests" name="ToEnumTest" />
    </UnitTest>
    <UnitTest name="ToEnumTest (test description,WithDescription)" storage="c:\repos\nucleus\net.libs\framework\eliassen.system.tests\bin\release\net8.0\eliassen.system.tests.dll" id="1b9e3bb4-64d4-a320-5b86-dba72457e6ef" xmlns="http://microsoft.com/schemas/VisualStudio/TeamTest/2010">
      <TestCategory>
        <TestCategoryItem TestCategory="Unit" />
      </TestCategory>
      <Execution id="3e45784f-8aa5-45ec-8e9d-e7dee9cbc6a7" />
      <TestMethod codeBase="c:\Repos\Nucleus\Net.Libs\Framework\Eliassen.System.Tests\bin\Release\net8.0\Eliassen.System.Tests.dll" adapterTypeName="executor://mstestadapter/v2" className="Eliassen.System.Tests.Reflection.EnumExtensionsTests" name="ToEnumTest" />
    </UnitTest>
    <UnitTest name="ToEnumTest (Val2,Val2)" storage="c:\repos\nucleus\net.libs\framework\eliassen.system.tests\bin\release\net8.0\eliassen.system.tests.dll" id="63948805-297b-3757-4e75-2314b4468263" xmlns="http://microsoft.com/schemas/VisualStudio/TeamTest/2010">
      <TestCategory>
        <TestCategoryItem TestCategory="Unit" />
      </TestCategory>
      <Execution id="bcc38f67-3fbf-48fe-8300-5845228e2539" />
      <TestMethod codeBase="c:\Repos\Nucleus\Net.Libs\Framework\Eliassen.System.Tests\bin\Release\net8.0\Eliassen.System.Tests.dll" adapterTypeName="executor://mstestadapter/v2" className="Eliassen.System.Tests.Reflection.EnumExtensionsTests" name="ToEnumTest" />
    </UnitTest>
    <UnitTest name="ToEnumTest (1,Val1)" storage="c:\repos\nucleus\net.libs\framework\eliassen.system.tests\bin\release\net8.0\eliassen.system.tests.dll" id="3db5564a-09b3-d658-c0e0-9f86c81bd8c6" xmlns="http://microsoft.com/schemas/VisualStudio/TeamTest/2010">
      <TestCategory>
        <TestCategoryItem TestCategory="Unit" />
      </TestCategory>
      <Execution id="098d335e-0285-4a1a-b011-05891c3ef236" />
      <TestMethod codeBase="c:\Repos\Nucleus\Net.Libs\Framework\Eliassen.System.Tests\bin\Release\net8.0\Eliassen.System.Tests.dll" adapterTypeName="executor://mstestadapter/v2" className="Eliassen.System.Tests.Reflection.EnumExtensionsTests" name="ToEnumTest" />
    </UnitTest>
    <UnitTest name="ExecuteByTest_Sort (Name,Descending,999,998,997,996,995,994,993,992,991,990)" storage="c:\repos\nucleus\net.libs\framework\eliassen.system.tests\bin\release\net8.0\eliassen.system.tests.dll" id="251289aa-a607-e006-c914-e09b39f52c99" xmlns="http://microsoft.com/schemas/VisualStudio/TeamTest/2010">
      <TestCategory>
        <TestCategoryItem TestCategory="Unit" />
      </TestCategory>
      <Execution id="b04ad560-229c-43df-8574-e282b0f10f3e" />
      <TestMethod codeBase="c:\Repos\Nucleus\Net.Libs\Framework\Eliassen.System.Tests\bin\Release\net8.0\Eliassen.System.Tests.dll" adapterTypeName="executor://mstestadapter/v2" className="Eliassen.System.Tests.Linq.QueryableExtensionsTests" name="ExecuteByTest_Sort" />
    </UnitTest>
    <UnitTest name="ToEnumTest (Val2 , Val1,Val1, Val2)" storage="c:\repos\nucleus\net.libs\framework\eliassen.system.tests\bin\release\net8.0\eliassen.system.tests.dll" id="33a234b4-5b0c-8ae4-c739-6e7b62145768" xmlns="http://microsoft.com/schemas/VisualStudio/TeamTest/2010">
      <TestCategory>
        <TestCategoryItem TestCategory="Unit" />
      </TestCategory>
      <Execution id="a0485825-cccf-47db-bae6-54d5845eb83d" />
      <TestMethod codeBase="c:\Repos\Nucleus\Net.Libs\Framework\Eliassen.System.Tests\bin\Release\net8.0\Eliassen.System.Tests.dll" adapterTypeName="executor://mstestadapter/v2" className="Eliassen.System.Tests.Reflection.EnumExtensionsTests" name="ToEnumTest" />
    </UnitTest>
    <UnitTest name="ExecuteByTest_Sort (name,Descending,999,998,997,996,995,994,993,992,991,990)" storage="c:\repos\nucleus\net.libs\framework\eliassen.system.tests\bin\release\net8.0\eliassen.system.tests.dll" id="40025f8c-33a3-86dc-40ea-c26da3d7c94a" xmlns="http://microsoft.com/schemas/VisualStudio/TeamTest/2010">
      <TestCategory>
        <TestCategoryItem TestCategory="Unit" />
      </TestCategory>
      <Execution id="da5b63e4-869a-4ae8-8631-489401670a49" />
      <TestMethod codeBase="c:\Repos\Nucleus\Net.Libs\Framework\Eliassen.System.Tests\bin\Release\net8.0\Eliassen.System.Tests.dll" adapterTypeName="executor://mstestadapter/v2" className="Eliassen.System.Tests.Linq.QueryableExtensionsTests" name="ExecuteByTest_Sort" />
    </UnitTest>
    <UnitTest name="ToEnumTest (2,Val2)" storage="c:\repos\nucleus\net.libs\framework\eliassen.system.tests\bin\release\net8.0\eliassen.system.tests.dll" id="23c81040-d5d6-0e65-6245-2fe212879616" xmlns="http://microsoft.com/schemas/VisualStudio/TeamTest/2010">
      <TestCategory>
        <TestCategoryItem TestCategory="Unit" />
      </TestCategory>
      <Execution id="56de7c87-b435-45ba-9fec-a5486a322ef9" />
      <TestMethod codeBase="c:\Repos\Nucleus\Net.Libs\Framework\Eliassen.System.Tests\bin\Release\net8.0\Eliassen.System.Tests.dll" adapterTypeName="executor://mstestadapter/v2" className="Eliassen.System.Tests.Reflection.EnumExtensionsTests" name="ToEnumTest" />
    </UnitTest>
    <UnitTest name="ToEnumTest (Val1,Val1)" storage="c:\repos\nucleus\net.libs\framework\eliassen.system.tests\bin\release\net8.0\eliassen.system.tests.dll" id="61e785a3-6dc7-7a65-ecf9-a0b14d187326" xmlns="http://microsoft.com/schemas/VisualStudio/TeamTest/2010">
      <TestCategory>
        <TestCategoryItem TestCategory="Unit" />
      </TestCategory>
      <Execution id="f846c275-908f-46a7-8c47-d4a6d177a0a0" />
      <TestMethod codeBase="c:\Repos\Nucleus\Net.Libs\Framework\Eliassen.System.Tests\bin\Release\net8.0\Eliassen.System.Tests.dll" adapterTypeName="executor://mstestadapter/v2" className="Eliassen.System.Tests.Reflection.EnumExtensionsTests" name="ToEnumTest" />
    </UnitTest>
    <UnitTest name="ExecuteByTest_Sort (Name,Ascending,0,1,10,100,101,102,103,104,105,106)" storage="c:\repos\nucleus\net.libs\framework\eliassen.system.tests\bin\release\net8.0\eliassen.system.tests.dll" id="513d11fc-67fa-6f75-0d1b-3a56ad265509" xmlns="http://microsoft.com/schemas/VisualStudio/TeamTest/2010">
      <TestCategory>
        <TestCategoryItem TestCategory="Unit" />
      </TestCategory>
      <Execution id="93049846-0e4c-40a7-acf7-ce6fc8503eed" />
      <TestMethod codeBase="c:\Repos\Nucleus\Net.Libs\Framework\Eliassen.System.Tests\bin\Release\net8.0\Eliassen.System.Tests.dll" adapterTypeName="executor://mstestadapter/v2" className="Eliassen.System.Tests.Linq.QueryableExtensionsTests" name="ExecuteByTest_Sort" />
    </UnitTest>
    <UnitTest name="ToEnumTest (name,WithEnumValue)" storage="c:\repos\nucleus\net.libs\framework\eliassen.system.tests\bin\release\net8.0\eliassen.system.tests.dll" id="26371a34-e095-ac3b-cdb6-58031708ffda" xmlns="http://microsoft.com/schemas/VisualStudio/TeamTest/2010">
      <TestCategory>
        <TestCategoryItem TestCategory="Unit" />
      </TestCategory>
      <Execution id="fe59102a-0ea6-4c96-ab22-101751c8704e" />
      <TestMethod codeBase="c:\Repos\Nucleus\Net.Libs\Framework\Eliassen.System.Tests\bin\Release\net8.0\Eliassen.System.Tests.dll" adapterTypeName="executor://mstestadapter/v2" className="Eliassen.System.Tests.Reflection.EnumExtensionsTests" name="ToEnumTest" />
    </UnitTest>
    <UnitTest name="ToEnumTest (0,Val0)" storage="c:\repos\nucleus\net.libs\framework\eliassen.system.tests\bin\release\net8.0\eliassen.system.tests.dll" id="10eeac77-be98-5314-e134-5e07fee4201b" xmlns="http://microsoft.com/schemas/VisualStudio/TeamTest/2010">
      <TestCategory>
        <TestCategoryItem TestCategory="Unit" />
      </TestCategory>
      <Execution id="490a9566-0239-4950-859a-3fbb47f0337b" />
      <TestMethod codeBase="c:\Repos\Nucleus\Net.Libs\Framework\Eliassen.System.Tests\bin\Release\net8.0\Eliassen.System.Tests.dll" adapterTypeName="executor://mstestadapter/v2" className="Eliassen.System.Tests.Reflection.EnumExtensionsTests" name="ToEnumTest" />
    </UnitTest>
    <UnitTest name="ToEnumTest (Val2,Val1,Val1, Val2)" storage="c:\repos\nucleus\net.libs\framework\eliassen.system.tests\bin\release\net8.0\eliassen.system.tests.dll" id="af3880ac-68f4-36b7-1968-58204ada5522" xmlns="http://microsoft.com/schemas/VisualStudio/TeamTest/2010">
      <TestCategory>
        <TestCategoryItem TestCategory="Unit" />
      </TestCategory>
      <Execution id="7f96ca09-f357-4a0e-b997-f3e15554c49f" />
      <TestMethod codeBase="c:\Repos\Nucleus\Net.Libs\Framework\Eliassen.System.Tests\bin\Release\net8.0\Eliassen.System.Tests.dll" adapterTypeName="executor://mstestadapter/v2" className="Eliassen.System.Tests.Reflection.EnumExtensionsTests" name="ToEnumTest" />
    </UnitTest>
    <UnitTest name="ToEnumTest (name,name2|test name,WithEnumValue, WithMemberName, WithDisplay)" storage="c:\repos\nucleus\net.libs\framework\eliassen.system.tests\bin\release\net8.0\eliassen.system.tests.dll" id="87efccdd-521d-8651-4344-aecbb535b39d" xmlns="http://microsoft.com/schemas/VisualStudio/TeamTest/2010">
      <TestCategory>
        <TestCategoryItem TestCategory="Unit" />
      </TestCategory>
      <Execution id="7b4a3668-9b31-4333-814b-dace85e2b147" />
      <TestMethod codeBase="c:\Repos\Nucleus\Net.Libs\Framework\Eliassen.System.Tests\bin\Release\net8.0\Eliassen.System.Tests.dll" adapterTypeName="executor://mstestadapter/v2" className="Eliassen.System.Tests.Reflection.EnumExtensionsTests" name="ToEnumTest" />
    </UnitTest>
    <UnitTest name="ToEnumTest (Val2, Val1,Val1, Val2)" storage="c:\repos\nucleus\net.libs\framework\eliassen.system.tests\bin\release\net8.0\eliassen.system.tests.dll" id="edb23b8d-5f7e-d2bb-ce76-f187b30ebb61" xmlns="http://microsoft.com/schemas/VisualStudio/TeamTest/2010">
      <TestCategory>
        <TestCategoryItem TestCategory="Unit" />
      </TestCategory>
      <Execution id="33e3c99f-ce66-428e-a5ee-f4029c8f7f90" />
      <TestMethod codeBase="c:\Repos\Nucleus\Net.Libs\Framework\Eliassen.System.Tests\bin\Release\net8.0\Eliassen.System.Tests.dll" adapterTypeName="executor://mstestadapter/v2" className="Eliassen.System.Tests.Reflection.EnumExtensionsTests" name="ToEnumTest" />
    </UnitTest>
    <UnitTest name="ToEnumTest (4,WithEnumValue)" storage="c:\repos\nucleus\net.libs\framework\eliassen.system.tests\bin\release\net8.0\eliassen.system.tests.dll" id="a5c8e016-d4ea-30ed-fbf3-890ea331078c" xmlns="http://microsoft.com/schemas/VisualStudio/TeamTest/2010">
      <TestCategory>
        <TestCategoryItem TestCategory="Unit" />
      </TestCategory>
      <Execution id="677b28b1-08af-4e47-a4a2-3dbbf0216084" />
      <TestMethod codeBase="c:\Repos\Nucleus\Net.Libs\Framework\Eliassen.System.Tests\bin\Release\net8.0\Eliassen.System.Tests.dll" adapterTypeName="executor://mstestadapter/v2" className="Eliassen.System.Tests.Reflection.EnumExtensionsTests" name="ToEnumTest" />
    </UnitTest>
    <UnitTest name="ToEnumTest (3,Val1, Val2)" storage="c:\repos\nucleus\net.libs\framework\eliassen.system.tests\bin\release\net8.0\eliassen.system.tests.dll" id="c3d96c67-b7eb-8271-8b2c-35176b8a900c" xmlns="http://microsoft.com/schemas/VisualStudio/TeamTest/2010">
      <TestCategory>
        <TestCategoryItem TestCategory="Unit" />
      </TestCategory>
      <Execution id="07afe965-009d-4726-b88b-21d8b8c445c2" />
      <TestMethod codeBase="c:\Repos\Nucleus\Net.Libs\Framework\Eliassen.System.Tests\bin\Release\net8.0\Eliassen.System.Tests.dll" adapterTypeName="executor://mstestadapter/v2" className="Eliassen.System.Tests.Reflection.EnumExtensionsTests" name="ToEnumTest" />
    </UnitTest>
    <UnitTest name="ToEnumTest (test short,WithDisplay)" storage="c:\repos\nucleus\net.libs\framework\eliassen.system.tests\bin\release\net8.0\eliassen.system.tests.dll" id="831e2631-9a37-4b0a-2e4e-453da32f04e1" xmlns="http://microsoft.com/schemas/VisualStudio/TeamTest/2010">
      <TestCategory>
        <TestCategoryItem TestCategory="Unit" />
      </TestCategory>
      <Execution id="378daa48-3111-4891-abee-660d6da9e12d" />
      <TestMethod codeBase="c:\Repos\Nucleus\Net.Libs\Framework\Eliassen.System.Tests\bin\Release\net8.0\Eliassen.System.Tests.dll" adapterTypeName="executor://mstestadapter/v2" className="Eliassen.System.Tests.Reflection.EnumExtensionsTests" name="ToEnumTest" />
    </UnitTest>
    <UnitTest name="ToEnumTest (-1,-1)" storage="c:\repos\nucleus\net.libs\framework\eliassen.system.tests\bin\release\net8.0\eliassen.system.tests.dll" id="4ce80adc-85b2-94de-76f3-cc28367202bc" xmlns="http://microsoft.com/schemas/VisualStudio/TeamTest/2010">
      <TestCategory>
        <TestCategoryItem TestCategory="Unit" />
      </TestCategory>
      <Execution id="43943c71-7c92-433b-80c5-8e1007f4383f" />
      <TestMethod codeBase="c:\Repos\Nucleus\Net.Libs\Framework\Eliassen.System.Tests\bin\Release\net8.0\Eliassen.System.Tests.dll" adapterTypeName="executor://mstestadapter/v2" className="Eliassen.System.Tests.Reflection.EnumExtensionsTests" name="ToEnumTest" />
    </UnitTest>
    <UnitTest name="ToEnumTest (test name,WithDisplay)" storage="c:\repos\nucleus\net.libs\framework\eliassen.system.tests\bin\release\net8.0\eliassen.system.tests.dll" id="f20600a2-9628-5de8-bbf6-315f97e16140" xmlns="http://microsoft.com/schemas/VisualStudio/TeamTest/2010">
      <TestCategory>
        <TestCategoryItem TestCategory="Unit" />
      </TestCategory>
      <Execution id="60b370f2-2338-42e6-8396-c30a1ee5c53a" />
      <TestMethod codeBase="c:\Repos\Nucleus\Net.Libs\Framework\Eliassen.System.Tests\bin\Release\net8.0\Eliassen.System.Tests.dll" adapterTypeName="executor://mstestadapter/v2" className="Eliassen.System.Tests.Reflection.EnumExtensionsTests" name="ToEnumTest" />
    </UnitTest>
    <UnitTest name="ToEnumTest (Val2,Val1,Val1, Val2)" storage="c:\repos\nucleus\net.libs\framework\eliassen.system.tests\bin\release\net8.0\eliassen.system.tests.dll" id="cafd6058-6aab-9d1f-69ad-4c9f56040de6" xmlns="http://microsoft.com/schemas/VisualStudio/TeamTest/2010">
      <TestCategory>
        <TestCategoryItem TestCategory="Unit" />
      </TestCategory>
      <Execution id="5af1b04b-35fe-47c9-9938-43d2648055a7" />
      <TestMethod codeBase="c:\Repos\Nucleus\Net.Libs\Framework\Eliassen.System.Tests\bin\Release\net8.0\Eliassen.System.Tests.dll" adapterTypeName="executor://mstestadapter/v2" className="Eliassen.System.Tests.Reflection.EnumExtensionsTests" name="ToEnumTest" />
    </UnitTest>
    <UnitTest name="ToEnumTest (Val2,Val2)" storage="c:\repos\nucleus\net.libs\framework\eliassen.system.tests\bin\release\net8.0\eliassen.system.tests.dll" id="2e0c9851-0485-aa3c-d24f-7fccd80074f4" xmlns="http://microsoft.com/schemas/VisualStudio/TeamTest/2010">
      <TestCategory>
        <TestCategoryItem TestCategory="Unit" />
      </TestCategory>
      <Execution id="a8a50ed7-efd8-443c-9e29-24d2caac2081" />
      <TestMethod codeBase="c:\Repos\Nucleus\Net.Libs\Framework\Eliassen.System.Tests\bin\Release\net8.0\Eliassen.System.Tests.dll" adapterTypeName="executor://mstestadapter/v2" className="Eliassen.System.Tests.Reflection.EnumExtensionsTests" name="ToEnumTest" />
    </UnitTest>
    <UnitTest name="ExecuteByTest_Sort (Name,Ascending,0,1,10,100,101,102,103,104,105,106)" storage="c:\repos\nucleus\net.libs\framework\eliassen.system.tests\bin\release\net8.0\eliassen.system.tests.dll" id="4bf38066-0bb2-757e-8a8e-3db6781b25d2" xmlns="http://microsoft.com/schemas/VisualStudio/TeamTest/2010">
      <TestCategory>
        <TestCategoryItem TestCategory="Unit" />
      </TestCategory>
      <Execution id="287d2aa0-5656-4896-9784-20b5e978a9b2" />
      <TestMethod codeBase="c:\Repos\Nucleus\Net.Libs\Framework\Eliassen.System.Tests\bin\Release\net8.0\Eliassen.System.Tests.dll" adapterTypeName="executor://mstestadapter/v2" className="Eliassen.System.Tests.Linq.QueryableExtensionsTests" name="ExecuteByTest_Sort" />
    </UnitTest>
    <UnitTest name="ToEnumTest (name2,WithMemberName)" storage="c:\repos\nucleus\net.libs\framework\eliassen.system.tests\bin\release\net8.0\eliassen.system.tests.dll" id="0f7e3e16-777a-5558-36e8-70ed511d8dc2" xmlns="http://microsoft.com/schemas/VisualStudio/TeamTest/2010">
      <TestCategory>
        <TestCategoryItem TestCategory="Unit" />
      </TestCategory>
      <Execution id="3fefcdcb-7f67-42a8-8dae-9f0b0986694b" />
      <TestMethod codeBase="c:\Repos\Nucleus\Net.Libs\Framework\Eliassen.System.Tests\bin\Release\net8.0\Eliassen.System.Tests.dll" adapterTypeName="executor://mstestadapter/v2" className="Eliassen.System.Tests.Reflection.EnumExtensionsTests" name="ToEnumTest" />
    </UnitTest>
    <UnitTest name="ToEnumTest (3,Val1, Val2)" storage="c:\repos\nucleus\net.libs\framework\eliassen.system.tests\bin\release\net8.0\eliassen.system.tests.dll" id="2b082eef-4fa9-3b0c-8d19-b1f036cc7147" xmlns="http://microsoft.com/schemas/VisualStudio/TeamTest/2010">
      <TestCategory>
        <TestCategoryItem TestCategory="Unit" />
      </TestCategory>
      <Execution id="2ff51e66-075d-4c06-ba9a-c3a71b177b7f" />
      <TestMethod codeBase="c:\Repos\Nucleus\Net.Libs\Framework\Eliassen.System.Tests\bin\Release\net8.0\Eliassen.System.Tests.dll" adapterTypeName="executor://mstestadapter/v2" className="Eliassen.System.Tests.Reflection.EnumExtensionsTests" name="ToEnumTest" />
    </UnitTest>
    <UnitTest name="ToEnumTest (Val2 , Val1,Val1, Val2)" storage="c:\repos\nucleus\net.libs\framework\eliassen.system.tests\bin\release\net8.0\eliassen.system.tests.dll" id="38e9a0c7-b39d-0746-cc04-b6b9aa4e3b7c" xmlns="http://microsoft.com/schemas/VisualStudio/TeamTest/2010">
      <TestCategory>
        <TestCategoryItem TestCategory="Unit" />
      </TestCategory>
      <Execution id="648d670a-358e-4778-98dd-39417ed22f2b" />
      <TestMethod codeBase="c:\Repos\Nucleus\Net.Libs\Framework\Eliassen.System.Tests\bin\Release\net8.0\Eliassen.System.Tests.dll" adapterTypeName="executor://mstestadapter/v2" className="Eliassen.System.Tests.Reflection.EnumExtensionsTests" name="ToEnumTest" />
    </UnitTest>
    <UnitTest name="ToEnumTest (test description,WithDescription)" storage="c:\repos\nucleus\net.libs\framework\eliassen.system.tests\bin\release\net8.0\eliassen.system.tests.dll" id="f78a8ff3-c0d0-976a-acb4-40a970430b93" xmlns="http://microsoft.com/schemas/VisualStudio/TeamTest/2010">
      <TestCategory>
        <TestCategoryItem TestCategory="Unit" />
      </TestCategory>
      <Execution id="4a59e6c9-f402-46bd-b724-6944832289f7" />
      <TestMethod codeBase="c:\Repos\Nucleus\Net.Libs\Framework\Eliassen.System.Tests\bin\Release\net8.0\Eliassen.System.Tests.dll" adapterTypeName="executor://mstestadapter/v2" className="Eliassen.System.Tests.Reflection.EnumExtensionsTests" name="ToEnumTest" />
    </UnitTest>
    <UnitTest name="ToEnumTest (Val2, Val1,Val1, Val2)" storage="c:\repos\nucleus\net.libs\framework\eliassen.system.tests\bin\release\net8.0\eliassen.system.tests.dll" id="a68de2ae-2056-64c2-a1d0-a4ade981516a" xmlns="http://microsoft.com/schemas/VisualStudio/TeamTest/2010">
      <TestCategory>
        <TestCategoryItem TestCategory="Unit" />
      </TestCategory>
      <Execution id="61d12989-822b-4d73-be78-422486850299" />
      <TestMethod codeBase="c:\Repos\Nucleus\Net.Libs\Framework\Eliassen.System.Tests\bin\Release\net8.0\Eliassen.System.Tests.dll" adapterTypeName="executor://mstestadapter/v2" className="Eliassen.System.Tests.Reflection.EnumExtensionsTests" name="ToEnumTest" />
    </UnitTest>
    <UnitTest name="ToEnumTest (name,WithEnumValue)" storage="c:\repos\nucleus\net.libs\framework\eliassen.system.tests\bin\release\net8.0\eliassen.system.tests.dll" id="84a71d2d-ba2d-93f8-5034-8f6c197225a9" xmlns="http://microsoft.com/schemas/VisualStudio/TeamTest/2010">
      <TestCategory>
        <TestCategoryItem TestCategory="Unit" />
      </TestCategory>
      <Execution id="e9f8bb44-a802-4273-90be-68f60cc17dff" />
      <TestMethod codeBase="c:\Repos\Nucleus\Net.Libs\Framework\Eliassen.System.Tests\bin\Release\net8.0\Eliassen.System.Tests.dll" adapterTypeName="executor://mstestadapter/v2" className="Eliassen.System.Tests.Reflection.EnumExtensionsTests" name="ToEnumTest" />
    </UnitTest>
    <UnitTest name="ToEnumTest (2,Val2)" storage="c:\repos\nucleus\net.libs\framework\eliassen.system.tests\bin\release\net8.0\eliassen.system.tests.dll" id="207e4065-88b5-ba27-1f76-4d0f0a098cde" xmlns="http://microsoft.com/schemas/VisualStudio/TeamTest/2010">
      <TestCategory>
        <TestCategoryItem TestCategory="Unit" />
      </TestCategory>
      <Execution id="803aae46-c639-4eae-9660-5080d08fc69a" />
      <TestMethod codeBase="c:\Repos\Nucleus\Net.Libs\Framework\Eliassen.System.Tests\bin\Release\net8.0\Eliassen.System.Tests.dll" adapterTypeName="executor://mstestadapter/v2" className="Eliassen.System.Tests.Reflection.EnumExtensionsTests" name="ToEnumTest" />
    </UnitTest>
    <UnitTest name="ExecuteByTest_Sort (NAME,Descending,999,998,997,996,995,994,993,992,991,990)" storage="c:\repos\nucleus\net.libs\framework\eliassen.system.tests\bin\release\net8.0\eliassen.system.tests.dll" id="97a142d5-b0a9-d9bf-03a6-736e4df75106" xmlns="http://microsoft.com/schemas/VisualStudio/TeamTest/2010">
      <TestCategory>
        <TestCategoryItem TestCategory="Unit" />
      </TestCategory>
      <Execution id="96ad9532-f80d-4940-89f7-ae4df20af570" />
      <TestMethod codeBase="c:\Repos\Nucleus\Net.Libs\Framework\Eliassen.System.Tests\bin\Release\net8.0\Eliassen.System.Tests.dll" adapterTypeName="executor://mstestadapter/v2" className="Eliassen.System.Tests.Linq.QueryableExtensionsTests" name="ExecuteByTest_Sort" />
    </UnitTest>
    <UnitTest name="ExecuteByTest_Sort (name,Descending,999,998,997,996,995,994,993,992,991,990)" storage="c:\repos\nucleus\net.libs\framework\eliassen.system.tests\bin\release\net8.0\eliassen.system.tests.dll" id="250659bd-c780-75f8-425e-56948f547d27" xmlns="http://microsoft.com/schemas/VisualStudio/TeamTest/2010">
      <TestCategory>
        <TestCategoryItem TestCategory="Unit" />
      </TestCategory>
      <Execution id="1dc7910b-5c6c-4dca-b8ff-a6e531b7b6a4" />
      <TestMethod codeBase="c:\Repos\Nucleus\Net.Libs\Framework\Eliassen.System.Tests\bin\Release\net8.0\Eliassen.System.Tests.dll" adapterTypeName="executor://mstestadapter/v2" className="Eliassen.System.Tests.Linq.QueryableExtensionsTests" name="ExecuteByTest_Sort" />
    </UnitTest>
    <UnitTest name="ToEnumTest (Val2|Val1,Val1, Val2)" storage="c:\repos\nucleus\net.libs\framework\eliassen.system.tests\bin\release\net8.0\eliassen.system.tests.dll" id="0b8f627b-a1c8-6277-6090-2fc13b4051a9" xmlns="http://microsoft.com/schemas/VisualStudio/TeamTest/2010">
      <TestCategory>
        <TestCategoryItem TestCategory="Unit" />
      </TestCategory>
      <Execution id="933992f1-ce09-4c4c-8123-bf2d9c638117" />
      <TestMethod codeBase="c:\Repos\Nucleus\Net.Libs\Framework\Eliassen.System.Tests\bin\Release\net8.0\Eliassen.System.Tests.dll" adapterTypeName="executor://mstestadapter/v2" className="Eliassen.System.Tests.Reflection.EnumExtensionsTests" name="ToEnumTest" />
    </UnitTest>
    <UnitTest name="ToEnumTest (0,Val0)" storage="c:\repos\nucleus\net.libs\framework\eliassen.system.tests\bin\release\net8.0\eliassen.system.tests.dll" id="2ae6c352-791a-5a0c-8cef-9e8ca7a29354" xmlns="http://microsoft.com/schemas/VisualStudio/TeamTest/2010">
      <TestCategory>
        <TestCategoryItem TestCategory="Unit" />
      </TestCategory>
      <Execution id="9b7d69c5-7891-42d7-a031-f82e37fca1c0" />
      <TestMethod codeBase="c:\Repos\Nucleus\Net.Libs\Framework\Eliassen.System.Tests\bin\Release\net8.0\Eliassen.System.Tests.dll" adapterTypeName="executor://mstestadapter/v2" className="Eliassen.System.Tests.Reflection.EnumExtensionsTests" name="ToEnumTest" />
    </UnitTest>
    <UnitTest name="ToEnumTest (Val1,Val1)" storage="c:\repos\nucleus\net.libs\framework\eliassen.system.tests\bin\release\net8.0\eliassen.system.tests.dll" id="8e643e26-fbd5-ae99-4a9a-d26e4648cd65" xmlns="http://microsoft.com/schemas/VisualStudio/TeamTest/2010">
      <TestCategory>
        <TestCategoryItem TestCategory="Unit" />
      </TestCategory>
      <Execution id="4a867966-5e3a-4980-a46c-5e36802547ad" />
      <TestMethod codeBase="c:\Repos\Nucleus\Net.Libs\Framework\Eliassen.System.Tests\bin\Release\net8.0\Eliassen.System.Tests.dll" adapterTypeName="executor://mstestadapter/v2" className="Eliassen.System.Tests.Reflection.EnumExtensionsTests" name="ToEnumTest" />
    </UnitTest>
    <UnitTest name="ToEnumTest (test name,WithDisplay)" storage="c:\repos\nucleus\net.libs\framework\eliassen.system.tests\bin\release\net8.0\eliassen.system.tests.dll" id="ce6510cf-36c8-726a-19a1-61fee8813205" xmlns="http://microsoft.com/schemas/VisualStudio/TeamTest/2010">
      <TestCategory>
        <TestCategoryItem TestCategory="Unit" />
      </TestCategory>
      <Execution id="b8f41861-5f9c-486b-9950-2739bac90da8" />
      <TestMethod codeBase="c:\Repos\Nucleus\Net.Libs\Framework\Eliassen.System.Tests\bin\Release\net8.0\Eliassen.System.Tests.dll" adapterTypeName="executor://mstestadapter/v2" className="Eliassen.System.Tests.Reflection.EnumExtensionsTests" name="ToEnumTest" />
    </UnitTest>
    <UnitTest name="ExecuteByTest_Sort (Name,Descending,999,998,997,996,995,994,993,992,991,990)" storage="c:\repos\nucleus\net.libs\framework\eliassen.system.tests\bin\release\net8.0\eliassen.system.tests.dll" id="ddf9cd7e-758c-d704-01a7-8f705631b98b" xmlns="http://microsoft.com/schemas/VisualStudio/TeamTest/2010">
      <TestCategory>
        <TestCategoryItem TestCategory="Unit" />
      </TestCategory>
      <Execution id="22ce8182-626b-4f87-b1f5-87f796895296" />
      <TestMethod codeBase="c:\Repos\Nucleus\Net.Libs\Framework\Eliassen.System.Tests\bin\Release\net8.0\Eliassen.System.Tests.dll" adapterTypeName="executor://mstestadapter/v2" className="Eliassen.System.Tests.Linq.QueryableExtensionsTests" name="ExecuteByTest_Sort" />
    </UnitTest>
    <UnitTest name="ToEnumTest (Val2 ,Val1,Val1, Val2)" storage="c:\repos\nucleus\net.libs\framework\eliassen.system.tests\bin\release\net8.0\eliassen.system.tests.dll" id="d30c3925-6041-dd0b-2a02-37144f03e811" xmlns="http://microsoft.com/schemas/VisualStudio/TeamTest/2010">
      <TestCategory>
        <TestCategoryItem TestCategory="Unit" />
      </TestCategory>
      <Execution id="5602ea70-adac-4e47-9a02-9404861e8abc" />
      <TestMethod codeBase="c:\Repos\Nucleus\Net.Libs\Framework\Eliassen.System.Tests\bin\Release\net8.0\Eliassen.System.Tests.dll" adapterTypeName="executor://mstestadapter/v2" className="Eliassen.System.Tests.Reflection.EnumExtensionsTests" name="ToEnumTest" />
    </UnitTest>
    <UnitTest name="ToEnumTest (1,Val1)" storage="c:\repos\nucleus\net.libs\framework\eliassen.system.tests\bin\release\net8.0\eliassen.system.tests.dll" id="d5c2d09d-d5bb-c30c-e877-f0810b3cd681" xmlns="http://microsoft.com/schemas/VisualStudio/TeamTest/2010">
      <TestCategory>
        <TestCategoryItem TestCategory="Unit" />
      </TestCategory>
      <Execution id="13bc0757-e442-409b-b135-3c7718235c01" />
      <TestMethod codeBase="c:\Repos\Nucleus\Net.Libs\Framework\Eliassen.System.Tests\bin\Release\net8.0\Eliassen.System.Tests.dll" adapterTypeName="executor://mstestadapter/v2" className="Eliassen.System.Tests.Reflection.EnumExtensionsTests" name="ToEnumTest" />
    </UnitTest>
    <UnitTest name="ToEnumTest (test short,WithDisplay)" storage="c:\repos\nucleus\net.libs\framework\eliassen.system.tests\bin\release\net8.0\eliassen.system.tests.dll" id="8667c664-2408-3d94-53dd-862b8bb2405a" xmlns="http://microsoft.com/schemas/VisualStudio/TeamTest/2010">
      <TestCategory>
        <TestCategoryItem TestCategory="Unit" />
      </TestCategory>
      <Execution id="ad59a171-928f-4423-8ac4-7a6dc695e6d3" />
      <TestMethod codeBase="c:\Repos\Nucleus\Net.Libs\Framework\Eliassen.System.Tests\bin\Release\net8.0\Eliassen.System.Tests.dll" adapterTypeName="executor://mstestadapter/v2" className="Eliassen.System.Tests.Reflection.EnumExtensionsTests" name="ToEnumTest" />
    </UnitTest>
    <UnitTest name="ToEnumTest (4,WithEnumValue)" storage="c:\repos\nucleus\net.libs\framework\eliassen.system.tests\bin\release\net8.0\eliassen.system.tests.dll" id="fb3ba795-c081-9f7b-3da5-2154832c187c" xmlns="http://microsoft.com/schemas/VisualStudio/TeamTest/2010">
      <TestCategory>
        <TestCategoryItem TestCategory="Unit" />
      </TestCategory>
      <Execution id="1b22c3e8-aa12-4b10-ba9a-33d585b0455c" />
      <TestMethod codeBase="c:\Repos\Nucleus\Net.Libs\Framework\Eliassen.System.Tests\bin\Release\net8.0\Eliassen.System.Tests.dll" adapterTypeName="executor://mstestadapter/v2" className="Eliassen.System.Tests.Reflection.EnumExtensionsTests" name="ToEnumTest" />
    </UnitTest>
    <UnitTest name="ToEnumTest (test display,WithDisplay)" storage="c:\repos\nucleus\net.libs\framework\eliassen.system.tests\bin\release\net8.0\eliassen.system.tests.dll" id="52185704-5d0e-e5db-ccdd-e6d884289597" xmlns="http://microsoft.com/schemas/VisualStudio/TeamTest/2010">
      <TestCategory>
        <TestCategoryItem TestCategory="Unit" />
      </TestCategory>
      <Execution id="c6312b2b-e314-4cbf-bde2-76b7d8b173c9" />
      <TestMethod codeBase="c:\Repos\Nucleus\Net.Libs\Framework\Eliassen.System.Tests\bin\Release\net8.0\Eliassen.System.Tests.dll" adapterTypeName="executor://mstestadapter/v2" className="Eliassen.System.Tests.Reflection.EnumExtensionsTests" name="ToEnumTest" />
    </UnitTest>
    <UnitTest name="ToEnumTest (name,name2|test name,WithEnumValue, WithMemberName, WithDisplay)" storage="c:\repos\nucleus\net.libs\framework\eliassen.system.tests\bin\release\net8.0\eliassen.system.tests.dll" id="53f92a56-f656-cd19-3414-6dec87fc1460" xmlns="http://microsoft.com/schemas/VisualStudio/TeamTest/2010">
      <TestCategory>
        <TestCategoryItem TestCategory="Unit" />
      </TestCategory>
      <Execution id="8bf27327-7b60-40e4-a7b7-4d8010e6088b" />
      <TestMethod codeBase="c:\Repos\Nucleus\Net.Libs\Framework\Eliassen.System.Tests\bin\Release\net8.0\Eliassen.System.Tests.dll" adapterTypeName="executor://mstestadapter/v2" className="Eliassen.System.Tests.Reflection.EnumExtensionsTests" name="ToEnumTest" />
    </UnitTest>
    <UnitTest name="ToEnumTest (-1,-1)" storage="c:\repos\nucleus\net.libs\framework\eliassen.system.tests\bin\release\net8.0\eliassen.system.tests.dll" id="fffaa604-a2bf-cb56-46c0-a54e3c2e5b71" xmlns="http://microsoft.com/schemas/VisualStudio/TeamTest/2010">
      <TestCategory>
        <TestCategoryItem TestCategory="Unit" />
      </TestCategory>
      <Execution id="2ce38243-8c89-44eb-a508-334f5a276f2d" />
      <TestMethod codeBase="c:\Repos\Nucleus\Net.Libs\Framework\Eliassen.System.Tests\bin\Release\net8.0\Eliassen.System.Tests.dll" adapterTypeName="executor://mstestadapter/v2" className="Eliassen.System.Tests.Reflection.EnumExtensionsTests" name="ToEnumTest" />
    </UnitTest>
    <UnitTest name="GetHash (hello world,XrY7u+Ae7tCTyyK7j1rNww==)" storage="c:\repos\nucleus\net.libs\framework\eliassen.system.tests\bin\release\net8.0\eliassen.system.tests.dll" id="29e073f8-c889-a619-68be-0fbabe313523" xmlns="http://microsoft.com/schemas/VisualStudio/TeamTest/2010">
      <TestCategory>
        <TestCategoryItem TestCategory="Unit" />
      </TestCategory>
      <Execution id="083fdc16-0434-4d01-90ca-17241ee3da53" />
      <TestMethod codeBase="c:\Repos\Nucleus\Net.Libs\Framework\Eliassen.System.Tests\bin\Release\net8.0\Eliassen.System.Tests.dll" adapterTypeName="executor://mstestadapter/v2" className="Eliassen.System.Tests.Security.Cryptography.HashTests" name="GetHash" />
    </UnitTest>
    <UnitTest name="GetHash (Hello World!,7Qdih1MuhjZehB6Sv8UNjA==)" storage="c:\repos\nucleus\net.libs\framework\eliassen.system.tests\bin\release\net8.0\eliassen.system.tests.dll" id="0f3b8649-3271-0a42-8cb6-7536e5c6b6c7" xmlns="http://microsoft.com/schemas/VisualStudio/TeamTest/2010">
      <TestCategory>
        <TestCategoryItem TestCategory="Unit" />
      </TestCategory>
      <Execution id="3d979543-bfd5-46ef-b437-e0a6b836abf5" />
      <TestMethod codeBase="c:\Repos\Nucleus\Net.Libs\Framework\Eliassen.System.Tests\bin\Release\net8.0\Eliassen.System.Tests.dll" adapterTypeName="executor://mstestadapter/v2" className="Eliassen.System.Tests.Security.Cryptography.HashTests" name="GetHash" />
    </UnitTest>
    <UnitTest name="ToEnumTest (Val2,Val2)" storage="c:\repos\nucleus\net.libs\framework\eliassen.system.tests\bin\release\net8.0\eliassen.system.tests.dll" id="0783fcf2-6259-18a6-4548-3ee3e685104b" xmlns="http://microsoft.com/schemas/VisualStudio/TeamTest/2010">
      <TestCategory>
        <TestCategoryItem TestCategory="Unit" />
      </TestCategory>
      <Execution id="b1aa69e9-bfb4-4167-a7be-51ba1ca43114" />
      <TestMethod codeBase="c:\Repos\Nucleus\Net.Libs\Framework\Eliassen.System.Tests\bin\Release\net8.0\Eliassen.System.Tests.dll" adapterTypeName="executor://mstestadapter/v2" className="Eliassen.System.Tests.Reflection.EnumExtensionsTests" name="ToEnumTest" />
    </UnitTest>
    <UnitTest name="ToEnumTest (test description,WithDescription)" storage="c:\repos\nucleus\net.libs\framework\eliassen.system.tests\bin\release\net8.0\eliassen.system.tests.dll" id="f4cf2bc5-5581-a176-969e-675ebb01aeb7" xmlns="http://microsoft.com/schemas/VisualStudio/TeamTest/2010">
      <TestCategory>
        <TestCategoryItem TestCategory="Unit" />
      </TestCategory>
      <Execution id="6b2a109b-8c7f-4bfe-bbfc-878ffe0ba5f7" />
      <TestMethod codeBase="c:\Repos\Nucleus\Net.Libs\Framework\Eliassen.System.Tests\bin\Release\net8.0\Eliassen.System.Tests.dll" adapterTypeName="executor://mstestadapter/v2" className="Eliassen.System.Tests.Reflection.EnumExtensionsTests" name="ToEnumTest" />
    </UnitTest>
    <UnitTest name="ToEnumTest (Val2|Val1,Val1, Val2)" storage="c:\repos\nucleus\net.libs\framework\eliassen.system.tests\bin\release\net8.0\eliassen.system.tests.dll" id="2987ca95-4d23-bd98-8619-20a1f1f849ce" xmlns="http://microsoft.com/schemas/VisualStudio/TeamTest/2010">
      <TestCategory>
        <TestCategoryItem TestCategory="Unit" />
      </TestCategory>
      <Execution id="f4211e6a-6d7a-443b-a5b7-88e787623a2a" />
      <TestMethod codeBase="c:\Repos\Nucleus\Net.Libs\Framework\Eliassen.System.Tests\bin\Release\net8.0\Eliassen.System.Tests.dll" adapterTypeName="executor://mstestadapter/v2" className="Eliassen.System.Tests.Reflection.EnumExtensionsTests" name="ToEnumTest" />
    </UnitTest>
    <UnitTest name="ExecuteByTest_Sort (NAME,Descending,999,998,997,996,995,994,993,992,991,990)" storage="c:\repos\nucleus\net.libs\framework\eliassen.system.tests\bin\release\net8.0\eliassen.system.tests.dll" id="7634c0a5-d5d8-ae19-0f45-9f0c0c3f4e32" xmlns="http://microsoft.com/schemas/VisualStudio/TeamTest/2010">
      <TestCategory>
        <TestCategoryItem TestCategory="Unit" />
      </TestCategory>
      <Execution id="16988848-6550-4ff4-89c5-b914326a9bcd" />
      <TestMethod codeBase="c:\Repos\Nucleus\Net.Libs\Framework\Eliassen.System.Tests\bin\Release\net8.0\Eliassen.System.Tests.dll" adapterTypeName="executor://mstestadapter/v2" className="Eliassen.System.Tests.Linq.QueryableExtensionsTests" name="ExecuteByTest_Sort" />
    </UnitTest>
    <UnitTest name="ToEnumTest (test name,WithDisplay)" storage="c:\repos\nucleus\net.libs\framework\eliassen.system.tests\bin\release\net8.0\eliassen.system.tests.dll" id="6acd0700-45fd-3a58-a98b-e73e695d3cb6" xmlns="http://microsoft.com/schemas/VisualStudio/TeamTest/2010">
      <TestCategory>
        <TestCategoryItem TestCategory="Unit" />
      </TestCategory>
      <Execution id="28cf8514-fb44-407c-8b26-5c436412a5e0" />
      <TestMethod codeBase="c:\Repos\Nucleus\Net.Libs\Framework\Eliassen.System.Tests\bin\Release\net8.0\Eliassen.System.Tests.dll" adapterTypeName="executor://mstestadapter/v2" className="Eliassen.System.Tests.Reflection.EnumExtensionsTests" name="ToEnumTest" />
    </UnitTest>
    <UnitTest name="ToEnumTest (Val2,Val1,Val1, Val2)" storage="c:\repos\nucleus\net.libs\framework\eliassen.system.tests\bin\release\net8.0\eliassen.system.tests.dll" id="a0c29914-2fac-1ccd-4f27-21bcc9ae1a84" xmlns="http://microsoft.com/schemas/VisualStudio/TeamTest/2010">
      <TestCategory>
        <TestCategoryItem TestCategory="Unit" />
      </TestCategory>
      <Execution id="c6774a62-9739-4067-b7bf-8ca0018cc10d" />
      <TestMethod codeBase="c:\Repos\Nucleus\Net.Libs\Framework\Eliassen.System.Tests\bin\Release\net8.0\Eliassen.System.Tests.dll" adapterTypeName="executor://mstestadapter/v2" className="Eliassen.System.Tests.Reflection.EnumExtensionsTests" name="ToEnumTest" />
    </UnitTest>
    <UnitTest name="ExecuteByTest_Sort (name,Descending,999,998,997,996,995,994,993,992,991,990)" storage="c:\repos\nucleus\net.libs\framework\eliassen.system.tests\bin\release\net8.0\eliassen.system.tests.dll" id="8338d02b-d210-c931-4723-375c66eef863" xmlns="http://microsoft.com/schemas/VisualStudio/TeamTest/2010">
      <TestCategory>
        <TestCategoryItem TestCategory="Unit" />
      </TestCategory>
      <Execution id="daf26b87-767e-4a45-9354-9f39fd515157" />
      <TestMethod codeBase="c:\Repos\Nucleus\Net.Libs\Framework\Eliassen.System.Tests\bin\Release\net8.0\Eliassen.System.Tests.dll" adapterTypeName="executor://mstestadapter/v2" className="Eliassen.System.Tests.Linq.QueryableExtensionsTests" name="ExecuteByTest_Sort" />
    </UnitTest>
    <UnitTest name="ToEnumTest (4,WithEnumValue)" storage="c:\repos\nucleus\net.libs\framework\eliassen.system.tests\bin\release\net8.0\eliassen.system.tests.dll" id="1d97f529-259a-f217-942c-8e2e6578735c" xmlns="http://microsoft.com/schemas/VisualStudio/TeamTest/2010">
      <TestCategory>
        <TestCategoryItem TestCategory="Unit" />
      </TestCategory>
      <Execution id="e56eb737-d591-42fb-b370-5f6b22ac0614" />
      <TestMethod codeBase="c:\Repos\Nucleus\Net.Libs\Framework\Eliassen.System.Tests\bin\Release\net8.0\Eliassen.System.Tests.dll" adapterTypeName="executor://mstestadapter/v2" className="Eliassen.System.Tests.Reflection.EnumExtensionsTests" name="ToEnumTest" />
    </UnitTest>
    <UnitTest name="ToEnumTest (test display,WithDisplay)" storage="c:\repos\nucleus\net.libs\framework\eliassen.system.tests\bin\release\net8.0\eliassen.system.tests.dll" id="c3266cf0-adcb-0581-8c52-a350b87b4664" xmlns="http://microsoft.com/schemas/VisualStudio/TeamTest/2010">
      <TestCategory>
        <TestCategoryItem TestCategory="Unit" />
      </TestCategory>
      <Execution id="84674fc9-47e7-493f-a787-f68e97139cd0" />
      <TestMethod codeBase="c:\Repos\Nucleus\Net.Libs\Framework\Eliassen.System.Tests\bin\Release\net8.0\Eliassen.System.Tests.dll" adapterTypeName="executor://mstestadapter/v2" className="Eliassen.System.Tests.Reflection.EnumExtensionsTests" name="ToEnumTest" />
    </UnitTest>
    <UnitTest name="ToEnumTest (Val1,Val1)" storage="c:\repos\nucleus\net.libs\framework\eliassen.system.tests\bin\release\net8.0\eliassen.system.tests.dll" id="219547ac-d953-99f8-2edf-0911d57e52dd" xmlns="http://microsoft.com/schemas/VisualStudio/TeamTest/2010">
      <TestCategory>
        <TestCategoryItem TestCategory="Unit" />
      </TestCategory>
      <Execution id="5d3a8fc4-58b0-4108-87f5-7c37758d0a46" />
      <TestMethod codeBase="c:\Repos\Nucleus\Net.Libs\Framework\Eliassen.System.Tests\bin\Release\net8.0\Eliassen.System.Tests.dll" adapterTypeName="executor://mstestadapter/v2" className="Eliassen.System.Tests.Reflection.EnumExtensionsTests" name="ToEnumTest" />
    </UnitTest>
    <UnitTest name="ToEnumTest (Val2, Val1,Val1, Val2)" storage="c:\repos\nucleus\net.libs\framework\eliassen.system.tests\bin\release\net8.0\eliassen.system.tests.dll" id="6acc9c74-0373-caf8-35ed-9e340028f0c1" xmlns="http://microsoft.com/schemas/VisualStudio/TeamTest/2010">
      <TestCategory>
        <TestCategoryItem TestCategory="Unit" />
      </TestCategory>
      <Execution id="1030d549-3294-4baf-b9a0-2bc03d6f420a" />
      <TestMethod codeBase="c:\Repos\Nucleus\Net.Libs\Framework\Eliassen.System.Tests\bin\Release\net8.0\Eliassen.System.Tests.dll" adapterTypeName="executor://mstestadapter/v2" className="Eliassen.System.Tests.Reflection.EnumExtensionsTests" name="ToEnumTest" />
    </UnitTest>
    <UnitTest name="ToEnumTest (name2,WithMemberName)" storage="c:\repos\nucleus\net.libs\framework\eliassen.system.tests\bin\release\net8.0\eliassen.system.tests.dll" id="f6e30306-bb3b-d2e5-9a55-741402e2594f" xmlns="http://microsoft.com/schemas/VisualStudio/TeamTest/2010">
      <TestCategory>
        <TestCategoryItem TestCategory="Unit" />
      </TestCategory>
      <Execution id="10922ca9-7202-4f16-aba2-d47b8645791c" />
      <TestMethod codeBase="c:\Repos\Nucleus\Net.Libs\Framework\Eliassen.System.Tests\bin\Release\net8.0\Eliassen.System.Tests.dll" adapterTypeName="executor://mstestadapter/v2" className="Eliassen.System.Tests.Reflection.EnumExtensionsTests" name="ToEnumTest" />
    </UnitTest>
    <UnitTest name="ToEnumTest (2,Val2)" storage="c:\repos\nucleus\net.libs\framework\eliassen.system.tests\bin\release\net8.0\eliassen.system.tests.dll" id="6945fc8e-bced-3763-56d7-dd9774cf09e7" xmlns="http://microsoft.com/schemas/VisualStudio/TeamTest/2010">
      <TestCategory>
        <TestCategoryItem TestCategory="Unit" />
      </TestCategory>
      <Execution id="b46c7a51-cbc5-414b-a1cf-46b7b81c144a" />
      <TestMethod codeBase="c:\Repos\Nucleus\Net.Libs\Framework\Eliassen.System.Tests\bin\Release\net8.0\Eliassen.System.Tests.dll" adapterTypeName="executor://mstestadapter/v2" className="Eliassen.System.Tests.Reflection.EnumExtensionsTests" name="ToEnumTest" />
    </UnitTest>
    <UnitTest name="ToEnumTest (test short,WithDisplay)" storage="c:\repos\nucleus\net.libs\framework\eliassen.system.tests\bin\release\net8.0\eliassen.system.tests.dll" id="e97eaf8e-0ecf-65f5-04ab-76ca8870b372" xmlns="http://microsoft.com/schemas/VisualStudio/TeamTest/2010">
      <TestCategory>
        <TestCategoryItem TestCategory="Unit" />
      </TestCategory>
      <Execution id="7bafe149-4ba8-4713-88c2-565ccbdf4b56" />
      <TestMethod codeBase="c:\Repos\Nucleus\Net.Libs\Framework\Eliassen.System.Tests\bin\Release\net8.0\Eliassen.System.Tests.dll" adapterTypeName="executor://mstestadapter/v2" className="Eliassen.System.Tests.Reflection.EnumExtensionsTests" name="ToEnumTest" />
    </UnitTest>
    <UnitTest name="ExecuteByTest_Sort (Name,Ascending,0,1,10,100,101,102,103,104,105,106)" storage="c:\repos\nucleus\net.libs\framework\eliassen.system.tests\bin\release\net8.0\eliassen.system.tests.dll" id="f6892432-d506-05dd-c1d8-5f655afbf0ef" xmlns="http://microsoft.com/schemas/VisualStudio/TeamTest/2010">
      <TestCategory>
        <TestCategoryItem TestCategory="Unit" />
      </TestCategory>
      <Execution id="04ddff7e-4e04-435f-9c74-7d3eadea9387" />
      <TestMethod codeBase="c:\Repos\Nucleus\Net.Libs\Framework\Eliassen.System.Tests\bin\Release\net8.0\Eliassen.System.Tests.dll" adapterTypeName="executor://mstestadapter/v2" className="Eliassen.System.Tests.Linq.QueryableExtensionsTests" name="ExecuteByTest_Sort" />
    </UnitTest>
    <UnitTest name="ToEnumTest (name,name2|test name,WithEnumValue, WithMemberName, WithDisplay)" storage="c:\repos\nucleus\net.libs\framework\eliassen.system.tests\bin\release\net8.0\eliassen.system.tests.dll" id="6a696e3c-fdaf-a272-447e-e0c2a6c77673" xmlns="http://microsoft.com/schemas/VisualStudio/TeamTest/2010">
      <TestCategory>
        <TestCategoryItem TestCategory="Unit" />
      </TestCategory>
      <Execution id="af9a82c4-38ac-41dc-a778-ad919eb088aa" />
      <TestMethod codeBase="c:\Repos\Nucleus\Net.Libs\Framework\Eliassen.System.Tests\bin\Release\net8.0\Eliassen.System.Tests.dll" adapterTypeName="executor://mstestadapter/v2" className="Eliassen.System.Tests.Reflection.EnumExtensionsTests" name="ToEnumTest" />
    </UnitTest>
    <UnitTest name="ToEnumTest (0,Val0)" storage="c:\repos\nucleus\net.libs\framework\eliassen.system.tests\bin\release\net8.0\eliassen.system.tests.dll" id="55a3c803-06e9-6a98-6826-97a1597a8680" xmlns="http://microsoft.com/schemas/VisualStudio/TeamTest/2010">
      <TestCategory>
        <TestCategoryItem TestCategory="Unit" />
      </TestCategory>
      <Execution id="d1099f81-9056-433a-8b61-c8cb9691fef6" />
      <TestMethod codeBase="c:\Repos\Nucleus\Net.Libs\Framework\Eliassen.System.Tests\bin\Release\net8.0\Eliassen.System.Tests.dll" adapterTypeName="executor://mstestadapter/v2" className="Eliassen.System.Tests.Reflection.EnumExtensionsTests" name="ToEnumTest" />
    </UnitTest>
    <UnitTest name="ToEnumTest (1,Val1)" storage="c:\repos\nucleus\net.libs\framework\eliassen.system.tests\bin\release\net8.0\eliassen.system.tests.dll" id="6f5bf48c-e4c0-b967-62c8-a640629e7719" xmlns="http://microsoft.com/schemas/VisualStudio/TeamTest/2010">
      <TestCategory>
        <TestCategoryItem TestCategory="Unit" />
      </TestCategory>
      <Execution id="80aad71d-1f29-4d81-8bfb-b9b02f9e13c0" />
      <TestMethod codeBase="c:\Repos\Nucleus\Net.Libs\Framework\Eliassen.System.Tests\bin\Release\net8.0\Eliassen.System.Tests.dll" adapterTypeName="executor://mstestadapter/v2" className="Eliassen.System.Tests.Reflection.EnumExtensionsTests" name="ToEnumTest" />
    </UnitTest>
    <UnitTest name="ToEnumTest (Val2 , Val1,Val1, Val2)" storage="c:\repos\nucleus\net.libs\framework\eliassen.system.tests\bin\release\net8.0\eliassen.system.tests.dll" id="a465e3e2-5f33-9280-96a5-dad2cdb56d48" xmlns="http://microsoft.com/schemas/VisualStudio/TeamTest/2010">
      <TestCategory>
        <TestCategoryItem TestCategory="Unit" />
      </TestCategory>
      <Execution id="42810d77-4cb2-4d0a-84fc-3627a49242eb" />
      <TestMethod codeBase="c:\Repos\Nucleus\Net.Libs\Framework\Eliassen.System.Tests\bin\Release\net8.0\Eliassen.System.Tests.dll" adapterTypeName="executor://mstestadapter/v2" className="Eliassen.System.Tests.Reflection.EnumExtensionsTests" name="ToEnumTest" />
    </UnitTest>
    <UnitTest name="ToEnumTest (-1,-1)" storage="c:\repos\nucleus\net.libs\framework\eliassen.system.tests\bin\release\net8.0\eliassen.system.tests.dll" id="d9a582db-720f-849c-5c6c-3e72305e7969" xmlns="http://microsoft.com/schemas/VisualStudio/TeamTest/2010">
      <TestCategory>
        <TestCategoryItem TestCategory="Unit" />
      </TestCategory>
      <Execution id="6968c3fc-62c3-4d6e-89ee-42f0d19c6349" />
      <TestMethod codeBase="c:\Repos\Nucleus\Net.Libs\Framework\Eliassen.System.Tests\bin\Release\net8.0\Eliassen.System.Tests.dll" adapterTypeName="executor://mstestadapter/v2" className="Eliassen.System.Tests.Reflection.EnumExtensionsTests" name="ToEnumTest" />
    </UnitTest>
    <UnitTest name="ExecuteByTest_Sort (Name,Descending,999,998,997,996,995,994,993,992,991,990)" storage="c:\repos\nucleus\net.libs\framework\eliassen.system.tests\bin\release\net8.0\eliassen.system.tests.dll" id="2be0bb23-bdd4-39e3-5c52-58d829d1a4f6" xmlns="http://microsoft.com/schemas/VisualStudio/TeamTest/2010">
      <TestCategory>
        <TestCategoryItem TestCategory="Unit" />
      </TestCategory>
      <Execution id="3eafb1a8-c001-4932-9731-024d2568eca7" />
      <TestMethod codeBase="c:\Repos\Nucleus\Net.Libs\Framework\Eliassen.System.Tests\bin\Release\net8.0\Eliassen.System.Tests.dll" adapterTypeName="executor://mstestadapter/v2" className="Eliassen.System.Tests.Linq.QueryableExtensionsTests" name="ExecuteByTest_Sort" />
    </UnitTest>
    <UnitTest name="ToEnumTest (3,Val1, Val2)" storage="c:\repos\nucleus\net.libs\framework\eliassen.system.tests\bin\release\net8.0\eliassen.system.tests.dll" id="da8e2bdd-b046-b065-da35-f4d8fa39c126" xmlns="http://microsoft.com/schemas/VisualStudio/TeamTest/2010">
      <TestCategory>
        <TestCategoryItem TestCategory="Unit" />
      </TestCategory>
      <Execution id="d17b5f28-f3a8-4b72-a707-06d6510ac725" />
      <TestMethod codeBase="c:\Repos\Nucleus\Net.Libs\Framework\Eliassen.System.Tests\bin\Release\net8.0\Eliassen.System.Tests.dll" adapterTypeName="executor://mstestadapter/v2" className="Eliassen.System.Tests.Reflection.EnumExtensionsTests" name="ToEnumTest" />
    </UnitTest>
    <UnitTest name="ToEnumTest (Val2 ,Val1,Val1, Val2)" storage="c:\repos\nucleus\net.libs\framework\eliassen.system.tests\bin\release\net8.0\eliassen.system.tests.dll" id="18ab39eb-c269-8e5e-27c8-0e0099e940b7" xmlns="http://microsoft.com/schemas/VisualStudio/TeamTest/2010">
      <TestCategory>
        <TestCategoryItem TestCategory="Unit" />
      </TestCategory>
      <Execution id="51c36e12-1178-4f39-a91c-d3b10e505799" />
      <TestMethod codeBase="c:\Repos\Nucleus\Net.Libs\Framework\Eliassen.System.Tests\bin\Release\net8.0\Eliassen.System.Tests.dll" adapterTypeName="executor://mstestadapter/v2" className="Eliassen.System.Tests.Reflection.EnumExtensionsTests" name="ToEnumTest" />
    </UnitTest>
    <UnitTest name="ToEnumTest (name,WithEnumValue)" storage="c:\repos\nucleus\net.libs\framework\eliassen.system.tests\bin\release\net8.0\eliassen.system.tests.dll" id="fc5fae9f-91d6-fa24-579e-a13cc255eec6" xmlns="http://microsoft.com/schemas/VisualStudio/TeamTest/2010">
      <TestCategory>
        <TestCategoryItem TestCategory="Unit" />
      </TestCategory>
      <Execution id="18c6fc2f-e879-4567-8952-00334e0a1a5b" />
      <TestMethod codeBase="c:\Repos\Nucleus\Net.Libs\Framework\Eliassen.System.Tests\bin\Release\net8.0\Eliassen.System.Tests.dll" adapterTypeName="executor://mstestadapter/v2" className="Eliassen.System.Tests.Reflection.EnumExtensionsTests" name="ToEnumTest" />
    </UnitTest>
    <UnitTest name="ToEnumTest (test description,WithDescription)" storage="c:\repos\nucleus\net.libs\framework\eliassen.system.tests\bin\release\net8.0\eliassen.system.tests.dll" id="921f768d-c026-5c72-695c-6195f075a1c1" xmlns="http://microsoft.com/schemas/VisualStudio/TeamTest/2010">
      <TestCategory>
        <TestCategoryItem TestCategory="Unit" />
      </TestCategory>
      <Execution id="a0e44ede-500c-4f9e-963d-32744d33b60e" />
      <TestMethod codeBase="c:\Repos\Nucleus\Net.Libs\Framework\Eliassen.System.Tests\bin\Release\net8.0\Eliassen.System.Tests.dll" adapterTypeName="executor://mstestadapter/v2" className="Eliassen.System.Tests.Reflection.EnumExtensionsTests" name="ToEnumTest" />
    </UnitTest>
    <UnitTest name="ToEnumTest (name,WithEnumValue)" storage="c:\repos\nucleus\net.libs\framework\eliassen.system.tests\bin\release\net8.0\eliassen.system.tests.dll" id="abffb153-2bc5-2e5d-37d3-34241627ba4f" xmlns="http://microsoft.com/schemas/VisualStudio/TeamTest/2010">
      <TestCategory>
        <TestCategoryItem TestCategory="Unit" />
      </TestCategory>
      <Execution id="385f1677-3ea5-4a05-8f46-c52bd4edea4c" />
      <TestMethod codeBase="c:\Repos\Nucleus\Net.Libs\Framework\Eliassen.System.Tests\bin\Release\net8.0\Eliassen.System.Tests.dll" adapterTypeName="executor://mstestadapter/v2" className="Eliassen.System.Tests.Reflection.EnumExtensionsTests" name="ToEnumTest" />
    </UnitTest>
    <UnitTest name="ToEnumTest (Val2|Val1,Val1, Val2)" storage="c:\repos\nucleus\net.libs\framework\eliassen.system.tests\bin\release\net8.0\eliassen.system.tests.dll" id="32feb49a-a169-6254-5ae6-6f93b144c382" xmlns="http://microsoft.com/schemas/VisualStudio/TeamTest/2010">
      <TestCategory>
        <TestCategoryItem TestCategory="Unit" />
      </TestCategory>
      <Execution id="3d870979-e79c-40ae-93aa-2d9845f63af5" />
      <TestMethod codeBase="c:\Repos\Nucleus\Net.Libs\Framework\Eliassen.System.Tests\bin\Release\net8.0\Eliassen.System.Tests.dll" adapterTypeName="executor://mstestadapter/v2" className="Eliassen.System.Tests.Reflection.EnumExtensionsTests" name="ToEnumTest" />
    </UnitTest>
    <UnitTest name="ToEnumTest (Val2 , Val1,Val1, Val2)" storage="c:\repos\nucleus\net.libs\framework\eliassen.system.tests\bin\release\net8.0\eliassen.system.tests.dll" id="b7ad954c-d7f8-9b7f-da20-994bdddaa358" xmlns="http://microsoft.com/schemas/VisualStudio/TeamTest/2010">
      <TestCategory>
        <TestCategoryItem TestCategory="Unit" />
      </TestCategory>
      <Execution id="3ce272cf-cde6-4137-951e-a6d5a1960745" />
      <TestMethod codeBase="c:\Repos\Nucleus\Net.Libs\Framework\Eliassen.System.Tests\bin\Release\net8.0\Eliassen.System.Tests.dll" adapterTypeName="executor://mstestadapter/v2" className="Eliassen.System.Tests.Reflection.EnumExtensionsTests" name="ToEnumTest" />
    </UnitTest>
    <UnitTest name="ToEnumTest (name2,WithMemberName)" storage="c:\repos\nucleus\net.libs\framework\eliassen.system.tests\bin\release\net8.0\eliassen.system.tests.dll" id="a7424620-7d66-2bab-87dd-6bf41b62173f" xmlns="http://microsoft.com/schemas/VisualStudio/TeamTest/2010">
      <TestCategory>
        <TestCategoryItem TestCategory="Unit" />
      </TestCategory>
      <Execution id="e4a52e1c-7bcb-4820-8f24-e57fa7b55ee9" />
      <TestMethod codeBase="c:\Repos\Nucleus\Net.Libs\Framework\Eliassen.System.Tests\bin\Release\net8.0\Eliassen.System.Tests.dll" adapterTypeName="executor://mstestadapter/v2" className="Eliassen.System.Tests.Reflection.EnumExtensionsTests" name="ToEnumTest" />
    </UnitTest>
    <UnitTest name="ToEnumTest (3,Val1, Val2)" storage="c:\repos\nucleus\net.libs\framework\eliassen.system.tests\bin\release\net8.0\eliassen.system.tests.dll" id="cb67196b-6ac5-2ad3-c511-f22d8dd105d9" xmlns="http://microsoft.com/schemas/VisualStudio/TeamTest/2010">
      <TestCategory>
        <TestCategoryItem TestCategory="Unit" />
      </TestCategory>
      <Execution id="b1141e79-50de-4334-ba74-3ab5e46691e9" />
      <TestMethod codeBase="c:\Repos\Nucleus\Net.Libs\Framework\Eliassen.System.Tests\bin\Release\net8.0\Eliassen.System.Tests.dll" adapterTypeName="executor://mstestadapter/v2" className="Eliassen.System.Tests.Reflection.EnumExtensionsTests" name="ToEnumTest" />
    </UnitTest>
    <UnitTest name="ToEnumTest (test display,WithDisplay)" storage="c:\repos\nucleus\net.libs\framework\eliassen.system.tests\bin\release\net8.0\eliassen.system.tests.dll" id="9995fe48-045c-fb86-728c-6afde736c742" xmlns="http://microsoft.com/schemas/VisualStudio/TeamTest/2010">
      <TestCategory>
        <TestCategoryItem TestCategory="Unit" />
      </TestCategory>
      <Execution id="3b350acf-5020-4137-8449-f79219986837" />
      <TestMethod codeBase="c:\Repos\Nucleus\Net.Libs\Framework\Eliassen.System.Tests\bin\Release\net8.0\Eliassen.System.Tests.dll" adapterTypeName="executor://mstestadapter/v2" className="Eliassen.System.Tests.Reflection.EnumExtensionsTests" name="ToEnumTest" />
    </UnitTest>
    <UnitTest name="ToEnumTest (test name,WithDisplay)" storage="c:\repos\nucleus\net.libs\framework\eliassen.system.tests\bin\release\net8.0\eliassen.system.tests.dll" id="a8ca89f0-79ce-83ca-018f-472a49db6f46" xmlns="http://microsoft.com/schemas/VisualStudio/TeamTest/2010">
      <TestCategory>
        <TestCategoryItem TestCategory="Unit" />
      </TestCategory>
      <Execution id="b01a20d6-240a-4206-b3ff-4c960ba603dd" />
      <TestMethod codeBase="c:\Repos\Nucleus\Net.Libs\Framework\Eliassen.System.Tests\bin\Release\net8.0\Eliassen.System.Tests.dll" adapterTypeName="executor://mstestadapter/v2" className="Eliassen.System.Tests.Reflection.EnumExtensionsTests" name="ToEnumTest" />
    </UnitTest>
    <UnitTest name="ExecuteByTest_Sort (Name,Descending,999,998,997,996,995,994,993,992,991,990)" storage="c:\repos\nucleus\net.libs\framework\eliassen.system.tests\bin\release\net8.0\eliassen.system.tests.dll" id="e05e78b9-1fc5-d5e7-7e42-f53788d2e4a8" xmlns="http://microsoft.com/schemas/VisualStudio/TeamTest/2010">
      <TestCategory>
        <TestCategoryItem TestCategory="Unit" />
      </TestCategory>
      <Execution id="8c427b4c-7c5a-4d19-af57-3b22b1296e16" />
      <TestMethod codeBase="c:\Repos\Nucleus\Net.Libs\Framework\Eliassen.System.Tests\bin\Release\net8.0\Eliassen.System.Tests.dll" adapterTypeName="executor://mstestadapter/v2" className="Eliassen.System.Tests.Linq.QueryableExtensionsTests" name="ExecuteByTest_Sort" />
    </UnitTest>
    <UnitTest name="ToEnumTest (2,Val2)" storage="c:\repos\nucleus\net.libs\framework\eliassen.system.tests\bin\release\net8.0\eliassen.system.tests.dll" id="3e3a289b-1c74-15e1-39bf-f6ee0cea86e7" xmlns="http://microsoft.com/schemas/VisualStudio/TeamTest/2010">
      <TestCategory>
        <TestCategoryItem TestCategory="Unit" />
      </TestCategory>
      <Execution id="f7a40961-0855-4a05-ae44-9d6abc60fc88" />
      <TestMethod codeBase="c:\Repos\Nucleus\Net.Libs\Framework\Eliassen.System.Tests\bin\Release\net8.0\Eliassen.System.Tests.dll" adapterTypeName="executor://mstestadapter/v2" className="Eliassen.System.Tests.Reflection.EnumExtensionsTests" name="ToEnumTest" />
    </UnitTest>
    <UnitTest name="ExecuteByTest_Sort (Name,Ascending,0,1,10,100,101,102,103,104,105,106)" storage="c:\repos\nucleus\net.libs\framework\eliassen.system.tests\bin\release\net8.0\eliassen.system.tests.dll" id="a1968147-0351-75a4-0e13-531c67b43bf8" xmlns="http://microsoft.com/schemas/VisualStudio/TeamTest/2010">
      <TestCategory>
        <TestCategoryItem TestCategory="Unit" />
      </TestCategory>
      <Execution id="afd8566c-a256-4bcc-9a52-b512f95abff0" />
      <TestMethod codeBase="c:\Repos\Nucleus\Net.Libs\Framework\Eliassen.System.Tests\bin\Release\net8.0\Eliassen.System.Tests.dll" adapterTypeName="executor://mstestadapter/v2" className="Eliassen.System.Tests.Linq.QueryableExtensionsTests" name="ExecuteByTest_Sort" />
    </UnitTest>
    <UnitTest name="ExecuteByTest_Sort (NAME,Descending,999,998,997,996,995,994,993,992,991,990)" storage="c:\repos\nucleus\net.libs\framework\eliassen.system.tests\bin\release\net8.0\eliassen.system.tests.dll" id="747a08c9-a3e7-c6d3-d3e5-4ea9ef67df60" xmlns="http://microsoft.com/schemas/VisualStudio/TeamTest/2010">
      <TestCategory>
        <TestCategoryItem TestCategory="Unit" />
      </TestCategory>
      <Execution id="eb60c41b-e188-4059-9485-c47780f6846a" />
      <TestMethod codeBase="c:\Repos\Nucleus\Net.Libs\Framework\Eliassen.System.Tests\bin\Release\net8.0\Eliassen.System.Tests.dll" adapterTypeName="executor://mstestadapter/v2" className="Eliassen.System.Tests.Linq.QueryableExtensionsTests" name="ExecuteByTest_Sort" />
    </UnitTest>
    <UnitTest name="ToEnumTest (name,name2|test name,WithEnumValue, WithMemberName, WithDisplay)" storage="c:\repos\nucleus\net.libs\framework\eliassen.system.tests\bin\release\net8.0\eliassen.system.tests.dll" id="1d8ac424-d8c8-cc40-95df-91f5d4ddca6b" xmlns="http://microsoft.com/schemas/VisualStudio/TeamTest/2010">
      <TestCategory>
        <TestCategoryItem TestCategory="Unit" />
      </TestCategory>
      <Execution id="65590435-436a-40f2-966f-2661c59b274f" />
      <TestMethod codeBase="c:\Repos\Nucleus\Net.Libs\Framework\Eliassen.System.Tests\bin\Release\net8.0\Eliassen.System.Tests.dll" adapterTypeName="executor://mstestadapter/v2" className="Eliassen.System.Tests.Reflection.EnumExtensionsTests" name="ToEnumTest" />
    </UnitTest>
    <UnitTest name="ToEnumTest (Val2 ,Val1,Val1, Val2)" storage="c:\repos\nucleus\net.libs\framework\eliassen.system.tests\bin\release\net8.0\eliassen.system.tests.dll" id="09a12892-a09d-2217-56ca-535c29014ee4" xmlns="http://microsoft.com/schemas/VisualStudio/TeamTest/2010">
      <TestCategory>
        <TestCategoryItem TestCategory="Unit" />
      </TestCategory>
      <Execution id="c97a17fe-f1c6-442c-93fc-1a4f021527fe" />
      <TestMethod codeBase="c:\Repos\Nucleus\Net.Libs\Framework\Eliassen.System.Tests\bin\Release\net8.0\Eliassen.System.Tests.dll" adapterTypeName="executor://mstestadapter/v2" className="Eliassen.System.Tests.Reflection.EnumExtensionsTests" name="ToEnumTest" />
    </UnitTest>
    <UnitTest name="ToEnumTest (-1,-1)" storage="c:\repos\nucleus\net.libs\framework\eliassen.system.tests\bin\release\net8.0\eliassen.system.tests.dll" id="23e6d9bc-f3c3-f29d-3344-d86cf83d0f1d" xmlns="http://microsoft.com/schemas/VisualStudio/TeamTest/2010">
      <TestCategory>
        <TestCategoryItem TestCategory="Unit" />
      </TestCategory>
      <Execution id="3bbdd0c4-cd00-4dee-8025-f06d69e3aeb9" />
      <TestMethod codeBase="c:\Repos\Nucleus\Net.Libs\Framework\Eliassen.System.Tests\bin\Release\net8.0\Eliassen.System.Tests.dll" adapterTypeName="executor://mstestadapter/v2" className="Eliassen.System.Tests.Reflection.EnumExtensionsTests" name="ToEnumTest" />
    </UnitTest>
    <UnitTest name="ToEnumTest (Val2,Val2)" storage="c:\repos\nucleus\net.libs\framework\eliassen.system.tests\bin\release\net8.0\eliassen.system.tests.dll" id="92340e72-277a-04a0-4ab5-bc7177798536" xmlns="http://microsoft.com/schemas/VisualStudio/TeamTest/2010">
      <TestCategory>
        <TestCategoryItem TestCategory="Unit" />
      </TestCategory>
      <Execution id="1d79fc07-10ab-4052-a444-863a227c68b5" />
      <TestMethod codeBase="c:\Repos\Nucleus\Net.Libs\Framework\Eliassen.System.Tests\bin\Release\net8.0\Eliassen.System.Tests.dll" adapterTypeName="executor://mstestadapter/v2" className="Eliassen.System.Tests.Reflection.EnumExtensionsTests" name="ToEnumTest" />
    </UnitTest>
    <UnitTest name="ToEnumTest (0,Val0)" storage="c:\repos\nucleus\net.libs\framework\eliassen.system.tests\bin\release\net8.0\eliassen.system.tests.dll" id="40b5ef99-b7df-93ac-7917-4647f5a51753" xmlns="http://microsoft.com/schemas/VisualStudio/TeamTest/2010">
      <TestCategory>
        <TestCategoryItem TestCategory="Unit" />
      </TestCategory>
      <Execution id="16c2a3e3-09ef-4531-82c3-96158eaeed51" />
      <TestMethod codeBase="c:\Repos\Nucleus\Net.Libs\Framework\Eliassen.System.Tests\bin\Release\net8.0\Eliassen.System.Tests.dll" adapterTypeName="executor://mstestadapter/v2" className="Eliassen.System.Tests.Reflection.EnumExtensionsTests" name="ToEnumTest" />
    </UnitTest>
    <UnitTest name="ToEnumTest (4,WithEnumValue)" storage="c:\repos\nucleus\net.libs\framework\eliassen.system.tests\bin\release\net8.0\eliassen.system.tests.dll" id="01759c6c-9c6f-76ea-83d1-8f4c8b379bd1" xmlns="http://microsoft.com/schemas/VisualStudio/TeamTest/2010">
      <TestCategory>
        <TestCategoryItem TestCategory="Unit" />
      </TestCategory>
      <Execution id="9815c874-51eb-477e-93de-1719ce6a983b" />
      <TestMethod codeBase="c:\Repos\Nucleus\Net.Libs\Framework\Eliassen.System.Tests\bin\Release\net8.0\Eliassen.System.Tests.dll" adapterTypeName="executor://mstestadapter/v2" className="Eliassen.System.Tests.Reflection.EnumExtensionsTests" name="ToEnumTest" />
    </UnitTest>
    <UnitTest name="ToEnumTest (Val1,Val1)" storage="c:\repos\nucleus\net.libs\framework\eliassen.system.tests\bin\release\net8.0\eliassen.system.tests.dll" id="b13fa943-22bd-9e1f-c5db-ef62652cfa07" xmlns="http://microsoft.com/schemas/VisualStudio/TeamTest/2010">
      <TestCategory>
        <TestCategoryItem TestCategory="Unit" />
      </TestCategory>
      <Execution id="bb0c1b76-1c71-4c4d-a428-ca092e49680d" />
      <TestMethod codeBase="c:\Repos\Nucleus\Net.Libs\Framework\Eliassen.System.Tests\bin\Release\net8.0\Eliassen.System.Tests.dll" adapterTypeName="executor://mstestadapter/v2" className="Eliassen.System.Tests.Reflection.EnumExtensionsTests" name="ToEnumTest" />
    </UnitTest>
    <UnitTest name="ToEnumTest (test short,WithDisplay)" storage="c:\repos\nucleus\net.libs\framework\eliassen.system.tests\bin\release\net8.0\eliassen.system.tests.dll" id="58462863-ff6d-f063-2a0a-2d8d701b12ea" xmlns="http://microsoft.com/schemas/VisualStudio/TeamTest/2010">
      <TestCategory>
        <TestCategoryItem TestCategory="Unit" />
      </TestCategory>
      <Execution id="fe6eb761-c776-4af4-a11a-df8b282381a7" />
      <TestMethod codeBase="c:\Repos\Nucleus\Net.Libs\Framework\Eliassen.System.Tests\bin\Release\net8.0\Eliassen.System.Tests.dll" adapterTypeName="executor://mstestadapter/v2" className="Eliassen.System.Tests.Reflection.EnumExtensionsTests" name="ToEnumTest" />
    </UnitTest>
    <UnitTest name="ToEnumTest (Val2,Val1,Val1, Val2)" storage="c:\repos\nucleus\net.libs\framework\eliassen.system.tests\bin\release\net8.0\eliassen.system.tests.dll" id="cb4cfb9e-73c3-8e26-9b3a-14e0a5fbae7b" xmlns="http://microsoft.com/schemas/VisualStudio/TeamTest/2010">
      <TestCategory>
        <TestCategoryItem TestCategory="Unit" />
      </TestCategory>
      <Execution id="e38a042e-bcc8-4766-8bef-d0ded6a27e1f" />
      <TestMethod codeBase="c:\Repos\Nucleus\Net.Libs\Framework\Eliassen.System.Tests\bin\Release\net8.0\Eliassen.System.Tests.dll" adapterTypeName="executor://mstestadapter/v2" className="Eliassen.System.Tests.Reflection.EnumExtensionsTests" name="ToEnumTest" />
    </UnitTest>
    <UnitTest name="ToEnumTest (Val2, Val1,Val1, Val2)" storage="c:\repos\nucleus\net.libs\framework\eliassen.system.tests\bin\release\net8.0\eliassen.system.tests.dll" id="1d309172-e008-0657-5b5e-95e52af2c894" xmlns="http://microsoft.com/schemas/VisualStudio/TeamTest/2010">
      <TestCategory>
        <TestCategoryItem TestCategory="Unit" />
      </TestCategory>
      <Execution id="25c4e596-9670-4f88-916d-7a87e18314b4" />
      <TestMethod codeBase="c:\Repos\Nucleus\Net.Libs\Framework\Eliassen.System.Tests\bin\Release\net8.0\Eliassen.System.Tests.dll" adapterTypeName="executor://mstestadapter/v2" className="Eliassen.System.Tests.Reflection.EnumExtensionsTests" name="ToEnumTest" />
    </UnitTest>
    <UnitTest name="ToEnumTest (1,Val1)" storage="c:\repos\nucleus\net.libs\framework\eliassen.system.tests\bin\release\net8.0\eliassen.system.tests.dll" id="2be8e5bd-2821-3300-9bb9-16d0bbda7431" xmlns="http://microsoft.com/schemas/VisualStudio/TeamTest/2010">
      <TestCategory>
        <TestCategoryItem TestCategory="Unit" />
      </TestCategory>
      <Execution id="65a7403a-c0bf-4c2b-842d-ac76b0fd888c" />
      <TestMethod codeBase="c:\Repos\Nucleus\Net.Libs\Framework\Eliassen.System.Tests\bin\Release\net8.0\Eliassen.System.Tests.dll" adapterTypeName="executor://mstestadapter/v2" className="Eliassen.System.Tests.Reflection.EnumExtensionsTests" name="ToEnumTest" />
    </UnitTest>
    <UnitTest name="ExecuteByTest_Sort (name,Descending,999,998,997,996,995,994,993,992,991,990)" storage="c:\repos\nucleus\net.libs\framework\eliassen.system.tests\bin\release\net8.0\eliassen.system.tests.dll" id="ec5b60ed-7fe8-4ace-f494-55fd9fc20bb2" xmlns="http://microsoft.com/schemas/VisualStudio/TeamTest/2010">
      <TestCategory>
        <TestCategoryItem TestCategory="Unit" />
      </TestCategory>
      <Execution id="13a1afd3-a78c-4e08-954a-cb01dba67abb" />
      <TestMethod codeBase="c:\Repos\Nucleus\Net.Libs\Framework\Eliassen.System.Tests\bin\Release\net8.0\Eliassen.System.Tests.dll" adapterTypeName="executor://mstestadapter/v2" className="Eliassen.System.Tests.Linq.QueryableExtensionsTests" name="ExecuteByTest_Sort" />
    </UnitTest>
    <UnitTest name="ToEnumTest (2,Val2)" storage="c:\repos\nucleus\nucleus.net.libs\framework\eliassen.system.tests\bin\release\net8.0\eliassen.system.tests.dll" id="101e9e04-cff8-8fa9-c661-9d47b6be78ef" xmlns="http://microsoft.com/schemas/VisualStudio/TeamTest/2010">
      <TestCategory>
        <TestCategoryItem TestCategory="Unit" />
      </TestCategory>
      <Execution id="c70c49bc-f96d-4093-bcf2-cb696c0ab49d" />
      <TestMethod codeBase="c:\Repos\Nucleus\Nucleus.Net.Libs\Framework\Eliassen.System.Tests\bin\Release\net8.0\Eliassen.System.Tests.dll" adapterTypeName="executor://mstestadapter/v2" className="Eliassen.System.Tests.Reflection.EnumExtensionsTests" name="ToEnumTest" />
    </UnitTest>
    <UnitTest name="ToEnumTest (test name,WithDisplay)" storage="c:\repos\nucleus\nucleus.net.libs\framework\eliassen.system.tests\bin\release\net8.0\eliassen.system.tests.dll" id="e084b9bb-3fb5-a391-9844-c9e65646417a" xmlns="http://microsoft.com/schemas/VisualStudio/TeamTest/2010">
      <TestCategory>
        <TestCategoryItem TestCategory="Unit" />
      </TestCategory>
      <Execution id="351485cb-8268-4d2f-9c02-11ed92cea827" />
      <TestMethod codeBase="c:\Repos\Nucleus\Nucleus.Net.Libs\Framework\Eliassen.System.Tests\bin\Release\net8.0\Eliassen.System.Tests.dll" adapterTypeName="executor://mstestadapter/v2" className="Eliassen.System.Tests.Reflection.EnumExtensionsTests" name="ToEnumTest" />
    </UnitTest>
    <UnitTest name="ToEnumTest (0,Val0)" storage="c:\repos\nucleus\nucleus.net.libs\framework\eliassen.system.tests\bin\release\net8.0\eliassen.system.tests.dll" id="d543c38b-7074-0e95-e523-50409de6c955" xmlns="http://microsoft.com/schemas/VisualStudio/TeamTest/2010">
      <TestCategory>
        <TestCategoryItem TestCategory="Unit" />
      </TestCategory>
      <Execution id="a48826de-d781-444b-ac92-1769fb02ef29" />
      <TestMethod codeBase="c:\Repos\Nucleus\Nucleus.Net.Libs\Framework\Eliassen.System.Tests\bin\Release\net8.0\Eliassen.System.Tests.dll" adapterTypeName="executor://mstestadapter/v2" className="Eliassen.System.Tests.Reflection.EnumExtensionsTests" name="ToEnumTest" />
    </UnitTest>
    <UnitTest name="ToEnumTest (Val2 ,Val1,Val1, Val2)" storage="c:\repos\nucleus\nucleus.net.libs\framework\eliassen.system.tests\bin\release\net8.0\eliassen.system.tests.dll" id="78601fce-42b7-1d43-f4d2-c9e13ea5ac39" xmlns="http://microsoft.com/schemas/VisualStudio/TeamTest/2010">
      <TestCategory>
        <TestCategoryItem TestCategory="Unit" />
      </TestCategory>
      <Execution id="e6c93435-ef8e-49ad-aaf2-2216d1eb9617" />
      <TestMethod codeBase="c:\Repos\Nucleus\Nucleus.Net.Libs\Framework\Eliassen.System.Tests\bin\Release\net8.0\Eliassen.System.Tests.dll" adapterTypeName="executor://mstestadapter/v2" className="Eliassen.System.Tests.Reflection.EnumExtensionsTests" name="ToEnumTest" />
    </UnitTest>
    <UnitTest name="ToEnumTest (test description,WithDescription)" storage="c:\repos\nucleus\nucleus.net.libs\framework\eliassen.system.tests\bin\release\net8.0\eliassen.system.tests.dll" id="447a7ec8-4d58-9251-c78c-779d4ba60530" xmlns="http://microsoft.com/schemas/VisualStudio/TeamTest/2010">
      <TestCategory>
        <TestCategoryItem TestCategory="Unit" />
      </TestCategory>
      <Execution id="3197f7d8-073e-43e1-b6a7-458209a1d84d" />
      <TestMethod codeBase="c:\Repos\Nucleus\Nucleus.Net.Libs\Framework\Eliassen.System.Tests\bin\Release\net8.0\Eliassen.System.Tests.dll" adapterTypeName="executor://mstestadapter/v2" className="Eliassen.System.Tests.Reflection.EnumExtensionsTests" name="ToEnumTest" />
    </UnitTest>
    <UnitTest name="ToEnumTest (1,Val1)" storage="c:\repos\nucleus\nucleus.net.libs\framework\eliassen.system.tests\bin\release\net8.0\eliassen.system.tests.dll" id="fe55777e-1d6a-5099-e51b-5211c764827b" xmlns="http://microsoft.com/schemas/VisualStudio/TeamTest/2010">
      <TestCategory>
        <TestCategoryItem TestCategory="Unit" />
      </TestCategory>
      <Execution id="8181ef2f-c47d-4a59-8cbd-3260c0b5cf37" />
      <TestMethod codeBase="c:\Repos\Nucleus\Nucleus.Net.Libs\Framework\Eliassen.System.Tests\bin\Release\net8.0\Eliassen.System.Tests.dll" adapterTypeName="executor://mstestadapter/v2" className="Eliassen.System.Tests.Reflection.EnumExtensionsTests" name="ToEnumTest" />
    </UnitTest>
    <UnitTest name="ToEnumTest (Val2|Val1,Val1, Val2)" storage="c:\repos\nucleus\nucleus.net.libs\framework\eliassen.system.tests\bin\release\net8.0\eliassen.system.tests.dll" id="c3657274-5684-84b0-53f6-50ffb36049ed" xmlns="http://microsoft.com/schemas/VisualStudio/TeamTest/2010">
      <TestCategory>
        <TestCategoryItem TestCategory="Unit" />
      </TestCategory>
      <Execution id="ecc2ff08-d281-41aa-aa1c-810d2503ad98" />
      <TestMethod codeBase="c:\Repos\Nucleus\Nucleus.Net.Libs\Framework\Eliassen.System.Tests\bin\Release\net8.0\Eliassen.System.Tests.dll" adapterTypeName="executor://mstestadapter/v2" className="Eliassen.System.Tests.Reflection.EnumExtensionsTests" name="ToEnumTest" />
    </UnitTest>
    <UnitTest name="ToEnumTest (Val1,Val1)" storage="c:\repos\nucleus\nucleus.net.libs\framework\eliassen.system.tests\bin\release\net8.0\eliassen.system.tests.dll" id="15f0f0c3-de9f-da14-426b-78765c04900a" xmlns="http://microsoft.com/schemas/VisualStudio/TeamTest/2010">
      <TestCategory>
        <TestCategoryItem TestCategory="Unit" />
      </TestCategory>
      <Execution id="dfce5ddb-c232-4281-b0c5-c1b7ce1ee552" />
      <TestMethod codeBase="c:\Repos\Nucleus\Nucleus.Net.Libs\Framework\Eliassen.System.Tests\bin\Release\net8.0\Eliassen.System.Tests.dll" adapterTypeName="executor://mstestadapter/v2" className="Eliassen.System.Tests.Reflection.EnumExtensionsTests" name="ToEnumTest" />
    </UnitTest>
    <UnitTest name="ToEnumTest (4,WithEnumValue)" storage="c:\repos\nucleus\nucleus.net.libs\framework\eliassen.system.tests\bin\release\net8.0\eliassen.system.tests.dll" id="7d752d6c-ea35-c2bf-5a54-d2a77f5d8d11" xmlns="http://microsoft.com/schemas/VisualStudio/TeamTest/2010">
      <TestCategory>
        <TestCategoryItem TestCategory="Unit" />
      </TestCategory>
      <Execution id="18756d29-7d08-40fd-b654-99160b51da58" />
      <TestMethod codeBase="c:\Repos\Nucleus\Nucleus.Net.Libs\Framework\Eliassen.System.Tests\bin\Release\net8.0\Eliassen.System.Tests.dll" adapterTypeName="executor://mstestadapter/v2" className="Eliassen.System.Tests.Reflection.EnumExtensionsTests" name="ToEnumTest" />
    </UnitTest>
    <UnitTest name="ToEnumTest (Val2,Val2)" storage="c:\repos\nucleus\nucleus.net.libs\framework\eliassen.system.tests\bin\release\net8.0\eliassen.system.tests.dll" id="4e84d721-e721-48df-0fef-58399d42c3e4" xmlns="http://microsoft.com/schemas/VisualStudio/TeamTest/2010">
      <TestCategory>
        <TestCategoryItem TestCategory="Unit" />
      </TestCategory>
      <Execution id="04128a44-80cf-48cb-b422-a5a08d87432a" />
      <TestMethod codeBase="c:\Repos\Nucleus\Nucleus.Net.Libs\Framework\Eliassen.System.Tests\bin\Release\net8.0\Eliassen.System.Tests.dll" adapterTypeName="executor://mstestadapter/v2" className="Eliassen.System.Tests.Reflection.EnumExtensionsTests" name="ToEnumTest" />
    </UnitTest>
    <UnitTest name="ExecuteByTest_Sort (name,Descending,999,998,997,996,995,994,993,992,991,990)" storage="c:\repos\nucleus\nucleus.net.libs\framework\eliassen.system.tests\bin\release\net8.0\eliassen.system.tests.dll" id="acbf883b-a248-9198-bfe3-0944bb2a2172" xmlns="http://microsoft.com/schemas/VisualStudio/TeamTest/2010">
      <TestCategory>
        <TestCategoryItem TestCategory="Unit" />
      </TestCategory>
      <Execution id="79852190-e388-45cd-be04-bc0497e16c2d" />
      <TestMethod codeBase="c:\Repos\Nucleus\Nucleus.Net.Libs\Framework\Eliassen.System.Tests\bin\Release\net8.0\Eliassen.System.Tests.dll" adapterTypeName="executor://mstestadapter/v2" className="Eliassen.System.Tests.Linq.QueryableExtensionsTests" name="ExecuteByTest_Sort" />
    </UnitTest>
    <UnitTest name="ToEnumTest (3,Val1, Val2)" storage="c:\repos\nucleus\nucleus.net.libs\framework\eliassen.system.tests\bin\release\net8.0\eliassen.system.tests.dll" id="1521fdf8-ee8e-3f24-da8a-3dd3b9aaa633" xmlns="http://microsoft.com/schemas/VisualStudio/TeamTest/2010">
      <TestCategory>
        <TestCategoryItem TestCategory="Unit" />
      </TestCategory>
      <Execution id="77bc299b-da34-46c5-aacd-1208db4daad0" />
      <TestMethod codeBase="c:\Repos\Nucleus\Nucleus.Net.Libs\Framework\Eliassen.System.Tests\bin\Release\net8.0\Eliassen.System.Tests.dll" adapterTypeName="executor://mstestadapter/v2" className="Eliassen.System.Tests.Reflection.EnumExtensionsTests" name="ToEnumTest" />
    </UnitTest>
    <UnitTest name="ToEnumTest (name,WithEnumValue)" storage="c:\repos\nucleus\nucleus.net.libs\framework\eliassen.system.tests\bin\release\net8.0\eliassen.system.tests.dll" id="00a18adb-717a-ef94-6424-5f5fb443e4cf" xmlns="http://microsoft.com/schemas/VisualStudio/TeamTest/2010">
      <TestCategory>
        <TestCategoryItem TestCategory="Unit" />
      </TestCategory>
      <Execution id="a2eeaec0-4c42-4a19-bf9f-9de81436c286" />
      <TestMethod codeBase="c:\Repos\Nucleus\Nucleus.Net.Libs\Framework\Eliassen.System.Tests\bin\Release\net8.0\Eliassen.System.Tests.dll" adapterTypeName="executor://mstestadapter/v2" className="Eliassen.System.Tests.Reflection.EnumExtensionsTests" name="ToEnumTest" />
    </UnitTest>
    <UnitTest name="ToEnumTest (name,name2|test name,WithEnumValue, WithMemberName, WithDisplay)" storage="c:\repos\nucleus\nucleus.net.libs\framework\eliassen.system.tests\bin\release\net8.0\eliassen.system.tests.dll" id="e25795eb-c389-3b43-4e5f-ee4489209b2a" xmlns="http://microsoft.com/schemas/VisualStudio/TeamTest/2010">
      <TestCategory>
        <TestCategoryItem TestCategory="Unit" />
      </TestCategory>
      <Execution id="e434b4f8-a853-444b-b0b9-54e6cbe4a78c" />
      <TestMethod codeBase="c:\Repos\Nucleus\Nucleus.Net.Libs\Framework\Eliassen.System.Tests\bin\Release\net8.0\Eliassen.System.Tests.dll" adapterTypeName="executor://mstestadapter/v2" className="Eliassen.System.Tests.Reflection.EnumExtensionsTests" name="ToEnumTest" />
    </UnitTest>
    <UnitTest name="ToEnumTest (-1,-1)" storage="c:\repos\nucleus\nucleus.net.libs\framework\eliassen.system.tests\bin\release\net8.0\eliassen.system.tests.dll" id="162a9975-fa90-6541-ed71-2ec4dcc7aa4e" xmlns="http://microsoft.com/schemas/VisualStudio/TeamTest/2010">
      <TestCategory>
        <TestCategoryItem TestCategory="Unit" />
      </TestCategory>
      <Execution id="e0254913-8141-40a8-95c8-9dd308a14d36" />
      <TestMethod codeBase="c:\Repos\Nucleus\Nucleus.Net.Libs\Framework\Eliassen.System.Tests\bin\Release\net8.0\Eliassen.System.Tests.dll" adapterTypeName="executor://mstestadapter/v2" className="Eliassen.System.Tests.Reflection.EnumExtensionsTests" name="ToEnumTest" />
    </UnitTest>
    <UnitTest name="ToEnumTest (Val2 , Val1,Val1, Val2)" storage="c:\repos\nucleus\nucleus.net.libs\framework\eliassen.system.tests\bin\release\net8.0\eliassen.system.tests.dll" id="d27fa711-0e9a-e814-3ef2-aa33f0dcce39" xmlns="http://microsoft.com/schemas/VisualStudio/TeamTest/2010">
      <TestCategory>
        <TestCategoryItem TestCategory="Unit" />
      </TestCategory>
      <Execution id="6a431397-008a-4db9-b5b4-8a1a7ccb9190" />
      <TestMethod codeBase="c:\Repos\Nucleus\Nucleus.Net.Libs\Framework\Eliassen.System.Tests\bin\Release\net8.0\Eliassen.System.Tests.dll" adapterTypeName="executor://mstestadapter/v2" className="Eliassen.System.Tests.Reflection.EnumExtensionsTests" name="ToEnumTest" />
    </UnitTest>
    <UnitTest name="ExecuteByTest_Sort (NAME,Descending,999,998,997,996,995,994,993,992,991,990)" storage="c:\repos\nucleus\nucleus.net.libs\framework\eliassen.system.tests\bin\release\net8.0\eliassen.system.tests.dll" id="8a35045d-3fa3-99c5-00ae-6cb0cc7f41bf" xmlns="http://microsoft.com/schemas/VisualStudio/TeamTest/2010">
      <TestCategory>
        <TestCategoryItem TestCategory="Unit" />
      </TestCategory>
      <Execution id="896b5866-8d4e-488f-b119-3fb294b5f1b6" />
      <TestMethod codeBase="c:\Repos\Nucleus\Nucleus.Net.Libs\Framework\Eliassen.System.Tests\bin\Release\net8.0\Eliassen.System.Tests.dll" adapterTypeName="executor://mstestadapter/v2" className="Eliassen.System.Tests.Linq.QueryableExtensionsTests" name="ExecuteByTest_Sort" />
    </UnitTest>
    <UnitTest name="ExecuteByTest_Sort (Name,Ascending,0,1,10,100,101,102,103,104,105,106)" storage="c:\repos\nucleus\nucleus.net.libs\framework\eliassen.system.tests\bin\release\net8.0\eliassen.system.tests.dll" id="05a8bf42-5434-8515-7c2c-2cfaa500d506" xmlns="http://microsoft.com/schemas/VisualStudio/TeamTest/2010">
      <TestCategory>
        <TestCategoryItem TestCategory="Unit" />
      </TestCategory>
      <Execution id="1f2e013d-1505-4ee6-984a-680392ab239e" />
      <TestMethod codeBase="c:\Repos\Nucleus\Nucleus.Net.Libs\Framework\Eliassen.System.Tests\bin\Release\net8.0\Eliassen.System.Tests.dll" adapterTypeName="executor://mstestadapter/v2" className="Eliassen.System.Tests.Linq.QueryableExtensionsTests" name="ExecuteByTest_Sort" />
    </UnitTest>
    <UnitTest name="ToEnumTest (Val2,Val1,Val1, Val2)" storage="c:\repos\nucleus\nucleus.net.libs\framework\eliassen.system.tests\bin\release\net8.0\eliassen.system.tests.dll" id="51b3917d-24ec-e1ae-8b96-e40add1a9fbb" xmlns="http://microsoft.com/schemas/VisualStudio/TeamTest/2010">
      <TestCategory>
        <TestCategoryItem TestCategory="Unit" />
      </TestCategory>
      <Execution id="e57533bb-ba57-4eb9-95fd-e6e0635d1d6c" />
      <TestMethod codeBase="c:\Repos\Nucleus\Nucleus.Net.Libs\Framework\Eliassen.System.Tests\bin\Release\net8.0\Eliassen.System.Tests.dll" adapterTypeName="executor://mstestadapter/v2" className="Eliassen.System.Tests.Reflection.EnumExtensionsTests" name="ToEnumTest" />
    </UnitTest>
    <UnitTest name="ToEnumTest (name2,WithMemberName)" storage="c:\repos\nucleus\nucleus.net.libs\framework\eliassen.system.tests\bin\release\net8.0\eliassen.system.tests.dll" id="74c0350c-cd7d-cb05-e9ec-3dbfcdb5e334" xmlns="http://microsoft.com/schemas/VisualStudio/TeamTest/2010">
      <TestCategory>
        <TestCategoryItem TestCategory="Unit" />
      </TestCategory>
      <Execution id="3f2bae64-395b-436c-8e1a-3b2e9cab7249" />
      <TestMethod codeBase="c:\Repos\Nucleus\Nucleus.Net.Libs\Framework\Eliassen.System.Tests\bin\Release\net8.0\Eliassen.System.Tests.dll" adapterTypeName="executor://mstestadapter/v2" className="Eliassen.System.Tests.Reflection.EnumExtensionsTests" name="ToEnumTest" />
    </UnitTest>
    <UnitTest name="ToEnumTest (Val2, Val1,Val1, Val2)" storage="c:\repos\nucleus\nucleus.net.libs\framework\eliassen.system.tests\bin\release\net8.0\eliassen.system.tests.dll" id="bfa565c7-fa2e-8baa-d496-303afe5abd4e" xmlns="http://microsoft.com/schemas/VisualStudio/TeamTest/2010">
      <TestCategory>
        <TestCategoryItem TestCategory="Unit" />
      </TestCategory>
      <Execution id="f8a92779-5ab8-4cb9-a168-2121fa852f2a" />
      <TestMethod codeBase="c:\Repos\Nucleus\Nucleus.Net.Libs\Framework\Eliassen.System.Tests\bin\Release\net8.0\Eliassen.System.Tests.dll" adapterTypeName="executor://mstestadapter/v2" className="Eliassen.System.Tests.Reflection.EnumExtensionsTests" name="ToEnumTest" />
    </UnitTest>
    <UnitTest name="ExecuteByTest_Sort (Name,Descending,999,998,997,996,995,994,993,992,991,990)" storage="c:\repos\nucleus\nucleus.net.libs\framework\eliassen.system.tests\bin\release\net8.0\eliassen.system.tests.dll" id="e3aee510-497a-29c4-a957-cf3658ce44bf" xmlns="http://microsoft.com/schemas/VisualStudio/TeamTest/2010">
      <TestCategory>
        <TestCategoryItem TestCategory="Unit" />
      </TestCategory>
      <Execution id="e29829e2-e09b-4b7f-8c5a-0b3c93a58858" />
      <TestMethod codeBase="c:\Repos\Nucleus\Nucleus.Net.Libs\Framework\Eliassen.System.Tests\bin\Release\net8.0\Eliassen.System.Tests.dll" adapterTypeName="executor://mstestadapter/v2" className="Eliassen.System.Tests.Linq.QueryableExtensionsTests" name="ExecuteByTest_Sort" />
    </UnitTest>
    <UnitTest name="ToEnumTest (test display,WithDisplay)" storage="c:\repos\nucleus\nucleus.net.libs\framework\eliassen.system.tests\bin\release\net8.0\eliassen.system.tests.dll" id="38847c53-ed57-2707-a54c-021211b43dbe" xmlns="http://microsoft.com/schemas/VisualStudio/TeamTest/2010">
      <TestCategory>
        <TestCategoryItem TestCategory="Unit" />
      </TestCategory>
      <Execution id="37a32046-ac8a-46b1-add6-81681f6821ec" />
      <TestMethod codeBase="c:\Repos\Nucleus\Nucleus.Net.Libs\Framework\Eliassen.System.Tests\bin\Release\net8.0\Eliassen.System.Tests.dll" adapterTypeName="executor://mstestadapter/v2" className="Eliassen.System.Tests.Reflection.EnumExtensionsTests" name="ToEnumTest" />
    </UnitTest>
    <UnitTest name="ToEnumTest (test short,WithDisplay)" storage="c:\repos\nucleus\nucleus.net.libs\framework\eliassen.system.tests\bin\release\net8.0\eliassen.system.tests.dll" id="6a819246-7db0-b20a-947c-c26438c9bd63" xmlns="http://microsoft.com/schemas/VisualStudio/TeamTest/2010">
      <TestCategory>
        <TestCategoryItem TestCategory="Unit" />
      </TestCategory>
      <Execution id="186e7de0-eec0-4ad4-b4a3-ce2107158feb" />
      <TestMethod codeBase="c:\Repos\Nucleus\Nucleus.Net.Libs\Framework\Eliassen.System.Tests\bin\Release\net8.0\Eliassen.System.Tests.dll" adapterTypeName="executor://mstestadapter/v2" className="Eliassen.System.Tests.Reflection.EnumExtensionsTests" name="ToEnumTest" />
    </UnitTest>
    <UnitTest name="ToEnumTest (3,Val1, Val2)" storage="c:\repos\nucleus\nucleus.net.libs\framework\eliassen.system.tests\bin\release\net8.0\eliassen.system.tests.dll" id="f0a8452b-a880-3678-5fa2-b0b5343292bb" xmlns="http://microsoft.com/schemas/VisualStudio/TeamTest/2010">
      <TestCategory>
        <TestCategoryItem TestCategory="Unit" />
      </TestCategory>
      <Execution id="ef073c36-8900-4a29-941a-93c273a1482e" />
      <TestMethod codeBase="c:\Repos\Nucleus\Nucleus.Net.Libs\Framework\Eliassen.System.Tests\bin\Release\net8.0\Eliassen.System.Tests.dll" adapterTypeName="executor://mstestadapter/v2" className="Eliassen.System.Tests.Reflection.EnumExtensionsTests" name="ToEnumTest" />
    </UnitTest>
    <UnitTest name="ToEnumTest (Val2|Val1,Val1, Val2)" storage="c:\repos\nucleus\nucleus.net.libs\framework\eliassen.system.tests\bin\release\net8.0\eliassen.system.tests.dll" id="85c1e566-d68d-d955-a41f-828e82e07cee" xmlns="http://microsoft.com/schemas/VisualStudio/TeamTest/2010">
      <TestCategory>
        <TestCategoryItem TestCategory="Unit" />
      </TestCategory>
      <Execution id="a6387c49-36ed-46fb-95dc-d2adefee172f" />
      <TestMethod codeBase="c:\Repos\Nucleus\Nucleus.Net.Libs\Framework\Eliassen.System.Tests\bin\Release\net8.0\Eliassen.System.Tests.dll" adapterTypeName="executor://mstestadapter/v2" className="Eliassen.System.Tests.Reflection.EnumExtensionsTests" name="ToEnumTest" />
    </UnitTest>
    <UnitTest name="ToEnumTest (4,WithEnumValue)" storage="c:\repos\nucleus\nucleus.net.libs\framework\eliassen.system.tests\bin\release\net8.0\eliassen.system.tests.dll" id="27d7c2e1-6a3b-6d4f-0096-57d930cb5166" xmlns="http://microsoft.com/schemas/VisualStudio/TeamTest/2010">
      <TestCategory>
        <TestCategoryItem TestCategory="Unit" />
      </TestCategory>
      <Execution id="d2af7365-7d24-480d-a400-0e05744713dd" />
      <TestMethod codeBase="c:\Repos\Nucleus\Nucleus.Net.Libs\Framework\Eliassen.System.Tests\bin\Release\net8.0\Eliassen.System.Tests.dll" adapterTypeName="executor://mstestadapter/v2" className="Eliassen.System.Tests.Reflection.EnumExtensionsTests" name="ToEnumTest" />
    </UnitTest>
    <UnitTest name="ToEnumTest (Val2 ,Val1,Val1, Val2)" storage="c:\repos\nucleus\nucleus.net.libs\framework\eliassen.system.tests\bin\release\net8.0\eliassen.system.tests.dll" id="d4c79ddc-bac1-9c46-ff17-af527979978d" xmlns="http://microsoft.com/schemas/VisualStudio/TeamTest/2010">
      <TestCategory>
        <TestCategoryItem TestCategory="Unit" />
      </TestCategory>
      <Execution id="4b47c1d1-47e6-4110-8726-330ee0e8b396" />
      <TestMethod codeBase="c:\Repos\Nucleus\Nucleus.Net.Libs\Framework\Eliassen.System.Tests\bin\Release\net8.0\Eliassen.System.Tests.dll" adapterTypeName="executor://mstestadapter/v2" className="Eliassen.System.Tests.Reflection.EnumExtensionsTests" name="ToEnumTest" />
    </UnitTest>
    <UnitTest name="ExecuteByTest_Sort (name,Descending,999,998,997,996,995,994,993,992,991,990)" storage="c:\repos\nucleus\nucleus.net.libs\framework\eliassen.system.tests\bin\release\net8.0\eliassen.system.tests.dll" id="02f35529-4ead-47e9-3f31-cb3572ed4bd3" xmlns="http://microsoft.com/schemas/VisualStudio/TeamTest/2010">
      <TestCategory>
        <TestCategoryItem TestCategory="Unit" />
      </TestCategory>
      <Execution id="5a99d377-0a53-48ab-a8d1-84f83429ba1b" />
      <TestMethod codeBase="c:\Repos\Nucleus\Nucleus.Net.Libs\Framework\Eliassen.System.Tests\bin\Release\net8.0\Eliassen.System.Tests.dll" adapterTypeName="executor://mstestadapter/v2" className="Eliassen.System.Tests.Linq.QueryableExtensionsTests" name="ExecuteByTest_Sort" />
    </UnitTest>
    <UnitTest name="ToEnumTest (test name,WithDisplay)" storage="c:\repos\nucleus\nucleus.net.libs\framework\eliassen.system.tests\bin\release\net8.0\eliassen.system.tests.dll" id="904d5d76-7886-9282-84ca-d6d2d719e578" xmlns="http://microsoft.com/schemas/VisualStudio/TeamTest/2010">
      <TestCategory>
        <TestCategoryItem TestCategory="Unit" />
      </TestCategory>
      <Execution id="6186f790-fb76-4a2b-8908-a2e7696d1f9a" />
      <TestMethod codeBase="c:\Repos\Nucleus\Nucleus.Net.Libs\Framework\Eliassen.System.Tests\bin\Release\net8.0\Eliassen.System.Tests.dll" adapterTypeName="executor://mstestadapter/v2" className="Eliassen.System.Tests.Reflection.EnumExtensionsTests" name="ToEnumTest" />
    </UnitTest>
    <UnitTest name="ToEnumTest (test short,WithDisplay)" storage="c:\repos\nucleus\nucleus.net.libs\framework\eliassen.system.tests\bin\release\net8.0\eliassen.system.tests.dll" id="dd99c6d8-5061-c33e-9fb5-f6db9b5c95f7" xmlns="http://microsoft.com/schemas/VisualStudio/TeamTest/2010">
      <TestCategory>
        <TestCategoryItem TestCategory="Unit" />
      </TestCategory>
      <Execution id="75bf6047-ea0e-41b5-830d-d9d9d4912604" />
      <TestMethod codeBase="c:\Repos\Nucleus\Nucleus.Net.Libs\Framework\Eliassen.System.Tests\bin\Release\net8.0\Eliassen.System.Tests.dll" adapterTypeName="executor://mstestadapter/v2" className="Eliassen.System.Tests.Reflection.EnumExtensionsTests" name="ToEnumTest" />
    </UnitTest>
    <UnitTest name="ToEnumTest (test description,WithDescription)" storage="c:\repos\nucleus\nucleus.net.libs\framework\eliassen.system.tests\bin\release\net8.0\eliassen.system.tests.dll" id="7409cd42-f673-2565-2261-30abc9b0641d" xmlns="http://microsoft.com/schemas/VisualStudio/TeamTest/2010">
      <TestCategory>
        <TestCategoryItem TestCategory="Unit" />
      </TestCategory>
      <Execution id="0e0d6807-c148-41cd-8bfe-7e90adfef3ce" />
      <TestMethod codeBase="c:\Repos\Nucleus\Nucleus.Net.Libs\Framework\Eliassen.System.Tests\bin\Release\net8.0\Eliassen.System.Tests.dll" adapterTypeName="executor://mstestadapter/v2" className="Eliassen.System.Tests.Reflection.EnumExtensionsTests" name="ToEnumTest" />
    </UnitTest>
    <UnitTest name="ToEnumTest (name,WithEnumValue)" storage="c:\repos\nucleus\nucleus.net.libs\framework\eliassen.system.tests\bin\release\net8.0\eliassen.system.tests.dll" id="c737a9ae-6e38-8556-c3b4-7587ecb9acbb" xmlns="http://microsoft.com/schemas/VisualStudio/TeamTest/2010">
      <TestCategory>
        <TestCategoryItem TestCategory="Unit" />
      </TestCategory>
      <Execution id="4636552b-eee8-45c8-8b89-ee19180edd16" />
      <TestMethod codeBase="c:\Repos\Nucleus\Nucleus.Net.Libs\Framework\Eliassen.System.Tests\bin\Release\net8.0\Eliassen.System.Tests.dll" adapterTypeName="executor://mstestadapter/v2" className="Eliassen.System.Tests.Reflection.EnumExtensionsTests" name="ToEnumTest" />
    </UnitTest>
    <UnitTest name="ToEnumTest (test display,WithDisplay)" storage="c:\repos\nucleus\nucleus.net.libs\framework\eliassen.system.tests\bin\release\net8.0\eliassen.system.tests.dll" id="86518760-fa00-295e-47cc-e5d6dba47527" xmlns="http://microsoft.com/schemas/VisualStudio/TeamTest/2010">
      <TestCategory>
        <TestCategoryItem TestCategory="Unit" />
      </TestCategory>
      <Execution id="35ab43cd-1869-4f9b-8507-ada9b40c2034" />
      <TestMethod codeBase="c:\Repos\Nucleus\Nucleus.Net.Libs\Framework\Eliassen.System.Tests\bin\Release\net8.0\Eliassen.System.Tests.dll" adapterTypeName="executor://mstestadapter/v2" className="Eliassen.System.Tests.Reflection.EnumExtensionsTests" name="ToEnumTest" />
    </UnitTest>
    <UnitTest name="ToEnumTest (Val2,Val1,Val1, Val2)" storage="c:\repos\nucleus\nucleus.net.libs\framework\eliassen.system.tests\bin\release\net8.0\eliassen.system.tests.dll" id="08cb4208-4fe7-b76b-4972-5be8287f6cc2" xmlns="http://microsoft.com/schemas/VisualStudio/TeamTest/2010">
      <TestCategory>
        <TestCategoryItem TestCategory="Unit" />
      </TestCategory>
      <Execution id="0f2fc219-d5ec-4f5e-b13a-048ae18e0020" />
      <TestMethod codeBase="c:\Repos\Nucleus\Nucleus.Net.Libs\Framework\Eliassen.System.Tests\bin\Release\net8.0\Eliassen.System.Tests.dll" adapterTypeName="executor://mstestadapter/v2" className="Eliassen.System.Tests.Reflection.EnumExtensionsTests" name="ToEnumTest" />
    </UnitTest>
    <UnitTest name="ToEnumTest (Val2,Val2)" storage="c:\repos\nucleus\nucleus.net.libs\framework\eliassen.system.tests\bin\release\net8.0\eliassen.system.tests.dll" id="ef7812d1-d662-c64d-e88c-8e391f4a0f87" xmlns="http://microsoft.com/schemas/VisualStudio/TeamTest/2010">
      <TestCategory>
        <TestCategoryItem TestCategory="Unit" />
      </TestCategory>
      <Execution id="6840b25e-443c-4ec5-b295-6719b922103e" />
      <TestMethod codeBase="c:\Repos\Nucleus\Nucleus.Net.Libs\Framework\Eliassen.System.Tests\bin\Release\net8.0\Eliassen.System.Tests.dll" adapterTypeName="executor://mstestadapter/v2" className="Eliassen.System.Tests.Reflection.EnumExtensionsTests" name="ToEnumTest" />
    </UnitTest>
    <UnitTest name="ToEnumTest (1,Val1)" storage="c:\repos\nucleus\nucleus.net.libs\framework\eliassen.system.tests\bin\release\net8.0\eliassen.system.tests.dll" id="73b345a6-01ee-1f99-e257-2bd3980b2a55" xmlns="http://microsoft.com/schemas/VisualStudio/TeamTest/2010">
      <TestCategory>
        <TestCategoryItem TestCategory="Unit" />
      </TestCategory>
      <Execution id="3469966c-9f3e-4d99-8fc2-a96242f813e1" />
      <TestMethod codeBase="c:\Repos\Nucleus\Nucleus.Net.Libs\Framework\Eliassen.System.Tests\bin\Release\net8.0\Eliassen.System.Tests.dll" adapterTypeName="executor://mstestadapter/v2" className="Eliassen.System.Tests.Reflection.EnumExtensionsTests" name="ToEnumTest" />
    </UnitTest>
    <UnitTest name="ToEnumTest (-1,-1)" storage="c:\repos\nucleus\nucleus.net.libs\framework\eliassen.system.tests\bin\release\net8.0\eliassen.system.tests.dll" id="5fe0a77c-457c-1ad4-ea90-21c6f2197cf3" xmlns="http://microsoft.com/schemas/VisualStudio/TeamTest/2010">
      <TestCategory>
        <TestCategoryItem TestCategory="Unit" />
      </TestCategory>
      <Execution id="8418ecf4-9d6f-4e22-91aa-5451d0a7c120" />
      <TestMethod codeBase="c:\Repos\Nucleus\Nucleus.Net.Libs\Framework\Eliassen.System.Tests\bin\Release\net8.0\Eliassen.System.Tests.dll" adapterTypeName="executor://mstestadapter/v2" className="Eliassen.System.Tests.Reflection.EnumExtensionsTests" name="ToEnumTest" />
    </UnitTest>
    <UnitTest name="ToEnumTest (Val2, Val1,Val1, Val2)" storage="c:\repos\nucleus\nucleus.net.libs\framework\eliassen.system.tests\bin\release\net8.0\eliassen.system.tests.dll" id="8f963ded-5435-4dfe-3694-5269d26ce987" xmlns="http://microsoft.com/schemas/VisualStudio/TeamTest/2010">
      <TestCategory>
        <TestCategoryItem TestCategory="Unit" />
      </TestCategory>
      <Execution id="cc08876b-355e-476b-a399-8d0236e7c4bb" />
      <TestMethod codeBase="c:\Repos\Nucleus\Nucleus.Net.Libs\Framework\Eliassen.System.Tests\bin\Release\net8.0\Eliassen.System.Tests.dll" adapterTypeName="executor://mstestadapter/v2" className="Eliassen.System.Tests.Reflection.EnumExtensionsTests" name="ToEnumTest" />
    </UnitTest>
    <UnitTest name="ToEnumTest (Val2 , Val1,Val1, Val2)" storage="c:\repos\nucleus\nucleus.net.libs\framework\eliassen.system.tests\bin\release\net8.0\eliassen.system.tests.dll" id="00605a31-5bf4-6a10-d5d8-68605ca0fe9e" xmlns="http://microsoft.com/schemas/VisualStudio/TeamTest/2010">
      <TestCategory>
        <TestCategoryItem TestCategory="Unit" />
      </TestCategory>
      <Execution id="ebf56426-efb9-452a-8628-f5699921638c" />
      <TestMethod codeBase="c:\Repos\Nucleus\Nucleus.Net.Libs\Framework\Eliassen.System.Tests\bin\Release\net8.0\Eliassen.System.Tests.dll" adapterTypeName="executor://mstestadapter/v2" className="Eliassen.System.Tests.Reflection.EnumExtensionsTests" name="ToEnumTest" />
    </UnitTest>
    <UnitTest name="ExecuteByTest_Sort (Name,Ascending,0,1,10,100,101,102,103,104,105,106)" storage="c:\repos\nucleus\nucleus.net.libs\framework\eliassen.system.tests\bin\release\net8.0\eliassen.system.tests.dll" id="66aadc34-05ee-03ee-7c60-4bddd836a077" xmlns="http://microsoft.com/schemas/VisualStudio/TeamTest/2010">
      <TestCategory>
        <TestCategoryItem TestCategory="Unit" />
      </TestCategory>
      <Execution id="8fffc09a-fa07-40bd-9562-4033a141c6e6" />
      <TestMethod codeBase="c:\Repos\Nucleus\Nucleus.Net.Libs\Framework\Eliassen.System.Tests\bin\Release\net8.0\Eliassen.System.Tests.dll" adapterTypeName="executor://mstestadapter/v2" className="Eliassen.System.Tests.Linq.QueryableExtensionsTests" name="ExecuteByTest_Sort" />
    </UnitTest>
    <UnitTest name="ExecuteByTest_Sort (Name,Descending,999,998,997,996,995,994,993,992,991,990)" storage="c:\repos\nucleus\nucleus.net.libs\framework\eliassen.system.tests\bin\release\net8.0\eliassen.system.tests.dll" id="cc1b359f-b5fb-d9ba-7555-848df199bc6d" xmlns="http://microsoft.com/schemas/VisualStudio/TeamTest/2010">
      <TestCategory>
        <TestCategoryItem TestCategory="Unit" />
      </TestCategory>
      <Execution id="3d011932-da18-4e77-8839-159b1e267a83" />
      <TestMethod codeBase="c:\Repos\Nucleus\Nucleus.Net.Libs\Framework\Eliassen.System.Tests\bin\Release\net8.0\Eliassen.System.Tests.dll" adapterTypeName="executor://mstestadapter/v2" className="Eliassen.System.Tests.Linq.QueryableExtensionsTests" name="ExecuteByTest_Sort" />
    </UnitTest>
    <UnitTest name="ExecuteByTest_Sort (NAME,Descending,999,998,997,996,995,994,993,992,991,990)" storage="c:\repos\nucleus\nucleus.net.libs\framework\eliassen.system.tests\bin\release\net8.0\eliassen.system.tests.dll" id="a60b6d3e-da8f-8208-5340-a670e426e0ab" xmlns="http://microsoft.com/schemas/VisualStudio/TeamTest/2010">
      <TestCategory>
        <TestCategoryItem TestCategory="Unit" />
      </TestCategory>
      <Execution id="6e36dab4-5868-4ee2-b6a8-af2277b8154c" />
      <TestMethod codeBase="c:\Repos\Nucleus\Nucleus.Net.Libs\Framework\Eliassen.System.Tests\bin\Release\net8.0\Eliassen.System.Tests.dll" adapterTypeName="executor://mstestadapter/v2" className="Eliassen.System.Tests.Linq.QueryableExtensionsTests" name="ExecuteByTest_Sort" />
    </UnitTest>
    <UnitTest name="ToEnumTest (0,Val0)" storage="c:\repos\nucleus\nucleus.net.libs\framework\eliassen.system.tests\bin\release\net8.0\eliassen.system.tests.dll" id="2d610960-5163-7dee-2e11-4657bfeeb260" xmlns="http://microsoft.com/schemas/VisualStudio/TeamTest/2010">
      <TestCategory>
        <TestCategoryItem TestCategory="Unit" />
      </TestCategory>
      <Execution id="440b325e-4bb4-4744-9954-67b181635bc2" />
      <TestMethod codeBase="c:\Repos\Nucleus\Nucleus.Net.Libs\Framework\Eliassen.System.Tests\bin\Release\net8.0\Eliassen.System.Tests.dll" adapterTypeName="executor://mstestadapter/v2" className="Eliassen.System.Tests.Reflection.EnumExtensionsTests" name="ToEnumTest" />
    </UnitTest>
    <UnitTest name="ToEnumTest (name,name2|test name,WithEnumValue, WithMemberName, WithDisplay)" storage="c:\repos\nucleus\nucleus.net.libs\framework\eliassen.system.tests\bin\release\net8.0\eliassen.system.tests.dll" id="5a587cdd-33a2-0450-b436-28e3c32ca2bc" xmlns="http://microsoft.com/schemas/VisualStudio/TeamTest/2010">
      <TestCategory>
        <TestCategoryItem TestCategory="Unit" />
      </TestCategory>
      <Execution id="6be602ab-7126-46c6-a9d1-75c6cbbceaf0" />
      <TestMethod codeBase="c:\Repos\Nucleus\Nucleus.Net.Libs\Framework\Eliassen.System.Tests\bin\Release\net8.0\Eliassen.System.Tests.dll" adapterTypeName="executor://mstestadapter/v2" className="Eliassen.System.Tests.Reflection.EnumExtensionsTests" name="ToEnumTest" />
    </UnitTest>
    <UnitTest name="ToEnumTest (2,Val2)" storage="c:\repos\nucleus\nucleus.net.libs\framework\eliassen.system.tests\bin\release\net8.0\eliassen.system.tests.dll" id="4dd54268-ca5c-f2ac-0f75-c1f879346a6a" xmlns="http://microsoft.com/schemas/VisualStudio/TeamTest/2010">
      <TestCategory>
        <TestCategoryItem TestCategory="Unit" />
      </TestCategory>
      <Execution id="cd953fb9-5bee-4fd9-a2de-b4fd01eff5fd" />
      <TestMethod codeBase="c:\Repos\Nucleus\Nucleus.Net.Libs\Framework\Eliassen.System.Tests\bin\Release\net8.0\Eliassen.System.Tests.dll" adapterTypeName="executor://mstestadapter/v2" className="Eliassen.System.Tests.Reflection.EnumExtensionsTests" name="ToEnumTest" />
    </UnitTest>
    <UnitTest name="ToEnumTest (Val1,Val1)" storage="c:\repos\nucleus\nucleus.net.libs\framework\eliassen.system.tests\bin\release\net8.0\eliassen.system.tests.dll" id="fead0924-ca29-6130-f519-2482f200a666" xmlns="http://microsoft.com/schemas/VisualStudio/TeamTest/2010">
      <TestCategory>
        <TestCategoryItem TestCategory="Unit" />
      </TestCategory>
      <Execution id="47c649b6-b029-430b-a7bc-62b99ee7a453" />
      <TestMethod codeBase="c:\Repos\Nucleus\Nucleus.Net.Libs\Framework\Eliassen.System.Tests\bin\Release\net8.0\Eliassen.System.Tests.dll" adapterTypeName="executor://mstestadapter/v2" className="Eliassen.System.Tests.Reflection.EnumExtensionsTests" name="ToEnumTest" />
    </UnitTest>
    <UnitTest name="ToEnumTest (name2,WithMemberName)" storage="c:\repos\nucleus\nucleus.net.libs\framework\eliassen.system.tests\bin\release\net8.0\eliassen.system.tests.dll" id="c0747f59-826b-81b4-d050-0ed251150a5f" xmlns="http://microsoft.com/schemas/VisualStudio/TeamTest/2010">
      <TestCategory>
        <TestCategoryItem TestCategory="Unit" />
      </TestCategory>
      <Execution id="cb53f06d-b81b-4578-aa16-3394a1ed38b9" />
      <TestMethod codeBase="c:\Repos\Nucleus\Nucleus.Net.Libs\Framework\Eliassen.System.Tests\bin\Release\net8.0\Eliassen.System.Tests.dll" adapterTypeName="executor://mstestadapter/v2" className="Eliassen.System.Tests.Reflection.EnumExtensionsTests" name="ToEnumTest" />
    </UnitTest>
  </TestDefinitions>
  <TestEntries >
    <TestEntry testId="94603f64-5739-e688-dcfd-6687308b4a9a" executionId="6e01a240-60d9-4a5b-9ad3-3e1f89c53a0d" testListId="8c84fa94-04c1-424b-9868-57a2d4851a1d" xmlns="http://microsoft.com/schemas/VisualStudio/TeamTest/2010" />
    <TestEntry testId="de980556-11bb-d6e9-c03a-e5592a3218d5" executionId="596b251f-1d3d-4b8a-a3fa-e6ef9a6ff8f8" testListId="8c84fa94-04c1-424b-9868-57a2d4851a1d" xmlns="http://microsoft.com/schemas/VisualStudio/TeamTest/2010" />
    <TestEntry testId="09f85366-159b-5dce-cdaa-bbbd3e98347c" executionId="5d678d90-b62a-4ebd-8176-51cd26a2c77e" testListId="8c84fa94-04c1-424b-9868-57a2d4851a1d" xmlns="http://microsoft.com/schemas/VisualStudio/TeamTest/2010" />
    <TestEntry testId="4173abf6-6eee-31f5-7205-ad46c7104d49" executionId="51c1e113-e9c8-4367-8bd8-e63a762dbfcc" testListId="8c84fa94-04c1-424b-9868-57a2d4851a1d" xmlns="http://microsoft.com/schemas/VisualStudio/TeamTest/2010" />
    <TestEntry testId="4756cbfe-51aa-abcc-147f-e97a51057db5" executionId="eb357633-7092-4668-a874-22d970b79e18" testListId="8c84fa94-04c1-424b-9868-57a2d4851a1d" xmlns="http://microsoft.com/schemas/VisualStudio/TeamTest/2010" />
    <TestEntry testId="ed2eb3a8-9a8f-8428-0d0a-7e6a2f6200e2" executionId="b104ed24-e1ff-4865-a02c-ed0d7a6c4d36" testListId="8c84fa94-04c1-424b-9868-57a2d4851a1d" xmlns="http://microsoft.com/schemas/VisualStudio/TeamTest/2010" />
    <TestEntry testId="726abc2c-502d-4a5c-e2c7-073f21d793da" executionId="2b4debb3-5319-4126-8dd0-a689cb170bad" testListId="8c84fa94-04c1-424b-9868-57a2d4851a1d" xmlns="http://microsoft.com/schemas/VisualStudio/TeamTest/2010" />
    <TestEntry testId="8aec3498-0c1a-9091-2458-51d1c67933bf" executionId="2153ef30-e652-4a24-8589-cf539a9bcdd9" testListId="8c84fa94-04c1-424b-9868-57a2d4851a1d" xmlns="http://microsoft.com/schemas/VisualStudio/TeamTest/2010" />
    <TestEntry testId="bb6d8621-db33-2366-8e82-a87beebdef19" executionId="6c2b200c-78fd-4a44-b9ef-f927b13642d8" testListId="8c84fa94-04c1-424b-9868-57a2d4851a1d" xmlns="http://microsoft.com/schemas/VisualStudio/TeamTest/2010" />
    <TestEntry testId="35da343a-5826-ac4c-688a-c2bbf7572a30" executionId="6e2bb3ae-e5b3-4fca-a28f-96c36db85a30" testListId="8c84fa94-04c1-424b-9868-57a2d4851a1d" xmlns="http://microsoft.com/schemas/VisualStudio/TeamTest/2010" />
    <TestEntry testId="01e51d56-c992-5e2d-f6ea-cf3f1977a589" executionId="6415d5e4-c448-4f58-8b70-fc67add12f05" testListId="8c84fa94-04c1-424b-9868-57a2d4851a1d" xmlns="http://microsoft.com/schemas/VisualStudio/TeamTest/2010" />
    <TestEntry testId="419ef0dc-c4eb-bdc4-db64-68fe0fa43397" executionId="14f48d40-93c0-4191-ac19-de53e7842230" testListId="8c84fa94-04c1-424b-9868-57a2d4851a1d" xmlns="http://microsoft.com/schemas/VisualStudio/TeamTest/2010" />
    <TestEntry testId="5bb4fd62-5d31-f92e-3aec-4b3c222ba16c" executionId="ebe7bf47-740a-4e9c-bebc-c6cea4e55297" testListId="8c84fa94-04c1-424b-9868-57a2d4851a1d" xmlns="http://microsoft.com/schemas/VisualStudio/TeamTest/2010" />
    <TestEntry testId="6e40d08d-5283-ed81-5042-cf4b25b8a9b0" executionId="5d6877f9-52f2-4858-a9f0-2c6f98907531" testListId="8c84fa94-04c1-424b-9868-57a2d4851a1d" xmlns="http://microsoft.com/schemas/VisualStudio/TeamTest/2010" />
    <TestEntry testId="bfc7f80f-e281-5816-dc57-387e099d2a10" executionId="58a120ff-e19a-4863-a9cf-a61ec443e57f" testListId="8c84fa94-04c1-424b-9868-57a2d4851a1d" xmlns="http://microsoft.com/schemas/VisualStudio/TeamTest/2010" />
    <TestEntry testId="b14f6909-8be4-5d0a-1d4e-766cb1e4abd6" executionId="ecd1512c-d027-45d2-97e9-bba17566d02b" testListId="8c84fa94-04c1-424b-9868-57a2d4851a1d" xmlns="http://microsoft.com/schemas/VisualStudio/TeamTest/2010" />
    <TestEntry testId="5745a05f-6078-14a6-d124-e23b5e51504a" executionId="347cc0cf-ae93-4035-8572-07ad7ce12711" testListId="8c84fa94-04c1-424b-9868-57a2d4851a1d" xmlns="http://microsoft.com/schemas/VisualStudio/TeamTest/2010" />
    <TestEntry testId="a324304b-8c70-70d6-1085-fa9cbf413d33" executionId="f63feb56-4790-425d-a04c-83336c03354f" testListId="8c84fa94-04c1-424b-9868-57a2d4851a1d" xmlns="http://microsoft.com/schemas/VisualStudio/TeamTest/2010" />
    <TestEntry testId="a7d78227-c63c-3e96-292c-bbd5ac9217f2" executionId="001d8462-445b-4aea-a4f8-25a97cdcb277" testListId="8c84fa94-04c1-424b-9868-57a2d4851a1d" xmlns="http://microsoft.com/schemas/VisualStudio/TeamTest/2010" />
    <TestEntry testId="f5306a38-7e9d-ad71-73c6-1c694342dc21" executionId="5855db80-856f-49ea-a482-de95f8eff967" testListId="8c84fa94-04c1-424b-9868-57a2d4851a1d" xmlns="http://microsoft.com/schemas/VisualStudio/TeamTest/2010" />
    <TestEntry testId="b6498f29-1231-5fcf-4954-1746daa0500d" executionId="f4565805-a573-4ea7-a0ad-2f0ab9ed58e8" testListId="8c84fa94-04c1-424b-9868-57a2d4851a1d" xmlns="http://microsoft.com/schemas/VisualStudio/TeamTest/2010" />
    <TestEntry testId="f70a4315-fac4-e7d3-3678-874f4359a2e2" executionId="5e8e79e5-8e80-44c1-ba36-bdb5468e9341" testListId="8c84fa94-04c1-424b-9868-57a2d4851a1d" xmlns="http://microsoft.com/schemas/VisualStudio/TeamTest/2010" />
    <TestEntry testId="7fd160bc-3b5b-e6e2-40ae-1974536260f2" executionId="3e8946fc-c1f2-45d0-ab9e-e069dc94008e" testListId="8c84fa94-04c1-424b-9868-57a2d4851a1d" xmlns="http://microsoft.com/schemas/VisualStudio/TeamTest/2010" />
    <TestEntry testId="256bd52f-eccc-f32c-0e34-b0f4b03b83cc" executionId="56aa5e2f-eda5-47c6-9d53-dbb584619060" testListId="8c84fa94-04c1-424b-9868-57a2d4851a1d" xmlns="http://microsoft.com/schemas/VisualStudio/TeamTest/2010" />
    <TestEntry testId="a4cc6556-4b38-556d-d138-b0c8009279f3" executionId="13bfb656-7811-43d7-b9e1-b670d522e876" testListId="8c84fa94-04c1-424b-9868-57a2d4851a1d" xmlns="http://microsoft.com/schemas/VisualStudio/TeamTest/2010" />
    <TestEntry testId="b6498f29-1231-5fcf-4954-1746daa0500d" executionId="9327946f-59c9-41e1-aab0-fb925653f2e3" testListId="8c84fa94-04c1-424b-9868-57a2d4851a1d" xmlns="http://microsoft.com/schemas/VisualStudio/TeamTest/2010" />
    <TestEntry testId="b6498f29-1231-5fcf-4954-1746daa0500d" executionId="0aa20751-0c9d-4858-a6f5-3b19a02a185b" testListId="8c84fa94-04c1-424b-9868-57a2d4851a1d" xmlns="http://microsoft.com/schemas/VisualStudio/TeamTest/2010" />
    <TestEntry testId="a29d2822-126a-1900-33c2-f20f68d10c99" executionId="72d9d6c2-9f20-42fe-95c8-6666cd144d4d" testListId="8c84fa94-04c1-424b-9868-57a2d4851a1d" xmlns="http://microsoft.com/schemas/VisualStudio/TeamTest/2010" />
    <TestEntry testId="b6498f29-1231-5fcf-4954-1746daa0500d" executionId="b250f8dd-d47e-4456-b70c-3eaa1ea4abae" testListId="8c84fa94-04c1-424b-9868-57a2d4851a1d" xmlns="http://microsoft.com/schemas/VisualStudio/TeamTest/2010" />
    <TestEntry testId="b6498f29-1231-5fcf-4954-1746daa0500d" executionId="d8f435ca-fe01-4425-b47b-a55ff749a1fa" testListId="8c84fa94-04c1-424b-9868-57a2d4851a1d" xmlns="http://microsoft.com/schemas/VisualStudio/TeamTest/2010" />
    <TestEntry testId="b6498f29-1231-5fcf-4954-1746daa0500d" executionId="53ef6224-0a0d-4071-8636-a52303c84371" testListId="8c84fa94-04c1-424b-9868-57a2d4851a1d" xmlns="http://microsoft.com/schemas/VisualStudio/TeamTest/2010" />
    <TestEntry testId="e350703c-47df-56f0-b995-a52c38b53eca" executionId="0f0ee393-765e-41e5-b419-0263e410d3ad" testListId="8c84fa94-04c1-424b-9868-57a2d4851a1d" xmlns="http://microsoft.com/schemas/VisualStudio/TeamTest/2010" />
    <TestEntry testId="5b534773-a7de-3872-277f-efb65d408d74" executionId="d4365410-3cdf-40e6-8f00-121bdef4130c" testListId="8c84fa94-04c1-424b-9868-57a2d4851a1d" xmlns="http://microsoft.com/schemas/VisualStudio/TeamTest/2010" />
    <TestEntry testId="ae78ea2a-fb45-acf1-0ad8-63e696d22475" executionId="5c307fcc-2c61-426f-aacc-a8c952b57352" testListId="8c84fa94-04c1-424b-9868-57a2d4851a1d" xmlns="http://microsoft.com/schemas/VisualStudio/TeamTest/2010" />
    <TestEntry testId="b6498f29-1231-5fcf-4954-1746daa0500d" executionId="8f3cdf61-b4c2-419d-aeae-7e92888f9ffa" testListId="8c84fa94-04c1-424b-9868-57a2d4851a1d" xmlns="http://microsoft.com/schemas/VisualStudio/TeamTest/2010" />
    <TestEntry testId="870b9428-08e8-f91f-14b9-7fcf33dc2d0f" executionId="9ab09826-a8ab-4d76-81de-f2bf4cf0d650" testListId="8c84fa94-04c1-424b-9868-57a2d4851a1d" xmlns="http://microsoft.com/schemas/VisualStudio/TeamTest/2010" />
    <TestEntry testId="b6498f29-1231-5fcf-4954-1746daa0500d" executionId="8829681a-8fe4-4fdc-aa96-e4dcf57905ac" testListId="8c84fa94-04c1-424b-9868-57a2d4851a1d" xmlns="http://microsoft.com/schemas/VisualStudio/TeamTest/2010" />
    <TestEntry testId="e350703c-47df-56f0-b995-a52c38b53eca" executionId="f8a12a1f-fc5b-4d4b-968d-de04003f6f10" testListId="8c84fa94-04c1-424b-9868-57a2d4851a1d" xmlns="http://microsoft.com/schemas/VisualStudio/TeamTest/2010" />
    <TestEntry testId="732c5a4d-db4b-042b-cb1a-6907849de0ac" executionId="c92d14f0-314d-4a74-bedf-73cf1b1180a3" testListId="8c84fa94-04c1-424b-9868-57a2d4851a1d" xmlns="http://microsoft.com/schemas/VisualStudio/TeamTest/2010" />
    <TestEntry testId="7fd160bc-3b5b-e6e2-40ae-1974536260f2" executionId="cadcdda2-2b5c-4dcf-b665-1cecd4eab2e9" testListId="8c84fa94-04c1-424b-9868-57a2d4851a1d" xmlns="http://microsoft.com/schemas/VisualStudio/TeamTest/2010" />
    <TestEntry testId="7b12bac5-6c5a-eb66-849a-aaf0e16f59af" executionId="114826b1-06c0-47fb-809a-ac43cfc53241" testListId="8c84fa94-04c1-424b-9868-57a2d4851a1d" xmlns="http://microsoft.com/schemas/VisualStudio/TeamTest/2010" />
    <TestEntry testId="d1d4b925-a073-2286-7de7-05497c979951" executionId="de5144db-0a04-4e7e-a0e4-d544e89ae2a5" testListId="8c84fa94-04c1-424b-9868-57a2d4851a1d" xmlns="http://microsoft.com/schemas/VisualStudio/TeamTest/2010" />
    <TestEntry testId="03bc167f-0b26-903d-31a8-efafdb2faab7" executionId="75fba6ff-1009-4289-bb2a-87cedeae2528" testListId="8c84fa94-04c1-424b-9868-57a2d4851a1d" xmlns="http://microsoft.com/schemas/VisualStudio/TeamTest/2010" />
    <TestEntry testId="4c8eceef-7f0a-45c8-d030-0b823248b815" executionId="a6e40d14-7b7d-4bad-bc94-91cf967b2881" testListId="8c84fa94-04c1-424b-9868-57a2d4851a1d" xmlns="http://microsoft.com/schemas/VisualStudio/TeamTest/2010" />
    <TestEntry testId="6ecbf29a-b1dc-ecb1-c997-c95f3b46593a" executionId="585d5564-d377-430c-b14e-887fd221dd4d" testListId="8c84fa94-04c1-424b-9868-57a2d4851a1d" xmlns="http://microsoft.com/schemas/VisualStudio/TeamTest/2010" />
    <TestEntry testId="b6498f29-1231-5fcf-4954-1746daa0500d" executionId="2d28edbb-269d-4b79-94de-f99a53e92eea" testListId="8c84fa94-04c1-424b-9868-57a2d4851a1d" xmlns="http://microsoft.com/schemas/VisualStudio/TeamTest/2010" />
    <TestEntry testId="f90f5d2f-9a6e-b4bc-022c-ce37e3e49a29" executionId="b9e73a98-08e3-40c1-ad61-789aceae747f" testListId="8c84fa94-04c1-424b-9868-57a2d4851a1d" xmlns="http://microsoft.com/schemas/VisualStudio/TeamTest/2010" />
    <TestEntry testId="2f56b32e-ea97-c552-8dea-074dcb4e0dc0" executionId="b59e25e3-e497-43a5-aa11-55981fe1a6e7" testListId="8c84fa94-04c1-424b-9868-57a2d4851a1d" xmlns="http://microsoft.com/schemas/VisualStudio/TeamTest/2010" />
    <TestEntry testId="b6498f29-1231-5fcf-4954-1746daa0500d" executionId="97cbf790-b00f-47cc-a4e0-df95c33e78b6" testListId="8c84fa94-04c1-424b-9868-57a2d4851a1d" xmlns="http://microsoft.com/schemas/VisualStudio/TeamTest/2010" />
    <TestEntry testId="e350703c-47df-56f0-b995-a52c38b53eca" executionId="4291b204-707e-4899-b6cb-ae32ee1bea80" testListId="8c84fa94-04c1-424b-9868-57a2d4851a1d" xmlns="http://microsoft.com/schemas/VisualStudio/TeamTest/2010" />
    <TestEntry testId="8ef63a3f-2208-ac88-5a22-493d4beeaeda" executionId="a1812061-13cf-4b9c-bd2d-3bbd9e5b73a3" testListId="8c84fa94-04c1-424b-9868-57a2d4851a1d" xmlns="http://microsoft.com/schemas/VisualStudio/TeamTest/2010" />
    <TestEntry testId="e350703c-47df-56f0-b995-a52c38b53eca" executionId="86ba3ebe-5f54-4207-9944-27a5baf41d7a" testListId="8c84fa94-04c1-424b-9868-57a2d4851a1d" xmlns="http://microsoft.com/schemas/VisualStudio/TeamTest/2010" />
    <TestEntry testId="5adbf889-f6cc-6aad-7fc3-6b99d44bef4c" executionId="7a8c4749-8eaf-430d-8ea6-2a33beb67ac4" testListId="8c84fa94-04c1-424b-9868-57a2d4851a1d" xmlns="http://microsoft.com/schemas/VisualStudio/TeamTest/2010" />
    <TestEntry testId="b6498f29-1231-5fcf-4954-1746daa0500d" executionId="2a30ce7b-aea2-41a4-989a-638db8085527" testListId="8c84fa94-04c1-424b-9868-57a2d4851a1d" xmlns="http://microsoft.com/schemas/VisualStudio/TeamTest/2010" />
    <TestEntry testId="b6498f29-1231-5fcf-4954-1746daa0500d" executionId="1e575f31-6aaa-4f5c-b975-94672472f082" testListId="8c84fa94-04c1-424b-9868-57a2d4851a1d" xmlns="http://microsoft.com/schemas/VisualStudio/TeamTest/2010" />
    <TestEntry testId="b6498f29-1231-5fcf-4954-1746daa0500d" executionId="b368ef1d-400b-4b97-a27a-8d9e51d478ae" testListId="8c84fa94-04c1-424b-9868-57a2d4851a1d" xmlns="http://microsoft.com/schemas/VisualStudio/TeamTest/2010" />
    <TestEntry testId="7fd160bc-3b5b-e6e2-40ae-1974536260f2" executionId="7940fb92-1771-42e8-aad7-805a2d793fee" testListId="8c84fa94-04c1-424b-9868-57a2d4851a1d" xmlns="http://microsoft.com/schemas/VisualStudio/TeamTest/2010" />
    <TestEntry testId="b6498f29-1231-5fcf-4954-1746daa0500d" executionId="f7a48fda-8618-4318-ae2e-296fa9444f62" testListId="8c84fa94-04c1-424b-9868-57a2d4851a1d" xmlns="http://microsoft.com/schemas/VisualStudio/TeamTest/2010" />
    <TestEntry testId="e7f0575b-0e45-f2ce-4918-0b10042b2324" executionId="41996149-c087-4190-a6a0-8ccbbc74841a" testListId="8c84fa94-04c1-424b-9868-57a2d4851a1d" xmlns="http://microsoft.com/schemas/VisualStudio/TeamTest/2010" />
    <TestEntry testId="e350703c-47df-56f0-b995-a52c38b53eca" executionId="0ad854b9-b802-4cb1-9758-3266ffa598d2" testListId="8c84fa94-04c1-424b-9868-57a2d4851a1d" xmlns="http://microsoft.com/schemas/VisualStudio/TeamTest/2010" />
    <TestEntry testId="e350703c-47df-56f0-b995-a52c38b53eca" executionId="e1bb9e1f-1890-47ad-9bd0-039b3cc8c532" testListId="8c84fa94-04c1-424b-9868-57a2d4851a1d" xmlns="http://microsoft.com/schemas/VisualStudio/TeamTest/2010" />
    <TestEntry testId="e350703c-47df-56f0-b995-a52c38b53eca" executionId="9294a334-4a25-4ce1-94c0-b8faef08d794" testListId="8c84fa94-04c1-424b-9868-57a2d4851a1d" xmlns="http://microsoft.com/schemas/VisualStudio/TeamTest/2010" />
    <TestEntry testId="0ce23f0f-8bc9-01fa-938b-d8a470ad42da" executionId="71c2a55c-aa2e-43ec-8e30-fc43fe90c338" testListId="8c84fa94-04c1-424b-9868-57a2d4851a1d" xmlns="http://microsoft.com/schemas/VisualStudio/TeamTest/2010" />
    <TestEntry testId="b6498f29-1231-5fcf-4954-1746daa0500d" executionId="59b85e47-fa6f-48dc-9872-f7db7a29fdd0" testListId="8c84fa94-04c1-424b-9868-57a2d4851a1d" xmlns="http://microsoft.com/schemas/VisualStudio/TeamTest/2010" />
    <TestEntry testId="b6498f29-1231-5fcf-4954-1746daa0500d" executionId="b28f2bce-74e2-4c5f-991c-5b8cd8e9bb76" testListId="8c84fa94-04c1-424b-9868-57a2d4851a1d" xmlns="http://microsoft.com/schemas/VisualStudio/TeamTest/2010" />
    <TestEntry testId="7fd160bc-3b5b-e6e2-40ae-1974536260f2" executionId="fc0d6ffa-0872-4997-b528-094e812d3e10" testListId="8c84fa94-04c1-424b-9868-57a2d4851a1d" xmlns="http://microsoft.com/schemas/VisualStudio/TeamTest/2010" />
    <TestEntry testId="08742191-32e9-b72f-e313-52355290b27f" executionId="8c3728eb-7e82-41f8-8a84-7e7016b0fc90" testListId="8c84fa94-04c1-424b-9868-57a2d4851a1d" xmlns="http://microsoft.com/schemas/VisualStudio/TeamTest/2010" />
    <TestEntry testId="61f88788-2c55-84c0-718f-430b9d9da684" executionId="937b5e79-08cf-4da6-9ba7-750eea9dc365" testListId="8c84fa94-04c1-424b-9868-57a2d4851a1d" xmlns="http://microsoft.com/schemas/VisualStudio/TeamTest/2010" />
    <TestEntry testId="4bae6e3b-0e6b-3eea-a810-61843449ebf1" executionId="c2831369-ee02-46f9-b90a-9a36c04e3285" testListId="8c84fa94-04c1-424b-9868-57a2d4851a1d" xmlns="http://microsoft.com/schemas/VisualStudio/TeamTest/2010" />
    <TestEntry testId="b6498f29-1231-5fcf-4954-1746daa0500d" executionId="2f6221f2-4035-44b0-9dd0-e3b63cc05ba6" testListId="8c84fa94-04c1-424b-9868-57a2d4851a1d" xmlns="http://microsoft.com/schemas/VisualStudio/TeamTest/2010" />
    <TestEntry testId="9d534b02-84b2-367f-c306-46ab610b3ce8" executionId="03ba2789-3376-4795-ab05-ef58763f72f5" testListId="8c84fa94-04c1-424b-9868-57a2d4851a1d" xmlns="http://microsoft.com/schemas/VisualStudio/TeamTest/2010" />
    <TestEntry testId="9c016915-9649-a737-5d1d-30f1b46f0f52" executionId="5d518e8e-fdda-4012-ae24-5ee29c2eadcf" testListId="8c84fa94-04c1-424b-9868-57a2d4851a1d" xmlns="http://microsoft.com/schemas/VisualStudio/TeamTest/2010" />
    <TestEntry testId="d8d8a1a1-adc8-f6f3-d3ba-c826da19378d" executionId="0c50bea2-1609-4d8f-a2ba-8688e499c8ef" testListId="8c84fa94-04c1-424b-9868-57a2d4851a1d" xmlns="http://microsoft.com/schemas/VisualStudio/TeamTest/2010" />
    <TestEntry testId="f3383018-7bb0-86e7-cb57-311d72bf2f87" executionId="6f225d3d-510c-42db-a244-8fa8f37c6258" testListId="8c84fa94-04c1-424b-9868-57a2d4851a1d" xmlns="http://microsoft.com/schemas/VisualStudio/TeamTest/2010" />
    <TestEntry testId="8b1420f0-bc43-5012-8cb5-88e2921cbdb8" executionId="91424d8f-0a41-45ab-a266-a31a20e5fa8e" testListId="8c84fa94-04c1-424b-9868-57a2d4851a1d" xmlns="http://microsoft.com/schemas/VisualStudio/TeamTest/2010" />
    <TestEntry testId="b6498f29-1231-5fcf-4954-1746daa0500d" executionId="34e686a1-3dee-455d-ad67-293900b86e81" testListId="8c84fa94-04c1-424b-9868-57a2d4851a1d" xmlns="http://microsoft.com/schemas/VisualStudio/TeamTest/2010" />
    <TestEntry testId="07b77574-2211-0cfd-4e91-7ca72fa17247" executionId="59684d41-227c-4bd0-a7bc-089655e1a9c2" testListId="8c84fa94-04c1-424b-9868-57a2d4851a1d" xmlns="http://microsoft.com/schemas/VisualStudio/TeamTest/2010" />
    <TestEntry testId="f7610c58-39c1-dc34-d9ea-1e44edcbee42" executionId="49eb3481-2573-4649-b0cc-967a6f578d90" testListId="8c84fa94-04c1-424b-9868-57a2d4851a1d" xmlns="http://microsoft.com/schemas/VisualStudio/TeamTest/2010" />
    <TestEntry testId="7fd160bc-3b5b-e6e2-40ae-1974536260f2" executionId="a04861c2-1aad-4554-9ebe-6eaa23601a48" testListId="8c84fa94-04c1-424b-9868-57a2d4851a1d" xmlns="http://microsoft.com/schemas/VisualStudio/TeamTest/2010" />
    <TestEntry testId="b6498f29-1231-5fcf-4954-1746daa0500d" executionId="bab0c29e-93c1-4b0c-9ca2-ea02d84d2af4" testListId="8c84fa94-04c1-424b-9868-57a2d4851a1d" xmlns="http://microsoft.com/schemas/VisualStudio/TeamTest/2010" />
    <TestEntry testId="453dc636-d45b-01e0-2e5e-4e973ba64495" executionId="f4f58a3a-9dd6-4bea-9135-de7d5d06e906" testListId="8c84fa94-04c1-424b-9868-57a2d4851a1d" xmlns="http://microsoft.com/schemas/VisualStudio/TeamTest/2010" />
    <TestEntry testId="94eba969-c82f-9e81-1248-494bdd4f32c8" executionId="1b8eec7c-884a-48bb-bff5-941167fded19" testListId="8c84fa94-04c1-424b-9868-57a2d4851a1d" xmlns="http://microsoft.com/schemas/VisualStudio/TeamTest/2010" />
    <TestEntry testId="83cb0395-740b-4b48-1b9a-9d0379b2c4b0" executionId="4b78ce55-25fc-4cd7-a354-2245c6ad8a57" testListId="8c84fa94-04c1-424b-9868-57a2d4851a1d" xmlns="http://microsoft.com/schemas/VisualStudio/TeamTest/2010" />
    <TestEntry testId="1c0197db-d7ab-18ba-d57c-a34403249bdb" executionId="d2b993f9-fcc7-4128-bcc7-bf460f2ba2f2" testListId="8c84fa94-04c1-424b-9868-57a2d4851a1d" xmlns="http://microsoft.com/schemas/VisualStudio/TeamTest/2010" />
    <TestEntry testId="e350703c-47df-56f0-b995-a52c38b53eca" executionId="4c9a7c36-1271-4506-9238-3cfca661883e" testListId="8c84fa94-04c1-424b-9868-57a2d4851a1d" xmlns="http://microsoft.com/schemas/VisualStudio/TeamTest/2010" />
    <TestEntry testId="e350703c-47df-56f0-b995-a52c38b53eca" executionId="6a613acc-4ebe-4253-b584-6bac45aa3967" testListId="8c84fa94-04c1-424b-9868-57a2d4851a1d" xmlns="http://microsoft.com/schemas/VisualStudio/TeamTest/2010" />
    <TestEntry testId="e72dc3eb-3aa5-dc4a-4345-13e88f385e6f" executionId="25621b32-9788-4ffd-bbb3-3172039bde94" testListId="8c84fa94-04c1-424b-9868-57a2d4851a1d" xmlns="http://microsoft.com/schemas/VisualStudio/TeamTest/2010" />
    <TestEntry testId="d4b770b3-94e8-d07a-03aa-f3335b9b4c71" executionId="76ee8bfb-8eb6-432d-a47c-6f1070f50c8d" testListId="8c84fa94-04c1-424b-9868-57a2d4851a1d" xmlns="http://microsoft.com/schemas/VisualStudio/TeamTest/2010" />
    <TestEntry testId="4ba16b26-1543-65b7-5999-fbd5f1c9af2e" executionId="c4b4b076-59d5-40ac-8efb-e977710c044b" testListId="8c84fa94-04c1-424b-9868-57a2d4851a1d" xmlns="http://microsoft.com/schemas/VisualStudio/TeamTest/2010" />
    <TestEntry testId="b6498f29-1231-5fcf-4954-1746daa0500d" executionId="dce72e29-632e-47dc-bbc1-f58779a74ee9" testListId="8c84fa94-04c1-424b-9868-57a2d4851a1d" xmlns="http://microsoft.com/schemas/VisualStudio/TeamTest/2010" />
    <TestEntry testId="7fd160bc-3b5b-e6e2-40ae-1974536260f2" executionId="526182fe-e757-426e-95a2-07052a983c73" testListId="8c84fa94-04c1-424b-9868-57a2d4851a1d" xmlns="http://microsoft.com/schemas/VisualStudio/TeamTest/2010" />
    <TestEntry testId="7fd160bc-3b5b-e6e2-40ae-1974536260f2" executionId="704e991b-7ba0-42b1-8420-d9e1121f8a98" testListId="8c84fa94-04c1-424b-9868-57a2d4851a1d" xmlns="http://microsoft.com/schemas/VisualStudio/TeamTest/2010" />
    <TestEntry testId="b6498f29-1231-5fcf-4954-1746daa0500d" executionId="ff31b02d-92f1-4a23-ab77-1f52a72cdd68" testListId="8c84fa94-04c1-424b-9868-57a2d4851a1d" xmlns="http://microsoft.com/schemas/VisualStudio/TeamTest/2010" />
    <TestEntry testId="7fd160bc-3b5b-e6e2-40ae-1974536260f2" executionId="cd166129-ebb1-4a32-89a6-506b5f4cb5cc" testListId="8c84fa94-04c1-424b-9868-57a2d4851a1d" xmlns="http://microsoft.com/schemas/VisualStudio/TeamTest/2010" />
    <TestEntry testId="47e6ed14-b917-99ad-5b18-0068efac17a3" executionId="081f0687-a679-48c1-9b0d-ad2cdf818253" testListId="8c84fa94-04c1-424b-9868-57a2d4851a1d" xmlns="http://microsoft.com/schemas/VisualStudio/TeamTest/2010" />
    <TestEntry testId="3dc461cc-f900-b7f4-a669-e9cf3ad5e21f" executionId="8d926700-f08e-4533-b91c-11c58b137159" testListId="8c84fa94-04c1-424b-9868-57a2d4851a1d" xmlns="http://microsoft.com/schemas/VisualStudio/TeamTest/2010" />
    <TestEntry testId="b6498f29-1231-5fcf-4954-1746daa0500d" executionId="07223346-cd3a-49fb-92cc-261cdb9f07ac" testListId="8c84fa94-04c1-424b-9868-57a2d4851a1d" xmlns="http://microsoft.com/schemas/VisualStudio/TeamTest/2010" />
    <TestEntry testId="9576cb6d-ffa5-4a23-9c7a-c5c6b213d46b" executionId="dda288b5-a828-43c3-8b7a-238bbc3fb4f5" testListId="8c84fa94-04c1-424b-9868-57a2d4851a1d" xmlns="http://microsoft.com/schemas/VisualStudio/TeamTest/2010" />
    <TestEntry testId="2afd86f4-f805-4173-f71e-3601047a250f" executionId="6c97af5c-71ee-4d28-9612-660592faa3a0" testListId="8c84fa94-04c1-424b-9868-57a2d4851a1d" xmlns="http://microsoft.com/schemas/VisualStudio/TeamTest/2010" />
    <TestEntry testId="e350703c-47df-56f0-b995-a52c38b53eca" executionId="7bb3a9fb-9584-40a0-8fff-6d97fef8a37f" testListId="8c84fa94-04c1-424b-9868-57a2d4851a1d" xmlns="http://microsoft.com/schemas/VisualStudio/TeamTest/2010" />
    <TestEntry testId="22e1214e-1ba0-eff7-afd4-b4d39ec562d0" executionId="cc8bc3b4-3b04-4e3d-9224-537c79846b48" testListId="8c84fa94-04c1-424b-9868-57a2d4851a1d" xmlns="http://microsoft.com/schemas/VisualStudio/TeamTest/2010" />
    <TestEntry testId="565e6ddc-fd0f-5db8-1ac5-68872b2812d2" executionId="872c0f44-be3f-4adc-bbff-0be0070627bd" testListId="8c84fa94-04c1-424b-9868-57a2d4851a1d" xmlns="http://microsoft.com/schemas/VisualStudio/TeamTest/2010" />
    <TestEntry testId="e04a7402-3dc9-8f57-2d10-a3c52c312b82" executionId="52c40c52-cc8e-43d7-ade3-ffc6e832e77d" testListId="8c84fa94-04c1-424b-9868-57a2d4851a1d" xmlns="http://microsoft.com/schemas/VisualStudio/TeamTest/2010" />
    <TestEntry testId="e350703c-47df-56f0-b995-a52c38b53eca" executionId="40967ad6-3c77-4edf-bf13-8be11123e8b8" testListId="8c84fa94-04c1-424b-9868-57a2d4851a1d" xmlns="http://microsoft.com/schemas/VisualStudio/TeamTest/2010" />
    <TestEntry testId="b6498f29-1231-5fcf-4954-1746daa0500d" executionId="57204702-b61a-421d-8c28-918ae37f3944" testListId="8c84fa94-04c1-424b-9868-57a2d4851a1d" xmlns="http://microsoft.com/schemas/VisualStudio/TeamTest/2010" />
    <TestEntry testId="13ba63b2-5c84-95d0-21d1-9a4a67161373" executionId="0057e908-bce0-46f6-b01a-2ec234df870f" testListId="8c84fa94-04c1-424b-9868-57a2d4851a1d" xmlns="http://microsoft.com/schemas/VisualStudio/TeamTest/2010" />
    <TestEntry testId="52063650-6233-2d8a-fadf-ea1a53f7d6ed" executionId="5e34559a-a24e-483a-889d-c9b95aada6aa" testListId="8c84fa94-04c1-424b-9868-57a2d4851a1d" xmlns="http://microsoft.com/schemas/VisualStudio/TeamTest/2010" />
    <TestEntry testId="47627ba5-df27-e0c6-8a73-cd58acc26311" executionId="d5fdbe24-d05e-46b4-afad-b80457d79b51" testListId="8c84fa94-04c1-424b-9868-57a2d4851a1d" xmlns="http://microsoft.com/schemas/VisualStudio/TeamTest/2010" />
    <TestEntry testId="565a0acb-13d2-219f-c2d4-45eaa48431a0" executionId="abc0fc29-0a9d-4319-8249-fb9538ec1fb0" testListId="8c84fa94-04c1-424b-9868-57a2d4851a1d" xmlns="http://microsoft.com/schemas/VisualStudio/TeamTest/2010" />
    <TestEntry testId="f664882a-a952-a76f-bc8f-fcf0578ff20f" executionId="656c0f98-9259-477f-a7a4-c566fc05aa91" testListId="8c84fa94-04c1-424b-9868-57a2d4851a1d" xmlns="http://microsoft.com/schemas/VisualStudio/TeamTest/2010" />
    <TestEntry testId="63fad722-7037-7050-fa28-b32ff1a4ec2f" executionId="9673bcf6-a40b-43aa-8a9b-334712d39a05" testListId="8c84fa94-04c1-424b-9868-57a2d4851a1d" xmlns="http://microsoft.com/schemas/VisualStudio/TeamTest/2010" />
    <TestEntry testId="926b3157-bee3-3ace-b6de-f2a9df622c6d" executionId="e4b9e4ab-86bb-4dde-a9e5-0500e4feadf6" testListId="8c84fa94-04c1-424b-9868-57a2d4851a1d" xmlns="http://microsoft.com/schemas/VisualStudio/TeamTest/2010" />
    <TestEntry testId="c2c5d20e-1a87-0e89-b840-4da7e6550d8e" executionId="15a12256-2338-4420-b4af-e382769f302b" testListId="8c84fa94-04c1-424b-9868-57a2d4851a1d" xmlns="http://microsoft.com/schemas/VisualStudio/TeamTest/2010" />
    <TestEntry testId="39cb097d-2ac2-473c-1a2c-0b1503361457" executionId="df3f923f-158a-44ff-ae94-39745ae1643c" testListId="8c84fa94-04c1-424b-9868-57a2d4851a1d" xmlns="http://microsoft.com/schemas/VisualStudio/TeamTest/2010" />
    <TestEntry testId="7fd160bc-3b5b-e6e2-40ae-1974536260f2" executionId="637d07d5-809c-4d02-83c8-1fa1c0e50fe5" testListId="8c84fa94-04c1-424b-9868-57a2d4851a1d" xmlns="http://microsoft.com/schemas/VisualStudio/TeamTest/2010" />
    <TestEntry testId="14bedb42-2782-a11e-2de6-9497801746f2" executionId="4b8f1281-4ca1-4542-81d6-3cb2e28704a4" testListId="8c84fa94-04c1-424b-9868-57a2d4851a1d" xmlns="http://microsoft.com/schemas/VisualStudio/TeamTest/2010" />
    <TestEntry testId="b6498f29-1231-5fcf-4954-1746daa0500d" executionId="42a084e3-7266-440b-8b79-dc442a384e5b" testListId="8c84fa94-04c1-424b-9868-57a2d4851a1d" xmlns="http://microsoft.com/schemas/VisualStudio/TeamTest/2010" />
    <TestEntry testId="d7c70420-d6f3-67ae-0f6d-9ca685485bae" executionId="2187a2df-e031-4e62-8a66-b1f1670cded9" testListId="8c84fa94-04c1-424b-9868-57a2d4851a1d" xmlns="http://microsoft.com/schemas/VisualStudio/TeamTest/2010" />
    <TestEntry testId="e350703c-47df-56f0-b995-a52c38b53eca" executionId="64e4fcdf-2139-4850-bf9d-2c6e47167441" testListId="8c84fa94-04c1-424b-9868-57a2d4851a1d" xmlns="http://microsoft.com/schemas/VisualStudio/TeamTest/2010" />
    <TestEntry testId="e350703c-47df-56f0-b995-a52c38b53eca" executionId="36486058-b168-46ce-8936-9ef2fff41e4f" testListId="8c84fa94-04c1-424b-9868-57a2d4851a1d" xmlns="http://microsoft.com/schemas/VisualStudio/TeamTest/2010" />
    <TestEntry testId="b6498f29-1231-5fcf-4954-1746daa0500d" executionId="bcb6fab7-8d56-4ed4-af76-c0a88f6cf570" testListId="8c84fa94-04c1-424b-9868-57a2d4851a1d" xmlns="http://microsoft.com/schemas/VisualStudio/TeamTest/2010" />
    <TestEntry testId="7a9a1822-3db2-a438-faf7-05813fd14fc1" executionId="b6a25a0e-0457-44ad-9055-d055f79eee2b" testListId="8c84fa94-04c1-424b-9868-57a2d4851a1d" xmlns="http://microsoft.com/schemas/VisualStudio/TeamTest/2010" />
    <TestEntry testId="f3dca1bb-5884-67f2-50ab-603f9fbc49dc" executionId="af45d1f6-ec24-4a4f-b9b6-2034705cd548" testListId="8c84fa94-04c1-424b-9868-57a2d4851a1d" xmlns="http://microsoft.com/schemas/VisualStudio/TeamTest/2010" />
    <TestEntry testId="b6498f29-1231-5fcf-4954-1746daa0500d" executionId="61baa159-08aa-4ef6-a407-d1d02c8119db" testListId="8c84fa94-04c1-424b-9868-57a2d4851a1d" xmlns="http://microsoft.com/schemas/VisualStudio/TeamTest/2010" />
    <TestEntry testId="c32d9ec7-cf3f-0b90-7da7-80e3553b5fe6" executionId="9dc5f85b-c3bf-472d-9c65-797a7c5b0af1" testListId="8c84fa94-04c1-424b-9868-57a2d4851a1d" xmlns="http://microsoft.com/schemas/VisualStudio/TeamTest/2010" />
    <TestEntry testId="e350703c-47df-56f0-b995-a52c38b53eca" executionId="866ae8e5-36f9-4a8c-b27f-30d0c8cff6f5" testListId="8c84fa94-04c1-424b-9868-57a2d4851a1d" xmlns="http://microsoft.com/schemas/VisualStudio/TeamTest/2010" />
    <TestEntry testId="ee13ccff-da72-4928-eda9-31b17dab013e" executionId="3f34d704-34c1-4fa3-b090-b9a0d9345ed7" testListId="8c84fa94-04c1-424b-9868-57a2d4851a1d" xmlns="http://microsoft.com/schemas/VisualStudio/TeamTest/2010" />
    <TestEntry testId="ad36340e-9d8c-9397-2296-dfdfdd4fb12a" executionId="bf6d5d47-48ef-485f-96cf-8b48c9f69ba1" testListId="8c84fa94-04c1-424b-9868-57a2d4851a1d" xmlns="http://microsoft.com/schemas/VisualStudio/TeamTest/2010" />
    <TestEntry testId="7fd160bc-3b5b-e6e2-40ae-1974536260f2" executionId="9f24b576-0fb7-4ffd-b61e-710d27e505b1" testListId="8c84fa94-04c1-424b-9868-57a2d4851a1d" xmlns="http://microsoft.com/schemas/VisualStudio/TeamTest/2010" />
    <TestEntry testId="079289e4-29ee-2b27-89d5-bd661b7267f1" executionId="0a2533b6-d10b-4e10-8dde-f74d4782f8f8" testListId="8c84fa94-04c1-424b-9868-57a2d4851a1d" xmlns="http://microsoft.com/schemas/VisualStudio/TeamTest/2010" />
    <TestEntry testId="b6498f29-1231-5fcf-4954-1746daa0500d" executionId="4c184ca2-4865-4e38-9227-3614735dab68" testListId="8c84fa94-04c1-424b-9868-57a2d4851a1d" xmlns="http://microsoft.com/schemas/VisualStudio/TeamTest/2010" />
    <TestEntry testId="e9eca43c-a0f8-d234-3538-2b7d4b198f04" executionId="ed42db2e-60a0-41b3-9eb7-7b71fff04123" testListId="8c84fa94-04c1-424b-9868-57a2d4851a1d" xmlns="http://microsoft.com/schemas/VisualStudio/TeamTest/2010" />
    <TestEntry testId="b6498f29-1231-5fcf-4954-1746daa0500d" executionId="9b31a01e-47c8-48f1-8e27-05ac79be4044" testListId="8c84fa94-04c1-424b-9868-57a2d4851a1d" xmlns="http://microsoft.com/schemas/VisualStudio/TeamTest/2010" />
    <TestEntry testId="b6498f29-1231-5fcf-4954-1746daa0500d" executionId="7bbcca86-a9a8-43f8-8e32-7087737eac22" testListId="8c84fa94-04c1-424b-9868-57a2d4851a1d" xmlns="http://microsoft.com/schemas/VisualStudio/TeamTest/2010" />
    <TestEntry testId="4996b69c-628d-6c13-1afa-51c215a59368" executionId="bec38f43-9625-4738-a2d4-d40281f53c9b" testListId="8c84fa94-04c1-424b-9868-57a2d4851a1d" xmlns="http://microsoft.com/schemas/VisualStudio/TeamTest/2010" />
    <TestEntry testId="dcab6442-3647-193e-5b50-9725bbfda52b" executionId="5b6037d9-8f62-4e7d-bf05-e2ee580024ac" testListId="8c84fa94-04c1-424b-9868-57a2d4851a1d" xmlns="http://microsoft.com/schemas/VisualStudio/TeamTest/2010" />
    <TestEntry testId="1c714aa3-8994-cdaf-809b-6ab3af96b3a3" executionId="630c5a0a-eb25-4139-bc01-b7f74a476098" testListId="8c84fa94-04c1-424b-9868-57a2d4851a1d" xmlns="http://microsoft.com/schemas/VisualStudio/TeamTest/2010" />
    <TestEntry testId="b3e2a372-55ce-d9ad-4987-01272bc32a33" executionId="d439a7ca-ac6e-41f8-95da-e8e0b7c7ff23" testListId="8c84fa94-04c1-424b-9868-57a2d4851a1d" xmlns="http://microsoft.com/schemas/VisualStudio/TeamTest/2010" />
    <TestEntry testId="e350703c-47df-56f0-b995-a52c38b53eca" executionId="69887e95-91d2-4012-b1e7-7ca9a3942de6" testListId="8c84fa94-04c1-424b-9868-57a2d4851a1d" xmlns="http://microsoft.com/schemas/VisualStudio/TeamTest/2010" />
    <TestEntry testId="e350703c-47df-56f0-b995-a52c38b53eca" executionId="5699ccbd-2950-4b3f-8bc7-a5f333487cdd" testListId="8c84fa94-04c1-424b-9868-57a2d4851a1d" xmlns="http://microsoft.com/schemas/VisualStudio/TeamTest/2010" />
    <TestEntry testId="48475065-64b5-02f4-f098-e797f8f78cec" executionId="746664fd-17c6-404d-9636-b52ba4d51e16" testListId="8c84fa94-04c1-424b-9868-57a2d4851a1d" xmlns="http://microsoft.com/schemas/VisualStudio/TeamTest/2010" />
    <TestEntry testId="1410527d-0c96-dadb-f7e7-8873031591f5" executionId="b5a5bfba-b505-4c2f-aec1-1f291d85087f" testListId="8c84fa94-04c1-424b-9868-57a2d4851a1d" xmlns="http://microsoft.com/schemas/VisualStudio/TeamTest/2010" />
    <TestEntry testId="b8ce6298-5288-a9c6-3afb-62b35d380a81" executionId="2cfdce4f-e63f-48a0-a39c-6ccfa4376889" testListId="8c84fa94-04c1-424b-9868-57a2d4851a1d" xmlns="http://microsoft.com/schemas/VisualStudio/TeamTest/2010" />
    <TestEntry testId="8db0e4e6-7016-657b-fdea-74f229a3c8de" executionId="c203d789-4be3-4b94-bb9e-152678ab64ed" testListId="8c84fa94-04c1-424b-9868-57a2d4851a1d" xmlns="http://microsoft.com/schemas/VisualStudio/TeamTest/2010" />
    <TestEntry testId="e350703c-47df-56f0-b995-a52c38b53eca" executionId="d9a05232-8266-4d0b-9f9f-82dcaa9c6e66" testListId="8c84fa94-04c1-424b-9868-57a2d4851a1d" xmlns="http://microsoft.com/schemas/VisualStudio/TeamTest/2010" />
    <TestEntry testId="e350703c-47df-56f0-b995-a52c38b53eca" executionId="404ee6f1-31aa-4df2-8100-c8533a91b5fe" testListId="8c84fa94-04c1-424b-9868-57a2d4851a1d" xmlns="http://microsoft.com/schemas/VisualStudio/TeamTest/2010" />
    <TestEntry testId="838644d9-6365-e4a6-691a-5f9e9cba540d" executionId="f59a1338-4410-4232-bf0a-54109c51db1a" testListId="8c84fa94-04c1-424b-9868-57a2d4851a1d" xmlns="http://microsoft.com/schemas/VisualStudio/TeamTest/2010" />
    <TestEntry testId="b6498f29-1231-5fcf-4954-1746daa0500d" executionId="a51b69a7-e31a-454f-86fe-f6524e5a1bb3" testListId="8c84fa94-04c1-424b-9868-57a2d4851a1d" xmlns="http://microsoft.com/schemas/VisualStudio/TeamTest/2010" />
    <TestEntry testId="67b6a854-1fe4-5528-77d6-501bd90b9a20" executionId="1e278926-7968-4935-94f6-b0a4d32af83e" testListId="8c84fa94-04c1-424b-9868-57a2d4851a1d" xmlns="http://microsoft.com/schemas/VisualStudio/TeamTest/2010" />
    <TestEntry testId="c3599795-8bf1-da30-66da-ee7de44c4074" executionId="53871a23-c55d-4458-b5ea-8fbf8d7f5c13" testListId="8c84fa94-04c1-424b-9868-57a2d4851a1d" xmlns="http://microsoft.com/schemas/VisualStudio/TeamTest/2010" />
    <TestEntry testId="b6498f29-1231-5fcf-4954-1746daa0500d" executionId="d63352f1-baf4-4201-bdd8-f29c6fdf5d7e" testListId="8c84fa94-04c1-424b-9868-57a2d4851a1d" xmlns="http://microsoft.com/schemas/VisualStudio/TeamTest/2010" />
    <TestEntry testId="b5b73f46-926e-b166-c509-00a2b6834bdd" executionId="a444699a-f5b5-4c98-842f-055cc455bf39" testListId="8c84fa94-04c1-424b-9868-57a2d4851a1d" xmlns="http://microsoft.com/schemas/VisualStudio/TeamTest/2010" />
    <TestEntry testId="7fd160bc-3b5b-e6e2-40ae-1974536260f2" executionId="e8c87fc9-d25a-43d2-b223-f4b9a776ba5a" testListId="8c84fa94-04c1-424b-9868-57a2d4851a1d" xmlns="http://microsoft.com/schemas/VisualStudio/TeamTest/2010" />
    <TestEntry testId="70a7d239-30af-99d8-26bc-eb06ced4f854" executionId="945702aa-dc9d-4906-94b5-198191dade1f" testListId="8c84fa94-04c1-424b-9868-57a2d4851a1d" xmlns="http://microsoft.com/schemas/VisualStudio/TeamTest/2010" />
    <TestEntry testId="b6498f29-1231-5fcf-4954-1746daa0500d" executionId="08c452cf-7d15-45cd-9757-0823b3ca8b50" testListId="8c84fa94-04c1-424b-9868-57a2d4851a1d" xmlns="http://microsoft.com/schemas/VisualStudio/TeamTest/2010" />
    <TestEntry testId="cde968fd-b220-e483-e127-75958f75b2b3" executionId="768729f8-4e59-4a71-bfea-f55cff8fb2c0" testListId="8c84fa94-04c1-424b-9868-57a2d4851a1d" xmlns="http://microsoft.com/schemas/VisualStudio/TeamTest/2010" />
    <TestEntry testId="b6498f29-1231-5fcf-4954-1746daa0500d" executionId="bf28df31-b9f0-424a-b75f-937b324495a8" testListId="8c84fa94-04c1-424b-9868-57a2d4851a1d" xmlns="http://microsoft.com/schemas/VisualStudio/TeamTest/2010" />
    <TestEntry testId="e350703c-47df-56f0-b995-a52c38b53eca" executionId="96e4c8d2-0d2c-43ca-9cfd-22bf6bcffa34" testListId="8c84fa94-04c1-424b-9868-57a2d4851a1d" xmlns="http://microsoft.com/schemas/VisualStudio/TeamTest/2010" />
    <TestEntry testId="b6498f29-1231-5fcf-4954-1746daa0500d" executionId="e81c12e0-6512-4fe7-9893-fcfd566012e3" testListId="8c84fa94-04c1-424b-9868-57a2d4851a1d" xmlns="http://microsoft.com/schemas/VisualStudio/TeamTest/2010" />
    <TestEntry testId="e350703c-47df-56f0-b995-a52c38b53eca" executionId="9d12dcd9-a880-48d6-83d9-f6b48762d89a" testListId="8c84fa94-04c1-424b-9868-57a2d4851a1d" xmlns="http://microsoft.com/schemas/VisualStudio/TeamTest/2010" />
    <TestEntry testId="53c31e49-be7f-689b-3cd7-03a9033ae78d" executionId="1bf6a67a-b481-466e-bf3c-649ce6576e35" testListId="8c84fa94-04c1-424b-9868-57a2d4851a1d" xmlns="http://microsoft.com/schemas/VisualStudio/TeamTest/2010" />
    <TestEntry testId="8da0fbaf-acd6-9154-0805-f306ce39ad46" executionId="34b519b3-36e7-4478-8327-b36bf03d8dfe" testListId="8c84fa94-04c1-424b-9868-57a2d4851a1d" xmlns="http://microsoft.com/schemas/VisualStudio/TeamTest/2010" />
    <TestEntry testId="7fd160bc-3b5b-e6e2-40ae-1974536260f2" executionId="1312b506-2334-49cd-a6d8-9d3d709d4697" testListId="8c84fa94-04c1-424b-9868-57a2d4851a1d" xmlns="http://microsoft.com/schemas/VisualStudio/TeamTest/2010" />
    <TestEntry testId="5dada6fb-9282-72bc-c9b2-bcfb539a1619" executionId="e618057d-2df0-4a39-b12a-95aaabba52b0" testListId="8c84fa94-04c1-424b-9868-57a2d4851a1d" xmlns="http://microsoft.com/schemas/VisualStudio/TeamTest/2010" />
    <TestEntry testId="94f5d41d-40e7-9c77-2282-2dd85ee84974" executionId="c9695663-7cd9-463d-9e3e-bc9f58ff99bf" testListId="8c84fa94-04c1-424b-9868-57a2d4851a1d" xmlns="http://microsoft.com/schemas/VisualStudio/TeamTest/2010" />
    <TestEntry testId="7fd160bc-3b5b-e6e2-40ae-1974536260f2" executionId="ade74b3a-afa0-43e2-a507-55f875884f5f" testListId="8c84fa94-04c1-424b-9868-57a2d4851a1d" xmlns="http://microsoft.com/schemas/VisualStudio/TeamTest/2010" />
    <TestEntry testId="9915ff67-6671-d49f-39fc-a1a3866fab19" executionId="ee320300-de5c-4af9-b05c-e4443402ef4b" testListId="8c84fa94-04c1-424b-9868-57a2d4851a1d" xmlns="http://microsoft.com/schemas/VisualStudio/TeamTest/2010" />
    <TestEntry testId="7fd160bc-3b5b-e6e2-40ae-1974536260f2" executionId="4e07b8e7-c5ae-4802-8e16-9f6128200088" testListId="8c84fa94-04c1-424b-9868-57a2d4851a1d" xmlns="http://microsoft.com/schemas/VisualStudio/TeamTest/2010" />
    <TestEntry testId="65b4a990-8424-f23f-9b61-155855edf172" executionId="c02b28c2-83b2-4b30-bc8e-e3cf1253055e" testListId="8c84fa94-04c1-424b-9868-57a2d4851a1d" xmlns="http://microsoft.com/schemas/VisualStudio/TeamTest/2010" />
    <TestEntry testId="bfec42cd-394b-907b-c2e0-0b6b8b9584fe" executionId="2d4c13d2-f3d4-4f41-bc96-2ca6b8d5bc7d" testListId="8c84fa94-04c1-424b-9868-57a2d4851a1d" xmlns="http://microsoft.com/schemas/VisualStudio/TeamTest/2010" />
    <TestEntry testId="e350703c-47df-56f0-b995-a52c38b53eca" executionId="57c37b22-648a-430e-a980-44929494ea81" testListId="8c84fa94-04c1-424b-9868-57a2d4851a1d" xmlns="http://microsoft.com/schemas/VisualStudio/TeamTest/2010" />
    <TestEntry testId="4c7491c0-41e8-cf0b-c597-81c331608d72" executionId="b31c4271-eb52-4385-bf3f-7900d81af54c" testListId="8c84fa94-04c1-424b-9868-57a2d4851a1d" xmlns="http://microsoft.com/schemas/VisualStudio/TeamTest/2010" />
    <TestEntry testId="c07bd30b-1999-489c-e66f-17f7d59077a7" executionId="7545f127-19b6-4290-8eb0-94491b4e2971" testListId="8c84fa94-04c1-424b-9868-57a2d4851a1d" xmlns="http://microsoft.com/schemas/VisualStudio/TeamTest/2010" />
    <TestEntry testId="e350703c-47df-56f0-b995-a52c38b53eca" executionId="a64838f8-4a87-401a-8aa9-1b8fd4c055cb" testListId="8c84fa94-04c1-424b-9868-57a2d4851a1d" xmlns="http://microsoft.com/schemas/VisualStudio/TeamTest/2010" />
    <TestEntry testId="46607e5b-fea6-a0a2-2caf-2abdd0971d6b" executionId="37b50e12-d2dd-4d8a-a919-9123d99a911a" testListId="8c84fa94-04c1-424b-9868-57a2d4851a1d" xmlns="http://microsoft.com/schemas/VisualStudio/TeamTest/2010" />
    <TestEntry testId="7b384cf8-70ec-dfc2-9e84-f14ea44f65f7" executionId="2faa018a-2221-4b54-af0d-e203de084ba5" testListId="8c84fa94-04c1-424b-9868-57a2d4851a1d" xmlns="http://microsoft.com/schemas/VisualStudio/TeamTest/2010" />
    <TestEntry testId="e350703c-47df-56f0-b995-a52c38b53eca" executionId="9b6510bf-6bd6-44fd-b753-27f32c06cc63" testListId="8c84fa94-04c1-424b-9868-57a2d4851a1d" xmlns="http://microsoft.com/schemas/VisualStudio/TeamTest/2010" />
    <TestEntry testId="2f56b32e-ea97-c552-8dea-074dcb4e0dc0" executionId="142fd442-6b7c-40e2-a029-7c7d9bf0cf58" testListId="8c84fa94-04c1-424b-9868-57a2d4851a1d" xmlns="http://microsoft.com/schemas/VisualStudio/TeamTest/2010" />
    <TestEntry testId="65a22b8e-3e7c-412b-c8fe-2067f1dca864" executionId="b843c93c-a886-477e-92da-187470019193" testListId="8c84fa94-04c1-424b-9868-57a2d4851a1d" xmlns="http://microsoft.com/schemas/VisualStudio/TeamTest/2010" />
    <TestEntry testId="b6498f29-1231-5fcf-4954-1746daa0500d" executionId="8dbfb95d-008e-4d3e-bd0f-f5c4c9de8018" testListId="8c84fa94-04c1-424b-9868-57a2d4851a1d" xmlns="http://microsoft.com/schemas/VisualStudio/TeamTest/2010" />
    <TestEntry testId="e350703c-47df-56f0-b995-a52c38b53eca" executionId="4386f210-343f-47c0-8c85-496f0f82e524" testListId="8c84fa94-04c1-424b-9868-57a2d4851a1d" xmlns="http://microsoft.com/schemas/VisualStudio/TeamTest/2010" />
    <TestEntry testId="f0d2af22-89d4-38cb-d0d7-47ff26d8d3fd" executionId="afedc624-527d-4a75-9a1e-03d5f9a40cd8" testListId="8c84fa94-04c1-424b-9868-57a2d4851a1d" xmlns="http://microsoft.com/schemas/VisualStudio/TeamTest/2010" />
    <TestEntry testId="ab0f8867-b8d1-22b7-3b78-2eab4da93098" executionId="41aab383-182e-4d8e-abb7-6f5f2fc4268a" testListId="8c84fa94-04c1-424b-9868-57a2d4851a1d" xmlns="http://microsoft.com/schemas/VisualStudio/TeamTest/2010" />
    <TestEntry testId="e350703c-47df-56f0-b995-a52c38b53eca" executionId="9337e3f2-120c-44a8-8f92-a38a6d513052" testListId="8c84fa94-04c1-424b-9868-57a2d4851a1d" xmlns="http://microsoft.com/schemas/VisualStudio/TeamTest/2010" />
    <TestEntry testId="b6498f29-1231-5fcf-4954-1746daa0500d" executionId="3d61c852-2bdc-41aa-86d4-91570678f938" testListId="8c84fa94-04c1-424b-9868-57a2d4851a1d" xmlns="http://microsoft.com/schemas/VisualStudio/TeamTest/2010" />
    <TestEntry testId="7fd160bc-3b5b-e6e2-40ae-1974536260f2" executionId="3d8c1e02-e208-415d-a62c-203048bebdcc" testListId="8c84fa94-04c1-424b-9868-57a2d4851a1d" xmlns="http://microsoft.com/schemas/VisualStudio/TeamTest/2010" />
    <TestEntry testId="7cdd2ae3-f105-0db6-4f1d-4db0ed6728a3" executionId="2f6ef19e-994d-4748-a558-700ecbca9bd8" testListId="8c84fa94-04c1-424b-9868-57a2d4851a1d" xmlns="http://microsoft.com/schemas/VisualStudio/TeamTest/2010" />
    <TestEntry testId="b6498f29-1231-5fcf-4954-1746daa0500d" executionId="6142a9f9-25cd-43b1-a932-432c475cf706" testListId="8c84fa94-04c1-424b-9868-57a2d4851a1d" xmlns="http://microsoft.com/schemas/VisualStudio/TeamTest/2010" />
    <TestEntry testId="b6498f29-1231-5fcf-4954-1746daa0500d" executionId="0c38a82c-3538-4f74-815a-66a6c860fec1" testListId="8c84fa94-04c1-424b-9868-57a2d4851a1d" xmlns="http://microsoft.com/schemas/VisualStudio/TeamTest/2010" />
    <TestEntry testId="78dc4ca6-14d8-0c1a-ad29-6d2f53293760" executionId="072f66f9-fe40-4877-9479-f614cf8920e3" testListId="8c84fa94-04c1-424b-9868-57a2d4851a1d" xmlns="http://microsoft.com/schemas/VisualStudio/TeamTest/2010" />
    <TestEntry testId="e350703c-47df-56f0-b995-a52c38b53eca" executionId="2761257e-5ede-4d63-926b-7f06b033cb4e" testListId="8c84fa94-04c1-424b-9868-57a2d4851a1d" xmlns="http://microsoft.com/schemas/VisualStudio/TeamTest/2010" />
    <TestEntry testId="7fd160bc-3b5b-e6e2-40ae-1974536260f2" executionId="fb84531a-5777-4ffa-a3d3-f4a34b500856" testListId="8c84fa94-04c1-424b-9868-57a2d4851a1d" xmlns="http://microsoft.com/schemas/VisualStudio/TeamTest/2010" />
    <TestEntry testId="312eaabc-9879-8ba5-fb15-63928cd6660e" executionId="835c96c3-6fce-4f45-aae8-ae9e0d6289c0" testListId="8c84fa94-04c1-424b-9868-57a2d4851a1d" xmlns="http://microsoft.com/schemas/VisualStudio/TeamTest/2010" />
    <TestEntry testId="b6498f29-1231-5fcf-4954-1746daa0500d" executionId="2085c6fa-21b9-4f73-aa87-836e219be4a3" testListId="8c84fa94-04c1-424b-9868-57a2d4851a1d" xmlns="http://microsoft.com/schemas/VisualStudio/TeamTest/2010" />
    <TestEntry testId="e350703c-47df-56f0-b995-a52c38b53eca" executionId="e9314519-0765-4d7e-823b-22be17b33dea" testListId="8c84fa94-04c1-424b-9868-57a2d4851a1d" xmlns="http://microsoft.com/schemas/VisualStudio/TeamTest/2010" />
    <TestEntry testId="2bfed98c-f04b-a9c6-9b30-1a4a12b04bd4" executionId="d680a5a8-9051-441d-a137-27463e3890cf" testListId="8c84fa94-04c1-424b-9868-57a2d4851a1d" xmlns="http://microsoft.com/schemas/VisualStudio/TeamTest/2010" />
    <TestEntry testId="e350703c-47df-56f0-b995-a52c38b53eca" executionId="6cb81103-bca8-4f9d-8dc4-067b0f417ff3" testListId="8c84fa94-04c1-424b-9868-57a2d4851a1d" xmlns="http://microsoft.com/schemas/VisualStudio/TeamTest/2010" />
    <TestEntry testId="e350703c-47df-56f0-b995-a52c38b53eca" executionId="7be6e537-c259-4eb5-9d14-9414ccc6ae43" testListId="8c84fa94-04c1-424b-9868-57a2d4851a1d" xmlns="http://microsoft.com/schemas/VisualStudio/TeamTest/2010" />
    <TestEntry testId="7fd160bc-3b5b-e6e2-40ae-1974536260f2" executionId="bfaa9706-4bc8-4b9d-ad3f-3899c38256eb" testListId="8c84fa94-04c1-424b-9868-57a2d4851a1d" xmlns="http://microsoft.com/schemas/VisualStudio/TeamTest/2010" />
    <TestEntry testId="67b6a854-1fe4-5528-77d6-501bd90b9a20" executionId="b45458ac-fd02-4361-b449-b43701df8596" testListId="8c84fa94-04c1-424b-9868-57a2d4851a1d" xmlns="http://microsoft.com/schemas/VisualStudio/TeamTest/2010" />
    <TestEntry testId="e5454c02-b359-b78c-7c37-b5f0f590b608" executionId="ac5d3d8f-e43b-44c8-a0d5-3952143cafdb" testListId="8c84fa94-04c1-424b-9868-57a2d4851a1d" xmlns="http://microsoft.com/schemas/VisualStudio/TeamTest/2010" />
    <TestEntry testId="b64dc215-d1b4-1f14-fa25-4d622e2e9f2e" executionId="5e1f6bb6-b764-44ce-9a98-55acfdcfd843" testListId="8c84fa94-04c1-424b-9868-57a2d4851a1d" xmlns="http://microsoft.com/schemas/VisualStudio/TeamTest/2010" />
    <TestEntry testId="dbc55b57-382b-82eb-3acf-abef72ee15cc" executionId="e31ee103-ce1d-4993-9abc-f9be115d0119" testListId="8c84fa94-04c1-424b-9868-57a2d4851a1d" xmlns="http://microsoft.com/schemas/VisualStudio/TeamTest/2010" />
    <TestEntry testId="9cc76b0a-54e4-6db5-8e6e-e9b3031a5177" executionId="5c8a424d-f078-4d2a-897e-87fdf20ef395" testListId="8c84fa94-04c1-424b-9868-57a2d4851a1d" xmlns="http://microsoft.com/schemas/VisualStudio/TeamTest/2010" />
    <TestEntry testId="6041da2b-c228-939a-bbba-7244461baf87" executionId="c033bc41-f5b4-4af5-8ba5-56a9bdabe456" testListId="8c84fa94-04c1-424b-9868-57a2d4851a1d" xmlns="http://microsoft.com/schemas/VisualStudio/TeamTest/2010" />
    <TestEntry testId="d0f7d162-791b-fa11-b46e-9023e39c56de" executionId="46e69cd4-2cfa-47df-8c8d-fb1521558c03" testListId="8c84fa94-04c1-424b-9868-57a2d4851a1d" xmlns="http://microsoft.com/schemas/VisualStudio/TeamTest/2010" />
    <TestEntry testId="9862cae4-1407-7ed0-bae3-15ce80d3ebe3" executionId="b1241c48-65d3-45c9-8342-977c12de1271" testListId="8c84fa94-04c1-424b-9868-57a2d4851a1d" xmlns="http://microsoft.com/schemas/VisualStudio/TeamTest/2010" />
    <TestEntry testId="0869d7e5-a00d-1b7f-c0b6-2fc4794714aa" executionId="d5e9c771-20e0-4f68-8ffb-8e35b8d04ff5" testListId="8c84fa94-04c1-424b-9868-57a2d4851a1d" xmlns="http://microsoft.com/schemas/VisualStudio/TeamTest/2010" />
    <TestEntry testId="74cd64d7-aec6-6cf9-0592-bb16439c0c43" executionId="57b12dad-8d51-40bf-83bc-a7bb119e02b6" testListId="8c84fa94-04c1-424b-9868-57a2d4851a1d" xmlns="http://microsoft.com/schemas/VisualStudio/TeamTest/2010" />
    <TestEntry testId="87d5b51b-028d-45c3-7d26-6a41bcd444ea" executionId="b65e2c43-3ca5-4c39-b973-4695ca893079" testListId="8c84fa94-04c1-424b-9868-57a2d4851a1d" xmlns="http://microsoft.com/schemas/VisualStudio/TeamTest/2010" />
    <TestEntry testId="275ab5c5-4273-80c8-9a95-a83251765068" executionId="05aed5e2-53e1-4b06-b807-83124251eca9" testListId="8c84fa94-04c1-424b-9868-57a2d4851a1d" xmlns="http://microsoft.com/schemas/VisualStudio/TeamTest/2010" />
    <TestEntry testId="a513cd61-1eb0-de0a-cf01-6c21c2aff82a" executionId="a2bc631b-0266-48ac-a1dc-bababfcec1b5" testListId="8c84fa94-04c1-424b-9868-57a2d4851a1d" xmlns="http://microsoft.com/schemas/VisualStudio/TeamTest/2010" />
    <TestEntry testId="2439add4-2fe6-cd5d-bdd9-8c1aff534b44" executionId="4ba4c9d5-708e-436d-954b-1531affe85cb" testListId="8c84fa94-04c1-424b-9868-57a2d4851a1d" xmlns="http://microsoft.com/schemas/VisualStudio/TeamTest/2010" />
    <TestEntry testId="9a5f3a46-3f37-2d63-5027-0f4202c8dc0e" executionId="7ad21074-be9d-4492-b212-d7298be0db33" testListId="8c84fa94-04c1-424b-9868-57a2d4851a1d" xmlns="http://microsoft.com/schemas/VisualStudio/TeamTest/2010" />
    <TestEntry testId="8bbd68f8-0cf5-45bf-e789-c618e185fe43" executionId="e71e6f20-1806-4b8e-a29e-973cf38a9226" testListId="8c84fa94-04c1-424b-9868-57a2d4851a1d" xmlns="http://microsoft.com/schemas/VisualStudio/TeamTest/2010" />
    <TestEntry testId="f9ed7d93-4b1d-1474-abad-3e4330251ef7" executionId="a781e358-c5cb-42ae-beaf-23803dba69a5" testListId="8c84fa94-04c1-424b-9868-57a2d4851a1d" xmlns="http://microsoft.com/schemas/VisualStudio/TeamTest/2010" />
    <TestEntry testId="2d356224-cdcb-c454-d216-64498e902f7f" executionId="410ac944-bba7-4551-8c67-bebb49bd9bd7" testListId="8c84fa94-04c1-424b-9868-57a2d4851a1d" xmlns="http://microsoft.com/schemas/VisualStudio/TeamTest/2010" />
    <TestEntry testId="b4966573-9fa2-c764-49f0-f57ac2a9eaa5" executionId="e7aec34d-8575-4cef-8031-37e6a2016a7a" testListId="8c84fa94-04c1-424b-9868-57a2d4851a1d" xmlns="http://microsoft.com/schemas/VisualStudio/TeamTest/2010" />
    <TestEntry testId="32233fbb-52fc-abca-066f-b8b95a161d0c" executionId="01fcdf55-be3c-4def-b9c5-9f973f0ae54f" testListId="8c84fa94-04c1-424b-9868-57a2d4851a1d" xmlns="http://microsoft.com/schemas/VisualStudio/TeamTest/2010" />
    <TestEntry testId="4eabad00-fba9-1926-9e25-502e77fa4862" executionId="996a994c-6e57-4cd5-af23-884b6355190a" testListId="8c84fa94-04c1-424b-9868-57a2d4851a1d" xmlns="http://microsoft.com/schemas/VisualStudio/TeamTest/2010" />
    <TestEntry testId="e1155b3b-9d29-c02b-a02e-b3e42d8f832d" executionId="bd4cafc5-cf7c-41b6-aafe-609c2242b5a3" testListId="8c84fa94-04c1-424b-9868-57a2d4851a1d" xmlns="http://microsoft.com/schemas/VisualStudio/TeamTest/2010" />
    <TestEntry testId="e10efca3-dc65-693e-988d-37e685d1f413" executionId="21bc588d-839a-4f63-b026-9ef5c4b696fe" testListId="8c84fa94-04c1-424b-9868-57a2d4851a1d" xmlns="http://microsoft.com/schemas/VisualStudio/TeamTest/2010" />
    <TestEntry testId="17ff5c94-c7ab-d89c-c884-775fd21b1138" executionId="4b048df0-1537-49e6-a03f-d94a0e2d0588" testListId="8c84fa94-04c1-424b-9868-57a2d4851a1d" xmlns="http://microsoft.com/schemas/VisualStudio/TeamTest/2010" />
    <TestEntry testId="106438f6-2d08-95c4-d17e-81ff2af3a5f7" executionId="49883a9f-ee35-425b-a40f-3030160e3ad1" testListId="8c84fa94-04c1-424b-9868-57a2d4851a1d" xmlns="http://microsoft.com/schemas/VisualStudio/TeamTest/2010" />
    <TestEntry testId="83080016-f095-0d7b-a0cb-0b5cf5fe90d7" executionId="5cbb7f6e-ac29-4446-bdab-83dbf3890cd3" testListId="8c84fa94-04c1-424b-9868-57a2d4851a1d" xmlns="http://microsoft.com/schemas/VisualStudio/TeamTest/2010" />
    <TestEntry testId="c9346372-ffa4-14a5-4eb6-2aa00bef5c35" executionId="9921dd31-6fe7-4557-93ff-b5a9812fdb5d" testListId="8c84fa94-04c1-424b-9868-57a2d4851a1d" xmlns="http://microsoft.com/schemas/VisualStudio/TeamTest/2010" />
    <TestEntry testId="2a41cc63-279d-a271-b736-4c136e6ba692" executionId="2f33cfcd-c60b-48b1-adbe-a13553e6a52e" testListId="8c84fa94-04c1-424b-9868-57a2d4851a1d" xmlns="http://microsoft.com/schemas/VisualStudio/TeamTest/2010" />
    <TestEntry testId="11f0fb7d-7be6-79f5-339b-991d917ae3fc" executionId="f3732895-8eda-4533-af41-621677d06ec5" testListId="8c84fa94-04c1-424b-9868-57a2d4851a1d" xmlns="http://microsoft.com/schemas/VisualStudio/TeamTest/2010" />
    <TestEntry testId="460956ad-2bf3-db32-e92a-bfe446ec1e98" executionId="cf7a6ede-3ed3-4eb2-a875-2c4604ca229a" testListId="8c84fa94-04c1-424b-9868-57a2d4851a1d" xmlns="http://microsoft.com/schemas/VisualStudio/TeamTest/2010" />
    <TestEntry testId="b98e3996-7a57-2553-4abf-fb122643f31e" executionId="6f3922dc-f518-4ef5-93c4-5b08ee66d3aa" testListId="8c84fa94-04c1-424b-9868-57a2d4851a1d" xmlns="http://microsoft.com/schemas/VisualStudio/TeamTest/2010" />
    <TestEntry testId="c36bb35d-9a4e-80ec-67c1-9cb495c5e678" executionId="b6ede7da-c063-4bc2-88b3-748e1dc3a762" testListId="8c84fa94-04c1-424b-9868-57a2d4851a1d" xmlns="http://microsoft.com/schemas/VisualStudio/TeamTest/2010" />
    <TestEntry testId="4163eaa1-a283-2de9-1f95-a86ceaaab3c9" executionId="39e48dae-1eda-4e7e-80bb-0c19febff8f0" testListId="8c84fa94-04c1-424b-9868-57a2d4851a1d" xmlns="http://microsoft.com/schemas/VisualStudio/TeamTest/2010" />
    <TestEntry testId="d5c1dc9a-a2f2-2711-646f-2604e4c84684" executionId="83fb1dcc-d9a0-4038-97e2-b5d9dee7ba59" testListId="8c84fa94-04c1-424b-9868-57a2d4851a1d" xmlns="http://microsoft.com/schemas/VisualStudio/TeamTest/2010" />
    <TestEntry testId="62b9d922-900a-7ff6-3153-18dadeeb7bb3" executionId="9e54b720-02f7-4326-ac0f-1dbce1dfcb87" testListId="8c84fa94-04c1-424b-9868-57a2d4851a1d" xmlns="http://microsoft.com/schemas/VisualStudio/TeamTest/2010" />
    <TestEntry testId="08fc4c82-556b-87cf-a9ae-405737b973df" executionId="493abe00-e01e-4db7-ad75-d040638ec607" testListId="8c84fa94-04c1-424b-9868-57a2d4851a1d" xmlns="http://microsoft.com/schemas/VisualStudio/TeamTest/2010" />
    <TestEntry testId="6a1b107a-2dfe-3696-4879-97b5e75031c8" executionId="b284268d-b045-4ead-92c9-90167824c9f1" testListId="8c84fa94-04c1-424b-9868-57a2d4851a1d" xmlns="http://microsoft.com/schemas/VisualStudio/TeamTest/2010" />
    <TestEntry testId="b0fdfc7e-2c06-862f-28b1-d93a174b89e6" executionId="a854f590-5423-49fd-9477-2462d4799431" testListId="8c84fa94-04c1-424b-9868-57a2d4851a1d" xmlns="http://microsoft.com/schemas/VisualStudio/TeamTest/2010" />
    <TestEntry testId="4dbe9543-b09b-17ff-b897-ea7ab7b131d7" executionId="ce0fd16f-6493-41e8-96ed-03cb96a416c0" testListId="8c84fa94-04c1-424b-9868-57a2d4851a1d" xmlns="http://microsoft.com/schemas/VisualStudio/TeamTest/2010" />
    <TestEntry testId="6da32ee3-eff7-d4fe-8d03-a03516df00ff" executionId="67b9fc2f-d4af-4bb5-a19e-fd4cdbf0c046" testListId="8c84fa94-04c1-424b-9868-57a2d4851a1d" xmlns="http://microsoft.com/schemas/VisualStudio/TeamTest/2010" />
    <TestEntry testId="6c3bc33d-cd41-7aa1-5d65-f8b6b6736377" executionId="951c7c47-ec53-4dc0-8a3c-b9584aee448c" testListId="8c84fa94-04c1-424b-9868-57a2d4851a1d" xmlns="http://microsoft.com/schemas/VisualStudio/TeamTest/2010" />
    <TestEntry testId="f2a03440-0376-07fe-a63b-c5dbc1c51d9d" executionId="8866fcfc-16fa-419e-8a22-d912b66f1cc0" testListId="8c84fa94-04c1-424b-9868-57a2d4851a1d" xmlns="http://microsoft.com/schemas/VisualStudio/TeamTest/2010" />
    <TestEntry testId="c5997a4c-dfaf-990a-24e0-477cf0c527e7" executionId="d48008ca-2123-4d7d-92c3-b554d54a258a" testListId="8c84fa94-04c1-424b-9868-57a2d4851a1d" xmlns="http://microsoft.com/schemas/VisualStudio/TeamTest/2010" />
    <TestEntry testId="2385c5bb-20c9-0389-325d-1aa756cf82c9" executionId="fc317e3f-611b-438f-b86f-b47a270633e6" testListId="8c84fa94-04c1-424b-9868-57a2d4851a1d" xmlns="http://microsoft.com/schemas/VisualStudio/TeamTest/2010" />
    <TestEntry testId="9b540bb1-ae17-7eac-3c61-74d42cb389dc" executionId="1aa4b58e-f960-44c8-8b27-91d9eaecdc56" testListId="8c84fa94-04c1-424b-9868-57a2d4851a1d" xmlns="http://microsoft.com/schemas/VisualStudio/TeamTest/2010" />
    <TestEntry testId="a3f03b01-d34d-ff82-25a2-0a34018179c7" executionId="9b6cc68a-6783-4988-aacb-88c7a9229bb8" testListId="8c84fa94-04c1-424b-9868-57a2d4851a1d" xmlns="http://microsoft.com/schemas/VisualStudio/TeamTest/2010" />
    <TestEntry testId="bd0dbecb-539b-5502-769e-e3714681df3b" executionId="27de7d48-4cc3-401e-8b01-c62a445d4138" testListId="8c84fa94-04c1-424b-9868-57a2d4851a1d" xmlns="http://microsoft.com/schemas/VisualStudio/TeamTest/2010" />
    <TestEntry testId="9b499371-3d81-4de1-39e7-a6dc89eba13c" executionId="76683817-486d-4627-99f7-d3c39b32217c" testListId="8c84fa94-04c1-424b-9868-57a2d4851a1d" xmlns="http://microsoft.com/schemas/VisualStudio/TeamTest/2010" />
    <TestEntry testId="26b5ec45-b5f1-fe45-95c1-6bd5bedd3df8" executionId="a6145211-8071-4101-b4f7-3b18501ae373" testListId="8c84fa94-04c1-424b-9868-57a2d4851a1d" xmlns="http://microsoft.com/schemas/VisualStudio/TeamTest/2010" />
    <TestEntry testId="adc82c1a-0bb1-f2be-3be6-8295db3bec78" executionId="e2d5c49b-2b73-4ee0-89f1-bd68c6ab73c4" testListId="8c84fa94-04c1-424b-9868-57a2d4851a1d" xmlns="http://microsoft.com/schemas/VisualStudio/TeamTest/2010" />
    <TestEntry testId="38ea670b-dab3-e76c-4456-b085aea47bcf" executionId="d0c5011f-ecb6-4282-beae-6e8546307ad0" testListId="8c84fa94-04c1-424b-9868-57a2d4851a1d" xmlns="http://microsoft.com/schemas/VisualStudio/TeamTest/2010" />
    <TestEntry testId="67734c64-cae5-5135-54b5-70135f0338e3" executionId="37f54d30-67ce-45c2-b30d-6864f2968d34" testListId="8c84fa94-04c1-424b-9868-57a2d4851a1d" xmlns="http://microsoft.com/schemas/VisualStudio/TeamTest/2010" />
    <TestEntry testId="1e4ed14b-2ef0-3f9d-4f20-3ca8c8f7b464" executionId="7b276eb5-23ca-49a7-bd0c-2bbd03a60f34" testListId="8c84fa94-04c1-424b-9868-57a2d4851a1d" xmlns="http://microsoft.com/schemas/VisualStudio/TeamTest/2010" />
    <TestEntry testId="24774874-1df7-77de-7655-bbafea74832a" executionId="b98f6f8e-cb48-4e78-898d-e9cce2a0acdf" testListId="8c84fa94-04c1-424b-9868-57a2d4851a1d" xmlns="http://microsoft.com/schemas/VisualStudio/TeamTest/2010" />
    <TestEntry testId="dbb46bd7-84ef-1bcc-6faf-71781bc1e5e4" executionId="777644e2-2bad-4e09-8110-a69a467714e3" testListId="8c84fa94-04c1-424b-9868-57a2d4851a1d" xmlns="http://microsoft.com/schemas/VisualStudio/TeamTest/2010" />
    <TestEntry testId="f598f4b2-0d84-3c92-1941-6f70c8135fc3" executionId="7f53ade6-19a8-44de-b247-bba205aa7ab8" testListId="8c84fa94-04c1-424b-9868-57a2d4851a1d" xmlns="http://microsoft.com/schemas/VisualStudio/TeamTest/2010" />
    <TestEntry testId="42569814-6b98-2a32-42fe-9c7bdada1d9f" executionId="3868b830-d20d-4555-90ab-88771d7181f4" testListId="8c84fa94-04c1-424b-9868-57a2d4851a1d" xmlns="http://microsoft.com/schemas/VisualStudio/TeamTest/2010" />
    <TestEntry testId="1b9e3bb4-64d4-a320-5b86-dba72457e6ef" executionId="3e45784f-8aa5-45ec-8e9d-e7dee9cbc6a7" testListId="8c84fa94-04c1-424b-9868-57a2d4851a1d" xmlns="http://microsoft.com/schemas/VisualStudio/TeamTest/2010" />
    <TestEntry testId="63948805-297b-3757-4e75-2314b4468263" executionId="bcc38f67-3fbf-48fe-8300-5845228e2539" testListId="8c84fa94-04c1-424b-9868-57a2d4851a1d" xmlns="http://microsoft.com/schemas/VisualStudio/TeamTest/2010" />
    <TestEntry testId="3db5564a-09b3-d658-c0e0-9f86c81bd8c6" executionId="098d335e-0285-4a1a-b011-05891c3ef236" testListId="8c84fa94-04c1-424b-9868-57a2d4851a1d" xmlns="http://microsoft.com/schemas/VisualStudio/TeamTest/2010" />
    <TestEntry testId="251289aa-a607-e006-c914-e09b39f52c99" executionId="b04ad560-229c-43df-8574-e282b0f10f3e" testListId="8c84fa94-04c1-424b-9868-57a2d4851a1d" xmlns="http://microsoft.com/schemas/VisualStudio/TeamTest/2010" />
    <TestEntry testId="33a234b4-5b0c-8ae4-c739-6e7b62145768" executionId="a0485825-cccf-47db-bae6-54d5845eb83d" testListId="8c84fa94-04c1-424b-9868-57a2d4851a1d" xmlns="http://microsoft.com/schemas/VisualStudio/TeamTest/2010" />
    <TestEntry testId="40025f8c-33a3-86dc-40ea-c26da3d7c94a" executionId="da5b63e4-869a-4ae8-8631-489401670a49" testListId="8c84fa94-04c1-424b-9868-57a2d4851a1d" xmlns="http://microsoft.com/schemas/VisualStudio/TeamTest/2010" />
    <TestEntry testId="23c81040-d5d6-0e65-6245-2fe212879616" executionId="56de7c87-b435-45ba-9fec-a5486a322ef9" testListId="8c84fa94-04c1-424b-9868-57a2d4851a1d" xmlns="http://microsoft.com/schemas/VisualStudio/TeamTest/2010" />
    <TestEntry testId="61e785a3-6dc7-7a65-ecf9-a0b14d187326" executionId="f846c275-908f-46a7-8c47-d4a6d177a0a0" testListId="8c84fa94-04c1-424b-9868-57a2d4851a1d" xmlns="http://microsoft.com/schemas/VisualStudio/TeamTest/2010" />
    <TestEntry testId="513d11fc-67fa-6f75-0d1b-3a56ad265509" executionId="93049846-0e4c-40a7-acf7-ce6fc8503eed" testListId="8c84fa94-04c1-424b-9868-57a2d4851a1d" xmlns="http://microsoft.com/schemas/VisualStudio/TeamTest/2010" />
    <TestEntry testId="26371a34-e095-ac3b-cdb6-58031708ffda" executionId="fe59102a-0ea6-4c96-ab22-101751c8704e" testListId="8c84fa94-04c1-424b-9868-57a2d4851a1d" xmlns="http://microsoft.com/schemas/VisualStudio/TeamTest/2010" />
    <TestEntry testId="10eeac77-be98-5314-e134-5e07fee4201b" executionId="490a9566-0239-4950-859a-3fbb47f0337b" testListId="8c84fa94-04c1-424b-9868-57a2d4851a1d" xmlns="http://microsoft.com/schemas/VisualStudio/TeamTest/2010" />
    <TestEntry testId="af3880ac-68f4-36b7-1968-58204ada5522" executionId="7f96ca09-f357-4a0e-b997-f3e15554c49f" testListId="8c84fa94-04c1-424b-9868-57a2d4851a1d" xmlns="http://microsoft.com/schemas/VisualStudio/TeamTest/2010" />
    <TestEntry testId="87efccdd-521d-8651-4344-aecbb535b39d" executionId="7b4a3668-9b31-4333-814b-dace85e2b147" testListId="8c84fa94-04c1-424b-9868-57a2d4851a1d" xmlns="http://microsoft.com/schemas/VisualStudio/TeamTest/2010" />
    <TestEntry testId="edb23b8d-5f7e-d2bb-ce76-f187b30ebb61" executionId="33e3c99f-ce66-428e-a5ee-f4029c8f7f90" testListId="8c84fa94-04c1-424b-9868-57a2d4851a1d" xmlns="http://microsoft.com/schemas/VisualStudio/TeamTest/2010" />
    <TestEntry testId="a5c8e016-d4ea-30ed-fbf3-890ea331078c" executionId="677b28b1-08af-4e47-a4a2-3dbbf0216084" testListId="8c84fa94-04c1-424b-9868-57a2d4851a1d" xmlns="http://microsoft.com/schemas/VisualStudio/TeamTest/2010" />
    <TestEntry testId="c3d96c67-b7eb-8271-8b2c-35176b8a900c" executionId="07afe965-009d-4726-b88b-21d8b8c445c2" testListId="8c84fa94-04c1-424b-9868-57a2d4851a1d" xmlns="http://microsoft.com/schemas/VisualStudio/TeamTest/2010" />
    <TestEntry testId="831e2631-9a37-4b0a-2e4e-453da32f04e1" executionId="378daa48-3111-4891-abee-660d6da9e12d" testListId="8c84fa94-04c1-424b-9868-57a2d4851a1d" xmlns="http://microsoft.com/schemas/VisualStudio/TeamTest/2010" />
    <TestEntry testId="4ce80adc-85b2-94de-76f3-cc28367202bc" executionId="43943c71-7c92-433b-80c5-8e1007f4383f" testListId="8c84fa94-04c1-424b-9868-57a2d4851a1d" xmlns="http://microsoft.com/schemas/VisualStudio/TeamTest/2010" />
    <TestEntry testId="f20600a2-9628-5de8-bbf6-315f97e16140" executionId="60b370f2-2338-42e6-8396-c30a1ee5c53a" testListId="8c84fa94-04c1-424b-9868-57a2d4851a1d" xmlns="http://microsoft.com/schemas/VisualStudio/TeamTest/2010" />
    <TestEntry testId="cafd6058-6aab-9d1f-69ad-4c9f56040de6" executionId="5af1b04b-35fe-47c9-9938-43d2648055a7" testListId="8c84fa94-04c1-424b-9868-57a2d4851a1d" xmlns="http://microsoft.com/schemas/VisualStudio/TeamTest/2010" />
    <TestEntry testId="2e0c9851-0485-aa3c-d24f-7fccd80074f4" executionId="a8a50ed7-efd8-443c-9e29-24d2caac2081" testListId="8c84fa94-04c1-424b-9868-57a2d4851a1d" xmlns="http://microsoft.com/schemas/VisualStudio/TeamTest/2010" />
    <TestEntry testId="4bf38066-0bb2-757e-8a8e-3db6781b25d2" executionId="287d2aa0-5656-4896-9784-20b5e978a9b2" testListId="8c84fa94-04c1-424b-9868-57a2d4851a1d" xmlns="http://microsoft.com/schemas/VisualStudio/TeamTest/2010" />
    <TestEntry testId="0f7e3e16-777a-5558-36e8-70ed511d8dc2" executionId="3fefcdcb-7f67-42a8-8dae-9f0b0986694b" testListId="8c84fa94-04c1-424b-9868-57a2d4851a1d" xmlns="http://microsoft.com/schemas/VisualStudio/TeamTest/2010" />
    <TestEntry testId="2b082eef-4fa9-3b0c-8d19-b1f036cc7147" executionId="2ff51e66-075d-4c06-ba9a-c3a71b177b7f" testListId="8c84fa94-04c1-424b-9868-57a2d4851a1d" xmlns="http://microsoft.com/schemas/VisualStudio/TeamTest/2010" />
    <TestEntry testId="38e9a0c7-b39d-0746-cc04-b6b9aa4e3b7c" executionId="648d670a-358e-4778-98dd-39417ed22f2b" testListId="8c84fa94-04c1-424b-9868-57a2d4851a1d" xmlns="http://microsoft.com/schemas/VisualStudio/TeamTest/2010" />
    <TestEntry testId="f78a8ff3-c0d0-976a-acb4-40a970430b93" executionId="4a59e6c9-f402-46bd-b724-6944832289f7" testListId="8c84fa94-04c1-424b-9868-57a2d4851a1d" xmlns="http://microsoft.com/schemas/VisualStudio/TeamTest/2010" />
    <TestEntry testId="a68de2ae-2056-64c2-a1d0-a4ade981516a" executionId="61d12989-822b-4d73-be78-422486850299" testListId="8c84fa94-04c1-424b-9868-57a2d4851a1d" xmlns="http://microsoft.com/schemas/VisualStudio/TeamTest/2010" />
    <TestEntry testId="84a71d2d-ba2d-93f8-5034-8f6c197225a9" executionId="e9f8bb44-a802-4273-90be-68f60cc17dff" testListId="8c84fa94-04c1-424b-9868-57a2d4851a1d" xmlns="http://microsoft.com/schemas/VisualStudio/TeamTest/2010" />
    <TestEntry testId="207e4065-88b5-ba27-1f76-4d0f0a098cde" executionId="803aae46-c639-4eae-9660-5080d08fc69a" testListId="8c84fa94-04c1-424b-9868-57a2d4851a1d" xmlns="http://microsoft.com/schemas/VisualStudio/TeamTest/2010" />
    <TestEntry testId="97a142d5-b0a9-d9bf-03a6-736e4df75106" executionId="96ad9532-f80d-4940-89f7-ae4df20af570" testListId="8c84fa94-04c1-424b-9868-57a2d4851a1d" xmlns="http://microsoft.com/schemas/VisualStudio/TeamTest/2010" />
    <TestEntry testId="250659bd-c780-75f8-425e-56948f547d27" executionId="1dc7910b-5c6c-4dca-b8ff-a6e531b7b6a4" testListId="8c84fa94-04c1-424b-9868-57a2d4851a1d" xmlns="http://microsoft.com/schemas/VisualStudio/TeamTest/2010" />
    <TestEntry testId="0b8f627b-a1c8-6277-6090-2fc13b4051a9" executionId="933992f1-ce09-4c4c-8123-bf2d9c638117" testListId="8c84fa94-04c1-424b-9868-57a2d4851a1d" xmlns="http://microsoft.com/schemas/VisualStudio/TeamTest/2010" />
    <TestEntry testId="2ae6c352-791a-5a0c-8cef-9e8ca7a29354" executionId="9b7d69c5-7891-42d7-a031-f82e37fca1c0" testListId="8c84fa94-04c1-424b-9868-57a2d4851a1d" xmlns="http://microsoft.com/schemas/VisualStudio/TeamTest/2010" />
    <TestEntry testId="8e643e26-fbd5-ae99-4a9a-d26e4648cd65" executionId="4a867966-5e3a-4980-a46c-5e36802547ad" testListId="8c84fa94-04c1-424b-9868-57a2d4851a1d" xmlns="http://microsoft.com/schemas/VisualStudio/TeamTest/2010" />
    <TestEntry testId="ce6510cf-36c8-726a-19a1-61fee8813205" executionId="b8f41861-5f9c-486b-9950-2739bac90da8" testListId="8c84fa94-04c1-424b-9868-57a2d4851a1d" xmlns="http://microsoft.com/schemas/VisualStudio/TeamTest/2010" />
    <TestEntry testId="ddf9cd7e-758c-d704-01a7-8f705631b98b" executionId="22ce8182-626b-4f87-b1f5-87f796895296" testListId="8c84fa94-04c1-424b-9868-57a2d4851a1d" xmlns="http://microsoft.com/schemas/VisualStudio/TeamTest/2010" />
    <TestEntry testId="d30c3925-6041-dd0b-2a02-37144f03e811" executionId="5602ea70-adac-4e47-9a02-9404861e8abc" testListId="8c84fa94-04c1-424b-9868-57a2d4851a1d" xmlns="http://microsoft.com/schemas/VisualStudio/TeamTest/2010" />
    <TestEntry testId="d5c2d09d-d5bb-c30c-e877-f0810b3cd681" executionId="13bc0757-e442-409b-b135-3c7718235c01" testListId="8c84fa94-04c1-424b-9868-57a2d4851a1d" xmlns="http://microsoft.com/schemas/VisualStudio/TeamTest/2010" />
    <TestEntry testId="8667c664-2408-3d94-53dd-862b8bb2405a" executionId="ad59a171-928f-4423-8ac4-7a6dc695e6d3" testListId="8c84fa94-04c1-424b-9868-57a2d4851a1d" xmlns="http://microsoft.com/schemas/VisualStudio/TeamTest/2010" />
    <TestEntry testId="fb3ba795-c081-9f7b-3da5-2154832c187c" executionId="1b22c3e8-aa12-4b10-ba9a-33d585b0455c" testListId="8c84fa94-04c1-424b-9868-57a2d4851a1d" xmlns="http://microsoft.com/schemas/VisualStudio/TeamTest/2010" />
    <TestEntry testId="52185704-5d0e-e5db-ccdd-e6d884289597" executionId="c6312b2b-e314-4cbf-bde2-76b7d8b173c9" testListId="8c84fa94-04c1-424b-9868-57a2d4851a1d" xmlns="http://microsoft.com/schemas/VisualStudio/TeamTest/2010" />
    <TestEntry testId="53f92a56-f656-cd19-3414-6dec87fc1460" executionId="8bf27327-7b60-40e4-a7b7-4d8010e6088b" testListId="8c84fa94-04c1-424b-9868-57a2d4851a1d" xmlns="http://microsoft.com/schemas/VisualStudio/TeamTest/2010" />
    <TestEntry testId="fffaa604-a2bf-cb56-46c0-a54e3c2e5b71" executionId="2ce38243-8c89-44eb-a508-334f5a276f2d" testListId="8c84fa94-04c1-424b-9868-57a2d4851a1d" xmlns="http://microsoft.com/schemas/VisualStudio/TeamTest/2010" />
    <TestEntry testId="29e073f8-c889-a619-68be-0fbabe313523" executionId="083fdc16-0434-4d01-90ca-17241ee3da53" testListId="8c84fa94-04c1-424b-9868-57a2d4851a1d" xmlns="http://microsoft.com/schemas/VisualStudio/TeamTest/2010" />
    <TestEntry testId="0f3b8649-3271-0a42-8cb6-7536e5c6b6c7" executionId="3d979543-bfd5-46ef-b437-e0a6b836abf5" testListId="8c84fa94-04c1-424b-9868-57a2d4851a1d" xmlns="http://microsoft.com/schemas/VisualStudio/TeamTest/2010" />
    <TestEntry testId="0783fcf2-6259-18a6-4548-3ee3e685104b" executionId="b1aa69e9-bfb4-4167-a7be-51ba1ca43114" testListId="8c84fa94-04c1-424b-9868-57a2d4851a1d" xmlns="http://microsoft.com/schemas/VisualStudio/TeamTest/2010" />
    <TestEntry testId="f4cf2bc5-5581-a176-969e-675ebb01aeb7" executionId="6b2a109b-8c7f-4bfe-bbfc-878ffe0ba5f7" testListId="8c84fa94-04c1-424b-9868-57a2d4851a1d" xmlns="http://microsoft.com/schemas/VisualStudio/TeamTest/2010" />
    <TestEntry testId="2987ca95-4d23-bd98-8619-20a1f1f849ce" executionId="f4211e6a-6d7a-443b-a5b7-88e787623a2a" testListId="8c84fa94-04c1-424b-9868-57a2d4851a1d" xmlns="http://microsoft.com/schemas/VisualStudio/TeamTest/2010" />
    <TestEntry testId="7634c0a5-d5d8-ae19-0f45-9f0c0c3f4e32" executionId="16988848-6550-4ff4-89c5-b914326a9bcd" testListId="8c84fa94-04c1-424b-9868-57a2d4851a1d" xmlns="http://microsoft.com/schemas/VisualStudio/TeamTest/2010" />
    <TestEntry testId="6acd0700-45fd-3a58-a98b-e73e695d3cb6" executionId="28cf8514-fb44-407c-8b26-5c436412a5e0" testListId="8c84fa94-04c1-424b-9868-57a2d4851a1d" xmlns="http://microsoft.com/schemas/VisualStudio/TeamTest/2010" />
    <TestEntry testId="a0c29914-2fac-1ccd-4f27-21bcc9ae1a84" executionId="c6774a62-9739-4067-b7bf-8ca0018cc10d" testListId="8c84fa94-04c1-424b-9868-57a2d4851a1d" xmlns="http://microsoft.com/schemas/VisualStudio/TeamTest/2010" />
    <TestEntry testId="8338d02b-d210-c931-4723-375c66eef863" executionId="daf26b87-767e-4a45-9354-9f39fd515157" testListId="8c84fa94-04c1-424b-9868-57a2d4851a1d" xmlns="http://microsoft.com/schemas/VisualStudio/TeamTest/2010" />
    <TestEntry testId="1d97f529-259a-f217-942c-8e2e6578735c" executionId="e56eb737-d591-42fb-b370-5f6b22ac0614" testListId="8c84fa94-04c1-424b-9868-57a2d4851a1d" xmlns="http://microsoft.com/schemas/VisualStudio/TeamTest/2010" />
    <TestEntry testId="c3266cf0-adcb-0581-8c52-a350b87b4664" executionId="84674fc9-47e7-493f-a787-f68e97139cd0" testListId="8c84fa94-04c1-424b-9868-57a2d4851a1d" xmlns="http://microsoft.com/schemas/VisualStudio/TeamTest/2010" />
    <TestEntry testId="219547ac-d953-99f8-2edf-0911d57e52dd" executionId="5d3a8fc4-58b0-4108-87f5-7c37758d0a46" testListId="8c84fa94-04c1-424b-9868-57a2d4851a1d" xmlns="http://microsoft.com/schemas/VisualStudio/TeamTest/2010" />
    <TestEntry testId="6acc9c74-0373-caf8-35ed-9e340028f0c1" executionId="1030d549-3294-4baf-b9a0-2bc03d6f420a" testListId="8c84fa94-04c1-424b-9868-57a2d4851a1d" xmlns="http://microsoft.com/schemas/VisualStudio/TeamTest/2010" />
    <TestEntry testId="f6e30306-bb3b-d2e5-9a55-741402e2594f" executionId="10922ca9-7202-4f16-aba2-d47b8645791c" testListId="8c84fa94-04c1-424b-9868-57a2d4851a1d" xmlns="http://microsoft.com/schemas/VisualStudio/TeamTest/2010" />
    <TestEntry testId="6945fc8e-bced-3763-56d7-dd9774cf09e7" executionId="b46c7a51-cbc5-414b-a1cf-46b7b81c144a" testListId="8c84fa94-04c1-424b-9868-57a2d4851a1d" xmlns="http://microsoft.com/schemas/VisualStudio/TeamTest/2010" />
    <TestEntry testId="e97eaf8e-0ecf-65f5-04ab-76ca8870b372" executionId="7bafe149-4ba8-4713-88c2-565ccbdf4b56" testListId="8c84fa94-04c1-424b-9868-57a2d4851a1d" xmlns="http://microsoft.com/schemas/VisualStudio/TeamTest/2010" />
    <TestEntry testId="f6892432-d506-05dd-c1d8-5f655afbf0ef" executionId="04ddff7e-4e04-435f-9c74-7d3eadea9387" testListId="8c84fa94-04c1-424b-9868-57a2d4851a1d" xmlns="http://microsoft.com/schemas/VisualStudio/TeamTest/2010" />
    <TestEntry testId="6a696e3c-fdaf-a272-447e-e0c2a6c77673" executionId="af9a82c4-38ac-41dc-a778-ad919eb088aa" testListId="8c84fa94-04c1-424b-9868-57a2d4851a1d" xmlns="http://microsoft.com/schemas/VisualStudio/TeamTest/2010" />
    <TestEntry testId="55a3c803-06e9-6a98-6826-97a1597a8680" executionId="d1099f81-9056-433a-8b61-c8cb9691fef6" testListId="8c84fa94-04c1-424b-9868-57a2d4851a1d" xmlns="http://microsoft.com/schemas/VisualStudio/TeamTest/2010" />
    <TestEntry testId="6f5bf48c-e4c0-b967-62c8-a640629e7719" executionId="80aad71d-1f29-4d81-8bfb-b9b02f9e13c0" testListId="8c84fa94-04c1-424b-9868-57a2d4851a1d" xmlns="http://microsoft.com/schemas/VisualStudio/TeamTest/2010" />
    <TestEntry testId="a465e3e2-5f33-9280-96a5-dad2cdb56d48" executionId="42810d77-4cb2-4d0a-84fc-3627a49242eb" testListId="8c84fa94-04c1-424b-9868-57a2d4851a1d" xmlns="http://microsoft.com/schemas/VisualStudio/TeamTest/2010" />
    <TestEntry testId="d9a582db-720f-849c-5c6c-3e72305e7969" executionId="6968c3fc-62c3-4d6e-89ee-42f0d19c6349" testListId="8c84fa94-04c1-424b-9868-57a2d4851a1d" xmlns="http://microsoft.com/schemas/VisualStudio/TeamTest/2010" />
    <TestEntry testId="2be0bb23-bdd4-39e3-5c52-58d829d1a4f6" executionId="3eafb1a8-c001-4932-9731-024d2568eca7" testListId="8c84fa94-04c1-424b-9868-57a2d4851a1d" xmlns="http://microsoft.com/schemas/VisualStudio/TeamTest/2010" />
    <TestEntry testId="da8e2bdd-b046-b065-da35-f4d8fa39c126" executionId="d17b5f28-f3a8-4b72-a707-06d6510ac725" testListId="8c84fa94-04c1-424b-9868-57a2d4851a1d" xmlns="http://microsoft.com/schemas/VisualStudio/TeamTest/2010" />
    <TestEntry testId="18ab39eb-c269-8e5e-27c8-0e0099e940b7" executionId="51c36e12-1178-4f39-a91c-d3b10e505799" testListId="8c84fa94-04c1-424b-9868-57a2d4851a1d" xmlns="http://microsoft.com/schemas/VisualStudio/TeamTest/2010" />
    <TestEntry testId="fc5fae9f-91d6-fa24-579e-a13cc255eec6" executionId="18c6fc2f-e879-4567-8952-00334e0a1a5b" testListId="8c84fa94-04c1-424b-9868-57a2d4851a1d" xmlns="http://microsoft.com/schemas/VisualStudio/TeamTest/2010" />
    <TestEntry testId="921f768d-c026-5c72-695c-6195f075a1c1" executionId="a0e44ede-500c-4f9e-963d-32744d33b60e" testListId="8c84fa94-04c1-424b-9868-57a2d4851a1d" xmlns="http://microsoft.com/schemas/VisualStudio/TeamTest/2010" />
    <TestEntry testId="abffb153-2bc5-2e5d-37d3-34241627ba4f" executionId="385f1677-3ea5-4a05-8f46-c52bd4edea4c" testListId="8c84fa94-04c1-424b-9868-57a2d4851a1d" xmlns="http://microsoft.com/schemas/VisualStudio/TeamTest/2010" />
    <TestEntry testId="32feb49a-a169-6254-5ae6-6f93b144c382" executionId="3d870979-e79c-40ae-93aa-2d9845f63af5" testListId="8c84fa94-04c1-424b-9868-57a2d4851a1d" xmlns="http://microsoft.com/schemas/VisualStudio/TeamTest/2010" />
    <TestEntry testId="b7ad954c-d7f8-9b7f-da20-994bdddaa358" executionId="3ce272cf-cde6-4137-951e-a6d5a1960745" testListId="8c84fa94-04c1-424b-9868-57a2d4851a1d" xmlns="http://microsoft.com/schemas/VisualStudio/TeamTest/2010" />
    <TestEntry testId="a7424620-7d66-2bab-87dd-6bf41b62173f" executionId="e4a52e1c-7bcb-4820-8f24-e57fa7b55ee9" testListId="8c84fa94-04c1-424b-9868-57a2d4851a1d" xmlns="http://microsoft.com/schemas/VisualStudio/TeamTest/2010" />
    <TestEntry testId="cb67196b-6ac5-2ad3-c511-f22d8dd105d9" executionId="b1141e79-50de-4334-ba74-3ab5e46691e9" testListId="8c84fa94-04c1-424b-9868-57a2d4851a1d" xmlns="http://microsoft.com/schemas/VisualStudio/TeamTest/2010" />
    <TestEntry testId="9995fe48-045c-fb86-728c-6afde736c742" executionId="3b350acf-5020-4137-8449-f79219986837" testListId="8c84fa94-04c1-424b-9868-57a2d4851a1d" xmlns="http://microsoft.com/schemas/VisualStudio/TeamTest/2010" />
    <TestEntry testId="a8ca89f0-79ce-83ca-018f-472a49db6f46" executionId="b01a20d6-240a-4206-b3ff-4c960ba603dd" testListId="8c84fa94-04c1-424b-9868-57a2d4851a1d" xmlns="http://microsoft.com/schemas/VisualStudio/TeamTest/2010" />
    <TestEntry testId="e05e78b9-1fc5-d5e7-7e42-f53788d2e4a8" executionId="8c427b4c-7c5a-4d19-af57-3b22b1296e16" testListId="8c84fa94-04c1-424b-9868-57a2d4851a1d" xmlns="http://microsoft.com/schemas/VisualStudio/TeamTest/2010" />
    <TestEntry testId="3e3a289b-1c74-15e1-39bf-f6ee0cea86e7" executionId="f7a40961-0855-4a05-ae44-9d6abc60fc88" testListId="8c84fa94-04c1-424b-9868-57a2d4851a1d" xmlns="http://microsoft.com/schemas/VisualStudio/TeamTest/2010" />
    <TestEntry testId="a1968147-0351-75a4-0e13-531c67b43bf8" executionId="afd8566c-a256-4bcc-9a52-b512f95abff0" testListId="8c84fa94-04c1-424b-9868-57a2d4851a1d" xmlns="http://microsoft.com/schemas/VisualStudio/TeamTest/2010" />
    <TestEntry testId="747a08c9-a3e7-c6d3-d3e5-4ea9ef67df60" executionId="eb60c41b-e188-4059-9485-c47780f6846a" testListId="8c84fa94-04c1-424b-9868-57a2d4851a1d" xmlns="http://microsoft.com/schemas/VisualStudio/TeamTest/2010" />
    <TestEntry testId="1d8ac424-d8c8-cc40-95df-91f5d4ddca6b" executionId="65590435-436a-40f2-966f-2661c59b274f" testListId="8c84fa94-04c1-424b-9868-57a2d4851a1d" xmlns="http://microsoft.com/schemas/VisualStudio/TeamTest/2010" />
    <TestEntry testId="09a12892-a09d-2217-56ca-535c29014ee4" executionId="c97a17fe-f1c6-442c-93fc-1a4f021527fe" testListId="8c84fa94-04c1-424b-9868-57a2d4851a1d" xmlns="http://microsoft.com/schemas/VisualStudio/TeamTest/2010" />
    <TestEntry testId="23e6d9bc-f3c3-f29d-3344-d86cf83d0f1d" executionId="3bbdd0c4-cd00-4dee-8025-f06d69e3aeb9" testListId="8c84fa94-04c1-424b-9868-57a2d4851a1d" xmlns="http://microsoft.com/schemas/VisualStudio/TeamTest/2010" />
    <TestEntry testId="92340e72-277a-04a0-4ab5-bc7177798536" executionId="1d79fc07-10ab-4052-a444-863a227c68b5" testListId="8c84fa94-04c1-424b-9868-57a2d4851a1d" xmlns="http://microsoft.com/schemas/VisualStudio/TeamTest/2010" />
    <TestEntry testId="40b5ef99-b7df-93ac-7917-4647f5a51753" executionId="16c2a3e3-09ef-4531-82c3-96158eaeed51" testListId="8c84fa94-04c1-424b-9868-57a2d4851a1d" xmlns="http://microsoft.com/schemas/VisualStudio/TeamTest/2010" />
    <TestEntry testId="01759c6c-9c6f-76ea-83d1-8f4c8b379bd1" executionId="9815c874-51eb-477e-93de-1719ce6a983b" testListId="8c84fa94-04c1-424b-9868-57a2d4851a1d" xmlns="http://microsoft.com/schemas/VisualStudio/TeamTest/2010" />
    <TestEntry testId="b13fa943-22bd-9e1f-c5db-ef62652cfa07" executionId="bb0c1b76-1c71-4c4d-a428-ca092e49680d" testListId="8c84fa94-04c1-424b-9868-57a2d4851a1d" xmlns="http://microsoft.com/schemas/VisualStudio/TeamTest/2010" />
    <TestEntry testId="58462863-ff6d-f063-2a0a-2d8d701b12ea" executionId="fe6eb761-c776-4af4-a11a-df8b282381a7" testListId="8c84fa94-04c1-424b-9868-57a2d4851a1d" xmlns="http://microsoft.com/schemas/VisualStudio/TeamTest/2010" />
    <TestEntry testId="cb4cfb9e-73c3-8e26-9b3a-14e0a5fbae7b" executionId="e38a042e-bcc8-4766-8bef-d0ded6a27e1f" testListId="8c84fa94-04c1-424b-9868-57a2d4851a1d" xmlns="http://microsoft.com/schemas/VisualStudio/TeamTest/2010" />
    <TestEntry testId="1d309172-e008-0657-5b5e-95e52af2c894" executionId="25c4e596-9670-4f88-916d-7a87e18314b4" testListId="8c84fa94-04c1-424b-9868-57a2d4851a1d" xmlns="http://microsoft.com/schemas/VisualStudio/TeamTest/2010" />
    <TestEntry testId="2be8e5bd-2821-3300-9bb9-16d0bbda7431" executionId="65a7403a-c0bf-4c2b-842d-ac76b0fd888c" testListId="8c84fa94-04c1-424b-9868-57a2d4851a1d" xmlns="http://microsoft.com/schemas/VisualStudio/TeamTest/2010" />
    <TestEntry testId="ec5b60ed-7fe8-4ace-f494-55fd9fc20bb2" executionId="13a1afd3-a78c-4e08-954a-cb01dba67abb" testListId="8c84fa94-04c1-424b-9868-57a2d4851a1d" xmlns="http://microsoft.com/schemas/VisualStudio/TeamTest/2010" />
    <TestEntry testId="101e9e04-cff8-8fa9-c661-9d47b6be78ef" executionId="c70c49bc-f96d-4093-bcf2-cb696c0ab49d" testListId="8c84fa94-04c1-424b-9868-57a2d4851a1d" xmlns="http://microsoft.com/schemas/VisualStudio/TeamTest/2010" />
    <TestEntry testId="e084b9bb-3fb5-a391-9844-c9e65646417a" executionId="351485cb-8268-4d2f-9c02-11ed92cea827" testListId="8c84fa94-04c1-424b-9868-57a2d4851a1d" xmlns="http://microsoft.com/schemas/VisualStudio/TeamTest/2010" />
    <TestEntry testId="d543c38b-7074-0e95-e523-50409de6c955" executionId="a48826de-d781-444b-ac92-1769fb02ef29" testListId="8c84fa94-04c1-424b-9868-57a2d4851a1d" xmlns="http://microsoft.com/schemas/VisualStudio/TeamTest/2010" />
    <TestEntry testId="78601fce-42b7-1d43-f4d2-c9e13ea5ac39" executionId="e6c93435-ef8e-49ad-aaf2-2216d1eb9617" testListId="8c84fa94-04c1-424b-9868-57a2d4851a1d" xmlns="http://microsoft.com/schemas/VisualStudio/TeamTest/2010" />
    <TestEntry testId="447a7ec8-4d58-9251-c78c-779d4ba60530" executionId="3197f7d8-073e-43e1-b6a7-458209a1d84d" testListId="8c84fa94-04c1-424b-9868-57a2d4851a1d" xmlns="http://microsoft.com/schemas/VisualStudio/TeamTest/2010" />
    <TestEntry testId="fe55777e-1d6a-5099-e51b-5211c764827b" executionId="8181ef2f-c47d-4a59-8cbd-3260c0b5cf37" testListId="8c84fa94-04c1-424b-9868-57a2d4851a1d" xmlns="http://microsoft.com/schemas/VisualStudio/TeamTest/2010" />
    <TestEntry testId="c3657274-5684-84b0-53f6-50ffb36049ed" executionId="ecc2ff08-d281-41aa-aa1c-810d2503ad98" testListId="8c84fa94-04c1-424b-9868-57a2d4851a1d" xmlns="http://microsoft.com/schemas/VisualStudio/TeamTest/2010" />
    <TestEntry testId="15f0f0c3-de9f-da14-426b-78765c04900a" executionId="dfce5ddb-c232-4281-b0c5-c1b7ce1ee552" testListId="8c84fa94-04c1-424b-9868-57a2d4851a1d" xmlns="http://microsoft.com/schemas/VisualStudio/TeamTest/2010" />
    <TestEntry testId="7d752d6c-ea35-c2bf-5a54-d2a77f5d8d11" executionId="18756d29-7d08-40fd-b654-99160b51da58" testListId="8c84fa94-04c1-424b-9868-57a2d4851a1d" xmlns="http://microsoft.com/schemas/VisualStudio/TeamTest/2010" />
    <TestEntry testId="4e84d721-e721-48df-0fef-58399d42c3e4" executionId="04128a44-80cf-48cb-b422-a5a08d87432a" testListId="8c84fa94-04c1-424b-9868-57a2d4851a1d" xmlns="http://microsoft.com/schemas/VisualStudio/TeamTest/2010" />
    <TestEntry testId="acbf883b-a248-9198-bfe3-0944bb2a2172" executionId="79852190-e388-45cd-be04-bc0497e16c2d" testListId="8c84fa94-04c1-424b-9868-57a2d4851a1d" xmlns="http://microsoft.com/schemas/VisualStudio/TeamTest/2010" />
    <TestEntry testId="1521fdf8-ee8e-3f24-da8a-3dd3b9aaa633" executionId="77bc299b-da34-46c5-aacd-1208db4daad0" testListId="8c84fa94-04c1-424b-9868-57a2d4851a1d" xmlns="http://microsoft.com/schemas/VisualStudio/TeamTest/2010" />
    <TestEntry testId="00a18adb-717a-ef94-6424-5f5fb443e4cf" executionId="a2eeaec0-4c42-4a19-bf9f-9de81436c286" testListId="8c84fa94-04c1-424b-9868-57a2d4851a1d" xmlns="http://microsoft.com/schemas/VisualStudio/TeamTest/2010" />
    <TestEntry testId="e25795eb-c389-3b43-4e5f-ee4489209b2a" executionId="e434b4f8-a853-444b-b0b9-54e6cbe4a78c" testListId="8c84fa94-04c1-424b-9868-57a2d4851a1d" xmlns="http://microsoft.com/schemas/VisualStudio/TeamTest/2010" />
    <TestEntry testId="162a9975-fa90-6541-ed71-2ec4dcc7aa4e" executionId="e0254913-8141-40a8-95c8-9dd308a14d36" testListId="8c84fa94-04c1-424b-9868-57a2d4851a1d" xmlns="http://microsoft.com/schemas/VisualStudio/TeamTest/2010" />
    <TestEntry testId="d27fa711-0e9a-e814-3ef2-aa33f0dcce39" executionId="6a431397-008a-4db9-b5b4-8a1a7ccb9190" testListId="8c84fa94-04c1-424b-9868-57a2d4851a1d" xmlns="http://microsoft.com/schemas/VisualStudio/TeamTest/2010" />
    <TestEntry testId="8a35045d-3fa3-99c5-00ae-6cb0cc7f41bf" executionId="896b5866-8d4e-488f-b119-3fb294b5f1b6" testListId="8c84fa94-04c1-424b-9868-57a2d4851a1d" xmlns="http://microsoft.com/schemas/VisualStudio/TeamTest/2010" />
    <TestEntry testId="05a8bf42-5434-8515-7c2c-2cfaa500d506" executionId="1f2e013d-1505-4ee6-984a-680392ab239e" testListId="8c84fa94-04c1-424b-9868-57a2d4851a1d" xmlns="http://microsoft.com/schemas/VisualStudio/TeamTest/2010" />
    <TestEntry testId="51b3917d-24ec-e1ae-8b96-e40add1a9fbb" executionId="e57533bb-ba57-4eb9-95fd-e6e0635d1d6c" testListId="8c84fa94-04c1-424b-9868-57a2d4851a1d" xmlns="http://microsoft.com/schemas/VisualStudio/TeamTest/2010" />
    <TestEntry testId="74c0350c-cd7d-cb05-e9ec-3dbfcdb5e334" executionId="3f2bae64-395b-436c-8e1a-3b2e9cab7249" testListId="8c84fa94-04c1-424b-9868-57a2d4851a1d" xmlns="http://microsoft.com/schemas/VisualStudio/TeamTest/2010" />
    <TestEntry testId="bfa565c7-fa2e-8baa-d496-303afe5abd4e" executionId="f8a92779-5ab8-4cb9-a168-2121fa852f2a" testListId="8c84fa94-04c1-424b-9868-57a2d4851a1d" xmlns="http://microsoft.com/schemas/VisualStudio/TeamTest/2010" />
    <TestEntry testId="e3aee510-497a-29c4-a957-cf3658ce44bf" executionId="e29829e2-e09b-4b7f-8c5a-0b3c93a58858" testListId="8c84fa94-04c1-424b-9868-57a2d4851a1d" xmlns="http://microsoft.com/schemas/VisualStudio/TeamTest/2010" />
    <TestEntry testId="38847c53-ed57-2707-a54c-021211b43dbe" executionId="37a32046-ac8a-46b1-add6-81681f6821ec" testListId="8c84fa94-04c1-424b-9868-57a2d4851a1d" xmlns="http://microsoft.com/schemas/VisualStudio/TeamTest/2010" />
    <TestEntry testId="6a819246-7db0-b20a-947c-c26438c9bd63" executionId="186e7de0-eec0-4ad4-b4a3-ce2107158feb" testListId="8c84fa94-04c1-424b-9868-57a2d4851a1d" xmlns="http://microsoft.com/schemas/VisualStudio/TeamTest/2010" />
    <TestEntry testId="f0a8452b-a880-3678-5fa2-b0b5343292bb" executionId="ef073c36-8900-4a29-941a-93c273a1482e" testListId="8c84fa94-04c1-424b-9868-57a2d4851a1d" xmlns="http://microsoft.com/schemas/VisualStudio/TeamTest/2010" />
    <TestEntry testId="85c1e566-d68d-d955-a41f-828e82e07cee" executionId="a6387c49-36ed-46fb-95dc-d2adefee172f" testListId="8c84fa94-04c1-424b-9868-57a2d4851a1d" xmlns="http://microsoft.com/schemas/VisualStudio/TeamTest/2010" />
    <TestEntry testId="27d7c2e1-6a3b-6d4f-0096-57d930cb5166" executionId="d2af7365-7d24-480d-a400-0e05744713dd" testListId="8c84fa94-04c1-424b-9868-57a2d4851a1d" xmlns="http://microsoft.com/schemas/VisualStudio/TeamTest/2010" />
    <TestEntry testId="d4c79ddc-bac1-9c46-ff17-af527979978d" executionId="4b47c1d1-47e6-4110-8726-330ee0e8b396" testListId="8c84fa94-04c1-424b-9868-57a2d4851a1d" xmlns="http://microsoft.com/schemas/VisualStudio/TeamTest/2010" />
    <TestEntry testId="02f35529-4ead-47e9-3f31-cb3572ed4bd3" executionId="5a99d377-0a53-48ab-a8d1-84f83429ba1b" testListId="8c84fa94-04c1-424b-9868-57a2d4851a1d" xmlns="http://microsoft.com/schemas/VisualStudio/TeamTest/2010" />
    <TestEntry testId="904d5d76-7886-9282-84ca-d6d2d719e578" executionId="6186f790-fb76-4a2b-8908-a2e7696d1f9a" testListId="8c84fa94-04c1-424b-9868-57a2d4851a1d" xmlns="http://microsoft.com/schemas/VisualStudio/TeamTest/2010" />
    <TestEntry testId="dd99c6d8-5061-c33e-9fb5-f6db9b5c95f7" executionId="75bf6047-ea0e-41b5-830d-d9d9d4912604" testListId="8c84fa94-04c1-424b-9868-57a2d4851a1d" xmlns="http://microsoft.com/schemas/VisualStudio/TeamTest/2010" />
    <TestEntry testId="7409cd42-f673-2565-2261-30abc9b0641d" executionId="0e0d6807-c148-41cd-8bfe-7e90adfef3ce" testListId="8c84fa94-04c1-424b-9868-57a2d4851a1d" xmlns="http://microsoft.com/schemas/VisualStudio/TeamTest/2010" />
    <TestEntry testId="c737a9ae-6e38-8556-c3b4-7587ecb9acbb" executionId="4636552b-eee8-45c8-8b89-ee19180edd16" testListId="8c84fa94-04c1-424b-9868-57a2d4851a1d" xmlns="http://microsoft.com/schemas/VisualStudio/TeamTest/2010" />
    <TestEntry testId="86518760-fa00-295e-47cc-e5d6dba47527" executionId="35ab43cd-1869-4f9b-8507-ada9b40c2034" testListId="8c84fa94-04c1-424b-9868-57a2d4851a1d" xmlns="http://microsoft.com/schemas/VisualStudio/TeamTest/2010" />
    <TestEntry testId="08cb4208-4fe7-b76b-4972-5be8287f6cc2" executionId="0f2fc219-d5ec-4f5e-b13a-048ae18e0020" testListId="8c84fa94-04c1-424b-9868-57a2d4851a1d" xmlns="http://microsoft.com/schemas/VisualStudio/TeamTest/2010" />
    <TestEntry testId="ef7812d1-d662-c64d-e88c-8e391f4a0f87" executionId="6840b25e-443c-4ec5-b295-6719b922103e" testListId="8c84fa94-04c1-424b-9868-57a2d4851a1d" xmlns="http://microsoft.com/schemas/VisualStudio/TeamTest/2010" />
    <TestEntry testId="73b345a6-01ee-1f99-e257-2bd3980b2a55" executionId="3469966c-9f3e-4d99-8fc2-a96242f813e1" testListId="8c84fa94-04c1-424b-9868-57a2d4851a1d" xmlns="http://microsoft.com/schemas/VisualStudio/TeamTest/2010" />
    <TestEntry testId="5fe0a77c-457c-1ad4-ea90-21c6f2197cf3" executionId="8418ecf4-9d6f-4e22-91aa-5451d0a7c120" testListId="8c84fa94-04c1-424b-9868-57a2d4851a1d" xmlns="http://microsoft.com/schemas/VisualStudio/TeamTest/2010" />
    <TestEntry testId="8f963ded-5435-4dfe-3694-5269d26ce987" executionId="cc08876b-355e-476b-a399-8d0236e7c4bb" testListId="8c84fa94-04c1-424b-9868-57a2d4851a1d" xmlns="http://microsoft.com/schemas/VisualStudio/TeamTest/2010" />
    <TestEntry testId="00605a31-5bf4-6a10-d5d8-68605ca0fe9e" executionId="ebf56426-efb9-452a-8628-f5699921638c" testListId="8c84fa94-04c1-424b-9868-57a2d4851a1d" xmlns="http://microsoft.com/schemas/VisualStudio/TeamTest/2010" />
    <TestEntry testId="66aadc34-05ee-03ee-7c60-4bddd836a077" executionId="8fffc09a-fa07-40bd-9562-4033a141c6e6" testListId="8c84fa94-04c1-424b-9868-57a2d4851a1d" xmlns="http://microsoft.com/schemas/VisualStudio/TeamTest/2010" />
    <TestEntry testId="cc1b359f-b5fb-d9ba-7555-848df199bc6d" executionId="3d011932-da18-4e77-8839-159b1e267a83" testListId="8c84fa94-04c1-424b-9868-57a2d4851a1d" xmlns="http://microsoft.com/schemas/VisualStudio/TeamTest/2010" />
    <TestEntry testId="a60b6d3e-da8f-8208-5340-a670e426e0ab" executionId="6e36dab4-5868-4ee2-b6a8-af2277b8154c" testListId="8c84fa94-04c1-424b-9868-57a2d4851a1d" xmlns="http://microsoft.com/schemas/VisualStudio/TeamTest/2010" />
    <TestEntry testId="2d610960-5163-7dee-2e11-4657bfeeb260" executionId="440b325e-4bb4-4744-9954-67b181635bc2" testListId="8c84fa94-04c1-424b-9868-57a2d4851a1d" xmlns="http://microsoft.com/schemas/VisualStudio/TeamTest/2010" />
    <TestEntry testId="5a587cdd-33a2-0450-b436-28e3c32ca2bc" executionId="6be602ab-7126-46c6-a9d1-75c6cbbceaf0" testListId="8c84fa94-04c1-424b-9868-57a2d4851a1d" xmlns="http://microsoft.com/schemas/VisualStudio/TeamTest/2010" />
    <TestEntry testId="4dd54268-ca5c-f2ac-0f75-c1f879346a6a" executionId="cd953fb9-5bee-4fd9-a2de-b4fd01eff5fd" testListId="8c84fa94-04c1-424b-9868-57a2d4851a1d" xmlns="http://microsoft.com/schemas/VisualStudio/TeamTest/2010" />
    <TestEntry testId="fead0924-ca29-6130-f519-2482f200a666" executionId="47c649b6-b029-430b-a7bc-62b99ee7a453" testListId="8c84fa94-04c1-424b-9868-57a2d4851a1d" xmlns="http://microsoft.com/schemas/VisualStudio/TeamTest/2010" />
    <TestEntry testId="c0747f59-826b-81b4-d050-0ed251150a5f" executionId="cb53f06d-b81b-4578-aa16-3394a1ed38b9" testListId="8c84fa94-04c1-424b-9868-57a2d4851a1d" xmlns="http://microsoft.com/schemas/VisualStudio/TeamTest/2010" />
  </TestEntries>
  <ResultSummary outcome="Completed" >
    <Counters total="397" passed="397" failed="0" />
  </ResultSummary>
</TestRun>
