<?xml version="1.0" encoding="utf-8"?>
<TestRun id="fcfe2b15-2efc-473c-8511-f4a62346360f" name="MWhited@LW-18560 2023-09-28 23:16:45" runUser="EGI\MWhited" xmlns="http://microsoft.com/schemas/VisualStudio/TeamTest/2010">
  <Times creation="2023-09-28T23:16:45.9785741-04:00" queuing="2023-09-28T23:16:45.9785741-04:00" start="2023-09-28T23:16:37.1992677-04:00" finish="2023-09-28T23:16:53.4854795-04:00" />
  <TestSettings name="default" id="72247cea-03a0-4d8a-9844-825d1332b801">
    <Deployment runDeploymentRoot="MWhited_LW-18560_2023-09-28_23_16_45" />
  </TestSettings>
  <Results>
    <UnitTestResult executionId="1328a345-75dd-4b2d-bd0e-24537e2fa3b3" testId="429bea00-ef23-00e4-9d59-b93408bb216b" testName="VisitTest_EqualOperator (Hello,HELLO,True)" computerName="LW-18560" duration="00:00:00.0010644" startTime="2023-09-28T23:16:51.9102652-04:00" endTime="2023-09-28T23:16:51.9118858-04:00" testType="13cdc9d9-ddb5-4fa4-a97d-d965ccfc6d4b" outcome="Passed" testListId="8c84fa94-04c1-424b-9868-57a2d4851a1d" relativeResultsDirectory="1328a345-75dd-4b2d-bd0e-24537e2fa3b3">
      <Output>
        <StdOut>TestContext Messages:&#xD;
expression: e =&gt; (e == value(Eliassen.System.Tests.Linq.Expressions.StringComparisonReplacementExpressionVisitorTests+&lt;&gt;c__DisplayClass4_0).matched)&#xD;
visited: e =&gt; e.Equals(value(Eliassen.System.Tests.Linq.Expressions.StringComparisonReplacementExpressionVisitorTests+&lt;&gt;c__DisplayClass4_0).matched, CurrentCultureIgnoreCase)</StdOut>
      </Output>
    </UnitTestResult>
    <UnitTestResult executionId="1932095b-b01a-4584-b136-cec499920cb5" testId="c86604a7-3189-2888-7dab-1b8a123dc076" testName="ToEnumTest (4,WithEnumValue)" computerName="LW-18560" duration="00:00:00.0000440" startTime="2023-09-28T23:16:52.1076712-04:00" endTime="2023-09-28T23:16:52.1083858-04:00" testType="13cdc9d9-ddb5-4fa4-a97d-d965ccfc6d4b" outcome="Passed" testListId="8c84fa94-04c1-424b-9868-57a2d4851a1d" relativeResultsDirectory="1932095b-b01a-4584-b136-cec499920cb5" />
    <UnitTestResult executionId="38201b66-5ffc-45e1-9fdd-f43935eba18a" testId="7fd160bc-3b5b-e6e2-40ae-1974536260f2" testName="TryParseTest (System.AttributeTargets,Enum,True,Enum)" computerName="LW-18560" duration="00:00:00.0000387" startTime="2023-09-28T23:16:52.2636534-04:00" endTime="2023-09-28T23:16:52.2868739-04:00" testType="13cdc9d9-ddb5-4fa4-a97d-d965ccfc6d4b" outcome="Passed" testListId="8c84fa94-04c1-424b-9868-57a2d4851a1d" relativeResultsDirectory="38201b66-5ffc-45e1-9fdd-f43935eba18a" />
    <UnitTestResult executionId="5adb06e6-5b31-4a09-97f8-9546f9dda60b" testId="deef7ad8-cc1d-09cf-900c-db623c3eb404" testName="VisitTest_EndsWith (Hello,LO,True)" computerName="LW-18560" duration="00:00:00.0015637" startTime="2023-09-28T23:16:51.8827434-04:00" endTime="2023-09-28T23:16:51.8851110-04:00" testType="13cdc9d9-ddb5-4fa4-a97d-d965ccfc6d4b" outcome="Passed" testListId="8c84fa94-04c1-424b-9868-57a2d4851a1d" relativeResultsDirectory="5adb06e6-5b31-4a09-97f8-9546f9dda60b">
      <Output>
        <StdOut>Eliassen.System.Internal.ConsoleLogger`1[Eliassen.System.Linq.Expressions.StringComparisonReplacementExpressionVisitor]:Debug:&gt;&#xD;
	Replace: e.EndsWith(value(Eliassen.System.Tests.Linq.Expressions.StringComparisonReplacementExpressionVisitorTests+&lt;&gt;c__DisplayClass8_0).matched) with e.EndsWith(value(Eliassen.System.Tests.Linq.Expressions.StringComparisonReplacementExpressionVisitorTests+&lt;&gt;c__DisplayClass8_0).matched, CurrentCultureIgnoreCase)&#xD;
&#xD;
&#xD;
&#xD;
TestContext Messages:&#xD;
expression: e =&gt; e.EndsWith(value(Eliassen.System.Tests.Linq.Expressions.StringComparisonReplacementExpressionVisitorTests+&lt;&gt;c__DisplayClass8_0).matched)&#xD;
visited: e =&gt; e.EndsWith(value(Eliassen.System.Tests.Linq.Expressions.StringComparisonReplacementExpressionVisitorTests+&lt;&gt;c__DisplayClass8_0).matched, CurrentCultureIgnoreCase)</StdOut>
      </Output>
    </UnitTestResult>
    <UnitTestResult executionId="2426d9a6-8f58-444c-9ead-d7ac008234a7" testId="7fd160bc-3b5b-e6e2-40ae-1974536260f2" testName="TryParseTest (System.Nullable`1[System.Int32],nope,False,)" computerName="LW-18560" duration="00:00:00.0002597" startTime="2023-09-28T23:16:52.2636534-04:00" endTime="2023-09-28T23:16:52.2868739-04:00" testType="13cdc9d9-ddb5-4fa4-a97d-d965ccfc6d4b" outcome="Passed" testListId="8c84fa94-04c1-424b-9868-57a2d4851a1d" relativeResultsDirectory="2426d9a6-8f58-444c-9ead-d7ac008234a7" />
    <UnitTestResult executionId="fc2e9ae6-612c-489f-a4d9-90c5e2452c9c" testId="e350703c-47df-56f0-b995-a52c38b53eca" testName="MakeSafeTest (System.Nullable`1[System.Decimal],nope,)" computerName="LW-18560" duration="00:00:00.0004222" startTime="2023-09-28T23:16:52.1839307-04:00" endTime="2023-09-28T23:16:52.2245807-04:00" testType="13cdc9d9-ddb5-4fa4-a97d-d965ccfc6d4b" outcome="Passed" testListId="8c84fa94-04c1-424b-9868-57a2d4851a1d" relativeResultsDirectory="fc2e9ae6-612c-489f-a4d9-90c5e2452c9c" />
    <UnitTestResult executionId="47bda760-f4f0-475c-bd0e-ab0c4d8cc76c" testId="b6498f29-1231-5fcf-4954-1746daa0500d" testName="ExecuteByTest_Filter (Eliassen.System.Tests.Linq.TestTargets.TestTargetModel,Name,NotEqualTo,,10,0,1,2,3,4,5,6,7,8,9)" computerName="LW-18560" duration="00:00:00.0558699" startTime="2023-09-28T23:16:45.6334967-04:00" endTime="2023-09-28T23:16:50.4977563-04:00" testType="13cdc9d9-ddb5-4fa4-a97d-d965ccfc6d4b" outcome="Passed" testListId="8c84fa94-04c1-424b-9868-57a2d4851a1d" relativeResultsDirectory="47bda760-f4f0-475c-bd0e-ab0c4d8cc76c">
      <Output>
        <StdOut>Eliassen.System.Internal.ConsoleLogger`1[Eliassen.System.Linq.Search.QueryBuilder]:Information:&gt;&#xD;
	Build query for CurrentPage: 0&#xD;
PageSize: 0&#xD;
ExcludePageCount: False&#xD;
SearchTerm: (null)&#xD;
	F:Name: NotEqualTo:&#xD;
&#xD;
Eliassen.System.Internal.ConsoleLogger`1[Eliassen.System.Linq.Search.QueryBuilder]:Information:&gt;&#xD;
	Execute (paged): System.Linq.Enumerable+SelectRangeIterator`1[Eliassen.System.Tests.Linq.TestTargets.TestTargetModel].Where(n =&gt; (n.Name != "")).OrderBy(_ =&gt; 0).Skip(0).Take(10)&#xD;
&#xD;
&#xD;
&#xD;
TestContext Messages:&#xD;
SearchQuery-QueryableExtensionsTests_ExecuteByTestFilter(121)-638315398101122339.json: Attached&#xD;
EnumerableQuery_1-QueryableExtensionsTests_ExecuteByTestFilter(123)-638315398101203167.json: Attached&#xD;
PagedQueryResult_1-QueryableExtensionsTests_ExecuteByTestFilter(125)-638315398101592930.json: Attached&#xD;
resultKeys: 0,1,2,3,4,5,6,7,8,9</StdOut>
        <StdErr>Eliassen.System.Internal.ConsoleLogger`1[Eliassen.System.Linq.Search.SortBuilder`1[Eliassen.System.Tests.Linq.TestTargets.TestTargetModel]]:Warning:&gt;&#xD;
	Force sort by 0 applied for Eliassen.System.Tests.Linq.TestTargets.TestTargetModel</StdErr>
      </Output>
      <ResultFiles>
        <ResultFile path="LW-18560\EnumerableQuery_1-QueryableExtensionsTests_ExecuteByTestFilter(123)-638315398101203167.json" />
        <ResultFile path="LW-18560\PagedQueryResult_1-QueryableExtensionsTests_ExecuteByTestFilter(125)-638315398101592930.json" />
        <ResultFile path="LW-18560\SearchQuery-QueryableExtensionsTests_ExecuteByTestFilter(121)-638315398101122339.json" />
      </ResultFiles>
    </UnitTestResult>
    <UnitTestResult executionId="4baf6231-557d-4f9f-a1e2-7e0c1403f5cb" testId="813de6f8-8b3e-0b13-6ab2-5efd1e438630" testName="ToEnumTest (name,name2|test name,WithEnumValue, WithMemberName, WithDisplay)" computerName="LW-18560" duration="00:00:00.0004049" startTime="2023-09-28T23:16:52.1511420-04:00" endTime="2023-09-28T23:16:52.1522396-04:00" testType="13cdc9d9-ddb5-4fa4-a97d-d965ccfc6d4b" outcome="Passed" testListId="8c84fa94-04c1-424b-9868-57a2d4851a1d" relativeResultsDirectory="4baf6231-557d-4f9f-a1e2-7e0c1403f5cb" />
    <UnitTestResult executionId="f3a6b60f-35fd-45f4-9aad-3722ac4406b8" testId="7fd160bc-3b5b-e6e2-40ae-1974536260f2" testName="TryParseTest (System.Decimal,1,True,1)" computerName="LW-18560" duration="00:00:00.0000541" startTime="2023-09-28T23:16:52.2636534-04:00" endTime="2023-09-28T23:16:52.2868739-04:00" testType="13cdc9d9-ddb5-4fa4-a97d-d965ccfc6d4b" outcome="Passed" testListId="8c84fa94-04c1-424b-9868-57a2d4851a1d" relativeResultsDirectory="f3a6b60f-35fd-45f4-9aad-3722ac4406b8" />
    <UnitTestResult executionId="d2dc9e95-c8fb-4c94-9c7a-b9dfdf961470" testId="e350703c-47df-56f0-b995-a52c38b53eca" testName="MakeSafeTest (System.Double,nope,)" computerName="LW-18560" duration="00:00:00.0006044" startTime="2023-09-28T23:16:52.1839307-04:00" endTime="2023-09-28T23:16:52.2245807-04:00" testType="13cdc9d9-ddb5-4fa4-a97d-d965ccfc6d4b" outcome="Passed" testListId="8c84fa94-04c1-424b-9868-57a2d4851a1d" relativeResultsDirectory="d2dc9e95-c8fb-4c94-9c7a-b9dfdf961470" />
    <UnitTestResult executionId="41daf358-2914-4122-8560-9941d56562fb" testId="b6498f29-1231-5fcf-4954-1746daa0500d" testName="ExecuteByTest_Filter (Eliassen.System.Tests.Linq.TestTargets.TestTargetExtendedModel,May,EqualTo,,10,0,3,6,9,12,15,18,21,24,27)" computerName="LW-18560" duration="00:00:00.0729581" startTime="2023-09-28T23:16:45.6334967-04:00" endTime="2023-09-28T23:16:50.4977563-04:00" testType="13cdc9d9-ddb5-4fa4-a97d-d965ccfc6d4b" outcome="Passed" testListId="8c84fa94-04c1-424b-9868-57a2d4851a1d" relativeResultsDirectory="41daf358-2914-4122-8560-9941d56562fb">
      <Output>
        <StdOut>Eliassen.System.Internal.ConsoleLogger`1[Eliassen.System.Linq.Search.QueryBuilder]:Information:&gt;&#xD;
	Build query for CurrentPage: 0&#xD;
PageSize: 0&#xD;
ExcludePageCount: False&#xD;
SearchTerm: (null)&#xD;
	F:May: EqualTo:&#xD;
&#xD;
Eliassen.System.Internal.ConsoleLogger`1[Eliassen.System.Linq.Search.QueryBuilder]:Information:&gt;&#xD;
	Execute (paged): System.Linq.Enumerable+SelectRangeIterator`1[Eliassen.System.Tests.Linq.TestTargets.TestTargetExtendedModel].Where(n =&gt; (n.May == "")).OrderBy(_ =&gt; 0).Skip(0).Take(10)&#xD;
&#xD;
&#xD;
&#xD;
TestContext Messages:&#xD;
SearchQuery-QueryableExtensionsTests_ExecuteByTestFilter(121)-638315398102147575.json: Attached&#xD;
EnumerableQuery_1-QueryableExtensionsTests_ExecuteByTestFilter(123)-638315398102216696.json: Attached&#xD;
PagedQueryResult_1-QueryableExtensionsTests_ExecuteByTestFilter(125)-638315398102790273.json: Attached&#xD;
resultKeys: 0,3,6,9,12,15,18,21,24,27</StdOut>
        <StdErr>Eliassen.System.Internal.ConsoleLogger`1[Eliassen.System.Linq.Search.SortBuilder`1[Eliassen.System.Tests.Linq.TestTargets.TestTargetExtendedModel]]:Warning:&gt;&#xD;
	Force sort by 0 applied for Eliassen.System.Tests.Linq.TestTargets.TestTargetExtendedModel</StdErr>
      </Output>
      <ResultFiles>
        <ResultFile path="LW-18560\EnumerableQuery_1-QueryableExtensionsTests_ExecuteByTestFilter(123)-638315398102216696.json" />
        <ResultFile path="LW-18560\PagedQueryResult_1-QueryableExtensionsTests_ExecuteByTestFilter(125)-638315398102790273.json" />
        <ResultFile path="LW-18560\SearchQuery-QueryableExtensionsTests_ExecuteByTestFilter(121)-638315398102147575.json" />
      </ResultFiles>
    </UnitTestResult>
    <UnitTestResult executionId="9fc09c46-d08d-4625-8032-3467be2e4a59" testId="b6498f29-1231-5fcf-4954-1746daa0500d" testName="ExecuteByTest_Filter (Eliassen.System.Tests.Linq.TestTargets.TestTargetExtendedModel,DateTimeOffsetNullable,LessThan,2020-03-01T01:01:01.4356493+02:00,2,0,1)" computerName="LW-18560" duration="00:00:00.0785519" startTime="2023-09-28T23:16:45.6334967-04:00" endTime="2023-09-28T23:16:50.4977563-04:00" testType="13cdc9d9-ddb5-4fa4-a97d-d965ccfc6d4b" outcome="Passed" testListId="8c84fa94-04c1-424b-9868-57a2d4851a1d" relativeResultsDirectory="9fc09c46-d08d-4625-8032-3467be2e4a59">
      <Output>
        <StdOut>Eliassen.System.Internal.ConsoleLogger`1[Eliassen.System.Linq.Search.QueryBuilder]:Information:&gt;&#xD;
	Build query for CurrentPage: 0&#xD;
PageSize: 0&#xD;
ExcludePageCount: False&#xD;
SearchTerm: (null)&#xD;
	F:DateTimeOffsetNullable: LessThan: 2020-03-01T01:01:01.4356493+02:00&#xD;
&#xD;
Eliassen.System.Internal.ConsoleLogger`1[Eliassen.System.Linq.Search.QueryBuilder]:Information:&gt;&#xD;
	Execute (paged): System.Linq.Enumerable+SelectRangeIterator`1[Eliassen.System.Tests.Linq.TestTargets.TestTargetExtendedModel].Where(n =&gt; (n.DateTimeOffsetNullable &lt; Convert(3/1/2020 1:01:01 AM +02:00, Nullable`1))).OrderBy(_ =&gt; 0).Skip(0).Take(10)&#xD;
&#xD;
&#xD;
&#xD;
TestContext Messages:&#xD;
SearchQuery-QueryableExtensionsTests_ExecuteByTestFilter(121)-638315398095842830.json: Attached&#xD;
EnumerableQuery_1-QueryableExtensionsTests_ExecuteByTestFilter(123)-638315398095917203.json: Attached&#xD;
PagedQueryResult_1-QueryableExtensionsTests_ExecuteByTestFilter(125)-638315398096525148.json: Attached&#xD;
resultKeys: 0,1</StdOut>
        <StdErr>Eliassen.System.Internal.ConsoleLogger`1[Eliassen.System.Linq.Expressions.ExpressionTreeBuilder`1[Eliassen.System.Tests.Linq.TestTargets.TestTargetExtendedModel]]:Warning:&gt;&#xD;
	2020-03-01T01:01:01.4356493+02:00 parsed to 03/01/2020 01:01:01 +02:00 (System.DateTimeOffset)&#xD;
Eliassen.System.Internal.ConsoleLogger`1[Eliassen.System.Linq.Search.SortBuilder`1[Eliassen.System.Tests.Linq.TestTargets.TestTargetExtendedModel]]:Warning:&gt;&#xD;
	Force sort by 0 applied for Eliassen.System.Tests.Linq.TestTargets.TestTargetExtendedModel</StdErr>
      </Output>
      <ResultFiles>
        <ResultFile path="LW-18560\EnumerableQuery_1-QueryableExtensionsTests_ExecuteByTestFilter(123)-638315398095917203.json" />
        <ResultFile path="LW-18560\PagedQueryResult_1-QueryableExtensionsTests_ExecuteByTestFilter(125)-638315398096525148.json" />
        <ResultFile path="LW-18560\SearchQuery-QueryableExtensionsTests_ExecuteByTestFilter(121)-638315398095842830.json" />
      </ResultFiles>
    </UnitTestResult>
    <UnitTestResult executionId="63f6c4f3-de49-42bd-8fb1-28956e4191b2" testId="b1db68ac-3861-8d24-4c33-2f9c14693ed1" testName="ToEnumTest (2,Val2)" computerName="LW-18560" duration="00:00:00.0000447" startTime="2023-09-28T23:16:52.1012037-04:00" endTime="2023-09-28T23:16:52.1018581-04:00" testType="13cdc9d9-ddb5-4fa4-a97d-d965ccfc6d4b" outcome="Passed" testListId="8c84fa94-04c1-424b-9868-57a2d4851a1d" relativeResultsDirectory="63f6c4f3-de49-42bd-8fb1-28956e4191b2" />
    <UnitTestResult executionId="914d6673-0461-442f-ab36-bfd9c8d22e6a" testId="e350703c-47df-56f0-b995-a52c38b53eca" testName="MakeSafeTest (System.Nullable`1[System.Decimal],1,1)" computerName="LW-18560" duration="00:00:00.0001002" startTime="2023-09-28T23:16:52.1839307-04:00" endTime="2023-09-28T23:16:52.2245807-04:00" testType="13cdc9d9-ddb5-4fa4-a97d-d965ccfc6d4b" outcome="Passed" testListId="8c84fa94-04c1-424b-9868-57a2d4851a1d" relativeResultsDirectory="914d6673-0461-442f-ab36-bfd9c8d22e6a" />
    <UnitTestResult executionId="b22b8342-ebe5-4089-8f7c-f4c5e20d2077" testId="a51c6a7a-75e1-0622-60c8-7222f67cd4e4" testName="DeserializeTest_Nullable ({&quot;Nullable&quot;:{&quot;$date&quot;:&quot;2023-07-05T14:16:32.2015217-04:00&quot;},&quot;Value&quot;:{&quot;$date&quot;:&quot;0001-01-01T00:00:00+00:00&quot;}},2023-07-05T14:16:32.2015217-04:00)" computerName="LW-18560" duration="00:00:00.0665996" startTime="2023-09-28T23:16:52.5599115-04:00" endTime="2023-09-28T23:16:52.6276254-04:00" testType="13cdc9d9-ddb5-4fa4-a97d-d965ccfc6d4b" outcome="Passed" testListId="8c84fa94-04c1-424b-9868-57a2d4851a1d" relativeResultsDirectory="b22b8342-ebe5-4089-8f7c-f4c5e20d2077">
      <Output>
        <StdOut>TestContext Messages:&#xD;
input-BsonDateConverterTests_DeserializeTest_Nullable(65)-638315398125627561.json: Attached&#xD;
result-BsonDateConverterTests_DeserializeTest_Nullable(67)-638315398126088344.json: Attached</StdOut>
      </Output>
      <ResultFiles>
        <ResultFile path="LW-18560\input-BsonDateConverterTests_DeserializeTest_Nullable(65)-638315398125627561.json" />
        <ResultFile path="LW-18560\result-BsonDateConverterTests_DeserializeTest_Nullable(67)-638315398126088344.json" />
      </ResultFiles>
    </UnitTestResult>
    <UnitTestResult executionId="bf412e89-b570-4376-a9e6-513a25707670" testId="8048f845-f0e3-2aaf-e086-77ba6a9e53ae" testName="ToEnumTest (Val2 ,Val1,Val1, Val2)" computerName="LW-18560" duration="00:00:00.0000709" startTime="2023-09-28T23:16:52.0772481-04:00" endTime="2023-09-28T23:16:52.0780187-04:00" testType="13cdc9d9-ddb5-4fa4-a97d-d965ccfc6d4b" outcome="Passed" testListId="8c84fa94-04c1-424b-9868-57a2d4851a1d" relativeResultsDirectory="bf412e89-b570-4376-a9e6-513a25707670" />
    <UnitTestResult executionId="5b354e58-e5bb-472e-9368-f41cbfad9b80" testId="b6498f29-1231-5fcf-4954-1746daa0500d" testName="ExecuteByTest_Filter (Eliassen.System.Tests.Linq.TestTargets.TestTargetExtendedModel,Date,GreaterThanOrEqualTo,3/1/2020,10,2,3,4,5,6,7,8,9,10,11)" computerName="LW-18560" duration="00:00:00.0767211" startTime="2023-09-28T23:16:45.6334967-04:00" endTime="2023-09-28T23:16:50.4977563-04:00" testType="13cdc9d9-ddb5-4fa4-a97d-d965ccfc6d4b" outcome="Passed" testListId="8c84fa94-04c1-424b-9868-57a2d4851a1d" relativeResultsDirectory="5b354e58-e5bb-472e-9368-f41cbfad9b80">
      <Output>
        <StdOut>Eliassen.System.Internal.ConsoleLogger`1[Eliassen.System.Linq.Search.QueryBuilder]:Information:&gt;&#xD;
	Build query for CurrentPage: 0&#xD;
PageSize: 0&#xD;
ExcludePageCount: False&#xD;
SearchTerm: (null)&#xD;
	F:Date: GreaterThanOrEqualTo: 3/1/2020&#xD;
&#xD;
Eliassen.System.Internal.ConsoleLogger`1[Eliassen.System.Linq.Search.QueryBuilder]:Information:&gt;&#xD;
	Execute (paged): System.Linq.Enumerable+SelectRangeIterator`1[Eliassen.System.Tests.Linq.TestTargets.TestTargetExtendedModel].Where(n =&gt; (n.Date &gt;= 3/1/2020 12:00:00 AM)).OrderBy(_ =&gt; 0).Skip(0).Take(10)&#xD;
&#xD;
&#xD;
&#xD;
TestContext Messages:&#xD;
SearchQuery-QueryableExtensionsTests_ExecuteByTestFilter(121)-638315398090696039.json: Attached&#xD;
EnumerableQuery_1-QueryableExtensionsTests_ExecuteByTestFilter(123)-638315398090764060.json: Attached&#xD;
PagedQueryResult_1-QueryableExtensionsTests_ExecuteByTestFilter(125)-638315398091348850.json: Attached&#xD;
resultKeys: 2,3,4,5,6,7,8,9,10,11</StdOut>
        <StdErr>Eliassen.System.Internal.ConsoleLogger`1[Eliassen.System.Linq.Expressions.ExpressionTreeBuilder`1[Eliassen.System.Tests.Linq.TestTargets.TestTargetExtendedModel]]:Warning:&gt;&#xD;
	3/1/2020 parsed to 03/01/2020 00:00:00 (System.DateTime)&#xD;
Eliassen.System.Internal.ConsoleLogger`1[Eliassen.System.Linq.Search.SortBuilder`1[Eliassen.System.Tests.Linq.TestTargets.TestTargetExtendedModel]]:Warning:&gt;&#xD;
	Force sort by 0 applied for Eliassen.System.Tests.Linq.TestTargets.TestTargetExtendedModel</StdErr>
      </Output>
      <ResultFiles>
        <ResultFile path="LW-18560\EnumerableQuery_1-QueryableExtensionsTests_ExecuteByTestFilter(123)-638315398090764060.json" />
        <ResultFile path="LW-18560\PagedQueryResult_1-QueryableExtensionsTests_ExecuteByTestFilter(125)-638315398091348850.json" />
        <ResultFile path="LW-18560\SearchQuery-QueryableExtensionsTests_ExecuteByTestFilter(121)-638315398090696039.json" />
      </ResultFiles>
    </UnitTestResult>
    <UnitTestResult executionId="18e2552b-ad40-45bc-8933-8bc78f85f0cf" testId="bb6d8621-db33-2366-8e82-a87beebdef19" testName="AddResultTest_Stream" computerName="LW-18560" duration="00:00:00.0068185" startTime="2023-09-28T23:16:45.9500196-04:00" endTime="2023-09-28T23:16:45.9572853-04:00" testType="13cdc9d9-ddb5-4fa4-a97d-d965ccfc6d4b" outcome="Passed" testListId="8c84fa94-04c1-424b-9868-57a2d4851a1d" relativeResultsDirectory="18e2552b-ad40-45bc-8933-8bc78f85f0cf">
      <Output>
        <StdOut>TestContext Messages:&#xD;
MemoryStream-TextContextExtensionsTests_AddResultTest_Stream(170)-638315398059511477.bin: Attached</StdOut>
      </Output>
      <ResultFiles>
        <ResultFile path="LW-18560\MemoryStream-TextContextExtensionsTests_AddResultTest_Stream(170)-638315398059511477.bin" />
      </ResultFiles>
    </UnitTestResult>
    <UnitTestResult executionId="6c22aaf9-13bd-486c-abf9-bf7f012e3502" testId="2f56b32e-ea97-c552-8dea-074dcb4e0dc0" testName="MakeSafeArrayTest (System.String,System.Object[],System.String[])" computerName="LW-18560" duration="00:00:00.0007193" startTime="2023-09-28T23:16:52.1658728-04:00" endTime="2023-09-28T23:16:52.1781400-04:00" testType="13cdc9d9-ddb5-4fa4-a97d-d965ccfc6d4b" outcome="Passed" testListId="8c84fa94-04c1-424b-9868-57a2d4851a1d" relativeResultsDirectory="6c22aaf9-13bd-486c-abf9-bf7f012e3502" />
    <UnitTestResult executionId="8ff794e6-9ecb-40e8-8138-ced91a6d7f0b" testId="dcab6442-3647-193e-5b50-9725bbfda52b" testName="GetFilterablePropertyNamesTest_TestTarget3Model" computerName="LW-18560" duration="00:00:00.0019844" startTime="2023-09-28T23:16:51.7281292-04:00" endTime="2023-09-28T23:16:51.7305935-04:00" testType="13cdc9d9-ddb5-4fa4-a97d-d965ccfc6d4b" outcome="Passed" testListId="8c84fa94-04c1-424b-9868-57a2d4851a1d" relativeResultsDirectory="8ff794e6-9ecb-40e8-8138-ced91a6d7f0b" />
    <UnitTestResult executionId="e688605d-be12-49ab-80f3-abc48616519e" testId="94eba969-c82f-9e81-1248-494bdd4f32c8" testName="GetSearchablePropertyNames_TestTarget3Model" computerName="LW-18560" duration="00:00:00.0027737" startTime="2023-09-28T23:16:51.7456250-04:00" endTime="2023-09-28T23:16:51.7492363-04:00" testType="13cdc9d9-ddb5-4fa4-a97d-d965ccfc6d4b" outcome="Passed" testListId="8c84fa94-04c1-424b-9868-57a2d4851a1d" relativeResultsDirectory="e688605d-be12-49ab-80f3-abc48616519e" />
    <UnitTestResult executionId="f3ee3c44-40f7-46ff-9c79-663903d1c3c8" testId="b6498f29-1231-5fcf-4954-1746daa0500d" testName="ExecuteByTest_Filter (Eliassen.System.Tests.Linq.TestTargets.TestTargetModel,Index,LessThanOrEqualTo,5,6,0,1,2,3,4,5)" computerName="LW-18560" duration="00:00:00.1324556" startTime="2023-09-28T23:16:45.6334967-04:00" endTime="2023-09-28T23:16:50.4977563-04:00" testType="13cdc9d9-ddb5-4fa4-a97d-d965ccfc6d4b" outcome="Passed" testListId="8c84fa94-04c1-424b-9868-57a2d4851a1d" relativeResultsDirectory="f3ee3c44-40f7-46ff-9c79-663903d1c3c8">
      <Output>
        <StdOut>Eliassen.System.Internal.ConsoleLogger`1[Eliassen.System.Linq.Search.QueryBuilder]:Information:&gt;&#xD;
	Build query for CurrentPage: 0&#xD;
PageSize: 0&#xD;
ExcludePageCount: False&#xD;
SearchTerm: (null)&#xD;
	F:Index: LessThanOrEqualTo: 5&#xD;
&#xD;
Eliassen.System.Internal.ConsoleLogger`1[Eliassen.System.Linq.Search.QueryBuilder]:Information:&gt;&#xD;
	Execute (paged): System.Linq.Enumerable+SelectRangeIterator`1[Eliassen.System.Tests.Linq.TestTargets.TestTargetModel].Where(n =&gt; (n.Index &lt;= 5)).OrderBy(_ =&gt; 0).Skip(0).Take(10)&#xD;
&#xD;
&#xD;
&#xD;
TestContext Messages:&#xD;
SearchQuery-QueryableExtensionsTests_ExecuteByTestFilter(121)-638315398077399500.json: Attached&#xD;
EnumerableQuery_1-QueryableExtensionsTests_ExecuteByTestFilter(123)-638315398077538927.json: Attached&#xD;
PagedQueryResult_1-QueryableExtensionsTests_ExecuteByTestFilter(125)-638315398078564033.json: Attached&#xD;
resultKeys: 0,1,2,3,4,5</StdOut>
        <StdErr>Eliassen.System.Internal.ConsoleLogger`1[Eliassen.System.Linq.Expressions.ExpressionTreeBuilder`1[Eliassen.System.Tests.Linq.TestTargets.TestTargetModel]]:Warning:&gt;&#xD;
	5 parsed to 5 (System.Int32)&#xD;
Eliassen.System.Internal.ConsoleLogger`1[Eliassen.System.Linq.Search.SortBuilder`1[Eliassen.System.Tests.Linq.TestTargets.TestTargetModel]]:Warning:&gt;&#xD;
	Force sort by 0 applied for Eliassen.System.Tests.Linq.TestTargets.TestTargetModel</StdErr>
      </Output>
      <ResultFiles>
        <ResultFile path="LW-18560\EnumerableQuery_1-QueryableExtensionsTests_ExecuteByTestFilter(123)-638315398077538927.json" />
        <ResultFile path="LW-18560\PagedQueryResult_1-QueryableExtensionsTests_ExecuteByTestFilter(125)-638315398078564033.json" />
        <ResultFile path="LW-18560\SearchQuery-QueryableExtensionsTests_ExecuteByTestFilter(121)-638315398077399500.json" />
      </ResultFiles>
    </UnitTestResult>
    <UnitTestResult executionId="d12915e0-fc0e-4e68-8d16-d74ca57bec1c" testId="7fd160bc-3b5b-e6e2-40ae-1974536260f2" testName="TryParseTest (System.Nullable`1[System.Guid],nope,False,)" computerName="LW-18560" duration="00:00:00.0003534" startTime="2023-09-28T23:16:52.2636534-04:00" endTime="2023-09-28T23:16:52.2868739-04:00" testType="13cdc9d9-ddb5-4fa4-a97d-d965ccfc6d4b" outcome="Passed" testListId="8c84fa94-04c1-424b-9868-57a2d4851a1d" relativeResultsDirectory="d12915e0-fc0e-4e68-8d16-d74ca57bec1c" />
    <UnitTestResult executionId="55ed5edc-e6ff-4cc1-a695-9f333eb5a6b6" testId="e8e1976d-7e2a-a919-30e8-284cb455d028" testName="VisitTest_Equals (,,False)" computerName="LW-18560" duration="00:00:00.0087314" startTime="2023-09-28T23:16:51.7798909-04:00" endTime="2023-09-28T23:16:51.7904994-04:00" testType="13cdc9d9-ddb5-4fa4-a97d-d965ccfc6d4b" outcome="Passed" testListId="8c84fa94-04c1-424b-9868-57a2d4851a1d" relativeResultsDirectory="55ed5edc-e6ff-4cc1-a695-9f333eb5a6b6">
      <Output>
        <StdOut>TestContext Messages:&#xD;
expression: e =&gt; e.Equals(value(Eliassen.System.Tests.Linq.Expressions.SkipInstanceMethodOnNullExpressionVisitorTests+&lt;&gt;c__DisplayClass4_0).matched)&#xD;
visited: e =&gt; ((e != null) AndAlso e.Equals(value(Eliassen.System.Tests.Linq.Expressions.SkipInstanceMethodOnNullExpressionVisitorTests+&lt;&gt;c__DisplayClass4_0).matched))&#xD;
result: False</StdOut>
      </Output>
    </UnitTestResult>
    <UnitTestResult executionId="bdcb4653-1e4b-4883-b524-db0b0de0f91b" testId="01e51d56-c992-5e2d-f6ea-cf3f1977a589" testName="GetTestDataAsyncTest_Targeted" computerName="LW-18560" duration="00:00:00.1036743" startTime="2023-09-28T23:16:47.5410318-04:00" endTime="2023-09-28T23:16:47.6657836-04:00" testType="13cdc9d9-ddb5-4fa4-a97d-d965ccfc6d4b" outcome="Passed" testListId="8c84fa94-04c1-424b-9868-57a2d4851a1d" relativeResultsDirectory="bdcb4653-1e4b-4883-b524-db0b0de0f91b" />
    <UnitTestResult executionId="4ae7585e-ad64-410f-a637-c264429a1598" testId="a111d044-0831-1b20-158f-e741b8774637" testName="ExecuteByTest_Page (0,1,1000,1000,0,1,0)" computerName="LW-18560" duration="00:00:00.0852028" startTime="2023-09-28T23:16:50.7403516-04:00" endTime="2023-09-28T23:16:50.8356445-04:00" testType="13cdc9d9-ddb5-4fa4-a97d-d965ccfc6d4b" outcome="Passed" testListId="8c84fa94-04c1-424b-9868-57a2d4851a1d" relativeResultsDirectory="4ae7585e-ad64-410f-a637-c264429a1598">
      <Output>
        <StdOut>Eliassen.System.Internal.ConsoleLogger`1[Eliassen.System.Linq.Search.QueryBuilder]:Information:&gt;&#xD;
	Build query for CurrentPage: 0&#xD;
PageSize: 1&#xD;
ExcludePageCount: False&#xD;
SearchTerm: (null)&#xD;
&#xD;
Eliassen.System.Internal.ConsoleLogger`1[Eliassen.System.Linq.Search.QueryBuilder]:Information:&gt;&#xD;
	Execute (paged): System.Linq.Enumerable+SelectRangeIterator`1[Eliassen.System.Tests.Linq.TestTargets.TestTargetModel].OrderBy(_ =&gt; 0).Skip(0).Take(1)&#xD;
&#xD;
&#xD;
&#xD;
TestContext Messages:&#xD;
SearchQuery-QueryableExtensionsTests_ExecuteByTest_Page(222)-638315398107559554.json: Attached&#xD;
EnumerableQuery_1-QueryableExtensionsTests_ExecuteByTest_Page(224)-638315398107622069.json: Attached&#xD;
PagedQueryResult_1-QueryableExtensionsTests_ExecuteByTest_Page(226)-638315398108100510.json: Attached&#xD;
resultKeys: 0</StdOut>
        <StdErr>Eliassen.System.Internal.ConsoleLogger`1[Eliassen.System.Linq.Search.QueryBuilder]:Warning:&gt;&#xD;
	No filtering detected: System.Linq.Enumerable+SelectRangeIterator`1[Eliassen.System.Tests.Linq.TestTargets.TestTargetModel]: CurrentPage: 0&#xD;
PageSize: 1&#xD;
ExcludePageCount: False&#xD;
SearchTerm: (null)&#xD;
&#xD;
Eliassen.System.Internal.ConsoleLogger`1[Eliassen.System.Linq.Search.SortBuilder`1[Eliassen.System.Tests.Linq.TestTargets.TestTargetModel]]:Warning:&gt;&#xD;
	Force sort by 0 applied for Eliassen.System.Tests.Linq.TestTargets.TestTargetModel</StdErr>
      </Output>
      <ResultFiles>
        <ResultFile path="LW-18560\EnumerableQuery_1-QueryableExtensionsTests_ExecuteByTest_Page(224)-638315398107622069.json" />
        <ResultFile path="LW-18560\PagedQueryResult_1-QueryableExtensionsTests_ExecuteByTest_Page(226)-638315398108100510.json" />
        <ResultFile path="LW-18560\SearchQuery-QueryableExtensionsTests_ExecuteByTest_Page(222)-638315398107559554.json" />
      </ResultFiles>
    </UnitTestResult>
    <UnitTestResult executionId="72b252e5-7851-4c14-aed0-08362971c702" testId="b6498f29-1231-5fcf-4954-1746daa0500d" testName="ExecuteByTest_Filter (Eliassen.System.Tests.Linq.TestTargets.TestTargetModel,Name,EqualTo,*03,9,103,203,303,403,503,603,703,803,903)" computerName="LW-18560" duration="00:00:00.1852531" startTime="2023-09-28T23:16:45.6334967-04:00" endTime="2023-09-28T23:16:50.4977563-04:00" testType="13cdc9d9-ddb5-4fa4-a97d-d965ccfc6d4b" outcome="Passed" testListId="8c84fa94-04c1-424b-9868-57a2d4851a1d" relativeResultsDirectory="72b252e5-7851-4c14-aed0-08362971c702">
      <Output>
        <StdOut>Eliassen.System.Internal.ConsoleLogger`1[Eliassen.System.Linq.Search.QueryBuilder]:Information:&gt;&#xD;
	Build query for CurrentPage: 0&#xD;
PageSize: 0&#xD;
ExcludePageCount: False&#xD;
SearchTerm: (null)&#xD;
	F:Name: EqualTo: *03&#xD;
&#xD;
Eliassen.System.Internal.ConsoleLogger`1[Eliassen.System.Linq.Search.QueryBuilder]:Information:&gt;&#xD;
	Execute (paged): System.Linq.Enumerable+SelectRangeIterator`1[Eliassen.System.Tests.Linq.TestTargets.TestTargetModel].Where(n =&gt; n.Name.EndsWith("03")).OrderBy(_ =&gt; 0).Skip(0).Take(10)&#xD;
&#xD;
&#xD;
&#xD;
TestContext Messages:&#xD;
SearchQuery-QueryableExtensionsTests_ExecuteByTestFilter(121)-638315398080373835.json: Attached&#xD;
EnumerableQuery_1-QueryableExtensionsTests_ExecuteByTestFilter(123)-638315398080434497.json: Attached&#xD;
PagedQueryResult_1-QueryableExtensionsTests_ExecuteByTestFilter(125)-638315398081744520.json: Attached&#xD;
resultKeys: 103,203,303,403,503,603,703,803,903</StdOut>
        <StdErr>Eliassen.System.Internal.ConsoleLogger`1[Eliassen.System.Linq.Search.SortBuilder`1[Eliassen.System.Tests.Linq.TestTargets.TestTargetModel]]:Warning:&gt;&#xD;
	Force sort by 0 applied for Eliassen.System.Tests.Linq.TestTargets.TestTargetModel</StdErr>
      </Output>
      <ResultFiles>
        <ResultFile path="LW-18560\EnumerableQuery_1-QueryableExtensionsTests_ExecuteByTestFilter(123)-638315398080434497.json" />
        <ResultFile path="LW-18560\PagedQueryResult_1-QueryableExtensionsTests_ExecuteByTestFilter(125)-638315398081744520.json" />
        <ResultFile path="LW-18560\SearchQuery-QueryableExtensionsTests_ExecuteByTestFilter(121)-638315398080373835.json" />
      </ResultFiles>
    </UnitTestResult>
    <UnitTestResult executionId="92d7ca26-6431-484b-adf3-4093a23de0b3" testId="f3dca1bb-5884-67f2-50ab-603f9fbc49dc" testName="GetSortablePropertyNamesTest_TestTarget2Model" computerName="LW-18560" duration="00:00:00.0087066" startTime="2023-09-28T23:16:51.7602833-04:00" endTime="2023-09-28T23:16:51.7694801-04:00" testType="13cdc9d9-ddb5-4fa4-a97d-d965ccfc6d4b" outcome="Passed" testListId="8c84fa94-04c1-424b-9868-57a2d4851a1d" relativeResultsDirectory="92d7ca26-6431-484b-adf3-4093a23de0b3" />
    <UnitTestResult executionId="0adc96e8-84f1-4306-ab89-8c77b2f21565" testId="cf24153f-de1a-65b4-4e24-cb6c2c726214" testName="ExecuteByTest_Sort (Name,Ascending,0,1,10,100,101,102,103,104,105,106)" computerName="LW-18560" duration="00:00:00.0341372" startTime="2023-09-28T23:16:51.6765490-04:00" endTime="2023-09-28T23:16:51.7119512-04:00" testType="13cdc9d9-ddb5-4fa4-a97d-d965ccfc6d4b" outcome="Passed" testListId="8c84fa94-04c1-424b-9868-57a2d4851a1d" relativeResultsDirectory="0adc96e8-84f1-4306-ab89-8c77b2f21565">
      <Output>
        <StdOut>Eliassen.System.Internal.ConsoleLogger`1[Eliassen.System.Linq.Search.QueryBuilder]:Information:&gt;&#xD;
	Build query for CurrentPage: 0&#xD;
PageSize: 0&#xD;
ExcludePageCount: False&#xD;
SearchTerm: (null)&#xD;
	S:Name: Ascending&#xD;
&#xD;
Eliassen.System.Internal.ConsoleLogger`1[Eliassen.System.Linq.Search.QueryBuilder]:Information:&gt;&#xD;
	Execute (paged): System.Linq.Enumerable+SelectRangeIterator`1[Eliassen.System.Tests.Linq.TestTargets.TestTargetModel].OrderBy(n =&gt; n.Name).Skip(0).Take(10)&#xD;
&#xD;
&#xD;
&#xD;
TestContext Messages:&#xD;
SearchQuery-QueryableExtensionsTests_ExecuteByTest_Sort(266)-638315398116770494.json: Attached&#xD;
PagedQueryResult_1-QueryableExtensionsTests_ExecuteByTest_Sort(268)-638315398117041661.json: Attached</StdOut>
        <StdErr>Eliassen.System.Internal.ConsoleLogger`1[Eliassen.System.Linq.Search.QueryBuilder]:Warning:&gt;&#xD;
	No filtering detected: System.Linq.Enumerable+SelectRangeIterator`1[Eliassen.System.Tests.Linq.TestTargets.TestTargetModel]: CurrentPage: 0&#xD;
PageSize: 0&#xD;
ExcludePageCount: False&#xD;
SearchTerm: (null)&#xD;
	S:Name: Ascending</StdErr>
      </Output>
      <ResultFiles>
        <ResultFile path="LW-18560\PagedQueryResult_1-QueryableExtensionsTests_ExecuteByTest_Sort(268)-638315398117041661.json" />
        <ResultFile path="LW-18560\SearchQuery-QueryableExtensionsTests_ExecuteByTest_Sort(266)-638315398116770494.json" />
      </ResultFiles>
    </UnitTestResult>
    <UnitTestResult executionId="d242dc01-9d1a-4750-815d-63ce1671df2e" testId="b6498f29-1231-5fcf-4954-1746daa0500d" testName="ExecuteByTest_Filter (Eliassen.System.Tests.Linq.TestTargets.TestTargetExtendedModel,Date,LessThan,2020-03-01,3,-1,0,1)" computerName="LW-18560" duration="00:00:00.0810595" startTime="2023-09-28T23:16:45.6334967-04:00" endTime="2023-09-28T23:16:50.4977563-04:00" testType="13cdc9d9-ddb5-4fa4-a97d-d965ccfc6d4b" outcome="Passed" testListId="8c84fa94-04c1-424b-9868-57a2d4851a1d" relativeResultsDirectory="d242dc01-9d1a-4750-815d-63ce1671df2e">
      <Output>
        <StdOut>Eliassen.System.Internal.ConsoleLogger`1[Eliassen.System.Linq.Search.QueryBuilder]:Information:&gt;&#xD;
	Build query for CurrentPage: 0&#xD;
PageSize: 0&#xD;
ExcludePageCount: False&#xD;
SearchTerm: (null)&#xD;
	F:Date: LessThan: 2020-03-01&#xD;
&#xD;
Eliassen.System.Internal.ConsoleLogger`1[Eliassen.System.Linq.Search.QueryBuilder]:Information:&gt;&#xD;
	Execute (paged): System.Linq.Enumerable+SelectRangeIterator`1[Eliassen.System.Tests.Linq.TestTargets.TestTargetExtendedModel].Where(n =&gt; (n.Date &lt; 3/1/2020 12:00:00 AM)).OrderBy(_ =&gt; 0).Skip(0).Take(10)&#xD;
&#xD;
&#xD;
&#xD;
TestContext Messages:&#xD;
SearchQuery-QueryableExtensionsTests_ExecuteByTestFilter(121)-638315398092409502.json: Attached&#xD;
EnumerableQuery_1-QueryableExtensionsTests_ExecuteByTestFilter(123)-638315398092548624.json: Attached&#xD;
PagedQueryResult_1-QueryableExtensionsTests_ExecuteByTestFilter(125)-638315398093143830.json: Attached&#xD;
resultKeys: -1,0,1</StdOut>
        <StdErr>Eliassen.System.Internal.ConsoleLogger`1[Eliassen.System.Linq.Expressions.ExpressionTreeBuilder`1[Eliassen.System.Tests.Linq.TestTargets.TestTargetExtendedModel]]:Warning:&gt;&#xD;
	2020-03-01 parsed to 03/01/2020 00:00:00 (System.DateTime)&#xD;
Eliassen.System.Internal.ConsoleLogger`1[Eliassen.System.Linq.Search.SortBuilder`1[Eliassen.System.Tests.Linq.TestTargets.TestTargetExtendedModel]]:Warning:&gt;&#xD;
	Force sort by 0 applied for Eliassen.System.Tests.Linq.TestTargets.TestTargetExtendedModel</StdErr>
      </Output>
      <ResultFiles>
        <ResultFile path="LW-18560\EnumerableQuery_1-QueryableExtensionsTests_ExecuteByTestFilter(123)-638315398092548624.json" />
        <ResultFile path="LW-18560\PagedQueryResult_1-QueryableExtensionsTests_ExecuteByTestFilter(125)-638315398093143830.json" />
        <ResultFile path="LW-18560\SearchQuery-QueryableExtensionsTests_ExecuteByTestFilter(121)-638315398092409502.json" />
      </ResultFiles>
    </UnitTestResult>
    <UnitTestResult executionId="ba3282d8-389a-4d06-9fd7-0da7b5e3b6ac" testId="b6498f29-1231-5fcf-4954-1746daa0500d" testName="ExecuteByTest_Filter (Eliassen.System.Tests.Linq.TestTargets.TestTargetModel,Index,LessThan,5,5,0,1,2,3,4)" computerName="LW-18560" duration="00:00:00.1761756" startTime="2023-09-28T23:16:45.6334967-04:00" endTime="2023-09-28T23:16:50.4977563-04:00" testType="13cdc9d9-ddb5-4fa4-a97d-d965ccfc6d4b" outcome="Passed" testListId="8c84fa94-04c1-424b-9868-57a2d4851a1d" relativeResultsDirectory="ba3282d8-389a-4d06-9fd7-0da7b5e3b6ac">
      <Output>
        <StdOut>Eliassen.System.Internal.ConsoleLogger`1[Eliassen.System.Linq.Search.QueryBuilder]:Information:&gt;&#xD;
	Build query for CurrentPage: 0&#xD;
PageSize: 0&#xD;
ExcludePageCount: False&#xD;
SearchTerm: (null)&#xD;
	F:Index: LessThan: 5&#xD;
&#xD;
Eliassen.System.Internal.ConsoleLogger`1[Eliassen.System.Linq.Search.QueryBuilder]:Information:&gt;&#xD;
	Execute (paged): System.Linq.Enumerable+SelectRangeIterator`1[Eliassen.System.Tests.Linq.TestTargets.TestTargetModel].Where(n =&gt; (n.Index &lt; 5)).OrderBy(_ =&gt; 0).Skip(0).Take(10)&#xD;
&#xD;
&#xD;
&#xD;
TestContext Messages:&#xD;
SearchQuery-QueryableExtensionsTests_ExecuteByTestFilter(121)-638315398074474047.json: Attached&#xD;
EnumerableQuery_1-QueryableExtensionsTests_ExecuteByTestFilter(123)-638315398074527175.json: Attached&#xD;
PagedQueryResult_1-QueryableExtensionsTests_ExecuteByTestFilter(125)-638315398075307345.json: Attached&#xD;
resultKeys: 0,1,2,3,4</StdOut>
        <StdErr>Eliassen.System.Internal.ConsoleLogger`1[Eliassen.System.Linq.Expressions.ExpressionTreeBuilder`1[Eliassen.System.Tests.Linq.TestTargets.TestTargetModel]]:Warning:&gt;&#xD;
	5 parsed to 5 (System.Int32)&#xD;
Eliassen.System.Internal.ConsoleLogger`1[Eliassen.System.Linq.Search.SortBuilder`1[Eliassen.System.Tests.Linq.TestTargets.TestTargetModel]]:Warning:&gt;&#xD;
	Force sort by 0 applied for Eliassen.System.Tests.Linq.TestTargets.TestTargetModel</StdErr>
      </Output>
      <ResultFiles>
        <ResultFile path="LW-18560\EnumerableQuery_1-QueryableExtensionsTests_ExecuteByTestFilter(123)-638315398074527175.json" />
        <ResultFile path="LW-18560\PagedQueryResult_1-QueryableExtensionsTests_ExecuteByTestFilter(125)-638315398075307345.json" />
        <ResultFile path="LW-18560\SearchQuery-QueryableExtensionsTests_ExecuteByTestFilter(121)-638315398074474047.json" />
      </ResultFiles>
    </UnitTestResult>
    <UnitTestResult executionId="f260e65a-4df2-4eb7-8a08-cffe6a1e23bf" testId="7fd160bc-3b5b-e6e2-40ae-1974536260f2" testName="TryParseTest (System.Double,1,True,1)" computerName="LW-18560" duration="00:00:00.0000415" startTime="2023-09-28T23:16:52.2636534-04:00" endTime="2023-09-28T23:16:52.2868739-04:00" testType="13cdc9d9-ddb5-4fa4-a97d-d965ccfc6d4b" outcome="Passed" testListId="8c84fa94-04c1-424b-9868-57a2d4851a1d" relativeResultsDirectory="f260e65a-4df2-4eb7-8a08-cffe6a1e23bf" />
    <UnitTestResult executionId="6ba2799f-0d7d-49d1-b153-ec9d7aa31ca5" testId="e350703c-47df-56f0-b995-a52c38b53eca" testName="MakeSafeTest (System.AttributeTargets,Enum,Enum)" computerName="LW-18560" duration="00:00:00.0000395" startTime="2023-09-28T23:16:52.1839307-04:00" endTime="2023-09-28T23:16:52.2245807-04:00" testType="13cdc9d9-ddb5-4fa4-a97d-d965ccfc6d4b" outcome="Passed" testListId="8c84fa94-04c1-424b-9868-57a2d4851a1d" relativeResultsDirectory="6ba2799f-0d7d-49d1-b153-ec9d7aa31ca5" />
    <UnitTestResult executionId="e262004e-0989-4213-92ba-02e55c70e162" testId="e350703c-47df-56f0-b995-a52c38b53eca" testName="MakeSafeTest (System.DateTimeOffset,3/16/2022 12:00:00 AM +05:00,3/16/2022 12:00:00 AM +05:00)" computerName="LW-18560" duration="00:00:00.0021422" startTime="2023-09-28T23:16:52.1839307-04:00" endTime="2023-09-28T23:16:52.2245807-04:00" testType="13cdc9d9-ddb5-4fa4-a97d-d965ccfc6d4b" outcome="Passed" testListId="8c84fa94-04c1-424b-9868-57a2d4851a1d" relativeResultsDirectory="e262004e-0989-4213-92ba-02e55c70e162" />
    <UnitTestResult executionId="05f9fbdd-4de8-4610-a233-3d55c01d758f" testId="e1df6847-9ce6-b881-a551-2425c3d4dc0a" testName="ToEnumTest (test description,WithDescription)" computerName="LW-18560" duration="00:00:00.0004848" startTime="2023-09-28T23:16:52.1296975-04:00" endTime="2023-09-28T23:16:52.1308607-04:00" testType="13cdc9d9-ddb5-4fa4-a97d-d965ccfc6d4b" outcome="Passed" testListId="8c84fa94-04c1-424b-9868-57a2d4851a1d" relativeResultsDirectory="05f9fbdd-4de8-4610-a233-3d55c01d758f" />
    <UnitTestResult executionId="d46f16f1-bc43-46fa-8f95-00c7d8d69c79" testId="befbbe40-8643-5608-343e-b1c6cbc1b0eb" testName="DeserializeTest ({&quot;_id&quot;:{&quot;$oid&quot;:&quot;Hello World&quot;}},Hello World)" computerName="LW-18560" duration="00:00:00.0249215" startTime="2023-09-28T23:16:52.7243222-04:00" endTime="2023-09-28T23:16:52.7502062-04:00" testType="13cdc9d9-ddb5-4fa4-a97d-d965ccfc6d4b" outcome="Passed" testListId="8c84fa94-04c1-424b-9868-57a2d4851a1d" relativeResultsDirectory="d46f16f1-bc43-46fa-8f95-00c7d8d69c79">
      <Output>
        <StdOut>TestContext Messages:&#xD;
input-BsonIdConverterTests_DeserializeTest(41)-638315398127264334.json: Attached&#xD;
result-BsonIdConverterTests_DeserializeTest(43)-638315398127426277.json: Attached</StdOut>
      </Output>
      <ResultFiles>
        <ResultFile path="LW-18560\input-BsonIdConverterTests_DeserializeTest(41)-638315398127264334.json" />
        <ResultFile path="LW-18560\result-BsonIdConverterTests_DeserializeTest(43)-638315398127426277.json" />
      </ResultFiles>
    </UnitTestResult>
    <UnitTestResult executionId="b2ac77e9-4c8e-4468-8627-776cdb56a40f" testId="b6498f29-1231-5fcf-4954-1746daa0500d" testName="ExecuteByTest_Filter (Eliassen.System.Tests.Linq.TestTargets.TestTargetModel,Index,LessThan,5,5,0,1,2,3,4)" computerName="LW-18560" duration="00:00:00.1153706" startTime="2023-09-28T23:16:45.6334967-04:00" endTime="2023-09-28T23:16:50.4977563-04:00" testType="13cdc9d9-ddb5-4fa4-a97d-d965ccfc6d4b" outcome="Passed" testListId="8c84fa94-04c1-424b-9868-57a2d4851a1d" relativeResultsDirectory="b2ac77e9-4c8e-4468-8627-776cdb56a40f">
      <Output>
        <StdOut>Eliassen.System.Internal.ConsoleLogger`1[Eliassen.System.Linq.Search.QueryBuilder]:Information:&gt;&#xD;
	Build query for CurrentPage: 0&#xD;
PageSize: 0&#xD;
ExcludePageCount: False&#xD;
SearchTerm: (null)&#xD;
	F:Index: LessThan: 5&#xD;
&#xD;
Eliassen.System.Internal.ConsoleLogger`1[Eliassen.System.Linq.Search.QueryBuilder]:Information:&gt;&#xD;
	Execute (paged): System.Linq.Enumerable+SelectRangeIterator`1[Eliassen.System.Tests.Linq.TestTargets.TestTargetModel].Where(n =&gt; (n.Index &lt; 5)).OrderBy(_ =&gt; 0).Skip(0).Take(10)&#xD;
&#xD;
&#xD;
&#xD;
TestContext Messages:&#xD;
SearchQuery-QueryableExtensionsTests_ExecuteByTestFilter(121)-638315398076234459.json: Attached&#xD;
EnumerableQuery_1-QueryableExtensionsTests_ExecuteByTestFilter(123)-638315398076583214.json: Attached&#xD;
PagedQueryResult_1-QueryableExtensionsTests_ExecuteByTestFilter(125)-638315398077206103.json: Attached&#xD;
resultKeys: 0,1,2,3,4</StdOut>
        <StdErr>Eliassen.System.Internal.ConsoleLogger`1[Eliassen.System.Linq.Expressions.ExpressionTreeBuilder`1[Eliassen.System.Tests.Linq.TestTargets.TestTargetModel]]:Warning:&gt;&#xD;
	5 parsed to 5 (System.Int32)&#xD;
Eliassen.System.Internal.ConsoleLogger`1[Eliassen.System.Linq.Search.SortBuilder`1[Eliassen.System.Tests.Linq.TestTargets.TestTargetModel]]:Warning:&gt;&#xD;
	Force sort by 0 applied for Eliassen.System.Tests.Linq.TestTargets.TestTargetModel</StdErr>
      </Output>
      <ResultFiles>
        <ResultFile path="LW-18560\EnumerableQuery_1-QueryableExtensionsTests_ExecuteByTestFilter(123)-638315398076583214.json" />
        <ResultFile path="LW-18560\PagedQueryResult_1-QueryableExtensionsTests_ExecuteByTestFilter(125)-638315398077206103.json" />
        <ResultFile path="LW-18560\SearchQuery-QueryableExtensionsTests_ExecuteByTestFilter(121)-638315398076234459.json" />
      </ResultFiles>
    </UnitTestResult>
    <UnitTestResult executionId="a3c273fe-de32-4912-9bd7-feb105b1e62b" testId="f5306a38-7e9d-ad71-73c6-1c694342dc21" testName="ExecuteByTest_SearchTerm (Eliassen.System.Tests.Linq.TestTargets.TestTargetModel,*e3*,12,111,10,3,30,31,32,33,34,35,36,37,38)" computerName="LW-18560" duration="00:00:00.0560910" startTime="2023-09-28T23:16:51.1178705-04:00" endTime="2023-09-28T23:16:51.5240640-04:00" testType="13cdc9d9-ddb5-4fa4-a97d-d965ccfc6d4b" outcome="Passed" testListId="8c84fa94-04c1-424b-9868-57a2d4851a1d" relativeResultsDirectory="a3c273fe-de32-4912-9bd7-feb105b1e62b">
      <Output>
        <StdOut>Eliassen.System.Internal.ConsoleLogger`1[Eliassen.System.Linq.Search.QueryBuilder]:Information:&gt;&#xD;
	Build query for SearchQuery { CurrentPage = 0, PageSize = 0, ExcludePageCount = False, SearchTerm = *e3*, Filter = System.Collections.Generic.Dictionary`2[System.String,Eliassen.System.Linq.Search.FilterParameter], OrderBy = System.Collections.Generic.Dictionary`2[System.String,Eliassen.System.Linq.Search.OrderDirections] }&#xD;
Eliassen.System.Internal.ConsoleLogger`1[Eliassen.System.Linq.Search.QueryBuilder]:Debug:&gt;&#xD;
	Visited by: Eliassen.System.Linq.Expressions.SkipInstanceMethodOnNullExpressionVisitor&#xD;
Eliassen.System.Internal.ConsoleLogger`1[Eliassen.System.Linq.Search.QueryBuilder]:Information:&gt;&#xD;
	Execute (paged): System.Linq.Enumerable+SelectRangeIterator`1[Eliassen.System.Tests.Linq.TestTargets.TestTargetModel].Where(n =&gt; (((n.Name != null) AndAlso n.Name.Contains("e3")) OrElse ((n.Email != null) AndAlso n.Email.Contains("e3")))).OrderBy(_ =&gt; 0).Skip(0).Take(10)&#xD;
&#xD;
&#xD;
&#xD;
TestContext Messages:&#xD;
SearchQuery_1-QueryableExtensionsTests_ExecuteByTestSearchTerm(192)-638315398113705681.json: Attached&#xD;
EnumerableQuery_1-QueryableExtensionsTests_ExecuteByTestSearchTerm(194)-638315398113774609.json: Attached&#xD;
PagedQueryResult_1-QueryableExtensionsTests_ExecuteByTestSearchTerm(196)-638315398114193580.json: Attached&#xD;
resultKeys: 3,30,31,32,33,34,35,36,37,38</StdOut>
        <StdErr>Eliassen.System.Internal.ConsoleLogger`1[Eliassen.System.Linq.Search.SortBuilder`1[Eliassen.System.Tests.Linq.TestTargets.TestTargetModel]]:Warning:&gt;&#xD;
	Force sort by 0 applied for Eliassen.System.Tests.Linq.TestTargets.TestTargetModel</StdErr>
      </Output>
      <ResultFiles>
        <ResultFile path="LW-18560\EnumerableQuery_1-QueryableExtensionsTests_ExecuteByTestSearchTerm(194)-638315398113774609.json" />
        <ResultFile path="LW-18560\PagedQueryResult_1-QueryableExtensionsTests_ExecuteByTestSearchTerm(196)-638315398114193580.json" />
        <ResultFile path="LW-18560\SearchQuery_1-QueryableExtensionsTests_ExecuteByTestSearchTerm(192)-638315398113705681.json" />
      </ResultFiles>
    </UnitTestResult>
    <UnitTestResult executionId="6df53195-d705-4caa-8383-1dd0ab0e6baa" testId="4f2f1fea-5ab9-35a3-8cb2-a290a1876ccc" testName="ToEnumTest (test short,WithDisplay)" computerName="LW-18560" duration="00:00:00.0004432" startTime="2023-09-28T23:16:52.1478618-04:00" endTime="2023-09-28T23:16:52.1488771-04:00" testType="13cdc9d9-ddb5-4fa4-a97d-d965ccfc6d4b" outcome="Passed" testListId="8c84fa94-04c1-424b-9868-57a2d4851a1d" relativeResultsDirectory="6df53195-d705-4caa-8383-1dd0ab0e6baa" />
    <UnitTestResult executionId="4c393021-ab7a-40fd-896f-f26152fad50b" testId="b6498f29-1231-5fcf-4954-1746daa0500d" testName="ExecuteByTest_Filter (Eliassen.System.Tests.Linq.TestTargets.TestTargetModel,Name,NotEqualTo,*e2*,10,0,1,3,4,5,6,7,8,9,10)" computerName="LW-18560" duration="00:00:00.0862295" startTime="2023-09-28T23:16:45.6334967-04:00" endTime="2023-09-28T23:16:50.4977563-04:00" testType="13cdc9d9-ddb5-4fa4-a97d-d965ccfc6d4b" outcome="Passed" testListId="8c84fa94-04c1-424b-9868-57a2d4851a1d" relativeResultsDirectory="4c393021-ab7a-40fd-896f-f26152fad50b">
      <Output>
        <StdOut>Eliassen.System.Internal.ConsoleLogger`1[Eliassen.System.Linq.Search.QueryBuilder]:Information:&gt;&#xD;
	Build query for CurrentPage: 0&#xD;
PageSize: 0&#xD;
ExcludePageCount: False&#xD;
SearchTerm: (null)&#xD;
	F:Name: NotEqualTo: *e2*&#xD;
&#xD;
Eliassen.System.Internal.ConsoleLogger`1[Eliassen.System.Linq.Search.QueryBuilder]:Information:&gt;&#xD;
	Execute (paged): System.Linq.Enumerable+SelectRangeIterator`1[Eliassen.System.Tests.Linq.TestTargets.TestTargetModel].Where(n =&gt; Not(n.Name.Contains("e2"))).OrderBy(_ =&gt; 0).Skip(0).Take(10)&#xD;
&#xD;
&#xD;
&#xD;
TestContext Messages:&#xD;
SearchQuery-QueryableExtensionsTests_ExecuteByTestFilter(121)-638315398086055941.json: Attached&#xD;
EnumerableQuery_1-QueryableExtensionsTests_ExecuteByTestFilter(123)-638315398086253224.json: Attached&#xD;
PagedQueryResult_1-QueryableExtensionsTests_ExecuteByTestFilter(125)-638315398086727275.json: Attached&#xD;
resultKeys: 0,1,3,4,5,6,7,8,9,10</StdOut>
        <StdErr>Eliassen.System.Internal.ConsoleLogger`1[Eliassen.System.Linq.Search.SortBuilder`1[Eliassen.System.Tests.Linq.TestTargets.TestTargetModel]]:Warning:&gt;&#xD;
	Force sort by 0 applied for Eliassen.System.Tests.Linq.TestTargets.TestTargetModel</StdErr>
      </Output>
      <ResultFiles>
        <ResultFile path="LW-18560\EnumerableQuery_1-QueryableExtensionsTests_ExecuteByTestFilter(123)-638315398086253224.json" />
        <ResultFile path="LW-18560\PagedQueryResult_1-QueryableExtensionsTests_ExecuteByTestFilter(125)-638315398086727275.json" />
        <ResultFile path="LW-18560\SearchQuery-QueryableExtensionsTests_ExecuteByTestFilter(121)-638315398086055941.json" />
      </ResultFiles>
    </UnitTestResult>
    <UnitTestResult executionId="abdaa872-70f1-4833-ac8f-1a3811c52d4c" testId="7fd160bc-3b5b-e6e2-40ae-1974536260f2" testName="TryParseTest (System.Int32,1,True,1)" computerName="LW-18560" duration="00:00:00.0000427" startTime="2023-09-28T23:16:52.2636534-04:00" endTime="2023-09-28T23:16:52.2868739-04:00" testType="13cdc9d9-ddb5-4fa4-a97d-d965ccfc6d4b" outcome="Passed" testListId="8c84fa94-04c1-424b-9868-57a2d4851a1d" relativeResultsDirectory="abdaa872-70f1-4833-ac8f-1a3811c52d4c" />
    <UnitTestResult executionId="5b01a41c-0574-43ae-b165-89f1137b30dc" testId="7fd160bc-3b5b-e6e2-40ae-1974536260f2" testName="TryParseTest (System.Guid,18AACB9C-2989-4322-A490-C7167BEA0DB4,True,18aacb9c-2989-4322-a490-c7167bea0db4)" computerName="LW-18560" duration="00:00:00.0045328" startTime="2023-09-28T23:16:52.2636534-04:00" endTime="2023-09-28T23:16:52.2868739-04:00" testType="13cdc9d9-ddb5-4fa4-a97d-d965ccfc6d4b" outcome="Passed" testListId="8c84fa94-04c1-424b-9868-57a2d4851a1d" relativeResultsDirectory="5b01a41c-0574-43ae-b165-89f1137b30dc" />
    <UnitTestResult executionId="31acbddc-aa73-4275-9c78-257b548971da" testId="b6498f29-1231-5fcf-4954-1746daa0500d" testName="ExecuteByTest_Filter (Eliassen.System.Tests.Linq.TestTargets.TestTargetModel,Name,EqualTo,Name3,1,3)" computerName="LW-18560" duration="00:00:00.0696193" startTime="2023-09-28T23:16:45.6334967-04:00" endTime="2023-09-28T23:16:50.4977563-04:00" testType="13cdc9d9-ddb5-4fa4-a97d-d965ccfc6d4b" outcome="Passed" testListId="8c84fa94-04c1-424b-9868-57a2d4851a1d" relativeResultsDirectory="31acbddc-aa73-4275-9c78-257b548971da">
      <Output>
        <StdOut>Eliassen.System.Internal.ConsoleLogger`1[Eliassen.System.Linq.Search.QueryBuilder]:Information:&gt;&#xD;
	Build query for CurrentPage: 0&#xD;
PageSize: 0&#xD;
ExcludePageCount: False&#xD;
SearchTerm: (null)&#xD;
	F:Name: EqualTo: Name3&#xD;
&#xD;
Eliassen.System.Internal.ConsoleLogger`1[Eliassen.System.Linq.Search.QueryBuilder]:Information:&gt;&#xD;
	Execute (paged): System.Linq.Enumerable+SelectRangeIterator`1[Eliassen.System.Tests.Linq.TestTargets.TestTargetModel].Where(n =&gt; n.Name.Equals("Name3")).OrderBy(_ =&gt; 0).Skip(0).Take(10)&#xD;
&#xD;
&#xD;
&#xD;
TestContext Messages:&#xD;
SearchQuery-QueryableExtensionsTests_ExecuteByTestFilter(121)-638315398072380287.json: Attached&#xD;
EnumerableQuery_1-QueryableExtensionsTests_ExecuteByTestFilter(123)-638315398072517776.json: Attached&#xD;
PagedQueryResult_1-QueryableExtensionsTests_ExecuteByTestFilter(125)-638315398073003773.json: Attached&#xD;
resultKeys: 3</StdOut>
        <StdErr>Eliassen.System.Internal.ConsoleLogger`1[Eliassen.System.Linq.Search.SortBuilder`1[Eliassen.System.Tests.Linq.TestTargets.TestTargetModel]]:Warning:&gt;&#xD;
	Force sort by 0 applied for Eliassen.System.Tests.Linq.TestTargets.TestTargetModel</StdErr>
      </Output>
      <ResultFiles>
        <ResultFile path="LW-18560\EnumerableQuery_1-QueryableExtensionsTests_ExecuteByTestFilter(123)-638315398072517776.json" />
        <ResultFile path="LW-18560\PagedQueryResult_1-QueryableExtensionsTests_ExecuteByTestFilter(125)-638315398073003773.json" />
        <ResultFile path="LW-18560\SearchQuery-QueryableExtensionsTests_ExecuteByTestFilter(121)-638315398072380287.json" />
      </ResultFiles>
    </UnitTestResult>
    <UnitTestResult executionId="f5d87f75-4346-4942-8197-baafc5a37769" testId="c2031dba-5c95-befc-11f3-88687b34670f" testName="ExecuteByTest_Sort (Name,Descending,999,998,997,996,995,994,993,992,991,990)" computerName="LW-18560" duration="00:00:00.0519208" startTime="2023-09-28T23:16:51.5333542-04:00" endTime="2023-09-28T23:16:51.5925304-04:00" testType="13cdc9d9-ddb5-4fa4-a97d-d965ccfc6d4b" outcome="Passed" testListId="8c84fa94-04c1-424b-9868-57a2d4851a1d" relativeResultsDirectory="f5d87f75-4346-4942-8197-baafc5a37769">
      <Output>
        <StdOut>Eliassen.System.Internal.ConsoleLogger`1[Eliassen.System.Linq.Search.QueryBuilder]:Information:&gt;&#xD;
	Build query for CurrentPage: 0&#xD;
PageSize: 0&#xD;
ExcludePageCount: False&#xD;
SearchTerm: (null)&#xD;
	S:Name: Descending&#xD;
&#xD;
Eliassen.System.Internal.ConsoleLogger`1[Eliassen.System.Linq.Search.QueryBuilder]:Information:&gt;&#xD;
	Execute (paged): System.Linq.Enumerable+SelectRangeIterator`1[Eliassen.System.Tests.Linq.TestTargets.TestTargetModel].OrderByDescending(n =&gt; n.Name).Skip(0).Take(10)&#xD;
&#xD;
&#xD;
&#xD;
TestContext Messages:&#xD;
SearchQuery-QueryableExtensionsTests_ExecuteByTest_Sort(266)-638315398115461451.json: Attached&#xD;
PagedQueryResult_1-QueryableExtensionsTests_ExecuteByTest_Sort(268)-638315398115757835.json: Attached</StdOut>
        <StdErr>Eliassen.System.Internal.ConsoleLogger`1[Eliassen.System.Linq.Search.QueryBuilder]:Warning:&gt;&#xD;
	No filtering detected: System.Linq.Enumerable+SelectRangeIterator`1[Eliassen.System.Tests.Linq.TestTargets.TestTargetModel]: CurrentPage: 0&#xD;
PageSize: 0&#xD;
ExcludePageCount: False&#xD;
SearchTerm: (null)&#xD;
	S:Name: Descending</StdErr>
      </Output>
      <ResultFiles>
        <ResultFile path="LW-18560\PagedQueryResult_1-QueryableExtensionsTests_ExecuteByTest_Sort(268)-638315398115757835.json" />
        <ResultFile path="LW-18560\SearchQuery-QueryableExtensionsTests_ExecuteByTest_Sort(266)-638315398115461451.json" />
      </ResultFiles>
    </UnitTestResult>
    <UnitTestResult executionId="14eee5ee-010e-4ded-9c13-157d91bc7ad8" testId="e350703c-47df-56f0-b995-a52c38b53eca" testName="MakeSafeTest (System.Nullable`1[System.Guid],18AACB9C-2989-4322-A490-C7167BEA0DB4,18aacb9c-2989-4322-a490-c7167bea0db4)" computerName="LW-18560" duration="00:00:00.0009447" startTime="2023-09-28T23:16:52.1839307-04:00" endTime="2023-09-28T23:16:52.2245807-04:00" testType="13cdc9d9-ddb5-4fa4-a97d-d965ccfc6d4b" outcome="Passed" testListId="8c84fa94-04c1-424b-9868-57a2d4851a1d" relativeResultsDirectory="14eee5ee-010e-4ded-9c13-157d91bc7ad8" />
    <UnitTestResult executionId="9de9ad0a-b715-4c9f-8a8e-16f17073201d" testId="bfc7f80f-e281-5816-dc57-387e099d2a10" testName="AddResultTest_Object_WithFileNameAndExtension" computerName="LW-18560" duration="00:00:00.0067380" startTime="2023-09-28T23:16:45.7765692-04:00" endTime="2023-09-28T23:16:45.7837711-04:00" testType="13cdc9d9-ddb5-4fa4-a97d-d965ccfc6d4b" outcome="Passed" testListId="8c84fa94-04c1-424b-9868-57a2d4851a1d" relativeResultsDirectory="9de9ad0a-b715-4c9f-8a8e-16f17073201d">
      <Output>
        <StdOut>TestContext Messages:&#xD;
TestFileName-TextContextExtensionsTests_AddResultTest_Object_WithFileNameAndExtension(110)-638315398057774954.txt: Attached</StdOut>
      </Output>
      <ResultFiles>
        <ResultFile path="LW-18560\TestFileName-TextContextExtensionsTests_AddResultTest_Object_WithFileNameAndExtension(110)-638315398057774954.txt" />
      </ResultFiles>
    </UnitTestResult>
    <UnitTestResult executionId="d79ee956-67f5-4b7e-b68f-95267cc9b5bb" testId="b6498f29-1231-5fcf-4954-1746daa0500d" testName="ExecuteByTest_Filter (Eliassen.System.Tests.Linq.TestTargets.TestTargetExtendedModel,Date,GreaterThan,3/1/2020,10,3,4,5,6,7,8,9,10,11,12)" computerName="LW-18560" duration="00:00:00.2768027" startTime="2023-09-28T23:16:45.6334967-04:00" endTime="2023-09-28T23:16:50.4977563-04:00" testType="13cdc9d9-ddb5-4fa4-a97d-d965ccfc6d4b" outcome="Passed" testListId="8c84fa94-04c1-424b-9868-57a2d4851a1d" relativeResultsDirectory="d79ee956-67f5-4b7e-b68f-95267cc9b5bb">
      <Output>
        <StdOut>Eliassen.System.Internal.ConsoleLogger`1[Eliassen.System.Linq.Search.QueryBuilder]:Information:&gt;&#xD;
	Build query for CurrentPage: 0&#xD;
PageSize: 0&#xD;
ExcludePageCount: False&#xD;
SearchTerm: (null)&#xD;
	F:Date: GreaterThan: 3/1/2020&#xD;
&#xD;
Eliassen.System.Internal.ConsoleLogger`1[Eliassen.System.Linq.Search.QueryBuilder]:Information:&gt;&#xD;
	Execute (paged): System.Linq.Enumerable+SelectRangeIterator`1[Eliassen.System.Tests.Linq.TestTargets.TestTargetExtendedModel].Where(n =&gt; (n.Date &gt; 3/1/2020 12:00:00 AM)).OrderBy(_ =&gt; 0).Skip(0).Take(10)&#xD;
&#xD;
&#xD;
&#xD;
TestContext Messages:&#xD;
SearchQuery-QueryableExtensionsTests_ExecuteByTestFilter(121)-638315398087916702.json: Attached&#xD;
EnumerableQuery_1-QueryableExtensionsTests_ExecuteByTestFilter(123)-638315398087979118.json: Attached&#xD;
PagedQueryResult_1-QueryableExtensionsTests_ExecuteByTestFilter(125)-638315398090368912.json: Attached&#xD;
resultKeys: 3,4,5,6,7,8,9,10,11,12</StdOut>
        <StdErr>Eliassen.System.Internal.ConsoleLogger`1[Eliassen.System.Linq.Expressions.ExpressionTreeBuilder`1[Eliassen.System.Tests.Linq.TestTargets.TestTargetExtendedModel]]:Warning:&gt;&#xD;
	3/1/2020 parsed to 03/01/2020 00:00:00 (System.DateTime)&#xD;
Eliassen.System.Internal.ConsoleLogger`1[Eliassen.System.Linq.Search.SortBuilder`1[Eliassen.System.Tests.Linq.TestTargets.TestTargetExtendedModel]]:Warning:&gt;&#xD;
	Force sort by 0 applied for Eliassen.System.Tests.Linq.TestTargets.TestTargetExtendedModel</StdErr>
      </Output>
      <ResultFiles>
        <ResultFile path="LW-18560\EnumerableQuery_1-QueryableExtensionsTests_ExecuteByTestFilter(123)-638315398087979118.json" />
        <ResultFile path="LW-18560\PagedQueryResult_1-QueryableExtensionsTests_ExecuteByTestFilter(125)-638315398090368912.json" />
        <ResultFile path="LW-18560\SearchQuery-QueryableExtensionsTests_ExecuteByTestFilter(121)-638315398087916702.json" />
      </ResultFiles>
    </UnitTestResult>
    <UnitTestResult executionId="3a7d9a4e-1832-46db-a7da-5df92dfec725" testId="7fd160bc-3b5b-e6e2-40ae-1974536260f2" testName="TryParseTest (System.Nullable`1[System.Guid],18AACB9C-2989-4322-A490-C7167BEA0DB4,True,18aacb9c-2989-4322-a490-c7167bea0db4)" computerName="LW-18560" duration="00:00:00.0010706" startTime="2023-09-28T23:16:52.2636534-04:00" endTime="2023-09-28T23:16:52.2868739-04:00" testType="13cdc9d9-ddb5-4fa4-a97d-d965ccfc6d4b" outcome="Passed" testListId="8c84fa94-04c1-424b-9868-57a2d4851a1d" relativeResultsDirectory="3a7d9a4e-1832-46db-a7da-5df92dfec725" />
    <UnitTestResult executionId="f761c983-483c-469f-bace-f88ec6d67ebd" testId="726abc2c-502d-4a5c-e2c7-073f21d793da" testName="AddResultFileTest_FileContentOutFile" computerName="LW-18560" duration="00:00:00.0081649" startTime="2023-09-28T23:16:45.5408221-04:00" endTime="2023-09-28T23:16:45.5502993-04:00" testType="13cdc9d9-ddb5-4fa4-a97d-d965ccfc6d4b" outcome="Passed" testListId="8c84fa94-04c1-424b-9868-57a2d4851a1d" relativeResultsDirectory="f761c983-483c-469f-bace-f88ec6d67ebd">
      <Output>
        <StdOut>TestContext Messages:&#xD;
D:\Repos\Nu2\NetApi\TestResults\Deploy_MWhited 20230928T231644\In\LW-18560\test-file.txt</StdOut>
      </Output>
      <ResultFiles>
        <ResultFile path="LW-18560\test-file.txt" />
      </ResultFiles>
    </UnitTestResult>
    <UnitTestResult executionId="978f6cbb-7832-407f-969e-c128191dd731" testId="e350703c-47df-56f0-b995-a52c38b53eca" testName="MakeSafeTest (System.Nullable`1[System.Int32],nope,)" computerName="LW-18560" duration="00:00:00.0004560" startTime="2023-09-28T23:16:52.1839307-04:00" endTime="2023-09-28T23:16:52.2245807-04:00" testType="13cdc9d9-ddb5-4fa4-a97d-d965ccfc6d4b" outcome="Passed" testListId="8c84fa94-04c1-424b-9868-57a2d4851a1d" relativeResultsDirectory="978f6cbb-7832-407f-969e-c128191dd731" />
    <UnitTestResult executionId="4903cca4-d7fe-4d19-8f95-474f59360cda" testId="e350703c-47df-56f0-b995-a52c38b53eca" testName="MakeSafeTest (System.DateTime,3/16/2022 12:00:00 AM,3/16/2022 12:00:00 AM)" computerName="LW-18560" duration="00:00:00.0002455" startTime="2023-09-28T23:16:52.1839307-04:00" endTime="2023-09-28T23:16:52.2245807-04:00" testType="13cdc9d9-ddb5-4fa4-a97d-d965ccfc6d4b" outcome="Passed" testListId="8c84fa94-04c1-424b-9868-57a2d4851a1d" relativeResultsDirectory="4903cca4-d7fe-4d19-8f95-474f59360cda" />
    <UnitTestResult executionId="debc18b4-c98e-4e01-aaf2-9f06c70ff46d" testId="e350703c-47df-56f0-b995-a52c38b53eca" testName="MakeSafeTest (System.Decimal,nope,)" computerName="LW-18560" duration="00:00:00.0004880" startTime="2023-09-28T23:16:52.1839307-04:00" endTime="2023-09-28T23:16:52.2245807-04:00" testType="13cdc9d9-ddb5-4fa4-a97d-d965ccfc6d4b" outcome="Passed" testListId="8c84fa94-04c1-424b-9868-57a2d4851a1d" relativeResultsDirectory="debc18b4-c98e-4e01-aaf2-9f06c70ff46d" />
    <UnitTestResult executionId="8f34d272-acbf-48c1-9110-f786014d53df" testId="b6498f29-1231-5fcf-4954-1746daa0500d" testName="ExecuteByTest_Filter (Eliassen.System.Tests.Linq.TestTargets.TestTargetExtendedModel,Date,LessThanOrEqualTo,3/1/2020,4,-1,0,1,2)" computerName="LW-18560" duration="00:00:00.0622440" startTime="2023-09-28T23:16:45.6334967-04:00" endTime="2023-09-28T23:16:50.4977563-04:00" testType="13cdc9d9-ddb5-4fa4-a97d-d965ccfc6d4b" outcome="Passed" testListId="8c84fa94-04c1-424b-9868-57a2d4851a1d" relativeResultsDirectory="8f34d272-acbf-48c1-9110-f786014d53df">
      <Output>
        <StdOut>Eliassen.System.Internal.ConsoleLogger`1[Eliassen.System.Linq.Search.QueryBuilder]:Information:&gt;&#xD;
	Build query for CurrentPage: 0&#xD;
PageSize: 0&#xD;
ExcludePageCount: False&#xD;
SearchTerm: (null)&#xD;
	F:Date: LessThanOrEqualTo: 3/1/2020&#xD;
&#xD;
Eliassen.System.Internal.ConsoleLogger`1[Eliassen.System.Linq.Search.QueryBuilder]:Information:&gt;&#xD;
	Execute (paged): System.Linq.Enumerable+SelectRangeIterator`1[Eliassen.System.Tests.Linq.TestTargets.TestTargetExtendedModel].Where(n =&gt; (n.Date &lt;= 3/1/2020 12:00:00 AM)).OrderBy(_ =&gt; 0).Skip(0).Take(10)&#xD;
&#xD;
&#xD;
&#xD;
TestContext Messages:&#xD;
SearchQuery-QueryableExtensionsTests_ExecuteByTestFilter(121)-638315398096630137.json: Attached&#xD;
EnumerableQuery_1-QueryableExtensionsTests_ExecuteByTestFilter(123)-638315398096696223.json: Attached&#xD;
PagedQueryResult_1-QueryableExtensionsTests_ExecuteByTestFilter(125)-638315398097185663.json: Attached&#xD;
resultKeys: -1,0,1,2</StdOut>
        <StdErr>Eliassen.System.Internal.ConsoleLogger`1[Eliassen.System.Linq.Expressions.ExpressionTreeBuilder`1[Eliassen.System.Tests.Linq.TestTargets.TestTargetExtendedModel]]:Warning:&gt;&#xD;
	3/1/2020 parsed to 03/01/2020 00:00:00 (System.DateTime)&#xD;
Eliassen.System.Internal.ConsoleLogger`1[Eliassen.System.Linq.Search.SortBuilder`1[Eliassen.System.Tests.Linq.TestTargets.TestTargetExtendedModel]]:Warning:&gt;&#xD;
	Force sort by 0 applied for Eliassen.System.Tests.Linq.TestTargets.TestTargetExtendedModel</StdErr>
      </Output>
      <ResultFiles>
        <ResultFile path="LW-18560\EnumerableQuery_1-QueryableExtensionsTests_ExecuteByTestFilter(123)-638315398096696223.json" />
        <ResultFile path="LW-18560\PagedQueryResult_1-QueryableExtensionsTests_ExecuteByTestFilter(125)-638315398097185663.json" />
        <ResultFile path="LW-18560\SearchQuery-QueryableExtensionsTests_ExecuteByTestFilter(121)-638315398096630137.json" />
      </ResultFiles>
    </UnitTestResult>
    <UnitTestResult executionId="d43d8cd5-963c-404b-a614-0a0723a74918" testId="6e40d08d-5283-ed81-5042-cf4b25b8a9b0" testName="AddResultTest_Object_WithFileNameAndChangeExtension" computerName="LW-18560" duration="00:00:00.0069586" startTime="2023-09-28T23:16:45.7670683-04:00" endTime="2023-09-28T23:16:45.7745062-04:00" testType="13cdc9d9-ddb5-4fa4-a97d-d965ccfc6d4b" outcome="Passed" testListId="8c84fa94-04c1-424b-9868-57a2d4851a1d" relativeResultsDirectory="d43d8cd5-963c-404b-a614-0a0723a74918">
      <Output>
        <StdOut>TestContext Messages:&#xD;
TestFileName-TextContextExtensionsTests_AddResultTest_Object_WithFileNameAndChangeExtension(130)-638315398057684438.html: Attached</StdOut>
      </Output>
      <ResultFiles>
        <ResultFile path="LW-18560\TestFileName-TextContextExtensionsTests_AddResultTest_Object_WithFileNameAndChangeExtension(130)-638315398057684438.html" />
      </ResultFiles>
    </UnitTestResult>
    <UnitTestResult executionId="c48db951-16b1-4632-848d-9eeec3aec6e7" testId="8326adff-3a83-bfdf-0f52-29a72d8ee553" testName="VisitTest_StartsWith (Hello,He,True)" computerName="LW-18560" duration="00:00:00.0011764" startTime="2023-09-28T23:16:51.9538067-04:00" endTime="2023-09-28T23:16:51.9555223-04:00" testType="13cdc9d9-ddb5-4fa4-a97d-d965ccfc6d4b" outcome="Passed" testListId="8c84fa94-04c1-424b-9868-57a2d4851a1d" relativeResultsDirectory="c48db951-16b1-4632-848d-9eeec3aec6e7">
      <Output>
        <StdOut>Eliassen.System.Internal.ConsoleLogger`1[Eliassen.System.Linq.Expressions.StringComparisonReplacementExpressionVisitor]:Debug:&gt;&#xD;
	Replace: e.StartsWith(value(Eliassen.System.Tests.Linq.Expressions.StringComparisonReplacementExpressionVisitorTests+&lt;&gt;c__DisplayClass7_0).matched) with e.StartsWith(value(Eliassen.System.Tests.Linq.Expressions.StringComparisonReplacementExpressionVisitorTests+&lt;&gt;c__DisplayClass7_0).matched, CurrentCultureIgnoreCase)&#xD;
&#xD;
&#xD;
&#xD;
TestContext Messages:&#xD;
expression: e =&gt; e.StartsWith(value(Eliassen.System.Tests.Linq.Expressions.StringComparisonReplacementExpressionVisitorTests+&lt;&gt;c__DisplayClass7_0).matched)&#xD;
visited: e =&gt; e.StartsWith(value(Eliassen.System.Tests.Linq.Expressions.StringComparisonReplacementExpressionVisitorTests+&lt;&gt;c__DisplayClass7_0).matched, CurrentCultureIgnoreCase)</StdOut>
      </Output>
    </UnitTestResult>
    <UnitTestResult executionId="f93953cb-de57-44d1-92fa-2e51a46da64f" testId="53c31e49-be7f-689b-3cd7-03a9033ae78d" testName="GetSortablePropertyNamesTest_TestTarget3Model" computerName="LW-18560" duration="00:00:00.0009660" startTime="2023-09-28T23:16:51.7725509-04:00" endTime="2023-09-28T23:16:51.7739576-04:00" testType="13cdc9d9-ddb5-4fa4-a97d-d965ccfc6d4b" outcome="Passed" testListId="8c84fa94-04c1-424b-9868-57a2d4851a1d" relativeResultsDirectory="f93953cb-de57-44d1-92fa-2e51a46da64f" />
    <UnitTestResult executionId="ffa56f60-8076-4933-baef-1b29825e14ce" testId="b6498f29-1231-5fcf-4954-1746daa0500d" testName="ExecuteByTest_Filter (Eliassen.System.Tests.Linq.TestTargets.TestTargetModel,Index,NotEqualTo,1,10,0,2,3,4,5,6,7,8,9,10)" computerName="LW-18560" duration="00:00:00.0453134" startTime="2023-09-28T23:16:45.6334967-04:00" endTime="2023-09-28T23:16:50.4977563-04:00" testType="13cdc9d9-ddb5-4fa4-a97d-d965ccfc6d4b" outcome="Passed" testListId="8c84fa94-04c1-424b-9868-57a2d4851a1d" relativeResultsDirectory="ffa56f60-8076-4933-baef-1b29825e14ce">
      <Output>
        <StdOut>Eliassen.System.Internal.ConsoleLogger`1[Eliassen.System.Linq.Search.QueryBuilder]:Information:&gt;&#xD;
	Build query for CurrentPage: 0&#xD;
PageSize: 0&#xD;
ExcludePageCount: False&#xD;
SearchTerm: (null)&#xD;
	F:Index: NotEqualTo: 1&#xD;
&#xD;
Eliassen.System.Internal.ConsoleLogger`1[Eliassen.System.Linq.Search.QueryBuilder]:Information:&gt;&#xD;
	Execute (paged): System.Linq.Enumerable+SelectRangeIterator`1[Eliassen.System.Tests.Linq.TestTargets.TestTargetModel].Where(n =&gt; (n.Index != 1)).OrderBy(_ =&gt; 0).Skip(0).Take(10)&#xD;
&#xD;
&#xD;
&#xD;
TestContext Messages:&#xD;
SearchQuery-QueryableExtensionsTests_ExecuteByTestFilter(121)-638315398087458168.json: Attached&#xD;
EnumerableQuery_1-QueryableExtensionsTests_ExecuteByTestFilter(123)-638315398087518159.json: Attached&#xD;
PagedQueryResult_1-QueryableExtensionsTests_ExecuteByTestFilter(125)-638315398087844563.json: Attached&#xD;
resultKeys: 0,2,3,4,5,6,7,8,9,10</StdOut>
        <StdErr>Eliassen.System.Internal.ConsoleLogger`1[Eliassen.System.Linq.Expressions.ExpressionTreeBuilder`1[Eliassen.System.Tests.Linq.TestTargets.TestTargetModel]]:Warning:&gt;&#xD;
	1 parsed to 1 (System.Int32)&#xD;
Eliassen.System.Internal.ConsoleLogger`1[Eliassen.System.Linq.Search.SortBuilder`1[Eliassen.System.Tests.Linq.TestTargets.TestTargetModel]]:Warning:&gt;&#xD;
	Force sort by 0 applied for Eliassen.System.Tests.Linq.TestTargets.TestTargetModel</StdErr>
      </Output>
      <ResultFiles>
        <ResultFile path="LW-18560\EnumerableQuery_1-QueryableExtensionsTests_ExecuteByTestFilter(123)-638315398087518159.json" />
        <ResultFile path="LW-18560\PagedQueryResult_1-QueryableExtensionsTests_ExecuteByTestFilter(125)-638315398087844563.json" />
        <ResultFile path="LW-18560\SearchQuery-QueryableExtensionsTests_ExecuteByTestFilter(121)-638315398087458168.json" />
      </ResultFiles>
    </UnitTestResult>
    <UnitTestResult executionId="05902bbc-0970-4b8b-8c92-1bd0f323e121" testId="ef130cd9-fcd3-6cbd-3d5e-f85362a52d72" testName="VisitTest_EndsWith (Hello,lO,True)" computerName="LW-18560" duration="00:00:00.0013834" startTime="2023-09-28T23:16:51.8724114-04:00" endTime="2023-09-28T23:16:51.8751700-04:00" testType="13cdc9d9-ddb5-4fa4-a97d-d965ccfc6d4b" outcome="Passed" testListId="8c84fa94-04c1-424b-9868-57a2d4851a1d" relativeResultsDirectory="05902bbc-0970-4b8b-8c92-1bd0f323e121">
      <Output>
        <StdOut>Eliassen.System.Internal.ConsoleLogger`1[Eliassen.System.Linq.Expressions.StringComparisonReplacementExpressionVisitor]:Debug:&gt;&#xD;
	Replace: e.EndsWith(value(Eliassen.System.Tests.Linq.Expressions.StringComparisonReplacementExpressionVisitorTests+&lt;&gt;c__DisplayClass8_0).matched) with e.EndsWith(value(Eliassen.System.Tests.Linq.Expressions.StringComparisonReplacementExpressionVisitorTests+&lt;&gt;c__DisplayClass8_0).matched, CurrentCultureIgnoreCase)&#xD;
&#xD;
&#xD;
&#xD;
TestContext Messages:&#xD;
expression: e =&gt; e.EndsWith(value(Eliassen.System.Tests.Linq.Expressions.StringComparisonReplacementExpressionVisitorTests+&lt;&gt;c__DisplayClass8_0).matched)&#xD;
visited: e =&gt; e.EndsWith(value(Eliassen.System.Tests.Linq.Expressions.StringComparisonReplacementExpressionVisitorTests+&lt;&gt;c__DisplayClass8_0).matched, CurrentCultureIgnoreCase)</StdOut>
      </Output>
    </UnitTestResult>
    <UnitTestResult executionId="e20357ee-0ffa-46f2-b21c-96ab4c306bcc" testId="3dc461cc-f900-b7f4-a669-e9cf3ad5e21f" testName="GetResourceFromXmlAsyncTest" computerName="LW-18560" duration="00:00:00.0930748" startTime="2023-09-28T23:16:52.4001414-04:00" endTime="2023-09-28T23:16:52.4936435-04:00" testType="13cdc9d9-ddb5-4fa4-a97d-d965ccfc6d4b" outcome="Passed" testListId="8c84fa94-04c1-424b-9868-57a2d4851a1d" relativeResultsDirectory="e20357ee-0ffa-46f2-b21c-96ab4c306bcc" />
    <UnitTestResult executionId="dc0435bf-623f-4f81-85a6-7e3ac22bea75" testId="c07bd30b-1999-489c-e66f-17f7d59077a7" testName="SerializeTest_Nullable" computerName="LW-18560" duration="00:00:00.0141729" startTime="2023-09-28T23:16:52.6886409-04:00" endTime="2023-09-28T23:16:52.7032679-04:00" testType="13cdc9d9-ddb5-4fa4-a97d-d965ccfc6d4b" outcome="Passed" testListId="8c84fa94-04c1-424b-9868-57a2d4851a1d" relativeResultsDirectory="dc0435bf-623f-4f81-85a6-7e3ac22bea75">
      <Output>
        <StdOut>TestContext Messages:&#xD;
result-BsonDateConverterTests_SerializeTest_Nullable(26)-638315398126906834.json: Attached&#xD;
2023-09-28T23:16:52.6902952-04:00</StdOut>
      </Output>
      <ResultFiles>
        <ResultFile path="LW-18560\result-BsonDateConverterTests_SerializeTest_Nullable(26)-638315398126906834.json" />
      </ResultFiles>
    </UnitTestResult>
    <UnitTestResult executionId="24cd3713-f72b-406b-b664-f6fe945ea251" testId="b6498f29-1231-5fcf-4954-1746daa0500d" testName="ExecuteByTest_Filter (Eliassen.System.Tests.Linq.TestTargets.TestTargetModel,Index,GreaterThan,995,4,996,997,998,999)" computerName="LW-18560" duration="00:00:00.1074092" startTime="2023-09-28T23:16:45.6334967-04:00" endTime="2023-09-28T23:16:50.4977563-04:00" testType="13cdc9d9-ddb5-4fa4-a97d-d965ccfc6d4b" outcome="Passed" testListId="8c84fa94-04c1-424b-9868-57a2d4851a1d" relativeResultsDirectory="24cd3713-f72b-406b-b664-f6fe945ea251">
      <Output>
        <StdOut>Eliassen.System.Internal.ConsoleLogger`1[Eliassen.System.Linq.Search.QueryBuilder]:Information:&gt;&#xD;
	Build query for CurrentPage: 0&#xD;
PageSize: 0&#xD;
ExcludePageCount: False&#xD;
SearchTerm: (null)&#xD;
	F:Index: GreaterThan: 995&#xD;
&#xD;
Eliassen.System.Internal.ConsoleLogger`1[Eliassen.System.Linq.Search.QueryBuilder]:Information:&gt;&#xD;
	Execute (paged): System.Linq.Enumerable+SelectRangeIterator`1[Eliassen.System.Tests.Linq.TestTargets.TestTargetModel].Where(n =&gt; (n.Index &gt; 995)).OrderBy(_ =&gt; 0).Skip(0).Take(10)&#xD;
&#xD;
&#xD;
&#xD;
TestContext Messages:&#xD;
SearchQuery-QueryableExtensionsTests_ExecuteByTestFilter(121)-638315398078724345.json: Attached&#xD;
EnumerableQuery_1-QueryableExtensionsTests_ExecuteByTestFilter(123)-638315398079045588.json: Attached&#xD;
PagedQueryResult_1-QueryableExtensionsTests_ExecuteByTestFilter(125)-638315398079563989.json: Attached&#xD;
resultKeys: 996,997,998,999</StdOut>
        <StdErr>Eliassen.System.Internal.ConsoleLogger`1[Eliassen.System.Linq.Expressions.ExpressionTreeBuilder`1[Eliassen.System.Tests.Linq.TestTargets.TestTargetModel]]:Warning:&gt;&#xD;
	995 parsed to 995 (System.Int32)&#xD;
Eliassen.System.Internal.ConsoleLogger`1[Eliassen.System.Linq.Search.SortBuilder`1[Eliassen.System.Tests.Linq.TestTargets.TestTargetModel]]:Warning:&gt;&#xD;
	Force sort by 0 applied for Eliassen.System.Tests.Linq.TestTargets.TestTargetModel</StdErr>
      </Output>
      <ResultFiles>
        <ResultFile path="LW-18560\EnumerableQuery_1-QueryableExtensionsTests_ExecuteByTestFilter(123)-638315398079045588.json" />
        <ResultFile path="LW-18560\PagedQueryResult_1-QueryableExtensionsTests_ExecuteByTestFilter(125)-638315398079563989.json" />
        <ResultFile path="LW-18560\SearchQuery-QueryableExtensionsTests_ExecuteByTestFilter(121)-638315398078724345.json" />
      </ResultFiles>
    </UnitTestResult>
    <UnitTestResult executionId="10280842-79f2-4068-a2db-29b3e0a88be1" testId="b6498f29-1231-5fcf-4954-1746daa0500d" testName="ExecuteByTest_Filter (Eliassen.System.Tests.Linq.TestTargets.TestTargetModel,Name,EqualTo,Name1*,10,1,10,11,12,13,14,15,16,17,18)" computerName="LW-18560" duration="00:00:00.0870303" startTime="2023-09-28T23:16:45.6334967-04:00" endTime="2023-09-28T23:16:50.4977563-04:00" testType="13cdc9d9-ddb5-4fa4-a97d-d965ccfc6d4b" outcome="Passed" testListId="8c84fa94-04c1-424b-9868-57a2d4851a1d" relativeResultsDirectory="10280842-79f2-4068-a2db-29b3e0a88be1">
      <Output>
        <StdOut>Eliassen.System.Internal.ConsoleLogger`1[Eliassen.System.Linq.Search.QueryBuilder]:Information:&gt;&#xD;
	Build query for CurrentPage: 0&#xD;
PageSize: 0&#xD;
ExcludePageCount: False&#xD;
SearchTerm: (null)&#xD;
	F:Name: EqualTo: Name1*&#xD;
&#xD;
Eliassen.System.Internal.ConsoleLogger`1[Eliassen.System.Linq.Search.QueryBuilder]:Information:&gt;&#xD;
	Execute (paged): System.Linq.Enumerable+SelectRangeIterator`1[Eliassen.System.Tests.Linq.TestTargets.TestTargetModel].Where(n =&gt; n.Name.StartsWith("Name1")).OrderBy(_ =&gt; 0).Skip(0).Take(10)&#xD;
&#xD;
&#xD;
&#xD;
TestContext Messages:&#xD;
SearchQuery-QueryableExtensionsTests_ExecuteByTestFilter(121)-638315398084411979.json: Attached&#xD;
EnumerableQuery_1-QueryableExtensionsTests_ExecuteByTestFilter(123)-638315398084541500.json: Attached&#xD;
PagedQueryResult_1-QueryableExtensionsTests_ExecuteByTestFilter(125)-638315398085088732.json: Attached&#xD;
resultKeys: 1,10,11,12,13,14,15,16,17,18</StdOut>
        <StdErr>Eliassen.System.Internal.ConsoleLogger`1[Eliassen.System.Linq.Search.SortBuilder`1[Eliassen.System.Tests.Linq.TestTargets.TestTargetModel]]:Warning:&gt;&#xD;
	Force sort by 0 applied for Eliassen.System.Tests.Linq.TestTargets.TestTargetModel</StdErr>
      </Output>
      <ResultFiles>
        <ResultFile path="LW-18560\EnumerableQuery_1-QueryableExtensionsTests_ExecuteByTestFilter(123)-638315398084541500.json" />
        <ResultFile path="LW-18560\PagedQueryResult_1-QueryableExtensionsTests_ExecuteByTestFilter(125)-638315398085088732.json" />
        <ResultFile path="LW-18560\SearchQuery-QueryableExtensionsTests_ExecuteByTestFilter(121)-638315398084411979.json" />
      </ResultFiles>
    </UnitTestResult>
    <UnitTestResult executionId="8805a6e5-420c-40b4-9b17-88d8298e556a" testId="2f56b32e-ea97-c552-8dea-074dcb4e0dc0" testName="MakeSafeArrayTest (System.Decimal,System.Object[],System.Decimal[])" computerName="LW-18560" duration="00:00:00.0007029" startTime="2023-09-28T23:16:52.1658728-04:00" endTime="2023-09-28T23:16:52.1781400-04:00" testType="13cdc9d9-ddb5-4fa4-a97d-d965ccfc6d4b" outcome="Passed" testListId="8c84fa94-04c1-424b-9868-57a2d4851a1d" relativeResultsDirectory="8805a6e5-420c-40b4-9b17-88d8298e556a" />
    <UnitTestResult executionId="6ea41822-f4af-4af2-88ba-61c41546f96a" testId="e350703c-47df-56f0-b995-a52c38b53eca" testName="MakeSafeTest (System.TimeSpan,16:00,16:00:00)" computerName="LW-18560" duration="00:00:00.0026521" startTime="2023-09-28T23:16:52.1839307-04:00" endTime="2023-09-28T23:16:52.2245807-04:00" testType="13cdc9d9-ddb5-4fa4-a97d-d965ccfc6d4b" outcome="Passed" testListId="8c84fa94-04c1-424b-9868-57a2d4851a1d" relativeResultsDirectory="6ea41822-f4af-4af2-88ba-61c41546f96a" />
    <UnitTestResult executionId="aa07135e-a6eb-4f9a-9680-bbe84a65b91a" testId="67b6a854-1fe4-5528-77d6-501bd90b9a20" testName="GetShortTypeNameTests (Eliassen.System.Tests.Reflection.ReflectionExtensionsTests,Eliassen.System.Tests.Reflection.ReflectionExtensionsTests, Eliassen.System.Tests)" computerName="LW-18560" duration="00:00:00.0028883" startTime="2023-09-28T23:16:52.1552304-04:00" endTime="2023-09-28T23:16:52.1621316-04:00" testType="13cdc9d9-ddb5-4fa4-a97d-d965ccfc6d4b" outcome="Passed" testListId="8c84fa94-04c1-424b-9868-57a2d4851a1d" relativeResultsDirectory="aa07135e-a6eb-4f9a-9680-bbe84a65b91a" />
    <UnitTestResult executionId="347c882e-84f4-4c7b-9b85-f9c8c51c1095" testId="e2c6ee1f-e08e-fbdc-9835-4e616dec7d9c" testName="ToEnumTest (Val2 , Val1,Val1, Val2)" computerName="LW-18560" duration="00:00:00.0000464" startTime="2023-09-28T23:16:52.0742345-04:00" endTime="2023-09-28T23:16:52.0749468-04:00" testType="13cdc9d9-ddb5-4fa4-a97d-d965ccfc6d4b" outcome="Passed" testListId="8c84fa94-04c1-424b-9868-57a2d4851a1d" relativeResultsDirectory="347c882e-84f4-4c7b-9b85-f9c8c51c1095" />
    <UnitTestResult executionId="8a9ae8b7-647e-41d7-bd8c-f6bc5febf119" testId="7fd160bc-3b5b-e6e2-40ae-1974536260f2" testName="TryParseTest (System.Nullable`1[System.Double],1,True,1)" computerName="LW-18560" duration="00:00:00.0000594" startTime="2023-09-28T23:16:52.2636534-04:00" endTime="2023-09-28T23:16:52.2868739-04:00" testType="13cdc9d9-ddb5-4fa4-a97d-d965ccfc6d4b" outcome="Passed" testListId="8c84fa94-04c1-424b-9868-57a2d4851a1d" relativeResultsDirectory="8a9ae8b7-647e-41d7-bd8c-f6bc5febf119" />
    <UnitTestResult executionId="cd996f61-70aa-4a08-9fee-ec98f676c578" testId="9ad738ba-d149-7ba8-5868-8ea36334d100" testName="ToEnumTest (Val2, Val1,Val1, Val2)" computerName="LW-18560" duration="00:00:00.0000416" startTime="2023-09-28T23:16:52.0585346-04:00" endTime="2023-09-28T23:16:52.0591195-04:00" testType="13cdc9d9-ddb5-4fa4-a97d-d965ccfc6d4b" outcome="Passed" testListId="8c84fa94-04c1-424b-9868-57a2d4851a1d" relativeResultsDirectory="cd996f61-70aa-4a08-9fee-ec98f676c578" />
    <UnitTestResult executionId="4993f286-d96a-4341-b45d-524fa9f1ec01" testId="08742191-32e9-b72f-e313-52355290b27f" testName="AsModelsTest" computerName="LW-18560" duration="00:00:00.0264796" startTime="2023-09-28T23:16:51.9589695-04:00" endTime="2023-09-28T23:16:51.9864949-04:00" testType="13cdc9d9-ddb5-4fa4-a97d-d965ccfc6d4b" outcome="Passed" testListId="8c84fa94-04c1-424b-9868-57a2d4851a1d" relativeResultsDirectory="4993f286-d96a-4341-b45d-524fa9f1ec01">
      <Output>
        <StdOut>TestContext Messages:&#xD;
EnumModel { Id = 1, Name = Assembly, Code = ASSEMBLY, Description = , Order = 0, Value = Assembly, IsEndState = False, IsExcludeFromUnique = False, PossibleNames = System.String[], Value = Assembly }&#xD;
EnumModel { Id = 2, Name = Module, Code = MODULE, Description = , Order = 0, Value = Module, IsEndState = False, IsExcludeFromUnique = False, PossibleNames = System.String[], Value = Module }&#xD;
EnumModel { Id = 4, Name = Class, Code = CLASS, Description = , Order = 0, Value = Class, IsEndState = False, IsExcludeFromUnique = False, PossibleNames = System.String[], Value = Class }&#xD;
EnumModel { Id = 8, Name = Struct, Code = STRUCT, Description = , Order = 0, Value = Struct, IsEndState = False, IsExcludeFromUnique = False, PossibleNames = System.String[], Value = Struct }&#xD;
EnumModel { Id = 16, Name = Enum, Code = ENUM, Description = , Order = 0, Value = Enum, IsEndState = False, IsExcludeFromUnique = False, PossibleNames = System.String[], Value = Enum }&#xD;
EnumModel { Id = 32, Name = Constructor, Code = CONSTRUCTOR, Description = , Order = 0, Value = Constructor, IsEndState = False, IsExcludeFromUnique = False, PossibleNames = System.String[], Value = Constructor }&#xD;
EnumModel { Id = 64, Name = Method, Code = METHOD, Description = , Order = 0, Value = Method, IsEndState = False, IsExcludeFromUnique = False, PossibleNames = System.String[], Value = Method }&#xD;
EnumModel { Id = 128, Name = Property, Code = PROPERTY, Description = , Order = 0, Value = Property, IsEndState = False, IsExcludeFromUnique = False, PossibleNames = System.String[], Value = Property }&#xD;
EnumModel { Id = 256, Name = Field, Code = FIELD, Description = , Order = 0, Value = Field, IsEndState = False, IsExcludeFromUnique = False, PossibleNames = System.String[], Value = Field }&#xD;
EnumModel { Id = 512, Name = Event, Code = EVENT, Description = , Order = 0, Value = Event, IsEndState = False, IsExcludeFromUnique = False, PossibleNames = System.String[], Value = Event }&#xD;
EnumModel { Id = 1024, Name = Interface, Code = INTERFACE, Description = , Order = 0, Value = Interface, IsEndState = False, IsExcludeFromUnique = False, PossibleNames = System.String[], Value = Interface }&#xD;
EnumModel { Id = 2048, Name = Parameter, Code = PARAMETER, Description = , Order = 0, Value = Parameter, IsEndState = False, IsExcludeFromUnique = False, PossibleNames = System.String[], Value = Parameter }&#xD;
EnumModel { Id = 4096, Name = Delegate, Code = DELEGATE, Description = , Order = 0, Value = Delegate, IsEndState = False, IsExcludeFromUnique = False, PossibleNames = System.String[], Value = Delegate }&#xD;
EnumModel { Id = 8192, Name = ReturnValue, Code = RETURNVALUE, Description = , Order = 0, Value = ReturnValue, IsEndState = False, IsExcludeFromUnique = False, PossibleNames = System.String[], Value = ReturnValue }&#xD;
EnumModel { Id = 16384, Name = GenericParameter, Code = GENERICPARAMETER, Description = , Order = 0, Value = GenericParameter, IsEndState = False, IsExcludeFromUnique = False, PossibleNames = System.String[], Value = GenericParameter }&#xD;
EnumModel { Id = 32767, Name = All, Code = ALL, Description = , Order = 0, Value = All, IsEndState = False, IsExcludeFromUnique = False, PossibleNames = System.String[], Value = All }</StdOut>
      </Output>
    </UnitTestResult>
    <UnitTestResult executionId="41736bdf-e880-427e-8db4-b2c46ba95ef0" testId="2969f79f-d299-0212-4f68-fb950747593e" testName="VisitTest_Equals (Hello,HELLO,True)" computerName="LW-18560" duration="00:00:00.0013913" startTime="2023-09-28T23:16:51.9332223-04:00" endTime="2023-09-28T23:16:51.9352443-04:00" testType="13cdc9d9-ddb5-4fa4-a97d-d965ccfc6d4b" outcome="Passed" testListId="8c84fa94-04c1-424b-9868-57a2d4851a1d" relativeResultsDirectory="41736bdf-e880-427e-8db4-b2c46ba95ef0">
      <Output>
        <StdOut>Eliassen.System.Internal.ConsoleLogger`1[Eliassen.System.Linq.Expressions.StringComparisonReplacementExpressionVisitor]:Debug:&gt;&#xD;
	Replace: e.Equals(value(Eliassen.System.Tests.Linq.Expressions.StringComparisonReplacementExpressionVisitorTests+&lt;&gt;c__DisplayClass5_0).matched) with e.Equals(value(Eliassen.System.Tests.Linq.Expressions.StringComparisonReplacementExpressionVisitorTests+&lt;&gt;c__DisplayClass5_0).matched, CurrentCultureIgnoreCase)&#xD;
&#xD;
&#xD;
&#xD;
TestContext Messages:&#xD;
expression: e =&gt; e.Equals(value(Eliassen.System.Tests.Linq.Expressions.StringComparisonReplacementExpressionVisitorTests+&lt;&gt;c__DisplayClass5_0).matched)&#xD;
visited: e =&gt; e.Equals(value(Eliassen.System.Tests.Linq.Expressions.StringComparisonReplacementExpressionVisitorTests+&lt;&gt;c__DisplayClass5_0).matched, CurrentCultureIgnoreCase)</StdOut>
      </Output>
    </UnitTestResult>
    <UnitTestResult executionId="4c9718fa-b0c9-4b1e-8dad-2cf48c4d5562" testId="79e91219-2061-1f5b-ec91-a4848392c58c" testName="ToEnumTest (0,Val0)" computerName="LW-18560" duration="00:00:00.0000490" startTime="2023-09-28T23:16:52.0950443-04:00" endTime="2023-09-28T23:16:52.0957304-04:00" testType="13cdc9d9-ddb5-4fa4-a97d-d965ccfc6d4b" outcome="Passed" testListId="8c84fa94-04c1-424b-9868-57a2d4851a1d" relativeResultsDirectory="4c9718fa-b0c9-4b1e-8dad-2cf48c4d5562" />
    <UnitTestResult executionId="3ece1257-26fc-4eb4-a304-b12477b78a0f" testId="e350703c-47df-56f0-b995-a52c38b53eca" testName="MakeSafeTest (System.Decimal,1,1)" computerName="LW-18560" duration="00:00:00.0007763" startTime="2023-09-28T23:16:52.1839307-04:00" endTime="2023-09-28T23:16:52.2245807-04:00" testType="13cdc9d9-ddb5-4fa4-a97d-d965ccfc6d4b" outcome="Passed" testListId="8c84fa94-04c1-424b-9868-57a2d4851a1d" relativeResultsDirectory="3ece1257-26fc-4eb4-a304-b12477b78a0f" />
    <UnitTestResult executionId="78e37756-e50f-4f3a-ab4b-d08a83c5012f" testId="7fd160bc-3b5b-e6e2-40ae-1974536260f2" testName="TryParseTest (System.Decimal,nope,False,)" computerName="LW-18560" duration="00:00:00.0007850" startTime="2023-09-28T23:16:52.2636534-04:00" endTime="2023-09-28T23:16:52.2868739-04:00" testType="13cdc9d9-ddb5-4fa4-a97d-d965ccfc6d4b" outcome="Passed" testListId="8c84fa94-04c1-424b-9868-57a2d4851a1d" relativeResultsDirectory="78e37756-e50f-4f3a-ab4b-d08a83c5012f" />
    <UnitTestResult executionId="ee34f26f-d163-4dad-9761-b03ad758cdfb" testId="b6498f29-1231-5fcf-4954-1746daa0500d" testName="ExecuteByTest_Filter (Eliassen.System.Tests.Linq.TestTargets.TestTargetModel,index,EqualTo,!1,10,0,2,3,4,5,6,7,8,9,10)" computerName="LW-18560" duration="00:00:00.1423813" startTime="2023-09-28T23:16:45.6334967-04:00" endTime="2023-09-28T23:16:50.4977563-04:00" testType="13cdc9d9-ddb5-4fa4-a97d-d965ccfc6d4b" outcome="Passed" testListId="8c84fa94-04c1-424b-9868-57a2d4851a1d" relativeResultsDirectory="ee34f26f-d163-4dad-9761-b03ad758cdfb">
      <Output>
        <StdOut>Eliassen.System.Internal.ConsoleLogger`1[Eliassen.System.Linq.Search.QueryBuilder]:Information:&gt;&#xD;
	Build query for CurrentPage: 0&#xD;
PageSize: 0&#xD;
ExcludePageCount: False&#xD;
SearchTerm: (null)&#xD;
	F:index: EqualTo: !1&#xD;
&#xD;
Eliassen.System.Internal.ConsoleLogger`1[Eliassen.System.Linq.Search.QueryBuilder]:Information:&gt;&#xD;
	Execute (paged): System.Linq.Enumerable+SelectRangeIterator`1[Eliassen.System.Tests.Linq.TestTargets.TestTargetModel].Where(n =&gt; (n.Index != 1)).OrderBy(_ =&gt; 0).Skip(0).Take(10)&#xD;
&#xD;
&#xD;
&#xD;
TestContext Messages:&#xD;
SearchQuery-QueryableExtensionsTests_ExecuteByTestFilter(121)-638315398067721640.json: Attached&#xD;
EnumerableQuery_1-QueryableExtensionsTests_ExecuteByTestFilter(123)-638315398067923618.json: Attached&#xD;
PagedQueryResult_1-QueryableExtensionsTests_ExecuteByTestFilter(125)-638315398069058557.json: Attached&#xD;
resultKeys: 0,2,3,4,5,6,7,8,9,10</StdOut>
        <StdErr>Eliassen.System.Internal.ConsoleLogger`1[Eliassen.System.Linq.Expressions.ExpressionTreeBuilder`1[Eliassen.System.Tests.Linq.TestTargets.TestTargetModel]]:Warning:&gt;&#xD;
	1 parsed to 1 (System.Int32)&#xD;
Eliassen.System.Internal.ConsoleLogger`1[Eliassen.System.Linq.Search.SortBuilder`1[Eliassen.System.Tests.Linq.TestTargets.TestTargetModel]]:Warning:&gt;&#xD;
	Force sort by 0 applied for Eliassen.System.Tests.Linq.TestTargets.TestTargetModel</StdErr>
      </Output>
      <ResultFiles>
        <ResultFile path="LW-18560\EnumerableQuery_1-QueryableExtensionsTests_ExecuteByTestFilter(123)-638315398067923618.json" />
        <ResultFile path="LW-18560\PagedQueryResult_1-QueryableExtensionsTests_ExecuteByTestFilter(125)-638315398069058557.json" />
        <ResultFile path="LW-18560\SearchQuery-QueryableExtensionsTests_ExecuteByTestFilter(121)-638315398067721640.json" />
      </ResultFiles>
    </UnitTestResult>
    <UnitTestResult executionId="f19be17e-4e06-4bc1-9134-952437a93359" testId="e6baf34b-c4a1-34f5-eccf-47a363bfb06a" testName="ToEnumTest (Val1,Val1)" computerName="LW-18560" duration="00:00:00.0016267" startTime="2023-09-28T23:16:52.0482843-04:00" endTime="2023-09-28T23:16:52.0533442-04:00" testType="13cdc9d9-ddb5-4fa4-a97d-d965ccfc6d4b" outcome="Passed" testListId="8c84fa94-04c1-424b-9868-57a2d4851a1d" relativeResultsDirectory="f19be17e-4e06-4bc1-9134-952437a93359" />
    <UnitTestResult executionId="afe37fdf-0099-46b5-b3a9-8393962f8b4f" testId="b6498f29-1231-5fcf-4954-1746daa0500d" testName="ExecuteByTest_Filter (Eliassen.System.Tests.Linq.TestTargets.TestTargetModel,InDeX,EqualTo,!1,10,0,2,3,4,5,6,7,8,9,10)" computerName="LW-18560" duration="00:00:00.0879293" startTime="2023-09-28T23:16:45.6334967-04:00" endTime="2023-09-28T23:16:50.4977563-04:00" testType="13cdc9d9-ddb5-4fa4-a97d-d965ccfc6d4b" outcome="Passed" testListId="8c84fa94-04c1-424b-9868-57a2d4851a1d" relativeResultsDirectory="afe37fdf-0099-46b5-b3a9-8393962f8b4f">
      <Output>
        <StdOut>Eliassen.System.Internal.ConsoleLogger`1[Eliassen.System.Linq.Search.QueryBuilder]:Information:&gt;&#xD;
	Build query for CurrentPage: 0&#xD;
PageSize: 0&#xD;
ExcludePageCount: False&#xD;
SearchTerm: (null)&#xD;
	F:InDeX: EqualTo: !1&#xD;
&#xD;
Eliassen.System.Internal.ConsoleLogger`1[Eliassen.System.Linq.Search.QueryBuilder]:Information:&gt;&#xD;
	Execute (paged): System.Linq.Enumerable+SelectRangeIterator`1[Eliassen.System.Tests.Linq.TestTargets.TestTargetModel].Where(n =&gt; (n.Index != 1)).OrderBy(_ =&gt; 0).Skip(0).Take(10)&#xD;
&#xD;
&#xD;
&#xD;
TestContext Messages:&#xD;
SearchQuery-QueryableExtensionsTests_ExecuteByTestFilter(121)-638315398070347096.json: Attached&#xD;
EnumerableQuery_1-QueryableExtensionsTests_ExecuteByTestFilter(123)-638315398070399471.json: Attached&#xD;
PagedQueryResult_1-QueryableExtensionsTests_ExecuteByTestFilter(125)-638315398071038402.json: Attached&#xD;
resultKeys: 0,2,3,4,5,6,7,8,9,10</StdOut>
        <StdErr>Eliassen.System.Internal.ConsoleLogger`1[Eliassen.System.Linq.Expressions.ExpressionTreeBuilder`1[Eliassen.System.Tests.Linq.TestTargets.TestTargetModel]]:Warning:&gt;&#xD;
	1 parsed to 1 (System.Int32)&#xD;
Eliassen.System.Internal.ConsoleLogger`1[Eliassen.System.Linq.Search.SortBuilder`1[Eliassen.System.Tests.Linq.TestTargets.TestTargetModel]]:Warning:&gt;&#xD;
	Force sort by 0 applied for Eliassen.System.Tests.Linq.TestTargets.TestTargetModel</StdErr>
      </Output>
      <ResultFiles>
        <ResultFile path="LW-18560\EnumerableQuery_1-QueryableExtensionsTests_ExecuteByTestFilter(123)-638315398070399471.json" />
        <ResultFile path="LW-18560\PagedQueryResult_1-QueryableExtensionsTests_ExecuteByTestFilter(125)-638315398071038402.json" />
        <ResultFile path="LW-18560\SearchQuery-QueryableExtensionsTests_ExecuteByTestFilter(121)-638315398070347096.json" />
      </ResultFiles>
    </UnitTestResult>
    <UnitTestResult executionId="69470849-90cd-4d10-87ff-46caa77ce333" testId="f664882a-a952-a76f-bc8f-fcf0578ff20f" testName="GetResourceFromJsonAsyncTest" computerName="LW-18560" duration="00:00:00.0555557" startTime="2023-09-28T23:16:52.3257914-04:00" endTime="2023-09-28T23:16:52.3818759-04:00" testType="13cdc9d9-ddb5-4fa4-a97d-d965ccfc6d4b" outcome="Passed" testListId="8c84fa94-04c1-424b-9868-57a2d4851a1d" relativeResultsDirectory="69470849-90cd-4d10-87ff-46caa77ce333" />
    <UnitTestResult executionId="16438bbe-9dfe-43c3-82fe-5a23700d9502" testId="b8ce6298-5288-a9c6-3afb-62b35d380a81" testName="ExecuteByTest_Filter_Range_Bounds" computerName="LW-18560" duration="00:00:00.1502080" startTime="2023-09-28T23:16:50.5806067-04:00" endTime="2023-09-28T23:16:50.7334145-04:00" testType="13cdc9d9-ddb5-4fa4-a97d-d965ccfc6d4b" outcome="Passed" testListId="8c84fa94-04c1-424b-9868-57a2d4851a1d" relativeResultsDirectory="16438bbe-9dfe-43c3-82fe-5a23700d9502">
      <Output>
        <StdOut>Eliassen.System.Internal.ConsoleLogger`1[Eliassen.System.Linq.Search.QueryBuilder]:Information:&gt;&#xD;
	Build query for CurrentPage: 0&#xD;
PageSize: 0&#xD;
ExcludePageCount: False&#xD;
SearchTerm: (null)&#xD;
	F:Date: GreaterThanOrEqualTo: 3/1/2020 12:00:00 AM &#xD;
LessThanOrEqualTo: 7/1/2020 12:00:00 AM&#xD;
&#xD;
Eliassen.System.Internal.ConsoleLogger`1[Eliassen.System.Linq.Search.QueryBuilder]:Information:&gt;&#xD;
	Execute (paged): System.Linq.Enumerable+SelectRangeIterator`1[Eliassen.System.Tests.Linq.TestTargets.TestTargetExtendedModel].Where(n =&gt; ((n.Date &lt;= 7/1/2020 12:00:00 AM) AndAlso (n.Date &gt;= 3/1/2020 12:00:00 AM))).OrderBy(_ =&gt; 0).Skip(0).Take(10)&#xD;
&#xD;
&#xD;
&#xD;
TestContext Messages:&#xD;
SearchQuery-QueryableExtensionsTests_ExecuteByTest_Filter_Range_Bounds(153)-638315398105869598.json: Attached&#xD;
PagedQueryResult_1-QueryableExtensionsTests_ExecuteByTest_Filter_Range_Bounds(155)-638315398106657479.json: Attached</StdOut>
        <StdErr>Eliassen.System.Internal.ConsoleLogger`1[Eliassen.System.Linq.Expressions.ExpressionTreeBuilder`1[Eliassen.System.Tests.Linq.TestTargets.TestTargetExtendedModel]]:Warning:&gt;&#xD;
	7/1/2020 12:00:00 AM parsed to 07/01/2020 00:00:00 (System.DateTime)&#xD;
Eliassen.System.Internal.ConsoleLogger`1[Eliassen.System.Linq.Expressions.ExpressionTreeBuilder`1[Eliassen.System.Tests.Linq.TestTargets.TestTargetExtendedModel]]:Warning:&gt;&#xD;
	3/1/2020 12:00:00 AM parsed to 03/01/2020 00:00:00 (System.DateTime)&#xD;
Eliassen.System.Internal.ConsoleLogger`1[Eliassen.System.Linq.Search.SortBuilder`1[Eliassen.System.Tests.Linq.TestTargets.TestTargetExtendedModel]]:Warning:&gt;&#xD;
	Force sort by 0 applied for Eliassen.System.Tests.Linq.TestTargets.TestTargetExtendedModel</StdErr>
      </Output>
      <ResultFiles>
        <ResultFile path="LW-18560\PagedQueryResult_1-QueryableExtensionsTests_ExecuteByTest_Filter_Range_Bounds(155)-638315398106657479.json" />
        <ResultFile path="LW-18560\SearchQuery-QueryableExtensionsTests_ExecuteByTest_Filter_Range_Bounds(153)-638315398105869598.json" />
      </ResultFiles>
    </UnitTestResult>
    <UnitTestResult executionId="221cde20-d3ea-48f4-b9c8-f1e3af0a2a6d" testId="7fd160bc-3b5b-e6e2-40ae-1974536260f2" testName="TryParseTest (System.Nullable`1[System.Decimal],1,True,1)" computerName="LW-18560" duration="00:00:00.0000515" startTime="2023-09-28T23:16:52.2636534-04:00" endTime="2023-09-28T23:16:52.2868739-04:00" testType="13cdc9d9-ddb5-4fa4-a97d-d965ccfc6d4b" outcome="Passed" testListId="8c84fa94-04c1-424b-9868-57a2d4851a1d" relativeResultsDirectory="221cde20-d3ea-48f4-b9c8-f1e3af0a2a6d" />
    <UnitTestResult executionId="da8a0029-e485-408f-931f-90a95f64dda0" testId="d3e26037-eb0b-5682-419d-883b90d0ccd1" testName="VisitTest_EndsWith (Hello,Lo,True)" computerName="LW-18560" duration="00:00:00.0033203" startTime="2023-09-28T23:16:51.8571511-04:00" endTime="2023-09-28T23:16:51.8610602-04:00" testType="13cdc9d9-ddb5-4fa4-a97d-d965ccfc6d4b" outcome="Passed" testListId="8c84fa94-04c1-424b-9868-57a2d4851a1d" relativeResultsDirectory="da8a0029-e485-408f-931f-90a95f64dda0">
      <Output>
        <StdOut>Eliassen.System.Internal.ConsoleLogger`1[Eliassen.System.Linq.Expressions.StringComparisonReplacementExpressionVisitor]:Debug:&gt;&#xD;
	Replace: e.EndsWith(value(Eliassen.System.Tests.Linq.Expressions.StringComparisonReplacementExpressionVisitorTests+&lt;&gt;c__DisplayClass8_0).matched) with e.EndsWith(value(Eliassen.System.Tests.Linq.Expressions.StringComparisonReplacementExpressionVisitorTests+&lt;&gt;c__DisplayClass8_0).matched, CurrentCultureIgnoreCase)&#xD;
&#xD;
&#xD;
&#xD;
TestContext Messages:&#xD;
expression: e =&gt; e.EndsWith(value(Eliassen.System.Tests.Linq.Expressions.StringComparisonReplacementExpressionVisitorTests+&lt;&gt;c__DisplayClass8_0).matched)&#xD;
visited: e =&gt; e.EndsWith(value(Eliassen.System.Tests.Linq.Expressions.StringComparisonReplacementExpressionVisitorTests+&lt;&gt;c__DisplayClass8_0).matched, CurrentCultureIgnoreCase)</StdOut>
      </Output>
    </UnitTestResult>
    <UnitTestResult executionId="97f33548-ae6d-4e6f-b30b-1a6a7fdb5218" testId="6af366a4-2dec-4a9c-8783-938be9207f5b" testName="DeserializeTest_Value ({&quot;Nullable&quot;:{&quot;$date&quot;:&quot;2023-07-05T14:16:32.2015217-04:00&quot;},&quot;Value&quot;:{&quot;$date&quot;:&quot;0001-01-01T00:00:00+00:00&quot;}},0001-01-01T00:00:00+00:00)" computerName="LW-18560" duration="00:00:00.0224205" startTime="2023-09-28T23:16:52.6471937-04:00" endTime="2023-09-28T23:16:52.6701607-04:00" testType="13cdc9d9-ddb5-4fa4-a97d-d965ccfc6d4b" outcome="Passed" testListId="8c84fa94-04c1-424b-9868-57a2d4851a1d" relativeResultsDirectory="97f33548-ae6d-4e6f-b30b-1a6a7fdb5218">
      <Output>
        <StdOut>TestContext Messages:&#xD;
input-BsonDateConverterTests_DeserializeTest_Value(79)-638315398126485756.json: Attached&#xD;
result-BsonDateConverterTests_DeserializeTest_Value(81)-638315398126551169.json: Attached</StdOut>
      </Output>
      <ResultFiles>
        <ResultFile path="LW-18560\input-BsonDateConverterTests_DeserializeTest_Value(79)-638315398126485756.json" />
        <ResultFile path="LW-18560\result-BsonDateConverterTests_DeserializeTest_Value(81)-638315398126551169.json" />
      </ResultFiles>
    </UnitTestResult>
    <UnitTestResult executionId="25af64cd-89e9-4948-b555-a30e7c56957f" testId="e350703c-47df-56f0-b995-a52c38b53eca" testName="MakeSafeTest (System.Nullable`1[System.AttributeTargets],nope,)" computerName="LW-18560" duration="00:00:00.0003273" startTime="2023-09-28T23:16:52.1839307-04:00" endTime="2023-09-28T23:16:52.2245807-04:00" testType="13cdc9d9-ddb5-4fa4-a97d-d965ccfc6d4b" outcome="Passed" testListId="8c84fa94-04c1-424b-9868-57a2d4851a1d" relativeResultsDirectory="25af64cd-89e9-4948-b555-a30e7c56957f" />
    <UnitTestResult executionId="88f8eec5-bbdc-4c03-b1cc-1899fe843aa4" testId="e350703c-47df-56f0-b995-a52c38b53eca" testName="MakeSafeTest (System.Decimal,1,1)" computerName="LW-18560" duration="00:00:00.0000552" startTime="2023-09-28T23:16:52.1839307-04:00" endTime="2023-09-28T23:16:52.2245807-04:00" testType="13cdc9d9-ddb5-4fa4-a97d-d965ccfc6d4b" outcome="Passed" testListId="8c84fa94-04c1-424b-9868-57a2d4851a1d" relativeResultsDirectory="88f8eec5-bbdc-4c03-b1cc-1899fe843aa4" />
    <UnitTestResult executionId="01078f00-5aa0-45f7-9e55-ece140020a25" testId="97589dd8-54c9-c6b4-afad-ae511696b053" testName="ToEnumTest (name2,WithMemberName)" computerName="LW-18560" duration="00:00:00.0009410" startTime="2023-09-28T23:16:52.1204496-04:00" endTime="2023-09-28T23:16:52.1219702-04:00" testType="13cdc9d9-ddb5-4fa4-a97d-d965ccfc6d4b" outcome="Passed" testListId="8c84fa94-04c1-424b-9868-57a2d4851a1d" relativeResultsDirectory="01078f00-5aa0-45f7-9e55-ece140020a25" />
    <UnitTestResult executionId="400b68a0-948f-43a7-b06a-8fabb960997e" testId="a9087371-8c41-e0ac-0dcf-f9419bc22d3c" testName="ExecuteByTest_Sort (name,Descending,999,998,997,996,995,994,993,992,991,990)" computerName="LW-18560" duration="00:00:00.0437271" startTime="2023-09-28T23:16:51.5963848-04:00" endTime="2023-09-28T23:16:51.6407772-04:00" testType="13cdc9d9-ddb5-4fa4-a97d-d965ccfc6d4b" outcome="Passed" testListId="8c84fa94-04c1-424b-9868-57a2d4851a1d" relativeResultsDirectory="400b68a0-948f-43a7-b06a-8fabb960997e">
      <Output>
        <StdOut>Eliassen.System.Internal.ConsoleLogger`1[Eliassen.System.Linq.Search.QueryBuilder]:Information:&gt;&#xD;
	Build query for CurrentPage: 0&#xD;
PageSize: 0&#xD;
ExcludePageCount: False&#xD;
SearchTerm: (null)&#xD;
	S:name: Descending&#xD;
&#xD;
Eliassen.System.Internal.ConsoleLogger`1[Eliassen.System.Linq.Search.QueryBuilder]:Information:&gt;&#xD;
	Execute (paged): System.Linq.Enumerable+SelectRangeIterator`1[Eliassen.System.Tests.Linq.TestTargets.TestTargetModel].OrderByDescending(n =&gt; n.Name).Skip(0).Take(10)&#xD;
&#xD;
&#xD;
&#xD;
TestContext Messages:&#xD;
SearchQuery-QueryableExtensionsTests_ExecuteByTest_Sort(266)-638315398115974234.json: Attached&#xD;
PagedQueryResult_1-QueryableExtensionsTests_ExecuteByTest_Sort(268)-638315398116162008.json: Attached</StdOut>
        <StdErr>Eliassen.System.Internal.ConsoleLogger`1[Eliassen.System.Linq.Search.QueryBuilder]:Warning:&gt;&#xD;
	No filtering detected: System.Linq.Enumerable+SelectRangeIterator`1[Eliassen.System.Tests.Linq.TestTargets.TestTargetModel]: CurrentPage: 0&#xD;
PageSize: 0&#xD;
ExcludePageCount: False&#xD;
SearchTerm: (null)&#xD;
	S:name: Descending</StdErr>
      </Output>
      <ResultFiles>
        <ResultFile path="LW-18560\PagedQueryResult_1-QueryableExtensionsTests_ExecuteByTest_Sort(268)-638315398116162008.json" />
        <ResultFile path="LW-18560\SearchQuery-QueryableExtensionsTests_ExecuteByTest_Sort(266)-638315398115974234.json" />
      </ResultFiles>
    </UnitTestResult>
    <UnitTestResult executionId="b6485b75-1437-41db-b4ba-bf74a25480ca" testId="b6498f29-1231-5fcf-4954-1746daa0500d" testName="ExecuteByTest_Filter (Eliassen.System.Tests.Linq.TestTargets.TestTargetExtendedModel,May,NotEqualTo,,10,-1,1,2,4,5,7,8,10,11,13)" computerName="LW-18560" duration="00:00:00.0695887" startTime="2023-09-28T23:16:45.6334967-04:00" endTime="2023-09-28T23:16:50.4977563-04:00" testType="13cdc9d9-ddb5-4fa4-a97d-d965ccfc6d4b" outcome="Passed" testListId="8c84fa94-04c1-424b-9868-57a2d4851a1d" relativeResultsDirectory="b6485b75-1437-41db-b4ba-bf74a25480ca">
      <Output>
        <StdOut>Eliassen.System.Internal.ConsoleLogger`1[Eliassen.System.Linq.Search.QueryBuilder]:Information:&gt;&#xD;
	Build query for CurrentPage: 0&#xD;
PageSize: 0&#xD;
ExcludePageCount: False&#xD;
SearchTerm: (null)&#xD;
	F:May: NotEqualTo:&#xD;
&#xD;
Eliassen.System.Internal.ConsoleLogger`1[Eliassen.System.Linq.Search.QueryBuilder]:Information:&gt;&#xD;
	Execute (paged): System.Linq.Enumerable+SelectRangeIterator`1[Eliassen.System.Tests.Linq.TestTargets.TestTargetExtendedModel].Where(n =&gt; (n.May != "")).OrderBy(_ =&gt; 0).Skip(0).Take(10)&#xD;
&#xD;
&#xD;
&#xD;
TestContext Messages:&#xD;
SearchQuery-QueryableExtensionsTests_ExecuteByTestFilter(121)-638315398102878773.json: Attached&#xD;
EnumerableQuery_1-QueryableExtensionsTests_ExecuteByTestFilter(123)-638315398102937028.json: Attached&#xD;
PagedQueryResult_1-QueryableExtensionsTests_ExecuteByTestFilter(125)-638315398103485889.json: Attached&#xD;
resultKeys: -1,1,2,4,5,7,8,10,11,13</StdOut>
        <StdErr>Eliassen.System.Internal.ConsoleLogger`1[Eliassen.System.Linq.Search.SortBuilder`1[Eliassen.System.Tests.Linq.TestTargets.TestTargetExtendedModel]]:Warning:&gt;&#xD;
	Force sort by 0 applied for Eliassen.System.Tests.Linq.TestTargets.TestTargetExtendedModel</StdErr>
      </Output>
      <ResultFiles>
        <ResultFile path="LW-18560\EnumerableQuery_1-QueryableExtensionsTests_ExecuteByTestFilter(123)-638315398102937028.json" />
        <ResultFile path="LW-18560\PagedQueryResult_1-QueryableExtensionsTests_ExecuteByTestFilter(125)-638315398103485889.json" />
        <ResultFile path="LW-18560\SearchQuery-QueryableExtensionsTests_ExecuteByTestFilter(121)-638315398102878773.json" />
      </ResultFiles>
    </UnitTestResult>
    <UnitTestResult executionId="44b812a5-215c-41cf-8c54-ae56d3bd4ebd" testId="04803466-693e-234f-05d0-3def2e50e7bc" testName="ToEnumTest (test display,WithDisplay)" computerName="LW-18560" duration="00:00:00.0029745" startTime="2023-09-28T23:16:52.1377786-04:00" endTime="2023-09-28T23:16:52.1417182-04:00" testType="13cdc9d9-ddb5-4fa4-a97d-d965ccfc6d4b" outcome="Passed" testListId="8c84fa94-04c1-424b-9868-57a2d4851a1d" relativeResultsDirectory="44b812a5-215c-41cf-8c54-ae56d3bd4ebd" />
    <UnitTestResult executionId="d2257a5e-dcfc-4a20-bacc-c17b01ac0673" testId="67fb171b-cb2e-35a3-805c-46a4f3aa0c23" testName="ToEnumTest (test name,WithDisplay)" computerName="LW-18560" duration="00:00:00.0004002" startTime="2023-09-28T23:16:52.1440695-04:00" endTime="2023-09-28T23:16:52.1451770-04:00" testType="13cdc9d9-ddb5-4fa4-a97d-d965ccfc6d4b" outcome="Passed" testListId="8c84fa94-04c1-424b-9868-57a2d4851a1d" relativeResultsDirectory="d2257a5e-dcfc-4a20-bacc-c17b01ac0673" />
    <UnitTestResult executionId="f3879c39-65a4-47e1-b07e-0c095dc2fa95" testId="e350703c-47df-56f0-b995-a52c38b53eca" testName="MakeSafeTest (System.Nullable`1[System.Double],nope,)" computerName="LW-18560" duration="00:00:00.0004062" startTime="2023-09-28T23:16:52.1839307-04:00" endTime="2023-09-28T23:16:52.2245807-04:00" testType="13cdc9d9-ddb5-4fa4-a97d-d965ccfc6d4b" outcome="Passed" testListId="8c84fa94-04c1-424b-9868-57a2d4851a1d" relativeResultsDirectory="f3879c39-65a4-47e1-b07e-0c095dc2fa95" />
    <UnitTestResult executionId="3a15e68e-2c16-4c79-b270-681143dae37f" testId="8ef63a3f-2208-ac88-5a22-493d4beeaeda" testName="GetResourceFromXmlTest" computerName="LW-18560" duration="00:00:00.0234004" startTime="2023-09-28T23:16:52.4955024-04:00" endTime="2023-09-28T23:16:52.5193368-04:00" testType="13cdc9d9-ddb5-4fa4-a97d-d965ccfc6d4b" outcome="Passed" testListId="8c84fa94-04c1-424b-9868-57a2d4851a1d" relativeResultsDirectory="3a15e68e-2c16-4c79-b270-681143dae37f" />
    <UnitTestResult executionId="81c9a6c2-0f0c-41f4-865f-ce28024385b1" testId="9b4e807d-ed3f-f58f-992b-9cf5f5a81ca7" testName="ToEnumTest (Val2,Val2)" computerName="LW-18560" duration="00:00:00.0000371" startTime="2023-09-28T23:16:52.0553247-04:00" endTime="2023-09-28T23:16:52.0558868-04:00" testType="13cdc9d9-ddb5-4fa4-a97d-d965ccfc6d4b" outcome="Passed" testListId="8c84fa94-04c1-424b-9868-57a2d4851a1d" relativeResultsDirectory="81c9a6c2-0f0c-41f4-865f-ce28024385b1" />
    <UnitTestResult executionId="2b4e203e-ef01-45f1-98c8-ab7e3757fdc7" testId="8aec3498-0c1a-9091-2458-51d1c67933bf" testName="AddResultTest_Json" computerName="LW-18560" duration="00:00:00.1571957" startTime="2023-09-28T23:16:45.5579232-04:00" endTime="2023-09-28T23:16:45.7156065-04:00" testType="13cdc9d9-ddb5-4fa4-a97d-d965ccfc6d4b" outcome="Passed" testListId="8c84fa94-04c1-424b-9868-57a2d4851a1d" relativeResultsDirectory="2b4e203e-ef01-45f1-98c8-ab7e3757fdc7">
      <Output>
        <StdOut>TestContext Messages:&#xD;
JObject-TextContextExtensionsTests_AddResultTest_Json(190)-638315398055762068.json: Attached</StdOut>
      </Output>
      <ResultFiles>
        <ResultFile path="LW-18560\JObject-TextContextExtensionsTests_AddResultTest_Json(190)-638315398055762068.json" />
      </ResultFiles>
    </UnitTestResult>
    <UnitTestResult executionId="1c2109f8-7bea-4cb2-95cc-4553cd03e44e" testId="e350703c-47df-56f0-b995-a52c38b53eca" testName="MakeSafeTest (System.AttributeTargets,nope,)" computerName="LW-18560" duration="00:00:00.0076431" startTime="2023-09-28T23:16:52.1839307-04:00" endTime="2023-09-28T23:16:52.2245807-04:00" testType="13cdc9d9-ddb5-4fa4-a97d-d965ccfc6d4b" outcome="Passed" testListId="8c84fa94-04c1-424b-9868-57a2d4851a1d" relativeResultsDirectory="1c2109f8-7bea-4cb2-95cc-4553cd03e44e" />
    <UnitTestResult executionId="726a3c9b-1408-4a7e-8da1-fedf9fc02f09" testId="b6498f29-1231-5fcf-4954-1746daa0500d" testName="ExecuteByTest_Filter (Eliassen.System.Tests.Linq.TestTargets.TestTargetExtendedModel,Date,LessThan,3/1/2020,3,-1,0,1)" computerName="LW-18560" duration="00:00:00.0954812" startTime="2023-09-28T23:16:45.6334967-04:00" endTime="2023-09-28T23:16:50.4977563-04:00" testType="13cdc9d9-ddb5-4fa4-a97d-d965ccfc6d4b" outcome="Passed" testListId="8c84fa94-04c1-424b-9868-57a2d4851a1d" relativeResultsDirectory="726a3c9b-1408-4a7e-8da1-fedf9fc02f09">
      <Output>
        <StdOut>Eliassen.System.Internal.ConsoleLogger`1[Eliassen.System.Linq.Search.QueryBuilder]:Information:&gt;&#xD;
	Build query for CurrentPage: 0&#xD;
PageSize: 0&#xD;
ExcludePageCount: False&#xD;
SearchTerm: (null)&#xD;
	F:Date: LessThan: 3/1/2020&#xD;
&#xD;
Eliassen.System.Internal.ConsoleLogger`1[Eliassen.System.Linq.Search.QueryBuilder]:Information:&gt;&#xD;
	Execute (paged): System.Linq.Enumerable+SelectRangeIterator`1[Eliassen.System.Tests.Linq.TestTargets.TestTargetExtendedModel].Where(n =&gt; (n.Date &lt; 3/1/2020 12:00:00 AM)).OrderBy(_ =&gt; 0).Skip(0).Take(10)&#xD;
&#xD;
&#xD;
&#xD;
TestContext Messages:&#xD;
SearchQuery-QueryableExtensionsTests_ExecuteByTestFilter(121)-638315398091453328.json: Attached&#xD;
EnumerableQuery_1-QueryableExtensionsTests_ExecuteByTestFilter(123)-638315398091649432.json: Attached&#xD;
PagedQueryResult_1-QueryableExtensionsTests_ExecuteByTestFilter(125)-638315398092320937.json: Attached&#xD;
resultKeys: -1,0,1</StdOut>
        <StdErr>Eliassen.System.Internal.ConsoleLogger`1[Eliassen.System.Linq.Expressions.ExpressionTreeBuilder`1[Eliassen.System.Tests.Linq.TestTargets.TestTargetExtendedModel]]:Warning:&gt;&#xD;
	3/1/2020 parsed to 03/01/2020 00:00:00 (System.DateTime)&#xD;
Eliassen.System.Internal.ConsoleLogger`1[Eliassen.System.Linq.Search.SortBuilder`1[Eliassen.System.Tests.Linq.TestTargets.TestTargetExtendedModel]]:Warning:&gt;&#xD;
	Force sort by 0 applied for Eliassen.System.Tests.Linq.TestTargets.TestTargetExtendedModel</StdErr>
      </Output>
      <ResultFiles>
        <ResultFile path="LW-18560\EnumerableQuery_1-QueryableExtensionsTests_ExecuteByTestFilter(123)-638315398091649432.json" />
        <ResultFile path="LW-18560\PagedQueryResult_1-QueryableExtensionsTests_ExecuteByTestFilter(125)-638315398092320937.json" />
        <ResultFile path="LW-18560\SearchQuery-QueryableExtensionsTests_ExecuteByTestFilter(121)-638315398091453328.json" />
      </ResultFiles>
    </UnitTestResult>
    <UnitTestResult executionId="4c6ac92d-7069-4878-98ec-d567eb21ebf0" testId="4173abf6-6eee-31f5-7205-ad46c7104d49" testName="AddResultFileTest_FileContent" computerName="LW-18560" duration="00:00:00.0419628" startTime="2023-09-28T23:16:45.2650829-04:00" endTime="2023-09-28T23:16:45.4640617-04:00" testType="13cdc9d9-ddb5-4fa4-a97d-d965ccfc6d4b" outcome="Passed" testListId="8c84fa94-04c1-424b-9868-57a2d4851a1d" relativeResultsDirectory="4c6ac92d-7069-4878-98ec-d567eb21ebf0">
      <ResultFiles>
        <ResultFile path="LW-18560\test-file.txt" />
      </ResultFiles>
    </UnitTestResult>
    <UnitTestResult executionId="3100c4f8-e6db-4baf-b629-c520325ff8cc" testId="574d1c3a-376c-cab6-e298-6b6d6e6628d3" testName="ExecuteByTest_Page (1,1,1000,1000,1,1,1)" computerName="LW-18560" duration="00:00:00.0977624" startTime="2023-09-28T23:16:50.8385675-04:00" endTime="2023-09-28T23:16:50.9375430-04:00" testType="13cdc9d9-ddb5-4fa4-a97d-d965ccfc6d4b" outcome="Passed" testListId="8c84fa94-04c1-424b-9868-57a2d4851a1d" relativeResultsDirectory="3100c4f8-e6db-4baf-b629-c520325ff8cc">
      <Output>
        <StdOut>Eliassen.System.Internal.ConsoleLogger`1[Eliassen.System.Linq.Search.QueryBuilder]:Information:&gt;&#xD;
	Build query for CurrentPage: 1&#xD;
PageSize: 1&#xD;
ExcludePageCount: False&#xD;
SearchTerm: (null)&#xD;
&#xD;
Eliassen.System.Internal.ConsoleLogger`1[Eliassen.System.Linq.Search.QueryBuilder]:Information:&gt;&#xD;
	Execute (paged): System.Linq.Enumerable+SelectRangeIterator`1[Eliassen.System.Tests.Linq.TestTargets.TestTargetModel].OrderBy(_ =&gt; 0).Skip(1).Take(1)&#xD;
&#xD;
&#xD;
&#xD;
TestContext Messages:&#xD;
SearchQuery-QueryableExtensionsTests_ExecuteByTest_Page(222)-638315398108412782.json: Attached&#xD;
EnumerableQuery_1-QueryableExtensionsTests_ExecuteByTest_Page(224)-638315398108507262.json: Attached&#xD;
PagedQueryResult_1-QueryableExtensionsTests_ExecuteByTest_Page(226)-638315398109242722.json: Attached&#xD;
resultKeys: 1</StdOut>
        <StdErr>Eliassen.System.Internal.ConsoleLogger`1[Eliassen.System.Linq.Search.QueryBuilder]:Warning:&gt;&#xD;
	No filtering detected: System.Linq.Enumerable+SelectRangeIterator`1[Eliassen.System.Tests.Linq.TestTargets.TestTargetModel]: CurrentPage: 1&#xD;
PageSize: 1&#xD;
ExcludePageCount: False&#xD;
SearchTerm: (null)&#xD;
&#xD;
Eliassen.System.Internal.ConsoleLogger`1[Eliassen.System.Linq.Search.SortBuilder`1[Eliassen.System.Tests.Linq.TestTargets.TestTargetModel]]:Warning:&gt;&#xD;
	Force sort by 0 applied for Eliassen.System.Tests.Linq.TestTargets.TestTargetModel</StdErr>
      </Output>
      <ResultFiles>
        <ResultFile path="LW-18560\EnumerableQuery_1-QueryableExtensionsTests_ExecuteByTest_Page(224)-638315398108507262.json" />
        <ResultFile path="LW-18560\PagedQueryResult_1-QueryableExtensionsTests_ExecuteByTest_Page(226)-638315398109242722.json" />
        <ResultFile path="LW-18560\SearchQuery-QueryableExtensionsTests_ExecuteByTest_Page(222)-638315398108412782.json" />
      </ResultFiles>
    </UnitTestResult>
    <UnitTestResult executionId="cf50a2ca-370f-4c1a-8584-31f29b80f0bf" testId="b6498f29-1231-5fcf-4954-1746daa0500d" testName="ExecuteByTest_Filter (Eliassen.System.Tests.Linq.TestTargets.TestTargetExtendedModel,DateTimeNullable,LessThan,2020-03-01T01:01:01.4356493+02:00,2,0,1)" computerName="LW-18560" duration="00:00:00.0812449" startTime="2023-09-28T23:16:45.6334967-04:00" endTime="2023-09-28T23:16:50.4977563-04:00" testType="13cdc9d9-ddb5-4fa4-a97d-d965ccfc6d4b" outcome="Passed" testListId="8c84fa94-04c1-424b-9868-57a2d4851a1d" relativeResultsDirectory="cf50a2ca-370f-4c1a-8584-31f29b80f0bf">
      <Output>
        <StdOut>Eliassen.System.Internal.ConsoleLogger`1[Eliassen.System.Linq.Search.QueryBuilder]:Information:&gt;&#xD;
	Build query for CurrentPage: 0&#xD;
PageSize: 0&#xD;
ExcludePageCount: False&#xD;
SearchTerm: (null)&#xD;
	F:DateTimeNullable: LessThan: 2020-03-01T01:01:01.4356493+02:00&#xD;
&#xD;
Eliassen.System.Internal.ConsoleLogger`1[Eliassen.System.Linq.Search.QueryBuilder]:Information:&gt;&#xD;
	Execute (paged): System.Linq.Enumerable+SelectRangeIterator`1[Eliassen.System.Tests.Linq.TestTargets.TestTargetExtendedModel].Where(n =&gt; (n.DateTimeNullable &lt; Convert(2/29/2020 6:01:01 PM, Nullable`1))).OrderBy(_ =&gt; 0).Skip(0).Take(10)&#xD;
&#xD;
&#xD;
&#xD;
TestContext Messages:&#xD;
SearchQuery-QueryableExtensionsTests_ExecuteByTestFilter(121)-638315398095028685.json: Attached&#xD;
EnumerableQuery_1-QueryableExtensionsTests_ExecuteByTestFilter(123)-638315398095099515.json: Attached&#xD;
PagedQueryResult_1-QueryableExtensionsTests_ExecuteByTestFilter(125)-638315398095770223.json: Attached&#xD;
resultKeys: 0,1</StdOut>
        <StdErr>Eliassen.System.Internal.ConsoleLogger`1[Eliassen.System.Linq.Expressions.ExpressionTreeBuilder`1[Eliassen.System.Tests.Linq.TestTargets.TestTargetExtendedModel]]:Warning:&gt;&#xD;
	2020-03-01T01:01:01.4356493+02:00 parsed to 02/29/2020 18:01:01 (System.DateTime)&#xD;
Eliassen.System.Internal.ConsoleLogger`1[Eliassen.System.Linq.Search.SortBuilder`1[Eliassen.System.Tests.Linq.TestTargets.TestTargetExtendedModel]]:Warning:&gt;&#xD;
	Force sort by 0 applied for Eliassen.System.Tests.Linq.TestTargets.TestTargetExtendedModel</StdErr>
      </Output>
      <ResultFiles>
        <ResultFile path="LW-18560\EnumerableQuery_1-QueryableExtensionsTests_ExecuteByTestFilter(123)-638315398095099515.json" />
        <ResultFile path="LW-18560\PagedQueryResult_1-QueryableExtensionsTests_ExecuteByTestFilter(125)-638315398095770223.json" />
        <ResultFile path="LW-18560\SearchQuery-QueryableExtensionsTests_ExecuteByTestFilter(121)-638315398095028685.json" />
      </ResultFiles>
    </UnitTestResult>
    <UnitTestResult executionId="da48edcf-0cf5-4ca5-8d87-317c2ca6fe88" testId="de980556-11bb-d6e9-c03a-e5592a3218d5" testName="AddResultTest_String" computerName="LW-18560" duration="00:00:00.0290524" startTime="2023-09-28T23:16:45.9608257-04:00" endTime="2023-09-28T23:16:45.9903510-04:00" testType="13cdc9d9-ddb5-4fa4-a97d-d965ccfc6d4b" outcome="Passed" testListId="8c84fa94-04c1-424b-9868-57a2d4851a1d" relativeResultsDirectory="da48edcf-0cf5-4ca5-8d87-317c2ca6fe88">
      <Output>
        <StdOut>TestContext Messages:&#xD;
String-TextContextExtensionsTests_AddResultTest_String(50)-638315398059618038.txt: Attached</StdOut>
      </Output>
      <ResultFiles>
        <ResultFile path="LW-18560\String-TextContextExtensionsTests_AddResultTest_String(50)-638315398059618038.txt" />
      </ResultFiles>
    </UnitTestResult>
    <UnitTestResult executionId="b2f87279-1b27-4175-9d72-749943219fb9" testId="65e272d8-aa3d-4fbf-ef8f-fb9ca48a217b" testName="VisitTest_Equals (Hello,Hello,True)" computerName="LW-18560" duration="00:00:00.0019057" startTime="2023-09-28T23:16:51.8090259-04:00" endTime="2023-09-28T23:16:51.8116295-04:00" testType="13cdc9d9-ddb5-4fa4-a97d-d965ccfc6d4b" outcome="Passed" testListId="8c84fa94-04c1-424b-9868-57a2d4851a1d" relativeResultsDirectory="b2f87279-1b27-4175-9d72-749943219fb9">
      <Output>
        <StdOut>TestContext Messages:&#xD;
expression: e =&gt; e.Equals(value(Eliassen.System.Tests.Linq.Expressions.SkipInstanceMethodOnNullExpressionVisitorTests+&lt;&gt;c__DisplayClass4_0).matched)&#xD;
visited: e =&gt; ((e != null) AndAlso e.Equals(value(Eliassen.System.Tests.Linq.Expressions.SkipInstanceMethodOnNullExpressionVisitorTests+&lt;&gt;c__DisplayClass4_0).matched))&#xD;
result: True</StdOut>
      </Output>
    </UnitTestResult>
    <UnitTestResult executionId="52554c0b-7b4f-4e15-8073-e410f86496e4" testId="b6498f29-1231-5fcf-4954-1746daa0500d" testName="ExecuteByTest_Filter (Eliassen.System.Tests.Linq.TestTargets.TestTargetModel,Name,EqualTo,*e2*,10,2,20,21,22,23,24,25,26,27,28)" computerName="LW-18560" duration="00:00:00.2180532" startTime="2023-09-28T23:16:45.6334967-04:00" endTime="2023-09-28T23:16:50.4977563-04:00" testType="13cdc9d9-ddb5-4fa4-a97d-d965ccfc6d4b" outcome="Passed" testListId="8c84fa94-04c1-424b-9868-57a2d4851a1d" relativeResultsDirectory="52554c0b-7b4f-4e15-8073-e410f86496e4">
      <Output>
        <StdOut>Eliassen.System.Internal.ConsoleLogger`1[Eliassen.System.Linq.Search.QueryBuilder]:Information:&gt;&#xD;
	Build query for CurrentPage: 0&#xD;
PageSize: 0&#xD;
ExcludePageCount: False&#xD;
SearchTerm: (null)&#xD;
	F:Name: EqualTo: *e2*&#xD;
&#xD;
Eliassen.System.Internal.ConsoleLogger`1[Eliassen.System.Linq.Search.QueryBuilder]:Information:&gt;&#xD;
	Execute (paged): System.Linq.Enumerable+SelectRangeIterator`1[Eliassen.System.Tests.Linq.TestTargets.TestTargetModel].Where(n =&gt; n.Name.Contains("e2")).OrderBy(_ =&gt; 0).Skip(0).Take(10)&#xD;
&#xD;
&#xD;
&#xD;
TestContext Messages:&#xD;
SearchQuery-QueryableExtensionsTests_ExecuteByTestFilter(121)-638315398082228093.json: Attached&#xD;
EnumerableQuery_1-QueryableExtensionsTests_ExecuteByTestFilter(123)-638315398082904370.json: Attached&#xD;
PagedQueryResult_1-QueryableExtensionsTests_ExecuteByTestFilter(125)-638315398084276149.json: Attached&#xD;
resultKeys: 2,20,21,22,23,24,25,26,27,28</StdOut>
        <StdErr>Eliassen.System.Internal.ConsoleLogger`1[Eliassen.System.Linq.Search.SortBuilder`1[Eliassen.System.Tests.Linq.TestTargets.TestTargetModel]]:Warning:&gt;&#xD;
	Force sort by 0 applied for Eliassen.System.Tests.Linq.TestTargets.TestTargetModel</StdErr>
      </Output>
      <ResultFiles>
        <ResultFile path="LW-18560\EnumerableQuery_1-QueryableExtensionsTests_ExecuteByTestFilter(123)-638315398082904370.json" />
        <ResultFile path="LW-18560\PagedQueryResult_1-QueryableExtensionsTests_ExecuteByTestFilter(125)-638315398084276149.json" />
        <ResultFile path="LW-18560\SearchQuery-QueryableExtensionsTests_ExecuteByTestFilter(121)-638315398082228093.json" />
      </ResultFiles>
    </UnitTestResult>
    <UnitTestResult executionId="25bac686-1c40-4bb7-875f-63e34b637d43" testId="e350703c-47df-56f0-b995-a52c38b53eca" testName="MakeSafeTest (System.Int32,nope,)" computerName="LW-18560" duration="00:00:00.0009674" startTime="2023-09-28T23:16:52.1839307-04:00" endTime="2023-09-28T23:16:52.2245807-04:00" testType="13cdc9d9-ddb5-4fa4-a97d-d965ccfc6d4b" outcome="Passed" testListId="8c84fa94-04c1-424b-9868-57a2d4851a1d" relativeResultsDirectory="25bac686-1c40-4bb7-875f-63e34b637d43" />
    <UnitTestResult executionId="971bae9a-1d48-4133-9bfa-440aa1b1360f" testId="7ab54727-ffaa-5e4a-ef48-e7910312bbed" testName="VisitTest_StartsWith (Hello,he,True)" computerName="LW-18560" duration="00:00:00.0020691" startTime="2023-09-28T23:16:51.9491792-04:00" endTime="2023-09-28T23:16:51.9519106-04:00" testType="13cdc9d9-ddb5-4fa4-a97d-d965ccfc6d4b" outcome="Passed" testListId="8c84fa94-04c1-424b-9868-57a2d4851a1d" relativeResultsDirectory="971bae9a-1d48-4133-9bfa-440aa1b1360f">
      <Output>
        <StdOut>Eliassen.System.Internal.ConsoleLogger`1[Eliassen.System.Linq.Expressions.StringComparisonReplacementExpressionVisitor]:Debug:&gt;&#xD;
	Replace: e.StartsWith(value(Eliassen.System.Tests.Linq.Expressions.StringComparisonReplacementExpressionVisitorTests+&lt;&gt;c__DisplayClass7_0).matched) with e.StartsWith(value(Eliassen.System.Tests.Linq.Expressions.StringComparisonReplacementExpressionVisitorTests+&lt;&gt;c__DisplayClass7_0).matched, CurrentCultureIgnoreCase)&#xD;
&#xD;
&#xD;
&#xD;
TestContext Messages:&#xD;
expression: e =&gt; e.StartsWith(value(Eliassen.System.Tests.Linq.Expressions.StringComparisonReplacementExpressionVisitorTests+&lt;&gt;c__DisplayClass7_0).matched)&#xD;
visited: e =&gt; e.StartsWith(value(Eliassen.System.Tests.Linq.Expressions.StringComparisonReplacementExpressionVisitorTests+&lt;&gt;c__DisplayClass7_0).matched, CurrentCultureIgnoreCase)</StdOut>
      </Output>
    </UnitTestResult>
    <UnitTestResult executionId="27d7b499-b6e1-47f9-9893-74fd5504e179" testId="7fd160bc-3b5b-e6e2-40ae-1974536260f2" testName="TryParseTest (System.Nullable`1[System.Decimal],nope,False,)" computerName="LW-18560" duration="00:00:00.0005027" startTime="2023-09-28T23:16:52.2636534-04:00" endTime="2023-09-28T23:16:52.2868739-04:00" testType="13cdc9d9-ddb5-4fa4-a97d-d965ccfc6d4b" outcome="Passed" testListId="8c84fa94-04c1-424b-9868-57a2d4851a1d" relativeResultsDirectory="27d7b499-b6e1-47f9-9893-74fd5504e179" />
    <UnitTestResult executionId="e1a0e536-dd3a-4561-b334-b9db50205f6b" testId="b3ae80bf-1132-2f6b-1724-cfefeb1370e1" testName="VisitTest_EqualOperator (Hello,hello,True)" computerName="LW-18560" duration="00:00:00.0016853" startTime="2023-09-28T23:16:51.9001617-04:00" endTime="2023-09-28T23:16:51.9025403-04:00" testType="13cdc9d9-ddb5-4fa4-a97d-d965ccfc6d4b" outcome="Passed" testListId="8c84fa94-04c1-424b-9868-57a2d4851a1d" relativeResultsDirectory="e1a0e536-dd3a-4561-b334-b9db50205f6b">
      <Output>
        <StdOut>TestContext Messages:&#xD;
expression: e =&gt; (e == value(Eliassen.System.Tests.Linq.Expressions.StringComparisonReplacementExpressionVisitorTests+&lt;&gt;c__DisplayClass4_0).matched)&#xD;
visited: e =&gt; e.Equals(value(Eliassen.System.Tests.Linq.Expressions.StringComparisonReplacementExpressionVisitorTests+&lt;&gt;c__DisplayClass4_0).matched, CurrentCultureIgnoreCase)</StdOut>
      </Output>
    </UnitTestResult>
    <UnitTestResult executionId="c007c388-faa9-458c-a8a9-021fa61cf8fa" testId="f5197edd-d0ef-4a92-f867-bf3ce57f244b" testName="VisitTest_StartsWith (Hello,HE,True)" computerName="LW-18560" duration="00:00:00.0042658" startTime="2023-09-28T23:16:51.9381494-04:00" endTime="2023-09-28T23:16:51.9430838-04:00" testType="13cdc9d9-ddb5-4fa4-a97d-d965ccfc6d4b" outcome="Passed" testListId="8c84fa94-04c1-424b-9868-57a2d4851a1d" relativeResultsDirectory="c007c388-faa9-458c-a8a9-021fa61cf8fa">
      <Output>
        <StdOut>Eliassen.System.Internal.ConsoleLogger`1[Eliassen.System.Linq.Expressions.StringComparisonReplacementExpressionVisitor]:Debug:&gt;&#xD;
	Replace: e.StartsWith(value(Eliassen.System.Tests.Linq.Expressions.StringComparisonReplacementExpressionVisitorTests+&lt;&gt;c__DisplayClass7_0).matched) with e.StartsWith(value(Eliassen.System.Tests.Linq.Expressions.StringComparisonReplacementExpressionVisitorTests+&lt;&gt;c__DisplayClass7_0).matched, CurrentCultureIgnoreCase)&#xD;
&#xD;
&#xD;
&#xD;
TestContext Messages:&#xD;
expression: e =&gt; e.StartsWith(value(Eliassen.System.Tests.Linq.Expressions.StringComparisonReplacementExpressionVisitorTests+&lt;&gt;c__DisplayClass7_0).matched)&#xD;
visited: e =&gt; e.StartsWith(value(Eliassen.System.Tests.Linq.Expressions.StringComparisonReplacementExpressionVisitorTests+&lt;&gt;c__DisplayClass7_0).matched, CurrentCultureIgnoreCase)</StdOut>
      </Output>
    </UnitTestResult>
    <UnitTestResult executionId="1d553418-d827-4ed1-abca-f41612f5c94b" testId="cc59dd07-b7ed-0c48-8ce2-e71461ad2ad6" testName="GetHash (hello world,XrY7u+Ae7tCTyyK7j1rNww==)" computerName="LW-18560" duration="00:00:00.0017182" startTime="2023-09-28T23:16:52.5552531-04:00" endTime="2023-09-28T23:16:52.5575637-04:00" testType="13cdc9d9-ddb5-4fa4-a97d-d965ccfc6d4b" outcome="Passed" testListId="8c84fa94-04c1-424b-9868-57a2d4851a1d" relativeResultsDirectory="1d553418-d827-4ed1-abca-f41612f5c94b">
      <Output>
        <StdOut>TestContext Messages:&#xD;
"hello world" =&gt; "XrY7u+Ae7tCTyyK7j1rNww=="</StdOut>
      </Output>
    </UnitTestResult>
    <UnitTestResult executionId="8c729c56-6629-455d-8cde-9c50b11fac53" testId="e350703c-47df-56f0-b995-a52c38b53eca" testName="MakeSafeTest (System.AttributeTargets,Enum,Enum)" computerName="LW-18560" duration="00:00:00.0000489" startTime="2023-09-28T23:16:52.1839307-04:00" endTime="2023-09-28T23:16:52.2245807-04:00" testType="13cdc9d9-ddb5-4fa4-a97d-d965ccfc6d4b" outcome="Passed" testListId="8c84fa94-04c1-424b-9868-57a2d4851a1d" relativeResultsDirectory="8c729c56-6629-455d-8cde-9c50b11fac53" />
    <UnitTestResult executionId="022ca5dd-614c-474d-b128-fd2289a9fbd9" testId="e350703c-47df-56f0-b995-a52c38b53eca" testName="MakeSafeTest (System.Int32,1,1)" computerName="LW-18560" duration="00:00:00.0001659" startTime="2023-09-28T23:16:52.1839307-04:00" endTime="2023-09-28T23:16:52.2245807-04:00" testType="13cdc9d9-ddb5-4fa4-a97d-d965ccfc6d4b" outcome="Passed" testListId="8c84fa94-04c1-424b-9868-57a2d4851a1d" relativeResultsDirectory="022ca5dd-614c-474d-b128-fd2289a9fbd9" />
    <UnitTestResult executionId="baa1a850-b6f8-4fb5-ab8d-8212b8b1836c" testId="b6498f29-1231-5fcf-4954-1746daa0500d" testName="ExecuteByTest_Filter (Eliassen.System.Tests.Linq.TestTargets.TestTargetModel,Index,EqualTo,1,1,1)" computerName="LW-18560" duration="00:00:00.1150480" startTime="2023-09-28T23:16:45.6334967-04:00" endTime="2023-09-28T23:16:50.4977563-04:00" testType="13cdc9d9-ddb5-4fa4-a97d-d965ccfc6d4b" outcome="Passed" testListId="8c84fa94-04c1-424b-9868-57a2d4851a1d" relativeResultsDirectory="baa1a850-b6f8-4fb5-ab8d-8212b8b1836c">
      <Output>
        <StdOut>Eliassen.System.Internal.ConsoleLogger`1[Eliassen.System.Linq.Search.QueryBuilder]:Information:&gt;&#xD;
	Build query for CurrentPage: 0&#xD;
PageSize: 0&#xD;
ExcludePageCount: False&#xD;
SearchTerm: (null)&#xD;
	F:Index: EqualTo: 1&#xD;
&#xD;
Eliassen.System.Internal.ConsoleLogger`1[Eliassen.System.Linq.Search.QueryBuilder]:Information:&gt;&#xD;
	Execute (paged): System.Linq.Enumerable+SelectRangeIterator`1[Eliassen.System.Tests.Linq.TestTargets.TestTargetModel].Where(n =&gt; (n.Index == 1)).OrderBy(_ =&gt; 0).Skip(0).Take(10)&#xD;
&#xD;
&#xD;
&#xD;
TestContext Messages:&#xD;
SearchQuery-QueryableExtensionsTests_ExecuteByTestFilter(121)-638315398071227861.json: Attached&#xD;
EnumerableQuery_1-QueryableExtensionsTests_ExecuteByTestFilter(123)-638315398071282416.json: Attached&#xD;
PagedQueryResult_1-QueryableExtensionsTests_ExecuteByTestFilter(125)-638315398072247667.json: Attached&#xD;
resultKeys: 1</StdOut>
        <StdErr>Eliassen.System.Internal.ConsoleLogger`1[Eliassen.System.Linq.Expressions.ExpressionTreeBuilder`1[Eliassen.System.Tests.Linq.TestTargets.TestTargetModel]]:Warning:&gt;&#xD;
	1 parsed to 1 (System.Int32)&#xD;
Eliassen.System.Internal.ConsoleLogger`1[Eliassen.System.Linq.Search.SortBuilder`1[Eliassen.System.Tests.Linq.TestTargets.TestTargetModel]]:Warning:&gt;&#xD;
	Force sort by 0 applied for Eliassen.System.Tests.Linq.TestTargets.TestTargetModel</StdErr>
      </Output>
      <ResultFiles>
        <ResultFile path="LW-18560\EnumerableQuery_1-QueryableExtensionsTests_ExecuteByTestFilter(123)-638315398071282416.json" />
        <ResultFile path="LW-18560\PagedQueryResult_1-QueryableExtensionsTests_ExecuteByTestFilter(125)-638315398072247667.json" />
        <ResultFile path="LW-18560\SearchQuery-QueryableExtensionsTests_ExecuteByTestFilter(121)-638315398071227861.json" />
      </ResultFiles>
    </UnitTestResult>
    <UnitTestResult executionId="8395c3bb-88a9-463b-b892-0a56ca05b1e0" testId="e350703c-47df-56f0-b995-a52c38b53eca" testName="MakeSafeTest (System.Decimal,1,1)" computerName="LW-18560" duration="00:00:00.0002038" startTime="2023-09-28T23:16:52.1839307-04:00" endTime="2023-09-28T23:16:52.2245807-04:00" testType="13cdc9d9-ddb5-4fa4-a97d-d965ccfc6d4b" outcome="Passed" testListId="8c84fa94-04c1-424b-9868-57a2d4851a1d" relativeResultsDirectory="8395c3bb-88a9-463b-b892-0a56ca05b1e0" />
    <UnitTestResult executionId="45d75998-09c2-4d15-af62-40916c86af5a" testId="37c1a70c-f4a5-ed8d-5b4c-26c0b3e51803" testName="VisitTest_Contains (Hello,EL,True)" computerName="LW-18560" duration="00:00:00.0080705" startTime="2023-09-28T23:16:51.8410504-04:00" endTime="2023-09-28T23:16:51.8500621-04:00" testType="13cdc9d9-ddb5-4fa4-a97d-d965ccfc6d4b" outcome="Passed" testListId="8c84fa94-04c1-424b-9868-57a2d4851a1d" relativeResultsDirectory="45d75998-09c2-4d15-af62-40916c86af5a">
      <Output>
        <StdOut>Eliassen.System.Internal.ConsoleLogger`1[Eliassen.System.Linq.Expressions.StringComparisonReplacementExpressionVisitor]:Debug:&gt;&#xD;
	Replace: e.Contains(value(Eliassen.System.Tests.Linq.Expressions.StringComparisonReplacementExpressionVisitorTests+&lt;&gt;c__DisplayClass6_0).matched) with e.Contains(value(Eliassen.System.Tests.Linq.Expressions.StringComparisonReplacementExpressionVisitorTests+&lt;&gt;c__DisplayClass6_0).matched, CurrentCultureIgnoreCase)&#xD;
&#xD;
&#xD;
&#xD;
TestContext Messages:&#xD;
expression: e =&gt; e.Contains(value(Eliassen.System.Tests.Linq.Expressions.StringComparisonReplacementExpressionVisitorTests+&lt;&gt;c__DisplayClass6_0).matched)&#xD;
visited: e =&gt; e.Contains(value(Eliassen.System.Tests.Linq.Expressions.StringComparisonReplacementExpressionVisitorTests+&lt;&gt;c__DisplayClass6_0).matched, CurrentCultureIgnoreCase)</StdOut>
      </Output>
    </UnitTestResult>
    <UnitTestResult executionId="03de5810-0c27-4e46-b5d9-b2cbec4d3908" testId="b5b73f46-926e-b166-c509-00a2b6834bdd" testName="GetFilterablePropertyNamesTest_TestTarget2Model" computerName="LW-18560" duration="00:00:00.0113872" startTime="2023-09-28T23:16:51.7137845-04:00" endTime="2023-09-28T23:16:51.7259859-04:00" testType="13cdc9d9-ddb5-4fa4-a97d-d965ccfc6d4b" outcome="Passed" testListId="8c84fa94-04c1-424b-9868-57a2d4851a1d" relativeResultsDirectory="03de5810-0c27-4e46-b5d9-b2cbec4d3908" />
    <UnitTestResult executionId="f01d9b5f-dd5b-499b-8963-8e0372cc2b55" testId="229af554-d2ce-adf0-ac16-208cd1c4d601" testName="VisitTest_Equals (Hello,hello,True)" computerName="LW-18560" duration="00:00:00.0023243" startTime="2023-09-28T23:16:51.9260668-04:00" endTime="2023-09-28T23:16:51.9291166-04:00" testType="13cdc9d9-ddb5-4fa4-a97d-d965ccfc6d4b" outcome="Passed" testListId="8c84fa94-04c1-424b-9868-57a2d4851a1d" relativeResultsDirectory="f01d9b5f-dd5b-499b-8963-8e0372cc2b55">
      <Output>
        <StdOut>Eliassen.System.Internal.ConsoleLogger`1[Eliassen.System.Linq.Expressions.StringComparisonReplacementExpressionVisitor]:Debug:&gt;&#xD;
	Replace: e.Equals(value(Eliassen.System.Tests.Linq.Expressions.StringComparisonReplacementExpressionVisitorTests+&lt;&gt;c__DisplayClass5_0).matched) with e.Equals(value(Eliassen.System.Tests.Linq.Expressions.StringComparisonReplacementExpressionVisitorTests+&lt;&gt;c__DisplayClass5_0).matched, CurrentCultureIgnoreCase)&#xD;
&#xD;
&#xD;
&#xD;
TestContext Messages:&#xD;
expression: e =&gt; e.Equals(value(Eliassen.System.Tests.Linq.Expressions.StringComparisonReplacementExpressionVisitorTests+&lt;&gt;c__DisplayClass5_0).matched)&#xD;
visited: e =&gt; e.Equals(value(Eliassen.System.Tests.Linq.Expressions.StringComparisonReplacementExpressionVisitorTests+&lt;&gt;c__DisplayClass5_0).matched, CurrentCultureIgnoreCase)</StdOut>
      </Output>
    </UnitTestResult>
    <UnitTestResult executionId="f114ad04-0ab2-44ee-83a2-2a0fc4d0d63d" testId="b6498f29-1231-5fcf-4954-1746daa0500d" testName="ExecuteByTest_Filter (Eliassen.System.Tests.Linq.TestTargets.TestTargetModel,Index,GreaterThanOrEqualTo,995,5,995,996,997,998,999)" computerName="LW-18560" duration="00:00:00.0576650" startTime="2023-09-28T23:16:45.6334967-04:00" endTime="2023-09-28T23:16:50.4977563-04:00" testType="13cdc9d9-ddb5-4fa4-a97d-d965ccfc6d4b" outcome="Passed" testListId="8c84fa94-04c1-424b-9868-57a2d4851a1d" relativeResultsDirectory="f114ad04-0ab2-44ee-83a2-2a0fc4d0d63d">
      <Output>
        <StdOut>Eliassen.System.Internal.ConsoleLogger`1[Eliassen.System.Linq.Search.QueryBuilder]:Information:&gt;&#xD;
	Build query for CurrentPage: 0&#xD;
PageSize: 0&#xD;
ExcludePageCount: False&#xD;
SearchTerm: (null)&#xD;
	F:Index: GreaterThanOrEqualTo: 995&#xD;
&#xD;
Eliassen.System.Internal.ConsoleLogger`1[Eliassen.System.Linq.Search.QueryBuilder]:Information:&gt;&#xD;
	Execute (paged): System.Linq.Enumerable+SelectRangeIterator`1[Eliassen.System.Tests.Linq.TestTargets.TestTargetModel].Where(n =&gt; (n.Index &gt;= 995)).OrderBy(_ =&gt; 0).Skip(0).Take(10)&#xD;
&#xD;
&#xD;
&#xD;
TestContext Messages:&#xD;
SearchQuery-QueryableExtensionsTests_ExecuteByTestFilter(121)-638315398079799185.json: Attached&#xD;
EnumerableQuery_1-QueryableExtensionsTests_ExecuteByTestFilter(123)-638315398079863889.json: Attached&#xD;
PagedQueryResult_1-QueryableExtensionsTests_ExecuteByTestFilter(125)-638315398080242907.json: Attached&#xD;
resultKeys: 995,996,997,998,999</StdOut>
        <StdErr>Eliassen.System.Internal.ConsoleLogger`1[Eliassen.System.Linq.Expressions.ExpressionTreeBuilder`1[Eliassen.System.Tests.Linq.TestTargets.TestTargetModel]]:Warning:&gt;&#xD;
	995 parsed to 995 (System.Int32)&#xD;
Eliassen.System.Internal.ConsoleLogger`1[Eliassen.System.Linq.Search.SortBuilder`1[Eliassen.System.Tests.Linq.TestTargets.TestTargetModel]]:Warning:&gt;&#xD;
	Force sort by 0 applied for Eliassen.System.Tests.Linq.TestTargets.TestTargetModel</StdErr>
      </Output>
      <ResultFiles>
        <ResultFile path="LW-18560\EnumerableQuery_1-QueryableExtensionsTests_ExecuteByTestFilter(123)-638315398079863889.json" />
        <ResultFile path="LW-18560\PagedQueryResult_1-QueryableExtensionsTests_ExecuteByTestFilter(125)-638315398080242907.json" />
        <ResultFile path="LW-18560\SearchQuery-QueryableExtensionsTests_ExecuteByTestFilter(121)-638315398079799185.json" />
      </ResultFiles>
    </UnitTestResult>
    <UnitTestResult executionId="70344938-0581-4e16-bd45-16f1bb6af453" testId="b6498f29-1231-5fcf-4954-1746daa0500d" testName="ExecuteByTest_Filter (Eliassen.System.Tests.Linq.TestTargets.TestTargetModel,Name,NotEqualTo,*3,10,0,1,2,4,5,6,7,8,9,10)" computerName="LW-18560" duration="00:00:00.0758474" startTime="2023-09-28T23:16:45.6334967-04:00" endTime="2023-09-28T23:16:50.4977563-04:00" testType="13cdc9d9-ddb5-4fa4-a97d-d965ccfc6d4b" outcome="Passed" testListId="8c84fa94-04c1-424b-9868-57a2d4851a1d" relativeResultsDirectory="70344938-0581-4e16-bd45-16f1bb6af453">
      <Output>
        <StdOut>Eliassen.System.Internal.ConsoleLogger`1[Eliassen.System.Linq.Search.QueryBuilder]:Information:&gt;&#xD;
	Build query for CurrentPage: 0&#xD;
PageSize: 0&#xD;
ExcludePageCount: False&#xD;
SearchTerm: (null)&#xD;
	F:Name: NotEqualTo: *3&#xD;
&#xD;
Eliassen.System.Internal.ConsoleLogger`1[Eliassen.System.Linq.Search.QueryBuilder]:Information:&gt;&#xD;
	Execute (paged): System.Linq.Enumerable+SelectRangeIterator`1[Eliassen.System.Tests.Linq.TestTargets.TestTargetModel].Where(n =&gt; Not(n.Name.EndsWith("3"))).OrderBy(_ =&gt; 0).Skip(0).Take(10)&#xD;
&#xD;
&#xD;
&#xD;
TestContext Messages:&#xD;
SearchQuery-QueryableExtensionsTests_ExecuteByTestFilter(121)-638315398085304909.json: Attached&#xD;
EnumerableQuery_1-QueryableExtensionsTests_ExecuteByTestFilter(123)-638315398085431256.json: Attached&#xD;
PagedQueryResult_1-QueryableExtensionsTests_ExecuteByTestFilter(125)-638315398085909419.json: Attached&#xD;
resultKeys: 0,1,2,4,5,6,7,8,9,10</StdOut>
        <StdErr>Eliassen.System.Internal.ConsoleLogger`1[Eliassen.System.Linq.Search.SortBuilder`1[Eliassen.System.Tests.Linq.TestTargets.TestTargetModel]]:Warning:&gt;&#xD;
	Force sort by 0 applied for Eliassen.System.Tests.Linq.TestTargets.TestTargetModel</StdErr>
      </Output>
      <ResultFiles>
        <ResultFile path="LW-18560\EnumerableQuery_1-QueryableExtensionsTests_ExecuteByTestFilter(123)-638315398085431256.json" />
        <ResultFile path="LW-18560\PagedQueryResult_1-QueryableExtensionsTests_ExecuteByTestFilter(125)-638315398085909419.json" />
        <ResultFile path="LW-18560\SearchQuery-QueryableExtensionsTests_ExecuteByTestFilter(121)-638315398085304909.json" />
      </ResultFiles>
    </UnitTestResult>
    <UnitTestResult executionId="d264de96-37a7-458a-b6dc-ef8f686b673e" testId="e350703c-47df-56f0-b995-a52c38b53eca" testName="MakeSafeTest (System.Nullable`1[System.Guid],nope,)" computerName="LW-18560" duration="00:00:00.0008728" startTime="2023-09-28T23:16:52.1839307-04:00" endTime="2023-09-28T23:16:52.2245807-04:00" testType="13cdc9d9-ddb5-4fa4-a97d-d965ccfc6d4b" outcome="Passed" testListId="8c84fa94-04c1-424b-9868-57a2d4851a1d" relativeResultsDirectory="d264de96-37a7-458a-b6dc-ef8f686b673e" />
    <UnitTestResult executionId="7bbf85c1-9fcd-4a30-a253-644f8f2e0851" testId="b6498f29-1231-5fcf-4954-1746daa0500d" testName="ExecuteByTest_Filter (Eliassen.System.Tests.Linq.TestTargets.TestTargetWithInnerListModel,Children,EqualTo,*001,10,2,3,4,5,6,7,8,9,12,13)" computerName="LW-18560" duration="00:00:00.1261966" startTime="2023-09-28T23:16:45.6334967-04:00" endTime="2023-09-28T23:16:50.4977563-04:00" testType="13cdc9d9-ddb5-4fa4-a97d-d965ccfc6d4b" outcome="Passed" testListId="8c84fa94-04c1-424b-9868-57a2d4851a1d" relativeResultsDirectory="7bbf85c1-9fcd-4a30-a253-644f8f2e0851">
      <Output>
        <StdOut>Eliassen.System.Internal.ConsoleLogger`1[Eliassen.System.Linq.Search.QueryBuilder]:Information:&gt;&#xD;
	Build query for CurrentPage: 0&#xD;
PageSize: 0&#xD;
ExcludePageCount: False&#xD;
SearchTerm: (null)&#xD;
	F:Children: EqualTo: *001&#xD;
&#xD;
Eliassen.System.Internal.ConsoleLogger`1[Eliassen.System.Linq.Search.QueryBuilder]:Information:&gt;&#xD;
	Execute (paged): System.Linq.Enumerable+SelectRangeIterator`1[Eliassen.System.Tests.Linq.TestTargets.TestTargetWithInnerListModel].Where(n =&gt; n.Children.Any(child =&gt; child.EndsWith("001"))).OrderBy(_ =&gt; 0).Skip(0).Take(10)&#xD;
&#xD;
&#xD;
&#xD;
TestContext Messages:&#xD;
SearchQuery-QueryableExtensionsTests_ExecuteByTestFilter(121)-638315398099359856.json: Attached&#xD;
EnumerableQuery_1-QueryableExtensionsTests_ExecuteByTestFilter(123)-638315398099429638.json: Attached&#xD;
PagedQueryResult_1-QueryableExtensionsTests_ExecuteByTestFilter(125)-638315398100460693.json: Attached&#xD;
resultKeys: 2,3,4,5,6,7,8,9,12,13</StdOut>
        <StdErr>Eliassen.System.Internal.ConsoleLogger`1[Eliassen.System.Linq.Search.SortBuilder`1[Eliassen.System.Tests.Linq.TestTargets.TestTargetWithInnerListModel]]:Warning:&gt;&#xD;
	Force sort by 0 applied for Eliassen.System.Tests.Linq.TestTargets.TestTargetWithInnerListModel</StdErr>
      </Output>
      <ResultFiles>
        <ResultFile path="LW-18560\EnumerableQuery_1-QueryableExtensionsTests_ExecuteByTestFilter(123)-638315398099429638.json" />
        <ResultFile path="LW-18560\PagedQueryResult_1-QueryableExtensionsTests_ExecuteByTestFilter(125)-638315398100460693.json" />
        <ResultFile path="LW-18560\SearchQuery-QueryableExtensionsTests_ExecuteByTestFilter(121)-638315398099359856.json" />
      </ResultFiles>
    </UnitTestResult>
    <UnitTestResult executionId="fcd9ace2-09ee-40fc-89c3-dca415cef140" testId="b6498f29-1231-5fcf-4954-1746daa0500d" testName="ExecuteByTest_Filter (Eliassen.System.Tests.Linq.TestTargets.TestTargetModel,Index,EqualTo,!1,10,0,2,3,4,5,6,7,8,9,10)" computerName="LW-18560" duration="00:00:01.1202610" startTime="2023-09-28T23:16:45.6334967-04:00" endTime="2023-09-28T23:16:50.4977563-04:00" testType="13cdc9d9-ddb5-4fa4-a97d-d965ccfc6d4b" outcome="Passed" testListId="8c84fa94-04c1-424b-9868-57a2d4851a1d" relativeResultsDirectory="fcd9ace2-09ee-40fc-89c3-dca415cef140">
      <Output>
        <StdOut>Eliassen.System.Internal.ConsoleLogger`1[Eliassen.System.Linq.Search.QueryBuilder]:Information:&gt;&#xD;
	Build query for CurrentPage: 0&#xD;
PageSize: 0&#xD;
ExcludePageCount: False&#xD;
SearchTerm: (null)&#xD;
	F:Index: EqualTo: !1&#xD;
&#xD;
Eliassen.System.Internal.ConsoleLogger`1[Eliassen.System.Linq.Search.QueryBuilder]:Information:&gt;&#xD;
	Execute (paged): System.Linq.Enumerable+SelectRangeIterator`1[Eliassen.System.Tests.Linq.TestTargets.TestTargetModel].Where(n =&gt; (n.Index != 1)).OrderBy(_ =&gt; 0).Skip(0).Take(10)&#xD;
&#xD;
&#xD;
&#xD;
TestContext Messages:&#xD;
SearchQuery-QueryableExtensionsTests_ExecuteByTestFilter(121)-638315398056798328.json: Attached&#xD;
EnumerableQuery_1-QueryableExtensionsTests_ExecuteByTestFilter(123)-638315398059287888.json: Attached&#xD;
PagedQueryResult_1-QueryableExtensionsTests_ExecuteByTestFilter(125)-638315398064342673.json: Attached&#xD;
resultKeys: 0,2,3,4,5,6,7,8,9,10</StdOut>
        <StdErr>Eliassen.System.Internal.ConsoleLogger`1[Eliassen.System.Linq.Expressions.ExpressionTreeBuilder`1[Eliassen.System.Tests.Linq.TestTargets.TestTargetModel]]:Warning:&gt;&#xD;
	1 parsed to 1 (System.Int32)&#xD;
Eliassen.System.Internal.ConsoleLogger`1[Eliassen.System.Linq.Search.SortBuilder`1[Eliassen.System.Tests.Linq.TestTargets.TestTargetModel]]:Warning:&gt;&#xD;
	Force sort by 0 applied for Eliassen.System.Tests.Linq.TestTargets.TestTargetModel</StdErr>
      </Output>
      <ResultFiles>
        <ResultFile path="LW-18560\EnumerableQuery_1-QueryableExtensionsTests_ExecuteByTestFilter(123)-638315398059287888.json" />
        <ResultFile path="LW-18560\PagedQueryResult_1-QueryableExtensionsTests_ExecuteByTestFilter(125)-638315398064342673.json" />
        <ResultFile path="LW-18560\SearchQuery-QueryableExtensionsTests_ExecuteByTestFilter(121)-638315398056798328.json" />
      </ResultFiles>
    </UnitTestResult>
    <UnitTestResult executionId="ef841cf1-0e73-44f5-83dc-994991f0b6cd" testId="e350703c-47df-56f0-b995-a52c38b53eca" testName="MakeSafeTest (System.Guid,nope,)" computerName="LW-18560" duration="00:00:00.0009438" startTime="2023-09-28T23:16:52.1839307-04:00" endTime="2023-09-28T23:16:52.2245807-04:00" testType="13cdc9d9-ddb5-4fa4-a97d-d965ccfc6d4b" outcome="Passed" testListId="8c84fa94-04c1-424b-9868-57a2d4851a1d" relativeResultsDirectory="ef841cf1-0e73-44f5-83dc-994991f0b6cd" />
    <UnitTestResult executionId="031d4b96-f36d-45dc-a744-37b10cb21994" testId="b6498f29-1231-5fcf-4954-1746daa0500d" testName="ExecuteByTest_Filter (Eliassen.System.Tests.Linq.TestTargets.TestTargetExtendedModel,Date,LessThan,2020-03-01T01:01:01.4356493+02:00,3,-1,0,1)" computerName="LW-18560" duration="00:00:00.0915245" startTime="2023-09-28T23:16:45.6334967-04:00" endTime="2023-09-28T23:16:50.4977563-04:00" testType="13cdc9d9-ddb5-4fa4-a97d-d965ccfc6d4b" outcome="Passed" testListId="8c84fa94-04c1-424b-9868-57a2d4851a1d" relativeResultsDirectory="031d4b96-f36d-45dc-a744-37b10cb21994">
      <Output>
        <StdOut>Eliassen.System.Internal.ConsoleLogger`1[Eliassen.System.Linq.Search.QueryBuilder]:Information:&gt;&#xD;
	Build query for CurrentPage: 0&#xD;
PageSize: 0&#xD;
ExcludePageCount: False&#xD;
SearchTerm: (null)&#xD;
	F:Date: LessThan: 2020-03-01T01:01:01.4356493+02:00&#xD;
&#xD;
Eliassen.System.Internal.ConsoleLogger`1[Eliassen.System.Linq.Search.QueryBuilder]:Information:&gt;&#xD;
	Execute (paged): System.Linq.Enumerable+SelectRangeIterator`1[Eliassen.System.Tests.Linq.TestTargets.TestTargetExtendedModel].Where(n =&gt; (n.Date &lt; 2/29/2020 6:01:01 PM)).OrderBy(_ =&gt; 0).Skip(0).Take(10)&#xD;
&#xD;
&#xD;
&#xD;
TestContext Messages:&#xD;
SearchQuery-QueryableExtensionsTests_ExecuteByTestFilter(121)-638315398094111482.json: Attached&#xD;
EnumerableQuery_1-QueryableExtensionsTests_ExecuteByTestFilter(123)-638315398094177688.json: Attached&#xD;
PagedQueryResult_1-QueryableExtensionsTests_ExecuteByTestFilter(125)-638315398094949561.json: Attached&#xD;
resultKeys: -1,0,1</StdOut>
        <StdErr>Eliassen.System.Internal.ConsoleLogger`1[Eliassen.System.Linq.Expressions.ExpressionTreeBuilder`1[Eliassen.System.Tests.Linq.TestTargets.TestTargetExtendedModel]]:Warning:&gt;&#xD;
	2020-03-01T01:01:01.4356493+02:00 parsed to 02/29/2020 18:01:01 (System.DateTime)&#xD;
Eliassen.System.Internal.ConsoleLogger`1[Eliassen.System.Linq.Search.SortBuilder`1[Eliassen.System.Tests.Linq.TestTargets.TestTargetExtendedModel]]:Warning:&gt;&#xD;
	Force sort by 0 applied for Eliassen.System.Tests.Linq.TestTargets.TestTargetExtendedModel</StdErr>
      </Output>
      <ResultFiles>
        <ResultFile path="LW-18560\EnumerableQuery_1-QueryableExtensionsTests_ExecuteByTestFilter(123)-638315398094177688.json" />
        <ResultFile path="LW-18560\PagedQueryResult_1-QueryableExtensionsTests_ExecuteByTestFilter(125)-638315398094949561.json" />
        <ResultFile path="LW-18560\SearchQuery-QueryableExtensionsTests_ExecuteByTestFilter(121)-638315398094111482.json" />
      </ResultFiles>
    </UnitTestResult>
    <UnitTestResult executionId="5d32a5c6-458a-4b5e-ba2f-27bc71b4d572" testId="33d0fc48-d317-a11f-5aba-5a22a3659a68" testName="VisitTest_Equals (,hello,False)" computerName="LW-18560" duration="00:00:00.0016769" startTime="2023-09-28T23:16:51.8042220-04:00" endTime="2023-09-28T23:16:51.8067421-04:00" testType="13cdc9d9-ddb5-4fa4-a97d-d965ccfc6d4b" outcome="Passed" testListId="8c84fa94-04c1-424b-9868-57a2d4851a1d" relativeResultsDirectory="5d32a5c6-458a-4b5e-ba2f-27bc71b4d572">
      <Output>
        <StdOut>TestContext Messages:&#xD;
expression: e =&gt; e.Equals(value(Eliassen.System.Tests.Linq.Expressions.SkipInstanceMethodOnNullExpressionVisitorTests+&lt;&gt;c__DisplayClass4_0).matched)&#xD;
visited: e =&gt; ((e != null) AndAlso e.Equals(value(Eliassen.System.Tests.Linq.Expressions.SkipInstanceMethodOnNullExpressionVisitorTests+&lt;&gt;c__DisplayClass4_0).matched))&#xD;
result: False</StdOut>
      </Output>
    </UnitTestResult>
    <UnitTestResult executionId="c075517e-9796-4677-bd1a-8552b091ce27" testId="7fd160bc-3b5b-e6e2-40ae-1974536260f2" testName="TryParseTest (System.Nullable`1[System.Int32],1,True,1)" computerName="LW-18560" duration="00:00:00.0000521" startTime="2023-09-28T23:16:52.2636534-04:00" endTime="2023-09-28T23:16:52.2868739-04:00" testType="13cdc9d9-ddb5-4fa4-a97d-d965ccfc6d4b" outcome="Passed" testListId="8c84fa94-04c1-424b-9868-57a2d4851a1d" relativeResultsDirectory="c075517e-9796-4677-bd1a-8552b091ce27" />
    <UnitTestResult executionId="3ea67a30-8b21-4eee-9636-48f7a603821f" testId="b6498f29-1231-5fcf-4954-1746daa0500d" testName="ExecuteByTest_Filter (Eliassen.System.Tests.Linq.TestTargets.TestTargetModel,Index,InSet,System.Int32[],3,1,2,3)" computerName="LW-18560" duration="00:00:00.0717632" startTime="2023-09-28T23:16:45.6334967-04:00" endTime="2023-09-28T23:16:50.4977563-04:00" testType="13cdc9d9-ddb5-4fa4-a97d-d965ccfc6d4b" outcome="Passed" testListId="8c84fa94-04c1-424b-9868-57a2d4851a1d" relativeResultsDirectory="3ea67a30-8b21-4eee-9636-48f7a603821f">
      <Output>
        <StdOut>Eliassen.System.Internal.ConsoleLogger`1[Eliassen.System.Linq.Search.QueryBuilder]:Information:&gt;&#xD;
	Build query for CurrentPage: 0&#xD;
PageSize: 0&#xD;
ExcludePageCount: False&#xD;
SearchTerm: (null)&#xD;
	F:Index: InSet: 1; 2; 3&#xD;
&#xD;
Eliassen.System.Internal.ConsoleLogger`1[Eliassen.System.Linq.Search.QueryBuilder]:Information:&gt;&#xD;
	Execute (paged): System.Linq.Enumerable+SelectRangeIterator`1[Eliassen.System.Tests.Linq.TestTargets.TestTargetModel].Where(n =&gt; value(System.Int32[]).Contains(n.Index)).OrderBy(_ =&gt; 0).Skip(0).Take(10)&#xD;
&#xD;
&#xD;
&#xD;
TestContext Messages:&#xD;
SearchQuery-QueryableExtensionsTests_ExecuteByTestFilter(121)-638315398073751403.json: Attached&#xD;
EnumerableQuery_1-QueryableExtensionsTests_ExecuteByTestFilter(123)-638315398073819550.json: Attached&#xD;
PagedQueryResult_1-QueryableExtensionsTests_ExecuteByTestFilter(125)-638315398074394022.json: Attached&#xD;
resultKeys: 1,2,3</StdOut>
        <StdErr>Eliassen.System.Internal.ConsoleLogger`1[Eliassen.System.Linq.Search.SortBuilder`1[Eliassen.System.Tests.Linq.TestTargets.TestTargetModel]]:Warning:&gt;&#xD;
	Force sort by 0 applied for Eliassen.System.Tests.Linq.TestTargets.TestTargetModel</StdErr>
      </Output>
      <ResultFiles>
        <ResultFile path="LW-18560\EnumerableQuery_1-QueryableExtensionsTests_ExecuteByTestFilter(123)-638315398073819550.json" />
        <ResultFile path="LW-18560\PagedQueryResult_1-QueryableExtensionsTests_ExecuteByTestFilter(125)-638315398074394022.json" />
        <ResultFile path="LW-18560\SearchQuery-QueryableExtensionsTests_ExecuteByTestFilter(121)-638315398073751403.json" />
      </ResultFiles>
    </UnitTestResult>
    <UnitTestResult executionId="ae3b19a4-8604-48c8-ad52-afea46a6b02f" testId="f5306a38-7e9d-ad71-73c6-1c694342dc21" testName="ExecuteByTest_SearchTerm (Eliassen.System.Tests.Linq.TestTargets.TestTargetModel,Name3*,12,111,10,3,30,31,32,33,34,35,36,37,38)" computerName="LW-18560" duration="00:00:00.0616295" startTime="2023-09-28T23:16:51.1178705-04:00" endTime="2023-09-28T23:16:51.5240640-04:00" testType="13cdc9d9-ddb5-4fa4-a97d-d965ccfc6d4b" outcome="Passed" testListId="8c84fa94-04c1-424b-9868-57a2d4851a1d" relativeResultsDirectory="ae3b19a4-8604-48c8-ad52-afea46a6b02f">
      <Output>
        <StdOut>Eliassen.System.Internal.ConsoleLogger`1[Eliassen.System.Linq.Search.QueryBuilder]:Information:&gt;&#xD;
	Build query for SearchQuery { CurrentPage = 0, PageSize = 0, ExcludePageCount = False, SearchTerm = Name3*, Filter = System.Collections.Generic.Dictionary`2[System.String,Eliassen.System.Linq.Search.FilterParameter], OrderBy = System.Collections.Generic.Dictionary`2[System.String,Eliassen.System.Linq.Search.OrderDirections] }&#xD;
Eliassen.System.Internal.ConsoleLogger`1[Eliassen.System.Linq.Search.QueryBuilder]:Debug:&gt;&#xD;
	Visited by: Eliassen.System.Linq.Expressions.SkipInstanceMethodOnNullExpressionVisitor&#xD;
Eliassen.System.Internal.ConsoleLogger`1[Eliassen.System.Linq.Search.QueryBuilder]:Information:&gt;&#xD;
	Execute (paged): System.Linq.Enumerable+SelectRangeIterator`1[Eliassen.System.Tests.Linq.TestTargets.TestTargetModel].Where(n =&gt; (((n.Name != null) AndAlso n.Name.StartsWith("Name3")) OrElse ((n.Email != null) AndAlso n.Email.StartsWith("Name3")))).OrderBy(_ =&gt; 0).Skip(0).Take(10)&#xD;
&#xD;
&#xD;
&#xD;
TestContext Messages:&#xD;
SearchQuery_1-QueryableExtensionsTests_ExecuteByTestSearchTerm(192)-638315398112500988.json: Attached&#xD;
EnumerableQuery_1-QueryableExtensionsTests_ExecuteByTestSearchTerm(194)-638315398112567740.json: Attached&#xD;
PagedQueryResult_1-QueryableExtensionsTests_ExecuteByTestSearchTerm(196)-638315398113034097.json: Attached&#xD;
resultKeys: 3,30,31,32,33,34,35,36,37,38</StdOut>
        <StdErr>Eliassen.System.Internal.ConsoleLogger`1[Eliassen.System.Linq.Search.SortBuilder`1[Eliassen.System.Tests.Linq.TestTargets.TestTargetModel]]:Warning:&gt;&#xD;
	Force sort by 0 applied for Eliassen.System.Tests.Linq.TestTargets.TestTargetModel</StdErr>
      </Output>
      <ResultFiles>
        <ResultFile path="LW-18560\EnumerableQuery_1-QueryableExtensionsTests_ExecuteByTestSearchTerm(194)-638315398112567740.json" />
        <ResultFile path="LW-18560\PagedQueryResult_1-QueryableExtensionsTests_ExecuteByTestSearchTerm(196)-638315398113034097.json" />
        <ResultFile path="LW-18560\SearchQuery_1-QueryableExtensionsTests_ExecuteByTestSearchTerm(192)-638315398112500988.json" />
      </ResultFiles>
    </UnitTestResult>
    <UnitTestResult executionId="827900f2-741f-414d-957d-b046ae701a33" testId="e498b849-10db-ce48-d748-8f0db54c7b7b" testName="ExecuteByTest_Page (1,-1,,,,1000,)" computerName="LW-18560" duration="00:00:00.0855045" startTime="2023-09-28T23:16:51.0283162-04:00" endTime="2023-09-28T23:16:51.1147495-04:00" testType="13cdc9d9-ddb5-4fa4-a97d-d965ccfc6d4b" outcome="Passed" testListId="8c84fa94-04c1-424b-9868-57a2d4851a1d" relativeResultsDirectory="827900f2-741f-414d-957d-b046ae701a33">
      <Output>
        <StdOut>Eliassen.System.Internal.ConsoleLogger`1[Eliassen.System.Linq.Search.QueryBuilder]:Information:&gt;&#xD;
	Build query for CurrentPage: 1&#xD;
PageSize: -1&#xD;
ExcludePageCount: False&#xD;
SearchTerm: (null)&#xD;
&#xD;
Eliassen.System.Internal.ConsoleLogger`1[Eliassen.System.Linq.Search.QueryBuilder]:Information:&gt;&#xD;
	Execute : System.Linq.Enumerable+SelectRangeIterator`1[Eliassen.System.Tests.Linq.TestTargets.TestTargetModel].OrderBy(_ =&gt; 0)&#xD;
&#xD;
&#xD;
&#xD;
TestContext Messages:&#xD;
SearchQuery-QueryableExtensionsTests_ExecuteByTest_Page(222)-638315398110289638.json: Attached&#xD;
EnumerableQuery_1-QueryableExtensionsTests_ExecuteByTest_Page(224)-638315398110362875.json: Attached&#xD;
QueryResult_1-QueryableExtensionsTests_ExecuteByTest_Page(226)-638315398110757038.json: Attached</StdOut>
        <StdErr>Eliassen.System.Internal.ConsoleLogger`1[Eliassen.System.Linq.Search.QueryBuilder]:Warning:&gt;&#xD;
	No filtering detected: System.Linq.Enumerable+SelectRangeIterator`1[Eliassen.System.Tests.Linq.TestTargets.TestTargetModel]: CurrentPage: 1&#xD;
PageSize: -1&#xD;
ExcludePageCount: False&#xD;
SearchTerm: (null)&#xD;
&#xD;
Eliassen.System.Internal.ConsoleLogger`1[Eliassen.System.Linq.Search.SortBuilder`1[Eliassen.System.Tests.Linq.TestTargets.TestTargetModel]]:Warning:&gt;&#xD;
	Force sort by 0 applied for Eliassen.System.Tests.Linq.TestTargets.TestTargetModel</StdErr>
      </Output>
      <ResultFiles>
        <ResultFile path="LW-18560\EnumerableQuery_1-QueryableExtensionsTests_ExecuteByTest_Page(224)-638315398110362875.json" />
        <ResultFile path="LW-18560\QueryResult_1-QueryableExtensionsTests_ExecuteByTest_Page(226)-638315398110757038.json" />
        <ResultFile path="LW-18560\SearchQuery-QueryableExtensionsTests_ExecuteByTest_Page(222)-638315398110289638.json" />
      </ResultFiles>
    </UnitTestResult>
    <UnitTestResult executionId="c11601ae-b71c-4703-bb35-bea0717d6bd1" testId="07a7a327-67a2-b280-2fa0-04f8167fd844" testName="VisitTest_EqualOperator (Hello,HeLlO,True)" computerName="LW-18560" duration="00:00:00.0079483" startTime="2023-09-28T23:16:51.8880263-04:00" endTime="2023-09-28T23:16:51.8977176-04:00" testType="13cdc9d9-ddb5-4fa4-a97d-d965ccfc6d4b" outcome="Passed" testListId="8c84fa94-04c1-424b-9868-57a2d4851a1d" relativeResultsDirectory="c11601ae-b71c-4703-bb35-bea0717d6bd1">
      <Output>
        <StdOut>TestContext Messages:&#xD;
expression: e =&gt; (e == value(Eliassen.System.Tests.Linq.Expressions.StringComparisonReplacementExpressionVisitorTests+&lt;&gt;c__DisplayClass4_0).matched)&#xD;
visited: e =&gt; e.Equals(value(Eliassen.System.Tests.Linq.Expressions.StringComparisonReplacementExpressionVisitorTests+&lt;&gt;c__DisplayClass4_0).matched, CurrentCultureIgnoreCase)</StdOut>
      </Output>
    </UnitTestResult>
    <UnitTestResult executionId="229352cb-0b93-4877-bf63-a138be50d539" testId="94603f64-5739-e688-dcfd-6687308b4a9a" testName="AddResultTest_Object_WithFileNameRemoveExtension" computerName="LW-18560" duration="00:00:00.0083335" startTime="2023-09-28T23:16:45.7947784-04:00" endTime="2023-09-28T23:16:45.8036054-04:00" testType="13cdc9d9-ddb5-4fa4-a97d-d965ccfc6d4b" outcome="Passed" testListId="8c84fa94-04c1-424b-9868-57a2d4851a1d" relativeResultsDirectory="229352cb-0b93-4877-bf63-a138be50d539">
      <Output>
        <StdOut>TestContext Messages:&#xD;
TestFileName-TextContextExtensionsTests_AddResultTest_Object_WithFileNameRemoveExtension(150)-638315398057957857: Attached</StdOut>
      </Output>
      <ResultFiles>
        <ResultFile path="LW-18560\TestFileName-TextContextExtensionsTests_AddResultTest_Object_WithFileNameRemoveExtension(150)-638315398057957857" />
      </ResultFiles>
    </UnitTestResult>
    <UnitTestResult executionId="08c0ea0d-aad7-496e-a9bd-d31e7cc9a4e5" testId="8dab1de3-735f-cc36-974f-4fcc447d693a" testName="ToEnumTest (no data,)" computerName="LW-18560" duration="00:00:00.0149553" startTime="2023-09-28T23:16:52.0297341-04:00" endTime="2023-09-28T23:16:52.0452341-04:00" testType="13cdc9d9-ddb5-4fa4-a97d-d965ccfc6d4b" outcome="Passed" testListId="8c84fa94-04c1-424b-9868-57a2d4851a1d" relativeResultsDirectory="08c0ea0d-aad7-496e-a9bd-d31e7cc9a4e5" />
    <UnitTestResult executionId="de6be8df-fdea-4e18-8d0a-9ef0ac6e5082" testId="ed2eb3a8-9a8f-8428-0d0a-7e6a2f6200e2" testName="AddResultTest_Lines" computerName="LW-18560" duration="00:00:00.0070856" startTime="2023-09-28T23:16:45.7181027-04:00" endTime="2023-09-28T23:16:45.7256446-04:00" testType="13cdc9d9-ddb5-4fa4-a97d-d965ccfc6d4b" outcome="Passed" testListId="8c84fa94-04c1-424b-9868-57a2d4851a1d" relativeResultsDirectory="de6be8df-fdea-4e18-8d0a-9ef0ac6e5082">
      <Output>
        <StdOut>TestContext Messages:&#xD;
String[]-TextContextExtensionsTests_AddResultTest_Lines(70)-638315398057191698.txt: Attached</StdOut>
      </Output>
      <ResultFiles>
        <ResultFile path="LW-18560\String[]-TextContextExtensionsTests_AddResultTest_Lines(70)-638315398057191698.txt" />
      </ResultFiles>
    </UnitTestResult>
    <UnitTestResult executionId="f6e28b28-8514-4db8-860f-ddfca4be9d6f" testId="e350703c-47df-56f0-b995-a52c38b53eca" testName="MakeSafeTest (System.Nullable`1[System.Int32],1,1)" computerName="LW-18560" duration="00:00:00.0000500" startTime="2023-09-28T23:16:52.1839307-04:00" endTime="2023-09-28T23:16:52.2245807-04:00" testType="13cdc9d9-ddb5-4fa4-a97d-d965ccfc6d4b" outcome="Passed" testListId="8c84fa94-04c1-424b-9868-57a2d4851a1d" relativeResultsDirectory="f6e28b28-8514-4db8-860f-ddfca4be9d6f" />
    <UnitTestResult executionId="bd27419e-34dd-4945-b092-226fdccf19be" testId="6e6b50bb-e15d-9947-f68c-994b4e368f58" testName="DeserializeTest_Value ({&quot;Nullable&quot;:null,&quot;Value&quot;:{&quot;$date&quot;:&quot;2023-07-05T14:17:05.2315812-04:00&quot;}},2023-07-05T14:17:05.2315812-04:00)" computerName="LW-18560" duration="00:00:00.0129914" startTime="2023-09-28T23:16:52.6728084-04:00" endTime="2023-09-28T23:16:52.6863835-04:00" testType="13cdc9d9-ddb5-4fa4-a97d-d965ccfc6d4b" outcome="Passed" testListId="8c84fa94-04c1-424b-9868-57a2d4851a1d" relativeResultsDirectory="bd27419e-34dd-4945-b092-226fdccf19be">
      <Output>
        <StdOut>TestContext Messages:&#xD;
input-BsonDateConverterTests_DeserializeTest_Value(79)-638315398126739596.json: Attached&#xD;
result-BsonDateConverterTests_DeserializeTest_Value(81)-638315398126800270.json: Attached</StdOut>
      </Output>
      <ResultFiles>
        <ResultFile path="LW-18560\input-BsonDateConverterTests_DeserializeTest_Value(79)-638315398126739596.json" />
        <ResultFile path="LW-18560\result-BsonDateConverterTests_DeserializeTest_Value(81)-638315398126800270.json" />
      </ResultFiles>
    </UnitTestResult>
    <UnitTestResult executionId="c55f5d4c-98b0-4cd3-8fde-f6993c6c563c" testId="b6498f29-1231-5fcf-4954-1746daa0500d" testName="ExecuteByTest_Filter (Eliassen.System.Tests.Linq.TestTargets.TestTargetModel,Name,EqualTo,*,10,0,1,2,3,4,5,6,7,8,9)" computerName="LW-18560" duration="00:00:00.0463475" startTime="2023-09-28T23:16:45.6334967-04:00" endTime="2023-09-28T23:16:50.4977563-04:00" testType="13cdc9d9-ddb5-4fa4-a97d-d965ccfc6d4b" outcome="Passed" testListId="8c84fa94-04c1-424b-9868-57a2d4851a1d" relativeResultsDirectory="c55f5d4c-98b0-4cd3-8fde-f6993c6c563c">
      <Output>
        <StdOut>Eliassen.System.Internal.ConsoleLogger`1[Eliassen.System.Linq.Search.QueryBuilder]:Information:&gt;&#xD;
	Build query for CurrentPage: 0&#xD;
PageSize: 0&#xD;
ExcludePageCount: False&#xD;
SearchTerm: (null)&#xD;
	F:Name: EqualTo: *&#xD;
&#xD;
Eliassen.System.Internal.ConsoleLogger`1[Eliassen.System.Linq.Search.QueryBuilder]:Information:&gt;&#xD;
	Execute (paged): System.Linq.Enumerable+SelectRangeIterator`1[Eliassen.System.Tests.Linq.TestTargets.TestTargetModel].OrderBy(_ =&gt; 0).Skip(0).Take(10)&#xD;
&#xD;
&#xD;
&#xD;
TestContext Messages:&#xD;
SearchQuery-QueryableExtensionsTests_ExecuteByTestFilter(121)-638315398101682945.json: Attached&#xD;
EnumerableQuery_1-QueryableExtensionsTests_ExecuteByTestFilter(123)-638315398101756721.json: Attached&#xD;
PagedQueryResult_1-QueryableExtensionsTests_ExecuteByTestFilter(125)-638315398102073463.json: Attached&#xD;
resultKeys: 0,1,2,3,4,5,6,7,8,9</StdOut>
        <StdErr>Eliassen.System.Internal.ConsoleLogger`1[Eliassen.System.Linq.Search.QueryBuilder]:Warning:&gt;&#xD;
	No filter mapped for property: Name =&gt; EqualTo: *&#xD;
Eliassen.System.Internal.ConsoleLogger`1[Eliassen.System.Linq.Search.QueryBuilder]:Warning:&gt;&#xD;
	No filtering detected: System.Linq.Enumerable+SelectRangeIterator`1[Eliassen.System.Tests.Linq.TestTargets.TestTargetModel]: CurrentPage: 0&#xD;
PageSize: 0&#xD;
ExcludePageCount: False&#xD;
SearchTerm: (null)&#xD;
	F:Name: EqualTo: *&#xD;
&#xD;
Eliassen.System.Internal.ConsoleLogger`1[Eliassen.System.Linq.Search.SortBuilder`1[Eliassen.System.Tests.Linq.TestTargets.TestTargetModel]]:Warning:&gt;&#xD;
	Force sort by 0 applied for Eliassen.System.Tests.Linq.TestTargets.TestTargetModel</StdErr>
      </Output>
      <ResultFiles>
        <ResultFile path="LW-18560\EnumerableQuery_1-QueryableExtensionsTests_ExecuteByTestFilter(123)-638315398101756721.json" />
        <ResultFile path="LW-18560\PagedQueryResult_1-QueryableExtensionsTests_ExecuteByTestFilter(125)-638315398102073463.json" />
        <ResultFile path="LW-18560\SearchQuery-QueryableExtensionsTests_ExecuteByTestFilter(121)-638315398101682945.json" />
      </ResultFiles>
    </UnitTestResult>
    <UnitTestResult executionId="c501f908-a259-4806-bc0c-a6425e4488ec" testId="b6498f29-1231-5fcf-4954-1746daa0500d" testName="ExecuteByTest_Filter (Eliassen.System.Tests.Linq.TestTargets.TestTargetExtendedModel,May,NotEqualTo,!,10,-1,1,2,4,5,7,8,10,11,13)" computerName="LW-18560" duration="00:00:00.0669475" startTime="2023-09-28T23:16:45.6334967-04:00" endTime="2023-09-28T23:16:50.4977563-04:00" testType="13cdc9d9-ddb5-4fa4-a97d-d965ccfc6d4b" outcome="Passed" testListId="8c84fa94-04c1-424b-9868-57a2d4851a1d" relativeResultsDirectory="c501f908-a259-4806-bc0c-a6425e4488ec">
      <Output>
        <StdOut>Eliassen.System.Internal.ConsoleLogger`1[Eliassen.System.Linq.Search.QueryBuilder]:Information:&gt;&#xD;
	Build query for CurrentPage: 0&#xD;
PageSize: 0&#xD;
ExcludePageCount: False&#xD;
SearchTerm: (null)&#xD;
	F:May: NotEqualTo: !&#xD;
&#xD;
Eliassen.System.Internal.ConsoleLogger`1[Eliassen.System.Linq.Search.QueryBuilder]:Information:&gt;&#xD;
	Execute (paged): System.Linq.Enumerable+SelectRangeIterator`1[Eliassen.System.Tests.Linq.TestTargets.TestTargetExtendedModel].Where(n =&gt; (n.May != "")).OrderBy(_ =&gt; 0).Skip(0).Take(10)&#xD;
&#xD;
&#xD;
&#xD;
TestContext Messages:&#xD;
SearchQuery-QueryableExtensionsTests_ExecuteByTestFilter(121)-638315398104288085.json: Attached&#xD;
EnumerableQuery_1-QueryableExtensionsTests_ExecuteByTestFilter(123)-638315398104344416.json: Attached&#xD;
PagedQueryResult_1-QueryableExtensionsTests_ExecuteByTestFilter(125)-638315398104870339.json: Attached&#xD;
resultKeys: -1,1,2,4,5,7,8,10,11,13</StdOut>
        <StdErr>Eliassen.System.Internal.ConsoleLogger`1[Eliassen.System.Linq.Search.SortBuilder`1[Eliassen.System.Tests.Linq.TestTargets.TestTargetExtendedModel]]:Warning:&gt;&#xD;
	Force sort by 0 applied for Eliassen.System.Tests.Linq.TestTargets.TestTargetExtendedModel</StdErr>
      </Output>
      <ResultFiles>
        <ResultFile path="LW-18560\EnumerableQuery_1-QueryableExtensionsTests_ExecuteByTestFilter(123)-638315398104344416.json" />
        <ResultFile path="LW-18560\PagedQueryResult_1-QueryableExtensionsTests_ExecuteByTestFilter(125)-638315398104870339.json" />
        <ResultFile path="LW-18560\SearchQuery-QueryableExtensionsTests_ExecuteByTestFilter(121)-638315398104288085.json" />
      </ResultFiles>
    </UnitTestResult>
    <UnitTestResult executionId="544973bb-219b-4971-99ea-84c831466465" testId="e350703c-47df-56f0-b995-a52c38b53eca" testName="MakeSafeTest (System.Decimal,1,1)" computerName="LW-18560" duration="00:00:00.0000538" startTime="2023-09-28T23:16:52.1839307-04:00" endTime="2023-09-28T23:16:52.2245807-04:00" testType="13cdc9d9-ddb5-4fa4-a97d-d965ccfc6d4b" outcome="Passed" testListId="8c84fa94-04c1-424b-9868-57a2d4851a1d" relativeResultsDirectory="544973bb-219b-4971-99ea-84c831466465" />
    <UnitTestResult executionId="63803c5c-14cb-4013-996e-784b1dd9cf7a" testId="f90f5d2f-9a6e-b4bc-022c-ce37e3e49a29" testName="GetSortablePropertyNamesTest_TestTargetModel" computerName="LW-18560" duration="00:00:00.0007107" startTime="2023-09-28T23:16:51.7763222-04:00" endTime="2023-09-28T23:16:51.7775688-04:00" testType="13cdc9d9-ddb5-4fa4-a97d-d965ccfc6d4b" outcome="Passed" testListId="8c84fa94-04c1-424b-9868-57a2d4851a1d" relativeResultsDirectory="63803c5c-14cb-4013-996e-784b1dd9cf7a" />
    <UnitTestResult executionId="c2f191bb-15cd-42ec-9aae-0bbc9a3e955a" testId="c32d9ec7-cf3f-0b90-7da7-80e3553b5fe6" testName="GetResourceAsStringAsyncTest" computerName="LW-18560" duration="00:00:00.0204988" startTime="2023-09-28T23:16:52.3020040-04:00" endTime="2023-09-28T23:16:52.3234679-04:00" testType="13cdc9d9-ddb5-4fa4-a97d-d965ccfc6d4b" outcome="Passed" testListId="8c84fa94-04c1-424b-9868-57a2d4851a1d" relativeResultsDirectory="c2f191bb-15cd-42ec-9aae-0bbc9a3e955a" />
    <UnitTestResult executionId="447915cf-8407-4f21-9bd6-55be3e559ec2" testId="8da0fbaf-acd6-9154-0805-f306ce39ad46" testName="SerializeTest_Value" computerName="LW-18560" duration="00:00:00.0108279" startTime="2023-09-28T23:16:52.7100931-04:00" endTime="2023-09-28T23:16:52.7213982-04:00" testType="13cdc9d9-ddb5-4fa4-a97d-d965ccfc6d4b" outcome="Passed" testListId="8c84fa94-04c1-424b-9868-57a2d4851a1d" relativeResultsDirectory="447915cf-8407-4f21-9bd6-55be3e559ec2">
      <Output>
        <StdOut>TestContext Messages:&#xD;
result-BsonDateConverterTests_SerializeTest_Value(48)-638315398127122309.json: Attached&#xD;
2023-09-28T23:16:52.7121021-04:00</StdOut>
      </Output>
      <ResultFiles>
        <ResultFile path="LW-18560\result-BsonDateConverterTests_SerializeTest_Value(48)-638315398127122309.json" />
      </ResultFiles>
    </UnitTestResult>
    <UnitTestResult executionId="afa3bdbe-9fb8-4210-bbda-7894c2f22ab1" testId="e350703c-47df-56f0-b995-a52c38b53eca" testName="MakeSafeTest (System.String,Hello World,Hello World)" computerName="LW-18560" duration="00:00:00.0006691" startTime="2023-09-28T23:16:52.1839307-04:00" endTime="2023-09-28T23:16:52.2245807-04:00" testType="13cdc9d9-ddb5-4fa4-a97d-d965ccfc6d4b" outcome="Passed" testListId="8c84fa94-04c1-424b-9868-57a2d4851a1d" relativeResultsDirectory="afa3bdbe-9fb8-4210-bbda-7894c2f22ab1" />
    <UnitTestResult executionId="2925a1ac-a99e-45a2-a4fd-98e178b828f7" testId="b08bb3d7-5d34-672a-c457-8e6d2e3c115a" testName="VisitTest_Equals (Hello,HeLlO,True)" computerName="LW-18560" duration="00:00:00.0050143" startTime="2023-09-28T23:16:51.9179770-04:00" endTime="2023-09-28T23:16:51.9235923-04:00" testType="13cdc9d9-ddb5-4fa4-a97d-d965ccfc6d4b" outcome="Passed" testListId="8c84fa94-04c1-424b-9868-57a2d4851a1d" relativeResultsDirectory="2925a1ac-a99e-45a2-a4fd-98e178b828f7">
      <Output>
        <StdOut>Eliassen.System.Internal.ConsoleLogger`1[Eliassen.System.Linq.Expressions.StringComparisonReplacementExpressionVisitor]:Debug:&gt;&#xD;
	Replace: e.Equals(value(Eliassen.System.Tests.Linq.Expressions.StringComparisonReplacementExpressionVisitorTests+&lt;&gt;c__DisplayClass5_0).matched) with e.Equals(value(Eliassen.System.Tests.Linq.Expressions.StringComparisonReplacementExpressionVisitorTests+&lt;&gt;c__DisplayClass5_0).matched, CurrentCultureIgnoreCase)&#xD;
&#xD;
&#xD;
&#xD;
TestContext Messages:&#xD;
expression: e =&gt; e.Equals(value(Eliassen.System.Tests.Linq.Expressions.StringComparisonReplacementExpressionVisitorTests+&lt;&gt;c__DisplayClass5_0).matched)&#xD;
visited: e =&gt; e.Equals(value(Eliassen.System.Tests.Linq.Expressions.StringComparisonReplacementExpressionVisitorTests+&lt;&gt;c__DisplayClass5_0).matched, CurrentCultureIgnoreCase)</StdOut>
      </Output>
    </UnitTestResult>
    <UnitTestResult executionId="9b90ef99-6480-4df5-9f02-49a5d42d4119" testId="09f85366-159b-5dce-cdaa-bbbd3e98347c" testName="GetTestDataAsyncTest_Stream" computerName="LW-18560" duration="00:00:00.0147399" startTime="2023-09-28T23:16:47.4830725-04:00" endTime="2023-09-28T23:16:47.4984860-04:00" testType="13cdc9d9-ddb5-4fa4-a97d-d965ccfc6d4b" outcome="Passed" testListId="8c84fa94-04c1-424b-9868-57a2d4851a1d" relativeResultsDirectory="9b90ef99-6480-4df5-9f02-49a5d42d4119" />
    <UnitTestResult executionId="ae7cece6-761e-4aff-a447-e1c4b964c5aa" testId="79594eae-82c5-8868-ff27-66d8213d57a5" testName="ToEnumTest (Val2,Val1,Val1, Val2)" computerName="LW-18560" duration="00:00:00.0090420" startTime="2023-09-28T23:16:52.0621020-04:00" endTime="2023-09-28T23:16:52.0718464-04:00" testType="13cdc9d9-ddb5-4fa4-a97d-d965ccfc6d4b" outcome="Passed" testListId="8c84fa94-04c1-424b-9868-57a2d4851a1d" relativeResultsDirectory="ae7cece6-761e-4aff-a447-e1c4b964c5aa" />
    <UnitTestResult executionId="57151bb7-577f-459e-b3d3-e8ebe1b86dc0" testId="419ef0dc-c4eb-bdc4-db64-68fe0fa43397" testName="AddResultTest_Object" computerName="LW-18560" duration="00:00:00.0214565" startTime="2023-09-28T23:16:45.7429521-04:00" endTime="2023-09-28T23:16:45.7648917-04:00" testType="13cdc9d9-ddb5-4fa4-a97d-d965ccfc6d4b" outcome="Passed" testListId="8c84fa94-04c1-424b-9868-57a2d4851a1d" relativeResultsDirectory="57151bb7-577f-459e-b3d3-e8ebe1b86dc0">
      <Output>
        <StdOut>TestContext Messages:&#xD;
TestData-TextContextExtensionsTests_AddResultTest_Object(30)-638315398057441751.json: Attached</StdOut>
      </Output>
      <ResultFiles>
        <ResultFile path="LW-18560\TestData-TextContextExtensionsTests_AddResultTest_Object(30)-638315398057441751.json" />
      </ResultFiles>
    </UnitTestResult>
    <UnitTestResult executionId="b5d19daa-9beb-4334-beb5-e30800540d66" testId="9576cb6d-ffa5-4a23-9c7a-c5c6b213d46b" testName="GetResourceStreamTest_NotFound" computerName="LW-18560" duration="00:00:00.0012314" startTime="2023-09-28T23:16:52.5314664-04:00" endTime="2023-09-28T23:16:52.5331890-04:00" testType="13cdc9d9-ddb5-4fa4-a97d-d965ccfc6d4b" outcome="Passed" testListId="8c84fa94-04c1-424b-9868-57a2d4851a1d" relativeResultsDirectory="b5d19daa-9beb-4334-beb5-e30800540d66" />
    <UnitTestResult executionId="af59609f-6499-459b-8b69-ff25f1c6e526" testId="cc0546c7-1329-1cac-c119-b7e8dee57c88" testName="DeserializeTest_Nullable ({&quot;Nullable&quot;:null,&quot;Value&quot;:{&quot;$date&quot;:&quot;2023-07-05T14:17:05.2315812-04:00&quot;}},)" computerName="LW-18560" duration="00:00:00.0140012" startTime="2023-09-28T23:16:52.6300905-04:00" endTime="2023-09-28T23:16:52.6448597-04:00" testType="13cdc9d9-ddb5-4fa4-a97d-d965ccfc6d4b" outcome="Passed" testListId="8c84fa94-04c1-424b-9868-57a2d4851a1d" relativeResultsDirectory="af59609f-6499-459b-8b69-ff25f1c6e526">
      <Output>
        <StdOut>TestContext Messages:&#xD;
input-BsonDateConverterTests_DeserializeTest_Nullable(65)-638315398126318043.json: Attached&#xD;
result-BsonDateConverterTests_DeserializeTest_Nullable(67)-638315398126380902.json: Attached</StdOut>
      </Output>
      <ResultFiles>
        <ResultFile path="LW-18560\input-BsonDateConverterTests_DeserializeTest_Nullable(65)-638315398126318043.json" />
        <ResultFile path="LW-18560\result-BsonDateConverterTests_DeserializeTest_Nullable(67)-638315398126380902.json" />
      </ResultFiles>
    </UnitTestResult>
    <UnitTestResult executionId="7e076878-5b2d-418c-a9d3-bc27f1804656" testId="35da343a-5826-ac4c-688a-c2bbf7572a30" testName="AddResultTest_ValueOutFile" computerName="LW-18560" duration="00:00:00.1017722" startTime="2023-09-28T23:16:45.9926543-04:00" endTime="2023-09-28T23:16:46.0950352-04:00" testType="13cdc9d9-ddb5-4fa4-a97d-d965ccfc6d4b" outcome="Passed" testListId="8c84fa94-04c1-424b-9868-57a2d4851a1d" relativeResultsDirectory="7e076878-5b2d-418c-a9d3-bc27f1804656">
      <Output>
        <StdOut>TestContext Messages:&#xD;
TestData-TextContextExtensionsTests_AddResultTest_ValueOutFile(210)-638315398059937339.json: Attached&#xD;
D:\Repos\Nu2\NetApi\TestResults\Deploy_MWhited 20230928T231644\In\LW-18560\TestData-TextContextExtensionsTests_AddResultTest_ValueOutFile(210)-638315398059937339.json</StdOut>
      </Output>
      <ResultFiles>
        <ResultFile path="LW-18560\TestData-TextContextExtensionsTests_AddResultTest_ValueOutFile(210)-638315398059937339.json" />
      </ResultFiles>
    </UnitTestResult>
    <UnitTestResult executionId="1caf117d-4ed5-4994-9967-9ae71dbc567d" testId="ff5e63bc-e265-cd61-62ff-c43bc25f73c7" testName="ToEnumTest (name,WithEnumValue)" computerName="LW-18560" duration="00:00:00.0028006" startTime="2023-09-28T23:16:52.1106681-04:00" endTime="2023-09-28T23:16:52.1140964-04:00" testType="13cdc9d9-ddb5-4fa4-a97d-d965ccfc6d4b" outcome="Passed" testListId="8c84fa94-04c1-424b-9868-57a2d4851a1d" relativeResultsDirectory="1caf117d-4ed5-4994-9967-9ae71dbc567d" />
    <UnitTestResult executionId="47d2e83b-ff75-46fc-af3f-2cf7d7fe9eaa" testId="5745a05f-6078-14a6-d124-e23b5e51504a" testName="GetResourceStreamTest" computerName="LW-18560" duration="00:00:00.0005166" startTime="2023-09-28T23:16:52.5214699-04:00" endTime="2023-09-28T23:16:52.5225196-04:00" testType="13cdc9d9-ddb5-4fa4-a97d-d965ccfc6d4b" outcome="Passed" testListId="8c84fa94-04c1-424b-9868-57a2d4851a1d" relativeResultsDirectory="47d2e83b-ff75-46fc-af3f-2cf7d7fe9eaa" />
    <UnitTestResult executionId="fd4cf47c-9256-45ec-b866-33844e5bcfd2" testId="e350703c-47df-56f0-b995-a52c38b53eca" testName="MakeSafeTest (System.Nullable`1[System.Double],1,1)" computerName="LW-18560" duration="00:00:00.0007370" startTime="2023-09-28T23:16:52.1839307-04:00" endTime="2023-09-28T23:16:52.2245807-04:00" testType="13cdc9d9-ddb5-4fa4-a97d-d965ccfc6d4b" outcome="Passed" testListId="8c84fa94-04c1-424b-9868-57a2d4851a1d" relativeResultsDirectory="fd4cf47c-9256-45ec-b866-33844e5bcfd2" />
    <UnitTestResult executionId="f6f051e4-5b10-4f8d-b522-b379375fe942" testId="8c5dd4cc-5466-254a-f980-babcc7138b14" testName="ToEnumTest (1,Val1)" computerName="LW-18560" duration="00:00:00.0000464" startTime="2023-09-28T23:16:52.0982157-04:00" endTime="2023-09-28T23:16:52.0988752-04:00" testType="13cdc9d9-ddb5-4fa4-a97d-d965ccfc6d4b" outcome="Passed" testListId="8c84fa94-04c1-424b-9868-57a2d4851a1d" relativeResultsDirectory="f6f051e4-5b10-4f8d-b522-b379375fe942" />
    <UnitTestResult executionId="38f4b7f0-8c65-42ca-bbcf-a57eb09f2900" testId="7cdd2ae3-f105-0db6-4f1d-4db0ed6728a3" testName="DefaultPageSizeTest" computerName="LW-18560" duration="00:00:00.0124902" startTime="2023-09-28T23:16:45.3743290-04:00" endTime="2023-09-28T23:16:45.5856522-04:00" testType="13cdc9d9-ddb5-4fa4-a97d-d965ccfc6d4b" outcome="Passed" testListId="8c84fa94-04c1-424b-9868-57a2d4851a1d" relativeResultsDirectory="38f4b7f0-8c65-42ca-bbcf-a57eb09f2900" />
    <UnitTestResult executionId="a1801192-5e9f-41f8-bee0-6ee07e24f24a" testId="e350703c-47df-56f0-b995-a52c38b53eca" testName="MakeSafeTest (System.String,1,1)" computerName="LW-18560" duration="00:00:00.0007798" startTime="2023-09-28T23:16:52.1839307-04:00" endTime="2023-09-28T23:16:52.2245807-04:00" testType="13cdc9d9-ddb5-4fa4-a97d-d965ccfc6d4b" outcome="Passed" testListId="8c84fa94-04c1-424b-9868-57a2d4851a1d" relativeResultsDirectory="a1801192-5e9f-41f8-bee0-6ee07e24f24a" />
    <UnitTestResult executionId="04974b9f-e393-4257-a11a-2d5cc68268ca" testId="f5306a38-7e9d-ad71-73c6-1c694342dc21" testName="ExecuteByTest_SearchTerm (Eliassen.System.Tests.Linq.TestTargets.TestTargetExtendedModel,FName0999 LName0001,1,1,1,1)" computerName="LW-18560" duration="00:00:00.0971878" startTime="2023-09-28T23:16:51.1178705-04:00" endTime="2023-09-28T23:16:51.5240640-04:00" testType="13cdc9d9-ddb5-4fa4-a97d-d965ccfc6d4b" outcome="Passed" testListId="8c84fa94-04c1-424b-9868-57a2d4851a1d" relativeResultsDirectory="04974b9f-e393-4257-a11a-2d5cc68268ca">
      <Output>
        <StdOut>Eliassen.System.Internal.ConsoleLogger`1[Eliassen.System.Linq.Search.QueryBuilder]:Information:&gt;&#xD;
	Build query for SearchQuery { CurrentPage = 0, PageSize = 0, ExcludePageCount = False, SearchTerm = FName0999 LName0001, Filter = System.Collections.Generic.Dictionary`2[System.String,Eliassen.System.Linq.Search.FilterParameter], OrderBy = System.Collections.Generic.Dictionary`2[System.String,Eliassen.System.Linq.Search.OrderDirections] }&#xD;
Eliassen.System.Internal.ConsoleLogger`1[Eliassen.System.Linq.Search.QueryBuilder]:Debug:&gt;&#xD;
	Visited by: Eliassen.System.Linq.Expressions.SkipInstanceMethodOnNullExpressionVisitor&#xD;
Eliassen.System.Internal.ConsoleLogger`1[Eliassen.System.Linq.Search.QueryBuilder]:Information:&gt;&#xD;
	Execute (paged): System.Linq.Enumerable+SelectRangeIterator`1[Eliassen.System.Tests.Linq.TestTargets.TestTargetExtendedModel].Where(n =&gt; (((((((((n.FName + " ") + n.LName) != null) AndAlso ((n.FName + " ") + n.LName).Equals("FName0999 LName0001")) OrElse ((((n.LName + " ") + n.FName) != null) AndAlso ((n.LName + " ") + n.FName).Equals("FName0999 LName0001"))) OrElse ((n.FName != null) AndAlso n.FName.Equals("FName0999 LName0001"))) OrElse ((n.LName != null) AndAlso n.LName.Equals("FName0999 LName0001"))) OrElse ((n.Email != null) AndAlso n.Email.Equals("FName0999 LName0001"))) OrElse ((n.May != null) AndAlso n.May.Equals("FName0999 LName0001")))).OrderBy(_ =&gt; 0).Skip(0).Take(10)&#xD;
&#xD;
&#xD;
&#xD;
TestContext Messages:&#xD;
SearchQuery_1-QueryableExtensionsTests_ExecuteByTestSearchTerm(192)-638315398114272909.json: Attached&#xD;
EnumerableQuery_1-QueryableExtensionsTests_ExecuteByTestSearchTerm(194)-638315398114351129.json: Attached&#xD;
PagedQueryResult_1-QueryableExtensionsTests_ExecuteByTestSearchTerm(196)-638315398115146007.json: Attached&#xD;
resultKeys: 1</StdOut>
        <StdErr>Eliassen.System.Internal.ConsoleLogger`1[Eliassen.System.Linq.Search.SortBuilder`1[Eliassen.System.Tests.Linq.TestTargets.TestTargetExtendedModel]]:Warning:&gt;&#xD;
	Force sort by 0 applied for Eliassen.System.Tests.Linq.TestTargets.TestTargetExtendedModel</StdErr>
      </Output>
      <ResultFiles>
        <ResultFile path="LW-18560\EnumerableQuery_1-QueryableExtensionsTests_ExecuteByTestSearchTerm(194)-638315398114351129.json" />
        <ResultFile path="LW-18560\PagedQueryResult_1-QueryableExtensionsTests_ExecuteByTestSearchTerm(196)-638315398115146007.json" />
        <ResultFile path="LW-18560\SearchQuery_1-QueryableExtensionsTests_ExecuteByTestSearchTerm(192)-638315398114272909.json" />
      </ResultFiles>
    </UnitTestResult>
    <UnitTestResult executionId="d9bce1cb-b9c4-4290-924e-c9c53abee876" testId="b6498f29-1231-5fcf-4954-1746daa0500d" testName="ExecuteByTest_Filter (Eliassen.System.Tests.Linq.TestTargets.TestTargetExtendedModel,FC,EqualTo,ame1,2,-1,0)" computerName="LW-18560" duration="00:00:00.0758823" startTime="2023-09-28T23:16:45.6334967-04:00" endTime="2023-09-28T23:16:50.4977563-04:00" testType="13cdc9d9-ddb5-4fa4-a97d-d965ccfc6d4b" outcome="Passed" testListId="8c84fa94-04c1-424b-9868-57a2d4851a1d" relativeResultsDirectory="d9bce1cb-b9c4-4290-924e-c9c53abee876">
      <Output>
        <StdOut>Eliassen.System.Internal.ConsoleLogger`1[Eliassen.System.Linq.Search.QueryBuilder]:Information:&gt;&#xD;
	Build query for CurrentPage: 0&#xD;
PageSize: 0&#xD;
ExcludePageCount: False&#xD;
SearchTerm: (null)&#xD;
	F:FC: EqualTo: ame1&#xD;
&#xD;
Eliassen.System.Internal.ConsoleLogger`1[Eliassen.System.Linq.Search.QueryBuilder]:Information:&gt;&#xD;
	Execute (paged): System.Linq.Enumerable+SelectRangeIterator`1[Eliassen.System.Tests.Linq.TestTargets.TestTargetExtendedModel].Where(e =&gt; e.FName.Contains(value(Eliassen.System.Tests.Linq.TestTargets.TestTargetExtendedModel+&lt;&gt;c__DisplayClass38_0).value.ToString())).OrderBy(_ =&gt; 0).Skip(0).Take(10)&#xD;
&#xD;
&#xD;
&#xD;
TestContext Messages:&#xD;
SearchQuery-QueryableExtensionsTests_ExecuteByTestFilter(121)-638315398097254492.json: Attached&#xD;
EnumerableQuery_1-QueryableExtensionsTests_ExecuteByTestFilter(123)-638315398097318577.json: Attached&#xD;
PagedQueryResult_1-QueryableExtensionsTests_ExecuteByTestFilter(125)-638315398097910524.json: Attached&#xD;
resultKeys: -1,0</StdOut>
        <StdErr>Eliassen.System.Internal.ConsoleLogger`1[Eliassen.System.Linq.Search.SortBuilder`1[Eliassen.System.Tests.Linq.TestTargets.TestTargetExtendedModel]]:Warning:&gt;&#xD;
	Force sort by 0 applied for Eliassen.System.Tests.Linq.TestTargets.TestTargetExtendedModel</StdErr>
      </Output>
      <ResultFiles>
        <ResultFile path="LW-18560\EnumerableQuery_1-QueryableExtensionsTests_ExecuteByTestFilter(123)-638315398097318577.json" />
        <ResultFile path="LW-18560\PagedQueryResult_1-QueryableExtensionsTests_ExecuteByTestFilter(125)-638315398097910524.json" />
        <ResultFile path="LW-18560\SearchQuery-QueryableExtensionsTests_ExecuteByTestFilter(121)-638315398097254492.json" />
      </ResultFiles>
    </UnitTestResult>
    <UnitTestResult executionId="1aceacea-b065-41b4-8542-f6f40e6cae44" testId="b4c47767-5870-8ecb-8f73-4513bf3ab993" testName="ExecuteByTest_Sort (NAME,Descending,999,998,997,996,995,994,993,992,991,990)" computerName="LW-18560" duration="00:00:00.0278055" startTime="2023-09-28T23:16:51.6450009-04:00" endTime="2023-09-28T23:16:51.6737634-04:00" testType="13cdc9d9-ddb5-4fa4-a97d-d965ccfc6d4b" outcome="Passed" testListId="8c84fa94-04c1-424b-9868-57a2d4851a1d" relativeResultsDirectory="1aceacea-b065-41b4-8542-f6f40e6cae44">
      <Output>
        <StdOut>Eliassen.System.Internal.ConsoleLogger`1[Eliassen.System.Linq.Search.QueryBuilder]:Information:&gt;&#xD;
	Build query for CurrentPage: 0&#xD;
PageSize: 0&#xD;
ExcludePageCount: False&#xD;
SearchTerm: (null)&#xD;
	S:NAME: Descending&#xD;
&#xD;
Eliassen.System.Internal.ConsoleLogger`1[Eliassen.System.Linq.Search.QueryBuilder]:Information:&gt;&#xD;
	Execute (paged): System.Linq.Enumerable+SelectRangeIterator`1[Eliassen.System.Tests.Linq.TestTargets.TestTargetModel].OrderByDescending(n =&gt; n.Name).Skip(0).Take(10)&#xD;
&#xD;
&#xD;
&#xD;
TestContext Messages:&#xD;
SearchQuery-QueryableExtensionsTests_ExecuteByTest_Sort(266)-638315398116457411.json: Attached&#xD;
PagedQueryResult_1-QueryableExtensionsTests_ExecuteByTest_Sort(268)-638315398116660484.json: Attached</StdOut>
        <StdErr>Eliassen.System.Internal.ConsoleLogger`1[Eliassen.System.Linq.Search.QueryBuilder]:Warning:&gt;&#xD;
	No filtering detected: System.Linq.Enumerable+SelectRangeIterator`1[Eliassen.System.Tests.Linq.TestTargets.TestTargetModel]: CurrentPage: 0&#xD;
PageSize: 0&#xD;
ExcludePageCount: False&#xD;
SearchTerm: (null)&#xD;
	S:NAME: Descending</StdErr>
      </Output>
      <ResultFiles>
        <ResultFile path="LW-18560\PagedQueryResult_1-QueryableExtensionsTests_ExecuteByTest_Sort(268)-638315398116660484.json" />
        <ResultFile path="LW-18560\SearchQuery-QueryableExtensionsTests_ExecuteByTest_Sort(266)-638315398116457411.json" />
      </ResultFiles>
    </UnitTestResult>
    <UnitTestResult executionId="afa7a0a7-9696-4b62-927a-216692062b54" testId="f155f6c0-fb32-2108-c6a4-e7372ec029e0" testName="ToEnumTest (3,Val1, Val2)" computerName="LW-18560" duration="00:00:00.0000466" startTime="2023-09-28T23:16:52.1048819-04:00" endTime="2023-09-28T23:16:52.1055763-04:00" testType="13cdc9d9-ddb5-4fa4-a97d-d965ccfc6d4b" outcome="Passed" testListId="8c84fa94-04c1-424b-9868-57a2d4851a1d" relativeResultsDirectory="afa7a0a7-9696-4b62-927a-216692062b54" />
    <UnitTestResult executionId="d93bba72-3484-405e-ba95-f7aa45a341d1" testId="48ed8779-80f1-56a2-6e59-32b682b76d36" testName="ToEnumTest (-1,-1)" computerName="LW-18560" duration="00:00:00.0000588" startTime="2023-09-28T23:16:52.0888909-04:00" endTime="2023-09-28T23:16:52.0920036-04:00" testType="13cdc9d9-ddb5-4fa4-a97d-d965ccfc6d4b" outcome="Passed" testListId="8c84fa94-04c1-424b-9868-57a2d4851a1d" relativeResultsDirectory="d93bba72-3484-405e-ba95-f7aa45a341d1" />
    <UnitTestResult executionId="d6603f53-414c-469b-9b22-fb88a0a03c5b" testId="67b6a854-1fe4-5528-77d6-501bd90b9a20" testName="GetShortTypeNameTests (System.String,System.String, System.Private.CoreLib)" computerName="LW-18560" duration="00:00:00.0024779" startTime="2023-09-28T23:16:52.1552304-04:00" endTime="2023-09-28T23:16:52.1621316-04:00" testType="13cdc9d9-ddb5-4fa4-a97d-d965ccfc6d4b" outcome="Passed" testListId="8c84fa94-04c1-424b-9868-57a2d4851a1d" relativeResultsDirectory="d6603f53-414c-469b-9b22-fb88a0a03c5b" />
    <UnitTestResult executionId="3430eb2d-51ee-4518-a48d-f2605b171236" testId="e350703c-47df-56f0-b995-a52c38b53eca" testName="MakeSafeTest (System.Nullable`1[System.AttributeTargets],Enum,Enum)" computerName="LW-18560" duration="00:00:00.0001187" startTime="2023-09-28T23:16:52.1839307-04:00" endTime="2023-09-28T23:16:52.2245807-04:00" testType="13cdc9d9-ddb5-4fa4-a97d-d965ccfc6d4b" outcome="Passed" testListId="8c84fa94-04c1-424b-9868-57a2d4851a1d" relativeResultsDirectory="3430eb2d-51ee-4518-a48d-f2605b171236" />
    <UnitTestResult executionId="52f8669f-fdd4-4f59-9d7b-e702d90e2d78" testId="3da7e5a6-9ecd-4155-2d2b-bd809533bab0" testName="VisitTest_Contains (Hello,eL,True)" computerName="LW-18560" duration="00:00:00.0189961" startTime="2023-09-28T23:16:51.8179419-04:00" endTime="2023-09-28T23:16:51.8380236-04:00" testType="13cdc9d9-ddb5-4fa4-a97d-d965ccfc6d4b" outcome="Passed" testListId="8c84fa94-04c1-424b-9868-57a2d4851a1d" relativeResultsDirectory="52f8669f-fdd4-4f59-9d7b-e702d90e2d78">
      <Output>
        <StdOut>Eliassen.System.Internal.ConsoleLogger`1[Eliassen.System.Linq.Expressions.StringComparisonReplacementExpressionVisitor]:Debug:&gt;&#xD;
	Replace: e.Contains(value(Eliassen.System.Tests.Linq.Expressions.StringComparisonReplacementExpressionVisitorTests+&lt;&gt;c__DisplayClass6_0).matched) with e.Contains(value(Eliassen.System.Tests.Linq.Expressions.StringComparisonReplacementExpressionVisitorTests+&lt;&gt;c__DisplayClass6_0).matched, CurrentCultureIgnoreCase)&#xD;
&#xD;
&#xD;
&#xD;
TestContext Messages:&#xD;
expression: e =&gt; e.Contains(value(Eliassen.System.Tests.Linq.Expressions.StringComparisonReplacementExpressionVisitorTests+&lt;&gt;c__DisplayClass6_0).matched)&#xD;
visited: e =&gt; e.Contains(value(Eliassen.System.Tests.Linq.Expressions.StringComparisonReplacementExpressionVisitorTests+&lt;&gt;c__DisplayClass6_0).matched, CurrentCultureIgnoreCase)</StdOut>
      </Output>
    </UnitTestResult>
    <UnitTestResult executionId="4029fe46-4e7a-42e2-bc23-ae8646005b95" testId="6cc20714-42d5-4095-4855-f0359aa8ddcb" testName="VisitTest_Contains (Hello,el,True)" computerName="LW-18560" duration="00:00:00.0013313" startTime="2023-09-28T23:16:51.8527846-04:00" endTime="2023-09-28T23:16:51.8546769-04:00" testType="13cdc9d9-ddb5-4fa4-a97d-d965ccfc6d4b" outcome="Passed" testListId="8c84fa94-04c1-424b-9868-57a2d4851a1d" relativeResultsDirectory="4029fe46-4e7a-42e2-bc23-ae8646005b95">
      <Output>
        <StdOut>Eliassen.System.Internal.ConsoleLogger`1[Eliassen.System.Linq.Expressions.StringComparisonReplacementExpressionVisitor]:Debug:&gt;&#xD;
	Replace: e.Contains(value(Eliassen.System.Tests.Linq.Expressions.StringComparisonReplacementExpressionVisitorTests+&lt;&gt;c__DisplayClass6_0).matched) with e.Contains(value(Eliassen.System.Tests.Linq.Expressions.StringComparisonReplacementExpressionVisitorTests+&lt;&gt;c__DisplayClass6_0).matched, CurrentCultureIgnoreCase)&#xD;
&#xD;
&#xD;
&#xD;
TestContext Messages:&#xD;
expression: e =&gt; e.Contains(value(Eliassen.System.Tests.Linq.Expressions.StringComparisonReplacementExpressionVisitorTests+&lt;&gt;c__DisplayClass6_0).matched)&#xD;
visited: e =&gt; e.Contains(value(Eliassen.System.Tests.Linq.Expressions.StringComparisonReplacementExpressionVisitorTests+&lt;&gt;c__DisplayClass6_0).matched, CurrentCultureIgnoreCase)</StdOut>
      </Output>
    </UnitTestResult>
    <UnitTestResult executionId="413809db-fce2-4390-b0e7-3222f9277c4c" testId="e350703c-47df-56f0-b995-a52c38b53eca" testName="MakeSafeTest (System.Byte[],QUJD,System.Byte[])" computerName="LW-18560" duration="00:00:00.0005600" startTime="2023-09-28T23:16:52.1839307-04:00" endTime="2023-09-28T23:16:52.2245807-04:00" testType="13cdc9d9-ddb5-4fa4-a97d-d965ccfc6d4b" outcome="Passed" testListId="8c84fa94-04c1-424b-9868-57a2d4851a1d" relativeResultsDirectory="413809db-fce2-4390-b0e7-3222f9277c4c" />
    <UnitTestResult executionId="dc69f9e4-1163-4736-8740-47d1b8d80596" testId="002081e5-457a-cb3a-fcfa-a07fcccc9fb3" testName="VisitTest_EndsWith (Hello,lo,True)" computerName="LW-18560" duration="00:00:00.0057412" startTime="2023-09-28T23:16:51.8631219-04:00" endTime="2023-09-28T23:16:51.8694682-04:00" testType="13cdc9d9-ddb5-4fa4-a97d-d965ccfc6d4b" outcome="Passed" testListId="8c84fa94-04c1-424b-9868-57a2d4851a1d" relativeResultsDirectory="dc69f9e4-1163-4736-8740-47d1b8d80596">
      <Output>
        <StdOut>Eliassen.System.Internal.ConsoleLogger`1[Eliassen.System.Linq.Expressions.StringComparisonReplacementExpressionVisitor]:Debug:&gt;&#xD;
	Replace: e.EndsWith(value(Eliassen.System.Tests.Linq.Expressions.StringComparisonReplacementExpressionVisitorTests+&lt;&gt;c__DisplayClass8_0).matched) with e.EndsWith(value(Eliassen.System.Tests.Linq.Expressions.StringComparisonReplacementExpressionVisitorTests+&lt;&gt;c__DisplayClass8_0).matched, CurrentCultureIgnoreCase)&#xD;
&#xD;
&#xD;
&#xD;
TestContext Messages:&#xD;
expression: e =&gt; e.EndsWith(value(Eliassen.System.Tests.Linq.Expressions.StringComparisonReplacementExpressionVisitorTests+&lt;&gt;c__DisplayClass8_0).matched)&#xD;
visited: e =&gt; e.EndsWith(value(Eliassen.System.Tests.Linq.Expressions.StringComparisonReplacementExpressionVisitorTests+&lt;&gt;c__DisplayClass8_0).matched, CurrentCultureIgnoreCase)</StdOut>
      </Output>
    </UnitTestResult>
    <UnitTestResult executionId="c380eed2-ba13-463d-b495-9866cf9dc369" testId="5bb4fd62-5d31-f92e-3aec-4b3c222ba16c" testName="GetTestDataAsyncTest_String" computerName="LW-18560" duration="00:00:00.0162638" startTime="2023-09-28T23:16:47.5034634-04:00" endTime="2023-09-28T23:16:47.5204828-04:00" testType="13cdc9d9-ddb5-4fa4-a97d-d965ccfc6d4b" outcome="Passed" testListId="8c84fa94-04c1-424b-9868-57a2d4851a1d" relativeResultsDirectory="c380eed2-ba13-463d-b495-9866cf9dc369" />
    <UnitTestResult executionId="d00b4060-cd39-4282-933a-0a1f4c2ef500" testId="fb038f83-1c65-fe22-644b-40b63f6a9b5c" testName="ExecuteByTest_Page (0,0,100,1000,0,10,0,1,2,3,4,5,6,7,8,9)" computerName="LW-18560" duration="00:00:00.0829269" startTime="2023-09-28T23:16:50.9414494-04:00" endTime="2023-09-28T23:16:51.0251537-04:00" testType="13cdc9d9-ddb5-4fa4-a97d-d965ccfc6d4b" outcome="Passed" testListId="8c84fa94-04c1-424b-9868-57a2d4851a1d" relativeResultsDirectory="d00b4060-cd39-4282-933a-0a1f4c2ef500">
      <Output>
        <StdOut>Eliassen.System.Internal.ConsoleLogger`1[Eliassen.System.Linq.Search.QueryBuilder]:Information:&gt;&#xD;
	Build query for CurrentPage: 0&#xD;
PageSize: 0&#xD;
ExcludePageCount: False&#xD;
SearchTerm: (null)&#xD;
&#xD;
Eliassen.System.Internal.ConsoleLogger`1[Eliassen.System.Linq.Search.QueryBuilder]:Information:&gt;&#xD;
	Execute (paged): System.Linq.Enumerable+SelectRangeIterator`1[Eliassen.System.Tests.Linq.TestTargets.TestTargetModel].OrderBy(_ =&gt; 0).Skip(0).Take(10)&#xD;
&#xD;
&#xD;
&#xD;
TestContext Messages:&#xD;
SearchQuery-QueryableExtensionsTests_ExecuteByTest_Page(222)-638315398109421421.json: Attached&#xD;
EnumerableQuery_1-QueryableExtensionsTests_ExecuteByTest_Page(224)-638315398109483190.json: Attached&#xD;
PagedQueryResult_1-QueryableExtensionsTests_ExecuteByTest_Page(226)-638315398109923606.json: Attached&#xD;
resultKeys: 0,1,2,3,4,5,6,7,8,9</StdOut>
        <StdErr>Eliassen.System.Internal.ConsoleLogger`1[Eliassen.System.Linq.Search.QueryBuilder]:Warning:&gt;&#xD;
	No filtering detected: System.Linq.Enumerable+SelectRangeIterator`1[Eliassen.System.Tests.Linq.TestTargets.TestTargetModel]: CurrentPage: 0&#xD;
PageSize: 0&#xD;
ExcludePageCount: False&#xD;
SearchTerm: (null)&#xD;
&#xD;
Eliassen.System.Internal.ConsoleLogger`1[Eliassen.System.Linq.Search.SortBuilder`1[Eliassen.System.Tests.Linq.TestTargets.TestTargetModel]]:Warning:&gt;&#xD;
	Force sort by 0 applied for Eliassen.System.Tests.Linq.TestTargets.TestTargetModel</StdErr>
      </Output>
      <ResultFiles>
        <ResultFile path="LW-18560\EnumerableQuery_1-QueryableExtensionsTests_ExecuteByTest_Page(224)-638315398109483190.json" />
        <ResultFile path="LW-18560\PagedQueryResult_1-QueryableExtensionsTests_ExecuteByTest_Page(226)-638315398109923606.json" />
        <ResultFile path="LW-18560\SearchQuery-QueryableExtensionsTests_ExecuteByTest_Page(222)-638315398109421421.json" />
      </ResultFiles>
    </UnitTestResult>
    <UnitTestResult executionId="860ba6c5-d650-49c5-8f3a-3ca60b9cc339" testId="0cc4eb6e-1272-c5ec-9f29-47d8f418e2d9" testName="ToEnumTest (Val2|Val1,Val1, Val2)" computerName="LW-18560" duration="00:00:00.0000451" startTime="2023-09-28T23:16:52.0809619-04:00" endTime="2023-09-28T23:16:52.0815830-04:00" testType="13cdc9d9-ddb5-4fa4-a97d-d965ccfc6d4b" outcome="Passed" testListId="8c84fa94-04c1-424b-9868-57a2d4851a1d" relativeResultsDirectory="860ba6c5-d650-49c5-8f3a-3ca60b9cc339" />
    <UnitTestResult executionId="c8594f39-c37f-43fd-9189-923543c29e1a" testId="f5306a38-7e9d-ad71-73c6-1c694342dc21" testName="ExecuteByTest_SearchTerm (Eliassen.System.Tests.Linq.TestTargets.TestTargetModel,Name3,1,1,1,3)" computerName="LW-18560" duration="00:00:00.1299868" startTime="2023-09-28T23:16:51.1178705-04:00" endTime="2023-09-28T23:16:51.5240640-04:00" testType="13cdc9d9-ddb5-4fa4-a97d-d965ccfc6d4b" outcome="Passed" testListId="8c84fa94-04c1-424b-9868-57a2d4851a1d" relativeResultsDirectory="c8594f39-c37f-43fd-9189-923543c29e1a">
      <Output>
        <StdOut>Eliassen.System.Internal.ConsoleLogger`1[Eliassen.System.Linq.Search.QueryBuilder]:Information:&gt;&#xD;
	Build query for SearchQuery { CurrentPage = 0, PageSize = 0, ExcludePageCount = False, SearchTerm = Name3, Filter = System.Collections.Generic.Dictionary`2[System.String,Eliassen.System.Linq.Search.FilterParameter], OrderBy = System.Collections.Generic.Dictionary`2[System.String,Eliassen.System.Linq.Search.OrderDirections] }&#xD;
Eliassen.System.Internal.ConsoleLogger`1[Eliassen.System.Linq.Search.QueryBuilder]:Debug:&gt;&#xD;
	Visited by: Eliassen.System.Linq.Expressions.SkipInstanceMethodOnNullExpressionVisitor&#xD;
Eliassen.System.Internal.ConsoleLogger`1[Eliassen.System.Linq.Search.QueryBuilder]:Information:&gt;&#xD;
	Execute (paged): System.Linq.Enumerable+SelectRangeIterator`1[Eliassen.System.Tests.Linq.TestTargets.TestTargetModel].Where(n =&gt; (((n.Name != null) AndAlso n.Name.Equals("Name3")) OrElse ((n.Email != null) AndAlso n.Email.Equals("Name3")))).OrderBy(_ =&gt; 0).Skip(0).Take(10)&#xD;
&#xD;
&#xD;
&#xD;
TestContext Messages:&#xD;
SearchQuery_1-QueryableExtensionsTests_ExecuteByTestSearchTerm(192)-638315398111285912.json: Attached&#xD;
EnumerableQuery_1-QueryableExtensionsTests_ExecuteByTestSearchTerm(194)-638315398111377877.json: Attached&#xD;
PagedQueryResult_1-QueryableExtensionsTests_ExecuteByTestSearchTerm(196)-638315398112380589.json: Attached&#xD;
resultKeys: 3</StdOut>
        <StdErr>Eliassen.System.Internal.ConsoleLogger`1[Eliassen.System.Linq.Search.SortBuilder`1[Eliassen.System.Tests.Linq.TestTargets.TestTargetModel]]:Warning:&gt;&#xD;
	Force sort by 0 applied for Eliassen.System.Tests.Linq.TestTargets.TestTargetModel</StdErr>
      </Output>
      <ResultFiles>
        <ResultFile path="LW-18560\EnumerableQuery_1-QueryableExtensionsTests_ExecuteByTestSearchTerm(194)-638315398111377877.json" />
        <ResultFile path="LW-18560\PagedQueryResult_1-QueryableExtensionsTests_ExecuteByTestSearchTerm(196)-638315398112380589.json" />
        <ResultFile path="LW-18560\SearchQuery_1-QueryableExtensionsTests_ExecuteByTestSearchTerm(192)-638315398111285912.json" />
      </ResultFiles>
    </UnitTestResult>
    <UnitTestResult executionId="1e2517bb-00f9-428c-8cb4-2ef97a288fd3" testId="7fd160bc-3b5b-e6e2-40ae-1974536260f2" testName="TryParseTest (System.Nullable`1[System.Double],nope,False,)" computerName="LW-18560" duration="00:00:00.0006852" startTime="2023-09-28T23:16:52.2636534-04:00" endTime="2023-09-28T23:16:52.2868739-04:00" testType="13cdc9d9-ddb5-4fa4-a97d-d965ccfc6d4b" outcome="Passed" testListId="8c84fa94-04c1-424b-9868-57a2d4851a1d" relativeResultsDirectory="1e2517bb-00f9-428c-8cb4-2ef97a288fd3" />
    <UnitTestResult executionId="e3d75855-98a6-4836-ba87-84dfe730e9c6" testId="9519dfdc-dbb6-dbe3-6b41-92c4f7f3c9f9" testName="VisitTest_Equals (Hello,hello,False)" computerName="LW-18560" duration="00:00:00.0019080" startTime="2023-09-28T23:16:51.7991951-04:00" endTime="2023-09-28T23:16:51.8017018-04:00" testType="13cdc9d9-ddb5-4fa4-a97d-d965ccfc6d4b" outcome="Passed" testListId="8c84fa94-04c1-424b-9868-57a2d4851a1d" relativeResultsDirectory="e3d75855-98a6-4836-ba87-84dfe730e9c6">
      <Output>
        <StdOut>TestContext Messages:&#xD;
expression: e =&gt; e.Equals(value(Eliassen.System.Tests.Linq.Expressions.SkipInstanceMethodOnNullExpressionVisitorTests+&lt;&gt;c__DisplayClass4_0).matched)&#xD;
visited: e =&gt; ((e != null) AndAlso e.Equals(value(Eliassen.System.Tests.Linq.Expressions.SkipInstanceMethodOnNullExpressionVisitorTests+&lt;&gt;c__DisplayClass4_0).matched))&#xD;
result: False</StdOut>
      </Output>
    </UnitTestResult>
    <UnitTestResult executionId="24ad6436-50a7-429e-8c69-09eb49644348" testId="e350703c-47df-56f0-b995-a52c38b53eca" testName="MakeSafeTest (System.AttributeTargets,16,Enum)" computerName="LW-18560" duration="00:00:00.0007490" startTime="2023-09-28T23:16:52.1839307-04:00" endTime="2023-09-28T23:16:52.2245807-04:00" testType="13cdc9d9-ddb5-4fa4-a97d-d965ccfc6d4b" outcome="Passed" testListId="8c84fa94-04c1-424b-9868-57a2d4851a1d" relativeResultsDirectory="24ad6436-50a7-429e-8c69-09eb49644348" />
    <UnitTestResult executionId="3a07a01c-b1ef-4320-8d3a-e02cbecaf2d4" testId="e350703c-47df-56f0-b995-a52c38b53eca" testName="MakeSafeTest (System.Guid,18AACB9C-2989-4322-A490-C7167BEA0DB4,18aacb9c-2989-4322-a490-c7167bea0db4)" computerName="LW-18560" duration="00:00:00.0002890" startTime="2023-09-28T23:16:52.1839307-04:00" endTime="2023-09-28T23:16:52.2245807-04:00" testType="13cdc9d9-ddb5-4fa4-a97d-d965ccfc6d4b" outcome="Passed" testListId="8c84fa94-04c1-424b-9868-57a2d4851a1d" relativeResultsDirectory="3a07a01c-b1ef-4320-8d3a-e02cbecaf2d4" />
    <UnitTestResult executionId="a1b01fb3-a409-419c-86e5-a987bbcae237" testId="65b4a990-8424-f23f-9b61-155855edf172" testName="GetResourceFromJsonTest" computerName="LW-18560" duration="00:00:00.0017410" startTime="2023-09-28T23:16:52.3926307-04:00" endTime="2023-09-28T23:16:52.3948178-04:00" testType="13cdc9d9-ddb5-4fa4-a97d-d965ccfc6d4b" outcome="Passed" testListId="8c84fa94-04c1-424b-9868-57a2d4851a1d" relativeResultsDirectory="a1b01fb3-a409-419c-86e5-a987bbcae237" />
    <UnitTestResult executionId="6b31fa6d-65e4-4119-bb63-9f27f7657c5f" testId="e350703c-47df-56f0-b995-a52c38b53eca" testName="MakeSafeTest (System.Int32,1.1,1)" computerName="LW-18560" duration="00:00:00.0001742" startTime="2023-09-28T23:16:52.1839307-04:00" endTime="2023-09-28T23:16:52.2245807-04:00" testType="13cdc9d9-ddb5-4fa4-a97d-d965ccfc6d4b" outcome="Passed" testListId="8c84fa94-04c1-424b-9868-57a2d4851a1d" relativeResultsDirectory="6b31fa6d-65e4-4119-bb63-9f27f7657c5f" />
    <UnitTestResult executionId="0ae3200a-cb99-4889-acc4-d69f03ce0ad3" testId="2f56b32e-ea97-c552-8dea-074dcb4e0dc0" testName="MakeSafeArrayTest (System.String,System.Object[],System.String[])" computerName="LW-18560" duration="00:00:00.0042077" startTime="2023-09-28T23:16:52.1658728-04:00" endTime="2023-09-28T23:16:52.1781400-04:00" testType="13cdc9d9-ddb5-4fa4-a97d-d965ccfc6d4b" outcome="Passed" testListId="8c84fa94-04c1-424b-9868-57a2d4851a1d" relativeResultsDirectory="0ae3200a-cb99-4889-acc4-d69f03ce0ad3" />
    <UnitTestResult executionId="0127ecfe-d336-40b2-8d82-b76ba06c88a3" testId="3d8758fd-c7fc-6203-735e-a5e0ad664994" testName="DeserializeTest ({&quot;_id&quot;:&quot;Hello World&quot;},Hello World)" computerName="LW-18560" duration="00:00:00.0137146" startTime="2023-09-28T23:16:52.7526359-04:00" endTime="2023-09-28T23:16:52.7668862-04:00" testType="13cdc9d9-ddb5-4fa4-a97d-d965ccfc6d4b" outcome="Passed" testListId="8c84fa94-04c1-424b-9868-57a2d4851a1d" relativeResultsDirectory="0127ecfe-d336-40b2-8d82-b76ba06c88a3">
      <Output>
        <StdOut>TestContext Messages:&#xD;
input-BsonIdConverterTests_DeserializeTest(41)-638315398127546108.json: Attached&#xD;
result-BsonIdConverterTests_DeserializeTest(43)-638315398127606489.json: Attached</StdOut>
      </Output>
      <ResultFiles>
        <ResultFile path="LW-18560\input-BsonIdConverterTests_DeserializeTest(41)-638315398127546108.json" />
        <ResultFile path="LW-18560\result-BsonIdConverterTests_DeserializeTest(43)-638315398127606489.json" />
      </ResultFiles>
    </UnitTestResult>
    <UnitTestResult executionId="3e49da73-e9f2-4664-8034-109d5464b01a" testId="7fd160bc-3b5b-e6e2-40ae-1974536260f2" testName="TryParseTest (System.Int32,nope,False,)" computerName="LW-18560" duration="00:00:00.0002705" startTime="2023-09-28T23:16:52.2636534-04:00" endTime="2023-09-28T23:16:52.2868739-04:00" testType="13cdc9d9-ddb5-4fa4-a97d-d965ccfc6d4b" outcome="Passed" testListId="8c84fa94-04c1-424b-9868-57a2d4851a1d" relativeResultsDirectory="3e49da73-e9f2-4664-8034-109d5464b01a" />
    <UnitTestResult executionId="d692e7f4-2de4-433c-ac2f-1192c0a466a1" testId="b6498f29-1231-5fcf-4954-1746daa0500d" testName="ExecuteByTest_Filter (Eliassen.System.Tests.Linq.TestTargets.TestTargetExtendedModel,Date,LessThan,2020-03-01T01:01:01,4,-1,0,1,2)" computerName="LW-18560" duration="00:00:00.0888216" startTime="2023-09-28T23:16:45.6334967-04:00" endTime="2023-09-28T23:16:50.4977563-04:00" testType="13cdc9d9-ddb5-4fa4-a97d-d965ccfc6d4b" outcome="Passed" testListId="8c84fa94-04c1-424b-9868-57a2d4851a1d" relativeResultsDirectory="d692e7f4-2de4-433c-ac2f-1192c0a466a1">
      <Output>
        <StdOut>Eliassen.System.Internal.ConsoleLogger`1[Eliassen.System.Linq.Search.QueryBuilder]:Information:&gt;&#xD;
	Build query for CurrentPage: 0&#xD;
PageSize: 0&#xD;
ExcludePageCount: False&#xD;
SearchTerm: (null)&#xD;
	F:Date: LessThan: 2020-03-01T01:01:01&#xD;
&#xD;
Eliassen.System.Internal.ConsoleLogger`1[Eliassen.System.Linq.Search.QueryBuilder]:Information:&gt;&#xD;
	Execute (paged): System.Linq.Enumerable+SelectRangeIterator`1[Eliassen.System.Tests.Linq.TestTargets.TestTargetExtendedModel].Where(n =&gt; (n.Date &lt; 3/1/2020 1:01:01 AM)).OrderBy(_ =&gt; 0).Skip(0).Take(10)&#xD;
&#xD;
&#xD;
&#xD;
TestContext Messages:&#xD;
SearchQuery-QueryableExtensionsTests_ExecuteByTestFilter(121)-638315398093221991.json: Attached&#xD;
EnumerableQuery_1-QueryableExtensionsTests_ExecuteByTestFilter(123)-638315398093286145.json: Attached&#xD;
PagedQueryResult_1-QueryableExtensionsTests_ExecuteByTestFilter(125)-638315398094027097.json: Attached&#xD;
resultKeys: -1,0,1,2</StdOut>
        <StdErr>Eliassen.System.Internal.ConsoleLogger`1[Eliassen.System.Linq.Expressions.ExpressionTreeBuilder`1[Eliassen.System.Tests.Linq.TestTargets.TestTargetExtendedModel]]:Warning:&gt;&#xD;
	2020-03-01T01:01:01 parsed to 03/01/2020 01:01:01 (System.DateTime)&#xD;
Eliassen.System.Internal.ConsoleLogger`1[Eliassen.System.Linq.Search.SortBuilder`1[Eliassen.System.Tests.Linq.TestTargets.TestTargetExtendedModel]]:Warning:&gt;&#xD;
	Force sort by 0 applied for Eliassen.System.Tests.Linq.TestTargets.TestTargetExtendedModel</StdErr>
      </Output>
      <ResultFiles>
        <ResultFile path="LW-18560\EnumerableQuery_1-QueryableExtensionsTests_ExecuteByTestFilter(123)-638315398093286145.json" />
        <ResultFile path="LW-18560\PagedQueryResult_1-QueryableExtensionsTests_ExecuteByTestFilter(125)-638315398094027097.json" />
        <ResultFile path="LW-18560\SearchQuery-QueryableExtensionsTests_ExecuteByTestFilter(121)-638315398093221991.json" />
      </ResultFiles>
    </UnitTestResult>
    <UnitTestResult executionId="7321493c-688c-42a7-9ba9-624cf60baacb" testId="b6498f29-1231-5fcf-4954-1746daa0500d" testName="ExecuteByTest_Filter (Eliassen.System.Tests.Linq.TestTargets.TestTargetExtendedModel,May,EqualTo,!,10,-1,1,2,4,5,7,8,10,11,13)" computerName="LW-18560" duration="00:00:00.0710094" startTime="2023-09-28T23:16:45.6334967-04:00" endTime="2023-09-28T23:16:50.4977563-04:00" testType="13cdc9d9-ddb5-4fa4-a97d-d965ccfc6d4b" outcome="Passed" testListId="8c84fa94-04c1-424b-9868-57a2d4851a1d" relativeResultsDirectory="7321493c-688c-42a7-9ba9-624cf60baacb">
      <Output>
        <StdOut>Eliassen.System.Internal.ConsoleLogger`1[Eliassen.System.Linq.Search.QueryBuilder]:Information:&gt;&#xD;
	Build query for CurrentPage: 0&#xD;
PageSize: 0&#xD;
ExcludePageCount: False&#xD;
SearchTerm: (null)&#xD;
	F:May: EqualTo: !&#xD;
&#xD;
Eliassen.System.Internal.ConsoleLogger`1[Eliassen.System.Linq.Search.QueryBuilder]:Information:&gt;&#xD;
	Execute (paged): System.Linq.Enumerable+SelectRangeIterator`1[Eliassen.System.Tests.Linq.TestTargets.TestTargetExtendedModel].Where(n =&gt; (n.May != "")).OrderBy(_ =&gt; 0).Skip(0).Take(10)&#xD;
&#xD;
&#xD;
&#xD;
TestContext Messages:&#xD;
SearchQuery-QueryableExtensionsTests_ExecuteByTestFilter(121)-638315398103576432.json: Attached&#xD;
EnumerableQuery_1-QueryableExtensionsTests_ExecuteByTestFilter(123)-638315398103636927.json: Attached&#xD;
PagedQueryResult_1-QueryableExtensionsTests_ExecuteByTestFilter(125)-638315398104202985.json: Attached&#xD;
resultKeys: -1,1,2,4,5,7,8,10,11,13</StdOut>
        <StdErr>Eliassen.System.Internal.ConsoleLogger`1[Eliassen.System.Linq.Search.SortBuilder`1[Eliassen.System.Tests.Linq.TestTargets.TestTargetExtendedModel]]:Warning:&gt;&#xD;
	Force sort by 0 applied for Eliassen.System.Tests.Linq.TestTargets.TestTargetExtendedModel</StdErr>
      </Output>
      <ResultFiles>
        <ResultFile path="LW-18560\EnumerableQuery_1-QueryableExtensionsTests_ExecuteByTestFilter(123)-638315398103636927.json" />
        <ResultFile path="LW-18560\PagedQueryResult_1-QueryableExtensionsTests_ExecuteByTestFilter(125)-638315398104202985.json" />
        <ResultFile path="LW-18560\SearchQuery-QueryableExtensionsTests_ExecuteByTestFilter(121)-638315398103576432.json" />
      </ResultFiles>
    </UnitTestResult>
    <UnitTestResult executionId="6719f774-eeaa-4094-87dd-746d1b3fc816" testId="d1d4b925-a073-2286-7de7-05497c979951" testName="GetResourceFromJsonAsyncTest_NotFound" computerName="LW-18560" duration="00:00:00.0035636" startTime="2023-09-28T23:16:52.3862171-04:00" endTime="2023-09-28T23:16:52.3903347-04:00" testType="13cdc9d9-ddb5-4fa4-a97d-d965ccfc6d4b" outcome="Passed" testListId="8c84fa94-04c1-424b-9868-57a2d4851a1d" relativeResultsDirectory="6719f774-eeaa-4094-87dd-746d1b3fc816" />
    <UnitTestResult executionId="68c6bbb0-4165-499d-99ec-8b920bff7885" testId="7a9a1822-3db2-a438-faf7-05813fd14fc1" testName="GetSearchablePropertyNames_TestTarget2Model" computerName="LW-18560" duration="00:00:00.0006976" startTime="2023-09-28T23:16:51.7361839-04:00" endTime="2023-09-28T23:16:51.7373606-04:00" testType="13cdc9d9-ddb5-4fa4-a97d-d965ccfc6d4b" outcome="Passed" testListId="8c84fa94-04c1-424b-9868-57a2d4851a1d" relativeResultsDirectory="68c6bbb0-4165-499d-99ec-8b920bff7885" />
    <UnitTestResult executionId="f118414f-6b85-4acd-bc14-182129b5b48d" testId="b6498f29-1231-5fcf-4954-1746daa0500d" testName="ExecuteByTest_Filter (Eliassen.System.Tests.Linq.TestTargets.TestTargetModel,Name,NotEqualTo,Name1*,10,0,2,3,4,5,6,7,8,9,20)" computerName="LW-18560" duration="00:00:00.0536416" startTime="2023-09-28T23:16:45.6334967-04:00" endTime="2023-09-28T23:16:50.4977563-04:00" testType="13cdc9d9-ddb5-4fa4-a97d-d965ccfc6d4b" outcome="Passed" testListId="8c84fa94-04c1-424b-9868-57a2d4851a1d" relativeResultsDirectory="f118414f-6b85-4acd-bc14-182129b5b48d">
      <Output>
        <StdOut>Eliassen.System.Internal.ConsoleLogger`1[Eliassen.System.Linq.Search.QueryBuilder]:Information:&gt;&#xD;
	Build query for CurrentPage: 0&#xD;
PageSize: 0&#xD;
ExcludePageCount: False&#xD;
SearchTerm: (null)&#xD;
	F:Name: NotEqualTo: Name1*&#xD;
&#xD;
Eliassen.System.Internal.ConsoleLogger`1[Eliassen.System.Linq.Search.QueryBuilder]:Information:&gt;&#xD;
	Execute (paged): System.Linq.Enumerable+SelectRangeIterator`1[Eliassen.System.Tests.Linq.TestTargets.TestTargetModel].Where(n =&gt; Not(n.Name.StartsWith("Name1"))).OrderBy(_ =&gt; 0).Skip(0).Take(10)&#xD;
&#xD;
&#xD;
&#xD;
TestContext Messages:&#xD;
SearchQuery-QueryableExtensionsTests_ExecuteByTestFilter(121)-638315398086919974.json: Attached&#xD;
EnumerableQuery_1-QueryableExtensionsTests_ExecuteByTestFilter(123)-638315398086993775.json: Attached&#xD;
PagedQueryResult_1-QueryableExtensionsTests_ExecuteByTestFilter(125)-638315398087395944.json: Attached&#xD;
resultKeys: 0,2,3,4,5,6,7,8,9,20</StdOut>
        <StdErr>Eliassen.System.Internal.ConsoleLogger`1[Eliassen.System.Linq.Search.SortBuilder`1[Eliassen.System.Tests.Linq.TestTargets.TestTargetModel]]:Warning:&gt;&#xD;
	Force sort by 0 applied for Eliassen.System.Tests.Linq.TestTargets.TestTargetModel</StdErr>
      </Output>
      <ResultFiles>
        <ResultFile path="LW-18560\EnumerableQuery_1-QueryableExtensionsTests_ExecuteByTestFilter(123)-638315398086993775.json" />
        <ResultFile path="LW-18560\PagedQueryResult_1-QueryableExtensionsTests_ExecuteByTestFilter(125)-638315398087395944.json" />
        <ResultFile path="LW-18560\SearchQuery-QueryableExtensionsTests_ExecuteByTestFilter(121)-638315398086919974.json" />
      </ResultFiles>
    </UnitTestResult>
    <UnitTestResult executionId="d8bccd22-2656-43dd-ae10-cdf7b5f344f9" testId="838644d9-6365-e4a6-691a-5f9e9cba540d" testName="GetResourceFromJsonTest_NotFound" computerName="LW-18560" duration="00:00:00.0007318" startTime="2023-09-28T23:16:52.3964788-04:00" endTime="2023-09-28T23:16:52.3976459-04:00" testType="13cdc9d9-ddb5-4fa4-a97d-d965ccfc6d4b" outcome="Passed" testListId="8c84fa94-04c1-424b-9868-57a2d4851a1d" relativeResultsDirectory="d8bccd22-2656-43dd-ae10-cdf7b5f344f9" />
    <UnitTestResult executionId="5cd1b970-1381-459c-bf38-3a80c811e63f" testId="83cb0395-740b-4b48-1b9a-9d0379b2c4b0" testName="SerializeTest" computerName="LW-18560" duration="00:00:00.0075830" startTime="2023-09-28T23:16:52.7691581-04:00" endTime="2023-09-28T23:16:52.7821858-04:00" testType="13cdc9d9-ddb5-4fa4-a97d-d965ccfc6d4b" outcome="Passed" testListId="8c84fa94-04c1-424b-9868-57a2d4851a1d" relativeResultsDirectory="5cd1b970-1381-459c-bf38-3a80c811e63f">
      <Output>
        <StdOut>TestContext Messages:&#xD;
result-BsonIdConverterTests_SerializeTest(26)-638315398127707135.json: Attached&#xD;
Hello World</StdOut>
      </Output>
      <ResultFiles>
        <ResultFile path="LW-18560\result-BsonIdConverterTests_SerializeTest(26)-638315398127707135.json" />
      </ResultFiles>
    </UnitTestResult>
    <UnitTestResult executionId="5971f331-7560-4f09-8cbc-4afd0f56c4d7" testId="7fd160bc-3b5b-e6e2-40ae-1974536260f2" testName="TryParseTest (System.Guid,nope,False,)" computerName="LW-18560" duration="00:00:00.0006155" startTime="2023-09-28T23:16:52.2636534-04:00" endTime="2023-09-28T23:16:52.2868739-04:00" testType="13cdc9d9-ddb5-4fa4-a97d-d965ccfc6d4b" outcome="Passed" testListId="8c84fa94-04c1-424b-9868-57a2d4851a1d" relativeResultsDirectory="5971f331-7560-4f09-8cbc-4afd0f56c4d7" />
    <UnitTestResult executionId="d2af0ae4-1b1f-41ee-811e-b433d8f49e24" testId="b6498f29-1231-5fcf-4954-1746daa0500d" testName="ExecuteByTest_Filter (Eliassen.System.Tests.Linq.TestTargets.TestTargetWithInnerArrayModel,Children,EqualTo,*001,10,2,3,4,5,6,7,8,9,12,13)" computerName="LW-18560" duration="00:00:00.1338162" startTime="2023-09-28T23:16:45.6334967-04:00" endTime="2023-09-28T23:16:50.4977563-04:00" testType="13cdc9d9-ddb5-4fa4-a97d-d965ccfc6d4b" outcome="Passed" testListId="8c84fa94-04c1-424b-9868-57a2d4851a1d" relativeResultsDirectory="d2af0ae4-1b1f-41ee-811e-b433d8f49e24">
      <Output>
        <StdOut>Eliassen.System.Internal.ConsoleLogger`1[Eliassen.System.Linq.Search.QueryBuilder]:Information:&gt;&#xD;
	Build query for CurrentPage: 0&#xD;
PageSize: 0&#xD;
ExcludePageCount: False&#xD;
SearchTerm: (null)&#xD;
	F:Children: EqualTo: *001&#xD;
&#xD;
Eliassen.System.Internal.ConsoleLogger`1[Eliassen.System.Linq.Search.QueryBuilder]:Information:&gt;&#xD;
	Execute (paged): System.Linq.Enumerable+SelectRangeIterator`1[Eliassen.System.Tests.Linq.TestTargets.TestTargetWithInnerArrayModel].Where(n =&gt; n.Children.Any(child =&gt; child.EndsWith("001"))).OrderBy(_ =&gt; 0).Skip(0).Take(10)&#xD;
&#xD;
&#xD;
&#xD;
TestContext Messages:&#xD;
SearchQuery-QueryableExtensionsTests_ExecuteByTestFilter(121)-638315398098024380.json: Attached&#xD;
EnumerableQuery_1-QueryableExtensionsTests_ExecuteByTestFilter(123)-638315398098095404.json: Attached&#xD;
PagedQueryResult_1-QueryableExtensionsTests_ExecuteByTestFilter(125)-638315398099168501.json: Attached&#xD;
resultKeys: 2,3,4,5,6,7,8,9,12,13</StdOut>
        <StdErr>Eliassen.System.Internal.ConsoleLogger`1[Eliassen.System.Linq.Search.SortBuilder`1[Eliassen.System.Tests.Linq.TestTargets.TestTargetWithInnerArrayModel]]:Warning:&gt;&#xD;
	Force sort by 0 applied for Eliassen.System.Tests.Linq.TestTargets.TestTargetWithInnerArrayModel</StdErr>
      </Output>
      <ResultFiles>
        <ResultFile path="LW-18560\EnumerableQuery_1-QueryableExtensionsTests_ExecuteByTestFilter(123)-638315398098095404.json" />
        <ResultFile path="LW-18560\PagedQueryResult_1-QueryableExtensionsTests_ExecuteByTestFilter(125)-638315398099168501.json" />
        <ResultFile path="LW-18560\SearchQuery-QueryableExtensionsTests_ExecuteByTestFilter(121)-638315398098024380.json" />
      </ResultFiles>
    </UnitTestResult>
    <UnitTestResult executionId="3dc51de1-b41a-42a3-87c2-22d0c7a4aede" testId="b6498f29-1231-5fcf-4954-1746daa0500d" testName="ExecuteByTest_Filter (Eliassen.System.Tests.Linq.TestTargets.TestTargetModel,Name,InSet,System.String[],3,1,2,3)" computerName="LW-18560" duration="00:00:00.0670138" startTime="2023-09-28T23:16:45.6334967-04:00" endTime="2023-09-28T23:16:50.4977563-04:00" testType="13cdc9d9-ddb5-4fa4-a97d-d965ccfc6d4b" outcome="Passed" testListId="8c84fa94-04c1-424b-9868-57a2d4851a1d" relativeResultsDirectory="3dc51de1-b41a-42a3-87c2-22d0c7a4aede">
      <Output>
        <StdOut>Eliassen.System.Internal.ConsoleLogger`1[Eliassen.System.Linq.Search.QueryBuilder]:Information:&gt;&#xD;
	Build query for CurrentPage: 0&#xD;
PageSize: 0&#xD;
ExcludePageCount: False&#xD;
SearchTerm: (null)&#xD;
	F:Name: InSet: Name1; Name2; Name3&#xD;
&#xD;
Eliassen.System.Internal.ConsoleLogger`1[Eliassen.System.Linq.Search.QueryBuilder]:Information:&gt;&#xD;
	Execute (paged): System.Linq.Enumerable+SelectRangeIterator`1[Eliassen.System.Tests.Linq.TestTargets.TestTargetModel].Where(n =&gt; value(System.String[]).Contains(n.Name)).OrderBy(_ =&gt; 0).Skip(0).Take(10)&#xD;
&#xD;
&#xD;
&#xD;
TestContext Messages:&#xD;
SearchQuery-QueryableExtensionsTests_ExecuteByTestFilter(121)-638315398073124389.json: Attached&#xD;
EnumerableQuery_1-QueryableExtensionsTests_ExecuteByTestFilter(123)-638315398073183600.json: Attached&#xD;
PagedQueryResult_1-QueryableExtensionsTests_ExecuteByTestFilter(125)-638315398073683325.json: Attached&#xD;
resultKeys: 1,2,3</StdOut>
        <StdErr>Eliassen.System.Internal.ConsoleLogger`1[Eliassen.System.Linq.Search.SortBuilder`1[Eliassen.System.Tests.Linq.TestTargets.TestTargetModel]]:Warning:&gt;&#xD;
	Force sort by 0 applied for Eliassen.System.Tests.Linq.TestTargets.TestTargetModel</StdErr>
      </Output>
      <ResultFiles>
        <ResultFile path="LW-18560\EnumerableQuery_1-QueryableExtensionsTests_ExecuteByTestFilter(123)-638315398073183600.json" />
        <ResultFile path="LW-18560\PagedQueryResult_1-QueryableExtensionsTests_ExecuteByTestFilter(125)-638315398073683325.json" />
        <ResultFile path="LW-18560\SearchQuery-QueryableExtensionsTests_ExecuteByTestFilter(121)-638315398073124389.json" />
      </ResultFiles>
    </UnitTestResult>
    <UnitTestResult executionId="933be46a-cdb0-4786-b3e5-5bc2baa590f9" testId="a29d2822-126a-1900-33c2-f20f68d10c99" testName="ToEnumTest (,)" computerName="LW-18560" duration="00:00:00.0088430" startTime="2023-09-28T23:16:52.0180486-04:00" endTime="2023-09-28T23:16:52.0274340-04:00" testType="13cdc9d9-ddb5-4fa4-a97d-d965ccfc6d4b" outcome="Passed" testListId="8c84fa94-04c1-424b-9868-57a2d4851a1d" relativeResultsDirectory="933be46a-cdb0-4786-b3e5-5bc2baa590f9" />
    <UnitTestResult executionId="9fa77026-9cfb-43c2-b730-e39bbc353bf9" testId="870b9428-08e8-f91f-14b9-7fcf33dc2d0f" testName="AsModelsTest2" computerName="LW-18560" duration="00:00:00.0219260" startTime="2023-09-28T23:16:51.9886580-04:00" endTime="2023-09-28T23:16:52.0109744-04:00" testType="13cdc9d9-ddb5-4fa4-a97d-d965ccfc6d4b" outcome="Passed" testListId="8c84fa94-04c1-424b-9868-57a2d4851a1d" relativeResultsDirectory="9fa77026-9cfb-43c2-b730-e39bbc353bf9">
      <Output>
        <StdOut>TestContext Messages:&#xD;
EnumModel { Id = 0, Name = Val0, Code = VAL0, Description = , Order = 0, Value = Val0, IsEndState = False, IsExcludeFromUnique = False, PossibleNames = System.String[], Value = Val0 }&#xD;
EnumModel { Id = 1, Name = Val1, Code = VAL1, Description = , Order = 0, Value = Val1, IsEndState = False, IsExcludeFromUnique = False, PossibleNames = System.String[], Value = Val1 }&#xD;
EnumModel { Id = 2, Name = Val2, Code = VAL2, Description = , Order = 0, Value = Val2, IsEndState = False, IsExcludeFromUnique = False, PossibleNames = System.String[], Value = Val2 }&#xD;
EnumModel { Id = 4, Name = WithEnumValue, Code = name, Description = , Order = 0, Value = WithEnumValue, IsEndState = False, IsExcludeFromUnique = False, PossibleNames = System.String[], Value = WithEnumValue }&#xD;
EnumModel { Id = 8, Name = WithMemberName, Code = name2, Description = , Order = 0, Value = WithMemberName, IsEndState = False, IsExcludeFromUnique = False, PossibleNames = System.String[], Value = WithMemberName }&#xD;
EnumModel { Id = 16, Name = WithDescription, Code = WITHDESCRIPTION, Description = test description, Order = 0, Value = WithDescription, IsEndState = False, IsExcludeFromUnique = False, PossibleNames = System.String[], Value = WithDescription }&#xD;
EnumModel { Id = 32, Name = test name, Code = test short, Description = test display, Order = 0, Value = WithDisplay, IsEndState = False, IsExcludeFromUnique = False, PossibleNames = System.String[], Value = WithDisplay }</StdOut>
      </Output>
    </UnitTestResult>
    <UnitTestResult executionId="eb7a1b99-288e-4326-bde0-85b952a14e45" testId="b14f6909-8be4-5d0a-1d4e-766cb1e4abd6" testName="GetTestDataAsyncTest" computerName="LW-18560" duration="00:00:01.3688848" startTime="2023-09-28T23:16:46.1095716-04:00" endTime="2023-09-28T23:16:47.4794093-04:00" testType="13cdc9d9-ddb5-4fa4-a97d-d965ccfc6d4b" outcome="Passed" testListId="8c84fa94-04c1-424b-9868-57a2d4851a1d" relativeResultsDirectory="eb7a1b99-288e-4326-bde0-85b952a14e45" />
    <UnitTestResult executionId="c9822f42-ad79-4415-8563-53e833c194d5" testId="f13dac4d-0e90-b077-3031-244f15b96c77" testName="GetHash (Hello World!,7Qdih1MuhjZehB6Sv8UNjA==)" computerName="LW-18560" duration="00:00:00.0163173" startTime="2023-09-28T23:16:52.5355623-04:00" endTime="2023-09-28T23:16:52.5527715-04:00" testType="13cdc9d9-ddb5-4fa4-a97d-d965ccfc6d4b" outcome="Passed" testListId="8c84fa94-04c1-424b-9868-57a2d4851a1d" relativeResultsDirectory="c9822f42-ad79-4415-8563-53e833c194d5">
      <Output>
        <StdOut>TestContext Messages:&#xD;
"Hello World!" =&gt; "7Qdih1MuhjZehB6Sv8UNjA=="</StdOut>
      </Output>
    </UnitTestResult>
    <UnitTestResult executionId="13794521-0196-4e85-979f-07dbc4fa9bdd" testId="7fd160bc-3b5b-e6e2-40ae-1974536260f2" testName="TryParseTest (System.Double,nope,False,)" computerName="LW-18560" duration="00:00:00.0002836" startTime="2023-09-28T23:16:52.2636534-04:00" endTime="2023-09-28T23:16:52.2868739-04:00" testType="13cdc9d9-ddb5-4fa4-a97d-d965ccfc6d4b" outcome="Passed" testListId="8c84fa94-04c1-424b-9868-57a2d4851a1d" relativeResultsDirectory="13794521-0196-4e85-979f-07dbc4fa9bdd" />
    <UnitTestResult executionId="498e61ed-e364-4b08-ac5d-824e551c3110" testId="4756cbfe-51aa-abcc-147f-e97a51057db5" testName="AddResultTest_Object_WithFileNameNoExtension" computerName="LW-18560" duration="00:00:00.0062507" startTime="2023-09-28T23:16:45.7858941-04:00" endTime="2023-09-28T23:16:45.7926299-04:00" testType="13cdc9d9-ddb5-4fa4-a97d-d965ccfc6d4b" outcome="Passed" testListId="8c84fa94-04c1-424b-9868-57a2d4851a1d" relativeResultsDirectory="498e61ed-e364-4b08-ac5d-824e551c3110">
      <Output>
        <StdOut>TestContext Messages:&#xD;
TestFileName-TextContextExtensionsTests_AddResultTest_Object_WithFileNameNoExtension(90)-638315398057868295.json: Attached</StdOut>
      </Output>
      <ResultFiles>
        <ResultFile path="LW-18560\TestFileName-TextContextExtensionsTests_AddResultTest_Object_WithFileNameNoExtension(90)-638315398057868295.json" />
      </ResultFiles>
    </UnitTestResult>
    <UnitTestResult executionId="93943dfa-5eba-423d-b118-d5b7dc5bb8e4" testId="e350703c-47df-56f0-b995-a52c38b53eca" testName="MakeSafeTest (System.DateTime,3/16/2022,3/16/2022 12:00:00 AM)" computerName="LW-18560" duration="00:00:00.0002430" startTime="2023-09-28T23:16:52.1839307-04:00" endTime="2023-09-28T23:16:52.2245807-04:00" testType="13cdc9d9-ddb5-4fa4-a97d-d965ccfc6d4b" outcome="Passed" testListId="8c84fa94-04c1-424b-9868-57a2d4851a1d" relativeResultsDirectory="93943dfa-5eba-423d-b118-d5b7dc5bb8e4" />
    <UnitTestResult executionId="5410bc39-916f-47a5-9bd0-5f642bfd6f59" testId="e350703c-47df-56f0-b995-a52c38b53eca" testName="MakeSafeTest (System.Double,1,1)" computerName="LW-18560" duration="00:00:00.0008492" startTime="2023-09-28T23:16:52.1839307-04:00" endTime="2023-09-28T23:16:52.2245807-04:00" testType="13cdc9d9-ddb5-4fa4-a97d-d965ccfc6d4b" outcome="Passed" testListId="8c84fa94-04c1-424b-9868-57a2d4851a1d" relativeResultsDirectory="5410bc39-916f-47a5-9bd0-5f642bfd6f59" />
    <UnitTestResult executionId="f3424011-f225-4bdc-9723-cca536bc43d2" testId="9c016915-9649-a737-5d1d-30f1b46f0f52" testName="GetSearchablePropertyNames_TestTargetModel" computerName="LW-18560" duration="00:00:00.0007382" startTime="2023-09-28T23:16:51.7558094-04:00" endTime="2023-09-28T23:16:51.7569751-04:00" testType="13cdc9d9-ddb5-4fa4-a97d-d965ccfc6d4b" outcome="Passed" testListId="8c84fa94-04c1-424b-9868-57a2d4851a1d" relativeResultsDirectory="f3424011-f225-4bdc-9723-cca536bc43d2" />
    <UnitTestResult executionId="1a016274-bd49-47d5-9ae0-14aefc5eda8f" testId="f5306a38-7e9d-ad71-73c6-1c694342dc21" testName="ExecuteByTest_SearchTerm (Eliassen.System.Tests.Linq.TestTargets.TestTargetModel,*3,10,100,10,3,13,23,33,43,53,63,73,83,93)" computerName="LW-18560" duration="00:00:00.0598148" startTime="2023-09-28T23:16:51.1178705-04:00" endTime="2023-09-28T23:16:51.5240640-04:00" testType="13cdc9d9-ddb5-4fa4-a97d-d965ccfc6d4b" outcome="Passed" testListId="8c84fa94-04c1-424b-9868-57a2d4851a1d" relativeResultsDirectory="1a016274-bd49-47d5-9ae0-14aefc5eda8f">
      <Output>
        <StdOut>Eliassen.System.Internal.ConsoleLogger`1[Eliassen.System.Linq.Search.QueryBuilder]:Information:&gt;&#xD;
	Build query for SearchQuery { CurrentPage = 0, PageSize = 0, ExcludePageCount = False, SearchTerm = *3, Filter = System.Collections.Generic.Dictionary`2[System.String,Eliassen.System.Linq.Search.FilterParameter], OrderBy = System.Collections.Generic.Dictionary`2[System.String,Eliassen.System.Linq.Search.OrderDirections] }&#xD;
Eliassen.System.Internal.ConsoleLogger`1[Eliassen.System.Linq.Search.QueryBuilder]:Debug:&gt;&#xD;
	Visited by: Eliassen.System.Linq.Expressions.SkipInstanceMethodOnNullExpressionVisitor&#xD;
Eliassen.System.Internal.ConsoleLogger`1[Eliassen.System.Linq.Search.QueryBuilder]:Information:&gt;&#xD;
	Execute (paged): System.Linq.Enumerable+SelectRangeIterator`1[Eliassen.System.Tests.Linq.TestTargets.TestTargetModel].Where(n =&gt; (((n.Name != null) AndAlso n.Name.EndsWith("3")) OrElse ((n.Email != null) AndAlso n.Email.EndsWith("3")))).OrderBy(_ =&gt; 0).Skip(0).Take(10)&#xD;
&#xD;
&#xD;
&#xD;
TestContext Messages:&#xD;
SearchQuery_1-QueryableExtensionsTests_ExecuteByTestSearchTerm(192)-638315398113105936.json: Attached&#xD;
EnumerableQuery_1-QueryableExtensionsTests_ExecuteByTestSearchTerm(194)-638315398113220763.json: Attached&#xD;
PagedQueryResult_1-QueryableExtensionsTests_ExecuteByTestSearchTerm(196)-638315398113586934.json: Attached&#xD;
resultKeys: 3,13,23,33,43,53,63,73,83,93</StdOut>
        <StdErr>Eliassen.System.Internal.ConsoleLogger`1[Eliassen.System.Linq.Search.SortBuilder`1[Eliassen.System.Tests.Linq.TestTargets.TestTargetModel]]:Warning:&gt;&#xD;
	Force sort by 0 applied for Eliassen.System.Tests.Linq.TestTargets.TestTargetModel</StdErr>
      </Output>
      <ResultFiles>
        <ResultFile path="LW-18560\EnumerableQuery_1-QueryableExtensionsTests_ExecuteByTestSearchTerm(194)-638315398113220763.json" />
        <ResultFile path="LW-18560\PagedQueryResult_1-QueryableExtensionsTests_ExecuteByTestSearchTerm(196)-638315398113586934.json" />
        <ResultFile path="LW-18560\SearchQuery_1-QueryableExtensionsTests_ExecuteByTestSearchTerm(192)-638315398113105936.json" />
      </ResultFiles>
    </UnitTestResult>
    <UnitTestResult executionId="59c863b2-6228-41bb-8125-d66de4b68250" testId="63fad722-7037-7050-fa28-b32ff1a4ec2f" testName="GetResourceStreamTest_ByType" computerName="LW-18560" duration="00:00:00.0006855" startTime="2023-09-28T23:16:52.5281749-04:00" endTime="2023-09-28T23:16:52.5293400-04:00" testType="13cdc9d9-ddb5-4fa4-a97d-d965ccfc6d4b" outcome="Passed" testListId="8c84fa94-04c1-424b-9868-57a2d4851a1d" relativeResultsDirectory="59c863b2-6228-41bb-8125-d66de4b68250" />
    <UnitTestResult executionId="8641a9a6-e4a1-4fa5-a7c0-2ce20d1e4901" testId="b6498f29-1231-5fcf-4954-1746daa0500d" testName="ExecuteByTest_Filter (Eliassen.System.Tests.Linq.TestTargets.TestTargetModel,Name,EqualTo,,0,)" computerName="LW-18560" duration="00:00:00.0500180" startTime="2023-09-28T23:16:45.6334967-04:00" endTime="2023-09-28T23:16:50.4977563-04:00" testType="13cdc9d9-ddb5-4fa4-a97d-d965ccfc6d4b" outcome="Passed" testListId="8c84fa94-04c1-424b-9868-57a2d4851a1d" relativeResultsDirectory="8641a9a6-e4a1-4fa5-a7c0-2ce20d1e4901">
      <Output>
        <StdOut>Eliassen.System.Internal.ConsoleLogger`1[Eliassen.System.Linq.Search.QueryBuilder]:Information:&gt;&#xD;
	Build query for CurrentPage: 0&#xD;
PageSize: 0&#xD;
ExcludePageCount: False&#xD;
SearchTerm: (null)&#xD;
	F:Name: EqualTo:&#xD;
&#xD;
Eliassen.System.Internal.ConsoleLogger`1[Eliassen.System.Linq.Search.QueryBuilder]:Information:&gt;&#xD;
	Execute (paged): System.Linq.Enumerable+SelectRangeIterator`1[Eliassen.System.Tests.Linq.TestTargets.TestTargetModel].Where(n =&gt; (n.Name == "")).OrderBy(_ =&gt; 0).Skip(0).Take(10)&#xD;
&#xD;
&#xD;
&#xD;
TestContext Messages:&#xD;
SearchQuery-QueryableExtensionsTests_ExecuteByTestFilter(121)-638315398100620602.json: Attached&#xD;
EnumerableQuery_1-QueryableExtensionsTests_ExecuteByTestFilter(123)-638315398100692306.json: Attached&#xD;
PagedQueryResult_1-QueryableExtensionsTests_ExecuteByTestFilter(125)-638315398101034581.json: Attached&#xD;
resultKeys:</StdOut>
        <StdErr>Eliassen.System.Internal.ConsoleLogger`1[Eliassen.System.Linq.Search.SortBuilder`1[Eliassen.System.Tests.Linq.TestTargets.TestTargetModel]]:Warning:&gt;&#xD;
	Force sort by 0 applied for Eliassen.System.Tests.Linq.TestTargets.TestTargetModel</StdErr>
      </Output>
      <ResultFiles>
        <ResultFile path="LW-18560\EnumerableQuery_1-QueryableExtensionsTests_ExecuteByTestFilter(123)-638315398100692306.json" />
        <ResultFile path="LW-18560\PagedQueryResult_1-QueryableExtensionsTests_ExecuteByTestFilter(125)-638315398101034581.json" />
        <ResultFile path="LW-18560\SearchQuery-QueryableExtensionsTests_ExecuteByTestFilter(121)-638315398100620602.json" />
      </ResultFiles>
    </UnitTestResult>
    <UnitTestResult executionId="6aa3b430-8085-4c07-97f1-cad391440e8b" testId="e350703c-47df-56f0-b995-a52c38b53eca" testName="MakeSafeTest (System.Decimal,1,1)" computerName="LW-18560" duration="00:00:00.0002172" startTime="2023-09-28T23:16:52.1839307-04:00" endTime="2023-09-28T23:16:52.2245807-04:00" testType="13cdc9d9-ddb5-4fa4-a97d-d965ccfc6d4b" outcome="Passed" testListId="8c84fa94-04c1-424b-9868-57a2d4851a1d" relativeResultsDirectory="6aa3b430-8085-4c07-97f1-cad391440e8b" />
    <UnitTestResult executionId="9b1932df-b17e-4c68-827b-460d09819613" testId="92d311d0-315a-2b67-a035-7b4e08a07dd8" testName="VisitTest_Equals (Hello,,False)" computerName="LW-18560" duration="00:00:00.0035579" startTime="2023-09-28T23:16:51.7923691-04:00" endTime="2023-09-28T23:16:51.7965187-04:00" testType="13cdc9d9-ddb5-4fa4-a97d-d965ccfc6d4b" outcome="Passed" testListId="8c84fa94-04c1-424b-9868-57a2d4851a1d" relativeResultsDirectory="9b1932df-b17e-4c68-827b-460d09819613">
      <Output>
        <StdOut>TestContext Messages:&#xD;
expression: e =&gt; e.Equals(value(Eliassen.System.Tests.Linq.Expressions.SkipInstanceMethodOnNullExpressionVisitorTests+&lt;&gt;c__DisplayClass4_0).matched)&#xD;
visited: e =&gt; ((e != null) AndAlso e.Equals(value(Eliassen.System.Tests.Linq.Expressions.SkipInstanceMethodOnNullExpressionVisitorTests+&lt;&gt;c__DisplayClass4_0).matched))&#xD;
result: False</StdOut>
      </Output>
    </UnitTestResult>
    <UnitTestResult executionId="41773a2e-5595-4b76-b55a-2cc43241c69a" testId="b6498f29-1231-5fcf-4954-1746daa0500d" testName="ExecuteByTest_Filter (Eliassen.System.Tests.Linq.TestTargets.TestTargetModel,INDEX,EqualTo,!1,10,0,2,3,4,5,6,7,8,9,10)" computerName="LW-18560" duration="00:00:00.1211065" startTime="2023-09-28T23:16:45.6334967-04:00" endTime="2023-09-28T23:16:50.4977563-04:00" testType="13cdc9d9-ddb5-4fa4-a97d-d965ccfc6d4b" outcome="Passed" testListId="8c84fa94-04c1-424b-9868-57a2d4851a1d" relativeResultsDirectory="41773a2e-5595-4b76-b55a-2cc43241c69a">
      <Output>
        <StdOut>Eliassen.System.Internal.ConsoleLogger`1[Eliassen.System.Linq.Search.QueryBuilder]:Information:&gt;&#xD;
	Build query for CurrentPage: 0&#xD;
PageSize: 0&#xD;
ExcludePageCount: False&#xD;
SearchTerm: (null)&#xD;
	F:INDEX: EqualTo: !1&#xD;
&#xD;
Eliassen.System.Internal.ConsoleLogger`1[Eliassen.System.Linq.Search.QueryBuilder]:Information:&gt;&#xD;
	Execute (paged): System.Linq.Enumerable+SelectRangeIterator`1[Eliassen.System.Tests.Linq.TestTargets.TestTargetModel].Where(n =&gt; (n.Index != 1)).OrderBy(_ =&gt; 0).Skip(0).Take(10)&#xD;
&#xD;
&#xD;
&#xD;
TestContext Messages:&#xD;
SearchQuery-QueryableExtensionsTests_ExecuteByTestFilter(121)-638315398069133176.json: Attached&#xD;
EnumerableQuery_1-QueryableExtensionsTests_ExecuteByTestFilter(123)-638315398069344952.json: Attached&#xD;
PagedQueryResult_1-QueryableExtensionsTests_ExecuteByTestFilter(125)-638315398070274660.json: Attached&#xD;
resultKeys: 0,2,3,4,5,6,7,8,9,10</StdOut>
        <StdErr>Eliassen.System.Internal.ConsoleLogger`1[Eliassen.System.Linq.Expressions.ExpressionTreeBuilder`1[Eliassen.System.Tests.Linq.TestTargets.TestTargetModel]]:Warning:&gt;&#xD;
	1 parsed to 1 (System.Int32)&#xD;
Eliassen.System.Internal.ConsoleLogger`1[Eliassen.System.Linq.Search.SortBuilder`1[Eliassen.System.Tests.Linq.TestTargets.TestTargetModel]]:Warning:&gt;&#xD;
	Force sort by 0 applied for Eliassen.System.Tests.Linq.TestTargets.TestTargetModel</StdErr>
      </Output>
      <ResultFiles>
        <ResultFile path="LW-18560\EnumerableQuery_1-QueryableExtensionsTests_ExecuteByTestFilter(123)-638315398069344952.json" />
        <ResultFile path="LW-18560\PagedQueryResult_1-QueryableExtensionsTests_ExecuteByTestFilter(125)-638315398070274660.json" />
        <ResultFile path="LW-18560\SearchQuery-QueryableExtensionsTests_ExecuteByTestFilter(121)-638315398069133176.json" />
      </ResultFiles>
    </UnitTestResult>
    <UnitTestResult executionId="1fba1ed5-be75-4fe1-81f5-619d5a9b0455" testId="f3383018-7bb0-86e7-cb57-311d72bf2f87" testName="GetFilterablePropertyNamesTest_TestTargetModel" computerName="LW-18560" duration="00:00:00.0006886" startTime="2023-09-28T23:16:51.7328443-04:00" endTime="2023-09-28T23:16:51.7339600-04:00" testType="13cdc9d9-ddb5-4fa4-a97d-d965ccfc6d4b" outcome="Passed" testListId="8c84fa94-04c1-424b-9868-57a2d4851a1d" relativeResultsDirectory="1fba1ed5-be75-4fe1-81f5-619d5a9b0455" />
  </Results>
  <TestDefinitions>
    <UnitTest name="ToEnumTest (name,name2|test name,WithEnumValue, WithMemberName, WithDisplay)" storage="d:\repos\nu2\netapi\framework\eliassen.system.tests\bin\debug\net7.0\eliassen.system.tests.dll" id="813de6f8-8b3e-0b13-6ab2-5efd1e438630">
      <TestCategory>
        <TestCategoryItem TestCategory="Unit" />
      </TestCategory>
      <Execution id="4baf6231-557d-4f9f-a1e2-7e0c1403f5cb" />
      <TestMethod codeBase="D:\Repos\Nu2\NetApi\Framework\Eliassen.System.Tests\bin\Debug\net7.0\Eliassen.System.Tests.dll" adapterTypeName="executor://mstestadapter/v2" className="Eliassen.System.Tests.Reflection.EnumExtensionsTests" name="ToEnumTest" />
    </UnitTest>
    <UnitTest name="ToEnumTest (4,WithEnumValue)" storage="d:\repos\nu2\netapi\framework\eliassen.system.tests\bin\debug\net7.0\eliassen.system.tests.dll" id="c86604a7-3189-2888-7dab-1b8a123dc076">
      <TestCategory>
        <TestCategoryItem TestCategory="Unit" />
      </TestCategory>
      <Execution id="1932095b-b01a-4584-b136-cec499920cb5" />
      <TestMethod codeBase="D:\Repos\Nu2\NetApi\Framework\Eliassen.System.Tests\bin\Debug\net7.0\Eliassen.System.Tests.dll" adapterTypeName="executor://mstestadapter/v2" className="Eliassen.System.Tests.Reflection.EnumExtensionsTests" name="ToEnumTest" />
    </UnitTest>
    <UnitTest name="GetResourceFromJsonAsyncTest_NotFound" storage="d:\repos\nu2\netapi\framework\eliassen.system.tests\bin\debug\net7.0\eliassen.system.tests.dll" id="d1d4b925-a073-2286-7de7-05497c979951">
      <TestCategory>
        <TestCategoryItem TestCategory="Unit" />
      </TestCategory>
      <Execution id="6719f774-eeaa-4094-87dd-746d1b3fc816" />
      <TestMethod codeBase="D:\Repos\Nu2\NetApi\Framework\Eliassen.System.Tests\bin\Debug\net7.0\Eliassen.System.Tests.dll" adapterTypeName="executor://mstestadapter/v2" className="Eliassen.System.Tests.Reflection.ResourceExtensionsTests" name="GetResourceFromJsonAsyncTest_NotFound" />
    </UnitTest>
    <UnitTest name="DeserializeTest ({&quot;_id&quot;:&quot;Hello World&quot;},Hello World)" storage="d:\repos\nu2\netapi\framework\eliassen.system.tests\bin\debug\net7.0\eliassen.system.tests.dll" id="3d8758fd-c7fc-6203-735e-a5e0ad664994">
      <TestCategory>
        <TestCategoryItem TestCategory="Unit" />
      </TestCategory>
      <Execution id="0127ecfe-d336-40b2-8d82-b76ba06c88a3" />
      <TestMethod codeBase="D:\Repos\Nu2\NetApi\Framework\Eliassen.System.Tests\bin\Debug\net7.0\Eliassen.System.Tests.dll" adapterTypeName="executor://mstestadapter/v2" className="Eliassen.System.Tests.Text.Json.BsonIdConverterTests" name="DeserializeTest" />
    </UnitTest>
    <UnitTest name="VisitTest_EqualOperator (Hello,HeLlO,True)" storage="d:\repos\nu2\netapi\framework\eliassen.system.tests\bin\debug\net7.0\eliassen.system.tests.dll" id="07a7a327-67a2-b280-2fa0-04f8167fd844">
      <TestCategory>
        <TestCategoryItem TestCategory="Unit" />
      </TestCategory>
      <Execution id="c11601ae-b71c-4703-bb35-bea0717d6bd1" />
      <TestMethod codeBase="D:\Repos\Nu2\NetApi\Framework\Eliassen.System.Tests\bin\Debug\net7.0\Eliassen.System.Tests.dll" adapterTypeName="executor://mstestadapter/v2" className="Eliassen.System.Tests.Linq.Expressions.StringComparisonReplacementExpressionVisitorTests" name="VisitTest_EqualOperator" />
    </UnitTest>
    <UnitTest name="GetFilterablePropertyNamesTest_TestTarget2Model" storage="d:\repos\nu2\netapi\framework\eliassen.system.tests\bin\debug\net7.0\eliassen.system.tests.dll" id="b5b73f46-926e-b166-c509-00a2b6834bdd">
      <TestCategory>
        <TestCategoryItem TestCategory="Unit" />
      </TestCategory>
      <Execution id="03de5810-0c27-4e46-b5d9-b2cbec4d3908" />
      <TestMethod codeBase="D:\Repos\Nu2\NetApi\Framework\Eliassen.System.Tests\bin\Debug\net7.0\Eliassen.System.Tests.dll" adapterTypeName="executor://mstestadapter/v2" className="Eliassen.System.Tests.Linq.Expressions.ExpressionTreeBuilderTests" name="GetFilterablePropertyNamesTest_TestTarget2Model" />
    </UnitTest>
    <UnitTest name="ToEnumTest (test display,WithDisplay)" storage="d:\repos\nu2\netapi\framework\eliassen.system.tests\bin\debug\net7.0\eliassen.system.tests.dll" id="04803466-693e-234f-05d0-3def2e50e7bc">
      <TestCategory>
        <TestCategoryItem TestCategory="Unit" />
      </TestCategory>
      <Execution id="44b812a5-215c-41cf-8c54-ae56d3bd4ebd" />
      <TestMethod codeBase="D:\Repos\Nu2\NetApi\Framework\Eliassen.System.Tests\bin\Debug\net7.0\Eliassen.System.Tests.dll" adapterTypeName="executor://mstestadapter/v2" className="Eliassen.System.Tests.Reflection.EnumExtensionsTests" name="ToEnumTest" />
    </UnitTest>
    <UnitTest name="ToEnumTest (Val2 ,Val1,Val1, Val2)" storage="d:\repos\nu2\netapi\framework\eliassen.system.tests\bin\debug\net7.0\eliassen.system.tests.dll" id="8048f845-f0e3-2aaf-e086-77ba6a9e53ae">
      <TestCategory>
        <TestCategoryItem TestCategory="Unit" />
      </TestCategory>
      <Execution id="bf412e89-b570-4376-a9e6-513a25707670" />
      <TestMethod codeBase="D:\Repos\Nu2\NetApi\Framework\Eliassen.System.Tests\bin\Debug\net7.0\Eliassen.System.Tests.dll" adapterTypeName="executor://mstestadapter/v2" className="Eliassen.System.Tests.Reflection.EnumExtensionsTests" name="ToEnumTest" />
    </UnitTest>
    <UnitTest name="ToEnumTest (name2,WithMemberName)" storage="d:\repos\nu2\netapi\framework\eliassen.system.tests\bin\debug\net7.0\eliassen.system.tests.dll" id="97589dd8-54c9-c6b4-afad-ae511696b053">
      <TestCategory>
        <TestCategoryItem TestCategory="Unit" />
      </TestCategory>
      <Execution id="01078f00-5aa0-45f7-9e55-ece140020a25" />
      <TestMethod codeBase="D:\Repos\Nu2\NetApi\Framework\Eliassen.System.Tests\bin\Debug\net7.0\Eliassen.System.Tests.dll" adapterTypeName="executor://mstestadapter/v2" className="Eliassen.System.Tests.Reflection.EnumExtensionsTests" name="ToEnumTest" />
    </UnitTest>
    <UnitTest name="ToEnumTest (1,Val1)" storage="d:\repos\nu2\netapi\framework\eliassen.system.tests\bin\debug\net7.0\eliassen.system.tests.dll" id="8c5dd4cc-5466-254a-f980-babcc7138b14">
      <TestCategory>
        <TestCategoryItem TestCategory="Unit" />
      </TestCategory>
      <Execution id="f6f051e4-5b10-4f8d-b522-b379375fe942" />
      <TestMethod codeBase="D:\Repos\Nu2\NetApi\Framework\Eliassen.System.Tests\bin\Debug\net7.0\Eliassen.System.Tests.dll" adapterTypeName="executor://mstestadapter/v2" className="Eliassen.System.Tests.Reflection.EnumExtensionsTests" name="ToEnumTest" />
    </UnitTest>
    <UnitTest name="VisitTest_Equals (Hello,HELLO,True)" storage="d:\repos\nu2\netapi\framework\eliassen.system.tests\bin\debug\net7.0\eliassen.system.tests.dll" id="2969f79f-d299-0212-4f68-fb950747593e">
      <TestCategory>
        <TestCategoryItem TestCategory="Unit" />
      </TestCategory>
      <Execution id="41736bdf-e880-427e-8db4-b2c46ba95ef0" />
      <TestMethod codeBase="D:\Repos\Nu2\NetApi\Framework\Eliassen.System.Tests\bin\Debug\net7.0\Eliassen.System.Tests.dll" adapterTypeName="executor://mstestadapter/v2" className="Eliassen.System.Tests.Linq.Expressions.StringComparisonReplacementExpressionVisitorTests" name="VisitTest_Equals" />
    </UnitTest>
    <UnitTest name="VisitTest_Equals (Hello,hello,True)" storage="d:\repos\nu2\netapi\framework\eliassen.system.tests\bin\debug\net7.0\eliassen.system.tests.dll" id="229af554-d2ce-adf0-ac16-208cd1c4d601">
      <TestCategory>
        <TestCategoryItem TestCategory="Unit" />
      </TestCategory>
      <Execution id="f01d9b5f-dd5b-499b-8963-8e0372cc2b55" />
      <TestMethod codeBase="D:\Repos\Nu2\NetApi\Framework\Eliassen.System.Tests\bin\Debug\net7.0\Eliassen.System.Tests.dll" adapterTypeName="executor://mstestadapter/v2" className="Eliassen.System.Tests.Linq.Expressions.StringComparisonReplacementExpressionVisitorTests" name="VisitTest_Equals" />
    </UnitTest>
    <UnitTest name="DeserializeTest_Value ({&quot;Nullable&quot;:null,&quot;Value&quot;:{&quot;$date&quot;:&quot;2023-07-05T14:17:05.2315812-04:00&quot;}},2023-07-05T14:17:05.2315812-04:00)" storage="d:\repos\nu2\netapi\framework\eliassen.system.tests\bin\debug\net7.0\eliassen.system.tests.dll" id="6e6b50bb-e15d-9947-f68c-994b4e368f58">
      <TestCategory>
        <TestCategoryItem TestCategory="Unit" />
      </TestCategory>
      <Execution id="bd27419e-34dd-4945-b092-226fdccf19be" />
      <TestMethod codeBase="D:\Repos\Nu2\NetApi\Framework\Eliassen.System.Tests\bin\Debug\net7.0\Eliassen.System.Tests.dll" adapterTypeName="executor://mstestadapter/v2" className="Eliassen.System.Tests.Text.Json.BsonDateConverterTests" name="DeserializeTest_Value" />
    </UnitTest>
    <UnitTest name="GetResourceStreamTest_NotFound" storage="d:\repos\nu2\netapi\framework\eliassen.system.tests\bin\debug\net7.0\eliassen.system.tests.dll" id="9576cb6d-ffa5-4a23-9c7a-c5c6b213d46b">
      <TestCategory>
        <TestCategoryItem TestCategory="Unit" />
      </TestCategory>
      <Execution id="b5d19daa-9beb-4334-beb5-e30800540d66" />
      <TestMethod codeBase="D:\Repos\Nu2\NetApi\Framework\Eliassen.System.Tests\bin\Debug\net7.0\Eliassen.System.Tests.dll" adapterTypeName="executor://mstestadapter/v2" className="Eliassen.System.Tests.Reflection.ResourceExtensionsTests" name="GetResourceStreamTest_NotFound" />
    </UnitTest>
    <UnitTest name="VisitTest_Equals (Hello,Hello,True)" storage="d:\repos\nu2\netapi\framework\eliassen.system.tests\bin\debug\net7.0\eliassen.system.tests.dll" id="65e272d8-aa3d-4fbf-ef8f-fb9ca48a217b">
      <TestCategory>
        <TestCategoryItem TestCategory="Unit" />
      </TestCategory>
      <Execution id="b2f87279-1b27-4175-9d72-749943219fb9" />
      <TestMethod codeBase="D:\Repos\Nu2\NetApi\Framework\Eliassen.System.Tests\bin\Debug\net7.0\Eliassen.System.Tests.dll" adapterTypeName="executor://mstestadapter/v2" className="Eliassen.System.Tests.Linq.Expressions.SkipInstanceMethodOnNullExpressionVisitorTests" name="VisitTest_Equals" />
    </UnitTest>
    <UnitTest name="AddResultFileTest_FileContentOutFile" storage="d:\repos\nu2\netapi\framework\eliassen.testutilities.tests\bin\debug\net7.0\eliassen.testutilities.tests.dll" id="726abc2c-502d-4a5c-e2c7-073f21d793da">
      <TestCategory>
        <TestCategoryItem TestCategory="Unit" />
      </TestCategory>
      <Execution id="f761c983-483c-469f-bace-f88ec6d67ebd" />
      <TestMethod codeBase="D:\Repos\Nu2\NetApi\Framework\Eliassen.TestUtilities.Tests\bin\Debug\net7.0\Eliassen.TestUtilities.Tests.dll" adapterTypeName="executor://mstestadapter/v2" className="Eliassen.TestUtilities.Tests.TextContextExtensionsTests" name="AddResultFileTest_FileContentOutFile" />
    </UnitTest>
    <UnitTest name="VisitTest_Equals (,hello,False)" storage="d:\repos\nu2\netapi\framework\eliassen.system.tests\bin\debug\net7.0\eliassen.system.tests.dll" id="33d0fc48-d317-a11f-5aba-5a22a3659a68">
      <TestCategory>
        <TestCategoryItem TestCategory="Unit" />
      </TestCategory>
      <Execution id="5d32a5c6-458a-4b5e-ba2f-27bc71b4d572" />
      <TestMethod codeBase="D:\Repos\Nu2\NetApi\Framework\Eliassen.System.Tests\bin\Debug\net7.0\Eliassen.System.Tests.dll" adapterTypeName="executor://mstestadapter/v2" className="Eliassen.System.Tests.Linq.Expressions.SkipInstanceMethodOnNullExpressionVisitorTests" name="VisitTest_Equals" />
    </UnitTest>
    <UnitTest name="AddResultTest_Object_WithFileNameNoExtension" storage="d:\repos\nu2\netapi\framework\eliassen.testutilities.tests\bin\debug\net7.0\eliassen.testutilities.tests.dll" id="4756cbfe-51aa-abcc-147f-e97a51057db5">
      <TestCategory>
        <TestCategoryItem TestCategory="Unit" />
      </TestCategory>
      <Execution id="498e61ed-e364-4b08-ac5d-824e551c3110" />
      <TestMethod codeBase="D:\Repos\Nu2\NetApi\Framework\Eliassen.TestUtilities.Tests\bin\Debug\net7.0\Eliassen.TestUtilities.Tests.dll" adapterTypeName="executor://mstestadapter/v2" className="Eliassen.TestUtilities.Tests.TextContextExtensionsTests" name="AddResultTest_Object_WithFileNameNoExtension" />
    </UnitTest>
    <UnitTest name="ToEnumTest (,)" storage="d:\repos\nu2\netapi\framework\eliassen.system.tests\bin\debug\net7.0\eliassen.system.tests.dll" id="a29d2822-126a-1900-33c2-f20f68d10c99">
      <TestCategory>
        <TestCategoryItem TestCategory="Unit" />
      </TestCategory>
      <Execution id="933be46a-cdb0-4786-b3e5-5bc2baa590f9" />
      <TestMethod codeBase="D:\Repos\Nu2\NetApi\Framework\Eliassen.System.Tests\bin\Debug\net7.0\Eliassen.System.Tests.dll" adapterTypeName="executor://mstestadapter/v2" className="Eliassen.System.Tests.Reflection.EnumExtensionsTests" name="ToEnumTest" />
    </UnitTest>
    <UnitTest name="SerializeTest_Value" storage="d:\repos\nu2\netapi\framework\eliassen.system.tests\bin\debug\net7.0\eliassen.system.tests.dll" id="8da0fbaf-acd6-9154-0805-f306ce39ad46">
      <TestCategory>
        <TestCategoryItem TestCategory="Unit" />
      </TestCategory>
      <Execution id="447915cf-8407-4f21-9bd6-55be3e559ec2" />
      <TestMethod codeBase="D:\Repos\Nu2\NetApi\Framework\Eliassen.System.Tests\bin\Debug\net7.0\Eliassen.System.Tests.dll" adapterTypeName="executor://mstestadapter/v2" className="Eliassen.System.Tests.Text.Json.BsonDateConverterTests" name="SerializeTest_Value" />
    </UnitTest>
    <UnitTest name="ExecuteByTest_SearchTerm" storage="d:\repos\nu2\netapi\framework\eliassen.system.tests\bin\debug\net7.0\eliassen.system.tests.dll" id="f5306a38-7e9d-ad71-73c6-1c694342dc21">
      <TestCategory>
        <TestCategoryItem TestCategory="Unit" />
      </TestCategory>
      <Execution id="c8594f39-c37f-43fd-9189-923543c29e1a" />
      <TestMethod codeBase="D:\Repos\Nu2\NetApi\Framework\Eliassen.System.Tests\bin\Debug\net7.0\Eliassen.System.Tests.dll" adapterTypeName="executor://mstestadapter/v2" className="Eliassen.System.Tests.Linq.QueryableExtensionsTests" name="ExecuteByTest_SearchTerm" />
    </UnitTest>
    <UnitTest name="ExecuteByTest_Sort (name,Descending,999,998,997,996,995,994,993,992,991,990)" storage="d:\repos\nu2\netapi\framework\eliassen.system.tests\bin\debug\net7.0\eliassen.system.tests.dll" id="a9087371-8c41-e0ac-0dcf-f9419bc22d3c">
      <TestCategory>
        <TestCategoryItem TestCategory="Unit" />
      </TestCategory>
      <Execution id="400b68a0-948f-43a7-b06a-8fabb960997e" />
      <TestMethod codeBase="D:\Repos\Nu2\NetApi\Framework\Eliassen.System.Tests\bin\Debug\net7.0\Eliassen.System.Tests.dll" adapterTypeName="executor://mstestadapter/v2" className="Eliassen.System.Tests.Linq.QueryableExtensionsTests" name="ExecuteByTest_Sort" />
    </UnitTest>
    <UnitTest name="ExecuteByTest_Page (0,1,1000,1000,0,1,0)" storage="d:\repos\nu2\netapi\framework\eliassen.system.tests\bin\debug\net7.0\eliassen.system.tests.dll" id="a111d044-0831-1b20-158f-e741b8774637">
      <TestCategory>
        <TestCategoryItem TestCategory="Unit" />
      </TestCategory>
      <Execution id="4ae7585e-ad64-410f-a637-c264429a1598" />
      <TestMethod codeBase="D:\Repos\Nu2\NetApi\Framework\Eliassen.System.Tests\bin\Debug\net7.0\Eliassen.System.Tests.dll" adapterTypeName="executor://mstestadapter/v2" className="Eliassen.System.Tests.Linq.QueryableExtensionsTests" name="ExecuteByTest_Page" />
    </UnitTest>
    <UnitTest name="ExecuteByTest_Filter_Range_Bounds" storage="d:\repos\nu2\netapi\framework\eliassen.system.tests\bin\debug\net7.0\eliassen.system.tests.dll" id="b8ce6298-5288-a9c6-3afb-62b35d380a81">
      <TestCategory>
        <TestCategoryItem TestCategory="Unit" />
      </TestCategory>
      <Execution id="16438bbe-9dfe-43c3-82fe-5a23700d9502" />
      <TestMethod codeBase="D:\Repos\Nu2\NetApi\Framework\Eliassen.System.Tests\bin\Debug\net7.0\Eliassen.System.Tests.dll" adapterTypeName="executor://mstestadapter/v2" className="Eliassen.System.Tests.Linq.QueryableExtensionsTests" name="ExecuteByTest_Filter_Range_Bounds" />
    </UnitTest>
    <UnitTest name="DeserializeTest ({&quot;_id&quot;:{&quot;$oid&quot;:&quot;Hello World&quot;}},Hello World)" storage="d:\repos\nu2\netapi\framework\eliassen.system.tests\bin\debug\net7.0\eliassen.system.tests.dll" id="befbbe40-8643-5608-343e-b1c6cbc1b0eb">
      <TestCategory>
        <TestCategoryItem TestCategory="Unit" />
      </TestCategory>
      <Execution id="d46f16f1-bc43-46fa-8f95-00c7d8d69c79" />
      <TestMethod codeBase="D:\Repos\Nu2\NetApi\Framework\Eliassen.System.Tests\bin\Debug\net7.0\Eliassen.System.Tests.dll" adapterTypeName="executor://mstestadapter/v2" className="Eliassen.System.Tests.Text.Json.BsonIdConverterTests" name="DeserializeTest" />
    </UnitTest>
    <UnitTest name="GetTestDataAsyncTest" storage="d:\repos\nu2\netapi\framework\eliassen.testutilities.tests\bin\debug\net7.0\eliassen.testutilities.tests.dll" id="b14f6909-8be4-5d0a-1d4e-766cb1e4abd6">
      <TestCategory>
        <TestCategoryItem TestCategory="Unit" />
      </TestCategory>
      <Execution id="eb7a1b99-288e-4326-bde0-85b952a14e45" />
      <TestMethod codeBase="D:\Repos\Nu2\NetApi\Framework\Eliassen.TestUtilities.Tests\bin\Debug\net7.0\Eliassen.TestUtilities.Tests.dll" adapterTypeName="executor://mstestadapter/v2" className="Eliassen.TestUtilities.Tests.TextContextExtensionsTests" name="GetTestDataAsyncTest" />
    </UnitTest>
    <UnitTest name="VisitTest_Equals (,,False)" storage="d:\repos\nu2\netapi\framework\eliassen.system.tests\bin\debug\net7.0\eliassen.system.tests.dll" id="e8e1976d-7e2a-a919-30e8-284cb455d028">
      <TestCategory>
        <TestCategoryItem TestCategory="Unit" />
      </TestCategory>
      <Execution id="55ed5edc-e6ff-4cc1-a695-9f333eb5a6b6" />
      <TestMethod codeBase="D:\Repos\Nu2\NetApi\Framework\Eliassen.System.Tests\bin\Debug\net7.0\Eliassen.System.Tests.dll" adapterTypeName="executor://mstestadapter/v2" className="Eliassen.System.Tests.Linq.Expressions.SkipInstanceMethodOnNullExpressionVisitorTests" name="VisitTest_Equals" />
    </UnitTest>
    <UnitTest name="ToEnumTest (-1,-1)" storage="d:\repos\nu2\netapi\framework\eliassen.system.tests\bin\debug\net7.0\eliassen.system.tests.dll" id="48ed8779-80f1-56a2-6e59-32b682b76d36">
      <TestCategory>
        <TestCategoryItem TestCategory="Unit" />
      </TestCategory>
      <Execution id="d93bba72-3484-405e-ba95-f7aa45a341d1" />
      <TestMethod codeBase="D:\Repos\Nu2\NetApi\Framework\Eliassen.System.Tests\bin\Debug\net7.0\Eliassen.System.Tests.dll" adapterTypeName="executor://mstestadapter/v2" className="Eliassen.System.Tests.Reflection.EnumExtensionsTests" name="ToEnumTest" />
    </UnitTest>
    <UnitTest name="MakeSafeArrayTest" storage="d:\repos\nu2\netapi\framework\eliassen.system.tests\bin\debug\net7.0\eliassen.system.tests.dll" id="2f56b32e-ea97-c552-8dea-074dcb4e0dc0">
      <TestCategory>
        <TestCategoryItem TestCategory="Unit" />
      </TestCategory>
      <Execution id="0ae3200a-cb99-4889-acc4-d69f03ce0ad3" />
      <TestMethod codeBase="D:\Repos\Nu2\NetApi\Framework\Eliassen.System.Tests\bin\Debug\net7.0\Eliassen.System.Tests.dll" adapterTypeName="executor://mstestadapter/v2" className="Eliassen.System.Tests.Reflection.ReflectionExtensionsTests" name="MakeSafeArrayTest" />
    </UnitTest>
    <UnitTest name="VisitTest_StartsWith (Hello,he,True)" storage="d:\repos\nu2\netapi\framework\eliassen.system.tests\bin\debug\net7.0\eliassen.system.tests.dll" id="7ab54727-ffaa-5e4a-ef48-e7910312bbed">
      <TestCategory>
        <TestCategoryItem TestCategory="Unit" />
      </TestCategory>
      <Execution id="971bae9a-1d48-4133-9bfa-440aa1b1360f" />
      <TestMethod codeBase="D:\Repos\Nu2\NetApi\Framework\Eliassen.System.Tests\bin\Debug\net7.0\Eliassen.System.Tests.dll" adapterTypeName="executor://mstestadapter/v2" className="Eliassen.System.Tests.Linq.Expressions.StringComparisonReplacementExpressionVisitorTests" name="VisitTest_StartsWith" />
    </UnitTest>
    <UnitTest name="ToEnumTest (Val2|Val1,Val1, Val2)" storage="d:\repos\nu2\netapi\framework\eliassen.system.tests\bin\debug\net7.0\eliassen.system.tests.dll" id="0cc4eb6e-1272-c5ec-9f29-47d8f418e2d9">
      <TestCategory>
        <TestCategoryItem TestCategory="Unit" />
      </TestCategory>
      <Execution id="860ba6c5-d650-49c5-8f3a-3ca60b9cc339" />
      <TestMethod codeBase="D:\Repos\Nu2\NetApi\Framework\Eliassen.System.Tests\bin\Debug\net7.0\Eliassen.System.Tests.dll" adapterTypeName="executor://mstestadapter/v2" className="Eliassen.System.Tests.Reflection.EnumExtensionsTests" name="ToEnumTest" />
    </UnitTest>
    <UnitTest name="VisitTest_Contains (Hello,EL,True)" storage="d:\repos\nu2\netapi\framework\eliassen.system.tests\bin\debug\net7.0\eliassen.system.tests.dll" id="37c1a70c-f4a5-ed8d-5b4c-26c0b3e51803">
      <TestCategory>
        <TestCategoryItem TestCategory="Unit" />
      </TestCategory>
      <Execution id="45d75998-09c2-4d15-af62-40916c86af5a" />
      <TestMethod codeBase="D:\Repos\Nu2\NetApi\Framework\Eliassen.System.Tests\bin\Debug\net7.0\Eliassen.System.Tests.dll" adapterTypeName="executor://mstestadapter/v2" className="Eliassen.System.Tests.Linq.Expressions.StringComparisonReplacementExpressionVisitorTests" name="VisitTest_Contains" />
    </UnitTest>
    <UnitTest name="AddResultTest_Object" storage="d:\repos\nu2\netapi\framework\eliassen.testutilities.tests\bin\debug\net7.0\eliassen.testutilities.tests.dll" id="419ef0dc-c4eb-bdc4-db64-68fe0fa43397">
      <TestCategory>
        <TestCategoryItem TestCategory="Unit" />
      </TestCategory>
      <Execution id="57151bb7-577f-459e-b3d3-e8ebe1b86dc0" />
      <TestMethod codeBase="D:\Repos\Nu2\NetApi\Framework\Eliassen.TestUtilities.Tests\bin\Debug\net7.0\Eliassen.TestUtilities.Tests.dll" adapterTypeName="executor://mstestadapter/v2" className="Eliassen.TestUtilities.Tests.TextContextExtensionsTests" name="AddResultTest_Object" />
    </UnitTest>
    <UnitTest name="ToEnumTest (3,Val1, Val2)" storage="d:\repos\nu2\netapi\framework\eliassen.system.tests\bin\debug\net7.0\eliassen.system.tests.dll" id="f155f6c0-fb32-2108-c6a4-e7372ec029e0">
      <TestCategory>
        <TestCategoryItem TestCategory="Unit" />
      </TestCategory>
      <Execution id="afa7a0a7-9696-4b62-927a-216692062b54" />
      <TestMethod codeBase="D:\Repos\Nu2\NetApi\Framework\Eliassen.System.Tests\bin\Debug\net7.0\Eliassen.System.Tests.dll" adapterTypeName="executor://mstestadapter/v2" className="Eliassen.System.Tests.Reflection.EnumExtensionsTests" name="ToEnumTest" />
    </UnitTest>
    <UnitTest name="ToEnumTest (no data,)" storage="d:\repos\nu2\netapi\framework\eliassen.system.tests\bin\debug\net7.0\eliassen.system.tests.dll" id="8dab1de3-735f-cc36-974f-4fcc447d693a">
      <TestCategory>
        <TestCategoryItem TestCategory="Unit" />
      </TestCategory>
      <Execution id="08c0ea0d-aad7-496e-a9bd-d31e7cc9a4e5" />
      <TestMethod codeBase="D:\Repos\Nu2\NetApi\Framework\Eliassen.System.Tests\bin\Debug\net7.0\Eliassen.System.Tests.dll" adapterTypeName="executor://mstestadapter/v2" className="Eliassen.System.Tests.Reflection.EnumExtensionsTests" name="ToEnumTest" />
    </UnitTest>
    <UnitTest name="ToEnumTest (0,Val0)" storage="d:\repos\nu2\netapi\framework\eliassen.system.tests\bin\debug\net7.0\eliassen.system.tests.dll" id="79e91219-2061-1f5b-ec91-a4848392c58c">
      <TestCategory>
        <TestCategoryItem TestCategory="Unit" />
      </TestCategory>
      <Execution id="4c9718fa-b0c9-4b1e-8dad-2cf48c4d5562" />
      <TestMethod codeBase="D:\Repos\Nu2\NetApi\Framework\Eliassen.System.Tests\bin\Debug\net7.0\Eliassen.System.Tests.dll" adapterTypeName="executor://mstestadapter/v2" className="Eliassen.System.Tests.Reflection.EnumExtensionsTests" name="ToEnumTest" />
    </UnitTest>
    <UnitTest name="SerializeTest" storage="d:\repos\nu2\netapi\framework\eliassen.system.tests\bin\debug\net7.0\eliassen.system.tests.dll" id="83cb0395-740b-4b48-1b9a-9d0379b2c4b0">
      <TestCategory>
        <TestCategoryItem TestCategory="Unit" />
      </TestCategory>
      <Execution id="5cd1b970-1381-459c-bf38-3a80c811e63f" />
      <TestMethod codeBase="D:\Repos\Nu2\NetApi\Framework\Eliassen.System.Tests\bin\Debug\net7.0\Eliassen.System.Tests.dll" adapterTypeName="executor://mstestadapter/v2" className="Eliassen.System.Tests.Text.Json.BsonIdConverterTests" name="SerializeTest" />
    </UnitTest>
    <UnitTest name="GetTestDataAsyncTest_Targeted" storage="d:\repos\nu2\netapi\framework\eliassen.testutilities.tests\bin\debug\net7.0\eliassen.testutilities.tests.dll" id="01e51d56-c992-5e2d-f6ea-cf3f1977a589">
      <TestCategory>
        <TestCategoryItem TestCategory="Unit" />
      </TestCategory>
      <Execution id="bdcb4653-1e4b-4883-b524-db0b0de0f91b" />
      <TestMethod codeBase="D:\Repos\Nu2\NetApi\Framework\Eliassen.TestUtilities.Tests\bin\Debug\net7.0\Eliassen.TestUtilities.Tests.dll" adapterTypeName="executor://mstestadapter/v2" className="Eliassen.TestUtilities.Tests.TextContextExtensionsTests" name="GetTestDataAsyncTest_Targeted" />
    </UnitTest>
    <UnitTest name="ExecuteByTest_Sort (Name,Ascending,0,1,10,100,101,102,103,104,105,106)" storage="d:\repos\nu2\netapi\framework\eliassen.system.tests\bin\debug\net7.0\eliassen.system.tests.dll" id="cf24153f-de1a-65b4-4e24-cb6c2c726214">
      <TestCategory>
        <TestCategoryItem TestCategory="Unit" />
      </TestCategory>
      <Execution id="0adc96e8-84f1-4306-ab89-8c77b2f21565" />
      <TestMethod codeBase="D:\Repos\Nu2\NetApi\Framework\Eliassen.System.Tests\bin\Debug\net7.0\Eliassen.System.Tests.dll" adapterTypeName="executor://mstestadapter/v2" className="Eliassen.System.Tests.Linq.QueryableExtensionsTests" name="ExecuteByTest_Sort" />
    </UnitTest>
    <UnitTest name="AsModelsTest2" storage="d:\repos\nu2\netapi\framework\eliassen.system.tests\bin\debug\net7.0\eliassen.system.tests.dll" id="870b9428-08e8-f91f-14b9-7fcf33dc2d0f">
      <TestCategory>
        <TestCategoryItem TestCategory="Unit" />
      </TestCategory>
      <Execution id="9fa77026-9cfb-43c2-b730-e39bbc353bf9" />
      <TestMethod codeBase="D:\Repos\Nu2\NetApi\Framework\Eliassen.System.Tests\bin\Debug\net7.0\Eliassen.System.Tests.dll" adapterTypeName="executor://mstestadapter/v2" className="Eliassen.System.Tests.Reflection.EnumExtensionsTests" name="AsModelsTest2" />
    </UnitTest>
    <UnitTest name="MakeSafeTest" storage="d:\repos\nu2\netapi\framework\eliassen.system.tests\bin\debug\net7.0\eliassen.system.tests.dll" id="e350703c-47df-56f0-b995-a52c38b53eca">
      <TestCategory>
        <TestCategoryItem TestCategory="Unit" />
      </TestCategory>
      <Execution id="afa3bdbe-9fb8-4210-bbda-7894c2f22ab1" />
      <TestMethod codeBase="D:\Repos\Nu2\NetApi\Framework\Eliassen.System.Tests\bin\Debug\net7.0\Eliassen.System.Tests.dll" adapterTypeName="executor://mstestadapter/v2" className="Eliassen.System.Tests.Reflection.ReflectionExtensionsTests" name="MakeSafeTest" />
    </UnitTest>
    <UnitTest name="GetTestDataAsyncTest_Stream" storage="d:\repos\nu2\netapi\framework\eliassen.testutilities.tests\bin\debug\net7.0\eliassen.testutilities.tests.dll" id="09f85366-159b-5dce-cdaa-bbbd3e98347c">
      <TestCategory>
        <TestCategoryItem TestCategory="Unit" />
      </TestCategory>
      <Execution id="9b90ef99-6480-4df5-9f02-49a5d42d4119" />
      <TestMethod codeBase="D:\Repos\Nu2\NetApi\Framework\Eliassen.TestUtilities.Tests\bin\Debug\net7.0\Eliassen.TestUtilities.Tests.dll" adapterTypeName="executor://mstestadapter/v2" className="Eliassen.TestUtilities.Tests.TextContextExtensionsTests" name="GetTestDataAsyncTest_Stream" />
    </UnitTest>
    <UnitTest name="VisitTest_Contains (Hello,el,True)" storage="d:\repos\nu2\netapi\framework\eliassen.system.tests\bin\debug\net7.0\eliassen.system.tests.dll" id="6cc20714-42d5-4095-4855-f0359aa8ddcb">
      <TestCategory>
        <TestCategoryItem TestCategory="Unit" />
      </TestCategory>
      <Execution id="4029fe46-4e7a-42e2-bc23-ae8646005b95" />
      <TestMethod codeBase="D:\Repos\Nu2\NetApi\Framework\Eliassen.System.Tests\bin\Debug\net7.0\Eliassen.System.Tests.dll" adapterTypeName="executor://mstestadapter/v2" className="Eliassen.System.Tests.Linq.Expressions.StringComparisonReplacementExpressionVisitorTests" name="VisitTest_Contains" />
    </UnitTest>
    <UnitTest name="GetResourceFromJsonTest" storage="d:\repos\nu2\netapi\framework\eliassen.system.tests\bin\debug\net7.0\eliassen.system.tests.dll" id="65b4a990-8424-f23f-9b61-155855edf172">
      <TestCategory>
        <TestCategoryItem TestCategory="Unit" />
      </TestCategory>
      <Execution id="a1b01fb3-a409-419c-86e5-a987bbcae237" />
      <TestMethod codeBase="D:\Repos\Nu2\NetApi\Framework\Eliassen.System.Tests\bin\Debug\net7.0\Eliassen.System.Tests.dll" adapterTypeName="executor://mstestadapter/v2" className="Eliassen.System.Tests.Reflection.ResourceExtensionsTests" name="GetResourceFromJsonTest" />
    </UnitTest>
    <UnitTest name="VisitTest_Equals (Hello,HeLlO,True)" storage="d:\repos\nu2\netapi\framework\eliassen.system.tests\bin\debug\net7.0\eliassen.system.tests.dll" id="b08bb3d7-5d34-672a-c457-8e6d2e3c115a">
      <TestCategory>
        <TestCategoryItem TestCategory="Unit" />
      </TestCategory>
      <Execution id="2925a1ac-a99e-45a2-a4fd-98e178b828f7" />
      <TestMethod codeBase="D:\Repos\Nu2\NetApi\Framework\Eliassen.System.Tests\bin\Debug\net7.0\Eliassen.System.Tests.dll" adapterTypeName="executor://mstestadapter/v2" className="Eliassen.System.Tests.Linq.Expressions.StringComparisonReplacementExpressionVisitorTests" name="VisitTest_Equals" />
    </UnitTest>
    <UnitTest name="GetHash (Hello World!,7Qdih1MuhjZehB6Sv8UNjA==)" storage="d:\repos\nu2\netapi\framework\eliassen.system.tests\bin\debug\net7.0\eliassen.system.tests.dll" id="f13dac4d-0e90-b077-3031-244f15b96c77">
      <TestCategory>
        <TestCategoryItem TestCategory="Unit" />
      </TestCategory>
      <Execution id="c9822f42-ad79-4415-8563-53e833c194d5" />
      <TestMethod codeBase="D:\Repos\Nu2\NetApi\Framework\Eliassen.System.Tests\bin\Debug\net7.0\Eliassen.System.Tests.dll" adapterTypeName="executor://mstestadapter/v2" className="Eliassen.System.Tests.Security.Cryptography.HashTests" name="GetHash" />
    </UnitTest>
    <UnitTest name="GetSearchablePropertyNames_TestTargetModel" storage="d:\repos\nu2\netapi\framework\eliassen.system.tests\bin\debug\net7.0\eliassen.system.tests.dll" id="9c016915-9649-a737-5d1d-30f1b46f0f52">
      <TestCategory>
        <TestCategoryItem TestCategory="Unit" />
      </TestCategory>
      <Execution id="f3424011-f225-4bdc-9723-cca536bc43d2" />
      <TestMethod codeBase="D:\Repos\Nu2\NetApi\Framework\Eliassen.System.Tests\bin\Debug\net7.0\Eliassen.System.Tests.dll" adapterTypeName="executor://mstestadapter/v2" className="Eliassen.System.Tests.Linq.Expressions.ExpressionTreeBuilderTests" name="GetSearchablePropertyNames_TestTargetModel" />
    </UnitTest>
    <UnitTest name="GetShortTypeNameTests" storage="d:\repos\nu2\netapi\framework\eliassen.system.tests\bin\debug\net7.0\eliassen.system.tests.dll" id="67b6a854-1fe4-5528-77d6-501bd90b9a20">
      <TestCategory>
        <TestCategoryItem TestCategory="Unit" />
      </TestCategory>
      <Execution id="d6603f53-414c-469b-9b22-fb88a0a03c5b" />
      <TestMethod codeBase="D:\Repos\Nu2\NetApi\Framework\Eliassen.System.Tests\bin\Debug\net7.0\Eliassen.System.Tests.dll" adapterTypeName="executor://mstestadapter/v2" className="Eliassen.System.Tests.Reflection.ReflectionExtensionsTests" name="GetShortTypeNameTests" />
    </UnitTest>
    <UnitTest name="GetFilterablePropertyNamesTest_TestTarget3Model" storage="d:\repos\nu2\netapi\framework\eliassen.system.tests\bin\debug\net7.0\eliassen.system.tests.dll" id="dcab6442-3647-193e-5b50-9725bbfda52b">
      <TestCategory>
        <TestCategoryItem TestCategory="Unit" />
      </TestCategory>
      <Execution id="8ff794e6-9ecb-40e8-8138-ced91a6d7f0b" />
      <TestMethod codeBase="D:\Repos\Nu2\NetApi\Framework\Eliassen.System.Tests\bin\Debug\net7.0\Eliassen.System.Tests.dll" adapterTypeName="executor://mstestadapter/v2" className="Eliassen.System.Tests.Linq.Expressions.ExpressionTreeBuilderTests" name="GetFilterablePropertyNamesTest_TestTarget3Model" />
    </UnitTest>
    <UnitTest name="AddResultTest_Object_WithFileNameAndChangeExtension" storage="d:\repos\nu2\netapi\framework\eliassen.testutilities.tests\bin\debug\net7.0\eliassen.testutilities.tests.dll" id="6e40d08d-5283-ed81-5042-cf4b25b8a9b0">
      <TestCategory>
        <TestCategoryItem TestCategory="Unit" />
      </TestCategory>
      <Execution id="d43d8cd5-963c-404b-a614-0a0723a74918" />
      <TestMethod codeBase="D:\Repos\Nu2\NetApi\Framework\Eliassen.TestUtilities.Tests\bin\Debug\net7.0\Eliassen.TestUtilities.Tests.dll" adapterTypeName="executor://mstestadapter/v2" className="Eliassen.TestUtilities.Tests.TextContextExtensionsTests" name="AddResultTest_Object_WithFileNameAndChangeExtension" />
    </UnitTest>
    <UnitTest name="ToEnumTest (test short,WithDisplay)" storage="d:\repos\nu2\netapi\framework\eliassen.system.tests\bin\debug\net7.0\eliassen.system.tests.dll" id="4f2f1fea-5ab9-35a3-8cb2-a290a1876ccc">
      <TestCategory>
        <TestCategoryItem TestCategory="Unit" />
      </TestCategory>
      <Execution id="6df53195-d705-4caa-8383-1dd0ab0e6baa" />
      <TestMethod codeBase="D:\Repos\Nu2\NetApi\Framework\Eliassen.System.Tests\bin\Debug\net7.0\Eliassen.System.Tests.dll" adapterTypeName="executor://mstestadapter/v2" className="Eliassen.System.Tests.Reflection.EnumExtensionsTests" name="ToEnumTest" />
    </UnitTest>
    <UnitTest name="GetTestDataAsyncTest_String" storage="d:\repos\nu2\netapi\framework\eliassen.testutilities.tests\bin\debug\net7.0\eliassen.testutilities.tests.dll" id="5bb4fd62-5d31-f92e-3aec-4b3c222ba16c">
      <TestCategory>
        <TestCategoryItem TestCategory="Unit" />
      </TestCategory>
      <Execution id="c380eed2-ba13-463d-b495-9866cf9dc369" />
      <TestMethod codeBase="D:\Repos\Nu2\NetApi\Framework\Eliassen.TestUtilities.Tests\bin\Debug\net7.0\Eliassen.TestUtilities.Tests.dll" adapterTypeName="executor://mstestadapter/v2" className="Eliassen.TestUtilities.Tests.TextContextExtensionsTests" name="GetTestDataAsyncTest_String" />
    </UnitTest>
    <UnitTest name="ToEnumTest (Val2, Val1,Val1, Val2)" storage="d:\repos\nu2\netapi\framework\eliassen.system.tests\bin\debug\net7.0\eliassen.system.tests.dll" id="9ad738ba-d149-7ba8-5868-8ea36334d100">
      <TestCategory>
        <TestCategoryItem TestCategory="Unit" />
      </TestCategory>
      <Execution id="cd996f61-70aa-4a08-9fee-ec98f676c578" />
      <TestMethod codeBase="D:\Repos\Nu2\NetApi\Framework\Eliassen.System.Tests\bin\Debug\net7.0\Eliassen.System.Tests.dll" adapterTypeName="executor://mstestadapter/v2" className="Eliassen.System.Tests.Reflection.EnumExtensionsTests" name="ToEnumTest" />
    </UnitTest>
    <UnitTest name="ExecuteByTest_Filter" storage="d:\repos\nu2\netapi\framework\eliassen.system.tests\bin\debug\net7.0\eliassen.system.tests.dll" id="b6498f29-1231-5fcf-4954-1746daa0500d">
      <TestCategory>
        <TestCategoryItem TestCategory="Unit" />
      </TestCategory>
      <Execution id="fcd9ace2-09ee-40fc-89c3-dca415cef140" />
      <TestMethod codeBase="D:\Repos\Nu2\NetApi\Framework\Eliassen.System.Tests\bin\Debug\net7.0\Eliassen.System.Tests.dll" adapterTypeName="executor://mstestadapter/v2" className="Eliassen.System.Tests.Linq.QueryableExtensionsTests" name="ExecuteByTest_Filter" />
    </UnitTest>
    <UnitTest name="AddResultTest_Json" storage="d:\repos\nu2\netapi\framework\eliassen.testutilities.tests\bin\debug\net7.0\eliassen.testutilities.tests.dll" id="8aec3498-0c1a-9091-2458-51d1c67933bf">
      <TestCategory>
        <TestCategoryItem TestCategory="Unit" />
      </TestCategory>
      <Execution id="2b4e203e-ef01-45f1-98c8-ab7e3757fdc7" />
      <TestMethod codeBase="D:\Repos\Nu2\NetApi\Framework\Eliassen.TestUtilities.Tests\bin\Debug\net7.0\Eliassen.TestUtilities.Tests.dll" adapterTypeName="executor://mstestadapter/v2" className="Eliassen.TestUtilities.Tests.TextContextExtensionsTests" name="AddResultTest_Json" />
    </UnitTest>
    <UnitTest name="VisitTest_Equals (Hello,,False)" storage="d:\repos\nu2\netapi\framework\eliassen.system.tests\bin\debug\net7.0\eliassen.system.tests.dll" id="92d311d0-315a-2b67-a035-7b4e08a07dd8">
      <TestCategory>
        <TestCategoryItem TestCategory="Unit" />
      </TestCategory>
      <Execution id="9b1932df-b17e-4c68-827b-460d09819613" />
      <TestMethod codeBase="D:\Repos\Nu2\NetApi\Framework\Eliassen.System.Tests\bin\Debug\net7.0\Eliassen.System.Tests.dll" adapterTypeName="executor://mstestadapter/v2" className="Eliassen.System.Tests.Linq.Expressions.SkipInstanceMethodOnNullExpressionVisitorTests" name="VisitTest_Equals" />
    </UnitTest>
    <UnitTest name="DeserializeTest_Value ({&quot;Nullable&quot;:{&quot;$date&quot;:&quot;2023-07-05T14:16:32.2015217-04:00&quot;},&quot;Value&quot;:{&quot;$date&quot;:&quot;0001-01-01T00:00:00+00:00&quot;}},0001-01-01T00:00:00+00:00)" storage="d:\repos\nu2\netapi\framework\eliassen.system.tests\bin\debug\net7.0\eliassen.system.tests.dll" id="6af366a4-2dec-4a9c-8783-938be9207f5b">
      <TestCategory>
        <TestCategoryItem TestCategory="Unit" />
      </TestCategory>
      <Execution id="97f33548-ae6d-4e6f-b30b-1a6a7fdb5218" />
      <TestMethod codeBase="D:\Repos\Nu2\NetApi\Framework\Eliassen.System.Tests\bin\Debug\net7.0\Eliassen.System.Tests.dll" adapterTypeName="executor://mstestadapter/v2" className="Eliassen.System.Tests.Text.Json.BsonDateConverterTests" name="DeserializeTest_Value" />
    </UnitTest>
    <UnitTest name="GetSortablePropertyNamesTest_TestTarget3Model" storage="d:\repos\nu2\netapi\framework\eliassen.system.tests\bin\debug\net7.0\eliassen.system.tests.dll" id="53c31e49-be7f-689b-3cd7-03a9033ae78d">
      <TestCategory>
        <TestCategoryItem TestCategory="Unit" />
      </TestCategory>
      <Execution id="f93953cb-de57-44d1-92fa-2e51a46da64f" />
      <TestMethod codeBase="D:\Repos\Nu2\NetApi\Framework\Eliassen.System.Tests\bin\Debug\net7.0\Eliassen.System.Tests.dll" adapterTypeName="executor://mstestadapter/v2" className="Eliassen.System.Tests.Linq.Expressions.ExpressionTreeBuilderTests" name="GetSortablePropertyNamesTest_TestTarget3Model" />
    </UnitTest>
    <UnitTest name="VisitTest_EqualOperator (Hello,HELLO,True)" storage="d:\repos\nu2\netapi\framework\eliassen.system.tests\bin\debug\net7.0\eliassen.system.tests.dll" id="429bea00-ef23-00e4-9d59-b93408bb216b">
      <TestCategory>
        <TestCategoryItem TestCategory="Unit" />
      </TestCategory>
      <Execution id="1328a345-75dd-4b2d-bd0e-24537e2fa3b3" />
      <TestMethod codeBase="D:\Repos\Nu2\NetApi\Framework\Eliassen.System.Tests\bin\Debug\net7.0\Eliassen.System.Tests.dll" adapterTypeName="executor://mstestadapter/v2" className="Eliassen.System.Tests.Linq.Expressions.StringComparisonReplacementExpressionVisitorTests" name="VisitTest_EqualOperator" />
    </UnitTest>
    <UnitTest name="AddResultTest_Stream" storage="d:\repos\nu2\netapi\framework\eliassen.testutilities.tests\bin\debug\net7.0\eliassen.testutilities.tests.dll" id="bb6d8621-db33-2366-8e82-a87beebdef19">
      <TestCategory>
        <TestCategoryItem TestCategory="Unit" />
      </TestCategory>
      <Execution id="18e2552b-ad40-45bc-8933-8bc78f85f0cf" />
      <TestMethod codeBase="D:\Repos\Nu2\NetApi\Framework\Eliassen.TestUtilities.Tests\bin\Debug\net7.0\Eliassen.TestUtilities.Tests.dll" adapterTypeName="executor://mstestadapter/v2" className="Eliassen.TestUtilities.Tests.TextContextExtensionsTests" name="AddResultTest_Stream" />
    </UnitTest>
    <UnitTest name="ToEnumTest (Val2,Val1,Val1, Val2)" storage="d:\repos\nu2\netapi\framework\eliassen.system.tests\bin\debug\net7.0\eliassen.system.tests.dll" id="79594eae-82c5-8868-ff27-66d8213d57a5">
      <TestCategory>
        <TestCategoryItem TestCategory="Unit" />
      </TestCategory>
      <Execution id="ae7cece6-761e-4aff-a447-e1c4b964c5aa" />
      <TestMethod codeBase="D:\Repos\Nu2\NetApi\Framework\Eliassen.System.Tests\bin\Debug\net7.0\Eliassen.System.Tests.dll" adapterTypeName="executor://mstestadapter/v2" className="Eliassen.System.Tests.Reflection.EnumExtensionsTests" name="ToEnumTest" />
    </UnitTest>
    <UnitTest name="VisitTest_StartsWith (Hello,HE,True)" storage="d:\repos\nu2\netapi\framework\eliassen.system.tests\bin\debug\net7.0\eliassen.system.tests.dll" id="f5197edd-d0ef-4a92-f867-bf3ce57f244b">
      <TestCategory>
        <TestCategoryItem TestCategory="Unit" />
      </TestCategory>
      <Execution id="c007c388-faa9-458c-a8a9-021fa61cf8fa" />
      <TestMethod codeBase="D:\Repos\Nu2\NetApi\Framework\Eliassen.System.Tests\bin\Debug\net7.0\Eliassen.System.Tests.dll" adapterTypeName="executor://mstestadapter/v2" className="Eliassen.System.Tests.Linq.Expressions.StringComparisonReplacementExpressionVisitorTests" name="VisitTest_StartsWith" />
    </UnitTest>
    <UnitTest name="AddResultTest_Object_WithFileNameRemoveExtension" storage="d:\repos\nu2\netapi\framework\eliassen.testutilities.tests\bin\debug\net7.0\eliassen.testutilities.tests.dll" id="94603f64-5739-e688-dcfd-6687308b4a9a">
      <TestCategory>
        <TestCategoryItem TestCategory="Unit" />
      </TestCategory>
      <Execution id="229352cb-0b93-4877-bf63-a138be50d539" />
      <TestMethod codeBase="D:\Repos\Nu2\NetApi\Framework\Eliassen.TestUtilities.Tests\bin\Debug\net7.0\Eliassen.TestUtilities.Tests.dll" adapterTypeName="executor://mstestadapter/v2" className="Eliassen.TestUtilities.Tests.TextContextExtensionsTests" name="AddResultTest_Object_WithFileNameRemoveExtension" />
    </UnitTest>
    <UnitTest name="ToEnumTest (Val2 , Val1,Val1, Val2)" storage="d:\repos\nu2\netapi\framework\eliassen.system.tests\bin\debug\net7.0\eliassen.system.tests.dll" id="e2c6ee1f-e08e-fbdc-9835-4e616dec7d9c">
      <TestCategory>
        <TestCategoryItem TestCategory="Unit" />
      </TestCategory>
      <Execution id="347c882e-84f4-4c7b-9b85-f9c8c51c1095" />
      <TestMethod codeBase="D:\Repos\Nu2\NetApi\Framework\Eliassen.System.Tests\bin\Debug\net7.0\Eliassen.System.Tests.dll" adapterTypeName="executor://mstestadapter/v2" className="Eliassen.System.Tests.Reflection.EnumExtensionsTests" name="ToEnumTest" />
    </UnitTest>
    <UnitTest name="AddResultTest_String" storage="d:\repos\nu2\netapi\framework\eliassen.testutilities.tests\bin\debug\net7.0\eliassen.testutilities.tests.dll" id="de980556-11bb-d6e9-c03a-e5592a3218d5">
      <TestCategory>
        <TestCategoryItem TestCategory="Unit" />
      </TestCategory>
      <Execution id="da48edcf-0cf5-4ca5-8d87-317c2ca6fe88" />
      <TestMethod codeBase="D:\Repos\Nu2\NetApi\Framework\Eliassen.TestUtilities.Tests\bin\Debug\net7.0\Eliassen.TestUtilities.Tests.dll" adapterTypeName="executor://mstestadapter/v2" className="Eliassen.TestUtilities.Tests.TextContextExtensionsTests" name="AddResultTest_String" />
    </UnitTest>
    <UnitTest name="VisitTest_Contains (Hello,eL,True)" storage="d:\repos\nu2\netapi\framework\eliassen.system.tests\bin\debug\net7.0\eliassen.system.tests.dll" id="3da7e5a6-9ecd-4155-2d2b-bd809533bab0">
      <TestCategory>
        <TestCategoryItem TestCategory="Unit" />
      </TestCategory>
      <Execution id="52f8669f-fdd4-4f59-9d7b-e702d90e2d78" />
      <TestMethod codeBase="D:\Repos\Nu2\NetApi\Framework\Eliassen.System.Tests\bin\Debug\net7.0\Eliassen.System.Tests.dll" adapterTypeName="executor://mstestadapter/v2" className="Eliassen.System.Tests.Linq.Expressions.StringComparisonReplacementExpressionVisitorTests" name="VisitTest_Contains" />
    </UnitTest>
    <UnitTest name="GetResourceStreamTest_ByType" storage="d:\repos\nu2\netapi\framework\eliassen.system.tests\bin\debug\net7.0\eliassen.system.tests.dll" id="63fad722-7037-7050-fa28-b32ff1a4ec2f">
      <TestCategory>
        <TestCategoryItem TestCategory="Unit" />
      </TestCategory>
      <Execution id="59c863b2-6228-41bb-8125-d66de4b68250" />
      <TestMethod codeBase="D:\Repos\Nu2\NetApi\Framework\Eliassen.System.Tests\bin\Debug\net7.0\Eliassen.System.Tests.dll" adapterTypeName="executor://mstestadapter/v2" className="Eliassen.System.Tests.Reflection.ResourceExtensionsTests" name="GetResourceStreamTest_ByType" />
    </UnitTest>
    <UnitTest name="ToEnumTest (test description,WithDescription)" storage="d:\repos\nu2\netapi\framework\eliassen.system.tests\bin\debug\net7.0\eliassen.system.tests.dll" id="e1df6847-9ce6-b881-a551-2425c3d4dc0a">
      <TestCategory>
        <TestCategoryItem TestCategory="Unit" />
      </TestCategory>
      <Execution id="05f9fbdd-4de8-4610-a233-3d55c01d758f" />
      <TestMethod codeBase="D:\Repos\Nu2\NetApi\Framework\Eliassen.System.Tests\bin\Debug\net7.0\Eliassen.System.Tests.dll" adapterTypeName="executor://mstestadapter/v2" className="Eliassen.System.Tests.Reflection.EnumExtensionsTests" name="ToEnumTest" />
    </UnitTest>
    <UnitTest name="TryParseTest" storage="d:\repos\nu2\netapi\framework\eliassen.system.tests\bin\debug\net7.0\eliassen.system.tests.dll" id="7fd160bc-3b5b-e6e2-40ae-1974536260f2">
      <TestCategory>
        <TestCategoryItem TestCategory="Unit" />
      </TestCategory>
      <Execution id="5b01a41c-0574-43ae-b165-89f1137b30dc" />
      <TestMethod codeBase="D:\Repos\Nu2\NetApi\Framework\Eliassen.System.Tests\bin\Debug\net7.0\Eliassen.System.Tests.dll" adapterTypeName="executor://mstestadapter/v2" className="Eliassen.System.Tests.Reflection.ReflectionExtensionsTests" name="TryParseTest" />
    </UnitTest>
    <UnitTest name="VisitTest_Equals (Hello,hello,False)" storage="d:\repos\nu2\netapi\framework\eliassen.system.tests\bin\debug\net7.0\eliassen.system.tests.dll" id="9519dfdc-dbb6-dbe3-6b41-92c4f7f3c9f9">
      <TestCategory>
        <TestCategoryItem TestCategory="Unit" />
      </TestCategory>
      <Execution id="e3d75855-98a6-4836-ba87-84dfe730e9c6" />
      <TestMethod codeBase="D:\Repos\Nu2\NetApi\Framework\Eliassen.System.Tests\bin\Debug\net7.0\Eliassen.System.Tests.dll" adapterTypeName="executor://mstestadapter/v2" className="Eliassen.System.Tests.Linq.Expressions.SkipInstanceMethodOnNullExpressionVisitorTests" name="VisitTest_Equals" />
    </UnitTest>
    <UnitTest name="AddResultTest_Lines" storage="d:\repos\nu2\netapi\framework\eliassen.testutilities.tests\bin\debug\net7.0\eliassen.testutilities.tests.dll" id="ed2eb3a8-9a8f-8428-0d0a-7e6a2f6200e2">
      <TestCategory>
        <TestCategoryItem TestCategory="Unit" />
      </TestCategory>
      <Execution id="de6be8df-fdea-4e18-8d0a-9ef0ac6e5082" />
      <TestMethod codeBase="D:\Repos\Nu2\NetApi\Framework\Eliassen.TestUtilities.Tests\bin\Debug\net7.0\Eliassen.TestUtilities.Tests.dll" adapterTypeName="executor://mstestadapter/v2" className="Eliassen.TestUtilities.Tests.TextContextExtensionsTests" name="AddResultTest_Lines" />
    </UnitTest>
    <UnitTest name="ToEnumTest (2,Val2)" storage="d:\repos\nu2\netapi\framework\eliassen.system.tests\bin\debug\net7.0\eliassen.system.tests.dll" id="b1db68ac-3861-8d24-4c33-2f9c14693ed1">
      <TestCategory>
        <TestCategoryItem TestCategory="Unit" />
      </TestCategory>
      <Execution id="63f6c4f3-de49-42bd-8fb1-28956e4191b2" />
      <TestMethod codeBase="D:\Repos\Nu2\NetApi\Framework\Eliassen.System.Tests\bin\Debug\net7.0\Eliassen.System.Tests.dll" adapterTypeName="executor://mstestadapter/v2" className="Eliassen.System.Tests.Reflection.EnumExtensionsTests" name="ToEnumTest" />
    </UnitTest>
    <UnitTest name="VisitTest_EndsWith (Hello,LO,True)" storage="d:\repos\nu2\netapi\framework\eliassen.system.tests\bin\debug\net7.0\eliassen.system.tests.dll" id="deef7ad8-cc1d-09cf-900c-db623c3eb404">
      <TestCategory>
        <TestCategoryItem TestCategory="Unit" />
      </TestCategory>
      <Execution id="5adb06e6-5b31-4a09-97f8-9546f9dda60b" />
      <TestMethod codeBase="D:\Repos\Nu2\NetApi\Framework\Eliassen.System.Tests\bin\Debug\net7.0\Eliassen.System.Tests.dll" adapterTypeName="executor://mstestadapter/v2" className="Eliassen.System.Tests.Linq.Expressions.StringComparisonReplacementExpressionVisitorTests" name="VisitTest_EndsWith" />
    </UnitTest>
    <UnitTest name="GetResourceStreamTest" storage="d:\repos\nu2\netapi\framework\eliassen.system.tests\bin\debug\net7.0\eliassen.system.tests.dll" id="5745a05f-6078-14a6-d124-e23b5e51504a">
      <TestCategory>
        <TestCategoryItem TestCategory="Unit" />
      </TestCategory>
      <Execution id="47d2e83b-ff75-46fc-af3f-2cf7d7fe9eaa" />
      <TestMethod codeBase="D:\Repos\Nu2\NetApi\Framework\Eliassen.System.Tests\bin\Debug\net7.0\Eliassen.System.Tests.dll" adapterTypeName="executor://mstestadapter/v2" className="Eliassen.System.Tests.Reflection.ResourceExtensionsTests" name="GetResourceStreamTest" />
    </UnitTest>
    <UnitTest name="DeserializeTest_Nullable ({&quot;Nullable&quot;:{&quot;$date&quot;:&quot;2023-07-05T14:16:32.2015217-04:00&quot;},&quot;Value&quot;:{&quot;$date&quot;:&quot;0001-01-01T00:00:00+00:00&quot;}},2023-07-05T14:16:32.2015217-04:00)" storage="d:\repos\nu2\netapi\framework\eliassen.system.tests\bin\debug\net7.0\eliassen.system.tests.dll" id="a51c6a7a-75e1-0622-60c8-7222f67cd4e4">
      <TestCategory>
        <TestCategoryItem TestCategory="Unit" />
      </TestCategory>
      <Execution id="b22b8342-ebe5-4089-8f7c-f4c5e20d2077" />
      <TestMethod codeBase="D:\Repos\Nu2\NetApi\Framework\Eliassen.System.Tests\bin\Debug\net7.0\Eliassen.System.Tests.dll" adapterTypeName="executor://mstestadapter/v2" className="Eliassen.System.Tests.Text.Json.BsonDateConverterTests" name="DeserializeTest_Nullable" />
    </UnitTest>
    <UnitTest name="ExecuteByTest_Page (1,-1,,,,1000,)" storage="d:\repos\nu2\netapi\framework\eliassen.system.tests\bin\debug\net7.0\eliassen.system.tests.dll" id="e498b849-10db-ce48-d748-8f0db54c7b7b">
      <TestCategory>
        <TestCategoryItem TestCategory="Unit" />
      </TestCategory>
      <Execution id="827900f2-741f-414d-957d-b046ae701a33" />
      <TestMethod codeBase="D:\Repos\Nu2\NetApi\Framework\Eliassen.System.Tests\bin\Debug\net7.0\Eliassen.System.Tests.dll" adapterTypeName="executor://mstestadapter/v2" className="Eliassen.System.Tests.Linq.QueryableExtensionsTests" name="ExecuteByTest_Page" />
    </UnitTest>
    <UnitTest name="GetSearchablePropertyNames_TestTarget3Model" storage="d:\repos\nu2\netapi\framework\eliassen.system.tests\bin\debug\net7.0\eliassen.system.tests.dll" id="94eba969-c82f-9e81-1248-494bdd4f32c8">
      <TestCategory>
        <TestCategoryItem TestCategory="Unit" />
      </TestCategory>
      <Execution id="e688605d-be12-49ab-80f3-abc48616519e" />
      <TestMethod codeBase="D:\Repos\Nu2\NetApi\Framework\Eliassen.System.Tests\bin\Debug\net7.0\Eliassen.System.Tests.dll" adapterTypeName="executor://mstestadapter/v2" className="Eliassen.System.Tests.Linq.Expressions.ExpressionTreeBuilderTests" name="GetSearchablePropertyNames_TestTarget3Model" />
    </UnitTest>
    <UnitTest name="GetResourceFromXmlTest" storage="d:\repos\nu2\netapi\framework\eliassen.system.tests\bin\debug\net7.0\eliassen.system.tests.dll" id="8ef63a3f-2208-ac88-5a22-493d4beeaeda">
      <TestCategory>
        <TestCategoryItem TestCategory="Unit" />
      </TestCategory>
      <Execution id="3a15e68e-2c16-4c79-b270-681143dae37f" />
      <TestMethod codeBase="D:\Repos\Nu2\NetApi\Framework\Eliassen.System.Tests\bin\Debug\net7.0\Eliassen.System.Tests.dll" adapterTypeName="executor://mstestadapter/v2" className="Eliassen.System.Tests.Reflection.ResourceExtensionsTests" name="GetResourceFromXmlTest" />
    </UnitTest>
    <UnitTest name="VisitTest_EndsWith (Hello,lo,True)" storage="d:\repos\nu2\netapi\framework\eliassen.system.tests\bin\debug\net7.0\eliassen.system.tests.dll" id="002081e5-457a-cb3a-fcfa-a07fcccc9fb3">
      <TestCategory>
        <TestCategoryItem TestCategory="Unit" />
      </TestCategory>
      <Execution id="dc69f9e4-1163-4736-8740-47d1b8d80596" />
      <TestMethod codeBase="D:\Repos\Nu2\NetApi\Framework\Eliassen.System.Tests\bin\Debug\net7.0\Eliassen.System.Tests.dll" adapterTypeName="executor://mstestadapter/v2" className="Eliassen.System.Tests.Linq.Expressions.StringComparisonReplacementExpressionVisitorTests" name="VisitTest_EndsWith" />
    </UnitTest>
    <UnitTest name="ExecuteByTest_Page (1,1,1000,1000,1,1,1)" storage="d:\repos\nu2\netapi\framework\eliassen.system.tests\bin\debug\net7.0\eliassen.system.tests.dll" id="574d1c3a-376c-cab6-e298-6b6d6e6628d3">
      <TestCategory>
        <TestCategoryItem TestCategory="Unit" />
      </TestCategory>
      <Execution id="3100c4f8-e6db-4baf-b629-c520325ff8cc" />
      <TestMethod codeBase="D:\Repos\Nu2\NetApi\Framework\Eliassen.System.Tests\bin\Debug\net7.0\Eliassen.System.Tests.dll" adapterTypeName="executor://mstestadapter/v2" className="Eliassen.System.Tests.Linq.QueryableExtensionsTests" name="ExecuteByTest_Page" />
    </UnitTest>
    <UnitTest name="AddResultFileTest_FileContent" storage="d:\repos\nu2\netapi\framework\eliassen.testutilities.tests\bin\debug\net7.0\eliassen.testutilities.tests.dll" id="4173abf6-6eee-31f5-7205-ad46c7104d49">
      <TestCategory>
        <TestCategoryItem TestCategory="Unit" />
      </TestCategory>
      <Execution id="4c6ac92d-7069-4878-98ec-d567eb21ebf0" />
      <TestMethod codeBase="D:\Repos\Nu2\NetApi\Framework\Eliassen.TestUtilities.Tests\bin\Debug\net7.0\Eliassen.TestUtilities.Tests.dll" adapterTypeName="executor://mstestadapter/v2" className="Eliassen.TestUtilities.Tests.TextContextExtensionsTests" name="AddResultFileTest_FileContent" />
    </UnitTest>
    <UnitTest name="GetSearchablePropertyNames_TestTarget2Model" storage="d:\repos\nu2\netapi\framework\eliassen.system.tests\bin\debug\net7.0\eliassen.system.tests.dll" id="7a9a1822-3db2-a438-faf7-05813fd14fc1">
      <TestCategory>
        <TestCategoryItem TestCategory="Unit" />
      </TestCategory>
      <Execution id="68c6bbb0-4165-499d-99ec-8b920bff7885" />
      <TestMethod codeBase="D:\Repos\Nu2\NetApi\Framework\Eliassen.System.Tests\bin\Debug\net7.0\Eliassen.System.Tests.dll" adapterTypeName="executor://mstestadapter/v2" className="Eliassen.System.Tests.Linq.Expressions.ExpressionTreeBuilderTests" name="GetSearchablePropertyNames_TestTarget2Model" />
    </UnitTest>
    <UnitTest name="GetSortablePropertyNamesTest_TestTargetModel" storage="d:\repos\nu2\netapi\framework\eliassen.system.tests\bin\debug\net7.0\eliassen.system.tests.dll" id="f90f5d2f-9a6e-b4bc-022c-ce37e3e49a29">
      <TestCategory>
        <TestCategoryItem TestCategory="Unit" />
      </TestCategory>
      <Execution id="63803c5c-14cb-4013-996e-784b1dd9cf7a" />
      <TestMethod codeBase="D:\Repos\Nu2\NetApi\Framework\Eliassen.System.Tests\bin\Debug\net7.0\Eliassen.System.Tests.dll" adapterTypeName="executor://mstestadapter/v2" className="Eliassen.System.Tests.Linq.Expressions.ExpressionTreeBuilderTests" name="GetSortablePropertyNamesTest_TestTargetModel" />
    </UnitTest>
    <UnitTest name="ExecuteByTest_Sort (Name,Descending,999,998,997,996,995,994,993,992,991,990)" storage="d:\repos\nu2\netapi\framework\eliassen.system.tests\bin\debug\net7.0\eliassen.system.tests.dll" id="c2031dba-5c95-befc-11f3-88687b34670f">
      <TestCategory>
        <TestCategoryItem TestCategory="Unit" />
      </TestCategory>
      <Execution id="f5d87f75-4346-4942-8197-baafc5a37769" />
      <TestMethod codeBase="D:\Repos\Nu2\NetApi\Framework\Eliassen.System.Tests\bin\Debug\net7.0\Eliassen.System.Tests.dll" adapterTypeName="executor://mstestadapter/v2" className="Eliassen.System.Tests.Linq.QueryableExtensionsTests" name="ExecuteByTest_Sort" />
    </UnitTest>
    <UnitTest name="AddResultTest_ValueOutFile" storage="d:\repos\nu2\netapi\framework\eliassen.testutilities.tests\bin\debug\net7.0\eliassen.testutilities.tests.dll" id="35da343a-5826-ac4c-688a-c2bbf7572a30">
      <TestCategory>
        <TestCategoryItem TestCategory="Unit" />
      </TestCategory>
      <Execution id="7e076878-5b2d-418c-a9d3-bc27f1804656" />
      <TestMethod codeBase="D:\Repos\Nu2\NetApi\Framework\Eliassen.TestUtilities.Tests\bin\Debug\net7.0\Eliassen.TestUtilities.Tests.dll" adapterTypeName="executor://mstestadapter/v2" className="Eliassen.TestUtilities.Tests.TextContextExtensionsTests" name="AddResultTest_ValueOutFile" />
    </UnitTest>
    <UnitTest name="GetResourceAsStringAsyncTest" storage="d:\repos\nu2\netapi\framework\eliassen.system.tests\bin\debug\net7.0\eliassen.system.tests.dll" id="c32d9ec7-cf3f-0b90-7da7-80e3553b5fe6">
      <TestCategory>
        <TestCategoryItem TestCategory="Unit" />
      </TestCategory>
      <Execution id="c2f191bb-15cd-42ec-9aae-0bbc9a3e955a" />
      <TestMethod codeBase="D:\Repos\Nu2\NetApi\Framework\Eliassen.System.Tests\bin\Debug\net7.0\Eliassen.System.Tests.dll" adapterTypeName="executor://mstestadapter/v2" className="Eliassen.System.Tests.Reflection.ResourceExtensionsTests" name="GetResourceAsStringAsyncTest" />
    </UnitTest>
    <UnitTest name="ToEnumTest (test name,WithDisplay)" storage="d:\repos\nu2\netapi\framework\eliassen.system.tests\bin\debug\net7.0\eliassen.system.tests.dll" id="67fb171b-cb2e-35a3-805c-46a4f3aa0c23">
      <TestCategory>
        <TestCategoryItem TestCategory="Unit" />
      </TestCategory>
      <Execution id="d2257a5e-dcfc-4a20-bacc-c17b01ac0673" />
      <TestMethod codeBase="D:\Repos\Nu2\NetApi\Framework\Eliassen.System.Tests\bin\Debug\net7.0\Eliassen.System.Tests.dll" adapterTypeName="executor://mstestadapter/v2" className="Eliassen.System.Tests.Reflection.EnumExtensionsTests" name="ToEnumTest" />
    </UnitTest>
    <UnitTest name="ToEnumTest (Val1,Val1)" storage="d:\repos\nu2\netapi\framework\eliassen.system.tests\bin\debug\net7.0\eliassen.system.tests.dll" id="e6baf34b-c4a1-34f5-eccf-47a363bfb06a">
      <TestCategory>
        <TestCategoryItem TestCategory="Unit" />
      </TestCategory>
      <Execution id="f19be17e-4e06-4bc1-9134-952437a93359" />
      <TestMethod codeBase="D:\Repos\Nu2\NetApi\Framework\Eliassen.System.Tests\bin\Debug\net7.0\Eliassen.System.Tests.dll" adapterTypeName="executor://mstestadapter/v2" className="Eliassen.System.Tests.Reflection.EnumExtensionsTests" name="ToEnumTest" />
    </UnitTest>
    <UnitTest name="ExecuteByTest_Sort (NAME,Descending,999,998,997,996,995,994,993,992,991,990)" storage="d:\repos\nu2\netapi\framework\eliassen.system.tests\bin\debug\net7.0\eliassen.system.tests.dll" id="b4c47767-5870-8ecb-8f73-4513bf3ab993">
      <TestCategory>
        <TestCategoryItem TestCategory="Unit" />
      </TestCategory>
      <Execution id="1aceacea-b065-41b4-8542-f6f40e6cae44" />
      <TestMethod codeBase="D:\Repos\Nu2\NetApi\Framework\Eliassen.System.Tests\bin\Debug\net7.0\Eliassen.System.Tests.dll" adapterTypeName="executor://mstestadapter/v2" className="Eliassen.System.Tests.Linq.QueryableExtensionsTests" name="ExecuteByTest_Sort" />
    </UnitTest>
    <UnitTest name="GetHash (hello world,XrY7u+Ae7tCTyyK7j1rNww==)" storage="d:\repos\nu2\netapi\framework\eliassen.system.tests\bin\debug\net7.0\eliassen.system.tests.dll" id="cc59dd07-b7ed-0c48-8ce2-e71461ad2ad6">
      <TestCategory>
        <TestCategoryItem TestCategory="Unit" />
      </TestCategory>
      <Execution id="1d553418-d827-4ed1-abca-f41612f5c94b" />
      <TestMethod codeBase="D:\Repos\Nu2\NetApi\Framework\Eliassen.System.Tests\bin\Debug\net7.0\Eliassen.System.Tests.dll" adapterTypeName="executor://mstestadapter/v2" className="Eliassen.System.Tests.Security.Cryptography.HashTests" name="GetHash" />
    </UnitTest>
    <UnitTest name="GetResourceFromJsonTest_NotFound" storage="d:\repos\nu2\netapi\framework\eliassen.system.tests\bin\debug\net7.0\eliassen.system.tests.dll" id="838644d9-6365-e4a6-691a-5f9e9cba540d">
      <TestCategory>
        <TestCategoryItem TestCategory="Unit" />
      </TestCategory>
      <Execution id="d8bccd22-2656-43dd-ae10-cdf7b5f344f9" />
      <TestMethod codeBase="D:\Repos\Nu2\NetApi\Framework\Eliassen.System.Tests\bin\Debug\net7.0\Eliassen.System.Tests.dll" adapterTypeName="executor://mstestadapter/v2" className="Eliassen.System.Tests.Reflection.ResourceExtensionsTests" name="GetResourceFromJsonTest_NotFound" />
    </UnitTest>
    <UnitTest name="AddResultTest_Object_WithFileNameAndExtension" storage="d:\repos\nu2\netapi\framework\eliassen.testutilities.tests\bin\debug\net7.0\eliassen.testutilities.tests.dll" id="bfc7f80f-e281-5816-dc57-387e099d2a10">
      <TestCategory>
        <TestCategoryItem TestCategory="Unit" />
      </TestCategory>
      <Execution id="9de9ad0a-b715-4c9f-8a8e-16f17073201d" />
      <TestMethod codeBase="D:\Repos\Nu2\NetApi\Framework\Eliassen.TestUtilities.Tests\bin\Debug\net7.0\Eliassen.TestUtilities.Tests.dll" adapterTypeName="executor://mstestadapter/v2" className="Eliassen.TestUtilities.Tests.TextContextExtensionsTests" name="AddResultTest_Object_WithFileNameAndExtension" />
    </UnitTest>
    <UnitTest name="GetSortablePropertyNamesTest_TestTarget2Model" storage="d:\repos\nu2\netapi\framework\eliassen.system.tests\bin\debug\net7.0\eliassen.system.tests.dll" id="f3dca1bb-5884-67f2-50ab-603f9fbc49dc">
      <TestCategory>
        <TestCategoryItem TestCategory="Unit" />
      </TestCategory>
      <Execution id="92d7ca26-6431-484b-adf3-4093a23de0b3" />
      <TestMethod codeBase="D:\Repos\Nu2\NetApi\Framework\Eliassen.System.Tests\bin\Debug\net7.0\Eliassen.System.Tests.dll" adapterTypeName="executor://mstestadapter/v2" className="Eliassen.System.Tests.Linq.Expressions.ExpressionTreeBuilderTests" name="GetSortablePropertyNamesTest_TestTarget2Model" />
    </UnitTest>
    <UnitTest name="SerializeTest_Nullable" storage="d:\repos\nu2\netapi\framework\eliassen.system.tests\bin\debug\net7.0\eliassen.system.tests.dll" id="c07bd30b-1999-489c-e66f-17f7d59077a7">
      <TestCategory>
        <TestCategoryItem TestCategory="Unit" />
      </TestCategory>
      <Execution id="dc0435bf-623f-4f81-85a6-7e3ac22bea75" />
      <TestMethod codeBase="D:\Repos\Nu2\NetApi\Framework\Eliassen.System.Tests\bin\Debug\net7.0\Eliassen.System.Tests.dll" adapterTypeName="executor://mstestadapter/v2" className="Eliassen.System.Tests.Text.Json.BsonDateConverterTests" name="SerializeTest_Nullable" />
    </UnitTest>
    <UnitTest name="DefaultPageSizeTest" storage="d:\repos\nu2\netapi\framework\eliassen.system.tests\bin\debug\net7.0\eliassen.system.tests.dll" id="7cdd2ae3-f105-0db6-4f1d-4db0ed6728a3">
      <TestCategory>
        <TestCategoryItem TestCategory="Unit" />
      </TestCategory>
      <Execution id="38f4b7f0-8c65-42ca-bbcf-a57eb09f2900" />
      <TestMethod codeBase="D:\Repos\Nu2\NetApi\Framework\Eliassen.System.Tests\bin\Debug\net7.0\Eliassen.System.Tests.dll" adapterTypeName="executor://mstestadapter/v2" className="Eliassen.System.Tests.Linq.QueryableExtensionsTests" name="DefaultPageSizeTest" />
    </UnitTest>
    <UnitTest name="VisitTest_EqualOperator (Hello,hello,True)" storage="d:\repos\nu2\netapi\framework\eliassen.system.tests\bin\debug\net7.0\eliassen.system.tests.dll" id="b3ae80bf-1132-2f6b-1724-cfefeb1370e1">
      <TestCategory>
        <TestCategoryItem TestCategory="Unit" />
      </TestCategory>
      <Execution id="e1a0e536-dd3a-4561-b334-b9db50205f6b" />
      <TestMethod codeBase="D:\Repos\Nu2\NetApi\Framework\Eliassen.System.Tests\bin\Debug\net7.0\Eliassen.System.Tests.dll" adapterTypeName="executor://mstestadapter/v2" className="Eliassen.System.Tests.Linq.Expressions.StringComparisonReplacementExpressionVisitorTests" name="VisitTest_EqualOperator" />
    </UnitTest>
    <UnitTest name="VisitTest_EndsWith (Hello,lO,True)" storage="d:\repos\nu2\netapi\framework\eliassen.system.tests\bin\debug\net7.0\eliassen.system.tests.dll" id="ef130cd9-fcd3-6cbd-3d5e-f85362a52d72">
      <TestCategory>
        <TestCategoryItem TestCategory="Unit" />
      </TestCategory>
      <Execution id="05902bbc-0970-4b8b-8c92-1bd0f323e121" />
      <TestMethod codeBase="D:\Repos\Nu2\NetApi\Framework\Eliassen.System.Tests\bin\Debug\net7.0\Eliassen.System.Tests.dll" adapterTypeName="executor://mstestadapter/v2" className="Eliassen.System.Tests.Linq.Expressions.StringComparisonReplacementExpressionVisitorTests" name="VisitTest_EndsWith" />
    </UnitTest>
    <UnitTest name="VisitTest_EndsWith (Hello,Lo,True)" storage="d:\repos\nu2\netapi\framework\eliassen.system.tests\bin\debug\net7.0\eliassen.system.tests.dll" id="d3e26037-eb0b-5682-419d-883b90d0ccd1">
      <TestCategory>
        <TestCategoryItem TestCategory="Unit" />
      </TestCategory>
      <Execution id="da8a0029-e485-408f-931f-90a95f64dda0" />
      <TestMethod codeBase="D:\Repos\Nu2\NetApi\Framework\Eliassen.System.Tests\bin\Debug\net7.0\Eliassen.System.Tests.dll" adapterTypeName="executor://mstestadapter/v2" className="Eliassen.System.Tests.Linq.Expressions.StringComparisonReplacementExpressionVisitorTests" name="VisitTest_EndsWith" />
    </UnitTest>
    <UnitTest name="ExecuteByTest_Page (0,0,100,1000,0,10,0,1,2,3,4,5,6,7,8,9)" storage="d:\repos\nu2\netapi\framework\eliassen.system.tests\bin\debug\net7.0\eliassen.system.tests.dll" id="fb038f83-1c65-fe22-644b-40b63f6a9b5c">
      <TestCategory>
        <TestCategoryItem TestCategory="Unit" />
      </TestCategory>
      <Execution id="d00b4060-cd39-4282-933a-0a1f4c2ef500" />
      <TestMethod codeBase="D:\Repos\Nu2\NetApi\Framework\Eliassen.System.Tests\bin\Debug\net7.0\Eliassen.System.Tests.dll" adapterTypeName="executor://mstestadapter/v2" className="Eliassen.System.Tests.Linq.QueryableExtensionsTests" name="ExecuteByTest_Page" />
    </UnitTest>
    <UnitTest name="ToEnumTest (Val2,Val2)" storage="d:\repos\nu2\netapi\framework\eliassen.system.tests\bin\debug\net7.0\eliassen.system.tests.dll" id="9b4e807d-ed3f-f58f-992b-9cf5f5a81ca7">
      <TestCategory>
        <TestCategoryItem TestCategory="Unit" />
      </TestCategory>
      <Execution id="81c9a6c2-0f0c-41f4-865f-ce28024385b1" />
      <TestMethod codeBase="D:\Repos\Nu2\NetApi\Framework\Eliassen.System.Tests\bin\Debug\net7.0\Eliassen.System.Tests.dll" adapterTypeName="executor://mstestadapter/v2" className="Eliassen.System.Tests.Reflection.EnumExtensionsTests" name="ToEnumTest" />
    </UnitTest>
    <UnitTest name="AsModelsTest" storage="d:\repos\nu2\netapi\framework\eliassen.system.tests\bin\debug\net7.0\eliassen.system.tests.dll" id="08742191-32e9-b72f-e313-52355290b27f">
      <TestCategory>
        <TestCategoryItem TestCategory="Unit" />
      </TestCategory>
      <Execution id="4993f286-d96a-4341-b45d-524fa9f1ec01" />
      <TestMethod codeBase="D:\Repos\Nu2\NetApi\Framework\Eliassen.System.Tests\bin\Debug\net7.0\Eliassen.System.Tests.dll" adapterTypeName="executor://mstestadapter/v2" className="Eliassen.System.Tests.Reflection.EnumExtensionsTests" name="AsModelsTest" />
    </UnitTest>
    <UnitTest name="GetResourceFromJsonAsyncTest" storage="d:\repos\nu2\netapi\framework\eliassen.system.tests\bin\debug\net7.0\eliassen.system.tests.dll" id="f664882a-a952-a76f-bc8f-fcf0578ff20f">
      <TestCategory>
        <TestCategoryItem TestCategory="Unit" />
      </TestCategory>
      <Execution id="69470849-90cd-4d10-87ff-46caa77ce333" />
      <TestMethod codeBase="D:\Repos\Nu2\NetApi\Framework\Eliassen.System.Tests\bin\Debug\net7.0\Eliassen.System.Tests.dll" adapterTypeName="executor://mstestadapter/v2" className="Eliassen.System.Tests.Reflection.ResourceExtensionsTests" name="GetResourceFromJsonAsyncTest" />
    </UnitTest>
    <UnitTest name="GetResourceFromXmlAsyncTest" storage="d:\repos\nu2\netapi\framework\eliassen.system.tests\bin\debug\net7.0\eliassen.system.tests.dll" id="3dc461cc-f900-b7f4-a669-e9cf3ad5e21f">
      <TestCategory>
        <TestCategoryItem TestCategory="Unit" />
      </TestCategory>
      <Execution id="e20357ee-0ffa-46f2-b21c-96ab4c306bcc" />
      <TestMethod codeBase="D:\Repos\Nu2\NetApi\Framework\Eliassen.System.Tests\bin\Debug\net7.0\Eliassen.System.Tests.dll" adapterTypeName="executor://mstestadapter/v2" className="Eliassen.System.Tests.Reflection.ResourceExtensionsTests" name="GetResourceFromXmlAsyncTest" />
    </UnitTest>
    <UnitTest name="GetFilterablePropertyNamesTest_TestTargetModel" storage="d:\repos\nu2\netapi\framework\eliassen.system.tests\bin\debug\net7.0\eliassen.system.tests.dll" id="f3383018-7bb0-86e7-cb57-311d72bf2f87">
      <TestCategory>
        <TestCategoryItem TestCategory="Unit" />
      </TestCategory>
      <Execution id="1fba1ed5-be75-4fe1-81f5-619d5a9b0455" />
      <TestMethod codeBase="D:\Repos\Nu2\NetApi\Framework\Eliassen.System.Tests\bin\Debug\net7.0\Eliassen.System.Tests.dll" adapterTypeName="executor://mstestadapter/v2" className="Eliassen.System.Tests.Linq.Expressions.ExpressionTreeBuilderTests" name="GetFilterablePropertyNamesTest_TestTargetModel" />
    </UnitTest>
    <UnitTest name="DeserializeTest_Nullable ({&quot;Nullable&quot;:null,&quot;Value&quot;:{&quot;$date&quot;:&quot;2023-07-05T14:17:05.2315812-04:00&quot;}},)" storage="d:\repos\nu2\netapi\framework\eliassen.system.tests\bin\debug\net7.0\eliassen.system.tests.dll" id="cc0546c7-1329-1cac-c119-b7e8dee57c88">
      <TestCategory>
        <TestCategoryItem TestCategory="Unit" />
      </TestCategory>
      <Execution id="af59609f-6499-459b-8b69-ff25f1c6e526" />
      <TestMethod codeBase="D:\Repos\Nu2\NetApi\Framework\Eliassen.System.Tests\bin\Debug\net7.0\Eliassen.System.Tests.dll" adapterTypeName="executor://mstestadapter/v2" className="Eliassen.System.Tests.Text.Json.BsonDateConverterTests" name="DeserializeTest_Nullable" />
    </UnitTest>
    <UnitTest name="ToEnumTest (name,WithEnumValue)" storage="d:\repos\nu2\netapi\framework\eliassen.system.tests\bin\debug\net7.0\eliassen.system.tests.dll" id="ff5e63bc-e265-cd61-62ff-c43bc25f73c7">
      <TestCategory>
        <TestCategoryItem TestCategory="Unit" />
      </TestCategory>
      <Execution id="1caf117d-4ed5-4994-9967-9ae71dbc567d" />
      <TestMethod codeBase="D:\Repos\Nu2\NetApi\Framework\Eliassen.System.Tests\bin\Debug\net7.0\Eliassen.System.Tests.dll" adapterTypeName="executor://mstestadapter/v2" className="Eliassen.System.Tests.Reflection.EnumExtensionsTests" name="ToEnumTest" />
    </UnitTest>
    <UnitTest name="VisitTest_StartsWith (Hello,He,True)" storage="d:\repos\nu2\netapi\framework\eliassen.system.tests\bin\debug\net7.0\eliassen.system.tests.dll" id="8326adff-3a83-bfdf-0f52-29a72d8ee553">
      <TestCategory>
        <TestCategoryItem TestCategory="Unit" />
      </TestCategory>
      <Execution id="c48db951-16b1-4632-848d-9eeec3aec6e7" />
      <TestMethod codeBase="D:\Repos\Nu2\NetApi\Framework\Eliassen.System.Tests\bin\Debug\net7.0\Eliassen.System.Tests.dll" adapterTypeName="executor://mstestadapter/v2" className="Eliassen.System.Tests.Linq.Expressions.StringComparisonReplacementExpressionVisitorTests" name="VisitTest_StartsWith" />
    </UnitTest>
  </TestDefinitions>
  <TestEntries>
    <TestEntry testId="429bea00-ef23-00e4-9d59-b93408bb216b" executionId="1328a345-75dd-4b2d-bd0e-24537e2fa3b3" testListId="8c84fa94-04c1-424b-9868-57a2d4851a1d" />
    <TestEntry testId="c86604a7-3189-2888-7dab-1b8a123dc076" executionId="1932095b-b01a-4584-b136-cec499920cb5" testListId="8c84fa94-04c1-424b-9868-57a2d4851a1d" />
    <TestEntry testId="7fd160bc-3b5b-e6e2-40ae-1974536260f2" executionId="38201b66-5ffc-45e1-9fdd-f43935eba18a" testListId="8c84fa94-04c1-424b-9868-57a2d4851a1d" />
    <TestEntry testId="deef7ad8-cc1d-09cf-900c-db623c3eb404" executionId="5adb06e6-5b31-4a09-97f8-9546f9dda60b" testListId="8c84fa94-04c1-424b-9868-57a2d4851a1d" />
    <TestEntry testId="7fd160bc-3b5b-e6e2-40ae-1974536260f2" executionId="2426d9a6-8f58-444c-9ead-d7ac008234a7" testListId="8c84fa94-04c1-424b-9868-57a2d4851a1d" />
    <TestEntry testId="e350703c-47df-56f0-b995-a52c38b53eca" executionId="fc2e9ae6-612c-489f-a4d9-90c5e2452c9c" testListId="8c84fa94-04c1-424b-9868-57a2d4851a1d" />
    <TestEntry testId="b6498f29-1231-5fcf-4954-1746daa0500d" executionId="47bda760-f4f0-475c-bd0e-ab0c4d8cc76c" testListId="8c84fa94-04c1-424b-9868-57a2d4851a1d" />
    <TestEntry testId="813de6f8-8b3e-0b13-6ab2-5efd1e438630" executionId="4baf6231-557d-4f9f-a1e2-7e0c1403f5cb" testListId="8c84fa94-04c1-424b-9868-57a2d4851a1d" />
    <TestEntry testId="7fd160bc-3b5b-e6e2-40ae-1974536260f2" executionId="f3a6b60f-35fd-45f4-9aad-3722ac4406b8" testListId="8c84fa94-04c1-424b-9868-57a2d4851a1d" />
    <TestEntry testId="e350703c-47df-56f0-b995-a52c38b53eca" executionId="d2dc9e95-c8fb-4c94-9c7a-b9dfdf961470" testListId="8c84fa94-04c1-424b-9868-57a2d4851a1d" />
    <TestEntry testId="b6498f29-1231-5fcf-4954-1746daa0500d" executionId="41daf358-2914-4122-8560-9941d56562fb" testListId="8c84fa94-04c1-424b-9868-57a2d4851a1d" />
    <TestEntry testId="b6498f29-1231-5fcf-4954-1746daa0500d" executionId="9fc09c46-d08d-4625-8032-3467be2e4a59" testListId="8c84fa94-04c1-424b-9868-57a2d4851a1d" />
    <TestEntry testId="b1db68ac-3861-8d24-4c33-2f9c14693ed1" executionId="63f6c4f3-de49-42bd-8fb1-28956e4191b2" testListId="8c84fa94-04c1-424b-9868-57a2d4851a1d" />
    <TestEntry testId="e350703c-47df-56f0-b995-a52c38b53eca" executionId="914d6673-0461-442f-ab36-bfd9c8d22e6a" testListId="8c84fa94-04c1-424b-9868-57a2d4851a1d" />
    <TestEntry testId="a51c6a7a-75e1-0622-60c8-7222f67cd4e4" executionId="b22b8342-ebe5-4089-8f7c-f4c5e20d2077" testListId="8c84fa94-04c1-424b-9868-57a2d4851a1d" />
    <TestEntry testId="8048f845-f0e3-2aaf-e086-77ba6a9e53ae" executionId="bf412e89-b570-4376-a9e6-513a25707670" testListId="8c84fa94-04c1-424b-9868-57a2d4851a1d" />
    <TestEntry testId="b6498f29-1231-5fcf-4954-1746daa0500d" executionId="5b354e58-e5bb-472e-9368-f41cbfad9b80" testListId="8c84fa94-04c1-424b-9868-57a2d4851a1d" />
    <TestEntry testId="bb6d8621-db33-2366-8e82-a87beebdef19" executionId="18e2552b-ad40-45bc-8933-8bc78f85f0cf" testListId="8c84fa94-04c1-424b-9868-57a2d4851a1d" />
    <TestEntry testId="2f56b32e-ea97-c552-8dea-074dcb4e0dc0" executionId="6c22aaf9-13bd-486c-abf9-bf7f012e3502" testListId="8c84fa94-04c1-424b-9868-57a2d4851a1d" />
    <TestEntry testId="dcab6442-3647-193e-5b50-9725bbfda52b" executionId="8ff794e6-9ecb-40e8-8138-ced91a6d7f0b" testListId="8c84fa94-04c1-424b-9868-57a2d4851a1d" />
    <TestEntry testId="94eba969-c82f-9e81-1248-494bdd4f32c8" executionId="e688605d-be12-49ab-80f3-abc48616519e" testListId="8c84fa94-04c1-424b-9868-57a2d4851a1d" />
    <TestEntry testId="b6498f29-1231-5fcf-4954-1746daa0500d" executionId="f3ee3c44-40f7-46ff-9c79-663903d1c3c8" testListId="8c84fa94-04c1-424b-9868-57a2d4851a1d" />
    <TestEntry testId="7fd160bc-3b5b-e6e2-40ae-1974536260f2" executionId="d12915e0-fc0e-4e68-8d16-d74ca57bec1c" testListId="8c84fa94-04c1-424b-9868-57a2d4851a1d" />
    <TestEntry testId="e8e1976d-7e2a-a919-30e8-284cb455d028" executionId="55ed5edc-e6ff-4cc1-a695-9f333eb5a6b6" testListId="8c84fa94-04c1-424b-9868-57a2d4851a1d" />
    <TestEntry testId="01e51d56-c992-5e2d-f6ea-cf3f1977a589" executionId="bdcb4653-1e4b-4883-b524-db0b0de0f91b" testListId="8c84fa94-04c1-424b-9868-57a2d4851a1d" />
    <TestEntry testId="a111d044-0831-1b20-158f-e741b8774637" executionId="4ae7585e-ad64-410f-a637-c264429a1598" testListId="8c84fa94-04c1-424b-9868-57a2d4851a1d" />
    <TestEntry testId="b6498f29-1231-5fcf-4954-1746daa0500d" executionId="72b252e5-7851-4c14-aed0-08362971c702" testListId="8c84fa94-04c1-424b-9868-57a2d4851a1d" />
    <TestEntry testId="f3dca1bb-5884-67f2-50ab-603f9fbc49dc" executionId="92d7ca26-6431-484b-adf3-4093a23de0b3" testListId="8c84fa94-04c1-424b-9868-57a2d4851a1d" />
    <TestEntry testId="cf24153f-de1a-65b4-4e24-cb6c2c726214" executionId="0adc96e8-84f1-4306-ab89-8c77b2f21565" testListId="8c84fa94-04c1-424b-9868-57a2d4851a1d" />
    <TestEntry testId="b6498f29-1231-5fcf-4954-1746daa0500d" executionId="d242dc01-9d1a-4750-815d-63ce1671df2e" testListId="8c84fa94-04c1-424b-9868-57a2d4851a1d" />
    <TestEntry testId="b6498f29-1231-5fcf-4954-1746daa0500d" executionId="ba3282d8-389a-4d06-9fd7-0da7b5e3b6ac" testListId="8c84fa94-04c1-424b-9868-57a2d4851a1d" />
    <TestEntry testId="7fd160bc-3b5b-e6e2-40ae-1974536260f2" executionId="f260e65a-4df2-4eb7-8a08-cffe6a1e23bf" testListId="8c84fa94-04c1-424b-9868-57a2d4851a1d" />
    <TestEntry testId="e350703c-47df-56f0-b995-a52c38b53eca" executionId="6ba2799f-0d7d-49d1-b153-ec9d7aa31ca5" testListId="8c84fa94-04c1-424b-9868-57a2d4851a1d" />
    <TestEntry testId="e350703c-47df-56f0-b995-a52c38b53eca" executionId="e262004e-0989-4213-92ba-02e55c70e162" testListId="8c84fa94-04c1-424b-9868-57a2d4851a1d" />
    <TestEntry testId="e1df6847-9ce6-b881-a551-2425c3d4dc0a" executionId="05f9fbdd-4de8-4610-a233-3d55c01d758f" testListId="8c84fa94-04c1-424b-9868-57a2d4851a1d" />
    <TestEntry testId="befbbe40-8643-5608-343e-b1c6cbc1b0eb" executionId="d46f16f1-bc43-46fa-8f95-00c7d8d69c79" testListId="8c84fa94-04c1-424b-9868-57a2d4851a1d" />
    <TestEntry testId="b6498f29-1231-5fcf-4954-1746daa0500d" executionId="b2ac77e9-4c8e-4468-8627-776cdb56a40f" testListId="8c84fa94-04c1-424b-9868-57a2d4851a1d" />
    <TestEntry testId="f5306a38-7e9d-ad71-73c6-1c694342dc21" executionId="a3c273fe-de32-4912-9bd7-feb105b1e62b" testListId="8c84fa94-04c1-424b-9868-57a2d4851a1d" />
    <TestEntry testId="4f2f1fea-5ab9-35a3-8cb2-a290a1876ccc" executionId="6df53195-d705-4caa-8383-1dd0ab0e6baa" testListId="8c84fa94-04c1-424b-9868-57a2d4851a1d" />
    <TestEntry testId="b6498f29-1231-5fcf-4954-1746daa0500d" executionId="4c393021-ab7a-40fd-896f-f26152fad50b" testListId="8c84fa94-04c1-424b-9868-57a2d4851a1d" />
    <TestEntry testId="7fd160bc-3b5b-e6e2-40ae-1974536260f2" executionId="abdaa872-70f1-4833-ac8f-1a3811c52d4c" testListId="8c84fa94-04c1-424b-9868-57a2d4851a1d" />
    <TestEntry testId="7fd160bc-3b5b-e6e2-40ae-1974536260f2" executionId="5b01a41c-0574-43ae-b165-89f1137b30dc" testListId="8c84fa94-04c1-424b-9868-57a2d4851a1d" />
    <TestEntry testId="b6498f29-1231-5fcf-4954-1746daa0500d" executionId="31acbddc-aa73-4275-9c78-257b548971da" testListId="8c84fa94-04c1-424b-9868-57a2d4851a1d" />
    <TestEntry testId="c2031dba-5c95-befc-11f3-88687b34670f" executionId="f5d87f75-4346-4942-8197-baafc5a37769" testListId="8c84fa94-04c1-424b-9868-57a2d4851a1d" />
    <TestEntry testId="e350703c-47df-56f0-b995-a52c38b53eca" executionId="14eee5ee-010e-4ded-9c13-157d91bc7ad8" testListId="8c84fa94-04c1-424b-9868-57a2d4851a1d" />
    <TestEntry testId="bfc7f80f-e281-5816-dc57-387e099d2a10" executionId="9de9ad0a-b715-4c9f-8a8e-16f17073201d" testListId="8c84fa94-04c1-424b-9868-57a2d4851a1d" />
    <TestEntry testId="b6498f29-1231-5fcf-4954-1746daa0500d" executionId="d79ee956-67f5-4b7e-b68f-95267cc9b5bb" testListId="8c84fa94-04c1-424b-9868-57a2d4851a1d" />
    <TestEntry testId="7fd160bc-3b5b-e6e2-40ae-1974536260f2" executionId="3a7d9a4e-1832-46db-a7da-5df92dfec725" testListId="8c84fa94-04c1-424b-9868-57a2d4851a1d" />
    <TestEntry testId="726abc2c-502d-4a5c-e2c7-073f21d793da" executionId="f761c983-483c-469f-bace-f88ec6d67ebd" testListId="8c84fa94-04c1-424b-9868-57a2d4851a1d" />
    <TestEntry testId="e350703c-47df-56f0-b995-a52c38b53eca" executionId="978f6cbb-7832-407f-969e-c128191dd731" testListId="8c84fa94-04c1-424b-9868-57a2d4851a1d" />
    <TestEntry testId="e350703c-47df-56f0-b995-a52c38b53eca" executionId="4903cca4-d7fe-4d19-8f95-474f59360cda" testListId="8c84fa94-04c1-424b-9868-57a2d4851a1d" />
    <TestEntry testId="e350703c-47df-56f0-b995-a52c38b53eca" executionId="debc18b4-c98e-4e01-aaf2-9f06c70ff46d" testListId="8c84fa94-04c1-424b-9868-57a2d4851a1d" />
    <TestEntry testId="b6498f29-1231-5fcf-4954-1746daa0500d" executionId="8f34d272-acbf-48c1-9110-f786014d53df" testListId="8c84fa94-04c1-424b-9868-57a2d4851a1d" />
    <TestEntry testId="6e40d08d-5283-ed81-5042-cf4b25b8a9b0" executionId="d43d8cd5-963c-404b-a614-0a0723a74918" testListId="8c84fa94-04c1-424b-9868-57a2d4851a1d" />
    <TestEntry testId="8326adff-3a83-bfdf-0f52-29a72d8ee553" executionId="c48db951-16b1-4632-848d-9eeec3aec6e7" testListId="8c84fa94-04c1-424b-9868-57a2d4851a1d" />
    <TestEntry testId="53c31e49-be7f-689b-3cd7-03a9033ae78d" executionId="f93953cb-de57-44d1-92fa-2e51a46da64f" testListId="8c84fa94-04c1-424b-9868-57a2d4851a1d" />
    <TestEntry testId="b6498f29-1231-5fcf-4954-1746daa0500d" executionId="ffa56f60-8076-4933-baef-1b29825e14ce" testListId="8c84fa94-04c1-424b-9868-57a2d4851a1d" />
    <TestEntry testId="ef130cd9-fcd3-6cbd-3d5e-f85362a52d72" executionId="05902bbc-0970-4b8b-8c92-1bd0f323e121" testListId="8c84fa94-04c1-424b-9868-57a2d4851a1d" />
    <TestEntry testId="3dc461cc-f900-b7f4-a669-e9cf3ad5e21f" executionId="e20357ee-0ffa-46f2-b21c-96ab4c306bcc" testListId="8c84fa94-04c1-424b-9868-57a2d4851a1d" />
    <TestEntry testId="c07bd30b-1999-489c-e66f-17f7d59077a7" executionId="dc0435bf-623f-4f81-85a6-7e3ac22bea75" testListId="8c84fa94-04c1-424b-9868-57a2d4851a1d" />
    <TestEntry testId="b6498f29-1231-5fcf-4954-1746daa0500d" executionId="24cd3713-f72b-406b-b664-f6fe945ea251" testListId="8c84fa94-04c1-424b-9868-57a2d4851a1d" />
    <TestEntry testId="b6498f29-1231-5fcf-4954-1746daa0500d" executionId="10280842-79f2-4068-a2db-29b3e0a88be1" testListId="8c84fa94-04c1-424b-9868-57a2d4851a1d" />
    <TestEntry testId="2f56b32e-ea97-c552-8dea-074dcb4e0dc0" executionId="8805a6e5-420c-40b4-9b17-88d8298e556a" testListId="8c84fa94-04c1-424b-9868-57a2d4851a1d" />
    <TestEntry testId="e350703c-47df-56f0-b995-a52c38b53eca" executionId="6ea41822-f4af-4af2-88ba-61c41546f96a" testListId="8c84fa94-04c1-424b-9868-57a2d4851a1d" />
    <TestEntry testId="67b6a854-1fe4-5528-77d6-501bd90b9a20" executionId="aa07135e-a6eb-4f9a-9680-bbe84a65b91a" testListId="8c84fa94-04c1-424b-9868-57a2d4851a1d" />
    <TestEntry testId="e2c6ee1f-e08e-fbdc-9835-4e616dec7d9c" executionId="347c882e-84f4-4c7b-9b85-f9c8c51c1095" testListId="8c84fa94-04c1-424b-9868-57a2d4851a1d" />
    <TestEntry testId="7fd160bc-3b5b-e6e2-40ae-1974536260f2" executionId="8a9ae8b7-647e-41d7-bd8c-f6bc5febf119" testListId="8c84fa94-04c1-424b-9868-57a2d4851a1d" />
    <TestEntry testId="9ad738ba-d149-7ba8-5868-8ea36334d100" executionId="cd996f61-70aa-4a08-9fee-ec98f676c578" testListId="8c84fa94-04c1-424b-9868-57a2d4851a1d" />
    <TestEntry testId="08742191-32e9-b72f-e313-52355290b27f" executionId="4993f286-d96a-4341-b45d-524fa9f1ec01" testListId="8c84fa94-04c1-424b-9868-57a2d4851a1d" />
    <TestEntry testId="2969f79f-d299-0212-4f68-fb950747593e" executionId="41736bdf-e880-427e-8db4-b2c46ba95ef0" testListId="8c84fa94-04c1-424b-9868-57a2d4851a1d" />
    <TestEntry testId="79e91219-2061-1f5b-ec91-a4848392c58c" executionId="4c9718fa-b0c9-4b1e-8dad-2cf48c4d5562" testListId="8c84fa94-04c1-424b-9868-57a2d4851a1d" />
    <TestEntry testId="e350703c-47df-56f0-b995-a52c38b53eca" executionId="3ece1257-26fc-4eb4-a304-b12477b78a0f" testListId="8c84fa94-04c1-424b-9868-57a2d4851a1d" />
    <TestEntry testId="7fd160bc-3b5b-e6e2-40ae-1974536260f2" executionId="78e37756-e50f-4f3a-ab4b-d08a83c5012f" testListId="8c84fa94-04c1-424b-9868-57a2d4851a1d" />
    <TestEntry testId="b6498f29-1231-5fcf-4954-1746daa0500d" executionId="ee34f26f-d163-4dad-9761-b03ad758cdfb" testListId="8c84fa94-04c1-424b-9868-57a2d4851a1d" />
    <TestEntry testId="e6baf34b-c4a1-34f5-eccf-47a363bfb06a" executionId="f19be17e-4e06-4bc1-9134-952437a93359" testListId="8c84fa94-04c1-424b-9868-57a2d4851a1d" />
    <TestEntry testId="b6498f29-1231-5fcf-4954-1746daa0500d" executionId="afe37fdf-0099-46b5-b3a9-8393962f8b4f" testListId="8c84fa94-04c1-424b-9868-57a2d4851a1d" />
    <TestEntry testId="f664882a-a952-a76f-bc8f-fcf0578ff20f" executionId="69470849-90cd-4d10-87ff-46caa77ce333" testListId="8c84fa94-04c1-424b-9868-57a2d4851a1d" />
    <TestEntry testId="b8ce6298-5288-a9c6-3afb-62b35d380a81" executionId="16438bbe-9dfe-43c3-82fe-5a23700d9502" testListId="8c84fa94-04c1-424b-9868-57a2d4851a1d" />
    <TestEntry testId="7fd160bc-3b5b-e6e2-40ae-1974536260f2" executionId="221cde20-d3ea-48f4-b9c8-f1e3af0a2a6d" testListId="8c84fa94-04c1-424b-9868-57a2d4851a1d" />
    <TestEntry testId="d3e26037-eb0b-5682-419d-883b90d0ccd1" executionId="da8a0029-e485-408f-931f-90a95f64dda0" testListId="8c84fa94-04c1-424b-9868-57a2d4851a1d" />
    <TestEntry testId="6af366a4-2dec-4a9c-8783-938be9207f5b" executionId="97f33548-ae6d-4e6f-b30b-1a6a7fdb5218" testListId="8c84fa94-04c1-424b-9868-57a2d4851a1d" />
    <TestEntry testId="e350703c-47df-56f0-b995-a52c38b53eca" executionId="25af64cd-89e9-4948-b555-a30e7c56957f" testListId="8c84fa94-04c1-424b-9868-57a2d4851a1d" />
    <TestEntry testId="e350703c-47df-56f0-b995-a52c38b53eca" executionId="88f8eec5-bbdc-4c03-b1cc-1899fe843aa4" testListId="8c84fa94-04c1-424b-9868-57a2d4851a1d" />
    <TestEntry testId="97589dd8-54c9-c6b4-afad-ae511696b053" executionId="01078f00-5aa0-45f7-9e55-ece140020a25" testListId="8c84fa94-04c1-424b-9868-57a2d4851a1d" />
    <TestEntry testId="a9087371-8c41-e0ac-0dcf-f9419bc22d3c" executionId="400b68a0-948f-43a7-b06a-8fabb960997e" testListId="8c84fa94-04c1-424b-9868-57a2d4851a1d" />
    <TestEntry testId="b6498f29-1231-5fcf-4954-1746daa0500d" executionId="b6485b75-1437-41db-b4ba-bf74a25480ca" testListId="8c84fa94-04c1-424b-9868-57a2d4851a1d" />
    <TestEntry testId="04803466-693e-234f-05d0-3def2e50e7bc" executionId="44b812a5-215c-41cf-8c54-ae56d3bd4ebd" testListId="8c84fa94-04c1-424b-9868-57a2d4851a1d" />
    <TestEntry testId="67fb171b-cb2e-35a3-805c-46a4f3aa0c23" executionId="d2257a5e-dcfc-4a20-bacc-c17b01ac0673" testListId="8c84fa94-04c1-424b-9868-57a2d4851a1d" />
    <TestEntry testId="e350703c-47df-56f0-b995-a52c38b53eca" executionId="f3879c39-65a4-47e1-b07e-0c095dc2fa95" testListId="8c84fa94-04c1-424b-9868-57a2d4851a1d" />
    <TestEntry testId="8ef63a3f-2208-ac88-5a22-493d4beeaeda" executionId="3a15e68e-2c16-4c79-b270-681143dae37f" testListId="8c84fa94-04c1-424b-9868-57a2d4851a1d" />
    <TestEntry testId="9b4e807d-ed3f-f58f-992b-9cf5f5a81ca7" executionId="81c9a6c2-0f0c-41f4-865f-ce28024385b1" testListId="8c84fa94-04c1-424b-9868-57a2d4851a1d" />
    <TestEntry testId="8aec3498-0c1a-9091-2458-51d1c67933bf" executionId="2b4e203e-ef01-45f1-98c8-ab7e3757fdc7" testListId="8c84fa94-04c1-424b-9868-57a2d4851a1d" />
    <TestEntry testId="e350703c-47df-56f0-b995-a52c38b53eca" executionId="1c2109f8-7bea-4cb2-95cc-4553cd03e44e" testListId="8c84fa94-04c1-424b-9868-57a2d4851a1d" />
    <TestEntry testId="b6498f29-1231-5fcf-4954-1746daa0500d" executionId="726a3c9b-1408-4a7e-8da1-fedf9fc02f09" testListId="8c84fa94-04c1-424b-9868-57a2d4851a1d" />
    <TestEntry testId="4173abf6-6eee-31f5-7205-ad46c7104d49" executionId="4c6ac92d-7069-4878-98ec-d567eb21ebf0" testListId="8c84fa94-04c1-424b-9868-57a2d4851a1d" />
    <TestEntry testId="574d1c3a-376c-cab6-e298-6b6d6e6628d3" executionId="3100c4f8-e6db-4baf-b629-c520325ff8cc" testListId="8c84fa94-04c1-424b-9868-57a2d4851a1d" />
    <TestEntry testId="b6498f29-1231-5fcf-4954-1746daa0500d" executionId="cf50a2ca-370f-4c1a-8584-31f29b80f0bf" testListId="8c84fa94-04c1-424b-9868-57a2d4851a1d" />
    <TestEntry testId="de980556-11bb-d6e9-c03a-e5592a3218d5" executionId="da48edcf-0cf5-4ca5-8d87-317c2ca6fe88" testListId="8c84fa94-04c1-424b-9868-57a2d4851a1d" />
    <TestEntry testId="65e272d8-aa3d-4fbf-ef8f-fb9ca48a217b" executionId="b2f87279-1b27-4175-9d72-749943219fb9" testListId="8c84fa94-04c1-424b-9868-57a2d4851a1d" />
    <TestEntry testId="b6498f29-1231-5fcf-4954-1746daa0500d" executionId="52554c0b-7b4f-4e15-8073-e410f86496e4" testListId="8c84fa94-04c1-424b-9868-57a2d4851a1d" />
    <TestEntry testId="e350703c-47df-56f0-b995-a52c38b53eca" executionId="25bac686-1c40-4bb7-875f-63e34b637d43" testListId="8c84fa94-04c1-424b-9868-57a2d4851a1d" />
    <TestEntry testId="7ab54727-ffaa-5e4a-ef48-e7910312bbed" executionId="971bae9a-1d48-4133-9bfa-440aa1b1360f" testListId="8c84fa94-04c1-424b-9868-57a2d4851a1d" />
    <TestEntry testId="7fd160bc-3b5b-e6e2-40ae-1974536260f2" executionId="27d7b499-b6e1-47f9-9893-74fd5504e179" testListId="8c84fa94-04c1-424b-9868-57a2d4851a1d" />
    <TestEntry testId="b3ae80bf-1132-2f6b-1724-cfefeb1370e1" executionId="e1a0e536-dd3a-4561-b334-b9db50205f6b" testListId="8c84fa94-04c1-424b-9868-57a2d4851a1d" />
    <TestEntry testId="f5197edd-d0ef-4a92-f867-bf3ce57f244b" executionId="c007c388-faa9-458c-a8a9-021fa61cf8fa" testListId="8c84fa94-04c1-424b-9868-57a2d4851a1d" />
    <TestEntry testId="cc59dd07-b7ed-0c48-8ce2-e71461ad2ad6" executionId="1d553418-d827-4ed1-abca-f41612f5c94b" testListId="8c84fa94-04c1-424b-9868-57a2d4851a1d" />
    <TestEntry testId="e350703c-47df-56f0-b995-a52c38b53eca" executionId="8c729c56-6629-455d-8cde-9c50b11fac53" testListId="8c84fa94-04c1-424b-9868-57a2d4851a1d" />
    <TestEntry testId="e350703c-47df-56f0-b995-a52c38b53eca" executionId="022ca5dd-614c-474d-b128-fd2289a9fbd9" testListId="8c84fa94-04c1-424b-9868-57a2d4851a1d" />
    <TestEntry testId="b6498f29-1231-5fcf-4954-1746daa0500d" executionId="baa1a850-b6f8-4fb5-ab8d-8212b8b1836c" testListId="8c84fa94-04c1-424b-9868-57a2d4851a1d" />
    <TestEntry testId="e350703c-47df-56f0-b995-a52c38b53eca" executionId="8395c3bb-88a9-463b-b892-0a56ca05b1e0" testListId="8c84fa94-04c1-424b-9868-57a2d4851a1d" />
    <TestEntry testId="37c1a70c-f4a5-ed8d-5b4c-26c0b3e51803" executionId="45d75998-09c2-4d15-af62-40916c86af5a" testListId="8c84fa94-04c1-424b-9868-57a2d4851a1d" />
    <TestEntry testId="b5b73f46-926e-b166-c509-00a2b6834bdd" executionId="03de5810-0c27-4e46-b5d9-b2cbec4d3908" testListId="8c84fa94-04c1-424b-9868-57a2d4851a1d" />
    <TestEntry testId="229af554-d2ce-adf0-ac16-208cd1c4d601" executionId="f01d9b5f-dd5b-499b-8963-8e0372cc2b55" testListId="8c84fa94-04c1-424b-9868-57a2d4851a1d" />
    <TestEntry testId="b6498f29-1231-5fcf-4954-1746daa0500d" executionId="f114ad04-0ab2-44ee-83a2-2a0fc4d0d63d" testListId="8c84fa94-04c1-424b-9868-57a2d4851a1d" />
    <TestEntry testId="b6498f29-1231-5fcf-4954-1746daa0500d" executionId="70344938-0581-4e16-bd45-16f1bb6af453" testListId="8c84fa94-04c1-424b-9868-57a2d4851a1d" />
    <TestEntry testId="e350703c-47df-56f0-b995-a52c38b53eca" executionId="d264de96-37a7-458a-b6dc-ef8f686b673e" testListId="8c84fa94-04c1-424b-9868-57a2d4851a1d" />
    <TestEntry testId="b6498f29-1231-5fcf-4954-1746daa0500d" executionId="7bbf85c1-9fcd-4a30-a253-644f8f2e0851" testListId="8c84fa94-04c1-424b-9868-57a2d4851a1d" />
    <TestEntry testId="b6498f29-1231-5fcf-4954-1746daa0500d" executionId="fcd9ace2-09ee-40fc-89c3-dca415cef140" testListId="8c84fa94-04c1-424b-9868-57a2d4851a1d" />
    <TestEntry testId="e350703c-47df-56f0-b995-a52c38b53eca" executionId="ef841cf1-0e73-44f5-83dc-994991f0b6cd" testListId="8c84fa94-04c1-424b-9868-57a2d4851a1d" />
    <TestEntry testId="b6498f29-1231-5fcf-4954-1746daa0500d" executionId="031d4b96-f36d-45dc-a744-37b10cb21994" testListId="8c84fa94-04c1-424b-9868-57a2d4851a1d" />
    <TestEntry testId="33d0fc48-d317-a11f-5aba-5a22a3659a68" executionId="5d32a5c6-458a-4b5e-ba2f-27bc71b4d572" testListId="8c84fa94-04c1-424b-9868-57a2d4851a1d" />
    <TestEntry testId="7fd160bc-3b5b-e6e2-40ae-1974536260f2" executionId="c075517e-9796-4677-bd1a-8552b091ce27" testListId="8c84fa94-04c1-424b-9868-57a2d4851a1d" />
    <TestEntry testId="b6498f29-1231-5fcf-4954-1746daa0500d" executionId="3ea67a30-8b21-4eee-9636-48f7a603821f" testListId="8c84fa94-04c1-424b-9868-57a2d4851a1d" />
    <TestEntry testId="f5306a38-7e9d-ad71-73c6-1c694342dc21" executionId="ae3b19a4-8604-48c8-ad52-afea46a6b02f" testListId="8c84fa94-04c1-424b-9868-57a2d4851a1d" />
    <TestEntry testId="e498b849-10db-ce48-d748-8f0db54c7b7b" executionId="827900f2-741f-414d-957d-b046ae701a33" testListId="8c84fa94-04c1-424b-9868-57a2d4851a1d" />
    <TestEntry testId="07a7a327-67a2-b280-2fa0-04f8167fd844" executionId="c11601ae-b71c-4703-bb35-bea0717d6bd1" testListId="8c84fa94-04c1-424b-9868-57a2d4851a1d" />
    <TestEntry testId="94603f64-5739-e688-dcfd-6687308b4a9a" executionId="229352cb-0b93-4877-bf63-a138be50d539" testListId="8c84fa94-04c1-424b-9868-57a2d4851a1d" />
    <TestEntry testId="8dab1de3-735f-cc36-974f-4fcc447d693a" executionId="08c0ea0d-aad7-496e-a9bd-d31e7cc9a4e5" testListId="8c84fa94-04c1-424b-9868-57a2d4851a1d" />
    <TestEntry testId="ed2eb3a8-9a8f-8428-0d0a-7e6a2f6200e2" executionId="de6be8df-fdea-4e18-8d0a-9ef0ac6e5082" testListId="8c84fa94-04c1-424b-9868-57a2d4851a1d" />
    <TestEntry testId="e350703c-47df-56f0-b995-a52c38b53eca" executionId="f6e28b28-8514-4db8-860f-ddfca4be9d6f" testListId="8c84fa94-04c1-424b-9868-57a2d4851a1d" />
    <TestEntry testId="6e6b50bb-e15d-9947-f68c-994b4e368f58" executionId="bd27419e-34dd-4945-b092-226fdccf19be" testListId="8c84fa94-04c1-424b-9868-57a2d4851a1d" />
    <TestEntry testId="b6498f29-1231-5fcf-4954-1746daa0500d" executionId="c55f5d4c-98b0-4cd3-8fde-f6993c6c563c" testListId="8c84fa94-04c1-424b-9868-57a2d4851a1d" />
    <TestEntry testId="b6498f29-1231-5fcf-4954-1746daa0500d" executionId="c501f908-a259-4806-bc0c-a6425e4488ec" testListId="8c84fa94-04c1-424b-9868-57a2d4851a1d" />
    <TestEntry testId="e350703c-47df-56f0-b995-a52c38b53eca" executionId="544973bb-219b-4971-99ea-84c831466465" testListId="8c84fa94-04c1-424b-9868-57a2d4851a1d" />
    <TestEntry testId="f90f5d2f-9a6e-b4bc-022c-ce37e3e49a29" executionId="63803c5c-14cb-4013-996e-784b1dd9cf7a" testListId="8c84fa94-04c1-424b-9868-57a2d4851a1d" />
    <TestEntry testId="c32d9ec7-cf3f-0b90-7da7-80e3553b5fe6" executionId="c2f191bb-15cd-42ec-9aae-0bbc9a3e955a" testListId="8c84fa94-04c1-424b-9868-57a2d4851a1d" />
    <TestEntry testId="8da0fbaf-acd6-9154-0805-f306ce39ad46" executionId="447915cf-8407-4f21-9bd6-55be3e559ec2" testListId="8c84fa94-04c1-424b-9868-57a2d4851a1d" />
    <TestEntry testId="e350703c-47df-56f0-b995-a52c38b53eca" executionId="afa3bdbe-9fb8-4210-bbda-7894c2f22ab1" testListId="8c84fa94-04c1-424b-9868-57a2d4851a1d" />
    <TestEntry testId="b08bb3d7-5d34-672a-c457-8e6d2e3c115a" executionId="2925a1ac-a99e-45a2-a4fd-98e178b828f7" testListId="8c84fa94-04c1-424b-9868-57a2d4851a1d" />
    <TestEntry testId="09f85366-159b-5dce-cdaa-bbbd3e98347c" executionId="9b90ef99-6480-4df5-9f02-49a5d42d4119" testListId="8c84fa94-04c1-424b-9868-57a2d4851a1d" />
    <TestEntry testId="79594eae-82c5-8868-ff27-66d8213d57a5" executionId="ae7cece6-761e-4aff-a447-e1c4b964c5aa" testListId="8c84fa94-04c1-424b-9868-57a2d4851a1d" />
    <TestEntry testId="419ef0dc-c4eb-bdc4-db64-68fe0fa43397" executionId="57151bb7-577f-459e-b3d3-e8ebe1b86dc0" testListId="8c84fa94-04c1-424b-9868-57a2d4851a1d" />
    <TestEntry testId="9576cb6d-ffa5-4a23-9c7a-c5c6b213d46b" executionId="b5d19daa-9beb-4334-beb5-e30800540d66" testListId="8c84fa94-04c1-424b-9868-57a2d4851a1d" />
    <TestEntry testId="cc0546c7-1329-1cac-c119-b7e8dee57c88" executionId="af59609f-6499-459b-8b69-ff25f1c6e526" testListId="8c84fa94-04c1-424b-9868-57a2d4851a1d" />
    <TestEntry testId="35da343a-5826-ac4c-688a-c2bbf7572a30" executionId="7e076878-5b2d-418c-a9d3-bc27f1804656" testListId="8c84fa94-04c1-424b-9868-57a2d4851a1d" />
    <TestEntry testId="ff5e63bc-e265-cd61-62ff-c43bc25f73c7" executionId="1caf117d-4ed5-4994-9967-9ae71dbc567d" testListId="8c84fa94-04c1-424b-9868-57a2d4851a1d" />
    <TestEntry testId="5745a05f-6078-14a6-d124-e23b5e51504a" executionId="47d2e83b-ff75-46fc-af3f-2cf7d7fe9eaa" testListId="8c84fa94-04c1-424b-9868-57a2d4851a1d" />
    <TestEntry testId="e350703c-47df-56f0-b995-a52c38b53eca" executionId="fd4cf47c-9256-45ec-b866-33844e5bcfd2" testListId="8c84fa94-04c1-424b-9868-57a2d4851a1d" />
    <TestEntry testId="8c5dd4cc-5466-254a-f980-babcc7138b14" executionId="f6f051e4-5b10-4f8d-b522-b379375fe942" testListId="8c84fa94-04c1-424b-9868-57a2d4851a1d" />
    <TestEntry testId="7cdd2ae3-f105-0db6-4f1d-4db0ed6728a3" executionId="38f4b7f0-8c65-42ca-bbcf-a57eb09f2900" testListId="8c84fa94-04c1-424b-9868-57a2d4851a1d" />
    <TestEntry testId="e350703c-47df-56f0-b995-a52c38b53eca" executionId="a1801192-5e9f-41f8-bee0-6ee07e24f24a" testListId="8c84fa94-04c1-424b-9868-57a2d4851a1d" />
    <TestEntry testId="f5306a38-7e9d-ad71-73c6-1c694342dc21" executionId="04974b9f-e393-4257-a11a-2d5cc68268ca" testListId="8c84fa94-04c1-424b-9868-57a2d4851a1d" />
    <TestEntry testId="b6498f29-1231-5fcf-4954-1746daa0500d" executionId="d9bce1cb-b9c4-4290-924e-c9c53abee876" testListId="8c84fa94-04c1-424b-9868-57a2d4851a1d" />
    <TestEntry testId="b4c47767-5870-8ecb-8f73-4513bf3ab993" executionId="1aceacea-b065-41b4-8542-f6f40e6cae44" testListId="8c84fa94-04c1-424b-9868-57a2d4851a1d" />
    <TestEntry testId="f155f6c0-fb32-2108-c6a4-e7372ec029e0" executionId="afa7a0a7-9696-4b62-927a-216692062b54" testListId="8c84fa94-04c1-424b-9868-57a2d4851a1d" />
    <TestEntry testId="48ed8779-80f1-56a2-6e59-32b682b76d36" executionId="d93bba72-3484-405e-ba95-f7aa45a341d1" testListId="8c84fa94-04c1-424b-9868-57a2d4851a1d" />
    <TestEntry testId="67b6a854-1fe4-5528-77d6-501bd90b9a20" executionId="d6603f53-414c-469b-9b22-fb88a0a03c5b" testListId="8c84fa94-04c1-424b-9868-57a2d4851a1d" />
    <TestEntry testId="e350703c-47df-56f0-b995-a52c38b53eca" executionId="3430eb2d-51ee-4518-a48d-f2605b171236" testListId="8c84fa94-04c1-424b-9868-57a2d4851a1d" />
    <TestEntry testId="3da7e5a6-9ecd-4155-2d2b-bd809533bab0" executionId="52f8669f-fdd4-4f59-9d7b-e702d90e2d78" testListId="8c84fa94-04c1-424b-9868-57a2d4851a1d" />
    <TestEntry testId="6cc20714-42d5-4095-4855-f0359aa8ddcb" executionId="4029fe46-4e7a-42e2-bc23-ae8646005b95" testListId="8c84fa94-04c1-424b-9868-57a2d4851a1d" />
    <TestEntry testId="e350703c-47df-56f0-b995-a52c38b53eca" executionId="413809db-fce2-4390-b0e7-3222f9277c4c" testListId="8c84fa94-04c1-424b-9868-57a2d4851a1d" />
    <TestEntry testId="002081e5-457a-cb3a-fcfa-a07fcccc9fb3" executionId="dc69f9e4-1163-4736-8740-47d1b8d80596" testListId="8c84fa94-04c1-424b-9868-57a2d4851a1d" />
    <TestEntry testId="5bb4fd62-5d31-f92e-3aec-4b3c222ba16c" executionId="c380eed2-ba13-463d-b495-9866cf9dc369" testListId="8c84fa94-04c1-424b-9868-57a2d4851a1d" />
    <TestEntry testId="fb038f83-1c65-fe22-644b-40b63f6a9b5c" executionId="d00b4060-cd39-4282-933a-0a1f4c2ef500" testListId="8c84fa94-04c1-424b-9868-57a2d4851a1d" />
    <TestEntry testId="0cc4eb6e-1272-c5ec-9f29-47d8f418e2d9" executionId="860ba6c5-d650-49c5-8f3a-3ca60b9cc339" testListId="8c84fa94-04c1-424b-9868-57a2d4851a1d" />
    <TestEntry testId="f5306a38-7e9d-ad71-73c6-1c694342dc21" executionId="c8594f39-c37f-43fd-9189-923543c29e1a" testListId="8c84fa94-04c1-424b-9868-57a2d4851a1d" />
    <TestEntry testId="7fd160bc-3b5b-e6e2-40ae-1974536260f2" executionId="1e2517bb-00f9-428c-8cb4-2ef97a288fd3" testListId="8c84fa94-04c1-424b-9868-57a2d4851a1d" />
    <TestEntry testId="9519dfdc-dbb6-dbe3-6b41-92c4f7f3c9f9" executionId="e3d75855-98a6-4836-ba87-84dfe730e9c6" testListId="8c84fa94-04c1-424b-9868-57a2d4851a1d" />
    <TestEntry testId="e350703c-47df-56f0-b995-a52c38b53eca" executionId="24ad6436-50a7-429e-8c69-09eb49644348" testListId="8c84fa94-04c1-424b-9868-57a2d4851a1d" />
    <TestEntry testId="e350703c-47df-56f0-b995-a52c38b53eca" executionId="3a07a01c-b1ef-4320-8d3a-e02cbecaf2d4" testListId="8c84fa94-04c1-424b-9868-57a2d4851a1d" />
    <TestEntry testId="65b4a990-8424-f23f-9b61-155855edf172" executionId="a1b01fb3-a409-419c-86e5-a987bbcae237" testListId="8c84fa94-04c1-424b-9868-57a2d4851a1d" />
    <TestEntry testId="e350703c-47df-56f0-b995-a52c38b53eca" executionId="6b31fa6d-65e4-4119-bb63-9f27f7657c5f" testListId="8c84fa94-04c1-424b-9868-57a2d4851a1d" />
    <TestEntry testId="2f56b32e-ea97-c552-8dea-074dcb4e0dc0" executionId="0ae3200a-cb99-4889-acc4-d69f03ce0ad3" testListId="8c84fa94-04c1-424b-9868-57a2d4851a1d" />
    <TestEntry testId="3d8758fd-c7fc-6203-735e-a5e0ad664994" executionId="0127ecfe-d336-40b2-8d82-b76ba06c88a3" testListId="8c84fa94-04c1-424b-9868-57a2d4851a1d" />
    <TestEntry testId="7fd160bc-3b5b-e6e2-40ae-1974536260f2" executionId="3e49da73-e9f2-4664-8034-109d5464b01a" testListId="8c84fa94-04c1-424b-9868-57a2d4851a1d" />
    <TestEntry testId="b6498f29-1231-5fcf-4954-1746daa0500d" executionId="d692e7f4-2de4-433c-ac2f-1192c0a466a1" testListId="8c84fa94-04c1-424b-9868-57a2d4851a1d" />
    <TestEntry testId="b6498f29-1231-5fcf-4954-1746daa0500d" executionId="7321493c-688c-42a7-9ba9-624cf60baacb" testListId="8c84fa94-04c1-424b-9868-57a2d4851a1d" />
    <TestEntry testId="d1d4b925-a073-2286-7de7-05497c979951" executionId="6719f774-eeaa-4094-87dd-746d1b3fc816" testListId="8c84fa94-04c1-424b-9868-57a2d4851a1d" />
    <TestEntry testId="7a9a1822-3db2-a438-faf7-05813fd14fc1" executionId="68c6bbb0-4165-499d-99ec-8b920bff7885" testListId="8c84fa94-04c1-424b-9868-57a2d4851a1d" />
    <TestEntry testId="b6498f29-1231-5fcf-4954-1746daa0500d" executionId="f118414f-6b85-4acd-bc14-182129b5b48d" testListId="8c84fa94-04c1-424b-9868-57a2d4851a1d" />
    <TestEntry testId="838644d9-6365-e4a6-691a-5f9e9cba540d" executionId="d8bccd22-2656-43dd-ae10-cdf7b5f344f9" testListId="8c84fa94-04c1-424b-9868-57a2d4851a1d" />
    <TestEntry testId="83cb0395-740b-4b48-1b9a-9d0379b2c4b0" executionId="5cd1b970-1381-459c-bf38-3a80c811e63f" testListId="8c84fa94-04c1-424b-9868-57a2d4851a1d" />
    <TestEntry testId="7fd160bc-3b5b-e6e2-40ae-1974536260f2" executionId="5971f331-7560-4f09-8cbc-4afd0f56c4d7" testListId="8c84fa94-04c1-424b-9868-57a2d4851a1d" />
    <TestEntry testId="b6498f29-1231-5fcf-4954-1746daa0500d" executionId="d2af0ae4-1b1f-41ee-811e-b433d8f49e24" testListId="8c84fa94-04c1-424b-9868-57a2d4851a1d" />
    <TestEntry testId="b6498f29-1231-5fcf-4954-1746daa0500d" executionId="3dc51de1-b41a-42a3-87c2-22d0c7a4aede" testListId="8c84fa94-04c1-424b-9868-57a2d4851a1d" />
    <TestEntry testId="a29d2822-126a-1900-33c2-f20f68d10c99" executionId="933be46a-cdb0-4786-b3e5-5bc2baa590f9" testListId="8c84fa94-04c1-424b-9868-57a2d4851a1d" />
    <TestEntry testId="870b9428-08e8-f91f-14b9-7fcf33dc2d0f" executionId="9fa77026-9cfb-43c2-b730-e39bbc353bf9" testListId="8c84fa94-04c1-424b-9868-57a2d4851a1d" />
    <TestEntry testId="b14f6909-8be4-5d0a-1d4e-766cb1e4abd6" executionId="eb7a1b99-288e-4326-bde0-85b952a14e45" testListId="8c84fa94-04c1-424b-9868-57a2d4851a1d" />
    <TestEntry testId="f13dac4d-0e90-b077-3031-244f15b96c77" executionId="c9822f42-ad79-4415-8563-53e833c194d5" testListId="8c84fa94-04c1-424b-9868-57a2d4851a1d" />
    <TestEntry testId="7fd160bc-3b5b-e6e2-40ae-1974536260f2" executionId="13794521-0196-4e85-979f-07dbc4fa9bdd" testListId="8c84fa94-04c1-424b-9868-57a2d4851a1d" />
    <TestEntry testId="4756cbfe-51aa-abcc-147f-e97a51057db5" executionId="498e61ed-e364-4b08-ac5d-824e551c3110" testListId="8c84fa94-04c1-424b-9868-57a2d4851a1d" />
    <TestEntry testId="e350703c-47df-56f0-b995-a52c38b53eca" executionId="93943dfa-5eba-423d-b118-d5b7dc5bb8e4" testListId="8c84fa94-04c1-424b-9868-57a2d4851a1d" />
    <TestEntry testId="e350703c-47df-56f0-b995-a52c38b53eca" executionId="5410bc39-916f-47a5-9bd0-5f642bfd6f59" testListId="8c84fa94-04c1-424b-9868-57a2d4851a1d" />
    <TestEntry testId="9c016915-9649-a737-5d1d-30f1b46f0f52" executionId="f3424011-f225-4bdc-9723-cca536bc43d2" testListId="8c84fa94-04c1-424b-9868-57a2d4851a1d" />
    <TestEntry testId="f5306a38-7e9d-ad71-73c6-1c694342dc21" executionId="1a016274-bd49-47d5-9ae0-14aefc5eda8f" testListId="8c84fa94-04c1-424b-9868-57a2d4851a1d" />
    <TestEntry testId="63fad722-7037-7050-fa28-b32ff1a4ec2f" executionId="59c863b2-6228-41bb-8125-d66de4b68250" testListId="8c84fa94-04c1-424b-9868-57a2d4851a1d" />
    <TestEntry testId="b6498f29-1231-5fcf-4954-1746daa0500d" executionId="8641a9a6-e4a1-4fa5-a7c0-2ce20d1e4901" testListId="8c84fa94-04c1-424b-9868-57a2d4851a1d" />
    <TestEntry testId="e350703c-47df-56f0-b995-a52c38b53eca" executionId="6aa3b430-8085-4c07-97f1-cad391440e8b" testListId="8c84fa94-04c1-424b-9868-57a2d4851a1d" />
    <TestEntry testId="92d311d0-315a-2b67-a035-7b4e08a07dd8" executionId="9b1932df-b17e-4c68-827b-460d09819613" testListId="8c84fa94-04c1-424b-9868-57a2d4851a1d" />
    <TestEntry testId="b6498f29-1231-5fcf-4954-1746daa0500d" executionId="41773a2e-5595-4b76-b55a-2cc43241c69a" testListId="8c84fa94-04c1-424b-9868-57a2d4851a1d" />
    <TestEntry testId="f3383018-7bb0-86e7-cb57-311d72bf2f87" executionId="1fba1ed5-be75-4fe1-81f5-619d5a9b0455" testListId="8c84fa94-04c1-424b-9868-57a2d4851a1d" />
  </TestEntries>
  <TestLists>
    <TestList name="Results Not in a List" id="8c84fa94-04c1-424b-9868-57a2d4851a1d" />
    <TestList name="All Loaded Results" id="19431567-8539-422a-85d7-44ee4e166bda" />
  </TestLists>
  <ResultSummary outcome="Completed">
    <Counters total="201" executed="201" passed="201" failed="0" error="0" timeout="0" aborted="0" inconclusive="0" passedButRunAborted="0" notRunnable="0" notExecuted="0" disconnected="0" warning="0" completed="0" inProgress="0" pending="0" />
    <RunInfos>
      <RunInfo computerName="LW-18560" outcome="Warning" timestamp="2023-09-28T23:16:43.9034176-04:00">
        <Text>Data collection : Unable to find a datacollector with friendly name 'XPlat code coverage'.</Text>
      </RunInfo>
      <RunInfo computerName="LW-18560" outcome="Warning" timestamp="2023-09-28T23:16:43.9034176-04:00">
        <Text>Data collection : Could not find data collector 'XPlat code coverage'</Text>
      </RunInfo>
      <RunInfo computerName="LW-18560" outcome="Warning" timestamp="2023-09-28T23:16:44.0363935-04:00">
        <Text>Data collection : Unable to find a datacollector with friendly name 'XPlat code coverage'.</Text>
      </RunInfo>
      <RunInfo computerName="LW-18560" outcome="Warning" timestamp="2023-09-28T23:16:44.0363935-04:00">
        <Text>Data collection : Could not find data collector 'XPlat code coverage'</Text>
      </RunInfo>
    </RunInfos>
  </ResultSummary>
</TestRun>