<?xml version="1.0" encoding="utf-8"?>
<TestRun xmlns="http://microsoft.com/schemas/VisualStudio/TeamTest/2010">
  <Times creation="2024-01-04T16:52:05.2948549-05:00" queuing="2024-01-04T16:52:05.2948554-05:00" start="2024-01-04T16:52:03.1704039-05:00" finish="2024-01-31T11:10:51.5267838-05:00" />
  <Results >
    <UnitTestResult executionId="5b8206e6-a45b-46b1-8be8-cc139463fe50" testId="7cdd2ae3-f105-0db6-4f1d-4db0ed6728a3" testName="DefaultPageSizeTest" computerName="DESKTOP-3FN5V33" duration="00:00:00.0003277" startTime="2024-01-31T11:10:24.2427972-05:00" endTime="2024-01-31T11:10:24.2433022-05:00" testType="13cdc9d9-ddb5-4fa4-a97d-d965ccfc6d4b" outcome="Passed" testListId="8c84fa94-04c1-424b-9868-57a2d4851a1d" relativeResultsDirectory="5b8206e6-a45b-46b1-8be8-cc139463fe50" xmlns="http://microsoft.com/schemas/VisualStudio/TeamTest/2010" />
    <UnitTestResult executionId="b03050c3-3d41-402b-9bcd-9f55c541a977" testId="7fd160bc-3b5b-e6e2-40ae-1974536260f2" testName="TryParseTest (System.Int32,1,True,1)" computerName="DESKTOP-3FN5V33" duration="00:00:00.0000076" startTime="2024-01-31T11:10:24.1938593-05:00" endTime="2024-01-31T11:10:24.1956731-05:00" testType="13cdc9d9-ddb5-4fa4-a97d-d965ccfc6d4b" outcome="Passed" testListId="8c84fa94-04c1-424b-9868-57a2d4851a1d" relativeResultsDirectory="b03050c3-3d41-402b-9bcd-9f55c541a977" xmlns="http://microsoft.com/schemas/VisualStudio/TeamTest/2010" />
    <UnitTestResult executionId="06b64c03-84d1-44a5-aca8-5faeca232092" testId="e350703c-47df-56f0-b995-a52c38b53eca" testName="MakeSafeTest (System.Decimal,1,1)" computerName="DESKTOP-3FN5V33" duration="00:00:00.0000160" startTime="2024-01-31T11:10:24.0534228-05:00" endTime="2024-01-31T11:10:24.1863293-05:00" testType="13cdc9d9-ddb5-4fa4-a97d-d965ccfc6d4b" outcome="Passed" testListId="8c84fa94-04c1-424b-9868-57a2d4851a1d" relativeResultsDirectory="06b64c03-84d1-44a5-aca8-5faeca232092" xmlns="http://microsoft.com/schemas/VisualStudio/TeamTest/2010" />
    <UnitTestResult executionId="ee09b20d-c49e-48a5-919c-36e589b6a6f5" testId="e7f0575b-0e45-f2ce-4918-0b10042b2324" testName="VisitTest_Equals (Hello,hello,True)" computerName="DESKTOP-3FN5V33" duration="00:00:00.0032935" startTime="2024-01-31T11:10:28.6462263-05:00" endTime="2024-01-31T11:10:28.6497860-05:00" testType="13cdc9d9-ddb5-4fa4-a97d-d965ccfc6d4b" outcome="Passed" testListId="8c84fa94-04c1-424b-9868-57a2d4851a1d" relativeResultsDirectory="ee09b20d-c49e-48a5-919c-36e589b6a6f5" xmlns="http://microsoft.com/schemas/VisualStudio/TeamTest/2010">
      <Output>
        <StdOut>Eliassen.System.Linq.ConsoleLogger`1[Eliassen.System.Linq.Expressions.StringComparisonReplacementExpressionVisitor]:Debug:&gt;
	Replace: e.Equals(value(Eliassen.System.Tests.Linq.Expressions.StringComparisonReplacementExpressionVisitorTests+&lt;&gt;c__DisplayClass5_0).matched) with e.Equals(value(Eliassen.System.Tests.Linq.Expressions.StringComparisonReplacementExpressionVisitorTests+&lt;&gt;c__DisplayClass5_0).matched, CurrentCultureIgnoreCase)



TestContext Messages:
expression: e =&gt; e.Equals(value(Eliassen.System.Tests.Linq.Expressions.StringComparisonReplacementExpressionVisitorTests+&lt;&gt;c__DisplayClass5_0).matched)
visited: e =&gt; e.Equals(value(Eliassen.System.Tests.Linq.Expressions.StringComparisonReplacementExpressionVisitorTests+&lt;&gt;c__DisplayClass5_0).matched, CurrentCultureIgnoreCase)</StdOut>
      </Output>
    </UnitTestResult>
    <UnitTestResult executionId="35cc6723-5830-480e-825e-855af347ecbd" testId="b6498f29-1231-5fcf-4954-1746daa0500d" testName="ExecuteByTest_Filter (Eliassen.System.Tests.Linq.TestTargets.TestTargetModel,Name,EqualTo,*,10,0,1,2,3,4,5,6,7,8,9)" computerName="DESKTOP-3FN5V33" duration="00:00:00.0166873" startTime="2024-01-31T11:10:24.2436838-05:00" endTime="2024-01-31T11:10:27.7575658-05:00" testType="13cdc9d9-ddb5-4fa4-a97d-d965ccfc6d4b" outcome="Passed" testListId="8c84fa94-04c1-424b-9868-57a2d4851a1d" relativeResultsDirectory="35cc6723-5830-480e-825e-855af347ecbd" xmlns="http://microsoft.com/schemas/VisualStudio/TeamTest/2010">
      <Output>
        <StdOut>Eliassen.System.Linq.ConsoleLogger`1[Eliassen.System.Linq.Search.QueryBuilder]:Information:&gt;
	Build query for CurrentPage: 0
PageSize: 0
ExcludePageCount: False
SearchTerm: (null)
	F:Name: EqualTo: *

Eliassen.System.Linq.ConsoleLogger`1[Eliassen.System.Linq.Search.QueryBuilder]:Information:&gt;
	Execute (paged): System.Linq.Enumerable+SelectRangeIterator`1[Eliassen.System.Tests.Linq.TestTargets.TestTargetModel].OrderBy(_ =&gt; 0).Skip(0).Take(10)



TestContext Messages:
SearchQuery-QueryableExtensionsTests_ExecuteByTestFilter(142)-638422962269324063.json: Attached
EnumerableQuery_1-QueryableExtensionsTests_ExecuteByTestFilter(144)-638422962269349655.json: Attached
PagedQueryResult_1-QueryableExtensionsTests_ExecuteByTestFilter(146)-638422962269449896.json: Attached
resultKeys: 0,1,2,3,4,5,6,7,8,9</StdOut>
        <StdErr>Eliassen.System.Linq.ConsoleLogger`1[Eliassen.System.Linq.Search.QueryBuilder]:Warning:&gt;
	No filter mapped for property: Name =&gt; EqualTo: *
Eliassen.System.Linq.ConsoleLogger`1[Eliassen.System.Linq.Search.QueryBuilder]:Warning:&gt;
	No filtering detected: System.Linq.Enumerable+SelectRangeIterator`1[Eliassen.System.Tests.Linq.TestTargets.TestTargetModel]: CurrentPage: 0
PageSize: 0
ExcludePageCount: False
SearchTerm: (null)
	F:Name: EqualTo: *

Eliassen.System.Linq.ConsoleLogger`1[Eliassen.System.Linq.Search.SortBuilder`1[Eliassen.System.Tests.Linq.TestTargets.TestTargetModel]]:Warning:&gt;
	Force sort by 0 applied for Eliassen.System.Tests.Linq.TestTargets.TestTargetModel</StdErr>
      </Output>
      <ResultFiles>
        <ResultFile path="DESKTOP-3FN5V33\EnumerableQuery_1-QueryableExtensionsTests_ExecuteByTestFilter(144)-638422962269349655.json" />
        <ResultFile path="DESKTOP-3FN5V33\PagedQueryResult_1-QueryableExtensionsTests_ExecuteByTestFilter(146)-638422962269449896.json" />
        <ResultFile path="DESKTOP-3FN5V33\SearchQuery-QueryableExtensionsTests_ExecuteByTestFilter(142)-638422962269324063.json" />
      </ResultFiles>
    </UnitTestResult>
    <UnitTestResult executionId="80733c05-c7ae-4100-b5c6-b80fe1e2a4bd" testId="b6498f29-1231-5fcf-4954-1746daa0500d" testName="ExecuteByTest_Filter (Eliassen.System.Tests.Linq.TestTargets.TestTargetWithInnerArrayModel,Children,EqualTo,*001,10,2,3,4,5,6,7,8,9,12,13)" computerName="DESKTOP-3FN5V33" duration="00:00:00.0469893" startTime="2024-01-31T11:10:24.2436838-05:00" endTime="2024-01-31T11:10:27.7575658-05:00" testType="13cdc9d9-ddb5-4fa4-a97d-d965ccfc6d4b" outcome="Passed" testListId="8c84fa94-04c1-424b-9868-57a2d4851a1d" relativeResultsDirectory="80733c05-c7ae-4100-b5c6-b80fe1e2a4bd" xmlns="http://microsoft.com/schemas/VisualStudio/TeamTest/2010">
      <Output>
        <StdOut>Eliassen.System.Linq.ConsoleLogger`1[Eliassen.System.Linq.Search.QueryBuilder]:Information:&gt;
	Build query for CurrentPage: 0
PageSize: 0
ExcludePageCount: False
SearchTerm: (null)
	F:Children: EqualTo: *001

Eliassen.System.Linq.ConsoleLogger`1[Eliassen.System.Linq.Search.QueryBuilder]:Information:&gt;
	Execute (paged): System.Linq.Enumerable+SelectRangeIterator`1[Eliassen.System.Tests.Linq.TestTargets.TestTargetWithInnerArrayModel].Where(n =&gt; n.Children.Any(child =&gt; child.EndsWith("001"))).OrderBy(_ =&gt; 0).Skip(0).Take(10)



TestContext Messages:
SearchQuery-QueryableExtensionsTests_ExecuteByTestFilter(142)-638422962268045514.json: Attached
EnumerableQuery_1-QueryableExtensionsTests_ExecuteByTestFilter(144)-638422962268081138.json: Attached
PagedQueryResult_1-QueryableExtensionsTests_ExecuteByTestFilter(146)-638422962268385354.json: Attached
resultKeys: 2,3,4,5,6,7,8,9,12,13</StdOut>
        <StdErr>Eliassen.System.Linq.ConsoleLogger`1[Eliassen.System.Linq.Search.SortBuilder`1[Eliassen.System.Tests.Linq.TestTargets.TestTargetWithInnerArrayModel]]:Warning:&gt;
	Force sort by 0 applied for Eliassen.System.Tests.Linq.TestTargets.TestTargetWithInnerArrayModel</StdErr>
      </Output>
      <ResultFiles>
        <ResultFile path="DESKTOP-3FN5V33\EnumerableQuery_1-QueryableExtensionsTests_ExecuteByTestFilter(144)-638422962268081138.json" />
        <ResultFile path="DESKTOP-3FN5V33\PagedQueryResult_1-QueryableExtensionsTests_ExecuteByTestFilter(146)-638422962268385354.json" />
        <ResultFile path="DESKTOP-3FN5V33\SearchQuery-QueryableExtensionsTests_ExecuteByTestFilter(142)-638422962268045514.json" />
      </ResultFiles>
    </UnitTestResult>
    <UnitTestResult executionId="6ea71f04-c30c-4fe6-b95a-76db55cd1f5e" testId="08fc4c82-556b-87cf-a9ae-405737b973df" testName="ToEnumTest (2,Val2)" computerName="DESKTOP-3FN5V33" duration="00:00:00.0000113" startTime="2024-01-31T11:10:24.0298991-05:00" endTime="2024-01-31T11:10:24.0300651-05:00" testType="13cdc9d9-ddb5-4fa4-a97d-d965ccfc6d4b" outcome="Passed" testListId="8c84fa94-04c1-424b-9868-57a2d4851a1d" relativeResultsDirectory="6ea71f04-c30c-4fe6-b95a-76db55cd1f5e" xmlns="http://microsoft.com/schemas/VisualStudio/TeamTest/2010" />
    <UnitTestResult executionId="c089579c-4daf-4e4e-ae73-1e43c1a3d24c" testId="312eaabc-9879-8ba5-fb15-63928cd6660e" testName="DeserializeTest ({&quot;_id&quot;:{&quot;$oid&quot;:&quot;Hello World&quot;}},Hello World)" computerName="DESKTOP-3FN5V33" duration="00:00:00.0057019" startTime="2024-01-31T11:10:23.8585978-05:00" endTime="2024-01-31T11:10:23.8645915-05:00" testType="13cdc9d9-ddb5-4fa4-a97d-d965ccfc6d4b" outcome="Passed" testListId="8c84fa94-04c1-424b-9868-57a2d4851a1d" relativeResultsDirectory="c089579c-4daf-4e4e-ae73-1e43c1a3d24c" xmlns="http://microsoft.com/schemas/VisualStudio/TeamTest/2010">
      <Output>
        <StdOut>TestContext Messages:
input-BsonIdConverterTests_DeserializeTest(39)-638422962238592444.json: Attached
result-BsonIdConverterTests_DeserializeTest(41)-638422962238618940.json: Attached</StdOut>
      </Output>
      <ResultFiles>
        <ResultFile path="DESKTOP-3FN5V33\input-BsonIdConverterTests_DeserializeTest(39)-638422962238592444.json" />
        <ResultFile path="DESKTOP-3FN5V33\result-BsonIdConverterTests_DeserializeTest(41)-638422962238618940.json" />
      </ResultFiles>
    </UnitTestResult>
    <UnitTestResult executionId="72fa103f-2371-487f-8643-5afda35d3219" testId="b6498f29-1231-5fcf-4954-1746daa0500d" testName="ExecuteByTest_Filter (Eliassen.System.Tests.Linq.TestTargets.TestTargetModel,Name,EqualTo,Name1*,10,1,10,11,12,13,14,15,16,17,18)" computerName="DESKTOP-3FN5V33" duration="00:00:00.0205704" startTime="2024-01-31T11:10:24.2436838-05:00" endTime="2024-01-31T11:10:27.7575658-05:00" testType="13cdc9d9-ddb5-4fa4-a97d-d965ccfc6d4b" outcome="Passed" testListId="8c84fa94-04c1-424b-9868-57a2d4851a1d" relativeResultsDirectory="72fa103f-2371-487f-8643-5afda35d3219" xmlns="http://microsoft.com/schemas/VisualStudio/TeamTest/2010">
      <Output>
        <StdOut>Eliassen.System.Linq.ConsoleLogger`1[Eliassen.System.Linq.Search.QueryBuilder]:Information:&gt;
	Build query for CurrentPage: 0
PageSize: 0
ExcludePageCount: False
SearchTerm: (null)
	F:Name: EqualTo: Name1*

Eliassen.System.Linq.ConsoleLogger`1[Eliassen.System.Linq.Search.QueryBuilder]:Information:&gt;
	Execute (paged): System.Linq.Enumerable+SelectRangeIterator`1[Eliassen.System.Tests.Linq.TestTargets.TestTargetModel].Where(n =&gt; n.Name.StartsWith("Name1")).OrderBy(_ =&gt; 0).Skip(0).Take(10)



TestContext Messages:
SearchQuery-QueryableExtensionsTests_ExecuteByTestFilter(142)-638422962247305094.json: Attached
EnumerableQuery_1-QueryableExtensionsTests_ExecuteByTestFilter(144)-638422962247333803.json: Attached
PagedQueryResult_1-QueryableExtensionsTests_ExecuteByTestFilter(146)-638422962247455097.json: Attached
resultKeys: 1,10,11,12,13,14,15,16,17,18</StdOut>
        <StdErr>Eliassen.System.Linq.ConsoleLogger`1[Eliassen.System.Linq.Search.SortBuilder`1[Eliassen.System.Tests.Linq.TestTargets.TestTargetModel]]:Warning:&gt;
	Force sort by 0 applied for Eliassen.System.Tests.Linq.TestTargets.TestTargetModel</StdErr>
      </Output>
      <ResultFiles>
        <ResultFile path="DESKTOP-3FN5V33\EnumerableQuery_1-QueryableExtensionsTests_ExecuteByTestFilter(144)-638422962247333803.json" />
        <ResultFile path="DESKTOP-3FN5V33\PagedQueryResult_1-QueryableExtensionsTests_ExecuteByTestFilter(146)-638422962247455097.json" />
        <ResultFile path="DESKTOP-3FN5V33\SearchQuery-QueryableExtensionsTests_ExecuteByTestFilter(142)-638422962247305094.json" />
      </ResultFiles>
    </UnitTestResult>
    <UnitTestResult executionId="cddc3c9e-a80b-42a7-ac08-f8e9c117bf20" testId="b5b73f46-926e-b166-c509-00a2b6834bdd" testName="GetFilterablePropertyNamesTest_TestTarget2Model" computerName="DESKTOP-3FN5V33" duration="00:00:00.0010207" startTime="2024-01-31T11:10:28.5955205-05:00" endTime="2024-01-31T11:10:28.5967732-05:00" testType="13cdc9d9-ddb5-4fa4-a97d-d965ccfc6d4b" outcome="Passed" testListId="8c84fa94-04c1-424b-9868-57a2d4851a1d" relativeResultsDirectory="cddc3c9e-a80b-42a7-ac08-f8e9c117bf20" xmlns="http://microsoft.com/schemas/VisualStudio/TeamTest/2010" />
    <UnitTestResult executionId="dbacf95e-02d2-4129-a183-35615fcc1a23" testId="d4b770b3-94e8-d07a-03aa-f3335b9b4c71" testName="VisitTest_EqualOperator (Hello,HELLO,True)" computerName="DESKTOP-3FN5V33" duration="00:00:00.0008014" startTime="2024-01-31T11:10:28.6422472-05:00" endTime="2024-01-31T11:10:28.6432755-05:00" testType="13cdc9d9-ddb5-4fa4-a97d-d965ccfc6d4b" outcome="Passed" testListId="8c84fa94-04c1-424b-9868-57a2d4851a1d" relativeResultsDirectory="dbacf95e-02d2-4129-a183-35615fcc1a23" xmlns="http://microsoft.com/schemas/VisualStudio/TeamTest/2010">
      <Output>
        <StdOut>TestContext Messages:
expression: e =&gt; (e == value(Eliassen.System.Tests.Linq.Expressions.StringComparisonReplacementExpressionVisitorTests+&lt;&gt;c__DisplayClass4_0).matched)
visited: e =&gt; e.Equals(value(Eliassen.System.Tests.Linq.Expressions.StringComparisonReplacementExpressionVisitorTests+&lt;&gt;c__DisplayClass4_0).matched, CurrentCultureIgnoreCase)</StdOut>
      </Output>
    </UnitTestResult>
    <UnitTestResult executionId="ceb4e13e-1d42-4b11-ac7f-c0ebf648f1fa" testId="0ce23f0f-8bc9-01fa-938b-d8a470ad42da" testName="DeserializeTest_Nullable ({&quot;Nullable&quot;:null,&quot;Value&quot;:{&quot;$date&quot;:&quot;2023-07-05T14:17:05.2315812-04:00&quot;}},)" computerName="DESKTOP-3FN5V33" duration="00:00:00.0040984" startTime="2024-01-31T11:10:23.8391614-05:00" endTime="2024-01-31T11:10:23.8435357-05:00" testType="13cdc9d9-ddb5-4fa4-a97d-d965ccfc6d4b" outcome="Passed" testListId="8c84fa94-04c1-424b-9868-57a2d4851a1d" relativeResultsDirectory="ceb4e13e-1d42-4b11-ac7f-c0ebf648f1fa" xmlns="http://microsoft.com/schemas/VisualStudio/TeamTest/2010">
      <Output>
        <StdOut>TestContext Messages:
input-BsonDateConverterTests_DeserializeTest_Nullable(64)-638422962238395766.json: Attached
result-BsonDateConverterTests_DeserializeTest_Nullable(66)-638422962238413434.json: Attached</StdOut>
      </Output>
      <ResultFiles>
        <ResultFile path="DESKTOP-3FN5V33\input-BsonDateConverterTests_DeserializeTest_Nullable(64)-638422962238395766.json" />
        <ResultFile path="DESKTOP-3FN5V33\result-BsonDateConverterTests_DeserializeTest_Nullable(66)-638422962238413434.json" />
      </ResultFiles>
    </UnitTestResult>
    <UnitTestResult executionId="ecbdbcac-8093-4834-9e25-a87268038c77" testId="e350703c-47df-56f0-b995-a52c38b53eca" testName="MakeSafeTest (System.AttributeTargets,nope,)" computerName="DESKTOP-3FN5V33" duration="00:00:00.0015139" startTime="2024-01-31T11:10:24.0534228-05:00" endTime="2024-01-31T11:10:24.1863293-05:00" testType="13cdc9d9-ddb5-4fa4-a97d-d965ccfc6d4b" outcome="Passed" testListId="8c84fa94-04c1-424b-9868-57a2d4851a1d" relativeResultsDirectory="ecbdbcac-8093-4834-9e25-a87268038c77" xmlns="http://microsoft.com/schemas/VisualStudio/TeamTest/2010" />
    <UnitTestResult executionId="f73adc5d-3837-47b9-add8-eac017b00547" testId="b6498f29-1231-5fcf-4954-1746daa0500d" testName="ExecuteByTest_Filter (Eliassen.System.Tests.Linq.TestTargets.TestTargetModel,Index,GreaterThanOrEqualTo,995,5,995,996,997,998,999)" computerName="DESKTOP-3FN5V33" duration="00:00:00.0260975" startTime="2024-01-31T11:10:24.2436838-05:00" endTime="2024-01-31T11:10:27.7575658-05:00" testType="13cdc9d9-ddb5-4fa4-a97d-d965ccfc6d4b" outcome="Passed" testListId="8c84fa94-04c1-424b-9868-57a2d4851a1d" relativeResultsDirectory="f73adc5d-3837-47b9-add8-eac017b00547" xmlns="http://microsoft.com/schemas/VisualStudio/TeamTest/2010">
      <Output>
        <StdOut>Eliassen.System.Linq.ConsoleLogger`1[Eliassen.System.Linq.Search.QueryBuilder]:Information:&gt;
	Build query for CurrentPage: 0
PageSize: 0
ExcludePageCount: False
SearchTerm: (null)
	F:Index: GreaterThanOrEqualTo: 995

Eliassen.System.Linq.ConsoleLogger`1[Eliassen.System.Linq.Search.QueryBuilder]:Information:&gt;
	Execute (paged): System.Linq.Enumerable+SelectRangeIterator`1[Eliassen.System.Tests.Linq.TestTargets.TestTargetModel].Where(n =&gt; (n.Index &gt;= 995)).OrderBy(_ =&gt; 0).Skip(0).Take(10)



TestContext Messages:
SearchQuery-QueryableExtensionsTests_ExecuteByTestFilter(142)-638422962245989345.json: Attached
EnumerableQuery_1-QueryableExtensionsTests_ExecuteByTestFilter(144)-638422962246024469.json: Attached
PagedQueryResult_1-QueryableExtensionsTests_ExecuteByTestFilter(146)-638422962246151540.json: Attached
resultKeys: 995,996,997,998,999</StdOut>
        <StdErr>Eliassen.System.Linq.ConsoleLogger`1[Eliassen.System.Linq.Expressions.ExpressionTreeBuilder`1[Eliassen.System.Tests.Linq.TestTargets.TestTargetModel]]:Warning:&gt;
	995 parsed to 995 (System.Int32)
Eliassen.System.Linq.ConsoleLogger`1[Eliassen.System.Linq.Search.SortBuilder`1[Eliassen.System.Tests.Linq.TestTargets.TestTargetModel]]:Warning:&gt;
	Force sort by 0 applied for Eliassen.System.Tests.Linq.TestTargets.TestTargetModel</StdErr>
      </Output>
      <ResultFiles>
        <ResultFile path="DESKTOP-3FN5V33\EnumerableQuery_1-QueryableExtensionsTests_ExecuteByTestFilter(144)-638422962246024469.json" />
        <ResultFile path="DESKTOP-3FN5V33\PagedQueryResult_1-QueryableExtensionsTests_ExecuteByTestFilter(146)-638422962246151540.json" />
        <ResultFile path="DESKTOP-3FN5V33\SearchQuery-QueryableExtensionsTests_ExecuteByTestFilter(142)-638422962245989345.json" />
      </ResultFiles>
    </UnitTestResult>
    <UnitTestResult executionId="97af6f75-f630-4b98-a807-4d5b87ecd219" testId="6ecbf29a-b1dc-ecb1-c997-c95f3b46593a" testName="ExecuteByTest_Filter_JsonElement" computerName="DESKTOP-3FN5V33" duration="00:00:00.0204726" startTime="2024-01-31T11:10:27.7734923-05:00" endTime="2024-01-31T11:10:27.7944337-05:00" testType="13cdc9d9-ddb5-4fa4-a97d-d965ccfc6d4b" outcome="Passed" testListId="8c84fa94-04c1-424b-9868-57a2d4851a1d" relativeResultsDirectory="97af6f75-f630-4b98-a807-4d5b87ecd219" xmlns="http://microsoft.com/schemas/VisualStudio/TeamTest/2010">
      <Output>
        <StdOut>Eliassen.System.Linq.ConsoleLogger`1[Eliassen.System.Linq.Search.QueryBuilder]:Information:&gt;
	Build query for CurrentPage: 0
PageSize: 0
ExcludePageCount: False
SearchTerm: (null)
	F:Name: EqualTo: Name3

Eliassen.System.Linq.ConsoleLogger`1[Eliassen.System.Linq.Search.QueryBuilder]:Information:&gt;
	Execute (paged): System.Linq.Enumerable+SelectRangeIterator`1[Eliassen.System.Tests.Linq.TestTargets.TestTargetModel].Where(n =&gt; n.Name.Equals("Name3")).OrderBy(_ =&gt; 0).Skip(0).Take(10)



TestContext Messages:
SearchQuery-QueryableExtensionsTests_ExecuteByTestFilter(142)-638422962277759897.json: Attached
EnumerableQuery_1-QueryableExtensionsTests_ExecuteByTestFilter(144)-638422962277793407.json: Attached
PagedQueryResult_1-QueryableExtensionsTests_ExecuteByTestFilter(146)-638422962277907883.json: Attached
resultKeys: 3</StdOut>
        <StdErr>Eliassen.System.Linq.ConsoleLogger`1[Eliassen.System.Linq.Search.SortBuilder`1[Eliassen.System.Tests.Linq.TestTargets.TestTargetModel]]:Warning:&gt;
	Force sort by 0 applied for Eliassen.System.Tests.Linq.TestTargets.TestTargetModel</StdErr>
      </Output>
      <ResultFiles>
        <ResultFile path="DESKTOP-3FN5V33\EnumerableQuery_1-QueryableExtensionsTests_ExecuteByTestFilter(144)-638422962277793407.json" />
        <ResultFile path="DESKTOP-3FN5V33\PagedQueryResult_1-QueryableExtensionsTests_ExecuteByTestFilter(146)-638422962277907883.json" />
        <ResultFile path="DESKTOP-3FN5V33\SearchQuery-QueryableExtensionsTests_ExecuteByTestFilter(142)-638422962277759897.json" />
      </ResultFiles>
    </UnitTestResult>
    <UnitTestResult executionId="fdda3ab8-9809-414f-adfd-1b09eb62f8f8" testId="46607e5b-fea6-a0a2-2caf-2abdd0971d6b" testName="SerializeTest_AnonymousWithStringObjectDictionary" computerName="DESKTOP-3FN5V33" duration="00:00:00.0221914" startTime="2024-01-31T11:10:23.9162129-05:00" endTime="2024-01-31T11:10:23.9386173-05:00" testType="13cdc9d9-ddb5-4fa4-a97d-d965ccfc6d4b" outcome="Passed" testListId="8c84fa94-04c1-424b-9868-57a2d4851a1d" relativeResultsDirectory="fdda3ab8-9809-414f-adfd-1b09eb62f8f8" xmlns="http://microsoft.com/schemas/VisualStudio/TeamTest/2010">
      <Output>
        <StdOut>TestContext Messages:
String-DefaultJsonSerializerTests_SerializeTest_AnonymousWithStringObjectDictionary(48)-638422962239303197.txt: Attached
__f__AnonymousType1_2-DefaultJsonSerializerTests_SerializeTest_AnonymousWithStringObjectDictionary(49)-638422962239336251.json: Attached</StdOut>
      </Output>
      <ResultFiles>
        <ResultFile path="DESKTOP-3FN5V33\String-DefaultJsonSerializerTests_SerializeTest_AnonymousWithStringObjectDictionary(48)-638422962239303197.txt" />
        <ResultFile path="DESKTOP-3FN5V33\__f__AnonymousType1_2-DefaultJsonSerializerTests_SerializeTest_AnonymousWithStringObjectDictionary(49)-638422962239336251.json" />
      </ResultFiles>
    </UnitTestResult>
    <UnitTestResult executionId="39715152-56ec-4980-ac7f-7b938fa8b255" testId="08742191-32e9-b72f-e313-52355290b27f" testName="AsModelsTest" computerName="DESKTOP-3FN5V33" duration="00:00:00.0114254" startTime="2024-01-31T11:10:23.9817311-05:00" endTime="2024-01-31T11:10:23.9934728-05:00" testType="13cdc9d9-ddb5-4fa4-a97d-d965ccfc6d4b" outcome="Passed" testListId="8c84fa94-04c1-424b-9868-57a2d4851a1d" relativeResultsDirectory="39715152-56ec-4980-ac7f-7b938fa8b255" xmlns="http://microsoft.com/schemas/VisualStudio/TeamTest/2010">
      <Output>
        <StdOut>TestContext Messages:
EnumModel { Id = 1, Name = Assembly, Code = ASSEMBLY, Description = , Order = 0, Value = Assembly, IsEndState = False, IsExcludeFromUnique = False, PossibleNames = System.String[], Value = Assembly }
EnumModel { Id = 2, Name = Module, Code = MODULE, Description = , Order = 0, Value = Module, IsEndState = False, IsExcludeFromUnique = False, PossibleNames = System.String[], Value = Module }
EnumModel { Id = 4, Name = Class, Code = CLASS, Description = , Order = 0, Value = Class, IsEndState = False, IsExcludeFromUnique = False, PossibleNames = System.String[], Value = Class }
EnumModel { Id = 8, Name = Struct, Code = STRUCT, Description = , Order = 0, Value = Struct, IsEndState = False, IsExcludeFromUnique = False, PossibleNames = System.String[], Value = Struct }
EnumModel { Id = 16, Name = Enum, Code = ENUM, Description = , Order = 0, Value = Enum, IsEndState = False, IsExcludeFromUnique = False, PossibleNames = System.String[], Value = Enum }
EnumModel { Id = 32, Name = Constructor, Code = CONSTRUCTOR, Description = , Order = 0, Value = Constructor, IsEndState = False, IsExcludeFromUnique = False, PossibleNames = System.String[], Value = Constructor }
EnumModel { Id = 64, Name = Method, Code = METHOD, Description = , Order = 0, Value = Method, IsEndState = False, IsExcludeFromUnique = False, PossibleNames = System.String[], Value = Method }
EnumModel { Id = 128, Name = Property, Code = PROPERTY, Description = , Order = 0, Value = Property, IsEndState = False, IsExcludeFromUnique = False, PossibleNames = System.String[], Value = Property }
EnumModel { Id = 256, Name = Field, Code = FIELD, Description = , Order = 0, Value = Field, IsEndState = False, IsExcludeFromUnique = False, PossibleNames = System.String[], Value = Field }
EnumModel { Id = 512, Name = Event, Code = EVENT, Description = , Order = 0, Value = Event, IsEndState = False, IsExcludeFromUnique = False, PossibleNames = System.String[], Value = Event }
EnumModel { Id = 1024, Name = Interface, Code = INTERFACE, Description = , Order = 0, Value = Interface, IsEndState = False, IsExcludeFromUnique = False, PossibleNames = System.String[], Value = Interface }
EnumModel { Id = 2048, Name = Parameter, Code = PARAMETER, Description = , Order = 0, Value = Parameter, IsEndState = False, IsExcludeFromUnique = False, PossibleNames = System.String[], Value = Parameter }
EnumModel { Id = 4096, Name = Delegate, Code = DELEGATE, Description = , Order = 0, Value = Delegate, IsEndState = False, IsExcludeFromUnique = False, PossibleNames = System.String[], Value = Delegate }
EnumModel { Id = 8192, Name = ReturnValue, Code = RETURNVALUE, Description = , Order = 0, Value = ReturnValue, IsEndState = False, IsExcludeFromUnique = False, PossibleNames = System.String[], Value = ReturnValue }
EnumModel { Id = 16384, Name = GenericParameter, Code = GENERICPARAMETER, Description = , Order = 0, Value = GenericParameter, IsEndState = False, IsExcludeFromUnique = False, PossibleNames = System.String[], Value = GenericParameter }
EnumModel { Id = 32767, Name = All, Code = ALL, Description = , Order = 0, Value = All, IsEndState = False, IsExcludeFromUnique = False, PossibleNames = System.String[], Value = All }</StdOut>
      </Output>
    </UnitTestResult>
    <UnitTestResult executionId="5d12f975-f088-48b7-ab5b-dc525d1e58aa" testId="b6498f29-1231-5fcf-4954-1746daa0500d" testName="ExecuteByTest_Filter (Eliassen.System.Tests.Linq.TestTargets.TestTargetModel,INDEX,EqualTo,!1,10,0,2,3,4,5,6,7,8,9,10)" computerName="DESKTOP-3FN5V33" duration="00:00:00.0211443" startTime="2024-01-31T11:10:24.2436838-05:00" endTime="2024-01-31T11:10:27.7575658-05:00" testType="13cdc9d9-ddb5-4fa4-a97d-d965ccfc6d4b" outcome="Passed" testListId="8c84fa94-04c1-424b-9868-57a2d4851a1d" relativeResultsDirectory="5d12f975-f088-48b7-ab5b-dc525d1e58aa" xmlns="http://microsoft.com/schemas/VisualStudio/TeamTest/2010">
      <Output>
        <StdOut>Eliassen.System.Linq.ConsoleLogger`1[Eliassen.System.Linq.Search.QueryBuilder]:Information:&gt;
	Build query for CurrentPage: 0
PageSize: 0
ExcludePageCount: False
SearchTerm: (null)
	F:INDEX: EqualTo: !1

Eliassen.System.Linq.ConsoleLogger`1[Eliassen.System.Linq.Search.QueryBuilder]:Information:&gt;
	Execute (paged): System.Linq.Enumerable+SelectRangeIterator`1[Eliassen.System.Tests.Linq.TestTargets.TestTargetModel].Where(n =&gt; (n.Index != 1)).OrderBy(_ =&gt; 0).Skip(0).Take(10)



TestContext Messages:
SearchQuery-QueryableExtensionsTests_ExecuteByTestFilter(142)-638422962243785984.json: Attached
EnumerableQuery_1-QueryableExtensionsTests_ExecuteByTestFilter(144)-638422962243815687.json: Attached
PagedQueryResult_1-QueryableExtensionsTests_ExecuteByTestFilter(146)-638422962243925342.json: Attached
resultKeys: 0,2,3,4,5,6,7,8,9,10</StdOut>
        <StdErr>Eliassen.System.Linq.ConsoleLogger`1[Eliassen.System.Linq.Expressions.ExpressionTreeBuilder`1[Eliassen.System.Tests.Linq.TestTargets.TestTargetModel]]:Warning:&gt;
	1 parsed to 1 (System.Int32)
Eliassen.System.Linq.ConsoleLogger`1[Eliassen.System.Linq.Search.SortBuilder`1[Eliassen.System.Tests.Linq.TestTargets.TestTargetModel]]:Warning:&gt;
	Force sort by 0 applied for Eliassen.System.Tests.Linq.TestTargets.TestTargetModel</StdErr>
      </Output>
      <ResultFiles>
        <ResultFile path="DESKTOP-3FN5V33\EnumerableQuery_1-QueryableExtensionsTests_ExecuteByTestFilter(144)-638422962243815687.json" />
        <ResultFile path="DESKTOP-3FN5V33\PagedQueryResult_1-QueryableExtensionsTests_ExecuteByTestFilter(146)-638422962243925342.json" />
        <ResultFile path="DESKTOP-3FN5V33\SearchQuery-QueryableExtensionsTests_ExecuteByTestFilter(142)-638422962243785984.json" />
      </ResultFiles>
    </UnitTestResult>
    <UnitTestResult executionId="10aa63ea-6549-45c4-b8fd-b13027a6ef93" testId="bfec42cd-394b-907b-c2e0-0b6b8b9584fe" testName="ExecuteByTest_Page (1,1,1000,1000,1,1,1)" computerName="DESKTOP-3FN5V33" duration="00:00:00.0228590" startTime="2024-01-31T11:10:28.4842453-05:00" endTime="2024-01-31T11:10:28.5076083-05:00" testType="13cdc9d9-ddb5-4fa4-a97d-d965ccfc6d4b" outcome="Passed" testListId="8c84fa94-04c1-424b-9868-57a2d4851a1d" relativeResultsDirectory="10aa63ea-6549-45c4-b8fd-b13027a6ef93" xmlns="http://microsoft.com/schemas/VisualStudio/TeamTest/2010">
      <Output>
        <StdOut>Eliassen.System.Linq.ConsoleLogger`1[Eliassen.System.Linq.Search.QueryBuilder]:Information:&gt;
	Build query for CurrentPage: 1
PageSize: 1
ExcludePageCount: False
SearchTerm: (null)

Eliassen.System.Linq.ConsoleLogger`1[Eliassen.System.Linq.Search.QueryBuilder]:Information:&gt;
	Execute (paged): System.Linq.Enumerable+SelectRangeIterator`1[Eliassen.System.Tests.Linq.TestTargets.TestTargetModel].OrderBy(_ =&gt; 0).Skip(1).Take(1)



TestContext Messages:
SearchQuery-QueryableExtensionsTests_ExecuteByTest_Page(296)-638422962284846287.json: Attached
EnumerableQuery_1-QueryableExtensionsTests_ExecuteByTest_Page(298)-638422962284878754.json: Attached
PagedQueryResult_1-QueryableExtensionsTests_ExecuteByTest_Page(300)-638422962285031857.json: Attached
resultKeys: 1</StdOut>
        <StdErr>Eliassen.System.Linq.ConsoleLogger`1[Eliassen.System.Linq.Search.QueryBuilder]:Warning:&gt;
	No filtering detected: System.Linq.Enumerable+SelectRangeIterator`1[Eliassen.System.Tests.Linq.TestTargets.TestTargetModel]: CurrentPage: 1
PageSize: 1
ExcludePageCount: False
SearchTerm: (null)

Eliassen.System.Linq.ConsoleLogger`1[Eliassen.System.Linq.Search.SortBuilder`1[Eliassen.System.Tests.Linq.TestTargets.TestTargetModel]]:Warning:&gt;
	Force sort by 0 applied for Eliassen.System.Tests.Linq.TestTargets.TestTargetModel</StdErr>
      </Output>
      <ResultFiles>
        <ResultFile path="DESKTOP-3FN5V33\EnumerableQuery_1-QueryableExtensionsTests_ExecuteByTest_Page(298)-638422962284878754.json" />
        <ResultFile path="DESKTOP-3FN5V33\PagedQueryResult_1-QueryableExtensionsTests_ExecuteByTest_Page(300)-638422962285031857.json" />
        <ResultFile path="DESKTOP-3FN5V33\SearchQuery-QueryableExtensionsTests_ExecuteByTest_Page(296)-638422962284846287.json" />
      </ResultFiles>
    </UnitTestResult>
    <UnitTestResult executionId="d9804f0c-7cd5-471c-8ecb-85cc7fbca2cc" testId="52063650-6233-2d8a-fadf-ea1a53f7d6ed" testName="GetHash (hello world,XrY7u+Ae7tCTyyK7j1rNww==)" computerName="DESKTOP-3FN5V33" duration="00:00:00.0005483" startTime="2024-01-31T11:10:23.9704169-05:00" endTime="2024-01-31T11:10:23.9712502-05:00" testType="13cdc9d9-ddb5-4fa4-a97d-d965ccfc6d4b" outcome="Passed" testListId="8c84fa94-04c1-424b-9868-57a2d4851a1d" relativeResultsDirectory="d9804f0c-7cd5-471c-8ecb-85cc7fbca2cc" xmlns="http://microsoft.com/schemas/VisualStudio/TeamTest/2010">
      <Output>
        <StdOut>TestContext Messages:
"hello world" =&gt; "XrY7u+Ae7tCTyyK7j1rNww=="</StdOut>
      </Output>
    </UnitTestResult>
    <UnitTestResult executionId="f20c2090-502c-4659-a7ad-9e327036d64f" testId="e350703c-47df-56f0-b995-a52c38b53eca" testName="MakeSafeTest (System.Byte[],QUJD,System.Byte[])" computerName="DESKTOP-3FN5V33" duration="00:00:00.0024922" startTime="2024-01-31T11:10:24.0534228-05:00" endTime="2024-01-31T11:10:24.1863293-05:00" testType="13cdc9d9-ddb5-4fa4-a97d-d965ccfc6d4b" outcome="Passed" testListId="8c84fa94-04c1-424b-9868-57a2d4851a1d" relativeResultsDirectory="f20c2090-502c-4659-a7ad-9e327036d64f" xmlns="http://microsoft.com/schemas/VisualStudio/TeamTest/2010" />
    <UnitTestResult executionId="aeba512b-0bef-4288-869e-e10a5b99047e" testId="e350703c-47df-56f0-b995-a52c38b53eca" testName="MakeSafeTest (System.Guid,nope,)" computerName="DESKTOP-3FN5V33" duration="00:00:00.0003096" startTime="2024-01-31T11:10:24.0534228-05:00" endTime="2024-01-31T11:10:24.1863293-05:00" testType="13cdc9d9-ddb5-4fa4-a97d-d965ccfc6d4b" outcome="Passed" testListId="8c84fa94-04c1-424b-9868-57a2d4851a1d" relativeResultsDirectory="aeba512b-0bef-4288-869e-e10a5b99047e" xmlns="http://microsoft.com/schemas/VisualStudio/TeamTest/2010" />
    <UnitTestResult executionId="efb91526-c465-4ede-9b9b-0367179c764a" testId="e350703c-47df-56f0-b995-a52c38b53eca" testName="MakeSafeTest (System.AttributeTargets,Enum,Enum)" computerName="DESKTOP-3FN5V33" duration="00:00:00.0000150" startTime="2024-01-31T11:10:24.0534228-05:00" endTime="2024-01-31T11:10:24.1863293-05:00" testType="13cdc9d9-ddb5-4fa4-a97d-d965ccfc6d4b" outcome="Passed" testListId="8c84fa94-04c1-424b-9868-57a2d4851a1d" relativeResultsDirectory="efb91526-c465-4ede-9b9b-0367179c764a" xmlns="http://microsoft.com/schemas/VisualStudio/TeamTest/2010" />
    <UnitTestResult executionId="3e39ed59-8f02-4096-907a-55b5ca26b85f" testId="6da32ee3-eff7-d4fe-8d03-a03516df00ff" testName="ToEnumTest (Val2 , Val1,Val1, Val2)" computerName="DESKTOP-3FN5V33" duration="00:00:00.0000123" startTime="2024-01-31T11:10:24.0214371-05:00" endTime="2024-01-31T11:10:24.0216387-05:00" testType="13cdc9d9-ddb5-4fa4-a97d-d965ccfc6d4b" outcome="Passed" testListId="8c84fa94-04c1-424b-9868-57a2d4851a1d" relativeResultsDirectory="3e39ed59-8f02-4096-907a-55b5ca26b85f" xmlns="http://microsoft.com/schemas/VisualStudio/TeamTest/2010" />
    <UnitTestResult executionId="9982eab6-85f4-49e7-8c82-fa6a101cbd13" testId="4163eaa1-a283-2de9-1f95-a86ceaaab3c9" testName="ToEnumTest (Val2, Val1,Val1, Val2)" computerName="DESKTOP-3FN5V33" duration="00:00:00.0000200" startTime="2024-01-31T11:10:24.0194373-05:00" endTime="2024-01-31T11:10:24.0196566-05:00" testType="13cdc9d9-ddb5-4fa4-a97d-d965ccfc6d4b" outcome="Passed" testListId="8c84fa94-04c1-424b-9868-57a2d4851a1d" relativeResultsDirectory="9982eab6-85f4-49e7-8c82-fa6a101cbd13" xmlns="http://microsoft.com/schemas/VisualStudio/TeamTest/2010" />
    <UnitTestResult executionId="ce0d066b-24ca-4760-be9b-3a2fda117146" testId="b6498f29-1231-5fcf-4954-1746daa0500d" testName="ExecuteByTest_Filter (Eliassen.System.Tests.Linq.TestTargets.TestTargetExtendedModel,Date,GreaterThanOrEqualTo,3/1/2020,10,2,3,4,5,6,7,8,9,10,11)" computerName="DESKTOP-3FN5V33" duration="00:00:00.2629666" startTime="2024-01-31T11:10:24.2436838-05:00" endTime="2024-01-31T11:10:27.7575658-05:00" testType="13cdc9d9-ddb5-4fa4-a97d-d965ccfc6d4b" outcome="Passed" testListId="8c84fa94-04c1-424b-9868-57a2d4851a1d" relativeResultsDirectory="ce0d066b-24ca-4760-be9b-3a2fda117146" xmlns="http://microsoft.com/schemas/VisualStudio/TeamTest/2010">
      <Output>
        <StdOut>Eliassen.System.Linq.ConsoleLogger`1[Eliassen.System.Linq.Search.QueryBuilder]:Information:&gt;
	Build query for CurrentPage: 0
PageSize: 0
ExcludePageCount: False
SearchTerm: (null)
	F:Date: GreaterThanOrEqualTo: 3/1/2020

Eliassen.System.Linq.ConsoleLogger`1[Eliassen.System.Linq.Search.SortBuilder`1[Eliassen.System.Tests.Linq.TestTargets.TestTargetExtendedModel]]:Information:&gt;
	Applying default sort for Eliassen.System.Tests.Linq.TestTargets.TestTargetExtendedModel: (Index, Ascending)
Eliassen.System.Linq.ConsoleLogger`1[Eliassen.System.Linq.Search.QueryBuilder]:Information:&gt;
	Execute (paged): System.Linq.Enumerable+SelectRangeIterator`1[Eliassen.System.Tests.Linq.TestTargets.TestTargetExtendedModel].Where(n =&gt; (n.Date &gt;= 3/1/2020 12:00:00 AM)).OrderBy(n =&gt; Convert(n.Index, Object)).Skip(0).Take(10)



TestContext Messages:
SearchQuery-QueryableExtensionsTests_ExecuteByTestFilter(142)-638422962251271926.json: Attached
EnumerableQuery_1-QueryableExtensionsTests_ExecuteByTestFilter(144)-638422962251299733.json: Attached
PagedQueryResult_1-QueryableExtensionsTests_ExecuteByTestFilter(146)-638422962253816642.json: Attached
resultKeys: 2,3,4,5,6,7,8,9,10,11</StdOut>
        <StdErr>Eliassen.System.Linq.ConsoleLogger`1[Eliassen.System.Linq.Expressions.ExpressionTreeBuilder`1[Eliassen.System.Tests.Linq.TestTargets.TestTargetExtendedModel]]:Warning:&gt;
	3/1/2020 parsed to 03/01/2020 00:00:00 (System.DateTime)</StdErr>
      </Output>
      <ResultFiles>
        <ResultFile path="DESKTOP-3FN5V33\EnumerableQuery_1-QueryableExtensionsTests_ExecuteByTestFilter(144)-638422962251299733.json" />
        <ResultFile path="DESKTOP-3FN5V33\PagedQueryResult_1-QueryableExtensionsTests_ExecuteByTestFilter(146)-638422962253816642.json" />
        <ResultFile path="DESKTOP-3FN5V33\SearchQuery-QueryableExtensionsTests_ExecuteByTestFilter(142)-638422962251271926.json" />
      </ResultFiles>
    </UnitTestResult>
    <UnitTestResult executionId="5c3ee65e-2d4f-4a6b-9acc-61aa2e98de1c" testId="07b77574-2211-0cfd-4e91-7ca72fa17247" testName="VisitTest_Equals (,hello,False)" computerName="DESKTOP-3FN5V33" duration="00:00:00.0012756" startTime="2024-01-31T11:10:28.6261808-05:00" endTime="2024-01-31T11:10:28.6295282-05:00" testType="13cdc9d9-ddb5-4fa4-a97d-d965ccfc6d4b" outcome="Passed" testListId="8c84fa94-04c1-424b-9868-57a2d4851a1d" relativeResultsDirectory="5c3ee65e-2d4f-4a6b-9acc-61aa2e98de1c" xmlns="http://microsoft.com/schemas/VisualStudio/TeamTest/2010">
      <Output>
        <StdOut>TestContext Messages:
expression: e =&gt; e.Equals(value(Eliassen.System.Tests.Linq.Expressions.SkipInstanceMethodOnNullExpressionVisitorTests+&lt;&gt;c__DisplayClass4_0).matched)
visited: e =&gt; ((e != null) AndAlso e.Equals(value(Eliassen.System.Tests.Linq.Expressions.SkipInstanceMethodOnNullExpressionVisitorTests+&lt;&gt;c__DisplayClass4_0).matched))
result: False</StdOut>
      </Output>
    </UnitTestResult>
    <UnitTestResult executionId="b95fbffa-3840-4758-9aba-da64dbb93d78" testId="e350703c-47df-56f0-b995-a52c38b53eca" testName="MakeSafeTest (System.Nullable`1[System.AttributeTargets],Enum,Enum)" computerName="DESKTOP-3FN5V33" duration="00:00:00.0000030" startTime="2024-01-31T11:10:24.0534228-05:00" endTime="2024-01-31T11:10:24.1863293-05:00" testType="13cdc9d9-ddb5-4fa4-a97d-d965ccfc6d4b" outcome="Passed" testListId="8c84fa94-04c1-424b-9868-57a2d4851a1d" relativeResultsDirectory="b95fbffa-3840-4758-9aba-da64dbb93d78" xmlns="http://microsoft.com/schemas/VisualStudio/TeamTest/2010" />
    <UnitTestResult executionId="a5daaffc-ccc3-4ed9-acfb-99c3992da16e" testId="03bc167f-0b26-903d-31a8-efafdb2faab7" testName="ExecuteByTest_Filter_JsonElement_Nested" computerName="DESKTOP-3FN5V33" duration="00:00:00.2906882" startTime="2024-01-31T11:10:27.7958808-05:00" endTime="2024-01-31T11:10:28.0869008-05:00" testType="13cdc9d9-ddb5-4fa4-a97d-d965ccfc6d4b" outcome="Passed" testListId="8c84fa94-04c1-424b-9868-57a2d4851a1d" relativeResultsDirectory="a5daaffc-ccc3-4ed9-acfb-99c3992da16e" xmlns="http://microsoft.com/schemas/VisualStudio/TeamTest/2010">
      <Output>
        <StdOut>Eliassen.System.Linq.ConsoleLogger`1[Eliassen.System.Linq.Search.QueryBuilder]:Information:&gt;
	Build query for CurrentPage: 0
PageSize: 0
ExcludePageCount: False
SearchTerm: (null)
	F:Module: EqualTo: Module-2

Eliassen.System.Linq.ConsoleLogger`1[Eliassen.System.Linq.Search.SortBuilder`1[Eliassen.System.Tests.Linq.TestTargets.TestTargetExtendedModel]]:Information:&gt;
	Applying default sort for Eliassen.System.Tests.Linq.TestTargets.TestTargetExtendedModel: (Index, Ascending)
Eliassen.System.Linq.ConsoleLogger`1[Eliassen.System.Linq.Search.QueryBuilder]:Information:&gt;
	Execute (paged): System.Linq.Enumerable+SelectRangeIterator`1[Eliassen.System.Tests.Linq.TestTargets.TestTargetExtendedModel].Where(e =&gt; ((e.Modules != null) AndAlso e.Modules.Any(um =&gt; um.Equals(value(Eliassen.System.Tests.Linq.TestTargets.TestTargetExtendedModel+&lt;&gt;c__DisplayClass43_0).value)))).OrderBy(n =&gt; Convert(n.Index, Object)).Skip(0).Take(10)



TestContext Messages:
SearchQuery-QueryableExtensionsTests_ExecuteByTestFilter(142)-638422962277971835.json: Attached
EnumerableQuery_1-QueryableExtensionsTests_ExecuteByTestFilter(144)-638422962277995064.json: Attached
PagedQueryResult_1-QueryableExtensionsTests_ExecuteByTestFilter(146)-638422962280797654.json: Attached
resultKeys: 3,4,5,6,7,8,9,10,11,12</StdOut>
      </Output>
      <ResultFiles>
        <ResultFile path="DESKTOP-3FN5V33\EnumerableQuery_1-QueryableExtensionsTests_ExecuteByTestFilter(144)-638422962277995064.json" />
        <ResultFile path="DESKTOP-3FN5V33\PagedQueryResult_1-QueryableExtensionsTests_ExecuteByTestFilter(146)-638422962280797654.json" />
        <ResultFile path="DESKTOP-3FN5V33\SearchQuery-QueryableExtensionsTests_ExecuteByTestFilter(142)-638422962277971835.json" />
      </ResultFiles>
    </UnitTestResult>
    <UnitTestResult executionId="936bcdf3-629c-4a2b-834f-1b4e0d702bab" testId="adc82c1a-0bb1-f2be-3be6-8295db3bec78" testName="ToEnumTest (test name,WithDisplay)" computerName="DESKTOP-3FN5V33" duration="00:00:00.0002372" startTime="2024-01-31T11:10:24.0490733-05:00" endTime="2024-01-31T11:10:24.0496698-05:00" testType="13cdc9d9-ddb5-4fa4-a97d-d965ccfc6d4b" outcome="Passed" testListId="8c84fa94-04c1-424b-9868-57a2d4851a1d" relativeResultsDirectory="936bcdf3-629c-4a2b-834f-1b4e0d702bab" xmlns="http://microsoft.com/schemas/VisualStudio/TeamTest/2010" />
    <UnitTestResult executionId="503c282f-5640-4879-9962-5fb0ffd8c489" testId="7fd160bc-3b5b-e6e2-40ae-1974536260f2" testName="TryParseTest (System.Nullable`1[System.Decimal],nope,False,)" computerName="DESKTOP-3FN5V33" duration="00:00:00.0000415" startTime="2024-01-31T11:10:24.1938593-05:00" endTime="2024-01-31T11:10:24.1956731-05:00" testType="13cdc9d9-ddb5-4fa4-a97d-d965ccfc6d4b" outcome="Passed" testListId="8c84fa94-04c1-424b-9868-57a2d4851a1d" relativeResultsDirectory="503c282f-5640-4879-9962-5fb0ffd8c489" xmlns="http://microsoft.com/schemas/VisualStudio/TeamTest/2010" />
    <UnitTestResult executionId="5d678fa5-1644-46b4-bf9b-32cfd598ba4a" testId="b6498f29-1231-5fcf-4954-1746daa0500d" testName="ExecuteByTest_Filter (Eliassen.System.Tests.Linq.TestTargets.TestTargetExtendedModel,DateTimeOffsetNullable,LessThan,2020-03-01T01:01:01.4356493+02:00,2,0,1)" computerName="DESKTOP-3FN5V33" duration="00:00:00.2081854" startTime="2024-01-31T11:10:24.2436838-05:00" endTime="2024-01-31T11:10:27.7575658-05:00" testType="13cdc9d9-ddb5-4fa4-a97d-d965ccfc6d4b" outcome="Passed" testListId="8c84fa94-04c1-424b-9868-57a2d4851a1d" relativeResultsDirectory="5d678fa5-1644-46b4-bf9b-32cfd598ba4a" xmlns="http://microsoft.com/schemas/VisualStudio/TeamTest/2010">
      <Output>
        <StdOut>Eliassen.System.Linq.ConsoleLogger`1[Eliassen.System.Linq.Search.QueryBuilder]:Information:&gt;
	Build query for CurrentPage: 0
PageSize: 0
ExcludePageCount: False
SearchTerm: (null)
	F:DateTimeOffsetNullable: LessThan: 2020-03-01T01:01:01.4356493+02:00

Eliassen.System.Linq.ConsoleLogger`1[Eliassen.System.Linq.Search.SortBuilder`1[Eliassen.System.Tests.Linq.TestTargets.TestTargetExtendedModel]]:Information:&gt;
	Applying default sort for Eliassen.System.Tests.Linq.TestTargets.TestTargetExtendedModel: (Index, Ascending)
Eliassen.System.Linq.ConsoleLogger`1[Eliassen.System.Linq.Search.QueryBuilder]:Information:&gt;
	Execute (paged): System.Linq.Enumerable+SelectRangeIterator`1[Eliassen.System.Tests.Linq.TestTargets.TestTargetExtendedModel].Where(n =&gt; (n.DateTimeOffsetNullable &lt; Convert(3/1/2020 1:01:01 AM +02:00, Nullable`1))).OrderBy(n =&gt; Convert(n.Index, Object)).Skip(0).Take(10)



TestContext Messages:
SearchQuery-QueryableExtensionsTests_ExecuteByTestFilter(142)-638422962261922585.json: Attached
EnumerableQuery_1-QueryableExtensionsTests_ExecuteByTestFilter(144)-638422962261950326.json: Attached
PagedQueryResult_1-QueryableExtensionsTests_ExecuteByTestFilter(146)-638422962263911470.json: Attached
resultKeys: 0,1</StdOut>
        <StdErr>Eliassen.System.Linq.ConsoleLogger`1[Eliassen.System.Linq.Expressions.ExpressionTreeBuilder`1[Eliassen.System.Tests.Linq.TestTargets.TestTargetExtendedModel]]:Warning:&gt;
	2020-03-01T01:01:01.4356493+02:00 parsed to 03/01/2020 01:01:01 +02:00 (System.DateTimeOffset)</StdErr>
      </Output>
      <ResultFiles>
        <ResultFile path="DESKTOP-3FN5V33\EnumerableQuery_1-QueryableExtensionsTests_ExecuteByTestFilter(144)-638422962261950326.json" />
        <ResultFile path="DESKTOP-3FN5V33\PagedQueryResult_1-QueryableExtensionsTests_ExecuteByTestFilter(146)-638422962263911470.json" />
        <ResultFile path="DESKTOP-3FN5V33\SearchQuery-QueryableExtensionsTests_ExecuteByTestFilter(142)-638422962261922585.json" />
      </ResultFiles>
    </UnitTestResult>
    <UnitTestResult executionId="2fcb5238-8d01-4631-8950-f58b5c061269" testId="838644d9-6365-e4a6-691a-5f9e9cba540d" testName="GetResourceFromJsonTest_NotFound" computerName="DESKTOP-3FN5V33" duration="00:00:00.0000939" startTime="2024-01-31T11:10:24.2382038-05:00" endTime="2024-01-31T11:10:24.2383910-05:00" testType="13cdc9d9-ddb5-4fa4-a97d-d965ccfc6d4b" outcome="Passed" testListId="8c84fa94-04c1-424b-9868-57a2d4851a1d" relativeResultsDirectory="2fcb5238-8d01-4631-8950-f58b5c061269" xmlns="http://microsoft.com/schemas/VisualStudio/TeamTest/2010" />
    <UnitTestResult executionId="02ff30ff-5e6a-4501-9b28-3dae52de5a10" testId="2385c5bb-20c9-0389-325d-1aa756cf82c9" testName="ToEnumTest (name,name2|test name,WithEnumValue, WithMemberName, WithDisplay)" computerName="DESKTOP-3FN5V33" duration="00:00:00.0001584" startTime="2024-01-31T11:10:24.0522509-05:00" endTime="2024-01-31T11:10:24.0525914-05:00" testType="13cdc9d9-ddb5-4fa4-a97d-d965ccfc6d4b" outcome="Passed" testListId="8c84fa94-04c1-424b-9868-57a2d4851a1d" relativeResultsDirectory="02ff30ff-5e6a-4501-9b28-3dae52de5a10" xmlns="http://microsoft.com/schemas/VisualStudio/TeamTest/2010" />
    <UnitTestResult executionId="06254814-0e0c-403f-a5aa-444a94312a49" testId="d5c1dc9a-a2f2-2711-646f-2604e4c84684" testName="ExecuteByTest_Sort (name,Descending,999,998,997,996,995,994,993,992,991,990)" computerName="DESKTOP-3FN5V33" duration="00:00:00.0102936" startTime="2024-01-31T11:10:28.5543216-05:00" endTime="2024-01-31T11:10:28.5651327-05:00" testType="13cdc9d9-ddb5-4fa4-a97d-d965ccfc6d4b" outcome="Passed" testListId="8c84fa94-04c1-424b-9868-57a2d4851a1d" relativeResultsDirectory="06254814-0e0c-403f-a5aa-444a94312a49" xmlns="http://microsoft.com/schemas/VisualStudio/TeamTest/2010">
      <Output>
        <StdOut>Eliassen.System.Linq.ConsoleLogger`1[Eliassen.System.Linq.Search.QueryBuilder]:Information:&gt;
	Build query for CurrentPage: 0
PageSize: 0
ExcludePageCount: False
SearchTerm: (null)
	S:name: Descending

Eliassen.System.Linq.ConsoleLogger`1[Eliassen.System.Linq.Search.QueryBuilder]:Information:&gt;
	Execute (paged): System.Linq.Enumerable+SelectRangeIterator`1[Eliassen.System.Tests.Linq.TestTargets.TestTargetModel].OrderByDescending(n =&gt; n.Name).Skip(0).Take(10)



TestContext Messages:
SearchQuery-QueryableExtensionsTests_ExecuteByTest_Sort(340)-638422962285551889.json: Attached
PagedQueryResult_1-QueryableExtensionsTests_ExecuteByTest_Sort(342)-638422962285618560.json: Attached</StdOut>
        <StdErr>Eliassen.System.Linq.ConsoleLogger`1[Eliassen.System.Linq.Search.QueryBuilder]:Warning:&gt;
	No filtering detected: System.Linq.Enumerable+SelectRangeIterator`1[Eliassen.System.Tests.Linq.TestTargets.TestTargetModel]: CurrentPage: 0
PageSize: 0
ExcludePageCount: False
SearchTerm: (null)
	S:name: Descending</StdErr>
      </Output>
      <ResultFiles>
        <ResultFile path="DESKTOP-3FN5V33\PagedQueryResult_1-QueryableExtensionsTests_ExecuteByTest_Sort(342)-638422962285618560.json" />
        <ResultFile path="DESKTOP-3FN5V33\SearchQuery-QueryableExtensionsTests_ExecuteByTest_Sort(340)-638422962285551889.json" />
      </ResultFiles>
    </UnitTestResult>
    <UnitTestResult executionId="a9643955-4857-4b34-aaf5-35e6d08e42e7" testId="7fd160bc-3b5b-e6e2-40ae-1974536260f2" testName="TryParseTest (System.Nullable`1[System.Guid],18AACB9C-2989-4322-A490-C7167BEA0DB4,True,18aacb9c-2989-4322-a490-c7167bea0db4)" computerName="DESKTOP-3FN5V33" duration="00:00:00.0002720" startTime="2024-01-31T11:10:24.1938593-05:00" endTime="2024-01-31T11:10:24.1956731-05:00" testType="13cdc9d9-ddb5-4fa4-a97d-d965ccfc6d4b" outcome="Passed" testListId="8c84fa94-04c1-424b-9868-57a2d4851a1d" relativeResultsDirectory="a9643955-4857-4b34-aaf5-35e6d08e42e7" xmlns="http://microsoft.com/schemas/VisualStudio/TeamTest/2010" />
    <UnitTestResult executionId="2ff4e75f-ab3f-47d0-b8ea-5ff7cbac5bae" testId="e350703c-47df-56f0-b995-a52c38b53eca" testName="MakeSafeTest (System.DateTime,3/16/2022,3/16/2022 12:00:00 AM)" computerName="DESKTOP-3FN5V33" duration="00:00:00.0001957" startTime="2024-01-31T11:10:24.0534228-05:00" endTime="2024-01-31T11:10:24.1863293-05:00" testType="13cdc9d9-ddb5-4fa4-a97d-d965ccfc6d4b" outcome="Passed" testListId="8c84fa94-04c1-424b-9868-57a2d4851a1d" relativeResultsDirectory="2ff4e75f-ab3f-47d0-b8ea-5ff7cbac5bae" xmlns="http://microsoft.com/schemas/VisualStudio/TeamTest/2010" />
    <UnitTestResult executionId="4b6808aa-993d-4bf5-86df-e9169d14a1df" testId="b6498f29-1231-5fcf-4954-1746daa0500d" testName="ExecuteByTest_Filter (Eliassen.System.Tests.Linq.TestTargets.TestTargetExtendedModel,May,NotEqualTo,,10,-1,1,2,4,5,7,8,10,11,13)" computerName="DESKTOP-3FN5V33" duration="00:00:00.2395208" startTime="2024-01-31T11:10:24.2436838-05:00" endTime="2024-01-31T11:10:27.7575658-05:00" testType="13cdc9d9-ddb5-4fa4-a97d-d965ccfc6d4b" outcome="Passed" testListId="8c84fa94-04c1-424b-9868-57a2d4851a1d" relativeResultsDirectory="4b6808aa-993d-4bf5-86df-e9169d14a1df" xmlns="http://microsoft.com/schemas/VisualStudio/TeamTest/2010">
      <Output>
        <StdOut>Eliassen.System.Linq.ConsoleLogger`1[Eliassen.System.Linq.Search.QueryBuilder]:Information:&gt;
	Build query for CurrentPage: 0
PageSize: 0
ExcludePageCount: False
SearchTerm: (null)
	F:May: NotEqualTo:

Eliassen.System.Linq.ConsoleLogger`1[Eliassen.System.Linq.Search.SortBuilder`1[Eliassen.System.Tests.Linq.TestTargets.TestTargetExtendedModel]]:Information:&gt;
	Applying default sort for Eliassen.System.Tests.Linq.TestTargets.TestTargetExtendedModel: (Index, Ascending)
Eliassen.System.Linq.ConsoleLogger`1[Eliassen.System.Linq.Search.QueryBuilder]:Information:&gt;
	Execute (paged): System.Linq.Enumerable+SelectRangeIterator`1[Eliassen.System.Tests.Linq.TestTargets.TestTargetExtendedModel].Where(n =&gt; (n.May != "")).OrderBy(n =&gt; Convert(n.Index, Object)).Skip(0).Take(10)



TestContext Messages:
SearchQuery-QueryableExtensionsTests_ExecuteByTestFilter(142)-638422962271429463.json: Attached
EnumerableQuery_1-QueryableExtensionsTests_ExecuteByTestFilter(144)-638422962271457682.json: Attached
PagedQueryResult_1-QueryableExtensionsTests_ExecuteByTestFilter(146)-638422962273745050.json: Attached
resultKeys: -1,1,2,4,5,7,8,10,11,13</StdOut>
      </Output>
      <ResultFiles>
        <ResultFile path="DESKTOP-3FN5V33\EnumerableQuery_1-QueryableExtensionsTests_ExecuteByTestFilter(144)-638422962271457682.json" />
        <ResultFile path="DESKTOP-3FN5V33\PagedQueryResult_1-QueryableExtensionsTests_ExecuteByTestFilter(146)-638422962273745050.json" />
        <ResultFile path="DESKTOP-3FN5V33\SearchQuery-QueryableExtensionsTests_ExecuteByTestFilter(142)-638422962271429463.json" />
      </ResultFiles>
    </UnitTestResult>
    <UnitTestResult executionId="e8229b7c-c31d-46b6-a0bf-23f73f4d924b" testId="e350703c-47df-56f0-b995-a52c38b53eca" testName="MakeSafeTest (System.DateTimeOffset,3/16/2022 12:00:00 AM +05:00,3/16/2022 12:00:00 AM +05:00)" computerName="DESKTOP-3FN5V33" duration="00:00:00.0000551" startTime="2024-01-31T11:10:24.0534228-05:00" endTime="2024-01-31T11:10:24.1863293-05:00" testType="13cdc9d9-ddb5-4fa4-a97d-d965ccfc6d4b" outcome="Passed" testListId="8c84fa94-04c1-424b-9868-57a2d4851a1d" relativeResultsDirectory="e8229b7c-c31d-46b6-a0bf-23f73f4d924b" xmlns="http://microsoft.com/schemas/VisualStudio/TeamTest/2010" />
    <UnitTestResult executionId="d3092323-631a-4ba6-b7f9-1684225df949" testId="7fd160bc-3b5b-e6e2-40ae-1974536260f2" testName="TryParseTest (System.Nullable`1[System.Int32],nope,False,)" computerName="DESKTOP-3FN5V33" duration="00:00:00.0000403" startTime="2024-01-31T11:10:24.1938593-05:00" endTime="2024-01-31T11:10:24.1956731-05:00" testType="13cdc9d9-ddb5-4fa4-a97d-d965ccfc6d4b" outcome="Passed" testListId="8c84fa94-04c1-424b-9868-57a2d4851a1d" relativeResultsDirectory="d3092323-631a-4ba6-b7f9-1684225df949" xmlns="http://microsoft.com/schemas/VisualStudio/TeamTest/2010" />
    <UnitTestResult executionId="f3205254-649d-4032-ab90-506010ac7f33" testId="565e6ddc-fd0f-5db8-1ac5-68872b2812d2" testName="ToEnumTest (no data,)" computerName="DESKTOP-3FN5V33" duration="00:00:00.0021232" startTime="2024-01-31T11:10:24.0326785-05:00" endTime="2024-01-31T11:10:24.0350362-05:00" testType="13cdc9d9-ddb5-4fa4-a97d-d965ccfc6d4b" outcome="Passed" testListId="8c84fa94-04c1-424b-9868-57a2d4851a1d" relativeResultsDirectory="f3205254-649d-4032-ab90-506010ac7f33" xmlns="http://microsoft.com/schemas/VisualStudio/TeamTest/2010" />
    <UnitTestResult executionId="4587136d-ce62-4b04-beb5-a86dd1c246a7" testId="11f0fb7d-7be6-79f5-339b-991d917ae3fc" testName="ToEnumTest (test short,WithDisplay)" computerName="DESKTOP-3FN5V33" duration="00:00:00.0001822" startTime="2024-01-31T11:10:24.0508634-05:00" endTime="2024-01-31T11:10:24.0513979-05:00" testType="13cdc9d9-ddb5-4fa4-a97d-d965ccfc6d4b" outcome="Passed" testListId="8c84fa94-04c1-424b-9868-57a2d4851a1d" relativeResultsDirectory="4587136d-ce62-4b04-beb5-a86dd1c246a7" xmlns="http://microsoft.com/schemas/VisualStudio/TeamTest/2010" />
    <UnitTestResult executionId="bfc7231b-ec86-424d-8515-ee63183b0f37" testId="b6498f29-1231-5fcf-4954-1746daa0500d" testName="ExecuteByTest_Filter (Eliassen.System.Tests.Linq.TestTargets.TestTargetModel,Index,EqualTo,0,1,0)" computerName="DESKTOP-3FN5V33" duration="00:00:00.0189246" startTime="2024-01-31T11:10:24.2436838-05:00" endTime="2024-01-31T11:10:27.7575658-05:00" testType="13cdc9d9-ddb5-4fa4-a97d-d965ccfc6d4b" outcome="Passed" testListId="8c84fa94-04c1-424b-9868-57a2d4851a1d" relativeResultsDirectory="bfc7231b-ec86-424d-8515-ee63183b0f37" xmlns="http://microsoft.com/schemas/VisualStudio/TeamTest/2010">
      <Output>
        <StdOut>Eliassen.System.Linq.ConsoleLogger`1[Eliassen.System.Linq.Search.QueryBuilder]:Information:&gt;
	Build query for CurrentPage: 0
PageSize: 0
ExcludePageCount: False
SearchTerm: (null)
	F:Index: EqualTo: 0

Eliassen.System.Linq.ConsoleLogger`1[Eliassen.System.Linq.Search.QueryBuilder]:Information:&gt;
	Execute (paged): System.Linq.Enumerable+SelectRangeIterator`1[Eliassen.System.Tests.Linq.TestTargets.TestTargetModel].Where(n =&gt; (n.Index == 0)).OrderBy(_ =&gt; 0).Skip(0).Take(10)



TestContext Messages:
SearchQuery-QueryableExtensionsTests_ExecuteByTestFilter(142)-638422962246475079.json: Attached
EnumerableQuery_1-QueryableExtensionsTests_ExecuteByTestFilter(144)-638422962246505750.json: Attached
PagedQueryResult_1-QueryableExtensionsTests_ExecuteByTestFilter(146)-638422962246606706.json: Attached
resultKeys: 0</StdOut>
        <StdErr>Eliassen.System.Linq.ConsoleLogger`1[Eliassen.System.Linq.Expressions.ExpressionTreeBuilder`1[Eliassen.System.Tests.Linq.TestTargets.TestTargetModel]]:Warning:&gt;
	0 parsed to 0 (System.Int32)
Eliassen.System.Linq.ConsoleLogger`1[Eliassen.System.Linq.Search.SortBuilder`1[Eliassen.System.Tests.Linq.TestTargets.TestTargetModel]]:Warning:&gt;
	Force sort by 0 applied for Eliassen.System.Tests.Linq.TestTargets.TestTargetModel</StdErr>
      </Output>
      <ResultFiles>
        <ResultFile path="DESKTOP-3FN5V33\EnumerableQuery_1-QueryableExtensionsTests_ExecuteByTestFilter(144)-638422962246505750.json" />
        <ResultFile path="DESKTOP-3FN5V33\PagedQueryResult_1-QueryableExtensionsTests_ExecuteByTestFilter(146)-638422962246606706.json" />
        <ResultFile path="DESKTOP-3FN5V33\SearchQuery-QueryableExtensionsTests_ExecuteByTestFilter(142)-638422962246475079.json" />
      </ResultFiles>
    </UnitTestResult>
    <UnitTestResult executionId="49fb2f5b-aff0-4a68-9533-fdfa3a6facbc" testId="9d534b02-84b2-367f-c306-46ab610b3ce8" testName="SerializeTest_Anonymous" computerName="DESKTOP-3FN5V33" duration="00:00:00.0077634" startTime="2024-01-31T11:10:23.9074276-05:00" endTime="2024-01-31T11:10:23.9155360-05:00" testType="13cdc9d9-ddb5-4fa4-a97d-d965ccfc6d4b" outcome="Passed" testListId="8c84fa94-04c1-424b-9868-57a2d4851a1d" relativeResultsDirectory="49fb2f5b-aff0-4a68-9533-fdfa3a6facbc" xmlns="http://microsoft.com/schemas/VisualStudio/TeamTest/2010">
      <Output>
        <StdOut>TestContext Messages:
String-DefaultJsonSerializerTests_SerializeTest_Anonymous(23)-638422962239108879.txt: Attached
__f__AnonymousType0_1-DefaultJsonSerializerTests_SerializeTest_Anonymous(24)-638422962239131166.json: Attached</StdOut>
      </Output>
      <ResultFiles>
        <ResultFile path="DESKTOP-3FN5V33\String-DefaultJsonSerializerTests_SerializeTest_Anonymous(23)-638422962239108879.txt" />
        <ResultFile path="DESKTOP-3FN5V33\__f__AnonymousType0_1-DefaultJsonSerializerTests_SerializeTest_Anonymous(24)-638422962239131166.json" />
      </ResultFiles>
    </UnitTestResult>
    <UnitTestResult executionId="e706cd13-5e24-472f-bb48-b19184fa4f7f" testId="dcab6442-3647-193e-5b50-9725bbfda52b" testName="GetFilterablePropertyNamesTest_TestTarget3Model" computerName="DESKTOP-3FN5V33" duration="00:00:00.0003869" startTime="2024-01-31T11:10:28.5977006-05:00" endTime="2024-01-31T11:10:28.5982541-05:00" testType="13cdc9d9-ddb5-4fa4-a97d-d965ccfc6d4b" outcome="Passed" testListId="8c84fa94-04c1-424b-9868-57a2d4851a1d" relativeResultsDirectory="e706cd13-5e24-472f-bb48-b19184fa4f7f" xmlns="http://microsoft.com/schemas/VisualStudio/TeamTest/2010" />
    <UnitTestResult executionId="e590ee00-b1dd-4bbd-8ac3-0a6ab88d7155" testId="e350703c-47df-56f0-b995-a52c38b53eca" testName="MakeSafeTest (System.Nullable`1[System.Decimal],nope,)" computerName="DESKTOP-3FN5V33" duration="00:00:00.0000990" startTime="2024-01-31T11:10:24.0534228-05:00" endTime="2024-01-31T11:10:24.1863293-05:00" testType="13cdc9d9-ddb5-4fa4-a97d-d965ccfc6d4b" outcome="Passed" testListId="8c84fa94-04c1-424b-9868-57a2d4851a1d" relativeResultsDirectory="e590ee00-b1dd-4bbd-8ac3-0a6ab88d7155" xmlns="http://microsoft.com/schemas/VisualStudio/TeamTest/2010" />
    <UnitTestResult executionId="b79c8b94-dbfd-49ce-872f-6431b62502ad" testId="4bae6e3b-0e6b-3eea-a810-61843449ebf1" testName="GetHash (Hello World!,f4OxZX/x/FO5LcGBSKHWXfwtSx+j1ncoSt3SABJtkGk=)" computerName="DESKTOP-3FN5V33" duration="00:00:00.0008765" startTime="2024-01-31T11:10:23.9720519-05:00" endTime="2024-01-31T11:10:23.9732629-05:00" testType="13cdc9d9-ddb5-4fa4-a97d-d965ccfc6d4b" outcome="Passed" testListId="8c84fa94-04c1-424b-9868-57a2d4851a1d" relativeResultsDirectory="b79c8b94-dbfd-49ce-872f-6431b62502ad" xmlns="http://microsoft.com/schemas/VisualStudio/TeamTest/2010">
      <Output>
        <StdOut>TestContext Messages:
"Hello World!" =&gt; "f4OxZX/x/FO5LcGBSKHWXfwtSx+j1ncoSt3SABJtkGk="</StdOut>
      </Output>
    </UnitTestResult>
    <UnitTestResult executionId="b54f9499-4bff-4b1a-b9c7-cf2146c86221" testId="b6498f29-1231-5fcf-4954-1746daa0500d" testName="ExecuteByTest_Filter (Eliassen.System.Tests.Linq.TestTargets.TestTargetModel,Name,NotEqualTo,*e2*,10,0,1,3,4,5,6,7,8,9,10)" computerName="DESKTOP-3FN5V33" duration="00:00:00.0199865" startTime="2024-01-31T11:10:24.2436838-05:00" endTime="2024-01-31T11:10:27.7575658-05:00" testType="13cdc9d9-ddb5-4fa4-a97d-d965ccfc6d4b" outcome="Passed" testListId="8c84fa94-04c1-424b-9868-57a2d4851a1d" relativeResultsDirectory="b54f9499-4bff-4b1a-b9c7-cf2146c86221" xmlns="http://microsoft.com/schemas/VisualStudio/TeamTest/2010">
      <Output>
        <StdOut>Eliassen.System.Linq.ConsoleLogger`1[Eliassen.System.Linq.Search.QueryBuilder]:Information:&gt;
	Build query for CurrentPage: 0
PageSize: 0
ExcludePageCount: False
SearchTerm: (null)
	F:Name: NotEqualTo: *e2*

Eliassen.System.Linq.ConsoleLogger`1[Eliassen.System.Linq.Search.QueryBuilder]:Information:&gt;
	Execute (paged): System.Linq.Enumerable+SelectRangeIterator`1[Eliassen.System.Tests.Linq.TestTargets.TestTargetModel].Where(n =&gt; Not(n.Name.Contains("e2"))).OrderBy(_ =&gt; 0).Skip(0).Take(10)



TestContext Messages:
SearchQuery-QueryableExtensionsTests_ExecuteByTestFilter(142)-638422962247702148.json: Attached
EnumerableQuery_1-QueryableExtensionsTests_ExecuteByTestFilter(144)-638422962247728445.json: Attached
PagedQueryResult_1-QueryableExtensionsTests_ExecuteByTestFilter(146)-638422962247852562.json: Attached
resultKeys: 0,1,3,4,5,6,7,8,9,10</StdOut>
        <StdErr>Eliassen.System.Linq.ConsoleLogger`1[Eliassen.System.Linq.Search.SortBuilder`1[Eliassen.System.Tests.Linq.TestTargets.TestTargetModel]]:Warning:&gt;
	Force sort by 0 applied for Eliassen.System.Tests.Linq.TestTargets.TestTargetModel</StdErr>
      </Output>
      <ResultFiles>
        <ResultFile path="DESKTOP-3FN5V33\EnumerableQuery_1-QueryableExtensionsTests_ExecuteByTestFilter(144)-638422962247728445.json" />
        <ResultFile path="DESKTOP-3FN5V33\PagedQueryResult_1-QueryableExtensionsTests_ExecuteByTestFilter(146)-638422962247852562.json" />
        <ResultFile path="DESKTOP-3FN5V33\SearchQuery-QueryableExtensionsTests_ExecuteByTestFilter(142)-638422962247702148.json" />
      </ResultFiles>
    </UnitTestResult>
    <UnitTestResult executionId="0d8e6610-2eab-43b5-b678-8cbd3dfc5dc0" testId="f70a4315-fac4-e7d3-3678-874f4359a2e2" testName="GetHash (hello world,MJ7MSJwS1utMxA9QyQLytNDtd+5RGnx6m808qG1M2G+YndNbxf9JlnDaNCVbRbDP2DDoH2Bdz33FVC6TrpzXbw==)" computerName="DESKTOP-3FN5V33" duration="00:00:00.0004037" startTime="2024-01-31T11:10:23.9772114-05:00" endTime="2024-01-31T11:10:23.9777788-05:00" testType="13cdc9d9-ddb5-4fa4-a97d-d965ccfc6d4b" outcome="Passed" testListId="8c84fa94-04c1-424b-9868-57a2d4851a1d" relativeResultsDirectory="0d8e6610-2eab-43b5-b678-8cbd3dfc5dc0" xmlns="http://microsoft.com/schemas/VisualStudio/TeamTest/2010">
      <Output>
        <StdOut>TestContext Messages:
"hello world" =&gt; "MJ7MSJwS1utMxA9QyQLytNDtd+5RGnx6m808qG1M2G+YndNbxf9JlnDaNCVbRbDP2DDoH2Bdz33FVC6TrpzXbw=="</StdOut>
      </Output>
    </UnitTestResult>
    <UnitTestResult executionId="73feaa9c-b2ad-4dcb-bcfe-c6a27857632d" testId="d1d4b925-a073-2286-7de7-05497c979951" testName="GetResourceFromJsonAsyncTest_NotFound" computerName="DESKTOP-3FN5V33" duration="00:00:00.0004328" startTime="2024-01-31T11:10:24.2128279-05:00" endTime="2024-01-31T11:10:24.2133848-05:00" testType="13cdc9d9-ddb5-4fa4-a97d-d965ccfc6d4b" outcome="Passed" testListId="8c84fa94-04c1-424b-9868-57a2d4851a1d" relativeResultsDirectory="73feaa9c-b2ad-4dcb-bcfe-c6a27857632d" xmlns="http://microsoft.com/schemas/VisualStudio/TeamTest/2010" />
    <UnitTestResult executionId="4148f641-fa69-42ab-a019-0c4de4345a24" testId="8da0fbaf-acd6-9154-0805-f306ce39ad46" testName="SerializeTest_Value" computerName="DESKTOP-3FN5V33" duration="00:00:00.0031914" startTime="2024-01-31T11:10:23.8210739-05:00" endTime="2024-01-31T11:10:23.8244511-05:00" testType="13cdc9d9-ddb5-4fa4-a97d-d965ccfc6d4b" outcome="Passed" testListId="8c84fa94-04c1-424b-9868-57a2d4851a1d" relativeResultsDirectory="4148f641-fa69-42ab-a019-0c4de4345a24" xmlns="http://microsoft.com/schemas/VisualStudio/TeamTest/2010">
      <Output>
        <StdOut>TestContext Messages:
result-BsonDateConverterTests_SerializeTest_Value(47)-638422962238216346.json: Attached
2024-01-31T11:10:23.8214763-05:00</StdOut>
      </Output>
      <ResultFiles>
        <ResultFile path="DESKTOP-3FN5V33\result-BsonDateConverterTests_SerializeTest_Value(47)-638422962238216346.json" />
      </ResultFiles>
    </UnitTestResult>
    <UnitTestResult executionId="510d3e32-66e4-4f91-8921-29e94966844e" testId="e350703c-47df-56f0-b995-a52c38b53eca" testName="MakeSafeTest (System.Int32,1.1,1)" computerName="DESKTOP-3FN5V33" duration="00:00:00.0000263" startTime="2024-01-31T11:10:24.0534228-05:00" endTime="2024-01-31T11:10:24.1863293-05:00" testType="13cdc9d9-ddb5-4fa4-a97d-d965ccfc6d4b" outcome="Passed" testListId="8c84fa94-04c1-424b-9868-57a2d4851a1d" relativeResultsDirectory="510d3e32-66e4-4f91-8921-29e94966844e" xmlns="http://microsoft.com/schemas/VisualStudio/TeamTest/2010" />
    <UnitTestResult executionId="e3b3dfa3-9bb4-4e14-a969-4fec444bb197" testId="e350703c-47df-56f0-b995-a52c38b53eca" testName="MakeSafeTest (System.Nullable`1[System.Guid],nope,)" computerName="DESKTOP-3FN5V33" duration="00:00:00.0001561" startTime="2024-01-31T11:10:24.0534228-05:00" endTime="2024-01-31T11:10:24.1863293-05:00" testType="13cdc9d9-ddb5-4fa4-a97d-d965ccfc6d4b" outcome="Passed" testListId="8c84fa94-04c1-424b-9868-57a2d4851a1d" relativeResultsDirectory="e3b3dfa3-9bb4-4e14-a969-4fec444bb197" xmlns="http://microsoft.com/schemas/VisualStudio/TeamTest/2010" />
    <UnitTestResult executionId="c49d5b51-c360-4710-a88e-3b4d750ff4c4" testId="c36bb35d-9a4e-80ec-67c1-9cb495c5e678" testName="ToEnumTest (Val1,Val1)" computerName="DESKTOP-3FN5V33" duration="00:00:00.0075975" startTime="2024-01-31T11:10:24.0048353-05:00" endTime="2024-01-31T11:10:24.0174055-05:00" testType="13cdc9d9-ddb5-4fa4-a97d-d965ccfc6d4b" outcome="Passed" testListId="8c84fa94-04c1-424b-9868-57a2d4851a1d" relativeResultsDirectory="c49d5b51-c360-4710-a88e-3b4d750ff4c4" xmlns="http://microsoft.com/schemas/VisualStudio/TeamTest/2010" />
    <UnitTestResult executionId="bf3c7d66-ff1e-4e94-966f-27387db52ccc" testId="1c0197db-d7ab-18ba-d57c-a34403249bdb" testName="VisitTest_Equals (Hello,Hello,True)" computerName="DESKTOP-3FN5V33" duration="00:00:00.0020149" startTime="2024-01-31T11:10:28.6165915-05:00" endTime="2024-01-31T11:10:28.6193025-05:00" testType="13cdc9d9-ddb5-4fa4-a97d-d965ccfc6d4b" outcome="Passed" testListId="8c84fa94-04c1-424b-9868-57a2d4851a1d" relativeResultsDirectory="bf3c7d66-ff1e-4e94-966f-27387db52ccc" xmlns="http://microsoft.com/schemas/VisualStudio/TeamTest/2010">
      <Output>
        <StdOut>TestContext Messages:
expression: e =&gt; e.Equals(value(Eliassen.System.Tests.Linq.Expressions.SkipInstanceMethodOnNullExpressionVisitorTests+&lt;&gt;c__DisplayClass4_0).matched)
visited: e =&gt; ((e != null) AndAlso e.Equals(value(Eliassen.System.Tests.Linq.Expressions.SkipInstanceMethodOnNullExpressionVisitorTests+&lt;&gt;c__DisplayClass4_0).matched))
result: True</StdOut>
      </Output>
    </UnitTestResult>
    <UnitTestResult executionId="ead46164-f899-485c-afb4-8beb7c3445fe" testId="83cb0395-740b-4b48-1b9a-9d0379b2c4b0" testName="SerializeTest" computerName="DESKTOP-3FN5V33" duration="00:00:00.0038886" startTime="2024-01-31T11:10:23.8536167-05:00" endTime="2024-01-31T11:10:23.8577886-05:00" testType="13cdc9d9-ddb5-4fa4-a97d-d965ccfc6d4b" outcome="Passed" testListId="8c84fa94-04c1-424b-9868-57a2d4851a1d" relativeResultsDirectory="ead46164-f899-485c-afb4-8beb7c3445fe" xmlns="http://microsoft.com/schemas/VisualStudio/TeamTest/2010">
      <Output>
        <StdOut>TestContext Messages:
result-BsonIdConverterTests_SerializeTest(24)-638422962238554781.json: Attached
Hello World</StdOut>
      </Output>
      <ResultFiles>
        <ResultFile path="DESKTOP-3FN5V33\result-BsonIdConverterTests_SerializeTest(24)-638422962238554781.json" />
      </ResultFiles>
    </UnitTestResult>
    <UnitTestResult executionId="429bc33b-e27f-4d60-9a6a-b1acd6f80310" testId="c5997a4c-dfaf-990a-24e0-477cf0c527e7" testName="ExecuteByTest_Sort (Name,Ascending,0,1,10,100,101,102,103,104,105,106)" computerName="DESKTOP-3FN5V33" duration="00:00:00.0108815" startTime="2024-01-31T11:10:28.5785980-05:00" endTime="2024-01-31T11:10:28.5900132-05:00" testType="13cdc9d9-ddb5-4fa4-a97d-d965ccfc6d4b" outcome="Passed" testListId="8c84fa94-04c1-424b-9868-57a2d4851a1d" relativeResultsDirectory="429bc33b-e27f-4d60-9a6a-b1acd6f80310" xmlns="http://microsoft.com/schemas/VisualStudio/TeamTest/2010">
      <Output>
        <StdOut>Eliassen.System.Linq.ConsoleLogger`1[Eliassen.System.Linq.Search.QueryBuilder]:Information:&gt;
	Build query for CurrentPage: 0
PageSize: 0
ExcludePageCount: False
SearchTerm: (null)
	S:Name: Ascending

Eliassen.System.Linq.ConsoleLogger`1[Eliassen.System.Linq.Search.QueryBuilder]:Information:&gt;
	Execute (paged): System.Linq.Enumerable+SelectRangeIterator`1[Eliassen.System.Tests.Linq.TestTargets.TestTargetModel].OrderBy(n =&gt; n.Name).Skip(0).Take(10)



TestContext Messages:
SearchQuery-QueryableExtensionsTests_ExecuteByTest_Sort(340)-638422962285789867.json: Attached
PagedQueryResult_1-QueryableExtensionsTests_ExecuteByTest_Sort(342)-638422962285863288.json: Attached</StdOut>
        <StdErr>Eliassen.System.Linq.ConsoleLogger`1[Eliassen.System.Linq.Search.QueryBuilder]:Warning:&gt;
	No filtering detected: System.Linq.Enumerable+SelectRangeIterator`1[Eliassen.System.Tests.Linq.TestTargets.TestTargetModel]: CurrentPage: 0
PageSize: 0
ExcludePageCount: False
SearchTerm: (null)
	S:Name: Ascending</StdErr>
      </Output>
      <ResultFiles>
        <ResultFile path="DESKTOP-3FN5V33\PagedQueryResult_1-QueryableExtensionsTests_ExecuteByTest_Sort(342)-638422962285863288.json" />
        <ResultFile path="DESKTOP-3FN5V33\SearchQuery-QueryableExtensionsTests_ExecuteByTest_Sort(340)-638422962285789867.json" />
      </ResultFiles>
    </UnitTestResult>
    <UnitTestResult executionId="5a31d1b6-67c6-4b46-82d6-eee41676e45b" testId="e350703c-47df-56f0-b995-a52c38b53eca" testName="MakeSafeTest (System.Guid,18AACB9C-2989-4322-A490-C7167BEA0DB4,18aacb9c-2989-4322-a490-c7167bea0db4)" computerName="DESKTOP-3FN5V33" duration="00:00:00.0001063" startTime="2024-01-31T11:10:24.0534228-05:00" endTime="2024-01-31T11:10:24.1863293-05:00" testType="13cdc9d9-ddb5-4fa4-a97d-d965ccfc6d4b" outcome="Passed" testListId="8c84fa94-04c1-424b-9868-57a2d4851a1d" relativeResultsDirectory="5a31d1b6-67c6-4b46-82d6-eee41676e45b" xmlns="http://microsoft.com/schemas/VisualStudio/TeamTest/2010" />
    <UnitTestResult executionId="f53b5637-7482-4ce0-ad92-0fd8cc3cd66b" testId="b6498f29-1231-5fcf-4954-1746daa0500d" testName="ExecuteByTest_Filter (Eliassen.System.Tests.Linq.TestTargets.TestTargetExtendedModel,May,NotEqualTo,!,10,-1,1,2,4,5,7,8,10,11,13)" computerName="DESKTOP-3FN5V33" duration="00:00:00.1718388" startTime="2024-01-31T11:10:24.2436838-05:00" endTime="2024-01-31T11:10:27.7575658-05:00" testType="13cdc9d9-ddb5-4fa4-a97d-d965ccfc6d4b" outcome="Passed" testListId="8c84fa94-04c1-424b-9868-57a2d4851a1d" relativeResultsDirectory="f53b5637-7482-4ce0-ad92-0fd8cc3cd66b" xmlns="http://microsoft.com/schemas/VisualStudio/TeamTest/2010">
      <Output>
        <StdOut>Eliassen.System.Linq.ConsoleLogger`1[Eliassen.System.Linq.Search.QueryBuilder]:Information:&gt;
	Build query for CurrentPage: 0
PageSize: 0
ExcludePageCount: False
SearchTerm: (null)
	F:May: NotEqualTo: !

Eliassen.System.Linq.ConsoleLogger`1[Eliassen.System.Linq.Search.SortBuilder`1[Eliassen.System.Tests.Linq.TestTargets.TestTargetExtendedModel]]:Information:&gt;
	Applying default sort for Eliassen.System.Tests.Linq.TestTargets.TestTargetExtendedModel: (Index, Ascending)
Eliassen.System.Linq.ConsoleLogger`1[Eliassen.System.Linq.Search.QueryBuilder]:Information:&gt;
	Execute (paged): System.Linq.Enumerable+SelectRangeIterator`1[Eliassen.System.Tests.Linq.TestTargets.TestTargetExtendedModel].Where(n =&gt; (n.May != "")).OrderBy(n =&gt; Convert(n.Index, Object)).Skip(0).Take(10)



TestContext Messages:
SearchQuery-QueryableExtensionsTests_ExecuteByTestFilter(142)-638422962275886797.json: Attached
EnumerableQuery_1-QueryableExtensionsTests_ExecuteByTestFilter(144)-638422962275913383.json: Attached
PagedQueryResult_1-QueryableExtensionsTests_ExecuteByTestFilter(146)-638422962277528175.json: Attached
resultKeys: -1,1,2,4,5,7,8,10,11,13</StdOut>
      </Output>
      <ResultFiles>
        <ResultFile path="DESKTOP-3FN5V33\EnumerableQuery_1-QueryableExtensionsTests_ExecuteByTestFilter(144)-638422962275913383.json" />
        <ResultFile path="DESKTOP-3FN5V33\PagedQueryResult_1-QueryableExtensionsTests_ExecuteByTestFilter(146)-638422962277528175.json" />
        <ResultFile path="DESKTOP-3FN5V33\SearchQuery-QueryableExtensionsTests_ExecuteByTestFilter(142)-638422962275886797.json" />
      </ResultFiles>
    </UnitTestResult>
    <UnitTestResult executionId="74bff142-233b-4f2a-b43b-1f10dc215ef5" testId="b6498f29-1231-5fcf-4954-1746daa0500d" testName="ExecuteByTest_Filter (Eliassen.System.Tests.Linq.TestTargets.TestTargetModel,InDeX,EqualTo,!1,10,0,2,3,4,5,6,7,8,9,10)" computerName="DESKTOP-3FN5V33" duration="00:00:00.0208464" startTime="2024-01-31T11:10:24.2436838-05:00" endTime="2024-01-31T11:10:27.7575658-05:00" testType="13cdc9d9-ddb5-4fa4-a97d-d965ccfc6d4b" outcome="Passed" testListId="8c84fa94-04c1-424b-9868-57a2d4851a1d" relativeResultsDirectory="74bff142-233b-4f2a-b43b-1f10dc215ef5" xmlns="http://microsoft.com/schemas/VisualStudio/TeamTest/2010">
      <Output>
        <StdOut>Eliassen.System.Linq.ConsoleLogger`1[Eliassen.System.Linq.Search.QueryBuilder]:Information:&gt;
	Build query for CurrentPage: 0
PageSize: 0
ExcludePageCount: False
SearchTerm: (null)
	F:InDeX: EqualTo: !1

Eliassen.System.Linq.ConsoleLogger`1[Eliassen.System.Linq.Search.QueryBuilder]:Information:&gt;
	Execute (paged): System.Linq.Enumerable+SelectRangeIterator`1[Eliassen.System.Tests.Linq.TestTargets.TestTargetModel].Where(n =&gt; (n.Index != 1)).OrderBy(_ =&gt; 0).Skip(0).Take(10)



TestContext Messages:
SearchQuery-QueryableExtensionsTests_ExecuteByTestFilter(142)-638422962243998025.json: Attached
EnumerableQuery_1-QueryableExtensionsTests_ExecuteByTestFilter(144)-638422962244024714.json: Attached
PagedQueryResult_1-QueryableExtensionsTests_ExecuteByTestFilter(146)-638422962244139393.json: Attached
resultKeys: 0,2,3,4,5,6,7,8,9,10</StdOut>
        <StdErr>Eliassen.System.Linq.ConsoleLogger`1[Eliassen.System.Linq.Expressions.ExpressionTreeBuilder`1[Eliassen.System.Tests.Linq.TestTargets.TestTargetModel]]:Warning:&gt;
	1 parsed to 1 (System.Int32)
Eliassen.System.Linq.ConsoleLogger`1[Eliassen.System.Linq.Search.SortBuilder`1[Eliassen.System.Tests.Linq.TestTargets.TestTargetModel]]:Warning:&gt;
	Force sort by 0 applied for Eliassen.System.Tests.Linq.TestTargets.TestTargetModel</StdErr>
      </Output>
      <ResultFiles>
        <ResultFile path="DESKTOP-3FN5V33\EnumerableQuery_1-QueryableExtensionsTests_ExecuteByTestFilter(144)-638422962244024714.json" />
        <ResultFile path="DESKTOP-3FN5V33\PagedQueryResult_1-QueryableExtensionsTests_ExecuteByTestFilter(146)-638422962244139393.json" />
        <ResultFile path="DESKTOP-3FN5V33\SearchQuery-QueryableExtensionsTests_ExecuteByTestFilter(142)-638422962243998025.json" />
      </ResultFiles>
    </UnitTestResult>
    <UnitTestResult executionId="e7649fa4-f4b6-461c-b923-2a37f4e1a2b4" testId="e9eca43c-a0f8-d234-3538-2b7d4b198f04" testName="VisitTest_Contains (Hello,el,True)" computerName="DESKTOP-3FN5V33" duration="00:00:00.0013436" startTime="2024-01-31T11:10:28.6552883-05:00" endTime="2024-01-31T11:10:28.6569281-05:00" testType="13cdc9d9-ddb5-4fa4-a97d-d965ccfc6d4b" outcome="Passed" testListId="8c84fa94-04c1-424b-9868-57a2d4851a1d" relativeResultsDirectory="e7649fa4-f4b6-461c-b923-2a37f4e1a2b4" xmlns="http://microsoft.com/schemas/VisualStudio/TeamTest/2010">
      <Output>
        <StdOut>Eliassen.System.Linq.ConsoleLogger`1[Eliassen.System.Linq.Expressions.StringComparisonReplacementExpressionVisitor]:Debug:&gt;
	Replace: e.Contains(value(Eliassen.System.Tests.Linq.Expressions.StringComparisonReplacementExpressionVisitorTests+&lt;&gt;c__DisplayClass6_0).matched) with e.Contains(value(Eliassen.System.Tests.Linq.Expressions.StringComparisonReplacementExpressionVisitorTests+&lt;&gt;c__DisplayClass6_0).matched, CurrentCultureIgnoreCase)



TestContext Messages:
expression: e =&gt; e.Contains(value(Eliassen.System.Tests.Linq.Expressions.StringComparisonReplacementExpressionVisitorTests+&lt;&gt;c__DisplayClass6_0).matched)
visited: e =&gt; e.Contains(value(Eliassen.System.Tests.Linq.Expressions.StringComparisonReplacementExpressionVisitorTests+&lt;&gt;c__DisplayClass6_0).matched, CurrentCultureIgnoreCase)</StdOut>
      </Output>
    </UnitTestResult>
    <UnitTestResult executionId="dc0a15a4-38f0-4a68-b17b-488bfce98f33" testId="94eba969-c82f-9e81-1248-494bdd4f32c8" testName="GetSearchablePropertyNames_TestTarget3Model" computerName="DESKTOP-3FN5V33" duration="00:00:00.0005382" startTime="2024-01-31T11:10:28.6060325-05:00" endTime="2024-01-31T11:10:28.6067989-05:00" testType="13cdc9d9-ddb5-4fa4-a97d-d965ccfc6d4b" outcome="Passed" testListId="8c84fa94-04c1-424b-9868-57a2d4851a1d" relativeResultsDirectory="dc0a15a4-38f0-4a68-b17b-488bfce98f33" xmlns="http://microsoft.com/schemas/VisualStudio/TeamTest/2010" />
    <UnitTestResult executionId="b5f852c1-b059-45a2-8184-6c902acedee5" testId="53c31e49-be7f-689b-3cd7-03a9033ae78d" testName="GetSortablePropertyNamesTest_TestTarget3Model" computerName="DESKTOP-3FN5V33" duration="00:00:00.0002604" startTime="2024-01-31T11:10:28.6147215-05:00" endTime="2024-01-31T11:10:28.6152183-05:00" testType="13cdc9d9-ddb5-4fa4-a97d-d965ccfc6d4b" outcome="Passed" testListId="8c84fa94-04c1-424b-9868-57a2d4851a1d" relativeResultsDirectory="b5f852c1-b059-45a2-8184-6c902acedee5" xmlns="http://microsoft.com/schemas/VisualStudio/TeamTest/2010" />
    <UnitTestResult executionId="883f71a6-5a24-4fc7-a204-16b649f42d37" testId="67734c64-cae5-5135-54b5-70135f0338e3" testName="ToEnumTest (name2,WithMemberName)" computerName="DESKTOP-3FN5V33" duration="00:00:00.0002311" startTime="2024-01-31T11:10:24.0409121-05:00" endTime="2024-01-31T11:10:24.0414252-05:00" testType="13cdc9d9-ddb5-4fa4-a97d-d965ccfc6d4b" outcome="Passed" testListId="8c84fa94-04c1-424b-9868-57a2d4851a1d" relativeResultsDirectory="883f71a6-5a24-4fc7-a204-16b649f42d37" xmlns="http://microsoft.com/schemas/VisualStudio/TeamTest/2010" />
    <UnitTestResult executionId="1e08a561-fa80-4038-a80a-a08fbc6e3aaa" testId="e350703c-47df-56f0-b995-a52c38b53eca" testName="MakeSafeTest (System.Nullable`1[System.Decimal],1,1)" computerName="DESKTOP-3FN5V33" duration="00:00:00.0002077" startTime="2024-01-31T11:10:24.0534228-05:00" endTime="2024-01-31T11:10:24.1863293-05:00" testType="13cdc9d9-ddb5-4fa4-a97d-d965ccfc6d4b" outcome="Passed" testListId="8c84fa94-04c1-424b-9868-57a2d4851a1d" relativeResultsDirectory="1e08a561-fa80-4038-a80a-a08fbc6e3aaa" xmlns="http://microsoft.com/schemas/VisualStudio/TeamTest/2010" />
    <UnitTestResult executionId="8e813344-0565-41e7-8690-8b4145bba4d5" testId="b6498f29-1231-5fcf-4954-1746daa0500d" testName="ExecuteByTest_Filter (Eliassen.System.Tests.Linq.TestTargets.TestTargetModel,Name,NotEqualTo,Name1*,10,0,2,3,4,5,6,7,8,9,20)" computerName="DESKTOP-3FN5V33" duration="00:00:00.0187728" startTime="2024-01-31T11:10:24.2436838-05:00" endTime="2024-01-31T11:10:27.7575658-05:00" testType="13cdc9d9-ddb5-4fa4-a97d-d965ccfc6d4b" outcome="Passed" testListId="8c84fa94-04c1-424b-9868-57a2d4851a1d" relativeResultsDirectory="8e813344-0565-41e7-8690-8b4145bba4d5" xmlns="http://microsoft.com/schemas/VisualStudio/TeamTest/2010">
      <Output>
        <StdOut>Eliassen.System.Linq.ConsoleLogger`1[Eliassen.System.Linq.Search.QueryBuilder]:Information:&gt;
	Build query for CurrentPage: 0
PageSize: 0
ExcludePageCount: False
SearchTerm: (null)
	F:Name: NotEqualTo: Name1*

Eliassen.System.Linq.ConsoleLogger`1[Eliassen.System.Linq.Search.QueryBuilder]:Information:&gt;
	Execute (paged): System.Linq.Enumerable+SelectRangeIterator`1[Eliassen.System.Tests.Linq.TestTargets.TestTargetModel].Where(n =&gt; Not(n.Name.StartsWith("Name1"))).OrderBy(_ =&gt; 0).Skip(0).Take(10)



TestContext Messages:
SearchQuery-QueryableExtensionsTests_ExecuteByTestFilter(142)-638422962247899340.json: Attached
EnumerableQuery_1-QueryableExtensionsTests_ExecuteByTestFilter(144)-638422962247924234.json: Attached
PagedQueryResult_1-QueryableExtensionsTests_ExecuteByTestFilter(146)-638422962248041129.json: Attached
resultKeys: 0,2,3,4,5,6,7,8,9,20</StdOut>
        <StdErr>Eliassen.System.Linq.ConsoleLogger`1[Eliassen.System.Linq.Search.SortBuilder`1[Eliassen.System.Tests.Linq.TestTargets.TestTargetModel]]:Warning:&gt;
	Force sort by 0 applied for Eliassen.System.Tests.Linq.TestTargets.TestTargetModel</StdErr>
      </Output>
      <ResultFiles>
        <ResultFile path="DESKTOP-3FN5V33\EnumerableQuery_1-QueryableExtensionsTests_ExecuteByTestFilter(144)-638422962247924234.json" />
        <ResultFile path="DESKTOP-3FN5V33\PagedQueryResult_1-QueryableExtensionsTests_ExecuteByTestFilter(146)-638422962248041129.json" />
        <ResultFile path="DESKTOP-3FN5V33\SearchQuery-QueryableExtensionsTests_ExecuteByTestFilter(142)-638422962247899340.json" />
      </ResultFiles>
    </UnitTestResult>
    <UnitTestResult executionId="65881ec8-e4c3-4056-9a63-be6053068c55" testId="460956ad-2bf3-db32-e92a-bfe446ec1e98" testName="ToEnumTest (0,Val0)" computerName="DESKTOP-3FN5V33" duration="00:00:00.0000105" startTime="2024-01-31T11:10:24.0277906-05:00" endTime="2024-01-31T11:10:24.0279852-05:00" testType="13cdc9d9-ddb5-4fa4-a97d-d965ccfc6d4b" outcome="Passed" testListId="8c84fa94-04c1-424b-9868-57a2d4851a1d" relativeResultsDirectory="65881ec8-e4c3-4056-9a63-be6053068c55" xmlns="http://microsoft.com/schemas/VisualStudio/TeamTest/2010" />
    <UnitTestResult executionId="0757e5c7-ff92-48b2-9c8f-9d95abefb332" testId="8ef63a3f-2208-ac88-5a22-493d4beeaeda" testName="GetResourceFromXmlTest" computerName="DESKTOP-3FN5V33" duration="00:00:00.0032477" startTime="2024-01-31T11:10:24.2390130-05:00" endTime="2024-01-31T11:10:24.2423798-05:00" testType="13cdc9d9-ddb5-4fa4-a97d-d965ccfc6d4b" outcome="Passed" testListId="8c84fa94-04c1-424b-9868-57a2d4851a1d" relativeResultsDirectory="0757e5c7-ff92-48b2-9c8f-9d95abefb332" xmlns="http://microsoft.com/schemas/VisualStudio/TeamTest/2010" />
    <UnitTestResult executionId="4a9eeb2b-f2e8-413a-87f5-f465e219625d" testId="26b5ec45-b5f1-fe45-95c1-6bd5bedd3df8" testName="ToEnumTest (Val2 ,Val1,Val1, Val2)" computerName="DESKTOP-3FN5V33" duration="00:00:00.0000095" startTime="2024-01-31T11:10:24.0223333-05:00" endTime="2024-01-31T11:10:24.0224718-05:00" testType="13cdc9d9-ddb5-4fa4-a97d-d965ccfc6d4b" outcome="Passed" testListId="8c84fa94-04c1-424b-9868-57a2d4851a1d" relativeResultsDirectory="4a9eeb2b-f2e8-413a-87f5-f465e219625d" xmlns="http://microsoft.com/schemas/VisualStudio/TeamTest/2010" />
    <UnitTestResult executionId="b41bde0c-1d79-4ab8-96b3-bbe20c8e190e" testId="b0fdfc7e-2c06-862f-28b1-d93a174b89e6" testName="ToEnumTest (Val2,Val1,Val1, Val2)" computerName="DESKTOP-3FN5V33" duration="00:00:00.0000113" startTime="2024-01-31T11:10:24.0204471-05:00" endTime="2024-01-31T11:10:24.0206146-05:00" testType="13cdc9d9-ddb5-4fa4-a97d-d965ccfc6d4b" outcome="Passed" testListId="8c84fa94-04c1-424b-9868-57a2d4851a1d" relativeResultsDirectory="b41bde0c-1d79-4ab8-96b3-bbe20c8e190e" xmlns="http://microsoft.com/schemas/VisualStudio/TeamTest/2010" />
    <UnitTestResult executionId="3c52d6f5-0ee5-446f-ace8-38a29b6c747e" testId="7fd160bc-3b5b-e6e2-40ae-1974536260f2" testName="TryParseTest (System.Nullable`1[System.Guid],nope,False,)" computerName="DESKTOP-3FN5V33" duration="00:00:00.0000521" startTime="2024-01-31T11:10:24.1938593-05:00" endTime="2024-01-31T11:10:24.1956731-05:00" testType="13cdc9d9-ddb5-4fa4-a97d-d965ccfc6d4b" outcome="Passed" testListId="8c84fa94-04c1-424b-9868-57a2d4851a1d" relativeResultsDirectory="3c52d6f5-0ee5-446f-ace8-38a29b6c747e" xmlns="http://microsoft.com/schemas/VisualStudio/TeamTest/2010" />
    <UnitTestResult executionId="7f4d5862-adb9-4bd9-b4be-5ea67cc954c2" testId="b6498f29-1231-5fcf-4954-1746daa0500d" testName="ExecuteByTest_Filter (Eliassen.System.Tests.Linq.TestTargets.TestTargetModel,Index,InSet,System.Int32[],3,1,2,3)" computerName="DESKTOP-3FN5V33" duration="00:00:00.0214136" startTime="2024-01-31T11:10:24.2436838-05:00" endTime="2024-01-31T11:10:27.7575658-05:00" testType="13cdc9d9-ddb5-4fa4-a97d-d965ccfc6d4b" outcome="Passed" testListId="8c84fa94-04c1-424b-9868-57a2d4851a1d" relativeResultsDirectory="7f4d5862-adb9-4bd9-b4be-5ea67cc954c2" xmlns="http://microsoft.com/schemas/VisualStudio/TeamTest/2010">
      <Output>
        <StdOut>Eliassen.System.Linq.ConsoleLogger`1[Eliassen.System.Linq.Search.QueryBuilder]:Information:&gt;
	Build query for CurrentPage: 0
PageSize: 0
ExcludePageCount: False
SearchTerm: (null)
	F:Index: InSet: 1; 2; 3

Eliassen.System.Linq.ConsoleLogger`1[Eliassen.System.Linq.Search.QueryBuilder]:Information:&gt;
	Execute (paged): System.Linq.Enumerable+SelectRangeIterator`1[Eliassen.System.Tests.Linq.TestTargets.TestTargetModel].Where(n =&gt; value(System.Int32[]).Contains(n.Index)).OrderBy(_ =&gt; 0).Skip(0).Take(10)



TestContext Messages:
SearchQuery-QueryableExtensionsTests_ExecuteByTestFilter(142)-638422962244817464.json: Attached
EnumerableQuery_1-QueryableExtensionsTests_ExecuteByTestFilter(144)-638422962244843852.json: Attached
PagedQueryResult_1-QueryableExtensionsTests_ExecuteByTestFilter(146)-638422962244956471.json: Attached
resultKeys: 1,2,3</StdOut>
        <StdErr>Eliassen.System.Linq.ConsoleLogger`1[Eliassen.System.Linq.Search.SortBuilder`1[Eliassen.System.Tests.Linq.TestTargets.TestTargetModel]]:Warning:&gt;
	Force sort by 0 applied for Eliassen.System.Tests.Linq.TestTargets.TestTargetModel</StdErr>
      </Output>
      <ResultFiles>
        <ResultFile path="DESKTOP-3FN5V33\EnumerableQuery_1-QueryableExtensionsTests_ExecuteByTestFilter(144)-638422962244843852.json" />
        <ResultFile path="DESKTOP-3FN5V33\PagedQueryResult_1-QueryableExtensionsTests_ExecuteByTestFilter(146)-638422962244956471.json" />
        <ResultFile path="DESKTOP-3FN5V33\SearchQuery-QueryableExtensionsTests_ExecuteByTestFilter(142)-638422962244817464.json" />
      </ResultFiles>
    </UnitTestResult>
    <UnitTestResult executionId="769367b6-7056-48fa-b26b-9011b635d517" testId="5dada6fb-9282-72bc-c9b2-bcfb539a1619" testName="VisitTest_StartsWith (Hello,HE,True)" computerName="DESKTOP-3FN5V33" duration="00:00:00.0007938" startTime="2024-01-31T11:10:28.6694085-05:00" endTime="2024-01-31T11:10:28.6704821-05:00" testType="13cdc9d9-ddb5-4fa4-a97d-d965ccfc6d4b" outcome="Passed" testListId="8c84fa94-04c1-424b-9868-57a2d4851a1d" relativeResultsDirectory="769367b6-7056-48fa-b26b-9011b635d517" xmlns="http://microsoft.com/schemas/VisualStudio/TeamTest/2010">
      <Output>
        <StdOut>Eliassen.System.Linq.ConsoleLogger`1[Eliassen.System.Linq.Expressions.StringComparisonReplacementExpressionVisitor]:Debug:&gt;
	Replace: e.StartsWith(value(Eliassen.System.Tests.Linq.Expressions.StringComparisonReplacementExpressionVisitorTests+&lt;&gt;c__DisplayClass7_0).matched) with e.StartsWith(value(Eliassen.System.Tests.Linq.Expressions.StringComparisonReplacementExpressionVisitorTests+&lt;&gt;c__DisplayClass7_0).matched, CurrentCultureIgnoreCase)



TestContext Messages:
expression: e =&gt; e.StartsWith(value(Eliassen.System.Tests.Linq.Expressions.StringComparisonReplacementExpressionVisitorTests+&lt;&gt;c__DisplayClass7_0).matched)
visited: e =&gt; e.StartsWith(value(Eliassen.System.Tests.Linq.Expressions.StringComparisonReplacementExpressionVisitorTests+&lt;&gt;c__DisplayClass7_0).matched, CurrentCultureIgnoreCase)</StdOut>
      </Output>
    </UnitTestResult>
    <UnitTestResult executionId="0479e1ea-4ee2-48d0-bf49-fdbab3571d3b" testId="e350703c-47df-56f0-b995-a52c38b53eca" testName="MakeSafeTest (System.Nullable`1[System.Int32],nope,)" computerName="DESKTOP-3FN5V33" duration="00:00:00.0001106" startTime="2024-01-31T11:10:24.0534228-05:00" endTime="2024-01-31T11:10:24.1863293-05:00" testType="13cdc9d9-ddb5-4fa4-a97d-d965ccfc6d4b" outcome="Passed" testListId="8c84fa94-04c1-424b-9868-57a2d4851a1d" relativeResultsDirectory="0479e1ea-4ee2-48d0-bf49-fdbab3571d3b" xmlns="http://microsoft.com/schemas/VisualStudio/TeamTest/2010" />
    <UnitTestResult executionId="c3808bdf-dcbe-42b3-8d9c-3167e92290e4" testId="62b9d922-900a-7ff6-3153-18dadeeb7bb3" testName="ToEnumTest (3,Val1, Val2)" computerName="DESKTOP-3FN5V33" duration="00:00:00.0000119" startTime="2024-01-31T11:10:24.0308428-05:00" endTime="2024-01-31T11:10:24.0310290-05:00" testType="13cdc9d9-ddb5-4fa4-a97d-d965ccfc6d4b" outcome="Passed" testListId="8c84fa94-04c1-424b-9868-57a2d4851a1d" relativeResultsDirectory="c3808bdf-dcbe-42b3-8d9c-3167e92290e4" xmlns="http://microsoft.com/schemas/VisualStudio/TeamTest/2010" />
    <UnitTestResult executionId="8a67fa46-d108-4c3a-8754-33b6824ed90c" testId="b6498f29-1231-5fcf-4954-1746daa0500d" testName="ExecuteByTest_Filter (Eliassen.System.Tests.Linq.TestTargets.TestTargetWithInnerListModel,Children,EqualTo,*001,10,2,3,4,5,6,7,8,9,12,13)" computerName="DESKTOP-3FN5V33" duration="00:00:00.0456913" startTime="2024-01-31T11:10:24.2436838-05:00" endTime="2024-01-31T11:10:27.7575658-05:00" testType="13cdc9d9-ddb5-4fa4-a97d-d965ccfc6d4b" outcome="Passed" testListId="8c84fa94-04c1-424b-9868-57a2d4851a1d" relativeResultsDirectory="8a67fa46-d108-4c3a-8754-33b6824ed90c" xmlns="http://microsoft.com/schemas/VisualStudio/TeamTest/2010">
      <Output>
        <StdOut>Eliassen.System.Linq.ConsoleLogger`1[Eliassen.System.Linq.Search.QueryBuilder]:Information:&gt;
	Build query for CurrentPage: 0
PageSize: 0
ExcludePageCount: False
SearchTerm: (null)
	F:Children: EqualTo: *001

Eliassen.System.Linq.ConsoleLogger`1[Eliassen.System.Linq.Search.QueryBuilder]:Information:&gt;
	Execute (paged): System.Linq.Enumerable+SelectRangeIterator`1[Eliassen.System.Tests.Linq.TestTargets.TestTargetWithInnerListModel].Where(n =&gt; n.Children.Any(child =&gt; child.EndsWith("001"))).OrderBy(_ =&gt; 0).Skip(0).Take(10)



TestContext Messages:
SearchQuery-QueryableExtensionsTests_ExecuteByTestFilter(142)-638422962268495569.json: Attached
EnumerableQuery_1-QueryableExtensionsTests_ExecuteByTestFilter(144)-638422962268535893.json: Attached
PagedQueryResult_1-QueryableExtensionsTests_ExecuteByTestFilter(146)-638422962268874829.json: Attached
resultKeys: 2,3,4,5,6,7,8,9,12,13</StdOut>
        <StdErr>Eliassen.System.Linq.ConsoleLogger`1[Eliassen.System.Linq.Search.SortBuilder`1[Eliassen.System.Tests.Linq.TestTargets.TestTargetWithInnerListModel]]:Warning:&gt;
	Force sort by 0 applied for Eliassen.System.Tests.Linq.TestTargets.TestTargetWithInnerListModel</StdErr>
      </Output>
      <ResultFiles>
        <ResultFile path="DESKTOP-3FN5V33\EnumerableQuery_1-QueryableExtensionsTests_ExecuteByTestFilter(144)-638422962268535893.json" />
        <ResultFile path="DESKTOP-3FN5V33\PagedQueryResult_1-QueryableExtensionsTests_ExecuteByTestFilter(146)-638422962268874829.json" />
        <ResultFile path="DESKTOP-3FN5V33\SearchQuery-QueryableExtensionsTests_ExecuteByTestFilter(142)-638422962268495569.json" />
      </ResultFiles>
    </UnitTestResult>
    <UnitTestResult executionId="30751d0b-9223-4df6-9fbc-489f74f3bd20" testId="5745a05f-6078-14a6-d124-e23b5e51504a" testName="GetResourceStreamTest" computerName="DESKTOP-3FN5V33" duration="00:00:00.0003371" startTime="2024-01-31T11:10:24.2039859-05:00" endTime="2024-01-31T11:10:24.2044482-05:00" testType="13cdc9d9-ddb5-4fa4-a97d-d965ccfc6d4b" outcome="Passed" testListId="8c84fa94-04c1-424b-9868-57a2d4851a1d" relativeResultsDirectory="30751d0b-9223-4df6-9fbc-489f74f3bd20" xmlns="http://microsoft.com/schemas/VisualStudio/TeamTest/2010" />
    <UnitTestResult executionId="8e3e1613-bd39-48c5-8f0c-cea8811dee4d" testId="b6498f29-1231-5fcf-4954-1746daa0500d" testName="ExecuteByTest_Filter (Eliassen.System.Tests.Linq.TestTargets.TestTargetModel,Name,EqualTo,*e2*,10,2,20,21,22,23,24,25,26,27,28)" computerName="DESKTOP-3FN5V33" duration="00:00:00.0212448" startTime="2024-01-31T11:10:24.2436838-05:00" endTime="2024-01-31T11:10:27.7575658-05:00" testType="13cdc9d9-ddb5-4fa4-a97d-d965ccfc6d4b" outcome="Passed" testListId="8c84fa94-04c1-424b-9868-57a2d4851a1d" relativeResultsDirectory="8e3e1613-bd39-48c5-8f0c-cea8811dee4d" xmlns="http://microsoft.com/schemas/VisualStudio/TeamTest/2010">
      <Output>
        <StdOut>Eliassen.System.Linq.ConsoleLogger`1[Eliassen.System.Linq.Search.QueryBuilder]:Information:&gt;
	Build query for CurrentPage: 0
PageSize: 0
ExcludePageCount: False
SearchTerm: (null)
	F:Name: EqualTo: *e2*

Eliassen.System.Linq.ConsoleLogger`1[Eliassen.System.Linq.Search.QueryBuilder]:Information:&gt;
	Execute (paged): System.Linq.Enumerable+SelectRangeIterator`1[Eliassen.System.Tests.Linq.TestTargets.TestTargetModel].Where(n =&gt; n.Name.Contains("e2")).OrderBy(_ =&gt; 0).Skip(0).Take(10)



TestContext Messages:
SearchQuery-QueryableExtensionsTests_ExecuteByTestFilter(142)-638422962247088593.json: Attached
EnumerableQuery_1-QueryableExtensionsTests_ExecuteByTestFilter(144)-638422962247114928.json: Attached
PagedQueryResult_1-QueryableExtensionsTests_ExecuteByTestFilter(146)-638422962247247687.json: Attached
resultKeys: 2,20,21,22,23,24,25,26,27,28</StdOut>
        <StdErr>Eliassen.System.Linq.ConsoleLogger`1[Eliassen.System.Linq.Search.SortBuilder`1[Eliassen.System.Tests.Linq.TestTargets.TestTargetModel]]:Warning:&gt;
	Force sort by 0 applied for Eliassen.System.Tests.Linq.TestTargets.TestTargetModel</StdErr>
      </Output>
      <ResultFiles>
        <ResultFile path="DESKTOP-3FN5V33\EnumerableQuery_1-QueryableExtensionsTests_ExecuteByTestFilter(144)-638422962247114928.json" />
        <ResultFile path="DESKTOP-3FN5V33\PagedQueryResult_1-QueryableExtensionsTests_ExecuteByTestFilter(146)-638422962247247687.json" />
        <ResultFile path="DESKTOP-3FN5V33\SearchQuery-QueryableExtensionsTests_ExecuteByTestFilter(142)-638422962247088593.json" />
      </ResultFiles>
    </UnitTestResult>
    <UnitTestResult executionId="7d086d3a-b845-4f1f-9584-ee7e8e52ff96" testId="6c3bc33d-cd41-7aa1-5d65-f8b6b6736377" testName="ExecuteByTest_Sort (Name,Descending,999,998,997,996,995,994,993,992,991,990)" computerName="DESKTOP-3FN5V33" duration="00:00:00.0154966" startTime="2024-01-31T11:10:28.5369402-05:00" endTime="2024-01-31T11:10:28.5529352-05:00" testType="13cdc9d9-ddb5-4fa4-a97d-d965ccfc6d4b" outcome="Passed" testListId="8c84fa94-04c1-424b-9868-57a2d4851a1d" relativeResultsDirectory="7d086d3a-b845-4f1f-9584-ee7e8e52ff96" xmlns="http://microsoft.com/schemas/VisualStudio/TeamTest/2010">
      <Output>
        <StdOut>Eliassen.System.Linq.ConsoleLogger`1[Eliassen.System.Linq.Search.QueryBuilder]:Information:&gt;
	Build query for CurrentPage: 0
PageSize: 0
ExcludePageCount: False
SearchTerm: (null)
	S:Name: Descending

Eliassen.System.Linq.ConsoleLogger`1[Eliassen.System.Linq.Search.QueryBuilder]:Information:&gt;
	Execute (paged): System.Linq.Enumerable+SelectRangeIterator`1[Eliassen.System.Tests.Linq.TestTargets.TestTargetModel].OrderByDescending(n =&gt; n.Name).Skip(0).Take(10)



TestContext Messages:
SearchQuery-QueryableExtensionsTests_ExecuteByTest_Sort(340)-638422962285379788.json: Attached
PagedQueryResult_1-QueryableExtensionsTests_ExecuteByTest_Sort(342)-638422962285468619.json: Attached</StdOut>
        <StdErr>Eliassen.System.Linq.ConsoleLogger`1[Eliassen.System.Linq.Search.QueryBuilder]:Warning:&gt;
	No filtering detected: System.Linq.Enumerable+SelectRangeIterator`1[Eliassen.System.Tests.Linq.TestTargets.TestTargetModel]: CurrentPage: 0
PageSize: 0
ExcludePageCount: False
SearchTerm: (null)
	S:Name: Descending</StdErr>
      </Output>
      <ResultFiles>
        <ResultFile path="DESKTOP-3FN5V33\PagedQueryResult_1-QueryableExtensionsTests_ExecuteByTest_Sort(342)-638422962285468619.json" />
        <ResultFile path="DESKTOP-3FN5V33\SearchQuery-QueryableExtensionsTests_ExecuteByTest_Sort(340)-638422962285379788.json" />
      </ResultFiles>
    </UnitTestResult>
    <UnitTestResult executionId="fb509a17-6c2c-4166-8b0a-e506ad61706b" testId="7fd160bc-3b5b-e6e2-40ae-1974536260f2" testName="TryParseTest (System.AttributeTargets,Enum,True,Enum)" computerName="DESKTOP-3FN5V33" duration="00:00:00.0000064" startTime="2024-01-31T11:10:24.1938593-05:00" endTime="2024-01-31T11:10:24.1956731-05:00" testType="13cdc9d9-ddb5-4fa4-a97d-d965ccfc6d4b" outcome="Passed" testListId="8c84fa94-04c1-424b-9868-57a2d4851a1d" relativeResultsDirectory="fb509a17-6c2c-4166-8b0a-e506ad61706b" xmlns="http://microsoft.com/schemas/VisualStudio/TeamTest/2010" />
    <UnitTestResult executionId="e40c1c00-6d58-41c4-b7b8-d5b9f7b2fe9d" testId="b6498f29-1231-5fcf-4954-1746daa0500d" testName="ExecuteByTest_Filter (Eliassen.System.Tests.Linq.TestTargets.TestTargetModel,Name,NotEqualTo,*3,10,0,1,2,4,5,6,7,8,9,10)" computerName="DESKTOP-3FN5V33" duration="00:00:00.0190610" startTime="2024-01-31T11:10:24.2436838-05:00" endTime="2024-01-31T11:10:27.7575658-05:00" testType="13cdc9d9-ddb5-4fa4-a97d-d965ccfc6d4b" outcome="Passed" testListId="8c84fa94-04c1-424b-9868-57a2d4851a1d" relativeResultsDirectory="e40c1c00-6d58-41c4-b7b8-d5b9f7b2fe9d" xmlns="http://microsoft.com/schemas/VisualStudio/TeamTest/2010">
      <Output>
        <StdOut>Eliassen.System.Linq.ConsoleLogger`1[Eliassen.System.Linq.Search.QueryBuilder]:Information:&gt;
	Build query for CurrentPage: 0
PageSize: 0
ExcludePageCount: False
SearchTerm: (null)
	F:Name: NotEqualTo: *3

Eliassen.System.Linq.ConsoleLogger`1[Eliassen.System.Linq.Search.QueryBuilder]:Information:&gt;
	Execute (paged): System.Linq.Enumerable+SelectRangeIterator`1[Eliassen.System.Tests.Linq.TestTargets.TestTargetModel].Where(n =&gt; Not(n.Name.EndsWith("3"))).OrderBy(_ =&gt; 0).Skip(0).Take(10)



TestContext Messages:
SearchQuery-QueryableExtensionsTests_ExecuteByTestFilter(142)-638422962247511325.json: Attached
EnumerableQuery_1-QueryableExtensionsTests_ExecuteByTestFilter(144)-638422962247543136.json: Attached
PagedQueryResult_1-QueryableExtensionsTests_ExecuteByTestFilter(146)-638422962247650889.json: Attached
resultKeys: 0,1,2,4,5,6,7,8,9,10</StdOut>
        <StdErr>Eliassen.System.Linq.ConsoleLogger`1[Eliassen.System.Linq.Search.SortBuilder`1[Eliassen.System.Tests.Linq.TestTargets.TestTargetModel]]:Warning:&gt;
	Force sort by 0 applied for Eliassen.System.Tests.Linq.TestTargets.TestTargetModel</StdErr>
      </Output>
      <ResultFiles>
        <ResultFile path="DESKTOP-3FN5V33\EnumerableQuery_1-QueryableExtensionsTests_ExecuteByTestFilter(144)-638422962247543136.json" />
        <ResultFile path="DESKTOP-3FN5V33\PagedQueryResult_1-QueryableExtensionsTests_ExecuteByTestFilter(146)-638422962247650889.json" />
        <ResultFile path="DESKTOP-3FN5V33\SearchQuery-QueryableExtensionsTests_ExecuteByTestFilter(142)-638422962247511325.json" />
      </ResultFiles>
    </UnitTestResult>
    <UnitTestResult executionId="304d04cb-2573-48f8-9c71-fc0e599e071e" testId="7fd160bc-3b5b-e6e2-40ae-1974536260f2" testName="TryParseTest (System.Int32,nope,False,)" computerName="DESKTOP-3FN5V33" duration="00:00:00.0000489" startTime="2024-01-31T11:10:24.1938593-05:00" endTime="2024-01-31T11:10:24.1956731-05:00" testType="13cdc9d9-ddb5-4fa4-a97d-d965ccfc6d4b" outcome="Passed" testListId="8c84fa94-04c1-424b-9868-57a2d4851a1d" relativeResultsDirectory="304d04cb-2573-48f8-9c71-fc0e599e071e" xmlns="http://microsoft.com/schemas/VisualStudio/TeamTest/2010" />
    <UnitTestResult executionId="3ba66cfc-1ee6-4f63-b81d-191c0c3ea646" testId="b6498f29-1231-5fcf-4954-1746daa0500d" testName="ExecuteByTest_Filter (Eliassen.System.Tests.Linq.TestTargets.TestTargetExtendedModel,DateTimeNullable,LessThan,2020-03-01T01:01:01.4356493+02:00,2,0,1)" computerName="DESKTOP-3FN5V33" duration="00:00:00.1861715" startTime="2024-01-31T11:10:24.2436838-05:00" endTime="2024-01-31T11:10:27.7575658-05:00" testType="13cdc9d9-ddb5-4fa4-a97d-d965ccfc6d4b" outcome="Passed" testListId="8c84fa94-04c1-424b-9868-57a2d4851a1d" relativeResultsDirectory="3ba66cfc-1ee6-4f63-b81d-191c0c3ea646" xmlns="http://microsoft.com/schemas/VisualStudio/TeamTest/2010">
      <Output>
        <StdOut>Eliassen.System.Linq.ConsoleLogger`1[Eliassen.System.Linq.Search.QueryBuilder]:Information:&gt;
	Build query for CurrentPage: 0
PageSize: 0
ExcludePageCount: False
SearchTerm: (null)
	F:DateTimeNullable: LessThan: 2020-03-01T01:01:01.4356493+02:00

Eliassen.System.Linq.ConsoleLogger`1[Eliassen.System.Linq.Search.SortBuilder`1[Eliassen.System.Tests.Linq.TestTargets.TestTargetExtendedModel]]:Information:&gt;
	Applying default sort for Eliassen.System.Tests.Linq.TestTargets.TestTargetExtendedModel: (Index, Ascending)
Eliassen.System.Linq.ConsoleLogger`1[Eliassen.System.Linq.Search.QueryBuilder]:Information:&gt;
	Execute (paged): System.Linq.Enumerable+SelectRangeIterator`1[Eliassen.System.Tests.Linq.TestTargets.TestTargetExtendedModel].Where(n =&gt; (n.DateTimeNullable &lt; Convert(2/29/2020 6:01:01 PM, Nullable`1))).OrderBy(n =&gt; Convert(n.Index, Object)).Skip(0).Take(10)



TestContext Messages:
SearchQuery-QueryableExtensionsTests_ExecuteByTestFilter(142)-638422962260061969.json: Attached
EnumerableQuery_1-QueryableExtensionsTests_ExecuteByTestFilter(144)-638422962260088439.json: Attached
PagedQueryResult_1-QueryableExtensionsTests_ExecuteByTestFilter(146)-638422962261837374.json: Attached
resultKeys: 0,1</StdOut>
        <StdErr>Eliassen.System.Linq.ConsoleLogger`1[Eliassen.System.Linq.Expressions.ExpressionTreeBuilder`1[Eliassen.System.Tests.Linq.TestTargets.TestTargetExtendedModel]]:Warning:&gt;
	2020-03-01T01:01:01.4356493+02:00 parsed to 02/29/2020 18:01:01 (System.DateTime)</StdErr>
      </Output>
      <ResultFiles>
        <ResultFile path="DESKTOP-3FN5V33\EnumerableQuery_1-QueryableExtensionsTests_ExecuteByTestFilter(144)-638422962260088439.json" />
        <ResultFile path="DESKTOP-3FN5V33\PagedQueryResult_1-QueryableExtensionsTests_ExecuteByTestFilter(146)-638422962261837374.json" />
        <ResultFile path="DESKTOP-3FN5V33\SearchQuery-QueryableExtensionsTests_ExecuteByTestFilter(142)-638422962260061969.json" />
      </ResultFiles>
    </UnitTestResult>
    <UnitTestResult executionId="f71fb889-13da-4dae-a17c-95957b6471a7" testId="b6498f29-1231-5fcf-4954-1746daa0500d" testName="ExecuteByTest_Filter (Eliassen.System.Tests.Linq.TestTargets.TestTargetExtendedModel,Date,LessThan,3/1/2020,3,-1,0,1)" computerName="DESKTOP-3FN5V33" duration="00:00:00.1521563" startTime="2024-01-31T11:10:24.2436838-05:00" endTime="2024-01-31T11:10:27.7575658-05:00" testType="13cdc9d9-ddb5-4fa4-a97d-d965ccfc6d4b" outcome="Passed" testListId="8c84fa94-04c1-424b-9868-57a2d4851a1d" relativeResultsDirectory="f71fb889-13da-4dae-a17c-95957b6471a7" xmlns="http://microsoft.com/schemas/VisualStudio/TeamTest/2010">
      <Output>
        <StdOut>Eliassen.System.Linq.ConsoleLogger`1[Eliassen.System.Linq.Search.QueryBuilder]:Information:&gt;
	Build query for CurrentPage: 0
PageSize: 0
ExcludePageCount: False
SearchTerm: (null)
	F:Date: LessThan: 3/1/2020

Eliassen.System.Linq.ConsoleLogger`1[Eliassen.System.Linq.Search.SortBuilder`1[Eliassen.System.Tests.Linq.TestTargets.TestTargetExtendedModel]]:Information:&gt;
	Applying default sort for Eliassen.System.Tests.Linq.TestTargets.TestTargetExtendedModel: (Index, Ascending)
Eliassen.System.Linq.ConsoleLogger`1[Eliassen.System.Linq.Search.QueryBuilder]:Information:&gt;
	Execute (paged): System.Linq.Enumerable+SelectRangeIterator`1[Eliassen.System.Tests.Linq.TestTargets.TestTargetExtendedModel].Where(n =&gt; (n.Date &lt; 3/1/2020 12:00:00 AM)).OrderBy(n =&gt; Convert(n.Index, Object)).Skip(0).Take(10)



TestContext Messages:
SearchQuery-QueryableExtensionsTests_ExecuteByTestFilter(142)-638422962253895413.json: Attached
EnumerableQuery_1-QueryableExtensionsTests_ExecuteByTestFilter(144)-638422962253928717.json: Attached
PagedQueryResult_1-QueryableExtensionsTests_ExecuteByTestFilter(146)-638422962255337370.json: Attached
resultKeys: -1,0,1</StdOut>
        <StdErr>Eliassen.System.Linq.ConsoleLogger`1[Eliassen.System.Linq.Expressions.ExpressionTreeBuilder`1[Eliassen.System.Tests.Linq.TestTargets.TestTargetExtendedModel]]:Warning:&gt;
	3/1/2020 parsed to 03/01/2020 00:00:00 (System.DateTime)</StdErr>
      </Output>
      <ResultFiles>
        <ResultFile path="DESKTOP-3FN5V33\EnumerableQuery_1-QueryableExtensionsTests_ExecuteByTestFilter(144)-638422962253928717.json" />
        <ResultFile path="DESKTOP-3FN5V33\PagedQueryResult_1-QueryableExtensionsTests_ExecuteByTestFilter(146)-638422962255337370.json" />
        <ResultFile path="DESKTOP-3FN5V33\SearchQuery-QueryableExtensionsTests_ExecuteByTestFilter(142)-638422962253895413.json" />
      </ResultFiles>
    </UnitTestResult>
    <UnitTestResult executionId="0147cd57-a4e4-4c62-9dd9-3e9c6b28c276" testId="a29d2822-126a-1900-33c2-f20f68d10c99" testName="ToEnumTest (,)" computerName="DESKTOP-3FN5V33" duration="00:00:00.0024012" startTime="2024-01-31T11:10:24.0011751-05:00" endTime="2024-01-31T11:10:24.0038642-05:00" testType="13cdc9d9-ddb5-4fa4-a97d-d965ccfc6d4b" outcome="Passed" testListId="8c84fa94-04c1-424b-9868-57a2d4851a1d" relativeResultsDirectory="0147cd57-a4e4-4c62-9dd9-3e9c6b28c276" xmlns="http://microsoft.com/schemas/VisualStudio/TeamTest/2010" />
    <UnitTestResult executionId="acfbc726-fc28-490c-a94c-27b5417ce58a" testId="c07bd30b-1999-489c-e66f-17f7d59077a7" testName="SerializeTest_Nullable" computerName="DESKTOP-3FN5V33" duration="00:00:00.0442179" startTime="2024-01-31T11:10:23.7524435-05:00" endTime="2024-01-31T11:10:23.8136153-05:00" testType="13cdc9d9-ddb5-4fa4-a97d-d965ccfc6d4b" outcome="Passed" testListId="8c84fa94-04c1-424b-9868-57a2d4851a1d" relativeResultsDirectory="acfbc726-fc28-490c-a94c-27b5417ce58a" xmlns="http://microsoft.com/schemas/VisualStudio/TeamTest/2010">
      <Output>
        <StdOut>TestContext Messages:
result-BsonDateConverterTests_SerializeTest_Nullable(25)-638422962238022963.json: Attached
2024-01-31T11:10:23.7795725-05:00</StdOut>
      </Output>
      <ResultFiles>
        <ResultFile path="DESKTOP-3FN5V33\result-BsonDateConverterTests_SerializeTest_Nullable(25)-638422962238022963.json" />
      </ResultFiles>
    </UnitTestResult>
    <UnitTestResult executionId="f7cadee7-169e-4d72-95c7-9f4f270489dc" testId="732c5a4d-db4b-042b-cb1a-6907849de0ac" testName="VisitTest_Equals (,,False)" computerName="DESKTOP-3FN5V33" duration="00:00:00.0009235" startTime="2024-01-31T11:10:28.6358007-05:00" endTime="2024-01-31T11:10:28.6370713-05:00" testType="13cdc9d9-ddb5-4fa4-a97d-d965ccfc6d4b" outcome="Passed" testListId="8c84fa94-04c1-424b-9868-57a2d4851a1d" relativeResultsDirectory="f7cadee7-169e-4d72-95c7-9f4f270489dc" xmlns="http://microsoft.com/schemas/VisualStudio/TeamTest/2010">
      <Output>
        <StdOut>TestContext Messages:
expression: e =&gt; e.Equals(value(Eliassen.System.Tests.Linq.Expressions.SkipInstanceMethodOnNullExpressionVisitorTests+&lt;&gt;c__DisplayClass4_0).matched)
visited: e =&gt; ((e != null) AndAlso e.Equals(value(Eliassen.System.Tests.Linq.Expressions.SkipInstanceMethodOnNullExpressionVisitorTests+&lt;&gt;c__DisplayClass4_0).matched))
result: False</StdOut>
      </Output>
    </UnitTestResult>
    <UnitTestResult executionId="b3e25dfe-9e47-4fa7-9429-e69393ea8b18" testId="bd0dbecb-539b-5502-769e-e3714681df3b" testName="ToEnumTest (Val2,Val2)" computerName="DESKTOP-3FN5V33" duration="00:00:00.0000247" startTime="2024-01-31T11:10:24.0184957-05:00" endTime="2024-01-31T11:10:24.0188363-05:00" testType="13cdc9d9-ddb5-4fa4-a97d-d965ccfc6d4b" outcome="Passed" testListId="8c84fa94-04c1-424b-9868-57a2d4851a1d" relativeResultsDirectory="b3e25dfe-9e47-4fa7-9429-e69393ea8b18" xmlns="http://microsoft.com/schemas/VisualStudio/TeamTest/2010" />
    <UnitTestResult executionId="be795098-ba5c-42e5-84e3-e96dd76d59f4" testId="b6498f29-1231-5fcf-4954-1746daa0500d" testName="ExecuteByTest_Filter (Eliassen.System.Tests.Linq.TestTargets.TestTargetModel,Name,EqualTo,,0,)" computerName="DESKTOP-3FN5V33" duration="00:00:00.0198715" startTime="2024-01-31T11:10:24.2436838-05:00" endTime="2024-01-31T11:10:27.7575658-05:00" testType="13cdc9d9-ddb5-4fa4-a97d-d965ccfc6d4b" outcome="Passed" testListId="8c84fa94-04c1-424b-9868-57a2d4851a1d" relativeResultsDirectory="be795098-ba5c-42e5-84e3-e96dd76d59f4" xmlns="http://microsoft.com/schemas/VisualStudio/TeamTest/2010">
      <Output>
        <StdOut>Eliassen.System.Linq.ConsoleLogger`1[Eliassen.System.Linq.Search.QueryBuilder]:Information:&gt;
	Build query for CurrentPage: 0
PageSize: 0
ExcludePageCount: False
SearchTerm: (null)
	F:Name: EqualTo:

Eliassen.System.Linq.ConsoleLogger`1[Eliassen.System.Linq.Search.QueryBuilder]:Information:&gt;
	Execute (paged): System.Linq.Enumerable+SelectRangeIterator`1[Eliassen.System.Tests.Linq.TestTargets.TestTargetModel].Where(n =&gt; (n.Name == "")).OrderBy(_ =&gt; 0).Skip(0).Take(10)



TestContext Messages:
SearchQuery-QueryableExtensionsTests_ExecuteByTestFilter(142)-638422962268949520.json: Attached
EnumerableQuery_1-QueryableExtensionsTests_ExecuteByTestFilter(144)-638422962268976848.json: Attached
PagedQueryResult_1-QueryableExtensionsTests_ExecuteByTestFilter(146)-638422962269089284.json: Attached
resultKeys:</StdOut>
        <StdErr>Eliassen.System.Linq.ConsoleLogger`1[Eliassen.System.Linq.Search.SortBuilder`1[Eliassen.System.Tests.Linq.TestTargets.TestTargetModel]]:Warning:&gt;
	Force sort by 0 applied for Eliassen.System.Tests.Linq.TestTargets.TestTargetModel</StdErr>
      </Output>
      <ResultFiles>
        <ResultFile path="DESKTOP-3FN5V33\EnumerableQuery_1-QueryableExtensionsTests_ExecuteByTestFilter(144)-638422962268976848.json" />
        <ResultFile path="DESKTOP-3FN5V33\PagedQueryResult_1-QueryableExtensionsTests_ExecuteByTestFilter(146)-638422962269089284.json" />
        <ResultFile path="DESKTOP-3FN5V33\SearchQuery-QueryableExtensionsTests_ExecuteByTestFilter(142)-638422962268949520.json" />
      </ResultFiles>
    </UnitTestResult>
    <UnitTestResult executionId="ac280203-51b6-4c41-a7a1-c22256dcd9d1" testId="453dc636-d45b-01e0-2e5e-4e973ba64495" testName="GetHash (Hello World!,7Qdih1MuhjZehB6Sv8UNjA==)" computerName="DESKTOP-3FN5V33" duration="00:00:00.0062468" startTime="2024-01-31T11:10:23.9626838-05:00" endTime="2024-01-31T11:10:23.9693410-05:00" testType="13cdc9d9-ddb5-4fa4-a97d-d965ccfc6d4b" outcome="Passed" testListId="8c84fa94-04c1-424b-9868-57a2d4851a1d" relativeResultsDirectory="ac280203-51b6-4c41-a7a1-c22256dcd9d1" xmlns="http://microsoft.com/schemas/VisualStudio/TeamTest/2010">
      <Output>
        <StdOut>TestContext Messages:
"Hello World!" =&gt; "7Qdih1MuhjZehB6Sv8UNjA=="</StdOut>
      </Output>
    </UnitTestResult>
    <UnitTestResult executionId="01e16685-c0eb-4655-bff7-ff2fa03abdf6" testId="65b4a990-8424-f23f-9b61-155855edf172" testName="GetResourceFromJsonTest" computerName="DESKTOP-3FN5V33" duration="00:00:00.0002783" startTime="2024-01-31T11:10:24.2373680-05:00" endTime="2024-01-31T11:10:24.2377901-05:00" testType="13cdc9d9-ddb5-4fa4-a97d-d965ccfc6d4b" outcome="Passed" testListId="8c84fa94-04c1-424b-9868-57a2d4851a1d" relativeResultsDirectory="01e16685-c0eb-4655-bff7-ff2fa03abdf6" xmlns="http://microsoft.com/schemas/VisualStudio/TeamTest/2010" />
    <UnitTestResult executionId="68288f48-5bef-4187-93b7-f771c81f4336" testId="b6498f29-1231-5fcf-4954-1746daa0500d" testName="ExecuteByTest_Filter (Eliassen.System.Tests.Linq.TestTargets.TestTargetExtendedModel,FC,EqualTo,ame1,2,-1,0)" computerName="DESKTOP-3FN5V33" duration="00:00:00.2206826" startTime="2024-01-31T11:10:24.2436838-05:00" endTime="2024-01-31T11:10:27.7575658-05:00" testType="13cdc9d9-ddb5-4fa4-a97d-d965ccfc6d4b" outcome="Passed" testListId="8c84fa94-04c1-424b-9868-57a2d4851a1d" relativeResultsDirectory="68288f48-5bef-4187-93b7-f771c81f4336" xmlns="http://microsoft.com/schemas/VisualStudio/TeamTest/2010">
      <Output>
        <StdOut>Eliassen.System.Linq.ConsoleLogger`1[Eliassen.System.Linq.Search.QueryBuilder]:Information:&gt;
	Build query for CurrentPage: 0
PageSize: 0
ExcludePageCount: False
SearchTerm: (null)
	F:FC: EqualTo: ame1

Eliassen.System.Linq.ConsoleLogger`1[Eliassen.System.Linq.Search.SortBuilder`1[Eliassen.System.Tests.Linq.TestTargets.TestTargetExtendedModel]]:Information:&gt;
	Applying default sort for Eliassen.System.Tests.Linq.TestTargets.TestTargetExtendedModel: (Index, Ascending)
Eliassen.System.Linq.ConsoleLogger`1[Eliassen.System.Linq.Search.QueryBuilder]:Information:&gt;
	Execute (paged): System.Linq.Enumerable+SelectRangeIterator`1[Eliassen.System.Tests.Linq.TestTargets.TestTargetExtendedModel].Where(e =&gt; e.FName.Contains(value(Eliassen.System.Tests.Linq.TestTargets.TestTargetExtendedModel+&lt;&gt;c__DisplayClass43_0).value.ToString())).OrderBy(n =&gt; Convert(n.Index, Object)).Skip(0).Take(10)



TestContext Messages:
SearchQuery-QueryableExtensionsTests_ExecuteByTestFilter(142)-638422962265842612.json: Attached
EnumerableQuery_1-QueryableExtensionsTests_ExecuteByTestFilter(144)-638422962265876892.json: Attached
PagedQueryResult_1-QueryableExtensionsTests_ExecuteByTestFilter(146)-638422962267938129.json: Attached
resultKeys: -1,0</StdOut>
      </Output>
      <ResultFiles>
        <ResultFile path="DESKTOP-3FN5V33\EnumerableQuery_1-QueryableExtensionsTests_ExecuteByTestFilter(144)-638422962265876892.json" />
        <ResultFile path="DESKTOP-3FN5V33\PagedQueryResult_1-QueryableExtensionsTests_ExecuteByTestFilter(146)-638422962267938129.json" />
        <ResultFile path="DESKTOP-3FN5V33\SearchQuery-QueryableExtensionsTests_ExecuteByTestFilter(142)-638422962265842612.json" />
      </ResultFiles>
    </UnitTestResult>
    <UnitTestResult executionId="59076396-9e52-40e9-a771-e18c8ab372c6" testId="b6498f29-1231-5fcf-4954-1746daa0500d" testName="ExecuteByTest_Filter (Eliassen.System.Tests.Linq.TestTargets.TestTargetExtendedModel,Date,LessThan,2020-03-01T01:01:01.4356493+02:00,3,-1,0,1)" computerName="DESKTOP-3FN5V33" duration="00:00:00.1709623" startTime="2024-01-31T11:10:24.2436838-05:00" endTime="2024-01-31T11:10:27.7575658-05:00" testType="13cdc9d9-ddb5-4fa4-a97d-d965ccfc6d4b" outcome="Passed" testListId="8c84fa94-04c1-424b-9868-57a2d4851a1d" relativeResultsDirectory="59076396-9e52-40e9-a771-e18c8ab372c6" xmlns="http://microsoft.com/schemas/VisualStudio/TeamTest/2010">
      <Output>
        <StdOut>Eliassen.System.Linq.ConsoleLogger`1[Eliassen.System.Linq.Search.QueryBuilder]:Information:&gt;
	Build query for CurrentPage: 0
PageSize: 0
ExcludePageCount: False
SearchTerm: (null)
	F:Date: LessThan: 2020-03-01T01:01:01.4356493+02:00

Eliassen.System.Linq.ConsoleLogger`1[Eliassen.System.Linq.Search.SortBuilder`1[Eliassen.System.Tests.Linq.TestTargets.TestTargetExtendedModel]]:Information:&gt;
	Applying default sort for Eliassen.System.Tests.Linq.TestTargets.TestTargetExtendedModel: (Index, Ascending)
Eliassen.System.Linq.ConsoleLogger`1[Eliassen.System.Linq.Search.QueryBuilder]:Information:&gt;
	Execute (paged): System.Linq.Enumerable+SelectRangeIterator`1[Eliassen.System.Tests.Linq.TestTargets.TestTargetExtendedModel].Where(n =&gt; (n.Date &lt; 2/29/2020 6:01:01 PM)).OrderBy(n =&gt; Convert(n.Index, Object)).Skip(0).Take(10)



TestContext Messages:
SearchQuery-QueryableExtensionsTests_ExecuteByTestFilter(142)-638422962258352140.json: Attached
EnumerableQuery_1-QueryableExtensionsTests_ExecuteByTestFilter(144)-638422962258386125.json: Attached
PagedQueryResult_1-QueryableExtensionsTests_ExecuteByTestFilter(146)-638422962259969228.json: Attached
resultKeys: -1,0,1</StdOut>
        <StdErr>Eliassen.System.Linq.ConsoleLogger`1[Eliassen.System.Linq.Expressions.ExpressionTreeBuilder`1[Eliassen.System.Tests.Linq.TestTargets.TestTargetExtendedModel]]:Warning:&gt;
	2020-03-01T01:01:01.4356493+02:00 parsed to 02/29/2020 18:01:01 (System.DateTime)</StdErr>
      </Output>
      <ResultFiles>
        <ResultFile path="DESKTOP-3FN5V33\EnumerableQuery_1-QueryableExtensionsTests_ExecuteByTestFilter(144)-638422962258386125.json" />
        <ResultFile path="DESKTOP-3FN5V33\PagedQueryResult_1-QueryableExtensionsTests_ExecuteByTestFilter(146)-638422962259969228.json" />
        <ResultFile path="DESKTOP-3FN5V33\SearchQuery-QueryableExtensionsTests_ExecuteByTestFilter(142)-638422962258352140.json" />
      </ResultFiles>
    </UnitTestResult>
    <UnitTestResult executionId="d6690fb0-43fb-42e5-9d46-b6dbee6c1cd9" testId="7fd160bc-3b5b-e6e2-40ae-1974536260f2" testName="TryParseTest (System.Decimal,nope,False,)" computerName="DESKTOP-3FN5V33" duration="00:00:00.0000466" startTime="2024-01-31T11:10:24.1938593-05:00" endTime="2024-01-31T11:10:24.1956731-05:00" testType="13cdc9d9-ddb5-4fa4-a97d-d965ccfc6d4b" outcome="Passed" testListId="8c84fa94-04c1-424b-9868-57a2d4851a1d" relativeResultsDirectory="d6690fb0-43fb-42e5-9d46-b6dbee6c1cd9" xmlns="http://microsoft.com/schemas/VisualStudio/TeamTest/2010" />
    <UnitTestResult executionId="1ede654a-4244-4845-8030-7b3a3efbffe4" testId="7a9a1822-3db2-a438-faf7-05813fd14fc1" testName="GetSearchablePropertyNames_TestTarget2Model" computerName="DESKTOP-3FN5V33" duration="00:00:00.0002870" startTime="2024-01-31T11:10:28.6040320-05:00" endTime="2024-01-31T11:10:28.6045648-05:00" testType="13cdc9d9-ddb5-4fa4-a97d-d965ccfc6d4b" outcome="Passed" testListId="8c84fa94-04c1-424b-9868-57a2d4851a1d" relativeResultsDirectory="1ede654a-4244-4845-8030-7b3a3efbffe4" xmlns="http://microsoft.com/schemas/VisualStudio/TeamTest/2010" />
    <UnitTestResult executionId="8be683b4-d112-4195-b2f7-8dcecd7d05dc" testId="b6498f29-1231-5fcf-4954-1746daa0500d" testName="ExecuteByTest_Filter (Eliassen.System.Tests.Linq.TestTargets.TestTargetModel,Name,EqualTo,Name3,1,3)" computerName="DESKTOP-3FN5V33" duration="00:00:00.0187518" startTime="2024-01-31T11:10:24.2436838-05:00" endTime="2024-01-31T11:10:27.7575658-05:00" testType="13cdc9d9-ddb5-4fa4-a97d-d965ccfc6d4b" outcome="Passed" testListId="8c84fa94-04c1-424b-9868-57a2d4851a1d" relativeResultsDirectory="8be683b4-d112-4195-b2f7-8dcecd7d05dc" xmlns="http://microsoft.com/schemas/VisualStudio/TeamTest/2010">
      <Output>
        <StdOut>Eliassen.System.Linq.ConsoleLogger`1[Eliassen.System.Linq.Search.QueryBuilder]:Information:&gt;
	Build query for CurrentPage: 0
PageSize: 0
ExcludePageCount: False
SearchTerm: (null)
	F:Name: EqualTo: Name3

Eliassen.System.Linq.ConsoleLogger`1[Eliassen.System.Linq.Search.QueryBuilder]:Information:&gt;
	Execute (paged): System.Linq.Enumerable+SelectRangeIterator`1[Eliassen.System.Tests.Linq.TestTargets.TestTargetModel].Where(n =&gt; n.Name.Equals("Name3")).OrderBy(_ =&gt; 0).Skip(0).Take(10)



TestContext Messages:
SearchQuery-QueryableExtensionsTests_ExecuteByTestFilter(142)-638422962244371898.json: Attached
EnumerableQuery_1-QueryableExtensionsTests_ExecuteByTestFilter(144)-638422962244394507.json: Attached
PagedQueryResult_1-QueryableExtensionsTests_ExecuteByTestFilter(146)-638422962244513652.json: Attached
resultKeys: 3</StdOut>
        <StdErr>Eliassen.System.Linq.ConsoleLogger`1[Eliassen.System.Linq.Search.SortBuilder`1[Eliassen.System.Tests.Linq.TestTargets.TestTargetModel]]:Warning:&gt;
	Force sort by 0 applied for Eliassen.System.Tests.Linq.TestTargets.TestTargetModel</StdErr>
      </Output>
      <ResultFiles>
        <ResultFile path="DESKTOP-3FN5V33\EnumerableQuery_1-QueryableExtensionsTests_ExecuteByTestFilter(144)-638422962244394507.json" />
        <ResultFile path="DESKTOP-3FN5V33\PagedQueryResult_1-QueryableExtensionsTests_ExecuteByTestFilter(146)-638422962244513652.json" />
        <ResultFile path="DESKTOP-3FN5V33\SearchQuery-QueryableExtensionsTests_ExecuteByTestFilter(142)-638422962244371898.json" />
      </ResultFiles>
    </UnitTestResult>
    <UnitTestResult executionId="f540f11b-2146-4804-80e0-854ac8859775" testId="b6498f29-1231-5fcf-4954-1746daa0500d" testName="ExecuteByTest_Filter (Eliassen.System.Tests.Linq.TestTargets.TestTargetModel,Index,LessThan,5,5,0,1,2,3,4)" computerName="DESKTOP-3FN5V33" duration="00:00:00.0226543" startTime="2024-01-31T11:10:24.2436838-05:00" endTime="2024-01-31T11:10:27.7575658-05:00" testType="13cdc9d9-ddb5-4fa4-a97d-d965ccfc6d4b" outcome="Passed" testListId="8c84fa94-04c1-424b-9868-57a2d4851a1d" relativeResultsDirectory="f540f11b-2146-4804-80e0-854ac8859775" xmlns="http://microsoft.com/schemas/VisualStudio/TeamTest/2010">
      <Output>
        <StdOut>Eliassen.System.Linq.ConsoleLogger`1[Eliassen.System.Linq.Search.QueryBuilder]:Information:&gt;
	Build query for CurrentPage: 0
PageSize: 0
ExcludePageCount: False
SearchTerm: (null)
	F:Index: LessThan: 5

Eliassen.System.Linq.ConsoleLogger`1[Eliassen.System.Linq.Search.QueryBuilder]:Information:&gt;
	Execute (paged): System.Linq.Enumerable+SelectRangeIterator`1[Eliassen.System.Tests.Linq.TestTargets.TestTargetModel].Where(n =&gt; (n.Index &lt; 5)).OrderBy(_ =&gt; 0).Skip(0).Take(10)



TestContext Messages:
SearchQuery-QueryableExtensionsTests_ExecuteByTestFilter(142)-638422962245014198.json: Attached
EnumerableQuery_1-QueryableExtensionsTests_ExecuteByTestFilter(144)-638422962245040203.json: Attached
PagedQueryResult_1-QueryableExtensionsTests_ExecuteByTestFilter(146)-638422962245162751.json: Attached
resultKeys: 0,1,2,3,4</StdOut>
        <StdErr>Eliassen.System.Linq.ConsoleLogger`1[Eliassen.System.Linq.Expressions.ExpressionTreeBuilder`1[Eliassen.System.Tests.Linq.TestTargets.TestTargetModel]]:Warning:&gt;
	5 parsed to 5 (System.Int32)
Eliassen.System.Linq.ConsoleLogger`1[Eliassen.System.Linq.Search.SortBuilder`1[Eliassen.System.Tests.Linq.TestTargets.TestTargetModel]]:Warning:&gt;
	Force sort by 0 applied for Eliassen.System.Tests.Linq.TestTargets.TestTargetModel</StdErr>
      </Output>
      <ResultFiles>
        <ResultFile path="DESKTOP-3FN5V33\EnumerableQuery_1-QueryableExtensionsTests_ExecuteByTestFilter(144)-638422962245040203.json" />
        <ResultFile path="DESKTOP-3FN5V33\PagedQueryResult_1-QueryableExtensionsTests_ExecuteByTestFilter(146)-638422962245162751.json" />
        <ResultFile path="DESKTOP-3FN5V33\SearchQuery-QueryableExtensionsTests_ExecuteByTestFilter(142)-638422962245014198.json" />
      </ResultFiles>
    </UnitTestResult>
    <UnitTestResult executionId="d01b047f-e8cc-4bf1-99ec-8f467fdb3229" testId="e350703c-47df-56f0-b995-a52c38b53eca" testName="MakeSafeTest (System.Double,1,1)" computerName="DESKTOP-3FN5V33" duration="00:00:00.0081030" startTime="2024-01-31T11:10:24.0534228-05:00" endTime="2024-01-31T11:10:24.1863293-05:00" testType="13cdc9d9-ddb5-4fa4-a97d-d965ccfc6d4b" outcome="Passed" testListId="8c84fa94-04c1-424b-9868-57a2d4851a1d" relativeResultsDirectory="d01b047f-e8cc-4bf1-99ec-8f467fdb3229" xmlns="http://microsoft.com/schemas/VisualStudio/TeamTest/2010" />
    <UnitTestResult executionId="e9f904f3-4990-4242-bb41-c780a85d11b6" testId="870b9428-08e8-f91f-14b9-7fcf33dc2d0f" testName="AsModelsTest2" computerName="DESKTOP-3FN5V33" duration="00:00:00.0057146" startTime="2024-01-31T11:10:23.9940990-05:00" endTime="2024-01-31T11:10:24.0000118-05:00" testType="13cdc9d9-ddb5-4fa4-a97d-d965ccfc6d4b" outcome="Passed" testListId="8c84fa94-04c1-424b-9868-57a2d4851a1d" relativeResultsDirectory="e9f904f3-4990-4242-bb41-c780a85d11b6" xmlns="http://microsoft.com/schemas/VisualStudio/TeamTest/2010">
      <Output>
        <StdOut>TestContext Messages:
EnumModel { Id = 0, Name = Val0, Code = VAL0, Description = , Order = 0, Value = Val0, IsEndState = False, IsExcludeFromUnique = False, PossibleNames = System.String[], Value = Val0 }
EnumModel { Id = 1, Name = Val1, Code = VAL1, Description = , Order = 0, Value = Val1, IsEndState = False, IsExcludeFromUnique = False, PossibleNames = System.String[], Value = Val1 }
EnumModel { Id = 2, Name = Val2, Code = VAL2, Description = , Order = 0, Value = Val2, IsEndState = False, IsExcludeFromUnique = False, PossibleNames = System.String[], Value = Val2 }
EnumModel { Id = 4, Name = WithEnumValue, Code = name, Description = , Order = 0, Value = WithEnumValue, IsEndState = False, IsExcludeFromUnique = False, PossibleNames = System.String[], Value = WithEnumValue }
EnumModel { Id = 8, Name = WithMemberName, Code = name2, Description = , Order = 0, Value = WithMemberName, IsEndState = False, IsExcludeFromUnique = False, PossibleNames = System.String[], Value = WithMemberName }
EnumModel { Id = 16, Name = WithDescription, Code = WITHDESCRIPTION, Description = test description, Order = 0, Value = WithDescription, IsEndState = False, IsExcludeFromUnique = False, PossibleNames = System.String[], Value = WithDescription }
EnumModel { Id = 32, Name = test name, Code = test short, Description = test display, Order = 0, Value = WithDisplay, IsEndState = False, IsExcludeFromUnique = False, PossibleNames = System.String[], Value = WithDisplay }</StdOut>
      </Output>
    </UnitTestResult>
    <UnitTestResult executionId="4d520619-b5b2-47df-bb99-e42fe64afb44" testId="7fd160bc-3b5b-e6e2-40ae-1974536260f2" testName="TryParseTest (System.Nullable`1[System.Int32],1,True,1)" computerName="DESKTOP-3FN5V33" duration="00:00:00.0000042" startTime="2024-01-31T11:10:24.1938593-05:00" endTime="2024-01-31T11:10:24.1956731-05:00" testType="13cdc9d9-ddb5-4fa4-a97d-d965ccfc6d4b" outcome="Passed" testListId="8c84fa94-04c1-424b-9868-57a2d4851a1d" relativeResultsDirectory="4d520619-b5b2-47df-bb99-e42fe64afb44" xmlns="http://microsoft.com/schemas/VisualStudio/TeamTest/2010" />
    <UnitTestResult executionId="b63db4c5-8326-4f1b-8c9f-0d403ba00fd9" testId="a324304b-8c70-70d6-1085-fa9cbf413d33" testName="VisitTest_StartsWith (Hello,he,True)" computerName="DESKTOP-3FN5V33" duration="00:00:00.0004494" startTime="2024-01-31T11:10:28.6716729-05:00" endTime="2024-01-31T11:10:28.6723752-05:00" testType="13cdc9d9-ddb5-4fa4-a97d-d965ccfc6d4b" outcome="Passed" testListId="8c84fa94-04c1-424b-9868-57a2d4851a1d" relativeResultsDirectory="b63db4c5-8326-4f1b-8c9f-0d403ba00fd9" xmlns="http://microsoft.com/schemas/VisualStudio/TeamTest/2010">
      <Output>
        <StdOut>Eliassen.System.Linq.ConsoleLogger`1[Eliassen.System.Linq.Expressions.StringComparisonReplacementExpressionVisitor]:Debug:&gt;
	Replace: e.StartsWith(value(Eliassen.System.Tests.Linq.Expressions.StringComparisonReplacementExpressionVisitorTests+&lt;&gt;c__DisplayClass7_0).matched) with e.StartsWith(value(Eliassen.System.Tests.Linq.Expressions.StringComparisonReplacementExpressionVisitorTests+&lt;&gt;c__DisplayClass7_0).matched, CurrentCultureIgnoreCase)



TestContext Messages:
expression: e =&gt; e.StartsWith(value(Eliassen.System.Tests.Linq.Expressions.StringComparisonReplacementExpressionVisitorTests+&lt;&gt;c__DisplayClass7_0).matched)
visited: e =&gt; e.StartsWith(value(Eliassen.System.Tests.Linq.Expressions.StringComparisonReplacementExpressionVisitorTests+&lt;&gt;c__DisplayClass7_0).matched, CurrentCultureIgnoreCase)</StdOut>
      </Output>
    </UnitTestResult>
    <UnitTestResult executionId="b0e94b00-6211-447b-ae8e-127c67a5fd63" testId="e350703c-47df-56f0-b995-a52c38b53eca" testName="MakeSafeTest (System.TimeSpan,16:00,16:00:00)" computerName="DESKTOP-3FN5V33" duration="00:00:00.0008582" startTime="2024-01-31T11:10:24.0534228-05:00" endTime="2024-01-31T11:10:24.1863293-05:00" testType="13cdc9d9-ddb5-4fa4-a97d-d965ccfc6d4b" outcome="Passed" testListId="8c84fa94-04c1-424b-9868-57a2d4851a1d" relativeResultsDirectory="b0e94b00-6211-447b-ae8e-127c67a5fd63" xmlns="http://microsoft.com/schemas/VisualStudio/TeamTest/2010" />
    <UnitTestResult executionId="026c1a22-6629-4d05-9f3e-8fcee3cf6937" testId="b6498f29-1231-5fcf-4954-1746daa0500d" testName="ExecuteByTest_Filter (Eliassen.System.Tests.Linq.TestTargets.TestTargetExtendedModel,May,EqualTo,!,10,-1,1,2,4,5,7,8,10,11,13)" computerName="DESKTOP-3FN5V33" duration="00:00:00.2056758" startTime="2024-01-31T11:10:24.2436838-05:00" endTime="2024-01-31T11:10:27.7575658-05:00" testType="13cdc9d9-ddb5-4fa4-a97d-d965ccfc6d4b" outcome="Passed" testListId="8c84fa94-04c1-424b-9868-57a2d4851a1d" relativeResultsDirectory="026c1a22-6629-4d05-9f3e-8fcee3cf6937" xmlns="http://microsoft.com/schemas/VisualStudio/TeamTest/2010">
      <Output>
        <StdOut>Eliassen.System.Linq.ConsoleLogger`1[Eliassen.System.Linq.Search.QueryBuilder]:Information:&gt;
	Build query for CurrentPage: 0
PageSize: 0
ExcludePageCount: False
SearchTerm: (null)
	F:May: EqualTo: !

Eliassen.System.Linq.ConsoleLogger`1[Eliassen.System.Linq.Search.SortBuilder`1[Eliassen.System.Tests.Linq.TestTargets.TestTargetExtendedModel]]:Information:&gt;
	Applying default sort for Eliassen.System.Tests.Linq.TestTargets.TestTargetExtendedModel: (Index, Ascending)
Eliassen.System.Linq.ConsoleLogger`1[Eliassen.System.Linq.Search.QueryBuilder]:Information:&gt;
	Execute (paged): System.Linq.Enumerable+SelectRangeIterator`1[Eliassen.System.Tests.Linq.TestTargets.TestTargetExtendedModel].Where(n =&gt; (n.May != "")).OrderBy(n =&gt; Convert(n.Index, Object)).Skip(0).Take(10)



TestContext Messages:
SearchQuery-QueryableExtensionsTests_ExecuteByTestFilter(142)-638422962273816756.json: Attached
EnumerableQuery_1-QueryableExtensionsTests_ExecuteByTestFilter(144)-638422962273842846.json: Attached
PagedQueryResult_1-QueryableExtensionsTests_ExecuteByTestFilter(146)-638422962275801942.json: Attached
resultKeys: -1,1,2,4,5,7,8,10,11,13</StdOut>
      </Output>
      <ResultFiles>
        <ResultFile path="DESKTOP-3FN5V33\EnumerableQuery_1-QueryableExtensionsTests_ExecuteByTestFilter(144)-638422962273842846.json" />
        <ResultFile path="DESKTOP-3FN5V33\PagedQueryResult_1-QueryableExtensionsTests_ExecuteByTestFilter(146)-638422962275801942.json" />
        <ResultFile path="DESKTOP-3FN5V33\SearchQuery-QueryableExtensionsTests_ExecuteByTestFilter(142)-638422962273816756.json" />
      </ResultFiles>
    </UnitTestResult>
    <UnitTestResult executionId="9fd8269a-0336-4d95-b549-b9bb595d53f6" testId="079289e4-29ee-2b27-89d5-bd661b7267f1" testName="DeserializeTest ({&quot;_id&quot;:&quot;Hello World&quot;},Hello World)" computerName="DESKTOP-3FN5V33" duration="00:00:00.0035288" startTime="2024-01-31T11:10:23.8652953-05:00" endTime="2024-01-31T11:10:23.8690708-05:00" testType="13cdc9d9-ddb5-4fa4-a97d-d965ccfc6d4b" outcome="Passed" testListId="8c84fa94-04c1-424b-9868-57a2d4851a1d" relativeResultsDirectory="9fd8269a-0336-4d95-b549-b9bb595d53f6" xmlns="http://microsoft.com/schemas/VisualStudio/TeamTest/2010">
      <Output>
        <StdOut>TestContext Messages:
input-BsonIdConverterTests_DeserializeTest(39)-638422962238657402.json: Attached
result-BsonIdConverterTests_DeserializeTest(41)-638422962238674193.json: Attached</StdOut>
      </Output>
      <ResultFiles>
        <ResultFile path="DESKTOP-3FN5V33\input-BsonIdConverterTests_DeserializeTest(39)-638422962238657402.json" />
        <ResultFile path="DESKTOP-3FN5V33\result-BsonIdConverterTests_DeserializeTest(41)-638422962238674193.json" />
      </ResultFiles>
    </UnitTestResult>
    <UnitTestResult executionId="8baea0ab-f6ec-4565-83d2-12d6618fb7d8" testId="2f56b32e-ea97-c552-8dea-074dcb4e0dc0" testName="MakeSafeArrayTest (System.String,System.Object[],System.String[])" computerName="DESKTOP-3FN5V33" duration="00:00:00.0004958" startTime="2024-01-31T11:10:24.1918257-05:00" endTime="2024-01-31T11:10:24.1932040-05:00" testType="13cdc9d9-ddb5-4fa4-a97d-d965ccfc6d4b" outcome="Passed" testListId="8c84fa94-04c1-424b-9868-57a2d4851a1d" relativeResultsDirectory="8baea0ab-f6ec-4565-83d2-12d6618fb7d8" xmlns="http://microsoft.com/schemas/VisualStudio/TeamTest/2010" />
    <UnitTestResult executionId="7a8f2f07-f4f1-4242-8230-6de8e1f3b6c6" testId="f3383018-7bb0-86e7-cb57-311d72bf2f87" testName="GetFilterablePropertyNamesTest_TestTargetModel" computerName="DESKTOP-3FN5V33" duration="00:00:00.0025018" startTime="2024-01-31T11:10:28.5914363-05:00" endTime="2024-01-31T11:10:28.5945432-05:00" testType="13cdc9d9-ddb5-4fa4-a97d-d965ccfc6d4b" outcome="Passed" testListId="8c84fa94-04c1-424b-9868-57a2d4851a1d" relativeResultsDirectory="7a8f2f07-f4f1-4242-8230-6de8e1f3b6c6" xmlns="http://microsoft.com/schemas/VisualStudio/TeamTest/2010" />
    <UnitTestResult executionId="75b68b21-a103-4582-8fba-5651e314266b" testId="7fd160bc-3b5b-e6e2-40ae-1974536260f2" testName="TryParseTest (System.Guid,nope,False,)" computerName="DESKTOP-3FN5V33" duration="00:00:00.0001081" startTime="2024-01-31T11:10:24.1938593-05:00" endTime="2024-01-31T11:10:24.1956731-05:00" testType="13cdc9d9-ddb5-4fa4-a97d-d965ccfc6d4b" outcome="Passed" testListId="8c84fa94-04c1-424b-9868-57a2d4851a1d" relativeResultsDirectory="75b68b21-a103-4582-8fba-5651e314266b" xmlns="http://microsoft.com/schemas/VisualStudio/TeamTest/2010" />
    <UnitTestResult executionId="ea310317-9569-4a40-b916-74e4cc7a4048" testId="f90f5d2f-9a6e-b4bc-022c-ce37e3e49a29" testName="GetSortablePropertyNamesTest_TestTargetModel" computerName="DESKTOP-3FN5V33" duration="00:00:00.0020392" startTime="2024-01-31T11:10:28.6081508-05:00" endTime="2024-01-31T11:10:28.6104049-05:00" testType="13cdc9d9-ddb5-4fa4-a97d-d965ccfc6d4b" outcome="Passed" testListId="8c84fa94-04c1-424b-9868-57a2d4851a1d" relativeResultsDirectory="ea310317-9569-4a40-b916-74e4cc7a4048" xmlns="http://microsoft.com/schemas/VisualStudio/TeamTest/2010" />
    <UnitTestResult executionId="e474d9ab-135f-45fa-8f72-2317ccb6fbd1" testId="3dc461cc-f900-b7f4-a669-e9cf3ad5e21f" testName="GetResourceFromXmlAsyncTest" computerName="DESKTOP-3FN5V33" duration="00:00:00.0217594" startTime="2024-01-31T11:10:24.2139357-05:00" endTime="2024-01-31T11:10:24.2358241-05:00" testType="13cdc9d9-ddb5-4fa4-a97d-d965ccfc6d4b" outcome="Passed" testListId="8c84fa94-04c1-424b-9868-57a2d4851a1d" relativeResultsDirectory="e474d9ab-135f-45fa-8f72-2317ccb6fbd1" xmlns="http://microsoft.com/schemas/VisualStudio/TeamTest/2010" />
    <UnitTestResult executionId="4786183b-48ff-4bce-aef2-49b876530cd8" testId="926b3157-bee3-3ace-b6de-f2a9df622c6d" testName="DeserializeTest_Nullable ({&quot;Nullable&quot;:{&quot;$date&quot;:&quot;2023-07-05T14:16:32.2015217-04:00&quot;},&quot;Value&quot;:{&quot;$date&quot;:&quot;0001-01-01T00:00:00+00:00&quot;}},2023-07-05T14:16:32.2015217-04:00)" computerName="DESKTOP-3FN5V33" duration="00:00:00.0103417" startTime="2024-01-31T11:10:23.8256604-05:00" endTime="2024-01-31T11:10:23.8382778-05:00" testType="13cdc9d9-ddb5-4fa4-a97d-d965ccfc6d4b" outcome="Passed" testListId="8c84fa94-04c1-424b-9868-57a2d4851a1d" relativeResultsDirectory="4786183b-48ff-4bce-aef2-49b876530cd8" xmlns="http://microsoft.com/schemas/VisualStudio/TeamTest/2010">
      <Output>
        <StdOut>TestContext Messages:
input-BsonDateConverterTests_DeserializeTest_Nullable(64)-638422962238281427.json: Attached
result-BsonDateConverterTests_DeserializeTest_Nullable(66)-638422962238332323.json: Attached</StdOut>
      </Output>
      <ResultFiles>
        <ResultFile path="DESKTOP-3FN5V33\input-BsonDateConverterTests_DeserializeTest_Nullable(64)-638422962238281427.json" />
        <ResultFile path="DESKTOP-3FN5V33\result-BsonDateConverterTests_DeserializeTest_Nullable(66)-638422962238332323.json" />
      </ResultFiles>
    </UnitTestResult>
    <UnitTestResult executionId="bf0c1d4f-a7e2-484d-b0fb-e265e5a8067a" testId="2f56b32e-ea97-c552-8dea-074dcb4e0dc0" testName="MakeSafeArrayTest (System.Decimal,System.Object[],System.Decimal[])" computerName="DESKTOP-3FN5V33" duration="00:00:00.0001820" startTime="2024-01-31T11:10:24.1918257-05:00" endTime="2024-01-31T11:10:24.1932040-05:00" testType="13cdc9d9-ddb5-4fa4-a97d-d965ccfc6d4b" outcome="Passed" testListId="8c84fa94-04c1-424b-9868-57a2d4851a1d" relativeResultsDirectory="bf0c1d4f-a7e2-484d-b0fb-e265e5a8067a" xmlns="http://microsoft.com/schemas/VisualStudio/TeamTest/2010" />
    <UnitTestResult executionId="4ef8df43-bf3e-4217-80b5-cbc225f57a1f" testId="7fd160bc-3b5b-e6e2-40ae-1974536260f2" testName="TryParseTest (System.Nullable`1[System.Double],1,True,1)" computerName="DESKTOP-3FN5V33" duration="00:00:00.0000042" startTime="2024-01-31T11:10:24.1938593-05:00" endTime="2024-01-31T11:10:24.1956731-05:00" testType="13cdc9d9-ddb5-4fa4-a97d-d965ccfc6d4b" outcome="Passed" testListId="8c84fa94-04c1-424b-9868-57a2d4851a1d" relativeResultsDirectory="4ef8df43-bf3e-4217-80b5-cbc225f57a1f" xmlns="http://microsoft.com/schemas/VisualStudio/TeamTest/2010" />
    <UnitTestResult executionId="7293583f-1ab5-4981-a81e-46aaa8392f93" testId="b8ce6298-5288-a9c6-3afb-62b35d380a81" testName="ExecuteByTest_Filter_Range_Bounds" computerName="DESKTOP-3FN5V33" duration="00:00:00.1102935" startTime="2024-01-31T11:10:28.0901548-05:00" endTime="2024-01-31T11:10:28.2009783-05:00" testType="13cdc9d9-ddb5-4fa4-a97d-d965ccfc6d4b" outcome="Passed" testListId="8c84fa94-04c1-424b-9868-57a2d4851a1d" relativeResultsDirectory="7293583f-1ab5-4981-a81e-46aaa8392f93" xmlns="http://microsoft.com/schemas/VisualStudio/TeamTest/2010">
      <Output>
        <StdOut>Eliassen.System.Linq.ConsoleLogger`1[Eliassen.System.Linq.Search.QueryBuilder]:Information:&gt;
	Build query for CurrentPage: 0
PageSize: 0
ExcludePageCount: False
SearchTerm: (null)
	F:Date: GreaterThanOrEqualTo: 3/1/2020 12:00:00 AM 
LessThanOrEqualTo: 7/1/2020 12:00:00 AM

Eliassen.System.Linq.ConsoleLogger`1[Eliassen.System.Linq.Search.SortBuilder`1[Eliassen.System.Tests.Linq.TestTargets.TestTargetExtendedModel]]:Information:&gt;
	Applying default sort for Eliassen.System.Tests.Linq.TestTargets.TestTargetExtendedModel: (Index, Ascending)
Eliassen.System.Linq.ConsoleLogger`1[Eliassen.System.Linq.Search.QueryBuilder]:Information:&gt;
	Execute (paged): System.Linq.Enumerable+SelectRangeIterator`1[Eliassen.System.Tests.Linq.TestTargets.TestTargetExtendedModel].Where(n =&gt; ((n.Date &lt;= 7/1/2020 12:00:00 AM) AndAlso (n.Date &gt;= 3/1/2020 12:00:00 AM))).OrderBy(n =&gt; Convert(n.Index, Object)).Skip(0).Take(10)



TestContext Messages:
SearchQuery-QueryableExtensionsTests_ExecuteByTest_Filter_Range_Bounds(174)-638422962280911027.json: Attached
PagedQueryResult_1-QueryableExtensionsTests_ExecuteByTest_Filter_Range_Bounds(176)-638422962281945894.json: Attached</StdOut>
        <StdErr>Eliassen.System.Linq.ConsoleLogger`1[Eliassen.System.Linq.Expressions.ExpressionTreeBuilder`1[Eliassen.System.Tests.Linq.TestTargets.TestTargetExtendedModel]]:Warning:&gt;
	7/1/2020 12:00:00 AM parsed to 07/01/2020 00:00:00 (System.DateTime)
Eliassen.System.Linq.ConsoleLogger`1[Eliassen.System.Linq.Expressions.ExpressionTreeBuilder`1[Eliassen.System.Tests.Linq.TestTargets.TestTargetExtendedModel]]:Warning:&gt;
	3/1/2020 12:00:00 AM parsed to 03/01/2020 00:00:00 (System.DateTime)</StdErr>
      </Output>
      <ResultFiles>
        <ResultFile path="DESKTOP-3FN5V33\PagedQueryResult_1-QueryableExtensionsTests_ExecuteByTest_Filter_Range_Bounds(176)-638422962281945894.json" />
        <ResultFile path="DESKTOP-3FN5V33\SearchQuery-QueryableExtensionsTests_ExecuteByTest_Filter_Range_Bounds(174)-638422962280911027.json" />
      </ResultFiles>
    </UnitTestResult>
    <UnitTestResult executionId="19bfb3f7-7432-4f71-bf7a-48f769d45724" testId="b6498f29-1231-5fcf-4954-1746daa0500d" testName="ExecuteByTest_Filter (Eliassen.System.Tests.Linq.TestTargets.TestTargetModel,Name,EqualTo,*03,9,103,203,303,403,503,603,703,803,903)" computerName="DESKTOP-3FN5V33" duration="00:00:00.0222268" startTime="2024-01-31T11:10:24.2436838-05:00" endTime="2024-01-31T11:10:27.7575658-05:00" testType="13cdc9d9-ddb5-4fa4-a97d-d965ccfc6d4b" outcome="Passed" testListId="8c84fa94-04c1-424b-9868-57a2d4851a1d" relativeResultsDirectory="19bfb3f7-7432-4f71-bf7a-48f769d45724" xmlns="http://microsoft.com/schemas/VisualStudio/TeamTest/2010">
      <Output>
        <StdOut>Eliassen.System.Linq.ConsoleLogger`1[Eliassen.System.Linq.Search.QueryBuilder]:Information:&gt;
	Build query for CurrentPage: 0
PageSize: 0
ExcludePageCount: False
SearchTerm: (null)
	F:Name: EqualTo: *03

Eliassen.System.Linq.ConsoleLogger`1[Eliassen.System.Linq.Search.QueryBuilder]:Information:&gt;
	Execute (paged): System.Linq.Enumerable+SelectRangeIterator`1[Eliassen.System.Tests.Linq.TestTargets.TestTargetModel].Where(n =&gt; n.Name.EndsWith("03")).OrderBy(_ =&gt; 0).Skip(0).Take(10)



TestContext Messages:
SearchQuery-QueryableExtensionsTests_ExecuteByTestFilter(142)-638422962246867193.json: Attached
EnumerableQuery_1-QueryableExtensionsTests_ExecuteByTestFilter(144)-638422962246894520.json: Attached
PagedQueryResult_1-QueryableExtensionsTests_ExecuteByTestFilter(146)-638422962247035807.json: Attached
resultKeys: 103,203,303,403,503,603,703,803,903</StdOut>
        <StdErr>Eliassen.System.Linq.ConsoleLogger`1[Eliassen.System.Linq.Search.SortBuilder`1[Eliassen.System.Tests.Linq.TestTargets.TestTargetModel]]:Warning:&gt;
	Force sort by 0 applied for Eliassen.System.Tests.Linq.TestTargets.TestTargetModel</StdErr>
      </Output>
      <ResultFiles>
        <ResultFile path="DESKTOP-3FN5V33\EnumerableQuery_1-QueryableExtensionsTests_ExecuteByTestFilter(144)-638422962246894520.json" />
        <ResultFile path="DESKTOP-3FN5V33\PagedQueryResult_1-QueryableExtensionsTests_ExecuteByTestFilter(146)-638422962247035807.json" />
        <ResultFile path="DESKTOP-3FN5V33\SearchQuery-QueryableExtensionsTests_ExecuteByTestFilter(142)-638422962246867193.json" />
      </ResultFiles>
    </UnitTestResult>
    <UnitTestResult executionId="07b5e490-91fb-4157-9b4e-f4de47235a7e" testId="e350703c-47df-56f0-b995-a52c38b53eca" testName="MakeSafeTest (System.Decimal,nope,)" computerName="DESKTOP-3FN5V33" duration="00:00:00.0001750" startTime="2024-01-31T11:10:24.0534228-05:00" endTime="2024-01-31T11:10:24.1863293-05:00" testType="13cdc9d9-ddb5-4fa4-a97d-d965ccfc6d4b" outcome="Passed" testListId="8c84fa94-04c1-424b-9868-57a2d4851a1d" relativeResultsDirectory="07b5e490-91fb-4157-9b4e-f4de47235a7e" xmlns="http://microsoft.com/schemas/VisualStudio/TeamTest/2010" />
    <UnitTestResult executionId="a1480ebc-0381-47cf-80c9-46533b911d64" testId="e350703c-47df-56f0-b995-a52c38b53eca" testName="MakeSafeTest (System.Nullable`1[System.AttributeTargets],nope,)" computerName="DESKTOP-3FN5V33" duration="00:00:00.0001415" startTime="2024-01-31T11:10:24.0534228-05:00" endTime="2024-01-31T11:10:24.1863293-05:00" testType="13cdc9d9-ddb5-4fa4-a97d-d965ccfc6d4b" outcome="Passed" testListId="8c84fa94-04c1-424b-9868-57a2d4851a1d" relativeResultsDirectory="a1480ebc-0381-47cf-80c9-46533b911d64" xmlns="http://microsoft.com/schemas/VisualStudio/TeamTest/2010" />
    <UnitTestResult executionId="b2ad67cf-4d76-4ab9-a580-111b907599e4" testId="b6498f29-1231-5fcf-4954-1746daa0500d" testName="ExecuteByTest_Filter (Eliassen.System.Tests.Linq.TestTargets.TestTargetExtendedModel,Date,LessThanOrEqualTo,3/1/2020,4,-1,0,1,2)" computerName="DESKTOP-3FN5V33" duration="00:00:00.1815408" startTime="2024-01-31T11:10:24.2436838-05:00" endTime="2024-01-31T11:10:27.7575658-05:00" testType="13cdc9d9-ddb5-4fa4-a97d-d965ccfc6d4b" outcome="Passed" testListId="8c84fa94-04c1-424b-9868-57a2d4851a1d" relativeResultsDirectory="b2ad67cf-4d76-4ab9-a580-111b907599e4" xmlns="http://microsoft.com/schemas/VisualStudio/TeamTest/2010">
      <Output>
        <StdOut>Eliassen.System.Linq.ConsoleLogger`1[Eliassen.System.Linq.Search.QueryBuilder]:Information:&gt;
	Build query for CurrentPage: 0
PageSize: 0
ExcludePageCount: False
SearchTerm: (null)
	F:Date: LessThanOrEqualTo: 3/1/2020

Eliassen.System.Linq.ConsoleLogger`1[Eliassen.System.Linq.Search.SortBuilder`1[Eliassen.System.Tests.Linq.TestTargets.TestTargetExtendedModel]]:Information:&gt;
	Applying default sort for Eliassen.System.Tests.Linq.TestTargets.TestTargetExtendedModel: (Index, Ascending)
Eliassen.System.Linq.ConsoleLogger`1[Eliassen.System.Linq.Search.QueryBuilder]:Information:&gt;
	Execute (paged): System.Linq.Enumerable+SelectRangeIterator`1[Eliassen.System.Tests.Linq.TestTargets.TestTargetExtendedModel].Where(n =&gt; (n.Date &lt;= 3/1/2020 12:00:00 AM)).OrderBy(n =&gt; Convert(n.Index, Object)).Skip(0).Take(10)



TestContext Messages:
SearchQuery-QueryableExtensionsTests_ExecuteByTestFilter(142)-638422962264015721.json: Attached
EnumerableQuery_1-QueryableExtensionsTests_ExecuteByTestFilter(144)-638422962264052655.json: Attached
PagedQueryResult_1-QueryableExtensionsTests_ExecuteByTestFilter(146)-638422962265725600.json: Attached
resultKeys: -1,0,1,2</StdOut>
        <StdErr>Eliassen.System.Linq.ConsoleLogger`1[Eliassen.System.Linq.Expressions.ExpressionTreeBuilder`1[Eliassen.System.Tests.Linq.TestTargets.TestTargetExtendedModel]]:Warning:&gt;
	3/1/2020 parsed to 03/01/2020 00:00:00 (System.DateTime)</StdErr>
      </Output>
      <ResultFiles>
        <ResultFile path="DESKTOP-3FN5V33\EnumerableQuery_1-QueryableExtensionsTests_ExecuteByTestFilter(144)-638422962264052655.json" />
        <ResultFile path="DESKTOP-3FN5V33\PagedQueryResult_1-QueryableExtensionsTests_ExecuteByTestFilter(146)-638422962265725600.json" />
        <ResultFile path="DESKTOP-3FN5V33\SearchQuery-QueryableExtensionsTests_ExecuteByTestFilter(142)-638422962264015721.json" />
      </ResultFiles>
    </UnitTestResult>
    <UnitTestResult executionId="6646f39f-77dd-44a9-a674-2322a81c1bc6" testId="c3599795-8bf1-da30-66da-ee7de44c4074" testName="VisitTest_EndsWith (Hello,lo,True)" computerName="DESKTOP-3FN5V33" duration="00:00:00.0003304" startTime="2024-01-31T11:10:28.6804819-05:00" endTime="2024-01-31T11:10:28.6821265-05:00" testType="13cdc9d9-ddb5-4fa4-a97d-d965ccfc6d4b" outcome="Passed" testListId="8c84fa94-04c1-424b-9868-57a2d4851a1d" relativeResultsDirectory="6646f39f-77dd-44a9-a674-2322a81c1bc6" xmlns="http://microsoft.com/schemas/VisualStudio/TeamTest/2010">
      <Output>
        <StdOut>Eliassen.System.Linq.ConsoleLogger`1[Eliassen.System.Linq.Expressions.StringComparisonReplacementExpressionVisitor]:Debug:&gt;
	Replace: e.EndsWith(value(Eliassen.System.Tests.Linq.Expressions.StringComparisonReplacementExpressionVisitorTests+&lt;&gt;c__DisplayClass8_0).matched) with e.EndsWith(value(Eliassen.System.Tests.Linq.Expressions.StringComparisonReplacementExpressionVisitorTests+&lt;&gt;c__DisplayClass8_0).matched, CurrentCultureIgnoreCase)



TestContext Messages:
expression: e =&gt; e.EndsWith(value(Eliassen.System.Tests.Linq.Expressions.StringComparisonReplacementExpressionVisitorTests+&lt;&gt;c__DisplayClass8_0).matched)
visited: e =&gt; e.EndsWith(value(Eliassen.System.Tests.Linq.Expressions.StringComparisonReplacementExpressionVisitorTests+&lt;&gt;c__DisplayClass8_0).matched, CurrentCultureIgnoreCase)</StdOut>
      </Output>
    </UnitTestResult>
    <UnitTestResult executionId="b34a986c-2f34-4b4b-a63c-adc66600af8e" testId="b6498f29-1231-5fcf-4954-1746daa0500d" testName="ExecuteByTest_Filter (Eliassen.System.Tests.Linq.TestTargets.TestTargetModel,Index,NotEqualTo,1,10,0,2,3,4,5,6,7,8,9,10)" computerName="DESKTOP-3FN5V33" duration="00:00:00.0206572" startTime="2024-01-31T11:10:24.2436838-05:00" endTime="2024-01-31T11:10:27.7575658-05:00" testType="13cdc9d9-ddb5-4fa4-a97d-d965ccfc6d4b" outcome="Passed" testListId="8c84fa94-04c1-424b-9868-57a2d4851a1d" relativeResultsDirectory="b34a986c-2f34-4b4b-a63c-adc66600af8e" xmlns="http://microsoft.com/schemas/VisualStudio/TeamTest/2010">
      <Output>
        <StdOut>Eliassen.System.Linq.ConsoleLogger`1[Eliassen.System.Linq.Search.QueryBuilder]:Information:&gt;
	Build query for CurrentPage: 0
PageSize: 0
ExcludePageCount: False
SearchTerm: (null)
	F:Index: NotEqualTo: 1

Eliassen.System.Linq.ConsoleLogger`1[Eliassen.System.Linq.Search.QueryBuilder]:Information:&gt;
	Execute (paged): System.Linq.Enumerable+SelectRangeIterator`1[Eliassen.System.Tests.Linq.TestTargets.TestTargetModel].Where(n =&gt; (n.Index != 1)).OrderBy(_ =&gt; 0).Skip(0).Take(10)



TestContext Messages:
SearchQuery-QueryableExtensionsTests_ExecuteByTestFilter(142)-638422962248099767.json: Attached
EnumerableQuery_1-QueryableExtensionsTests_ExecuteByTestFilter(144)-638422962248128622.json: Attached
PagedQueryResult_1-QueryableExtensionsTests_ExecuteByTestFilter(146)-638422962248237546.json: Attached
resultKeys: 0,2,3,4,5,6,7,8,9,10</StdOut>
        <StdErr>Eliassen.System.Linq.ConsoleLogger`1[Eliassen.System.Linq.Expressions.ExpressionTreeBuilder`1[Eliassen.System.Tests.Linq.TestTargets.TestTargetModel]]:Warning:&gt;
	1 parsed to 1 (System.Int32)
Eliassen.System.Linq.ConsoleLogger`1[Eliassen.System.Linq.Search.SortBuilder`1[Eliassen.System.Tests.Linq.TestTargets.TestTargetModel]]:Warning:&gt;
	Force sort by 0 applied for Eliassen.System.Tests.Linq.TestTargets.TestTargetModel</StdErr>
      </Output>
      <ResultFiles>
        <ResultFile path="DESKTOP-3FN5V33\EnumerableQuery_1-QueryableExtensionsTests_ExecuteByTestFilter(144)-638422962248128622.json" />
        <ResultFile path="DESKTOP-3FN5V33\PagedQueryResult_1-QueryableExtensionsTests_ExecuteByTestFilter(146)-638422962248237546.json" />
        <ResultFile path="DESKTOP-3FN5V33\SearchQuery-QueryableExtensionsTests_ExecuteByTestFilter(142)-638422962248099767.json" />
      </ResultFiles>
    </UnitTestResult>
    <UnitTestResult executionId="f45bcf2d-9f67-4d97-aa93-6a92d7cc6fc6" testId="9576cb6d-ffa5-4a23-9c7a-c5c6b213d46b" testName="GetResourceStreamTest_NotFound" computerName="DESKTOP-3FN5V33" duration="00:00:00.0001965" startTime="2024-01-31T11:10:24.2057405-05:00" endTime="2024-01-31T11:10:24.2060188-05:00" testType="13cdc9d9-ddb5-4fa4-a97d-d965ccfc6d4b" outcome="Passed" testListId="8c84fa94-04c1-424b-9868-57a2d4851a1d" relativeResultsDirectory="f45bcf2d-9f67-4d97-aa93-6a92d7cc6fc6" xmlns="http://microsoft.com/schemas/VisualStudio/TeamTest/2010" />
    <UnitTestResult executionId="64e2fc3e-712f-43f4-a391-9cf4ff4f90de" testId="b6498f29-1231-5fcf-4954-1746daa0500d" testName="ExecuteByTest_Filter (Eliassen.System.Tests.Linq.TestTargets.TestTargetExtendedModel,Date,LessThan,2020-03-01,3,-1,0,1)" computerName="DESKTOP-3FN5V33" duration="00:00:00.1433239" startTime="2024-01-31T11:10:24.2436838-05:00" endTime="2024-01-31T11:10:27.7575658-05:00" testType="13cdc9d9-ddb5-4fa4-a97d-d965ccfc6d4b" outcome="Passed" testListId="8c84fa94-04c1-424b-9868-57a2d4851a1d" relativeResultsDirectory="64e2fc3e-712f-43f4-a391-9cf4ff4f90de" xmlns="http://microsoft.com/schemas/VisualStudio/TeamTest/2010">
      <Output>
        <StdOut>Eliassen.System.Linq.ConsoleLogger`1[Eliassen.System.Linq.Search.QueryBuilder]:Information:&gt;
	Build query for CurrentPage: 0
PageSize: 0
ExcludePageCount: False
SearchTerm: (null)
	F:Date: LessThan: 2020-03-01

Eliassen.System.Linq.ConsoleLogger`1[Eliassen.System.Linq.Search.SortBuilder`1[Eliassen.System.Tests.Linq.TestTargets.TestTargetExtendedModel]]:Information:&gt;
	Applying default sort for Eliassen.System.Tests.Linq.TestTargets.TestTargetExtendedModel: (Index, Ascending)
Eliassen.System.Linq.ConsoleLogger`1[Eliassen.System.Linq.Search.QueryBuilder]:Information:&gt;
	Execute (paged): System.Linq.Enumerable+SelectRangeIterator`1[Eliassen.System.Tests.Linq.TestTargets.TestTargetExtendedModel].Where(n =&gt; (n.Date &lt; 3/1/2020 12:00:00 AM)).OrderBy(n =&gt; Convert(n.Index, Object)).Skip(0).Take(10)



TestContext Messages:
SearchQuery-QueryableExtensionsTests_ExecuteByTestFilter(142)-638422962255418871.json: Attached
EnumerableQuery_1-QueryableExtensionsTests_ExecuteByTestFilter(144)-638422962255443834.json: Attached
PagedQueryResult_1-QueryableExtensionsTests_ExecuteByTestFilter(146)-638422962256759349.json: Attached
resultKeys: -1,0,1</StdOut>
        <StdErr>Eliassen.System.Linq.ConsoleLogger`1[Eliassen.System.Linq.Expressions.ExpressionTreeBuilder`1[Eliassen.System.Tests.Linq.TestTargets.TestTargetExtendedModel]]:Warning:&gt;
	2020-03-01 parsed to 03/01/2020 00:00:00 (System.DateTime)</StdErr>
      </Output>
      <ResultFiles>
        <ResultFile path="DESKTOP-3FN5V33\EnumerableQuery_1-QueryableExtensionsTests_ExecuteByTestFilter(144)-638422962255443834.json" />
        <ResultFile path="DESKTOP-3FN5V33\PagedQueryResult_1-QueryableExtensionsTests_ExecuteByTestFilter(146)-638422962256759349.json" />
        <ResultFile path="DESKTOP-3FN5V33\SearchQuery-QueryableExtensionsTests_ExecuteByTestFilter(142)-638422962255418871.json" />
      </ResultFiles>
    </UnitTestResult>
    <UnitTestResult executionId="0f799518-1a24-4693-9868-7a53b6500d60" testId="d8d8a1a1-adc8-f6f3-d3ba-c826da19378d" testName="VisitTest_EndsWith (Hello,Lo,True)" computerName="DESKTOP-3FN5V33" duration="00:00:00.0008090" startTime="2024-01-31T11:10:28.6764844-05:00" endTime="2024-01-31T11:10:28.6775334-05:00" testType="13cdc9d9-ddb5-4fa4-a97d-d965ccfc6d4b" outcome="Passed" testListId="8c84fa94-04c1-424b-9868-57a2d4851a1d" relativeResultsDirectory="0f799518-1a24-4693-9868-7a53b6500d60" xmlns="http://microsoft.com/schemas/VisualStudio/TeamTest/2010">
      <Output>
        <StdOut>Eliassen.System.Linq.ConsoleLogger`1[Eliassen.System.Linq.Expressions.StringComparisonReplacementExpressionVisitor]:Debug:&gt;
	Replace: e.EndsWith(value(Eliassen.System.Tests.Linq.Expressions.StringComparisonReplacementExpressionVisitorTests+&lt;&gt;c__DisplayClass8_0).matched) with e.EndsWith(value(Eliassen.System.Tests.Linq.Expressions.StringComparisonReplacementExpressionVisitorTests+&lt;&gt;c__DisplayClass8_0).matched, CurrentCultureIgnoreCase)



TestContext Messages:
expression: e =&gt; e.EndsWith(value(Eliassen.System.Tests.Linq.Expressions.StringComparisonReplacementExpressionVisitorTests+&lt;&gt;c__DisplayClass8_0).matched)
visited: e =&gt; e.EndsWith(value(Eliassen.System.Tests.Linq.Expressions.StringComparisonReplacementExpressionVisitorTests+&lt;&gt;c__DisplayClass8_0).matched, CurrentCultureIgnoreCase)</StdOut>
      </Output>
    </UnitTestResult>
    <UnitTestResult executionId="aab9441a-69cf-4adc-9d5e-927ab1051741" testId="b98e3996-7a57-2553-4abf-fb122643f31e" testName="ToEnumTest (4,WithEnumValue)" computerName="DESKTOP-3FN5V33" duration="00:00:00.0000099" startTime="2024-01-31T11:10:24.0318337-05:00" endTime="2024-01-31T11:10:24.0319919-05:00" testType="13cdc9d9-ddb5-4fa4-a97d-d965ccfc6d4b" outcome="Passed" testListId="8c84fa94-04c1-424b-9868-57a2d4851a1d" relativeResultsDirectory="aab9441a-69cf-4adc-9d5e-927ab1051741" xmlns="http://microsoft.com/schemas/VisualStudio/TeamTest/2010" />
    <UnitTestResult executionId="d628a0c8-9528-4aa5-9be1-7c896c63318a" testId="a4cc6556-4b38-556d-d138-b0c8009279f3" testName="VisitTest_EndsWith (Hello,lO,True)" computerName="DESKTOP-3FN5V33" duration="00:00:00.0014670" startTime="2024-01-31T11:10:28.6735048-05:00" endTime="2024-01-31T11:10:28.6752741-05:00" testType="13cdc9d9-ddb5-4fa4-a97d-d965ccfc6d4b" outcome="Passed" testListId="8c84fa94-04c1-424b-9868-57a2d4851a1d" relativeResultsDirectory="d628a0c8-9528-4aa5-9be1-7c896c63318a" xmlns="http://microsoft.com/schemas/VisualStudio/TeamTest/2010">
      <Output>
        <StdOut>Eliassen.System.Linq.ConsoleLogger`1[Eliassen.System.Linq.Expressions.StringComparisonReplacementExpressionVisitor]:Debug:&gt;
	Replace: e.EndsWith(value(Eliassen.System.Tests.Linq.Expressions.StringComparisonReplacementExpressionVisitorTests+&lt;&gt;c__DisplayClass8_0).matched) with e.EndsWith(value(Eliassen.System.Tests.Linq.Expressions.StringComparisonReplacementExpressionVisitorTests+&lt;&gt;c__DisplayClass8_0).matched, CurrentCultureIgnoreCase)



TestContext Messages:
expression: e =&gt; e.EndsWith(value(Eliassen.System.Tests.Linq.Expressions.StringComparisonReplacementExpressionVisitorTests+&lt;&gt;c__DisplayClass8_0).matched)
visited: e =&gt; e.EndsWith(value(Eliassen.System.Tests.Linq.Expressions.StringComparisonReplacementExpressionVisitorTests+&lt;&gt;c__DisplayClass8_0).matched, CurrentCultureIgnoreCase)</StdOut>
      </Output>
    </UnitTestResult>
    <UnitTestResult executionId="b96c802d-69fa-4cef-83c7-5675ef8dcb0c" testId="b6498f29-1231-5fcf-4954-1746daa0500d" testName="ExecuteByTest_Filter (Eliassen.System.Tests.Linq.TestTargets.TestTargetModel,index,EqualTo,!1,10,0,2,3,4,5,6,7,8,9,10)" computerName="DESKTOP-3FN5V33" duration="00:00:00.0263679" startTime="2024-01-31T11:10:24.2436838-05:00" endTime="2024-01-31T11:10:27.7575658-05:00" testType="13cdc9d9-ddb5-4fa4-a97d-d965ccfc6d4b" outcome="Passed" testListId="8c84fa94-04c1-424b-9868-57a2d4851a1d" relativeResultsDirectory="b96c802d-69fa-4cef-83c7-5675ef8dcb0c" xmlns="http://microsoft.com/schemas/VisualStudio/TeamTest/2010">
      <Output>
        <StdOut>Eliassen.System.Linq.ConsoleLogger`1[Eliassen.System.Linq.Search.QueryBuilder]:Information:&gt;
	Build query for CurrentPage: 0
PageSize: 0
ExcludePageCount: False
SearchTerm: (null)
	F:index: EqualTo: !1

Eliassen.System.Linq.ConsoleLogger`1[Eliassen.System.Linq.Search.QueryBuilder]:Information:&gt;
	Execute (paged): System.Linq.Enumerable+SelectRangeIterator`1[Eliassen.System.Tests.Linq.TestTargets.TestTargetModel].Where(n =&gt; (n.Index != 1)).OrderBy(_ =&gt; 0).Skip(0).Take(10)



TestContext Messages:
SearchQuery-QueryableExtensionsTests_ExecuteByTestFilter(142)-638422962243520009.json: Attached
EnumerableQuery_1-QueryableExtensionsTests_ExecuteByTestFilter(144)-638422962243578101.json: Attached
PagedQueryResult_1-QueryableExtensionsTests_ExecuteByTestFilter(146)-638422962243716215.json: Attached
resultKeys: 0,2,3,4,5,6,7,8,9,10</StdOut>
        <StdErr>Eliassen.System.Linq.ConsoleLogger`1[Eliassen.System.Linq.Expressions.ExpressionTreeBuilder`1[Eliassen.System.Tests.Linq.TestTargets.TestTargetModel]]:Warning:&gt;
	1 parsed to 1 (System.Int32)
Eliassen.System.Linq.ConsoleLogger`1[Eliassen.System.Linq.Search.SortBuilder`1[Eliassen.System.Tests.Linq.TestTargets.TestTargetModel]]:Warning:&gt;
	Force sort by 0 applied for Eliassen.System.Tests.Linq.TestTargets.TestTargetModel</StdErr>
      </Output>
      <ResultFiles>
        <ResultFile path="DESKTOP-3FN5V33\EnumerableQuery_1-QueryableExtensionsTests_ExecuteByTestFilter(144)-638422962243578101.json" />
        <ResultFile path="DESKTOP-3FN5V33\PagedQueryResult_1-QueryableExtensionsTests_ExecuteByTestFilter(146)-638422962243716215.json" />
        <ResultFile path="DESKTOP-3FN5V33\SearchQuery-QueryableExtensionsTests_ExecuteByTestFilter(142)-638422962243520009.json" />
      </ResultFiles>
    </UnitTestResult>
    <UnitTestResult executionId="5c90b148-647c-48a8-8f44-22777601293b" testId="47e6ed14-b917-99ad-5b18-0068efac17a3" testName="VisitTest_Equals (Hello,,False)" computerName="DESKTOP-3FN5V33" duration="00:00:00.0006136" startTime="2024-01-31T11:10:28.6308568-05:00" endTime="2024-01-31T11:10:28.6317581-05:00" testType="13cdc9d9-ddb5-4fa4-a97d-d965ccfc6d4b" outcome="Passed" testListId="8c84fa94-04c1-424b-9868-57a2d4851a1d" relativeResultsDirectory="5c90b148-647c-48a8-8f44-22777601293b" xmlns="http://microsoft.com/schemas/VisualStudio/TeamTest/2010">
      <Output>
        <StdOut>TestContext Messages:
expression: e =&gt; e.Equals(value(Eliassen.System.Tests.Linq.Expressions.SkipInstanceMethodOnNullExpressionVisitorTests+&lt;&gt;c__DisplayClass4_0).matched)
visited: e =&gt; ((e != null) AndAlso e.Equals(value(Eliassen.System.Tests.Linq.Expressions.SkipInstanceMethodOnNullExpressionVisitorTests+&lt;&gt;c__DisplayClass4_0).matched))
result: False</StdOut>
      </Output>
    </UnitTestResult>
    <UnitTestResult executionId="3dac6cb9-ec91-477a-bd6c-834ab722a0bb" testId="f664882a-a952-a76f-bc8f-fcf0578ff20f" testName="GetResourceFromJsonAsyncTest" computerName="DESKTOP-3FN5V33" duration="00:00:00.0055467" startTime="2024-01-31T11:10:24.2065610-05:00" endTime="2024-01-31T11:10:24.2122229-05:00" testType="13cdc9d9-ddb5-4fa4-a97d-d965ccfc6d4b" outcome="Passed" testListId="8c84fa94-04c1-424b-9868-57a2d4851a1d" relativeResultsDirectory="3dac6cb9-ec91-477a-bd6c-834ab722a0bb" xmlns="http://microsoft.com/schemas/VisualStudio/TeamTest/2010" />
    <UnitTestResult executionId="5b79e10d-00ef-46b3-910e-961fcdc8cb46" testId="e350703c-47df-56f0-b995-a52c38b53eca" testName="MakeSafeTest (System.String,1,1)" computerName="DESKTOP-3FN5V33" duration="00:00:00.0003999" startTime="2024-01-31T11:10:24.0534228-05:00" endTime="2024-01-31T11:10:24.1863293-05:00" testType="13cdc9d9-ddb5-4fa4-a97d-d965ccfc6d4b" outcome="Passed" testListId="8c84fa94-04c1-424b-9868-57a2d4851a1d" relativeResultsDirectory="5b79e10d-00ef-46b3-910e-961fcdc8cb46" xmlns="http://microsoft.com/schemas/VisualStudio/TeamTest/2010" />
    <UnitTestResult executionId="1603852c-215d-42ad-a889-5b2ffa1980a1" testId="e350703c-47df-56f0-b995-a52c38b53eca" testName="MakeSafeTest (System.Int32,nope,)" computerName="DESKTOP-3FN5V33" duration="00:00:00.0010500" startTime="2024-01-31T11:10:24.0534228-05:00" endTime="2024-01-31T11:10:24.1863293-05:00" testType="13cdc9d9-ddb5-4fa4-a97d-d965ccfc6d4b" outcome="Passed" testListId="8c84fa94-04c1-424b-9868-57a2d4851a1d" relativeResultsDirectory="1603852c-215d-42ad-a889-5b2ffa1980a1" xmlns="http://microsoft.com/schemas/VisualStudio/TeamTest/2010" />
    <UnitTestResult executionId="98f6a80e-52af-4f62-9f7b-d78dcd4cc108" testId="e350703c-47df-56f0-b995-a52c38b53eca" testName="MakeSafeTest (System.Nullable`1[System.Double],1,1)" computerName="DESKTOP-3FN5V33" duration="00:00:00.0002993" startTime="2024-01-31T11:10:24.0534228-05:00" endTime="2024-01-31T11:10:24.1863293-05:00" testType="13cdc9d9-ddb5-4fa4-a97d-d965ccfc6d4b" outcome="Passed" testListId="8c84fa94-04c1-424b-9868-57a2d4851a1d" relativeResultsDirectory="98f6a80e-52af-4f62-9f7b-d78dcd4cc108" xmlns="http://microsoft.com/schemas/VisualStudio/TeamTest/2010" />
    <UnitTestResult executionId="308750ef-ae85-4ce8-a8ee-5ecfbee95ecf" testId="1410527d-0c96-dadb-f7e7-8873031591f5" testName="DeserializeTest_Value ({&quot;Nullable&quot;:null,&quot;Value&quot;:{&quot;$date&quot;:&quot;2023-07-05T14:17:05.2315812-04:00&quot;}},2023-07-05T14:17:05.2315812-04:00)" computerName="DESKTOP-3FN5V33" duration="00:00:00.0035754" startTime="2024-01-31T11:10:23.8489287-05:00" endTime="2024-01-31T11:10:23.8528819-05:00" testType="13cdc9d9-ddb5-4fa4-a97d-d965ccfc6d4b" outcome="Passed" testListId="8c84fa94-04c1-424b-9868-57a2d4851a1d" relativeResultsDirectory="308750ef-ae85-4ce8-a8ee-5ecfbee95ecf" xmlns="http://microsoft.com/schemas/VisualStudio/TeamTest/2010">
      <Output>
        <StdOut>TestContext Messages:
input-BsonDateConverterTests_DeserializeTest_Value(78)-638422962238493093.json: Attached
result-BsonDateConverterTests_DeserializeTest_Value(80)-638422962238508350.json: Attached</StdOut>
      </Output>
      <ResultFiles>
        <ResultFile path="DESKTOP-3FN5V33\input-BsonDateConverterTests_DeserializeTest_Value(78)-638422962238493093.json" />
        <ResultFile path="DESKTOP-3FN5V33\result-BsonDateConverterTests_DeserializeTest_Value(80)-638422962238508350.json" />
      </ResultFiles>
    </UnitTestResult>
    <UnitTestResult executionId="87ce965a-6db7-4580-ae89-8ead144b53df" testId="7fd160bc-3b5b-e6e2-40ae-1974536260f2" testName="TryParseTest (System.Decimal,1,True,1)" computerName="DESKTOP-3FN5V33" duration="00:00:00.0000068" startTime="2024-01-31T11:10:24.1938593-05:00" endTime="2024-01-31T11:10:24.1956731-05:00" testType="13cdc9d9-ddb5-4fa4-a97d-d965ccfc6d4b" outcome="Passed" testListId="8c84fa94-04c1-424b-9868-57a2d4851a1d" relativeResultsDirectory="87ce965a-6db7-4580-ae89-8ead144b53df" xmlns="http://microsoft.com/schemas/VisualStudio/TeamTest/2010" />
    <UnitTestResult executionId="d40715c0-956e-450f-af20-fc066c82b400" testId="e350703c-47df-56f0-b995-a52c38b53eca" testName="MakeSafeTest (System.Int32,1,1)" computerName="DESKTOP-3FN5V33" duration="00:00:00.0000770" startTime="2024-01-31T11:10:24.0534228-05:00" endTime="2024-01-31T11:10:24.1863293-05:00" testType="13cdc9d9-ddb5-4fa4-a97d-d965ccfc6d4b" outcome="Passed" testListId="8c84fa94-04c1-424b-9868-57a2d4851a1d" relativeResultsDirectory="d40715c0-956e-450f-af20-fc066c82b400" xmlns="http://microsoft.com/schemas/VisualStudio/TeamTest/2010" />
    <UnitTestResult executionId="b9ec9a7f-7e95-4f91-ba62-fd78f33a5a25" testId="9b540bb1-ae17-7eac-3c61-74d42cb389dc" testName="ToEnumTest (Val2|Val1,Val1, Val2)" computerName="DESKTOP-3FN5V33" duration="00:00:00.0000269" startTime="2024-01-31T11:10:24.0254676-05:00" endTime="2024-01-31T11:10:24.0258096-05:00" testType="13cdc9d9-ddb5-4fa4-a97d-d965ccfc6d4b" outcome="Passed" testListId="8c84fa94-04c1-424b-9868-57a2d4851a1d" relativeResultsDirectory="b9ec9a7f-7e95-4f91-ba62-fd78f33a5a25" xmlns="http://microsoft.com/schemas/VisualStudio/TeamTest/2010" />
    <UnitTestResult executionId="06bacd91-3d8c-41fb-a569-85165ad9d5d1" testId="9b499371-3d81-4de1-39e7-a6dc89eba13c" testName="ToEnumTest (1,Val1)" computerName="DESKTOP-3FN5V33" duration="00:00:00.0000134" startTime="2024-01-31T11:10:24.0289271-05:00" endTime="2024-01-31T11:10:24.0291537-05:00" testType="13cdc9d9-ddb5-4fa4-a97d-d965ccfc6d4b" outcome="Passed" testListId="8c84fa94-04c1-424b-9868-57a2d4851a1d" relativeResultsDirectory="06bacd91-3d8c-41fb-a569-85165ad9d5d1" xmlns="http://microsoft.com/schemas/VisualStudio/TeamTest/2010" />
    <UnitTestResult executionId="7cb57f60-95ca-4d24-b1c2-dc5834bf939d" testId="c2c5d20e-1a87-0e89-b840-4da7e6550d8e" testName="ExecuteByTest_Page (1,-1,,,,1000,)" computerName="DESKTOP-3FN5V33" duration="00:00:00.0219419" startTime="2024-01-31T11:10:28.5131083-05:00" endTime="2024-01-31T11:10:28.5355735-05:00" testType="13cdc9d9-ddb5-4fa4-a97d-d965ccfc6d4b" outcome="Passed" testListId="8c84fa94-04c1-424b-9868-57a2d4851a1d" relativeResultsDirectory="7cb57f60-95ca-4d24-b1c2-dc5834bf939d" xmlns="http://microsoft.com/schemas/VisualStudio/TeamTest/2010">
      <Output>
        <StdOut>Eliassen.System.Linq.ConsoleLogger`1[Eliassen.System.Linq.Search.QueryBuilder]:Information:&gt;
	Build query for CurrentPage: 1
PageSize: -1
ExcludePageCount: False
SearchTerm: (null)

Eliassen.System.Linq.ConsoleLogger`1[Eliassen.System.Linq.Search.QueryBuilder]:Information:&gt;
	Execute : System.Linq.Enumerable+SelectRangeIterator`1[Eliassen.System.Tests.Linq.TestTargets.TestTargetModel].OrderBy(_ =&gt; 0)



TestContext Messages:
SearchQuery-QueryableExtensionsTests_ExecuteByTest_Page(296)-638422962285135348.json: Attached
EnumerableQuery_1-QueryableExtensionsTests_ExecuteByTest_Page(298)-638422962285169865.json: Attached
QueryResult_1-QueryableExtensionsTests_ExecuteByTest_Page(300)-638422962285267121.json: Attached</StdOut>
        <StdErr>Eliassen.System.Linq.ConsoleLogger`1[Eliassen.System.Linq.Search.QueryBuilder]:Warning:&gt;
	No filtering detected: System.Linq.Enumerable+SelectRangeIterator`1[Eliassen.System.Tests.Linq.TestTargets.TestTargetModel]: CurrentPage: 1
PageSize: -1
ExcludePageCount: False
SearchTerm: (null)

Eliassen.System.Linq.ConsoleLogger`1[Eliassen.System.Linq.Search.SortBuilder`1[Eliassen.System.Tests.Linq.TestTargets.TestTargetModel]]:Warning:&gt;
	Force sort by 0 applied for Eliassen.System.Tests.Linq.TestTargets.TestTargetModel</StdErr>
      </Output>
      <ResultFiles>
        <ResultFile path="DESKTOP-3FN5V33\EnumerableQuery_1-QueryableExtensionsTests_ExecuteByTest_Page(298)-638422962285169865.json" />
        <ResultFile path="DESKTOP-3FN5V33\QueryResult_1-QueryableExtensionsTests_ExecuteByTest_Page(300)-638422962285267121.json" />
        <ResultFile path="DESKTOP-3FN5V33\SearchQuery-QueryableExtensionsTests_ExecuteByTest_Page(296)-638422962285135348.json" />
      </ResultFiles>
    </UnitTestResult>
    <UnitTestResult executionId="973be04e-655c-4747-9a68-d671f59a2b1c" testId="e350703c-47df-56f0-b995-a52c38b53eca" testName="MakeSafeTest (System.DateTime,3/16/2022 12:00:00 AM,3/16/2022 12:00:00 AM)" computerName="DESKTOP-3FN5V33" duration="00:00:00.0001143" startTime="2024-01-31T11:10:24.0534228-05:00" endTime="2024-01-31T11:10:24.1863293-05:00" testType="13cdc9d9-ddb5-4fa4-a97d-d965ccfc6d4b" outcome="Passed" testListId="8c84fa94-04c1-424b-9868-57a2d4851a1d" relativeResultsDirectory="973be04e-655c-4747-9a68-d671f59a2b1c" xmlns="http://microsoft.com/schemas/VisualStudio/TeamTest/2010" />
    <UnitTestResult executionId="c69656f5-15d8-4721-a0db-01fd75672b70" testId="b6498f29-1231-5fcf-4954-1746daa0500d" testName="ExecuteByTest_Filter (Eliassen.System.Tests.Linq.TestTargets.TestTargetExtendedModel,Date,GreaterThan,3/1/2020,10,3,4,5,6,7,8,9,10,11,12)" computerName="DESKTOP-3FN5V33" duration="00:00:00.2957028" startTime="2024-01-31T11:10:24.2436838-05:00" endTime="2024-01-31T11:10:27.7575658-05:00" testType="13cdc9d9-ddb5-4fa4-a97d-d965ccfc6d4b" outcome="Passed" testListId="8c84fa94-04c1-424b-9868-57a2d4851a1d" relativeResultsDirectory="c69656f5-15d8-4721-a0db-01fd75672b70" xmlns="http://microsoft.com/schemas/VisualStudio/TeamTest/2010">
      <Output>
        <StdOut>Eliassen.System.Linq.ConsoleLogger`1[Eliassen.System.Linq.Search.QueryBuilder]:Information:&gt;
	Build query for CurrentPage: 0
PageSize: 0
ExcludePageCount: False
SearchTerm: (null)
	F:Date: GreaterThan: 3/1/2020

Eliassen.System.Linq.ConsoleLogger`1[Eliassen.System.Linq.Search.SortBuilder`1[Eliassen.System.Tests.Linq.TestTargets.TestTargetExtendedModel]]:Information:&gt;
	Applying default sort for Eliassen.System.Tests.Linq.TestTargets.TestTargetExtendedModel: (Index, Ascending)
Eliassen.System.Linq.ConsoleLogger`1[Eliassen.System.Linq.Search.QueryBuilder]:Information:&gt;
	Execute (paged): System.Linq.Enumerable+SelectRangeIterator`1[Eliassen.System.Tests.Linq.TestTargets.TestTargetExtendedModel].Where(n =&gt; (n.Date &gt; 3/1/2020 12:00:00 AM)).OrderBy(n =&gt; Convert(n.Index, Object)).Skip(0).Take(10)



TestContext Messages:
SearchQuery-QueryableExtensionsTests_ExecuteByTestFilter(142)-638422962248298049.json: Attached
EnumerableQuery_1-QueryableExtensionsTests_ExecuteByTestFilter(144)-638422962248329006.json: Attached
PagedQueryResult_1-QueryableExtensionsTests_ExecuteByTestFilter(146)-638422962251123371.json: Attached
resultKeys: 3,4,5,6,7,8,9,10,11,12</StdOut>
        <StdErr>Eliassen.System.Linq.ConsoleLogger`1[Eliassen.System.Linq.Expressions.ExpressionTreeBuilder`1[Eliassen.System.Tests.Linq.TestTargets.TestTargetExtendedModel]]:Warning:&gt;
	3/1/2020 parsed to 03/01/2020 00:00:00 (System.DateTime)</StdErr>
      </Output>
      <ResultFiles>
        <ResultFile path="DESKTOP-3FN5V33\EnumerableQuery_1-QueryableExtensionsTests_ExecuteByTestFilter(144)-638422962248329006.json" />
        <ResultFile path="DESKTOP-3FN5V33\PagedQueryResult_1-QueryableExtensionsTests_ExecuteByTestFilter(146)-638422962251123371.json" />
        <ResultFile path="DESKTOP-3FN5V33\SearchQuery-QueryableExtensionsTests_ExecuteByTestFilter(142)-638422962248298049.json" />
      </ResultFiles>
    </UnitTestResult>
    <UnitTestResult executionId="ce98bc8d-7de7-47cd-b4b8-390155fb2a95" testId="f5306a38-7e9d-ad71-73c6-1c694342dc21" testName="ExecuteByTest_SearchTerm (Eliassen.System.Tests.Linq.TestTargets.TestTargetExtendedModel,FName0999 LName0001,1,1,1,1)" computerName="DESKTOP-3FN5V33" duration="00:00:00.2303077" startTime="2024-01-31T11:10:28.2023121-05:00" endTime="2024-01-31T11:10:28.4331098-05:00" testType="13cdc9d9-ddb5-4fa4-a97d-d965ccfc6d4b" outcome="Passed" testListId="8c84fa94-04c1-424b-9868-57a2d4851a1d" relativeResultsDirectory="ce98bc8d-7de7-47cd-b4b8-390155fb2a95" xmlns="http://microsoft.com/schemas/VisualStudio/TeamTest/2010">
      <Output>
        <StdOut>Eliassen.System.Linq.ConsoleLogger`1[Eliassen.System.Linq.Search.QueryBuilder]:Information:&gt;
	Build query for SearchQuery { CurrentPage = 0, PageSize = 0, ExcludePageCount = False, SearchTerm = FName0999 LName0001, Filter = System.Collections.Generic.Dictionary`2[System.String,Eliassen.System.Linq.Search.FilterParameter], OrderBy = System.Collections.Generic.Dictionary`2[System.String,Eliassen.System.Linq.Search.OrderDirections] }
Eliassen.System.Linq.ConsoleLogger`1[Eliassen.System.Linq.Search.SortBuilder`1[Eliassen.System.Tests.Linq.TestTargets.TestTargetExtendedModel]]:Information:&gt;
	Applying default sort for Eliassen.System.Tests.Linq.TestTargets.TestTargetExtendedModel: (Index, Ascending)
Eliassen.System.Linq.ConsoleLogger`1[Eliassen.System.Linq.Search.QueryBuilder]:Debug:&gt;
	Visited by: Eliassen.System.Linq.Expressions.SkipInstanceMethodOnNullExpressionVisitor
Eliassen.System.Linq.ConsoleLogger`1[Eliassen.System.Linq.Search.QueryBuilder]:Information:&gt;
	Execute (paged): System.Linq.Enumerable+SelectRangeIterator`1[Eliassen.System.Tests.Linq.TestTargets.TestTargetExtendedModel].Where(n =&gt; ((((((((((n.FName + " ") + n.LName) != null) AndAlso ((n.FName + " ") + n.LName).Equals("FName0999 LName0001")) OrElse ((((n.LName + " ") + n.FName) != null) AndAlso ((n.LName + " ") + n.FName).Equals("FName0999 LName0001"))) OrElse ((n.FName != null) AndAlso n.FName.Equals("FName0999 LName0001"))) OrElse ((n.LName != null) AndAlso n.LName.Equals("FName0999 LName0001"))) OrElse ((n.Email != null) AndAlso n.Email.Equals("FName0999 LName0001"))) OrElse ((n.May != null) AndAlso n.May.Equals("FName0999 LName0001"))) OrElse n.Modules.Any(child =&gt; ((child != null) AndAlso child.Equals("FName0999 LName0001"))))).OrderBy(n =&gt; Convert(n.Index, Object)).Skip(0).Take(10)



TestContext Messages:
SearchQuery_1-QueryableExtensionsTests_ExecuteByTestSearchTerm(266)-638422962282047045.json: Attached
EnumerableQuery_1-QueryableExtensionsTests_ExecuteByTestSearchTerm(268)-638422962282084310.json: Attached
PagedQueryResult_1-QueryableExtensionsTests_ExecuteByTestSearchTerm(270)-638422962284277585.json: Attached
resultKeys: 1</StdOut>
      </Output>
      <ResultFiles>
        <ResultFile path="DESKTOP-3FN5V33\EnumerableQuery_1-QueryableExtensionsTests_ExecuteByTestSearchTerm(268)-638422962282084310.json" />
        <ResultFile path="DESKTOP-3FN5V33\PagedQueryResult_1-QueryableExtensionsTests_ExecuteByTestSearchTerm(270)-638422962284277585.json" />
        <ResultFile path="DESKTOP-3FN5V33\SearchQuery_1-QueryableExtensionsTests_ExecuteByTestSearchTerm(266)-638422962282047045.json" />
      </ResultFiles>
    </UnitTestResult>
    <UnitTestResult executionId="a218778c-792b-4183-ab9f-29d79035ca06" testId="f2a03440-0376-07fe-a63b-c5dbc1c51d9d" testName="ToEnumTest (name,WithEnumValue)" computerName="DESKTOP-3FN5V33" duration="00:00:00.0015062" startTime="2024-01-31T11:10:24.0361011-05:00" endTime="2024-01-31T11:10:24.0378899-05:00" testType="13cdc9d9-ddb5-4fa4-a97d-d965ccfc6d4b" outcome="Passed" testListId="8c84fa94-04c1-424b-9868-57a2d4851a1d" relativeResultsDirectory="a218778c-792b-4183-ab9f-29d79035ca06" xmlns="http://microsoft.com/schemas/VisualStudio/TeamTest/2010" />
    <UnitTestResult executionId="35c27693-f062-4579-890c-a21843a61b82" testId="4c8eceef-7f0a-45c8-d030-0b823248b815" testName="VisitTest_Contains (Hello,EL,True)" computerName="DESKTOP-3FN5V33" duration="00:00:00.0009509" startTime="2024-01-31T11:10:28.6581812-05:00" endTime="2024-01-31T11:10:28.6594207-05:00" testType="13cdc9d9-ddb5-4fa4-a97d-d965ccfc6d4b" outcome="Passed" testListId="8c84fa94-04c1-424b-9868-57a2d4851a1d" relativeResultsDirectory="35c27693-f062-4579-890c-a21843a61b82" xmlns="http://microsoft.com/schemas/VisualStudio/TeamTest/2010">
      <Output>
        <StdOut>Eliassen.System.Linq.ConsoleLogger`1[Eliassen.System.Linq.Expressions.StringComparisonReplacementExpressionVisitor]:Debug:&gt;
	Replace: e.Contains(value(Eliassen.System.Tests.Linq.Expressions.StringComparisonReplacementExpressionVisitorTests+&lt;&gt;c__DisplayClass6_0).matched) with e.Contains(value(Eliassen.System.Tests.Linq.Expressions.StringComparisonReplacementExpressionVisitorTests+&lt;&gt;c__DisplayClass6_0).matched, CurrentCultureIgnoreCase)



TestContext Messages:
expression: e =&gt; e.Contains(value(Eliassen.System.Tests.Linq.Expressions.StringComparisonReplacementExpressionVisitorTests+&lt;&gt;c__DisplayClass6_0).matched)
visited: e =&gt; e.Contains(value(Eliassen.System.Tests.Linq.Expressions.StringComparisonReplacementExpressionVisitorTests+&lt;&gt;c__DisplayClass6_0).matched, CurrentCultureIgnoreCase)</StdOut>
      </Output>
    </UnitTestResult>
    <UnitTestResult executionId="afc747d0-3e13-42ed-95de-6138de6b8027" testId="b6498f29-1231-5fcf-4954-1746daa0500d" testName="ExecuteByTest_Filter (Eliassen.System.Tests.Linq.TestTargets.TestTargetModel,Index,EqualTo,!1,10,0,2,3,4,5,6,7,8,9,10)" computerName="DESKTOP-3FN5V33" duration="00:00:00.1063752" startTime="2024-01-31T11:10:24.2436838-05:00" endTime="2024-01-31T11:10:27.7575658-05:00" testType="13cdc9d9-ddb5-4fa4-a97d-d965ccfc6d4b" outcome="Passed" testListId="8c84fa94-04c1-424b-9868-57a2d4851a1d" relativeResultsDirectory="afc747d0-3e13-42ed-95de-6138de6b8027" xmlns="http://microsoft.com/schemas/VisualStudio/TeamTest/2010">
      <Output>
        <StdOut>Eliassen.System.Linq.ConsoleLogger`1[Eliassen.System.Linq.Search.QueryBuilder]:Information:&gt;
	Build query for CurrentPage: 0
PageSize: 0
ExcludePageCount: False
SearchTerm: (null)
	F:Index: EqualTo: !1

Eliassen.System.Linq.ConsoleLogger`1[Eliassen.System.Linq.Search.QueryBuilder]:Information:&gt;
	Execute (paged): System.Linq.Enumerable+SelectRangeIterator`1[Eliassen.System.Tests.Linq.TestTargets.TestTargetModel].Where(n =&gt; (n.Index != 1)).OrderBy(_ =&gt; 0).Skip(0).Take(10)



TestContext Messages:
SearchQuery-QueryableExtensionsTests_ExecuteByTestFilter(142)-638422962242625816.json: Attached
EnumerableQuery_1-QueryableExtensionsTests_ExecuteByTestFilter(144)-638422962242690491.json: Attached
PagedQueryResult_1-QueryableExtensionsTests_ExecuteByTestFilter(146)-638422962243311362.json: Attached
resultKeys: 0,2,3,4,5,6,7,8,9,10</StdOut>
        <StdErr>Eliassen.System.Linq.ConsoleLogger`1[Eliassen.System.Linq.Expressions.ExpressionTreeBuilder`1[Eliassen.System.Tests.Linq.TestTargets.TestTargetModel]]:Warning:&gt;
	1 parsed to 1 (System.Int32)
Eliassen.System.Linq.ConsoleLogger`1[Eliassen.System.Linq.Search.SortBuilder`1[Eliassen.System.Tests.Linq.TestTargets.TestTargetModel]]:Warning:&gt;
	Force sort by 0 applied for Eliassen.System.Tests.Linq.TestTargets.TestTargetModel</StdErr>
      </Output>
      <ResultFiles>
        <ResultFile path="DESKTOP-3FN5V33\EnumerableQuery_1-QueryableExtensionsTests_ExecuteByTestFilter(144)-638422962242690491.json" />
        <ResultFile path="DESKTOP-3FN5V33\PagedQueryResult_1-QueryableExtensionsTests_ExecuteByTestFilter(146)-638422962243311362.json" />
        <ResultFile path="DESKTOP-3FN5V33\SearchQuery-QueryableExtensionsTests_ExecuteByTestFilter(142)-638422962242625816.json" />
      </ResultFiles>
    </UnitTestResult>
    <UnitTestResult executionId="d99ceea9-b631-4045-b503-465d09a875b0" testId="c32d9ec7-cf3f-0b90-7da7-80e3553b5fe6" testName="GetResourceAsStringAsyncTest" computerName="DESKTOP-3FN5V33" duration="00:00:00.0025134" startTime="2024-01-31T11:10:24.2005566-05:00" endTime="2024-01-31T11:10:24.2033632-05:00" testType="13cdc9d9-ddb5-4fa4-a97d-d965ccfc6d4b" outcome="Passed" testListId="8c84fa94-04c1-424b-9868-57a2d4851a1d" relativeResultsDirectory="d99ceea9-b631-4045-b503-465d09a875b0" xmlns="http://microsoft.com/schemas/VisualStudio/TeamTest/2010" />
    <UnitTestResult executionId="fceb09fb-b9b3-4827-9b93-5b4f6c6473ae" testId="5adbf889-f6cc-6aad-7fc3-6b99d44bef4c" testName="VisitTest_StartsWith (Hello,He,True)" computerName="DESKTOP-3FN5V33" duration="00:00:00.0012693" startTime="2024-01-31T11:10:28.6665910-05:00" endTime="2024-01-31T11:10:28.6681599-05:00" testType="13cdc9d9-ddb5-4fa4-a97d-d965ccfc6d4b" outcome="Passed" testListId="8c84fa94-04c1-424b-9868-57a2d4851a1d" relativeResultsDirectory="fceb09fb-b9b3-4827-9b93-5b4f6c6473ae" xmlns="http://microsoft.com/schemas/VisualStudio/TeamTest/2010">
      <Output>
        <StdOut>Eliassen.System.Linq.ConsoleLogger`1[Eliassen.System.Linq.Expressions.StringComparisonReplacementExpressionVisitor]:Debug:&gt;
	Replace: e.StartsWith(value(Eliassen.System.Tests.Linq.Expressions.StringComparisonReplacementExpressionVisitorTests+&lt;&gt;c__DisplayClass7_0).matched) with e.StartsWith(value(Eliassen.System.Tests.Linq.Expressions.StringComparisonReplacementExpressionVisitorTests+&lt;&gt;c__DisplayClass7_0).matched, CurrentCultureIgnoreCase)



TestContext Messages:
expression: e =&gt; e.StartsWith(value(Eliassen.System.Tests.Linq.Expressions.StringComparisonReplacementExpressionVisitorTests+&lt;&gt;c__DisplayClass7_0).matched)
visited: e =&gt; e.StartsWith(value(Eliassen.System.Tests.Linq.Expressions.StringComparisonReplacementExpressionVisitorTests+&lt;&gt;c__DisplayClass7_0).matched, CurrentCultureIgnoreCase)</StdOut>
      </Output>
    </UnitTestResult>
    <UnitTestResult executionId="7280854a-0e6a-4edd-995b-2fd3ba5bd35e" testId="4ba16b26-1543-65b7-5999-fbd5f1c9af2e" testName="VisitTest_Equals (Hello,HeLlO,True)" computerName="DESKTOP-3FN5V33" duration="00:00:00.0005092" startTime="2024-01-31T11:10:28.6532898-05:00" endTime="2024-01-31T11:10:28.6540924-05:00" testType="13cdc9d9-ddb5-4fa4-a97d-d965ccfc6d4b" outcome="Passed" testListId="8c84fa94-04c1-424b-9868-57a2d4851a1d" relativeResultsDirectory="7280854a-0e6a-4edd-995b-2fd3ba5bd35e" xmlns="http://microsoft.com/schemas/VisualStudio/TeamTest/2010">
      <Output>
        <StdOut>Eliassen.System.Linq.ConsoleLogger`1[Eliassen.System.Linq.Expressions.StringComparisonReplacementExpressionVisitor]:Debug:&gt;
	Replace: e.Equals(value(Eliassen.System.Tests.Linq.Expressions.StringComparisonReplacementExpressionVisitorTests+&lt;&gt;c__DisplayClass5_0).matched) with e.Equals(value(Eliassen.System.Tests.Linq.Expressions.StringComparisonReplacementExpressionVisitorTests+&lt;&gt;c__DisplayClass5_0).matched, CurrentCultureIgnoreCase)



TestContext Messages:
expression: e =&gt; e.Equals(value(Eliassen.System.Tests.Linq.Expressions.StringComparisonReplacementExpressionVisitorTests+&lt;&gt;c__DisplayClass5_0).matched)
visited: e =&gt; e.Equals(value(Eliassen.System.Tests.Linq.Expressions.StringComparisonReplacementExpressionVisitorTests+&lt;&gt;c__DisplayClass5_0).matched, CurrentCultureIgnoreCase)</StdOut>
      </Output>
    </UnitTestResult>
    <UnitTestResult executionId="c77ea756-f595-40f7-8f3c-d695e2655158" testId="e72dc3eb-3aa5-dc4a-4345-13e88f385e6f" testName="GetHash (hello world,uU0nuZNNPgilLlLX2n2r+sSE7+N6U4DukIj3rOLvzek=)" computerName="DESKTOP-3FN5V33" duration="00:00:00.0003752" startTime="2024-01-31T11:10:23.9740564-05:00" endTime="2024-01-31T11:10:23.9746172-05:00" testType="13cdc9d9-ddb5-4fa4-a97d-d965ccfc6d4b" outcome="Passed" testListId="8c84fa94-04c1-424b-9868-57a2d4851a1d" relativeResultsDirectory="c77ea756-f595-40f7-8f3c-d695e2655158" xmlns="http://microsoft.com/schemas/VisualStudio/TeamTest/2010">
      <Output>
        <StdOut>TestContext Messages:
"hello world" =&gt; "uU0nuZNNPgilLlLX2n2r+sSE7+N6U4DukIj3rOLvzek="</StdOut>
      </Output>
    </UnitTestResult>
    <UnitTestResult executionId="49065855-cb7b-4ea4-bff1-ddde3d24d241" testId="f3dca1bb-5884-67f2-50ab-603f9fbc49dc" testName="GetSortablePropertyNamesTest_TestTarget2Model" computerName="DESKTOP-3FN5V33" duration="00:00:00.0013440" startTime="2024-01-31T11:10:28.6118558-05:00" endTime="2024-01-31T11:10:28.6134800-05:00" testType="13cdc9d9-ddb5-4fa4-a97d-d965ccfc6d4b" outcome="Passed" testListId="8c84fa94-04c1-424b-9868-57a2d4851a1d" relativeResultsDirectory="49065855-cb7b-4ea4-bff1-ddde3d24d241" xmlns="http://microsoft.com/schemas/VisualStudio/TeamTest/2010" />
    <UnitTestResult executionId="6b0183bd-dabd-46fa-97db-8cf4403b21a9" testId="78dc4ca6-14d8-0c1a-ad29-6d2f53293760" testName="VisitTest_Equals (Hello,hello,False)" computerName="DESKTOP-3FN5V33" duration="00:00:00.0033714" startTime="2024-01-31T11:10:28.6206951-05:00" endTime="2024-01-31T11:10:28.6246016-05:00" testType="13cdc9d9-ddb5-4fa4-a97d-d965ccfc6d4b" outcome="Passed" testListId="8c84fa94-04c1-424b-9868-57a2d4851a1d" relativeResultsDirectory="6b0183bd-dabd-46fa-97db-8cf4403b21a9" xmlns="http://microsoft.com/schemas/VisualStudio/TeamTest/2010">
      <Output>
        <StdOut>TestContext Messages:
expression: e =&gt; e.Equals(value(Eliassen.System.Tests.Linq.Expressions.SkipInstanceMethodOnNullExpressionVisitorTests+&lt;&gt;c__DisplayClass4_0).matched)
visited: e =&gt; ((e != null) AndAlso e.Equals(value(Eliassen.System.Tests.Linq.Expressions.SkipInstanceMethodOnNullExpressionVisitorTests+&lt;&gt;c__DisplayClass4_0).matched))
result: False</StdOut>
      </Output>
    </UnitTestResult>
    <UnitTestResult executionId="c52cd384-b3e2-41bc-9bd6-e2d7d8c6b673" testId="7fd160bc-3b5b-e6e2-40ae-1974536260f2" testName="TryParseTest (System.Guid,18AACB9C-2989-4322-A490-C7167BEA0DB4,True,18aacb9c-2989-4322-a490-c7167bea0db4)" computerName="DESKTOP-3FN5V33" duration="00:00:00.0005799" startTime="2024-01-31T11:10:24.1938593-05:00" endTime="2024-01-31T11:10:24.1956731-05:00" testType="13cdc9d9-ddb5-4fa4-a97d-d965ccfc6d4b" outcome="Passed" testListId="8c84fa94-04c1-424b-9868-57a2d4851a1d" relativeResultsDirectory="c52cd384-b3e2-41bc-9bd6-e2d7d8c6b673" xmlns="http://microsoft.com/schemas/VisualStudio/TeamTest/2010" />
    <UnitTestResult executionId="94c4c653-cfc8-40c1-b1ae-cff9ed2bfe8b" testId="256bd52f-eccc-f32c-0e34-b0f4b03b83cc" testName="DeserializeTest_Value ({&quot;Nullable&quot;:{&quot;$date&quot;:&quot;2023-07-05T14:16:32.2015217-04:00&quot;},&quot;Value&quot;:{&quot;$date&quot;:&quot;0001-01-01T00:00:00+00:00&quot;}},0001-01-01T00:00:00+00:00)" computerName="DESKTOP-3FN5V33" duration="00:00:00.0035827" startTime="2024-01-31T11:10:23.8443362-05:00" endTime="2024-01-31T11:10:23.8481493-05:00" testType="13cdc9d9-ddb5-4fa4-a97d-d965ccfc6d4b" outcome="Passed" testListId="8c84fa94-04c1-424b-9868-57a2d4851a1d" relativeResultsDirectory="94c4c653-cfc8-40c1-b1ae-cff9ed2bfe8b" xmlns="http://microsoft.com/schemas/VisualStudio/TeamTest/2010">
      <Output>
        <StdOut>TestContext Messages:
input-BsonDateConverterTests_DeserializeTest_Value(78)-638422962238448041.json: Attached
result-BsonDateConverterTests_DeserializeTest_Value(80)-638422962238462359.json: Attached</StdOut>
      </Output>
      <ResultFiles>
        <ResultFile path="DESKTOP-3FN5V33\input-BsonDateConverterTests_DeserializeTest_Value(78)-638422962238448041.json" />
        <ResultFile path="DESKTOP-3FN5V33\result-BsonDateConverterTests_DeserializeTest_Value(80)-638422962238462359.json" />
      </ResultFiles>
    </UnitTestResult>
    <UnitTestResult executionId="e168bc29-b9ef-4b6f-8a86-7327d176afc0" testId="b3e2a372-55ce-d9ad-4987-01272bc32a33" testName="SerializeTest_IConfigurationSection" computerName="DESKTOP-3FN5V33" duration="00:00:00.0220088" startTime="2024-01-31T11:10:23.9395686-05:00" endTime="2024-01-31T11:10:23.9618380-05:00" testType="13cdc9d9-ddb5-4fa4-a97d-d965ccfc6d4b" outcome="Passed" testListId="8c84fa94-04c1-424b-9868-57a2d4851a1d" relativeResultsDirectory="e168bc29-b9ef-4b6f-8a86-7327d176afc0" xmlns="http://microsoft.com/schemas/VisualStudio/TeamTest/2010">
      <Output>
        <StdOut>TestContext Messages:
String-DefaultJsonSerializerTests_SerializeTest_IConfigurationSection(72)-638422962239554983.txt: Attached
Configuration-DefaultJsonSerializerTests_SerializeTest_IConfigurationSection(73)-638422962239587595.txt: Attached</StdOut>
      </Output>
      <ResultFiles>
        <ResultFile path="DESKTOP-3FN5V33\Configuration-DefaultJsonSerializerTests_SerializeTest_IConfigurationSection(73)-638422962239587595.txt" />
        <ResultFile path="DESKTOP-3FN5V33\String-DefaultJsonSerializerTests_SerializeTest_IConfigurationSection(72)-638422962239554983.txt" />
      </ResultFiles>
    </UnitTestResult>
    <UnitTestResult executionId="a4f2e3e0-5d6a-4054-b782-51136742580d" testId="61f88788-2c55-84c0-718f-430b9d9da684" testName="VisitTest_EqualOperator (Hello,hello,True)" computerName="DESKTOP-3FN5V33" duration="00:00:00.0023414" startTime="2024-01-31T11:10:28.6384987-05:00" endTime="2024-01-31T11:10:28.6413561-05:00" testType="13cdc9d9-ddb5-4fa4-a97d-d965ccfc6d4b" outcome="Passed" testListId="8c84fa94-04c1-424b-9868-57a2d4851a1d" relativeResultsDirectory="a4f2e3e0-5d6a-4054-b782-51136742580d" xmlns="http://microsoft.com/schemas/VisualStudio/TeamTest/2010">
      <Output>
        <StdOut>TestContext Messages:
expression: e =&gt; (e == value(Eliassen.System.Tests.Linq.Expressions.StringComparisonReplacementExpressionVisitorTests+&lt;&gt;c__DisplayClass4_0).matched)
visited: e =&gt; e.Equals(value(Eliassen.System.Tests.Linq.Expressions.StringComparisonReplacementExpressionVisitorTests+&lt;&gt;c__DisplayClass4_0).matched, CurrentCultureIgnoreCase)</StdOut>
      </Output>
    </UnitTestResult>
    <UnitTestResult executionId="ad432919-47dc-432a-984c-bcb578be8b4f" testId="ab0f8867-b8d1-22b7-3b78-2eab4da93098" testName="VisitTest_Contains (Hello,eL,True)" computerName="DESKTOP-3FN5V33" duration="00:00:00.0008135" startTime="2024-01-31T11:10:28.6641348-05:00" endTime="2024-01-31T11:10:28.6653847-05:00" testType="13cdc9d9-ddb5-4fa4-a97d-d965ccfc6d4b" outcome="Passed" testListId="8c84fa94-04c1-424b-9868-57a2d4851a1d" relativeResultsDirectory="ad432919-47dc-432a-984c-bcb578be8b4f" xmlns="http://microsoft.com/schemas/VisualStudio/TeamTest/2010">
      <Output>
        <StdOut>Eliassen.System.Linq.ConsoleLogger`1[Eliassen.System.Linq.Expressions.StringComparisonReplacementExpressionVisitor]:Debug:&gt;
	Replace: e.Contains(value(Eliassen.System.Tests.Linq.Expressions.StringComparisonReplacementExpressionVisitorTests+&lt;&gt;c__DisplayClass6_0).matched) with e.Contains(value(Eliassen.System.Tests.Linq.Expressions.StringComparisonReplacementExpressionVisitorTests+&lt;&gt;c__DisplayClass6_0).matched, CurrentCultureIgnoreCase)



TestContext Messages:
expression: e =&gt; e.Contains(value(Eliassen.System.Tests.Linq.Expressions.StringComparisonReplacementExpressionVisitorTests+&lt;&gt;c__DisplayClass6_0).matched)
visited: e =&gt; e.Contains(value(Eliassen.System.Tests.Linq.Expressions.StringComparisonReplacementExpressionVisitorTests+&lt;&gt;c__DisplayClass6_0).matched, CurrentCultureIgnoreCase)</StdOut>
      </Output>
    </UnitTestResult>
    <UnitTestResult executionId="cb43a410-fec2-47b7-8226-02e7b25dcd6a" testId="6a1b107a-2dfe-3696-4879-97b5e75031c8" testName="ToEnumTest (-1,-1)" computerName="DESKTOP-3FN5V33" duration="00:00:00.0000225" startTime="2024-01-31T11:10:24.0267115-05:00" endTime="2024-01-31T11:10:24.0269377-05:00" testType="13cdc9d9-ddb5-4fa4-a97d-d965ccfc6d4b" outcome="Passed" testListId="8c84fa94-04c1-424b-9868-57a2d4851a1d" relativeResultsDirectory="cb43a410-fec2-47b7-8226-02e7b25dcd6a" xmlns="http://microsoft.com/schemas/VisualStudio/TeamTest/2010" />
    <UnitTestResult executionId="133d558f-0eb4-42b5-8fd0-f0c0166f7fe5" testId="b6498f29-1231-5fcf-4954-1746daa0500d" testName="ExecuteByTest_Filter (Eliassen.System.Tests.Linq.TestTargets.TestTargetModel,Name,NotEqualTo,,10,0,1,2,3,4,5,6,7,8,9)" computerName="DESKTOP-3FN5V33" duration="00:00:00.0177245" startTime="2024-01-31T11:10:24.2436838-05:00" endTime="2024-01-31T11:10:27.7575658-05:00" testType="13cdc9d9-ddb5-4fa4-a97d-d965ccfc6d4b" outcome="Passed" testListId="8c84fa94-04c1-424b-9868-57a2d4851a1d" relativeResultsDirectory="133d558f-0eb4-42b5-8fd0-f0c0166f7fe5" xmlns="http://microsoft.com/schemas/VisualStudio/TeamTest/2010">
      <Output>
        <StdOut>Eliassen.System.Linq.ConsoleLogger`1[Eliassen.System.Linq.Search.QueryBuilder]:Information:&gt;
	Build query for CurrentPage: 0
PageSize: 0
ExcludePageCount: False
SearchTerm: (null)
	F:Name: NotEqualTo:

Eliassen.System.Linq.ConsoleLogger`1[Eliassen.System.Linq.Search.QueryBuilder]:Information:&gt;
	Execute (paged): System.Linq.Enumerable+SelectRangeIterator`1[Eliassen.System.Tests.Linq.TestTargets.TestTargetModel].Where(n =&gt; (n.Name != "")).OrderBy(_ =&gt; 0).Skip(0).Take(10)



TestContext Messages:
SearchQuery-QueryableExtensionsTests_ExecuteByTestFilter(142)-638422962269146609.json: Attached
EnumerableQuery_1-QueryableExtensionsTests_ExecuteByTestFilter(144)-638422962269170092.json: Attached
PagedQueryResult_1-QueryableExtensionsTests_ExecuteByTestFilter(146)-638422962269283677.json: Attached
resultKeys: 0,1,2,3,4,5,6,7,8,9</StdOut>
        <StdErr>Eliassen.System.Linq.ConsoleLogger`1[Eliassen.System.Linq.Search.SortBuilder`1[Eliassen.System.Tests.Linq.TestTargets.TestTargetModel]]:Warning:&gt;
	Force sort by 0 applied for Eliassen.System.Tests.Linq.TestTargets.TestTargetModel</StdErr>
      </Output>
      <ResultFiles>
        <ResultFile path="DESKTOP-3FN5V33\EnumerableQuery_1-QueryableExtensionsTests_ExecuteByTestFilter(144)-638422962269170092.json" />
        <ResultFile path="DESKTOP-3FN5V33\PagedQueryResult_1-QueryableExtensionsTests_ExecuteByTestFilter(146)-638422962269283677.json" />
        <ResultFile path="DESKTOP-3FN5V33\SearchQuery-QueryableExtensionsTests_ExecuteByTestFilter(142)-638422962269146609.json" />
      </ResultFiles>
    </UnitTestResult>
    <UnitTestResult executionId="f193c85b-0772-4474-b62b-7b99613f2c57" testId="5b534773-a7de-3872-277f-efb65d408d74" testName="VisitTest_EndsWith (Hello,LO,True)" computerName="DESKTOP-3FN5V33" duration="00:00:00.0004083" startTime="2024-01-31T11:10:28.6785804-05:00" endTime="2024-01-31T11:10:28.6792464-05:00" testType="13cdc9d9-ddb5-4fa4-a97d-d965ccfc6d4b" outcome="Passed" testListId="8c84fa94-04c1-424b-9868-57a2d4851a1d" relativeResultsDirectory="f193c85b-0772-4474-b62b-7b99613f2c57" xmlns="http://microsoft.com/schemas/VisualStudio/TeamTest/2010">
      <Output>
        <StdOut>Eliassen.System.Linq.ConsoleLogger`1[Eliassen.System.Linq.Expressions.StringComparisonReplacementExpressionVisitor]:Debug:&gt;
	Replace: e.EndsWith(value(Eliassen.System.Tests.Linq.Expressions.StringComparisonReplacementExpressionVisitorTests+&lt;&gt;c__DisplayClass8_0).matched) with e.EndsWith(value(Eliassen.System.Tests.Linq.Expressions.StringComparisonReplacementExpressionVisitorTests+&lt;&gt;c__DisplayClass8_0).matched, CurrentCultureIgnoreCase)



TestContext Messages:
expression: e =&gt; e.EndsWith(value(Eliassen.System.Tests.Linq.Expressions.StringComparisonReplacementExpressionVisitorTests+&lt;&gt;c__DisplayClass8_0).matched)
visited: e =&gt; e.EndsWith(value(Eliassen.System.Tests.Linq.Expressions.StringComparisonReplacementExpressionVisitorTests+&lt;&gt;c__DisplayClass8_0).matched, CurrentCultureIgnoreCase)</StdOut>
      </Output>
    </UnitTestResult>
    <UnitTestResult executionId="70d282e8-7eb2-4254-bc83-560451ec9655" testId="2bfed98c-f04b-a9c6-9b30-1a4a12b04bd4" testName="VisitTest_EqualOperator (Hello,HeLlO,True)" computerName="DESKTOP-3FN5V33" duration="00:00:00.0005486" startTime="2024-01-31T11:10:28.6445364-05:00" endTime="2024-01-31T11:10:28.6453695-05:00" testType="13cdc9d9-ddb5-4fa4-a97d-d965ccfc6d4b" outcome="Passed" testListId="8c84fa94-04c1-424b-9868-57a2d4851a1d" relativeResultsDirectory="70d282e8-7eb2-4254-bc83-560451ec9655" xmlns="http://microsoft.com/schemas/VisualStudio/TeamTest/2010">
      <Output>
        <StdOut>TestContext Messages:
expression: e =&gt; (e == value(Eliassen.System.Tests.Linq.Expressions.StringComparisonReplacementExpressionVisitorTests+&lt;&gt;c__DisplayClass4_0).matched)
visited: e =&gt; e.Equals(value(Eliassen.System.Tests.Linq.Expressions.StringComparisonReplacementExpressionVisitorTests+&lt;&gt;c__DisplayClass4_0).matched, CurrentCultureIgnoreCase)</StdOut>
      </Output>
    </UnitTestResult>
    <UnitTestResult executionId="0aea11b8-84d8-4c6b-8d23-ecd0c763f7e9" testId="4dbe9543-b09b-17ff-b897-ea7ab7b131d7" testName="ExecuteByTest_Sort (NAME,Descending,999,998,997,996,995,994,993,992,991,990)" computerName="DESKTOP-3FN5V33" duration="00:00:00.0102881" startTime="2024-01-31T11:10:28.5663964-05:00" endTime="2024-01-31T11:10:28.5771863-05:00" testType="13cdc9d9-ddb5-4fa4-a97d-d965ccfc6d4b" outcome="Passed" testListId="8c84fa94-04c1-424b-9868-57a2d4851a1d" relativeResultsDirectory="0aea11b8-84d8-4c6b-8d23-ecd0c763f7e9" xmlns="http://microsoft.com/schemas/VisualStudio/TeamTest/2010">
      <Output>
        <StdOut>Eliassen.System.Linq.ConsoleLogger`1[Eliassen.System.Linq.Search.QueryBuilder]:Information:&gt;
	Build query for CurrentPage: 0
PageSize: 0
ExcludePageCount: False
SearchTerm: (null)
	S:NAME: Descending

Eliassen.System.Linq.ConsoleLogger`1[Eliassen.System.Linq.Search.QueryBuilder]:Information:&gt;
	Execute (paged): System.Linq.Enumerable+SelectRangeIterator`1[Eliassen.System.Tests.Linq.TestTargets.TestTargetModel].OrderByDescending(n =&gt; n.Name).Skip(0).Take(10)



TestContext Messages:
SearchQuery-QueryableExtensionsTests_ExecuteByTest_Sort(340)-638422962285667906.json: Attached
PagedQueryResult_1-QueryableExtensionsTests_ExecuteByTest_Sort(342)-638422962285736671.json: Attached</StdOut>
        <StdErr>Eliassen.System.Linq.ConsoleLogger`1[Eliassen.System.Linq.Search.QueryBuilder]:Warning:&gt;
	No filtering detected: System.Linq.Enumerable+SelectRangeIterator`1[Eliassen.System.Tests.Linq.TestTargets.TestTargetModel]: CurrentPage: 0
PageSize: 0
ExcludePageCount: False
SearchTerm: (null)
	S:NAME: Descending</StdErr>
      </Output>
      <ResultFiles>
        <ResultFile path="DESKTOP-3FN5V33\PagedQueryResult_1-QueryableExtensionsTests_ExecuteByTest_Sort(342)-638422962285736671.json" />
        <ResultFile path="DESKTOP-3FN5V33\SearchQuery-QueryableExtensionsTests_ExecuteByTest_Sort(340)-638422962285667906.json" />
      </ResultFiles>
    </UnitTestResult>
    <UnitTestResult executionId="5d234e36-4fc0-41f2-a3fa-8c4b60b80200" testId="7fd160bc-3b5b-e6e2-40ae-1974536260f2" testName="TryParseTest (System.Nullable`1[System.Decimal],1,True,1)" computerName="DESKTOP-3FN5V33" duration="00:00:00.0000042" startTime="2024-01-31T11:10:24.1938593-05:00" endTime="2024-01-31T11:10:24.1956731-05:00" testType="13cdc9d9-ddb5-4fa4-a97d-d965ccfc6d4b" outcome="Passed" testListId="8c84fa94-04c1-424b-9868-57a2d4851a1d" relativeResultsDirectory="5d234e36-4fc0-41f2-a3fa-8c4b60b80200" xmlns="http://microsoft.com/schemas/VisualStudio/TeamTest/2010" />
    <UnitTestResult executionId="3bb4385a-3461-4b08-9c41-a6da8a0ef60e" testId="7fd160bc-3b5b-e6e2-40ae-1974536260f2" testName="TryParseTest (System.Nullable`1[System.Double],nope,False,)" computerName="DESKTOP-3FN5V33" duration="00:00:00.0000394" startTime="2024-01-31T11:10:24.1938593-05:00" endTime="2024-01-31T11:10:24.1956731-05:00" testType="13cdc9d9-ddb5-4fa4-a97d-d965ccfc6d4b" outcome="Passed" testListId="8c84fa94-04c1-424b-9868-57a2d4851a1d" relativeResultsDirectory="3bb4385a-3461-4b08-9c41-a6da8a0ef60e" xmlns="http://microsoft.com/schemas/VisualStudio/TeamTest/2010" />
    <UnitTestResult executionId="35c6814e-e371-43d4-9a9f-2c069c5b66ce" testId="9c016915-9649-a737-5d1d-30f1b46f0f52" testName="GetSearchablePropertyNames_TestTargetModel" computerName="DESKTOP-3FN5V33" duration="00:00:00.0002578" startTime="2024-01-31T11:10:28.5991344-05:00" endTime="2024-01-31T11:10:28.5995351-05:00" testType="13cdc9d9-ddb5-4fa4-a97d-d965ccfc6d4b" outcome="Passed" testListId="8c84fa94-04c1-424b-9868-57a2d4851a1d" relativeResultsDirectory="35c6814e-e371-43d4-9a9f-2c069c5b66ce" xmlns="http://microsoft.com/schemas/VisualStudio/TeamTest/2010" />
    <UnitTestResult executionId="8412596c-07be-42ee-907a-5b966203ea6b" testId="b6498f29-1231-5fcf-4954-1746daa0500d" testName="ExecuteByTest_Filter (Eliassen.System.Tests.Linq.TestTargets.TestTargetModel,Index,GreaterThan,995,4,996,997,998,999)" computerName="DESKTOP-3FN5V33" duration="00:00:00.0290545" startTime="2024-01-31T11:10:24.2436838-05:00" endTime="2024-01-31T11:10:27.7575658-05:00" testType="13cdc9d9-ddb5-4fa4-a97d-d965ccfc6d4b" outcome="Passed" testListId="8c84fa94-04c1-424b-9868-57a2d4851a1d" relativeResultsDirectory="8412596c-07be-42ee-907a-5b966203ea6b" xmlns="http://microsoft.com/schemas/VisualStudio/TeamTest/2010">
      <Output>
        <StdOut>Eliassen.System.Linq.ConsoleLogger`1[Eliassen.System.Linq.Search.QueryBuilder]:Information:&gt;
	Build query for CurrentPage: 0
PageSize: 0
ExcludePageCount: False
SearchTerm: (null)
	F:Index: GreaterThan: 995

Eliassen.System.Linq.ConsoleLogger`1[Eliassen.System.Linq.Search.QueryBuilder]:Information:&gt;
	Execute (paged): System.Linq.Enumerable+SelectRangeIterator`1[Eliassen.System.Tests.Linq.TestTargets.TestTargetModel].Where(n =&gt; (n.Index &gt; 995)).OrderBy(_ =&gt; 0).Skip(0).Take(10)



TestContext Messages:
SearchQuery-QueryableExtensionsTests_ExecuteByTestFilter(142)-638422962245688629.json: Attached
EnumerableQuery_1-QueryableExtensionsTests_ExecuteByTestFilter(144)-638422962245713883.json: Attached
PagedQueryResult_1-QueryableExtensionsTests_ExecuteByTestFilter(146)-638422962245895572.json: Attached
resultKeys: 996,997,998,999</StdOut>
        <StdErr>Eliassen.System.Linq.ConsoleLogger`1[Eliassen.System.Linq.Expressions.ExpressionTreeBuilder`1[Eliassen.System.Tests.Linq.TestTargets.TestTargetModel]]:Warning:&gt;
	995 parsed to 995 (System.Int32)
Eliassen.System.Linq.ConsoleLogger`1[Eliassen.System.Linq.Search.SortBuilder`1[Eliassen.System.Tests.Linq.TestTargets.TestTargetModel]]:Warning:&gt;
	Force sort by 0 applied for Eliassen.System.Tests.Linq.TestTargets.TestTargetModel</StdErr>
      </Output>
      <ResultFiles>
        <ResultFile path="DESKTOP-3FN5V33\EnumerableQuery_1-QueryableExtensionsTests_ExecuteByTestFilter(144)-638422962245713883.json" />
        <ResultFile path="DESKTOP-3FN5V33\PagedQueryResult_1-QueryableExtensionsTests_ExecuteByTestFilter(146)-638422962245895572.json" />
        <ResultFile path="DESKTOP-3FN5V33\SearchQuery-QueryableExtensionsTests_ExecuteByTestFilter(142)-638422962245688629.json" />
      </ResultFiles>
    </UnitTestResult>
    <UnitTestResult executionId="0ec62bcf-8b94-40ae-ad5f-2ffdf3acb074" testId="70a7d239-30af-99d8-26bc-eb06ced4f854" testName="ExecuteByTest_Page (0,0,100,1000,0,10,0,1,2,3,4,5,6,7,8,9)" computerName="DESKTOP-3FN5V33" duration="00:00:00.0265457" startTime="2024-01-31T11:10:28.4346449-05:00" endTime="2024-01-31T11:10:28.4625417-05:00" testType="13cdc9d9-ddb5-4fa4-a97d-d965ccfc6d4b" outcome="Passed" testListId="8c84fa94-04c1-424b-9868-57a2d4851a1d" relativeResultsDirectory="0ec62bcf-8b94-40ae-ad5f-2ffdf3acb074" xmlns="http://microsoft.com/schemas/VisualStudio/TeamTest/2010">
      <Output>
        <StdOut>Eliassen.System.Linq.ConsoleLogger`1[Eliassen.System.Linq.Search.QueryBuilder]:Information:&gt;
	Build query for CurrentPage: 0
PageSize: 0
ExcludePageCount: False
SearchTerm: (null)

Eliassen.System.Linq.ConsoleLogger`1[Eliassen.System.Linq.Search.QueryBuilder]:Information:&gt;
	Execute (paged): System.Linq.Enumerable+SelectRangeIterator`1[Eliassen.System.Tests.Linq.TestTargets.TestTargetModel].OrderBy(_ =&gt; 0).Skip(0).Take(10)



TestContext Messages:
SearchQuery-QueryableExtensionsTests_ExecuteByTest_Page(296)-638422962284367044.json: Attached
EnumerableQuery_1-QueryableExtensionsTests_ExecuteByTest_Page(298)-638422962284433387.json: Attached
PagedQueryResult_1-QueryableExtensionsTests_ExecuteByTest_Page(300)-638422962284568629.json: Attached
resultKeys: 0,1,2,3,4,5,6,7,8,9</StdOut>
        <StdErr>Eliassen.System.Linq.ConsoleLogger`1[Eliassen.System.Linq.Search.QueryBuilder]:Warning:&gt;
	No filtering detected: System.Linq.Enumerable+SelectRangeIterator`1[Eliassen.System.Tests.Linq.TestTargets.TestTargetModel]: CurrentPage: 0
PageSize: 0
ExcludePageCount: False
SearchTerm: (null)

Eliassen.System.Linq.ConsoleLogger`1[Eliassen.System.Linq.Search.SortBuilder`1[Eliassen.System.Tests.Linq.TestTargets.TestTargetModel]]:Warning:&gt;
	Force sort by 0 applied for Eliassen.System.Tests.Linq.TestTargets.TestTargetModel</StdErr>
      </Output>
      <ResultFiles>
        <ResultFile path="DESKTOP-3FN5V33\EnumerableQuery_1-QueryableExtensionsTests_ExecuteByTest_Page(298)-638422962284433387.json" />
        <ResultFile path="DESKTOP-3FN5V33\PagedQueryResult_1-QueryableExtensionsTests_ExecuteByTest_Page(300)-638422962284568629.json" />
        <ResultFile path="DESKTOP-3FN5V33\SearchQuery-QueryableExtensionsTests_ExecuteByTest_Page(296)-638422962284367044.json" />
      </ResultFiles>
    </UnitTestResult>
    <UnitTestResult executionId="89085221-19cf-4d76-a5cc-9ed88446174d" testId="b6498f29-1231-5fcf-4954-1746daa0500d" testName="ExecuteByTest_Filter (Eliassen.System.Tests.Linq.TestTargets.TestTargetExtendedModel,May,EqualTo,,10,0,3,6,9,12,15,18,21,24,27)" computerName="DESKTOP-3FN5V33" duration="00:00:00.1915221" startTime="2024-01-31T11:10:24.2436838-05:00" endTime="2024-01-31T11:10:27.7575658-05:00" testType="13cdc9d9-ddb5-4fa4-a97d-d965ccfc6d4b" outcome="Passed" testListId="8c84fa94-04c1-424b-9868-57a2d4851a1d" relativeResultsDirectory="89085221-19cf-4d76-a5cc-9ed88446174d" xmlns="http://microsoft.com/schemas/VisualStudio/TeamTest/2010">
      <Output>
        <StdOut>Eliassen.System.Linq.ConsoleLogger`1[Eliassen.System.Linq.Search.QueryBuilder]:Information:&gt;
	Build query for CurrentPage: 0
PageSize: 0
ExcludePageCount: False
SearchTerm: (null)
	F:May: EqualTo:

Eliassen.System.Linq.ConsoleLogger`1[Eliassen.System.Linq.Search.SortBuilder`1[Eliassen.System.Tests.Linq.TestTargets.TestTargetExtendedModel]]:Information:&gt;
	Applying default sort for Eliassen.System.Tests.Linq.TestTargets.TestTargetExtendedModel: (Index, Ascending)
Eliassen.System.Linq.ConsoleLogger`1[Eliassen.System.Linq.Search.QueryBuilder]:Information:&gt;
	Execute (paged): System.Linq.Enumerable+SelectRangeIterator`1[Eliassen.System.Tests.Linq.TestTargets.TestTargetExtendedModel].Where(n =&gt; (n.May == "")).OrderBy(n =&gt; Convert(n.Index, Object)).Skip(0).Take(10)



TestContext Messages:
SearchQuery-QueryableExtensionsTests_ExecuteByTestFilter(142)-638422962269492225.json: Attached
EnumerableQuery_1-QueryableExtensionsTests_ExecuteByTestFilter(144)-638422962269513716.json: Attached
PagedQueryResult_1-QueryableExtensionsTests_ExecuteByTestFilter(146)-638422962271343325.json: Attached
resultKeys: 0,3,6,9,12,15,18,21,24,27</StdOut>
      </Output>
      <ResultFiles>
        <ResultFile path="DESKTOP-3FN5V33\EnumerableQuery_1-QueryableExtensionsTests_ExecuteByTestFilter(144)-638422962269513716.json" />
        <ResultFile path="DESKTOP-3FN5V33\PagedQueryResult_1-QueryableExtensionsTests_ExecuteByTestFilter(146)-638422962271343325.json" />
        <ResultFile path="DESKTOP-3FN5V33\SearchQuery-QueryableExtensionsTests_ExecuteByTestFilter(142)-638422962269492225.json" />
      </ResultFiles>
    </UnitTestResult>
    <UnitTestResult executionId="c77b49fd-c906-43ea-b932-a71d05819639" testId="7fd160bc-3b5b-e6e2-40ae-1974536260f2" testName="TryParseTest (System.Double,1,True,1)" computerName="DESKTOP-3FN5V33" duration="00:00:00.0000098" startTime="2024-01-31T11:10:24.1938593-05:00" endTime="2024-01-31T11:10:24.1956731-05:00" testType="13cdc9d9-ddb5-4fa4-a97d-d965ccfc6d4b" outcome="Passed" testListId="8c84fa94-04c1-424b-9868-57a2d4851a1d" relativeResultsDirectory="c77b49fd-c906-43ea-b932-a71d05819639" xmlns="http://microsoft.com/schemas/VisualStudio/TeamTest/2010" />
    <UnitTestResult executionId="c7fb084a-fbbd-4550-a282-0d317f552572" testId="b6498f29-1231-5fcf-4954-1746daa0500d" testName="ExecuteByTest_Filter (Eliassen.System.Tests.Linq.TestTargets.TestTargetModel,Index,LessThanOrEqualTo,5,6,0,1,2,3,4,5)" computerName="DESKTOP-3FN5V33" duration="00:00:00.0211948" startTime="2024-01-31T11:10:24.2436838-05:00" endTime="2024-01-31T11:10:27.7575658-05:00" testType="13cdc9d9-ddb5-4fa4-a97d-d965ccfc6d4b" outcome="Passed" testListId="8c84fa94-04c1-424b-9868-57a2d4851a1d" relativeResultsDirectory="c7fb084a-fbbd-4550-a282-0d317f552572" xmlns="http://microsoft.com/schemas/VisualStudio/TeamTest/2010">
      <Output>
        <StdOut>Eliassen.System.Linq.ConsoleLogger`1[Eliassen.System.Linq.Search.QueryBuilder]:Information:&gt;
	Build query for CurrentPage: 0
PageSize: 0
ExcludePageCount: False
SearchTerm: (null)
	F:Index: LessThanOrEqualTo: 5

Eliassen.System.Linq.ConsoleLogger`1[Eliassen.System.Linq.Search.QueryBuilder]:Information:&gt;
	Execute (paged): System.Linq.Enumerable+SelectRangeIterator`1[Eliassen.System.Tests.Linq.TestTargets.TestTargetModel].Where(n =&gt; (n.Index &lt;= 5)).OrderBy(_ =&gt; 0).Skip(0).Take(10)



TestContext Messages:
SearchQuery-QueryableExtensionsTests_ExecuteByTestFilter(142)-638422962245467821.json: Attached
EnumerableQuery_1-QueryableExtensionsTests_ExecuteByTestFilter(144)-638422962245494650.json: Attached
PagedQueryResult_1-QueryableExtensionsTests_ExecuteByTestFilter(146)-638422962245611381.json: Attached
resultKeys: 0,1,2,3,4,5</StdOut>
        <StdErr>Eliassen.System.Linq.ConsoleLogger`1[Eliassen.System.Linq.Expressions.ExpressionTreeBuilder`1[Eliassen.System.Tests.Linq.TestTargets.TestTargetModel]]:Warning:&gt;
	5 parsed to 5 (System.Int32)
Eliassen.System.Linq.ConsoleLogger`1[Eliassen.System.Linq.Search.SortBuilder`1[Eliassen.System.Tests.Linq.TestTargets.TestTargetModel]]:Warning:&gt;
	Force sort by 0 applied for Eliassen.System.Tests.Linq.TestTargets.TestTargetModel</StdErr>
      </Output>
      <ResultFiles>
        <ResultFile path="DESKTOP-3FN5V33\EnumerableQuery_1-QueryableExtensionsTests_ExecuteByTestFilter(144)-638422962245494650.json" />
        <ResultFile path="DESKTOP-3FN5V33\PagedQueryResult_1-QueryableExtensionsTests_ExecuteByTestFilter(146)-638422962245611381.json" />
        <ResultFile path="DESKTOP-3FN5V33\SearchQuery-QueryableExtensionsTests_ExecuteByTestFilter(142)-638422962245467821.json" />
      </ResultFiles>
    </UnitTestResult>
    <UnitTestResult executionId="8f89ac43-17e6-442d-811d-5c25c71bb34f" testId="e350703c-47df-56f0-b995-a52c38b53eca" testName="MakeSafeTest (System.Nullable`1[System.Int32],1,1)" computerName="DESKTOP-3FN5V33" duration="00:00:00.0001734" startTime="2024-01-31T11:10:24.0534228-05:00" endTime="2024-01-31T11:10:24.1863293-05:00" testType="13cdc9d9-ddb5-4fa4-a97d-d965ccfc6d4b" outcome="Passed" testListId="8c84fa94-04c1-424b-9868-57a2d4851a1d" relativeResultsDirectory="8f89ac43-17e6-442d-811d-5c25c71bb34f" xmlns="http://microsoft.com/schemas/VisualStudio/TeamTest/2010" />
    <UnitTestResult executionId="e9c57b4a-0a59-4f4c-8225-3b8e7b42f765" testId="a3f03b01-d34d-ff82-25a2-0a34018179c7" testName="ToEnumTest (test description,WithDescription)" computerName="DESKTOP-3FN5V33" duration="00:00:00.0001783" startTime="2024-01-31T11:10:24.0423975-05:00" endTime="2024-01-31T11:10:24.0428721-05:00" testType="13cdc9d9-ddb5-4fa4-a97d-d965ccfc6d4b" outcome="Passed" testListId="8c84fa94-04c1-424b-9868-57a2d4851a1d" relativeResultsDirectory="e9c57b4a-0a59-4f4c-8225-3b8e7b42f765" xmlns="http://microsoft.com/schemas/VisualStudio/TeamTest/2010" />
    <UnitTestResult executionId="c3ae322f-948a-4bfc-aa8d-75aaf6495bcf" testId="e350703c-47df-56f0-b995-a52c38b53eca" testName="MakeSafeTest (System.AttributeTargets,16,Enum)" computerName="DESKTOP-3FN5V33" duration="00:00:00.0000194" startTime="2024-01-31T11:10:24.0534228-05:00" endTime="2024-01-31T11:10:24.1863293-05:00" testType="13cdc9d9-ddb5-4fa4-a97d-d965ccfc6d4b" outcome="Passed" testListId="8c84fa94-04c1-424b-9868-57a2d4851a1d" relativeResultsDirectory="c3ae322f-948a-4bfc-aa8d-75aaf6495bcf" xmlns="http://microsoft.com/schemas/VisualStudio/TeamTest/2010" />
    <UnitTestResult executionId="862c60b5-327d-42dd-90ca-5fe35b2149c6" testId="e350703c-47df-56f0-b995-a52c38b53eca" testName="MakeSafeTest (System.Nullable`1[System.Guid],18AACB9C-2989-4322-A490-C7167BEA0DB4,18aacb9c-2989-4322-a490-c7167bea0db4)" computerName="DESKTOP-3FN5V33" duration="00:00:00.0001778" startTime="2024-01-31T11:10:24.0534228-05:00" endTime="2024-01-31T11:10:24.1863293-05:00" testType="13cdc9d9-ddb5-4fa4-a97d-d965ccfc6d4b" outcome="Passed" testListId="8c84fa94-04c1-424b-9868-57a2d4851a1d" relativeResultsDirectory="862c60b5-327d-42dd-90ca-5fe35b2149c6" xmlns="http://microsoft.com/schemas/VisualStudio/TeamTest/2010" />
    <UnitTestResult executionId="fef95121-e018-45ae-9353-7cd2e9ec803c" testId="a7d78227-c63c-3e96-292c-bbd5ac9217f2" testName="GetHash (Hello World!,hhhE1nBOhXP+w02WfiC8/vPUJM9IvgTm3AjyvVjHKXQzcQFerYkcw88cnTS0kmS1EHUbH/nlN5N7xGtdb/TsyA==)" computerName="DESKTOP-3FN5V33" duration="00:00:00.0007649" startTime="2024-01-31T11:10:23.9753329-05:00" endTime="2024-01-31T11:10:23.9763756-05:00" testType="13cdc9d9-ddb5-4fa4-a97d-d965ccfc6d4b" outcome="Passed" testListId="8c84fa94-04c1-424b-9868-57a2d4851a1d" relativeResultsDirectory="fef95121-e018-45ae-9353-7cd2e9ec803c" xmlns="http://microsoft.com/schemas/VisualStudio/TeamTest/2010">
      <Output>
        <StdOut>TestContext Messages:
"Hello World!" =&gt; "hhhE1nBOhXP+w02WfiC8/vPUJM9IvgTm3AjyvVjHKXQzcQFerYkcw88cnTS0kmS1EHUbH/nlN5N7xGtdb/TsyA=="</StdOut>
      </Output>
    </UnitTestResult>
    <UnitTestResult executionId="fbe66c40-cc58-4fcd-8390-09189a85fe6f" testId="7fd160bc-3b5b-e6e2-40ae-1974536260f2" testName="TryParseTest (System.Double,nope,False,)" computerName="DESKTOP-3FN5V33" duration="00:00:00.0000434" startTime="2024-01-31T11:10:24.1938593-05:00" endTime="2024-01-31T11:10:24.1956731-05:00" testType="13cdc9d9-ddb5-4fa4-a97d-d965ccfc6d4b" outcome="Passed" testListId="8c84fa94-04c1-424b-9868-57a2d4851a1d" relativeResultsDirectory="fbe66c40-cc58-4fcd-8390-09189a85fe6f" xmlns="http://microsoft.com/schemas/VisualStudio/TeamTest/2010" />
    <UnitTestResult executionId="b866a0cc-2f9e-4ada-8b48-750a73de1708" testId="39cb097d-2ac2-473c-1a2c-0b1503361457" testName="ExecuteByTest_Page (0,1,1000,1000,0,1,0)" computerName="DESKTOP-3FN5V33" duration="00:00:00.0178582" startTime="2024-01-31T11:10:28.4646201-05:00" endTime="2024-01-31T11:10:28.4830175-05:00" testType="13cdc9d9-ddb5-4fa4-a97d-d965ccfc6d4b" outcome="Passed" testListId="8c84fa94-04c1-424b-9868-57a2d4851a1d" relativeResultsDirectory="b866a0cc-2f9e-4ada-8b48-750a73de1708" xmlns="http://microsoft.com/schemas/VisualStudio/TeamTest/2010">
      <Output>
        <StdOut>Eliassen.System.Linq.ConsoleLogger`1[Eliassen.System.Linq.Search.QueryBuilder]:Information:&gt;
	Build query for CurrentPage: 0
PageSize: 1
ExcludePageCount: False
SearchTerm: (null)

Eliassen.System.Linq.ConsoleLogger`1[Eliassen.System.Linq.Search.QueryBuilder]:Information:&gt;
	Execute (paged): System.Linq.Enumerable+SelectRangeIterator`1[Eliassen.System.Tests.Linq.TestTargets.TestTargetModel].OrderBy(_ =&gt; 0).Skip(0).Take(1)



TestContext Messages:
SearchQuery-QueryableExtensionsTests_ExecuteByTest_Page(296)-638422962284654279.json: Attached
EnumerableQuery_1-QueryableExtensionsTests_ExecuteByTest_Page(298)-638422962284689655.json: Attached
PagedQueryResult_1-QueryableExtensionsTests_ExecuteByTest_Page(300)-638422962284790058.json: Attached
resultKeys: 0</StdOut>
        <StdErr>Eliassen.System.Linq.ConsoleLogger`1[Eliassen.System.Linq.Search.QueryBuilder]:Warning:&gt;
	No filtering detected: System.Linq.Enumerable+SelectRangeIterator`1[Eliassen.System.Tests.Linq.TestTargets.TestTargetModel]: CurrentPage: 0
PageSize: 1
ExcludePageCount: False
SearchTerm: (null)

Eliassen.System.Linq.ConsoleLogger`1[Eliassen.System.Linq.Search.SortBuilder`1[Eliassen.System.Tests.Linq.TestTargets.TestTargetModel]]:Warning:&gt;
	Force sort by 0 applied for Eliassen.System.Tests.Linq.TestTargets.TestTargetModel</StdErr>
      </Output>
      <ResultFiles>
        <ResultFile path="DESKTOP-3FN5V33\EnumerableQuery_1-QueryableExtensionsTests_ExecuteByTest_Page(298)-638422962284689655.json" />
        <ResultFile path="DESKTOP-3FN5V33\PagedQueryResult_1-QueryableExtensionsTests_ExecuteByTest_Page(300)-638422962284790058.json" />
        <ResultFile path="DESKTOP-3FN5V33\SearchQuery-QueryableExtensionsTests_ExecuteByTest_Page(296)-638422962284654279.json" />
      </ResultFiles>
    </UnitTestResult>
    <UnitTestResult executionId="cdc43200-23fc-4e79-9d2e-3f2b40cdc1d3" testId="e350703c-47df-56f0-b995-a52c38b53eca" testName="MakeSafeTest (System.Nullable`1[System.Double],nope,)" computerName="DESKTOP-3FN5V33" duration="00:00:00.0001152" startTime="2024-01-31T11:10:24.0534228-05:00" endTime="2024-01-31T11:10:24.1863293-05:00" testType="13cdc9d9-ddb5-4fa4-a97d-d965ccfc6d4b" outcome="Passed" testListId="8c84fa94-04c1-424b-9868-57a2d4851a1d" relativeResultsDirectory="cdc43200-23fc-4e79-9d2e-3f2b40cdc1d3" xmlns="http://microsoft.com/schemas/VisualStudio/TeamTest/2010" />
    <UnitTestResult executionId="1a6f9f6f-fc31-49a1-bb84-8c48530ae9bd" testId="cde968fd-b220-e483-e127-75958f75b2b3" testName="VisitTest_Equals (Hello,HELLO,True)" computerName="DESKTOP-3FN5V33" duration="00:00:00.0008126" startTime="2024-01-31T11:10:28.6509776-05:00" endTime="2024-01-31T11:10:28.6520961-05:00" testType="13cdc9d9-ddb5-4fa4-a97d-d965ccfc6d4b" outcome="Passed" testListId="8c84fa94-04c1-424b-9868-57a2d4851a1d" relativeResultsDirectory="1a6f9f6f-fc31-49a1-bb84-8c48530ae9bd" xmlns="http://microsoft.com/schemas/VisualStudio/TeamTest/2010">
      <Output>
        <StdOut>Eliassen.System.Linq.ConsoleLogger`1[Eliassen.System.Linq.Expressions.StringComparisonReplacementExpressionVisitor]:Debug:&gt;
	Replace: e.Equals(value(Eliassen.System.Tests.Linq.Expressions.StringComparisonReplacementExpressionVisitorTests+&lt;&gt;c__DisplayClass5_0).matched) with e.Equals(value(Eliassen.System.Tests.Linq.Expressions.StringComparisonReplacementExpressionVisitorTests+&lt;&gt;c__DisplayClass5_0).matched, CurrentCultureIgnoreCase)



TestContext Messages:
expression: e =&gt; e.Equals(value(Eliassen.System.Tests.Linq.Expressions.StringComparisonReplacementExpressionVisitorTests+&lt;&gt;c__DisplayClass5_0).matched)
visited: e =&gt; e.Equals(value(Eliassen.System.Tests.Linq.Expressions.StringComparisonReplacementExpressionVisitorTests+&lt;&gt;c__DisplayClass5_0).matched, CurrentCultureIgnoreCase)</StdOut>
      </Output>
    </UnitTestResult>
    <UnitTestResult executionId="0afbdd03-15d9-4f74-8d81-78db8a6dd4b5" testId="b6498f29-1231-5fcf-4954-1746daa0500d" testName="ExecuteByTest_Filter (Eliassen.System.Tests.Linq.TestTargets.TestTargetModel,Index,EqualTo,1,1,1)" computerName="DESKTOP-3FN5V33" duration="00:00:00.0167233" startTime="2024-01-31T11:10:24.2436838-05:00" endTime="2024-01-31T11:10:27.7575658-05:00" testType="13cdc9d9-ddb5-4fa4-a97d-d965ccfc6d4b" outcome="Passed" testListId="8c84fa94-04c1-424b-9868-57a2d4851a1d" relativeResultsDirectory="0afbdd03-15d9-4f74-8d81-78db8a6dd4b5" xmlns="http://microsoft.com/schemas/VisualStudio/TeamTest/2010">
      <Output>
        <StdOut>Eliassen.System.Linq.ConsoleLogger`1[Eliassen.System.Linq.Search.QueryBuilder]:Information:&gt;
	Build query for CurrentPage: 0
PageSize: 0
ExcludePageCount: False
SearchTerm: (null)
	F:Index: EqualTo: 1

Eliassen.System.Linq.ConsoleLogger`1[Eliassen.System.Linq.Search.QueryBuilder]:Information:&gt;
	Execute (paged): System.Linq.Enumerable+SelectRangeIterator`1[Eliassen.System.Tests.Linq.TestTargets.TestTargetModel].Where(n =&gt; (n.Index == 1)).OrderBy(_ =&gt; 0).Skip(0).Take(10)



TestContext Messages:
SearchQuery-QueryableExtensionsTests_ExecuteByTestFilter(142)-638422962244216184.json: Attached
EnumerableQuery_1-QueryableExtensionsTests_ExecuteByTestFilter(144)-638422962244242625.json: Attached
PagedQueryResult_1-QueryableExtensionsTests_ExecuteByTestFilter(146)-638422962244319916.json: Attached
resultKeys: 1</StdOut>
        <StdErr>Eliassen.System.Linq.ConsoleLogger`1[Eliassen.System.Linq.Expressions.ExpressionTreeBuilder`1[Eliassen.System.Tests.Linq.TestTargets.TestTargetModel]]:Warning:&gt;
	1 parsed to 1 (System.Int32)
Eliassen.System.Linq.ConsoleLogger`1[Eliassen.System.Linq.Search.SortBuilder`1[Eliassen.System.Tests.Linq.TestTargets.TestTargetModel]]:Warning:&gt;
	Force sort by 0 applied for Eliassen.System.Tests.Linq.TestTargets.TestTargetModel</StdErr>
      </Output>
      <ResultFiles>
        <ResultFile path="DESKTOP-3FN5V33\EnumerableQuery_1-QueryableExtensionsTests_ExecuteByTestFilter(144)-638422962244242625.json" />
        <ResultFile path="DESKTOP-3FN5V33\PagedQueryResult_1-QueryableExtensionsTests_ExecuteByTestFilter(146)-638422962244319916.json" />
        <ResultFile path="DESKTOP-3FN5V33\SearchQuery-QueryableExtensionsTests_ExecuteByTestFilter(142)-638422962244216184.json" />
      </ResultFiles>
    </UnitTestResult>
    <UnitTestResult executionId="4373d8d2-9b71-4000-ba46-e3861d9dde64" testId="b6498f29-1231-5fcf-4954-1746daa0500d" testName="ExecuteByTest_Filter (Eliassen.System.Tests.Linq.TestTargets.TestTargetModel,Name,InSet,System.String[],3,1,2,3)" computerName="DESKTOP-3FN5V33" duration="00:00:00.0225865" startTime="2024-01-31T11:10:24.2436838-05:00" endTime="2024-01-31T11:10:27.7575658-05:00" testType="13cdc9d9-ddb5-4fa4-a97d-d965ccfc6d4b" outcome="Passed" testListId="8c84fa94-04c1-424b-9868-57a2d4851a1d" relativeResultsDirectory="4373d8d2-9b71-4000-ba46-e3861d9dde64" xmlns="http://microsoft.com/schemas/VisualStudio/TeamTest/2010">
      <Output>
        <StdOut>Eliassen.System.Linq.ConsoleLogger`1[Eliassen.System.Linq.Search.QueryBuilder]:Information:&gt;
	Build query for CurrentPage: 0
PageSize: 0
ExcludePageCount: False
SearchTerm: (null)
	F:Name: InSet: Name1; Name2; Name3

Eliassen.System.Linq.ConsoleLogger`1[Eliassen.System.Linq.Search.QueryBuilder]:Information:&gt;
	Execute (paged): System.Linq.Enumerable+SelectRangeIterator`1[Eliassen.System.Tests.Linq.TestTargets.TestTargetModel].Where(n =&gt; value(System.String[]).Contains(n.Name)).OrderBy(_ =&gt; 0).Skip(0).Take(10)



TestContext Messages:
SearchQuery-QueryableExtensionsTests_ExecuteByTestFilter(142)-638422962244566817.json: Attached
EnumerableQuery_1-QueryableExtensionsTests_ExecuteByTestFilter(144)-638422962244595327.json: Attached
PagedQueryResult_1-QueryableExtensionsTests_ExecuteByTestFilter(146)-638422962244730628.json: Attached
resultKeys: 1,2,3</StdOut>
        <StdErr>Eliassen.System.Linq.ConsoleLogger`1[Eliassen.System.Linq.Search.SortBuilder`1[Eliassen.System.Tests.Linq.TestTargets.TestTargetModel]]:Warning:&gt;
	Force sort by 0 applied for Eliassen.System.Tests.Linq.TestTargets.TestTargetModel</StdErr>
      </Output>
      <ResultFiles>
        <ResultFile path="DESKTOP-3FN5V33\EnumerableQuery_1-QueryableExtensionsTests_ExecuteByTestFilter(144)-638422962244595327.json" />
        <ResultFile path="DESKTOP-3FN5V33\PagedQueryResult_1-QueryableExtensionsTests_ExecuteByTestFilter(146)-638422962244730628.json" />
        <ResultFile path="DESKTOP-3FN5V33\SearchQuery-QueryableExtensionsTests_ExecuteByTestFilter(142)-638422962244566817.json" />
      </ResultFiles>
    </UnitTestResult>
    <UnitTestResult executionId="1c9fa446-d5c2-4648-83f8-dfcaa656946a" testId="e350703c-47df-56f0-b995-a52c38b53eca" testName="MakeSafeTest (System.Double,nope,)" computerName="DESKTOP-3FN5V33" duration="00:00:00.0008641" startTime="2024-01-31T11:10:24.0534228-05:00" endTime="2024-01-31T11:10:24.1863293-05:00" testType="13cdc9d9-ddb5-4fa4-a97d-d965ccfc6d4b" outcome="Passed" testListId="8c84fa94-04c1-424b-9868-57a2d4851a1d" relativeResultsDirectory="1c9fa446-d5c2-4648-83f8-dfcaa656946a" xmlns="http://microsoft.com/schemas/VisualStudio/TeamTest/2010" />
    <UnitTestResult executionId="bc44136c-b62a-48db-ace7-82e1352ba245" testId="67b6a854-1fe4-5528-77d6-501bd90b9a20" testName="GetShortTypeNameTests (System.String,System.String, System.Private.CoreLib)" computerName="DESKTOP-3FN5V33" duration="00:00:00.0003163" startTime="2024-01-31T11:10:24.1991203-05:00" endTime="2024-01-31T11:10:24.1999509-05:00" testType="13cdc9d9-ddb5-4fa4-a97d-d965ccfc6d4b" outcome="Passed" testListId="8c84fa94-04c1-424b-9868-57a2d4851a1d" relativeResultsDirectory="bc44136c-b62a-48db-ace7-82e1352ba245" xmlns="http://microsoft.com/schemas/VisualStudio/TeamTest/2010" />
    <UnitTestResult executionId="16f45d40-3aeb-468a-8e2d-17d57976980d" testId="e350703c-47df-56f0-b995-a52c38b53eca" testName="MakeSafeTest (System.String,Hello World,Hello World)" computerName="DESKTOP-3FN5V33" duration="00:00:00.1091096" startTime="2024-01-31T11:10:24.0534228-05:00" endTime="2024-01-31T11:10:24.1863293-05:00" testType="13cdc9d9-ddb5-4fa4-a97d-d965ccfc6d4b" outcome="Passed" testListId="8c84fa94-04c1-424b-9868-57a2d4851a1d" relativeResultsDirectory="16f45d40-3aeb-468a-8e2d-17d57976980d" xmlns="http://microsoft.com/schemas/VisualStudio/TeamTest/2010" />
    <UnitTestResult executionId="9081136b-1588-4c3c-ba51-029c544bc20a" testId="b6498f29-1231-5fcf-4954-1746daa0500d" testName="ExecuteByTest_Filter (Eliassen.System.Tests.Linq.TestTargets.TestTargetExtendedModel,Date,LessThan,2020-03-01T01:01:01,4,-1,0,1,2)" computerName="DESKTOP-3FN5V33" duration="00:00:00.1493124" startTime="2024-01-31T11:10:24.2436838-05:00" endTime="2024-01-31T11:10:27.7575658-05:00" testType="13cdc9d9-ddb5-4fa4-a97d-d965ccfc6d4b" outcome="Passed" testListId="8c84fa94-04c1-424b-9868-57a2d4851a1d" relativeResultsDirectory="9081136b-1588-4c3c-ba51-029c544bc20a" xmlns="http://microsoft.com/schemas/VisualStudio/TeamTest/2010">
      <Output>
        <StdOut>Eliassen.System.Linq.ConsoleLogger`1[Eliassen.System.Linq.Search.QueryBuilder]:Information:&gt;
	Build query for CurrentPage: 0
PageSize: 0
ExcludePageCount: False
SearchTerm: (null)
	F:Date: LessThan: 2020-03-01T01:01:01

Eliassen.System.Linq.ConsoleLogger`1[Eliassen.System.Linq.Search.SortBuilder`1[Eliassen.System.Tests.Linq.TestTargets.TestTargetExtendedModel]]:Information:&gt;
	Applying default sort for Eliassen.System.Tests.Linq.TestTargets.TestTargetExtendedModel: (Index, Ascending)
Eliassen.System.Linq.ConsoleLogger`1[Eliassen.System.Linq.Search.QueryBuilder]:Information:&gt;
	Execute (paged): System.Linq.Enumerable+SelectRangeIterator`1[Eliassen.System.Tests.Linq.TestTargets.TestTargetExtendedModel].Where(n =&gt; (n.Date &lt; 3/1/2020 1:01:01 AM)).OrderBy(n =&gt; Convert(n.Index, Object)).Skip(0).Take(10)



TestContext Messages:
SearchQuery-QueryableExtensionsTests_ExecuteByTestFilter(142)-638422962256846375.json: Attached
EnumerableQuery_1-QueryableExtensionsTests_ExecuteByTestFilter(144)-638422962256866337.json: Attached
PagedQueryResult_1-QueryableExtensionsTests_ExecuteByTestFilter(146)-638422962258273758.json: Attached
resultKeys: -1,0,1,2</StdOut>
        <StdErr>Eliassen.System.Linq.ConsoleLogger`1[Eliassen.System.Linq.Expressions.ExpressionTreeBuilder`1[Eliassen.System.Tests.Linq.TestTargets.TestTargetExtendedModel]]:Warning:&gt;
	2020-03-01T01:01:01 parsed to 03/01/2020 01:01:01 (System.DateTime)</StdErr>
      </Output>
      <ResultFiles>
        <ResultFile path="DESKTOP-3FN5V33\EnumerableQuery_1-QueryableExtensionsTests_ExecuteByTestFilter(144)-638422962256866337.json" />
        <ResultFile path="DESKTOP-3FN5V33\PagedQueryResult_1-QueryableExtensionsTests_ExecuteByTestFilter(146)-638422962258273758.json" />
        <ResultFile path="DESKTOP-3FN5V33\SearchQuery-QueryableExtensionsTests_ExecuteByTestFilter(142)-638422962256846375.json" />
      </ResultFiles>
    </UnitTestResult>
    <UnitTestResult executionId="43cac60d-d102-4b1a-a6b1-c75683278881" testId="67b6a854-1fe4-5528-77d6-501bd90b9a20" testName="GetShortTypeNameTests (Eliassen.System.Tests.Reflection.ReflectionExtensionsTests,Eliassen.System.Tests.Reflection.ReflectionExtensionsTests, Eliassen.System.Tests)" computerName="DESKTOP-3FN5V33" duration="00:00:00.0002210" startTime="2024-01-31T11:10:24.1991203-05:00" endTime="2024-01-31T11:10:24.1999509-05:00" testType="13cdc9d9-ddb5-4fa4-a97d-d965ccfc6d4b" outcome="Passed" testListId="8c84fa94-04c1-424b-9868-57a2d4851a1d" relativeResultsDirectory="43cac60d-d102-4b1a-a6b1-c75683278881" xmlns="http://microsoft.com/schemas/VisualStudio/TeamTest/2010" />
    <UnitTestResult executionId="9517b9da-f160-4475-be86-844032bad020" testId="63fad722-7037-7050-fa28-b32ff1a4ec2f" testName="GetResourceStreamTest_ByType" computerName="DESKTOP-3FN5V33" duration="00:00:00.0000984" startTime="2024-01-31T11:10:24.2050089-05:00" endTime="2024-01-31T11:10:24.2052038-05:00" testType="13cdc9d9-ddb5-4fa4-a97d-d965ccfc6d4b" outcome="Passed" testListId="8c84fa94-04c1-424b-9868-57a2d4851a1d" relativeResultsDirectory="9517b9da-f160-4475-be86-844032bad020" xmlns="http://microsoft.com/schemas/VisualStudio/TeamTest/2010" />
    <UnitTestResult executionId="17709dbf-73bd-4eb7-8775-5457cc7baefe" testId="38ea670b-dab3-e76c-4456-b085aea47bcf" testName="ToEnumTest (test display,WithDisplay)" computerName="DESKTOP-3FN5V33" duration="00:00:00.0001385" startTime="2024-01-31T11:10:24.0441152-05:00" endTime="2024-01-31T11:10:24.0444882-05:00" testType="13cdc9d9-ddb5-4fa4-a97d-d965ccfc6d4b" outcome="Passed" testListId="8c84fa94-04c1-424b-9868-57a2d4851a1d" relativeResultsDirectory="17709dbf-73bd-4eb7-8775-5457cc7baefe" xmlns="http://microsoft.com/schemas/VisualStudio/TeamTest/2010" />
    <UnitTestResult executionId="0a02babf-a0da-43ed-80d7-308a646ee947" testId="5bb4fd62-5d31-f92e-3aec-4b3c222ba16c" testName="GetTestDataAsyncTest_String" computerName="DESKTOP-3FN5V33" duration="00:00:00.0085562" startTime="2024-01-31T11:10:40.5179503-05:00" endTime="2024-01-31T11:10:40.5268814-05:00" testType="13cdc9d9-ddb5-4fa4-a97d-d965ccfc6d4b" outcome="Passed" testListId="8c84fa94-04c1-424b-9868-57a2d4851a1d" relativeResultsDirectory="0a02babf-a0da-43ed-80d7-308a646ee947" xmlns="http://microsoft.com/schemas/VisualStudio/TeamTest/2010" />
    <UnitTestResult executionId="51f9daf1-774e-4c2c-8abe-ea906fa2b2e3" testId="4173abf6-6eee-31f5-7205-ad46c7104d49" testName="AddResultFileTest_FileContent" computerName="DESKTOP-3FN5V33" duration="00:00:00.0175951" startTime="2024-01-31T11:10:40.0225890-05:00" endTime="2024-01-31T11:10:40.0406973-05:00" testType="13cdc9d9-ddb5-4fa4-a97d-d965ccfc6d4b" outcome="Passed" testListId="8c84fa94-04c1-424b-9868-57a2d4851a1d" relativeResultsDirectory="51f9daf1-774e-4c2c-8abe-ea906fa2b2e3" xmlns="http://microsoft.com/schemas/VisualStudio/TeamTest/2010">
      <ResultFiles>
        <ResultFile path="DESKTOP-3FN5V33\test-file.txt" />
      </ResultFiles>
    </UnitTestResult>
    <UnitTestResult executionId="68a07887-0ac6-4395-8871-9b82f90675a9" testId="bb6d8621-db33-2366-8e82-a87beebdef19" testName="AddResultTest_Stream" computerName="DESKTOP-3FN5V33" duration="00:00:00.0045058" startTime="2024-01-31T11:10:39.8966125-05:00" endTime="2024-01-31T11:10:39.9015302-05:00" testType="13cdc9d9-ddb5-4fa4-a97d-d965ccfc6d4b" outcome="Passed" testListId="8c84fa94-04c1-424b-9868-57a2d4851a1d" relativeResultsDirectory="68a07887-0ac6-4395-8871-9b82f90675a9" xmlns="http://microsoft.com/schemas/VisualStudio/TeamTest/2010">
      <Output>
        <StdOut>TestContext Messages:
MemoryStream-TextContextExtensionsTests_AddResultTest_Stream(170)-638422962398971828.bin: Attached</StdOut>
      </Output>
      <ResultFiles>
        <ResultFile path="DESKTOP-3FN5V33\MemoryStream-TextContextExtensionsTests_AddResultTest_Stream(170)-638422962398971828.bin" />
      </ResultFiles>
    </UnitTestResult>
    <UnitTestResult executionId="00bc5092-27c3-450b-9e2d-d7dad6bee2e7" testId="419ef0dc-c4eb-bdc4-db64-68fe0fa43397" testName="AddResultTest_Object" computerName="DESKTOP-3FN5V33" duration="00:00:00.4752547" startTime="2024-01-31T11:10:39.2492499-05:00" endTime="2024-01-31T11:10:39.8064580-05:00" testType="13cdc9d9-ddb5-4fa4-a97d-d965ccfc6d4b" outcome="Passed" testListId="8c84fa94-04c1-424b-9868-57a2d4851a1d" relativeResultsDirectory="00bc5092-27c3-450b-9e2d-d7dad6bee2e7" xmlns="http://microsoft.com/schemas/VisualStudio/TeamTest/2010">
      <Output>
        <StdOut>TestContext Messages:
TestData-TextContextExtensionsTests_AddResultTest_Object(30)-638422962397478739.json: Attached</StdOut>
      </Output>
      <ResultFiles>
        <ResultFile path="DESKTOP-3FN5V33\TestData-TextContextExtensionsTests_AddResultTest_Object(30)-638422962397478739.json" />
      </ResultFiles>
    </UnitTestResult>
    <UnitTestResult executionId="2b36b23f-378e-4cd9-b9f9-344305070c12" testId="94603f64-5739-e688-dcfd-6687308b4a9a" testName="AddResultTest_Object_WithFileNameRemoveExtension" computerName="DESKTOP-3FN5V33" duration="00:00:00.0096779" startTime="2024-01-31T11:10:39.8845943-05:00" endTime="2024-01-31T11:10:39.8946437-05:00" testType="13cdc9d9-ddb5-4fa4-a97d-d965ccfc6d4b" outcome="Passed" testListId="8c84fa94-04c1-424b-9868-57a2d4851a1d" relativeResultsDirectory="2b36b23f-378e-4cd9-b9f9-344305070c12" xmlns="http://microsoft.com/schemas/VisualStudio/TeamTest/2010">
      <Output>
        <StdOut>TestContext Messages:
TestFileName-TextContextExtensionsTests_AddResultTest_Object_WithFileNameRemoveExtension(150)-638422962398850600: Attached</StdOut>
      </Output>
      <ResultFiles>
        <ResultFile path="DESKTOP-3FN5V33\TestFileName-TextContextExtensionsTests_AddResultTest_Object_WithFileNameRemoveExtension(150)-638422962398850600" />
      </ResultFiles>
    </UnitTestResult>
    <UnitTestResult executionId="00c32b4a-b724-4b50-b93e-ca6a885c9995" testId="726abc2c-502d-4a5c-e2c7-073f21d793da" testName="AddResultFileTest_FileContentOutFile" computerName="DESKTOP-3FN5V33" duration="00:00:00.0176767" startTime="2024-01-31T11:10:40.0464783-05:00" endTime="2024-01-31T11:10:40.0645693-05:00" testType="13cdc9d9-ddb5-4fa4-a97d-d965ccfc6d4b" outcome="Passed" testListId="8c84fa94-04c1-424b-9868-57a2d4851a1d" relativeResultsDirectory="00c32b4a-b724-4b50-b93e-ca6a885c9995" xmlns="http://microsoft.com/schemas/VisualStudio/TeamTest/2010">
      <Output>
        <StdOut>TestContext Messages:
c:\Repos\Nucleus\Net.Libs\TestResults\Deploy_MWhited 20240131T111039[1]\In\DESKTOP-3FN5V33\test-file.txt</StdOut>
      </Output>
      <ResultFiles>
        <ResultFile path="DESKTOP-3FN5V33\test-file.txt" />
      </ResultFiles>
    </UnitTestResult>
    <UnitTestResult executionId="e407646a-1c5c-4a37-a0f7-8620d7d620ec" testId="09f85366-159b-5dce-cdaa-bbbd3e98347c" testName="GetTestDataAsyncTest_Stream" computerName="DESKTOP-3FN5V33" duration="00:00:00.0089169" startTime="2024-01-31T11:10:40.5280864-05:00" endTime="2024-01-31T11:10:40.5389926-05:00" testType="13cdc9d9-ddb5-4fa4-a97d-d965ccfc6d4b" outcome="Passed" testListId="8c84fa94-04c1-424b-9868-57a2d4851a1d" relativeResultsDirectory="e407646a-1c5c-4a37-a0f7-8620d7d620ec" xmlns="http://microsoft.com/schemas/VisualStudio/TeamTest/2010" />
    <UnitTestResult executionId="8d11bf38-8230-4b52-9949-632bd71906cb" testId="35da343a-5826-ac4c-688a-c2bbf7572a30" testName="AddResultTest_ValueOutFile" computerName="DESKTOP-3FN5V33" duration="00:00:00.0200811" startTime="2024-01-31T11:10:40.0002642-05:00" endTime="2024-01-31T11:10:40.0207632-05:00" testType="13cdc9d9-ddb5-4fa4-a97d-d965ccfc6d4b" outcome="Passed" testListId="8c84fa94-04c1-424b-9868-57a2d4851a1d" relativeResultsDirectory="8d11bf38-8230-4b52-9949-632bd71906cb" xmlns="http://microsoft.com/schemas/VisualStudio/TeamTest/2010">
      <Output>
        <StdOut>TestContext Messages:
TestData-TextContextExtensionsTests_AddResultTest_ValueOutFile(210)-638422962400007357.json: Attached
c:\Repos\Nucleus\Net.Libs\TestResults\Deploy_MWhited 20240131T111039[1]\In\DESKTOP-3FN5V33\TestData-TextContextExtensionsTests_AddResultTest_ValueOutFile(210)-638422962400007357.json</StdOut>
      </Output>
      <ResultFiles>
        <ResultFile path="DESKTOP-3FN5V33\TestData-TextContextExtensionsTests_AddResultTest_ValueOutFile(210)-638422962400007357.json" />
      </ResultFiles>
    </UnitTestResult>
    <UnitTestResult executionId="4c70d766-3f64-4b33-be20-b301aef984fd" testId="de980556-11bb-d6e9-c03a-e5592a3218d5" testName="AddResultTest_String" computerName="DESKTOP-3FN5V33" duration="00:00:00.0041058" startTime="2024-01-31T11:10:39.8248021-05:00" endTime="2024-01-31T11:10:39.8294916-05:00" testType="13cdc9d9-ddb5-4fa4-a97d-d965ccfc6d4b" outcome="Passed" testListId="8c84fa94-04c1-424b-9868-57a2d4851a1d" relativeResultsDirectory="4c70d766-3f64-4b33-be20-b301aef984fd" xmlns="http://microsoft.com/schemas/VisualStudio/TeamTest/2010">
      <Output>
        <StdOut>TestContext Messages:
String-TextContextExtensionsTests_AddResultTest_String(50)-638422962398257059.txt: Attached</StdOut>
      </Output>
      <ResultFiles>
        <ResultFile path="DESKTOP-3FN5V33\String-TextContextExtensionsTests_AddResultTest_String(50)-638422962398257059.txt" />
      </ResultFiles>
    </UnitTestResult>
    <UnitTestResult executionId="d6c5ad20-f418-44ad-a0ac-301f42d67a59" testId="6e40d08d-5283-ed81-5042-cf4b25b8a9b0" testName="AddResultTest_Object_WithFileNameAndChangeExtension" computerName="DESKTOP-3FN5V33" duration="00:00:00.0238912" startTime="2024-01-31T11:10:39.8586389-05:00" endTime="2024-01-31T11:10:39.8829199-05:00" testType="13cdc9d9-ddb5-4fa4-a97d-d965ccfc6d4b" outcome="Passed" testListId="8c84fa94-04c1-424b-9868-57a2d4851a1d" relativeResultsDirectory="d6c5ad20-f418-44ad-a0ac-301f42d67a59" xmlns="http://microsoft.com/schemas/VisualStudio/TeamTest/2010">
      <Output>
        <StdOut>TestContext Messages:
TestFileName-TextContextExtensionsTests_AddResultTest_Object_WithFileNameAndChangeExtension(130)-638422962398592010.html: Attached</StdOut>
      </Output>
      <ResultFiles>
        <ResultFile path="DESKTOP-3FN5V33\TestFileName-TextContextExtensionsTests_AddResultTest_Object_WithFileNameAndChangeExtension(130)-638422962398592010.html" />
      </ResultFiles>
    </UnitTestResult>
    <UnitTestResult executionId="bdadeff2-d86f-429b-bfca-8868876b0664" testId="ed2eb3a8-9a8f-8428-0d0a-7e6a2f6200e2" testName="AddResultTest_Lines" computerName="DESKTOP-3FN5V33" duration="00:00:00.0082060" startTime="2024-01-31T11:10:39.8319690-05:00" endTime="2024-01-31T11:10:39.8405516-05:00" testType="13cdc9d9-ddb5-4fa4-a97d-d965ccfc6d4b" outcome="Passed" testListId="8c84fa94-04c1-424b-9868-57a2d4851a1d" relativeResultsDirectory="bdadeff2-d86f-429b-bfca-8868876b0664" xmlns="http://microsoft.com/schemas/VisualStudio/TeamTest/2010">
      <Output>
        <StdOut>TestContext Messages:
String[]-TextContextExtensionsTests_AddResultTest_Lines(70)-638422962398325917.txt: Attached</StdOut>
      </Output>
      <ResultFiles>
        <ResultFile path="DESKTOP-3FN5V33\String[]-TextContextExtensionsTests_AddResultTest_Lines(70)-638422962398325917.txt" />
      </ResultFiles>
    </UnitTestResult>
    <UnitTestResult executionId="95d8a9d4-cc87-4389-a2a6-dc43ad2f76bf" testId="8aec3498-0c1a-9091-2458-51d1c67933bf" testName="AddResultTest_Json" computerName="DESKTOP-3FN5V33" duration="00:00:00.0144921" startTime="2024-01-31T11:10:39.9030998-05:00" endTime="2024-01-31T11:10:39.9185030-05:00" testType="13cdc9d9-ddb5-4fa4-a97d-d965ccfc6d4b" outcome="Passed" testListId="8c84fa94-04c1-424b-9868-57a2d4851a1d" relativeResultsDirectory="95d8a9d4-cc87-4389-a2a6-dc43ad2f76bf" xmlns="http://microsoft.com/schemas/VisualStudio/TeamTest/2010">
      <Output>
        <StdOut>TestContext Messages:
JObject-TextContextExtensionsTests_AddResultTest_Json(190)-638422962399050037.json: Attached</StdOut>
      </Output>
      <ResultFiles>
        <ResultFile path="DESKTOP-3FN5V33\JObject-TextContextExtensionsTests_AddResultTest_Json(190)-638422962399050037.json" />
      </ResultFiles>
    </UnitTestResult>
    <UnitTestResult executionId="61e5e211-e150-4f97-b7f0-cc6b68c86a76" testId="01e51d56-c992-5e2d-f6ea-cf3f1977a589" testName="GetTestDataAsyncTest_Targeted" computerName="DESKTOP-3FN5V33" duration="00:00:00.0096593" startTime="2024-01-31T11:10:40.5064211-05:00" endTime="2024-01-31T11:10:40.5166027-05:00" testType="13cdc9d9-ddb5-4fa4-a97d-d965ccfc6d4b" outcome="Passed" testListId="8c84fa94-04c1-424b-9868-57a2d4851a1d" relativeResultsDirectory="61e5e211-e150-4f97-b7f0-cc6b68c86a76" xmlns="http://microsoft.com/schemas/VisualStudio/TeamTest/2010" />
    <UnitTestResult executionId="11154eda-0a1c-476d-bfdd-37fc0396f78f" testId="4756cbfe-51aa-abcc-147f-e97a51057db5" testName="AddResultTest_Object_WithFileNameNoExtension" computerName="DESKTOP-3FN5V33" duration="00:00:00.0046897" startTime="2024-01-31T11:10:39.8422317-05:00" endTime="2024-01-31T11:10:39.8473909-05:00" testType="13cdc9d9-ddb5-4fa4-a97d-d965ccfc6d4b" outcome="Passed" testListId="8c84fa94-04c1-424b-9868-57a2d4851a1d" relativeResultsDirectory="11154eda-0a1c-476d-bfdd-37fc0396f78f" xmlns="http://microsoft.com/schemas/VisualStudio/TeamTest/2010">
      <Output>
        <StdOut>TestContext Messages:
TestFileName-TextContextExtensionsTests_AddResultTest_Object_WithFileNameNoExtension(90)-638422962398427913.json: Attached</StdOut>
      </Output>
      <ResultFiles>
        <ResultFile path="DESKTOP-3FN5V33\TestFileName-TextContextExtensionsTests_AddResultTest_Object_WithFileNameNoExtension(90)-638422962398427913.json" />
      </ResultFiles>
    </UnitTestResult>
    <UnitTestResult executionId="60f2f8c4-358a-418d-b8f9-84f322f270eb" testId="bfc7f80f-e281-5816-dc57-387e099d2a10" testName="AddResultTest_Object_WithFileNameAndExtension" computerName="DESKTOP-3FN5V33" duration="00:00:00.0078840" startTime="2024-01-31T11:10:39.8488819-05:00" endTime="2024-01-31T11:10:39.8571652-05:00" testType="13cdc9d9-ddb5-4fa4-a97d-d965ccfc6d4b" outcome="Passed" testListId="8c84fa94-04c1-424b-9868-57a2d4851a1d" relativeResultsDirectory="60f2f8c4-358a-418d-b8f9-84f322f270eb" xmlns="http://microsoft.com/schemas/VisualStudio/TeamTest/2010">
      <Output>
        <StdOut>TestContext Messages:
TestFileName-TextContextExtensionsTests_AddResultTest_Object_WithFileNameAndExtension(110)-638422962398493918.txt: Attached</StdOut>
      </Output>
      <ResultFiles>
        <ResultFile path="DESKTOP-3FN5V33\TestFileName-TextContextExtensionsTests_AddResultTest_Object_WithFileNameAndExtension(110)-638422962398493918.txt" />
      </ResultFiles>
    </UnitTestResult>
    <UnitTestResult executionId="d9bcf9c2-a8d8-4384-be4e-42e7b644154a" testId="b14f6909-8be4-5d0a-1d4e-766cb1e4abd6" testName="GetTestDataAsyncTest" computerName="DESKTOP-3FN5V33" duration="00:00:00.4358339" startTime="2024-01-31T11:10:40.0690757-05:00" endTime="2024-01-31T11:10:40.5053044-05:00" testType="13cdc9d9-ddb5-4fa4-a97d-d965ccfc6d4b" outcome="Passed" testListId="8c84fa94-04c1-424b-9868-57a2d4851a1d" relativeResultsDirectory="d9bcf9c2-a8d8-4384-be4e-42e7b644154a" xmlns="http://microsoft.com/schemas/VisualStudio/TeamTest/2010" />
    <UnitTestResult executionId="111c090a-b7e6-46fc-b0d5-123f3cf40b68" testId="e5454c02-b359-b78c-7c37-b5f0f590b608" testName="SendAsyncTest_Error" computerName="DESKTOP-3FN5V33" duration="00:00:00.0274853" startTime="2024-01-31T11:10:40.3634855-05:00" endTime="2024-01-31T11:10:40.3920110-05:00" testType="13cdc9d9-ddb5-4fa4-a97d-d965ccfc6d4b" outcome="Passed" testListId="8c84fa94-04c1-424b-9868-57a2d4851a1d" relativeResultsDirectory="111c090a-b7e6-46fc-b0d5-123f3cf40b68" xmlns="http://microsoft.com/schemas/VisualStudio/TeamTest/2010">
      <Output>
        <StdOut>info: Eliassen.MessageQueueing.Tests.MessageSenderTests[0]
      Sending: "{ hello = world }" [(null) -&gt; 8d2c276c-eb84-434b-849d-fb29d1c8739d] to "Eliassen.MessageQueueing.Tests.MessageSenderTests" from "System.Runtime.CompilerServices.AsyncMethodBuilderCore::Void Start[TStateMachine](TStateMachine ByRef)"
fail: Eliassen.MessageQueueing.Tests.MessageSenderTests[0]
      Error: "Error in the application." [(null) -&gt; 8d2c276c-eb84-434b-849d-fb29d1c8739d]
dbug


TestContext Messages:
Configuration-MessageSenderTests_GetServiceProvider(107)-638422962403659647.txt: Attached</StdOut>
      </Output>
      <ResultFiles>
        <ResultFile path="DESKTOP-3FN5V33\Configuration-MessageSenderTests_GetServiceProvider(107)-638422962403659647.txt" />
      </ResultFiles>
    </UnitTestResult>
    <UnitTestResult executionId="0d1ddd28-c50a-4dd7-a8ce-183274f76db9" testId="b64dc215-d1b4-1f14-fa25-4d622e2e9f2e" testName="SendAsyncTest_ByFullType" computerName="DESKTOP-3FN5V33" duration="00:00:01.0587846" startTime="2024-01-31T11:10:39.2164193-05:00" endTime="2024-01-31T11:10:40.3376509-05:00" testType="13cdc9d9-ddb5-4fa4-a97d-d965ccfc6d4b" outcome="Passed" testListId="8c84fa94-04c1-424b-9868-57a2d4851a1d" relativeResultsDirectory="0d1ddd28-c50a-4dd7-a8ce-183274f76db9" xmlns="http://microsoft.com/schemas/VisualStudio/TeamTest/2010">
      <Output>
        <StdOut>info: Eliassen.MessageQueueing.Tests.MessageSenderTests[0]
      Sending: "{ hello = world }" [(null) -&gt; 075f270e-1975-4149-9b30-ffb57163f5bc] to "Eliassen.MessageQueueing.Tests.MessageSenderTests" from "System.Runtime.CompilerServices.AsyncMethodBuilderCore::Void Start[TStateMachine](TStateMachine ByRef)"
info: Eliassen.MessageQueueing.Tests.TestItems.TestMessageSenderProvider[0]
      SendAsync({ hello = world }, Eliassen.MessageQueueing.Services.MessageContext)
info: Eliassen.MessageQueueing.Tests.MessageSenderTests[0]
      Sent: [(null) -&gt; 075f270e-1975-4149-9b30-ffb57163f5bc] =&gt; ((null))



TestContext Messages:
Configuration-MessageSenderTests_GetServiceProvider(107)-638422962398885220.txt: Attached
message-TestMessageSenderProvider_SendAsync(22)-638422962402224963.json: Attached
context-TestMessageSenderProvider_SendAsync(23)-638422962402796758.json: Attached
correlationId: 075f270e-1975-4149-9b30-ffb57163f5bc</StdOut>
      </Output>
      <ResultFiles>
        <ResultFile path="DESKTOP-3FN5V33\Configuration-MessageSenderTests_GetServiceProvider(107)-638422962398885220.txt" />
        <ResultFile path="DESKTOP-3FN5V33\context-TestMessageSenderProvider_SendAsync(23)-638422962402796758.json" />
        <ResultFile path="DESKTOP-3FN5V33\message-TestMessageSenderProvider_SendAsync(22)-638422962402224963.json" />
      </ResultFiles>
    </UnitTestResult>
    <UnitTestResult executionId="61f8ea84-31f8-44d1-8211-92d720f974ad" testId="dbc55b57-382b-82eb-3acf-abef72ee15cc" testName="SendAsyncTest_ByKeyed" computerName="DESKTOP-3FN5V33" duration="00:00:00.0465630" startTime="2024-01-31T11:10:40.3948069-05:00" endTime="2024-01-31T11:10:40.4441423-05:00" testType="13cdc9d9-ddb5-4fa4-a97d-d965ccfc6d4b" outcome="Passed" testListId="8c84fa94-04c1-424b-9868-57a2d4851a1d" relativeResultsDirectory="61f8ea84-31f8-44d1-8211-92d720f974ad" xmlns="http://microsoft.com/schemas/VisualStudio/TeamTest/2010">
      <Output>
        <StdOut>info: Eliassen.MessageQueueing.Tests.MessageSenderTests[0]
      Sending: "{ hello = world }" [(null) -&gt; eb831740-99d2-4dbd-8d5c-1906c93bc376] to "Eliassen.MessageQueueing.Tests.MessageSenderTests" from "System.Runtime.CompilerServices.AsyncMethodBuilderCore::Void Start[TStateMachine](TStateMachine ByRef)"



TestContext Messages:
Configuration-MessageSenderTests_GetServiceProvider(107)-638422962403963394.txt: Attached
message-TestMessageSenderProvider_SendAsync(22)-638422962404088955.json: Attached
context-TestMessageSenderProvider_SendAsync(23)-638422962404181476.json: Attached
correlationId: eb831740-99d2-4dbd-8d5c-1906c93bc376</StdOut>
      </Output>
      <ResultFiles>
        <ResultFile path="DESKTOP-3FN5V33\Configuration-MessageSenderTests_GetServiceProvider(107)-638422962403963394.txt" />
        <ResultFile path="DESKTOP-3FN5V33\context-TestMessageSenderProvider_SendAsync(23)-638422962404181476.json" />
        <ResultFile path="DESKTOP-3FN5V33\message-TestMessageSenderProvider_SendAsync(22)-638422962404088955.json" />
      </ResultFiles>
    </UnitTestResult>
    <UnitTestResult executionId="7b276eb5-23ca-49a7-bd0c-2bbd03a60f34" testId="1e4ed14b-2ef0-3f9d-4f20-3ca8c8f7b464" testName="ToEnumTest (test display,WithDisplay)" computerName="DESKTOP-3FN5V33" duration="00:00:00.0031594" startTime="2024-01-30T13:50:08.9297560-05:00" endTime="2024-01-30T13:50:08.9332160-05:00" testType="13cdc9d9-ddb5-4fa4-a97d-d965ccfc6d4b" outcome="Passed" testListId="8c84fa94-04c1-424b-9868-57a2d4851a1d" relativeResultsDirectory="7b276eb5-23ca-49a7-bd0c-2bbd03a60f34" xmlns="http://microsoft.com/schemas/VisualStudio/TeamTest/2010" />
    <UnitTestResult executionId="b98f6f8e-cb48-4e78-898d-e9cce2a0acdf" testId="24774874-1df7-77de-7655-bbafea74832a" testName="ToEnumTest (name2,WithMemberName)" computerName="DESKTOP-3FN5V33" duration="00:00:00.0002550" startTime="2024-01-30T13:50:08.9261848-05:00" endTime="2024-01-30T13:50:08.9268336-05:00" testType="13cdc9d9-ddb5-4fa4-a97d-d965ccfc6d4b" outcome="Passed" testListId="8c84fa94-04c1-424b-9868-57a2d4851a1d" relativeResultsDirectory="b98f6f8e-cb48-4e78-898d-e9cce2a0acdf" xmlns="http://microsoft.com/schemas/VisualStudio/TeamTest/2010" />
    <UnitTestResult executionId="777644e2-2bad-4e09-8110-a69a467714e3" testId="dbb46bd7-84ef-1bcc-6faf-71781bc1e5e4" testName="ExecuteByTest_Sort (NAME,Descending,999,998,997,996,995,994,993,992,991,990)" computerName="DESKTOP-3FN5V33" duration="00:00:00.0136237" startTime="2024-01-30T13:50:15.3261089-05:00" endTime="2024-01-30T13:50:15.3404042-05:00" testType="13cdc9d9-ddb5-4fa4-a97d-d965ccfc6d4b" outcome="Passed" testListId="8c84fa94-04c1-424b-9868-57a2d4851a1d" relativeResultsDirectory="777644e2-2bad-4e09-8110-a69a467714e3" xmlns="http://microsoft.com/schemas/VisualStudio/TeamTest/2010">
      <Output>
        <StdOut>Eliassen.System.Linq.ConsoleLogger`1[Eliassen.System.Linq.Search.QueryBuilder]:Information:&gt;
	Build query for CurrentPage: 0
PageSize: 0
ExcludePageCount: False
SearchTerm: (null)
	S:NAME: Descending

Eliassen.System.Linq.ConsoleLogger`1[Eliassen.System.Linq.Search.QueryBuilder]:Information:&gt;
	Execute (paged): System.Linq.Enumerable+SelectRangeIterator`1[Eliassen.System.Tests.Linq.TestTargets.TestTargetModel].OrderByDescending(n =&gt; n.Name).Skip(0).Take(10)



TestContext Messages:
SearchQuery-QueryableExtensionsTests_ExecuteByTest_Sort(340)-638422194153266978.json: Attached
PagedQueryResult_1-QueryableExtensionsTests_ExecuteByTest_Sort(342)-638422194153362495.json: Attached</StdOut>
        <StdErr>Eliassen.System.Linq.ConsoleLogger`1[Eliassen.System.Linq.Search.QueryBuilder]:Warning:&gt;
	No filtering detected: System.Linq.Enumerable+SelectRangeIterator`1[Eliassen.System.Tests.Linq.TestTargets.TestTargetModel]: CurrentPage: 0
PageSize: 0
ExcludePageCount: False
SearchTerm: (null)
	S:NAME: Descending</StdErr>
      </Output>
      <ResultFiles>
        <ResultFile path="DESKTOP-3FN5V33\PagedQueryResult_1-QueryableExtensionsTests_ExecuteByTest_Sort(342)-638422194153362495.json" />
        <ResultFile path="DESKTOP-3FN5V33\SearchQuery-QueryableExtensionsTests_ExecuteByTest_Sort(340)-638422194153266978.json" />
      </ResultFiles>
    </UnitTestResult>
    <UnitTestResult executionId="7f53ade6-19a8-44de-b247-bba205aa7ab8" testId="f598f4b2-0d84-3c92-1941-6f70c8135fc3" testName="ToEnumTest (Val2|Val1,Val1, Val2)" computerName="DESKTOP-3FN5V33" duration="00:00:00.0000283" startTime="2024-01-30T13:50:08.9056552-05:00" endTime="2024-01-30T13:50:08.9062588-05:00" testType="13cdc9d9-ddb5-4fa4-a97d-d965ccfc6d4b" outcome="Passed" testListId="8c84fa94-04c1-424b-9868-57a2d4851a1d" relativeResultsDirectory="7f53ade6-19a8-44de-b247-bba205aa7ab8" xmlns="http://microsoft.com/schemas/VisualStudio/TeamTest/2010" />
    <UnitTestResult executionId="3868b830-d20d-4555-90ab-88771d7181f4" testId="42569814-6b98-2a32-42fe-9c7bdada1d9f" testName="ToEnumTest (Val2 ,Val1,Val1, Val2)" computerName="DESKTOP-3FN5V33" duration="00:00:00.0000171" startTime="2024-01-30T13:50:08.8933774-05:00" endTime="2024-01-30T13:50:08.8938333-05:00" testType="13cdc9d9-ddb5-4fa4-a97d-d965ccfc6d4b" outcome="Passed" testListId="8c84fa94-04c1-424b-9868-57a2d4851a1d" relativeResultsDirectory="3868b830-d20d-4555-90ab-88771d7181f4" xmlns="http://microsoft.com/schemas/VisualStudio/TeamTest/2010" />
    <UnitTestResult executionId="3e45784f-8aa5-45ec-8e9d-e7dee9cbc6a7" testId="1b9e3bb4-64d4-a320-5b86-dba72457e6ef" testName="ToEnumTest (test description,WithDescription)" computerName="DESKTOP-3FN5V33" duration="00:00:00.0001607" startTime="2024-01-30T13:50:08.9277633-05:00" endTime="2024-01-30T13:50:08.9281772-05:00" testType="13cdc9d9-ddb5-4fa4-a97d-d965ccfc6d4b" outcome="Passed" testListId="8c84fa94-04c1-424b-9868-57a2d4851a1d" relativeResultsDirectory="3e45784f-8aa5-45ec-8e9d-e7dee9cbc6a7" xmlns="http://microsoft.com/schemas/VisualStudio/TeamTest/2010" />
    <UnitTestResult executionId="bcc38f67-3fbf-48fe-8300-5845228e2539" testId="63948805-297b-3757-4e75-2314b4468263" testName="ToEnumTest (Val2,Val2)" computerName="DESKTOP-3FN5V33" duration="00:00:00.0000365" startTime="2024-01-30T13:50:08.8887978-05:00" endTime="2024-01-30T13:50:08.8893740-05:00" testType="13cdc9d9-ddb5-4fa4-a97d-d965ccfc6d4b" outcome="Passed" testListId="8c84fa94-04c1-424b-9868-57a2d4851a1d" relativeResultsDirectory="bcc38f67-3fbf-48fe-8300-5845228e2539" xmlns="http://microsoft.com/schemas/VisualStudio/TeamTest/2010" />
    <UnitTestResult executionId="098d335e-0285-4a1a-b011-05891c3ef236" testId="3db5564a-09b3-d658-c0e0-9f86c81bd8c6" testName="ToEnumTest (1,Val1)" computerName="DESKTOP-3FN5V33" duration="00:00:00.0000126" startTime="2024-01-30T13:50:08.9099769-05:00" endTime="2024-01-30T13:50:08.9101636-05:00" testType="13cdc9d9-ddb5-4fa4-a97d-d965ccfc6d4b" outcome="Passed" testListId="8c84fa94-04c1-424b-9868-57a2d4851a1d" relativeResultsDirectory="098d335e-0285-4a1a-b011-05891c3ef236" xmlns="http://microsoft.com/schemas/VisualStudio/TeamTest/2010" />
    <UnitTestResult executionId="b04ad560-229c-43df-8574-e282b0f10f3e" testId="251289aa-a607-e006-c914-e09b39f52c99" testName="ExecuteByTest_Sort (Name,Descending,999,998,997,996,995,994,993,992,991,990)" computerName="DESKTOP-3FN5V33" duration="00:00:00.0203119" startTime="2024-01-30T13:50:15.2871931-05:00" endTime="2024-01-30T13:50:15.3080471-05:00" testType="13cdc9d9-ddb5-4fa4-a97d-d965ccfc6d4b" outcome="Passed" testListId="8c84fa94-04c1-424b-9868-57a2d4851a1d" relativeResultsDirectory="b04ad560-229c-43df-8574-e282b0f10f3e" xmlns="http://microsoft.com/schemas/VisualStudio/TeamTest/2010">
      <Output>
        <StdOut>Eliassen.System.Linq.ConsoleLogger`1[Eliassen.System.Linq.Search.QueryBuilder]:Information:&gt;
	Build query for CurrentPage: 0
PageSize: 0
ExcludePageCount: False
SearchTerm: (null)
	S:Name: Descending

Eliassen.System.Linq.ConsoleLogger`1[Eliassen.System.Linq.Search.QueryBuilder]:Information:&gt;
	Execute (paged): System.Linq.Enumerable+SelectRangeIterator`1[Eliassen.System.Tests.Linq.TestTargets.TestTargetModel].OrderByDescending(n =&gt; n.Name).Skip(0).Take(10)



TestContext Messages:
SearchQuery-QueryableExtensionsTests_ExecuteByTest_Sort(340)-638422194152885160.json: Attached
PagedQueryResult_1-QueryableExtensionsTests_ExecuteByTest_Sort(342)-638422194153018535.json: Attached</StdOut>
        <StdErr>Eliassen.System.Linq.ConsoleLogger`1[Eliassen.System.Linq.Search.QueryBuilder]:Warning:&gt;
	No filtering detected: System.Linq.Enumerable+SelectRangeIterator`1[Eliassen.System.Tests.Linq.TestTargets.TestTargetModel]: CurrentPage: 0
PageSize: 0
ExcludePageCount: False
SearchTerm: (null)
	S:Name: Descending</StdErr>
      </Output>
      <ResultFiles>
        <ResultFile path="DESKTOP-3FN5V33\PagedQueryResult_1-QueryableExtensionsTests_ExecuteByTest_Sort(342)-638422194153018535.json" />
        <ResultFile path="DESKTOP-3FN5V33\SearchQuery-QueryableExtensionsTests_ExecuteByTest_Sort(340)-638422194152885160.json" />
      </ResultFiles>
    </UnitTestResult>
    <UnitTestResult executionId="a0485825-cccf-47db-bae6-54d5845eb83d" testId="33a234b4-5b0c-8ae4-c739-6e7b62145768" testName="ToEnumTest (Val2 , Val1,Val1, Val2)" computerName="DESKTOP-3FN5V33" duration="00:00:00.0000120" startTime="2024-01-30T13:50:08.8924715-05:00" endTime="2024-01-30T13:50:08.8926416-05:00" testType="13cdc9d9-ddb5-4fa4-a97d-d965ccfc6d4b" outcome="Passed" testListId="8c84fa94-04c1-424b-9868-57a2d4851a1d" relativeResultsDirectory="a0485825-cccf-47db-bae6-54d5845eb83d" xmlns="http://microsoft.com/schemas/VisualStudio/TeamTest/2010" />
    <UnitTestResult executionId="da5b63e4-869a-4ae8-8631-489401670a49" testId="40025f8c-33a3-86dc-40ea-c26da3d7c94a" testName="ExecuteByTest_Sort (name,Descending,999,998,997,996,995,994,993,992,991,990)" computerName="DESKTOP-3FN5V33" duration="00:00:00.0140960" startTime="2024-01-30T13:50:15.3094896-05:00" endTime="2024-01-30T13:50:15.3242191-05:00" testType="13cdc9d9-ddb5-4fa4-a97d-d965ccfc6d4b" outcome="Passed" testListId="8c84fa94-04c1-424b-9868-57a2d4851a1d" relativeResultsDirectory="da5b63e4-869a-4ae8-8631-489401670a49" xmlns="http://microsoft.com/schemas/VisualStudio/TeamTest/2010">
      <Output>
        <StdOut>Eliassen.System.Linq.ConsoleLogger`1[Eliassen.System.Linq.Search.QueryBuilder]:Information:&gt;
	Build query for CurrentPage: 0
PageSize: 0
ExcludePageCount: False
SearchTerm: (null)
	S:name: Descending

Eliassen.System.Linq.ConsoleLogger`1[Eliassen.System.Linq.Search.QueryBuilder]:Information:&gt;
	Execute (paged): System.Linq.Enumerable+SelectRangeIterator`1[Eliassen.System.Tests.Linq.TestTargets.TestTargetModel].OrderByDescending(n =&gt; n.Name).Skip(0).Take(10)



TestContext Messages:
SearchQuery-QueryableExtensionsTests_ExecuteByTest_Sort(340)-638422194153104955.json: Attached
PagedQueryResult_1-QueryableExtensionsTests_ExecuteByTest_Sort(342)-638422194153196291.json: Attached</StdOut>
        <StdErr>Eliassen.System.Linq.ConsoleLogger`1[Eliassen.System.Linq.Search.QueryBuilder]:Warning:&gt;
	No filtering detected: System.Linq.Enumerable+SelectRangeIterator`1[Eliassen.System.Tests.Linq.TestTargets.TestTargetModel]: CurrentPage: 0
PageSize: 0
ExcludePageCount: False
SearchTerm: (null)
	S:name: Descending</StdErr>
      </Output>
      <ResultFiles>
        <ResultFile path="DESKTOP-3FN5V33\PagedQueryResult_1-QueryableExtensionsTests_ExecuteByTest_Sort(342)-638422194153196291.json" />
        <ResultFile path="DESKTOP-3FN5V33\SearchQuery-QueryableExtensionsTests_ExecuteByTest_Sort(340)-638422194153104955.json" />
      </ResultFiles>
    </UnitTestResult>
    <UnitTestResult executionId="56de7c87-b435-45ba-9fec-a5486a322ef9" testId="23c81040-d5d6-0e65-6245-2fe212879616" testName="ToEnumTest (2,Val2)" computerName="DESKTOP-3FN5V33" duration="00:00:00.0000107" startTime="2024-01-30T13:50:08.9111117-05:00" endTime="2024-01-30T13:50:08.9112928-05:00" testType="13cdc9d9-ddb5-4fa4-a97d-d965ccfc6d4b" outcome="Passed" testListId="8c84fa94-04c1-424b-9868-57a2d4851a1d" relativeResultsDirectory="56de7c87-b435-45ba-9fec-a5486a322ef9" xmlns="http://microsoft.com/schemas/VisualStudio/TeamTest/2010" />
    <UnitTestResult executionId="f846c275-908f-46a7-8c47-d4a6d177a0a0" testId="61e785a3-6dc7-7a65-ecf9-a0b14d187326" testName="ToEnumTest (Val1,Val1)" computerName="DESKTOP-3FN5V33" duration="00:00:00.0099184" startTime="2024-01-30T13:50:08.8645184-05:00" endTime="2024-01-30T13:50:08.8833620-05:00" testType="13cdc9d9-ddb5-4fa4-a97d-d965ccfc6d4b" outcome="Passed" testListId="8c84fa94-04c1-424b-9868-57a2d4851a1d" relativeResultsDirectory="f846c275-908f-46a7-8c47-d4a6d177a0a0" xmlns="http://microsoft.com/schemas/VisualStudio/TeamTest/2010" />
    <UnitTestResult executionId="93049846-0e4c-40a7-acf7-ce6fc8503eed" testId="513d11fc-67fa-6f75-0d1b-3a56ad265509" testName="ExecuteByTest_Sort (Name,Ascending,0,1,10,100,101,102,103,104,105,106)" computerName="DESKTOP-3FN5V33" duration="00:00:00.0109036" startTime="2024-01-30T13:50:15.3425095-05:00" endTime="2024-01-30T13:50:15.3540120-05:00" testType="13cdc9d9-ddb5-4fa4-a97d-d965ccfc6d4b" outcome="Passed" testListId="8c84fa94-04c1-424b-9868-57a2d4851a1d" relativeResultsDirectory="93049846-0e4c-40a7-acf7-ce6fc8503eed" xmlns="http://microsoft.com/schemas/VisualStudio/TeamTest/2010">
      <Output>
        <StdOut>Eliassen.System.Linq.ConsoleLogger`1[Eliassen.System.Linq.Search.QueryBuilder]:Information:&gt;
	Build query for CurrentPage: 0
PageSize: 0
ExcludePageCount: False
SearchTerm: (null)
	S:Name: Ascending

Eliassen.System.Linq.ConsoleLogger`1[Eliassen.System.Linq.Search.QueryBuilder]:Information:&gt;
	Execute (paged): System.Linq.Enumerable+SelectRangeIterator`1[Eliassen.System.Tests.Linq.TestTargets.TestTargetModel].OrderBy(n =&gt; n.Name).Skip(0).Take(10)



TestContext Messages:
SearchQuery-QueryableExtensionsTests_ExecuteByTest_Sort(340)-638422194153430344.json: Attached
PagedQueryResult_1-QueryableExtensionsTests_ExecuteByTest_Sort(342)-638422194153504248.json: Attached</StdOut>
        <StdErr>Eliassen.System.Linq.ConsoleLogger`1[Eliassen.System.Linq.Search.QueryBuilder]:Warning:&gt;
	No filtering detected: System.Linq.Enumerable+SelectRangeIterator`1[Eliassen.System.Tests.Linq.TestTargets.TestTargetModel]: CurrentPage: 0
PageSize: 0
ExcludePageCount: False
SearchTerm: (null)
	S:Name: Ascending</StdErr>
      </Output>
      <ResultFiles>
        <ResultFile path="DESKTOP-3FN5V33\PagedQueryResult_1-QueryableExtensionsTests_ExecuteByTest_Sort(342)-638422194153504248.json" />
        <ResultFile path="DESKTOP-3FN5V33\SearchQuery-QueryableExtensionsTests_ExecuteByTest_Sort(340)-638422194153430344.json" />
      </ResultFiles>
    </UnitTestResult>
    <UnitTestResult executionId="fe59102a-0ea6-4c96-ab22-101751c8704e" testId="26371a34-e095-ac3b-cdb6-58031708ffda" testName="ToEnumTest (name,WithEnumValue)" computerName="DESKTOP-3FN5V33" duration="00:00:00.0014356" startTime="2024-01-30T13:50:08.9211448-05:00" endTime="2024-01-30T13:50:08.9229485-05:00" testType="13cdc9d9-ddb5-4fa4-a97d-d965ccfc6d4b" outcome="Passed" testListId="8c84fa94-04c1-424b-9868-57a2d4851a1d" relativeResultsDirectory="fe59102a-0ea6-4c96-ab22-101751c8704e" xmlns="http://microsoft.com/schemas/VisualStudio/TeamTest/2010" />
    <UnitTestResult executionId="490a9566-0239-4950-859a-3fbb47f0337b" testId="10eeac77-be98-5314-e134-5e07fee4201b" testName="ToEnumTest (0,Val0)" computerName="DESKTOP-3FN5V33" duration="00:00:00.0000152" startTime="2024-01-30T13:50:08.9088808-05:00" endTime="2024-01-30T13:50:08.9091006-05:00" testType="13cdc9d9-ddb5-4fa4-a97d-d965ccfc6d4b" outcome="Passed" testListId="8c84fa94-04c1-424b-9868-57a2d4851a1d" relativeResultsDirectory="490a9566-0239-4950-859a-3fbb47f0337b" xmlns="http://microsoft.com/schemas/VisualStudio/TeamTest/2010" />
    <UnitTestResult executionId="7f96ca09-f357-4a0e-b997-f3e15554c49f" testId="af3880ac-68f4-36b7-1968-58204ada5522" testName="ToEnumTest (Val2,Val1,Val1, Val2)" computerName="DESKTOP-3FN5V33" duration="00:00:00.0000129" startTime="2024-01-30T13:50:08.8914858-05:00" endTime="2024-01-30T13:50:08.8917486-05:00" testType="13cdc9d9-ddb5-4fa4-a97d-d965ccfc6d4b" outcome="Passed" testListId="8c84fa94-04c1-424b-9868-57a2d4851a1d" relativeResultsDirectory="7f96ca09-f357-4a0e-b997-f3e15554c49f" xmlns="http://microsoft.com/schemas/VisualStudio/TeamTest/2010" />
    <UnitTestResult executionId="7b4a3668-9b31-4333-814b-dace85e2b147" testId="87efccdd-521d-8651-4344-aecbb535b39d" testName="ToEnumTest (name,name2|test name,WithEnumValue, WithMemberName, WithDisplay)" computerName="DESKTOP-3FN5V33" duration="00:00:00.0001558" startTime="2024-01-30T13:50:08.9398631-05:00" endTime="2024-01-30T13:50:08.9402591-05:00" testType="13cdc9d9-ddb5-4fa4-a97d-d965ccfc6d4b" outcome="Passed" testListId="8c84fa94-04c1-424b-9868-57a2d4851a1d" relativeResultsDirectory="7b4a3668-9b31-4333-814b-dace85e2b147" xmlns="http://microsoft.com/schemas/VisualStudio/TeamTest/2010" />
    <UnitTestResult executionId="33e3c99f-ce66-428e-a5ee-f4029c8f7f90" testId="edb23b8d-5f7e-d2bb-ce76-f187b30ebb61" testName="ToEnumTest (Val2, Val1,Val1, Val2)" computerName="DESKTOP-3FN5V33" duration="00:00:00.0000148" startTime="2024-01-30T13:50:08.8903080-05:00" endTime="2024-01-30T13:50:08.8905163-05:00" testType="13cdc9d9-ddb5-4fa4-a97d-d965ccfc6d4b" outcome="Passed" testListId="8c84fa94-04c1-424b-9868-57a2d4851a1d" relativeResultsDirectory="33e3c99f-ce66-428e-a5ee-f4029c8f7f90" xmlns="http://microsoft.com/schemas/VisualStudio/TeamTest/2010" />
    <UnitTestResult executionId="677b28b1-08af-4e47-a4a2-3dbbf0216084" testId="a5c8e016-d4ea-30ed-fbf3-890ea331078c" testName="ToEnumTest (4,WithEnumValue)" computerName="DESKTOP-3FN5V33" duration="00:00:00.0000147" startTime="2024-01-30T13:50:08.9146270-05:00" endTime="2024-01-30T13:50:08.9148520-05:00" testType="13cdc9d9-ddb5-4fa4-a97d-d965ccfc6d4b" outcome="Passed" testListId="8c84fa94-04c1-424b-9868-57a2d4851a1d" relativeResultsDirectory="677b28b1-08af-4e47-a4a2-3dbbf0216084" xmlns="http://microsoft.com/schemas/VisualStudio/TeamTest/2010" />
    <UnitTestResult executionId="07afe965-009d-4726-b88b-21d8b8c445c2" testId="c3d96c67-b7eb-8271-8b2c-35176b8a900c" testName="ToEnumTest (3,Val1, Val2)" computerName="DESKTOP-3FN5V33" duration="00:00:00.0000210" startTime="2024-01-30T13:50:08.9122315-05:00" endTime="2024-01-30T13:50:08.9133342-05:00" testType="13cdc9d9-ddb5-4fa4-a97d-d965ccfc6d4b" outcome="Passed" testListId="8c84fa94-04c1-424b-9868-57a2d4851a1d" relativeResultsDirectory="07afe965-009d-4726-b88b-21d8b8c445c2" xmlns="http://microsoft.com/schemas/VisualStudio/TeamTest/2010" />
    <UnitTestResult executionId="378daa48-3111-4891-abee-660d6da9e12d" testId="831e2631-9a37-4b0a-2e4e-453da32f04e1" testName="ToEnumTest (test short,WithDisplay)" computerName="DESKTOP-3FN5V33" duration="00:00:00.0001679" startTime="2024-01-30T13:50:08.9385414-05:00" endTime="2024-01-30T13:50:08.9390050-05:00" testType="13cdc9d9-ddb5-4fa4-a97d-d965ccfc6d4b" outcome="Passed" testListId="8c84fa94-04c1-424b-9868-57a2d4851a1d" relativeResultsDirectory="378daa48-3111-4891-abee-660d6da9e12d" xmlns="http://microsoft.com/schemas/VisualStudio/TeamTest/2010" />
    <UnitTestResult executionId="43943c71-7c92-433b-80c5-8e1007f4383f" testId="4ce80adc-85b2-94de-76f3-cc28367202bc" testName="ToEnumTest (-1,-1)" computerName="DESKTOP-3FN5V33" duration="00:00:00.0000319" startTime="2024-01-30T13:50:08.9074276-05:00" endTime="2024-01-30T13:50:08.9078934-05:00" testType="13cdc9d9-ddb5-4fa4-a97d-d965ccfc6d4b" outcome="Passed" testListId="8c84fa94-04c1-424b-9868-57a2d4851a1d" relativeResultsDirectory="43943c71-7c92-433b-80c5-8e1007f4383f" xmlns="http://microsoft.com/schemas/VisualStudio/TeamTest/2010" />
    <UnitTestResult executionId="60b370f2-2338-42e6-8396-c30a1ee5c53a" testId="f20600a2-9628-5de8-bbf6-315f97e16140" testName="ToEnumTest (test name,WithDisplay)" computerName="DESKTOP-3FN5V33" duration="00:00:00.0004156" startTime="2024-01-30T13:50:08.9355112-05:00" endTime="2024-01-30T13:50:08.9369872-05:00" testType="13cdc9d9-ddb5-4fa4-a97d-d965ccfc6d4b" outcome="Passed" testListId="8c84fa94-04c1-424b-9868-57a2d4851a1d" relativeResultsDirectory="60b370f2-2338-42e6-8396-c30a1ee5c53a" xmlns="http://microsoft.com/schemas/VisualStudio/TeamTest/2010" />
    <UnitTestResult executionId="5af1b04b-35fe-47c9-9938-43d2648055a7" testId="cafd6058-6aab-9d1f-69ad-4c9f56040de6" testName="ToEnumTest (Val2,Val1,Val1, Val2)" computerName="DESKTOP-3FN5V33" duration="00:00:00.0000540" startTime="2024-01-25T17:12:47.7586439-05:00" endTime="2024-01-25T17:12:47.7623094-05:00" testType="13cdc9d9-ddb5-4fa4-a97d-d965ccfc6d4b" outcome="Passed" testListId="8c84fa94-04c1-424b-9868-57a2d4851a1d" relativeResultsDirectory="5af1b04b-35fe-47c9-9938-43d2648055a7" xmlns="http://microsoft.com/schemas/VisualStudio/TeamTest/2010" />
    <UnitTestResult executionId="a8a50ed7-efd8-443c-9e29-24d2caac2081" testId="2e0c9851-0485-aa3c-d24f-7fccd80074f4" testName="ToEnumTest (Val2,Val2)" computerName="DESKTOP-3FN5V33" duration="00:00:00.0000405" startTime="2024-01-25T17:12:47.7552674-05:00" endTime="2024-01-25T17:12:47.7558031-05:00" testType="13cdc9d9-ddb5-4fa4-a97d-d965ccfc6d4b" outcome="Passed" testListId="8c84fa94-04c1-424b-9868-57a2d4851a1d" relativeResultsDirectory="a8a50ed7-efd8-443c-9e29-24d2caac2081" xmlns="http://microsoft.com/schemas/VisualStudio/TeamTest/2010" />
    <UnitTestResult executionId="287d2aa0-5656-4896-9784-20b5e978a9b2" testId="4bf38066-0bb2-757e-8a8e-3db6781b25d2" testName="ExecuteByTest_Sort (Name,Ascending,0,1,10,100,101,102,103,104,105,106)" computerName="DESKTOP-3FN5V33" duration="00:00:00.0181157" startTime="2024-01-25T17:12:56.6167674-05:00" endTime="2024-01-25T17:12:56.6356016-05:00" testType="13cdc9d9-ddb5-4fa4-a97d-d965ccfc6d4b" outcome="Passed" testListId="8c84fa94-04c1-424b-9868-57a2d4851a1d" relativeResultsDirectory="287d2aa0-5656-4896-9784-20b5e978a9b2" xmlns="http://microsoft.com/schemas/VisualStudio/TeamTest/2010">
      <Output>
        <StdOut>Eliassen.System.Linq.ConsoleLogger`1[Eliassen.System.Linq.Search.QueryBuilder]:Information:&gt;
	Build query for CurrentPage: 0
PageSize: 0
ExcludePageCount: False
SearchTerm: (null)
	S:Name: Ascending

Eliassen.System.Linq.ConsoleLogger`1[Eliassen.System.Linq.Search.QueryBuilder]:Information:&gt;
	Execute (paged): System.Linq.Enumerable+SelectRangeIterator`1[Eliassen.System.Tests.Linq.TestTargets.TestTargetModel].OrderBy(n =&gt; n.Name).Skip(0).Take(10)



TestContext Messages:
SearchQuery-QueryableExtensionsTests_ExecuteByTest_Sort(340)-638417995766173111.json: Attached
PagedQueryResult_1-QueryableExtensionsTests_ExecuteByTest_Sort(342)-638417995766306612.json: Attached</StdOut>
        <StdErr>Eliassen.System.Linq.ConsoleLogger`1[Eliassen.System.Linq.Search.QueryBuilder]:Warning:&gt;
	No filtering detected: System.Linq.Enumerable+SelectRangeIterator`1[Eliassen.System.Tests.Linq.TestTargets.TestTargetModel]: CurrentPage: 0
PageSize: 0
ExcludePageCount: False
SearchTerm: (null)
	S:Name: Ascending</StdErr>
      </Output>
      <ResultFiles>
        <ResultFile path="DESKTOP-3FN5V33\PagedQueryResult_1-QueryableExtensionsTests_ExecuteByTest_Sort(342)-638417995766306612.json" />
        <ResultFile path="DESKTOP-3FN5V33\SearchQuery-QueryableExtensionsTests_ExecuteByTest_Sort(340)-638417995766173111.json" />
      </ResultFiles>
    </UnitTestResult>
    <UnitTestResult executionId="3fefcdcb-7f67-42a8-8dae-9f0b0986694b" testId="0f7e3e16-777a-5558-36e8-70ed511d8dc2" testName="ToEnumTest (name2,WithMemberName)" computerName="DESKTOP-3FN5V33" duration="00:00:00.0004550" startTime="2024-01-25T17:12:47.8042280-05:00" endTime="2024-01-25T17:12:47.8051625-05:00" testType="13cdc9d9-ddb5-4fa4-a97d-d965ccfc6d4b" outcome="Passed" testListId="8c84fa94-04c1-424b-9868-57a2d4851a1d" relativeResultsDirectory="3fefcdcb-7f67-42a8-8dae-9f0b0986694b" xmlns="http://microsoft.com/schemas/VisualStudio/TeamTest/2010" />
    <UnitTestResult executionId="2ff51e66-075d-4c06-ba9a-c3a71b177b7f" testId="2b082eef-4fa9-3b0c-8d19-b1f036cc7147" testName="ToEnumTest (3,Val1, Val2)" computerName="DESKTOP-3FN5V33" duration="00:00:00.0000151" startTime="2024-01-25T17:12:47.7843661-05:00" endTime="2024-01-25T17:12:47.7845742-05:00" testType="13cdc9d9-ddb5-4fa4-a97d-d965ccfc6d4b" outcome="Passed" testListId="8c84fa94-04c1-424b-9868-57a2d4851a1d" relativeResultsDirectory="2ff51e66-075d-4c06-ba9a-c3a71b177b7f" xmlns="http://microsoft.com/schemas/VisualStudio/TeamTest/2010" />
    <UnitTestResult executionId="648d670a-358e-4778-98dd-39417ed22f2b" testId="38e9a0c7-b39d-0746-cc04-b6b9aa4e3b7c" testName="ToEnumTest (Val2 , Val1,Val1, Val2)" computerName="DESKTOP-3FN5V33" duration="00:00:00.0000667" startTime="2024-01-25T17:12:47.7654632-05:00" endTime="2024-01-25T17:12:47.7661013-05:00" testType="13cdc9d9-ddb5-4fa4-a97d-d965ccfc6d4b" outcome="Passed" testListId="8c84fa94-04c1-424b-9868-57a2d4851a1d" relativeResultsDirectory="648d670a-358e-4778-98dd-39417ed22f2b" xmlns="http://microsoft.com/schemas/VisualStudio/TeamTest/2010" />
    <UnitTestResult executionId="4a59e6c9-f402-46bd-b724-6944832289f7" testId="f78a8ff3-c0d0-976a-acb4-40a970430b93" testName="ToEnumTest (test description,WithDescription)" computerName="DESKTOP-3FN5V33" duration="00:00:00.0005744" startTime="2024-01-25T17:12:47.8132451-05:00" endTime="2024-01-25T17:12:47.8150352-05:00" testType="13cdc9d9-ddb5-4fa4-a97d-d965ccfc6d4b" outcome="Passed" testListId="8c84fa94-04c1-424b-9868-57a2d4851a1d" relativeResultsDirectory="4a59e6c9-f402-46bd-b724-6944832289f7" xmlns="http://microsoft.com/schemas/VisualStudio/TeamTest/2010" />
    <UnitTestResult executionId="61d12989-822b-4d73-be78-422486850299" testId="a68de2ae-2056-64c2-a1d0-a4ade981516a" testName="ToEnumTest (Val2, Val1,Val1, Val2)" computerName="DESKTOP-3FN5V33" duration="00:00:00.0000284" startTime="2024-01-25T17:12:47.7570471-05:00" endTime="2024-01-25T17:12:47.7574228-05:00" testType="13cdc9d9-ddb5-4fa4-a97d-d965ccfc6d4b" outcome="Passed" testListId="8c84fa94-04c1-424b-9868-57a2d4851a1d" relativeResultsDirectory="61d12989-822b-4d73-be78-422486850299" xmlns="http://microsoft.com/schemas/VisualStudio/TeamTest/2010" />
    <UnitTestResult executionId="e9f8bb44-a802-4273-90be-68f60cc17dff" testId="84a71d2d-ba2d-93f8-5034-8f6c197225a9" testName="ToEnumTest (name,WithEnumValue)" computerName="DESKTOP-3FN5V33" duration="00:00:00.0022546" startTime="2024-01-25T17:12:47.7968401-05:00" endTime="2024-01-25T17:12:47.7996636-05:00" testType="13cdc9d9-ddb5-4fa4-a97d-d965ccfc6d4b" outcome="Passed" testListId="8c84fa94-04c1-424b-9868-57a2d4851a1d" relativeResultsDirectory="e9f8bb44-a802-4273-90be-68f60cc17dff" xmlns="http://microsoft.com/schemas/VisualStudio/TeamTest/2010" />
    <UnitTestResult executionId="803aae46-c639-4eae-9660-5080d08fc69a" testId="207e4065-88b5-ba27-1f76-4d0f0a098cde" testName="ToEnumTest (2,Val2)" computerName="DESKTOP-3FN5V33" duration="00:00:00.0000179" startTime="2024-01-25T17:12:47.7830400-05:00" endTime="2024-01-25T17:12:47.7833230-05:00" testType="13cdc9d9-ddb5-4fa4-a97d-d965ccfc6d4b" outcome="Passed" testListId="8c84fa94-04c1-424b-9868-57a2d4851a1d" relativeResultsDirectory="803aae46-c639-4eae-9660-5080d08fc69a" xmlns="http://microsoft.com/schemas/VisualStudio/TeamTest/2010" />
    <UnitTestResult executionId="96ad9532-f80d-4940-89f7-ae4df20af570" testId="97a142d5-b0a9-d9bf-03a6-736e4df75106" testName="ExecuteByTest_Sort (NAME,Descending,999,998,997,996,995,994,993,992,991,990)" computerName="DESKTOP-3FN5V33" duration="00:00:00.0176636" startTime="2024-01-25T17:12:56.5967694-05:00" endTime="2024-01-25T17:12:56.6150353-05:00" testType="13cdc9d9-ddb5-4fa4-a97d-d965ccfc6d4b" outcome="Passed" testListId="8c84fa94-04c1-424b-9868-57a2d4851a1d" relativeResultsDirectory="96ad9532-f80d-4940-89f7-ae4df20af570" xmlns="http://microsoft.com/schemas/VisualStudio/TeamTest/2010">
      <Output>
        <StdOut>Eliassen.System.Linq.ConsoleLogger`1[Eliassen.System.Linq.Search.QueryBuilder]:Information:&gt;
	Build query for CurrentPage: 0
PageSize: 0
ExcludePageCount: False
SearchTerm: (null)
	S:NAME: Descending

Eliassen.System.Linq.ConsoleLogger`1[Eliassen.System.Linq.Search.QueryBuilder]:Information:&gt;
	Execute (paged): System.Linq.Enumerable+SelectRangeIterator`1[Eliassen.System.Tests.Linq.TestTargets.TestTargetModel].OrderByDescending(n =&gt; n.Name).Skip(0).Take(10)



TestContext Messages:
SearchQuery-QueryableExtensionsTests_ExecuteByTest_Sort(340)-638417995765972713.json: Attached
PagedQueryResult_1-QueryableExtensionsTests_ExecuteByTest_Sort(342)-638417995766092480.json: Attached</StdOut>
        <StdErr>Eliassen.System.Linq.ConsoleLogger`1[Eliassen.System.Linq.Search.QueryBuilder]:Warning:&gt;
	No filtering detected: System.Linq.Enumerable+SelectRangeIterator`1[Eliassen.System.Tests.Linq.TestTargets.TestTargetModel]: CurrentPage: 0
PageSize: 0
ExcludePageCount: False
SearchTerm: (null)
	S:NAME: Descending</StdErr>
      </Output>
      <ResultFiles>
        <ResultFile path="DESKTOP-3FN5V33\PagedQueryResult_1-QueryableExtensionsTests_ExecuteByTest_Sort(342)-638417995766092480.json" />
        <ResultFile path="DESKTOP-3FN5V33\SearchQuery-QueryableExtensionsTests_ExecuteByTest_Sort(340)-638417995765972713.json" />
      </ResultFiles>
    </UnitTestResult>
    <UnitTestResult executionId="1dc7910b-5c6c-4dca-b8ff-a6e531b7b6a4" testId="250659bd-c780-75f8-425e-56948f547d27" testName="ExecuteByTest_Sort (name,Descending,999,998,997,996,995,994,993,992,991,990)" computerName="DESKTOP-3FN5V33" duration="00:00:00.0183608" startTime="2024-01-25T17:12:56.5758213-05:00" endTime="2024-01-25T17:12:56.5951719-05:00" testType="13cdc9d9-ddb5-4fa4-a97d-d965ccfc6d4b" outcome="Passed" testListId="8c84fa94-04c1-424b-9868-57a2d4851a1d" relativeResultsDirectory="1dc7910b-5c6c-4dca-b8ff-a6e531b7b6a4" xmlns="http://microsoft.com/schemas/VisualStudio/TeamTest/2010">
      <Output>
        <StdOut>Eliassen.System.Linq.ConsoleLogger`1[Eliassen.System.Linq.Search.QueryBuilder]:Information:&gt;
	Build query for CurrentPage: 0
PageSize: 0
ExcludePageCount: False
SearchTerm: (null)
	S:name: Descending

Eliassen.System.Linq.ConsoleLogger`1[Eliassen.System.Linq.Search.QueryBuilder]:Information:&gt;
	Execute (paged): System.Linq.Enumerable+SelectRangeIterator`1[Eliassen.System.Tests.Linq.TestTargets.TestTargetModel].OrderByDescending(n =&gt; n.Name).Skip(0).Take(10)



TestContext Messages:
SearchQuery-QueryableExtensionsTests_ExecuteByTest_Sort(340)-638417995765772418.json: Attached
PagedQueryResult_1-QueryableExtensionsTests_ExecuteByTest_Sort(342)-638417995765895586.json: Attached</StdOut>
        <StdErr>Eliassen.System.Linq.ConsoleLogger`1[Eliassen.System.Linq.Search.QueryBuilder]:Warning:&gt;
	No filtering detected: System.Linq.Enumerable+SelectRangeIterator`1[Eliassen.System.Tests.Linq.TestTargets.TestTargetModel]: CurrentPage: 0
PageSize: 0
ExcludePageCount: False
SearchTerm: (null)
	S:name: Descending</StdErr>
      </Output>
      <ResultFiles>
        <ResultFile path="DESKTOP-3FN5V33\PagedQueryResult_1-QueryableExtensionsTests_ExecuteByTest_Sort(342)-638417995765895586.json" />
        <ResultFile path="DESKTOP-3FN5V33\SearchQuery-QueryableExtensionsTests_ExecuteByTest_Sort(340)-638417995765772418.json" />
      </ResultFiles>
    </UnitTestResult>
    <UnitTestResult executionId="933992f1-ce09-4c4c-8123-bf2d9c638117" testId="0b8f627b-a1c8-6277-6090-2fc13b4051a9" testName="ToEnumTest (Val2|Val1,Val1, Val2)" computerName="DESKTOP-3FN5V33" duration="00:00:00.0000358" startTime="2024-01-25T17:12:47.7763260-05:00" endTime="2024-01-25T17:12:47.7767751-05:00" testType="13cdc9d9-ddb5-4fa4-a97d-d965ccfc6d4b" outcome="Passed" testListId="8c84fa94-04c1-424b-9868-57a2d4851a1d" relativeResultsDirectory="933992f1-ce09-4c4c-8123-bf2d9c638117" xmlns="http://microsoft.com/schemas/VisualStudio/TeamTest/2010" />
    <UnitTestResult executionId="9b7d69c5-7891-42d7-a031-f82e37fca1c0" testId="2ae6c352-791a-5a0c-8cef-9e8ca7a29354" testName="ToEnumTest (0,Val0)" computerName="DESKTOP-3FN5V33" duration="00:00:00.0000319" startTime="2024-01-25T17:12:47.7799505-05:00" endTime="2024-01-25T17:12:47.7802418-05:00" testType="13cdc9d9-ddb5-4fa4-a97d-d965ccfc6d4b" outcome="Passed" testListId="8c84fa94-04c1-424b-9868-57a2d4851a1d" relativeResultsDirectory="9b7d69c5-7891-42d7-a031-f82e37fca1c0" xmlns="http://microsoft.com/schemas/VisualStudio/TeamTest/2010" />
    <UnitTestResult executionId="4a867966-5e3a-4980-a46c-5e36802547ad" testId="8e643e26-fbd5-ae99-4a9a-d26e4648cd65" testName="ToEnumTest (Val1,Val1)" computerName="DESKTOP-3FN5V33" duration="00:00:00.0146079" startTime="2024-01-25T17:12:47.7347606-05:00" endTime="2024-01-25T17:12:47.7537883-05:00" testType="13cdc9d9-ddb5-4fa4-a97d-d965ccfc6d4b" outcome="Passed" testListId="8c84fa94-04c1-424b-9868-57a2d4851a1d" relativeResultsDirectory="4a867966-5e3a-4980-a46c-5e36802547ad" xmlns="http://microsoft.com/schemas/VisualStudio/TeamTest/2010" />
    <UnitTestResult executionId="b8f41861-5f9c-486b-9950-2739bac90da8" testId="ce6510cf-36c8-726a-19a1-61fee8813205" testName="ToEnumTest (test name,WithDisplay)" computerName="DESKTOP-3FN5V33" duration="00:00:00.0028317" startTime="2024-01-25T17:12:47.8205318-05:00" endTime="2024-01-25T17:12:47.8238690-05:00" testType="13cdc9d9-ddb5-4fa4-a97d-d965ccfc6d4b" outcome="Passed" testListId="8c84fa94-04c1-424b-9868-57a2d4851a1d" relativeResultsDirectory="b8f41861-5f9c-486b-9950-2739bac90da8" xmlns="http://microsoft.com/schemas/VisualStudio/TeamTest/2010" />
    <UnitTestResult executionId="22ce8182-626b-4f87-b1f5-87f796895296" testId="ddf9cd7e-758c-d704-01a7-8f705631b98b" testName="ExecuteByTest_Sort (Name,Descending,999,998,997,996,995,994,993,992,991,990)" computerName="DESKTOP-3FN5V33" duration="00:00:00.0248981" startTime="2024-01-25T17:12:56.5486647-05:00" endTime="2024-01-25T17:12:56.5742133-05:00" testType="13cdc9d9-ddb5-4fa4-a97d-d965ccfc6d4b" outcome="Passed" testListId="8c84fa94-04c1-424b-9868-57a2d4851a1d" relativeResultsDirectory="22ce8182-626b-4f87-b1f5-87f796895296" xmlns="http://microsoft.com/schemas/VisualStudio/TeamTest/2010">
      <Output>
        <StdOut>Eliassen.System.Linq.ConsoleLogger`1[Eliassen.System.Linq.Search.QueryBuilder]:Information:&gt;
	Build query for CurrentPage: 0
PageSize: 0
ExcludePageCount: False
SearchTerm: (null)
	S:Name: Descending

Eliassen.System.Linq.ConsoleLogger`1[Eliassen.System.Linq.Search.QueryBuilder]:Information:&gt;
	Execute (paged): System.Linq.Enumerable+SelectRangeIterator`1[Eliassen.System.Tests.Linq.TestTargets.TestTargetModel].OrderByDescending(n =&gt; n.Name).Skip(0).Take(10)



TestContext Messages:
SearchQuery-QueryableExtensionsTests_ExecuteByTest_Sort(340)-638417995765501857.json: Attached
PagedQueryResult_1-QueryableExtensionsTests_ExecuteByTest_Sort(342)-638417995765656990.json: Attached</StdOut>
        <StdErr>Eliassen.System.Linq.ConsoleLogger`1[Eliassen.System.Linq.Search.QueryBuilder]:Warning:&gt;
	No filtering detected: System.Linq.Enumerable+SelectRangeIterator`1[Eliassen.System.Tests.Linq.TestTargets.TestTargetModel]: CurrentPage: 0
PageSize: 0
ExcludePageCount: False
SearchTerm: (null)
	S:Name: Descending</StdErr>
      </Output>
      <ResultFiles>
        <ResultFile path="DESKTOP-3FN5V33\PagedQueryResult_1-QueryableExtensionsTests_ExecuteByTest_Sort(342)-638417995765656990.json" />
        <ResultFile path="DESKTOP-3FN5V33\SearchQuery-QueryableExtensionsTests_ExecuteByTest_Sort(340)-638417995765501857.json" />
      </ResultFiles>
    </UnitTestResult>
    <UnitTestResult executionId="5602ea70-adac-4e47-9a02-9404861e8abc" testId="d30c3925-6041-dd0b-2a02-37144f03e811" testName="ToEnumTest (Val2 ,Val1,Val1, Val2)" computerName="DESKTOP-3FN5V33" duration="00:00:00.0000234" startTime="2024-01-25T17:12:47.7690555-05:00" endTime="2024-01-25T17:12:47.7697210-05:00" testType="13cdc9d9-ddb5-4fa4-a97d-d965ccfc6d4b" outcome="Passed" testListId="8c84fa94-04c1-424b-9868-57a2d4851a1d" relativeResultsDirectory="5602ea70-adac-4e47-9a02-9404861e8abc" xmlns="http://microsoft.com/schemas/VisualStudio/TeamTest/2010" />
    <UnitTestResult executionId="13bc0757-e442-409b-b135-3c7718235c01" testId="d5c2d09d-d5bb-c30c-e877-f0810b3cd681" testName="ToEnumTest (1,Val1)" computerName="DESKTOP-3FN5V33" duration="00:00:00.0000232" startTime="2024-01-25T17:12:47.7815526-05:00" endTime="2024-01-25T17:12:47.7818272-05:00" testType="13cdc9d9-ddb5-4fa4-a97d-d965ccfc6d4b" outcome="Passed" testListId="8c84fa94-04c1-424b-9868-57a2d4851a1d" relativeResultsDirectory="13bc0757-e442-409b-b135-3c7718235c01" xmlns="http://microsoft.com/schemas/VisualStudio/TeamTest/2010" />
    <UnitTestResult executionId="ad59a171-928f-4423-8ac4-7a6dc695e6d3" testId="8667c664-2408-3d94-53dd-862b8bb2405a" testName="ToEnumTest (test short,WithDisplay)" computerName="DESKTOP-3FN5V33" duration="00:00:00.0002563" startTime="2024-01-25T17:12:47.8252487-05:00" endTime="2024-01-25T17:12:47.8258937-05:00" testType="13cdc9d9-ddb5-4fa4-a97d-d965ccfc6d4b" outcome="Passed" testListId="8c84fa94-04c1-424b-9868-57a2d4851a1d" relativeResultsDirectory="ad59a171-928f-4423-8ac4-7a6dc695e6d3" xmlns="http://microsoft.com/schemas/VisualStudio/TeamTest/2010" />
    <UnitTestResult executionId="1b22c3e8-aa12-4b10-ba9a-33d585b0455c" testId="fb3ba795-c081-9f7b-3da5-2154832c187c" testName="ToEnumTest (4,WithEnumValue)" computerName="DESKTOP-3FN5V33" duration="00:00:00.0000139" startTime="2024-01-25T17:12:47.7856770-05:00" endTime="2024-01-25T17:12:47.7862049-05:00" testType="13cdc9d9-ddb5-4fa4-a97d-d965ccfc6d4b" outcome="Passed" testListId="8c84fa94-04c1-424b-9868-57a2d4851a1d" relativeResultsDirectory="1b22c3e8-aa12-4b10-ba9a-33d585b0455c" xmlns="http://microsoft.com/schemas/VisualStudio/TeamTest/2010" />
    <UnitTestResult executionId="c6312b2b-e314-4cbf-bde2-76b7d8b173c9" testId="52185704-5d0e-e5db-ccdd-e6d884289597" testName="ToEnumTest (test display,WithDisplay)" computerName="DESKTOP-3FN5V33" duration="00:00:00.0002621" startTime="2024-01-25T17:12:47.8165733-05:00" endTime="2024-01-25T17:12:47.8172613-05:00" testType="13cdc9d9-ddb5-4fa4-a97d-d965ccfc6d4b" outcome="Passed" testListId="8c84fa94-04c1-424b-9868-57a2d4851a1d" relativeResultsDirectory="c6312b2b-e314-4cbf-bde2-76b7d8b173c9" xmlns="http://microsoft.com/schemas/VisualStudio/TeamTest/2010" />
    <UnitTestResult executionId="8bf27327-7b60-40e4-a7b7-4d8010e6088b" testId="53f92a56-f656-cd19-3414-6dec87fc1460" testName="ToEnumTest (name,name2|test name,WithEnumValue, WithMemberName, WithDisplay)" computerName="DESKTOP-3FN5V33" duration="00:00:00.0002633" startTime="2024-01-25T17:12:47.8271492-05:00" endTime="2024-01-25T17:12:47.8277060-05:00" testType="13cdc9d9-ddb5-4fa4-a97d-d965ccfc6d4b" outcome="Passed" testListId="8c84fa94-04c1-424b-9868-57a2d4851a1d" relativeResultsDirectory="8bf27327-7b60-40e4-a7b7-4d8010e6088b" xmlns="http://microsoft.com/schemas/VisualStudio/TeamTest/2010" />
    <UnitTestResult executionId="2ce38243-8c89-44eb-a508-334f5a276f2d" testId="fffaa604-a2bf-cb56-46c0-a54e3c2e5b71" testName="ToEnumTest (-1,-1)" computerName="DESKTOP-3FN5V33" duration="00:00:00.0000278" startTime="2024-01-25T17:12:47.7781804-05:00" endTime="2024-01-25T17:12:47.7785659-05:00" testType="13cdc9d9-ddb5-4fa4-a97d-d965ccfc6d4b" outcome="Passed" testListId="8c84fa94-04c1-424b-9868-57a2d4851a1d" relativeResultsDirectory="2ce38243-8c89-44eb-a508-334f5a276f2d" xmlns="http://microsoft.com/schemas/VisualStudio/TeamTest/2010" />
    <UnitTestResult executionId="083fdc16-0434-4d01-90ca-17241ee3da53" testId="29e073f8-c889-a619-68be-0fbabe313523" testName="GetHash (hello world,XrY7u+Ae7tCTyyK7j1rNww==)" computerName="DESKTOP-3FN5V33" duration="00:00:00.0005568" startTime="2024-01-25T16:05:11.2789757-05:00" endTime="2024-01-25T16:05:11.2798821-05:00" testType="13cdc9d9-ddb5-4fa4-a97d-d965ccfc6d4b" outcome="Passed" testListId="8c84fa94-04c1-424b-9868-57a2d4851a1d" relativeResultsDirectory="083fdc16-0434-4d01-90ca-17241ee3da53" xmlns="http://microsoft.com/schemas/VisualStudio/TeamTest/2010">
      <Output>
        <StdOut>TestContext Messages:
"hello world" =&gt; "XrY7u+Ae7tCTyyK7j1rNww=="</StdOut>
      </Output>
    </UnitTestResult>
    <UnitTestResult executionId="3d979543-bfd5-46ef-b437-e0a6b836abf5" testId="0f3b8649-3271-0a42-8cb6-7536e5c6b6c7" testName="GetHash (Hello World!,7Qdih1MuhjZehB6Sv8UNjA==)" computerName="DESKTOP-3FN5V33" duration="00:00:00.0056288" startTime="2024-01-25T16:05:11.2712997-05:00" endTime="2024-01-25T16:05:11.2775265-05:00" testType="13cdc9d9-ddb5-4fa4-a97d-d965ccfc6d4b" outcome="Passed" testListId="8c84fa94-04c1-424b-9868-57a2d4851a1d" relativeResultsDirectory="3d979543-bfd5-46ef-b437-e0a6b836abf5" xmlns="http://microsoft.com/schemas/VisualStudio/TeamTest/2010">
      <Output>
        <StdOut>TestContext Messages:
"Hello World!" =&gt; "7Qdih1MuhjZehB6Sv8UNjA=="</StdOut>
      </Output>
    </UnitTestResult>
    <UnitTestResult executionId="b1aa69e9-bfb4-4167-a7be-51ba1ca43114" testId="0783fcf2-6259-18a6-4548-3ee3e685104b" testName="ToEnumTest (Val2,Val2)" computerName="DESKTOP-3FN5V33" duration="00:00:00.0000401" startTime="2024-01-06T16:06:25.1653531-05:00" endTime="2024-01-06T16:06:25.1658942-05:00" testType="13cdc9d9-ddb5-4fa4-a97d-d965ccfc6d4b" outcome="Passed" testListId="8c84fa94-04c1-424b-9868-57a2d4851a1d" relativeResultsDirectory="b1aa69e9-bfb4-4167-a7be-51ba1ca43114" xmlns="http://microsoft.com/schemas/VisualStudio/TeamTest/2010" />
    <UnitTestResult executionId="6b2a109b-8c7f-4bfe-bbfc-878ffe0ba5f7" testId="f4cf2bc5-5581-a176-969e-675ebb01aeb7" testName="ToEnumTest (test description,WithDescription)" computerName="DESKTOP-3FN5V33" duration="00:00:00.0001932" startTime="2024-01-06T16:06:25.1964422-05:00" endTime="2024-01-06T16:06:25.1969345-05:00" testType="13cdc9d9-ddb5-4fa4-a97d-d965ccfc6d4b" outcome="Passed" testListId="8c84fa94-04c1-424b-9868-57a2d4851a1d" relativeResultsDirectory="6b2a109b-8c7f-4bfe-bbfc-878ffe0ba5f7" xmlns="http://microsoft.com/schemas/VisualStudio/TeamTest/2010" />
    <UnitTestResult executionId="f4211e6a-6d7a-443b-a5b7-88e787623a2a" testId="2987ca95-4d23-bd98-8619-20a1f1f849ce" testName="ToEnumTest (Val2|Val1,Val1, Val2)" computerName="DESKTOP-3FN5V33" duration="00:00:00.0000205" startTime="2024-01-06T16:06:25.1725149-05:00" endTime="2024-01-06T16:06:25.1727367-05:00" testType="13cdc9d9-ddb5-4fa4-a97d-d965ccfc6d4b" outcome="Passed" testListId="8c84fa94-04c1-424b-9868-57a2d4851a1d" relativeResultsDirectory="f4211e6a-6d7a-443b-a5b7-88e787623a2a" xmlns="http://microsoft.com/schemas/VisualStudio/TeamTest/2010" />
    <UnitTestResult executionId="16988848-6550-4ff4-89c5-b914326a9bcd" testId="7634c0a5-d5d8-ae19-0f45-9f0c0c3f4e32" testName="ExecuteByTest_Sort (NAME,Descending,999,998,997,996,995,994,993,992,991,990)" computerName="DESKTOP-3FN5V33" duration="00:00:00.0094683" startTime="2024-01-06T16:06:31.2514622-05:00" endTime="2024-01-06T16:06:31.2612872-05:00" testType="13cdc9d9-ddb5-4fa4-a97d-d965ccfc6d4b" outcome="Passed" testListId="8c84fa94-04c1-424b-9868-57a2d4851a1d" relativeResultsDirectory="16988848-6550-4ff4-89c5-b914326a9bcd" xmlns="http://microsoft.com/schemas/VisualStudio/TeamTest/2010">
      <Output>
        <StdOut>Eliassen.System.Internal.ConsoleLogger`1[Eliassen.System.Linq.Search.QueryBuilder]:Information:&gt;
	Build query for CurrentPage: 0
PageSize: 0
ExcludePageCount: False
SearchTerm: (null)
	S:NAME: Descending

Eliassen.System.Internal.ConsoleLogger`1[Eliassen.System.Linq.Search.QueryBuilder]:Information:&gt;
	Execute (paged): System.Linq.Enumerable+SelectRangeIterator`1[Eliassen.System.Tests.Linq.TestTargets.TestTargetModel].OrderByDescending(n =&gt; n.Name).Skip(0).Take(10)



TestContext Messages:
SearchQuery-QueryableExtensionsTests_ExecuteByTest_Sort(297)-638401539912517310.json: Attached
PagedQueryResult_1-QueryableExtensionsTests_ExecuteByTest_Sort(299)-638401539912579812.json: Attached</StdOut>
        <StdErr>Eliassen.System.Internal.ConsoleLogger`1[Eliassen.System.Linq.Search.QueryBuilder]:Warning:&gt;
	No filtering detected: System.Linq.Enumerable+SelectRangeIterator`1[Eliassen.System.Tests.Linq.TestTargets.TestTargetModel]: CurrentPage: 0
PageSize: 0
ExcludePageCount: False
SearchTerm: (null)
	S:NAME: Descending</StdErr>
      </Output>
      <ResultFiles>
        <ResultFile path="DESKTOP-3FN5V33\PagedQueryResult_1-QueryableExtensionsTests_ExecuteByTest_Sort(299)-638401539912579812.json" />
        <ResultFile path="DESKTOP-3FN5V33\SearchQuery-QueryableExtensionsTests_ExecuteByTest_Sort(297)-638401539912517310.json" />
      </ResultFiles>
    </UnitTestResult>
    <UnitTestResult executionId="28cf8514-fb44-407c-8b26-5c436412a5e0" testId="6acd0700-45fd-3a58-a98b-e73e695d3cb6" testName="ToEnumTest (test name,WithDisplay)" computerName="DESKTOP-3FN5V33" duration="00:00:00.0002143" startTime="2024-01-06T16:06:25.2004453-05:00" endTime="2024-01-06T16:06:25.2009358-05:00" testType="13cdc9d9-ddb5-4fa4-a97d-d965ccfc6d4b" outcome="Passed" testListId="8c84fa94-04c1-424b-9868-57a2d4851a1d" relativeResultsDirectory="28cf8514-fb44-407c-8b26-5c436412a5e0" xmlns="http://microsoft.com/schemas/VisualStudio/TeamTest/2010" />
    <UnitTestResult executionId="c6774a62-9739-4067-b7bf-8ca0018cc10d" testId="a0c29914-2fac-1ccd-4f27-21bcc9ae1a84" testName="ToEnumTest (Val2,Val1,Val1, Val2)" computerName="DESKTOP-3FN5V33" duration="00:00:00.0000166" startTime="2024-01-06T16:06:25.1685418-05:00" endTime="2024-01-06T16:06:25.1687481-05:00" testType="13cdc9d9-ddb5-4fa4-a97d-d965ccfc6d4b" outcome="Passed" testListId="8c84fa94-04c1-424b-9868-57a2d4851a1d" relativeResultsDirectory="c6774a62-9739-4067-b7bf-8ca0018cc10d" xmlns="http://microsoft.com/schemas/VisualStudio/TeamTest/2010" />
    <UnitTestResult executionId="daf26b87-767e-4a45-9354-9f39fd515157" testId="8338d02b-d210-c931-4723-375c66eef863" testName="ExecuteByTest_Sort (name,Descending,999,998,997,996,995,994,993,992,991,990)" computerName="DESKTOP-3FN5V33" duration="00:00:00.0117974" startTime="2024-01-06T16:06:31.2380620-05:00" endTime="2024-01-06T16:06:31.2503665-05:00" testType="13cdc9d9-ddb5-4fa4-a97d-d965ccfc6d4b" outcome="Passed" testListId="8c84fa94-04c1-424b-9868-57a2d4851a1d" relativeResultsDirectory="daf26b87-767e-4a45-9354-9f39fd515157" xmlns="http://microsoft.com/schemas/VisualStudio/TeamTest/2010">
      <Output>
        <StdOut>Eliassen.System.Internal.ConsoleLogger`1[Eliassen.System.Linq.Search.QueryBuilder]:Information:&gt;
	Build query for CurrentPage: 0
PageSize: 0
ExcludePageCount: False
SearchTerm: (null)
	S:name: Descending

Eliassen.System.Internal.ConsoleLogger`1[Eliassen.System.Linq.Search.QueryBuilder]:Information:&gt;
	Execute (paged): System.Linq.Enumerable+SelectRangeIterator`1[Eliassen.System.Tests.Linq.TestTargets.TestTargetModel].OrderByDescending(n =&gt; n.Name).Skip(0).Take(10)



TestContext Messages:
SearchQuery-QueryableExtensionsTests_ExecuteByTest_Sort(297)-638401539912389463.json: Attached
PagedQueryResult_1-QueryableExtensionsTests_ExecuteByTest_Sort(299)-638401539912457686.json: Attached</StdOut>
        <StdErr>Eliassen.System.Internal.ConsoleLogger`1[Eliassen.System.Linq.Search.QueryBuilder]:Warning:&gt;
	No filtering detected: System.Linq.Enumerable+SelectRangeIterator`1[Eliassen.System.Tests.Linq.TestTargets.TestTargetModel]: CurrentPage: 0
PageSize: 0
ExcludePageCount: False
SearchTerm: (null)
	S:name: Descending</StdErr>
      </Output>
      <ResultFiles>
        <ResultFile path="DESKTOP-3FN5V33\PagedQueryResult_1-QueryableExtensionsTests_ExecuteByTest_Sort(299)-638401539912457686.json" />
        <ResultFile path="DESKTOP-3FN5V33\SearchQuery-QueryableExtensionsTests_ExecuteByTest_Sort(297)-638401539912389463.json" />
      </ResultFiles>
    </UnitTestResult>
    <UnitTestResult executionId="e56eb737-d591-42fb-b370-5f6b22ac0614" testId="1d97f529-259a-f217-942c-8e2e6578735c" testName="ToEnumTest (4,WithEnumValue)" computerName="DESKTOP-3FN5V33" duration="00:00:00.0000227" startTime="2024-01-06T16:06:25.1843765-05:00" endTime="2024-01-06T16:06:25.1846826-05:00" testType="13cdc9d9-ddb5-4fa4-a97d-d965ccfc6d4b" outcome="Passed" testListId="8c84fa94-04c1-424b-9868-57a2d4851a1d" relativeResultsDirectory="e56eb737-d591-42fb-b370-5f6b22ac0614" xmlns="http://microsoft.com/schemas/VisualStudio/TeamTest/2010" />
    <UnitTestResult executionId="84674fc9-47e7-493f-a787-f68e97139cd0" testId="c3266cf0-adcb-0581-8c52-a350b87b4664" testName="ToEnumTest (test display,WithDisplay)" computerName="DESKTOP-3FN5V33" duration="00:00:00.0002215" startTime="2024-01-06T16:06:25.1985022-05:00" endTime="2024-01-06T16:06:25.1990329-05:00" testType="13cdc9d9-ddb5-4fa4-a97d-d965ccfc6d4b" outcome="Passed" testListId="8c84fa94-04c1-424b-9868-57a2d4851a1d" relativeResultsDirectory="84674fc9-47e7-493f-a787-f68e97139cd0" xmlns="http://microsoft.com/schemas/VisualStudio/TeamTest/2010" />
    <UnitTestResult executionId="5d3a8fc4-58b0-4108-87f5-7c37758d0a46" testId="219547ac-d953-99f8-2edf-0911d57e52dd" testName="ToEnumTest (Val1,Val1)" computerName="DESKTOP-3FN5V33" duration="00:00:00.0086442" startTime="2024-01-06T16:06:25.1457139-05:00" endTime="2024-01-06T16:06:25.1597718-05:00" testType="13cdc9d9-ddb5-4fa4-a97d-d965ccfc6d4b" outcome="Passed" testListId="8c84fa94-04c1-424b-9868-57a2d4851a1d" relativeResultsDirectory="5d3a8fc4-58b0-4108-87f5-7c37758d0a46" xmlns="http://microsoft.com/schemas/VisualStudio/TeamTest/2010" />
    <UnitTestResult executionId="1030d549-3294-4baf-b9a0-2bc03d6f420a" testId="6acc9c74-0373-caf8-35ed-9e340028f0c1" testName="ToEnumTest (Val2, Val1,Val1, Val2)" computerName="DESKTOP-3FN5V33" duration="00:00:00.0000208" startTime="2024-01-06T16:06:25.1673404-05:00" endTime="2024-01-06T16:06:25.1676131-05:00" testType="13cdc9d9-ddb5-4fa4-a97d-d965ccfc6d4b" outcome="Passed" testListId="8c84fa94-04c1-424b-9868-57a2d4851a1d" relativeResultsDirectory="1030d549-3294-4baf-b9a0-2bc03d6f420a" xmlns="http://microsoft.com/schemas/VisualStudio/TeamTest/2010" />
    <UnitTestResult executionId="10922ca9-7202-4f16-aba2-d47b8645791c" testId="f6e30306-bb3b-d2e5-9a55-741402e2594f" testName="ToEnumTest (name2,WithMemberName)" computerName="DESKTOP-3FN5V33" duration="00:00:00.0002942" startTime="2024-01-06T16:06:25.1942443-05:00" endTime="2024-01-06T16:06:25.1950721-05:00" testType="13cdc9d9-ddb5-4fa4-a97d-d965ccfc6d4b" outcome="Passed" testListId="8c84fa94-04c1-424b-9868-57a2d4851a1d" relativeResultsDirectory="10922ca9-7202-4f16-aba2-d47b8645791c" xmlns="http://microsoft.com/schemas/VisualStudio/TeamTest/2010" />
    <UnitTestResult executionId="b46c7a51-cbc5-414b-a1cf-46b7b81c144a" testId="6945fc8e-bced-3763-56d7-dd9774cf09e7" testName="ToEnumTest (2,Val2)" computerName="DESKTOP-3FN5V33" duration="00:00:00.0000226" startTime="2024-01-06T16:06:25.1801725-05:00" endTime="2024-01-06T16:06:25.1805419-05:00" testType="13cdc9d9-ddb5-4fa4-a97d-d965ccfc6d4b" outcome="Passed" testListId="8c84fa94-04c1-424b-9868-57a2d4851a1d" relativeResultsDirectory="b46c7a51-cbc5-414b-a1cf-46b7b81c144a" xmlns="http://microsoft.com/schemas/VisualStudio/TeamTest/2010" />
    <UnitTestResult executionId="7bafe149-4ba8-4713-88c2-565ccbdf4b56" testId="e97eaf8e-0ecf-65f5-04ab-76ca8870b372" testName="ToEnumTest (test short,WithDisplay)" computerName="DESKTOP-3FN5V33" duration="00:00:00.0002421" startTime="2024-01-06T16:06:25.2047707-05:00" endTime="2024-01-06T16:06:25.2053726-05:00" testType="13cdc9d9-ddb5-4fa4-a97d-d965ccfc6d4b" outcome="Passed" testListId="8c84fa94-04c1-424b-9868-57a2d4851a1d" relativeResultsDirectory="7bafe149-4ba8-4713-88c2-565ccbdf4b56" xmlns="http://microsoft.com/schemas/VisualStudio/TeamTest/2010" />
    <UnitTestResult executionId="04ddff7e-4e04-435f-9c74-7d3eadea9387" testId="f6892432-d506-05dd-c1d8-5f655afbf0ef" testName="ExecuteByTest_Sort (Name,Ascending,0,1,10,100,101,102,103,104,105,106)" computerName="DESKTOP-3FN5V33" duration="00:00:00.0096665" startTime="2024-01-06T16:06:31.2626543-05:00" endTime="2024-01-06T16:06:31.2727505-05:00" testType="13cdc9d9-ddb5-4fa4-a97d-d965ccfc6d4b" outcome="Passed" testListId="8c84fa94-04c1-424b-9868-57a2d4851a1d" relativeResultsDirectory="04ddff7e-4e04-435f-9c74-7d3eadea9387" xmlns="http://microsoft.com/schemas/VisualStudio/TeamTest/2010">
      <Output>
        <StdOut>Eliassen.System.Internal.ConsoleLogger`1[Eliassen.System.Linq.Search.QueryBuilder]:Information:&gt;
	Build query for CurrentPage: 0
PageSize: 0
ExcludePageCount: False
SearchTerm: (null)
	S:Name: Ascending

Eliassen.System.Internal.ConsoleLogger`1[Eliassen.System.Linq.Search.QueryBuilder]:Information:&gt;
	Execute (paged): System.Linq.Enumerable+SelectRangeIterator`1[Eliassen.System.Tests.Linq.TestTargets.TestTargetModel].OrderBy(n =&gt; n.Name).Skip(0).Take(10)



TestContext Messages:
SearchQuery-QueryableExtensionsTests_ExecuteByTest_Sort(297)-638401539912630220.json: Attached
PagedQueryResult_1-QueryableExtensionsTests_ExecuteByTest_Sort(299)-638401539912700711.json: Attached</StdOut>
        <StdErr>Eliassen.System.Internal.ConsoleLogger`1[Eliassen.System.Linq.Search.QueryBuilder]:Warning:&gt;
	No filtering detected: System.Linq.Enumerable+SelectRangeIterator`1[Eliassen.System.Tests.Linq.TestTargets.TestTargetModel]: CurrentPage: 0
PageSize: 0
ExcludePageCount: False
SearchTerm: (null)
	S:Name: Ascending</StdErr>
      </Output>
      <ResultFiles>
        <ResultFile path="DESKTOP-3FN5V33\PagedQueryResult_1-QueryableExtensionsTests_ExecuteByTest_Sort(299)-638401539912700711.json" />
        <ResultFile path="DESKTOP-3FN5V33\SearchQuery-QueryableExtensionsTests_ExecuteByTest_Sort(297)-638401539912630220.json" />
      </ResultFiles>
    </UnitTestResult>
    <UnitTestResult executionId="af9a82c4-38ac-41dc-a778-ad919eb088aa" testId="6a696e3c-fdaf-a272-447e-e0c2a6c77673" testName="ToEnumTest (name,name2|test name,WithEnumValue, WithMemberName, WithDisplay)" computerName="DESKTOP-3FN5V33" duration="00:00:00.0002442" startTime="2024-01-06T16:06:25.2078104-05:00" endTime="2024-01-06T16:06:25.2083967-05:00" testType="13cdc9d9-ddb5-4fa4-a97d-d965ccfc6d4b" outcome="Passed" testListId="8c84fa94-04c1-424b-9868-57a2d4851a1d" relativeResultsDirectory="af9a82c4-38ac-41dc-a778-ad919eb088aa" xmlns="http://microsoft.com/schemas/VisualStudio/TeamTest/2010" />
    <UnitTestResult executionId="d1099f81-9056-433a-8b61-c8cb9691fef6" testId="55a3c803-06e9-6a98-6826-97a1597a8680" testName="ToEnumTest (0,Val0)" computerName="DESKTOP-3FN5V33" duration="00:00:00.0000121" startTime="2024-01-06T16:06:25.1752890-05:00" endTime="2024-01-06T16:06:25.1754971-05:00" testType="13cdc9d9-ddb5-4fa4-a97d-d965ccfc6d4b" outcome="Passed" testListId="8c84fa94-04c1-424b-9868-57a2d4851a1d" relativeResultsDirectory="d1099f81-9056-433a-8b61-c8cb9691fef6" xmlns="http://microsoft.com/schemas/VisualStudio/TeamTest/2010" />
    <UnitTestResult executionId="80aad71d-1f29-4d81-8bfb-b9b02f9e13c0" testId="6f5bf48c-e4c0-b967-62c8-a640629e7719" testName="ToEnumTest (1,Val1)" computerName="DESKTOP-3FN5V33" duration="00:00:00.0000137" startTime="2024-01-06T16:06:25.1768126-05:00" endTime="2024-01-06T16:06:25.1770396-05:00" testType="13cdc9d9-ddb5-4fa4-a97d-d965ccfc6d4b" outcome="Passed" testListId="8c84fa94-04c1-424b-9868-57a2d4851a1d" relativeResultsDirectory="80aad71d-1f29-4d81-8bfb-b9b02f9e13c0" xmlns="http://microsoft.com/schemas/VisualStudio/TeamTest/2010" />
    <UnitTestResult executionId="42810d77-4cb2-4d0a-84fc-3627a49242eb" testId="a465e3e2-5f33-9280-96a5-dad2cdb56d48" testName="ToEnumTest (Val2 , Val1,Val1, Val2)" computerName="DESKTOP-3FN5V33" duration="00:00:00.0000169" startTime="2024-01-06T16:06:25.1696963-05:00" endTime="2024-01-06T16:06:25.1699649-05:00" testType="13cdc9d9-ddb5-4fa4-a97d-d965ccfc6d4b" outcome="Passed" testListId="8c84fa94-04c1-424b-9868-57a2d4851a1d" relativeResultsDirectory="42810d77-4cb2-4d0a-84fc-3627a49242eb" xmlns="http://microsoft.com/schemas/VisualStudio/TeamTest/2010" />
    <UnitTestResult executionId="6968c3fc-62c3-4d6e-89ee-42f0d19c6349" testId="d9a582db-720f-849c-5c6c-3e72305e7969" testName="ToEnumTest (-1,-1)" computerName="DESKTOP-3FN5V33" duration="00:00:00.0000226" startTime="2024-01-06T16:06:25.1739125-05:00" endTime="2024-01-06T16:06:25.1741562-05:00" testType="13cdc9d9-ddb5-4fa4-a97d-d965ccfc6d4b" outcome="Passed" testListId="8c84fa94-04c1-424b-9868-57a2d4851a1d" relativeResultsDirectory="6968c3fc-62c3-4d6e-89ee-42f0d19c6349" xmlns="http://microsoft.com/schemas/VisualStudio/TeamTest/2010" />
    <UnitTestResult executionId="3eafb1a8-c001-4932-9731-024d2568eca7" testId="2be0bb23-bdd4-39e3-5c52-58d829d1a4f6" testName="ExecuteByTest_Sort (Name,Descending,999,998,997,996,995,994,993,992,991,990)" computerName="DESKTOP-3FN5V33" duration="00:00:00.0140897" startTime="2024-01-06T16:06:31.2224047-05:00" endTime="2024-01-06T16:06:31.2368351-05:00" testType="13cdc9d9-ddb5-4fa4-a97d-d965ccfc6d4b" outcome="Passed" testListId="8c84fa94-04c1-424b-9868-57a2d4851a1d" relativeResultsDirectory="3eafb1a8-c001-4932-9731-024d2568eca7" xmlns="http://microsoft.com/schemas/VisualStudio/TeamTest/2010">
      <Output>
        <StdOut>Eliassen.System.Internal.ConsoleLogger`1[Eliassen.System.Linq.Search.QueryBuilder]:Information:&gt;
	Build query for CurrentPage: 0
PageSize: 0
ExcludePageCount: False
SearchTerm: (null)
	S:Name: Descending

Eliassen.System.Internal.ConsoleLogger`1[Eliassen.System.Linq.Search.QueryBuilder]:Information:&gt;
	Execute (paged): System.Linq.Enumerable+SelectRangeIterator`1[Eliassen.System.Tests.Linq.TestTargets.TestTargetModel].OrderByDescending(n =&gt; n.Name).Skip(0).Take(10)



TestContext Messages:
SearchQuery-QueryableExtensionsTests_ExecuteByTest_Sort(297)-638401539912230644.json: Attached
PagedQueryResult_1-QueryableExtensionsTests_ExecuteByTest_Sort(299)-638401539912312831.json: Attached</StdOut>
        <StdErr>Eliassen.System.Internal.ConsoleLogger`1[Eliassen.System.Linq.Search.QueryBuilder]:Warning:&gt;
	No filtering detected: System.Linq.Enumerable+SelectRangeIterator`1[Eliassen.System.Tests.Linq.TestTargets.TestTargetModel]: CurrentPage: 0
PageSize: 0
ExcludePageCount: False
SearchTerm: (null)
	S:Name: Descending</StdErr>
      </Output>
      <ResultFiles>
        <ResultFile path="DESKTOP-3FN5V33\PagedQueryResult_1-QueryableExtensionsTests_ExecuteByTest_Sort(299)-638401539912312831.json" />
        <ResultFile path="DESKTOP-3FN5V33\SearchQuery-QueryableExtensionsTests_ExecuteByTest_Sort(297)-638401539912230644.json" />
      </ResultFiles>
    </UnitTestResult>
    <UnitTestResult executionId="d17b5f28-f3a8-4b72-a707-06d6510ac725" testId="da8e2bdd-b046-b065-da35-f4d8fa39c126" testName="ToEnumTest (3,Val1, Val2)" computerName="DESKTOP-3FN5V33" duration="00:00:00.0000300" startTime="2024-01-06T16:06:25.1820926-05:00" endTime="2024-01-06T16:06:25.1824604-05:00" testType="13cdc9d9-ddb5-4fa4-a97d-d965ccfc6d4b" outcome="Passed" testListId="8c84fa94-04c1-424b-9868-57a2d4851a1d" relativeResultsDirectory="d17b5f28-f3a8-4b72-a707-06d6510ac725" xmlns="http://microsoft.com/schemas/VisualStudio/TeamTest/2010" />
    <UnitTestResult executionId="51c36e12-1178-4f39-a91c-d3b10e505799" testId="18ab39eb-c269-8e5e-27c8-0e0099e940b7" testName="ToEnumTest (Val2 ,Val1,Val1, Val2)" computerName="DESKTOP-3FN5V33" duration="00:00:00.0000146" startTime="2024-01-06T16:06:25.1711425-05:00" endTime="2024-01-06T16:06:25.1713677-05:00" testType="13cdc9d9-ddb5-4fa4-a97d-d965ccfc6d4b" outcome="Passed" testListId="8c84fa94-04c1-424b-9868-57a2d4851a1d" relativeResultsDirectory="51c36e12-1178-4f39-a91c-d3b10e505799" xmlns="http://microsoft.com/schemas/VisualStudio/TeamTest/2010" />
    <UnitTestResult executionId="18c6fc2f-e879-4567-8952-00334e0a1a5b" testId="fc5fae9f-91d6-fa24-579e-a13cc255eec6" testName="ToEnumTest (name,WithEnumValue)" computerName="DESKTOP-3FN5V33" duration="00:00:00.0022812" startTime="2024-01-06T16:06:25.1899726-05:00" endTime="2024-01-06T16:06:25.1927020-05:00" testType="13cdc9d9-ddb5-4fa4-a97d-d965ccfc6d4b" outcome="Passed" testListId="8c84fa94-04c1-424b-9868-57a2d4851a1d" relativeResultsDirectory="18c6fc2f-e879-4567-8952-00334e0a1a5b" xmlns="http://microsoft.com/schemas/VisualStudio/TeamTest/2010" />
    <UnitTestResult executionId="a0e44ede-500c-4f9e-963d-32744d33b60e" testId="921f768d-c026-5c72-695c-6195f075a1c1" testName="ToEnumTest (test description,WithDescription)" computerName="DESKTOP-3FN5V33" duration="00:00:00.0002230" startTime="2024-01-05T13:40:30.5233348-05:00" endTime="2024-01-05T13:40:30.5238959-05:00" testType="13cdc9d9-ddb5-4fa4-a97d-d965ccfc6d4b" outcome="Passed" testListId="8c84fa94-04c1-424b-9868-57a2d4851a1d" relativeResultsDirectory="a0e44ede-500c-4f9e-963d-32744d33b60e" xmlns="http://microsoft.com/schemas/VisualStudio/TeamTest/2010" />
    <UnitTestResult executionId="385f1677-3ea5-4a05-8f46-c52bd4edea4c" testId="abffb153-2bc5-2e5d-37d3-34241627ba4f" testName="ToEnumTest (name,WithEnumValue)" computerName="DESKTOP-3FN5V33" duration="00:00:00.0016152" startTime="2024-01-05T13:40:30.5177106-05:00" endTime="2024-01-05T13:40:30.5197850-05:00" testType="13cdc9d9-ddb5-4fa4-a97d-d965ccfc6d4b" outcome="Passed" testListId="8c84fa94-04c1-424b-9868-57a2d4851a1d" relativeResultsDirectory="385f1677-3ea5-4a05-8f46-c52bd4edea4c" xmlns="http://microsoft.com/schemas/VisualStudio/TeamTest/2010" />
    <UnitTestResult executionId="3d870979-e79c-40ae-93aa-2d9845f63af5" testId="32feb49a-a169-6254-5ae6-6f93b144c382" testName="ToEnumTest (Val2|Val1,Val1, Val2)" computerName="DESKTOP-3FN5V33" duration="00:00:00.0000351" startTime="2024-01-05T13:40:30.4914840-05:00" endTime="2024-01-05T13:40:30.4918647-05:00" testType="13cdc9d9-ddb5-4fa4-a97d-d965ccfc6d4b" outcome="Passed" testListId="8c84fa94-04c1-424b-9868-57a2d4851a1d" relativeResultsDirectory="3d870979-e79c-40ae-93aa-2d9845f63af5" xmlns="http://microsoft.com/schemas/VisualStudio/TeamTest/2010" />
    <UnitTestResult executionId="3ce272cf-cde6-4137-951e-a6d5a1960745" testId="b7ad954c-d7f8-9b7f-da20-994bdddaa358" testName="ToEnumTest (Val2 , Val1,Val1, Val2)" computerName="DESKTOP-3FN5V33" duration="00:00:00.0000379" startTime="2024-01-05T13:40:30.4869179-05:00" endTime="2024-01-05T13:40:30.4879969-05:00" testType="13cdc9d9-ddb5-4fa4-a97d-d965ccfc6d4b" outcome="Passed" testListId="8c84fa94-04c1-424b-9868-57a2d4851a1d" relativeResultsDirectory="3ce272cf-cde6-4137-951e-a6d5a1960745" xmlns="http://microsoft.com/schemas/VisualStudio/TeamTest/2010" />
    <UnitTestResult executionId="e4a52e1c-7bcb-4820-8f24-e57fa7b55ee9" testId="a7424620-7d66-2bab-87dd-6bf41b62173f" testName="ToEnumTest (name2,WithMemberName)" computerName="DESKTOP-3FN5V33" duration="00:00:00.0002965" startTime="2024-01-05T13:40:30.5212759-05:00" endTime="2024-01-05T13:40:30.5219666-05:00" testType="13cdc9d9-ddb5-4fa4-a97d-d965ccfc6d4b" outcome="Passed" testListId="8c84fa94-04c1-424b-9868-57a2d4851a1d" relativeResultsDirectory="e4a52e1c-7bcb-4820-8f24-e57fa7b55ee9" xmlns="http://microsoft.com/schemas/VisualStudio/TeamTest/2010" />
    <UnitTestResult executionId="b1141e79-50de-4334-ba74-3ab5e46691e9" testId="cb67196b-6ac5-2ad3-c511-f22d8dd105d9" testName="ToEnumTest (3,Val1, Val2)" computerName="DESKTOP-3FN5V33" duration="00:00:00.0000265" startTime="2024-01-05T13:40:30.5048776-05:00" endTime="2024-01-05T13:40:30.5052774-05:00" testType="13cdc9d9-ddb5-4fa4-a97d-d965ccfc6d4b" outcome="Passed" testListId="8c84fa94-04c1-424b-9868-57a2d4851a1d" relativeResultsDirectory="b1141e79-50de-4334-ba74-3ab5e46691e9" xmlns="http://microsoft.com/schemas/VisualStudio/TeamTest/2010" />
    <UnitTestResult executionId="3b350acf-5020-4137-8449-f79219986837" testId="9995fe48-045c-fb86-728c-6afde736c742" testName="ToEnumTest (test display,WithDisplay)" computerName="DESKTOP-3FN5V33" duration="00:00:00.0002096" startTime="2024-01-05T13:40:30.5252707-05:00" endTime="2024-01-05T13:40:30.5257779-05:00" testType="13cdc9d9-ddb5-4fa4-a97d-d965ccfc6d4b" outcome="Passed" testListId="8c84fa94-04c1-424b-9868-57a2d4851a1d" relativeResultsDirectory="3b350acf-5020-4137-8449-f79219986837" xmlns="http://microsoft.com/schemas/VisualStudio/TeamTest/2010" />
    <UnitTestResult executionId="b01a20d6-240a-4206-b3ff-4c960ba603dd" testId="a8ca89f0-79ce-83ca-018f-472a49db6f46" testName="ToEnumTest (test name,WithDisplay)" computerName="DESKTOP-3FN5V33" duration="00:00:00.0005655" startTime="2024-01-05T13:40:30.5271555-05:00" endTime="2024-01-05T13:40:30.5280619-05:00" testType="13cdc9d9-ddb5-4fa4-a97d-d965ccfc6d4b" outcome="Passed" testListId="8c84fa94-04c1-424b-9868-57a2d4851a1d" relativeResultsDirectory="b01a20d6-240a-4206-b3ff-4c960ba603dd" xmlns="http://microsoft.com/schemas/VisualStudio/TeamTest/2010" />
    <UnitTestResult executionId="8c427b4c-7c5a-4d19-af57-3b22b1296e16" testId="e05e78b9-1fc5-d5e7-7e42-f53788d2e4a8" testName="ExecuteByTest_Sort (Name,Descending,999,998,997,996,995,994,993,992,991,990)" computerName="DESKTOP-3FN5V33" duration="00:00:00.0223237" startTime="2024-01-05T13:40:38.5773046-05:00" endTime="2024-01-05T13:40:38.6000710-05:00" testType="13cdc9d9-ddb5-4fa4-a97d-d965ccfc6d4b" outcome="Passed" testListId="8c84fa94-04c1-424b-9868-57a2d4851a1d" relativeResultsDirectory="8c427b4c-7c5a-4d19-af57-3b22b1296e16" xmlns="http://microsoft.com/schemas/VisualStudio/TeamTest/2010">
      <Output>
        <StdOut>Eliassen.System.Internal.ConsoleLogger`1[Eliassen.System.Linq.Search.QueryBuilder]:Information:&gt;
	Build query for CurrentPage: 0
PageSize: 0
ExcludePageCount: False
SearchTerm: (null)
	S:Name: Descending

Eliassen.System.Internal.ConsoleLogger`1[Eliassen.System.Linq.Search.QueryBuilder]:Information:&gt;
	Execute (paged): System.Linq.Enumerable+SelectRangeIterator`1[Eliassen.System.Tests.Linq.TestTargets.TestTargetModel].OrderByDescending(n =&gt; n.Name).Skip(0).Take(10)



TestContext Messages:
SearchQuery-QueryableExtensionsTests_ExecuteByTest_Sort(296)-638400588385781692.json: Attached
PagedQueryResult_1-QueryableExtensionsTests_ExecuteByTest_Sort(298)-638400588385912365.json: Attached</StdOut>
        <StdErr>Eliassen.System.Internal.ConsoleLogger`1[Eliassen.System.Linq.Search.QueryBuilder]:Warning:&gt;
	No filtering detected: System.Linq.Enumerable+SelectRangeIterator`1[Eliassen.System.Tests.Linq.TestTargets.TestTargetModel]: CurrentPage: 0
PageSize: 0
ExcludePageCount: False
SearchTerm: (null)
	S:Name: Descending</StdErr>
      </Output>
      <ResultFiles>
        <ResultFile path="DESKTOP-3FN5V33\PagedQueryResult_1-QueryableExtensionsTests_ExecuteByTest_Sort(298)-638400588385912365.json" />
        <ResultFile path="DESKTOP-3FN5V33\SearchQuery-QueryableExtensionsTests_ExecuteByTest_Sort(296)-638400588385781692.json" />
      </ResultFiles>
    </UnitTestResult>
    <UnitTestResult executionId="f7a40961-0855-4a05-ae44-9d6abc60fc88" testId="3e3a289b-1c74-15e1-39bf-f6ee0cea86e7" testName="ToEnumTest (2,Val2)" computerName="DESKTOP-3FN5V33" duration="00:00:00.0000291" startTime="2024-01-05T13:40:30.5029398-05:00" endTime="2024-01-05T13:40:30.5033780-05:00" testType="13cdc9d9-ddb5-4fa4-a97d-d965ccfc6d4b" outcome="Passed" testListId="8c84fa94-04c1-424b-9868-57a2d4851a1d" relativeResultsDirectory="f7a40961-0855-4a05-ae44-9d6abc60fc88" xmlns="http://microsoft.com/schemas/VisualStudio/TeamTest/2010" />
    <UnitTestResult executionId="afd8566c-a256-4bcc-9a52-b512f95abff0" testId="a1968147-0351-75a4-0e13-531c67b43bf8" testName="ExecuteByTest_Sort (Name,Ascending,0,1,10,100,101,102,103,104,105,106)" computerName="DESKTOP-3FN5V33" duration="00:00:00.0171664" startTime="2024-01-05T13:40:38.6292722-05:00" endTime="2024-01-05T13:40:38.6469345-05:00" testType="13cdc9d9-ddb5-4fa4-a97d-d965ccfc6d4b" outcome="Passed" testListId="8c84fa94-04c1-424b-9868-57a2d4851a1d" relativeResultsDirectory="afd8566c-a256-4bcc-9a52-b512f95abff0" xmlns="http://microsoft.com/schemas/VisualStudio/TeamTest/2010">
      <Output>
        <StdOut>Eliassen.System.Internal.ConsoleLogger`1[Eliassen.System.Linq.Search.QueryBuilder]:Information:&gt;
	Build query for CurrentPage: 0
PageSize: 0
ExcludePageCount: False
SearchTerm: (null)
	S:Name: Ascending

Eliassen.System.Internal.ConsoleLogger`1[Eliassen.System.Linq.Search.QueryBuilder]:Information:&gt;
	Execute (paged): System.Linq.Enumerable+SelectRangeIterator`1[Eliassen.System.Tests.Linq.TestTargets.TestTargetModel].OrderBy(n =&gt; n.Name).Skip(0).Take(10)



TestContext Messages:
SearchQuery-QueryableExtensionsTests_ExecuteByTest_Sort(296)-638400588386296550.json: Attached
PagedQueryResult_1-QueryableExtensionsTests_ExecuteByTest_Sort(298)-638400588386377885.json: Attached</StdOut>
        <StdErr>Eliassen.System.Internal.ConsoleLogger`1[Eliassen.System.Linq.Search.QueryBuilder]:Warning:&gt;
	No filtering detected: System.Linq.Enumerable+SelectRangeIterator`1[Eliassen.System.Tests.Linq.TestTargets.TestTargetModel]: CurrentPage: 0
PageSize: 0
ExcludePageCount: False
SearchTerm: (null)
	S:Name: Ascending</StdErr>
      </Output>
      <ResultFiles>
        <ResultFile path="DESKTOP-3FN5V33\PagedQueryResult_1-QueryableExtensionsTests_ExecuteByTest_Sort(298)-638400588386377885.json" />
        <ResultFile path="DESKTOP-3FN5V33\SearchQuery-QueryableExtensionsTests_ExecuteByTest_Sort(296)-638400588386296550.json" />
      </ResultFiles>
    </UnitTestResult>
    <UnitTestResult executionId="eb60c41b-e188-4059-9485-c47780f6846a" testId="747a08c9-a3e7-c6d3-d3e5-4ea9ef67df60" testName="ExecuteByTest_Sort (NAME,Descending,999,998,997,996,995,994,993,992,991,990)" computerName="DESKTOP-3FN5V33" duration="00:00:00.0123093" startTime="2024-01-05T13:40:38.6150169-05:00" endTime="2024-01-05T13:40:38.6277688-05:00" testType="13cdc9d9-ddb5-4fa4-a97d-d965ccfc6d4b" outcome="Passed" testListId="8c84fa94-04c1-424b-9868-57a2d4851a1d" relativeResultsDirectory="eb60c41b-e188-4059-9485-c47780f6846a" xmlns="http://microsoft.com/schemas/VisualStudio/TeamTest/2010">
      <Output>
        <StdOut>Eliassen.System.Internal.ConsoleLogger`1[Eliassen.System.Linq.Search.QueryBuilder]:Information:&gt;
	Build query for CurrentPage: 0
PageSize: 0
ExcludePageCount: False
SearchTerm: (null)
	S:NAME: Descending

Eliassen.System.Internal.ConsoleLogger`1[Eliassen.System.Linq.Search.QueryBuilder]:Information:&gt;
	Execute (paged): System.Linq.Enumerable+SelectRangeIterator`1[Eliassen.System.Tests.Linq.TestTargets.TestTargetModel].OrderByDescending(n =&gt; n.Name).Skip(0).Take(10)



TestContext Messages:
SearchQuery-QueryableExtensionsTests_ExecuteByTest_Sort(296)-638400588386153941.json: Attached
PagedQueryResult_1-QueryableExtensionsTests_ExecuteByTest_Sort(298)-638400588386234127.json: Attached</StdOut>
        <StdErr>Eliassen.System.Internal.ConsoleLogger`1[Eliassen.System.Linq.Search.QueryBuilder]:Warning:&gt;
	No filtering detected: System.Linq.Enumerable+SelectRangeIterator`1[Eliassen.System.Tests.Linq.TestTargets.TestTargetModel]: CurrentPage: 0
PageSize: 0
ExcludePageCount: False
SearchTerm: (null)
	S:NAME: Descending</StdErr>
      </Output>
      <ResultFiles>
        <ResultFile path="DESKTOP-3FN5V33\PagedQueryResult_1-QueryableExtensionsTests_ExecuteByTest_Sort(298)-638400588386234127.json" />
        <ResultFile path="DESKTOP-3FN5V33\SearchQuery-QueryableExtensionsTests_ExecuteByTest_Sort(296)-638400588386153941.json" />
      </ResultFiles>
    </UnitTestResult>
    <UnitTestResult executionId="65590435-436a-40f2-966f-2661c59b274f" testId="1d8ac424-d8c8-cc40-95df-91f5d4ddca6b" testName="ToEnumTest (name,name2|test name,WithEnumValue, WithMemberName, WithDisplay)" computerName="DESKTOP-3FN5V33" duration="00:00:00.0002431" startTime="2024-01-05T13:40:30.5316161-05:00" endTime="2024-01-05T13:40:30.5321626-05:00" testType="13cdc9d9-ddb5-4fa4-a97d-d965ccfc6d4b" outcome="Passed" testListId="8c84fa94-04c1-424b-9868-57a2d4851a1d" relativeResultsDirectory="65590435-436a-40f2-966f-2661c59b274f" xmlns="http://microsoft.com/schemas/VisualStudio/TeamTest/2010" />
    <UnitTestResult executionId="c97a17fe-f1c6-442c-93fc-1a4f021527fe" testId="09a12892-a09d-2217-56ca-535c29014ee4" testName="ToEnumTest (Val2 ,Val1,Val1, Val2)" computerName="DESKTOP-3FN5V33" duration="00:00:00.0000309" startTime="2024-01-05T13:40:30.4895593-05:00" endTime="2024-01-05T13:40:30.4899686-05:00" testType="13cdc9d9-ddb5-4fa4-a97d-d965ccfc6d4b" outcome="Passed" testListId="8c84fa94-04c1-424b-9868-57a2d4851a1d" relativeResultsDirectory="c97a17fe-f1c6-442c-93fc-1a4f021527fe" xmlns="http://microsoft.com/schemas/VisualStudio/TeamTest/2010" />
    <UnitTestResult executionId="3bbdd0c4-cd00-4dee-8025-f06d69e3aeb9" testId="23e6d9bc-f3c3-f29d-3344-d86cf83d0f1d" testName="ToEnumTest (-1,-1)" computerName="DESKTOP-3FN5V33" duration="00:00:00.0000438" startTime="2024-01-05T13:40:30.4933349-05:00" endTime="2024-01-05T13:40:30.4937483-05:00" testType="13cdc9d9-ddb5-4fa4-a97d-d965ccfc6d4b" outcome="Passed" testListId="8c84fa94-04c1-424b-9868-57a2d4851a1d" relativeResultsDirectory="3bbdd0c4-cd00-4dee-8025-f06d69e3aeb9" xmlns="http://microsoft.com/schemas/VisualStudio/TeamTest/2010" />
    <UnitTestResult executionId="1d79fc07-10ab-4052-a444-863a227c68b5" testId="92340e72-277a-04a0-4ab5-bc7177798536" testName="ToEnumTest (Val2,Val2)" computerName="DESKTOP-3FN5V33" duration="00:00:00.0000379" startTime="2024-01-05T13:40:30.4597533-05:00" endTime="2024-01-05T13:40:30.4602607-05:00" testType="13cdc9d9-ddb5-4fa4-a97d-d965ccfc6d4b" outcome="Passed" testListId="8c84fa94-04c1-424b-9868-57a2d4851a1d" relativeResultsDirectory="1d79fc07-10ab-4052-a444-863a227c68b5" xmlns="http://microsoft.com/schemas/VisualStudio/TeamTest/2010" />
    <UnitTestResult executionId="16c2a3e3-09ef-4531-82c3-96158eaeed51" testId="40b5ef99-b7df-93ac-7917-4647f5a51753" testName="ToEnumTest (0,Val0)" computerName="DESKTOP-3FN5V33" duration="00:00:00.0000417" startTime="2024-01-05T13:40:30.4960078-05:00" endTime="2024-01-05T13:40:30.4985716-05:00" testType="13cdc9d9-ddb5-4fa4-a97d-d965ccfc6d4b" outcome="Passed" testListId="8c84fa94-04c1-424b-9868-57a2d4851a1d" relativeResultsDirectory="16c2a3e3-09ef-4531-82c3-96158eaeed51" xmlns="http://microsoft.com/schemas/VisualStudio/TeamTest/2010" />
    <UnitTestResult executionId="9815c874-51eb-477e-93de-1719ce6a983b" testId="01759c6c-9c6f-76ea-83d1-8f4c8b379bd1" testName="ToEnumTest (4,WithEnumValue)" computerName="DESKTOP-3FN5V33" duration="00:00:00.0000371" startTime="2024-01-05T13:40:30.5100405-05:00" endTime="2024-01-05T13:40:30.5105510-05:00" testType="13cdc9d9-ddb5-4fa4-a97d-d965ccfc6d4b" outcome="Passed" testListId="8c84fa94-04c1-424b-9868-57a2d4851a1d" relativeResultsDirectory="9815c874-51eb-477e-93de-1719ce6a983b" xmlns="http://microsoft.com/schemas/VisualStudio/TeamTest/2010" />
    <UnitTestResult executionId="bb0c1b76-1c71-4c4d-a428-ca092e49680d" testId="b13fa943-22bd-9e1f-c5db-ef62652cfa07" testName="ToEnumTest (Val1,Val1)" computerName="DESKTOP-3FN5V33" duration="00:00:00.0093418" startTime="2024-01-05T13:40:30.4446843-05:00" endTime="2024-01-05T13:40:30.4580401-05:00" testType="13cdc9d9-ddb5-4fa4-a97d-d965ccfc6d4b" outcome="Passed" testListId="8c84fa94-04c1-424b-9868-57a2d4851a1d" relativeResultsDirectory="bb0c1b76-1c71-4c4d-a428-ca092e49680d" xmlns="http://microsoft.com/schemas/VisualStudio/TeamTest/2010" />
    <UnitTestResult executionId="fe6eb761-c776-4af4-a11a-df8b282381a7" testId="58462863-ff6d-f063-2a0a-2d8d701b12ea" testName="ToEnumTest (test short,WithDisplay)" computerName="DESKTOP-3FN5V33" duration="00:00:00.0002258" startTime="2024-01-05T13:40:30.5296184-05:00" endTime="2024-01-05T13:40:30.5301739-05:00" testType="13cdc9d9-ddb5-4fa4-a97d-d965ccfc6d4b" outcome="Passed" testListId="8c84fa94-04c1-424b-9868-57a2d4851a1d" relativeResultsDirectory="fe6eb761-c776-4af4-a11a-df8b282381a7" xmlns="http://microsoft.com/schemas/VisualStudio/TeamTest/2010" />
    <UnitTestResult executionId="e38a042e-bcc8-4766-8bef-d0ded6a27e1f" testId="cb4cfb9e-73c3-8e26-9b3a-14e0a5fbae7b" testName="ToEnumTest (Val2,Val1,Val1, Val2)" computerName="DESKTOP-3FN5V33" duration="00:00:00.0000430" startTime="2024-01-05T13:40:30.4844122-05:00" endTime="2024-01-05T13:40:30.4850314-05:00" testType="13cdc9d9-ddb5-4fa4-a97d-d965ccfc6d4b" outcome="Passed" testListId="8c84fa94-04c1-424b-9868-57a2d4851a1d" relativeResultsDirectory="e38a042e-bcc8-4766-8bef-d0ded6a27e1f" xmlns="http://microsoft.com/schemas/VisualStudio/TeamTest/2010" />
    <UnitTestResult executionId="25c4e596-9670-4f88-916d-7a87e18314b4" testId="1d309172-e008-0657-5b5e-95e52af2c894" testName="ToEnumTest (Val2, Val1,Val1, Val2)" computerName="DESKTOP-3FN5V33" duration="00:00:00.0000395" startTime="2024-01-05T13:40:30.4747913-05:00" endTime="2024-01-05T13:40:30.4753543-05:00" testType="13cdc9d9-ddb5-4fa4-a97d-d965ccfc6d4b" outcome="Passed" testListId="8c84fa94-04c1-424b-9868-57a2d4851a1d" relativeResultsDirectory="25c4e596-9670-4f88-916d-7a87e18314b4" xmlns="http://microsoft.com/schemas/VisualStudio/TeamTest/2010" />
    <UnitTestResult executionId="65a7403a-c0bf-4c2b-842d-ac76b0fd888c" testId="2be8e5bd-2821-3300-9bb9-16d0bbda7431" testName="ToEnumTest (1,Val1)" computerName="DESKTOP-3FN5V33" duration="00:00:00.0000392" startTime="2024-01-05T13:40:30.5002148-05:00" endTime="2024-01-05T13:40:30.5010959-05:00" testType="13cdc9d9-ddb5-4fa4-a97d-d965ccfc6d4b" outcome="Passed" testListId="8c84fa94-04c1-424b-9868-57a2d4851a1d" relativeResultsDirectory="65a7403a-c0bf-4c2b-842d-ac76b0fd888c" xmlns="http://microsoft.com/schemas/VisualStudio/TeamTest/2010" />
    <UnitTestResult executionId="13a1afd3-a78c-4e08-954a-cb01dba67abb" testId="ec5b60ed-7fe8-4ace-f494-55fd9fc20bb2" testName="ExecuteByTest_Sort (name,Descending,999,998,997,996,995,994,993,992,991,990)" computerName="DESKTOP-3FN5V33" duration="00:00:00.0115283" startTime="2024-01-05T13:40:38.6015409-05:00" endTime="2024-01-05T13:40:38.6135617-05:00" testType="13cdc9d9-ddb5-4fa4-a97d-d965ccfc6d4b" outcome="Passed" testListId="8c84fa94-04c1-424b-9868-57a2d4851a1d" relativeResultsDirectory="13a1afd3-a78c-4e08-954a-cb01dba67abb" xmlns="http://microsoft.com/schemas/VisualStudio/TeamTest/2010">
      <Output>
        <StdOut>Eliassen.System.Internal.ConsoleLogger`1[Eliassen.System.Linq.Search.QueryBuilder]:Information:&gt;
	Build query for CurrentPage: 0
PageSize: 0
ExcludePageCount: False
SearchTerm: (null)
	S:name: Descending

Eliassen.System.Internal.ConsoleLogger`1[Eliassen.System.Linq.Search.QueryBuilder]:Information:&gt;
	Execute (paged): System.Linq.Enumerable+SelectRangeIterator`1[Eliassen.System.Tests.Linq.TestTargets.TestTargetModel].OrderByDescending(n =&gt; n.Name).Skip(0).Take(10)



TestContext Messages:
SearchQuery-QueryableExtensionsTests_ExecuteByTest_Sort(296)-638400588386022532.json: Attached
PagedQueryResult_1-QueryableExtensionsTests_ExecuteByTest_Sort(298)-638400588386100969.json: Attached</StdOut>
        <StdErr>Eliassen.System.Internal.ConsoleLogger`1[Eliassen.System.Linq.Search.QueryBuilder]:Warning:&gt;
	No filtering detected: System.Linq.Enumerable+SelectRangeIterator`1[Eliassen.System.Tests.Linq.TestTargets.TestTargetModel]: CurrentPage: 0
PageSize: 0
ExcludePageCount: False
SearchTerm: (null)
	S:name: Descending</StdErr>
      </Output>
      <ResultFiles>
        <ResultFile path="DESKTOP-3FN5V33\PagedQueryResult_1-QueryableExtensionsTests_ExecuteByTest_Sort(298)-638400588386100969.json" />
        <ResultFile path="DESKTOP-3FN5V33\SearchQuery-QueryableExtensionsTests_ExecuteByTest_Sort(296)-638400588386022532.json" />
      </ResultFiles>
    </UnitTestResult>
    <UnitTestResult executionId="c70c49bc-f96d-4093-bcf2-cb696c0ab49d" testId="101e9e04-cff8-8fa9-c661-9d47b6be78ef" testName="ToEnumTest (2,Val2)" computerName="DESKTOP-3FN5V33" duration="00:00:00.0000148" startTime="2024-01-05T11:18:31.1075515-05:00" endTime="2024-01-05T11:18:31.1077766-05:00" testType="13cdc9d9-ddb5-4fa4-a97d-d965ccfc6d4b" outcome="Passed" testListId="8c84fa94-04c1-424b-9868-57a2d4851a1d" relativeResultsDirectory="c70c49bc-f96d-4093-bcf2-cb696c0ab49d" xmlns="http://microsoft.com/schemas/VisualStudio/TeamTest/2010" />
    <UnitTestResult executionId="351485cb-8268-4d2f-9c02-11ed92cea827" testId="e084b9bb-3fb5-a391-9844-c9e65646417a" testName="ToEnumTest (test name,WithDisplay)" computerName="DESKTOP-3FN5V33" duration="00:00:00.0002912" startTime="2024-01-05T11:18:31.1222357-05:00" endTime="2024-01-05T11:18:31.1229287-05:00" testType="13cdc9d9-ddb5-4fa4-a97d-d965ccfc6d4b" outcome="Passed" testListId="8c84fa94-04c1-424b-9868-57a2d4851a1d" relativeResultsDirectory="351485cb-8268-4d2f-9c02-11ed92cea827" xmlns="http://microsoft.com/schemas/VisualStudio/TeamTest/2010" />
    <UnitTestResult executionId="a48826de-d781-444b-ac92-1769fb02ef29" testId="d543c38b-7074-0e95-e523-50409de6c955" testName="ToEnumTest (0,Val0)" computerName="DESKTOP-3FN5V33" duration="00:00:00.0000105" startTime="2024-01-05T11:18:31.1037938-05:00" endTime="2024-01-05T11:18:31.1039961-05:00" testType="13cdc9d9-ddb5-4fa4-a97d-d965ccfc6d4b" outcome="Passed" testListId="8c84fa94-04c1-424b-9868-57a2d4851a1d" relativeResultsDirectory="a48826de-d781-444b-ac92-1769fb02ef29" xmlns="http://microsoft.com/schemas/VisualStudio/TeamTest/2010" />
    <UnitTestResult executionId="e6c93435-ef8e-49ad-aaf2-2216d1eb9617" testId="78601fce-42b7-1d43-f4d2-c9e13ea5ac39" testName="ToEnumTest (Val2 ,Val1,Val1, Val2)" computerName="DESKTOP-3FN5V33" duration="00:00:00.0000128" startTime="2024-01-05T11:18:31.1009149-05:00" endTime="2024-01-05T11:18:31.1012050-05:00" testType="13cdc9d9-ddb5-4fa4-a97d-d965ccfc6d4b" outcome="Passed" testListId="8c84fa94-04c1-424b-9868-57a2d4851a1d" relativeResultsDirectory="e6c93435-ef8e-49ad-aaf2-2216d1eb9617" xmlns="http://microsoft.com/schemas/VisualStudio/TeamTest/2010" />
    <UnitTestResult executionId="3197f7d8-073e-43e1-b6a7-458209a1d84d" testId="447a7ec8-4d58-9251-c78c-779d4ba60530" testName="ToEnumTest (test description,WithDescription)" computerName="DESKTOP-3FN5V33" duration="00:00:00.0002541" startTime="2024-01-05T11:18:31.1196387-05:00" endTime="2024-01-05T11:18:31.1201313-05:00" testType="13cdc9d9-ddb5-4fa4-a97d-d965ccfc6d4b" outcome="Passed" testListId="8c84fa94-04c1-424b-9868-57a2d4851a1d" relativeResultsDirectory="3197f7d8-073e-43e1-b6a7-458209a1d84d" xmlns="http://microsoft.com/schemas/VisualStudio/TeamTest/2010" />
    <UnitTestResult executionId="8181ef2f-c47d-4a59-8cbd-3260c0b5cf37" testId="fe55777e-1d6a-5099-e51b-5211c764827b" testName="ToEnumTest (1,Val1)" computerName="DESKTOP-3FN5V33" duration="00:00:00.0000079" startTime="2024-01-05T11:18:31.1049348-05:00" endTime="2024-01-05T11:18:31.1050880-05:00" testType="13cdc9d9-ddb5-4fa4-a97d-d965ccfc6d4b" outcome="Passed" testListId="8c84fa94-04c1-424b-9868-57a2d4851a1d" relativeResultsDirectory="8181ef2f-c47d-4a59-8cbd-3260c0b5cf37" xmlns="http://microsoft.com/schemas/VisualStudio/TeamTest/2010" />
    <UnitTestResult executionId="ecc2ff08-d281-41aa-aa1c-810d2503ad98" testId="c3657274-5684-84b0-53f6-50ffb36049ed" testName="ToEnumTest (Val2|Val1,Val1, Val2)" computerName="DESKTOP-3FN5V33" duration="00:00:00.0000162" startTime="2024-01-05T11:18:31.1019992-05:00" endTime="2024-01-05T11:18:31.1021645-05:00" testType="13cdc9d9-ddb5-4fa4-a97d-d965ccfc6d4b" outcome="Passed" testListId="8c84fa94-04c1-424b-9868-57a2d4851a1d" relativeResultsDirectory="ecc2ff08-d281-41aa-aa1c-810d2503ad98" xmlns="http://microsoft.com/schemas/VisualStudio/TeamTest/2010" />
    <UnitTestResult executionId="dfce5ddb-c232-4281-b0c5-c1b7ce1ee552" testId="15f0f0c3-de9f-da14-426b-78765c04900a" testName="ToEnumTest (Val1,Val1)" computerName="DESKTOP-3FN5V33" duration="00:00:00.0059202" startTime="2024-01-05T11:18:31.0807598-05:00" endTime="2024-01-05T11:18:31.0918897-05:00" testType="13cdc9d9-ddb5-4fa4-a97d-d965ccfc6d4b" outcome="Passed" testListId="8c84fa94-04c1-424b-9868-57a2d4851a1d" relativeResultsDirectory="dfce5ddb-c232-4281-b0c5-c1b7ce1ee552" xmlns="http://microsoft.com/schemas/VisualStudio/TeamTest/2010" />
    <UnitTestResult executionId="18756d29-7d08-40fd-b654-99160b51da58" testId="7d752d6c-ea35-c2bf-5a54-d2a77f5d8d11" testName="ToEnumTest (4,WithEnumValue)" computerName="DESKTOP-3FN5V33" duration="00:00:00.0000110" startTime="2024-01-05T11:18:31.1095385-05:00" endTime="2024-01-05T11:18:31.1097189-05:00" testType="13cdc9d9-ddb5-4fa4-a97d-d965ccfc6d4b" outcome="Passed" testListId="8c84fa94-04c1-424b-9868-57a2d4851a1d" relativeResultsDirectory="18756d29-7d08-40fd-b654-99160b51da58" xmlns="http://microsoft.com/schemas/VisualStudio/TeamTest/2010" />
    <UnitTestResult executionId="04128a44-80cf-48cb-b422-a5a08d87432a" testId="4e84d721-e721-48df-0fef-58399d42c3e4" testName="ToEnumTest (Val2,Val2)" computerName="DESKTOP-3FN5V33" duration="00:00:00.0000334" startTime="2024-01-05T11:18:31.0963290-05:00" endTime="2024-01-05T11:18:31.0967919-05:00" testType="13cdc9d9-ddb5-4fa4-a97d-d965ccfc6d4b" outcome="Passed" testListId="8c84fa94-04c1-424b-9868-57a2d4851a1d" relativeResultsDirectory="04128a44-80cf-48cb-b422-a5a08d87432a" xmlns="http://microsoft.com/schemas/VisualStudio/TeamTest/2010" />
    <UnitTestResult executionId="79852190-e388-45cd-be04-bc0497e16c2d" testId="acbf883b-a248-9198-bfe3-0944bb2a2172" testName="ExecuteByTest_Sort (name,Descending,999,998,997,996,995,994,993,992,991,990)" computerName="DESKTOP-3FN5V33" duration="00:00:00.0094331" startTime="2024-01-05T11:18:35.2131872-05:00" endTime="2024-01-05T11:18:35.2230753-05:00" testType="13cdc9d9-ddb5-4fa4-a97d-d965ccfc6d4b" outcome="Passed" testListId="8c84fa94-04c1-424b-9868-57a2d4851a1d" relativeResultsDirectory="79852190-e388-45cd-be04-bc0497e16c2d" xmlns="http://microsoft.com/schemas/VisualStudio/TeamTest/2010">
      <Output>
        <StdOut>Eliassen.System.Internal.ConsoleLogger`1[Eliassen.System.Linq.Search.QueryBuilder]:Information:&gt;
	Build query for CurrentPage: 0
PageSize: 0
ExcludePageCount: False
SearchTerm: (null)
	S:name: Descending

Eliassen.System.Internal.ConsoleLogger`1[Eliassen.System.Linq.Search.QueryBuilder]:Information:&gt;
	Execute (paged): System.Linq.Enumerable+SelectRangeIterator`1[Eliassen.System.Tests.Linq.TestTargets.TestTargetModel].OrderByDescending(n =&gt; n.Name).Skip(0).Take(10)



TestContext Messages:
SearchQuery-QueryableExtensionsTests_ExecuteByTest_Sort(296)-638400503152138342.json: Attached
PagedQueryResult_1-QueryableExtensionsTests_ExecuteByTest_Sort(298)-638400503152196729.json: Attached</StdOut>
        <StdErr>Eliassen.System.Internal.ConsoleLogger`1[Eliassen.System.Linq.Search.QueryBuilder]:Warning:&gt;
	No filtering detected: System.Linq.Enumerable+SelectRangeIterator`1[Eliassen.System.Tests.Linq.TestTargets.TestTargetModel]: CurrentPage: 0
PageSize: 0
ExcludePageCount: False
SearchTerm: (null)
	S:name: Descending</StdErr>
      </Output>
      <ResultFiles>
        <ResultFile path="DESKTOP-3FN5V33\PagedQueryResult_1-QueryableExtensionsTests_ExecuteByTest_Sort(298)-638400503152196729.json" />
        <ResultFile path="DESKTOP-3FN5V33\SearchQuery-QueryableExtensionsTests_ExecuteByTest_Sort(296)-638400503152138342.json" />
      </ResultFiles>
    </UnitTestResult>
    <UnitTestResult executionId="77bc299b-da34-46c5-aacd-1208db4daad0" testId="1521fdf8-ee8e-3f24-da8a-3dd3b9aaa633" testName="ToEnumTest (3,Val1, Val2)" computerName="DESKTOP-3FN5V33" duration="00:00:00.0000123" startTime="2024-01-05T11:18:31.1085274-05:00" endTime="2024-01-05T11:18:31.1087189-05:00" testType="13cdc9d9-ddb5-4fa4-a97d-d965ccfc6d4b" outcome="Passed" testListId="8c84fa94-04c1-424b-9868-57a2d4851a1d" relativeResultsDirectory="77bc299b-da34-46c5-aacd-1208db4daad0" xmlns="http://microsoft.com/schemas/VisualStudio/TeamTest/2010" />
    <UnitTestResult executionId="a2eeaec0-4c42-4a19-bf9f-9de81436c286" testId="00a18adb-717a-ef94-6424-5f5fb443e4cf" testName="ToEnumTest (name,WithEnumValue)" computerName="DESKTOP-3FN5V33" duration="00:00:00.0014734" startTime="2024-01-05T11:18:31.1152581-05:00" endTime="2024-01-05T11:18:31.1170644-05:00" testType="13cdc9d9-ddb5-4fa4-a97d-d965ccfc6d4b" outcome="Passed" testListId="8c84fa94-04c1-424b-9868-57a2d4851a1d" relativeResultsDirectory="a2eeaec0-4c42-4a19-bf9f-9de81436c286" xmlns="http://microsoft.com/schemas/VisualStudio/TeamTest/2010" />
    <UnitTestResult executionId="e434b4f8-a853-444b-b0b9-54e6cbe4a78c" testId="e25795eb-c389-3b43-4e5f-ee4489209b2a" testName="ToEnumTest (name,name2|test name,WithEnumValue, WithMemberName, WithDisplay)" computerName="DESKTOP-3FN5V33" duration="00:00:00.0001829" startTime="2024-01-05T11:18:31.1272256-05:00" endTime="2024-01-05T11:18:31.1277065-05:00" testType="13cdc9d9-ddb5-4fa4-a97d-d965ccfc6d4b" outcome="Passed" testListId="8c84fa94-04c1-424b-9868-57a2d4851a1d" relativeResultsDirectory="e434b4f8-a853-444b-b0b9-54e6cbe4a78c" xmlns="http://microsoft.com/schemas/VisualStudio/TeamTest/2010" />
    <UnitTestResult executionId="e0254913-8141-40a8-95c8-9dd308a14d36" testId="162a9975-fa90-6541-ed71-2ec4dcc7aa4e" testName="ToEnumTest (-1,-1)" computerName="DESKTOP-3FN5V33" duration="00:00:00.0000150" startTime="2024-01-05T11:18:31.1029502-05:00" endTime="2024-01-05T11:18:31.1031083-05:00" testType="13cdc9d9-ddb5-4fa4-a97d-d965ccfc6d4b" outcome="Passed" testListId="8c84fa94-04c1-424b-9868-57a2d4851a1d" relativeResultsDirectory="e0254913-8141-40a8-95c8-9dd308a14d36" xmlns="http://microsoft.com/schemas/VisualStudio/TeamTest/2010" />
    <UnitTestResult executionId="6a431397-008a-4db9-b5b4-8a1a7ccb9190" testId="d27fa711-0e9a-e814-3ef2-aa33f0dcce39" testName="ToEnumTest (Val2 , Val1,Val1, Val2)" computerName="DESKTOP-3FN5V33" duration="00:00:00.0000136" startTime="2024-01-05T11:18:31.0999028-05:00" endTime="2024-01-05T11:18:31.1001570-05:00" testType="13cdc9d9-ddb5-4fa4-a97d-d965ccfc6d4b" outcome="Passed" testListId="8c84fa94-04c1-424b-9868-57a2d4851a1d" relativeResultsDirectory="6a431397-008a-4db9-b5b4-8a1a7ccb9190" xmlns="http://microsoft.com/schemas/VisualStudio/TeamTest/2010" />
    <UnitTestResult executionId="896b5866-8d4e-488f-b119-3fb294b5f1b6" testId="8a35045d-3fa3-99c5-00ae-6cb0cc7f41bf" testName="ExecuteByTest_Sort (NAME,Descending,999,998,997,996,995,994,993,992,991,990)" computerName="DESKTOP-3FN5V33" duration="00:00:00.0098997" startTime="2024-01-05T11:18:35.2240883-05:00" endTime="2024-01-05T11:18:35.2343568-05:00" testType="13cdc9d9-ddb5-4fa4-a97d-d965ccfc6d4b" outcome="Passed" testListId="8c84fa94-04c1-424b-9868-57a2d4851a1d" relativeResultsDirectory="896b5866-8d4e-488f-b119-3fb294b5f1b6" xmlns="http://microsoft.com/schemas/VisualStudio/TeamTest/2010">
      <Output>
        <StdOut>Eliassen.System.Internal.ConsoleLogger`1[Eliassen.System.Linq.Search.QueryBuilder]:Information:&gt;
	Build query for CurrentPage: 0
PageSize: 0
ExcludePageCount: False
SearchTerm: (null)
	S:NAME: Descending

Eliassen.System.Internal.ConsoleLogger`1[Eliassen.System.Linq.Search.QueryBuilder]:Information:&gt;
	Execute (paged): System.Linq.Enumerable+SelectRangeIterator`1[Eliassen.System.Tests.Linq.TestTargets.TestTargetModel].OrderByDescending(n =&gt; n.Name).Skip(0).Take(10)



TestContext Messages:
SearchQuery-QueryableExtensionsTests_ExecuteByTest_Sort(296)-638400503152243785.json: Attached
PagedQueryResult_1-QueryableExtensionsTests_ExecuteByTest_Sort(298)-638400503152309083.json: Attached</StdOut>
        <StdErr>Eliassen.System.Internal.ConsoleLogger`1[Eliassen.System.Linq.Search.QueryBuilder]:Warning:&gt;
	No filtering detected: System.Linq.Enumerable+SelectRangeIterator`1[Eliassen.System.Tests.Linq.TestTargets.TestTargetModel]: CurrentPage: 0
PageSize: 0
ExcludePageCount: False
SearchTerm: (null)
	S:NAME: Descending</StdErr>
      </Output>
      <ResultFiles>
        <ResultFile path="DESKTOP-3FN5V33\PagedQueryResult_1-QueryableExtensionsTests_ExecuteByTest_Sort(298)-638400503152309083.json" />
        <ResultFile path="DESKTOP-3FN5V33\SearchQuery-QueryableExtensionsTests_ExecuteByTest_Sort(296)-638400503152243785.json" />
      </ResultFiles>
    </UnitTestResult>
    <UnitTestResult executionId="1f2e013d-1505-4ee6-984a-680392ab239e" testId="05a8bf42-5434-8515-7c2c-2cfaa500d506" testName="ExecuteByTest_Sort (Name,Ascending,0,1,10,100,101,102,103,104,105,106)" computerName="DESKTOP-3FN5V33" duration="00:00:00.0100670" startTime="2024-01-05T11:18:35.2358608-05:00" endTime="2024-01-05T11:18:35.2465024-05:00" testType="13cdc9d9-ddb5-4fa4-a97d-d965ccfc6d4b" outcome="Passed" testListId="8c84fa94-04c1-424b-9868-57a2d4851a1d" relativeResultsDirectory="1f2e013d-1505-4ee6-984a-680392ab239e" xmlns="http://microsoft.com/schemas/VisualStudio/TeamTest/2010">
      <Output>
        <StdOut>Eliassen.System.Internal.ConsoleLogger`1[Eliassen.System.Linq.Search.QueryBuilder]:Information:&gt;
	Build query for CurrentPage: 0
PageSize: 0
ExcludePageCount: False
SearchTerm: (null)
	S:Name: Ascending

Eliassen.System.Internal.ConsoleLogger`1[Eliassen.System.Linq.Search.QueryBuilder]:Information:&gt;
	Execute (paged): System.Linq.Enumerable+SelectRangeIterator`1[Eliassen.System.Tests.Linq.TestTargets.TestTargetModel].OrderBy(n =&gt; n.Name).Skip(0).Take(10)



TestContext Messages:
SearchQuery-QueryableExtensionsTests_ExecuteByTest_Sort(296)-638400503152363294.json: Attached
PagedQueryResult_1-QueryableExtensionsTests_ExecuteByTest_Sort(298)-638400503152433067.json: Attached</StdOut>
        <StdErr>Eliassen.System.Internal.ConsoleLogger`1[Eliassen.System.Linq.Search.QueryBuilder]:Warning:&gt;
	No filtering detected: System.Linq.Enumerable+SelectRangeIterator`1[Eliassen.System.Tests.Linq.TestTargets.TestTargetModel]: CurrentPage: 0
PageSize: 0
ExcludePageCount: False
SearchTerm: (null)
	S:Name: Ascending</StdErr>
      </Output>
      <ResultFiles>
        <ResultFile path="DESKTOP-3FN5V33\PagedQueryResult_1-QueryableExtensionsTests_ExecuteByTest_Sort(298)-638400503152433067.json" />
        <ResultFile path="DESKTOP-3FN5V33\SearchQuery-QueryableExtensionsTests_ExecuteByTest_Sort(296)-638400503152363294.json" />
      </ResultFiles>
    </UnitTestResult>
    <UnitTestResult executionId="e57533bb-ba57-4eb9-95fd-e6e0635d1d6c" testId="51b3917d-24ec-e1ae-8b96-e40add1a9fbb" testName="ToEnumTest (Val2,Val1,Val1, Val2)" computerName="DESKTOP-3FN5V33" duration="00:00:00.0000123" startTime="2024-01-05T11:18:31.0987814-05:00" endTime="2024-01-05T11:18:31.0989533-05:00" testType="13cdc9d9-ddb5-4fa4-a97d-d965ccfc6d4b" outcome="Passed" testListId="8c84fa94-04c1-424b-9868-57a2d4851a1d" relativeResultsDirectory="e57533bb-ba57-4eb9-95fd-e6e0635d1d6c" xmlns="http://microsoft.com/schemas/VisualStudio/TeamTest/2010" />
    <UnitTestResult executionId="3f2bae64-395b-436c-8e1a-3b2e9cab7249" testId="74c0350c-cd7d-cb05-e9ec-3dbfcdb5e334" testName="ToEnumTest (name2,WithMemberName)" computerName="DESKTOP-3FN5V33" duration="00:00:00.0002472" startTime="2024-01-05T11:18:31.1180452-05:00" endTime="2024-01-05T11:18:31.1187446-05:00" testType="13cdc9d9-ddb5-4fa4-a97d-d965ccfc6d4b" outcome="Passed" testListId="8c84fa94-04c1-424b-9868-57a2d4851a1d" relativeResultsDirectory="3f2bae64-395b-436c-8e1a-3b2e9cab7249" xmlns="http://microsoft.com/schemas/VisualStudio/TeamTest/2010" />
    <UnitTestResult executionId="f8a92779-5ab8-4cb9-a168-2121fa852f2a" testId="bfa565c7-fa2e-8baa-d496-303afe5abd4e" testName="ToEnumTest (Val2, Val1,Val1, Val2)" computerName="DESKTOP-3FN5V33" duration="00:00:00.0000205" startTime="2024-01-05T11:18:31.0977686-05:00" endTime="2024-01-05T11:18:31.0979959-05:00" testType="13cdc9d9-ddb5-4fa4-a97d-d965ccfc6d4b" outcome="Passed" testListId="8c84fa94-04c1-424b-9868-57a2d4851a1d" relativeResultsDirectory="f8a92779-5ab8-4cb9-a168-2121fa852f2a" xmlns="http://microsoft.com/schemas/VisualStudio/TeamTest/2010" />
    <UnitTestResult executionId="e29829e2-e09b-4b7f-8c5a-0b3c93a58858" testId="e3aee510-497a-29c4-a957-cf3658ce44bf" testName="ExecuteByTest_Sort (Name,Descending,999,998,997,996,995,994,993,992,991,990)" computerName="DESKTOP-3FN5V33" duration="00:00:00.0175771" startTime="2024-01-05T11:18:35.1942608-05:00" endTime="2024-01-05T11:18:35.2122298-05:00" testType="13cdc9d9-ddb5-4fa4-a97d-d965ccfc6d4b" outcome="Passed" testListId="8c84fa94-04c1-424b-9868-57a2d4851a1d" relativeResultsDirectory="e29829e2-e09b-4b7f-8c5a-0b3c93a58858" xmlns="http://microsoft.com/schemas/VisualStudio/TeamTest/2010">
      <Output>
        <StdOut>Eliassen.System.Internal.ConsoleLogger`1[Eliassen.System.Linq.Search.QueryBuilder]:Information:&gt;
	Build query for CurrentPage: 0
PageSize: 0
ExcludePageCount: False
SearchTerm: (null)
	S:Name: Descending

Eliassen.System.Internal.ConsoleLogger`1[Eliassen.System.Linq.Search.QueryBuilder]:Information:&gt;
	Execute (paged): System.Linq.Enumerable+SelectRangeIterator`1[Eliassen.System.Tests.Linq.TestTargets.TestTargetModel].OrderByDescending(n =&gt; n.Name).Skip(0).Take(10)



TestContext Messages:
SearchQuery-QueryableExtensionsTests_ExecuteByTest_Sort(296)-638400503151952705.json: Attached
PagedQueryResult_1-QueryableExtensionsTests_ExecuteByTest_Sort(298)-638400503152062460.json: Attached</StdOut>
        <StdErr>Eliassen.System.Internal.ConsoleLogger`1[Eliassen.System.Linq.Search.QueryBuilder]:Warning:&gt;
	No filtering detected: System.Linq.Enumerable+SelectRangeIterator`1[Eliassen.System.Tests.Linq.TestTargets.TestTargetModel]: CurrentPage: 0
PageSize: 0
ExcludePageCount: False
SearchTerm: (null)
	S:Name: Descending</StdErr>
      </Output>
      <ResultFiles>
        <ResultFile path="DESKTOP-3FN5V33\PagedQueryResult_1-QueryableExtensionsTests_ExecuteByTest_Sort(298)-638400503152062460.json" />
        <ResultFile path="DESKTOP-3FN5V33\SearchQuery-QueryableExtensionsTests_ExecuteByTest_Sort(296)-638400503151952705.json" />
      </ResultFiles>
    </UnitTestResult>
    <UnitTestResult executionId="37a32046-ac8a-46b1-add6-81681f6821ec" testId="38847c53-ed57-2707-a54c-021211b43dbe" testName="ToEnumTest (test display,WithDisplay)" computerName="DESKTOP-3FN5V33" duration="00:00:00.0001318" startTime="2024-01-05T11:18:31.1209842-05:00" endTime="2024-01-05T11:18:31.1213080-05:00" testType="13cdc9d9-ddb5-4fa4-a97d-d965ccfc6d4b" outcome="Passed" testListId="8c84fa94-04c1-424b-9868-57a2d4851a1d" relativeResultsDirectory="37a32046-ac8a-46b1-add6-81681f6821ec" xmlns="http://microsoft.com/schemas/VisualStudio/TeamTest/2010" />
    <UnitTestResult executionId="186e7de0-eec0-4ad4-b4a3-ce2107158feb" testId="6a819246-7db0-b20a-947c-c26438c9bd63" testName="ToEnumTest (test short,WithDisplay)" computerName="DESKTOP-3FN5V33" duration="00:00:00.0001799" startTime="2024-01-05T11:18:31.1254620-05:00" endTime="2024-01-05T11:18:31.1259187-05:00" testType="13cdc9d9-ddb5-4fa4-a97d-d965ccfc6d4b" outcome="Passed" testListId="8c84fa94-04c1-424b-9868-57a2d4851a1d" relativeResultsDirectory="186e7de0-eec0-4ad4-b4a3-ce2107158feb" xmlns="http://microsoft.com/schemas/VisualStudio/TeamTest/2010" />
    <UnitTestResult executionId="ef073c36-8900-4a29-941a-93c273a1482e" testId="f0a8452b-a880-3678-5fa2-b0b5343292bb" testName="ToEnumTest (3,Val1, Val2)" computerName="DESKTOP-3FN5V33" duration="00:00:00.0000257" startTime="2024-01-05T10:36:16.2065424-05:00" endTime="2024-01-05T10:36:16.2068981-05:00" testType="13cdc9d9-ddb5-4fa4-a97d-d965ccfc6d4b" outcome="Passed" testListId="8c84fa94-04c1-424b-9868-57a2d4851a1d" relativeResultsDirectory="ef073c36-8900-4a29-941a-93c273a1482e" xmlns="http://microsoft.com/schemas/VisualStudio/TeamTest/2010" />
    <UnitTestResult executionId="a6387c49-36ed-46fb-95dc-d2adefee172f" testId="85c1e566-d68d-d955-a41f-828e82e07cee" testName="ToEnumTest (Val2|Val1,Val1, Val2)" computerName="DESKTOP-3FN5V33" duration="00:00:00.0000177" startTime="2024-01-05T10:36:16.1936393-05:00" endTime="2024-01-05T10:36:16.1938458-05:00" testType="13cdc9d9-ddb5-4fa4-a97d-d965ccfc6d4b" outcome="Passed" testListId="8c84fa94-04c1-424b-9868-57a2d4851a1d" relativeResultsDirectory="a6387c49-36ed-46fb-95dc-d2adefee172f" xmlns="http://microsoft.com/schemas/VisualStudio/TeamTest/2010" />
    <UnitTestResult executionId="d2af7365-7d24-480d-a400-0e05744713dd" testId="27d7c2e1-6a3b-6d4f-0096-57d930cb5166" testName="ToEnumTest (4,WithEnumValue)" computerName="DESKTOP-3FN5V33" duration="00:00:00.0000244" startTime="2024-01-05T10:36:16.2078976-05:00" endTime="2024-01-05T10:36:16.2082450-05:00" testType="13cdc9d9-ddb5-4fa4-a97d-d965ccfc6d4b" outcome="Passed" testListId="8c84fa94-04c1-424b-9868-57a2d4851a1d" relativeResultsDirectory="d2af7365-7d24-480d-a400-0e05744713dd" xmlns="http://microsoft.com/schemas/VisualStudio/TeamTest/2010" />
    <UnitTestResult executionId="4b47c1d1-47e6-4110-8726-330ee0e8b396" testId="d4c79ddc-bac1-9c46-ff17-af527979978d" testName="ToEnumTest (Val2 ,Val1,Val1, Val2)" computerName="DESKTOP-3FN5V33" duration="00:00:00.0000118" startTime="2024-01-05T10:36:16.1926118-05:00" endTime="2024-01-05T10:36:16.1927988-05:00" testType="13cdc9d9-ddb5-4fa4-a97d-d965ccfc6d4b" outcome="Passed" testListId="8c84fa94-04c1-424b-9868-57a2d4851a1d" relativeResultsDirectory="4b47c1d1-47e6-4110-8726-330ee0e8b396" xmlns="http://microsoft.com/schemas/VisualStudio/TeamTest/2010" />
    <UnitTestResult executionId="5a99d377-0a53-48ab-a8d1-84f83429ba1b" testId="02f35529-4ead-47e9-3f31-cb3572ed4bd3" testName="ExecuteByTest_Sort (name,Descending,999,998,997,996,995,994,993,992,991,990)" computerName="DESKTOP-3FN5V33" duration="00:00:00.0141084" startTime="2024-01-05T10:36:21.1935225-05:00" endTime="2024-01-05T10:36:21.2082368-05:00" testType="13cdc9d9-ddb5-4fa4-a97d-d965ccfc6d4b" outcome="Passed" testListId="8c84fa94-04c1-424b-9868-57a2d4851a1d" relativeResultsDirectory="5a99d377-0a53-48ab-a8d1-84f83429ba1b" xmlns="http://microsoft.com/schemas/VisualStudio/TeamTest/2010">
      <Output>
        <StdOut>Eliassen.System.Internal.ConsoleLogger`1[Eliassen.System.Linq.Search.QueryBuilder]:Information:&gt;
	Build query for CurrentPage: 0
PageSize: 0
ExcludePageCount: False
SearchTerm: (null)
	S:name: Descending

Eliassen.System.Internal.ConsoleLogger`1[Eliassen.System.Linq.Search.QueryBuilder]:Information:&gt;
	Execute (paged): System.Linq.Enumerable+SelectRangeIterator`1[Eliassen.System.Tests.Linq.TestTargets.TestTargetModel].OrderByDescending(n =&gt; n.Name).Skip(0).Take(10)



TestContext Messages:
SearchQuery-QueryableExtensionsTests_ExecuteByTest_Sort(296)-638400477811944844.json: Attached
PagedQueryResult_1-QueryableExtensionsTests_ExecuteByTest_Sort(298)-638400477812041733.json: Attached</StdOut>
        <StdErr>Eliassen.System.Internal.ConsoleLogger`1[Eliassen.System.Linq.Search.QueryBuilder]:Warning:&gt;
	No filtering detected: System.Linq.Enumerable+SelectRangeIterator`1[Eliassen.System.Tests.Linq.TestTargets.TestTargetModel]: CurrentPage: 0
PageSize: 0
ExcludePageCount: False
SearchTerm: (null)
	S:name: Descending</StdErr>
      </Output>
      <ResultFiles>
        <ResultFile path="DESKTOP-3FN5V33\PagedQueryResult_1-QueryableExtensionsTests_ExecuteByTest_Sort(298)-638400477812041733.json" />
        <ResultFile path="DESKTOP-3FN5V33\SearchQuery-QueryableExtensionsTests_ExecuteByTest_Sort(296)-638400477811944844.json" />
      </ResultFiles>
    </UnitTestResult>
    <UnitTestResult executionId="6186f790-fb76-4a2b-8908-a2e7696d1f9a" testId="904d5d76-7886-9282-84ca-d6d2d719e578" testName="ToEnumTest (test name,WithDisplay)" computerName="DESKTOP-3FN5V33" duration="00:00:00.0001427" startTime="2024-01-05T10:36:16.2258752-05:00" endTime="2024-01-05T10:36:16.2262131-05:00" testType="13cdc9d9-ddb5-4fa4-a97d-d965ccfc6d4b" outcome="Passed" testListId="8c84fa94-04c1-424b-9868-57a2d4851a1d" relativeResultsDirectory="6186f790-fb76-4a2b-8908-a2e7696d1f9a" xmlns="http://microsoft.com/schemas/VisualStudio/TeamTest/2010" />
    <UnitTestResult executionId="75bf6047-ea0e-41b5-830d-d9d9d4912604" testId="dd99c6d8-5061-c33e-9fb5-f6db9b5c95f7" testName="ToEnumTest (test short,WithDisplay)" computerName="DESKTOP-3FN5V33" duration="00:00:00.0002376" startTime="2024-01-05T10:36:16.2318064-05:00" endTime="2024-01-05T10:36:16.2323987-05:00" testType="13cdc9d9-ddb5-4fa4-a97d-d965ccfc6d4b" outcome="Passed" testListId="8c84fa94-04c1-424b-9868-57a2d4851a1d" relativeResultsDirectory="75bf6047-ea0e-41b5-830d-d9d9d4912604" xmlns="http://microsoft.com/schemas/VisualStudio/TeamTest/2010" />
    <UnitTestResult executionId="0e0d6807-c148-41cd-8bfe-7e90adfef3ce" testId="7409cd42-f673-2565-2261-30abc9b0641d" testName="ToEnumTest (test description,WithDescription)" computerName="DESKTOP-3FN5V33" duration="00:00:00.0002121" startTime="2024-01-05T10:36:16.2232815-05:00" endTime="2024-01-05T10:36:16.2237417-05:00" testType="13cdc9d9-ddb5-4fa4-a97d-d965ccfc6d4b" outcome="Passed" testListId="8c84fa94-04c1-424b-9868-57a2d4851a1d" relativeResultsDirectory="0e0d6807-c148-41cd-8bfe-7e90adfef3ce" xmlns="http://microsoft.com/schemas/VisualStudio/TeamTest/2010" />
    <UnitTestResult executionId="4636552b-eee8-45c8-8b89-ee19180edd16" testId="c737a9ae-6e38-8556-c3b4-7587ecb9acbb" testName="ToEnumTest (name,WithEnumValue)" computerName="DESKTOP-3FN5V33" duration="00:00:00.0027730" startTime="2024-01-05T10:36:16.2167440-05:00" endTime="2024-01-05T10:36:16.2200585-05:00" testType="13cdc9d9-ddb5-4fa4-a97d-d965ccfc6d4b" outcome="Passed" testListId="8c84fa94-04c1-424b-9868-57a2d4851a1d" relativeResultsDirectory="4636552b-eee8-45c8-8b89-ee19180edd16" xmlns="http://microsoft.com/schemas/VisualStudio/TeamTest/2010" />
    <UnitTestResult executionId="35ab43cd-1869-4f9b-8507-ada9b40c2034" testId="86518760-fa00-295e-47cc-e5d6dba47527" testName="ToEnumTest (test display,WithDisplay)" computerName="DESKTOP-3FN5V33" duration="00:00:00.0001390" startTime="2024-01-05T10:36:16.2247050-05:00" endTime="2024-01-05T10:36:16.2250585-05:00" testType="13cdc9d9-ddb5-4fa4-a97d-d965ccfc6d4b" outcome="Passed" testListId="8c84fa94-04c1-424b-9868-57a2d4851a1d" relativeResultsDirectory="35ab43cd-1869-4f9b-8507-ada9b40c2034" xmlns="http://microsoft.com/schemas/VisualStudio/TeamTest/2010" />
    <UnitTestResult executionId="0f2fc219-d5ec-4f5e-b13a-048ae18e0020" testId="08cb4208-4fe7-b76b-4972-5be8287f6cc2" testName="ToEnumTest (Val2,Val1,Val1, Val2)" computerName="DESKTOP-3FN5V33" duration="00:00:00.0000150" startTime="2024-01-05T10:36:16.1904963-05:00" endTime="2024-01-05T10:36:16.1907152-05:00" testType="13cdc9d9-ddb5-4fa4-a97d-d965ccfc6d4b" outcome="Passed" testListId="8c84fa94-04c1-424b-9868-57a2d4851a1d" relativeResultsDirectory="0f2fc219-d5ec-4f5e-b13a-048ae18e0020" xmlns="http://microsoft.com/schemas/VisualStudio/TeamTest/2010" />
    <UnitTestResult executionId="6840b25e-443c-4ec5-b295-6719b922103e" testId="ef7812d1-d662-c64d-e88c-8e391f4a0f87" testName="ToEnumTest (Val2,Val2)" computerName="DESKTOP-3FN5V33" duration="00:00:00.0000481" startTime="2024-01-05T10:36:16.1881812-05:00" endTime="2024-01-05T10:36:16.1885807-05:00" testType="13cdc9d9-ddb5-4fa4-a97d-d965ccfc6d4b" outcome="Passed" testListId="8c84fa94-04c1-424b-9868-57a2d4851a1d" relativeResultsDirectory="6840b25e-443c-4ec5-b295-6719b922103e" xmlns="http://microsoft.com/schemas/VisualStudio/TeamTest/2010" />
    <UnitTestResult executionId="3469966c-9f3e-4d99-8fc2-a96242f813e1" testId="73b345a6-01ee-1f99-e257-2bd3980b2a55" testName="ToEnumTest (1,Val1)" computerName="DESKTOP-3FN5V33" duration="00:00:00.0000118" startTime="2024-01-05T10:36:16.1967734-05:00" endTime="2024-01-05T10:36:16.1969774-05:00" testType="13cdc9d9-ddb5-4fa4-a97d-d965ccfc6d4b" outcome="Passed" testListId="8c84fa94-04c1-424b-9868-57a2d4851a1d" relativeResultsDirectory="3469966c-9f3e-4d99-8fc2-a96242f813e1" xmlns="http://microsoft.com/schemas/VisualStudio/TeamTest/2010" />
    <UnitTestResult executionId="8418ecf4-9d6f-4e22-91aa-5451d0a7c120" testId="5fe0a77c-457c-1ad4-ea90-21c6f2197cf3" testName="ToEnumTest (-1,-1)" computerName="DESKTOP-3FN5V33" duration="00:00:00.0000230" startTime="2024-01-05T10:36:16.1947212-05:00" endTime="2024-01-05T10:36:16.1949274-05:00" testType="13cdc9d9-ddb5-4fa4-a97d-d965ccfc6d4b" outcome="Passed" testListId="8c84fa94-04c1-424b-9868-57a2d4851a1d" relativeResultsDirectory="8418ecf4-9d6f-4e22-91aa-5451d0a7c120" xmlns="http://microsoft.com/schemas/VisualStudio/TeamTest/2010" />
    <UnitTestResult executionId="cc08876b-355e-476b-a399-8d0236e7c4bb" testId="8f963ded-5435-4dfe-3694-5269d26ce987" testName="ToEnumTest (Val2, Val1,Val1, Val2)" computerName="DESKTOP-3FN5V33" duration="00:00:00.0000160" startTime="2024-01-05T10:36:16.1894507-05:00" endTime="2024-01-05T10:36:16.1896733-05:00" testType="13cdc9d9-ddb5-4fa4-a97d-d965ccfc6d4b" outcome="Passed" testListId="8c84fa94-04c1-424b-9868-57a2d4851a1d" relativeResultsDirectory="cc08876b-355e-476b-a399-8d0236e7c4bb" xmlns="http://microsoft.com/schemas/VisualStudio/TeamTest/2010" />
    <UnitTestResult executionId="ebf56426-efb9-452a-8628-f5699921638c" testId="00605a31-5bf4-6a10-d5d8-68605ca0fe9e" testName="ToEnumTest (Val2 , Val1,Val1, Val2)" computerName="DESKTOP-3FN5V33" duration="00:00:00.0000114" startTime="2024-01-05T10:36:16.1915585-05:00" endTime="2024-01-05T10:36:16.1917519-05:00" testType="13cdc9d9-ddb5-4fa4-a97d-d965ccfc6d4b" outcome="Passed" testListId="8c84fa94-04c1-424b-9868-57a2d4851a1d" relativeResultsDirectory="ebf56426-efb9-452a-8628-f5699921638c" xmlns="http://microsoft.com/schemas/VisualStudio/TeamTest/2010" />
    <UnitTestResult executionId="8fffc09a-fa07-40bd-9562-4033a141c6e6" testId="66aadc34-05ee-03ee-7c60-4bddd836a077" testName="ExecuteByTest_Sort (Name,Ascending,0,1,10,100,101,102,103,104,105,106)" computerName="DESKTOP-3FN5V33" duration="00:00:00.0125642" startTime="2024-01-05T10:36:21.2265270-05:00" endTime="2024-01-05T10:36:21.2396215-05:00" testType="13cdc9d9-ddb5-4fa4-a97d-d965ccfc6d4b" outcome="Passed" testListId="8c84fa94-04c1-424b-9868-57a2d4851a1d" relativeResultsDirectory="8fffc09a-fa07-40bd-9562-4033a141c6e6" xmlns="http://microsoft.com/schemas/VisualStudio/TeamTest/2010">
      <Output>
        <StdOut>Eliassen.System.Internal.ConsoleLogger`1[Eliassen.System.Linq.Search.QueryBuilder]:Information:&gt;
	Build query for CurrentPage: 0
PageSize: 0
ExcludePageCount: False
SearchTerm: (null)
	S:Name: Ascending

Eliassen.System.Internal.ConsoleLogger`1[Eliassen.System.Linq.Search.QueryBuilder]:Information:&gt;
	Execute (paged): System.Linq.Enumerable+SelectRangeIterator`1[Eliassen.System.Tests.Linq.TestTargets.TestTargetModel].OrderBy(n =&gt; n.Name).Skip(0).Take(10)



TestContext Messages:
SearchQuery-QueryableExtensionsTests_ExecuteByTest_Sort(296)-638400477812269299.json: Attached
PagedQueryResult_1-QueryableExtensionsTests_ExecuteByTest_Sort(298)-638400477812352975.json: Attached</StdOut>
        <StdErr>Eliassen.System.Internal.ConsoleLogger`1[Eliassen.System.Linq.Search.QueryBuilder]:Warning:&gt;
	No filtering detected: System.Linq.Enumerable+SelectRangeIterator`1[Eliassen.System.Tests.Linq.TestTargets.TestTargetModel]: CurrentPage: 0
PageSize: 0
ExcludePageCount: False
SearchTerm: (null)
	S:Name: Ascending</StdErr>
      </Output>
      <ResultFiles>
        <ResultFile path="DESKTOP-3FN5V33\PagedQueryResult_1-QueryableExtensionsTests_ExecuteByTest_Sort(298)-638400477812352975.json" />
        <ResultFile path="DESKTOP-3FN5V33\SearchQuery-QueryableExtensionsTests_ExecuteByTest_Sort(296)-638400477812269299.json" />
      </ResultFiles>
    </UnitTestResult>
    <UnitTestResult executionId="3d011932-da18-4e77-8839-159b1e267a83" testId="cc1b359f-b5fb-d9ba-7555-848df199bc6d" testName="ExecuteByTest_Sort (Name,Descending,999,998,997,996,995,994,993,992,991,990)" computerName="DESKTOP-3FN5V33" duration="00:00:00.0202144" startTime="2024-01-05T10:36:21.1694257-05:00" endTime="2024-01-05T10:36:21.1902420-05:00" testType="13cdc9d9-ddb5-4fa4-a97d-d965ccfc6d4b" outcome="Passed" testListId="8c84fa94-04c1-424b-9868-57a2d4851a1d" relativeResultsDirectory="3d011932-da18-4e77-8839-159b1e267a83" xmlns="http://microsoft.com/schemas/VisualStudio/TeamTest/2010">
      <Output>
        <StdOut>Eliassen.System.Internal.ConsoleLogger`1[Eliassen.System.Linq.Search.QueryBuilder]:Information:&gt;
	Build query for CurrentPage: 0
PageSize: 0
ExcludePageCount: False
SearchTerm: (null)
	S:Name: Descending

Eliassen.System.Internal.ConsoleLogger`1[Eliassen.System.Linq.Search.QueryBuilder]:Information:&gt;
	Execute (paged): System.Linq.Enumerable+SelectRangeIterator`1[Eliassen.System.Tests.Linq.TestTargets.TestTargetModel].OrderByDescending(n =&gt; n.Name).Skip(0).Take(10)



TestContext Messages:
SearchQuery-QueryableExtensionsTests_ExecuteByTest_Sort(296)-638400477811705586.json: Attached
PagedQueryResult_1-QueryableExtensionsTests_ExecuteByTest_Sort(298)-638400477811832013.json: Attached</StdOut>
        <StdErr>Eliassen.System.Internal.ConsoleLogger`1[Eliassen.System.Linq.Search.QueryBuilder]:Warning:&gt;
	No filtering detected: System.Linq.Enumerable+SelectRangeIterator`1[Eliassen.System.Tests.Linq.TestTargets.TestTargetModel]: CurrentPage: 0
PageSize: 0
ExcludePageCount: False
SearchTerm: (null)
	S:Name: Descending</StdErr>
      </Output>
      <ResultFiles>
        <ResultFile path="DESKTOP-3FN5V33\PagedQueryResult_1-QueryableExtensionsTests_ExecuteByTest_Sort(298)-638400477811832013.json" />
        <ResultFile path="DESKTOP-3FN5V33\SearchQuery-QueryableExtensionsTests_ExecuteByTest_Sort(296)-638400477811705586.json" />
      </ResultFiles>
    </UnitTestResult>
    <UnitTestResult executionId="6e36dab4-5868-4ee2-b6a8-af2277b8154c" testId="a60b6d3e-da8f-8208-5340-a670e426e0ab" testName="ExecuteByTest_Sort (NAME,Descending,999,998,997,996,995,994,993,992,991,990)" computerName="DESKTOP-3FN5V33" duration="00:00:00.0145746" startTime="2024-01-05T10:36:21.2096395-05:00" endTime="2024-01-05T10:36:21.2246972-05:00" testType="13cdc9d9-ddb5-4fa4-a97d-d965ccfc6d4b" outcome="Passed" testListId="8c84fa94-04c1-424b-9868-57a2d4851a1d" relativeResultsDirectory="6e36dab4-5868-4ee2-b6a8-af2277b8154c" xmlns="http://microsoft.com/schemas/VisualStudio/TeamTest/2010">
      <Output>
        <StdOut>Eliassen.System.Internal.ConsoleLogger`1[Eliassen.System.Linq.Search.QueryBuilder]:Information:&gt;
	Build query for CurrentPage: 0
PageSize: 0
ExcludePageCount: False
SearchTerm: (null)
	S:NAME: Descending

Eliassen.System.Internal.ConsoleLogger`1[Eliassen.System.Linq.Search.QueryBuilder]:Information:&gt;
	Execute (paged): System.Linq.Enumerable+SelectRangeIterator`1[Eliassen.System.Tests.Linq.TestTargets.TestTargetModel].OrderByDescending(n =&gt; n.Name).Skip(0).Take(10)



TestContext Messages:
SearchQuery-QueryableExtensionsTests_ExecuteByTest_Sort(296)-638400477812100361.json: Attached
PagedQueryResult_1-QueryableExtensionsTests_ExecuteByTest_Sort(298)-638400477812206036.json: Attached</StdOut>
        <StdErr>Eliassen.System.Internal.ConsoleLogger`1[Eliassen.System.Linq.Search.QueryBuilder]:Warning:&gt;
	No filtering detected: System.Linq.Enumerable+SelectRangeIterator`1[Eliassen.System.Tests.Linq.TestTargets.TestTargetModel]: CurrentPage: 0
PageSize: 0
ExcludePageCount: False
SearchTerm: (null)
	S:NAME: Descending</StdErr>
      </Output>
      <ResultFiles>
        <ResultFile path="DESKTOP-3FN5V33\PagedQueryResult_1-QueryableExtensionsTests_ExecuteByTest_Sort(298)-638400477812206036.json" />
        <ResultFile path="DESKTOP-3FN5V33\SearchQuery-QueryableExtensionsTests_ExecuteByTest_Sort(296)-638400477812100361.json" />
      </ResultFiles>
    </UnitTestResult>
    <UnitTestResult executionId="440b325e-4bb4-4744-9954-67b181635bc2" testId="2d610960-5163-7dee-2e11-4657bfeeb260" testName="ToEnumTest (0,Val0)" computerName="DESKTOP-3FN5V33" duration="00:00:00.0000099" startTime="2024-01-05T10:36:16.1957734-05:00" endTime="2024-01-05T10:36:16.1959443-05:00" testType="13cdc9d9-ddb5-4fa4-a97d-d965ccfc6d4b" outcome="Passed" testListId="8c84fa94-04c1-424b-9868-57a2d4851a1d" relativeResultsDirectory="440b325e-4bb4-4744-9954-67b181635bc2" xmlns="http://microsoft.com/schemas/VisualStudio/TeamTest/2010" />
    <UnitTestResult executionId="6be602ab-7126-46c6-a9d1-75c6cbbceaf0" testId="5a587cdd-33a2-0450-b436-28e3c32ca2bc" testName="ToEnumTest (name,name2|test name,WithEnumValue, WithMemberName, WithDisplay)" computerName="DESKTOP-3FN5V33" duration="00:00:00.0001738" startTime="2024-01-05T10:36:16.2333426-05:00" endTime="2024-01-05T10:36:16.2337315-05:00" testType="13cdc9d9-ddb5-4fa4-a97d-d965ccfc6d4b" outcome="Passed" testListId="8c84fa94-04c1-424b-9868-57a2d4851a1d" relativeResultsDirectory="6be602ab-7126-46c6-a9d1-75c6cbbceaf0" xmlns="http://microsoft.com/schemas/VisualStudio/TeamTest/2010" />
    <UnitTestResult executionId="cd953fb9-5bee-4fd9-a2de-b4fd01eff5fd" testId="4dd54268-ca5c-f2ac-0f75-c1f879346a6a" testName="ToEnumTest (2,Val2)" computerName="DESKTOP-3FN5V33" duration="00:00:00.0000188" startTime="2024-01-05T10:36:16.2002484-05:00" endTime="2024-01-05T10:36:16.2005462-05:00" testType="13cdc9d9-ddb5-4fa4-a97d-d965ccfc6d4b" outcome="Passed" testListId="8c84fa94-04c1-424b-9868-57a2d4851a1d" relativeResultsDirectory="cd953fb9-5bee-4fd9-a2de-b4fd01eff5fd" xmlns="http://microsoft.com/schemas/VisualStudio/TeamTest/2010" />
    <UnitTestResult executionId="47c649b6-b029-430b-a7bc-62b99ee7a453" testId="fead0924-ca29-6130-f519-2482f200a666" testName="ToEnumTest (Val1,Val1)" computerName="DESKTOP-3FN5V33" duration="00:00:00.0144441" startTime="2024-01-05T10:36:16.1629323-05:00" endTime="2024-01-05T10:36:16.1837219-05:00" testType="13cdc9d9-ddb5-4fa4-a97d-d965ccfc6d4b" outcome="Passed" testListId="8c84fa94-04c1-424b-9868-57a2d4851a1d" relativeResultsDirectory="47c649b6-b029-430b-a7bc-62b99ee7a453" xmlns="http://microsoft.com/schemas/VisualStudio/TeamTest/2010" />
    <UnitTestResult executionId="cb53f06d-b81b-4578-aa16-3394a1ed38b9" testId="c0747f59-826b-81b4-d050-0ed251150a5f" testName="ToEnumTest (name2,WithMemberName)" computerName="DESKTOP-3FN5V33" duration="00:00:00.0002899" startTime="2024-01-05T10:36:16.2213871-05:00" endTime="2024-01-05T10:36:16.2223175-05:00" testType="13cdc9d9-ddb5-4fa4-a97d-d965ccfc6d4b" outcome="Passed" testListId="8c84fa94-04c1-424b-9868-57a2d4851a1d" relativeResultsDirectory="cb53f06d-b81b-4578-aa16-3394a1ed38b9" xmlns="http://microsoft.com/schemas/VisualStudio/TeamTest/2010" />
  </Results>
  <TestDefinitions >
    <UnitTest name="DefaultPageSizeTest" storage="c:\repos\nucleus\net.libs\framework\eliassen.system.tests\bin\release\net8.0\eliassen.system.tests.dll" id="7cdd2ae3-f105-0db6-4f1d-4db0ed6728a3" xmlns="http://microsoft.com/schemas/VisualStudio/TeamTest/2010">
      <TestCategory>
        <TestCategoryItem TestCategory="Unit" />
      </TestCategory>
      <Execution id="5b8206e6-a45b-46b1-8be8-cc139463fe50" />
      <TestMethod codeBase="c:\Repos\Nucleus\Net.Libs\Framework\Eliassen.System.Tests\bin\Release\net8.0\Eliassen.System.Tests.dll" adapterTypeName="executor://mstestadapter/v2" className="Eliassen.System.Tests.Linq.QueryableExtensionsTests" name="DefaultPageSizeTest" />
    </UnitTest>
    <UnitTest name="TryParseTest" storage="c:\repos\nucleus\net.libs\framework\eliassen.system.tests\bin\release\net8.0\eliassen.system.tests.dll" id="7fd160bc-3b5b-e6e2-40ae-1974536260f2" xmlns="http://microsoft.com/schemas/VisualStudio/TeamTest/2010">
      <TestCategory>
        <TestCategoryItem TestCategory="Unit" />
      </TestCategory>
      <Execution id="c52cd384-b3e2-41bc-9bd6-e2d7d8c6b673" />
      <TestMethod codeBase="c:\Repos\Nucleus\Net.Libs\Framework\Eliassen.System.Tests\bin\Release\net8.0\Eliassen.System.Tests.dll" adapterTypeName="executor://mstestadapter/v2" className="Eliassen.System.Tests.Reflection.ReflectionExtensionsTests" name="TryParseTest" />
    </UnitTest>
    <UnitTest name="MakeSafeTest" storage="c:\repos\nucleus\net.libs\framework\eliassen.system.tests\bin\release\net8.0\eliassen.system.tests.dll" id="e350703c-47df-56f0-b995-a52c38b53eca" xmlns="http://microsoft.com/schemas/VisualStudio/TeamTest/2010">
      <TestCategory>
        <TestCategoryItem TestCategory="Unit" />
      </TestCategory>
      <Execution id="16f45d40-3aeb-468a-8e2d-17d57976980d" />
      <TestMethod codeBase="c:\Repos\Nucleus\Net.Libs\Framework\Eliassen.System.Tests\bin\Release\net8.0\Eliassen.System.Tests.dll" adapterTypeName="executor://mstestadapter/v2" className="Eliassen.System.Tests.Reflection.ReflectionExtensionsTests" name="MakeSafeTest" />
    </UnitTest>
    <UnitTest name="VisitTest_Equals (Hello,hello,True)" storage="c:\repos\nucleus\net.libs\framework\eliassen.system.tests\bin\release\net8.0\eliassen.system.tests.dll" id="e7f0575b-0e45-f2ce-4918-0b10042b2324" xmlns="http://microsoft.com/schemas/VisualStudio/TeamTest/2010">
      <TestCategory>
        <TestCategoryItem TestCategory="Unit" />
      </TestCategory>
      <Execution id="ee09b20d-c49e-48a5-919c-36e589b6a6f5" />
      <TestMethod codeBase="c:\Repos\Nucleus\Net.Libs\Framework\Eliassen.System.Tests\bin\Release\net8.0\Eliassen.System.Tests.dll" adapterTypeName="executor://mstestadapter/v2" className="Eliassen.System.Tests.Linq.Expressions.StringComparisonReplacementExpressionVisitorTests" name="VisitTest_Equals" />
    </UnitTest>
    <UnitTest name="ExecuteByTest_Filter" storage="c:\repos\nucleus\net.libs\framework\eliassen.system.tests\bin\release\net8.0\eliassen.system.tests.dll" id="b6498f29-1231-5fcf-4954-1746daa0500d" xmlns="http://microsoft.com/schemas/VisualStudio/TeamTest/2010">
      <TestCategory>
        <TestCategoryItem TestCategory="Unit" />
      </TestCategory>
      <Execution id="afc747d0-3e13-42ed-95de-6138de6b8027" />
      <TestMethod codeBase="c:\Repos\Nucleus\Net.Libs\Framework\Eliassen.System.Tests\bin\Release\net8.0\Eliassen.System.Tests.dll" adapterTypeName="executor://mstestadapter/v2" className="Eliassen.System.Tests.Linq.QueryableExtensionsTests" name="ExecuteByTest_Filter" />
    </UnitTest>
    <UnitTest name="ToEnumTest (2,Val2)" storage="c:\repos\nucleus\net.libs\framework\eliassen.system.tests\bin\release\net8.0\eliassen.system.tests.dll" id="08fc4c82-556b-87cf-a9ae-405737b973df" xmlns="http://microsoft.com/schemas/VisualStudio/TeamTest/2010">
      <TestCategory>
        <TestCategoryItem TestCategory="Unit" />
      </TestCategory>
      <Execution id="6ea71f04-c30c-4fe6-b95a-76db55cd1f5e" />
      <TestMethod codeBase="c:\Repos\Nucleus\Net.Libs\Framework\Eliassen.System.Tests\bin\Release\net8.0\Eliassen.System.Tests.dll" adapterTypeName="executor://mstestadapter/v2" className="Eliassen.System.Tests.Reflection.EnumExtensionsTests" name="ToEnumTest" />
    </UnitTest>
    <UnitTest name="DeserializeTest ({&quot;_id&quot;:{&quot;$oid&quot;:&quot;Hello World&quot;}},Hello World)" storage="c:\repos\nucleus\net.libs\framework\eliassen.system.tests\bin\release\net8.0\eliassen.system.tests.dll" id="312eaabc-9879-8ba5-fb15-63928cd6660e" xmlns="http://microsoft.com/schemas/VisualStudio/TeamTest/2010">
      <TestCategory>
        <TestCategoryItem TestCategory="Unit" />
      </TestCategory>
      <Execution id="c089579c-4daf-4e4e-ae73-1e43c1a3d24c" />
      <TestMethod codeBase="c:\Repos\Nucleus\Net.Libs\Framework\Eliassen.System.Tests\bin\Release\net8.0\Eliassen.System.Tests.dll" adapterTypeName="executor://mstestadapter/v2" className="Eliassen.System.Tests.Text.Json.BsonIdConverterTests" name="DeserializeTest" />
    </UnitTest>
    <UnitTest name="GetFilterablePropertyNamesTest_TestTarget2Model" storage="c:\repos\nucleus\net.libs\framework\eliassen.system.tests\bin\release\net8.0\eliassen.system.tests.dll" id="b5b73f46-926e-b166-c509-00a2b6834bdd" xmlns="http://microsoft.com/schemas/VisualStudio/TeamTest/2010">
      <TestCategory>
        <TestCategoryItem TestCategory="Unit" />
      </TestCategory>
      <Execution id="cddc3c9e-a80b-42a7-ac08-f8e9c117bf20" />
      <TestMethod codeBase="c:\Repos\Nucleus\Net.Libs\Framework\Eliassen.System.Tests\bin\Release\net8.0\Eliassen.System.Tests.dll" adapterTypeName="executor://mstestadapter/v2" className="Eliassen.System.Tests.Linq.Expressions.ExpressionTreeBuilderTests" name="GetFilterablePropertyNamesTest_TestTarget2Model" />
    </UnitTest>
    <UnitTest name="VisitTest_EqualOperator (Hello,HELLO,True)" storage="c:\repos\nucleus\net.libs\framework\eliassen.system.tests\bin\release\net8.0\eliassen.system.tests.dll" id="d4b770b3-94e8-d07a-03aa-f3335b9b4c71" xmlns="http://microsoft.com/schemas/VisualStudio/TeamTest/2010">
      <TestCategory>
        <TestCategoryItem TestCategory="Unit" />
      </TestCategory>
      <Execution id="dbacf95e-02d2-4129-a183-35615fcc1a23" />
      <TestMethod codeBase="c:\Repos\Nucleus\Net.Libs\Framework\Eliassen.System.Tests\bin\Release\net8.0\Eliassen.System.Tests.dll" adapterTypeName="executor://mstestadapter/v2" className="Eliassen.System.Tests.Linq.Expressions.StringComparisonReplacementExpressionVisitorTests" name="VisitTest_EqualOperator" />
    </UnitTest>
    <UnitTest name="DeserializeTest_Nullable ({&quot;Nullable&quot;:null,&quot;Value&quot;:{&quot;$date&quot;:&quot;2023-07-05T14:17:05.2315812-04:00&quot;}},)" storage="c:\repos\nucleus\net.libs\framework\eliassen.system.tests\bin\release\net8.0\eliassen.system.tests.dll" id="0ce23f0f-8bc9-01fa-938b-d8a470ad42da" xmlns="http://microsoft.com/schemas/VisualStudio/TeamTest/2010">
      <TestCategory>
        <TestCategoryItem TestCategory="Unit" />
      </TestCategory>
      <Execution id="ceb4e13e-1d42-4b11-ac7f-c0ebf648f1fa" />
      <TestMethod codeBase="c:\Repos\Nucleus\Net.Libs\Framework\Eliassen.System.Tests\bin\Release\net8.0\Eliassen.System.Tests.dll" adapterTypeName="executor://mstestadapter/v2" className="Eliassen.System.Tests.Text.Json.BsonDateConverterTests" name="DeserializeTest_Nullable" />
    </UnitTest>
    <UnitTest name="ExecuteByTest_Filter_JsonElement" storage="c:\repos\nucleus\net.libs\framework\eliassen.system.tests\bin\release\net8.0\eliassen.system.tests.dll" id="6ecbf29a-b1dc-ecb1-c997-c95f3b46593a" xmlns="http://microsoft.com/schemas/VisualStudio/TeamTest/2010">
      <TestCategory>
        <TestCategoryItem TestCategory="Unit" />
      </TestCategory>
      <Execution id="97af6f75-f630-4b98-a807-4d5b87ecd219" />
      <TestMethod codeBase="c:\Repos\Nucleus\Net.Libs\Framework\Eliassen.System.Tests\bin\Release\net8.0\Eliassen.System.Tests.dll" adapterTypeName="executor://mstestadapter/v2" className="Eliassen.System.Tests.Linq.QueryableExtensionsTests" name="ExecuteByTest_Filter_JsonElement" />
    </UnitTest>
    <UnitTest name="SerializeTest_AnonymousWithStringObjectDictionary" storage="c:\repos\nucleus\net.libs\framework\eliassen.system.tests\bin\release\net8.0\eliassen.system.tests.dll" id="46607e5b-fea6-a0a2-2caf-2abdd0971d6b" xmlns="http://microsoft.com/schemas/VisualStudio/TeamTest/2010">
      <TestCategory>
        <TestCategoryItem TestCategory="Unit" />
      </TestCategory>
      <Execution id="fdda3ab8-9809-414f-adfd-1b09eb62f8f8" />
      <TestMethod codeBase="c:\Repos\Nucleus\Net.Libs\Framework\Eliassen.System.Tests\bin\Release\net8.0\Eliassen.System.Tests.dll" adapterTypeName="executor://mstestadapter/v2" className="Eliassen.System.Tests.Text.Json.Serialization.DefaultJsonSerializerTests" name="SerializeTest_AnonymousWithStringObjectDictionary" />
    </UnitTest>
    <UnitTest name="AsModelsTest" storage="c:\repos\nucleus\net.libs\framework\eliassen.system.tests\bin\release\net8.0\eliassen.system.tests.dll" id="08742191-32e9-b72f-e313-52355290b27f" xmlns="http://microsoft.com/schemas/VisualStudio/TeamTest/2010">
      <TestCategory>
        <TestCategoryItem TestCategory="Unit" />
      </TestCategory>
      <Execution id="39715152-56ec-4980-ac7f-7b938fa8b255" />
      <TestMethod codeBase="c:\Repos\Nucleus\Net.Libs\Framework\Eliassen.System.Tests\bin\Release\net8.0\Eliassen.System.Tests.dll" adapterTypeName="executor://mstestadapter/v2" className="Eliassen.System.Tests.Reflection.EnumExtensionsTests" name="AsModelsTest" />
    </UnitTest>
    <UnitTest name="ExecuteByTest_Page (1,1,1000,1000,1,1,1)" storage="c:\repos\nucleus\net.libs\framework\eliassen.system.tests\bin\release\net8.0\eliassen.system.tests.dll" id="bfec42cd-394b-907b-c2e0-0b6b8b9584fe" xmlns="http://microsoft.com/schemas/VisualStudio/TeamTest/2010">
      <TestCategory>
        <TestCategoryItem TestCategory="Unit" />
      </TestCategory>
      <Execution id="10aa63ea-6549-45c4-b8fd-b13027a6ef93" />
      <TestMethod codeBase="c:\Repos\Nucleus\Net.Libs\Framework\Eliassen.System.Tests\bin\Release\net8.0\Eliassen.System.Tests.dll" adapterTypeName="executor://mstestadapter/v2" className="Eliassen.System.Tests.Linq.QueryableExtensionsTests" name="ExecuteByTest_Page" />
    </UnitTest>
    <UnitTest name="GetHash (hello world,XrY7u+Ae7tCTyyK7j1rNww==)" storage="c:\repos\nucleus\net.libs\framework\eliassen.system.tests\bin\release\net8.0\eliassen.system.tests.dll" id="52063650-6233-2d8a-fadf-ea1a53f7d6ed" xmlns="http://microsoft.com/schemas/VisualStudio/TeamTest/2010">
      <TestCategory>
        <TestCategoryItem TestCategory="Unit" />
      </TestCategory>
      <Execution id="d9804f0c-7cd5-471c-8ecb-85cc7fbca2cc" />
      <TestMethod codeBase="c:\Repos\Nucleus\Net.Libs\Framework\Eliassen.System.Tests\bin\Release\net8.0\Eliassen.System.Tests.dll" adapterTypeName="executor://mstestadapter/v2" className="Eliassen.System.Tests.Security.Cryptography.Md5HashTests" name="GetHash" />
    </UnitTest>
    <UnitTest name="ToEnumTest (Val2 , Val1,Val1, Val2)" storage="c:\repos\nucleus\net.libs\framework\eliassen.system.tests\bin\release\net8.0\eliassen.system.tests.dll" id="6da32ee3-eff7-d4fe-8d03-a03516df00ff" xmlns="http://microsoft.com/schemas/VisualStudio/TeamTest/2010">
      <TestCategory>
        <TestCategoryItem TestCategory="Unit" />
      </TestCategory>
      <Execution id="3e39ed59-8f02-4096-907a-55b5ca26b85f" />
      <TestMethod codeBase="c:\Repos\Nucleus\Net.Libs\Framework\Eliassen.System.Tests\bin\Release\net8.0\Eliassen.System.Tests.dll" adapterTypeName="executor://mstestadapter/v2" className="Eliassen.System.Tests.Reflection.EnumExtensionsTests" name="ToEnumTest" />
    </UnitTest>
    <UnitTest name="ToEnumTest (Val2, Val1,Val1, Val2)" storage="c:\repos\nucleus\net.libs\framework\eliassen.system.tests\bin\release\net8.0\eliassen.system.tests.dll" id="4163eaa1-a283-2de9-1f95-a86ceaaab3c9" xmlns="http://microsoft.com/schemas/VisualStudio/TeamTest/2010">
      <TestCategory>
        <TestCategoryItem TestCategory="Unit" />
      </TestCategory>
      <Execution id="9982eab6-85f4-49e7-8c82-fa6a101cbd13" />
      <TestMethod codeBase="c:\Repos\Nucleus\Net.Libs\Framework\Eliassen.System.Tests\bin\Release\net8.0\Eliassen.System.Tests.dll" adapterTypeName="executor://mstestadapter/v2" className="Eliassen.System.Tests.Reflection.EnumExtensionsTests" name="ToEnumTest" />
    </UnitTest>
    <UnitTest name="VisitTest_Equals (,hello,False)" storage="c:\repos\nucleus\net.libs\framework\eliassen.system.tests\bin\release\net8.0\eliassen.system.tests.dll" id="07b77574-2211-0cfd-4e91-7ca72fa17247" xmlns="http://microsoft.com/schemas/VisualStudio/TeamTest/2010">
      <TestCategory>
        <TestCategoryItem TestCategory="Unit" />
      </TestCategory>
      <Execution id="5c3ee65e-2d4f-4a6b-9acc-61aa2e98de1c" />
      <TestMethod codeBase="c:\Repos\Nucleus\Net.Libs\Framework\Eliassen.System.Tests\bin\Release\net8.0\Eliassen.System.Tests.dll" adapterTypeName="executor://mstestadapter/v2" className="Eliassen.System.Tests.Linq.Expressions.SkipInstanceMethodOnNullExpressionVisitorTests" name="VisitTest_Equals" />
    </UnitTest>
    <UnitTest name="ExecuteByTest_Filter_JsonElement_Nested" storage="c:\repos\nucleus\net.libs\framework\eliassen.system.tests\bin\release\net8.0\eliassen.system.tests.dll" id="03bc167f-0b26-903d-31a8-efafdb2faab7" xmlns="http://microsoft.com/schemas/VisualStudio/TeamTest/2010">
      <TestCategory>
        <TestCategoryItem TestCategory="Unit" />
      </TestCategory>
      <Execution id="a5daaffc-ccc3-4ed9-acfb-99c3992da16e" />
      <TestMethod codeBase="c:\Repos\Nucleus\Net.Libs\Framework\Eliassen.System.Tests\bin\Release\net8.0\Eliassen.System.Tests.dll" adapterTypeName="executor://mstestadapter/v2" className="Eliassen.System.Tests.Linq.QueryableExtensionsTests" name="ExecuteByTest_Filter_JsonElement_Nested" />
    </UnitTest>
    <UnitTest name="ToEnumTest (test name,WithDisplay)" storage="c:\repos\nucleus\net.libs\framework\eliassen.system.tests\bin\release\net8.0\eliassen.system.tests.dll" id="adc82c1a-0bb1-f2be-3be6-8295db3bec78" xmlns="http://microsoft.com/schemas/VisualStudio/TeamTest/2010">
      <TestCategory>
        <TestCategoryItem TestCategory="Unit" />
      </TestCategory>
      <Execution id="936bcdf3-629c-4a2b-834f-1b4e0d702bab" />
      <TestMethod codeBase="c:\Repos\Nucleus\Net.Libs\Framework\Eliassen.System.Tests\bin\Release\net8.0\Eliassen.System.Tests.dll" adapterTypeName="executor://mstestadapter/v2" className="Eliassen.System.Tests.Reflection.EnumExtensionsTests" name="ToEnumTest" />
    </UnitTest>
    <UnitTest name="GetResourceFromJsonTest_NotFound" storage="c:\repos\nucleus\net.libs\framework\eliassen.system.tests\bin\release\net8.0\eliassen.system.tests.dll" id="838644d9-6365-e4a6-691a-5f9e9cba540d" xmlns="http://microsoft.com/schemas/VisualStudio/TeamTest/2010">
      <TestCategory>
        <TestCategoryItem TestCategory="Unit" />
      </TestCategory>
      <Execution id="2fcb5238-8d01-4631-8950-f58b5c061269" />
      <TestMethod codeBase="c:\Repos\Nucleus\Net.Libs\Framework\Eliassen.System.Tests\bin\Release\net8.0\Eliassen.System.Tests.dll" adapterTypeName="executor://mstestadapter/v2" className="Eliassen.System.Tests.Reflection.ResourceExtensionsTests" name="GetResourceFromJsonTest_NotFound" />
    </UnitTest>
    <UnitTest name="ToEnumTest (name,name2|test name,WithEnumValue, WithMemberName, WithDisplay)" storage="c:\repos\nucleus\net.libs\framework\eliassen.system.tests\bin\release\net8.0\eliassen.system.tests.dll" id="2385c5bb-20c9-0389-325d-1aa756cf82c9" xmlns="http://microsoft.com/schemas/VisualStudio/TeamTest/2010">
      <TestCategory>
        <TestCategoryItem TestCategory="Unit" />
      </TestCategory>
      <Execution id="02ff30ff-5e6a-4501-9b28-3dae52de5a10" />
      <TestMethod codeBase="c:\Repos\Nucleus\Net.Libs\Framework\Eliassen.System.Tests\bin\Release\net8.0\Eliassen.System.Tests.dll" adapterTypeName="executor://mstestadapter/v2" className="Eliassen.System.Tests.Reflection.EnumExtensionsTests" name="ToEnumTest" />
    </UnitTest>
    <UnitTest name="ExecuteByTest_Sort (name,Descending,999,998,997,996,995,994,993,992,991,990)" storage="c:\repos\nucleus\net.libs\framework\eliassen.system.tests\bin\release\net8.0\eliassen.system.tests.dll" id="d5c1dc9a-a2f2-2711-646f-2604e4c84684" xmlns="http://microsoft.com/schemas/VisualStudio/TeamTest/2010">
      <TestCategory>
        <TestCategoryItem TestCategory="Unit" />
      </TestCategory>
      <Execution id="06254814-0e0c-403f-a5aa-444a94312a49" />
      <TestMethod codeBase="c:\Repos\Nucleus\Net.Libs\Framework\Eliassen.System.Tests\bin\Release\net8.0\Eliassen.System.Tests.dll" adapterTypeName="executor://mstestadapter/v2" className="Eliassen.System.Tests.Linq.QueryableExtensionsTests" name="ExecuteByTest_Sort" />
    </UnitTest>
    <UnitTest name="ToEnumTest (no data,)" storage="c:\repos\nucleus\net.libs\framework\eliassen.system.tests\bin\release\net8.0\eliassen.system.tests.dll" id="565e6ddc-fd0f-5db8-1ac5-68872b2812d2" xmlns="http://microsoft.com/schemas/VisualStudio/TeamTest/2010">
      <TestCategory>
        <TestCategoryItem TestCategory="Unit" />
      </TestCategory>
      <Execution id="f3205254-649d-4032-ab90-506010ac7f33" />
      <TestMethod codeBase="c:\Repos\Nucleus\Net.Libs\Framework\Eliassen.System.Tests\bin\Release\net8.0\Eliassen.System.Tests.dll" adapterTypeName="executor://mstestadapter/v2" className="Eliassen.System.Tests.Reflection.EnumExtensionsTests" name="ToEnumTest" />
    </UnitTest>
    <UnitTest name="ToEnumTest (test short,WithDisplay)" storage="c:\repos\nucleus\net.libs\framework\eliassen.system.tests\bin\release\net8.0\eliassen.system.tests.dll" id="11f0fb7d-7be6-79f5-339b-991d917ae3fc" xmlns="http://microsoft.com/schemas/VisualStudio/TeamTest/2010">
      <TestCategory>
        <TestCategoryItem TestCategory="Unit" />
      </TestCategory>
      <Execution id="4587136d-ce62-4b04-beb5-a86dd1c246a7" />
      <TestMethod codeBase="c:\Repos\Nucleus\Net.Libs\Framework\Eliassen.System.Tests\bin\Release\net8.0\Eliassen.System.Tests.dll" adapterTypeName="executor://mstestadapter/v2" className="Eliassen.System.Tests.Reflection.EnumExtensionsTests" name="ToEnumTest" />
    </UnitTest>
    <UnitTest name="SerializeTest_Anonymous" storage="c:\repos\nucleus\net.libs\framework\eliassen.system.tests\bin\release\net8.0\eliassen.system.tests.dll" id="9d534b02-84b2-367f-c306-46ab610b3ce8" xmlns="http://microsoft.com/schemas/VisualStudio/TeamTest/2010">
      <TestCategory>
        <TestCategoryItem TestCategory="Unit" />
      </TestCategory>
      <Execution id="49fb2f5b-aff0-4a68-9533-fdfa3a6facbc" />
      <TestMethod codeBase="c:\Repos\Nucleus\Net.Libs\Framework\Eliassen.System.Tests\bin\Release\net8.0\Eliassen.System.Tests.dll" adapterTypeName="executor://mstestadapter/v2" className="Eliassen.System.Tests.Text.Json.Serialization.DefaultJsonSerializerTests" name="SerializeTest_Anonymous" />
    </UnitTest>
    <UnitTest name="GetFilterablePropertyNamesTest_TestTarget3Model" storage="c:\repos\nucleus\net.libs\framework\eliassen.system.tests\bin\release\net8.0\eliassen.system.tests.dll" id="dcab6442-3647-193e-5b50-9725bbfda52b" xmlns="http://microsoft.com/schemas/VisualStudio/TeamTest/2010">
      <TestCategory>
        <TestCategoryItem TestCategory="Unit" />
      </TestCategory>
      <Execution id="e706cd13-5e24-472f-bb48-b19184fa4f7f" />
      <TestMethod codeBase="c:\Repos\Nucleus\Net.Libs\Framework\Eliassen.System.Tests\bin\Release\net8.0\Eliassen.System.Tests.dll" adapterTypeName="executor://mstestadapter/v2" className="Eliassen.System.Tests.Linq.Expressions.ExpressionTreeBuilderTests" name="GetFilterablePropertyNamesTest_TestTarget3Model" />
    </UnitTest>
    <UnitTest name="GetHash (Hello World!,f4OxZX/x/FO5LcGBSKHWXfwtSx+j1ncoSt3SABJtkGk=)" storage="c:\repos\nucleus\net.libs\framework\eliassen.system.tests\bin\release\net8.0\eliassen.system.tests.dll" id="4bae6e3b-0e6b-3eea-a810-61843449ebf1" xmlns="http://microsoft.com/schemas/VisualStudio/TeamTest/2010">
      <TestCategory>
        <TestCategoryItem TestCategory="Unit" />
      </TestCategory>
      <Execution id="b79c8b94-dbfd-49ce-872f-6431b62502ad" />
      <TestMethod codeBase="c:\Repos\Nucleus\Net.Libs\Framework\Eliassen.System.Tests\bin\Release\net8.0\Eliassen.System.Tests.dll" adapterTypeName="executor://mstestadapter/v2" className="Eliassen.System.Tests.Security.Cryptography.Sha256HashTests" name="GetHash" />
    </UnitTest>
    <UnitTest name="GetHash (hello world,MJ7MSJwS1utMxA9QyQLytNDtd+5RGnx6m808qG1M2G+YndNbxf9JlnDaNCVbRbDP2DDoH2Bdz33FVC6TrpzXbw==)" storage="c:\repos\nucleus\net.libs\framework\eliassen.system.tests\bin\release\net8.0\eliassen.system.tests.dll" id="f70a4315-fac4-e7d3-3678-874f4359a2e2" xmlns="http://microsoft.com/schemas/VisualStudio/TeamTest/2010">
      <TestCategory>
        <TestCategoryItem TestCategory="Unit" />
      </TestCategory>
      <Execution id="0d8e6610-2eab-43b5-b678-8cbd3dfc5dc0" />
      <TestMethod codeBase="c:\Repos\Nucleus\Net.Libs\Framework\Eliassen.System.Tests\bin\Release\net8.0\Eliassen.System.Tests.dll" adapterTypeName="executor://mstestadapter/v2" className="Eliassen.System.Tests.Security.Cryptography.Sha512HashTests" name="GetHash" />
    </UnitTest>
    <UnitTest name="GetResourceFromJsonAsyncTest_NotFound" storage="c:\repos\nucleus\net.libs\framework\eliassen.system.tests\bin\release\net8.0\eliassen.system.tests.dll" id="d1d4b925-a073-2286-7de7-05497c979951" xmlns="http://microsoft.com/schemas/VisualStudio/TeamTest/2010">
      <TestCategory>
        <TestCategoryItem TestCategory="Unit" />
      </TestCategory>
      <Execution id="73feaa9c-b2ad-4dcb-bcfe-c6a27857632d" />
      <TestMethod codeBase="c:\Repos\Nucleus\Net.Libs\Framework\Eliassen.System.Tests\bin\Release\net8.0\Eliassen.System.Tests.dll" adapterTypeName="executor://mstestadapter/v2" className="Eliassen.System.Tests.Reflection.ResourceExtensionsTests" name="GetResourceFromJsonAsyncTest_NotFound" />
    </UnitTest>
    <UnitTest name="SerializeTest_Value" storage="c:\repos\nucleus\net.libs\framework\eliassen.system.tests\bin\release\net8.0\eliassen.system.tests.dll" id="8da0fbaf-acd6-9154-0805-f306ce39ad46" xmlns="http://microsoft.com/schemas/VisualStudio/TeamTest/2010">
      <TestCategory>
        <TestCategoryItem TestCategory="Unit" />
      </TestCategory>
      <Execution id="4148f641-fa69-42ab-a019-0c4de4345a24" />
      <TestMethod codeBase="c:\Repos\Nucleus\Net.Libs\Framework\Eliassen.System.Tests\bin\Release\net8.0\Eliassen.System.Tests.dll" adapterTypeName="executor://mstestadapter/v2" className="Eliassen.System.Tests.Text.Json.BsonDateConverterTests" name="SerializeTest_Value" />
    </UnitTest>
    <UnitTest name="ToEnumTest (Val1,Val1)" storage="c:\repos\nucleus\net.libs\framework\eliassen.system.tests\bin\release\net8.0\eliassen.system.tests.dll" id="c36bb35d-9a4e-80ec-67c1-9cb495c5e678" xmlns="http://microsoft.com/schemas/VisualStudio/TeamTest/2010">
      <TestCategory>
        <TestCategoryItem TestCategory="Unit" />
      </TestCategory>
      <Execution id="c49d5b51-c360-4710-a88e-3b4d750ff4c4" />
      <TestMethod codeBase="c:\Repos\Nucleus\Net.Libs\Framework\Eliassen.System.Tests\bin\Release\net8.0\Eliassen.System.Tests.dll" adapterTypeName="executor://mstestadapter/v2" className="Eliassen.System.Tests.Reflection.EnumExtensionsTests" name="ToEnumTest" />
    </UnitTest>
    <UnitTest name="VisitTest_Equals (Hello,Hello,True)" storage="c:\repos\nucleus\net.libs\framework\eliassen.system.tests\bin\release\net8.0\eliassen.system.tests.dll" id="1c0197db-d7ab-18ba-d57c-a34403249bdb" xmlns="http://microsoft.com/schemas/VisualStudio/TeamTest/2010">
      <TestCategory>
        <TestCategoryItem TestCategory="Unit" />
      </TestCategory>
      <Execution id="bf3c7d66-ff1e-4e94-966f-27387db52ccc" />
      <TestMethod codeBase="c:\Repos\Nucleus\Net.Libs\Framework\Eliassen.System.Tests\bin\Release\net8.0\Eliassen.System.Tests.dll" adapterTypeName="executor://mstestadapter/v2" className="Eliassen.System.Tests.Linq.Expressions.SkipInstanceMethodOnNullExpressionVisitorTests" name="VisitTest_Equals" />
    </UnitTest>
    <UnitTest name="SerializeTest" storage="c:\repos\nucleus\net.libs\framework\eliassen.system.tests\bin\release\net8.0\eliassen.system.tests.dll" id="83cb0395-740b-4b48-1b9a-9d0379b2c4b0" xmlns="http://microsoft.com/schemas/VisualStudio/TeamTest/2010">
      <TestCategory>
        <TestCategoryItem TestCategory="Unit" />
      </TestCategory>
      <Execution id="ead46164-f899-485c-afb4-8beb7c3445fe" />
      <TestMethod codeBase="c:\Repos\Nucleus\Net.Libs\Framework\Eliassen.System.Tests\bin\Release\net8.0\Eliassen.System.Tests.dll" adapterTypeName="executor://mstestadapter/v2" className="Eliassen.System.Tests.Text.Json.BsonIdConverterTests" name="SerializeTest" />
    </UnitTest>
    <UnitTest name="ExecuteByTest_Sort (Name,Ascending,0,1,10,100,101,102,103,104,105,106)" storage="c:\repos\nucleus\net.libs\framework\eliassen.system.tests\bin\release\net8.0\eliassen.system.tests.dll" id="c5997a4c-dfaf-990a-24e0-477cf0c527e7" xmlns="http://microsoft.com/schemas/VisualStudio/TeamTest/2010">
      <TestCategory>
        <TestCategoryItem TestCategory="Unit" />
      </TestCategory>
      <Execution id="429bc33b-e27f-4d60-9a6a-b1acd6f80310" />
      <TestMethod codeBase="c:\Repos\Nucleus\Net.Libs\Framework\Eliassen.System.Tests\bin\Release\net8.0\Eliassen.System.Tests.dll" adapterTypeName="executor://mstestadapter/v2" className="Eliassen.System.Tests.Linq.QueryableExtensionsTests" name="ExecuteByTest_Sort" />
    </UnitTest>
    <UnitTest name="VisitTest_Contains (Hello,el,True)" storage="c:\repos\nucleus\net.libs\framework\eliassen.system.tests\bin\release\net8.0\eliassen.system.tests.dll" id="e9eca43c-a0f8-d234-3538-2b7d4b198f04" xmlns="http://microsoft.com/schemas/VisualStudio/TeamTest/2010">
      <TestCategory>
        <TestCategoryItem TestCategory="Unit" />
      </TestCategory>
      <Execution id="e7649fa4-f4b6-461c-b923-2a37f4e1a2b4" />
      <TestMethod codeBase="c:\Repos\Nucleus\Net.Libs\Framework\Eliassen.System.Tests\bin\Release\net8.0\Eliassen.System.Tests.dll" adapterTypeName="executor://mstestadapter/v2" className="Eliassen.System.Tests.Linq.Expressions.StringComparisonReplacementExpressionVisitorTests" name="VisitTest_Contains" />
    </UnitTest>
    <UnitTest name="GetSearchablePropertyNames_TestTarget3Model" storage="c:\repos\nucleus\net.libs\framework\eliassen.system.tests\bin\release\net8.0\eliassen.system.tests.dll" id="94eba969-c82f-9e81-1248-494bdd4f32c8" xmlns="http://microsoft.com/schemas/VisualStudio/TeamTest/2010">
      <TestCategory>
        <TestCategoryItem TestCategory="Unit" />
      </TestCategory>
      <Execution id="dc0a15a4-38f0-4a68-b17b-488bfce98f33" />
      <TestMethod codeBase="c:\Repos\Nucleus\Net.Libs\Framework\Eliassen.System.Tests\bin\Release\net8.0\Eliassen.System.Tests.dll" adapterTypeName="executor://mstestadapter/v2" className="Eliassen.System.Tests.Linq.Expressions.ExpressionTreeBuilderTests" name="GetSearchablePropertyNames_TestTarget3Model" />
    </UnitTest>
    <UnitTest name="GetSortablePropertyNamesTest_TestTarget3Model" storage="c:\repos\nucleus\net.libs\framework\eliassen.system.tests\bin\release\net8.0\eliassen.system.tests.dll" id="53c31e49-be7f-689b-3cd7-03a9033ae78d" xmlns="http://microsoft.com/schemas/VisualStudio/TeamTest/2010">
      <TestCategory>
        <TestCategoryItem TestCategory="Unit" />
      </TestCategory>
      <Execution id="b5f852c1-b059-45a2-8184-6c902acedee5" />
      <TestMethod codeBase="c:\Repos\Nucleus\Net.Libs\Framework\Eliassen.System.Tests\bin\Release\net8.0\Eliassen.System.Tests.dll" adapterTypeName="executor://mstestadapter/v2" className="Eliassen.System.Tests.Linq.Expressions.ExpressionTreeBuilderTests" name="GetSortablePropertyNamesTest_TestTarget3Model" />
    </UnitTest>
    <UnitTest name="ToEnumTest (name2,WithMemberName)" storage="c:\repos\nucleus\net.libs\framework\eliassen.system.tests\bin\release\net8.0\eliassen.system.tests.dll" id="67734c64-cae5-5135-54b5-70135f0338e3" xmlns="http://microsoft.com/schemas/VisualStudio/TeamTest/2010">
      <TestCategory>
        <TestCategoryItem TestCategory="Unit" />
      </TestCategory>
      <Execution id="883f71a6-5a24-4fc7-a204-16b649f42d37" />
      <TestMethod codeBase="c:\Repos\Nucleus\Net.Libs\Framework\Eliassen.System.Tests\bin\Release\net8.0\Eliassen.System.Tests.dll" adapterTypeName="executor://mstestadapter/v2" className="Eliassen.System.Tests.Reflection.EnumExtensionsTests" name="ToEnumTest" />
    </UnitTest>
    <UnitTest name="ToEnumTest (0,Val0)" storage="c:\repos\nucleus\net.libs\framework\eliassen.system.tests\bin\release\net8.0\eliassen.system.tests.dll" id="460956ad-2bf3-db32-e92a-bfe446ec1e98" xmlns="http://microsoft.com/schemas/VisualStudio/TeamTest/2010">
      <TestCategory>
        <TestCategoryItem TestCategory="Unit" />
      </TestCategory>
      <Execution id="65881ec8-e4c3-4056-9a63-be6053068c55" />
      <TestMethod codeBase="c:\Repos\Nucleus\Net.Libs\Framework\Eliassen.System.Tests\bin\Release\net8.0\Eliassen.System.Tests.dll" adapterTypeName="executor://mstestadapter/v2" className="Eliassen.System.Tests.Reflection.EnumExtensionsTests" name="ToEnumTest" />
    </UnitTest>
    <UnitTest name="GetResourceFromXmlTest" storage="c:\repos\nucleus\net.libs\framework\eliassen.system.tests\bin\release\net8.0\eliassen.system.tests.dll" id="8ef63a3f-2208-ac88-5a22-493d4beeaeda" xmlns="http://microsoft.com/schemas/VisualStudio/TeamTest/2010">
      <TestCategory>
        <TestCategoryItem TestCategory="Unit" />
      </TestCategory>
      <Execution id="0757e5c7-ff92-48b2-9c8f-9d95abefb332" />
      <TestMethod codeBase="c:\Repos\Nucleus\Net.Libs\Framework\Eliassen.System.Tests\bin\Release\net8.0\Eliassen.System.Tests.dll" adapterTypeName="executor://mstestadapter/v2" className="Eliassen.System.Tests.Reflection.ResourceExtensionsTests" name="GetResourceFromXmlTest" />
    </UnitTest>
    <UnitTest name="ToEnumTest (Val2 ,Val1,Val1, Val2)" storage="c:\repos\nucleus\net.libs\framework\eliassen.system.tests\bin\release\net8.0\eliassen.system.tests.dll" id="26b5ec45-b5f1-fe45-95c1-6bd5bedd3df8" xmlns="http://microsoft.com/schemas/VisualStudio/TeamTest/2010">
      <TestCategory>
        <TestCategoryItem TestCategory="Unit" />
      </TestCategory>
      <Execution id="4a9eeb2b-f2e8-413a-87f5-f465e219625d" />
      <TestMethod codeBase="c:\Repos\Nucleus\Net.Libs\Framework\Eliassen.System.Tests\bin\Release\net8.0\Eliassen.System.Tests.dll" adapterTypeName="executor://mstestadapter/v2" className="Eliassen.System.Tests.Reflection.EnumExtensionsTests" name="ToEnumTest" />
    </UnitTest>
    <UnitTest name="ToEnumTest (Val2,Val1,Val1, Val2)" storage="c:\repos\nucleus\net.libs\framework\eliassen.system.tests\bin\release\net8.0\eliassen.system.tests.dll" id="b0fdfc7e-2c06-862f-28b1-d93a174b89e6" xmlns="http://microsoft.com/schemas/VisualStudio/TeamTest/2010">
      <TestCategory>
        <TestCategoryItem TestCategory="Unit" />
      </TestCategory>
      <Execution id="b41bde0c-1d79-4ab8-96b3-bbe20c8e190e" />
      <TestMethod codeBase="c:\Repos\Nucleus\Net.Libs\Framework\Eliassen.System.Tests\bin\Release\net8.0\Eliassen.System.Tests.dll" adapterTypeName="executor://mstestadapter/v2" className="Eliassen.System.Tests.Reflection.EnumExtensionsTests" name="ToEnumTest" />
    </UnitTest>
    <UnitTest name="VisitTest_StartsWith (Hello,HE,True)" storage="c:\repos\nucleus\net.libs\framework\eliassen.system.tests\bin\release\net8.0\eliassen.system.tests.dll" id="5dada6fb-9282-72bc-c9b2-bcfb539a1619" xmlns="http://microsoft.com/schemas/VisualStudio/TeamTest/2010">
      <TestCategory>
        <TestCategoryItem TestCategory="Unit" />
      </TestCategory>
      <Execution id="769367b6-7056-48fa-b26b-9011b635d517" />
      <TestMethod codeBase="c:\Repos\Nucleus\Net.Libs\Framework\Eliassen.System.Tests\bin\Release\net8.0\Eliassen.System.Tests.dll" adapterTypeName="executor://mstestadapter/v2" className="Eliassen.System.Tests.Linq.Expressions.StringComparisonReplacementExpressionVisitorTests" name="VisitTest_StartsWith" />
    </UnitTest>
    <UnitTest name="ToEnumTest (3,Val1, Val2)" storage="c:\repos\nucleus\net.libs\framework\eliassen.system.tests\bin\release\net8.0\eliassen.system.tests.dll" id="62b9d922-900a-7ff6-3153-18dadeeb7bb3" xmlns="http://microsoft.com/schemas/VisualStudio/TeamTest/2010">
      <TestCategory>
        <TestCategoryItem TestCategory="Unit" />
      </TestCategory>
      <Execution id="c3808bdf-dcbe-42b3-8d9c-3167e92290e4" />
      <TestMethod codeBase="c:\Repos\Nucleus\Net.Libs\Framework\Eliassen.System.Tests\bin\Release\net8.0\Eliassen.System.Tests.dll" adapterTypeName="executor://mstestadapter/v2" className="Eliassen.System.Tests.Reflection.EnumExtensionsTests" name="ToEnumTest" />
    </UnitTest>
    <UnitTest name="GetResourceStreamTest" storage="c:\repos\nucleus\net.libs\framework\eliassen.system.tests\bin\release\net8.0\eliassen.system.tests.dll" id="5745a05f-6078-14a6-d124-e23b5e51504a" xmlns="http://microsoft.com/schemas/VisualStudio/TeamTest/2010">
      <TestCategory>
        <TestCategoryItem TestCategory="Unit" />
      </TestCategory>
      <Execution id="30751d0b-9223-4df6-9fbc-489f74f3bd20" />
      <TestMethod codeBase="c:\Repos\Nucleus\Net.Libs\Framework\Eliassen.System.Tests\bin\Release\net8.0\Eliassen.System.Tests.dll" adapterTypeName="executor://mstestadapter/v2" className="Eliassen.System.Tests.Reflection.ResourceExtensionsTests" name="GetResourceStreamTest" />
    </UnitTest>
    <UnitTest name="ExecuteByTest_Sort (Name,Descending,999,998,997,996,995,994,993,992,991,990)" storage="c:\repos\nucleus\net.libs\framework\eliassen.system.tests\bin\release\net8.0\eliassen.system.tests.dll" id="6c3bc33d-cd41-7aa1-5d65-f8b6b6736377" xmlns="http://microsoft.com/schemas/VisualStudio/TeamTest/2010">
      <TestCategory>
        <TestCategoryItem TestCategory="Unit" />
      </TestCategory>
      <Execution id="7d086d3a-b845-4f1f-9584-ee7e8e52ff96" />
      <TestMethod codeBase="c:\Repos\Nucleus\Net.Libs\Framework\Eliassen.System.Tests\bin\Release\net8.0\Eliassen.System.Tests.dll" adapterTypeName="executor://mstestadapter/v2" className="Eliassen.System.Tests.Linq.QueryableExtensionsTests" name="ExecuteByTest_Sort" />
    </UnitTest>
    <UnitTest name="ToEnumTest (,)" storage="c:\repos\nucleus\net.libs\framework\eliassen.system.tests\bin\release\net8.0\eliassen.system.tests.dll" id="a29d2822-126a-1900-33c2-f20f68d10c99" xmlns="http://microsoft.com/schemas/VisualStudio/TeamTest/2010">
      <TestCategory>
        <TestCategoryItem TestCategory="Unit" />
      </TestCategory>
      <Execution id="0147cd57-a4e4-4c62-9dd9-3e9c6b28c276" />
      <TestMethod codeBase="c:\Repos\Nucleus\Net.Libs\Framework\Eliassen.System.Tests\bin\Release\net8.0\Eliassen.System.Tests.dll" adapterTypeName="executor://mstestadapter/v2" className="Eliassen.System.Tests.Reflection.EnumExtensionsTests" name="ToEnumTest" />
    </UnitTest>
    <UnitTest name="SerializeTest_Nullable" storage="c:\repos\nucleus\net.libs\framework\eliassen.system.tests\bin\release\net8.0\eliassen.system.tests.dll" id="c07bd30b-1999-489c-e66f-17f7d59077a7" xmlns="http://microsoft.com/schemas/VisualStudio/TeamTest/2010">
      <TestCategory>
        <TestCategoryItem TestCategory="Unit" />
      </TestCategory>
      <Execution id="acfbc726-fc28-490c-a94c-27b5417ce58a" />
      <TestMethod codeBase="c:\Repos\Nucleus\Net.Libs\Framework\Eliassen.System.Tests\bin\Release\net8.0\Eliassen.System.Tests.dll" adapterTypeName="executor://mstestadapter/v2" className="Eliassen.System.Tests.Text.Json.BsonDateConverterTests" name="SerializeTest_Nullable" />
    </UnitTest>
    <UnitTest name="VisitTest_Equals (,,False)" storage="c:\repos\nucleus\net.libs\framework\eliassen.system.tests\bin\release\net8.0\eliassen.system.tests.dll" id="732c5a4d-db4b-042b-cb1a-6907849de0ac" xmlns="http://microsoft.com/schemas/VisualStudio/TeamTest/2010">
      <TestCategory>
        <TestCategoryItem TestCategory="Unit" />
      </TestCategory>
      <Execution id="f7cadee7-169e-4d72-95c7-9f4f270489dc" />
      <TestMethod codeBase="c:\Repos\Nucleus\Net.Libs\Framework\Eliassen.System.Tests\bin\Release\net8.0\Eliassen.System.Tests.dll" adapterTypeName="executor://mstestadapter/v2" className="Eliassen.System.Tests.Linq.Expressions.SkipInstanceMethodOnNullExpressionVisitorTests" name="VisitTest_Equals" />
    </UnitTest>
    <UnitTest name="ToEnumTest (Val2,Val2)" storage="c:\repos\nucleus\net.libs\framework\eliassen.system.tests\bin\release\net8.0\eliassen.system.tests.dll" id="bd0dbecb-539b-5502-769e-e3714681df3b" xmlns="http://microsoft.com/schemas/VisualStudio/TeamTest/2010">
      <TestCategory>
        <TestCategoryItem TestCategory="Unit" />
      </TestCategory>
      <Execution id="b3e25dfe-9e47-4fa7-9429-e69393ea8b18" />
      <TestMethod codeBase="c:\Repos\Nucleus\Net.Libs\Framework\Eliassen.System.Tests\bin\Release\net8.0\Eliassen.System.Tests.dll" adapterTypeName="executor://mstestadapter/v2" className="Eliassen.System.Tests.Reflection.EnumExtensionsTests" name="ToEnumTest" />
    </UnitTest>
    <UnitTest name="GetHash (Hello World!,7Qdih1MuhjZehB6Sv8UNjA==)" storage="c:\repos\nucleus\net.libs\framework\eliassen.system.tests\bin\release\net8.0\eliassen.system.tests.dll" id="453dc636-d45b-01e0-2e5e-4e973ba64495" xmlns="http://microsoft.com/schemas/VisualStudio/TeamTest/2010">
      <TestCategory>
        <TestCategoryItem TestCategory="Unit" />
      </TestCategory>
      <Execution id="ac280203-51b6-4c41-a7a1-c22256dcd9d1" />
      <TestMethod codeBase="c:\Repos\Nucleus\Net.Libs\Framework\Eliassen.System.Tests\bin\Release\net8.0\Eliassen.System.Tests.dll" adapterTypeName="executor://mstestadapter/v2" className="Eliassen.System.Tests.Security.Cryptography.Md5HashTests" name="GetHash" />
    </UnitTest>
    <UnitTest name="GetResourceFromJsonTest" storage="c:\repos\nucleus\net.libs\framework\eliassen.system.tests\bin\release\net8.0\eliassen.system.tests.dll" id="65b4a990-8424-f23f-9b61-155855edf172" xmlns="http://microsoft.com/schemas/VisualStudio/TeamTest/2010">
      <TestCategory>
        <TestCategoryItem TestCategory="Unit" />
      </TestCategory>
      <Execution id="01e16685-c0eb-4655-bff7-ff2fa03abdf6" />
      <TestMethod codeBase="c:\Repos\Nucleus\Net.Libs\Framework\Eliassen.System.Tests\bin\Release\net8.0\Eliassen.System.Tests.dll" adapterTypeName="executor://mstestadapter/v2" className="Eliassen.System.Tests.Reflection.ResourceExtensionsTests" name="GetResourceFromJsonTest" />
    </UnitTest>
    <UnitTest name="GetSearchablePropertyNames_TestTarget2Model" storage="c:\repos\nucleus\net.libs\framework\eliassen.system.tests\bin\release\net8.0\eliassen.system.tests.dll" id="7a9a1822-3db2-a438-faf7-05813fd14fc1" xmlns="http://microsoft.com/schemas/VisualStudio/TeamTest/2010">
      <TestCategory>
        <TestCategoryItem TestCategory="Unit" />
      </TestCategory>
      <Execution id="1ede654a-4244-4845-8030-7b3a3efbffe4" />
      <TestMethod codeBase="c:\Repos\Nucleus\Net.Libs\Framework\Eliassen.System.Tests\bin\Release\net8.0\Eliassen.System.Tests.dll" adapterTypeName="executor://mstestadapter/v2" className="Eliassen.System.Tests.Linq.Expressions.ExpressionTreeBuilderTests" name="GetSearchablePropertyNames_TestTarget2Model" />
    </UnitTest>
    <UnitTest name="AsModelsTest2" storage="c:\repos\nucleus\net.libs\framework\eliassen.system.tests\bin\release\net8.0\eliassen.system.tests.dll" id="870b9428-08e8-f91f-14b9-7fcf33dc2d0f" xmlns="http://microsoft.com/schemas/VisualStudio/TeamTest/2010">
      <TestCategory>
        <TestCategoryItem TestCategory="Unit" />
      </TestCategory>
      <Execution id="e9f904f3-4990-4242-bb41-c780a85d11b6" />
      <TestMethod codeBase="c:\Repos\Nucleus\Net.Libs\Framework\Eliassen.System.Tests\bin\Release\net8.0\Eliassen.System.Tests.dll" adapterTypeName="executor://mstestadapter/v2" className="Eliassen.System.Tests.Reflection.EnumExtensionsTests" name="AsModelsTest2" />
    </UnitTest>
    <UnitTest name="VisitTest_StartsWith (Hello,he,True)" storage="c:\repos\nucleus\net.libs\framework\eliassen.system.tests\bin\release\net8.0\eliassen.system.tests.dll" id="a324304b-8c70-70d6-1085-fa9cbf413d33" xmlns="http://microsoft.com/schemas/VisualStudio/TeamTest/2010">
      <TestCategory>
        <TestCategoryItem TestCategory="Unit" />
      </TestCategory>
      <Execution id="b63db4c5-8326-4f1b-8c9f-0d403ba00fd9" />
      <TestMethod codeBase="c:\Repos\Nucleus\Net.Libs\Framework\Eliassen.System.Tests\bin\Release\net8.0\Eliassen.System.Tests.dll" adapterTypeName="executor://mstestadapter/v2" className="Eliassen.System.Tests.Linq.Expressions.StringComparisonReplacementExpressionVisitorTests" name="VisitTest_StartsWith" />
    </UnitTest>
    <UnitTest name="DeserializeTest ({&quot;_id&quot;:&quot;Hello World&quot;},Hello World)" storage="c:\repos\nucleus\net.libs\framework\eliassen.system.tests\bin\release\net8.0\eliassen.system.tests.dll" id="079289e4-29ee-2b27-89d5-bd661b7267f1" xmlns="http://microsoft.com/schemas/VisualStudio/TeamTest/2010">
      <TestCategory>
        <TestCategoryItem TestCategory="Unit" />
      </TestCategory>
      <Execution id="9fd8269a-0336-4d95-b549-b9bb595d53f6" />
      <TestMethod codeBase="c:\Repos\Nucleus\Net.Libs\Framework\Eliassen.System.Tests\bin\Release\net8.0\Eliassen.System.Tests.dll" adapterTypeName="executor://mstestadapter/v2" className="Eliassen.System.Tests.Text.Json.BsonIdConverterTests" name="DeserializeTest" />
    </UnitTest>
    <UnitTest name="MakeSafeArrayTest" storage="c:\repos\nucleus\net.libs\framework\eliassen.system.tests\bin\release\net8.0\eliassen.system.tests.dll" id="2f56b32e-ea97-c552-8dea-074dcb4e0dc0" xmlns="http://microsoft.com/schemas/VisualStudio/TeamTest/2010">
      <TestCategory>
        <TestCategoryItem TestCategory="Unit" />
      </TestCategory>
      <Execution id="8baea0ab-f6ec-4565-83d2-12d6618fb7d8" />
      <TestMethod codeBase="c:\Repos\Nucleus\Net.Libs\Framework\Eliassen.System.Tests\bin\Release\net8.0\Eliassen.System.Tests.dll" adapterTypeName="executor://mstestadapter/v2" className="Eliassen.System.Tests.Reflection.ReflectionExtensionsTests" name="MakeSafeArrayTest" />
    </UnitTest>
    <UnitTest name="GetFilterablePropertyNamesTest_TestTargetModel" storage="c:\repos\nucleus\net.libs\framework\eliassen.system.tests\bin\release\net8.0\eliassen.system.tests.dll" id="f3383018-7bb0-86e7-cb57-311d72bf2f87" xmlns="http://microsoft.com/schemas/VisualStudio/TeamTest/2010">
      <TestCategory>
        <TestCategoryItem TestCategory="Unit" />
      </TestCategory>
      <Execution id="7a8f2f07-f4f1-4242-8230-6de8e1f3b6c6" />
      <TestMethod codeBase="c:\Repos\Nucleus\Net.Libs\Framework\Eliassen.System.Tests\bin\Release\net8.0\Eliassen.System.Tests.dll" adapterTypeName="executor://mstestadapter/v2" className="Eliassen.System.Tests.Linq.Expressions.ExpressionTreeBuilderTests" name="GetFilterablePropertyNamesTest_TestTargetModel" />
    </UnitTest>
    <UnitTest name="GetSortablePropertyNamesTest_TestTargetModel" storage="c:\repos\nucleus\net.libs\framework\eliassen.system.tests\bin\release\net8.0\eliassen.system.tests.dll" id="f90f5d2f-9a6e-b4bc-022c-ce37e3e49a29" xmlns="http://microsoft.com/schemas/VisualStudio/TeamTest/2010">
      <TestCategory>
        <TestCategoryItem TestCategory="Unit" />
      </TestCategory>
      <Execution id="ea310317-9569-4a40-b916-74e4cc7a4048" />
      <TestMethod codeBase="c:\Repos\Nucleus\Net.Libs\Framework\Eliassen.System.Tests\bin\Release\net8.0\Eliassen.System.Tests.dll" adapterTypeName="executor://mstestadapter/v2" className="Eliassen.System.Tests.Linq.Expressions.ExpressionTreeBuilderTests" name="GetSortablePropertyNamesTest_TestTargetModel" />
    </UnitTest>
    <UnitTest name="GetResourceFromXmlAsyncTest" storage="c:\repos\nucleus\net.libs\framework\eliassen.system.tests\bin\release\net8.0\eliassen.system.tests.dll" id="3dc461cc-f900-b7f4-a669-e9cf3ad5e21f" xmlns="http://microsoft.com/schemas/VisualStudio/TeamTest/2010">
      <TestCategory>
        <TestCategoryItem TestCategory="Unit" />
      </TestCategory>
      <Execution id="e474d9ab-135f-45fa-8f72-2317ccb6fbd1" />
      <TestMethod codeBase="c:\Repos\Nucleus\Net.Libs\Framework\Eliassen.System.Tests\bin\Release\net8.0\Eliassen.System.Tests.dll" adapterTypeName="executor://mstestadapter/v2" className="Eliassen.System.Tests.Reflection.ResourceExtensionsTests" name="GetResourceFromXmlAsyncTest" />
    </UnitTest>
    <UnitTest name="DeserializeTest_Nullable ({&quot;Nullable&quot;:{&quot;$date&quot;:&quot;2023-07-05T14:16:32.2015217-04:00&quot;},&quot;Value&quot;:{&quot;$date&quot;:&quot;0001-01-01T00:00:00+00:00&quot;}},2023-07-05T14:16:32.2015217-04:00)" storage="c:\repos\nucleus\net.libs\framework\eliassen.system.tests\bin\release\net8.0\eliassen.system.tests.dll" id="926b3157-bee3-3ace-b6de-f2a9df622c6d" xmlns="http://microsoft.com/schemas/VisualStudio/TeamTest/2010">
      <TestCategory>
        <TestCategoryItem TestCategory="Unit" />
      </TestCategory>
      <Execution id="4786183b-48ff-4bce-aef2-49b876530cd8" />
      <TestMethod codeBase="c:\Repos\Nucleus\Net.Libs\Framework\Eliassen.System.Tests\bin\Release\net8.0\Eliassen.System.Tests.dll" adapterTypeName="executor://mstestadapter/v2" className="Eliassen.System.Tests.Text.Json.BsonDateConverterTests" name="DeserializeTest_Nullable" />
    </UnitTest>
    <UnitTest name="ExecuteByTest_Filter_Range_Bounds" storage="c:\repos\nucleus\net.libs\framework\eliassen.system.tests\bin\release\net8.0\eliassen.system.tests.dll" id="b8ce6298-5288-a9c6-3afb-62b35d380a81" xmlns="http://microsoft.com/schemas/VisualStudio/TeamTest/2010">
      <TestCategory>
        <TestCategoryItem TestCategory="Unit" />
      </TestCategory>
      <Execution id="7293583f-1ab5-4981-a81e-46aaa8392f93" />
      <TestMethod codeBase="c:\Repos\Nucleus\Net.Libs\Framework\Eliassen.System.Tests\bin\Release\net8.0\Eliassen.System.Tests.dll" adapterTypeName="executor://mstestadapter/v2" className="Eliassen.System.Tests.Linq.QueryableExtensionsTests" name="ExecuteByTest_Filter_Range_Bounds" />
    </UnitTest>
    <UnitTest name="VisitTest_EndsWith (Hello,lo,True)" storage="c:\repos\nucleus\net.libs\framework\eliassen.system.tests\bin\release\net8.0\eliassen.system.tests.dll" id="c3599795-8bf1-da30-66da-ee7de44c4074" xmlns="http://microsoft.com/schemas/VisualStudio/TeamTest/2010">
      <TestCategory>
        <TestCategoryItem TestCategory="Unit" />
      </TestCategory>
      <Execution id="6646f39f-77dd-44a9-a674-2322a81c1bc6" />
      <TestMethod codeBase="c:\Repos\Nucleus\Net.Libs\Framework\Eliassen.System.Tests\bin\Release\net8.0\Eliassen.System.Tests.dll" adapterTypeName="executor://mstestadapter/v2" className="Eliassen.System.Tests.Linq.Expressions.StringComparisonReplacementExpressionVisitorTests" name="VisitTest_EndsWith" />
    </UnitTest>
    <UnitTest name="GetResourceStreamTest_NotFound" storage="c:\repos\nucleus\net.libs\framework\eliassen.system.tests\bin\release\net8.0\eliassen.system.tests.dll" id="9576cb6d-ffa5-4a23-9c7a-c5c6b213d46b" xmlns="http://microsoft.com/schemas/VisualStudio/TeamTest/2010">
      <TestCategory>
        <TestCategoryItem TestCategory="Unit" />
      </TestCategory>
      <Execution id="f45bcf2d-9f67-4d97-aa93-6a92d7cc6fc6" />
      <TestMethod codeBase="c:\Repos\Nucleus\Net.Libs\Framework\Eliassen.System.Tests\bin\Release\net8.0\Eliassen.System.Tests.dll" adapterTypeName="executor://mstestadapter/v2" className="Eliassen.System.Tests.Reflection.ResourceExtensionsTests" name="GetResourceStreamTest_NotFound" />
    </UnitTest>
    <UnitTest name="VisitTest_EndsWith (Hello,Lo,True)" storage="c:\repos\nucleus\net.libs\framework\eliassen.system.tests\bin\release\net8.0\eliassen.system.tests.dll" id="d8d8a1a1-adc8-f6f3-d3ba-c826da19378d" xmlns="http://microsoft.com/schemas/VisualStudio/TeamTest/2010">
      <TestCategory>
        <TestCategoryItem TestCategory="Unit" />
      </TestCategory>
      <Execution id="0f799518-1a24-4693-9868-7a53b6500d60" />
      <TestMethod codeBase="c:\Repos\Nucleus\Net.Libs\Framework\Eliassen.System.Tests\bin\Release\net8.0\Eliassen.System.Tests.dll" adapterTypeName="executor://mstestadapter/v2" className="Eliassen.System.Tests.Linq.Expressions.StringComparisonReplacementExpressionVisitorTests" name="VisitTest_EndsWith" />
    </UnitTest>
    <UnitTest name="ToEnumTest (4,WithEnumValue)" storage="c:\repos\nucleus\net.libs\framework\eliassen.system.tests\bin\release\net8.0\eliassen.system.tests.dll" id="b98e3996-7a57-2553-4abf-fb122643f31e" xmlns="http://microsoft.com/schemas/VisualStudio/TeamTest/2010">
      <TestCategory>
        <TestCategoryItem TestCategory="Unit" />
      </TestCategory>
      <Execution id="aab9441a-69cf-4adc-9d5e-927ab1051741" />
      <TestMethod codeBase="c:\Repos\Nucleus\Net.Libs\Framework\Eliassen.System.Tests\bin\Release\net8.0\Eliassen.System.Tests.dll" adapterTypeName="executor://mstestadapter/v2" className="Eliassen.System.Tests.Reflection.EnumExtensionsTests" name="ToEnumTest" />
    </UnitTest>
    <UnitTest name="VisitTest_EndsWith (Hello,lO,True)" storage="c:\repos\nucleus\net.libs\framework\eliassen.system.tests\bin\release\net8.0\eliassen.system.tests.dll" id="a4cc6556-4b38-556d-d138-b0c8009279f3" xmlns="http://microsoft.com/schemas/VisualStudio/TeamTest/2010">
      <TestCategory>
        <TestCategoryItem TestCategory="Unit" />
      </TestCategory>
      <Execution id="d628a0c8-9528-4aa5-9be1-7c896c63318a" />
      <TestMethod codeBase="c:\Repos\Nucleus\Net.Libs\Framework\Eliassen.System.Tests\bin\Release\net8.0\Eliassen.System.Tests.dll" adapterTypeName="executor://mstestadapter/v2" className="Eliassen.System.Tests.Linq.Expressions.StringComparisonReplacementExpressionVisitorTests" name="VisitTest_EndsWith" />
    </UnitTest>
    <UnitTest name="VisitTest_Equals (Hello,,False)" storage="c:\repos\nucleus\net.libs\framework\eliassen.system.tests\bin\release\net8.0\eliassen.system.tests.dll" id="47e6ed14-b917-99ad-5b18-0068efac17a3" xmlns="http://microsoft.com/schemas/VisualStudio/TeamTest/2010">
      <TestCategory>
        <TestCategoryItem TestCategory="Unit" />
      </TestCategory>
      <Execution id="5c90b148-647c-48a8-8f44-22777601293b" />
      <TestMethod codeBase="c:\Repos\Nucleus\Net.Libs\Framework\Eliassen.System.Tests\bin\Release\net8.0\Eliassen.System.Tests.dll" adapterTypeName="executor://mstestadapter/v2" className="Eliassen.System.Tests.Linq.Expressions.SkipInstanceMethodOnNullExpressionVisitorTests" name="VisitTest_Equals" />
    </UnitTest>
    <UnitTest name="GetResourceFromJsonAsyncTest" storage="c:\repos\nucleus\net.libs\framework\eliassen.system.tests\bin\release\net8.0\eliassen.system.tests.dll" id="f664882a-a952-a76f-bc8f-fcf0578ff20f" xmlns="http://microsoft.com/schemas/VisualStudio/TeamTest/2010">
      <TestCategory>
        <TestCategoryItem TestCategory="Unit" />
      </TestCategory>
      <Execution id="3dac6cb9-ec91-477a-bd6c-834ab722a0bb" />
      <TestMethod codeBase="c:\Repos\Nucleus\Net.Libs\Framework\Eliassen.System.Tests\bin\Release\net8.0\Eliassen.System.Tests.dll" adapterTypeName="executor://mstestadapter/v2" className="Eliassen.System.Tests.Reflection.ResourceExtensionsTests" name="GetResourceFromJsonAsyncTest" />
    </UnitTest>
    <UnitTest name="DeserializeTest_Value ({&quot;Nullable&quot;:null,&quot;Value&quot;:{&quot;$date&quot;:&quot;2023-07-05T14:17:05.2315812-04:00&quot;}},2023-07-05T14:17:05.2315812-04:00)" storage="c:\repos\nucleus\net.libs\framework\eliassen.system.tests\bin\release\net8.0\eliassen.system.tests.dll" id="1410527d-0c96-dadb-f7e7-8873031591f5" xmlns="http://microsoft.com/schemas/VisualStudio/TeamTest/2010">
      <TestCategory>
        <TestCategoryItem TestCategory="Unit" />
      </TestCategory>
      <Execution id="308750ef-ae85-4ce8-a8ee-5ecfbee95ecf" />
      <TestMethod codeBase="c:\Repos\Nucleus\Net.Libs\Framework\Eliassen.System.Tests\bin\Release\net8.0\Eliassen.System.Tests.dll" adapterTypeName="executor://mstestadapter/v2" className="Eliassen.System.Tests.Text.Json.BsonDateConverterTests" name="DeserializeTest_Value" />
    </UnitTest>
    <UnitTest name="ToEnumTest (Val2|Val1,Val1, Val2)" storage="c:\repos\nucleus\net.libs\framework\eliassen.system.tests\bin\release\net8.0\eliassen.system.tests.dll" id="9b540bb1-ae17-7eac-3c61-74d42cb389dc" xmlns="http://microsoft.com/schemas/VisualStudio/TeamTest/2010">
      <TestCategory>
        <TestCategoryItem TestCategory="Unit" />
      </TestCategory>
      <Execution id="b9ec9a7f-7e95-4f91-ba62-fd78f33a5a25" />
      <TestMethod codeBase="c:\Repos\Nucleus\Net.Libs\Framework\Eliassen.System.Tests\bin\Release\net8.0\Eliassen.System.Tests.dll" adapterTypeName="executor://mstestadapter/v2" className="Eliassen.System.Tests.Reflection.EnumExtensionsTests" name="ToEnumTest" />
    </UnitTest>
    <UnitTest name="ToEnumTest (1,Val1)" storage="c:\repos\nucleus\net.libs\framework\eliassen.system.tests\bin\release\net8.0\eliassen.system.tests.dll" id="9b499371-3d81-4de1-39e7-a6dc89eba13c" xmlns="http://microsoft.com/schemas/VisualStudio/TeamTest/2010">
      <TestCategory>
        <TestCategoryItem TestCategory="Unit" />
      </TestCategory>
      <Execution id="06bacd91-3d8c-41fb-a569-85165ad9d5d1" />
      <TestMethod codeBase="c:\Repos\Nucleus\Net.Libs\Framework\Eliassen.System.Tests\bin\Release\net8.0\Eliassen.System.Tests.dll" adapterTypeName="executor://mstestadapter/v2" className="Eliassen.System.Tests.Reflection.EnumExtensionsTests" name="ToEnumTest" />
    </UnitTest>
    <UnitTest name="ExecuteByTest_Page (1,-1,,,,1000,)" storage="c:\repos\nucleus\net.libs\framework\eliassen.system.tests\bin\release\net8.0\eliassen.system.tests.dll" id="c2c5d20e-1a87-0e89-b840-4da7e6550d8e" xmlns="http://microsoft.com/schemas/VisualStudio/TeamTest/2010">
      <TestCategory>
        <TestCategoryItem TestCategory="Unit" />
      </TestCategory>
      <Execution id="7cb57f60-95ca-4d24-b1c2-dc5834bf939d" />
      <TestMethod codeBase="c:\Repos\Nucleus\Net.Libs\Framework\Eliassen.System.Tests\bin\Release\net8.0\Eliassen.System.Tests.dll" adapterTypeName="executor://mstestadapter/v2" className="Eliassen.System.Tests.Linq.QueryableExtensionsTests" name="ExecuteByTest_Page" />
    </UnitTest>
    <UnitTest name="ExecuteByTest_SearchTerm" storage="c:\repos\nucleus\net.libs\framework\eliassen.system.tests\bin\release\net8.0\eliassen.system.tests.dll" id="f5306a38-7e9d-ad71-73c6-1c694342dc21" xmlns="http://microsoft.com/schemas/VisualStudio/TeamTest/2010">
      <TestCategory>
        <TestCategoryItem TestCategory="Unit" />
      </TestCategory>
      <Execution id="ce98bc8d-7de7-47cd-b4b8-390155fb2a95" />
      <TestMethod codeBase="c:\Repos\Nucleus\Net.Libs\Framework\Eliassen.System.Tests\bin\Release\net8.0\Eliassen.System.Tests.dll" adapterTypeName="executor://mstestadapter/v2" className="Eliassen.System.Tests.Linq.QueryableExtensionsTests" name="ExecuteByTest_SearchTerm" />
    </UnitTest>
    <UnitTest name="ToEnumTest (name,WithEnumValue)" storage="c:\repos\nucleus\net.libs\framework\eliassen.system.tests\bin\release\net8.0\eliassen.system.tests.dll" id="f2a03440-0376-07fe-a63b-c5dbc1c51d9d" xmlns="http://microsoft.com/schemas/VisualStudio/TeamTest/2010">
      <TestCategory>
        <TestCategoryItem TestCategory="Unit" />
      </TestCategory>
      <Execution id="a218778c-792b-4183-ab9f-29d79035ca06" />
      <TestMethod codeBase="c:\Repos\Nucleus\Net.Libs\Framework\Eliassen.System.Tests\bin\Release\net8.0\Eliassen.System.Tests.dll" adapterTypeName="executor://mstestadapter/v2" className="Eliassen.System.Tests.Reflection.EnumExtensionsTests" name="ToEnumTest" />
    </UnitTest>
    <UnitTest name="VisitTest_Contains (Hello,EL,True)" storage="c:\repos\nucleus\net.libs\framework\eliassen.system.tests\bin\release\net8.0\eliassen.system.tests.dll" id="4c8eceef-7f0a-45c8-d030-0b823248b815" xmlns="http://microsoft.com/schemas/VisualStudio/TeamTest/2010">
      <TestCategory>
        <TestCategoryItem TestCategory="Unit" />
      </TestCategory>
      <Execution id="35c27693-f062-4579-890c-a21843a61b82" />
      <TestMethod codeBase="c:\Repos\Nucleus\Net.Libs\Framework\Eliassen.System.Tests\bin\Release\net8.0\Eliassen.System.Tests.dll" adapterTypeName="executor://mstestadapter/v2" className="Eliassen.System.Tests.Linq.Expressions.StringComparisonReplacementExpressionVisitorTests" name="VisitTest_Contains" />
    </UnitTest>
    <UnitTest name="GetResourceAsStringAsyncTest" storage="c:\repos\nucleus\net.libs\framework\eliassen.system.tests\bin\release\net8.0\eliassen.system.tests.dll" id="c32d9ec7-cf3f-0b90-7da7-80e3553b5fe6" xmlns="http://microsoft.com/schemas/VisualStudio/TeamTest/2010">
      <TestCategory>
        <TestCategoryItem TestCategory="Unit" />
      </TestCategory>
      <Execution id="d99ceea9-b631-4045-b503-465d09a875b0" />
      <TestMethod codeBase="c:\Repos\Nucleus\Net.Libs\Framework\Eliassen.System.Tests\bin\Release\net8.0\Eliassen.System.Tests.dll" adapterTypeName="executor://mstestadapter/v2" className="Eliassen.System.Tests.Reflection.ResourceExtensionsTests" name="GetResourceAsStringAsyncTest" />
    </UnitTest>
    <UnitTest name="VisitTest_StartsWith (Hello,He,True)" storage="c:\repos\nucleus\net.libs\framework\eliassen.system.tests\bin\release\net8.0\eliassen.system.tests.dll" id="5adbf889-f6cc-6aad-7fc3-6b99d44bef4c" xmlns="http://microsoft.com/schemas/VisualStudio/TeamTest/2010">
      <TestCategory>
        <TestCategoryItem TestCategory="Unit" />
      </TestCategory>
      <Execution id="fceb09fb-b9b3-4827-9b93-5b4f6c6473ae" />
      <TestMethod codeBase="c:\Repos\Nucleus\Net.Libs\Framework\Eliassen.System.Tests\bin\Release\net8.0\Eliassen.System.Tests.dll" adapterTypeName="executor://mstestadapter/v2" className="Eliassen.System.Tests.Linq.Expressions.StringComparisonReplacementExpressionVisitorTests" name="VisitTest_StartsWith" />
    </UnitTest>
    <UnitTest name="VisitTest_Equals (Hello,HeLlO,True)" storage="c:\repos\nucleus\net.libs\framework\eliassen.system.tests\bin\release\net8.0\eliassen.system.tests.dll" id="4ba16b26-1543-65b7-5999-fbd5f1c9af2e" xmlns="http://microsoft.com/schemas/VisualStudio/TeamTest/2010">
      <TestCategory>
        <TestCategoryItem TestCategory="Unit" />
      </TestCategory>
      <Execution id="7280854a-0e6a-4edd-995b-2fd3ba5bd35e" />
      <TestMethod codeBase="c:\Repos\Nucleus\Net.Libs\Framework\Eliassen.System.Tests\bin\Release\net8.0\Eliassen.System.Tests.dll" adapterTypeName="executor://mstestadapter/v2" className="Eliassen.System.Tests.Linq.Expressions.StringComparisonReplacementExpressionVisitorTests" name="VisitTest_Equals" />
    </UnitTest>
    <UnitTest name="GetHash (hello world,uU0nuZNNPgilLlLX2n2r+sSE7+N6U4DukIj3rOLvzek=)" storage="c:\repos\nucleus\net.libs\framework\eliassen.system.tests\bin\release\net8.0\eliassen.system.tests.dll" id="e72dc3eb-3aa5-dc4a-4345-13e88f385e6f" xmlns="http://microsoft.com/schemas/VisualStudio/TeamTest/2010">
      <TestCategory>
        <TestCategoryItem TestCategory="Unit" />
      </TestCategory>
      <Execution id="c77ea756-f595-40f7-8f3c-d695e2655158" />
      <TestMethod codeBase="c:\Repos\Nucleus\Net.Libs\Framework\Eliassen.System.Tests\bin\Release\net8.0\Eliassen.System.Tests.dll" adapterTypeName="executor://mstestadapter/v2" className="Eliassen.System.Tests.Security.Cryptography.Sha256HashTests" name="GetHash" />
    </UnitTest>
    <UnitTest name="GetSortablePropertyNamesTest_TestTarget2Model" storage="c:\repos\nucleus\net.libs\framework\eliassen.system.tests\bin\release\net8.0\eliassen.system.tests.dll" id="f3dca1bb-5884-67f2-50ab-603f9fbc49dc" xmlns="http://microsoft.com/schemas/VisualStudio/TeamTest/2010">
      <TestCategory>
        <TestCategoryItem TestCategory="Unit" />
      </TestCategory>
      <Execution id="49065855-cb7b-4ea4-bff1-ddde3d24d241" />
      <TestMethod codeBase="c:\Repos\Nucleus\Net.Libs\Framework\Eliassen.System.Tests\bin\Release\net8.0\Eliassen.System.Tests.dll" adapterTypeName="executor://mstestadapter/v2" className="Eliassen.System.Tests.Linq.Expressions.ExpressionTreeBuilderTests" name="GetSortablePropertyNamesTest_TestTarget2Model" />
    </UnitTest>
    <UnitTest name="VisitTest_Equals (Hello,hello,False)" storage="c:\repos\nucleus\net.libs\framework\eliassen.system.tests\bin\release\net8.0\eliassen.system.tests.dll" id="78dc4ca6-14d8-0c1a-ad29-6d2f53293760" xmlns="http://microsoft.com/schemas/VisualStudio/TeamTest/2010">
      <TestCategory>
        <TestCategoryItem TestCategory="Unit" />
      </TestCategory>
      <Execution id="6b0183bd-dabd-46fa-97db-8cf4403b21a9" />
      <TestMethod codeBase="c:\Repos\Nucleus\Net.Libs\Framework\Eliassen.System.Tests\bin\Release\net8.0\Eliassen.System.Tests.dll" adapterTypeName="executor://mstestadapter/v2" className="Eliassen.System.Tests.Linq.Expressions.SkipInstanceMethodOnNullExpressionVisitorTests" name="VisitTest_Equals" />
    </UnitTest>
    <UnitTest name="DeserializeTest_Value ({&quot;Nullable&quot;:{&quot;$date&quot;:&quot;2023-07-05T14:16:32.2015217-04:00&quot;},&quot;Value&quot;:{&quot;$date&quot;:&quot;0001-01-01T00:00:00+00:00&quot;}},0001-01-01T00:00:00+00:00)" storage="c:\repos\nucleus\net.libs\framework\eliassen.system.tests\bin\release\net8.0\eliassen.system.tests.dll" id="256bd52f-eccc-f32c-0e34-b0f4b03b83cc" xmlns="http://microsoft.com/schemas/VisualStudio/TeamTest/2010">
      <TestCategory>
        <TestCategoryItem TestCategory="Unit" />
      </TestCategory>
      <Execution id="94c4c653-cfc8-40c1-b1ae-cff9ed2bfe8b" />
      <TestMethod codeBase="c:\Repos\Nucleus\Net.Libs\Framework\Eliassen.System.Tests\bin\Release\net8.0\Eliassen.System.Tests.dll" adapterTypeName="executor://mstestadapter/v2" className="Eliassen.System.Tests.Text.Json.BsonDateConverterTests" name="DeserializeTest_Value" />
    </UnitTest>
    <UnitTest name="SerializeTest_IConfigurationSection" storage="c:\repos\nucleus\net.libs\framework\eliassen.system.tests\bin\release\net8.0\eliassen.system.tests.dll" id="b3e2a372-55ce-d9ad-4987-01272bc32a33" xmlns="http://microsoft.com/schemas/VisualStudio/TeamTest/2010">
      <TestCategory>
        <TestCategoryItem TestCategory="Unit" />
      </TestCategory>
      <Execution id="e168bc29-b9ef-4b6f-8a86-7327d176afc0" />
      <TestMethod codeBase="c:\Repos\Nucleus\Net.Libs\Framework\Eliassen.System.Tests\bin\Release\net8.0\Eliassen.System.Tests.dll" adapterTypeName="executor://mstestadapter/v2" className="Eliassen.System.Tests.Text.Json.Serialization.DefaultJsonSerializerTests" name="SerializeTest_IConfigurationSection" />
    </UnitTest>
    <UnitTest name="VisitTest_EqualOperator (Hello,hello,True)" storage="c:\repos\nucleus\net.libs\framework\eliassen.system.tests\bin\release\net8.0\eliassen.system.tests.dll" id="61f88788-2c55-84c0-718f-430b9d9da684" xmlns="http://microsoft.com/schemas/VisualStudio/TeamTest/2010">
      <TestCategory>
        <TestCategoryItem TestCategory="Unit" />
      </TestCategory>
      <Execution id="a4f2e3e0-5d6a-4054-b782-51136742580d" />
      <TestMethod codeBase="c:\Repos\Nucleus\Net.Libs\Framework\Eliassen.System.Tests\bin\Release\net8.0\Eliassen.System.Tests.dll" adapterTypeName="executor://mstestadapter/v2" className="Eliassen.System.Tests.Linq.Expressions.StringComparisonReplacementExpressionVisitorTests" name="VisitTest_EqualOperator" />
    </UnitTest>
    <UnitTest name="VisitTest_Contains (Hello,eL,True)" storage="c:\repos\nucleus\net.libs\framework\eliassen.system.tests\bin\release\net8.0\eliassen.system.tests.dll" id="ab0f8867-b8d1-22b7-3b78-2eab4da93098" xmlns="http://microsoft.com/schemas/VisualStudio/TeamTest/2010">
      <TestCategory>
        <TestCategoryItem TestCategory="Unit" />
      </TestCategory>
      <Execution id="ad432919-47dc-432a-984c-bcb578be8b4f" />
      <TestMethod codeBase="c:\Repos\Nucleus\Net.Libs\Framework\Eliassen.System.Tests\bin\Release\net8.0\Eliassen.System.Tests.dll" adapterTypeName="executor://mstestadapter/v2" className="Eliassen.System.Tests.Linq.Expressions.StringComparisonReplacementExpressionVisitorTests" name="VisitTest_Contains" />
    </UnitTest>
    <UnitTest name="ToEnumTest (-1,-1)" storage="c:\repos\nucleus\net.libs\framework\eliassen.system.tests\bin\release\net8.0\eliassen.system.tests.dll" id="6a1b107a-2dfe-3696-4879-97b5e75031c8" xmlns="http://microsoft.com/schemas/VisualStudio/TeamTest/2010">
      <TestCategory>
        <TestCategoryItem TestCategory="Unit" />
      </TestCategory>
      <Execution id="cb43a410-fec2-47b7-8226-02e7b25dcd6a" />
      <TestMethod codeBase="c:\Repos\Nucleus\Net.Libs\Framework\Eliassen.System.Tests\bin\Release\net8.0\Eliassen.System.Tests.dll" adapterTypeName="executor://mstestadapter/v2" className="Eliassen.System.Tests.Reflection.EnumExtensionsTests" name="ToEnumTest" />
    </UnitTest>
    <UnitTest name="VisitTest_EndsWith (Hello,LO,True)" storage="c:\repos\nucleus\net.libs\framework\eliassen.system.tests\bin\release\net8.0\eliassen.system.tests.dll" id="5b534773-a7de-3872-277f-efb65d408d74" xmlns="http://microsoft.com/schemas/VisualStudio/TeamTest/2010">
      <TestCategory>
        <TestCategoryItem TestCategory="Unit" />
      </TestCategory>
      <Execution id="f193c85b-0772-4474-b62b-7b99613f2c57" />
      <TestMethod codeBase="c:\Repos\Nucleus\Net.Libs\Framework\Eliassen.System.Tests\bin\Release\net8.0\Eliassen.System.Tests.dll" adapterTypeName="executor://mstestadapter/v2" className="Eliassen.System.Tests.Linq.Expressions.StringComparisonReplacementExpressionVisitorTests" name="VisitTest_EndsWith" />
    </UnitTest>
    <UnitTest name="VisitTest_EqualOperator (Hello,HeLlO,True)" storage="c:\repos\nucleus\net.libs\framework\eliassen.system.tests\bin\release\net8.0\eliassen.system.tests.dll" id="2bfed98c-f04b-a9c6-9b30-1a4a12b04bd4" xmlns="http://microsoft.com/schemas/VisualStudio/TeamTest/2010">
      <TestCategory>
        <TestCategoryItem TestCategory="Unit" />
      </TestCategory>
      <Execution id="70d282e8-7eb2-4254-bc83-560451ec9655" />
      <TestMethod codeBase="c:\Repos\Nucleus\Net.Libs\Framework\Eliassen.System.Tests\bin\Release\net8.0\Eliassen.System.Tests.dll" adapterTypeName="executor://mstestadapter/v2" className="Eliassen.System.Tests.Linq.Expressions.StringComparisonReplacementExpressionVisitorTests" name="VisitTest_EqualOperator" />
    </UnitTest>
    <UnitTest name="ExecuteByTest_Sort (NAME,Descending,999,998,997,996,995,994,993,992,991,990)" storage="c:\repos\nucleus\net.libs\framework\eliassen.system.tests\bin\release\net8.0\eliassen.system.tests.dll" id="4dbe9543-b09b-17ff-b897-ea7ab7b131d7" xmlns="http://microsoft.com/schemas/VisualStudio/TeamTest/2010">
      <TestCategory>
        <TestCategoryItem TestCategory="Unit" />
      </TestCategory>
      <Execution id="0aea11b8-84d8-4c6b-8d23-ecd0c763f7e9" />
      <TestMethod codeBase="c:\Repos\Nucleus\Net.Libs\Framework\Eliassen.System.Tests\bin\Release\net8.0\Eliassen.System.Tests.dll" adapterTypeName="executor://mstestadapter/v2" className="Eliassen.System.Tests.Linq.QueryableExtensionsTests" name="ExecuteByTest_Sort" />
    </UnitTest>
    <UnitTest name="GetSearchablePropertyNames_TestTargetModel" storage="c:\repos\nucleus\net.libs\framework\eliassen.system.tests\bin\release\net8.0\eliassen.system.tests.dll" id="9c016915-9649-a737-5d1d-30f1b46f0f52" xmlns="http://microsoft.com/schemas/VisualStudio/TeamTest/2010">
      <TestCategory>
        <TestCategoryItem TestCategory="Unit" />
      </TestCategory>
      <Execution id="35c6814e-e371-43d4-9a9f-2c069c5b66ce" />
      <TestMethod codeBase="c:\Repos\Nucleus\Net.Libs\Framework\Eliassen.System.Tests\bin\Release\net8.0\Eliassen.System.Tests.dll" adapterTypeName="executor://mstestadapter/v2" className="Eliassen.System.Tests.Linq.Expressions.ExpressionTreeBuilderTests" name="GetSearchablePropertyNames_TestTargetModel" />
    </UnitTest>
    <UnitTest name="ExecuteByTest_Page (0,0,100,1000,0,10,0,1,2,3,4,5,6,7,8,9)" storage="c:\repos\nucleus\net.libs\framework\eliassen.system.tests\bin\release\net8.0\eliassen.system.tests.dll" id="70a7d239-30af-99d8-26bc-eb06ced4f854" xmlns="http://microsoft.com/schemas/VisualStudio/TeamTest/2010">
      <TestCategory>
        <TestCategoryItem TestCategory="Unit" />
      </TestCategory>
      <Execution id="0ec62bcf-8b94-40ae-ad5f-2ffdf3acb074" />
      <TestMethod codeBase="c:\Repos\Nucleus\Net.Libs\Framework\Eliassen.System.Tests\bin\Release\net8.0\Eliassen.System.Tests.dll" adapterTypeName="executor://mstestadapter/v2" className="Eliassen.System.Tests.Linq.QueryableExtensionsTests" name="ExecuteByTest_Page" />
    </UnitTest>
    <UnitTest name="ToEnumTest (test description,WithDescription)" storage="c:\repos\nucleus\net.libs\framework\eliassen.system.tests\bin\release\net8.0\eliassen.system.tests.dll" id="a3f03b01-d34d-ff82-25a2-0a34018179c7" xmlns="http://microsoft.com/schemas/VisualStudio/TeamTest/2010">
      <TestCategory>
        <TestCategoryItem TestCategory="Unit" />
      </TestCategory>
      <Execution id="e9c57b4a-0a59-4f4c-8225-3b8e7b42f765" />
      <TestMethod codeBase="c:\Repos\Nucleus\Net.Libs\Framework\Eliassen.System.Tests\bin\Release\net8.0\Eliassen.System.Tests.dll" adapterTypeName="executor://mstestadapter/v2" className="Eliassen.System.Tests.Reflection.EnumExtensionsTests" name="ToEnumTest" />
    </UnitTest>
    <UnitTest name="GetHash (Hello World!,hhhE1nBOhXP+w02WfiC8/vPUJM9IvgTm3AjyvVjHKXQzcQFerYkcw88cnTS0kmS1EHUbH/nlN5N7xGtdb/TsyA==)" storage="c:\repos\nucleus\net.libs\framework\eliassen.system.tests\bin\release\net8.0\eliassen.system.tests.dll" id="a7d78227-c63c-3e96-292c-bbd5ac9217f2" xmlns="http://microsoft.com/schemas/VisualStudio/TeamTest/2010">
      <TestCategory>
        <TestCategoryItem TestCategory="Unit" />
      </TestCategory>
      <Execution id="fef95121-e018-45ae-9353-7cd2e9ec803c" />
      <TestMethod codeBase="c:\Repos\Nucleus\Net.Libs\Framework\Eliassen.System.Tests\bin\Release\net8.0\Eliassen.System.Tests.dll" adapterTypeName="executor://mstestadapter/v2" className="Eliassen.System.Tests.Security.Cryptography.Sha512HashTests" name="GetHash" />
    </UnitTest>
    <UnitTest name="ExecuteByTest_Page (0,1,1000,1000,0,1,0)" storage="c:\repos\nucleus\net.libs\framework\eliassen.system.tests\bin\release\net8.0\eliassen.system.tests.dll" id="39cb097d-2ac2-473c-1a2c-0b1503361457" xmlns="http://microsoft.com/schemas/VisualStudio/TeamTest/2010">
      <TestCategory>
        <TestCategoryItem TestCategory="Unit" />
      </TestCategory>
      <Execution id="b866a0cc-2f9e-4ada-8b48-750a73de1708" />
      <TestMethod codeBase="c:\Repos\Nucleus\Net.Libs\Framework\Eliassen.System.Tests\bin\Release\net8.0\Eliassen.System.Tests.dll" adapterTypeName="executor://mstestadapter/v2" className="Eliassen.System.Tests.Linq.QueryableExtensionsTests" name="ExecuteByTest_Page" />
    </UnitTest>
    <UnitTest name="VisitTest_Equals (Hello,HELLO,True)" storage="c:\repos\nucleus\net.libs\framework\eliassen.system.tests\bin\release\net8.0\eliassen.system.tests.dll" id="cde968fd-b220-e483-e127-75958f75b2b3" xmlns="http://microsoft.com/schemas/VisualStudio/TeamTest/2010">
      <TestCategory>
        <TestCategoryItem TestCategory="Unit" />
      </TestCategory>
      <Execution id="1a6f9f6f-fc31-49a1-bb84-8c48530ae9bd" />
      <TestMethod codeBase="c:\Repos\Nucleus\Net.Libs\Framework\Eliassen.System.Tests\bin\Release\net8.0\Eliassen.System.Tests.dll" adapterTypeName="executor://mstestadapter/v2" className="Eliassen.System.Tests.Linq.Expressions.StringComparisonReplacementExpressionVisitorTests" name="VisitTest_Equals" />
    </UnitTest>
    <UnitTest name="GetShortTypeNameTests" storage="c:\repos\nucleus\net.libs\framework\eliassen.system.tests\bin\release\net8.0\eliassen.system.tests.dll" id="67b6a854-1fe4-5528-77d6-501bd90b9a20" xmlns="http://microsoft.com/schemas/VisualStudio/TeamTest/2010">
      <TestCategory>
        <TestCategoryItem TestCategory="Unit" />
      </TestCategory>
      <Execution id="bc44136c-b62a-48db-ace7-82e1352ba245" />
      <TestMethod codeBase="c:\Repos\Nucleus\Net.Libs\Framework\Eliassen.System.Tests\bin\Release\net8.0\Eliassen.System.Tests.dll" adapterTypeName="executor://mstestadapter/v2" className="Eliassen.System.Tests.Reflection.ReflectionExtensionsTests" name="GetShortTypeNameTests" />
    </UnitTest>
    <UnitTest name="GetResourceStreamTest_ByType" storage="c:\repos\nucleus\net.libs\framework\eliassen.system.tests\bin\release\net8.0\eliassen.system.tests.dll" id="63fad722-7037-7050-fa28-b32ff1a4ec2f" xmlns="http://microsoft.com/schemas/VisualStudio/TeamTest/2010">
      <TestCategory>
        <TestCategoryItem TestCategory="Unit" />
      </TestCategory>
      <Execution id="9517b9da-f160-4475-be86-844032bad020" />
      <TestMethod codeBase="c:\Repos\Nucleus\Net.Libs\Framework\Eliassen.System.Tests\bin\Release\net8.0\Eliassen.System.Tests.dll" adapterTypeName="executor://mstestadapter/v2" className="Eliassen.System.Tests.Reflection.ResourceExtensionsTests" name="GetResourceStreamTest_ByType" />
    </UnitTest>
    <UnitTest name="ToEnumTest (test display,WithDisplay)" storage="c:\repos\nucleus\net.libs\framework\eliassen.system.tests\bin\release\net8.0\eliassen.system.tests.dll" id="38ea670b-dab3-e76c-4456-b085aea47bcf" xmlns="http://microsoft.com/schemas/VisualStudio/TeamTest/2010">
      <TestCategory>
        <TestCategoryItem TestCategory="Unit" />
      </TestCategory>
      <Execution id="17709dbf-73bd-4eb7-8775-5457cc7baefe" />
      <TestMethod codeBase="c:\Repos\Nucleus\Net.Libs\Framework\Eliassen.System.Tests\bin\Release\net8.0\Eliassen.System.Tests.dll" adapterTypeName="executor://mstestadapter/v2" className="Eliassen.System.Tests.Reflection.EnumExtensionsTests" name="ToEnumTest" />
    </UnitTest>
    <UnitTest name="GetTestDataAsyncTest_String" storage="c:\repos\nucleus\net.libs\framework\eliassen.testutilities.tests\bin\release\net8.0\eliassen.testutilities.tests.dll" id="5bb4fd62-5d31-f92e-3aec-4b3c222ba16c" xmlns="http://microsoft.com/schemas/VisualStudio/TeamTest/2010">
      <TestCategory>
        <TestCategoryItem TestCategory="Unit" />
      </TestCategory>
      <Execution id="0a02babf-a0da-43ed-80d7-308a646ee947" />
      <TestMethod codeBase="c:\Repos\Nucleus\Net.Libs\Framework\Eliassen.TestUtilities.Tests\bin\Release\net8.0\Eliassen.TestUtilities.Tests.dll" adapterTypeName="executor://mstestadapter/v2" className="Eliassen.TestUtilities.Tests.TextContextExtensionsTests" name="GetTestDataAsyncTest_String" />
    </UnitTest>
    <UnitTest name="AddResultFileTest_FileContent" storage="c:\repos\nucleus\net.libs\framework\eliassen.testutilities.tests\bin\release\net8.0\eliassen.testutilities.tests.dll" id="4173abf6-6eee-31f5-7205-ad46c7104d49" xmlns="http://microsoft.com/schemas/VisualStudio/TeamTest/2010">
      <TestCategory>
        <TestCategoryItem TestCategory="Unit" />
      </TestCategory>
      <Execution id="51f9daf1-774e-4c2c-8abe-ea906fa2b2e3" />
      <TestMethod codeBase="c:\Repos\Nucleus\Net.Libs\Framework\Eliassen.TestUtilities.Tests\bin\Release\net8.0\Eliassen.TestUtilities.Tests.dll" adapterTypeName="executor://mstestadapter/v2" className="Eliassen.TestUtilities.Tests.TextContextExtensionsTests" name="AddResultFileTest_FileContent" />
    </UnitTest>
    <UnitTest name="AddResultTest_Stream" storage="c:\repos\nucleus\net.libs\framework\eliassen.testutilities.tests\bin\release\net8.0\eliassen.testutilities.tests.dll" id="bb6d8621-db33-2366-8e82-a87beebdef19" xmlns="http://microsoft.com/schemas/VisualStudio/TeamTest/2010">
      <TestCategory>
        <TestCategoryItem TestCategory="Unit" />
      </TestCategory>
      <Execution id="68a07887-0ac6-4395-8871-9b82f90675a9" />
      <TestMethod codeBase="c:\Repos\Nucleus\Net.Libs\Framework\Eliassen.TestUtilities.Tests\bin\Release\net8.0\Eliassen.TestUtilities.Tests.dll" adapterTypeName="executor://mstestadapter/v2" className="Eliassen.TestUtilities.Tests.TextContextExtensionsTests" name="AddResultTest_Stream" />
    </UnitTest>
    <UnitTest name="AddResultTest_Object" storage="c:\repos\nucleus\net.libs\framework\eliassen.testutilities.tests\bin\release\net8.0\eliassen.testutilities.tests.dll" id="419ef0dc-c4eb-bdc4-db64-68fe0fa43397" xmlns="http://microsoft.com/schemas/VisualStudio/TeamTest/2010">
      <TestCategory>
        <TestCategoryItem TestCategory="Unit" />
      </TestCategory>
      <Execution id="00bc5092-27c3-450b-9e2d-d7dad6bee2e7" />
      <TestMethod codeBase="c:\Repos\Nucleus\Net.Libs\Framework\Eliassen.TestUtilities.Tests\bin\Release\net8.0\Eliassen.TestUtilities.Tests.dll" adapterTypeName="executor://mstestadapter/v2" className="Eliassen.TestUtilities.Tests.TextContextExtensionsTests" name="AddResultTest_Object" />
    </UnitTest>
    <UnitTest name="AddResultTest_Object_WithFileNameRemoveExtension" storage="c:\repos\nucleus\net.libs\framework\eliassen.testutilities.tests\bin\release\net8.0\eliassen.testutilities.tests.dll" id="94603f64-5739-e688-dcfd-6687308b4a9a" xmlns="http://microsoft.com/schemas/VisualStudio/TeamTest/2010">
      <TestCategory>
        <TestCategoryItem TestCategory="Unit" />
      </TestCategory>
      <Execution id="2b36b23f-378e-4cd9-b9f9-344305070c12" />
      <TestMethod codeBase="c:\Repos\Nucleus\Net.Libs\Framework\Eliassen.TestUtilities.Tests\bin\Release\net8.0\Eliassen.TestUtilities.Tests.dll" adapterTypeName="executor://mstestadapter/v2" className="Eliassen.TestUtilities.Tests.TextContextExtensionsTests" name="AddResultTest_Object_WithFileNameRemoveExtension" />
    </UnitTest>
    <UnitTest name="AddResultFileTest_FileContentOutFile" storage="c:\repos\nucleus\net.libs\framework\eliassen.testutilities.tests\bin\release\net8.0\eliassen.testutilities.tests.dll" id="726abc2c-502d-4a5c-e2c7-073f21d793da" xmlns="http://microsoft.com/schemas/VisualStudio/TeamTest/2010">
      <TestCategory>
        <TestCategoryItem TestCategory="Unit" />
      </TestCategory>
      <Execution id="00c32b4a-b724-4b50-b93e-ca6a885c9995" />
      <TestMethod codeBase="c:\Repos\Nucleus\Net.Libs\Framework\Eliassen.TestUtilities.Tests\bin\Release\net8.0\Eliassen.TestUtilities.Tests.dll" adapterTypeName="executor://mstestadapter/v2" className="Eliassen.TestUtilities.Tests.TextContextExtensionsTests" name="AddResultFileTest_FileContentOutFile" />
    </UnitTest>
    <UnitTest name="GetTestDataAsyncTest_Stream" storage="c:\repos\nucleus\net.libs\framework\eliassen.testutilities.tests\bin\release\net8.0\eliassen.testutilities.tests.dll" id="09f85366-159b-5dce-cdaa-bbbd3e98347c" xmlns="http://microsoft.com/schemas/VisualStudio/TeamTest/2010">
      <TestCategory>
        <TestCategoryItem TestCategory="Unit" />
      </TestCategory>
      <Execution id="e407646a-1c5c-4a37-a0f7-8620d7d620ec" />
      <TestMethod codeBase="c:\Repos\Nucleus\Net.Libs\Framework\Eliassen.TestUtilities.Tests\bin\Release\net8.0\Eliassen.TestUtilities.Tests.dll" adapterTypeName="executor://mstestadapter/v2" className="Eliassen.TestUtilities.Tests.TextContextExtensionsTests" name="GetTestDataAsyncTest_Stream" />
    </UnitTest>
    <UnitTest name="AddResultTest_ValueOutFile" storage="c:\repos\nucleus\net.libs\framework\eliassen.testutilities.tests\bin\release\net8.0\eliassen.testutilities.tests.dll" id="35da343a-5826-ac4c-688a-c2bbf7572a30" xmlns="http://microsoft.com/schemas/VisualStudio/TeamTest/2010">
      <TestCategory>
        <TestCategoryItem TestCategory="Unit" />
      </TestCategory>
      <Execution id="8d11bf38-8230-4b52-9949-632bd71906cb" />
      <TestMethod codeBase="c:\Repos\Nucleus\Net.Libs\Framework\Eliassen.TestUtilities.Tests\bin\Release\net8.0\Eliassen.TestUtilities.Tests.dll" adapterTypeName="executor://mstestadapter/v2" className="Eliassen.TestUtilities.Tests.TextContextExtensionsTests" name="AddResultTest_ValueOutFile" />
    </UnitTest>
    <UnitTest name="AddResultTest_String" storage="c:\repos\nucleus\net.libs\framework\eliassen.testutilities.tests\bin\release\net8.0\eliassen.testutilities.tests.dll" id="de980556-11bb-d6e9-c03a-e5592a3218d5" xmlns="http://microsoft.com/schemas/VisualStudio/TeamTest/2010">
      <TestCategory>
        <TestCategoryItem TestCategory="Unit" />
      </TestCategory>
      <Execution id="4c70d766-3f64-4b33-be20-b301aef984fd" />
      <TestMethod codeBase="c:\Repos\Nucleus\Net.Libs\Framework\Eliassen.TestUtilities.Tests\bin\Release\net8.0\Eliassen.TestUtilities.Tests.dll" adapterTypeName="executor://mstestadapter/v2" className="Eliassen.TestUtilities.Tests.TextContextExtensionsTests" name="AddResultTest_String" />
    </UnitTest>
    <UnitTest name="AddResultTest_Object_WithFileNameAndChangeExtension" storage="c:\repos\nucleus\net.libs\framework\eliassen.testutilities.tests\bin\release\net8.0\eliassen.testutilities.tests.dll" id="6e40d08d-5283-ed81-5042-cf4b25b8a9b0" xmlns="http://microsoft.com/schemas/VisualStudio/TeamTest/2010">
      <TestCategory>
        <TestCategoryItem TestCategory="Unit" />
      </TestCategory>
      <Execution id="d6c5ad20-f418-44ad-a0ac-301f42d67a59" />
      <TestMethod codeBase="c:\Repos\Nucleus\Net.Libs\Framework\Eliassen.TestUtilities.Tests\bin\Release\net8.0\Eliassen.TestUtilities.Tests.dll" adapterTypeName="executor://mstestadapter/v2" className="Eliassen.TestUtilities.Tests.TextContextExtensionsTests" name="AddResultTest_Object_WithFileNameAndChangeExtension" />
    </UnitTest>
    <UnitTest name="AddResultTest_Lines" storage="c:\repos\nucleus\net.libs\framework\eliassen.testutilities.tests\bin\release\net8.0\eliassen.testutilities.tests.dll" id="ed2eb3a8-9a8f-8428-0d0a-7e6a2f6200e2" xmlns="http://microsoft.com/schemas/VisualStudio/TeamTest/2010">
      <TestCategory>
        <TestCategoryItem TestCategory="Unit" />
      </TestCategory>
      <Execution id="bdadeff2-d86f-429b-bfca-8868876b0664" />
      <TestMethod codeBase="c:\Repos\Nucleus\Net.Libs\Framework\Eliassen.TestUtilities.Tests\bin\Release\net8.0\Eliassen.TestUtilities.Tests.dll" adapterTypeName="executor://mstestadapter/v2" className="Eliassen.TestUtilities.Tests.TextContextExtensionsTests" name="AddResultTest_Lines" />
    </UnitTest>
    <UnitTest name="AddResultTest_Json" storage="c:\repos\nucleus\net.libs\framework\eliassen.testutilities.tests\bin\release\net8.0\eliassen.testutilities.tests.dll" id="8aec3498-0c1a-9091-2458-51d1c67933bf" xmlns="http://microsoft.com/schemas/VisualStudio/TeamTest/2010">
      <TestCategory>
        <TestCategoryItem TestCategory="Unit" />
      </TestCategory>
      <Execution id="95d8a9d4-cc87-4389-a2a6-dc43ad2f76bf" />
      <TestMethod codeBase="c:\Repos\Nucleus\Net.Libs\Framework\Eliassen.TestUtilities.Tests\bin\Release\net8.0\Eliassen.TestUtilities.Tests.dll" adapterTypeName="executor://mstestadapter/v2" className="Eliassen.TestUtilities.Tests.TextContextExtensionsTests" name="AddResultTest_Json" />
    </UnitTest>
    <UnitTest name="GetTestDataAsyncTest_Targeted" storage="c:\repos\nucleus\net.libs\framework\eliassen.testutilities.tests\bin\release\net8.0\eliassen.testutilities.tests.dll" id="01e51d56-c992-5e2d-f6ea-cf3f1977a589" xmlns="http://microsoft.com/schemas/VisualStudio/TeamTest/2010">
      <TestCategory>
        <TestCategoryItem TestCategory="Unit" />
      </TestCategory>
      <Execution id="61e5e211-e150-4f97-b7f0-cc6b68c86a76" />
      <TestMethod codeBase="c:\Repos\Nucleus\Net.Libs\Framework\Eliassen.TestUtilities.Tests\bin\Release\net8.0\Eliassen.TestUtilities.Tests.dll" adapterTypeName="executor://mstestadapter/v2" className="Eliassen.TestUtilities.Tests.TextContextExtensionsTests" name="GetTestDataAsyncTest_Targeted" />
    </UnitTest>
    <UnitTest name="AddResultTest_Object_WithFileNameNoExtension" storage="c:\repos\nucleus\net.libs\framework\eliassen.testutilities.tests\bin\release\net8.0\eliassen.testutilities.tests.dll" id="4756cbfe-51aa-abcc-147f-e97a51057db5" xmlns="http://microsoft.com/schemas/VisualStudio/TeamTest/2010">
      <TestCategory>
        <TestCategoryItem TestCategory="Unit" />
      </TestCategory>
      <Execution id="11154eda-0a1c-476d-bfdd-37fc0396f78f" />
      <TestMethod codeBase="c:\Repos\Nucleus\Net.Libs\Framework\Eliassen.TestUtilities.Tests\bin\Release\net8.0\Eliassen.TestUtilities.Tests.dll" adapterTypeName="executor://mstestadapter/v2" className="Eliassen.TestUtilities.Tests.TextContextExtensionsTests" name="AddResultTest_Object_WithFileNameNoExtension" />
    </UnitTest>
    <UnitTest name="AddResultTest_Object_WithFileNameAndExtension" storage="c:\repos\nucleus\net.libs\framework\eliassen.testutilities.tests\bin\release\net8.0\eliassen.testutilities.tests.dll" id="bfc7f80f-e281-5816-dc57-387e099d2a10" xmlns="http://microsoft.com/schemas/VisualStudio/TeamTest/2010">
      <TestCategory>
        <TestCategoryItem TestCategory="Unit" />
      </TestCategory>
      <Execution id="60f2f8c4-358a-418d-b8f9-84f322f270eb" />
      <TestMethod codeBase="c:\Repos\Nucleus\Net.Libs\Framework\Eliassen.TestUtilities.Tests\bin\Release\net8.0\Eliassen.TestUtilities.Tests.dll" adapterTypeName="executor://mstestadapter/v2" className="Eliassen.TestUtilities.Tests.TextContextExtensionsTests" name="AddResultTest_Object_WithFileNameAndExtension" />
    </UnitTest>
    <UnitTest name="GetTestDataAsyncTest" storage="c:\repos\nucleus\net.libs\framework\eliassen.testutilities.tests\bin\release\net8.0\eliassen.testutilities.tests.dll" id="b14f6909-8be4-5d0a-1d4e-766cb1e4abd6" xmlns="http://microsoft.com/schemas/VisualStudio/TeamTest/2010">
      <TestCategory>
        <TestCategoryItem TestCategory="Unit" />
      </TestCategory>
      <Execution id="d9bcf9c2-a8d8-4384-be4e-42e7b644154a" />
      <TestMethod codeBase="c:\Repos\Nucleus\Net.Libs\Framework\Eliassen.TestUtilities.Tests\bin\Release\net8.0\Eliassen.TestUtilities.Tests.dll" adapterTypeName="executor://mstestadapter/v2" className="Eliassen.TestUtilities.Tests.TextContextExtensionsTests" name="GetTestDataAsyncTest" />
    </UnitTest>
    <UnitTest name="SendAsyncTest_Error" storage="c:\repos\nucleus\net.libs\framework\eliassen.messagequeueing.tests\bin\release\net8.0\eliassen.messagequeueing.tests.dll" id="e5454c02-b359-b78c-7c37-b5f0f590b608" xmlns="http://microsoft.com/schemas/VisualStudio/TeamTest/2010">
      <TestCategory>
        <TestCategoryItem TestCategory="Simulate" />
      </TestCategory>
      <Execution id="111c090a-b7e6-46fc-b0d5-123f3cf40b68" />
      <TestMethod codeBase="c:\Repos\Nucleus\Net.Libs\Framework\Eliassen.MessageQueueing.Tests\bin\Release\net8.0\Eliassen.MessageQueueing.Tests.dll" adapterTypeName="executor://mstestadapter/v2" className="Eliassen.MessageQueueing.Tests.MessageSenderTests" name="SendAsyncTest_Error" />
    </UnitTest>
    <UnitTest name="SendAsyncTest_ByFullType" storage="c:\repos\nucleus\net.libs\framework\eliassen.messagequeueing.tests\bin\release\net8.0\eliassen.messagequeueing.tests.dll" id="b64dc215-d1b4-1f14-fa25-4d622e2e9f2e" xmlns="http://microsoft.com/schemas/VisualStudio/TeamTest/2010">
      <TestCategory>
        <TestCategoryItem TestCategory="Simulate" />
      </TestCategory>
      <Execution id="0d1ddd28-c50a-4dd7-a8ce-183274f76db9" />
      <TestMethod codeBase="c:\Repos\Nucleus\Net.Libs\Framework\Eliassen.MessageQueueing.Tests\bin\Release\net8.0\Eliassen.MessageQueueing.Tests.dll" adapterTypeName="executor://mstestadapter/v2" className="Eliassen.MessageQueueing.Tests.MessageSenderTests" name="SendAsyncTest_ByFullType" />
    </UnitTest>
    <UnitTest name="SendAsyncTest_ByKeyed" storage="c:\repos\nucleus\net.libs\framework\eliassen.messagequeueing.tests\bin\release\net8.0\eliassen.messagequeueing.tests.dll" id="dbc55b57-382b-82eb-3acf-abef72ee15cc" xmlns="http://microsoft.com/schemas/VisualStudio/TeamTest/2010">
      <TestCategory>
        <TestCategoryItem TestCategory="Simulate" />
      </TestCategory>
      <Execution id="61f8ea84-31f8-44d1-8211-92d720f974ad" />
      <TestMethod codeBase="c:\Repos\Nucleus\Net.Libs\Framework\Eliassen.MessageQueueing.Tests\bin\Release\net8.0\Eliassen.MessageQueueing.Tests.dll" adapterTypeName="executor://mstestadapter/v2" className="Eliassen.MessageQueueing.Tests.MessageSenderTests" name="SendAsyncTest_ByKeyed" />
    </UnitTest>
    <UnitTest name="ToEnumTest (test display,WithDisplay)" storage="c:\repos\nucleus\net.libs\framework\eliassen.system.tests\bin\release\net8.0\eliassen.system.tests.dll" id="1e4ed14b-2ef0-3f9d-4f20-3ca8c8f7b464" xmlns="http://microsoft.com/schemas/VisualStudio/TeamTest/2010">
      <TestCategory>
        <TestCategoryItem TestCategory="Unit" />
      </TestCategory>
      <Execution id="7b276eb5-23ca-49a7-bd0c-2bbd03a60f34" />
      <TestMethod codeBase="c:\Repos\Nucleus\Net.Libs\Framework\Eliassen.System.Tests\bin\Release\net8.0\Eliassen.System.Tests.dll" adapterTypeName="executor://mstestadapter/v2" className="Eliassen.System.Tests.Reflection.EnumExtensionsTests" name="ToEnumTest" />
    </UnitTest>
    <UnitTest name="ToEnumTest (name2,WithMemberName)" storage="c:\repos\nucleus\net.libs\framework\eliassen.system.tests\bin\release\net8.0\eliassen.system.tests.dll" id="24774874-1df7-77de-7655-bbafea74832a" xmlns="http://microsoft.com/schemas/VisualStudio/TeamTest/2010">
      <TestCategory>
        <TestCategoryItem TestCategory="Unit" />
      </TestCategory>
      <Execution id="b98f6f8e-cb48-4e78-898d-e9cce2a0acdf" />
      <TestMethod codeBase="c:\Repos\Nucleus\Net.Libs\Framework\Eliassen.System.Tests\bin\Release\net8.0\Eliassen.System.Tests.dll" adapterTypeName="executor://mstestadapter/v2" className="Eliassen.System.Tests.Reflection.EnumExtensionsTests" name="ToEnumTest" />
    </UnitTest>
    <UnitTest name="ExecuteByTest_Sort (NAME,Descending,999,998,997,996,995,994,993,992,991,990)" storage="c:\repos\nucleus\net.libs\framework\eliassen.system.tests\bin\release\net8.0\eliassen.system.tests.dll" id="dbb46bd7-84ef-1bcc-6faf-71781bc1e5e4" xmlns="http://microsoft.com/schemas/VisualStudio/TeamTest/2010">
      <TestCategory>
        <TestCategoryItem TestCategory="Unit" />
      </TestCategory>
      <Execution id="777644e2-2bad-4e09-8110-a69a467714e3" />
      <TestMethod codeBase="c:\Repos\Nucleus\Net.Libs\Framework\Eliassen.System.Tests\bin\Release\net8.0\Eliassen.System.Tests.dll" adapterTypeName="executor://mstestadapter/v2" className="Eliassen.System.Tests.Linq.QueryableExtensionsTests" name="ExecuteByTest_Sort" />
    </UnitTest>
    <UnitTest name="ToEnumTest (Val2|Val1,Val1, Val2)" storage="c:\repos\nucleus\net.libs\framework\eliassen.system.tests\bin\release\net8.0\eliassen.system.tests.dll" id="f598f4b2-0d84-3c92-1941-6f70c8135fc3" xmlns="http://microsoft.com/schemas/VisualStudio/TeamTest/2010">
      <TestCategory>
        <TestCategoryItem TestCategory="Unit" />
      </TestCategory>
      <Execution id="7f53ade6-19a8-44de-b247-bba205aa7ab8" />
      <TestMethod codeBase="c:\Repos\Nucleus\Net.Libs\Framework\Eliassen.System.Tests\bin\Release\net8.0\Eliassen.System.Tests.dll" adapterTypeName="executor://mstestadapter/v2" className="Eliassen.System.Tests.Reflection.EnumExtensionsTests" name="ToEnumTest" />
    </UnitTest>
    <UnitTest name="ToEnumTest (Val2 ,Val1,Val1, Val2)" storage="c:\repos\nucleus\net.libs\framework\eliassen.system.tests\bin\release\net8.0\eliassen.system.tests.dll" id="42569814-6b98-2a32-42fe-9c7bdada1d9f" xmlns="http://microsoft.com/schemas/VisualStudio/TeamTest/2010">
      <TestCategory>
        <TestCategoryItem TestCategory="Unit" />
      </TestCategory>
      <Execution id="3868b830-d20d-4555-90ab-88771d7181f4" />
      <TestMethod codeBase="c:\Repos\Nucleus\Net.Libs\Framework\Eliassen.System.Tests\bin\Release\net8.0\Eliassen.System.Tests.dll" adapterTypeName="executor://mstestadapter/v2" className="Eliassen.System.Tests.Reflection.EnumExtensionsTests" name="ToEnumTest" />
    </UnitTest>
    <UnitTest name="ToEnumTest (test description,WithDescription)" storage="c:\repos\nucleus\net.libs\framework\eliassen.system.tests\bin\release\net8.0\eliassen.system.tests.dll" id="1b9e3bb4-64d4-a320-5b86-dba72457e6ef" xmlns="http://microsoft.com/schemas/VisualStudio/TeamTest/2010">
      <TestCategory>
        <TestCategoryItem TestCategory="Unit" />
      </TestCategory>
      <Execution id="3e45784f-8aa5-45ec-8e9d-e7dee9cbc6a7" />
      <TestMethod codeBase="c:\Repos\Nucleus\Net.Libs\Framework\Eliassen.System.Tests\bin\Release\net8.0\Eliassen.System.Tests.dll" adapterTypeName="executor://mstestadapter/v2" className="Eliassen.System.Tests.Reflection.EnumExtensionsTests" name="ToEnumTest" />
    </UnitTest>
    <UnitTest name="ToEnumTest (Val2,Val2)" storage="c:\repos\nucleus\net.libs\framework\eliassen.system.tests\bin\release\net8.0\eliassen.system.tests.dll" id="63948805-297b-3757-4e75-2314b4468263" xmlns="http://microsoft.com/schemas/VisualStudio/TeamTest/2010">
      <TestCategory>
        <TestCategoryItem TestCategory="Unit" />
      </TestCategory>
      <Execution id="bcc38f67-3fbf-48fe-8300-5845228e2539" />
      <TestMethod codeBase="c:\Repos\Nucleus\Net.Libs\Framework\Eliassen.System.Tests\bin\Release\net8.0\Eliassen.System.Tests.dll" adapterTypeName="executor://mstestadapter/v2" className="Eliassen.System.Tests.Reflection.EnumExtensionsTests" name="ToEnumTest" />
    </UnitTest>
    <UnitTest name="ToEnumTest (1,Val1)" storage="c:\repos\nucleus\net.libs\framework\eliassen.system.tests\bin\release\net8.0\eliassen.system.tests.dll" id="3db5564a-09b3-d658-c0e0-9f86c81bd8c6" xmlns="http://microsoft.com/schemas/VisualStudio/TeamTest/2010">
      <TestCategory>
        <TestCategoryItem TestCategory="Unit" />
      </TestCategory>
      <Execution id="098d335e-0285-4a1a-b011-05891c3ef236" />
      <TestMethod codeBase="c:\Repos\Nucleus\Net.Libs\Framework\Eliassen.System.Tests\bin\Release\net8.0\Eliassen.System.Tests.dll" adapterTypeName="executor://mstestadapter/v2" className="Eliassen.System.Tests.Reflection.EnumExtensionsTests" name="ToEnumTest" />
    </UnitTest>
    <UnitTest name="ExecuteByTest_Sort (Name,Descending,999,998,997,996,995,994,993,992,991,990)" storage="c:\repos\nucleus\net.libs\framework\eliassen.system.tests\bin\release\net8.0\eliassen.system.tests.dll" id="251289aa-a607-e006-c914-e09b39f52c99" xmlns="http://microsoft.com/schemas/VisualStudio/TeamTest/2010">
      <TestCategory>
        <TestCategoryItem TestCategory="Unit" />
      </TestCategory>
      <Execution id="b04ad560-229c-43df-8574-e282b0f10f3e" />
      <TestMethod codeBase="c:\Repos\Nucleus\Net.Libs\Framework\Eliassen.System.Tests\bin\Release\net8.0\Eliassen.System.Tests.dll" adapterTypeName="executor://mstestadapter/v2" className="Eliassen.System.Tests.Linq.QueryableExtensionsTests" name="ExecuteByTest_Sort" />
    </UnitTest>
    <UnitTest name="ToEnumTest (Val2 , Val1,Val1, Val2)" storage="c:\repos\nucleus\net.libs\framework\eliassen.system.tests\bin\release\net8.0\eliassen.system.tests.dll" id="33a234b4-5b0c-8ae4-c739-6e7b62145768" xmlns="http://microsoft.com/schemas/VisualStudio/TeamTest/2010">
      <TestCategory>
        <TestCategoryItem TestCategory="Unit" />
      </TestCategory>
      <Execution id="a0485825-cccf-47db-bae6-54d5845eb83d" />
      <TestMethod codeBase="c:\Repos\Nucleus\Net.Libs\Framework\Eliassen.System.Tests\bin\Release\net8.0\Eliassen.System.Tests.dll" adapterTypeName="executor://mstestadapter/v2" className="Eliassen.System.Tests.Reflection.EnumExtensionsTests" name="ToEnumTest" />
    </UnitTest>
    <UnitTest name="ExecuteByTest_Sort (name,Descending,999,998,997,996,995,994,993,992,991,990)" storage="c:\repos\nucleus\net.libs\framework\eliassen.system.tests\bin\release\net8.0\eliassen.system.tests.dll" id="40025f8c-33a3-86dc-40ea-c26da3d7c94a" xmlns="http://microsoft.com/schemas/VisualStudio/TeamTest/2010">
      <TestCategory>
        <TestCategoryItem TestCategory="Unit" />
      </TestCategory>
      <Execution id="da5b63e4-869a-4ae8-8631-489401670a49" />
      <TestMethod codeBase="c:\Repos\Nucleus\Net.Libs\Framework\Eliassen.System.Tests\bin\Release\net8.0\Eliassen.System.Tests.dll" adapterTypeName="executor://mstestadapter/v2" className="Eliassen.System.Tests.Linq.QueryableExtensionsTests" name="ExecuteByTest_Sort" />
    </UnitTest>
    <UnitTest name="ToEnumTest (2,Val2)" storage="c:\repos\nucleus\net.libs\framework\eliassen.system.tests\bin\release\net8.0\eliassen.system.tests.dll" id="23c81040-d5d6-0e65-6245-2fe212879616" xmlns="http://microsoft.com/schemas/VisualStudio/TeamTest/2010">
      <TestCategory>
        <TestCategoryItem TestCategory="Unit" />
      </TestCategory>
      <Execution id="56de7c87-b435-45ba-9fec-a5486a322ef9" />
      <TestMethod codeBase="c:\Repos\Nucleus\Net.Libs\Framework\Eliassen.System.Tests\bin\Release\net8.0\Eliassen.System.Tests.dll" adapterTypeName="executor://mstestadapter/v2" className="Eliassen.System.Tests.Reflection.EnumExtensionsTests" name="ToEnumTest" />
    </UnitTest>
    <UnitTest name="ToEnumTest (Val1,Val1)" storage="c:\repos\nucleus\net.libs\framework\eliassen.system.tests\bin\release\net8.0\eliassen.system.tests.dll" id="61e785a3-6dc7-7a65-ecf9-a0b14d187326" xmlns="http://microsoft.com/schemas/VisualStudio/TeamTest/2010">
      <TestCategory>
        <TestCategoryItem TestCategory="Unit" />
      </TestCategory>
      <Execution id="f846c275-908f-46a7-8c47-d4a6d177a0a0" />
      <TestMethod codeBase="c:\Repos\Nucleus\Net.Libs\Framework\Eliassen.System.Tests\bin\Release\net8.0\Eliassen.System.Tests.dll" adapterTypeName="executor://mstestadapter/v2" className="Eliassen.System.Tests.Reflection.EnumExtensionsTests" name="ToEnumTest" />
    </UnitTest>
    <UnitTest name="ExecuteByTest_Sort (Name,Ascending,0,1,10,100,101,102,103,104,105,106)" storage="c:\repos\nucleus\net.libs\framework\eliassen.system.tests\bin\release\net8.0\eliassen.system.tests.dll" id="513d11fc-67fa-6f75-0d1b-3a56ad265509" xmlns="http://microsoft.com/schemas/VisualStudio/TeamTest/2010">
      <TestCategory>
        <TestCategoryItem TestCategory="Unit" />
      </TestCategory>
      <Execution id="93049846-0e4c-40a7-acf7-ce6fc8503eed" />
      <TestMethod codeBase="c:\Repos\Nucleus\Net.Libs\Framework\Eliassen.System.Tests\bin\Release\net8.0\Eliassen.System.Tests.dll" adapterTypeName="executor://mstestadapter/v2" className="Eliassen.System.Tests.Linq.QueryableExtensionsTests" name="ExecuteByTest_Sort" />
    </UnitTest>
    <UnitTest name="ToEnumTest (name,WithEnumValue)" storage="c:\repos\nucleus\net.libs\framework\eliassen.system.tests\bin\release\net8.0\eliassen.system.tests.dll" id="26371a34-e095-ac3b-cdb6-58031708ffda" xmlns="http://microsoft.com/schemas/VisualStudio/TeamTest/2010">
      <TestCategory>
        <TestCategoryItem TestCategory="Unit" />
      </TestCategory>
      <Execution id="fe59102a-0ea6-4c96-ab22-101751c8704e" />
      <TestMethod codeBase="c:\Repos\Nucleus\Net.Libs\Framework\Eliassen.System.Tests\bin\Release\net8.0\Eliassen.System.Tests.dll" adapterTypeName="executor://mstestadapter/v2" className="Eliassen.System.Tests.Reflection.EnumExtensionsTests" name="ToEnumTest" />
    </UnitTest>
    <UnitTest name="ToEnumTest (0,Val0)" storage="c:\repos\nucleus\net.libs\framework\eliassen.system.tests\bin\release\net8.0\eliassen.system.tests.dll" id="10eeac77-be98-5314-e134-5e07fee4201b" xmlns="http://microsoft.com/schemas/VisualStudio/TeamTest/2010">
      <TestCategory>
        <TestCategoryItem TestCategory="Unit" />
      </TestCategory>
      <Execution id="490a9566-0239-4950-859a-3fbb47f0337b" />
      <TestMethod codeBase="c:\Repos\Nucleus\Net.Libs\Framework\Eliassen.System.Tests\bin\Release\net8.0\Eliassen.System.Tests.dll" adapterTypeName="executor://mstestadapter/v2" className="Eliassen.System.Tests.Reflection.EnumExtensionsTests" name="ToEnumTest" />
    </UnitTest>
    <UnitTest name="ToEnumTest (Val2,Val1,Val1, Val2)" storage="c:\repos\nucleus\net.libs\framework\eliassen.system.tests\bin\release\net8.0\eliassen.system.tests.dll" id="af3880ac-68f4-36b7-1968-58204ada5522" xmlns="http://microsoft.com/schemas/VisualStudio/TeamTest/2010">
      <TestCategory>
        <TestCategoryItem TestCategory="Unit" />
      </TestCategory>
      <Execution id="7f96ca09-f357-4a0e-b997-f3e15554c49f" />
      <TestMethod codeBase="c:\Repos\Nucleus\Net.Libs\Framework\Eliassen.System.Tests\bin\Release\net8.0\Eliassen.System.Tests.dll" adapterTypeName="executor://mstestadapter/v2" className="Eliassen.System.Tests.Reflection.EnumExtensionsTests" name="ToEnumTest" />
    </UnitTest>
    <UnitTest name="ToEnumTest (name,name2|test name,WithEnumValue, WithMemberName, WithDisplay)" storage="c:\repos\nucleus\net.libs\framework\eliassen.system.tests\bin\release\net8.0\eliassen.system.tests.dll" id="87efccdd-521d-8651-4344-aecbb535b39d" xmlns="http://microsoft.com/schemas/VisualStudio/TeamTest/2010">
      <TestCategory>
        <TestCategoryItem TestCategory="Unit" />
      </TestCategory>
      <Execution id="7b4a3668-9b31-4333-814b-dace85e2b147" />
      <TestMethod codeBase="c:\Repos\Nucleus\Net.Libs\Framework\Eliassen.System.Tests\bin\Release\net8.0\Eliassen.System.Tests.dll" adapterTypeName="executor://mstestadapter/v2" className="Eliassen.System.Tests.Reflection.EnumExtensionsTests" name="ToEnumTest" />
    </UnitTest>
    <UnitTest name="ToEnumTest (Val2, Val1,Val1, Val2)" storage="c:\repos\nucleus\net.libs\framework\eliassen.system.tests\bin\release\net8.0\eliassen.system.tests.dll" id="edb23b8d-5f7e-d2bb-ce76-f187b30ebb61" xmlns="http://microsoft.com/schemas/VisualStudio/TeamTest/2010">
      <TestCategory>
        <TestCategoryItem TestCategory="Unit" />
      </TestCategory>
      <Execution id="33e3c99f-ce66-428e-a5ee-f4029c8f7f90" />
      <TestMethod codeBase="c:\Repos\Nucleus\Net.Libs\Framework\Eliassen.System.Tests\bin\Release\net8.0\Eliassen.System.Tests.dll" adapterTypeName="executor://mstestadapter/v2" className="Eliassen.System.Tests.Reflection.EnumExtensionsTests" name="ToEnumTest" />
    </UnitTest>
    <UnitTest name="ToEnumTest (4,WithEnumValue)" storage="c:\repos\nucleus\net.libs\framework\eliassen.system.tests\bin\release\net8.0\eliassen.system.tests.dll" id="a5c8e016-d4ea-30ed-fbf3-890ea331078c" xmlns="http://microsoft.com/schemas/VisualStudio/TeamTest/2010">
      <TestCategory>
        <TestCategoryItem TestCategory="Unit" />
      </TestCategory>
      <Execution id="677b28b1-08af-4e47-a4a2-3dbbf0216084" />
      <TestMethod codeBase="c:\Repos\Nucleus\Net.Libs\Framework\Eliassen.System.Tests\bin\Release\net8.0\Eliassen.System.Tests.dll" adapterTypeName="executor://mstestadapter/v2" className="Eliassen.System.Tests.Reflection.EnumExtensionsTests" name="ToEnumTest" />
    </UnitTest>
    <UnitTest name="ToEnumTest (3,Val1, Val2)" storage="c:\repos\nucleus\net.libs\framework\eliassen.system.tests\bin\release\net8.0\eliassen.system.tests.dll" id="c3d96c67-b7eb-8271-8b2c-35176b8a900c" xmlns="http://microsoft.com/schemas/VisualStudio/TeamTest/2010">
      <TestCategory>
        <TestCategoryItem TestCategory="Unit" />
      </TestCategory>
      <Execution id="07afe965-009d-4726-b88b-21d8b8c445c2" />
      <TestMethod codeBase="c:\Repos\Nucleus\Net.Libs\Framework\Eliassen.System.Tests\bin\Release\net8.0\Eliassen.System.Tests.dll" adapterTypeName="executor://mstestadapter/v2" className="Eliassen.System.Tests.Reflection.EnumExtensionsTests" name="ToEnumTest" />
    </UnitTest>
    <UnitTest name="ToEnumTest (test short,WithDisplay)" storage="c:\repos\nucleus\net.libs\framework\eliassen.system.tests\bin\release\net8.0\eliassen.system.tests.dll" id="831e2631-9a37-4b0a-2e4e-453da32f04e1" xmlns="http://microsoft.com/schemas/VisualStudio/TeamTest/2010">
      <TestCategory>
        <TestCategoryItem TestCategory="Unit" />
      </TestCategory>
      <Execution id="378daa48-3111-4891-abee-660d6da9e12d" />
      <TestMethod codeBase="c:\Repos\Nucleus\Net.Libs\Framework\Eliassen.System.Tests\bin\Release\net8.0\Eliassen.System.Tests.dll" adapterTypeName="executor://mstestadapter/v2" className="Eliassen.System.Tests.Reflection.EnumExtensionsTests" name="ToEnumTest" />
    </UnitTest>
    <UnitTest name="ToEnumTest (-1,-1)" storage="c:\repos\nucleus\net.libs\framework\eliassen.system.tests\bin\release\net8.0\eliassen.system.tests.dll" id="4ce80adc-85b2-94de-76f3-cc28367202bc" xmlns="http://microsoft.com/schemas/VisualStudio/TeamTest/2010">
      <TestCategory>
        <TestCategoryItem TestCategory="Unit" />
      </TestCategory>
      <Execution id="43943c71-7c92-433b-80c5-8e1007f4383f" />
      <TestMethod codeBase="c:\Repos\Nucleus\Net.Libs\Framework\Eliassen.System.Tests\bin\Release\net8.0\Eliassen.System.Tests.dll" adapterTypeName="executor://mstestadapter/v2" className="Eliassen.System.Tests.Reflection.EnumExtensionsTests" name="ToEnumTest" />
    </UnitTest>
    <UnitTest name="ToEnumTest (test name,WithDisplay)" storage="c:\repos\nucleus\net.libs\framework\eliassen.system.tests\bin\release\net8.0\eliassen.system.tests.dll" id="f20600a2-9628-5de8-bbf6-315f97e16140" xmlns="http://microsoft.com/schemas/VisualStudio/TeamTest/2010">
      <TestCategory>
        <TestCategoryItem TestCategory="Unit" />
      </TestCategory>
      <Execution id="60b370f2-2338-42e6-8396-c30a1ee5c53a" />
      <TestMethod codeBase="c:\Repos\Nucleus\Net.Libs\Framework\Eliassen.System.Tests\bin\Release\net8.0\Eliassen.System.Tests.dll" adapterTypeName="executor://mstestadapter/v2" className="Eliassen.System.Tests.Reflection.EnumExtensionsTests" name="ToEnumTest" />
    </UnitTest>
    <UnitTest name="ToEnumTest (Val2,Val1,Val1, Val2)" storage="c:\repos\nucleus\net.libs\framework\eliassen.system.tests\bin\release\net8.0\eliassen.system.tests.dll" id="cafd6058-6aab-9d1f-69ad-4c9f56040de6" xmlns="http://microsoft.com/schemas/VisualStudio/TeamTest/2010">
      <TestCategory>
        <TestCategoryItem TestCategory="Unit" />
      </TestCategory>
      <Execution id="5af1b04b-35fe-47c9-9938-43d2648055a7" />
      <TestMethod codeBase="c:\Repos\Nucleus\Net.Libs\Framework\Eliassen.System.Tests\bin\Release\net8.0\Eliassen.System.Tests.dll" adapterTypeName="executor://mstestadapter/v2" className="Eliassen.System.Tests.Reflection.EnumExtensionsTests" name="ToEnumTest" />
    </UnitTest>
    <UnitTest name="ToEnumTest (Val2,Val2)" storage="c:\repos\nucleus\net.libs\framework\eliassen.system.tests\bin\release\net8.0\eliassen.system.tests.dll" id="2e0c9851-0485-aa3c-d24f-7fccd80074f4" xmlns="http://microsoft.com/schemas/VisualStudio/TeamTest/2010">
      <TestCategory>
        <TestCategoryItem TestCategory="Unit" />
      </TestCategory>
      <Execution id="a8a50ed7-efd8-443c-9e29-24d2caac2081" />
      <TestMethod codeBase="c:\Repos\Nucleus\Net.Libs\Framework\Eliassen.System.Tests\bin\Release\net8.0\Eliassen.System.Tests.dll" adapterTypeName="executor://mstestadapter/v2" className="Eliassen.System.Tests.Reflection.EnumExtensionsTests" name="ToEnumTest" />
    </UnitTest>
    <UnitTest name="ExecuteByTest_Sort (Name,Ascending,0,1,10,100,101,102,103,104,105,106)" storage="c:\repos\nucleus\net.libs\framework\eliassen.system.tests\bin\release\net8.0\eliassen.system.tests.dll" id="4bf38066-0bb2-757e-8a8e-3db6781b25d2" xmlns="http://microsoft.com/schemas/VisualStudio/TeamTest/2010">
      <TestCategory>
        <TestCategoryItem TestCategory="Unit" />
      </TestCategory>
      <Execution id="287d2aa0-5656-4896-9784-20b5e978a9b2" />
      <TestMethod codeBase="c:\Repos\Nucleus\Net.Libs\Framework\Eliassen.System.Tests\bin\Release\net8.0\Eliassen.System.Tests.dll" adapterTypeName="executor://mstestadapter/v2" className="Eliassen.System.Tests.Linq.QueryableExtensionsTests" name="ExecuteByTest_Sort" />
    </UnitTest>
    <UnitTest name="ToEnumTest (name2,WithMemberName)" storage="c:\repos\nucleus\net.libs\framework\eliassen.system.tests\bin\release\net8.0\eliassen.system.tests.dll" id="0f7e3e16-777a-5558-36e8-70ed511d8dc2" xmlns="http://microsoft.com/schemas/VisualStudio/TeamTest/2010">
      <TestCategory>
        <TestCategoryItem TestCategory="Unit" />
      </TestCategory>
      <Execution id="3fefcdcb-7f67-42a8-8dae-9f0b0986694b" />
      <TestMethod codeBase="c:\Repos\Nucleus\Net.Libs\Framework\Eliassen.System.Tests\bin\Release\net8.0\Eliassen.System.Tests.dll" adapterTypeName="executor://mstestadapter/v2" className="Eliassen.System.Tests.Reflection.EnumExtensionsTests" name="ToEnumTest" />
    </UnitTest>
    <UnitTest name="ToEnumTest (3,Val1, Val2)" storage="c:\repos\nucleus\net.libs\framework\eliassen.system.tests\bin\release\net8.0\eliassen.system.tests.dll" id="2b082eef-4fa9-3b0c-8d19-b1f036cc7147" xmlns="http://microsoft.com/schemas/VisualStudio/TeamTest/2010">
      <TestCategory>
        <TestCategoryItem TestCategory="Unit" />
      </TestCategory>
      <Execution id="2ff51e66-075d-4c06-ba9a-c3a71b177b7f" />
      <TestMethod codeBase="c:\Repos\Nucleus\Net.Libs\Framework\Eliassen.System.Tests\bin\Release\net8.0\Eliassen.System.Tests.dll" adapterTypeName="executor://mstestadapter/v2" className="Eliassen.System.Tests.Reflection.EnumExtensionsTests" name="ToEnumTest" />
    </UnitTest>
    <UnitTest name="ToEnumTest (Val2 , Val1,Val1, Val2)" storage="c:\repos\nucleus\net.libs\framework\eliassen.system.tests\bin\release\net8.0\eliassen.system.tests.dll" id="38e9a0c7-b39d-0746-cc04-b6b9aa4e3b7c" xmlns="http://microsoft.com/schemas/VisualStudio/TeamTest/2010">
      <TestCategory>
        <TestCategoryItem TestCategory="Unit" />
      </TestCategory>
      <Execution id="648d670a-358e-4778-98dd-39417ed22f2b" />
      <TestMethod codeBase="c:\Repos\Nucleus\Net.Libs\Framework\Eliassen.System.Tests\bin\Release\net8.0\Eliassen.System.Tests.dll" adapterTypeName="executor://mstestadapter/v2" className="Eliassen.System.Tests.Reflection.EnumExtensionsTests" name="ToEnumTest" />
    </UnitTest>
    <UnitTest name="ToEnumTest (test description,WithDescription)" storage="c:\repos\nucleus\net.libs\framework\eliassen.system.tests\bin\release\net8.0\eliassen.system.tests.dll" id="f78a8ff3-c0d0-976a-acb4-40a970430b93" xmlns="http://microsoft.com/schemas/VisualStudio/TeamTest/2010">
      <TestCategory>
        <TestCategoryItem TestCategory="Unit" />
      </TestCategory>
      <Execution id="4a59e6c9-f402-46bd-b724-6944832289f7" />
      <TestMethod codeBase="c:\Repos\Nucleus\Net.Libs\Framework\Eliassen.System.Tests\bin\Release\net8.0\Eliassen.System.Tests.dll" adapterTypeName="executor://mstestadapter/v2" className="Eliassen.System.Tests.Reflection.EnumExtensionsTests" name="ToEnumTest" />
    </UnitTest>
    <UnitTest name="ToEnumTest (Val2, Val1,Val1, Val2)" storage="c:\repos\nucleus\net.libs\framework\eliassen.system.tests\bin\release\net8.0\eliassen.system.tests.dll" id="a68de2ae-2056-64c2-a1d0-a4ade981516a" xmlns="http://microsoft.com/schemas/VisualStudio/TeamTest/2010">
      <TestCategory>
        <TestCategoryItem TestCategory="Unit" />
      </TestCategory>
      <Execution id="61d12989-822b-4d73-be78-422486850299" />
      <TestMethod codeBase="c:\Repos\Nucleus\Net.Libs\Framework\Eliassen.System.Tests\bin\Release\net8.0\Eliassen.System.Tests.dll" adapterTypeName="executor://mstestadapter/v2" className="Eliassen.System.Tests.Reflection.EnumExtensionsTests" name="ToEnumTest" />
    </UnitTest>
    <UnitTest name="ToEnumTest (name,WithEnumValue)" storage="c:\repos\nucleus\net.libs\framework\eliassen.system.tests\bin\release\net8.0\eliassen.system.tests.dll" id="84a71d2d-ba2d-93f8-5034-8f6c197225a9" xmlns="http://microsoft.com/schemas/VisualStudio/TeamTest/2010">
      <TestCategory>
        <TestCategoryItem TestCategory="Unit" />
      </TestCategory>
      <Execution id="e9f8bb44-a802-4273-90be-68f60cc17dff" />
      <TestMethod codeBase="c:\Repos\Nucleus\Net.Libs\Framework\Eliassen.System.Tests\bin\Release\net8.0\Eliassen.System.Tests.dll" adapterTypeName="executor://mstestadapter/v2" className="Eliassen.System.Tests.Reflection.EnumExtensionsTests" name="ToEnumTest" />
    </UnitTest>
    <UnitTest name="ToEnumTest (2,Val2)" storage="c:\repos\nucleus\net.libs\framework\eliassen.system.tests\bin\release\net8.0\eliassen.system.tests.dll" id="207e4065-88b5-ba27-1f76-4d0f0a098cde" xmlns="http://microsoft.com/schemas/VisualStudio/TeamTest/2010">
      <TestCategory>
        <TestCategoryItem TestCategory="Unit" />
      </TestCategory>
      <Execution id="803aae46-c639-4eae-9660-5080d08fc69a" />
      <TestMethod codeBase="c:\Repos\Nucleus\Net.Libs\Framework\Eliassen.System.Tests\bin\Release\net8.0\Eliassen.System.Tests.dll" adapterTypeName="executor://mstestadapter/v2" className="Eliassen.System.Tests.Reflection.EnumExtensionsTests" name="ToEnumTest" />
    </UnitTest>
    <UnitTest name="ExecuteByTest_Sort (NAME,Descending,999,998,997,996,995,994,993,992,991,990)" storage="c:\repos\nucleus\net.libs\framework\eliassen.system.tests\bin\release\net8.0\eliassen.system.tests.dll" id="97a142d5-b0a9-d9bf-03a6-736e4df75106" xmlns="http://microsoft.com/schemas/VisualStudio/TeamTest/2010">
      <TestCategory>
        <TestCategoryItem TestCategory="Unit" />
      </TestCategory>
      <Execution id="96ad9532-f80d-4940-89f7-ae4df20af570" />
      <TestMethod codeBase="c:\Repos\Nucleus\Net.Libs\Framework\Eliassen.System.Tests\bin\Release\net8.0\Eliassen.System.Tests.dll" adapterTypeName="executor://mstestadapter/v2" className="Eliassen.System.Tests.Linq.QueryableExtensionsTests" name="ExecuteByTest_Sort" />
    </UnitTest>
    <UnitTest name="ExecuteByTest_Sort (name,Descending,999,998,997,996,995,994,993,992,991,990)" storage="c:\repos\nucleus\net.libs\framework\eliassen.system.tests\bin\release\net8.0\eliassen.system.tests.dll" id="250659bd-c780-75f8-425e-56948f547d27" xmlns="http://microsoft.com/schemas/VisualStudio/TeamTest/2010">
      <TestCategory>
        <TestCategoryItem TestCategory="Unit" />
      </TestCategory>
      <Execution id="1dc7910b-5c6c-4dca-b8ff-a6e531b7b6a4" />
      <TestMethod codeBase="c:\Repos\Nucleus\Net.Libs\Framework\Eliassen.System.Tests\bin\Release\net8.0\Eliassen.System.Tests.dll" adapterTypeName="executor://mstestadapter/v2" className="Eliassen.System.Tests.Linq.QueryableExtensionsTests" name="ExecuteByTest_Sort" />
    </UnitTest>
    <UnitTest name="ToEnumTest (Val2|Val1,Val1, Val2)" storage="c:\repos\nucleus\net.libs\framework\eliassen.system.tests\bin\release\net8.0\eliassen.system.tests.dll" id="0b8f627b-a1c8-6277-6090-2fc13b4051a9" xmlns="http://microsoft.com/schemas/VisualStudio/TeamTest/2010">
      <TestCategory>
        <TestCategoryItem TestCategory="Unit" />
      </TestCategory>
      <Execution id="933992f1-ce09-4c4c-8123-bf2d9c638117" />
      <TestMethod codeBase="c:\Repos\Nucleus\Net.Libs\Framework\Eliassen.System.Tests\bin\Release\net8.0\Eliassen.System.Tests.dll" adapterTypeName="executor://mstestadapter/v2" className="Eliassen.System.Tests.Reflection.EnumExtensionsTests" name="ToEnumTest" />
    </UnitTest>
    <UnitTest name="ToEnumTest (0,Val0)" storage="c:\repos\nucleus\net.libs\framework\eliassen.system.tests\bin\release\net8.0\eliassen.system.tests.dll" id="2ae6c352-791a-5a0c-8cef-9e8ca7a29354" xmlns="http://microsoft.com/schemas/VisualStudio/TeamTest/2010">
      <TestCategory>
        <TestCategoryItem TestCategory="Unit" />
      </TestCategory>
      <Execution id="9b7d69c5-7891-42d7-a031-f82e37fca1c0" />
      <TestMethod codeBase="c:\Repos\Nucleus\Net.Libs\Framework\Eliassen.System.Tests\bin\Release\net8.0\Eliassen.System.Tests.dll" adapterTypeName="executor://mstestadapter/v2" className="Eliassen.System.Tests.Reflection.EnumExtensionsTests" name="ToEnumTest" />
    </UnitTest>
    <UnitTest name="ToEnumTest (Val1,Val1)" storage="c:\repos\nucleus\net.libs\framework\eliassen.system.tests\bin\release\net8.0\eliassen.system.tests.dll" id="8e643e26-fbd5-ae99-4a9a-d26e4648cd65" xmlns="http://microsoft.com/schemas/VisualStudio/TeamTest/2010">
      <TestCategory>
        <TestCategoryItem TestCategory="Unit" />
      </TestCategory>
      <Execution id="4a867966-5e3a-4980-a46c-5e36802547ad" />
      <TestMethod codeBase="c:\Repos\Nucleus\Net.Libs\Framework\Eliassen.System.Tests\bin\Release\net8.0\Eliassen.System.Tests.dll" adapterTypeName="executor://mstestadapter/v2" className="Eliassen.System.Tests.Reflection.EnumExtensionsTests" name="ToEnumTest" />
    </UnitTest>
    <UnitTest name="ToEnumTest (test name,WithDisplay)" storage="c:\repos\nucleus\net.libs\framework\eliassen.system.tests\bin\release\net8.0\eliassen.system.tests.dll" id="ce6510cf-36c8-726a-19a1-61fee8813205" xmlns="http://microsoft.com/schemas/VisualStudio/TeamTest/2010">
      <TestCategory>
        <TestCategoryItem TestCategory="Unit" />
      </TestCategory>
      <Execution id="b8f41861-5f9c-486b-9950-2739bac90da8" />
      <TestMethod codeBase="c:\Repos\Nucleus\Net.Libs\Framework\Eliassen.System.Tests\bin\Release\net8.0\Eliassen.System.Tests.dll" adapterTypeName="executor://mstestadapter/v2" className="Eliassen.System.Tests.Reflection.EnumExtensionsTests" name="ToEnumTest" />
    </UnitTest>
    <UnitTest name="ExecuteByTest_Sort (Name,Descending,999,998,997,996,995,994,993,992,991,990)" storage="c:\repos\nucleus\net.libs\framework\eliassen.system.tests\bin\release\net8.0\eliassen.system.tests.dll" id="ddf9cd7e-758c-d704-01a7-8f705631b98b" xmlns="http://microsoft.com/schemas/VisualStudio/TeamTest/2010">
      <TestCategory>
        <TestCategoryItem TestCategory="Unit" />
      </TestCategory>
      <Execution id="22ce8182-626b-4f87-b1f5-87f796895296" />
      <TestMethod codeBase="c:\Repos\Nucleus\Net.Libs\Framework\Eliassen.System.Tests\bin\Release\net8.0\Eliassen.System.Tests.dll" adapterTypeName="executor://mstestadapter/v2" className="Eliassen.System.Tests.Linq.QueryableExtensionsTests" name="ExecuteByTest_Sort" />
    </UnitTest>
    <UnitTest name="ToEnumTest (Val2 ,Val1,Val1, Val2)" storage="c:\repos\nucleus\net.libs\framework\eliassen.system.tests\bin\release\net8.0\eliassen.system.tests.dll" id="d30c3925-6041-dd0b-2a02-37144f03e811" xmlns="http://microsoft.com/schemas/VisualStudio/TeamTest/2010">
      <TestCategory>
        <TestCategoryItem TestCategory="Unit" />
      </TestCategory>
      <Execution id="5602ea70-adac-4e47-9a02-9404861e8abc" />
      <TestMethod codeBase="c:\Repos\Nucleus\Net.Libs\Framework\Eliassen.System.Tests\bin\Release\net8.0\Eliassen.System.Tests.dll" adapterTypeName="executor://mstestadapter/v2" className="Eliassen.System.Tests.Reflection.EnumExtensionsTests" name="ToEnumTest" />
    </UnitTest>
    <UnitTest name="ToEnumTest (1,Val1)" storage="c:\repos\nucleus\net.libs\framework\eliassen.system.tests\bin\release\net8.0\eliassen.system.tests.dll" id="d5c2d09d-d5bb-c30c-e877-f0810b3cd681" xmlns="http://microsoft.com/schemas/VisualStudio/TeamTest/2010">
      <TestCategory>
        <TestCategoryItem TestCategory="Unit" />
      </TestCategory>
      <Execution id="13bc0757-e442-409b-b135-3c7718235c01" />
      <TestMethod codeBase="c:\Repos\Nucleus\Net.Libs\Framework\Eliassen.System.Tests\bin\Release\net8.0\Eliassen.System.Tests.dll" adapterTypeName="executor://mstestadapter/v2" className="Eliassen.System.Tests.Reflection.EnumExtensionsTests" name="ToEnumTest" />
    </UnitTest>
    <UnitTest name="ToEnumTest (test short,WithDisplay)" storage="c:\repos\nucleus\net.libs\framework\eliassen.system.tests\bin\release\net8.0\eliassen.system.tests.dll" id="8667c664-2408-3d94-53dd-862b8bb2405a" xmlns="http://microsoft.com/schemas/VisualStudio/TeamTest/2010">
      <TestCategory>
        <TestCategoryItem TestCategory="Unit" />
      </TestCategory>
      <Execution id="ad59a171-928f-4423-8ac4-7a6dc695e6d3" />
      <TestMethod codeBase="c:\Repos\Nucleus\Net.Libs\Framework\Eliassen.System.Tests\bin\Release\net8.0\Eliassen.System.Tests.dll" adapterTypeName="executor://mstestadapter/v2" className="Eliassen.System.Tests.Reflection.EnumExtensionsTests" name="ToEnumTest" />
    </UnitTest>
    <UnitTest name="ToEnumTest (4,WithEnumValue)" storage="c:\repos\nucleus\net.libs\framework\eliassen.system.tests\bin\release\net8.0\eliassen.system.tests.dll" id="fb3ba795-c081-9f7b-3da5-2154832c187c" xmlns="http://microsoft.com/schemas/VisualStudio/TeamTest/2010">
      <TestCategory>
        <TestCategoryItem TestCategory="Unit" />
      </TestCategory>
      <Execution id="1b22c3e8-aa12-4b10-ba9a-33d585b0455c" />
      <TestMethod codeBase="c:\Repos\Nucleus\Net.Libs\Framework\Eliassen.System.Tests\bin\Release\net8.0\Eliassen.System.Tests.dll" adapterTypeName="executor://mstestadapter/v2" className="Eliassen.System.Tests.Reflection.EnumExtensionsTests" name="ToEnumTest" />
    </UnitTest>
    <UnitTest name="ToEnumTest (test display,WithDisplay)" storage="c:\repos\nucleus\net.libs\framework\eliassen.system.tests\bin\release\net8.0\eliassen.system.tests.dll" id="52185704-5d0e-e5db-ccdd-e6d884289597" xmlns="http://microsoft.com/schemas/VisualStudio/TeamTest/2010">
      <TestCategory>
        <TestCategoryItem TestCategory="Unit" />
      </TestCategory>
      <Execution id="c6312b2b-e314-4cbf-bde2-76b7d8b173c9" />
      <TestMethod codeBase="c:\Repos\Nucleus\Net.Libs\Framework\Eliassen.System.Tests\bin\Release\net8.0\Eliassen.System.Tests.dll" adapterTypeName="executor://mstestadapter/v2" className="Eliassen.System.Tests.Reflection.EnumExtensionsTests" name="ToEnumTest" />
    </UnitTest>
    <UnitTest name="ToEnumTest (name,name2|test name,WithEnumValue, WithMemberName, WithDisplay)" storage="c:\repos\nucleus\net.libs\framework\eliassen.system.tests\bin\release\net8.0\eliassen.system.tests.dll" id="53f92a56-f656-cd19-3414-6dec87fc1460" xmlns="http://microsoft.com/schemas/VisualStudio/TeamTest/2010">
      <TestCategory>
        <TestCategoryItem TestCategory="Unit" />
      </TestCategory>
      <Execution id="8bf27327-7b60-40e4-a7b7-4d8010e6088b" />
      <TestMethod codeBase="c:\Repos\Nucleus\Net.Libs\Framework\Eliassen.System.Tests\bin\Release\net8.0\Eliassen.System.Tests.dll" adapterTypeName="executor://mstestadapter/v2" className="Eliassen.System.Tests.Reflection.EnumExtensionsTests" name="ToEnumTest" />
    </UnitTest>
    <UnitTest name="ToEnumTest (-1,-1)" storage="c:\repos\nucleus\net.libs\framework\eliassen.system.tests\bin\release\net8.0\eliassen.system.tests.dll" id="fffaa604-a2bf-cb56-46c0-a54e3c2e5b71" xmlns="http://microsoft.com/schemas/VisualStudio/TeamTest/2010">
      <TestCategory>
        <TestCategoryItem TestCategory="Unit" />
      </TestCategory>
      <Execution id="2ce38243-8c89-44eb-a508-334f5a276f2d" />
      <TestMethod codeBase="c:\Repos\Nucleus\Net.Libs\Framework\Eliassen.System.Tests\bin\Release\net8.0\Eliassen.System.Tests.dll" adapterTypeName="executor://mstestadapter/v2" className="Eliassen.System.Tests.Reflection.EnumExtensionsTests" name="ToEnumTest" />
    </UnitTest>
    <UnitTest name="GetHash (hello world,XrY7u+Ae7tCTyyK7j1rNww==)" storage="c:\repos\nucleus\net.libs\framework\eliassen.system.tests\bin\release\net8.0\eliassen.system.tests.dll" id="29e073f8-c889-a619-68be-0fbabe313523" xmlns="http://microsoft.com/schemas/VisualStudio/TeamTest/2010">
      <TestCategory>
        <TestCategoryItem TestCategory="Unit" />
      </TestCategory>
      <Execution id="083fdc16-0434-4d01-90ca-17241ee3da53" />
      <TestMethod codeBase="c:\Repos\Nucleus\Net.Libs\Framework\Eliassen.System.Tests\bin\Release\net8.0\Eliassen.System.Tests.dll" adapterTypeName="executor://mstestadapter/v2" className="Eliassen.System.Tests.Security.Cryptography.HashTests" name="GetHash" />
    </UnitTest>
    <UnitTest name="GetHash (Hello World!,7Qdih1MuhjZehB6Sv8UNjA==)" storage="c:\repos\nucleus\net.libs\framework\eliassen.system.tests\bin\release\net8.0\eliassen.system.tests.dll" id="0f3b8649-3271-0a42-8cb6-7536e5c6b6c7" xmlns="http://microsoft.com/schemas/VisualStudio/TeamTest/2010">
      <TestCategory>
        <TestCategoryItem TestCategory="Unit" />
      </TestCategory>
      <Execution id="3d979543-bfd5-46ef-b437-e0a6b836abf5" />
      <TestMethod codeBase="c:\Repos\Nucleus\Net.Libs\Framework\Eliassen.System.Tests\bin\Release\net8.0\Eliassen.System.Tests.dll" adapterTypeName="executor://mstestadapter/v2" className="Eliassen.System.Tests.Security.Cryptography.HashTests" name="GetHash" />
    </UnitTest>
    <UnitTest name="ToEnumTest (Val2,Val2)" storage="c:\repos\nucleus\net.libs\framework\eliassen.system.tests\bin\release\net8.0\eliassen.system.tests.dll" id="0783fcf2-6259-18a6-4548-3ee3e685104b" xmlns="http://microsoft.com/schemas/VisualStudio/TeamTest/2010">
      <TestCategory>
        <TestCategoryItem TestCategory="Unit" />
      </TestCategory>
      <Execution id="b1aa69e9-bfb4-4167-a7be-51ba1ca43114" />
      <TestMethod codeBase="c:\Repos\Nucleus\Net.Libs\Framework\Eliassen.System.Tests\bin\Release\net8.0\Eliassen.System.Tests.dll" adapterTypeName="executor://mstestadapter/v2" className="Eliassen.System.Tests.Reflection.EnumExtensionsTests" name="ToEnumTest" />
    </UnitTest>
    <UnitTest name="ToEnumTest (test description,WithDescription)" storage="c:\repos\nucleus\net.libs\framework\eliassen.system.tests\bin\release\net8.0\eliassen.system.tests.dll" id="f4cf2bc5-5581-a176-969e-675ebb01aeb7" xmlns="http://microsoft.com/schemas/VisualStudio/TeamTest/2010">
      <TestCategory>
        <TestCategoryItem TestCategory="Unit" />
      </TestCategory>
      <Execution id="6b2a109b-8c7f-4bfe-bbfc-878ffe0ba5f7" />
      <TestMethod codeBase="c:\Repos\Nucleus\Net.Libs\Framework\Eliassen.System.Tests\bin\Release\net8.0\Eliassen.System.Tests.dll" adapterTypeName="executor://mstestadapter/v2" className="Eliassen.System.Tests.Reflection.EnumExtensionsTests" name="ToEnumTest" />
    </UnitTest>
    <UnitTest name="ToEnumTest (Val2|Val1,Val1, Val2)" storage="c:\repos\nucleus\net.libs\framework\eliassen.system.tests\bin\release\net8.0\eliassen.system.tests.dll" id="2987ca95-4d23-bd98-8619-20a1f1f849ce" xmlns="http://microsoft.com/schemas/VisualStudio/TeamTest/2010">
      <TestCategory>
        <TestCategoryItem TestCategory="Unit" />
      </TestCategory>
      <Execution id="f4211e6a-6d7a-443b-a5b7-88e787623a2a" />
      <TestMethod codeBase="c:\Repos\Nucleus\Net.Libs\Framework\Eliassen.System.Tests\bin\Release\net8.0\Eliassen.System.Tests.dll" adapterTypeName="executor://mstestadapter/v2" className="Eliassen.System.Tests.Reflection.EnumExtensionsTests" name="ToEnumTest" />
    </UnitTest>
    <UnitTest name="ExecuteByTest_Sort (NAME,Descending,999,998,997,996,995,994,993,992,991,990)" storage="c:\repos\nucleus\net.libs\framework\eliassen.system.tests\bin\release\net8.0\eliassen.system.tests.dll" id="7634c0a5-d5d8-ae19-0f45-9f0c0c3f4e32" xmlns="http://microsoft.com/schemas/VisualStudio/TeamTest/2010">
      <TestCategory>
        <TestCategoryItem TestCategory="Unit" />
      </TestCategory>
      <Execution id="16988848-6550-4ff4-89c5-b914326a9bcd" />
      <TestMethod codeBase="c:\Repos\Nucleus\Net.Libs\Framework\Eliassen.System.Tests\bin\Release\net8.0\Eliassen.System.Tests.dll" adapterTypeName="executor://mstestadapter/v2" className="Eliassen.System.Tests.Linq.QueryableExtensionsTests" name="ExecuteByTest_Sort" />
    </UnitTest>
    <UnitTest name="ToEnumTest (test name,WithDisplay)" storage="c:\repos\nucleus\net.libs\framework\eliassen.system.tests\bin\release\net8.0\eliassen.system.tests.dll" id="6acd0700-45fd-3a58-a98b-e73e695d3cb6" xmlns="http://microsoft.com/schemas/VisualStudio/TeamTest/2010">
      <TestCategory>
        <TestCategoryItem TestCategory="Unit" />
      </TestCategory>
      <Execution id="28cf8514-fb44-407c-8b26-5c436412a5e0" />
      <TestMethod codeBase="c:\Repos\Nucleus\Net.Libs\Framework\Eliassen.System.Tests\bin\Release\net8.0\Eliassen.System.Tests.dll" adapterTypeName="executor://mstestadapter/v2" className="Eliassen.System.Tests.Reflection.EnumExtensionsTests" name="ToEnumTest" />
    </UnitTest>
    <UnitTest name="ToEnumTest (Val2,Val1,Val1, Val2)" storage="c:\repos\nucleus\net.libs\framework\eliassen.system.tests\bin\release\net8.0\eliassen.system.tests.dll" id="a0c29914-2fac-1ccd-4f27-21bcc9ae1a84" xmlns="http://microsoft.com/schemas/VisualStudio/TeamTest/2010">
      <TestCategory>
        <TestCategoryItem TestCategory="Unit" />
      </TestCategory>
      <Execution id="c6774a62-9739-4067-b7bf-8ca0018cc10d" />
      <TestMethod codeBase="c:\Repos\Nucleus\Net.Libs\Framework\Eliassen.System.Tests\bin\Release\net8.0\Eliassen.System.Tests.dll" adapterTypeName="executor://mstestadapter/v2" className="Eliassen.System.Tests.Reflection.EnumExtensionsTests" name="ToEnumTest" />
    </UnitTest>
    <UnitTest name="ExecuteByTest_Sort (name,Descending,999,998,997,996,995,994,993,992,991,990)" storage="c:\repos\nucleus\net.libs\framework\eliassen.system.tests\bin\release\net8.0\eliassen.system.tests.dll" id="8338d02b-d210-c931-4723-375c66eef863" xmlns="http://microsoft.com/schemas/VisualStudio/TeamTest/2010">
      <TestCategory>
        <TestCategoryItem TestCategory="Unit" />
      </TestCategory>
      <Execution id="daf26b87-767e-4a45-9354-9f39fd515157" />
      <TestMethod codeBase="c:\Repos\Nucleus\Net.Libs\Framework\Eliassen.System.Tests\bin\Release\net8.0\Eliassen.System.Tests.dll" adapterTypeName="executor://mstestadapter/v2" className="Eliassen.System.Tests.Linq.QueryableExtensionsTests" name="ExecuteByTest_Sort" />
    </UnitTest>
    <UnitTest name="ToEnumTest (4,WithEnumValue)" storage="c:\repos\nucleus\net.libs\framework\eliassen.system.tests\bin\release\net8.0\eliassen.system.tests.dll" id="1d97f529-259a-f217-942c-8e2e6578735c" xmlns="http://microsoft.com/schemas/VisualStudio/TeamTest/2010">
      <TestCategory>
        <TestCategoryItem TestCategory="Unit" />
      </TestCategory>
      <Execution id="e56eb737-d591-42fb-b370-5f6b22ac0614" />
      <TestMethod codeBase="c:\Repos\Nucleus\Net.Libs\Framework\Eliassen.System.Tests\bin\Release\net8.0\Eliassen.System.Tests.dll" adapterTypeName="executor://mstestadapter/v2" className="Eliassen.System.Tests.Reflection.EnumExtensionsTests" name="ToEnumTest" />
    </UnitTest>
    <UnitTest name="ToEnumTest (test display,WithDisplay)" storage="c:\repos\nucleus\net.libs\framework\eliassen.system.tests\bin\release\net8.0\eliassen.system.tests.dll" id="c3266cf0-adcb-0581-8c52-a350b87b4664" xmlns="http://microsoft.com/schemas/VisualStudio/TeamTest/2010">
      <TestCategory>
        <TestCategoryItem TestCategory="Unit" />
      </TestCategory>
      <Execution id="84674fc9-47e7-493f-a787-f68e97139cd0" />
      <TestMethod codeBase="c:\Repos\Nucleus\Net.Libs\Framework\Eliassen.System.Tests\bin\Release\net8.0\Eliassen.System.Tests.dll" adapterTypeName="executor://mstestadapter/v2" className="Eliassen.System.Tests.Reflection.EnumExtensionsTests" name="ToEnumTest" />
    </UnitTest>
    <UnitTest name="ToEnumTest (Val1,Val1)" storage="c:\repos\nucleus\net.libs\framework\eliassen.system.tests\bin\release\net8.0\eliassen.system.tests.dll" id="219547ac-d953-99f8-2edf-0911d57e52dd" xmlns="http://microsoft.com/schemas/VisualStudio/TeamTest/2010">
      <TestCategory>
        <TestCategoryItem TestCategory="Unit" />
      </TestCategory>
      <Execution id="5d3a8fc4-58b0-4108-87f5-7c37758d0a46" />
      <TestMethod codeBase="c:\Repos\Nucleus\Net.Libs\Framework\Eliassen.System.Tests\bin\Release\net8.0\Eliassen.System.Tests.dll" adapterTypeName="executor://mstestadapter/v2" className="Eliassen.System.Tests.Reflection.EnumExtensionsTests" name="ToEnumTest" />
    </UnitTest>
    <UnitTest name="ToEnumTest (Val2, Val1,Val1, Val2)" storage="c:\repos\nucleus\net.libs\framework\eliassen.system.tests\bin\release\net8.0\eliassen.system.tests.dll" id="6acc9c74-0373-caf8-35ed-9e340028f0c1" xmlns="http://microsoft.com/schemas/VisualStudio/TeamTest/2010">
      <TestCategory>
        <TestCategoryItem TestCategory="Unit" />
      </TestCategory>
      <Execution id="1030d549-3294-4baf-b9a0-2bc03d6f420a" />
      <TestMethod codeBase="c:\Repos\Nucleus\Net.Libs\Framework\Eliassen.System.Tests\bin\Release\net8.0\Eliassen.System.Tests.dll" adapterTypeName="executor://mstestadapter/v2" className="Eliassen.System.Tests.Reflection.EnumExtensionsTests" name="ToEnumTest" />
    </UnitTest>
    <UnitTest name="ToEnumTest (name2,WithMemberName)" storage="c:\repos\nucleus\net.libs\framework\eliassen.system.tests\bin\release\net8.0\eliassen.system.tests.dll" id="f6e30306-bb3b-d2e5-9a55-741402e2594f" xmlns="http://microsoft.com/schemas/VisualStudio/TeamTest/2010">
      <TestCategory>
        <TestCategoryItem TestCategory="Unit" />
      </TestCategory>
      <Execution id="10922ca9-7202-4f16-aba2-d47b8645791c" />
      <TestMethod codeBase="c:\Repos\Nucleus\Net.Libs\Framework\Eliassen.System.Tests\bin\Release\net8.0\Eliassen.System.Tests.dll" adapterTypeName="executor://mstestadapter/v2" className="Eliassen.System.Tests.Reflection.EnumExtensionsTests" name="ToEnumTest" />
    </UnitTest>
    <UnitTest name="ToEnumTest (2,Val2)" storage="c:\repos\nucleus\net.libs\framework\eliassen.system.tests\bin\release\net8.0\eliassen.system.tests.dll" id="6945fc8e-bced-3763-56d7-dd9774cf09e7" xmlns="http://microsoft.com/schemas/VisualStudio/TeamTest/2010">
      <TestCategory>
        <TestCategoryItem TestCategory="Unit" />
      </TestCategory>
      <Execution id="b46c7a51-cbc5-414b-a1cf-46b7b81c144a" />
      <TestMethod codeBase="c:\Repos\Nucleus\Net.Libs\Framework\Eliassen.System.Tests\bin\Release\net8.0\Eliassen.System.Tests.dll" adapterTypeName="executor://mstestadapter/v2" className="Eliassen.System.Tests.Reflection.EnumExtensionsTests" name="ToEnumTest" />
    </UnitTest>
    <UnitTest name="ToEnumTest (test short,WithDisplay)" storage="c:\repos\nucleus\net.libs\framework\eliassen.system.tests\bin\release\net8.0\eliassen.system.tests.dll" id="e97eaf8e-0ecf-65f5-04ab-76ca8870b372" xmlns="http://microsoft.com/schemas/VisualStudio/TeamTest/2010">
      <TestCategory>
        <TestCategoryItem TestCategory="Unit" />
      </TestCategory>
      <Execution id="7bafe149-4ba8-4713-88c2-565ccbdf4b56" />
      <TestMethod codeBase="c:\Repos\Nucleus\Net.Libs\Framework\Eliassen.System.Tests\bin\Release\net8.0\Eliassen.System.Tests.dll" adapterTypeName="executor://mstestadapter/v2" className="Eliassen.System.Tests.Reflection.EnumExtensionsTests" name="ToEnumTest" />
    </UnitTest>
    <UnitTest name="ExecuteByTest_Sort (Name,Ascending,0,1,10,100,101,102,103,104,105,106)" storage="c:\repos\nucleus\net.libs\framework\eliassen.system.tests\bin\release\net8.0\eliassen.system.tests.dll" id="f6892432-d506-05dd-c1d8-5f655afbf0ef" xmlns="http://microsoft.com/schemas/VisualStudio/TeamTest/2010">
      <TestCategory>
        <TestCategoryItem TestCategory="Unit" />
      </TestCategory>
      <Execution id="04ddff7e-4e04-435f-9c74-7d3eadea9387" />
      <TestMethod codeBase="c:\Repos\Nucleus\Net.Libs\Framework\Eliassen.System.Tests\bin\Release\net8.0\Eliassen.System.Tests.dll" adapterTypeName="executor://mstestadapter/v2" className="Eliassen.System.Tests.Linq.QueryableExtensionsTests" name="ExecuteByTest_Sort" />
    </UnitTest>
    <UnitTest name="ToEnumTest (name,name2|test name,WithEnumValue, WithMemberName, WithDisplay)" storage="c:\repos\nucleus\net.libs\framework\eliassen.system.tests\bin\release\net8.0\eliassen.system.tests.dll" id="6a696e3c-fdaf-a272-447e-e0c2a6c77673" xmlns="http://microsoft.com/schemas/VisualStudio/TeamTest/2010">
      <TestCategory>
        <TestCategoryItem TestCategory="Unit" />
      </TestCategory>
      <Execution id="af9a82c4-38ac-41dc-a778-ad919eb088aa" />
      <TestMethod codeBase="c:\Repos\Nucleus\Net.Libs\Framework\Eliassen.System.Tests\bin\Release\net8.0\Eliassen.System.Tests.dll" adapterTypeName="executor://mstestadapter/v2" className="Eliassen.System.Tests.Reflection.EnumExtensionsTests" name="ToEnumTest" />
    </UnitTest>
    <UnitTest name="ToEnumTest (0,Val0)" storage="c:\repos\nucleus\net.libs\framework\eliassen.system.tests\bin\release\net8.0\eliassen.system.tests.dll" id="55a3c803-06e9-6a98-6826-97a1597a8680" xmlns="http://microsoft.com/schemas/VisualStudio/TeamTest/2010">
      <TestCategory>
        <TestCategoryItem TestCategory="Unit" />
      </TestCategory>
      <Execution id="d1099f81-9056-433a-8b61-c8cb9691fef6" />
      <TestMethod codeBase="c:\Repos\Nucleus\Net.Libs\Framework\Eliassen.System.Tests\bin\Release\net8.0\Eliassen.System.Tests.dll" adapterTypeName="executor://mstestadapter/v2" className="Eliassen.System.Tests.Reflection.EnumExtensionsTests" name="ToEnumTest" />
    </UnitTest>
    <UnitTest name="ToEnumTest (1,Val1)" storage="c:\repos\nucleus\net.libs\framework\eliassen.system.tests\bin\release\net8.0\eliassen.system.tests.dll" id="6f5bf48c-e4c0-b967-62c8-a640629e7719" xmlns="http://microsoft.com/schemas/VisualStudio/TeamTest/2010">
      <TestCategory>
        <TestCategoryItem TestCategory="Unit" />
      </TestCategory>
      <Execution id="80aad71d-1f29-4d81-8bfb-b9b02f9e13c0" />
      <TestMethod codeBase="c:\Repos\Nucleus\Net.Libs\Framework\Eliassen.System.Tests\bin\Release\net8.0\Eliassen.System.Tests.dll" adapterTypeName="executor://mstestadapter/v2" className="Eliassen.System.Tests.Reflection.EnumExtensionsTests" name="ToEnumTest" />
    </UnitTest>
    <UnitTest name="ToEnumTest (Val2 , Val1,Val1, Val2)" storage="c:\repos\nucleus\net.libs\framework\eliassen.system.tests\bin\release\net8.0\eliassen.system.tests.dll" id="a465e3e2-5f33-9280-96a5-dad2cdb56d48" xmlns="http://microsoft.com/schemas/VisualStudio/TeamTest/2010">
      <TestCategory>
        <TestCategoryItem TestCategory="Unit" />
      </TestCategory>
      <Execution id="42810d77-4cb2-4d0a-84fc-3627a49242eb" />
      <TestMethod codeBase="c:\Repos\Nucleus\Net.Libs\Framework\Eliassen.System.Tests\bin\Release\net8.0\Eliassen.System.Tests.dll" adapterTypeName="executor://mstestadapter/v2" className="Eliassen.System.Tests.Reflection.EnumExtensionsTests" name="ToEnumTest" />
    </UnitTest>
    <UnitTest name="ToEnumTest (-1,-1)" storage="c:\repos\nucleus\net.libs\framework\eliassen.system.tests\bin\release\net8.0\eliassen.system.tests.dll" id="d9a582db-720f-849c-5c6c-3e72305e7969" xmlns="http://microsoft.com/schemas/VisualStudio/TeamTest/2010">
      <TestCategory>
        <TestCategoryItem TestCategory="Unit" />
      </TestCategory>
      <Execution id="6968c3fc-62c3-4d6e-89ee-42f0d19c6349" />
      <TestMethod codeBase="c:\Repos\Nucleus\Net.Libs\Framework\Eliassen.System.Tests\bin\Release\net8.0\Eliassen.System.Tests.dll" adapterTypeName="executor://mstestadapter/v2" className="Eliassen.System.Tests.Reflection.EnumExtensionsTests" name="ToEnumTest" />
    </UnitTest>
    <UnitTest name="ExecuteByTest_Sort (Name,Descending,999,998,997,996,995,994,993,992,991,990)" storage="c:\repos\nucleus\net.libs\framework\eliassen.system.tests\bin\release\net8.0\eliassen.system.tests.dll" id="2be0bb23-bdd4-39e3-5c52-58d829d1a4f6" xmlns="http://microsoft.com/schemas/VisualStudio/TeamTest/2010">
      <TestCategory>
        <TestCategoryItem TestCategory="Unit" />
      </TestCategory>
      <Execution id="3eafb1a8-c001-4932-9731-024d2568eca7" />
      <TestMethod codeBase="c:\Repos\Nucleus\Net.Libs\Framework\Eliassen.System.Tests\bin\Release\net8.0\Eliassen.System.Tests.dll" adapterTypeName="executor://mstestadapter/v2" className="Eliassen.System.Tests.Linq.QueryableExtensionsTests" name="ExecuteByTest_Sort" />
    </UnitTest>
    <UnitTest name="ToEnumTest (3,Val1, Val2)" storage="c:\repos\nucleus\net.libs\framework\eliassen.system.tests\bin\release\net8.0\eliassen.system.tests.dll" id="da8e2bdd-b046-b065-da35-f4d8fa39c126" xmlns="http://microsoft.com/schemas/VisualStudio/TeamTest/2010">
      <TestCategory>
        <TestCategoryItem TestCategory="Unit" />
      </TestCategory>
      <Execution id="d17b5f28-f3a8-4b72-a707-06d6510ac725" />
      <TestMethod codeBase="c:\Repos\Nucleus\Net.Libs\Framework\Eliassen.System.Tests\bin\Release\net8.0\Eliassen.System.Tests.dll" adapterTypeName="executor://mstestadapter/v2" className="Eliassen.System.Tests.Reflection.EnumExtensionsTests" name="ToEnumTest" />
    </UnitTest>
    <UnitTest name="ToEnumTest (Val2 ,Val1,Val1, Val2)" storage="c:\repos\nucleus\net.libs\framework\eliassen.system.tests\bin\release\net8.0\eliassen.system.tests.dll" id="18ab39eb-c269-8e5e-27c8-0e0099e940b7" xmlns="http://microsoft.com/schemas/VisualStudio/TeamTest/2010">
      <TestCategory>
        <TestCategoryItem TestCategory="Unit" />
      </TestCategory>
      <Execution id="51c36e12-1178-4f39-a91c-d3b10e505799" />
      <TestMethod codeBase="c:\Repos\Nucleus\Net.Libs\Framework\Eliassen.System.Tests\bin\Release\net8.0\Eliassen.System.Tests.dll" adapterTypeName="executor://mstestadapter/v2" className="Eliassen.System.Tests.Reflection.EnumExtensionsTests" name="ToEnumTest" />
    </UnitTest>
    <UnitTest name="ToEnumTest (name,WithEnumValue)" storage="c:\repos\nucleus\net.libs\framework\eliassen.system.tests\bin\release\net8.0\eliassen.system.tests.dll" id="fc5fae9f-91d6-fa24-579e-a13cc255eec6" xmlns="http://microsoft.com/schemas/VisualStudio/TeamTest/2010">
      <TestCategory>
        <TestCategoryItem TestCategory="Unit" />
      </TestCategory>
      <Execution id="18c6fc2f-e879-4567-8952-00334e0a1a5b" />
      <TestMethod codeBase="c:\Repos\Nucleus\Net.Libs\Framework\Eliassen.System.Tests\bin\Release\net8.0\Eliassen.System.Tests.dll" adapterTypeName="executor://mstestadapter/v2" className="Eliassen.System.Tests.Reflection.EnumExtensionsTests" name="ToEnumTest" />
    </UnitTest>
    <UnitTest name="ToEnumTest (test description,WithDescription)" storage="c:\repos\nucleus\net.libs\framework\eliassen.system.tests\bin\release\net8.0\eliassen.system.tests.dll" id="921f768d-c026-5c72-695c-6195f075a1c1" xmlns="http://microsoft.com/schemas/VisualStudio/TeamTest/2010">
      <TestCategory>
        <TestCategoryItem TestCategory="Unit" />
      </TestCategory>
      <Execution id="a0e44ede-500c-4f9e-963d-32744d33b60e" />
      <TestMethod codeBase="c:\Repos\Nucleus\Net.Libs\Framework\Eliassen.System.Tests\bin\Release\net8.0\Eliassen.System.Tests.dll" adapterTypeName="executor://mstestadapter/v2" className="Eliassen.System.Tests.Reflection.EnumExtensionsTests" name="ToEnumTest" />
    </UnitTest>
    <UnitTest name="ToEnumTest (name,WithEnumValue)" storage="c:\repos\nucleus\net.libs\framework\eliassen.system.tests\bin\release\net8.0\eliassen.system.tests.dll" id="abffb153-2bc5-2e5d-37d3-34241627ba4f" xmlns="http://microsoft.com/schemas/VisualStudio/TeamTest/2010">
      <TestCategory>
        <TestCategoryItem TestCategory="Unit" />
      </TestCategory>
      <Execution id="385f1677-3ea5-4a05-8f46-c52bd4edea4c" />
      <TestMethod codeBase="c:\Repos\Nucleus\Net.Libs\Framework\Eliassen.System.Tests\bin\Release\net8.0\Eliassen.System.Tests.dll" adapterTypeName="executor://mstestadapter/v2" className="Eliassen.System.Tests.Reflection.EnumExtensionsTests" name="ToEnumTest" />
    </UnitTest>
    <UnitTest name="ToEnumTest (Val2|Val1,Val1, Val2)" storage="c:\repos\nucleus\net.libs\framework\eliassen.system.tests\bin\release\net8.0\eliassen.system.tests.dll" id="32feb49a-a169-6254-5ae6-6f93b144c382" xmlns="http://microsoft.com/schemas/VisualStudio/TeamTest/2010">
      <TestCategory>
        <TestCategoryItem TestCategory="Unit" />
      </TestCategory>
      <Execution id="3d870979-e79c-40ae-93aa-2d9845f63af5" />
      <TestMethod codeBase="c:\Repos\Nucleus\Net.Libs\Framework\Eliassen.System.Tests\bin\Release\net8.0\Eliassen.System.Tests.dll" adapterTypeName="executor://mstestadapter/v2" className="Eliassen.System.Tests.Reflection.EnumExtensionsTests" name="ToEnumTest" />
    </UnitTest>
    <UnitTest name="ToEnumTest (Val2 , Val1,Val1, Val2)" storage="c:\repos\nucleus\net.libs\framework\eliassen.system.tests\bin\release\net8.0\eliassen.system.tests.dll" id="b7ad954c-d7f8-9b7f-da20-994bdddaa358" xmlns="http://microsoft.com/schemas/VisualStudio/TeamTest/2010">
      <TestCategory>
        <TestCategoryItem TestCategory="Unit" />
      </TestCategory>
      <Execution id="3ce272cf-cde6-4137-951e-a6d5a1960745" />
      <TestMethod codeBase="c:\Repos\Nucleus\Net.Libs\Framework\Eliassen.System.Tests\bin\Release\net8.0\Eliassen.System.Tests.dll" adapterTypeName="executor://mstestadapter/v2" className="Eliassen.System.Tests.Reflection.EnumExtensionsTests" name="ToEnumTest" />
    </UnitTest>
    <UnitTest name="ToEnumTest (name2,WithMemberName)" storage="c:\repos\nucleus\net.libs\framework\eliassen.system.tests\bin\release\net8.0\eliassen.system.tests.dll" id="a7424620-7d66-2bab-87dd-6bf41b62173f" xmlns="http://microsoft.com/schemas/VisualStudio/TeamTest/2010">
      <TestCategory>
        <TestCategoryItem TestCategory="Unit" />
      </TestCategory>
      <Execution id="e4a52e1c-7bcb-4820-8f24-e57fa7b55ee9" />
      <TestMethod codeBase="c:\Repos\Nucleus\Net.Libs\Framework\Eliassen.System.Tests\bin\Release\net8.0\Eliassen.System.Tests.dll" adapterTypeName="executor://mstestadapter/v2" className="Eliassen.System.Tests.Reflection.EnumExtensionsTests" name="ToEnumTest" />
    </UnitTest>
    <UnitTest name="ToEnumTest (3,Val1, Val2)" storage="c:\repos\nucleus\net.libs\framework\eliassen.system.tests\bin\release\net8.0\eliassen.system.tests.dll" id="cb67196b-6ac5-2ad3-c511-f22d8dd105d9" xmlns="http://microsoft.com/schemas/VisualStudio/TeamTest/2010">
      <TestCategory>
        <TestCategoryItem TestCategory="Unit" />
      </TestCategory>
      <Execution id="b1141e79-50de-4334-ba74-3ab5e46691e9" />
      <TestMethod codeBase="c:\Repos\Nucleus\Net.Libs\Framework\Eliassen.System.Tests\bin\Release\net8.0\Eliassen.System.Tests.dll" adapterTypeName="executor://mstestadapter/v2" className="Eliassen.System.Tests.Reflection.EnumExtensionsTests" name="ToEnumTest" />
    </UnitTest>
    <UnitTest name="ToEnumTest (test display,WithDisplay)" storage="c:\repos\nucleus\net.libs\framework\eliassen.system.tests\bin\release\net8.0\eliassen.system.tests.dll" id="9995fe48-045c-fb86-728c-6afde736c742" xmlns="http://microsoft.com/schemas/VisualStudio/TeamTest/2010">
      <TestCategory>
        <TestCategoryItem TestCategory="Unit" />
      </TestCategory>
      <Execution id="3b350acf-5020-4137-8449-f79219986837" />
      <TestMethod codeBase="c:\Repos\Nucleus\Net.Libs\Framework\Eliassen.System.Tests\bin\Release\net8.0\Eliassen.System.Tests.dll" adapterTypeName="executor://mstestadapter/v2" className="Eliassen.System.Tests.Reflection.EnumExtensionsTests" name="ToEnumTest" />
    </UnitTest>
    <UnitTest name="ToEnumTest (test name,WithDisplay)" storage="c:\repos\nucleus\net.libs\framework\eliassen.system.tests\bin\release\net8.0\eliassen.system.tests.dll" id="a8ca89f0-79ce-83ca-018f-472a49db6f46" xmlns="http://microsoft.com/schemas/VisualStudio/TeamTest/2010">
      <TestCategory>
        <TestCategoryItem TestCategory="Unit" />
      </TestCategory>
      <Execution id="b01a20d6-240a-4206-b3ff-4c960ba603dd" />
      <TestMethod codeBase="c:\Repos\Nucleus\Net.Libs\Framework\Eliassen.System.Tests\bin\Release\net8.0\Eliassen.System.Tests.dll" adapterTypeName="executor://mstestadapter/v2" className="Eliassen.System.Tests.Reflection.EnumExtensionsTests" name="ToEnumTest" />
    </UnitTest>
    <UnitTest name="ExecuteByTest_Sort (Name,Descending,999,998,997,996,995,994,993,992,991,990)" storage="c:\repos\nucleus\net.libs\framework\eliassen.system.tests\bin\release\net8.0\eliassen.system.tests.dll" id="e05e78b9-1fc5-d5e7-7e42-f53788d2e4a8" xmlns="http://microsoft.com/schemas/VisualStudio/TeamTest/2010">
      <TestCategory>
        <TestCategoryItem TestCategory="Unit" />
      </TestCategory>
      <Execution id="8c427b4c-7c5a-4d19-af57-3b22b1296e16" />
      <TestMethod codeBase="c:\Repos\Nucleus\Net.Libs\Framework\Eliassen.System.Tests\bin\Release\net8.0\Eliassen.System.Tests.dll" adapterTypeName="executor://mstestadapter/v2" className="Eliassen.System.Tests.Linq.QueryableExtensionsTests" name="ExecuteByTest_Sort" />
    </UnitTest>
    <UnitTest name="ToEnumTest (2,Val2)" storage="c:\repos\nucleus\net.libs\framework\eliassen.system.tests\bin\release\net8.0\eliassen.system.tests.dll" id="3e3a289b-1c74-15e1-39bf-f6ee0cea86e7" xmlns="http://microsoft.com/schemas/VisualStudio/TeamTest/2010">
      <TestCategory>
        <TestCategoryItem TestCategory="Unit" />
      </TestCategory>
      <Execution id="f7a40961-0855-4a05-ae44-9d6abc60fc88" />
      <TestMethod codeBase="c:\Repos\Nucleus\Net.Libs\Framework\Eliassen.System.Tests\bin\Release\net8.0\Eliassen.System.Tests.dll" adapterTypeName="executor://mstestadapter/v2" className="Eliassen.System.Tests.Reflection.EnumExtensionsTests" name="ToEnumTest" />
    </UnitTest>
    <UnitTest name="ExecuteByTest_Sort (Name,Ascending,0,1,10,100,101,102,103,104,105,106)" storage="c:\repos\nucleus\net.libs\framework\eliassen.system.tests\bin\release\net8.0\eliassen.system.tests.dll" id="a1968147-0351-75a4-0e13-531c67b43bf8" xmlns="http://microsoft.com/schemas/VisualStudio/TeamTest/2010">
      <TestCategory>
        <TestCategoryItem TestCategory="Unit" />
      </TestCategory>
      <Execution id="afd8566c-a256-4bcc-9a52-b512f95abff0" />
      <TestMethod codeBase="c:\Repos\Nucleus\Net.Libs\Framework\Eliassen.System.Tests\bin\Release\net8.0\Eliassen.System.Tests.dll" adapterTypeName="executor://mstestadapter/v2" className="Eliassen.System.Tests.Linq.QueryableExtensionsTests" name="ExecuteByTest_Sort" />
    </UnitTest>
    <UnitTest name="ExecuteByTest_Sort (NAME,Descending,999,998,997,996,995,994,993,992,991,990)" storage="c:\repos\nucleus\net.libs\framework\eliassen.system.tests\bin\release\net8.0\eliassen.system.tests.dll" id="747a08c9-a3e7-c6d3-d3e5-4ea9ef67df60" xmlns="http://microsoft.com/schemas/VisualStudio/TeamTest/2010">
      <TestCategory>
        <TestCategoryItem TestCategory="Unit" />
      </TestCategory>
      <Execution id="eb60c41b-e188-4059-9485-c47780f6846a" />
      <TestMethod codeBase="c:\Repos\Nucleus\Net.Libs\Framework\Eliassen.System.Tests\bin\Release\net8.0\Eliassen.System.Tests.dll" adapterTypeName="executor://mstestadapter/v2" className="Eliassen.System.Tests.Linq.QueryableExtensionsTests" name="ExecuteByTest_Sort" />
    </UnitTest>
    <UnitTest name="ToEnumTest (name,name2|test name,WithEnumValue, WithMemberName, WithDisplay)" storage="c:\repos\nucleus\net.libs\framework\eliassen.system.tests\bin\release\net8.0\eliassen.system.tests.dll" id="1d8ac424-d8c8-cc40-95df-91f5d4ddca6b" xmlns="http://microsoft.com/schemas/VisualStudio/TeamTest/2010">
      <TestCategory>
        <TestCategoryItem TestCategory="Unit" />
      </TestCategory>
      <Execution id="65590435-436a-40f2-966f-2661c59b274f" />
      <TestMethod codeBase="c:\Repos\Nucleus\Net.Libs\Framework\Eliassen.System.Tests\bin\Release\net8.0\Eliassen.System.Tests.dll" adapterTypeName="executor://mstestadapter/v2" className="Eliassen.System.Tests.Reflection.EnumExtensionsTests" name="ToEnumTest" />
    </UnitTest>
    <UnitTest name="ToEnumTest (Val2 ,Val1,Val1, Val2)" storage="c:\repos\nucleus\net.libs\framework\eliassen.system.tests\bin\release\net8.0\eliassen.system.tests.dll" id="09a12892-a09d-2217-56ca-535c29014ee4" xmlns="http://microsoft.com/schemas/VisualStudio/TeamTest/2010">
      <TestCategory>
        <TestCategoryItem TestCategory="Unit" />
      </TestCategory>
      <Execution id="c97a17fe-f1c6-442c-93fc-1a4f021527fe" />
      <TestMethod codeBase="c:\Repos\Nucleus\Net.Libs\Framework\Eliassen.System.Tests\bin\Release\net8.0\Eliassen.System.Tests.dll" adapterTypeName="executor://mstestadapter/v2" className="Eliassen.System.Tests.Reflection.EnumExtensionsTests" name="ToEnumTest" />
    </UnitTest>
    <UnitTest name="ToEnumTest (-1,-1)" storage="c:\repos\nucleus\net.libs\framework\eliassen.system.tests\bin\release\net8.0\eliassen.system.tests.dll" id="23e6d9bc-f3c3-f29d-3344-d86cf83d0f1d" xmlns="http://microsoft.com/schemas/VisualStudio/TeamTest/2010">
      <TestCategory>
        <TestCategoryItem TestCategory="Unit" />
      </TestCategory>
      <Execution id="3bbdd0c4-cd00-4dee-8025-f06d69e3aeb9" />
      <TestMethod codeBase="c:\Repos\Nucleus\Net.Libs\Framework\Eliassen.System.Tests\bin\Release\net8.0\Eliassen.System.Tests.dll" adapterTypeName="executor://mstestadapter/v2" className="Eliassen.System.Tests.Reflection.EnumExtensionsTests" name="ToEnumTest" />
    </UnitTest>
    <UnitTest name="ToEnumTest (Val2,Val2)" storage="c:\repos\nucleus\net.libs\framework\eliassen.system.tests\bin\release\net8.0\eliassen.system.tests.dll" id="92340e72-277a-04a0-4ab5-bc7177798536" xmlns="http://microsoft.com/schemas/VisualStudio/TeamTest/2010">
      <TestCategory>
        <TestCategoryItem TestCategory="Unit" />
      </TestCategory>
      <Execution id="1d79fc07-10ab-4052-a444-863a227c68b5" />
      <TestMethod codeBase="c:\Repos\Nucleus\Net.Libs\Framework\Eliassen.System.Tests\bin\Release\net8.0\Eliassen.System.Tests.dll" adapterTypeName="executor://mstestadapter/v2" className="Eliassen.System.Tests.Reflection.EnumExtensionsTests" name="ToEnumTest" />
    </UnitTest>
    <UnitTest name="ToEnumTest (0,Val0)" storage="c:\repos\nucleus\net.libs\framework\eliassen.system.tests\bin\release\net8.0\eliassen.system.tests.dll" id="40b5ef99-b7df-93ac-7917-4647f5a51753" xmlns="http://microsoft.com/schemas/VisualStudio/TeamTest/2010">
      <TestCategory>
        <TestCategoryItem TestCategory="Unit" />
      </TestCategory>
      <Execution id="16c2a3e3-09ef-4531-82c3-96158eaeed51" />
      <TestMethod codeBase="c:\Repos\Nucleus\Net.Libs\Framework\Eliassen.System.Tests\bin\Release\net8.0\Eliassen.System.Tests.dll" adapterTypeName="executor://mstestadapter/v2" className="Eliassen.System.Tests.Reflection.EnumExtensionsTests" name="ToEnumTest" />
    </UnitTest>
    <UnitTest name="ToEnumTest (4,WithEnumValue)" storage="c:\repos\nucleus\net.libs\framework\eliassen.system.tests\bin\release\net8.0\eliassen.system.tests.dll" id="01759c6c-9c6f-76ea-83d1-8f4c8b379bd1" xmlns="http://microsoft.com/schemas/VisualStudio/TeamTest/2010">
      <TestCategory>
        <TestCategoryItem TestCategory="Unit" />
      </TestCategory>
      <Execution id="9815c874-51eb-477e-93de-1719ce6a983b" />
      <TestMethod codeBase="c:\Repos\Nucleus\Net.Libs\Framework\Eliassen.System.Tests\bin\Release\net8.0\Eliassen.System.Tests.dll" adapterTypeName="executor://mstestadapter/v2" className="Eliassen.System.Tests.Reflection.EnumExtensionsTests" name="ToEnumTest" />
    </UnitTest>
    <UnitTest name="ToEnumTest (Val1,Val1)" storage="c:\repos\nucleus\net.libs\framework\eliassen.system.tests\bin\release\net8.0\eliassen.system.tests.dll" id="b13fa943-22bd-9e1f-c5db-ef62652cfa07" xmlns="http://microsoft.com/schemas/VisualStudio/TeamTest/2010">
      <TestCategory>
        <TestCategoryItem TestCategory="Unit" />
      </TestCategory>
      <Execution id="bb0c1b76-1c71-4c4d-a428-ca092e49680d" />
      <TestMethod codeBase="c:\Repos\Nucleus\Net.Libs\Framework\Eliassen.System.Tests\bin\Release\net8.0\Eliassen.System.Tests.dll" adapterTypeName="executor://mstestadapter/v2" className="Eliassen.System.Tests.Reflection.EnumExtensionsTests" name="ToEnumTest" />
    </UnitTest>
    <UnitTest name="ToEnumTest (test short,WithDisplay)" storage="c:\repos\nucleus\net.libs\framework\eliassen.system.tests\bin\release\net8.0\eliassen.system.tests.dll" id="58462863-ff6d-f063-2a0a-2d8d701b12ea" xmlns="http://microsoft.com/schemas/VisualStudio/TeamTest/2010">
      <TestCategory>
        <TestCategoryItem TestCategory="Unit" />
      </TestCategory>
      <Execution id="fe6eb761-c776-4af4-a11a-df8b282381a7" />
      <TestMethod codeBase="c:\Repos\Nucleus\Net.Libs\Framework\Eliassen.System.Tests\bin\Release\net8.0\Eliassen.System.Tests.dll" adapterTypeName="executor://mstestadapter/v2" className="Eliassen.System.Tests.Reflection.EnumExtensionsTests" name="ToEnumTest" />
    </UnitTest>
    <UnitTest name="ToEnumTest (Val2,Val1,Val1, Val2)" storage="c:\repos\nucleus\net.libs\framework\eliassen.system.tests\bin\release\net8.0\eliassen.system.tests.dll" id="cb4cfb9e-73c3-8e26-9b3a-14e0a5fbae7b" xmlns="http://microsoft.com/schemas/VisualStudio/TeamTest/2010">
      <TestCategory>
        <TestCategoryItem TestCategory="Unit" />
      </TestCategory>
      <Execution id="e38a042e-bcc8-4766-8bef-d0ded6a27e1f" />
      <TestMethod codeBase="c:\Repos\Nucleus\Net.Libs\Framework\Eliassen.System.Tests\bin\Release\net8.0\Eliassen.System.Tests.dll" adapterTypeName="executor://mstestadapter/v2" className="Eliassen.System.Tests.Reflection.EnumExtensionsTests" name="ToEnumTest" />
    </UnitTest>
    <UnitTest name="ToEnumTest (Val2, Val1,Val1, Val2)" storage="c:\repos\nucleus\net.libs\framework\eliassen.system.tests\bin\release\net8.0\eliassen.system.tests.dll" id="1d309172-e008-0657-5b5e-95e52af2c894" xmlns="http://microsoft.com/schemas/VisualStudio/TeamTest/2010">
      <TestCategory>
        <TestCategoryItem TestCategory="Unit" />
      </TestCategory>
      <Execution id="25c4e596-9670-4f88-916d-7a87e18314b4" />
      <TestMethod codeBase="c:\Repos\Nucleus\Net.Libs\Framework\Eliassen.System.Tests\bin\Release\net8.0\Eliassen.System.Tests.dll" adapterTypeName="executor://mstestadapter/v2" className="Eliassen.System.Tests.Reflection.EnumExtensionsTests" name="ToEnumTest" />
    </UnitTest>
    <UnitTest name="ToEnumTest (1,Val1)" storage="c:\repos\nucleus\net.libs\framework\eliassen.system.tests\bin\release\net8.0\eliassen.system.tests.dll" id="2be8e5bd-2821-3300-9bb9-16d0bbda7431" xmlns="http://microsoft.com/schemas/VisualStudio/TeamTest/2010">
      <TestCategory>
        <TestCategoryItem TestCategory="Unit" />
      </TestCategory>
      <Execution id="65a7403a-c0bf-4c2b-842d-ac76b0fd888c" />
      <TestMethod codeBase="c:\Repos\Nucleus\Net.Libs\Framework\Eliassen.System.Tests\bin\Release\net8.0\Eliassen.System.Tests.dll" adapterTypeName="executor://mstestadapter/v2" className="Eliassen.System.Tests.Reflection.EnumExtensionsTests" name="ToEnumTest" />
    </UnitTest>
    <UnitTest name="ExecuteByTest_Sort (name,Descending,999,998,997,996,995,994,993,992,991,990)" storage="c:\repos\nucleus\net.libs\framework\eliassen.system.tests\bin\release\net8.0\eliassen.system.tests.dll" id="ec5b60ed-7fe8-4ace-f494-55fd9fc20bb2" xmlns="http://microsoft.com/schemas/VisualStudio/TeamTest/2010">
      <TestCategory>
        <TestCategoryItem TestCategory="Unit" />
      </TestCategory>
      <Execution id="13a1afd3-a78c-4e08-954a-cb01dba67abb" />
      <TestMethod codeBase="c:\Repos\Nucleus\Net.Libs\Framework\Eliassen.System.Tests\bin\Release\net8.0\Eliassen.System.Tests.dll" adapterTypeName="executor://mstestadapter/v2" className="Eliassen.System.Tests.Linq.QueryableExtensionsTests" name="ExecuteByTest_Sort" />
    </UnitTest>
    <UnitTest name="ToEnumTest (2,Val2)" storage="c:\repos\nucleus\nucleus.net.libs\framework\eliassen.system.tests\bin\release\net8.0\eliassen.system.tests.dll" id="101e9e04-cff8-8fa9-c661-9d47b6be78ef" xmlns="http://microsoft.com/schemas/VisualStudio/TeamTest/2010">
      <TestCategory>
        <TestCategoryItem TestCategory="Unit" />
      </TestCategory>
      <Execution id="c70c49bc-f96d-4093-bcf2-cb696c0ab49d" />
      <TestMethod codeBase="c:\Repos\Nucleus\Nucleus.Net.Libs\Framework\Eliassen.System.Tests\bin\Release\net8.0\Eliassen.System.Tests.dll" adapterTypeName="executor://mstestadapter/v2" className="Eliassen.System.Tests.Reflection.EnumExtensionsTests" name="ToEnumTest" />
    </UnitTest>
    <UnitTest name="ToEnumTest (test name,WithDisplay)" storage="c:\repos\nucleus\nucleus.net.libs\framework\eliassen.system.tests\bin\release\net8.0\eliassen.system.tests.dll" id="e084b9bb-3fb5-a391-9844-c9e65646417a" xmlns="http://microsoft.com/schemas/VisualStudio/TeamTest/2010">
      <TestCategory>
        <TestCategoryItem TestCategory="Unit" />
      </TestCategory>
      <Execution id="351485cb-8268-4d2f-9c02-11ed92cea827" />
      <TestMethod codeBase="c:\Repos\Nucleus\Nucleus.Net.Libs\Framework\Eliassen.System.Tests\bin\Release\net8.0\Eliassen.System.Tests.dll" adapterTypeName="executor://mstestadapter/v2" className="Eliassen.System.Tests.Reflection.EnumExtensionsTests" name="ToEnumTest" />
    </UnitTest>
    <UnitTest name="ToEnumTest (0,Val0)" storage="c:\repos\nucleus\nucleus.net.libs\framework\eliassen.system.tests\bin\release\net8.0\eliassen.system.tests.dll" id="d543c38b-7074-0e95-e523-50409de6c955" xmlns="http://microsoft.com/schemas/VisualStudio/TeamTest/2010">
      <TestCategory>
        <TestCategoryItem TestCategory="Unit" />
      </TestCategory>
      <Execution id="a48826de-d781-444b-ac92-1769fb02ef29" />
      <TestMethod codeBase="c:\Repos\Nucleus\Nucleus.Net.Libs\Framework\Eliassen.System.Tests\bin\Release\net8.0\Eliassen.System.Tests.dll" adapterTypeName="executor://mstestadapter/v2" className="Eliassen.System.Tests.Reflection.EnumExtensionsTests" name="ToEnumTest" />
    </UnitTest>
    <UnitTest name="ToEnumTest (Val2 ,Val1,Val1, Val2)" storage="c:\repos\nucleus\nucleus.net.libs\framework\eliassen.system.tests\bin\release\net8.0\eliassen.system.tests.dll" id="78601fce-42b7-1d43-f4d2-c9e13ea5ac39" xmlns="http://microsoft.com/schemas/VisualStudio/TeamTest/2010">
      <TestCategory>
        <TestCategoryItem TestCategory="Unit" />
      </TestCategory>
      <Execution id="e6c93435-ef8e-49ad-aaf2-2216d1eb9617" />
      <TestMethod codeBase="c:\Repos\Nucleus\Nucleus.Net.Libs\Framework\Eliassen.System.Tests\bin\Release\net8.0\Eliassen.System.Tests.dll" adapterTypeName="executor://mstestadapter/v2" className="Eliassen.System.Tests.Reflection.EnumExtensionsTests" name="ToEnumTest" />
    </UnitTest>
    <UnitTest name="ToEnumTest (test description,WithDescription)" storage="c:\repos\nucleus\nucleus.net.libs\framework\eliassen.system.tests\bin\release\net8.0\eliassen.system.tests.dll" id="447a7ec8-4d58-9251-c78c-779d4ba60530" xmlns="http://microsoft.com/schemas/VisualStudio/TeamTest/2010">
      <TestCategory>
        <TestCategoryItem TestCategory="Unit" />
      </TestCategory>
      <Execution id="3197f7d8-073e-43e1-b6a7-458209a1d84d" />
      <TestMethod codeBase="c:\Repos\Nucleus\Nucleus.Net.Libs\Framework\Eliassen.System.Tests\bin\Release\net8.0\Eliassen.System.Tests.dll" adapterTypeName="executor://mstestadapter/v2" className="Eliassen.System.Tests.Reflection.EnumExtensionsTests" name="ToEnumTest" />
    </UnitTest>
    <UnitTest name="ToEnumTest (1,Val1)" storage="c:\repos\nucleus\nucleus.net.libs\framework\eliassen.system.tests\bin\release\net8.0\eliassen.system.tests.dll" id="fe55777e-1d6a-5099-e51b-5211c764827b" xmlns="http://microsoft.com/schemas/VisualStudio/TeamTest/2010">
      <TestCategory>
        <TestCategoryItem TestCategory="Unit" />
      </TestCategory>
      <Execution id="8181ef2f-c47d-4a59-8cbd-3260c0b5cf37" />
      <TestMethod codeBase="c:\Repos\Nucleus\Nucleus.Net.Libs\Framework\Eliassen.System.Tests\bin\Release\net8.0\Eliassen.System.Tests.dll" adapterTypeName="executor://mstestadapter/v2" className="Eliassen.System.Tests.Reflection.EnumExtensionsTests" name="ToEnumTest" />
    </UnitTest>
    <UnitTest name="ToEnumTest (Val2|Val1,Val1, Val2)" storage="c:\repos\nucleus\nucleus.net.libs\framework\eliassen.system.tests\bin\release\net8.0\eliassen.system.tests.dll" id="c3657274-5684-84b0-53f6-50ffb36049ed" xmlns="http://microsoft.com/schemas/VisualStudio/TeamTest/2010">
      <TestCategory>
        <TestCategoryItem TestCategory="Unit" />
      </TestCategory>
      <Execution id="ecc2ff08-d281-41aa-aa1c-810d2503ad98" />
      <TestMethod codeBase="c:\Repos\Nucleus\Nucleus.Net.Libs\Framework\Eliassen.System.Tests\bin\Release\net8.0\Eliassen.System.Tests.dll" adapterTypeName="executor://mstestadapter/v2" className="Eliassen.System.Tests.Reflection.EnumExtensionsTests" name="ToEnumTest" />
    </UnitTest>
    <UnitTest name="ToEnumTest (Val1,Val1)" storage="c:\repos\nucleus\nucleus.net.libs\framework\eliassen.system.tests\bin\release\net8.0\eliassen.system.tests.dll" id="15f0f0c3-de9f-da14-426b-78765c04900a" xmlns="http://microsoft.com/schemas/VisualStudio/TeamTest/2010">
      <TestCategory>
        <TestCategoryItem TestCategory="Unit" />
      </TestCategory>
      <Execution id="dfce5ddb-c232-4281-b0c5-c1b7ce1ee552" />
      <TestMethod codeBase="c:\Repos\Nucleus\Nucleus.Net.Libs\Framework\Eliassen.System.Tests\bin\Release\net8.0\Eliassen.System.Tests.dll" adapterTypeName="executor://mstestadapter/v2" className="Eliassen.System.Tests.Reflection.EnumExtensionsTests" name="ToEnumTest" />
    </UnitTest>
    <UnitTest name="ToEnumTest (4,WithEnumValue)" storage="c:\repos\nucleus\nucleus.net.libs\framework\eliassen.system.tests\bin\release\net8.0\eliassen.system.tests.dll" id="7d752d6c-ea35-c2bf-5a54-d2a77f5d8d11" xmlns="http://microsoft.com/schemas/VisualStudio/TeamTest/2010">
      <TestCategory>
        <TestCategoryItem TestCategory="Unit" />
      </TestCategory>
      <Execution id="18756d29-7d08-40fd-b654-99160b51da58" />
      <TestMethod codeBase="c:\Repos\Nucleus\Nucleus.Net.Libs\Framework\Eliassen.System.Tests\bin\Release\net8.0\Eliassen.System.Tests.dll" adapterTypeName="executor://mstestadapter/v2" className="Eliassen.System.Tests.Reflection.EnumExtensionsTests" name="ToEnumTest" />
    </UnitTest>
    <UnitTest name="ToEnumTest (Val2,Val2)" storage="c:\repos\nucleus\nucleus.net.libs\framework\eliassen.system.tests\bin\release\net8.0\eliassen.system.tests.dll" id="4e84d721-e721-48df-0fef-58399d42c3e4" xmlns="http://microsoft.com/schemas/VisualStudio/TeamTest/2010">
      <TestCategory>
        <TestCategoryItem TestCategory="Unit" />
      </TestCategory>
      <Execution id="04128a44-80cf-48cb-b422-a5a08d87432a" />
      <TestMethod codeBase="c:\Repos\Nucleus\Nucleus.Net.Libs\Framework\Eliassen.System.Tests\bin\Release\net8.0\Eliassen.System.Tests.dll" adapterTypeName="executor://mstestadapter/v2" className="Eliassen.System.Tests.Reflection.EnumExtensionsTests" name="ToEnumTest" />
    </UnitTest>
    <UnitTest name="ExecuteByTest_Sort (name,Descending,999,998,997,996,995,994,993,992,991,990)" storage="c:\repos\nucleus\nucleus.net.libs\framework\eliassen.system.tests\bin\release\net8.0\eliassen.system.tests.dll" id="acbf883b-a248-9198-bfe3-0944bb2a2172" xmlns="http://microsoft.com/schemas/VisualStudio/TeamTest/2010">
      <TestCategory>
        <TestCategoryItem TestCategory="Unit" />
      </TestCategory>
      <Execution id="79852190-e388-45cd-be04-bc0497e16c2d" />
      <TestMethod codeBase="c:\Repos\Nucleus\Nucleus.Net.Libs\Framework\Eliassen.System.Tests\bin\Release\net8.0\Eliassen.System.Tests.dll" adapterTypeName="executor://mstestadapter/v2" className="Eliassen.System.Tests.Linq.QueryableExtensionsTests" name="ExecuteByTest_Sort" />
    </UnitTest>
    <UnitTest name="ToEnumTest (3,Val1, Val2)" storage="c:\repos\nucleus\nucleus.net.libs\framework\eliassen.system.tests\bin\release\net8.0\eliassen.system.tests.dll" id="1521fdf8-ee8e-3f24-da8a-3dd3b9aaa633" xmlns="http://microsoft.com/schemas/VisualStudio/TeamTest/2010">
      <TestCategory>
        <TestCategoryItem TestCategory="Unit" />
      </TestCategory>
      <Execution id="77bc299b-da34-46c5-aacd-1208db4daad0" />
      <TestMethod codeBase="c:\Repos\Nucleus\Nucleus.Net.Libs\Framework\Eliassen.System.Tests\bin\Release\net8.0\Eliassen.System.Tests.dll" adapterTypeName="executor://mstestadapter/v2" className="Eliassen.System.Tests.Reflection.EnumExtensionsTests" name="ToEnumTest" />
    </UnitTest>
    <UnitTest name="ToEnumTest (name,WithEnumValue)" storage="c:\repos\nucleus\nucleus.net.libs\framework\eliassen.system.tests\bin\release\net8.0\eliassen.system.tests.dll" id="00a18adb-717a-ef94-6424-5f5fb443e4cf" xmlns="http://microsoft.com/schemas/VisualStudio/TeamTest/2010">
      <TestCategory>
        <TestCategoryItem TestCategory="Unit" />
      </TestCategory>
      <Execution id="a2eeaec0-4c42-4a19-bf9f-9de81436c286" />
      <TestMethod codeBase="c:\Repos\Nucleus\Nucleus.Net.Libs\Framework\Eliassen.System.Tests\bin\Release\net8.0\Eliassen.System.Tests.dll" adapterTypeName="executor://mstestadapter/v2" className="Eliassen.System.Tests.Reflection.EnumExtensionsTests" name="ToEnumTest" />
    </UnitTest>
    <UnitTest name="ToEnumTest (name,name2|test name,WithEnumValue, WithMemberName, WithDisplay)" storage="c:\repos\nucleus\nucleus.net.libs\framework\eliassen.system.tests\bin\release\net8.0\eliassen.system.tests.dll" id="e25795eb-c389-3b43-4e5f-ee4489209b2a" xmlns="http://microsoft.com/schemas/VisualStudio/TeamTest/2010">
      <TestCategory>
        <TestCategoryItem TestCategory="Unit" />
      </TestCategory>
      <Execution id="e434b4f8-a853-444b-b0b9-54e6cbe4a78c" />
      <TestMethod codeBase="c:\Repos\Nucleus\Nucleus.Net.Libs\Framework\Eliassen.System.Tests\bin\Release\net8.0\Eliassen.System.Tests.dll" adapterTypeName="executor://mstestadapter/v2" className="Eliassen.System.Tests.Reflection.EnumExtensionsTests" name="ToEnumTest" />
    </UnitTest>
    <UnitTest name="ToEnumTest (-1,-1)" storage="c:\repos\nucleus\nucleus.net.libs\framework\eliassen.system.tests\bin\release\net8.0\eliassen.system.tests.dll" id="162a9975-fa90-6541-ed71-2ec4dcc7aa4e" xmlns="http://microsoft.com/schemas/VisualStudio/TeamTest/2010">
      <TestCategory>
        <TestCategoryItem TestCategory="Unit" />
      </TestCategory>
      <Execution id="e0254913-8141-40a8-95c8-9dd308a14d36" />
      <TestMethod codeBase="c:\Repos\Nucleus\Nucleus.Net.Libs\Framework\Eliassen.System.Tests\bin\Release\net8.0\Eliassen.System.Tests.dll" adapterTypeName="executor://mstestadapter/v2" className="Eliassen.System.Tests.Reflection.EnumExtensionsTests" name="ToEnumTest" />
    </UnitTest>
    <UnitTest name="ToEnumTest (Val2 , Val1,Val1, Val2)" storage="c:\repos\nucleus\nucleus.net.libs\framework\eliassen.system.tests\bin\release\net8.0\eliassen.system.tests.dll" id="d27fa711-0e9a-e814-3ef2-aa33f0dcce39" xmlns="http://microsoft.com/schemas/VisualStudio/TeamTest/2010">
      <TestCategory>
        <TestCategoryItem TestCategory="Unit" />
      </TestCategory>
      <Execution id="6a431397-008a-4db9-b5b4-8a1a7ccb9190" />
      <TestMethod codeBase="c:\Repos\Nucleus\Nucleus.Net.Libs\Framework\Eliassen.System.Tests\bin\Release\net8.0\Eliassen.System.Tests.dll" adapterTypeName="executor://mstestadapter/v2" className="Eliassen.System.Tests.Reflection.EnumExtensionsTests" name="ToEnumTest" />
    </UnitTest>
    <UnitTest name="ExecuteByTest_Sort (NAME,Descending,999,998,997,996,995,994,993,992,991,990)" storage="c:\repos\nucleus\nucleus.net.libs\framework\eliassen.system.tests\bin\release\net8.0\eliassen.system.tests.dll" id="8a35045d-3fa3-99c5-00ae-6cb0cc7f41bf" xmlns="http://microsoft.com/schemas/VisualStudio/TeamTest/2010">
      <TestCategory>
        <TestCategoryItem TestCategory="Unit" />
      </TestCategory>
      <Execution id="896b5866-8d4e-488f-b119-3fb294b5f1b6" />
      <TestMethod codeBase="c:\Repos\Nucleus\Nucleus.Net.Libs\Framework\Eliassen.System.Tests\bin\Release\net8.0\Eliassen.System.Tests.dll" adapterTypeName="executor://mstestadapter/v2" className="Eliassen.System.Tests.Linq.QueryableExtensionsTests" name="ExecuteByTest_Sort" />
    </UnitTest>
    <UnitTest name="ExecuteByTest_Sort (Name,Ascending,0,1,10,100,101,102,103,104,105,106)" storage="c:\repos\nucleus\nucleus.net.libs\framework\eliassen.system.tests\bin\release\net8.0\eliassen.system.tests.dll" id="05a8bf42-5434-8515-7c2c-2cfaa500d506" xmlns="http://microsoft.com/schemas/VisualStudio/TeamTest/2010">
      <TestCategory>
        <TestCategoryItem TestCategory="Unit" />
      </TestCategory>
      <Execution id="1f2e013d-1505-4ee6-984a-680392ab239e" />
      <TestMethod codeBase="c:\Repos\Nucleus\Nucleus.Net.Libs\Framework\Eliassen.System.Tests\bin\Release\net8.0\Eliassen.System.Tests.dll" adapterTypeName="executor://mstestadapter/v2" className="Eliassen.System.Tests.Linq.QueryableExtensionsTests" name="ExecuteByTest_Sort" />
    </UnitTest>
    <UnitTest name="ToEnumTest (Val2,Val1,Val1, Val2)" storage="c:\repos\nucleus\nucleus.net.libs\framework\eliassen.system.tests\bin\release\net8.0\eliassen.system.tests.dll" id="51b3917d-24ec-e1ae-8b96-e40add1a9fbb" xmlns="http://microsoft.com/schemas/VisualStudio/TeamTest/2010">
      <TestCategory>
        <TestCategoryItem TestCategory="Unit" />
      </TestCategory>
      <Execution id="e57533bb-ba57-4eb9-95fd-e6e0635d1d6c" />
      <TestMethod codeBase="c:\Repos\Nucleus\Nucleus.Net.Libs\Framework\Eliassen.System.Tests\bin\Release\net8.0\Eliassen.System.Tests.dll" adapterTypeName="executor://mstestadapter/v2" className="Eliassen.System.Tests.Reflection.EnumExtensionsTests" name="ToEnumTest" />
    </UnitTest>
    <UnitTest name="ToEnumTest (name2,WithMemberName)" storage="c:\repos\nucleus\nucleus.net.libs\framework\eliassen.system.tests\bin\release\net8.0\eliassen.system.tests.dll" id="74c0350c-cd7d-cb05-e9ec-3dbfcdb5e334" xmlns="http://microsoft.com/schemas/VisualStudio/TeamTest/2010">
      <TestCategory>
        <TestCategoryItem TestCategory="Unit" />
      </TestCategory>
      <Execution id="3f2bae64-395b-436c-8e1a-3b2e9cab7249" />
      <TestMethod codeBase="c:\Repos\Nucleus\Nucleus.Net.Libs\Framework\Eliassen.System.Tests\bin\Release\net8.0\Eliassen.System.Tests.dll" adapterTypeName="executor://mstestadapter/v2" className="Eliassen.System.Tests.Reflection.EnumExtensionsTests" name="ToEnumTest" />
    </UnitTest>
    <UnitTest name="ToEnumTest (Val2, Val1,Val1, Val2)" storage="c:\repos\nucleus\nucleus.net.libs\framework\eliassen.system.tests\bin\release\net8.0\eliassen.system.tests.dll" id="bfa565c7-fa2e-8baa-d496-303afe5abd4e" xmlns="http://microsoft.com/schemas/VisualStudio/TeamTest/2010">
      <TestCategory>
        <TestCategoryItem TestCategory="Unit" />
      </TestCategory>
      <Execution id="f8a92779-5ab8-4cb9-a168-2121fa852f2a" />
      <TestMethod codeBase="c:\Repos\Nucleus\Nucleus.Net.Libs\Framework\Eliassen.System.Tests\bin\Release\net8.0\Eliassen.System.Tests.dll" adapterTypeName="executor://mstestadapter/v2" className="Eliassen.System.Tests.Reflection.EnumExtensionsTests" name="ToEnumTest" />
    </UnitTest>
    <UnitTest name="ExecuteByTest_Sort (Name,Descending,999,998,997,996,995,994,993,992,991,990)" storage="c:\repos\nucleus\nucleus.net.libs\framework\eliassen.system.tests\bin\release\net8.0\eliassen.system.tests.dll" id="e3aee510-497a-29c4-a957-cf3658ce44bf" xmlns="http://microsoft.com/schemas/VisualStudio/TeamTest/2010">
      <TestCategory>
        <TestCategoryItem TestCategory="Unit" />
      </TestCategory>
      <Execution id="e29829e2-e09b-4b7f-8c5a-0b3c93a58858" />
      <TestMethod codeBase="c:\Repos\Nucleus\Nucleus.Net.Libs\Framework\Eliassen.System.Tests\bin\Release\net8.0\Eliassen.System.Tests.dll" adapterTypeName="executor://mstestadapter/v2" className="Eliassen.System.Tests.Linq.QueryableExtensionsTests" name="ExecuteByTest_Sort" />
    </UnitTest>
    <UnitTest name="ToEnumTest (test display,WithDisplay)" storage="c:\repos\nucleus\nucleus.net.libs\framework\eliassen.system.tests\bin\release\net8.0\eliassen.system.tests.dll" id="38847c53-ed57-2707-a54c-021211b43dbe" xmlns="http://microsoft.com/schemas/VisualStudio/TeamTest/2010">
      <TestCategory>
        <TestCategoryItem TestCategory="Unit" />
      </TestCategory>
      <Execution id="37a32046-ac8a-46b1-add6-81681f6821ec" />
      <TestMethod codeBase="c:\Repos\Nucleus\Nucleus.Net.Libs\Framework\Eliassen.System.Tests\bin\Release\net8.0\Eliassen.System.Tests.dll" adapterTypeName="executor://mstestadapter/v2" className="Eliassen.System.Tests.Reflection.EnumExtensionsTests" name="ToEnumTest" />
    </UnitTest>
    <UnitTest name="ToEnumTest (test short,WithDisplay)" storage="c:\repos\nucleus\nucleus.net.libs\framework\eliassen.system.tests\bin\release\net8.0\eliassen.system.tests.dll" id="6a819246-7db0-b20a-947c-c26438c9bd63" xmlns="http://microsoft.com/schemas/VisualStudio/TeamTest/2010">
      <TestCategory>
        <TestCategoryItem TestCategory="Unit" />
      </TestCategory>
      <Execution id="186e7de0-eec0-4ad4-b4a3-ce2107158feb" />
      <TestMethod codeBase="c:\Repos\Nucleus\Nucleus.Net.Libs\Framework\Eliassen.System.Tests\bin\Release\net8.0\Eliassen.System.Tests.dll" adapterTypeName="executor://mstestadapter/v2" className="Eliassen.System.Tests.Reflection.EnumExtensionsTests" name="ToEnumTest" />
    </UnitTest>
    <UnitTest name="ToEnumTest (3,Val1, Val2)" storage="c:\repos\nucleus\nucleus.net.libs\framework\eliassen.system.tests\bin\release\net8.0\eliassen.system.tests.dll" id="f0a8452b-a880-3678-5fa2-b0b5343292bb" xmlns="http://microsoft.com/schemas/VisualStudio/TeamTest/2010">
      <TestCategory>
        <TestCategoryItem TestCategory="Unit" />
      </TestCategory>
      <Execution id="ef073c36-8900-4a29-941a-93c273a1482e" />
      <TestMethod codeBase="c:\Repos\Nucleus\Nucleus.Net.Libs\Framework\Eliassen.System.Tests\bin\Release\net8.0\Eliassen.System.Tests.dll" adapterTypeName="executor://mstestadapter/v2" className="Eliassen.System.Tests.Reflection.EnumExtensionsTests" name="ToEnumTest" />
    </UnitTest>
    <UnitTest name="ToEnumTest (Val2|Val1,Val1, Val2)" storage="c:\repos\nucleus\nucleus.net.libs\framework\eliassen.system.tests\bin\release\net8.0\eliassen.system.tests.dll" id="85c1e566-d68d-d955-a41f-828e82e07cee" xmlns="http://microsoft.com/schemas/VisualStudio/TeamTest/2010">
      <TestCategory>
        <TestCategoryItem TestCategory="Unit" />
      </TestCategory>
      <Execution id="a6387c49-36ed-46fb-95dc-d2adefee172f" />
      <TestMethod codeBase="c:\Repos\Nucleus\Nucleus.Net.Libs\Framework\Eliassen.System.Tests\bin\Release\net8.0\Eliassen.System.Tests.dll" adapterTypeName="executor://mstestadapter/v2" className="Eliassen.System.Tests.Reflection.EnumExtensionsTests" name="ToEnumTest" />
    </UnitTest>
    <UnitTest name="ToEnumTest (4,WithEnumValue)" storage="c:\repos\nucleus\nucleus.net.libs\framework\eliassen.system.tests\bin\release\net8.0\eliassen.system.tests.dll" id="27d7c2e1-6a3b-6d4f-0096-57d930cb5166" xmlns="http://microsoft.com/schemas/VisualStudio/TeamTest/2010">
      <TestCategory>
        <TestCategoryItem TestCategory="Unit" />
      </TestCategory>
      <Execution id="d2af7365-7d24-480d-a400-0e05744713dd" />
      <TestMethod codeBase="c:\Repos\Nucleus\Nucleus.Net.Libs\Framework\Eliassen.System.Tests\bin\Release\net8.0\Eliassen.System.Tests.dll" adapterTypeName="executor://mstestadapter/v2" className="Eliassen.System.Tests.Reflection.EnumExtensionsTests" name="ToEnumTest" />
    </UnitTest>
    <UnitTest name="ToEnumTest (Val2 ,Val1,Val1, Val2)" storage="c:\repos\nucleus\nucleus.net.libs\framework\eliassen.system.tests\bin\release\net8.0\eliassen.system.tests.dll" id="d4c79ddc-bac1-9c46-ff17-af527979978d" xmlns="http://microsoft.com/schemas/VisualStudio/TeamTest/2010">
      <TestCategory>
        <TestCategoryItem TestCategory="Unit" />
      </TestCategory>
      <Execution id="4b47c1d1-47e6-4110-8726-330ee0e8b396" />
      <TestMethod codeBase="c:\Repos\Nucleus\Nucleus.Net.Libs\Framework\Eliassen.System.Tests\bin\Release\net8.0\Eliassen.System.Tests.dll" adapterTypeName="executor://mstestadapter/v2" className="Eliassen.System.Tests.Reflection.EnumExtensionsTests" name="ToEnumTest" />
    </UnitTest>
    <UnitTest name="ExecuteByTest_Sort (name,Descending,999,998,997,996,995,994,993,992,991,990)" storage="c:\repos\nucleus\nucleus.net.libs\framework\eliassen.system.tests\bin\release\net8.0\eliassen.system.tests.dll" id="02f35529-4ead-47e9-3f31-cb3572ed4bd3" xmlns="http://microsoft.com/schemas/VisualStudio/TeamTest/2010">
      <TestCategory>
        <TestCategoryItem TestCategory="Unit" />
      </TestCategory>
      <Execution id="5a99d377-0a53-48ab-a8d1-84f83429ba1b" />
      <TestMethod codeBase="c:\Repos\Nucleus\Nucleus.Net.Libs\Framework\Eliassen.System.Tests\bin\Release\net8.0\Eliassen.System.Tests.dll" adapterTypeName="executor://mstestadapter/v2" className="Eliassen.System.Tests.Linq.QueryableExtensionsTests" name="ExecuteByTest_Sort" />
    </UnitTest>
    <UnitTest name="ToEnumTest (test name,WithDisplay)" storage="c:\repos\nucleus\nucleus.net.libs\framework\eliassen.system.tests\bin\release\net8.0\eliassen.system.tests.dll" id="904d5d76-7886-9282-84ca-d6d2d719e578" xmlns="http://microsoft.com/schemas/VisualStudio/TeamTest/2010">
      <TestCategory>
        <TestCategoryItem TestCategory="Unit" />
      </TestCategory>
      <Execution id="6186f790-fb76-4a2b-8908-a2e7696d1f9a" />
      <TestMethod codeBase="c:\Repos\Nucleus\Nucleus.Net.Libs\Framework\Eliassen.System.Tests\bin\Release\net8.0\Eliassen.System.Tests.dll" adapterTypeName="executor://mstestadapter/v2" className="Eliassen.System.Tests.Reflection.EnumExtensionsTests" name="ToEnumTest" />
    </UnitTest>
    <UnitTest name="ToEnumTest (test short,WithDisplay)" storage="c:\repos\nucleus\nucleus.net.libs\framework\eliassen.system.tests\bin\release\net8.0\eliassen.system.tests.dll" id="dd99c6d8-5061-c33e-9fb5-f6db9b5c95f7" xmlns="http://microsoft.com/schemas/VisualStudio/TeamTest/2010">
      <TestCategory>
        <TestCategoryItem TestCategory="Unit" />
      </TestCategory>
      <Execution id="75bf6047-ea0e-41b5-830d-d9d9d4912604" />
      <TestMethod codeBase="c:\Repos\Nucleus\Nucleus.Net.Libs\Framework\Eliassen.System.Tests\bin\Release\net8.0\Eliassen.System.Tests.dll" adapterTypeName="executor://mstestadapter/v2" className="Eliassen.System.Tests.Reflection.EnumExtensionsTests" name="ToEnumTest" />
    </UnitTest>
    <UnitTest name="ToEnumTest (test description,WithDescription)" storage="c:\repos\nucleus\nucleus.net.libs\framework\eliassen.system.tests\bin\release\net8.0\eliassen.system.tests.dll" id="7409cd42-f673-2565-2261-30abc9b0641d" xmlns="http://microsoft.com/schemas/VisualStudio/TeamTest/2010">
      <TestCategory>
        <TestCategoryItem TestCategory="Unit" />
      </TestCategory>
      <Execution id="0e0d6807-c148-41cd-8bfe-7e90adfef3ce" />
      <TestMethod codeBase="c:\Repos\Nucleus\Nucleus.Net.Libs\Framework\Eliassen.System.Tests\bin\Release\net8.0\Eliassen.System.Tests.dll" adapterTypeName="executor://mstestadapter/v2" className="Eliassen.System.Tests.Reflection.EnumExtensionsTests" name="ToEnumTest" />
    </UnitTest>
    <UnitTest name="ToEnumTest (name,WithEnumValue)" storage="c:\repos\nucleus\nucleus.net.libs\framework\eliassen.system.tests\bin\release\net8.0\eliassen.system.tests.dll" id="c737a9ae-6e38-8556-c3b4-7587ecb9acbb" xmlns="http://microsoft.com/schemas/VisualStudio/TeamTest/2010">
      <TestCategory>
        <TestCategoryItem TestCategory="Unit" />
      </TestCategory>
      <Execution id="4636552b-eee8-45c8-8b89-ee19180edd16" />
      <TestMethod codeBase="c:\Repos\Nucleus\Nucleus.Net.Libs\Framework\Eliassen.System.Tests\bin\Release\net8.0\Eliassen.System.Tests.dll" adapterTypeName="executor://mstestadapter/v2" className="Eliassen.System.Tests.Reflection.EnumExtensionsTests" name="ToEnumTest" />
    </UnitTest>
    <UnitTest name="ToEnumTest (test display,WithDisplay)" storage="c:\repos\nucleus\nucleus.net.libs\framework\eliassen.system.tests\bin\release\net8.0\eliassen.system.tests.dll" id="86518760-fa00-295e-47cc-e5d6dba47527" xmlns="http://microsoft.com/schemas/VisualStudio/TeamTest/2010">
      <TestCategory>
        <TestCategoryItem TestCategory="Unit" />
      </TestCategory>
      <Execution id="35ab43cd-1869-4f9b-8507-ada9b40c2034" />
      <TestMethod codeBase="c:\Repos\Nucleus\Nucleus.Net.Libs\Framework\Eliassen.System.Tests\bin\Release\net8.0\Eliassen.System.Tests.dll" adapterTypeName="executor://mstestadapter/v2" className="Eliassen.System.Tests.Reflection.EnumExtensionsTests" name="ToEnumTest" />
    </UnitTest>
    <UnitTest name="ToEnumTest (Val2,Val1,Val1, Val2)" storage="c:\repos\nucleus\nucleus.net.libs\framework\eliassen.system.tests\bin\release\net8.0\eliassen.system.tests.dll" id="08cb4208-4fe7-b76b-4972-5be8287f6cc2" xmlns="http://microsoft.com/schemas/VisualStudio/TeamTest/2010">
      <TestCategory>
        <TestCategoryItem TestCategory="Unit" />
      </TestCategory>
      <Execution id="0f2fc219-d5ec-4f5e-b13a-048ae18e0020" />
      <TestMethod codeBase="c:\Repos\Nucleus\Nucleus.Net.Libs\Framework\Eliassen.System.Tests\bin\Release\net8.0\Eliassen.System.Tests.dll" adapterTypeName="executor://mstestadapter/v2" className="Eliassen.System.Tests.Reflection.EnumExtensionsTests" name="ToEnumTest" />
    </UnitTest>
    <UnitTest name="ToEnumTest (Val2,Val2)" storage="c:\repos\nucleus\nucleus.net.libs\framework\eliassen.system.tests\bin\release\net8.0\eliassen.system.tests.dll" id="ef7812d1-d662-c64d-e88c-8e391f4a0f87" xmlns="http://microsoft.com/schemas/VisualStudio/TeamTest/2010">
      <TestCategory>
        <TestCategoryItem TestCategory="Unit" />
      </TestCategory>
      <Execution id="6840b25e-443c-4ec5-b295-6719b922103e" />
      <TestMethod codeBase="c:\Repos\Nucleus\Nucleus.Net.Libs\Framework\Eliassen.System.Tests\bin\Release\net8.0\Eliassen.System.Tests.dll" adapterTypeName="executor://mstestadapter/v2" className="Eliassen.System.Tests.Reflection.EnumExtensionsTests" name="ToEnumTest" />
    </UnitTest>
    <UnitTest name="ToEnumTest (1,Val1)" storage="c:\repos\nucleus\nucleus.net.libs\framework\eliassen.system.tests\bin\release\net8.0\eliassen.system.tests.dll" id="73b345a6-01ee-1f99-e257-2bd3980b2a55" xmlns="http://microsoft.com/schemas/VisualStudio/TeamTest/2010">
      <TestCategory>
        <TestCategoryItem TestCategory="Unit" />
      </TestCategory>
      <Execution id="3469966c-9f3e-4d99-8fc2-a96242f813e1" />
      <TestMethod codeBase="c:\Repos\Nucleus\Nucleus.Net.Libs\Framework\Eliassen.System.Tests\bin\Release\net8.0\Eliassen.System.Tests.dll" adapterTypeName="executor://mstestadapter/v2" className="Eliassen.System.Tests.Reflection.EnumExtensionsTests" name="ToEnumTest" />
    </UnitTest>
    <UnitTest name="ToEnumTest (-1,-1)" storage="c:\repos\nucleus\nucleus.net.libs\framework\eliassen.system.tests\bin\release\net8.0\eliassen.system.tests.dll" id="5fe0a77c-457c-1ad4-ea90-21c6f2197cf3" xmlns="http://microsoft.com/schemas/VisualStudio/TeamTest/2010">
      <TestCategory>
        <TestCategoryItem TestCategory="Unit" />
      </TestCategory>
      <Execution id="8418ecf4-9d6f-4e22-91aa-5451d0a7c120" />
      <TestMethod codeBase="c:\Repos\Nucleus\Nucleus.Net.Libs\Framework\Eliassen.System.Tests\bin\Release\net8.0\Eliassen.System.Tests.dll" adapterTypeName="executor://mstestadapter/v2" className="Eliassen.System.Tests.Reflection.EnumExtensionsTests" name="ToEnumTest" />
    </UnitTest>
    <UnitTest name="ToEnumTest (Val2, Val1,Val1, Val2)" storage="c:\repos\nucleus\nucleus.net.libs\framework\eliassen.system.tests\bin\release\net8.0\eliassen.system.tests.dll" id="8f963ded-5435-4dfe-3694-5269d26ce987" xmlns="http://microsoft.com/schemas/VisualStudio/TeamTest/2010">
      <TestCategory>
        <TestCategoryItem TestCategory="Unit" />
      </TestCategory>
      <Execution id="cc08876b-355e-476b-a399-8d0236e7c4bb" />
      <TestMethod codeBase="c:\Repos\Nucleus\Nucleus.Net.Libs\Framework\Eliassen.System.Tests\bin\Release\net8.0\Eliassen.System.Tests.dll" adapterTypeName="executor://mstestadapter/v2" className="Eliassen.System.Tests.Reflection.EnumExtensionsTests" name="ToEnumTest" />
    </UnitTest>
    <UnitTest name="ToEnumTest (Val2 , Val1,Val1, Val2)" storage="c:\repos\nucleus\nucleus.net.libs\framework\eliassen.system.tests\bin\release\net8.0\eliassen.system.tests.dll" id="00605a31-5bf4-6a10-d5d8-68605ca0fe9e" xmlns="http://microsoft.com/schemas/VisualStudio/TeamTest/2010">
      <TestCategory>
        <TestCategoryItem TestCategory="Unit" />
      </TestCategory>
      <Execution id="ebf56426-efb9-452a-8628-f5699921638c" />
      <TestMethod codeBase="c:\Repos\Nucleus\Nucleus.Net.Libs\Framework\Eliassen.System.Tests\bin\Release\net8.0\Eliassen.System.Tests.dll" adapterTypeName="executor://mstestadapter/v2" className="Eliassen.System.Tests.Reflection.EnumExtensionsTests" name="ToEnumTest" />
    </UnitTest>
    <UnitTest name="ExecuteByTest_Sort (Name,Ascending,0,1,10,100,101,102,103,104,105,106)" storage="c:\repos\nucleus\nucleus.net.libs\framework\eliassen.system.tests\bin\release\net8.0\eliassen.system.tests.dll" id="66aadc34-05ee-03ee-7c60-4bddd836a077" xmlns="http://microsoft.com/schemas/VisualStudio/TeamTest/2010">
      <TestCategory>
        <TestCategoryItem TestCategory="Unit" />
      </TestCategory>
      <Execution id="8fffc09a-fa07-40bd-9562-4033a141c6e6" />
      <TestMethod codeBase="c:\Repos\Nucleus\Nucleus.Net.Libs\Framework\Eliassen.System.Tests\bin\Release\net8.0\Eliassen.System.Tests.dll" adapterTypeName="executor://mstestadapter/v2" className="Eliassen.System.Tests.Linq.QueryableExtensionsTests" name="ExecuteByTest_Sort" />
    </UnitTest>
    <UnitTest name="ExecuteByTest_Sort (Name,Descending,999,998,997,996,995,994,993,992,991,990)" storage="c:\repos\nucleus\nucleus.net.libs\framework\eliassen.system.tests\bin\release\net8.0\eliassen.system.tests.dll" id="cc1b359f-b5fb-d9ba-7555-848df199bc6d" xmlns="http://microsoft.com/schemas/VisualStudio/TeamTest/2010">
      <TestCategory>
        <TestCategoryItem TestCategory="Unit" />
      </TestCategory>
      <Execution id="3d011932-da18-4e77-8839-159b1e267a83" />
      <TestMethod codeBase="c:\Repos\Nucleus\Nucleus.Net.Libs\Framework\Eliassen.System.Tests\bin\Release\net8.0\Eliassen.System.Tests.dll" adapterTypeName="executor://mstestadapter/v2" className="Eliassen.System.Tests.Linq.QueryableExtensionsTests" name="ExecuteByTest_Sort" />
    </UnitTest>
    <UnitTest name="ExecuteByTest_Sort (NAME,Descending,999,998,997,996,995,994,993,992,991,990)" storage="c:\repos\nucleus\nucleus.net.libs\framework\eliassen.system.tests\bin\release\net8.0\eliassen.system.tests.dll" id="a60b6d3e-da8f-8208-5340-a670e426e0ab" xmlns="http://microsoft.com/schemas/VisualStudio/TeamTest/2010">
      <TestCategory>
        <TestCategoryItem TestCategory="Unit" />
      </TestCategory>
      <Execution id="6e36dab4-5868-4ee2-b6a8-af2277b8154c" />
      <TestMethod codeBase="c:\Repos\Nucleus\Nucleus.Net.Libs\Framework\Eliassen.System.Tests\bin\Release\net8.0\Eliassen.System.Tests.dll" adapterTypeName="executor://mstestadapter/v2" className="Eliassen.System.Tests.Linq.QueryableExtensionsTests" name="ExecuteByTest_Sort" />
    </UnitTest>
    <UnitTest name="ToEnumTest (0,Val0)" storage="c:\repos\nucleus\nucleus.net.libs\framework\eliassen.system.tests\bin\release\net8.0\eliassen.system.tests.dll" id="2d610960-5163-7dee-2e11-4657bfeeb260" xmlns="http://microsoft.com/schemas/VisualStudio/TeamTest/2010">
      <TestCategory>
        <TestCategoryItem TestCategory="Unit" />
      </TestCategory>
      <Execution id="440b325e-4bb4-4744-9954-67b181635bc2" />
      <TestMethod codeBase="c:\Repos\Nucleus\Nucleus.Net.Libs\Framework\Eliassen.System.Tests\bin\Release\net8.0\Eliassen.System.Tests.dll" adapterTypeName="executor://mstestadapter/v2" className="Eliassen.System.Tests.Reflection.EnumExtensionsTests" name="ToEnumTest" />
    </UnitTest>
    <UnitTest name="ToEnumTest (name,name2|test name,WithEnumValue, WithMemberName, WithDisplay)" storage="c:\repos\nucleus\nucleus.net.libs\framework\eliassen.system.tests\bin\release\net8.0\eliassen.system.tests.dll" id="5a587cdd-33a2-0450-b436-28e3c32ca2bc" xmlns="http://microsoft.com/schemas/VisualStudio/TeamTest/2010">
      <TestCategory>
        <TestCategoryItem TestCategory="Unit" />
      </TestCategory>
      <Execution id="6be602ab-7126-46c6-a9d1-75c6cbbceaf0" />
      <TestMethod codeBase="c:\Repos\Nucleus\Nucleus.Net.Libs\Framework\Eliassen.System.Tests\bin\Release\net8.0\Eliassen.System.Tests.dll" adapterTypeName="executor://mstestadapter/v2" className="Eliassen.System.Tests.Reflection.EnumExtensionsTests" name="ToEnumTest" />
    </UnitTest>
    <UnitTest name="ToEnumTest (2,Val2)" storage="c:\repos\nucleus\nucleus.net.libs\framework\eliassen.system.tests\bin\release\net8.0\eliassen.system.tests.dll" id="4dd54268-ca5c-f2ac-0f75-c1f879346a6a" xmlns="http://microsoft.com/schemas/VisualStudio/TeamTest/2010">
      <TestCategory>
        <TestCategoryItem TestCategory="Unit" />
      </TestCategory>
      <Execution id="cd953fb9-5bee-4fd9-a2de-b4fd01eff5fd" />
      <TestMethod codeBase="c:\Repos\Nucleus\Nucleus.Net.Libs\Framework\Eliassen.System.Tests\bin\Release\net8.0\Eliassen.System.Tests.dll" adapterTypeName="executor://mstestadapter/v2" className="Eliassen.System.Tests.Reflection.EnumExtensionsTests" name="ToEnumTest" />
    </UnitTest>
    <UnitTest name="ToEnumTest (Val1,Val1)" storage="c:\repos\nucleus\nucleus.net.libs\framework\eliassen.system.tests\bin\release\net8.0\eliassen.system.tests.dll" id="fead0924-ca29-6130-f519-2482f200a666" xmlns="http://microsoft.com/schemas/VisualStudio/TeamTest/2010">
      <TestCategory>
        <TestCategoryItem TestCategory="Unit" />
      </TestCategory>
      <Execution id="47c649b6-b029-430b-a7bc-62b99ee7a453" />
      <TestMethod codeBase="c:\Repos\Nucleus\Nucleus.Net.Libs\Framework\Eliassen.System.Tests\bin\Release\net8.0\Eliassen.System.Tests.dll" adapterTypeName="executor://mstestadapter/v2" className="Eliassen.System.Tests.Reflection.EnumExtensionsTests" name="ToEnumTest" />
    </UnitTest>
    <UnitTest name="ToEnumTest (name2,WithMemberName)" storage="c:\repos\nucleus\nucleus.net.libs\framework\eliassen.system.tests\bin\release\net8.0\eliassen.system.tests.dll" id="c0747f59-826b-81b4-d050-0ed251150a5f" xmlns="http://microsoft.com/schemas/VisualStudio/TeamTest/2010">
      <TestCategory>
        <TestCategoryItem TestCategory="Unit" />
      </TestCategory>
      <Execution id="cb53f06d-b81b-4578-aa16-3394a1ed38b9" />
      <TestMethod codeBase="c:\Repos\Nucleus\Nucleus.Net.Libs\Framework\Eliassen.System.Tests\bin\Release\net8.0\Eliassen.System.Tests.dll" adapterTypeName="executor://mstestadapter/v2" className="Eliassen.System.Tests.Reflection.EnumExtensionsTests" name="ToEnumTest" />
    </UnitTest>
  </TestDefinitions>
  <TestEntries >
    <TestEntry testId="7cdd2ae3-f105-0db6-4f1d-4db0ed6728a3" executionId="5b8206e6-a45b-46b1-8be8-cc139463fe50" testListId="8c84fa94-04c1-424b-9868-57a2d4851a1d" xmlns="http://microsoft.com/schemas/VisualStudio/TeamTest/2010" />
    <TestEntry testId="7fd160bc-3b5b-e6e2-40ae-1974536260f2" executionId="b03050c3-3d41-402b-9bcd-9f55c541a977" testListId="8c84fa94-04c1-424b-9868-57a2d4851a1d" xmlns="http://microsoft.com/schemas/VisualStudio/TeamTest/2010" />
    <TestEntry testId="e350703c-47df-56f0-b995-a52c38b53eca" executionId="06b64c03-84d1-44a5-aca8-5faeca232092" testListId="8c84fa94-04c1-424b-9868-57a2d4851a1d" xmlns="http://microsoft.com/schemas/VisualStudio/TeamTest/2010" />
    <TestEntry testId="e7f0575b-0e45-f2ce-4918-0b10042b2324" executionId="ee09b20d-c49e-48a5-919c-36e589b6a6f5" testListId="8c84fa94-04c1-424b-9868-57a2d4851a1d" xmlns="http://microsoft.com/schemas/VisualStudio/TeamTest/2010" />
    <TestEntry testId="b6498f29-1231-5fcf-4954-1746daa0500d" executionId="35cc6723-5830-480e-825e-855af347ecbd" testListId="8c84fa94-04c1-424b-9868-57a2d4851a1d" xmlns="http://microsoft.com/schemas/VisualStudio/TeamTest/2010" />
    <TestEntry testId="b6498f29-1231-5fcf-4954-1746daa0500d" executionId="80733c05-c7ae-4100-b5c6-b80fe1e2a4bd" testListId="8c84fa94-04c1-424b-9868-57a2d4851a1d" xmlns="http://microsoft.com/schemas/VisualStudio/TeamTest/2010" />
    <TestEntry testId="08fc4c82-556b-87cf-a9ae-405737b973df" executionId="6ea71f04-c30c-4fe6-b95a-76db55cd1f5e" testListId="8c84fa94-04c1-424b-9868-57a2d4851a1d" xmlns="http://microsoft.com/schemas/VisualStudio/TeamTest/2010" />
    <TestEntry testId="312eaabc-9879-8ba5-fb15-63928cd6660e" executionId="c089579c-4daf-4e4e-ae73-1e43c1a3d24c" testListId="8c84fa94-04c1-424b-9868-57a2d4851a1d" xmlns="http://microsoft.com/schemas/VisualStudio/TeamTest/2010" />
    <TestEntry testId="b6498f29-1231-5fcf-4954-1746daa0500d" executionId="72fa103f-2371-487f-8643-5afda35d3219" testListId="8c84fa94-04c1-424b-9868-57a2d4851a1d" xmlns="http://microsoft.com/schemas/VisualStudio/TeamTest/2010" />
    <TestEntry testId="b5b73f46-926e-b166-c509-00a2b6834bdd" executionId="cddc3c9e-a80b-42a7-ac08-f8e9c117bf20" testListId="8c84fa94-04c1-424b-9868-57a2d4851a1d" xmlns="http://microsoft.com/schemas/VisualStudio/TeamTest/2010" />
    <TestEntry testId="d4b770b3-94e8-d07a-03aa-f3335b9b4c71" executionId="dbacf95e-02d2-4129-a183-35615fcc1a23" testListId="8c84fa94-04c1-424b-9868-57a2d4851a1d" xmlns="http://microsoft.com/schemas/VisualStudio/TeamTest/2010" />
    <TestEntry testId="0ce23f0f-8bc9-01fa-938b-d8a470ad42da" executionId="ceb4e13e-1d42-4b11-ac7f-c0ebf648f1fa" testListId="8c84fa94-04c1-424b-9868-57a2d4851a1d" xmlns="http://microsoft.com/schemas/VisualStudio/TeamTest/2010" />
    <TestEntry testId="e350703c-47df-56f0-b995-a52c38b53eca" executionId="ecbdbcac-8093-4834-9e25-a87268038c77" testListId="8c84fa94-04c1-424b-9868-57a2d4851a1d" xmlns="http://microsoft.com/schemas/VisualStudio/TeamTest/2010" />
    <TestEntry testId="b6498f29-1231-5fcf-4954-1746daa0500d" executionId="f73adc5d-3837-47b9-add8-eac017b00547" testListId="8c84fa94-04c1-424b-9868-57a2d4851a1d" xmlns="http://microsoft.com/schemas/VisualStudio/TeamTest/2010" />
    <TestEntry testId="6ecbf29a-b1dc-ecb1-c997-c95f3b46593a" executionId="97af6f75-f630-4b98-a807-4d5b87ecd219" testListId="8c84fa94-04c1-424b-9868-57a2d4851a1d" xmlns="http://microsoft.com/schemas/VisualStudio/TeamTest/2010" />
    <TestEntry testId="46607e5b-fea6-a0a2-2caf-2abdd0971d6b" executionId="fdda3ab8-9809-414f-adfd-1b09eb62f8f8" testListId="8c84fa94-04c1-424b-9868-57a2d4851a1d" xmlns="http://microsoft.com/schemas/VisualStudio/TeamTest/2010" />
    <TestEntry testId="08742191-32e9-b72f-e313-52355290b27f" executionId="39715152-56ec-4980-ac7f-7b938fa8b255" testListId="8c84fa94-04c1-424b-9868-57a2d4851a1d" xmlns="http://microsoft.com/schemas/VisualStudio/TeamTest/2010" />
    <TestEntry testId="b6498f29-1231-5fcf-4954-1746daa0500d" executionId="5d12f975-f088-48b7-ab5b-dc525d1e58aa" testListId="8c84fa94-04c1-424b-9868-57a2d4851a1d" xmlns="http://microsoft.com/schemas/VisualStudio/TeamTest/2010" />
    <TestEntry testId="bfec42cd-394b-907b-c2e0-0b6b8b9584fe" executionId="10aa63ea-6549-45c4-b8fd-b13027a6ef93" testListId="8c84fa94-04c1-424b-9868-57a2d4851a1d" xmlns="http://microsoft.com/schemas/VisualStudio/TeamTest/2010" />
    <TestEntry testId="52063650-6233-2d8a-fadf-ea1a53f7d6ed" executionId="d9804f0c-7cd5-471c-8ecb-85cc7fbca2cc" testListId="8c84fa94-04c1-424b-9868-57a2d4851a1d" xmlns="http://microsoft.com/schemas/VisualStudio/TeamTest/2010" />
    <TestEntry testId="e350703c-47df-56f0-b995-a52c38b53eca" executionId="f20c2090-502c-4659-a7ad-9e327036d64f" testListId="8c84fa94-04c1-424b-9868-57a2d4851a1d" xmlns="http://microsoft.com/schemas/VisualStudio/TeamTest/2010" />
    <TestEntry testId="e350703c-47df-56f0-b995-a52c38b53eca" executionId="aeba512b-0bef-4288-869e-e10a5b99047e" testListId="8c84fa94-04c1-424b-9868-57a2d4851a1d" xmlns="http://microsoft.com/schemas/VisualStudio/TeamTest/2010" />
    <TestEntry testId="e350703c-47df-56f0-b995-a52c38b53eca" executionId="efb91526-c465-4ede-9b9b-0367179c764a" testListId="8c84fa94-04c1-424b-9868-57a2d4851a1d" xmlns="http://microsoft.com/schemas/VisualStudio/TeamTest/2010" />
    <TestEntry testId="6da32ee3-eff7-d4fe-8d03-a03516df00ff" executionId="3e39ed59-8f02-4096-907a-55b5ca26b85f" testListId="8c84fa94-04c1-424b-9868-57a2d4851a1d" xmlns="http://microsoft.com/schemas/VisualStudio/TeamTest/2010" />
    <TestEntry testId="4163eaa1-a283-2de9-1f95-a86ceaaab3c9" executionId="9982eab6-85f4-49e7-8c82-fa6a101cbd13" testListId="8c84fa94-04c1-424b-9868-57a2d4851a1d" xmlns="http://microsoft.com/schemas/VisualStudio/TeamTest/2010" />
    <TestEntry testId="b6498f29-1231-5fcf-4954-1746daa0500d" executionId="ce0d066b-24ca-4760-be9b-3a2fda117146" testListId="8c84fa94-04c1-424b-9868-57a2d4851a1d" xmlns="http://microsoft.com/schemas/VisualStudio/TeamTest/2010" />
    <TestEntry testId="07b77574-2211-0cfd-4e91-7ca72fa17247" executionId="5c3ee65e-2d4f-4a6b-9acc-61aa2e98de1c" testListId="8c84fa94-04c1-424b-9868-57a2d4851a1d" xmlns="http://microsoft.com/schemas/VisualStudio/TeamTest/2010" />
    <TestEntry testId="e350703c-47df-56f0-b995-a52c38b53eca" executionId="b95fbffa-3840-4758-9aba-da64dbb93d78" testListId="8c84fa94-04c1-424b-9868-57a2d4851a1d" xmlns="http://microsoft.com/schemas/VisualStudio/TeamTest/2010" />
    <TestEntry testId="03bc167f-0b26-903d-31a8-efafdb2faab7" executionId="a5daaffc-ccc3-4ed9-acfb-99c3992da16e" testListId="8c84fa94-04c1-424b-9868-57a2d4851a1d" xmlns="http://microsoft.com/schemas/VisualStudio/TeamTest/2010" />
    <TestEntry testId="adc82c1a-0bb1-f2be-3be6-8295db3bec78" executionId="936bcdf3-629c-4a2b-834f-1b4e0d702bab" testListId="8c84fa94-04c1-424b-9868-57a2d4851a1d" xmlns="http://microsoft.com/schemas/VisualStudio/TeamTest/2010" />
    <TestEntry testId="7fd160bc-3b5b-e6e2-40ae-1974536260f2" executionId="503c282f-5640-4879-9962-5fb0ffd8c489" testListId="8c84fa94-04c1-424b-9868-57a2d4851a1d" xmlns="http://microsoft.com/schemas/VisualStudio/TeamTest/2010" />
    <TestEntry testId="b6498f29-1231-5fcf-4954-1746daa0500d" executionId="5d678fa5-1644-46b4-bf9b-32cfd598ba4a" testListId="8c84fa94-04c1-424b-9868-57a2d4851a1d" xmlns="http://microsoft.com/schemas/VisualStudio/TeamTest/2010" />
    <TestEntry testId="838644d9-6365-e4a6-691a-5f9e9cba540d" executionId="2fcb5238-8d01-4631-8950-f58b5c061269" testListId="8c84fa94-04c1-424b-9868-57a2d4851a1d" xmlns="http://microsoft.com/schemas/VisualStudio/TeamTest/2010" />
    <TestEntry testId="2385c5bb-20c9-0389-325d-1aa756cf82c9" executionId="02ff30ff-5e6a-4501-9b28-3dae52de5a10" testListId="8c84fa94-04c1-424b-9868-57a2d4851a1d" xmlns="http://microsoft.com/schemas/VisualStudio/TeamTest/2010" />
    <TestEntry testId="d5c1dc9a-a2f2-2711-646f-2604e4c84684" executionId="06254814-0e0c-403f-a5aa-444a94312a49" testListId="8c84fa94-04c1-424b-9868-57a2d4851a1d" xmlns="http://microsoft.com/schemas/VisualStudio/TeamTest/2010" />
    <TestEntry testId="7fd160bc-3b5b-e6e2-40ae-1974536260f2" executionId="a9643955-4857-4b34-aaf5-35e6d08e42e7" testListId="8c84fa94-04c1-424b-9868-57a2d4851a1d" xmlns="http://microsoft.com/schemas/VisualStudio/TeamTest/2010" />
    <TestEntry testId="e350703c-47df-56f0-b995-a52c38b53eca" executionId="2ff4e75f-ab3f-47d0-b8ea-5ff7cbac5bae" testListId="8c84fa94-04c1-424b-9868-57a2d4851a1d" xmlns="http://microsoft.com/schemas/VisualStudio/TeamTest/2010" />
    <TestEntry testId="b6498f29-1231-5fcf-4954-1746daa0500d" executionId="4b6808aa-993d-4bf5-86df-e9169d14a1df" testListId="8c84fa94-04c1-424b-9868-57a2d4851a1d" xmlns="http://microsoft.com/schemas/VisualStudio/TeamTest/2010" />
    <TestEntry testId="e350703c-47df-56f0-b995-a52c38b53eca" executionId="e8229b7c-c31d-46b6-a0bf-23f73f4d924b" testListId="8c84fa94-04c1-424b-9868-57a2d4851a1d" xmlns="http://microsoft.com/schemas/VisualStudio/TeamTest/2010" />
    <TestEntry testId="7fd160bc-3b5b-e6e2-40ae-1974536260f2" executionId="d3092323-631a-4ba6-b7f9-1684225df949" testListId="8c84fa94-04c1-424b-9868-57a2d4851a1d" xmlns="http://microsoft.com/schemas/VisualStudio/TeamTest/2010" />
    <TestEntry testId="565e6ddc-fd0f-5db8-1ac5-68872b2812d2" executionId="f3205254-649d-4032-ab90-506010ac7f33" testListId="8c84fa94-04c1-424b-9868-57a2d4851a1d" xmlns="http://microsoft.com/schemas/VisualStudio/TeamTest/2010" />
    <TestEntry testId="11f0fb7d-7be6-79f5-339b-991d917ae3fc" executionId="4587136d-ce62-4b04-beb5-a86dd1c246a7" testListId="8c84fa94-04c1-424b-9868-57a2d4851a1d" xmlns="http://microsoft.com/schemas/VisualStudio/TeamTest/2010" />
    <TestEntry testId="b6498f29-1231-5fcf-4954-1746daa0500d" executionId="bfc7231b-ec86-424d-8515-ee63183b0f37" testListId="8c84fa94-04c1-424b-9868-57a2d4851a1d" xmlns="http://microsoft.com/schemas/VisualStudio/TeamTest/2010" />
    <TestEntry testId="9d534b02-84b2-367f-c306-46ab610b3ce8" executionId="49fb2f5b-aff0-4a68-9533-fdfa3a6facbc" testListId="8c84fa94-04c1-424b-9868-57a2d4851a1d" xmlns="http://microsoft.com/schemas/VisualStudio/TeamTest/2010" />
    <TestEntry testId="dcab6442-3647-193e-5b50-9725bbfda52b" executionId="e706cd13-5e24-472f-bb48-b19184fa4f7f" testListId="8c84fa94-04c1-424b-9868-57a2d4851a1d" xmlns="http://microsoft.com/schemas/VisualStudio/TeamTest/2010" />
    <TestEntry testId="e350703c-47df-56f0-b995-a52c38b53eca" executionId="e590ee00-b1dd-4bbd-8ac3-0a6ab88d7155" testListId="8c84fa94-04c1-424b-9868-57a2d4851a1d" xmlns="http://microsoft.com/schemas/VisualStudio/TeamTest/2010" />
    <TestEntry testId="4bae6e3b-0e6b-3eea-a810-61843449ebf1" executionId="b79c8b94-dbfd-49ce-872f-6431b62502ad" testListId="8c84fa94-04c1-424b-9868-57a2d4851a1d" xmlns="http://microsoft.com/schemas/VisualStudio/TeamTest/2010" />
    <TestEntry testId="b6498f29-1231-5fcf-4954-1746daa0500d" executionId="b54f9499-4bff-4b1a-b9c7-cf2146c86221" testListId="8c84fa94-04c1-424b-9868-57a2d4851a1d" xmlns="http://microsoft.com/schemas/VisualStudio/TeamTest/2010" />
    <TestEntry testId="f70a4315-fac4-e7d3-3678-874f4359a2e2" executionId="0d8e6610-2eab-43b5-b678-8cbd3dfc5dc0" testListId="8c84fa94-04c1-424b-9868-57a2d4851a1d" xmlns="http://microsoft.com/schemas/VisualStudio/TeamTest/2010" />
    <TestEntry testId="d1d4b925-a073-2286-7de7-05497c979951" executionId="73feaa9c-b2ad-4dcb-bcfe-c6a27857632d" testListId="8c84fa94-04c1-424b-9868-57a2d4851a1d" xmlns="http://microsoft.com/schemas/VisualStudio/TeamTest/2010" />
    <TestEntry testId="8da0fbaf-acd6-9154-0805-f306ce39ad46" executionId="4148f641-fa69-42ab-a019-0c4de4345a24" testListId="8c84fa94-04c1-424b-9868-57a2d4851a1d" xmlns="http://microsoft.com/schemas/VisualStudio/TeamTest/2010" />
    <TestEntry testId="e350703c-47df-56f0-b995-a52c38b53eca" executionId="510d3e32-66e4-4f91-8921-29e94966844e" testListId="8c84fa94-04c1-424b-9868-57a2d4851a1d" xmlns="http://microsoft.com/schemas/VisualStudio/TeamTest/2010" />
    <TestEntry testId="e350703c-47df-56f0-b995-a52c38b53eca" executionId="e3b3dfa3-9bb4-4e14-a969-4fec444bb197" testListId="8c84fa94-04c1-424b-9868-57a2d4851a1d" xmlns="http://microsoft.com/schemas/VisualStudio/TeamTest/2010" />
    <TestEntry testId="c36bb35d-9a4e-80ec-67c1-9cb495c5e678" executionId="c49d5b51-c360-4710-a88e-3b4d750ff4c4" testListId="8c84fa94-04c1-424b-9868-57a2d4851a1d" xmlns="http://microsoft.com/schemas/VisualStudio/TeamTest/2010" />
    <TestEntry testId="1c0197db-d7ab-18ba-d57c-a34403249bdb" executionId="bf3c7d66-ff1e-4e94-966f-27387db52ccc" testListId="8c84fa94-04c1-424b-9868-57a2d4851a1d" xmlns="http://microsoft.com/schemas/VisualStudio/TeamTest/2010" />
    <TestEntry testId="83cb0395-740b-4b48-1b9a-9d0379b2c4b0" executionId="ead46164-f899-485c-afb4-8beb7c3445fe" testListId="8c84fa94-04c1-424b-9868-57a2d4851a1d" xmlns="http://microsoft.com/schemas/VisualStudio/TeamTest/2010" />
    <TestEntry testId="c5997a4c-dfaf-990a-24e0-477cf0c527e7" executionId="429bc33b-e27f-4d60-9a6a-b1acd6f80310" testListId="8c84fa94-04c1-424b-9868-57a2d4851a1d" xmlns="http://microsoft.com/schemas/VisualStudio/TeamTest/2010" />
    <TestEntry testId="e350703c-47df-56f0-b995-a52c38b53eca" executionId="5a31d1b6-67c6-4b46-82d6-eee41676e45b" testListId="8c84fa94-04c1-424b-9868-57a2d4851a1d" xmlns="http://microsoft.com/schemas/VisualStudio/TeamTest/2010" />
    <TestEntry testId="b6498f29-1231-5fcf-4954-1746daa0500d" executionId="f53b5637-7482-4ce0-ad92-0fd8cc3cd66b" testListId="8c84fa94-04c1-424b-9868-57a2d4851a1d" xmlns="http://microsoft.com/schemas/VisualStudio/TeamTest/2010" />
    <TestEntry testId="b6498f29-1231-5fcf-4954-1746daa0500d" executionId="74bff142-233b-4f2a-b43b-1f10dc215ef5" testListId="8c84fa94-04c1-424b-9868-57a2d4851a1d" xmlns="http://microsoft.com/schemas/VisualStudio/TeamTest/2010" />
    <TestEntry testId="e9eca43c-a0f8-d234-3538-2b7d4b198f04" executionId="e7649fa4-f4b6-461c-b923-2a37f4e1a2b4" testListId="8c84fa94-04c1-424b-9868-57a2d4851a1d" xmlns="http://microsoft.com/schemas/VisualStudio/TeamTest/2010" />
    <TestEntry testId="94eba969-c82f-9e81-1248-494bdd4f32c8" executionId="dc0a15a4-38f0-4a68-b17b-488bfce98f33" testListId="8c84fa94-04c1-424b-9868-57a2d4851a1d" xmlns="http://microsoft.com/schemas/VisualStudio/TeamTest/2010" />
    <TestEntry testId="53c31e49-be7f-689b-3cd7-03a9033ae78d" executionId="b5f852c1-b059-45a2-8184-6c902acedee5" testListId="8c84fa94-04c1-424b-9868-57a2d4851a1d" xmlns="http://microsoft.com/schemas/VisualStudio/TeamTest/2010" />
    <TestEntry testId="67734c64-cae5-5135-54b5-70135f0338e3" executionId="883f71a6-5a24-4fc7-a204-16b649f42d37" testListId="8c84fa94-04c1-424b-9868-57a2d4851a1d" xmlns="http://microsoft.com/schemas/VisualStudio/TeamTest/2010" />
    <TestEntry testId="e350703c-47df-56f0-b995-a52c38b53eca" executionId="1e08a561-fa80-4038-a80a-a08fbc6e3aaa" testListId="8c84fa94-04c1-424b-9868-57a2d4851a1d" xmlns="http://microsoft.com/schemas/VisualStudio/TeamTest/2010" />
    <TestEntry testId="b6498f29-1231-5fcf-4954-1746daa0500d" executionId="8e813344-0565-41e7-8690-8b4145bba4d5" testListId="8c84fa94-04c1-424b-9868-57a2d4851a1d" xmlns="http://microsoft.com/schemas/VisualStudio/TeamTest/2010" />
    <TestEntry testId="460956ad-2bf3-db32-e92a-bfe446ec1e98" executionId="65881ec8-e4c3-4056-9a63-be6053068c55" testListId="8c84fa94-04c1-424b-9868-57a2d4851a1d" xmlns="http://microsoft.com/schemas/VisualStudio/TeamTest/2010" />
    <TestEntry testId="8ef63a3f-2208-ac88-5a22-493d4beeaeda" executionId="0757e5c7-ff92-48b2-9c8f-9d95abefb332" testListId="8c84fa94-04c1-424b-9868-57a2d4851a1d" xmlns="http://microsoft.com/schemas/VisualStudio/TeamTest/2010" />
    <TestEntry testId="26b5ec45-b5f1-fe45-95c1-6bd5bedd3df8" executionId="4a9eeb2b-f2e8-413a-87f5-f465e219625d" testListId="8c84fa94-04c1-424b-9868-57a2d4851a1d" xmlns="http://microsoft.com/schemas/VisualStudio/TeamTest/2010" />
    <TestEntry testId="b0fdfc7e-2c06-862f-28b1-d93a174b89e6" executionId="b41bde0c-1d79-4ab8-96b3-bbe20c8e190e" testListId="8c84fa94-04c1-424b-9868-57a2d4851a1d" xmlns="http://microsoft.com/schemas/VisualStudio/TeamTest/2010" />
    <TestEntry testId="7fd160bc-3b5b-e6e2-40ae-1974536260f2" executionId="3c52d6f5-0ee5-446f-ace8-38a29b6c747e" testListId="8c84fa94-04c1-424b-9868-57a2d4851a1d" xmlns="http://microsoft.com/schemas/VisualStudio/TeamTest/2010" />
    <TestEntry testId="b6498f29-1231-5fcf-4954-1746daa0500d" executionId="7f4d5862-adb9-4bd9-b4be-5ea67cc954c2" testListId="8c84fa94-04c1-424b-9868-57a2d4851a1d" xmlns="http://microsoft.com/schemas/VisualStudio/TeamTest/2010" />
    <TestEntry testId="5dada6fb-9282-72bc-c9b2-bcfb539a1619" executionId="769367b6-7056-48fa-b26b-9011b635d517" testListId="8c84fa94-04c1-424b-9868-57a2d4851a1d" xmlns="http://microsoft.com/schemas/VisualStudio/TeamTest/2010" />
    <TestEntry testId="e350703c-47df-56f0-b995-a52c38b53eca" executionId="0479e1ea-4ee2-48d0-bf49-fdbab3571d3b" testListId="8c84fa94-04c1-424b-9868-57a2d4851a1d" xmlns="http://microsoft.com/schemas/VisualStudio/TeamTest/2010" />
    <TestEntry testId="62b9d922-900a-7ff6-3153-18dadeeb7bb3" executionId="c3808bdf-dcbe-42b3-8d9c-3167e92290e4" testListId="8c84fa94-04c1-424b-9868-57a2d4851a1d" xmlns="http://microsoft.com/schemas/VisualStudio/TeamTest/2010" />
    <TestEntry testId="b6498f29-1231-5fcf-4954-1746daa0500d" executionId="8a67fa46-d108-4c3a-8754-33b6824ed90c" testListId="8c84fa94-04c1-424b-9868-57a2d4851a1d" xmlns="http://microsoft.com/schemas/VisualStudio/TeamTest/2010" />
    <TestEntry testId="5745a05f-6078-14a6-d124-e23b5e51504a" executionId="30751d0b-9223-4df6-9fbc-489f74f3bd20" testListId="8c84fa94-04c1-424b-9868-57a2d4851a1d" xmlns="http://microsoft.com/schemas/VisualStudio/TeamTest/2010" />
    <TestEntry testId="b6498f29-1231-5fcf-4954-1746daa0500d" executionId="8e3e1613-bd39-48c5-8f0c-cea8811dee4d" testListId="8c84fa94-04c1-424b-9868-57a2d4851a1d" xmlns="http://microsoft.com/schemas/VisualStudio/TeamTest/2010" />
    <TestEntry testId="6c3bc33d-cd41-7aa1-5d65-f8b6b6736377" executionId="7d086d3a-b845-4f1f-9584-ee7e8e52ff96" testListId="8c84fa94-04c1-424b-9868-57a2d4851a1d" xmlns="http://microsoft.com/schemas/VisualStudio/TeamTest/2010" />
    <TestEntry testId="7fd160bc-3b5b-e6e2-40ae-1974536260f2" executionId="fb509a17-6c2c-4166-8b0a-e506ad61706b" testListId="8c84fa94-04c1-424b-9868-57a2d4851a1d" xmlns="http://microsoft.com/schemas/VisualStudio/TeamTest/2010" />
    <TestEntry testId="b6498f29-1231-5fcf-4954-1746daa0500d" executionId="e40c1c00-6d58-41c4-b7b8-d5b9f7b2fe9d" testListId="8c84fa94-04c1-424b-9868-57a2d4851a1d" xmlns="http://microsoft.com/schemas/VisualStudio/TeamTest/2010" />
    <TestEntry testId="7fd160bc-3b5b-e6e2-40ae-1974536260f2" executionId="304d04cb-2573-48f8-9c71-fc0e599e071e" testListId="8c84fa94-04c1-424b-9868-57a2d4851a1d" xmlns="http://microsoft.com/schemas/VisualStudio/TeamTest/2010" />
    <TestEntry testId="b6498f29-1231-5fcf-4954-1746daa0500d" executionId="3ba66cfc-1ee6-4f63-b81d-191c0c3ea646" testListId="8c84fa94-04c1-424b-9868-57a2d4851a1d" xmlns="http://microsoft.com/schemas/VisualStudio/TeamTest/2010" />
    <TestEntry testId="b6498f29-1231-5fcf-4954-1746daa0500d" executionId="f71fb889-13da-4dae-a17c-95957b6471a7" testListId="8c84fa94-04c1-424b-9868-57a2d4851a1d" xmlns="http://microsoft.com/schemas/VisualStudio/TeamTest/2010" />
    <TestEntry testId="a29d2822-126a-1900-33c2-f20f68d10c99" executionId="0147cd57-a4e4-4c62-9dd9-3e9c6b28c276" testListId="8c84fa94-04c1-424b-9868-57a2d4851a1d" xmlns="http://microsoft.com/schemas/VisualStudio/TeamTest/2010" />
    <TestEntry testId="c07bd30b-1999-489c-e66f-17f7d59077a7" executionId="acfbc726-fc28-490c-a94c-27b5417ce58a" testListId="8c84fa94-04c1-424b-9868-57a2d4851a1d" xmlns="http://microsoft.com/schemas/VisualStudio/TeamTest/2010" />
    <TestEntry testId="732c5a4d-db4b-042b-cb1a-6907849de0ac" executionId="f7cadee7-169e-4d72-95c7-9f4f270489dc" testListId="8c84fa94-04c1-424b-9868-57a2d4851a1d" xmlns="http://microsoft.com/schemas/VisualStudio/TeamTest/2010" />
    <TestEntry testId="bd0dbecb-539b-5502-769e-e3714681df3b" executionId="b3e25dfe-9e47-4fa7-9429-e69393ea8b18" testListId="8c84fa94-04c1-424b-9868-57a2d4851a1d" xmlns="http://microsoft.com/schemas/VisualStudio/TeamTest/2010" />
    <TestEntry testId="b6498f29-1231-5fcf-4954-1746daa0500d" executionId="be795098-ba5c-42e5-84e3-e96dd76d59f4" testListId="8c84fa94-04c1-424b-9868-57a2d4851a1d" xmlns="http://microsoft.com/schemas/VisualStudio/TeamTest/2010" />
    <TestEntry testId="453dc636-d45b-01e0-2e5e-4e973ba64495" executionId="ac280203-51b6-4c41-a7a1-c22256dcd9d1" testListId="8c84fa94-04c1-424b-9868-57a2d4851a1d" xmlns="http://microsoft.com/schemas/VisualStudio/TeamTest/2010" />
    <TestEntry testId="65b4a990-8424-f23f-9b61-155855edf172" executionId="01e16685-c0eb-4655-bff7-ff2fa03abdf6" testListId="8c84fa94-04c1-424b-9868-57a2d4851a1d" xmlns="http://microsoft.com/schemas/VisualStudio/TeamTest/2010" />
    <TestEntry testId="b6498f29-1231-5fcf-4954-1746daa0500d" executionId="68288f48-5bef-4187-93b7-f771c81f4336" testListId="8c84fa94-04c1-424b-9868-57a2d4851a1d" xmlns="http://microsoft.com/schemas/VisualStudio/TeamTest/2010" />
    <TestEntry testId="b6498f29-1231-5fcf-4954-1746daa0500d" executionId="59076396-9e52-40e9-a771-e18c8ab372c6" testListId="8c84fa94-04c1-424b-9868-57a2d4851a1d" xmlns="http://microsoft.com/schemas/VisualStudio/TeamTest/2010" />
    <TestEntry testId="7fd160bc-3b5b-e6e2-40ae-1974536260f2" executionId="d6690fb0-43fb-42e5-9d46-b6dbee6c1cd9" testListId="8c84fa94-04c1-424b-9868-57a2d4851a1d" xmlns="http://microsoft.com/schemas/VisualStudio/TeamTest/2010" />
    <TestEntry testId="7a9a1822-3db2-a438-faf7-05813fd14fc1" executionId="1ede654a-4244-4845-8030-7b3a3efbffe4" testListId="8c84fa94-04c1-424b-9868-57a2d4851a1d" xmlns="http://microsoft.com/schemas/VisualStudio/TeamTest/2010" />
    <TestEntry testId="b6498f29-1231-5fcf-4954-1746daa0500d" executionId="8be683b4-d112-4195-b2f7-8dcecd7d05dc" testListId="8c84fa94-04c1-424b-9868-57a2d4851a1d" xmlns="http://microsoft.com/schemas/VisualStudio/TeamTest/2010" />
    <TestEntry testId="b6498f29-1231-5fcf-4954-1746daa0500d" executionId="f540f11b-2146-4804-80e0-854ac8859775" testListId="8c84fa94-04c1-424b-9868-57a2d4851a1d" xmlns="http://microsoft.com/schemas/VisualStudio/TeamTest/2010" />
    <TestEntry testId="e350703c-47df-56f0-b995-a52c38b53eca" executionId="d01b047f-e8cc-4bf1-99ec-8f467fdb3229" testListId="8c84fa94-04c1-424b-9868-57a2d4851a1d" xmlns="http://microsoft.com/schemas/VisualStudio/TeamTest/2010" />
    <TestEntry testId="870b9428-08e8-f91f-14b9-7fcf33dc2d0f" executionId="e9f904f3-4990-4242-bb41-c780a85d11b6" testListId="8c84fa94-04c1-424b-9868-57a2d4851a1d" xmlns="http://microsoft.com/schemas/VisualStudio/TeamTest/2010" />
    <TestEntry testId="7fd160bc-3b5b-e6e2-40ae-1974536260f2" executionId="4d520619-b5b2-47df-bb99-e42fe64afb44" testListId="8c84fa94-04c1-424b-9868-57a2d4851a1d" xmlns="http://microsoft.com/schemas/VisualStudio/TeamTest/2010" />
    <TestEntry testId="a324304b-8c70-70d6-1085-fa9cbf413d33" executionId="b63db4c5-8326-4f1b-8c9f-0d403ba00fd9" testListId="8c84fa94-04c1-424b-9868-57a2d4851a1d" xmlns="http://microsoft.com/schemas/VisualStudio/TeamTest/2010" />
    <TestEntry testId="e350703c-47df-56f0-b995-a52c38b53eca" executionId="b0e94b00-6211-447b-ae8e-127c67a5fd63" testListId="8c84fa94-04c1-424b-9868-57a2d4851a1d" xmlns="http://microsoft.com/schemas/VisualStudio/TeamTest/2010" />
    <TestEntry testId="b6498f29-1231-5fcf-4954-1746daa0500d" executionId="026c1a22-6629-4d05-9f3e-8fcee3cf6937" testListId="8c84fa94-04c1-424b-9868-57a2d4851a1d" xmlns="http://microsoft.com/schemas/VisualStudio/TeamTest/2010" />
    <TestEntry testId="079289e4-29ee-2b27-89d5-bd661b7267f1" executionId="9fd8269a-0336-4d95-b549-b9bb595d53f6" testListId="8c84fa94-04c1-424b-9868-57a2d4851a1d" xmlns="http://microsoft.com/schemas/VisualStudio/TeamTest/2010" />
    <TestEntry testId="2f56b32e-ea97-c552-8dea-074dcb4e0dc0" executionId="8baea0ab-f6ec-4565-83d2-12d6618fb7d8" testListId="8c84fa94-04c1-424b-9868-57a2d4851a1d" xmlns="http://microsoft.com/schemas/VisualStudio/TeamTest/2010" />
    <TestEntry testId="f3383018-7bb0-86e7-cb57-311d72bf2f87" executionId="7a8f2f07-f4f1-4242-8230-6de8e1f3b6c6" testListId="8c84fa94-04c1-424b-9868-57a2d4851a1d" xmlns="http://microsoft.com/schemas/VisualStudio/TeamTest/2010" />
    <TestEntry testId="7fd160bc-3b5b-e6e2-40ae-1974536260f2" executionId="75b68b21-a103-4582-8fba-5651e314266b" testListId="8c84fa94-04c1-424b-9868-57a2d4851a1d" xmlns="http://microsoft.com/schemas/VisualStudio/TeamTest/2010" />
    <TestEntry testId="f90f5d2f-9a6e-b4bc-022c-ce37e3e49a29" executionId="ea310317-9569-4a40-b916-74e4cc7a4048" testListId="8c84fa94-04c1-424b-9868-57a2d4851a1d" xmlns="http://microsoft.com/schemas/VisualStudio/TeamTest/2010" />
    <TestEntry testId="3dc461cc-f900-b7f4-a669-e9cf3ad5e21f" executionId="e474d9ab-135f-45fa-8f72-2317ccb6fbd1" testListId="8c84fa94-04c1-424b-9868-57a2d4851a1d" xmlns="http://microsoft.com/schemas/VisualStudio/TeamTest/2010" />
    <TestEntry testId="926b3157-bee3-3ace-b6de-f2a9df622c6d" executionId="4786183b-48ff-4bce-aef2-49b876530cd8" testListId="8c84fa94-04c1-424b-9868-57a2d4851a1d" xmlns="http://microsoft.com/schemas/VisualStudio/TeamTest/2010" />
    <TestEntry testId="2f56b32e-ea97-c552-8dea-074dcb4e0dc0" executionId="bf0c1d4f-a7e2-484d-b0fb-e265e5a8067a" testListId="8c84fa94-04c1-424b-9868-57a2d4851a1d" xmlns="http://microsoft.com/schemas/VisualStudio/TeamTest/2010" />
    <TestEntry testId="7fd160bc-3b5b-e6e2-40ae-1974536260f2" executionId="4ef8df43-bf3e-4217-80b5-cbc225f57a1f" testListId="8c84fa94-04c1-424b-9868-57a2d4851a1d" xmlns="http://microsoft.com/schemas/VisualStudio/TeamTest/2010" />
    <TestEntry testId="b8ce6298-5288-a9c6-3afb-62b35d380a81" executionId="7293583f-1ab5-4981-a81e-46aaa8392f93" testListId="8c84fa94-04c1-424b-9868-57a2d4851a1d" xmlns="http://microsoft.com/schemas/VisualStudio/TeamTest/2010" />
    <TestEntry testId="b6498f29-1231-5fcf-4954-1746daa0500d" executionId="19bfb3f7-7432-4f71-bf7a-48f769d45724" testListId="8c84fa94-04c1-424b-9868-57a2d4851a1d" xmlns="http://microsoft.com/schemas/VisualStudio/TeamTest/2010" />
    <TestEntry testId="e350703c-47df-56f0-b995-a52c38b53eca" executionId="07b5e490-91fb-4157-9b4e-f4de47235a7e" testListId="8c84fa94-04c1-424b-9868-57a2d4851a1d" xmlns="http://microsoft.com/schemas/VisualStudio/TeamTest/2010" />
    <TestEntry testId="e350703c-47df-56f0-b995-a52c38b53eca" executionId="a1480ebc-0381-47cf-80c9-46533b911d64" testListId="8c84fa94-04c1-424b-9868-57a2d4851a1d" xmlns="http://microsoft.com/schemas/VisualStudio/TeamTest/2010" />
    <TestEntry testId="b6498f29-1231-5fcf-4954-1746daa0500d" executionId="b2ad67cf-4d76-4ab9-a580-111b907599e4" testListId="8c84fa94-04c1-424b-9868-57a2d4851a1d" xmlns="http://microsoft.com/schemas/VisualStudio/TeamTest/2010" />
    <TestEntry testId="c3599795-8bf1-da30-66da-ee7de44c4074" executionId="6646f39f-77dd-44a9-a674-2322a81c1bc6" testListId="8c84fa94-04c1-424b-9868-57a2d4851a1d" xmlns="http://microsoft.com/schemas/VisualStudio/TeamTest/2010" />
    <TestEntry testId="b6498f29-1231-5fcf-4954-1746daa0500d" executionId="b34a986c-2f34-4b4b-a63c-adc66600af8e" testListId="8c84fa94-04c1-424b-9868-57a2d4851a1d" xmlns="http://microsoft.com/schemas/VisualStudio/TeamTest/2010" />
    <TestEntry testId="9576cb6d-ffa5-4a23-9c7a-c5c6b213d46b" executionId="f45bcf2d-9f67-4d97-aa93-6a92d7cc6fc6" testListId="8c84fa94-04c1-424b-9868-57a2d4851a1d" xmlns="http://microsoft.com/schemas/VisualStudio/TeamTest/2010" />
    <TestEntry testId="b6498f29-1231-5fcf-4954-1746daa0500d" executionId="64e2fc3e-712f-43f4-a391-9cf4ff4f90de" testListId="8c84fa94-04c1-424b-9868-57a2d4851a1d" xmlns="http://microsoft.com/schemas/VisualStudio/TeamTest/2010" />
    <TestEntry testId="d8d8a1a1-adc8-f6f3-d3ba-c826da19378d" executionId="0f799518-1a24-4693-9868-7a53b6500d60" testListId="8c84fa94-04c1-424b-9868-57a2d4851a1d" xmlns="http://microsoft.com/schemas/VisualStudio/TeamTest/2010" />
    <TestEntry testId="b98e3996-7a57-2553-4abf-fb122643f31e" executionId="aab9441a-69cf-4adc-9d5e-927ab1051741" testListId="8c84fa94-04c1-424b-9868-57a2d4851a1d" xmlns="http://microsoft.com/schemas/VisualStudio/TeamTest/2010" />
    <TestEntry testId="a4cc6556-4b38-556d-d138-b0c8009279f3" executionId="d628a0c8-9528-4aa5-9be1-7c896c63318a" testListId="8c84fa94-04c1-424b-9868-57a2d4851a1d" xmlns="http://microsoft.com/schemas/VisualStudio/TeamTest/2010" />
    <TestEntry testId="b6498f29-1231-5fcf-4954-1746daa0500d" executionId="b96c802d-69fa-4cef-83c7-5675ef8dcb0c" testListId="8c84fa94-04c1-424b-9868-57a2d4851a1d" xmlns="http://microsoft.com/schemas/VisualStudio/TeamTest/2010" />
    <TestEntry testId="47e6ed14-b917-99ad-5b18-0068efac17a3" executionId="5c90b148-647c-48a8-8f44-22777601293b" testListId="8c84fa94-04c1-424b-9868-57a2d4851a1d" xmlns="http://microsoft.com/schemas/VisualStudio/TeamTest/2010" />
    <TestEntry testId="f664882a-a952-a76f-bc8f-fcf0578ff20f" executionId="3dac6cb9-ec91-477a-bd6c-834ab722a0bb" testListId="8c84fa94-04c1-424b-9868-57a2d4851a1d" xmlns="http://microsoft.com/schemas/VisualStudio/TeamTest/2010" />
    <TestEntry testId="e350703c-47df-56f0-b995-a52c38b53eca" executionId="5b79e10d-00ef-46b3-910e-961fcdc8cb46" testListId="8c84fa94-04c1-424b-9868-57a2d4851a1d" xmlns="http://microsoft.com/schemas/VisualStudio/TeamTest/2010" />
    <TestEntry testId="e350703c-47df-56f0-b995-a52c38b53eca" executionId="1603852c-215d-42ad-a889-5b2ffa1980a1" testListId="8c84fa94-04c1-424b-9868-57a2d4851a1d" xmlns="http://microsoft.com/schemas/VisualStudio/TeamTest/2010" />
    <TestEntry testId="e350703c-47df-56f0-b995-a52c38b53eca" executionId="98f6a80e-52af-4f62-9f7b-d78dcd4cc108" testListId="8c84fa94-04c1-424b-9868-57a2d4851a1d" xmlns="http://microsoft.com/schemas/VisualStudio/TeamTest/2010" />
    <TestEntry testId="1410527d-0c96-dadb-f7e7-8873031591f5" executionId="308750ef-ae85-4ce8-a8ee-5ecfbee95ecf" testListId="8c84fa94-04c1-424b-9868-57a2d4851a1d" xmlns="http://microsoft.com/schemas/VisualStudio/TeamTest/2010" />
    <TestEntry testId="7fd160bc-3b5b-e6e2-40ae-1974536260f2" executionId="87ce965a-6db7-4580-ae89-8ead144b53df" testListId="8c84fa94-04c1-424b-9868-57a2d4851a1d" xmlns="http://microsoft.com/schemas/VisualStudio/TeamTest/2010" />
    <TestEntry testId="e350703c-47df-56f0-b995-a52c38b53eca" executionId="d40715c0-956e-450f-af20-fc066c82b400" testListId="8c84fa94-04c1-424b-9868-57a2d4851a1d" xmlns="http://microsoft.com/schemas/VisualStudio/TeamTest/2010" />
    <TestEntry testId="9b540bb1-ae17-7eac-3c61-74d42cb389dc" executionId="b9ec9a7f-7e95-4f91-ba62-fd78f33a5a25" testListId="8c84fa94-04c1-424b-9868-57a2d4851a1d" xmlns="http://microsoft.com/schemas/VisualStudio/TeamTest/2010" />
    <TestEntry testId="9b499371-3d81-4de1-39e7-a6dc89eba13c" executionId="06bacd91-3d8c-41fb-a569-85165ad9d5d1" testListId="8c84fa94-04c1-424b-9868-57a2d4851a1d" xmlns="http://microsoft.com/schemas/VisualStudio/TeamTest/2010" />
    <TestEntry testId="c2c5d20e-1a87-0e89-b840-4da7e6550d8e" executionId="7cb57f60-95ca-4d24-b1c2-dc5834bf939d" testListId="8c84fa94-04c1-424b-9868-57a2d4851a1d" xmlns="http://microsoft.com/schemas/VisualStudio/TeamTest/2010" />
    <TestEntry testId="e350703c-47df-56f0-b995-a52c38b53eca" executionId="973be04e-655c-4747-9a68-d671f59a2b1c" testListId="8c84fa94-04c1-424b-9868-57a2d4851a1d" xmlns="http://microsoft.com/schemas/VisualStudio/TeamTest/2010" />
    <TestEntry testId="b6498f29-1231-5fcf-4954-1746daa0500d" executionId="c69656f5-15d8-4721-a0db-01fd75672b70" testListId="8c84fa94-04c1-424b-9868-57a2d4851a1d" xmlns="http://microsoft.com/schemas/VisualStudio/TeamTest/2010" />
    <TestEntry testId="f5306a38-7e9d-ad71-73c6-1c694342dc21" executionId="ce98bc8d-7de7-47cd-b4b8-390155fb2a95" testListId="8c84fa94-04c1-424b-9868-57a2d4851a1d" xmlns="http://microsoft.com/schemas/VisualStudio/TeamTest/2010" />
    <TestEntry testId="f2a03440-0376-07fe-a63b-c5dbc1c51d9d" executionId="a218778c-792b-4183-ab9f-29d79035ca06" testListId="8c84fa94-04c1-424b-9868-57a2d4851a1d" xmlns="http://microsoft.com/schemas/VisualStudio/TeamTest/2010" />
    <TestEntry testId="4c8eceef-7f0a-45c8-d030-0b823248b815" executionId="35c27693-f062-4579-890c-a21843a61b82" testListId="8c84fa94-04c1-424b-9868-57a2d4851a1d" xmlns="http://microsoft.com/schemas/VisualStudio/TeamTest/2010" />
    <TestEntry testId="b6498f29-1231-5fcf-4954-1746daa0500d" executionId="afc747d0-3e13-42ed-95de-6138de6b8027" testListId="8c84fa94-04c1-424b-9868-57a2d4851a1d" xmlns="http://microsoft.com/schemas/VisualStudio/TeamTest/2010" />
    <TestEntry testId="c32d9ec7-cf3f-0b90-7da7-80e3553b5fe6" executionId="d99ceea9-b631-4045-b503-465d09a875b0" testListId="8c84fa94-04c1-424b-9868-57a2d4851a1d" xmlns="http://microsoft.com/schemas/VisualStudio/TeamTest/2010" />
    <TestEntry testId="5adbf889-f6cc-6aad-7fc3-6b99d44bef4c" executionId="fceb09fb-b9b3-4827-9b93-5b4f6c6473ae" testListId="8c84fa94-04c1-424b-9868-57a2d4851a1d" xmlns="http://microsoft.com/schemas/VisualStudio/TeamTest/2010" />
    <TestEntry testId="4ba16b26-1543-65b7-5999-fbd5f1c9af2e" executionId="7280854a-0e6a-4edd-995b-2fd3ba5bd35e" testListId="8c84fa94-04c1-424b-9868-57a2d4851a1d" xmlns="http://microsoft.com/schemas/VisualStudio/TeamTest/2010" />
    <TestEntry testId="e72dc3eb-3aa5-dc4a-4345-13e88f385e6f" executionId="c77ea756-f595-40f7-8f3c-d695e2655158" testListId="8c84fa94-04c1-424b-9868-57a2d4851a1d" xmlns="http://microsoft.com/schemas/VisualStudio/TeamTest/2010" />
    <TestEntry testId="f3dca1bb-5884-67f2-50ab-603f9fbc49dc" executionId="49065855-cb7b-4ea4-bff1-ddde3d24d241" testListId="8c84fa94-04c1-424b-9868-57a2d4851a1d" xmlns="http://microsoft.com/schemas/VisualStudio/TeamTest/2010" />
    <TestEntry testId="78dc4ca6-14d8-0c1a-ad29-6d2f53293760" executionId="6b0183bd-dabd-46fa-97db-8cf4403b21a9" testListId="8c84fa94-04c1-424b-9868-57a2d4851a1d" xmlns="http://microsoft.com/schemas/VisualStudio/TeamTest/2010" />
    <TestEntry testId="7fd160bc-3b5b-e6e2-40ae-1974536260f2" executionId="c52cd384-b3e2-41bc-9bd6-e2d7d8c6b673" testListId="8c84fa94-04c1-424b-9868-57a2d4851a1d" xmlns="http://microsoft.com/schemas/VisualStudio/TeamTest/2010" />
    <TestEntry testId="256bd52f-eccc-f32c-0e34-b0f4b03b83cc" executionId="94c4c653-cfc8-40c1-b1ae-cff9ed2bfe8b" testListId="8c84fa94-04c1-424b-9868-57a2d4851a1d" xmlns="http://microsoft.com/schemas/VisualStudio/TeamTest/2010" />
    <TestEntry testId="b3e2a372-55ce-d9ad-4987-01272bc32a33" executionId="e168bc29-b9ef-4b6f-8a86-7327d176afc0" testListId="8c84fa94-04c1-424b-9868-57a2d4851a1d" xmlns="http://microsoft.com/schemas/VisualStudio/TeamTest/2010" />
    <TestEntry testId="61f88788-2c55-84c0-718f-430b9d9da684" executionId="a4f2e3e0-5d6a-4054-b782-51136742580d" testListId="8c84fa94-04c1-424b-9868-57a2d4851a1d" xmlns="http://microsoft.com/schemas/VisualStudio/TeamTest/2010" />
    <TestEntry testId="ab0f8867-b8d1-22b7-3b78-2eab4da93098" executionId="ad432919-47dc-432a-984c-bcb578be8b4f" testListId="8c84fa94-04c1-424b-9868-57a2d4851a1d" xmlns="http://microsoft.com/schemas/VisualStudio/TeamTest/2010" />
    <TestEntry testId="6a1b107a-2dfe-3696-4879-97b5e75031c8" executionId="cb43a410-fec2-47b7-8226-02e7b25dcd6a" testListId="8c84fa94-04c1-424b-9868-57a2d4851a1d" xmlns="http://microsoft.com/schemas/VisualStudio/TeamTest/2010" />
    <TestEntry testId="b6498f29-1231-5fcf-4954-1746daa0500d" executionId="133d558f-0eb4-42b5-8fd0-f0c0166f7fe5" testListId="8c84fa94-04c1-424b-9868-57a2d4851a1d" xmlns="http://microsoft.com/schemas/VisualStudio/TeamTest/2010" />
    <TestEntry testId="5b534773-a7de-3872-277f-efb65d408d74" executionId="f193c85b-0772-4474-b62b-7b99613f2c57" testListId="8c84fa94-04c1-424b-9868-57a2d4851a1d" xmlns="http://microsoft.com/schemas/VisualStudio/TeamTest/2010" />
    <TestEntry testId="2bfed98c-f04b-a9c6-9b30-1a4a12b04bd4" executionId="70d282e8-7eb2-4254-bc83-560451ec9655" testListId="8c84fa94-04c1-424b-9868-57a2d4851a1d" xmlns="http://microsoft.com/schemas/VisualStudio/TeamTest/2010" />
    <TestEntry testId="4dbe9543-b09b-17ff-b897-ea7ab7b131d7" executionId="0aea11b8-84d8-4c6b-8d23-ecd0c763f7e9" testListId="8c84fa94-04c1-424b-9868-57a2d4851a1d" xmlns="http://microsoft.com/schemas/VisualStudio/TeamTest/2010" />
    <TestEntry testId="7fd160bc-3b5b-e6e2-40ae-1974536260f2" executionId="5d234e36-4fc0-41f2-a3fa-8c4b60b80200" testListId="8c84fa94-04c1-424b-9868-57a2d4851a1d" xmlns="http://microsoft.com/schemas/VisualStudio/TeamTest/2010" />
    <TestEntry testId="7fd160bc-3b5b-e6e2-40ae-1974536260f2" executionId="3bb4385a-3461-4b08-9c41-a6da8a0ef60e" testListId="8c84fa94-04c1-424b-9868-57a2d4851a1d" xmlns="http://microsoft.com/schemas/VisualStudio/TeamTest/2010" />
    <TestEntry testId="9c016915-9649-a737-5d1d-30f1b46f0f52" executionId="35c6814e-e371-43d4-9a9f-2c069c5b66ce" testListId="8c84fa94-04c1-424b-9868-57a2d4851a1d" xmlns="http://microsoft.com/schemas/VisualStudio/TeamTest/2010" />
    <TestEntry testId="b6498f29-1231-5fcf-4954-1746daa0500d" executionId="8412596c-07be-42ee-907a-5b966203ea6b" testListId="8c84fa94-04c1-424b-9868-57a2d4851a1d" xmlns="http://microsoft.com/schemas/VisualStudio/TeamTest/2010" />
    <TestEntry testId="70a7d239-30af-99d8-26bc-eb06ced4f854" executionId="0ec62bcf-8b94-40ae-ad5f-2ffdf3acb074" testListId="8c84fa94-04c1-424b-9868-57a2d4851a1d" xmlns="http://microsoft.com/schemas/VisualStudio/TeamTest/2010" />
    <TestEntry testId="b6498f29-1231-5fcf-4954-1746daa0500d" executionId="89085221-19cf-4d76-a5cc-9ed88446174d" testListId="8c84fa94-04c1-424b-9868-57a2d4851a1d" xmlns="http://microsoft.com/schemas/VisualStudio/TeamTest/2010" />
    <TestEntry testId="7fd160bc-3b5b-e6e2-40ae-1974536260f2" executionId="c77b49fd-c906-43ea-b932-a71d05819639" testListId="8c84fa94-04c1-424b-9868-57a2d4851a1d" xmlns="http://microsoft.com/schemas/VisualStudio/TeamTest/2010" />
    <TestEntry testId="b6498f29-1231-5fcf-4954-1746daa0500d" executionId="c7fb084a-fbbd-4550-a282-0d317f552572" testListId="8c84fa94-04c1-424b-9868-57a2d4851a1d" xmlns="http://microsoft.com/schemas/VisualStudio/TeamTest/2010" />
    <TestEntry testId="e350703c-47df-56f0-b995-a52c38b53eca" executionId="8f89ac43-17e6-442d-811d-5c25c71bb34f" testListId="8c84fa94-04c1-424b-9868-57a2d4851a1d" xmlns="http://microsoft.com/schemas/VisualStudio/TeamTest/2010" />
    <TestEntry testId="a3f03b01-d34d-ff82-25a2-0a34018179c7" executionId="e9c57b4a-0a59-4f4c-8225-3b8e7b42f765" testListId="8c84fa94-04c1-424b-9868-57a2d4851a1d" xmlns="http://microsoft.com/schemas/VisualStudio/TeamTest/2010" />
    <TestEntry testId="e350703c-47df-56f0-b995-a52c38b53eca" executionId="c3ae322f-948a-4bfc-aa8d-75aaf6495bcf" testListId="8c84fa94-04c1-424b-9868-57a2d4851a1d" xmlns="http://microsoft.com/schemas/VisualStudio/TeamTest/2010" />
    <TestEntry testId="e350703c-47df-56f0-b995-a52c38b53eca" executionId="862c60b5-327d-42dd-90ca-5fe35b2149c6" testListId="8c84fa94-04c1-424b-9868-57a2d4851a1d" xmlns="http://microsoft.com/schemas/VisualStudio/TeamTest/2010" />
    <TestEntry testId="a7d78227-c63c-3e96-292c-bbd5ac9217f2" executionId="fef95121-e018-45ae-9353-7cd2e9ec803c" testListId="8c84fa94-04c1-424b-9868-57a2d4851a1d" xmlns="http://microsoft.com/schemas/VisualStudio/TeamTest/2010" />
    <TestEntry testId="7fd160bc-3b5b-e6e2-40ae-1974536260f2" executionId="fbe66c40-cc58-4fcd-8390-09189a85fe6f" testListId="8c84fa94-04c1-424b-9868-57a2d4851a1d" xmlns="http://microsoft.com/schemas/VisualStudio/TeamTest/2010" />
    <TestEntry testId="39cb097d-2ac2-473c-1a2c-0b1503361457" executionId="b866a0cc-2f9e-4ada-8b48-750a73de1708" testListId="8c84fa94-04c1-424b-9868-57a2d4851a1d" xmlns="http://microsoft.com/schemas/VisualStudio/TeamTest/2010" />
    <TestEntry testId="e350703c-47df-56f0-b995-a52c38b53eca" executionId="cdc43200-23fc-4e79-9d2e-3f2b40cdc1d3" testListId="8c84fa94-04c1-424b-9868-57a2d4851a1d" xmlns="http://microsoft.com/schemas/VisualStudio/TeamTest/2010" />
    <TestEntry testId="cde968fd-b220-e483-e127-75958f75b2b3" executionId="1a6f9f6f-fc31-49a1-bb84-8c48530ae9bd" testListId="8c84fa94-04c1-424b-9868-57a2d4851a1d" xmlns="http://microsoft.com/schemas/VisualStudio/TeamTest/2010" />
    <TestEntry testId="b6498f29-1231-5fcf-4954-1746daa0500d" executionId="0afbdd03-15d9-4f74-8d81-78db8a6dd4b5" testListId="8c84fa94-04c1-424b-9868-57a2d4851a1d" xmlns="http://microsoft.com/schemas/VisualStudio/TeamTest/2010" />
    <TestEntry testId="b6498f29-1231-5fcf-4954-1746daa0500d" executionId="4373d8d2-9b71-4000-ba46-e3861d9dde64" testListId="8c84fa94-04c1-424b-9868-57a2d4851a1d" xmlns="http://microsoft.com/schemas/VisualStudio/TeamTest/2010" />
    <TestEntry testId="e350703c-47df-56f0-b995-a52c38b53eca" executionId="1c9fa446-d5c2-4648-83f8-dfcaa656946a" testListId="8c84fa94-04c1-424b-9868-57a2d4851a1d" xmlns="http://microsoft.com/schemas/VisualStudio/TeamTest/2010" />
    <TestEntry testId="67b6a854-1fe4-5528-77d6-501bd90b9a20" executionId="bc44136c-b62a-48db-ace7-82e1352ba245" testListId="8c84fa94-04c1-424b-9868-57a2d4851a1d" xmlns="http://microsoft.com/schemas/VisualStudio/TeamTest/2010" />
    <TestEntry testId="e350703c-47df-56f0-b995-a52c38b53eca" executionId="16f45d40-3aeb-468a-8e2d-17d57976980d" testListId="8c84fa94-04c1-424b-9868-57a2d4851a1d" xmlns="http://microsoft.com/schemas/VisualStudio/TeamTest/2010" />
    <TestEntry testId="b6498f29-1231-5fcf-4954-1746daa0500d" executionId="9081136b-1588-4c3c-ba51-029c544bc20a" testListId="8c84fa94-04c1-424b-9868-57a2d4851a1d" xmlns="http://microsoft.com/schemas/VisualStudio/TeamTest/2010" />
    <TestEntry testId="67b6a854-1fe4-5528-77d6-501bd90b9a20" executionId="43cac60d-d102-4b1a-a6b1-c75683278881" testListId="8c84fa94-04c1-424b-9868-57a2d4851a1d" xmlns="http://microsoft.com/schemas/VisualStudio/TeamTest/2010" />
    <TestEntry testId="63fad722-7037-7050-fa28-b32ff1a4ec2f" executionId="9517b9da-f160-4475-be86-844032bad020" testListId="8c84fa94-04c1-424b-9868-57a2d4851a1d" xmlns="http://microsoft.com/schemas/VisualStudio/TeamTest/2010" />
    <TestEntry testId="38ea670b-dab3-e76c-4456-b085aea47bcf" executionId="17709dbf-73bd-4eb7-8775-5457cc7baefe" testListId="8c84fa94-04c1-424b-9868-57a2d4851a1d" xmlns="http://microsoft.com/schemas/VisualStudio/TeamTest/2010" />
    <TestEntry testId="5bb4fd62-5d31-f92e-3aec-4b3c222ba16c" executionId="0a02babf-a0da-43ed-80d7-308a646ee947" testListId="8c84fa94-04c1-424b-9868-57a2d4851a1d" xmlns="http://microsoft.com/schemas/VisualStudio/TeamTest/2010" />
    <TestEntry testId="4173abf6-6eee-31f5-7205-ad46c7104d49" executionId="51f9daf1-774e-4c2c-8abe-ea906fa2b2e3" testListId="8c84fa94-04c1-424b-9868-57a2d4851a1d" xmlns="http://microsoft.com/schemas/VisualStudio/TeamTest/2010" />
    <TestEntry testId="bb6d8621-db33-2366-8e82-a87beebdef19" executionId="68a07887-0ac6-4395-8871-9b82f90675a9" testListId="8c84fa94-04c1-424b-9868-57a2d4851a1d" xmlns="http://microsoft.com/schemas/VisualStudio/TeamTest/2010" />
    <TestEntry testId="419ef0dc-c4eb-bdc4-db64-68fe0fa43397" executionId="00bc5092-27c3-450b-9e2d-d7dad6bee2e7" testListId="8c84fa94-04c1-424b-9868-57a2d4851a1d" xmlns="http://microsoft.com/schemas/VisualStudio/TeamTest/2010" />
    <TestEntry testId="94603f64-5739-e688-dcfd-6687308b4a9a" executionId="2b36b23f-378e-4cd9-b9f9-344305070c12" testListId="8c84fa94-04c1-424b-9868-57a2d4851a1d" xmlns="http://microsoft.com/schemas/VisualStudio/TeamTest/2010" />
    <TestEntry testId="726abc2c-502d-4a5c-e2c7-073f21d793da" executionId="00c32b4a-b724-4b50-b93e-ca6a885c9995" testListId="8c84fa94-04c1-424b-9868-57a2d4851a1d" xmlns="http://microsoft.com/schemas/VisualStudio/TeamTest/2010" />
    <TestEntry testId="09f85366-159b-5dce-cdaa-bbbd3e98347c" executionId="e407646a-1c5c-4a37-a0f7-8620d7d620ec" testListId="8c84fa94-04c1-424b-9868-57a2d4851a1d" xmlns="http://microsoft.com/schemas/VisualStudio/TeamTest/2010" />
    <TestEntry testId="35da343a-5826-ac4c-688a-c2bbf7572a30" executionId="8d11bf38-8230-4b52-9949-632bd71906cb" testListId="8c84fa94-04c1-424b-9868-57a2d4851a1d" xmlns="http://microsoft.com/schemas/VisualStudio/TeamTest/2010" />
    <TestEntry testId="de980556-11bb-d6e9-c03a-e5592a3218d5" executionId="4c70d766-3f64-4b33-be20-b301aef984fd" testListId="8c84fa94-04c1-424b-9868-57a2d4851a1d" xmlns="http://microsoft.com/schemas/VisualStudio/TeamTest/2010" />
    <TestEntry testId="6e40d08d-5283-ed81-5042-cf4b25b8a9b0" executionId="d6c5ad20-f418-44ad-a0ac-301f42d67a59" testListId="8c84fa94-04c1-424b-9868-57a2d4851a1d" xmlns="http://microsoft.com/schemas/VisualStudio/TeamTest/2010" />
    <TestEntry testId="ed2eb3a8-9a8f-8428-0d0a-7e6a2f6200e2" executionId="bdadeff2-d86f-429b-bfca-8868876b0664" testListId="8c84fa94-04c1-424b-9868-57a2d4851a1d" xmlns="http://microsoft.com/schemas/VisualStudio/TeamTest/2010" />
    <TestEntry testId="8aec3498-0c1a-9091-2458-51d1c67933bf" executionId="95d8a9d4-cc87-4389-a2a6-dc43ad2f76bf" testListId="8c84fa94-04c1-424b-9868-57a2d4851a1d" xmlns="http://microsoft.com/schemas/VisualStudio/TeamTest/2010" />
    <TestEntry testId="01e51d56-c992-5e2d-f6ea-cf3f1977a589" executionId="61e5e211-e150-4f97-b7f0-cc6b68c86a76" testListId="8c84fa94-04c1-424b-9868-57a2d4851a1d" xmlns="http://microsoft.com/schemas/VisualStudio/TeamTest/2010" />
    <TestEntry testId="4756cbfe-51aa-abcc-147f-e97a51057db5" executionId="11154eda-0a1c-476d-bfdd-37fc0396f78f" testListId="8c84fa94-04c1-424b-9868-57a2d4851a1d" xmlns="http://microsoft.com/schemas/VisualStudio/TeamTest/2010" />
    <TestEntry testId="bfc7f80f-e281-5816-dc57-387e099d2a10" executionId="60f2f8c4-358a-418d-b8f9-84f322f270eb" testListId="8c84fa94-04c1-424b-9868-57a2d4851a1d" xmlns="http://microsoft.com/schemas/VisualStudio/TeamTest/2010" />
    <TestEntry testId="b14f6909-8be4-5d0a-1d4e-766cb1e4abd6" executionId="d9bcf9c2-a8d8-4384-be4e-42e7b644154a" testListId="8c84fa94-04c1-424b-9868-57a2d4851a1d" xmlns="http://microsoft.com/schemas/VisualStudio/TeamTest/2010" />
    <TestEntry testId="e5454c02-b359-b78c-7c37-b5f0f590b608" executionId="111c090a-b7e6-46fc-b0d5-123f3cf40b68" testListId="8c84fa94-04c1-424b-9868-57a2d4851a1d" xmlns="http://microsoft.com/schemas/VisualStudio/TeamTest/2010" />
    <TestEntry testId="b64dc215-d1b4-1f14-fa25-4d622e2e9f2e" executionId="0d1ddd28-c50a-4dd7-a8ce-183274f76db9" testListId="8c84fa94-04c1-424b-9868-57a2d4851a1d" xmlns="http://microsoft.com/schemas/VisualStudio/TeamTest/2010" />
    <TestEntry testId="dbc55b57-382b-82eb-3acf-abef72ee15cc" executionId="61f8ea84-31f8-44d1-8211-92d720f974ad" testListId="8c84fa94-04c1-424b-9868-57a2d4851a1d" xmlns="http://microsoft.com/schemas/VisualStudio/TeamTest/2010" />
    <TestEntry testId="1e4ed14b-2ef0-3f9d-4f20-3ca8c8f7b464" executionId="7b276eb5-23ca-49a7-bd0c-2bbd03a60f34" testListId="8c84fa94-04c1-424b-9868-57a2d4851a1d" xmlns="http://microsoft.com/schemas/VisualStudio/TeamTest/2010" />
    <TestEntry testId="24774874-1df7-77de-7655-bbafea74832a" executionId="b98f6f8e-cb48-4e78-898d-e9cce2a0acdf" testListId="8c84fa94-04c1-424b-9868-57a2d4851a1d" xmlns="http://microsoft.com/schemas/VisualStudio/TeamTest/2010" />
    <TestEntry testId="dbb46bd7-84ef-1bcc-6faf-71781bc1e5e4" executionId="777644e2-2bad-4e09-8110-a69a467714e3" testListId="8c84fa94-04c1-424b-9868-57a2d4851a1d" xmlns="http://microsoft.com/schemas/VisualStudio/TeamTest/2010" />
    <TestEntry testId="f598f4b2-0d84-3c92-1941-6f70c8135fc3" executionId="7f53ade6-19a8-44de-b247-bba205aa7ab8" testListId="8c84fa94-04c1-424b-9868-57a2d4851a1d" xmlns="http://microsoft.com/schemas/VisualStudio/TeamTest/2010" />
    <TestEntry testId="42569814-6b98-2a32-42fe-9c7bdada1d9f" executionId="3868b830-d20d-4555-90ab-88771d7181f4" testListId="8c84fa94-04c1-424b-9868-57a2d4851a1d" xmlns="http://microsoft.com/schemas/VisualStudio/TeamTest/2010" />
    <TestEntry testId="1b9e3bb4-64d4-a320-5b86-dba72457e6ef" executionId="3e45784f-8aa5-45ec-8e9d-e7dee9cbc6a7" testListId="8c84fa94-04c1-424b-9868-57a2d4851a1d" xmlns="http://microsoft.com/schemas/VisualStudio/TeamTest/2010" />
    <TestEntry testId="63948805-297b-3757-4e75-2314b4468263" executionId="bcc38f67-3fbf-48fe-8300-5845228e2539" testListId="8c84fa94-04c1-424b-9868-57a2d4851a1d" xmlns="http://microsoft.com/schemas/VisualStudio/TeamTest/2010" />
    <TestEntry testId="3db5564a-09b3-d658-c0e0-9f86c81bd8c6" executionId="098d335e-0285-4a1a-b011-05891c3ef236" testListId="8c84fa94-04c1-424b-9868-57a2d4851a1d" xmlns="http://microsoft.com/schemas/VisualStudio/TeamTest/2010" />
    <TestEntry testId="251289aa-a607-e006-c914-e09b39f52c99" executionId="b04ad560-229c-43df-8574-e282b0f10f3e" testListId="8c84fa94-04c1-424b-9868-57a2d4851a1d" xmlns="http://microsoft.com/schemas/VisualStudio/TeamTest/2010" />
    <TestEntry testId="33a234b4-5b0c-8ae4-c739-6e7b62145768" executionId="a0485825-cccf-47db-bae6-54d5845eb83d" testListId="8c84fa94-04c1-424b-9868-57a2d4851a1d" xmlns="http://microsoft.com/schemas/VisualStudio/TeamTest/2010" />
    <TestEntry testId="40025f8c-33a3-86dc-40ea-c26da3d7c94a" executionId="da5b63e4-869a-4ae8-8631-489401670a49" testListId="8c84fa94-04c1-424b-9868-57a2d4851a1d" xmlns="http://microsoft.com/schemas/VisualStudio/TeamTest/2010" />
    <TestEntry testId="23c81040-d5d6-0e65-6245-2fe212879616" executionId="56de7c87-b435-45ba-9fec-a5486a322ef9" testListId="8c84fa94-04c1-424b-9868-57a2d4851a1d" xmlns="http://microsoft.com/schemas/VisualStudio/TeamTest/2010" />
    <TestEntry testId="61e785a3-6dc7-7a65-ecf9-a0b14d187326" executionId="f846c275-908f-46a7-8c47-d4a6d177a0a0" testListId="8c84fa94-04c1-424b-9868-57a2d4851a1d" xmlns="http://microsoft.com/schemas/VisualStudio/TeamTest/2010" />
    <TestEntry testId="513d11fc-67fa-6f75-0d1b-3a56ad265509" executionId="93049846-0e4c-40a7-acf7-ce6fc8503eed" testListId="8c84fa94-04c1-424b-9868-57a2d4851a1d" xmlns="http://microsoft.com/schemas/VisualStudio/TeamTest/2010" />
    <TestEntry testId="26371a34-e095-ac3b-cdb6-58031708ffda" executionId="fe59102a-0ea6-4c96-ab22-101751c8704e" testListId="8c84fa94-04c1-424b-9868-57a2d4851a1d" xmlns="http://microsoft.com/schemas/VisualStudio/TeamTest/2010" />
    <TestEntry testId="10eeac77-be98-5314-e134-5e07fee4201b" executionId="490a9566-0239-4950-859a-3fbb47f0337b" testListId="8c84fa94-04c1-424b-9868-57a2d4851a1d" xmlns="http://microsoft.com/schemas/VisualStudio/TeamTest/2010" />
    <TestEntry testId="af3880ac-68f4-36b7-1968-58204ada5522" executionId="7f96ca09-f357-4a0e-b997-f3e15554c49f" testListId="8c84fa94-04c1-424b-9868-57a2d4851a1d" xmlns="http://microsoft.com/schemas/VisualStudio/TeamTest/2010" />
    <TestEntry testId="87efccdd-521d-8651-4344-aecbb535b39d" executionId="7b4a3668-9b31-4333-814b-dace85e2b147" testListId="8c84fa94-04c1-424b-9868-57a2d4851a1d" xmlns="http://microsoft.com/schemas/VisualStudio/TeamTest/2010" />
    <TestEntry testId="edb23b8d-5f7e-d2bb-ce76-f187b30ebb61" executionId="33e3c99f-ce66-428e-a5ee-f4029c8f7f90" testListId="8c84fa94-04c1-424b-9868-57a2d4851a1d" xmlns="http://microsoft.com/schemas/VisualStudio/TeamTest/2010" />
    <TestEntry testId="a5c8e016-d4ea-30ed-fbf3-890ea331078c" executionId="677b28b1-08af-4e47-a4a2-3dbbf0216084" testListId="8c84fa94-04c1-424b-9868-57a2d4851a1d" xmlns="http://microsoft.com/schemas/VisualStudio/TeamTest/2010" />
    <TestEntry testId="c3d96c67-b7eb-8271-8b2c-35176b8a900c" executionId="07afe965-009d-4726-b88b-21d8b8c445c2" testListId="8c84fa94-04c1-424b-9868-57a2d4851a1d" xmlns="http://microsoft.com/schemas/VisualStudio/TeamTest/2010" />
    <TestEntry testId="831e2631-9a37-4b0a-2e4e-453da32f04e1" executionId="378daa48-3111-4891-abee-660d6da9e12d" testListId="8c84fa94-04c1-424b-9868-57a2d4851a1d" xmlns="http://microsoft.com/schemas/VisualStudio/TeamTest/2010" />
    <TestEntry testId="4ce80adc-85b2-94de-76f3-cc28367202bc" executionId="43943c71-7c92-433b-80c5-8e1007f4383f" testListId="8c84fa94-04c1-424b-9868-57a2d4851a1d" xmlns="http://microsoft.com/schemas/VisualStudio/TeamTest/2010" />
    <TestEntry testId="f20600a2-9628-5de8-bbf6-315f97e16140" executionId="60b370f2-2338-42e6-8396-c30a1ee5c53a" testListId="8c84fa94-04c1-424b-9868-57a2d4851a1d" xmlns="http://microsoft.com/schemas/VisualStudio/TeamTest/2010" />
    <TestEntry testId="cafd6058-6aab-9d1f-69ad-4c9f56040de6" executionId="5af1b04b-35fe-47c9-9938-43d2648055a7" testListId="8c84fa94-04c1-424b-9868-57a2d4851a1d" xmlns="http://microsoft.com/schemas/VisualStudio/TeamTest/2010" />
    <TestEntry testId="2e0c9851-0485-aa3c-d24f-7fccd80074f4" executionId="a8a50ed7-efd8-443c-9e29-24d2caac2081" testListId="8c84fa94-04c1-424b-9868-57a2d4851a1d" xmlns="http://microsoft.com/schemas/VisualStudio/TeamTest/2010" />
    <TestEntry testId="4bf38066-0bb2-757e-8a8e-3db6781b25d2" executionId="287d2aa0-5656-4896-9784-20b5e978a9b2" testListId="8c84fa94-04c1-424b-9868-57a2d4851a1d" xmlns="http://microsoft.com/schemas/VisualStudio/TeamTest/2010" />
    <TestEntry testId="0f7e3e16-777a-5558-36e8-70ed511d8dc2" executionId="3fefcdcb-7f67-42a8-8dae-9f0b0986694b" testListId="8c84fa94-04c1-424b-9868-57a2d4851a1d" xmlns="http://microsoft.com/schemas/VisualStudio/TeamTest/2010" />
    <TestEntry testId="2b082eef-4fa9-3b0c-8d19-b1f036cc7147" executionId="2ff51e66-075d-4c06-ba9a-c3a71b177b7f" testListId="8c84fa94-04c1-424b-9868-57a2d4851a1d" xmlns="http://microsoft.com/schemas/VisualStudio/TeamTest/2010" />
    <TestEntry testId="38e9a0c7-b39d-0746-cc04-b6b9aa4e3b7c" executionId="648d670a-358e-4778-98dd-39417ed22f2b" testListId="8c84fa94-04c1-424b-9868-57a2d4851a1d" xmlns="http://microsoft.com/schemas/VisualStudio/TeamTest/2010" />
    <TestEntry testId="f78a8ff3-c0d0-976a-acb4-40a970430b93" executionId="4a59e6c9-f402-46bd-b724-6944832289f7" testListId="8c84fa94-04c1-424b-9868-57a2d4851a1d" xmlns="http://microsoft.com/schemas/VisualStudio/TeamTest/2010" />
    <TestEntry testId="a68de2ae-2056-64c2-a1d0-a4ade981516a" executionId="61d12989-822b-4d73-be78-422486850299" testListId="8c84fa94-04c1-424b-9868-57a2d4851a1d" xmlns="http://microsoft.com/schemas/VisualStudio/TeamTest/2010" />
    <TestEntry testId="84a71d2d-ba2d-93f8-5034-8f6c197225a9" executionId="e9f8bb44-a802-4273-90be-68f60cc17dff" testListId="8c84fa94-04c1-424b-9868-57a2d4851a1d" xmlns="http://microsoft.com/schemas/VisualStudio/TeamTest/2010" />
    <TestEntry testId="207e4065-88b5-ba27-1f76-4d0f0a098cde" executionId="803aae46-c639-4eae-9660-5080d08fc69a" testListId="8c84fa94-04c1-424b-9868-57a2d4851a1d" xmlns="http://microsoft.com/schemas/VisualStudio/TeamTest/2010" />
    <TestEntry testId="97a142d5-b0a9-d9bf-03a6-736e4df75106" executionId="96ad9532-f80d-4940-89f7-ae4df20af570" testListId="8c84fa94-04c1-424b-9868-57a2d4851a1d" xmlns="http://microsoft.com/schemas/VisualStudio/TeamTest/2010" />
    <TestEntry testId="250659bd-c780-75f8-425e-56948f547d27" executionId="1dc7910b-5c6c-4dca-b8ff-a6e531b7b6a4" testListId="8c84fa94-04c1-424b-9868-57a2d4851a1d" xmlns="http://microsoft.com/schemas/VisualStudio/TeamTest/2010" />
    <TestEntry testId="0b8f627b-a1c8-6277-6090-2fc13b4051a9" executionId="933992f1-ce09-4c4c-8123-bf2d9c638117" testListId="8c84fa94-04c1-424b-9868-57a2d4851a1d" xmlns="http://microsoft.com/schemas/VisualStudio/TeamTest/2010" />
    <TestEntry testId="2ae6c352-791a-5a0c-8cef-9e8ca7a29354" executionId="9b7d69c5-7891-42d7-a031-f82e37fca1c0" testListId="8c84fa94-04c1-424b-9868-57a2d4851a1d" xmlns="http://microsoft.com/schemas/VisualStudio/TeamTest/2010" />
    <TestEntry testId="8e643e26-fbd5-ae99-4a9a-d26e4648cd65" executionId="4a867966-5e3a-4980-a46c-5e36802547ad" testListId="8c84fa94-04c1-424b-9868-57a2d4851a1d" xmlns="http://microsoft.com/schemas/VisualStudio/TeamTest/2010" />
    <TestEntry testId="ce6510cf-36c8-726a-19a1-61fee8813205" executionId="b8f41861-5f9c-486b-9950-2739bac90da8" testListId="8c84fa94-04c1-424b-9868-57a2d4851a1d" xmlns="http://microsoft.com/schemas/VisualStudio/TeamTest/2010" />
    <TestEntry testId="ddf9cd7e-758c-d704-01a7-8f705631b98b" executionId="22ce8182-626b-4f87-b1f5-87f796895296" testListId="8c84fa94-04c1-424b-9868-57a2d4851a1d" xmlns="http://microsoft.com/schemas/VisualStudio/TeamTest/2010" />
    <TestEntry testId="d30c3925-6041-dd0b-2a02-37144f03e811" executionId="5602ea70-adac-4e47-9a02-9404861e8abc" testListId="8c84fa94-04c1-424b-9868-57a2d4851a1d" xmlns="http://microsoft.com/schemas/VisualStudio/TeamTest/2010" />
    <TestEntry testId="d5c2d09d-d5bb-c30c-e877-f0810b3cd681" executionId="13bc0757-e442-409b-b135-3c7718235c01" testListId="8c84fa94-04c1-424b-9868-57a2d4851a1d" xmlns="http://microsoft.com/schemas/VisualStudio/TeamTest/2010" />
    <TestEntry testId="8667c664-2408-3d94-53dd-862b8bb2405a" executionId="ad59a171-928f-4423-8ac4-7a6dc695e6d3" testListId="8c84fa94-04c1-424b-9868-57a2d4851a1d" xmlns="http://microsoft.com/schemas/VisualStudio/TeamTest/2010" />
    <TestEntry testId="fb3ba795-c081-9f7b-3da5-2154832c187c" executionId="1b22c3e8-aa12-4b10-ba9a-33d585b0455c" testListId="8c84fa94-04c1-424b-9868-57a2d4851a1d" xmlns="http://microsoft.com/schemas/VisualStudio/TeamTest/2010" />
    <TestEntry testId="52185704-5d0e-e5db-ccdd-e6d884289597" executionId="c6312b2b-e314-4cbf-bde2-76b7d8b173c9" testListId="8c84fa94-04c1-424b-9868-57a2d4851a1d" xmlns="http://microsoft.com/schemas/VisualStudio/TeamTest/2010" />
    <TestEntry testId="53f92a56-f656-cd19-3414-6dec87fc1460" executionId="8bf27327-7b60-40e4-a7b7-4d8010e6088b" testListId="8c84fa94-04c1-424b-9868-57a2d4851a1d" xmlns="http://microsoft.com/schemas/VisualStudio/TeamTest/2010" />
    <TestEntry testId="fffaa604-a2bf-cb56-46c0-a54e3c2e5b71" executionId="2ce38243-8c89-44eb-a508-334f5a276f2d" testListId="8c84fa94-04c1-424b-9868-57a2d4851a1d" xmlns="http://microsoft.com/schemas/VisualStudio/TeamTest/2010" />
    <TestEntry testId="29e073f8-c889-a619-68be-0fbabe313523" executionId="083fdc16-0434-4d01-90ca-17241ee3da53" testListId="8c84fa94-04c1-424b-9868-57a2d4851a1d" xmlns="http://microsoft.com/schemas/VisualStudio/TeamTest/2010" />
    <TestEntry testId="0f3b8649-3271-0a42-8cb6-7536e5c6b6c7" executionId="3d979543-bfd5-46ef-b437-e0a6b836abf5" testListId="8c84fa94-04c1-424b-9868-57a2d4851a1d" xmlns="http://microsoft.com/schemas/VisualStudio/TeamTest/2010" />
    <TestEntry testId="0783fcf2-6259-18a6-4548-3ee3e685104b" executionId="b1aa69e9-bfb4-4167-a7be-51ba1ca43114" testListId="8c84fa94-04c1-424b-9868-57a2d4851a1d" xmlns="http://microsoft.com/schemas/VisualStudio/TeamTest/2010" />
    <TestEntry testId="f4cf2bc5-5581-a176-969e-675ebb01aeb7" executionId="6b2a109b-8c7f-4bfe-bbfc-878ffe0ba5f7" testListId="8c84fa94-04c1-424b-9868-57a2d4851a1d" xmlns="http://microsoft.com/schemas/VisualStudio/TeamTest/2010" />
    <TestEntry testId="2987ca95-4d23-bd98-8619-20a1f1f849ce" executionId="f4211e6a-6d7a-443b-a5b7-88e787623a2a" testListId="8c84fa94-04c1-424b-9868-57a2d4851a1d" xmlns="http://microsoft.com/schemas/VisualStudio/TeamTest/2010" />
    <TestEntry testId="7634c0a5-d5d8-ae19-0f45-9f0c0c3f4e32" executionId="16988848-6550-4ff4-89c5-b914326a9bcd" testListId="8c84fa94-04c1-424b-9868-57a2d4851a1d" xmlns="http://microsoft.com/schemas/VisualStudio/TeamTest/2010" />
    <TestEntry testId="6acd0700-45fd-3a58-a98b-e73e695d3cb6" executionId="28cf8514-fb44-407c-8b26-5c436412a5e0" testListId="8c84fa94-04c1-424b-9868-57a2d4851a1d" xmlns="http://microsoft.com/schemas/VisualStudio/TeamTest/2010" />
    <TestEntry testId="a0c29914-2fac-1ccd-4f27-21bcc9ae1a84" executionId="c6774a62-9739-4067-b7bf-8ca0018cc10d" testListId="8c84fa94-04c1-424b-9868-57a2d4851a1d" xmlns="http://microsoft.com/schemas/VisualStudio/TeamTest/2010" />
    <TestEntry testId="8338d02b-d210-c931-4723-375c66eef863" executionId="daf26b87-767e-4a45-9354-9f39fd515157" testListId="8c84fa94-04c1-424b-9868-57a2d4851a1d" xmlns="http://microsoft.com/schemas/VisualStudio/TeamTest/2010" />
    <TestEntry testId="1d97f529-259a-f217-942c-8e2e6578735c" executionId="e56eb737-d591-42fb-b370-5f6b22ac0614" testListId="8c84fa94-04c1-424b-9868-57a2d4851a1d" xmlns="http://microsoft.com/schemas/VisualStudio/TeamTest/2010" />
    <TestEntry testId="c3266cf0-adcb-0581-8c52-a350b87b4664" executionId="84674fc9-47e7-493f-a787-f68e97139cd0" testListId="8c84fa94-04c1-424b-9868-57a2d4851a1d" xmlns="http://microsoft.com/schemas/VisualStudio/TeamTest/2010" />
    <TestEntry testId="219547ac-d953-99f8-2edf-0911d57e52dd" executionId="5d3a8fc4-58b0-4108-87f5-7c37758d0a46" testListId="8c84fa94-04c1-424b-9868-57a2d4851a1d" xmlns="http://microsoft.com/schemas/VisualStudio/TeamTest/2010" />
    <TestEntry testId="6acc9c74-0373-caf8-35ed-9e340028f0c1" executionId="1030d549-3294-4baf-b9a0-2bc03d6f420a" testListId="8c84fa94-04c1-424b-9868-57a2d4851a1d" xmlns="http://microsoft.com/schemas/VisualStudio/TeamTest/2010" />
    <TestEntry testId="f6e30306-bb3b-d2e5-9a55-741402e2594f" executionId="10922ca9-7202-4f16-aba2-d47b8645791c" testListId="8c84fa94-04c1-424b-9868-57a2d4851a1d" xmlns="http://microsoft.com/schemas/VisualStudio/TeamTest/2010" />
    <TestEntry testId="6945fc8e-bced-3763-56d7-dd9774cf09e7" executionId="b46c7a51-cbc5-414b-a1cf-46b7b81c144a" testListId="8c84fa94-04c1-424b-9868-57a2d4851a1d" xmlns="http://microsoft.com/schemas/VisualStudio/TeamTest/2010" />
    <TestEntry testId="e97eaf8e-0ecf-65f5-04ab-76ca8870b372" executionId="7bafe149-4ba8-4713-88c2-565ccbdf4b56" testListId="8c84fa94-04c1-424b-9868-57a2d4851a1d" xmlns="http://microsoft.com/schemas/VisualStudio/TeamTest/2010" />
    <TestEntry testId="f6892432-d506-05dd-c1d8-5f655afbf0ef" executionId="04ddff7e-4e04-435f-9c74-7d3eadea9387" testListId="8c84fa94-04c1-424b-9868-57a2d4851a1d" xmlns="http://microsoft.com/schemas/VisualStudio/TeamTest/2010" />
    <TestEntry testId="6a696e3c-fdaf-a272-447e-e0c2a6c77673" executionId="af9a82c4-38ac-41dc-a778-ad919eb088aa" testListId="8c84fa94-04c1-424b-9868-57a2d4851a1d" xmlns="http://microsoft.com/schemas/VisualStudio/TeamTest/2010" />
    <TestEntry testId="55a3c803-06e9-6a98-6826-97a1597a8680" executionId="d1099f81-9056-433a-8b61-c8cb9691fef6" testListId="8c84fa94-04c1-424b-9868-57a2d4851a1d" xmlns="http://microsoft.com/schemas/VisualStudio/TeamTest/2010" />
    <TestEntry testId="6f5bf48c-e4c0-b967-62c8-a640629e7719" executionId="80aad71d-1f29-4d81-8bfb-b9b02f9e13c0" testListId="8c84fa94-04c1-424b-9868-57a2d4851a1d" xmlns="http://microsoft.com/schemas/VisualStudio/TeamTest/2010" />
    <TestEntry testId="a465e3e2-5f33-9280-96a5-dad2cdb56d48" executionId="42810d77-4cb2-4d0a-84fc-3627a49242eb" testListId="8c84fa94-04c1-424b-9868-57a2d4851a1d" xmlns="http://microsoft.com/schemas/VisualStudio/TeamTest/2010" />
    <TestEntry testId="d9a582db-720f-849c-5c6c-3e72305e7969" executionId="6968c3fc-62c3-4d6e-89ee-42f0d19c6349" testListId="8c84fa94-04c1-424b-9868-57a2d4851a1d" xmlns="http://microsoft.com/schemas/VisualStudio/TeamTest/2010" />
    <TestEntry testId="2be0bb23-bdd4-39e3-5c52-58d829d1a4f6" executionId="3eafb1a8-c001-4932-9731-024d2568eca7" testListId="8c84fa94-04c1-424b-9868-57a2d4851a1d" xmlns="http://microsoft.com/schemas/VisualStudio/TeamTest/2010" />
    <TestEntry testId="da8e2bdd-b046-b065-da35-f4d8fa39c126" executionId="d17b5f28-f3a8-4b72-a707-06d6510ac725" testListId="8c84fa94-04c1-424b-9868-57a2d4851a1d" xmlns="http://microsoft.com/schemas/VisualStudio/TeamTest/2010" />
    <TestEntry testId="18ab39eb-c269-8e5e-27c8-0e0099e940b7" executionId="51c36e12-1178-4f39-a91c-d3b10e505799" testListId="8c84fa94-04c1-424b-9868-57a2d4851a1d" xmlns="http://microsoft.com/schemas/VisualStudio/TeamTest/2010" />
    <TestEntry testId="fc5fae9f-91d6-fa24-579e-a13cc255eec6" executionId="18c6fc2f-e879-4567-8952-00334e0a1a5b" testListId="8c84fa94-04c1-424b-9868-57a2d4851a1d" xmlns="http://microsoft.com/schemas/VisualStudio/TeamTest/2010" />
    <TestEntry testId="921f768d-c026-5c72-695c-6195f075a1c1" executionId="a0e44ede-500c-4f9e-963d-32744d33b60e" testListId="8c84fa94-04c1-424b-9868-57a2d4851a1d" xmlns="http://microsoft.com/schemas/VisualStudio/TeamTest/2010" />
    <TestEntry testId="abffb153-2bc5-2e5d-37d3-34241627ba4f" executionId="385f1677-3ea5-4a05-8f46-c52bd4edea4c" testListId="8c84fa94-04c1-424b-9868-57a2d4851a1d" xmlns="http://microsoft.com/schemas/VisualStudio/TeamTest/2010" />
    <TestEntry testId="32feb49a-a169-6254-5ae6-6f93b144c382" executionId="3d870979-e79c-40ae-93aa-2d9845f63af5" testListId="8c84fa94-04c1-424b-9868-57a2d4851a1d" xmlns="http://microsoft.com/schemas/VisualStudio/TeamTest/2010" />
    <TestEntry testId="b7ad954c-d7f8-9b7f-da20-994bdddaa358" executionId="3ce272cf-cde6-4137-951e-a6d5a1960745" testListId="8c84fa94-04c1-424b-9868-57a2d4851a1d" xmlns="http://microsoft.com/schemas/VisualStudio/TeamTest/2010" />
    <TestEntry testId="a7424620-7d66-2bab-87dd-6bf41b62173f" executionId="e4a52e1c-7bcb-4820-8f24-e57fa7b55ee9" testListId="8c84fa94-04c1-424b-9868-57a2d4851a1d" xmlns="http://microsoft.com/schemas/VisualStudio/TeamTest/2010" />
    <TestEntry testId="cb67196b-6ac5-2ad3-c511-f22d8dd105d9" executionId="b1141e79-50de-4334-ba74-3ab5e46691e9" testListId="8c84fa94-04c1-424b-9868-57a2d4851a1d" xmlns="http://microsoft.com/schemas/VisualStudio/TeamTest/2010" />
    <TestEntry testId="9995fe48-045c-fb86-728c-6afde736c742" executionId="3b350acf-5020-4137-8449-f79219986837" testListId="8c84fa94-04c1-424b-9868-57a2d4851a1d" xmlns="http://microsoft.com/schemas/VisualStudio/TeamTest/2010" />
    <TestEntry testId="a8ca89f0-79ce-83ca-018f-472a49db6f46" executionId="b01a20d6-240a-4206-b3ff-4c960ba603dd" testListId="8c84fa94-04c1-424b-9868-57a2d4851a1d" xmlns="http://microsoft.com/schemas/VisualStudio/TeamTest/2010" />
    <TestEntry testId="e05e78b9-1fc5-d5e7-7e42-f53788d2e4a8" executionId="8c427b4c-7c5a-4d19-af57-3b22b1296e16" testListId="8c84fa94-04c1-424b-9868-57a2d4851a1d" xmlns="http://microsoft.com/schemas/VisualStudio/TeamTest/2010" />
    <TestEntry testId="3e3a289b-1c74-15e1-39bf-f6ee0cea86e7" executionId="f7a40961-0855-4a05-ae44-9d6abc60fc88" testListId="8c84fa94-04c1-424b-9868-57a2d4851a1d" xmlns="http://microsoft.com/schemas/VisualStudio/TeamTest/2010" />
    <TestEntry testId="a1968147-0351-75a4-0e13-531c67b43bf8" executionId="afd8566c-a256-4bcc-9a52-b512f95abff0" testListId="8c84fa94-04c1-424b-9868-57a2d4851a1d" xmlns="http://microsoft.com/schemas/VisualStudio/TeamTest/2010" />
    <TestEntry testId="747a08c9-a3e7-c6d3-d3e5-4ea9ef67df60" executionId="eb60c41b-e188-4059-9485-c47780f6846a" testListId="8c84fa94-04c1-424b-9868-57a2d4851a1d" xmlns="http://microsoft.com/schemas/VisualStudio/TeamTest/2010" />
    <TestEntry testId="1d8ac424-d8c8-cc40-95df-91f5d4ddca6b" executionId="65590435-436a-40f2-966f-2661c59b274f" testListId="8c84fa94-04c1-424b-9868-57a2d4851a1d" xmlns="http://microsoft.com/schemas/VisualStudio/TeamTest/2010" />
    <TestEntry testId="09a12892-a09d-2217-56ca-535c29014ee4" executionId="c97a17fe-f1c6-442c-93fc-1a4f021527fe" testListId="8c84fa94-04c1-424b-9868-57a2d4851a1d" xmlns="http://microsoft.com/schemas/VisualStudio/TeamTest/2010" />
    <TestEntry testId="23e6d9bc-f3c3-f29d-3344-d86cf83d0f1d" executionId="3bbdd0c4-cd00-4dee-8025-f06d69e3aeb9" testListId="8c84fa94-04c1-424b-9868-57a2d4851a1d" xmlns="http://microsoft.com/schemas/VisualStudio/TeamTest/2010" />
    <TestEntry testId="92340e72-277a-04a0-4ab5-bc7177798536" executionId="1d79fc07-10ab-4052-a444-863a227c68b5" testListId="8c84fa94-04c1-424b-9868-57a2d4851a1d" xmlns="http://microsoft.com/schemas/VisualStudio/TeamTest/2010" />
    <TestEntry testId="40b5ef99-b7df-93ac-7917-4647f5a51753" executionId="16c2a3e3-09ef-4531-82c3-96158eaeed51" testListId="8c84fa94-04c1-424b-9868-57a2d4851a1d" xmlns="http://microsoft.com/schemas/VisualStudio/TeamTest/2010" />
    <TestEntry testId="01759c6c-9c6f-76ea-83d1-8f4c8b379bd1" executionId="9815c874-51eb-477e-93de-1719ce6a983b" testListId="8c84fa94-04c1-424b-9868-57a2d4851a1d" xmlns="http://microsoft.com/schemas/VisualStudio/TeamTest/2010" />
    <TestEntry testId="b13fa943-22bd-9e1f-c5db-ef62652cfa07" executionId="bb0c1b76-1c71-4c4d-a428-ca092e49680d" testListId="8c84fa94-04c1-424b-9868-57a2d4851a1d" xmlns="http://microsoft.com/schemas/VisualStudio/TeamTest/2010" />
    <TestEntry testId="58462863-ff6d-f063-2a0a-2d8d701b12ea" executionId="fe6eb761-c776-4af4-a11a-df8b282381a7" testListId="8c84fa94-04c1-424b-9868-57a2d4851a1d" xmlns="http://microsoft.com/schemas/VisualStudio/TeamTest/2010" />
    <TestEntry testId="cb4cfb9e-73c3-8e26-9b3a-14e0a5fbae7b" executionId="e38a042e-bcc8-4766-8bef-d0ded6a27e1f" testListId="8c84fa94-04c1-424b-9868-57a2d4851a1d" xmlns="http://microsoft.com/schemas/VisualStudio/TeamTest/2010" />
    <TestEntry testId="1d309172-e008-0657-5b5e-95e52af2c894" executionId="25c4e596-9670-4f88-916d-7a87e18314b4" testListId="8c84fa94-04c1-424b-9868-57a2d4851a1d" xmlns="http://microsoft.com/schemas/VisualStudio/TeamTest/2010" />
    <TestEntry testId="2be8e5bd-2821-3300-9bb9-16d0bbda7431" executionId="65a7403a-c0bf-4c2b-842d-ac76b0fd888c" testListId="8c84fa94-04c1-424b-9868-57a2d4851a1d" xmlns="http://microsoft.com/schemas/VisualStudio/TeamTest/2010" />
    <TestEntry testId="ec5b60ed-7fe8-4ace-f494-55fd9fc20bb2" executionId="13a1afd3-a78c-4e08-954a-cb01dba67abb" testListId="8c84fa94-04c1-424b-9868-57a2d4851a1d" xmlns="http://microsoft.com/schemas/VisualStudio/TeamTest/2010" />
    <TestEntry testId="101e9e04-cff8-8fa9-c661-9d47b6be78ef" executionId="c70c49bc-f96d-4093-bcf2-cb696c0ab49d" testListId="8c84fa94-04c1-424b-9868-57a2d4851a1d" xmlns="http://microsoft.com/schemas/VisualStudio/TeamTest/2010" />
    <TestEntry testId="e084b9bb-3fb5-a391-9844-c9e65646417a" executionId="351485cb-8268-4d2f-9c02-11ed92cea827" testListId="8c84fa94-04c1-424b-9868-57a2d4851a1d" xmlns="http://microsoft.com/schemas/VisualStudio/TeamTest/2010" />
    <TestEntry testId="d543c38b-7074-0e95-e523-50409de6c955" executionId="a48826de-d781-444b-ac92-1769fb02ef29" testListId="8c84fa94-04c1-424b-9868-57a2d4851a1d" xmlns="http://microsoft.com/schemas/VisualStudio/TeamTest/2010" />
    <TestEntry testId="78601fce-42b7-1d43-f4d2-c9e13ea5ac39" executionId="e6c93435-ef8e-49ad-aaf2-2216d1eb9617" testListId="8c84fa94-04c1-424b-9868-57a2d4851a1d" xmlns="http://microsoft.com/schemas/VisualStudio/TeamTest/2010" />
    <TestEntry testId="447a7ec8-4d58-9251-c78c-779d4ba60530" executionId="3197f7d8-073e-43e1-b6a7-458209a1d84d" testListId="8c84fa94-04c1-424b-9868-57a2d4851a1d" xmlns="http://microsoft.com/schemas/VisualStudio/TeamTest/2010" />
    <TestEntry testId="fe55777e-1d6a-5099-e51b-5211c764827b" executionId="8181ef2f-c47d-4a59-8cbd-3260c0b5cf37" testListId="8c84fa94-04c1-424b-9868-57a2d4851a1d" xmlns="http://microsoft.com/schemas/VisualStudio/TeamTest/2010" />
    <TestEntry testId="c3657274-5684-84b0-53f6-50ffb36049ed" executionId="ecc2ff08-d281-41aa-aa1c-810d2503ad98" testListId="8c84fa94-04c1-424b-9868-57a2d4851a1d" xmlns="http://microsoft.com/schemas/VisualStudio/TeamTest/2010" />
    <TestEntry testId="15f0f0c3-de9f-da14-426b-78765c04900a" executionId="dfce5ddb-c232-4281-b0c5-c1b7ce1ee552" testListId="8c84fa94-04c1-424b-9868-57a2d4851a1d" xmlns="http://microsoft.com/schemas/VisualStudio/TeamTest/2010" />
    <TestEntry testId="7d752d6c-ea35-c2bf-5a54-d2a77f5d8d11" executionId="18756d29-7d08-40fd-b654-99160b51da58" testListId="8c84fa94-04c1-424b-9868-57a2d4851a1d" xmlns="http://microsoft.com/schemas/VisualStudio/TeamTest/2010" />
    <TestEntry testId="4e84d721-e721-48df-0fef-58399d42c3e4" executionId="04128a44-80cf-48cb-b422-a5a08d87432a" testListId="8c84fa94-04c1-424b-9868-57a2d4851a1d" xmlns="http://microsoft.com/schemas/VisualStudio/TeamTest/2010" />
    <TestEntry testId="acbf883b-a248-9198-bfe3-0944bb2a2172" executionId="79852190-e388-45cd-be04-bc0497e16c2d" testListId="8c84fa94-04c1-424b-9868-57a2d4851a1d" xmlns="http://microsoft.com/schemas/VisualStudio/TeamTest/2010" />
    <TestEntry testId="1521fdf8-ee8e-3f24-da8a-3dd3b9aaa633" executionId="77bc299b-da34-46c5-aacd-1208db4daad0" testListId="8c84fa94-04c1-424b-9868-57a2d4851a1d" xmlns="http://microsoft.com/schemas/VisualStudio/TeamTest/2010" />
    <TestEntry testId="00a18adb-717a-ef94-6424-5f5fb443e4cf" executionId="a2eeaec0-4c42-4a19-bf9f-9de81436c286" testListId="8c84fa94-04c1-424b-9868-57a2d4851a1d" xmlns="http://microsoft.com/schemas/VisualStudio/TeamTest/2010" />
    <TestEntry testId="e25795eb-c389-3b43-4e5f-ee4489209b2a" executionId="e434b4f8-a853-444b-b0b9-54e6cbe4a78c" testListId="8c84fa94-04c1-424b-9868-57a2d4851a1d" xmlns="http://microsoft.com/schemas/VisualStudio/TeamTest/2010" />
    <TestEntry testId="162a9975-fa90-6541-ed71-2ec4dcc7aa4e" executionId="e0254913-8141-40a8-95c8-9dd308a14d36" testListId="8c84fa94-04c1-424b-9868-57a2d4851a1d" xmlns="http://microsoft.com/schemas/VisualStudio/TeamTest/2010" />
    <TestEntry testId="d27fa711-0e9a-e814-3ef2-aa33f0dcce39" executionId="6a431397-008a-4db9-b5b4-8a1a7ccb9190" testListId="8c84fa94-04c1-424b-9868-57a2d4851a1d" xmlns="http://microsoft.com/schemas/VisualStudio/TeamTest/2010" />
    <TestEntry testId="8a35045d-3fa3-99c5-00ae-6cb0cc7f41bf" executionId="896b5866-8d4e-488f-b119-3fb294b5f1b6" testListId="8c84fa94-04c1-424b-9868-57a2d4851a1d" xmlns="http://microsoft.com/schemas/VisualStudio/TeamTest/2010" />
    <TestEntry testId="05a8bf42-5434-8515-7c2c-2cfaa500d506" executionId="1f2e013d-1505-4ee6-984a-680392ab239e" testListId="8c84fa94-04c1-424b-9868-57a2d4851a1d" xmlns="http://microsoft.com/schemas/VisualStudio/TeamTest/2010" />
    <TestEntry testId="51b3917d-24ec-e1ae-8b96-e40add1a9fbb" executionId="e57533bb-ba57-4eb9-95fd-e6e0635d1d6c" testListId="8c84fa94-04c1-424b-9868-57a2d4851a1d" xmlns="http://microsoft.com/schemas/VisualStudio/TeamTest/2010" />
    <TestEntry testId="74c0350c-cd7d-cb05-e9ec-3dbfcdb5e334" executionId="3f2bae64-395b-436c-8e1a-3b2e9cab7249" testListId="8c84fa94-04c1-424b-9868-57a2d4851a1d" xmlns="http://microsoft.com/schemas/VisualStudio/TeamTest/2010" />
    <TestEntry testId="bfa565c7-fa2e-8baa-d496-303afe5abd4e" executionId="f8a92779-5ab8-4cb9-a168-2121fa852f2a" testListId="8c84fa94-04c1-424b-9868-57a2d4851a1d" xmlns="http://microsoft.com/schemas/VisualStudio/TeamTest/2010" />
    <TestEntry testId="e3aee510-497a-29c4-a957-cf3658ce44bf" executionId="e29829e2-e09b-4b7f-8c5a-0b3c93a58858" testListId="8c84fa94-04c1-424b-9868-57a2d4851a1d" xmlns="http://microsoft.com/schemas/VisualStudio/TeamTest/2010" />
    <TestEntry testId="38847c53-ed57-2707-a54c-021211b43dbe" executionId="37a32046-ac8a-46b1-add6-81681f6821ec" testListId="8c84fa94-04c1-424b-9868-57a2d4851a1d" xmlns="http://microsoft.com/schemas/VisualStudio/TeamTest/2010" />
    <TestEntry testId="6a819246-7db0-b20a-947c-c26438c9bd63" executionId="186e7de0-eec0-4ad4-b4a3-ce2107158feb" testListId="8c84fa94-04c1-424b-9868-57a2d4851a1d" xmlns="http://microsoft.com/schemas/VisualStudio/TeamTest/2010" />
    <TestEntry testId="f0a8452b-a880-3678-5fa2-b0b5343292bb" executionId="ef073c36-8900-4a29-941a-93c273a1482e" testListId="8c84fa94-04c1-424b-9868-57a2d4851a1d" xmlns="http://microsoft.com/schemas/VisualStudio/TeamTest/2010" />
    <TestEntry testId="85c1e566-d68d-d955-a41f-828e82e07cee" executionId="a6387c49-36ed-46fb-95dc-d2adefee172f" testListId="8c84fa94-04c1-424b-9868-57a2d4851a1d" xmlns="http://microsoft.com/schemas/VisualStudio/TeamTest/2010" />
    <TestEntry testId="27d7c2e1-6a3b-6d4f-0096-57d930cb5166" executionId="d2af7365-7d24-480d-a400-0e05744713dd" testListId="8c84fa94-04c1-424b-9868-57a2d4851a1d" xmlns="http://microsoft.com/schemas/VisualStudio/TeamTest/2010" />
    <TestEntry testId="d4c79ddc-bac1-9c46-ff17-af527979978d" executionId="4b47c1d1-47e6-4110-8726-330ee0e8b396" testListId="8c84fa94-04c1-424b-9868-57a2d4851a1d" xmlns="http://microsoft.com/schemas/VisualStudio/TeamTest/2010" />
    <TestEntry testId="02f35529-4ead-47e9-3f31-cb3572ed4bd3" executionId="5a99d377-0a53-48ab-a8d1-84f83429ba1b" testListId="8c84fa94-04c1-424b-9868-57a2d4851a1d" xmlns="http://microsoft.com/schemas/VisualStudio/TeamTest/2010" />
    <TestEntry testId="904d5d76-7886-9282-84ca-d6d2d719e578" executionId="6186f790-fb76-4a2b-8908-a2e7696d1f9a" testListId="8c84fa94-04c1-424b-9868-57a2d4851a1d" xmlns="http://microsoft.com/schemas/VisualStudio/TeamTest/2010" />
    <TestEntry testId="dd99c6d8-5061-c33e-9fb5-f6db9b5c95f7" executionId="75bf6047-ea0e-41b5-830d-d9d9d4912604" testListId="8c84fa94-04c1-424b-9868-57a2d4851a1d" xmlns="http://microsoft.com/schemas/VisualStudio/TeamTest/2010" />
    <TestEntry testId="7409cd42-f673-2565-2261-30abc9b0641d" executionId="0e0d6807-c148-41cd-8bfe-7e90adfef3ce" testListId="8c84fa94-04c1-424b-9868-57a2d4851a1d" xmlns="http://microsoft.com/schemas/VisualStudio/TeamTest/2010" />
    <TestEntry testId="c737a9ae-6e38-8556-c3b4-7587ecb9acbb" executionId="4636552b-eee8-45c8-8b89-ee19180edd16" testListId="8c84fa94-04c1-424b-9868-57a2d4851a1d" xmlns="http://microsoft.com/schemas/VisualStudio/TeamTest/2010" />
    <TestEntry testId="86518760-fa00-295e-47cc-e5d6dba47527" executionId="35ab43cd-1869-4f9b-8507-ada9b40c2034" testListId="8c84fa94-04c1-424b-9868-57a2d4851a1d" xmlns="http://microsoft.com/schemas/VisualStudio/TeamTest/2010" />
    <TestEntry testId="08cb4208-4fe7-b76b-4972-5be8287f6cc2" executionId="0f2fc219-d5ec-4f5e-b13a-048ae18e0020" testListId="8c84fa94-04c1-424b-9868-57a2d4851a1d" xmlns="http://microsoft.com/schemas/VisualStudio/TeamTest/2010" />
    <TestEntry testId="ef7812d1-d662-c64d-e88c-8e391f4a0f87" executionId="6840b25e-443c-4ec5-b295-6719b922103e" testListId="8c84fa94-04c1-424b-9868-57a2d4851a1d" xmlns="http://microsoft.com/schemas/VisualStudio/TeamTest/2010" />
    <TestEntry testId="73b345a6-01ee-1f99-e257-2bd3980b2a55" executionId="3469966c-9f3e-4d99-8fc2-a96242f813e1" testListId="8c84fa94-04c1-424b-9868-57a2d4851a1d" xmlns="http://microsoft.com/schemas/VisualStudio/TeamTest/2010" />
    <TestEntry testId="5fe0a77c-457c-1ad4-ea90-21c6f2197cf3" executionId="8418ecf4-9d6f-4e22-91aa-5451d0a7c120" testListId="8c84fa94-04c1-424b-9868-57a2d4851a1d" xmlns="http://microsoft.com/schemas/VisualStudio/TeamTest/2010" />
    <TestEntry testId="8f963ded-5435-4dfe-3694-5269d26ce987" executionId="cc08876b-355e-476b-a399-8d0236e7c4bb" testListId="8c84fa94-04c1-424b-9868-57a2d4851a1d" xmlns="http://microsoft.com/schemas/VisualStudio/TeamTest/2010" />
    <TestEntry testId="00605a31-5bf4-6a10-d5d8-68605ca0fe9e" executionId="ebf56426-efb9-452a-8628-f5699921638c" testListId="8c84fa94-04c1-424b-9868-57a2d4851a1d" xmlns="http://microsoft.com/schemas/VisualStudio/TeamTest/2010" />
    <TestEntry testId="66aadc34-05ee-03ee-7c60-4bddd836a077" executionId="8fffc09a-fa07-40bd-9562-4033a141c6e6" testListId="8c84fa94-04c1-424b-9868-57a2d4851a1d" xmlns="http://microsoft.com/schemas/VisualStudio/TeamTest/2010" />
    <TestEntry testId="cc1b359f-b5fb-d9ba-7555-848df199bc6d" executionId="3d011932-da18-4e77-8839-159b1e267a83" testListId="8c84fa94-04c1-424b-9868-57a2d4851a1d" xmlns="http://microsoft.com/schemas/VisualStudio/TeamTest/2010" />
    <TestEntry testId="a60b6d3e-da8f-8208-5340-a670e426e0ab" executionId="6e36dab4-5868-4ee2-b6a8-af2277b8154c" testListId="8c84fa94-04c1-424b-9868-57a2d4851a1d" xmlns="http://microsoft.com/schemas/VisualStudio/TeamTest/2010" />
    <TestEntry testId="2d610960-5163-7dee-2e11-4657bfeeb260" executionId="440b325e-4bb4-4744-9954-67b181635bc2" testListId="8c84fa94-04c1-424b-9868-57a2d4851a1d" xmlns="http://microsoft.com/schemas/VisualStudio/TeamTest/2010" />
    <TestEntry testId="5a587cdd-33a2-0450-b436-28e3c32ca2bc" executionId="6be602ab-7126-46c6-a9d1-75c6cbbceaf0" testListId="8c84fa94-04c1-424b-9868-57a2d4851a1d" xmlns="http://microsoft.com/schemas/VisualStudio/TeamTest/2010" />
    <TestEntry testId="4dd54268-ca5c-f2ac-0f75-c1f879346a6a" executionId="cd953fb9-5bee-4fd9-a2de-b4fd01eff5fd" testListId="8c84fa94-04c1-424b-9868-57a2d4851a1d" xmlns="http://microsoft.com/schemas/VisualStudio/TeamTest/2010" />
    <TestEntry testId="fead0924-ca29-6130-f519-2482f200a666" executionId="47c649b6-b029-430b-a7bc-62b99ee7a453" testListId="8c84fa94-04c1-424b-9868-57a2d4851a1d" xmlns="http://microsoft.com/schemas/VisualStudio/TeamTest/2010" />
    <TestEntry testId="c0747f59-826b-81b4-d050-0ed251150a5f" executionId="cb53f06d-b81b-4578-aa16-3394a1ed38b9" testListId="8c84fa94-04c1-424b-9868-57a2d4851a1d" xmlns="http://microsoft.com/schemas/VisualStudio/TeamTest/2010" />
  </TestEntries>
  <ResultSummary outcome="Completed" >
    <Counters total="349" passed="349" failed="0" />
  </ResultSummary>
</TestRun>
